<?xml version="1.0" encoding="UTF-8"?><TestSessionContainer xmlns="http://www.codecover.org/xml/testsession-container" Date="1467208887191" TestSessionContainerId="2ad6260e-118c-4252-b14a-df310f2034dc" version="1.0">
<SrcFileList>
<SrcFile Content="package my.PSM.PSM_Interface;&#13;&#10;&#13;&#10;import my.PSM.PSM_Logic.LogicFacade;&#13;&#10;&#13;&#10;public class InterfaceFacade {&#13;&#10;&#9;private courseSelect course;&#13;&#10;&#9;private endOfClass end;&#13;&#10;&#9;private LoginForm login;&#13;&#10;&#9;private LogOutConfirm logout;&#13;&#10;&#9;private MainMenu menu;&#13;&#10;&#9;private Messages message;&#13;&#10;&#9;private static PrefilledScheduleForm psForm;&#13;&#10;&#9;private static ScheduleForm sForm;&#13;&#10;&#9;&#13;&#10;&#9;public InterfaceFacade(){&#13;&#10;&#9;&#9;&#13;&#10;&#9;}&#13;&#10;&#9;public void initiate(LogicFacade lfacade){&#13;&#10;&#9;&#9;course = new courseSelect(lfacade);&#13;&#10;&#9;&#9;end = new endOfClass();&#13;&#10;&#9;&#9;login = new LoginForm();&#13;&#10;&#9;&#9;logout = new LogOutConfirm();&#13;&#10;&#9;&#9;menu = new MainMenu();&#13;&#10;&#9;&#9;message = new Messages();&#13;&#10;&#9;&#9;psForm = new PrefilledScheduleForm();&#13;&#10;&#9;&#9;sForm = new ScheduleForm();&#13;&#10;&#9;}&#13;&#10;&#9;public void lockedOut(){&#13;&#10;&#9;&#9;message.lockedOut();&#13;&#10;&#9;}&#13;&#10;&#9;&#13;&#10;&#9;public void logoutConfirmation(){&#13;&#10;&#9;&#9;message.logoutConfirmation();&#13;&#10;&#9;}&#13;&#10;&#9;&#13;&#10;&#9;public void launchLogout(){&#13;&#10;&#9;&#9;logout.launchLogout();&#13;&#10;&#9;}&#13;&#10;&#9;&#13;&#10;&#9;public void incorrectLogin(){&#13;&#10;&#9;&#9;message.incorrectLogin();&#13;&#10;&#9;}&#13;&#10;&#9;&#13;&#10;&#9;public void launchInitial(){&#13;&#10;&#9;&#9;sForm.launchInitial();&#13;&#10;&#9;}&#13;&#10;&#9;&#13;&#10;&#9;public void launchEdit(int courseID, String courseSubj, String courseName, String semester,&#13;&#10;            String startDate, String endDate, String startMon, String endMon,&#13;&#10;            String startTue, String endTue, String startWed, String endWed, String startThu, String endThu, &#13;&#10;            String startFri, String endFri, String startSat, String endSat){&#13;&#10;&#9;&#9;psForm.launchEdit(courseID, courseSubj, courseName, semester, startDate, endDate, startMon, endMon, startTue, endTue, startWed, endWed, startThu, endThu, startFri, endFri, startSat, endSat);&#13;&#10;&#9;}&#13;&#10;&#9;&#13;&#10;&#9;public void launchCourse(){&#13;&#10;&#9;&#9;course.launchCourse();&#13;&#10;&#9;}&#13;&#10;&#9;&#13;&#10;&#9;public void launchLoginForm(){&#13;&#10;&#9;&#9;login.launchForm();&#13;&#10;&#9;}&#13;&#10;&#9;&#13;&#10;&#9;public void launchMenu(){&#13;&#10;&#9;&#9;menu.launchForm();&#13;&#10;&#9;}&#13;&#10;&#9;&#13;&#10;&#9;public boolean menuDataRec(){&#13;&#10;&#9;&#9;return menu.dataRec();&#13;&#10;&#9;}&#13;&#10;&#9;&#13;&#10;&#9;public boolean editSchedSelected(){&#13;&#10;&#9;&#9;return menu.editSchedSelected();&#13;&#10;&#9;}&#13;&#10;&#9;&#13;&#10;&#9;public boolean InitSetupSelected(){&#13;&#10;&#9;&#9;return menu.InitSetupSelected();&#13;&#10;&#9;}&#13;&#10;&#9;&#13;&#10;&#9;public boolean logoutSelected(){&#13;&#10;&#9;&#9;return menu.logoutSelected();&#13;&#10;&#9;}&#13;&#10;&#9;&#13;&#10;&#9;public void setMenuDataRec(boolean bool){&#13;&#10;&#9;&#9;menu.setdataRec(bool);&#13;&#10;&#9;}&#13;&#10;&#9;&#13;&#10;&#9;public boolean schedDataRec(){&#13;&#10;&#9;&#9;return sForm.dataRec();&#13;&#10;&#9;}&#13;&#10;&#9;&#13;&#10;&#9;public void setSchedDataRec(boolean bool){&#13;&#10;&#9;&#9;sForm.setDataRec(bool);&#13;&#10;&#9;}&#13;&#10;&#9;&#13;&#10;&#9;public int getDefCourseID() {&#13;&#10;&#9;&#9;return psForm.getDefCourseID();&#13;&#10;&#9;}&#13;&#10;&#13;&#10;&#9;public String getpNewCourseEnd() {&#13;&#10;&#9;&#9;return psForm.getNewCourseEnd();&#13;&#10;&#9;}&#13;&#10;&#13;&#10;&#9;public String getpNewMonStart() {&#13;&#10;&#9;&#9;return psForm.getNewMonStart();&#13;&#10;&#9;}&#13;&#10;&#13;&#10;&#9;public String getpNewTueStart() {&#13;&#10;&#9;&#9;return psForm.getNewTueStart();&#13;&#10;&#9;}&#13;&#10;&#13;&#10;&#9;public String getpNewTueEnd() {&#13;&#10;&#9;&#9;return psForm.getNewTueEnd();&#13;&#10;&#9;}&#13;&#10;&#13;&#10;&#9;public String getpNewThuEnd() {&#13;&#10;&#9;&#9;return psForm.getNewThuEnd();&#13;&#10;&#9;}&#13;&#10;&#13;&#10;&#9;public String getpNewThuStart() {&#13;&#10;&#9;&#9;return psForm.getNewThuStart();&#13;&#10;&#9;}&#13;&#10;&#13;&#10;&#9;public String getpNewWedEnd() {&#13;&#10;&#9;&#9;return psForm.getNewWedEnd();&#13;&#10;&#9;}&#13;&#10;&#13;&#10;&#9;public String getpNewWedStart() {&#13;&#10;&#9;&#9;return psForm.getNewWedStart();&#13;&#10;&#9;}&#13;&#10;&#13;&#10;&#9;public String getpNewFriEnd() {&#13;&#10;&#9;&#9;return psForm.getNewFriEnd();&#13;&#10;&#9;}&#13;&#10;&#13;&#10;&#9;public String getpNewSatEnd() {&#13;&#10;&#9;&#9;return psForm.getNewSatEnd();&#13;&#10;&#9;}&#13;&#10;&#13;&#10;&#9;public String getpNewSatStart() {&#13;&#10;&#9;&#9;return psForm.getNewSatStart();&#13;&#10;&#9;}&#13;&#10;&#13;&#10;&#9;public String getpNewFriStart() {&#13;&#10;&#9;&#9;return psForm.getNewFriStart();&#13;&#10;&#9;}&#13;&#10;&#13;&#10;&#9;public String getpNewMonEnd() {&#13;&#10;&#9;&#9;return psForm.getNewMonEnd();&#13;&#10;&#9;}&#13;&#10;&#9;&#13;&#10;&#9;public int getNewCourseID() {&#13;&#10;&#9;&#9;return sForm.getNewCourseID();&#13;&#10;&#9;}&#13;&#10;&#13;&#10;&#9;public String getNewSub() {&#13;&#10;&#9;&#9;return sForm.getNewSub();&#13;&#10;&#9;}&#13;&#10;&#13;&#10;&#9;public String getNewCourseName() {&#13;&#10;&#9;&#9;return sForm.getNewCourseName();&#13;&#10;&#9;}&#13;&#10;&#13;&#10;&#9;public String getNewSemester() {&#13;&#10;&#9;&#9;return sForm.getNewSemester();&#13;&#10;&#9;}&#13;&#10;&#9;&#13;&#10;&#9;public String getNewCourseEnd() {&#13;&#10;&#9;&#9;return sForm.getNewCourseEnd();&#13;&#10;&#9;}&#13;&#10;&#13;&#10;&#9;public String getNewMonStart() {&#13;&#10;&#9;&#9;return sForm.getNewMonStart();&#13;&#10;&#9;}&#13;&#10;&#13;&#10;&#9;public String getNewTueStart() {&#13;&#10;&#9;&#9;return sForm.getNewTueStart();&#13;&#10;&#9;}&#13;&#10;&#13;&#10;&#9;public String getNewTueEnd() {&#13;&#10;&#9;&#9;return sForm.getNewTueEnd();&#13;&#10;&#9;}&#13;&#10;&#13;&#10;&#9;public String getNewThuEnd() {&#13;&#10;&#9;&#9;return sForm.getNewThuEnd();&#13;&#10;&#9;}&#13;&#10;&#13;&#10;&#9;public String getNewThuStart() {&#13;&#10;&#9;&#9;return sForm.getNewThuStart();&#13;&#10;&#9;}&#13;&#10;&#13;&#10;&#9;public String getNewWedEnd() {&#13;&#10;&#9;&#9;return sForm.getNewWedEnd();&#13;&#10;&#9;}&#13;&#10;&#13;&#10;&#9;public String getNewWedStart() {&#13;&#10;&#9;&#9;return sForm.getNewWedStart();&#13;&#10;&#9;}&#13;&#10;&#13;&#10;&#9;public String getNewFriEnd() {&#13;&#10;&#9;&#9;return sForm.getNewFriEnd();&#13;&#10;&#9;}&#13;&#10;&#13;&#10;&#9;public String getNewSatEnd() {&#13;&#10;&#9;&#9;return sForm.getNewSatEnd();&#13;&#10;&#9;}&#13;&#10;&#13;&#10;&#9;public String getNewSatStart() {&#13;&#10;&#9;&#9;return sForm.getNewSatStart();&#13;&#10;&#9;}&#13;&#10;&#13;&#10;&#9;public String getNewFriStart() {&#13;&#10;&#9;&#9;return sForm.getNewFriStart();&#13;&#10;&#9;}&#13;&#10;&#13;&#10;&#9;public String getNewMonEnd() {&#13;&#10;&#9;&#9;return sForm.getNewMonEnd();&#13;&#10;&#9;}&#13;&#10;&#9;&#13;&#10;&#9;public boolean courseSelected(){&#13;&#10;&#9;&#9;return course.courseSelected();&#13;&#10;&#9;}&#13;&#10;&#9;&#13;&#10;&#9;public void setCourseSelected(boolean bool){&#13;&#10;&#9;&#9;course.setCourseSelected(bool);&#13;&#10;&#9;}&#13;&#10;&#9;&#13;&#10;&#9;public int getSelection(){&#13;&#10;&#9;&#9;return course.getSelection();&#13;&#10;&#9;}&#13;&#10;&#9;&#13;&#10;&#9;public boolean psDataRec(){&#13;&#10;&#9;&#9;return psForm.dataRec();&#13;&#10;&#9;}&#13;&#10;&#9;&#13;&#10;&#9;public void setPsDataRec(boolean bool){&#13;&#10;&#9;&#9;psForm.setDataRec(bool);&#13;&#10;&#9;}&#13;&#10;&#13;&#10;&#9;public String getNewCourseStart(){ &#13;&#10;&#9;&#9;return sForm.getNewCourseStart();&#13;&#10;&#9;}&#13;&#10;&#9;&#13;&#10;&#9;public String getpNewCourseStart(){ &#13;&#10;&#9;&#9;return psForm.getNewCourseStart();&#13;&#10;&#9;}&#13;&#10;&#9;&#13;&#10;&#9;public boolean dataReceived(){&#13;&#10;&#9;&#9;return login.dataReceived();&#13;&#10;&#9;}&#13;&#10;&#9;&#13;&#10;&#9;public void setLogDataRec(boolean bool){&#13;&#10;&#9;&#9;login.setDataRec(bool);&#13;&#10;&#9;}&#13;&#10;&#9;&#13;&#10;&#9;public String getUsername(){&#13;&#10;&#9;&#9;return login.getUsername();&#13;&#10;&#9;}&#13;&#10;&#9;&#13;&#10;&#9;public String getPassword(){&#13;&#10;&#9;&#9;return login.getPassword();&#13;&#10;&#9;}&#13;&#10;&#9;&#13;&#10;&#9;public void setAck(boolean bool){&#13;&#10;&#9;&#9;message.ack = bool;&#13;&#10;&#9;}&#13;&#10;&#9;&#13;&#10;&#9;public boolean getAck(){&#13;&#10;&#9;&#9;return message.ack;&#13;&#10;&#9;}&#13;&#10;&#9;&#13;&#10;&#9;public void FifteenMinWarning(){&#13;&#10;&#9;&#9;message.FifteenMinWarning();&#13;&#10;&#9;}&#13;&#10;&#9;&#13;&#10;&#9;public void FiveMinWarning(){&#13;&#10;&#9;&#9;message.FiveMinWarning();&#13;&#10;&#9;}&#13;&#10;&#9;&#13;&#10;&#9;public void endClassWarning(){&#13;&#10;&#9;&#9;message.endClassWarning();&#13;&#10;&#9;}&#13;&#10;&#9;&#13;&#10;&#9;&#13;&#10;}&#13;&#10;" Filename="InterfaceFacade.java" Intrnl_Id="1"/>
<SrcFile Content="/*&#10; * LogOutConfirm2.java&#10; *&#10; * Created on April 13, 2008, 2:50 PM&#10; */&#10;&#10;package my.PSM.PSM_Interface;&#10;&#10;/**&#10; *&#10; * @author  Kurt&#10; */&#10;public class LogOutConfirm extends javax.swing.JFrame {&#10;    &#10;    /** Creates new form LogOutConfirm2 */&#10;    public LogOutConfirm() {&#10;        initComponents();&#10;    }&#10;    &#10;    /** This method is called from within the constructor to&#10;     * initialize the form.&#10;     * WARNING: Do NOT modify this code. The content of this method is&#10;     * always regenerated by the Form Editor.&#10;     */&#10;    // &lt;editor-fold defaultstate=&quot;collapsed&quot; desc=&quot;Generated Code&quot;&gt;//GEN-BEGIN:initComponents&#10;    private void initComponents() {&#10;&#10;        jLabel1 = new javax.swing.JLabel();&#10;        jButton1 = new javax.swing.JButton();&#10;&#10;        setDefaultCloseOperation(javax.swing.WindowConstants.DISPOSE_ON_CLOSE);&#10;        setTitle(&quot;Logged Out&quot;);&#10;&#10;        jLabel1.setFont(new java.awt.Font(&quot;Tahoma&quot;, 0, 12));&#10;        jLabel1.setHorizontalAlignment(javax.swing.SwingConstants.CENTER);&#10;        jLabel1.setText(&quot;You have successfully logged out&quot;);&#10;        jLabel1.setBorder(javax.swing.BorderFactory.createTitledBorder(null, &quot;System Message&quot;, javax.swing.border.TitledBorder.DEFAULT_JUSTIFICATION, javax.swing.border.TitledBorder.DEFAULT_POSITION, new java.awt.Font(&quot;Tahoma&quot;, 1, 12), new java.awt.Color(0, 0, 255)));&#10;&#10;        jButton1.setText(&quot;OK&quot;);&#10;        jButton1.addActionListener(new java.awt.event.ActionListener() {&#10;            public void actionPerformed(java.awt.event.ActionEvent evt) {&#10;                jButton1ActionPerformed(evt);&#10;            }&#10;        });&#10;&#10;        org.jdesktop.layout.GroupLayout layout = new org.jdesktop.layout.GroupLayout(getContentPane());&#10;        getContentPane().setLayout(layout);&#10;        layout.setHorizontalGroup(&#10;            layout.createParallelGroup(org.jdesktop.layout.GroupLayout.LEADING)&#10;            .add(0, 263, Short.MAX_VALUE)&#10;            .add(layout.createParallelGroup(org.jdesktop.layout.GroupLayout.LEADING)&#10;                .add(layout.createSequentialGroup()&#10;                    .add(0, 0, Short.MAX_VALUE)&#10;                    .add(layout.createParallelGroup(org.jdesktop.layout.GroupLayout.LEADING)&#10;                        .add(jLabel1, org.jdesktop.layout.GroupLayout.PREFERRED_SIZE, 228, org.jdesktop.layout.GroupLayout.PREFERRED_SIZE)&#10;                        .add(layout.createSequentialGroup()&#10;                            .add(85, 85, 85)&#10;                            .add(jButton1, org.jdesktop.layout.GroupLayout.PREFERRED_SIZE, 57, org.jdesktop.layout.GroupLayout.PREFERRED_SIZE)))&#10;                    .add(0, 0, Short.MAX_VALUE)))&#10;        );&#10;        layout.setVerticalGroup(&#10;            layout.createParallelGroup(org.jdesktop.layout.GroupLayout.LEADING)&#10;            .add(0, 152, Short.MAX_VALUE)&#10;            .add(layout.createParallelGroup(org.jdesktop.layout.GroupLayout.LEADING)&#10;                .add(layout.createSequentialGroup()&#10;                    .add(0, 0, Short.MAX_VALUE)&#10;                    .add(jLabel1, org.jdesktop.layout.GroupLayout.PREFERRED_SIZE, 63, org.jdesktop.layout.GroupLayout.PREFERRED_SIZE)&#10;                    .add(20, 20, 20)&#10;                    .add(jButton1)&#10;                    .add(0, 0, Short.MAX_VALUE)))&#10;        );&#10;&#10;        pack();&#10;    }// &lt;/editor-fold&gt;//GEN-END:initComponents&#10;&#10;    private void jButton1ActionPerformed(java.awt.event.ActionEvent evt) {//GEN-FIRST:event_jButton1ActionPerformed&#10;        // TODO add your handling code here:&#10;        setVisible(false);&#10;        System.exit(0);&#10;    }//GEN-LAST:event_jButton1ActionPerformed&#10;    &#10;    /**&#10;     * @param args the command line arguments&#10;     */&#10;    public void launchLogout() {&#10;        java.awt.EventQueue.invokeLater(new Runnable() {&#10;            public void run() {&#10;                new LogOutConfirm().setVisible(true);&#10;            }&#10;        });&#10;    }&#10;    &#10;    // Variables declaration - do not modify//GEN-BEGIN:variables&#10;    private javax.swing.JButton jButton1;&#10;    private javax.swing.JLabel jLabel1;&#10;    // End of variables declaration//GEN-END:variables&#10;    &#10;}&#10;" Filename="LogOutConfirm.java" Intrnl_Id="2"/>
<SrcFile Content="/*&#10; * LogIn2.java&#10; *&#10; * Created on April 13, 2008, 3:00 PM&#10; */&#10;&#10;package my.PSM.PSM_Interface;&#10;&#10;/**&#10; *&#10; * @author  Kurt&#10; */&#10;public class LoginForm extends javax.swing.JFrame {&#10;    &#10;    /** Creates new form LogIn2 */&#10;   &#10;    private boolean loggedin = false;&#10;    private static boolean dataRec;&#10;    private static String username;&#10;    private static String password;&#10;    private static char[] tmp;&#10;&#10;    private static int tmpLength;&#10;    public LoginForm() {&#10;        initComponents();&#10;    }&#10;    &#10;    /** This method is called from within the constructor to&#10;     * initialize the form.&#10;     * WARNING: Do NOT modify this code. The content of this method is&#10;     * always regenerated by the Form Editor.&#10;     */&#10;    // &lt;editor-fold defaultstate=&quot;collapsed&quot; desc=&quot;Generated Code&quot;&gt;//GEN-BEGIN:initComponents&#10;    private void initComponents() {&#10;&#10;        jPanel1 = new javax.swing.JPanel();&#10;        jButton1 = new javax.swing.JButton();&#10;        jButton2 = new javax.swing.JButton();&#10;        jLabel1 = new javax.swing.JLabel();&#10;        jTextField1 = new javax.swing.JTextField();&#10;        jLabel2 = new javax.swing.JLabel();&#10;        jPasswordField1 = new javax.swing.JPasswordField();&#10;&#10;        setDefaultCloseOperation(javax.swing.WindowConstants.EXIT_ON_CLOSE);&#10;        setTitle(&quot;PSM Login&quot;);&#10;&#10;        jPanel1.setBorder(javax.swing.BorderFactory.createTitledBorder(null, &quot;Login Information&quot;, javax.swing.border.TitledBorder.DEFAULT_JUSTIFICATION, javax.swing.border.TitledBorder.DEFAULT_POSITION, new java.awt.Font(&quot;Tahoma&quot;, 1, 12), new java.awt.Color(0, 0, 255)));&#10;&#10;        jButton1.setText(&quot;Login&quot;);&#10;        jButton1.addActionListener(new java.awt.event.ActionListener() {&#10;            public void actionPerformed(java.awt.event.ActionEvent evt) {&#10;                jButton1ActionPerformed(evt);&#10;            }&#10;        });&#10;&#10;        jButton2.setText(&quot;Cancel&quot;);&#10;        jButton2.addActionListener(new java.awt.event.ActionListener() {&#10;            public void actionPerformed(java.awt.event.ActionEvent evt) {&#10;                jButton2ActionPerformed(evt);&#10;            }&#10;        });&#10;&#10;        jLabel1.setFont(new java.awt.Font(&quot;Tahoma&quot;, 0, 12));&#10;        jLabel1.setText(&quot;Username:&quot;);&#10;&#10;        jTextField1.setMinimumSize(new java.awt.Dimension(6, 60));&#10;&#10;        jLabel2.setFont(new java.awt.Font(&quot;Tahoma&quot;, 0, 12));&#10;        jLabel2.setText(&quot;Password: &quot;);&#10;&#10;        org.jdesktop.layout.GroupLayout jPanel1Layout = new org.jdesktop.layout.GroupLayout(jPanel1);&#10;        jPanel1.setLayout(jPanel1Layout);&#10;        jPanel1Layout.setHorizontalGroup(&#10;            jPanel1Layout.createParallelGroup(org.jdesktop.layout.GroupLayout.LEADING)&#10;            .add(jPanel1Layout.createSequentialGroup()&#10;                .add(15, 15, 15)&#10;                .add(jLabel1)&#10;                .add(11, 11, 11)&#10;                .add(jTextField1, org.jdesktop.layout.GroupLayout.PREFERRED_SIZE, 141, org.jdesktop.layout.GroupLayout.PREFERRED_SIZE))&#10;            .add(jPanel1Layout.createSequentialGroup()&#10;                .add(15, 15, 15)&#10;                .add(jLabel2)&#10;                .add(10, 10, 10)&#10;                .add(jPasswordField1, org.jdesktop.layout.GroupLayout.PREFERRED_SIZE, 141, org.jdesktop.layout.GroupLayout.PREFERRED_SIZE))&#10;            .add(jPanel1Layout.createSequentialGroup()&#10;                .add(84, 84, 84)&#10;                .add(jButton1, org.jdesktop.layout.GroupLayout.PREFERRED_SIZE, 69, org.jdesktop.layout.GroupLayout.PREFERRED_SIZE)&#10;                .addPreferredGap(org.jdesktop.layout.LayoutStyle.RELATED)&#10;                .add(jButton2))&#10;        );&#10;        jPanel1Layout.setVerticalGroup(&#10;            jPanel1Layout.createParallelGroup(org.jdesktop.layout.GroupLayout.LEADING)&#10;            .add(jPanel1Layout.createSequentialGroup()&#10;                .add(5, 5, 5)&#10;                .add(jPanel1Layout.createParallelGroup(org.jdesktop.layout.GroupLayout.LEADING)&#10;                    .add(jPanel1Layout.createSequentialGroup()&#10;                        .add(2, 2, 2)&#10;                        .add(jLabel1))&#10;                    .add(jTextField1, org.jdesktop.layout.GroupLayout.PREFERRED_SIZE, org.jdesktop.layout.GroupLayout.DEFAULT_SIZE, org.jdesktop.layout.GroupLayout.PREFERRED_SIZE))&#10;                .add(20, 20, 20)&#10;                .add(jPanel1Layout.createParallelGroup(org.jdesktop.layout.GroupLayout.LEADING)&#10;                    .add(jPanel1Layout.createSequentialGroup()&#10;                        .add(2, 2, 2)&#10;                        .add(jLabel2))&#10;                    .add(jPasswordField1, org.jdesktop.layout.GroupLayout.PREFERRED_SIZE, org.jdesktop.layout.GroupLayout.DEFAULT_SIZE, org.jdesktop.layout.GroupLayout.PREFERRED_SIZE))&#10;                .add(20, 20, 20)&#10;                .add(jPanel1Layout.createParallelGroup(org.jdesktop.layout.GroupLayout.BASELINE)&#10;                    .add(jButton2)&#10;                    .add(jButton1)))&#10;        );&#10;&#10;        org.jdesktop.layout.GroupLayout layout = new org.jdesktop.layout.GroupLayout(getContentPane());&#10;        getContentPane().setLayout(layout);&#10;        layout.setHorizontalGroup(&#10;            layout.createParallelGroup(org.jdesktop.layout.GroupLayout.LEADING)&#10;            .add(layout.createSequentialGroup()&#10;                .addContainerGap()&#10;                .add(jPanel1, org.jdesktop.layout.GroupLayout.PREFERRED_SIZE, org.jdesktop.layout.GroupLayout.DEFAULT_SIZE, org.jdesktop.layout.GroupLayout.PREFERRED_SIZE)&#10;                .addContainerGap(org.jdesktop.layout.GroupLayout.DEFAULT_SIZE, Short.MAX_VALUE))&#10;        );&#10;        layout.setVerticalGroup(&#10;            layout.createParallelGroup(org.jdesktop.layout.GroupLayout.LEADING)&#10;            .add(layout.createSequentialGroup()&#10;                .addContainerGap()&#10;                .add(jPanel1, org.jdesktop.layout.GroupLayout.PREFERRED_SIZE, org.jdesktop.layout.GroupLayout.DEFAULT_SIZE, org.jdesktop.layout.GroupLayout.PREFERRED_SIZE)&#10;                .addContainerGap(org.jdesktop.layout.GroupLayout.DEFAULT_SIZE, Short.MAX_VALUE))&#10;        );&#10;&#10;        pack();&#10;    }// &lt;/editor-fold&gt;//GEN-END:initComponents&#10;&#10;    public boolean dataReceived()&#10;    {&#10;        return dataRec;&#10;    }&#10;    &#10;    public void setDataRec(boolean condition)&#10;    {&#10;        dataRec = condition;&#10;    }&#10;    private void jButton1ActionPerformed(java.awt.event.ActionEvent evt) {//GEN-FIRST:event_jButton1ActionPerformed&#10;        // TODO add your handling code here:&#10;        password = &quot;&quot;;&#10;        &#10;        &#10;        &#10;        username = jTextField1.getText();&#10;        tmpLength = jPasswordField1.getPassword().length;&#10;        tmp = new char[tmpLength];&#10;        &#10;        tmp = jPasswordField1.getPassword();&#10;        &#10;        for(int i = 0; i &lt; tmp.length; i++)&#10;            password = password + tmp[i];&#10;        &#10;        dataRec = true;&#10;        setVisible(false);&#10;        dispose();&#10;    }//GEN-LAST:event_jButton1ActionPerformed&#10;&#10;    private void jButton2ActionPerformed(java.awt.event.ActionEvent evt) {//GEN-FIRST:event_jButton2ActionPerformed&#10;        // TODO add your handling code here:&#10;        setVisible(false);&#10;        dispose();&#10;        System.exit(0);&#10;    }//GEN-LAST:event_jButton2ActionPerformed&#10;    &#10;    /**&#10;     * @param args the command line arguments&#10;     */&#10;       public void launchForm() {&#10;        java.awt.EventQueue.invokeLater(new Runnable() {&#10;            public void run() {&#10;                new LoginForm().setVisible(true);&#10;            }&#10;        });&#10;    }&#10;       public String getUsername()&#10;    {&#10;        return username;&#10;    }&#10;    &#10;    public String getPassword()&#10;    {&#10;        return password;&#10;    }&#10;    &#10;    // Variables declaration - do not modify//GEN-BEGIN:variables&#10;    private javax.swing.JButton jButton1;&#10;    private javax.swing.JButton jButton2;&#10;    private javax.swing.JLabel jLabel1;&#10;    private javax.swing.JLabel jLabel2;&#10;    private javax.swing.JPanel jPanel1;&#10;    private javax.swing.JPasswordField jPasswordField1;&#10;    private javax.swing.JTextField jTextField1;&#10;    // End of variables declaration//GEN-END:variables&#10;    &#10;}&#10;" Filename="LoginForm.java" Intrnl_Id="3"/>
<SrcFile Content="/*&#10; * MainMenu2.java&#10; *&#10; * Created on April 13, 2008, 2:47 PM&#10; */&#10;&#10;package my.PSM.PSM_Interface;&#10;&#10;/**&#10; *&#10; * @author  Kurt&#10; */&#10;public class MainMenu extends javax.swing.JFrame {&#10;    &#10;    /** Creates new form MainMenu2 */&#10;    private static boolean dataRec;&#10;    private static boolean editSched;&#10;    private static boolean logout;&#10;    private static boolean initSetup;&#10;    public MainMenu() {&#10;        initComponents();&#10;    }&#10;    &#10;    /** This method is called from within the constructor to&#10;     * initialize the form.&#10;     * WARNING: Do NOT modify this code. The content of this method is&#10;     * always regenerated by the Form Editor.&#10;     */&#10;    // &lt;editor-fold defaultstate=&quot;collapsed&quot; desc=&quot;Generated Code&quot;&gt;//GEN-BEGIN:initComponents&#10;    private void initComponents()&#10;    {&#10;&#10;        jLabel5 = new javax.swing.JLabel();&#10;        jLabel7 = new javax.swing.JLabel();&#10;        jLabel2 = new javax.swing.JLabel();&#10;        jLabel3 = new javax.swing.JLabel();&#10;        jLabel4 = new javax.swing.JLabel();&#10;        jPanel2 = new javax.swing.JPanel();&#10;        jButton4 = new javax.swing.JButton();&#10;        jButton5 = new javax.swing.JButton();&#10;        jButton6 = new javax.swing.JButton();&#10;        jLabel1 = new javax.swing.JLabel();&#10;        jPanel3 = new javax.swing.JPanel();&#10;        jButton7 = new javax.swing.JButton();&#10;        jButton8 = new javax.swing.JButton();&#10;        jPanel1 = new javax.swing.JPanel();&#10;        jButton1 = new javax.swing.JButton();&#10;        jButton2 = new javax.swing.JButton();&#10;        jButton3 = new javax.swing.JButton();&#10;        jButton9 = new javax.swing.JButton();&#10;&#10;        setDefaultCloseOperation(javax.swing.WindowConstants.DO_NOTHING_ON_CLOSE);&#10;        setTitle(&quot;PSM Main Menu&quot;);&#10;&#10;        jLabel5.setFont(new java.awt.Font(&quot;Arial&quot;, 0, 12));&#10;        jLabel5.setText(&quot;Currently logged in as:&quot;);&#10;&#10;        jLabel7.setFont(new java.awt.Font(&quot;Arial&quot;, 2, 12));&#10;        jLabel7.setText(&quot;Peter Clarke&quot;);&#10;&#10;        jLabel2.setFont(new java.awt.Font(&quot;Arial&quot;, 1, 11));&#10;        jLabel2.setText(&quot;During initial login please select &quot;);&#10;&#10;        jLabel3.setFont(new java.awt.Font(&quot;Arial&quot;, 1, 11));&#10;        jLabel3.setText(&quot;Add Class Schedule on the right to&quot;);&#10;&#10;        jLabel4.setFont(new java.awt.Font(&quot;Arial&quot;, 1, 11));&#10;        jLabel4.setText(&quot; add a course.  &quot;);&#10;&#10;        jPanel2.setBorder(javax.swing.BorderFactory.createTitledBorder(null, &quot;Custom Day &quot;, javax.swing.border.TitledBorder.DEFAULT_JUSTIFICATION, javax.swing.border.TitledBorder.DEFAULT_POSITION, new java.awt.Font(&quot;Tahoma&quot;, 1, 12), new java.awt.Color(0, 0, 255)));&#10;&#10;        jButton4.setFont(new java.awt.Font(&quot;Arial&quot;, 0, 11));&#10;        jButton4.setText(&quot;Presentation Setup&quot;);&#10;&#10;        jButton5.setFont(new java.awt.Font(&quot;Arial&quot;, 0, 11));&#10;        jButton5.setText(&quot;Exam Setup&quot;);&#10;&#10;        jButton6.setFont(new java.awt.Font(&quot;Arial&quot;, 0, 11));&#10;        jButton6.setText(&quot;Single Day Setup&quot;);&#10;&#10;        org.jdesktop.layout.GroupLayout jPanel2Layout = new org.jdesktop.layout.GroupLayout(jPanel2);&#10;        jPanel2.setLayout(jPanel2Layout);&#10;        jPanel2Layout.setHorizontalGroup(&#10;            jPanel2Layout.createParallelGroup(org.jdesktop.layout.GroupLayout.LEADING)&#10;            .add(jPanel2Layout.createSequentialGroup()&#10;                .addContainerGap()&#10;                .add(jPanel2Layout.createParallelGroup(org.jdesktop.layout.GroupLayout.LEADING, false)&#10;                    .add(jButton5, org.jdesktop.layout.GroupLayout.DEFAULT_SIZE, org.jdesktop.layout.GroupLayout.DEFAULT_SIZE, Short.MAX_VALUE)&#10;                    .add(jButton6, org.jdesktop.layout.GroupLayout.DEFAULT_SIZE, org.jdesktop.layout.GroupLayout.DEFAULT_SIZE, Short.MAX_VALUE)&#10;                    .add(jButton4, org.jdesktop.layout.GroupLayout.PREFERRED_SIZE, 134, org.jdesktop.layout.GroupLayout.PREFERRED_SIZE))&#10;                .addContainerGap(21, Short.MAX_VALUE))&#10;        );&#10;        jPanel2Layout.setVerticalGroup(&#10;            jPanel2Layout.createParallelGroup(org.jdesktop.layout.GroupLayout.LEADING)&#10;            .add(jPanel2Layout.createSequentialGroup()&#10;                .add(jButton4)&#10;                .addPreferredGap(org.jdesktop.layout.LayoutStyle.RELATED)&#10;                .add(jButton5)&#10;                .addPreferredGap(org.jdesktop.layout.LayoutStyle.RELATED)&#10;                .add(jButton6)&#10;                .addContainerGap(org.jdesktop.layout.GroupLayout.DEFAULT_SIZE, Short.MAX_VALUE))&#10;        );&#10;&#10;        jLabel1.setFont(new java.awt.Font(&quot;Arial&quot;, 1, 11));&#10;        jLabel1.setText(&quot;Welcome Professor,&quot;);&#10;&#10;        jPanel3.setBorder(javax.swing.BorderFactory.createTitledBorder(null, &quot;Custom&quot;, javax.swing.border.TitledBorder.DEFAULT_JUSTIFICATION, javax.swing.border.TitledBorder.DEFAULT_POSITION, new java.awt.Font(&quot;Tahoma&quot;, 1, 12), new java.awt.Color(0, 0, 255)));&#10;&#10;        jButton7.setFont(new java.awt.Font(&quot;Arial&quot;, 0, 11));&#10;        jButton7.setText(&quot;Features&quot;);&#10;        jButton7.addActionListener(new java.awt.event.ActionListener()&#10;        {&#10;            public void actionPerformed(java.awt.event.ActionEvent evt)&#10;            {&#10;                jButton7ActionPerformed(evt);&#10;            }&#10;        });&#10;&#10;        jButton8.setFont(new java.awt.Font(&quot;Arial&quot;, 0, 11));&#10;        jButton8.setText(&quot;Alarms&quot;);&#10;&#10;        org.jdesktop.layout.GroupLayout jPanel3Layout = new org.jdesktop.layout.GroupLayout(jPanel3);&#10;        jPanel3.setLayout(jPanel3Layout);&#10;        jPanel3Layout.setHorizontalGroup(&#10;            jPanel3Layout.createParallelGroup(org.jdesktop.layout.GroupLayout.LEADING)&#10;            .add(jPanel3Layout.createSequentialGroup()&#10;                .addContainerGap()&#10;                .add(jButton7)&#10;                .addPreferredGap(org.jdesktop.layout.LayoutStyle.RELATED, 10, Short.MAX_VALUE)&#10;                .add(jButton8, org.jdesktop.layout.GroupLayout.PREFERRED_SIZE, 73, org.jdesktop.layout.GroupLayout.PREFERRED_SIZE)&#10;                .addContainerGap())&#10;        );&#10;        jPanel3Layout.setVerticalGroup(&#10;            jPanel3Layout.createParallelGroup(org.jdesktop.layout.GroupLayout.LEADING)&#10;            .add(jPanel3Layout.createSequentialGroup()&#10;                .add(jPanel3Layout.createParallelGroup(org.jdesktop.layout.GroupLayout.BASELINE)&#10;                    .add(jButton7)&#10;                    .add(jButton8))&#10;                .addContainerGap(org.jdesktop.layout.GroupLayout.DEFAULT_SIZE, Short.MAX_VALUE))&#10;        );&#10;&#10;        jPanel1.setBorder(javax.swing.BorderFactory.createTitledBorder(null, &quot;Scheduling Options&quot;, javax.swing.border.TitledBorder.DEFAULT_JUSTIFICATION, javax.swing.border.TitledBorder.DEFAULT_POSITION, new java.awt.Font(&quot;Tahoma&quot;, 1, 12), new java.awt.Color(0, 0, 255)));&#10;&#10;        jButton1.setFont(new java.awt.Font(&quot;Arial&quot;, 0, 11));&#10;        jButton1.setText(&quot;Add Class Schedule&quot;);&#10;        jButton1.addActionListener(new java.awt.event.ActionListener()&#10;        {&#10;            public void actionPerformed(java.awt.event.ActionEvent evt)&#10;            {&#10;                jButton1ActionPerformed(evt);&#10;            }&#10;        });&#10;&#10;        jButton2.setFont(new java.awt.Font(&quot;Arial&quot;, 0, 11));&#10;        jButton2.setText(&quot;Edit Schedule&quot;);&#10;        jButton2.addActionListener(new java.awt.event.ActionListener()&#10;        {&#10;            public void actionPerformed(java.awt.event.ActionEvent evt)&#10;            {&#10;                jButton2ActionPerformed(evt);&#10;            }&#10;        });&#10;&#10;        jButton3.setFont(new java.awt.Font(&quot;Arial&quot;, 0, 11));&#10;        jButton3.setText(&quot;Remove Schedule&quot;);&#10;        jButton3.addActionListener(new java.awt.event.ActionListener()&#10;        {&#10;            public void actionPerformed(java.awt.event.ActionEvent evt)&#10;            {&#10;                jButton3ActionPerformed(evt);&#10;            }&#10;        });&#10;&#10;        org.jdesktop.layout.GroupLayout jPanel1Layout = new org.jdesktop.layout.GroupLayout(jPanel1);&#10;        jPanel1.setLayout(jPanel1Layout);&#10;        jPanel1Layout.setHorizontalGroup(&#10;            jPanel1Layout.createParallelGroup(org.jdesktop.layout.GroupLayout.LEADING)&#10;            .add(jPanel1Layout.createSequentialGroup()&#10;                .addContainerGap()&#10;                .add(jPanel1Layout.createParallelGroup(org.jdesktop.layout.GroupLayout.LEADING)&#10;                    .add(org.jdesktop.layout.GroupLayout.CENTER, jButton1, org.jdesktop.layout.GroupLayout.DEFAULT_SIZE, 158, Short.MAX_VALUE)&#10;                    .add(org.jdesktop.layout.GroupLayout.TRAILING, jButton3, org.jdesktop.layout.GroupLayout.DEFAULT_SIZE, 158, Short.MAX_VALUE)&#10;                    .add(jButton2, org.jdesktop.layout.GroupLayout.DEFAULT_SIZE, 158, Short.MAX_VALUE))&#10;                .addContainerGap())&#10;        );&#10;        jPanel1Layout.setVerticalGroup(&#10;            jPanel1Layout.createParallelGroup(org.jdesktop.layout.GroupLayout.LEADING)&#10;            .add(jPanel1Layout.createSequentialGroup()&#10;                .add(jButton1)&#10;                .addPreferredGap(org.jdesktop.layout.LayoutStyle.RELATED)&#10;                .add(jButton2)&#10;                .addPreferredGap(org.jdesktop.layout.LayoutStyle.RELATED, 11, Short.MAX_VALUE)&#10;                .add(jButton3)&#10;                .addContainerGap())&#10;        );&#10;&#10;        jButton9.setFont(new java.awt.Font(&quot;Arial&quot;, 0, 11));&#10;        jButton9.setText(&quot;Logout&quot;);&#10;        jButton9.addActionListener(new java.awt.event.ActionListener()&#10;        {&#10;            public void actionPerformed(java.awt.event.ActionEvent evt)&#10;            {&#10;                jButton9ActionPerformed(evt);&#10;            }&#10;        });&#10;&#10;        org.jdesktop.layout.GroupLayout layout = new org.jdesktop.layout.GroupLayout(getContentPane());&#10;        getContentPane().setLayout(layout);&#10;        layout.setHorizontalGroup(&#10;            layout.createParallelGroup(org.jdesktop.layout.GroupLayout.LEADING)&#10;            .add(layout.createSequentialGroup()&#10;                .addContainerGap()&#10;                .add(layout.createParallelGroup(org.jdesktop.layout.GroupLayout.LEADING)&#10;                    .add(layout.createSequentialGroup()&#10;                        .add(jLabel5)&#10;                        .addPreferredGap(org.jdesktop.layout.LayoutStyle.RELATED)&#10;                        .add(jLabel7))&#10;                    .add(jPanel2, org.jdesktop.layout.GroupLayout.PREFERRED_SIZE, org.jdesktop.layout.GroupLayout.DEFAULT_SIZE, org.jdesktop.layout.GroupLayout.PREFERRED_SIZE)&#10;                    .add(jLabel1)&#10;                    .add(layout.createSequentialGroup()&#10;                        .add(10, 10, 10)&#10;                        .add(layout.createParallelGroup(org.jdesktop.layout.GroupLayout.LEADING)&#10;                            .add(jLabel3)&#10;                            .add(jLabel2)&#10;                            .add(jLabel4))))&#10;                .add(22, 22, 22)&#10;                .add(layout.createParallelGroup(org.jdesktop.layout.GroupLayout.LEADING)&#10;                    .add(org.jdesktop.layout.GroupLayout.TRAILING, jPanel3, org.jdesktop.layout.GroupLayout.DEFAULT_SIZE, org.jdesktop.layout.GroupLayout.DEFAULT_SIZE, Short.MAX_VALUE)&#10;                    .add(org.jdesktop.layout.GroupLayout.TRAILING, jPanel1, org.jdesktop.layout.GroupLayout.PREFERRED_SIZE, org.jdesktop.layout.GroupLayout.DEFAULT_SIZE, org.jdesktop.layout.GroupLayout.PREFERRED_SIZE))&#10;                .addContainerGap())&#10;            .add(layout.createSequentialGroup()&#10;                .add(316, 316, 316)&#10;                .add(jButton9, org.jdesktop.layout.GroupLayout.PREFERRED_SIZE, 100, org.jdesktop.layout.GroupLayout.PREFERRED_SIZE)&#10;                .add(13, 13, 13))&#10;        );&#10;        layout.setVerticalGroup(&#10;            layout.createParallelGroup(org.jdesktop.layout.GroupLayout.LEADING)&#10;            .add(layout.createSequentialGroup()&#10;                .addContainerGap()&#10;                .add(layout.createParallelGroup(org.jdesktop.layout.GroupLayout.LEADING)&#10;                    .add(jPanel1, org.jdesktop.layout.GroupLayout.PREFERRED_SIZE, org.jdesktop.layout.GroupLayout.DEFAULT_SIZE, org.jdesktop.layout.GroupLayout.PREFERRED_SIZE)&#10;                    .add(layout.createSequentialGroup()&#10;                        .add(layout.createParallelGroup(org.jdesktop.layout.GroupLayout.BASELINE)&#10;                            .add(jLabel5)&#10;                            .add(jLabel7))&#10;                        .addPreferredGap(org.jdesktop.layout.LayoutStyle.UNRELATED)&#10;                        .add(jLabel1)&#10;                        .addPreferredGap(org.jdesktop.layout.LayoutStyle.RELATED)&#10;                        .add(jLabel2)&#10;                        .addPreferredGap(org.jdesktop.layout.LayoutStyle.RELATED)&#10;                        .add(jLabel3, org.jdesktop.layout.GroupLayout.PREFERRED_SIZE, 14, org.jdesktop.layout.GroupLayout.PREFERRED_SIZE)&#10;                        .addPreferredGap(org.jdesktop.layout.LayoutStyle.RELATED)&#10;                        .add(jLabel4)))&#10;                .addPreferredGap(org.jdesktop.layout.LayoutStyle.RELATED)&#10;                .add(layout.createParallelGroup(org.jdesktop.layout.GroupLayout.LEADING, false)&#10;                    .add(org.jdesktop.layout.GroupLayout.TRAILING, layout.createSequentialGroup()&#10;                        .add(jPanel3, org.jdesktop.layout.GroupLayout.PREFERRED_SIZE, org.jdesktop.layout.GroupLayout.DEFAULT_SIZE, org.jdesktop.layout.GroupLayout.PREFERRED_SIZE)&#10;                        .addPreferredGap(org.jdesktop.layout.LayoutStyle.RELATED, org.jdesktop.layout.GroupLayout.DEFAULT_SIZE, Short.MAX_VALUE)&#10;                        .add(jButton9))&#10;                    .add(jPanel2, org.jdesktop.layout.GroupLayout.PREFERRED_SIZE, org.jdesktop.layout.GroupLayout.DEFAULT_SIZE, org.jdesktop.layout.GroupLayout.PREFERRED_SIZE))&#10;                .addContainerGap(38, Short.MAX_VALUE))&#10;        );&#10;&#10;        pack();&#10;    }// &lt;/editor-fold&gt;//GEN-END:initComponents&#10;&#10;    private void jButton7ActionPerformed(java.awt.event.ActionEvent evt) {//GEN-FIRST:event_jButton7ActionPerformed&#10;        // TODO add your handling code here:&#10;    }//GEN-LAST:event_jButton7ActionPerformed&#10;&#10;    private void jButton1ActionPerformed(java.awt.event.ActionEvent evt) {//GEN-FIRST:event_jButton1ActionPerformed&#10;        initSetup = true;&#10;        dataRec = true;&#10;    }//GEN-LAST:event_jButton1ActionPerformed&#10;&#10;    private void jButton2ActionPerformed(java.awt.event.ActionEvent evt) {//GEN-FIRST:event_jButton2ActionPerformed&#10;        editSched = true;&#10;        dataRec = true;&#10;    }//GEN-LAST:event_jButton2ActionPerformed&#10;&#10;    private void jButton9ActionPerformed(java.awt.event.ActionEvent evt) {//GEN-FIRST:event_jButton9ActionPerformed&#10;        //   IC.Initiate_Logout();&#10;        logout = true;&#10;        dataRec = true;&#10;    }//GEN-LAST:event_jButton9ActionPerformed&#10;&#10;    private void jButton3ActionPerformed(java.awt.event.ActionEvent evt)//GEN-FIRST:event_jButton3ActionPerformed&#10;    {//GEN-HEADEREND:event_jButton3ActionPerformed&#10;        // TODO add your handling code here:&#10;    }//GEN-LAST:event_jButton3ActionPerformed&#10;    &#10;    /**&#10;     * @param args the command line arguments&#10;     */&#10;    public void launchForm() {&#10;        java.awt.EventQueue.invokeLater(new Runnable() {&#10;            public void run() {&#10;                new MainMenu().setVisible(true);&#10;            }&#10;        });&#10;    }&#10;    &#10;    public void setdataRec(boolean condition)&#10;    {&#10;        dataRec = condition;&#10;    }&#10;    public boolean dataRec()&#10;    {&#10;        return dataRec;&#10;    }&#10;    &#10;    public boolean logoutSelected()&#10;    {&#10;        return logout;&#10;    }&#10;    &#10;    public boolean InitSetupSelected()&#10;    {&#10;        return initSetup;&#10;    }&#10;    &#10;    public boolean editSchedSelected()&#10;    {&#10;        return editSched;&#10;    }&#10;    &#10;    // Variables declaration - do not modify//GEN-BEGIN:variables&#10;    private javax.swing.JButton jButton1;&#10;    private javax.swing.JButton jButton2;&#10;    private javax.swing.JButton jButton3;&#10;    private javax.swing.JButton jButton4;&#10;    private javax.swing.JButton jButton5;&#10;    private javax.swing.JButton jButton6;&#10;    private javax.swing.JButton jButton7;&#10;    private javax.swing.JButton jButton8;&#10;    private javax.swing.JButton jButton9;&#10;    private javax.swing.JLabel jLabel1;&#10;    private javax.swing.JLabel jLabel2;&#10;    private javax.swing.JLabel jLabel3;&#10;    private javax.swing.JLabel jLabel4;&#10;    private javax.swing.JLabel jLabel5;&#10;    private javax.swing.JLabel jLabel7;&#10;    private javax.swing.JPanel jPanel1;&#10;    private javax.swing.JPanel jPanel2;&#10;    private javax.swing.JPanel jPanel3;&#10;    // End of variables declaration//GEN-END:variables&#10;    &#10;}&#10;" Filename="MainMenu.java" Intrnl_Id="4"/>
<SrcFile Content="/*&#10; * Messages.java&#10; *&#10; * Created on April 15, 2008, 3:54 PM&#10; */&#10;&#10;package my.PSM.PSM_Interface;&#10;&#10;/**&#10; *&#10; * @author  Kurt&#10; */&#10;public class Messages extends javax.swing.JFrame {&#10;    private static String m = &quot;&quot;;&#10;    private static boolean logout;&#10;    private static boolean incorrectLogin;&#10;    public static boolean ack;&#10;    private static boolean lockedOut;&#10;    /** Creates new form Messages */&#10;    public Messages() {&#10;        initComponents();&#10;    }&#10;   &#10;    public void lockedOut()&#10;    {&#10;        m = &quot;Too many tries. System Exiting.&quot;;&#10;        lockedOut = true;&#10;        launchPopup();&#10;    }&#10;    public void incorrectLogin()&#10;    {&#10;        incorrectLogin = true;&#10;        m = &quot;Incorrect username/password&quot;;&#10;        launchPopup();&#10;    }&#10;    public void FifteenMinWarning()&#10;    {&#10;        m = &quot;15 Minutes Left&quot;;&#10;        launchPopup();&#10;    }&#10;&#10;    public void FiveMinWarning()&#10;    {&#10;        m = &quot;5 Minutes Left&quot;;&#10;        launchPopup();&#10;    }&#10;    &#10;    public void endClassWarning()&#10;    {&#10;        m = &quot;End of Class Reached&quot;;&#10;        launchPopup();&#10;        &#10;        &#10;    }&#10;    &#10;    public void logoutConfirmation()&#10;    {&#10;        m = &quot;You have sucessfully logged out.&quot;;&#10;        logout = true;&#10;        launchPopup();&#10;    }&#10;    /** This method is called from within the constructor to&#10;     * initialize the form.&#10;     * WARNING: Do NOT modify this code. The content of this method is&#10;     * always regenerated by the Form Editor.&#10;     */&#10;    // &lt;editor-fold defaultstate=&quot;collapsed&quot; desc=&quot;Generated Code&quot;&gt;//GEN-BEGIN:initComponents&#10;    private void initComponents() {&#10;&#10;        jLabel1 = new javax.swing.JLabel();&#10;        jButton1 = new javax.swing.JButton();&#10;&#10;        setDefaultCloseOperation(javax.swing.WindowConstants.EXIT_ON_CLOSE);&#10;        setTitle(&quot;System Message&quot;);&#10;&#10;        jLabel1.setFont(new java.awt.Font(&quot;Tahoma&quot;, 0, 12));&#10;        jLabel1.setHorizontalAlignment(javax.swing.SwingConstants.CENTER);&#10;        jLabel1.setText(m);&#10;        jLabel1.setBorder(javax.swing.BorderFactory.createTitledBorder(null, &quot;Warning&quot;, javax.swing.border.TitledBorder.DEFAULT_JUSTIFICATION, javax.swing.border.TitledBorder.TOP, new java.awt.Font(&quot;Tahoma&quot;, 1, 12), new java.awt.Color(0, 0, 255)));&#10;        jLabel1.setMaximumSize(new java.awt.Dimension(200, 100));&#10;        jLabel1.setMinimumSize(new java.awt.Dimension(100, 50));&#10;        jLabel1.setName(&quot;Message&quot;); // NOI18N&#10;        jLabel1.setOpaque(true);&#10;        jLabel1.setPreferredSize(new java.awt.Dimension(200, 50));&#10;&#10;        jButton1.setText(&quot;OK&quot;);&#10;        jButton1.addActionListener(new java.awt.event.ActionListener() {&#10;            public void actionPerformed(java.awt.event.ActionEvent evt) {&#10;                jButton1ActionPerformed(evt);&#10;            }&#10;        });&#10;&#10;        org.jdesktop.layout.GroupLayout layout = new org.jdesktop.layout.GroupLayout(getContentPane());&#10;        getContentPane().setLayout(layout);&#10;        layout.setHorizontalGroup(&#10;            layout.createParallelGroup(org.jdesktop.layout.GroupLayout.LEADING)&#10;            .add(layout.createSequentialGroup()&#10;                .add(layout.createParallelGroup(org.jdesktop.layout.GroupLayout.LEADING)&#10;                    .add(layout.createSequentialGroup()&#10;                        .add(26, 26, 26)&#10;                        .add(jLabel1, org.jdesktop.layout.GroupLayout.PREFERRED_SIZE, org.jdesktop.layout.GroupLayout.DEFAULT_SIZE, org.jdesktop.layout.GroupLayout.PREFERRED_SIZE))&#10;                    .add(layout.createSequentialGroup()&#10;                        .add(95, 95, 95)&#10;                        .add(jButton1, org.jdesktop.layout.GroupLayout.PREFERRED_SIZE, 57, org.jdesktop.layout.GroupLayout.PREFERRED_SIZE)))&#10;                .addContainerGap(org.jdesktop.layout.GroupLayout.DEFAULT_SIZE, Short.MAX_VALUE))&#10;        );&#10;        layout.setVerticalGroup(&#10;            layout.createParallelGroup(org.jdesktop.layout.GroupLayout.LEADING)&#10;            .add(layout.createSequentialGroup()&#10;                .add(39, 39, 39)&#10;                .add(jLabel1, org.jdesktop.layout.GroupLayout.PREFERRED_SIZE, 59, org.jdesktop.layout.GroupLayout.PREFERRED_SIZE)&#10;                .add(18, 18, 18)&#10;                .add(jButton1)&#10;                .addContainerGap(35, Short.MAX_VALUE))&#10;        );&#10;&#10;        pack();&#10;    }// &lt;/editor-fold&gt;//GEN-END:initComponents&#10;&#10;   &#10;    &#10;    private void jButton1ActionPerformed(java.awt.event.ActionEvent evt) {//GEN-FIRST:event_jButton1ActionPerformed&#10;        if(logout){&#10;            System.exit(0);&#10;            System.out.println(&quot;Close the program!&quot;);&#10;        }&#10;        if(incorrectLogin)&#10;        {&#10;            ack = true;&#10;        }&#10;        if(lockedOut)&#10;        {&#10;            ack = true;&#10;        }&#10;        dispose();&#10;        &#10;    }//GEN-LAST:event_jButton1ActionPerformed&#10;    &#10;    /**&#10;     * @param args the command line arguments&#10;     */&#10;    public void launchPopup() {&#10;        java.awt.EventQueue.invokeLater(new Runnable() {&#10;            public void run() {&#10;                new Messages().setVisible(true);&#10;            }&#10;        });&#10;    }&#10;    &#10;    // Variables declaration - do not modify//GEN-BEGIN:variables&#10;    private javax.swing.JButton jButton1;&#10;    private javax.swing.JLabel jLabel1;&#10;    // End of variables declaration//GEN-END:variables&#10;    &#10;}&#10;" Filename="Messages.java" Intrnl_Id="5"/>
<SrcFile Content="/*&#10; * EditScheduleSetupUI2.java&#10; *&#10; * Created on April 13, 2008, 2:44 PM&#10; */&#10;&#10;package my.PSM.PSM_Interface;&#10;&#10;import javax.swing.JTextField;&#10;&#10;/**&#10; *&#10; * @author  Kurt&#10; */&#10;public class PrefilledScheduleForm extends javax.swing.JFrame {&#10;    &#10;      private static int defCourseID;&#10;      static  String defSub;&#10;      static  String defSemester;&#10;      static  String defCourseName;&#10;      static  String defCourseStart;&#10;      static  String defCourseEnd;&#10;      static  String defMonStart;&#10;      static  String defMonEnd;&#10;      static  String defTueStart;&#10;      static  String defTueEnd;&#10;      static  String defWedStart;&#10;      static  String defWedEnd;&#10;      static  String defThuStart;&#10;      static  String defThuEnd;&#10;      static  String defFriStart;&#10;      static  String defFriEnd;&#10;      static  String defSatStart;&#10;      static  String defSatEnd;&#10;      &#10;      static int newCourseID;&#10;      static String newSub;&#10;      static String newSemester;&#10;      static String newCourseName;&#10;      private static String newCourseStart;&#10;      private static String newCourseEnd;&#10;      private static String newMonStart;&#10;      private static String newMonEnd;&#10;      private static String newTueStart;&#10;      private static String newTueEnd;&#10;      private static String newWedStart;&#10;      private static String newWedEnd;&#10;      private static String newThuStart;&#10;      private static String newThuEnd;&#10;      private static String newFriStart;&#10;      private static String newFriEnd;&#10;      private static String newSatStart;&#10;      private static String newSatEnd;&#10;&#10;      &#10;      static boolean dataReceived;&#10;        &#10;    /** Creates new form EditScheduleSetupUI2 */&#10;    public PrefilledScheduleForm() {&#10;        initComponents();&#10;        System.out.println(&quot;Initialized&quot;);&#10;    }&#10;    public boolean dataRec()&#10;    {&#10;        return dataReceived;&#10;    }&#10;    public void setDataRec(boolean condition)&#10;    {&#10;       &#10;        dataReceived = condition; &#10;        &#10;    }&#10;    &#10;    /** This method is called from within the constructor to&#10;     * initialize the form.&#10;     * WARNING: Do NOT modify this code. The content of this method is&#10;     * always regenerated by the Form Editor.&#10;     */&#10;    // &lt;editor-fold defaultstate=&quot;collapsed&quot; desc=&quot;Generated Code&quot;&gt;//GEN-BEGIN:initComponents&#10;    private void initComponents() {&#10;&#10;        jButton2 = new javax.swing.JButton();&#10;        jButton1 = new javax.swing.JButton();&#10;        jPanel1 = new javax.swing.JPanel();&#10;        jLabel1 = new javax.swing.JLabel();&#10;        jComboBox1 = new javax.swing.JComboBox();&#10;        jLabel2 = new javax.swing.JLabel();&#10;        jLabel3 = new javax.swing.JLabel();&#10;        jLabel15 = new javax.swing.JLabel();&#10;        jLabel16 = new javax.swing.JLabel();&#10;        jTextField16 = new javax.swing.JTextField(defCourseStart);&#10;        jTextField17 = new javax.swing.JTextField(defCourseEnd);&#10;        jPanel2 = new javax.swing.JPanel();&#10;        jLabel4 = new javax.swing.JLabel();&#10;        jLabel5 = new javax.swing.JLabel();&#10;        jLabel6 = new javax.swing.JLabel();&#10;        jTextField1 = new javax.swing.JTextField(defSub);&#10;        jTextField3 = new javax.swing.JTextField(Integer.toString(getDefCourseID()));&#10;        jTextField2 = new javax.swing.JTextField(defCourseName);&#10;        jLabel17 = new javax.swing.JLabel();&#10;        jPanel3 = new javax.swing.JPanel();&#10;        jLabel7 = new javax.swing.JLabel();&#10;        jLabel13 = new javax.swing.JLabel();&#10;        jLabel14 = new javax.swing.JLabel();&#10;        jLabel8 = new javax.swing.JLabel();&#10;        jLabel9 = new javax.swing.JLabel();&#10;        jLabel10 = new javax.swing.JLabel();&#10;        jLabel11 = new javax.swing.JLabel();&#10;        jLabel12 = new javax.swing.JLabel();&#10;        jLabel18 = new javax.swing.JLabel();&#10;        jTextField4 = new javax.swing.JTextField(defSatStart);&#10;        jTextField5 = new javax.swing.JTextField(defMonStart);&#10;        jTextField6 = new javax.swing.JTextField(defTueStart);&#10;        jTextField7 = new javax.swing.JTextField(defWedStart);&#10;        jTextField8 = new javax.swing.JTextField(defThuStart);&#10;        jTextField9 = new javax.swing.JTextField(defFriStart);&#10;        jTextField10 = new javax.swing.JTextField(defMonEnd);&#10;        jTextField11 = new javax.swing.JTextField(defTueEnd);&#10;        jTextField12 = new javax.swing.JTextField(defWedEnd);&#10;        jTextField13 = new javax.swing.JTextField(defThuEnd);&#10;        jTextField14 = new javax.swing.JTextField(defFriEnd);&#10;        jTextField15 = new javax.swing.JTextField(defSatEnd);&#10;&#10;        setDefaultCloseOperation(javax.swing.WindowConstants.DISPOSE_ON_CLOSE);&#10;        setTitle(&quot;Edit Schedule&quot;);&#10;&#10;        jButton2.setFont(new java.awt.Font(&quot;Arial&quot;, 0, 11));&#10;        jButton2.setText(&quot;Save&quot;);&#10;        jButton2.addActionListener(new java.awt.event.ActionListener() {&#10;            public void actionPerformed(java.awt.event.ActionEvent evt) {&#10;                jButton2ActionPerformed(evt);&#10;            }&#10;        });&#10;&#10;        jButton1.setFont(new java.awt.Font(&quot;Arial&quot;, 0, 11));&#10;        jButton1.setText(&quot;Cancel&quot;);&#10;        jButton1.addActionListener(new java.awt.event.ActionListener() {&#10;            public void actionPerformed(java.awt.event.ActionEvent evt) {&#10;                jButton1ActionPerformed(evt);&#10;            }&#10;        });&#10;&#10;        jPanel1.setBorder(javax.swing.BorderFactory.createTitledBorder(null, &quot;Semester Information&quot;, javax.swing.border.TitledBorder.DEFAULT_JUSTIFICATION, javax.swing.border.TitledBorder.DEFAULT_POSITION, new java.awt.Font(&quot;Tahoma&quot;, 1, 12), new java.awt.Color(0, 0, 255)));&#10;&#10;        jLabel1.setFont(new java.awt.Font(&quot;Arial&quot;, 0, 12));&#10;        jLabel1.setText(&quot;Semester:&quot;);&#10;&#10;        jComboBox1.setFont(new java.awt.Font(&quot;Arial&quot;, 0, 11));&#10;        jComboBox1.setModel(new javax.swing.DefaultComboBoxModel(new String[] { &quot;Select Semester&quot;, &quot;Fall&quot;, &quot;Spring&quot;, &quot;Summer A&quot;, &quot;Summer B&quot;, &quot;Summer C&quot; }));&#10;&#10;        jLabel2.setFont(new java.awt.Font(&quot;Arial&quot;, 0, 12));&#10;        jLabel2.setText(&quot;Start Date:&quot;);&#10;&#10;        jLabel3.setFont(new java.awt.Font(&quot;Arial&quot;, 0, 12));&#10;        jLabel3.setText(&quot;End Date:&quot;);&#10;&#10;        jLabel15.setFont(new java.awt.Font(&quot;Arial&quot;, 2, 10));&#10;        jLabel15.setText(&quot;(m/dd/yy)&quot;);&#10;&#10;        jLabel16.setFont(new java.awt.Font(&quot;Arial&quot;, 2, 10));&#10;        jLabel16.setText(&quot;(m/dd/yy)&quot;);&#10;&#10;        org.jdesktop.layout.GroupLayout jPanel1Layout = new org.jdesktop.layout.GroupLayout(jPanel1);&#10;        jPanel1.setLayout(jPanel1Layout);&#10;        jPanel1Layout.setHorizontalGroup(&#10;            jPanel1Layout.createParallelGroup(org.jdesktop.layout.GroupLayout.LEADING)&#10;            .add(jPanel1Layout.createSequentialGroup()&#10;                .addContainerGap()&#10;                .add(jPanel1Layout.createParallelGroup(org.jdesktop.layout.GroupLayout.LEADING)&#10;                    .add(jLabel1)&#10;                    .add(jLabel2))&#10;                .addPreferredGap(org.jdesktop.layout.LayoutStyle.RELATED)&#10;                .add(jPanel1Layout.createParallelGroup(org.jdesktop.layout.GroupLayout.LEADING)&#10;                    .add(jPanel1Layout.createSequentialGroup()&#10;                        .add(jTextField16, org.jdesktop.layout.GroupLayout.PREFERRED_SIZE, 94, org.jdesktop.layout.GroupLayout.PREFERRED_SIZE)&#10;                        .addPreferredGap(org.jdesktop.layout.LayoutStyle.RELATED)&#10;                        .add(jLabel15)&#10;                        .addPreferredGap(org.jdesktop.layout.LayoutStyle.RELATED, 67, Short.MAX_VALUE)&#10;                        .add(jLabel3)&#10;                        .addPreferredGap(org.jdesktop.layout.LayoutStyle.UNRELATED)&#10;                        .add(jTextField17, org.jdesktop.layout.GroupLayout.PREFERRED_SIZE, 94, org.jdesktop.layout.GroupLayout.PREFERRED_SIZE)&#10;                        .addPreferredGap(org.jdesktop.layout.LayoutStyle.UNRELATED)&#10;                        .add(jLabel16)&#10;                        .add(41, 41, 41))&#10;                    .add(jPanel1Layout.createSequentialGroup()&#10;                        .add(jComboBox1, org.jdesktop.layout.GroupLayout.PREFERRED_SIZE, 105, org.jdesktop.layout.GroupLayout.PREFERRED_SIZE)&#10;                        .addContainerGap(351, Short.MAX_VALUE))))&#10;        );&#10;        jPanel1Layout.setVerticalGroup(&#10;            jPanel1Layout.createParallelGroup(org.jdesktop.layout.GroupLayout.LEADING)&#10;            .add(jPanel1Layout.createSequentialGroup()&#10;                .addContainerGap()&#10;                .add(jPanel1Layout.createParallelGroup(org.jdesktop.layout.GroupLayout.BASELINE)&#10;                    .add(jLabel1)&#10;                    .add(jComboBox1, org.jdesktop.layout.GroupLayout.PREFERRED_SIZE, org.jdesktop.layout.GroupLayout.DEFAULT_SIZE, org.jdesktop.layout.GroupLayout.PREFERRED_SIZE))&#10;                .addPreferredGap(org.jdesktop.layout.LayoutStyle.RELATED, 17, Short.MAX_VALUE)&#10;                .add(jPanel1Layout.createParallelGroup(org.jdesktop.layout.GroupLayout.BASELINE)&#10;                    .add(jLabel2)&#10;                    .add(jLabel15)&#10;                    .add(jLabel16)&#10;                    .add(jLabel3)&#10;                    .add(jTextField16, org.jdesktop.layout.GroupLayout.PREFERRED_SIZE, org.jdesktop.layout.GroupLayout.DEFAULT_SIZE, org.jdesktop.layout.GroupLayout.PREFERRED_SIZE)&#10;                    .add(jTextField17, org.jdesktop.layout.GroupLayout.PREFERRED_SIZE, org.jdesktop.layout.GroupLayout.DEFAULT_SIZE, org.jdesktop.layout.GroupLayout.PREFERRED_SIZE))&#10;                .add(11, 11, 11))&#10;        );&#10;&#10;        jPanel2.setBorder(javax.swing.BorderFactory.createTitledBorder(null, &quot;Class Information&quot;, javax.swing.border.TitledBorder.DEFAULT_JUSTIFICATION, javax.swing.border.TitledBorder.DEFAULT_POSITION, new java.awt.Font(&quot;Tahoma&quot;, 1, 12), new java.awt.Color(0, 0, 255)));&#10;&#10;        jLabel4.setFont(new java.awt.Font(&quot;Arial&quot;, 0, 12));&#10;        jLabel4.setText(&quot;Subject:&quot;);&#10;&#10;        jLabel5.setFont(new java.awt.Font(&quot;Arial&quot;, 0, 12));&#10;        jLabel5.setText(&quot;Course Name:&quot;);&#10;&#10;        jLabel6.setFont(new java.awt.Font(&quot;Arial&quot;, 0, 12));&#10;        jLabel6.setText(&quot;Course Number:&quot;);&#10;&#10;        jTextField1.addActionListener(new java.awt.event.ActionListener() {&#10;            public void actionPerformed(java.awt.event.ActionEvent evt) {&#10;                jTextField1ActionPerformed(evt);&#10;            }&#10;        });&#10;&#10;        jTextField2.addActionListener(new java.awt.event.ActionListener() {&#10;            public void actionPerformed(java.awt.event.ActionEvent evt) {&#10;                jTextField2ActionPerformed(evt);&#10;            }&#10;        });&#10;&#10;        jLabel17.setFont(new java.awt.Font(&quot;Arial&quot;, 2, 10));&#10;        jLabel17.setText(&quot;(XXX)&quot;);&#10;&#10;        org.jdesktop.layout.GroupLayout jPanel2Layout = new org.jdesktop.layout.GroupLayout(jPanel2);&#10;        jPanel2.setLayout(jPanel2Layout);&#10;        jPanel2Layout.setHorizontalGroup(&#10;            jPanel2Layout.createParallelGroup(org.jdesktop.layout.GroupLayout.LEADING)&#10;            .add(jPanel2Layout.createSequentialGroup()&#10;                .addContainerGap()&#10;                .add(jPanel2Layout.createParallelGroup(org.jdesktop.layout.GroupLayout.LEADING)&#10;                    .add(jPanel2Layout.createSequentialGroup()&#10;                        .add(jLabel4)&#10;                        .addPreferredGap(org.jdesktop.layout.LayoutStyle.UNRELATED)&#10;                        .add(jTextField1, org.jdesktop.layout.GroupLayout.PREFERRED_SIZE, 41, org.jdesktop.layout.GroupLayout.PREFERRED_SIZE)&#10;                        .addPreferredGap(org.jdesktop.layout.LayoutStyle.RELATED)&#10;                        .add(jLabel17)&#10;                        .addPreferredGap(org.jdesktop.layout.LayoutStyle.RELATED, 41, Short.MAX_VALUE)&#10;                        .add(jLabel6)&#10;                        .addPreferredGap(org.jdesktop.layout.LayoutStyle.UNRELATED)&#10;                        .add(jTextField3, org.jdesktop.layout.GroupLayout.PREFERRED_SIZE, 99, org.jdesktop.layout.GroupLayout.PREFERRED_SIZE))&#10;                    .add(jPanel2Layout.createSequentialGroup()&#10;                        .add(jLabel5)&#10;                        .addPreferredGap(org.jdesktop.layout.LayoutStyle.UNRELATED)&#10;                        .add(jTextField2, org.jdesktop.layout.GroupLayout.DEFAULT_SIZE, 277, Short.MAX_VALUE)))&#10;                .add(149, 149, 149))&#10;        );&#10;        jPanel2Layout.setVerticalGroup(&#10;            jPanel2Layout.createParallelGroup(org.jdesktop.layout.GroupLayout.LEADING)&#10;            .add(jPanel2Layout.createSequentialGroup()&#10;                .add(jPanel2Layout.createParallelGroup(org.jdesktop.layout.GroupLayout.BASELINE)&#10;                    .add(jLabel4)&#10;                    .add(jLabel6)&#10;                    .add(jTextField3, org.jdesktop.layout.GroupLayout.PREFERRED_SIZE, org.jdesktop.layout.GroupLayout.DEFAULT_SIZE, org.jdesktop.layout.GroupLayout.PREFERRED_SIZE)&#10;                    .add(jTextField1, org.jdesktop.layout.GroupLayout.PREFERRED_SIZE, org.jdesktop.layout.GroupLayout.DEFAULT_SIZE, org.jdesktop.layout.GroupLayout.PREFERRED_SIZE)&#10;                    .add(jLabel17))&#10;                .addPreferredGap(org.jdesktop.layout.LayoutStyle.RELATED)&#10;                .add(jPanel2Layout.createParallelGroup(org.jdesktop.layout.GroupLayout.BASELINE)&#10;                    .add(jLabel5)&#10;                    .add(jTextField2, org.jdesktop.layout.GroupLayout.PREFERRED_SIZE, org.jdesktop.layout.GroupLayout.DEFAULT_SIZE, org.jdesktop.layout.GroupLayout.PREFERRED_SIZE))&#10;                .addContainerGap())&#10;        );&#10;&#10;        jPanel3.setBorder(javax.swing.BorderFactory.createTitledBorder(null, &quot;Class Times&quot;, javax.swing.border.TitledBorder.DEFAULT_JUSTIFICATION, javax.swing.border.TitledBorder.DEFAULT_POSITION, new java.awt.Font(&quot;Tahoma&quot;, 1, 12), new java.awt.Color(0, 0, 255)));&#10;&#10;        jLabel7.setFont(new java.awt.Font(&quot;Arial&quot;, 0, 11));&#10;        jLabel7.setHorizontalAlignment(javax.swing.SwingConstants.CENTER);&#10;        jLabel7.setText(&quot;Monday&quot;);&#10;&#10;        jLabel13.setFont(new java.awt.Font(&quot;Arial&quot;, 0, 11));&#10;        jLabel13.setText(&quot;Start Time:&quot;);&#10;&#10;        jLabel14.setFont(new java.awt.Font(&quot;Arial&quot;, 0, 11));&#10;        jLabel14.setText(&quot;End Time:&quot;);&#10;&#10;        jLabel8.setFont(new java.awt.Font(&quot;Arial&quot;, 0, 11));&#10;        jLabel8.setText(&quot;Tuesday&quot;);&#10;&#10;        jLabel9.setFont(new java.awt.Font(&quot;Arial&quot;, 0, 11));&#10;        jLabel9.setText(&quot;Wednesday&quot;);&#10;&#10;        jLabel10.setFont(new java.awt.Font(&quot;Arial&quot;, 0, 11));&#10;        jLabel10.setText(&quot;Thursday&quot;);&#10;&#10;        jLabel11.setFont(new java.awt.Font(&quot;Arial&quot;, 0, 11));&#10;        jLabel11.setText(&quot;Friday&quot;);&#10;&#10;        jLabel12.setFont(new java.awt.Font(&quot;Arial&quot;, 0, 11));&#10;        jLabel12.setText(&quot;Saturday&quot;);&#10;&#10;        jLabel18.setFont(new java.awt.Font(&quot;Arial&quot;, 2, 11));&#10;        jLabel18.setText(&quot;(In Military Time hh:mm)&quot;);&#10;&#10;        jTextField7.addActionListener(new java.awt.event.ActionListener() {&#10;            public void actionPerformed(java.awt.event.ActionEvent evt) {&#10;                jTextField7ActionPerformed(evt);&#10;            }&#10;        });&#10;&#10;        jTextField9.addActionListener(new java.awt.event.ActionListener() {&#10;            public void actionPerformed(java.awt.event.ActionEvent evt) {&#10;                jTextField9ActionPerformed(evt);&#10;            }&#10;        });&#10;&#10;        jTextField10.addActionListener(new java.awt.event.ActionListener() {&#10;            public void actionPerformed(java.awt.event.ActionEvent evt) {&#10;                jTextField10ActionPerformed(evt);&#10;            }&#10;        });&#10;&#10;        jTextField11.addActionListener(new java.awt.event.ActionListener() {&#10;            public void actionPerformed(java.awt.event.ActionEvent evt) {&#10;                jTextField11ActionPerformed(evt);&#10;            }&#10;        });&#10;&#10;        jTextField12.addActionListener(new java.awt.event.ActionListener() {&#10;            public void actionPerformed(java.awt.event.ActionEvent evt) {&#10;                jTextField12ActionPerformed(evt);&#10;            }&#10;        });&#10;&#10;        jTextField13.addActionListener(new java.awt.event.ActionListener() {&#10;            public void actionPerformed(java.awt.event.ActionEvent evt) {&#10;                jTextField13ActionPerformed(evt);&#10;            }&#10;        });&#10;&#10;        jTextField14.addActionListener(new java.awt.event.ActionListener() {&#10;            public void actionPerformed(java.awt.event.ActionEvent evt) {&#10;                jTextField14ActionPerformed(evt);&#10;            }&#10;        });&#10;&#10;        jTextField15.addActionListener(new java.awt.event.ActionListener() {&#10;            public void actionPerformed(java.awt.event.ActionEvent evt) {&#10;                jTextField15ActionPerformed(evt);&#10;            }&#10;        });&#10;&#10;        org.jdesktop.layout.GroupLayout jPanel3Layout = new org.jdesktop.layout.GroupLayout(jPanel3);&#10;        jPanel3.setLayout(jPanel3Layout);&#10;        jPanel3Layout.setHorizontalGroup(&#10;            jPanel3Layout.createParallelGroup(org.jdesktop.layout.GroupLayout.LEADING)&#10;            .add(jPanel3Layout.createSequentialGroup()&#10;                .add(jPanel3Layout.createParallelGroup(org.jdesktop.layout.GroupLayout.LEADING)&#10;                    .add(jPanel3Layout.createSequentialGroup()&#10;                        .add(jPanel3Layout.createParallelGroup(org.jdesktop.layout.GroupLayout.LEADING)&#10;                            .add(jLabel13)&#10;                            .add(jLabel14))&#10;                        .addPreferredGap(org.jdesktop.layout.LayoutStyle.RELATED)&#10;                        .add(jPanel3Layout.createParallelGroup(org.jdesktop.layout.GroupLayout.CENTER)&#10;                            .add(jTextField10, org.jdesktop.layout.GroupLayout.PREFERRED_SIZE, 70, org.jdesktop.layout.GroupLayout.PREFERRED_SIZE)&#10;                            .add(jTextField5, org.jdesktop.layout.GroupLayout.DEFAULT_SIZE, 70, Short.MAX_VALUE)&#10;                            .add(jLabel7))&#10;                        .addPreferredGap(org.jdesktop.layout.LayoutStyle.RELATED)&#10;                        .add(jPanel3Layout.createParallelGroup(org.jdesktop.layout.GroupLayout.CENTER)&#10;                            .add(jTextField11, org.jdesktop.layout.GroupLayout.DEFAULT_SIZE, 73, Short.MAX_VALUE)&#10;                            .add(jLabel8)&#10;                            .add(jTextField6, org.jdesktop.layout.GroupLayout.PREFERRED_SIZE, 73, org.jdesktop.layout.GroupLayout.PREFERRED_SIZE))&#10;                        .addPreferredGap(org.jdesktop.layout.LayoutStyle.RELATED)&#10;                        .add(jPanel3Layout.createParallelGroup(org.jdesktop.layout.GroupLayout.CENTER)&#10;                            .add(jTextField12, org.jdesktop.layout.GroupLayout.DEFAULT_SIZE, 72, Short.MAX_VALUE)&#10;                            .add(jLabel9)&#10;                            .add(jTextField7, org.jdesktop.layout.GroupLayout.PREFERRED_SIZE, 72, org.jdesktop.layout.GroupLayout.PREFERRED_SIZE))&#10;                        .addPreferredGap(org.jdesktop.layout.LayoutStyle.RELATED)&#10;                        .add(jPanel3Layout.createParallelGroup(org.jdesktop.layout.GroupLayout.CENTER)&#10;                            .add(jTextField13, org.jdesktop.layout.GroupLayout.DEFAULT_SIZE, 70, Short.MAX_VALUE)&#10;                            .add(jLabel10)&#10;                            .add(jTextField8, org.jdesktop.layout.GroupLayout.PREFERRED_SIZE, 70, org.jdesktop.layout.GroupLayout.PREFERRED_SIZE))&#10;                        .addPreferredGap(org.jdesktop.layout.LayoutStyle.RELATED)&#10;                        .add(jPanel3Layout.createParallelGroup(org.jdesktop.layout.GroupLayout.CENTER)&#10;                            .add(jTextField14, org.jdesktop.layout.GroupLayout.DEFAULT_SIZE, 75, Short.MAX_VALUE)&#10;                            .add(jLabel11)&#10;                            .add(jTextField9, org.jdesktop.layout.GroupLayout.PREFERRED_SIZE, 75, org.jdesktop.layout.GroupLayout.PREFERRED_SIZE))&#10;                        .addPreferredGap(org.jdesktop.layout.LayoutStyle.RELATED)&#10;                        .add(jPanel3Layout.createParallelGroup(org.jdesktop.layout.GroupLayout.CENTER)&#10;                            .add(jTextField15, org.jdesktop.layout.GroupLayout.DEFAULT_SIZE, 72, Short.MAX_VALUE)&#10;                            .add(jLabel12)&#10;                            .add(jTextField4, org.jdesktop.layout.GroupLayout.PREFERRED_SIZE, 72, org.jdesktop.layout.GroupLayout.PREFERRED_SIZE)))&#10;                    .add(jPanel3Layout.createSequentialGroup()&#10;                        .addContainerGap()&#10;                        .add(jLabel18)))&#10;                .addContainerGap())&#10;        );&#10;        jPanel3Layout.setVerticalGroup(&#10;            jPanel3Layout.createParallelGroup(org.jdesktop.layout.GroupLayout.LEADING)&#10;            .add(jPanel3Layout.createSequentialGroup()&#10;                .add(jPanel3Layout.createParallelGroup(org.jdesktop.layout.GroupLayout.BASELINE)&#10;                    .add(jLabel7)&#10;                    .add(jLabel9)&#10;                    .add(jLabel10)&#10;                    .add(jLabel11)&#10;                    .add(jLabel12)&#10;                    .add(jLabel8))&#10;                .addPreferredGap(org.jdesktop.layout.LayoutStyle.RELATED)&#10;                .add(jPanel3Layout.createParallelGroup(org.jdesktop.layout.GroupLayout.BASELINE)&#10;                    .add(jLabel13)&#10;                    .add(jTextField5, org.jdesktop.layout.GroupLayout.PREFERRED_SIZE, org.jdesktop.layout.GroupLayout.DEFAULT_SIZE, org.jdesktop.layout.GroupLayout.PREFERRED_SIZE)&#10;                    .add(jTextField6, org.jdesktop.layout.GroupLayout.PREFERRED_SIZE, org.jdesktop.layout.GroupLayout.DEFAULT_SIZE, org.jdesktop.layout.GroupLayout.PREFERRED_SIZE)&#10;                    .add(jTextField7, org.jdesktop.layout.GroupLayout.PREFERRED_SIZE, org.jdesktop.layout.GroupLayout.DEFAULT_SIZE, org.jdesktop.layout.GroupLayout.PREFERRED_SIZE)&#10;                    .add(jTextField8, org.jdesktop.layout.GroupLayout.PREFERRED_SIZE, org.jdesktop.layout.GroupLayout.DEFAULT_SIZE, org.jdesktop.layout.GroupLayout.PREFERRED_SIZE)&#10;                    .add(jTextField9, org.jdesktop.layout.GroupLayout.PREFERRED_SIZE, org.jdesktop.layout.GroupLayout.DEFAULT_SIZE, org.jdesktop.layout.GroupLayout.PREFERRED_SIZE)&#10;                    .add(jTextField4, org.jdesktop.layout.GroupLayout.PREFERRED_SIZE, org.jdesktop.layout.GroupLayout.DEFAULT_SIZE, org.jdesktop.layout.GroupLayout.PREFERRED_SIZE))&#10;                .addPreferredGap(org.jdesktop.layout.LayoutStyle.RELATED)&#10;                .add(jLabel18)&#10;                .addPreferredGap(org.jdesktop.layout.LayoutStyle.RELATED)&#10;                .add(jPanel3Layout.createParallelGroup(org.jdesktop.layout.GroupLayout.BASELINE)&#10;                    .add(jLabel14)&#10;                    .add(jTextField15, org.jdesktop.layout.GroupLayout.PREFERRED_SIZE, org.jdesktop.layout.GroupLayout.DEFAULT_SIZE, org.jdesktop.layout.GroupLayout.PREFERRED_SIZE)&#10;                    .add(jTextField14, org.jdesktop.layout.GroupLayout.PREFERRED_SIZE, org.jdesktop.layout.GroupLayout.DEFAULT_SIZE, org.jdesktop.layout.GroupLayout.PREFERRED_SIZE)&#10;                    .add(jTextField13, org.jdesktop.layout.GroupLayout.PREFERRED_SIZE, org.jdesktop.layout.GroupLayout.DEFAULT_SIZE, org.jdesktop.layout.GroupLayout.PREFERRED_SIZE)&#10;                    .add(jTextField12, org.jdesktop.layout.GroupLayout.PREFERRED_SIZE, org.jdesktop.layout.GroupLayout.DEFAULT_SIZE, org.jdesktop.layout.GroupLayout.PREFERRED_SIZE)&#10;                    .add(jTextField11, org.jdesktop.layout.GroupLayout.PREFERRED_SIZE, org.jdesktop.layout.GroupLayout.DEFAULT_SIZE, org.jdesktop.layout.GroupLayout.PREFERRED_SIZE)&#10;                    .add(jTextField10, org.jdesktop.layout.GroupLayout.PREFERRED_SIZE, org.jdesktop.layout.GroupLayout.DEFAULT_SIZE, org.jdesktop.layout.GroupLayout.PREFERRED_SIZE))&#10;                .addContainerGap(13, Short.MAX_VALUE))&#10;        );&#10;&#10;        org.jdesktop.layout.GroupLayout layout = new org.jdesktop.layout.GroupLayout(getContentPane());&#10;        getContentPane().setLayout(layout);&#10;        layout.setHorizontalGroup(&#10;            layout.createParallelGroup(org.jdesktop.layout.GroupLayout.LEADING)&#10;            .add(layout.createSequentialGroup()&#10;                .addContainerGap()&#10;                .add(layout.createParallelGroup(org.jdesktop.layout.GroupLayout.LEADING)&#10;                    .add(org.jdesktop.layout.GroupLayout.TRAILING, layout.createSequentialGroup()&#10;                        .add(jButton2, org.jdesktop.layout.GroupLayout.PREFERRED_SIZE, 67, org.jdesktop.layout.GroupLayout.PREFERRED_SIZE)&#10;                        .addPreferredGap(org.jdesktop.layout.LayoutStyle.UNRELATED)&#10;                        .add(jButton1)&#10;                        .add(8, 8, 8))&#10;                    .add(jPanel1, org.jdesktop.layout.GroupLayout.DEFAULT_SIZE, org.jdesktop.layout.GroupLayout.DEFAULT_SIZE, Short.MAX_VALUE)&#10;                    .add(jPanel2, org.jdesktop.layout.GroupLayout.DEFAULT_SIZE, org.jdesktop.layout.GroupLayout.DEFAULT_SIZE, Short.MAX_VALUE)&#10;                    .add(jPanel3, org.jdesktop.layout.GroupLayout.DEFAULT_SIZE, org.jdesktop.layout.GroupLayout.DEFAULT_SIZE, Short.MAX_VALUE))&#10;                .addContainerGap())&#10;        );&#10;        layout.setVerticalGroup(&#10;            layout.createParallelGroup(org.jdesktop.layout.GroupLayout.LEADING)&#10;            .add(layout.createSequentialGroup()&#10;                .addContainerGap()&#10;                .add(jPanel1, org.jdesktop.layout.GroupLayout.PREFERRED_SIZE, org.jdesktop.layout.GroupLayout.DEFAULT_SIZE, org.jdesktop.layout.GroupLayout.PREFERRED_SIZE)&#10;                .add(18, 18, 18)&#10;                .add(jPanel2, org.jdesktop.layout.GroupLayout.PREFERRED_SIZE, org.jdesktop.layout.GroupLayout.DEFAULT_SIZE, org.jdesktop.layout.GroupLayout.PREFERRED_SIZE)&#10;                .addPreferredGap(org.jdesktop.layout.LayoutStyle.UNRELATED)&#10;                .add(jPanel3, org.jdesktop.layout.GroupLayout.DEFAULT_SIZE, org.jdesktop.layout.GroupLayout.DEFAULT_SIZE, Short.MAX_VALUE)&#10;                .addPreferredGap(org.jdesktop.layout.LayoutStyle.UNRELATED)&#10;                .add(layout.createParallelGroup(org.jdesktop.layout.GroupLayout.BASELINE)&#10;                    .add(jButton1)&#10;                    .add(jButton2))&#10;                .addContainerGap())&#10;        );&#10;&#10;        pack();&#10;    }// &lt;/editor-fold&gt;//GEN-END:initComponents&#10;&#10;    private void jButton2ActionPerformed(java.awt.event.ActionEvent evt) {//GEN-FIRST:event_jButton2ActionPerformed&#10;       dataReceived = true;&#10;       &#10;      setNewCourseStart(jTextField16.getText());&#10;      setNewCourseEnd(jTextField17.getText());&#10;      setNewMonStart(jTextField5.getText());&#10;      setNewMonEnd(jTextField10.getText());&#10;      setNewTueStart(jTextField6.getText());&#10;      setNewTueEnd(jTextField11.getText());&#10;      setNewWedStart(jTextField7.getText());&#10;      setNewWedEnd(jTextField12.getText());&#10;      setNewThuStart(jTextField8.getText());&#10;      setNewThuEnd(jTextField13.getText());&#10;      setNewFriStart(jTextField9.getText());&#10;      setNewFriEnd(jTextField14.getText());&#10;      setNewSatStart(jTextField4.getText());&#10;      setNewSatEnd(jTextField15.getText());&#10;      &#10;      dispose();&#10;    }//GEN-LAST:event_jButton2ActionPerformed&#10;&#10;    private void jButton1ActionPerformed(java.awt.event.ActionEvent evt) {//GEN-FIRST:event_jButton1ActionPerformed&#10;        dispose();&#10;    }//GEN-LAST:event_jButton1ActionPerformed&#10;&#10;    private void jTextField1ActionPerformed(java.awt.event.ActionEvent evt) {//GEN-FIRST:event_jTextField1ActionPerformed&#10;        // TODO add your handling code here:&#10;    }//GEN-LAST:event_jTextField1ActionPerformed&#10;&#10;    private void jTextField2ActionPerformed(java.awt.event.ActionEvent evt) {//GEN-FIRST:event_jTextField2ActionPerformed&#10;        // TODO add your handling code here:&#10;    }//GEN-LAST:event_jTextField2ActionPerformed&#10;&#10;    private void jTextField7ActionPerformed(java.awt.event.ActionEvent evt) {//GEN-FIRST:event_jTextField7ActionPerformed&#10;        // TODO add your handling code here:&#10;    }//GEN-LAST:event_jTextField7ActionPerformed&#10;&#10;    private void jTextField9ActionPerformed(java.awt.event.ActionEvent evt) {//GEN-FIRST:event_jTextField9ActionPerformed&#10;        // TODO add your handling code here:&#10;    }//GEN-LAST:event_jTextField9ActionPerformed&#10;&#10;    private void jTextField10ActionPerformed(java.awt.event.ActionEvent evt) {//GEN-FIRST:event_jTextField10ActionPerformed&#10;        // TODO add your handling code here:&#10;    }//GEN-LAST:event_jTextField10ActionPerformed&#10;&#10;    private void jTextField11ActionPerformed(java.awt.event.ActionEvent evt) {//GEN-FIRST:event_jTextField11ActionPerformed&#10;        // TODO add your handling code here:&#10;    }//GEN-LAST:event_jTextField11ActionPerformed&#10;&#10;    private void jTextField12ActionPerformed(java.awt.event.ActionEvent evt) {//GEN-FIRST:event_jTextField12ActionPerformed&#10;        // TODO add your handling code here:&#10;    }//GEN-LAST:event_jTextField12ActionPerformed&#10;&#10;    private void jTextField13ActionPerformed(java.awt.event.ActionEvent evt) {//GEN-FIRST:event_jTextField13ActionPerformed&#10;        // TODO add your handling code here:&#10;    }//GEN-LAST:event_jTextField13ActionPerformed&#10;&#10;    private void jTextField14ActionPerformed(java.awt.event.ActionEvent evt) {//GEN-FIRST:event_jTextField14ActionPerformed&#10;        // TODO add your handling code here:&#10;    }//GEN-LAST:event_jTextField14ActionPerformed&#10;&#10;    private void jTextField15ActionPerformed(java.awt.event.ActionEvent evt) {//GEN-FIRST:event_jTextField15ActionPerformed&#10;        // TODO add your handling code here:&#10;    }//GEN-LAST:event_jTextField15ActionPerformed&#10;    &#10;    /**&#10;     * @param args the command line arguments&#10;     */&#10;    public void launchEdit(int courseID, String courseSubj, String courseName, String semester,&#10;            String startDate, String endDate, String startMon, String endMon,&#10;            String startTue, String endTue, String startWed, String endWed, String startThu, String endThu, &#10;            String startFri, String endFri, String startSat, String endSat) &#10;    {&#10;        setDefCourseID(courseID);&#10;        defSub = courseSubj;&#10;        defSemester = semester;&#10;        defCourseName = courseName;&#10;        defCourseStart = startDate;&#10;        defCourseEnd = endDate;&#10;        defMonStart = startMon;&#10;        defMonEnd = endMon;&#10;        defTueStart = startTue;&#10;        defTueEnd = endTue;&#10;        defWedStart = startWed;&#10;        defWedEnd = endWed;&#10;        defThuStart = startThu;&#10;        defThuEnd = endThu;&#10;        defFriStart = startFri;&#10;        defFriEnd = endFri;&#10;        defSatStart = startSat;&#10;        defSatEnd = endSat;&#10;        System.out.println(&quot;Course Name In Edit Sched: &quot; +defCourseName);&#10;        java.awt.EventQueue.invokeLater(new Runnable() {&#10;            public void run() {&#10;                new PrefilledScheduleForm().setVisible(true);&#10;            }&#10;        });&#10;    }&#10;    &#10;    public static int getDefCourseID() {&#10;&#9;&#9;return defCourseID;&#10;&#9;}&#10;&#9;public static void setDefCourseID(int defCourseID) {&#10;&#9;&#9;PrefilledScheduleForm.defCourseID = defCourseID;&#10;&#9;}&#10;&#10;&#9;public static String getNewCourseEnd() {&#10;&#9;&#9;return newCourseEnd;&#10;&#9;}&#10;&#9;public static void setNewCourseEnd(String newCourseEnd) {&#10;&#9;&#9;PrefilledScheduleForm.newCourseEnd = newCourseEnd;&#10;&#9;}&#10;&#10;&#9;public static String getNewCourseStart() {&#10;&#9;&#9;return newCourseStart;&#10;&#9;}&#10;&#9;public static void setNewCourseStart(String newCourseStart) {&#10;&#9;&#9;PrefilledScheduleForm.newCourseStart = newCourseStart;&#10;&#9;}&#10;&#10;&#9;public static String getNewMonStart() {&#10;&#9;&#9;return newMonStart;&#10;&#9;}&#10;&#9;public static void setNewMonStart(String newMonStart) {&#10;&#9;&#9;PrefilledScheduleForm.newMonStart = newMonStart;&#10;&#9;}&#10;&#10;&#9;public static String getNewTueEnd() {&#10;&#9;&#9;return newTueEnd;&#10;&#9;}&#10;&#9;public static void setNewTueEnd(String newTueEnd) {&#10;&#9;&#9;PrefilledScheduleForm.newTueEnd = newTueEnd;&#10;&#9;}&#10;&#10;&#9;public static String getNewTueStart() {&#10;&#9;&#9;return newTueStart;&#10;&#9;}&#10;&#9;public static void setNewTueStart(String newTueStart) {&#10;&#9;&#9;PrefilledScheduleForm.newTueStart = newTueStart;&#10;&#9;}&#10;&#10;&#9;public static String getNewMonEnd() {&#10;&#9;&#9;return newMonEnd;&#10;&#9;}&#10;&#9;public static void setNewMonEnd(String newMonEnd) {&#10;&#9;&#9;PrefilledScheduleForm.newMonEnd = newMonEnd;&#10;&#9;}&#10;&#10;&#9;public static String getNewWedEnd() {&#10;&#9;&#9;return newWedEnd;&#10;&#9;}&#10;&#9;public static void setNewWedEnd(String newWedEnd) {&#10;&#9;&#9;PrefilledScheduleForm.newWedEnd = newWedEnd;&#10;&#9;}&#10;&#10;&#9;public static String getNewThuEnd() {&#10;&#9;&#9;return newThuEnd;&#10;&#9;}&#10;&#9;public static void setNewThuEnd(String newThuEnd) {&#10;&#9;&#9;PrefilledScheduleForm.newThuEnd = newThuEnd;&#10;&#9;}&#10;&#10;&#9;public static String getNewThuStart() {&#10;&#9;&#9;return newThuStart;&#10;&#9;}&#10;&#9;public static void setNewThuStart(String newThuStart) {&#10;&#9;&#9;PrefilledScheduleForm.newThuStart = newThuStart;&#10;&#9;}&#10;&#10;&#9;public static String getNewWedStart() {&#10;&#9;&#9;return newWedStart;&#10;&#9;}&#10;&#9;public static void setNewWedStart(String newWedStart) {&#10;&#9;&#9;PrefilledScheduleForm.newWedStart = newWedStart;&#10;&#9;}&#10;&#10;&#9;public static String getNewFriStart() {&#10;&#9;&#9;return newFriStart;&#10;&#9;}&#10;&#9;public static void setNewFriStart(String newFriStart) {&#10;&#9;&#9;PrefilledScheduleForm.newFriStart = newFriStart;&#10;&#9;}&#10;&#10;&#9;public static String getNewSatEnd() {&#10;&#9;&#9;return newSatEnd;&#10;&#9;}&#10;&#9;public static void setNewSatEnd(String newSatEnd) {&#10;&#9;&#9;PrefilledScheduleForm.newSatEnd = newSatEnd;&#10;&#9;}&#10;&#10;&#9;public static String getNewFriEnd() {&#10;&#9;&#9;return newFriEnd;&#10;&#9;}&#10;&#9;public static void setNewFriEnd(String newFriEnd) {&#10;&#9;&#9;PrefilledScheduleForm.newFriEnd = newFriEnd;&#10;&#9;}&#10;&#10;&#9;public static String getNewSatStart() {&#10;&#9;&#9;return newSatStart;&#10;&#9;}&#10;&#9;public static void setNewSatStart(String newSatStart) {&#10;&#9;&#9;PrefilledScheduleForm.newSatStart = newSatStart;&#10;&#9;}&#10;&#10;&#9;// Variables declaration - do not modify//GEN-BEGIN:variables&#10;    private javax.swing.JButton jButton1;&#10;    private javax.swing.JButton jButton2;&#10;    private javax.swing.JComboBox jComboBox1;&#10;    private javax.swing.JLabel jLabel1;&#10;    private javax.swing.JLabel jLabel10;&#10;    private javax.swing.JLabel jLabel11;&#10;    private javax.swing.JLabel jLabel12;&#10;    private javax.swing.JLabel jLabel13;&#10;    private javax.swing.JLabel jLabel14;&#10;    private javax.swing.JLabel jLabel15;&#10;    private javax.swing.JLabel jLabel16;&#10;    private javax.swing.JLabel jLabel17;&#10;    private javax.swing.JLabel jLabel18;&#10;    private javax.swing.JLabel jLabel2;&#10;    private javax.swing.JLabel jLabel3;&#10;    private javax.swing.JLabel jLabel4;&#10;    private javax.swing.JLabel jLabel5;&#10;    private javax.swing.JLabel jLabel6;&#10;    private javax.swing.JLabel jLabel7;&#10;    private javax.swing.JLabel jLabel8;&#10;    private javax.swing.JLabel jLabel9;&#10;    private javax.swing.JPanel jPanel1;&#10;    private javax.swing.JPanel jPanel2;&#10;    private javax.swing.JPanel jPanel3;&#10;    private javax.swing.JTextField jTextField1;&#10;    private javax.swing.JTextField jTextField10;&#10;    private javax.swing.JTextField jTextField11;&#10;    private javax.swing.JTextField jTextField12;&#10;    private javax.swing.JTextField jTextField13;&#10;    private javax.swing.JTextField jTextField14;&#10;    private javax.swing.JTextField jTextField15;&#10;    private javax.swing.JTextField jTextField16;&#10;    private javax.swing.JTextField jTextField17;&#10;    private javax.swing.JTextField jTextField2;&#10;    private javax.swing.JTextField jTextField3;&#10;    private javax.swing.JTextField jTextField4;&#10;    private javax.swing.JTextField jTextField5;&#10;    private javax.swing.JTextField jTextField6;&#10;    private javax.swing.JTextField jTextField7;&#10;    private javax.swing.JTextField jTextField8;&#10;    private javax.swing.JTextField jTextField9;&#10;    // End of variables declaration//GEN-END:variables&#10;    &#10;}&#10;" Filename="PrefilledScheduleForm.java" Intrnl_Id="6"/>
<SrcFile Content="/*&#10; * ScheduleSetupUI2.java&#10; *&#10; * Created on April 13, 2008, 2:41 PM&#10; */&#10;&#10;package my.PSM.PSM_Interface;&#10;&#10;/**&#10; *&#10; * @author  Kurt&#10; */&#10;public class ScheduleForm extends javax.swing.JFrame {&#10;    &#10;      private static int newCourseID;&#10;      private static String newSub;&#10;      private static String newSemester;&#10;      private static String newCourseName;&#10;      private static String newCourseStart;&#10;      private static String newCourseEnd;&#10;      private static String newMonStart;&#10;      private static String newMonEnd;&#10;      private static String newTueStart;&#10;      private static String newTueEnd;&#10;      private static String newWedStart;&#10;      private static String newWedEnd;&#10;      private static String newThuStart;&#10;      private static String newThuEnd;&#10;      private static String newFriStart;&#10;      private static String newFriEnd;&#10;      private static String newSatStart;&#10;      private static String newSatEnd;&#10;      &#10;      private static boolean dataReceived;&#10;     &#10;    &#10;    /** Creates new form ScheduleSetupUI2 */&#10;    public ScheduleForm() {&#10;        initComponents();&#10;    }&#10;    &#10;    public boolean dataRec()&#10;    {&#10;        return dataReceived;&#10;    }&#10;    public void setDataRec(boolean condition)&#10;    {&#10;        dataReceived = condition;       &#10;    }&#10;      &#10;      &#10;    /** This method is called from within the constructor to&#10;     * initialize the form.&#10;     * WARNING: Do NOT modify this code. The content of this method is&#10;     * always regenerated by the Form Editor.&#10;     */&#10;    // &lt;editor-fold defaultstate=&quot;collapsed&quot; desc=&quot;Generated Code&quot;&gt;//GEN-BEGIN:initComponents&#10;    private void initComponents() {&#10;&#10;        jButton2 = new javax.swing.JButton();&#10;        jButton1 = new javax.swing.JButton();&#10;        jPanel1 = new javax.swing.JPanel();&#10;        jLabel1 = new javax.swing.JLabel();&#10;        jComboBox1 = new javax.swing.JComboBox();&#10;        jLabel2 = new javax.swing.JLabel();&#10;        jLabel3 = new javax.swing.JLabel();&#10;        jLabel15 = new javax.swing.JLabel();&#10;        jLabel16 = new javax.swing.JLabel();&#10;        jTextField16 = new javax.swing.JTextField();&#10;        jTextField17 = new javax.swing.JTextField();&#10;        jPanel2 = new javax.swing.JPanel();&#10;        jLabel4 = new javax.swing.JLabel();&#10;        jLabel5 = new javax.swing.JLabel();&#10;        jLabel6 = new javax.swing.JLabel();&#10;        jTextField1 = new javax.swing.JTextField();&#10;        jTextField3 = new javax.swing.JTextField();&#10;        jTextField2 = new javax.swing.JTextField();&#10;        jLabel17 = new javax.swing.JLabel();&#10;        jPanel3 = new javax.swing.JPanel();&#10;        jLabel7 = new javax.swing.JLabel();&#10;        jLabel13 = new javax.swing.JLabel();&#10;        jLabel14 = new javax.swing.JLabel();&#10;        jLabel8 = new javax.swing.JLabel();&#10;        jLabel9 = new javax.swing.JLabel();&#10;        jLabel10 = new javax.swing.JLabel();&#10;        jLabel11 = new javax.swing.JLabel();&#10;        jLabel12 = new javax.swing.JLabel();&#10;        jLabel18 = new javax.swing.JLabel();&#10;        jTextField4 = new javax.swing.JTextField();&#10;        jTextField5 = new javax.swing.JTextField();&#10;        jTextField6 = new javax.swing.JTextField();&#10;        jTextField7 = new javax.swing.JTextField();&#10;        jTextField8 = new javax.swing.JTextField();&#10;        jTextField9 = new javax.swing.JTextField();&#10;        jTextField10 = new javax.swing.JTextField();&#10;        jTextField11 = new javax.swing.JTextField();&#10;        jTextField12 = new javax.swing.JTextField();&#10;        jTextField13 = new javax.swing.JTextField();&#10;        jTextField14 = new javax.swing.JTextField();&#10;        jTextField15 = new javax.swing.JTextField();&#10;&#10;        setDefaultCloseOperation(javax.swing.WindowConstants.DISPOSE_ON_CLOSE);&#10;        setTitle(&quot;Schedule Setup&quot;);&#10;        setCursor(new java.awt.Cursor(java.awt.Cursor.DEFAULT_CURSOR));&#10;&#10;        jButton2.setFont(new java.awt.Font(&quot;Arial&quot;, 0, 11));&#10;        jButton2.setText(&quot;Save&quot;);&#10;        jButton2.addActionListener(new java.awt.event.ActionListener() {&#10;            public void actionPerformed(java.awt.event.ActionEvent evt) {&#10;                jButton2ActionPerformed(evt);&#10;            }&#10;        });&#10;&#10;        jButton1.setFont(new java.awt.Font(&quot;Arial&quot;, 0, 11));&#10;        jButton1.setText(&quot;Cancel&quot;);&#10;        jButton1.addActionListener(new java.awt.event.ActionListener() {&#10;            public void actionPerformed(java.awt.event.ActionEvent evt) {&#10;                jButton1ActionPerformed(evt);&#10;            }&#10;        });&#10;&#10;        jPanel1.setBorder(javax.swing.BorderFactory.createTitledBorder(null, &quot;Semester Information&quot;, javax.swing.border.TitledBorder.DEFAULT_JUSTIFICATION, javax.swing.border.TitledBorder.DEFAULT_POSITION, new java.awt.Font(&quot;Tahoma&quot;, 1, 12), new java.awt.Color(0, 0, 255)));&#10;&#10;        jLabel1.setFont(new java.awt.Font(&quot;Arial&quot;, 0, 12));&#10;        jLabel1.setText(&quot;Semester:&quot;);&#10;&#10;        jComboBox1.setFont(new java.awt.Font(&quot;Arial&quot;, 0, 11));&#10;        jComboBox1.setModel(new javax.swing.DefaultComboBoxModel(new String[] { &quot;Select Semester&quot;, &quot;Fall&quot;, &quot;Spring&quot;, &quot;Summer A&quot;, &quot;Summer B&quot;, &quot;Summer C&quot; }));&#10;        jComboBox1.addActionListener(new java.awt.event.ActionListener() {&#10;            public void actionPerformed(java.awt.event.ActionEvent evt) {&#10;                jComboBox1ActionPerformed(evt);&#10;            }&#10;        });&#10;&#10;        jLabel2.setFont(new java.awt.Font(&quot;Arial&quot;, 0, 12));&#10;        jLabel2.setText(&quot;Start Date:&quot;);&#10;&#10;        jLabel3.setFont(new java.awt.Font(&quot;Arial&quot;, 0, 12));&#10;        jLabel3.setText(&quot;End Date:&quot;);&#10;&#10;        jLabel15.setFont(new java.awt.Font(&quot;Arial&quot;, 2, 10));&#10;        jLabel15.setText(&quot;(m/dd/yy)&quot;);&#10;&#10;        jLabel16.setFont(new java.awt.Font(&quot;Arial&quot;, 2, 10));&#10;        jLabel16.setText(&quot;(m/dd/yy)&quot;);&#10;&#10;        org.jdesktop.layout.GroupLayout jPanel1Layout = new org.jdesktop.layout.GroupLayout(jPanel1);&#10;        jPanel1.setLayout(jPanel1Layout);&#10;        jPanel1Layout.setHorizontalGroup(&#10;            jPanel1Layout.createParallelGroup(org.jdesktop.layout.GroupLayout.LEADING)&#10;            .add(jPanel1Layout.createSequentialGroup()&#10;                .addContainerGap()&#10;                .add(jPanel1Layout.createParallelGroup(org.jdesktop.layout.GroupLayout.LEADING)&#10;                    .add(jLabel1)&#10;                    .add(jLabel2))&#10;                .addPreferredGap(org.jdesktop.layout.LayoutStyle.RELATED)&#10;                .add(jPanel1Layout.createParallelGroup(org.jdesktop.layout.GroupLayout.LEADING)&#10;                    .add(jPanel1Layout.createSequentialGroup()&#10;                        .add(jTextField16, org.jdesktop.layout.GroupLayout.PREFERRED_SIZE, 88, org.jdesktop.layout.GroupLayout.PREFERRED_SIZE)&#10;                        .addPreferredGap(org.jdesktop.layout.LayoutStyle.UNRELATED)&#10;                        .add(jLabel15)&#10;                        .addPreferredGap(org.jdesktop.layout.LayoutStyle.RELATED, 67, Short.MAX_VALUE)&#10;                        .add(jLabel3)&#10;                        .addPreferredGap(org.jdesktop.layout.LayoutStyle.RELATED)&#10;                        .add(jTextField17, org.jdesktop.layout.GroupLayout.PREFERRED_SIZE, 100, org.jdesktop.layout.GroupLayout.PREFERRED_SIZE)&#10;                        .addPreferredGap(org.jdesktop.layout.LayoutStyle.UNRELATED)&#10;                        .add(jLabel16)&#10;                        .addContainerGap(41, Short.MAX_VALUE))&#10;                    .add(jPanel1Layout.createSequentialGroup()&#10;                        .add(jComboBox1, org.jdesktop.layout.GroupLayout.PREFERRED_SIZE, 105, org.jdesktop.layout.GroupLayout.PREFERRED_SIZE)&#10;                        .addContainerGap(351, Short.MAX_VALUE))))&#10;        );&#10;        jPanel1Layout.setVerticalGroup(&#10;            jPanel1Layout.createParallelGroup(org.jdesktop.layout.GroupLayout.LEADING)&#10;            .add(jPanel1Layout.createSequentialGroup()&#10;                .addContainerGap()&#10;                .add(jPanel1Layout.createParallelGroup(org.jdesktop.layout.GroupLayout.BASELINE)&#10;                    .add(jLabel1)&#10;                    .add(jComboBox1, org.jdesktop.layout.GroupLayout.PREFERRED_SIZE, org.jdesktop.layout.GroupLayout.DEFAULT_SIZE, org.jdesktop.layout.GroupLayout.PREFERRED_SIZE))&#10;                .addPreferredGap(org.jdesktop.layout.LayoutStyle.RELATED, 17, Short.MAX_VALUE)&#10;                .add(jPanel1Layout.createParallelGroup(org.jdesktop.layout.GroupLayout.BASELINE)&#10;                    .add(jLabel2)&#10;                    .add(jLabel15)&#10;                    .add(jLabel16)&#10;                    .add(jLabel3)&#10;                    .add(jTextField16, org.jdesktop.layout.GroupLayout.PREFERRED_SIZE, org.jdesktop.layout.GroupLayout.DEFAULT_SIZE, org.jdesktop.layout.GroupLayout.PREFERRED_SIZE)&#10;                    .add(jTextField17, org.jdesktop.layout.GroupLayout.PREFERRED_SIZE, org.jdesktop.layout.GroupLayout.DEFAULT_SIZE, org.jdesktop.layout.GroupLayout.PREFERRED_SIZE))&#10;                .add(11, 11, 11))&#10;        );&#10;&#10;        jPanel2.setBorder(javax.swing.BorderFactory.createTitledBorder(null, &quot;Class Information&quot;, javax.swing.border.TitledBorder.DEFAULT_JUSTIFICATION, javax.swing.border.TitledBorder.DEFAULT_POSITION, new java.awt.Font(&quot;Tahoma&quot;, 1, 12), new java.awt.Color(0, 0, 255)));&#10;&#10;        jLabel4.setFont(new java.awt.Font(&quot;Arial&quot;, 0, 12));&#10;        jLabel4.setText(&quot;Subject:&quot;);&#10;&#10;        jLabel5.setFont(new java.awt.Font(&quot;Arial&quot;, 0, 12));&#10;        jLabel5.setText(&quot;Course Name:&quot;);&#10;&#10;        jLabel6.setFont(new java.awt.Font(&quot;Arial&quot;, 0, 12));&#10;        jLabel6.setText(&quot;Course Number:&quot;);&#10;&#10;        jTextField1.addActionListener(new java.awt.event.ActionListener() {&#10;            public void actionPerformed(java.awt.event.ActionEvent evt) {&#10;                jTextField1ActionPerformed(evt);&#10;            }&#10;        });&#10;&#10;        jTextField2.addActionListener(new java.awt.event.ActionListener() {&#10;            public void actionPerformed(java.awt.event.ActionEvent evt) {&#10;                jTextField2ActionPerformed(evt);&#10;            }&#10;        });&#10;&#10;        jLabel17.setFont(new java.awt.Font(&quot;Arial&quot;, 2, 10));&#10;        jLabel17.setText(&quot;(XXX)&quot;);&#10;&#10;        org.jdesktop.layout.GroupLayout jPanel2Layout = new org.jdesktop.layout.GroupLayout(jPanel2);&#10;        jPanel2.setLayout(jPanel2Layout);&#10;        jPanel2Layout.setHorizontalGroup(&#10;            jPanel2Layout.createParallelGroup(org.jdesktop.layout.GroupLayout.LEADING)&#10;            .add(jPanel2Layout.createSequentialGroup()&#10;                .addContainerGap()&#10;                .add(jPanel2Layout.createParallelGroup(org.jdesktop.layout.GroupLayout.LEADING)&#10;                    .add(jPanel2Layout.createSequentialGroup()&#10;                        .add(jLabel4)&#10;                        .addPreferredGap(org.jdesktop.layout.LayoutStyle.UNRELATED)&#10;                        .add(jTextField1, org.jdesktop.layout.GroupLayout.PREFERRED_SIZE, 41, org.jdesktop.layout.GroupLayout.PREFERRED_SIZE)&#10;                        .addPreferredGap(org.jdesktop.layout.LayoutStyle.RELATED)&#10;                        .add(jLabel17)&#10;                        .addPreferredGap(org.jdesktop.layout.LayoutStyle.RELATED, 41, Short.MAX_VALUE)&#10;                        .add(jLabel6)&#10;                        .addPreferredGap(org.jdesktop.layout.LayoutStyle.UNRELATED)&#10;                        .add(jTextField3, org.jdesktop.layout.GroupLayout.PREFERRED_SIZE, 99, org.jdesktop.layout.GroupLayout.PREFERRED_SIZE))&#10;                    .add(jPanel2Layout.createSequentialGroup()&#10;                        .add(jLabel5)&#10;                        .addPreferredGap(org.jdesktop.layout.LayoutStyle.UNRELATED)&#10;                        .add(jTextField2, org.jdesktop.layout.GroupLayout.DEFAULT_SIZE, 277, Short.MAX_VALUE)))&#10;                .add(149, 149, 149))&#10;        );&#10;        jPanel2Layout.setVerticalGroup(&#10;            jPanel2Layout.createParallelGroup(org.jdesktop.layout.GroupLayout.LEADING)&#10;            .add(jPanel2Layout.createSequentialGroup()&#10;                .add(jPanel2Layout.createParallelGroup(org.jdesktop.layout.GroupLayout.BASELINE)&#10;                    .add(jLabel4)&#10;                    .add(jLabel6)&#10;                    .add(jTextField3, org.jdesktop.layout.GroupLayout.PREFERRED_SIZE, org.jdesktop.layout.GroupLayout.DEFAULT_SIZE, org.jdesktop.layout.GroupLayout.PREFERRED_SIZE)&#10;                    .add(jTextField1, org.jdesktop.layout.GroupLayout.PREFERRED_SIZE, org.jdesktop.layout.GroupLayout.DEFAULT_SIZE, org.jdesktop.layout.GroupLayout.PREFERRED_SIZE)&#10;                    .add(jLabel17))&#10;                .addPreferredGap(org.jdesktop.layout.LayoutStyle.RELATED)&#10;                .add(jPanel2Layout.createParallelGroup(org.jdesktop.layout.GroupLayout.BASELINE)&#10;                    .add(jLabel5)&#10;                    .add(jTextField2, org.jdesktop.layout.GroupLayout.PREFERRED_SIZE, org.jdesktop.layout.GroupLayout.DEFAULT_SIZE, org.jdesktop.layout.GroupLayout.PREFERRED_SIZE))&#10;                .addContainerGap())&#10;        );&#10;&#10;        jPanel3.setBorder(javax.swing.BorderFactory.createTitledBorder(null, &quot;Class Times&quot;, javax.swing.border.TitledBorder.DEFAULT_JUSTIFICATION, javax.swing.border.TitledBorder.DEFAULT_POSITION, new java.awt.Font(&quot;Tahoma&quot;, 1, 12), new java.awt.Color(0, 0, 255)));&#10;&#10;        jLabel7.setFont(new java.awt.Font(&quot;Arial&quot;, 0, 11));&#10;        jLabel7.setHorizontalAlignment(javax.swing.SwingConstants.CENTER);&#10;        jLabel7.setText(&quot;Monday&quot;);&#10;&#10;        jLabel13.setFont(new java.awt.Font(&quot;Arial&quot;, 0, 11));&#10;        jLabel13.setText(&quot;Start Time:&quot;);&#10;&#10;        jLabel14.setFont(new java.awt.Font(&quot;Arial&quot;, 0, 11));&#10;        jLabel14.setText(&quot;End Time:&quot;);&#10;&#10;        jLabel8.setFont(new java.awt.Font(&quot;Arial&quot;, 0, 11));&#10;        jLabel8.setText(&quot;Tuesday&quot;);&#10;&#10;        jLabel9.setFont(new java.awt.Font(&quot;Arial&quot;, 0, 11));&#10;        jLabel9.setText(&quot;Wednesday&quot;);&#10;&#10;        jLabel10.setFont(new java.awt.Font(&quot;Arial&quot;, 0, 11));&#10;        jLabel10.setText(&quot;Thursday&quot;);&#10;&#10;        jLabel11.setFont(new java.awt.Font(&quot;Arial&quot;, 0, 11));&#10;        jLabel11.setText(&quot;Friday&quot;);&#10;&#10;        jLabel12.setFont(new java.awt.Font(&quot;Arial&quot;, 0, 11));&#10;        jLabel12.setText(&quot;Saturday&quot;);&#10;&#10;        jLabel18.setFont(new java.awt.Font(&quot;Arial&quot;, 2, 11));&#10;        jLabel18.setText(&quot;(In Military Time hh:mm)&quot;);&#10;&#10;        jTextField7.addActionListener(new java.awt.event.ActionListener() {&#10;            public void actionPerformed(java.awt.event.ActionEvent evt) {&#10;                jTextField7ActionPerformed(evt);&#10;            }&#10;        });&#10;&#10;        jTextField9.addActionListener(new java.awt.event.ActionListener() {&#10;            public void actionPerformed(java.awt.event.ActionEvent evt) {&#10;                jTextField9ActionPerformed(evt);&#10;            }&#10;        });&#10;&#10;        jTextField10.addActionListener(new java.awt.event.ActionListener() {&#10;            public void actionPerformed(java.awt.event.ActionEvent evt) {&#10;                jTextField10ActionPerformed(evt);&#10;            }&#10;        });&#10;&#10;        jTextField11.addActionListener(new java.awt.event.ActionListener() {&#10;            public void actionPerformed(java.awt.event.ActionEvent evt) {&#10;                jTextField11ActionPerformed(evt);&#10;            }&#10;        });&#10;&#10;        jTextField12.addActionListener(new java.awt.event.ActionListener() {&#10;            public void actionPerformed(java.awt.event.ActionEvent evt) {&#10;                jTextField12ActionPerformed(evt);&#10;            }&#10;        });&#10;&#10;        jTextField13.addActionListener(new java.awt.event.ActionListener() {&#10;            public void actionPerformed(java.awt.event.ActionEvent evt) {&#10;                jTextField13ActionPerformed(evt);&#10;            }&#10;        });&#10;&#10;        jTextField14.addActionListener(new java.awt.event.ActionListener() {&#10;            public void actionPerformed(java.awt.event.ActionEvent evt) {&#10;                jTextField14ActionPerformed(evt);&#10;            }&#10;        });&#10;&#10;        jTextField15.addActionListener(new java.awt.event.ActionListener() {&#10;            public void actionPerformed(java.awt.event.ActionEvent evt) {&#10;                jTextField15ActionPerformed(evt);&#10;            }&#10;        });&#10;&#10;        org.jdesktop.layout.GroupLayout jPanel3Layout = new org.jdesktop.layout.GroupLayout(jPanel3);&#10;        jPanel3.setLayout(jPanel3Layout);&#10;        jPanel3Layout.setHorizontalGroup(&#10;            jPanel3Layout.createParallelGroup(org.jdesktop.layout.GroupLayout.LEADING)&#10;            .add(jPanel3Layout.createSequentialGroup()&#10;                .add(jPanel3Layout.createParallelGroup(org.jdesktop.layout.GroupLayout.LEADING)&#10;                    .add(jPanel3Layout.createSequentialGroup()&#10;                        .add(jPanel3Layout.createParallelGroup(org.jdesktop.layout.GroupLayout.LEADING)&#10;                            .add(jLabel13)&#10;                            .add(jLabel14))&#10;                        .addPreferredGap(org.jdesktop.layout.LayoutStyle.RELATED)&#10;                        .add(jPanel3Layout.createParallelGroup(org.jdesktop.layout.GroupLayout.CENTER)&#10;                            .add(jTextField10, org.jdesktop.layout.GroupLayout.PREFERRED_SIZE, 70, org.jdesktop.layout.GroupLayout.PREFERRED_SIZE)&#10;                            .add(jTextField5, org.jdesktop.layout.GroupLayout.DEFAULT_SIZE, 70, Short.MAX_VALUE)&#10;                            .add(jLabel7))&#10;                        .addPreferredGap(org.jdesktop.layout.LayoutStyle.RELATED)&#10;                        .add(jPanel3Layout.createParallelGroup(org.jdesktop.layout.GroupLayout.CENTER)&#10;                            .add(jTextField11, org.jdesktop.layout.GroupLayout.DEFAULT_SIZE, 73, Short.MAX_VALUE)&#10;                            .add(jLabel8)&#10;                            .add(jTextField6, org.jdesktop.layout.GroupLayout.PREFERRED_SIZE, 73, org.jdesktop.layout.GroupLayout.PREFERRED_SIZE))&#10;                        .addPreferredGap(org.jdesktop.layout.LayoutStyle.RELATED)&#10;                        .add(jPanel3Layout.createParallelGroup(org.jdesktop.layout.GroupLayout.CENTER)&#10;                            .add(jTextField12, org.jdesktop.layout.GroupLayout.DEFAULT_SIZE, 72, Short.MAX_VALUE)&#10;                            .add(jLabel9)&#10;                            .add(jTextField7, org.jdesktop.layout.GroupLayout.PREFERRED_SIZE, 72, org.jdesktop.layout.GroupLayout.PREFERRED_SIZE))&#10;                        .addPreferredGap(org.jdesktop.layout.LayoutStyle.RELATED)&#10;                        .add(jPanel3Layout.createParallelGroup(org.jdesktop.layout.GroupLayout.CENTER)&#10;                            .add(jTextField13, org.jdesktop.layout.GroupLayout.DEFAULT_SIZE, 70, Short.MAX_VALUE)&#10;                            .add(jLabel10)&#10;                            .add(jTextField8, org.jdesktop.layout.GroupLayout.PREFERRED_SIZE, 70, org.jdesktop.layout.GroupLayout.PREFERRED_SIZE))&#10;                        .addPreferredGap(org.jdesktop.layout.LayoutStyle.RELATED)&#10;                        .add(jPanel3Layout.createParallelGroup(org.jdesktop.layout.GroupLayout.CENTER)&#10;                            .add(jTextField14, org.jdesktop.layout.GroupLayout.DEFAULT_SIZE, 75, Short.MAX_VALUE)&#10;                            .add(jLabel11)&#10;                            .add(jTextField9, org.jdesktop.layout.GroupLayout.PREFERRED_SIZE, 75, org.jdesktop.layout.GroupLayout.PREFERRED_SIZE))&#10;                        .addPreferredGap(org.jdesktop.layout.LayoutStyle.RELATED)&#10;                        .add(jPanel3Layout.createParallelGroup(org.jdesktop.layout.GroupLayout.CENTER)&#10;                            .add(jTextField15, org.jdesktop.layout.GroupLayout.DEFAULT_SIZE, 72, Short.MAX_VALUE)&#10;                            .add(jLabel12)&#10;                            .add(jTextField4, org.jdesktop.layout.GroupLayout.PREFERRED_SIZE, 72, org.jdesktop.layout.GroupLayout.PREFERRED_SIZE)))&#10;                    .add(jPanel3Layout.createSequentialGroup()&#10;                        .addContainerGap()&#10;                        .add(jLabel18)))&#10;                .addContainerGap())&#10;        );&#10;        jPanel3Layout.setVerticalGroup(&#10;            jPanel3Layout.createParallelGroup(org.jdesktop.layout.GroupLayout.LEADING)&#10;            .add(jPanel3Layout.createSequentialGroup()&#10;                .add(jPanel3Layout.createParallelGroup(org.jdesktop.layout.GroupLayout.BASELINE)&#10;                    .add(jLabel7)&#10;                    .add(jLabel9)&#10;                    .add(jLabel10)&#10;                    .add(jLabel11)&#10;                    .add(jLabel12)&#10;                    .add(jLabel8))&#10;                .addPreferredGap(org.jdesktop.layout.LayoutStyle.RELATED)&#10;                .add(jPanel3Layout.createParallelGroup(org.jdesktop.layout.GroupLayout.BASELINE)&#10;                    .add(jLabel13)&#10;                    .add(jTextField5, org.jdesktop.layout.GroupLayout.PREFERRED_SIZE, org.jdesktop.layout.GroupLayout.DEFAULT_SIZE, org.jdesktop.layout.GroupLayout.PREFERRED_SIZE)&#10;                    .add(jTextField6, org.jdesktop.layout.GroupLayout.PREFERRED_SIZE, org.jdesktop.layout.GroupLayout.DEFAULT_SIZE, org.jdesktop.layout.GroupLayout.PREFERRED_SIZE)&#10;                    .add(jTextField7, org.jdesktop.layout.GroupLayout.PREFERRED_SIZE, org.jdesktop.layout.GroupLayout.DEFAULT_SIZE, org.jdesktop.layout.GroupLayout.PREFERRED_SIZE)&#10;                    .add(jTextField8, org.jdesktop.layout.GroupLayout.PREFERRED_SIZE, org.jdesktop.layout.GroupLayout.DEFAULT_SIZE, org.jdesktop.layout.GroupLayout.PREFERRED_SIZE)&#10;                    .add(jTextField9, org.jdesktop.layout.GroupLayout.PREFERRED_SIZE, org.jdesktop.layout.GroupLayout.DEFAULT_SIZE, org.jdesktop.layout.GroupLayout.PREFERRED_SIZE)&#10;                    .add(jTextField4, org.jdesktop.layout.GroupLayout.PREFERRED_SIZE, org.jdesktop.layout.GroupLayout.DEFAULT_SIZE, org.jdesktop.layout.GroupLayout.PREFERRED_SIZE))&#10;                .addPreferredGap(org.jdesktop.layout.LayoutStyle.RELATED)&#10;                .add(jLabel18)&#10;                .addPreferredGap(org.jdesktop.layout.LayoutStyle.RELATED)&#10;                .add(jPanel3Layout.createParallelGroup(org.jdesktop.layout.GroupLayout.BASELINE)&#10;                    .add(jLabel14)&#10;                    .add(jTextField15, org.jdesktop.layout.GroupLayout.PREFERRED_SIZE, org.jdesktop.layout.GroupLayout.DEFAULT_SIZE, org.jdesktop.layout.GroupLayout.PREFERRED_SIZE)&#10;                    .add(jTextField14, org.jdesktop.layout.GroupLayout.PREFERRED_SIZE, org.jdesktop.layout.GroupLayout.DEFAULT_SIZE, org.jdesktop.layout.GroupLayout.PREFERRED_SIZE)&#10;                    .add(jTextField13, org.jdesktop.layout.GroupLayout.PREFERRED_SIZE, org.jdesktop.layout.GroupLayout.DEFAULT_SIZE, org.jdesktop.layout.GroupLayout.PREFERRED_SIZE)&#10;                    .add(jTextField12, org.jdesktop.layout.GroupLayout.PREFERRED_SIZE, org.jdesktop.layout.GroupLayout.DEFAULT_SIZE, org.jdesktop.layout.GroupLayout.PREFERRED_SIZE)&#10;                    .add(jTextField11, org.jdesktop.layout.GroupLayout.PREFERRED_SIZE, org.jdesktop.layout.GroupLayout.DEFAULT_SIZE, org.jdesktop.layout.GroupLayout.PREFERRED_SIZE)&#10;                    .add(jTextField10, org.jdesktop.layout.GroupLayout.PREFERRED_SIZE, org.jdesktop.layout.GroupLayout.DEFAULT_SIZE, org.jdesktop.layout.GroupLayout.PREFERRED_SIZE))&#10;                .addContainerGap(org.jdesktop.layout.GroupLayout.DEFAULT_SIZE, Short.MAX_VALUE))&#10;        );&#10;&#10;        org.jdesktop.layout.GroupLayout layout = new org.jdesktop.layout.GroupLayout(getContentPane());&#10;        getContentPane().setLayout(layout);&#10;        layout.setHorizontalGroup(&#10;            layout.createParallelGroup(org.jdesktop.layout.GroupLayout.LEADING)&#10;            .add(layout.createSequentialGroup()&#10;                .addContainerGap()&#10;                .add(layout.createParallelGroup(org.jdesktop.layout.GroupLayout.LEADING)&#10;                    .add(org.jdesktop.layout.GroupLayout.TRAILING, layout.createSequentialGroup()&#10;                        .add(jButton2, org.jdesktop.layout.GroupLayout.PREFERRED_SIZE, 67, org.jdesktop.layout.GroupLayout.PREFERRED_SIZE)&#10;                        .addPreferredGap(org.jdesktop.layout.LayoutStyle.UNRELATED)&#10;                        .add(jButton1)&#10;                        .add(8, 8, 8))&#10;                    .add(jPanel1, org.jdesktop.layout.GroupLayout.DEFAULT_SIZE, org.jdesktop.layout.GroupLayout.DEFAULT_SIZE, Short.MAX_VALUE)&#10;                    .add(jPanel2, org.jdesktop.layout.GroupLayout.DEFAULT_SIZE, org.jdesktop.layout.GroupLayout.DEFAULT_SIZE, Short.MAX_VALUE)&#10;                    .add(jPanel3, org.jdesktop.layout.GroupLayout.DEFAULT_SIZE, org.jdesktop.layout.GroupLayout.DEFAULT_SIZE, Short.MAX_VALUE))&#10;                .addContainerGap())&#10;        );&#10;        layout.setVerticalGroup(&#10;            layout.createParallelGroup(org.jdesktop.layout.GroupLayout.LEADING)&#10;            .add(layout.createSequentialGroup()&#10;                .addContainerGap()&#10;                .add(jPanel1, org.jdesktop.layout.GroupLayout.PREFERRED_SIZE, org.jdesktop.layout.GroupLayout.DEFAULT_SIZE, org.jdesktop.layout.GroupLayout.PREFERRED_SIZE)&#10;                .add(18, 18, 18)&#10;                .add(jPanel2, org.jdesktop.layout.GroupLayout.PREFERRED_SIZE, org.jdesktop.layout.GroupLayout.DEFAULT_SIZE, org.jdesktop.layout.GroupLayout.PREFERRED_SIZE)&#10;                .addPreferredGap(org.jdesktop.layout.LayoutStyle.UNRELATED)&#10;                .add(jPanel3, org.jdesktop.layout.GroupLayout.DEFAULT_SIZE, org.jdesktop.layout.GroupLayout.DEFAULT_SIZE, Short.MAX_VALUE)&#10;                .addPreferredGap(org.jdesktop.layout.LayoutStyle.UNRELATED)&#10;                .add(layout.createParallelGroup(org.jdesktop.layout.GroupLayout.BASELINE)&#10;                    .add(jButton1)&#10;                    .add(jButton2))&#10;                .addContainerGap())&#10;        );&#10;&#10;        pack();&#10;    }// &lt;/editor-fold&gt;//GEN-END:initComponents&#10;&#10;    private void jButton2ActionPerformed(java.awt.event.ActionEvent evt) {//GEN-FIRST:event_jButton2ActionPerformed&#10;      &#10;        setNewCourseName(jTextField2.getText());&#10;        setNewCourseID(Integer.parseInt(jTextField3.getText()));&#10;        setNewSub(jTextField1.getText());&#10;        setNewSemester(jComboBox1.getSelectedItem().toString());&#10;        setNewCourseStart(jTextField16.getText());&#10;        setNewCourseEnd(jTextField17.getText());&#10;        setNewMonStart(jTextField5.getText());&#10;        setNewMonEnd(jTextField10.getText());&#10;        setNewTueStart(jTextField6.getText());&#10;        setNewTueEnd(jTextField11.getText());&#10;        setNewWedStart(jTextField7.getText());&#10;        setNewWedEnd(jTextField12.getText());&#10;        setNewThuStart(jTextField8.getText());&#10;        setNewThuEnd(jTextField13.getText());&#10;        setNewFriStart(jTextField9.getText());&#10;        setNewFriEnd(jTextField14.getText());&#10;        setNewSatStart(jTextField4.getText());&#10;        setNewSatEnd(jTextField15.getText());&#10;        &#10;        dataReceived = true;&#10;        dispose();&#10;    }//GEN-LAST:event_jButton2ActionPerformed&#10;&#10;    private void jButton1ActionPerformed(java.awt.event.ActionEvent evt) {//GEN-FIRST:event_jButton1ActionPerformed&#10;        dispose();&#10;    }//GEN-LAST:event_jButton1ActionPerformed&#10;&#10;    private void jComboBox1ActionPerformed(java.awt.event.ActionEvent evt) {//GEN-FIRST:event_jComboBox1ActionPerformed&#10;        // TODO add your handling code here:&#10;    }//GEN-LAST:event_jComboBox1ActionPerformed&#10;&#10;    private void jTextField1ActionPerformed(java.awt.event.ActionEvent evt) {//GEN-FIRST:event_jTextField1ActionPerformed&#10;        // TODO add your handling code here:&#10;    }//GEN-LAST:event_jTextField1ActionPerformed&#10;&#10;    private void jTextField2ActionPerformed(java.awt.event.ActionEvent evt) {//GEN-FIRST:event_jTextField2ActionPerformed&#10;        // TODO add your handling code here:&#10;    }//GEN-LAST:event_jTextField2ActionPerformed&#10;&#10;    private void jTextField7ActionPerformed(java.awt.event.ActionEvent evt) {//GEN-FIRST:event_jTextField7ActionPerformed&#10;        // TODO add your handling code here:&#10;    }//GEN-LAST:event_jTextField7ActionPerformed&#10;&#10;    private void jTextField9ActionPerformed(java.awt.event.ActionEvent evt) {//GEN-FIRST:event_jTextField9ActionPerformed&#10;        // TODO add your handling code here:&#10;    }//GEN-LAST:event_jTextField9ActionPerformed&#10;&#10;    private void jTextField10ActionPerformed(java.awt.event.ActionEvent evt) {//GEN-FIRST:event_jTextField10ActionPerformed&#10;        // TODO add your handling code here:&#10;    }//GEN-LAST:event_jTextField10ActionPerformed&#10;&#10;    private void jTextField11ActionPerformed(java.awt.event.ActionEvent evt) {//GEN-FIRST:event_jTextField11ActionPerformed&#10;        // TODO add your handling code here:&#10;    }//GEN-LAST:event_jTextField11ActionPerformed&#10;&#10;    private void jTextField12ActionPerformed(java.awt.event.ActionEvent evt) {//GEN-FIRST:event_jTextField12ActionPerformed&#10;        // TODO add your handling code here:&#10;    }//GEN-LAST:event_jTextField12ActionPerformed&#10;&#10;    private void jTextField13ActionPerformed(java.awt.event.ActionEvent evt) {//GEN-FIRST:event_jTextField13ActionPerformed&#10;        // TODO add your handling code here:&#10;    }//GEN-LAST:event_jTextField13ActionPerformed&#10;&#10;    private void jTextField14ActionPerformed(java.awt.event.ActionEvent evt) {//GEN-FIRST:event_jTextField14ActionPerformed&#10;        // TODO add your handling code here:&#10;    }//GEN-LAST:event_jTextField14ActionPerformed&#10;&#10;    private void jTextField15ActionPerformed(java.awt.event.ActionEvent evt) {//GEN-FIRST:event_jTextField15ActionPerformed&#10;        // TODO add your handling code here:&#10;    }//GEN-LAST:event_jTextField15ActionPerformed&#10;    &#10;    /**&#10;     * @param args the command line arguments&#10;     */&#10;    public void launchInitial() {&#10;        java.awt.EventQueue.invokeLater(new Runnable() {&#10;            public void run() {&#10;                new ScheduleForm().setVisible(true);&#10;            }&#10;        });&#10;    }&#10;    &#10;    public static int getNewCourseID() {&#10;&#9;&#9;return newCourseID;&#10;&#9;}&#10;&#10;&#9;public static void setNewCourseID(int newCourseID) {&#10;&#9;&#9;ScheduleForm.newCourseID = newCourseID;&#10;&#9;}&#10;&#10;&#9;public static String getNewSub() {&#10;&#9;&#9;return newSub;&#10;&#9;}&#10;&#10;&#9;public static void setNewSub(String newSub) {&#10;&#9;&#9;ScheduleForm.newSub = newSub;&#10;&#9;}&#10;&#10;&#9;public static String getNewCourseName() {&#10;&#9;&#9;return newCourseName;&#10;&#9;}&#10;&#10;&#9;public static void setNewCourseName(String newCourseName) {&#10;&#9;&#9;ScheduleForm.newCourseName = newCourseName;&#10;&#9;}&#10;&#10;&#9;public static String getNewSemester() {&#10;&#9;&#9;return newSemester;&#10;&#9;}&#10;&#10;&#9;public static void setNewSemester(String newSemester) {&#10;&#9;&#9;ScheduleForm.newSemester = newSemester;&#10;&#9;}&#10;&#10;&#9;public static String getNewCourseEnd() {&#10;&#9;&#9;return newCourseEnd;&#10;&#9;}&#10;&#10;&#9;public static void setNewCourseEnd(String newCourseEnd) {&#10;&#9;&#9;ScheduleForm.newCourseEnd = newCourseEnd;&#10;&#9;}&#10;&#10;&#9;public static String getNewMonStart() {&#10;&#9;&#9;return newMonStart;&#10;&#9;}&#10;&#10;&#9;public static void setNewMonStart(String newMonStart) {&#10;&#9;&#9;ScheduleForm.newMonStart = newMonStart;&#10;&#9;}&#10;&#10;&#9;public static String getNewTueStart() {&#10;&#9;&#9;return newTueStart;&#10;&#9;}&#10;&#10;&#9;public static void setNewTueStart(String newTueStart) {&#10;&#9;&#9;ScheduleForm.newTueStart = newTueStart;&#10;&#9;}&#10;&#10;&#9;public String getNewTueEnd() {&#10;&#9;&#9;return newTueEnd;&#10;&#9;}&#10;&#10;&#9;public static void setNewTueEnd(String newTueEnd) {&#10;&#9;&#9;ScheduleForm.newTueEnd = newTueEnd;&#10;&#9;}&#10;&#10;&#9;public static String getNewThuEnd() {&#10;&#9;&#9;return newThuEnd;&#10;&#9;}&#10;&#10;&#9;public static void setNewThuEnd(String newThuEnd) {&#10;&#9;&#9;ScheduleForm.newThuEnd = newThuEnd;&#10;&#9;}&#10;&#10;&#9;public static String getNewThuStart() {&#10;&#9;&#9;return newThuStart;&#10;&#9;}&#10;&#10;&#9;public static void setNewThuStart(String newThuStart) {&#10;&#9;&#9;ScheduleForm.newThuStart = newThuStart;&#10;&#9;}&#10;&#10;&#9;public static String getNewWedEnd() {&#10;&#9;&#9;return newWedEnd;&#10;&#9;}&#10;&#10;&#9;public static void setNewWedEnd(String newWedEnd) {&#10;&#9;&#9;ScheduleForm.newWedEnd = newWedEnd;&#10;&#9;}&#10;&#10;&#9;public static String getNewWedStart() {&#10;&#9;&#9;return newWedStart;&#10;&#9;}&#10;&#10;&#9;public static void setNewWedStart(String newWedStart) {&#10;&#9;&#9;ScheduleForm.newWedStart = newWedStart;&#10;&#9;}&#10;&#10;&#9;public static String getNewFriEnd() {&#10;&#9;&#9;return newFriEnd;&#10;&#9;}&#10;&#10;&#9;public static void setNewFriEnd(String newFriEnd) {&#10;&#9;&#9;ScheduleForm.newFriEnd = newFriEnd;&#10;&#9;}&#10;&#10;&#9;public static String getNewSatEnd() {&#10;&#9;&#9;return newSatEnd;&#10;&#9;}&#10;&#10;&#9;public static void setNewSatEnd(String newSatEnd) {&#10;&#9;&#9;ScheduleForm.newSatEnd = newSatEnd;&#10;&#9;}&#10;&#10;&#9;public static String getNewSatStart() {&#10;&#9;&#9;return newSatStart;&#10;&#9;}&#10;&#10;&#9;public static void setNewSatStart(String newSatStart) {&#10;&#9;&#9;ScheduleForm.newSatStart = newSatStart;&#10;&#9;}&#10;&#10;&#9;public static String getNewFriStart() {&#10;&#9;&#9;return newFriStart;&#10;&#9;}&#10;&#10;&#9;public static void setNewFriStart(String newFriStart) {&#10;&#9;&#9;ScheduleForm.newFriStart = newFriStart;&#10;&#9;}&#10;&#10;&#9;public static String getNewMonEnd() {&#10;&#9;&#9;return newMonEnd;&#10;&#9;}&#10;&#10;&#9;public static void setNewMonEnd(String newMonEnd) {&#10;&#9;&#9;ScheduleForm.newMonEnd = newMonEnd;&#10;&#9;}&#10;&#10;&#9;public static String getNewCourseStart() {&#10;&#9;&#9;return newCourseStart;&#10;&#9;}&#10;&#10;&#9;public static void setNewCourseStart(String newCourseStart) {&#10;&#9;&#9;ScheduleForm.newCourseStart = newCourseStart;&#10;&#9;}&#10;&#10;&#9;// Variables declaration - do not modify//GEN-BEGIN:variables&#10;    private javax.swing.JButton jButton1;&#10;    private javax.swing.JButton jButton2;&#10;    private javax.swing.JComboBox jComboBox1;&#10;    private javax.swing.JLabel jLabel1;&#10;    private javax.swing.JLabel jLabel10;&#10;    private javax.swing.JLabel jLabel11;&#10;    private javax.swing.JLabel jLabel12;&#10;    private javax.swing.JLabel jLabel13;&#10;    private javax.swing.JLabel jLabel14;&#10;    private javax.swing.JLabel jLabel15;&#10;    private javax.swing.JLabel jLabel16;&#10;    private javax.swing.JLabel jLabel17;&#10;    private javax.swing.JLabel jLabel18;&#10;    private javax.swing.JLabel jLabel2;&#10;    private javax.swing.JLabel jLabel3;&#10;    private javax.swing.JLabel jLabel4;&#10;    private javax.swing.JLabel jLabel5;&#10;    private javax.swing.JLabel jLabel6;&#10;    private javax.swing.JLabel jLabel7;&#10;    private javax.swing.JLabel jLabel8;&#10;    private javax.swing.JLabel jLabel9;&#10;    private javax.swing.JPanel jPanel1;&#10;    private javax.swing.JPanel jPanel2;&#10;    private javax.swing.JPanel jPanel3;&#10;    private javax.swing.JTextField jTextField1;&#10;    private javax.swing.JTextField jTextField10;&#10;    private javax.swing.JTextField jTextField11;&#10;    private javax.swing.JTextField jTextField12;&#10;    private javax.swing.JTextField jTextField13;&#10;    private javax.swing.JTextField jTextField14;&#10;    private javax.swing.JTextField jTextField15;&#10;    private javax.swing.JTextField jTextField16;&#10;    private javax.swing.JTextField jTextField17;&#10;    private javax.swing.JTextField jTextField2;&#10;    private javax.swing.JTextField jTextField3;&#10;    private javax.swing.JTextField jTextField4;&#10;    private javax.swing.JTextField jTextField5;&#10;    private javax.swing.JTextField jTextField6;&#10;    private javax.swing.JTextField jTextField7;&#10;    private javax.swing.JTextField jTextField8;&#10;    private javax.swing.JTextField jTextField9;&#10;    // End of variables declaration//GEN-END:variables&#10;    &#10;}&#10;" Filename="ScheduleForm.java" Intrnl_Id="7"/>
<SrcFile Content="/*&#13;&#10; * courseSelect2.java&#13;&#10; *&#13;&#10; * Created on April 13, 2008, 2:52 PM&#13;&#10; */&#13;&#10;&#13;&#10;package my.PSM.PSM_Interface;&#13;&#10;&#13;&#10;import javax.swing.*;&#13;&#10;&#13;&#10;import my.PSM.PSM_Logic.LogicFacade;&#13;&#10;&#13;&#10;/**&#13;&#10; *&#13;&#10; * @author  Kurt&#13;&#10; */&#13;&#10;public class courseSelect extends javax.swing.JFrame {&#13;&#10;    &#13;&#10;    /** Creates new form courseSelect2 */&#13;&#10;   //DBConnection Data = new DBConnection();&#13;&#10;   &#13;&#10;   private static int selection;&#13;&#10;   private static boolean courseSelected;&#13;&#10;   private LogicFacade logicFacade;&#13;&#10;   public String [] listCourses;&#13;&#10;   &#13;&#10;   public courseSelect(LogicFacade lfacade) {&#13;&#10;&#9;   &#13;&#10;&#9;   /*These lines were most likely used to debug*/&#13;&#10;&#9;    logicFacade = lfacade;&#13;&#10;        String ans = lfacade.fetchCourses();&#13;&#10;        //System.out.println(&quot;Result from Fetch: &quot; +ans);&#13;&#10;        listCourses = ans.split(&quot;,&quot;);&#13;&#10;        initComponents();       &#13;&#10;    }&#13;&#10;    &#13;&#10;   public int getSelection()&#13;&#10;    {&#13;&#10;        return selection;&#13;&#10;    }&#13;&#10;   &#13;&#10;   public boolean courseSelected()&#13;&#10;    {&#13;&#10;        return courseSelected;&#13;&#10;    }&#13;&#10;    &#13;&#10;    public void setCourseSelected(boolean condition)&#13;&#10;    {&#13;&#10;        courseSelected = condition;&#13;&#10;    }&#13;&#10;    /** This method is called from within the constructor to&#13;&#10;     * initialize the form.&#13;&#10;     * WARNING: Do NOT modify this code. The content of this method is&#13;&#10;     * always regenerated by the Form Editor.&#13;&#10;     */&#13;&#10;    // &lt;editor-fold defaultstate=&quot;collapsed&quot; desc=&quot;Generated Code&quot;&gt;                          &#13;&#10;    private void initComponents() {&#13;&#10;&#13;&#10;        jPanel1 = new javax.swing.JPanel();&#13;&#10;        jComboBox1 = new javax.swing.JComboBox();&#13;&#10;        jButton1 = new javax.swing.JButton();&#13;&#10;        jButton2 = new javax.swing.JButton();&#13;&#10;&#13;&#10;        setDefaultCloseOperation(javax.swing.WindowConstants.DO_NOTHING_ON_CLOSE);&#13;&#10;        setTitle(&quot;Please Choose&quot;);&#13;&#10;&#13;&#10;        jPanel1.setBorder(javax.swing.BorderFactory.createTitledBorder(null, &quot;Course Select&quot;, javax.swing.border.TitledBorder.DEFAULT_JUSTIFICATION, javax.swing.border.TitledBorder.DEFAULT_POSITION, new java.awt.Font(&quot;Tahoma&quot;, 1, 12), new java.awt.Color(0, 0, 255)));&#13;&#10;&#13;&#10;        jComboBox1.setFont(new java.awt.Font(&quot;Arial&quot;, 0, 11));&#13;&#10;        jComboBox1.setModel(new javax.swing.DefaultComboBoxModel(listCourses));&#13;&#10;        jComboBox1.addActionListener(new java.awt.event.ActionListener() {&#13;&#10;            public void actionPerformed(java.awt.event.ActionEvent evt) {&#13;&#10;                jComboBox1ActionPerformed(evt);&#13;&#10;            }&#13;&#10;        });&#13;&#10;&#13;&#10;        jButton1.setFont(new java.awt.Font(&quot;Arial&quot;, 0, 11));&#13;&#10;        jButton1.setText(&quot;Cancel&quot;);&#13;&#10;        jButton1.addActionListener(new java.awt.event.ActionListener() {&#13;&#10;            public void actionPerformed(java.awt.event.ActionEvent evt) {&#13;&#10;                jButton1ActionPerformed(evt);&#13;&#10;            }&#13;&#10;        });&#13;&#10;&#13;&#10;        jButton2.setFont(new java.awt.Font(&quot;Arial&quot;, 0, 11));&#13;&#10;        jButton2.setText(&quot;Edit&quot;);&#13;&#10;        jButton2.addActionListener(new java.awt.event.ActionListener() {&#13;&#10;            public void actionPerformed(java.awt.event.ActionEvent evt) {&#13;&#10;                jButton2ActionPerformed(evt);&#13;&#10;            }&#13;&#10;        });&#13;&#10;&#13;&#10;        org.jdesktop.layout.GroupLayout jPanel1Layout = new org.jdesktop.layout.GroupLayout(jPanel1);&#13;&#10;        jPanel1.setLayout(jPanel1Layout);&#13;&#10;        jPanel1Layout.setHorizontalGroup(&#13;&#10;            jPanel1Layout.createParallelGroup(org.jdesktop.layout.GroupLayout.LEADING)&#13;&#10;            .add(jPanel1Layout.createSequentialGroup()&#13;&#10;                .addContainerGap()&#13;&#10;                .add(jPanel1Layout.createParallelGroup(org.jdesktop.layout.GroupLayout.LEADING)&#13;&#10;                    .add(jPanel1Layout.createSequentialGroup()&#13;&#10;                        .add(jComboBox1, 0, 208, Short.MAX_VALUE)&#13;&#10;                        .addContainerGap())&#13;&#10;                    .add(org.jdesktop.layout.GroupLayout.TRAILING, jPanel1Layout.createSequentialGroup()&#13;&#10;                        .add(jButton2, org.jdesktop.layout.GroupLayout.PREFERRED_SIZE, 67, org.jdesktop.layout.GroupLayout.PREFERRED_SIZE)&#13;&#10;                        .addPreferredGap(org.jdesktop.layout.LayoutStyle.UNRELATED)&#13;&#10;                        .add(jButton1)&#13;&#10;                        .add(3, 3, 3))))&#13;&#10;        );&#13;&#10;        jPanel1Layout.setVerticalGroup(&#13;&#10;            jPanel1Layout.createParallelGroup(org.jdesktop.layout.GroupLayout.LEADING)&#13;&#10;            .add(jPanel1Layout.createSequentialGroup()&#13;&#10;                .add(33, 33, 33)&#13;&#10;                .add(jComboBox1, org.jdesktop.layout.GroupLayout.PREFERRED_SIZE, org.jdesktop.layout.GroupLayout.DEFAULT_SIZE, org.jdesktop.layout.GroupLayout.PREFERRED_SIZE)&#13;&#10;                .add(40, 40, 40)&#13;&#10;                .add(jPanel1Layout.createParallelGroup(org.jdesktop.layout.GroupLayout.BASELINE)&#13;&#10;                    .add(jButton2)&#13;&#10;                    .add(jButton1))&#13;&#10;                .addContainerGap(org.jdesktop.layout.GroupLayout.DEFAULT_SIZE, Short.MAX_VALUE))&#13;&#10;        );&#13;&#10;&#13;&#10;        org.jdesktop.layout.GroupLayout layout = new org.jdesktop.layout.GroupLayout(getContentPane());&#13;&#10;        getContentPane().setLayout(layout);&#13;&#10;        layout.setHorizontalGroup(&#13;&#10;            layout.createParallelGroup(org.jdesktop.layout.GroupLayout.LEADING)&#13;&#10;            .add(layout.createSequentialGroup()&#13;&#10;                .addContainerGap()&#13;&#10;                .add(jPanel1, org.jdesktop.layout.GroupLayout.DEFAULT_SIZE, org.jdesktop.layout.GroupLayout.DEFAULT_SIZE, Short.MAX_VALUE)&#13;&#10;                .addContainerGap())&#13;&#10;        );&#13;&#10;        layout.setVerticalGroup(&#13;&#10;            layout.createParallelGroup(org.jdesktop.layout.GroupLayout.LEADING)&#13;&#10;            .add(layout.createSequentialGroup()&#13;&#10;                .addContainerGap()&#13;&#10;                .add(jPanel1, org.jdesktop.layout.GroupLayout.DEFAULT_SIZE, org.jdesktop.layout.GroupLayout.DEFAULT_SIZE, Short.MAX_VALUE)&#13;&#10;                .addContainerGap())&#13;&#10;        );&#13;&#10;&#13;&#10;        pack();&#13;&#10;    }// &lt;/editor-fold&gt;                        &#13;&#10;&#13;&#10;    private void jComboBox1ActionPerformed(java.awt.event.ActionEvent evt) {                                           &#13;&#10;        // TODO add your handling code here:&#13;&#10;    }                                          &#13;&#10;&#13;&#10;    private void jButton1ActionPerformed(java.awt.event.ActionEvent evt) {                                         &#13;&#10;        dispose();&#13;&#10;    }                                        &#13;&#10;&#13;&#10;    private void jButton2ActionPerformed(java.awt.event.ActionEvent evt) {                                         &#13;&#10;        System.out.println(&quot;In Button2 ActionPerformed&quot;);&#13;&#10;        courseSelected = true;&#13;&#10;        selection = Integer.parseInt(jComboBox1.getSelectedItem().toString());&#13;&#10;        dispose();&#13;&#10;    }                                        &#13;&#10;    &#13;&#10;    /**&#13;&#10;     * @param args the command line arguments&#13;&#10;     */&#13;&#10;    public void launchCourse() {&#13;&#10;        java.awt.EventQueue.invokeLater(new Runnable() {&#13;&#10;            public void run() {&#13;&#10;                new courseSelect(logicFacade).setVisible(true);&#13;&#10;            }&#13;&#10;        });&#13;&#10;    }&#13;&#10;    &#13;&#10;    // Variables declaration - do not modify                     &#13;&#10;    private javax.swing.JButton jButton1;&#13;&#10;    private javax.swing.JButton jButton2;&#13;&#10;    private javax.swing.JComboBox jComboBox1;&#13;&#10;    private javax.swing.JPanel jPanel1;&#13;&#10;    // End of variables declaration                   &#13;&#10;    &#13;&#10;}&#13;&#10;" Filename="courseSelect.java" Intrnl_Id="8"/>
<SrcFile Content="/*&#10; * endOfClass.java&#10; *&#10; * Created on April 15, 2008, 1:17 PM&#10; */&#10;&#10;package my.PSM.PSM_Interface;&#10;&#10;/**&#10; *&#10; * @author  Kurt&#10; */&#10;public class endOfClass extends javax.swing.JFrame {&#10;    &#10;    /** Creates new form endOfClass */&#10;    public endOfClass() {&#10;        initComponents();&#10;    }&#10;    &#10;    /** This method is called from within the constructor to&#10;     * initialize the form.&#10;     * WARNING: Do NOT modify this code. The content of this method is&#10;     * always regenerated by the Form Editor.&#10;     */&#10;    // &lt;editor-fold defaultstate=&quot;collapsed&quot; desc=&quot;Generated Code&quot;&gt;//GEN-BEGIN:initComponents&#10;    private void initComponents() {&#10;&#10;        jLabel1 = new javax.swing.JLabel();&#10;        jButton1 = new javax.swing.JButton();&#10;&#10;        setDefaultCloseOperation(javax.swing.WindowConstants.EXIT_ON_CLOSE);&#10;&#10;        jLabel1.setFont(new java.awt.Font(&quot;Tahoma&quot;, 0, 12));&#10;        jLabel1.setHorizontalAlignment(javax.swing.SwingConstants.CENTER);&#10;        jLabel1.setText(&quot;End of Class Reached&quot;);&#10;        jLabel1.setBorder(javax.swing.BorderFactory.createTitledBorder(null, &quot;Warning&quot;, javax.swing.border.TitledBorder.DEFAULT_JUSTIFICATION, javax.swing.border.TitledBorder.TOP, new java.awt.Font(&quot;Tahoma&quot;, 1, 12), new java.awt.Color(0, 0, 255)));&#10;        jLabel1.setMaximumSize(new java.awt.Dimension(200, 100));&#10;        jLabel1.setMinimumSize(new java.awt.Dimension(100, 50));&#10;        jLabel1.setName(&quot;Message&quot;); // NOI18N&#10;        jLabel1.setOpaque(true);&#10;        jLabel1.setPreferredSize(new java.awt.Dimension(200, 50));&#10;&#10;        jButton1.setText(&quot;OK&quot;);&#10;&#10;        org.jdesktop.layout.GroupLayout layout = new org.jdesktop.layout.GroupLayout(getContentPane());&#10;        getContentPane().setLayout(layout);&#10;        layout.setHorizontalGroup(&#10;            layout.createParallelGroup(org.jdesktop.layout.GroupLayout.LEADING)&#10;            .add(0, 272, Short.MAX_VALUE)&#10;            .add(0, 272, Short.MAX_VALUE)&#10;            .add(layout.createParallelGroup(org.jdesktop.layout.GroupLayout.LEADING)&#10;                .add(layout.createSequentialGroup()&#10;                    .add(0, 0, Short.MAX_VALUE)&#10;                    .add(layout.createParallelGroup(org.jdesktop.layout.GroupLayout.LEADING)&#10;                        .add(jLabel1, org.jdesktop.layout.GroupLayout.PREFERRED_SIZE, org.jdesktop.layout.GroupLayout.DEFAULT_SIZE, org.jdesktop.layout.GroupLayout.PREFERRED_SIZE)&#10;                        .add(layout.createSequentialGroup()&#10;                            .add(75, 75, 75)&#10;                            .add(jButton1, org.jdesktop.layout.GroupLayout.PREFERRED_SIZE, 57, org.jdesktop.layout.GroupLayout.PREFERRED_SIZE)))&#10;                    .add(0, 0, Short.MAX_VALUE)))&#10;        );&#10;        layout.setVerticalGroup(&#10;            layout.createParallelGroup(org.jdesktop.layout.GroupLayout.LEADING)&#10;            .add(0, 169, Short.MAX_VALUE)&#10;            .add(0, 169, Short.MAX_VALUE)&#10;            .add(layout.createParallelGroup(org.jdesktop.layout.GroupLayout.LEADING)&#10;                .add(layout.createSequentialGroup()&#10;                    .add(0, 0, Short.MAX_VALUE)&#10;                    .add(jLabel1, org.jdesktop.layout.GroupLayout.PREFERRED_SIZE, org.jdesktop.layout.GroupLayout.DEFAULT_SIZE, org.jdesktop.layout.GroupLayout.PREFERRED_SIZE)&#10;                    .add(20, 20, 20)&#10;                    .add(jButton1)&#10;                    .add(0, 0, Short.MAX_VALUE)))&#10;        );&#10;&#10;        pack();&#10;    }// &lt;/editor-fold&gt;//GEN-END:initComponents&#10;    &#10;    /**&#10;     * @param args the command line arguments&#10;     */&#10;    public void launchEnd() {&#10;        java.awt.EventQueue.invokeLater(new Runnable() {&#10;            public void run() {&#10;                new endOfClass().setVisible(true);&#10;            }&#10;        });&#10;    }&#10;    &#10;    // Variables declaration - do not modify//GEN-BEGIN:variables&#10;    private javax.swing.JButton jButton1;&#10;    private javax.swing.JLabel jLabel1;&#10;    // End of variables declaration//GEN-END:variables&#10;    &#10;}&#10;" Filename="endOfClass.java" Intrnl_Id="9"/>
<SrcFile Content="/*&#10; * Authenticate.java&#10; *&#10; * Created on April 8, 2008, 3:25 PM&#10; *&#10; * To change this template, choose Tools | Template Manager&#10; * and open the template in the editor.&#10; */&#10;&#10;package my.PSM.PSM_Logic;&#10;&#10;import my.PSM.PSM_Storage.DataStoreFacade;&#10;&#10;/**&#10; *&#10; * @author lrizo002&#10; */&#10;public class Authenticate {&#10;    &#10;    protected String username;&#10;    protected String password;&#10;    DataStoreFacade db;&#10;    /** Creates a new instance of Authenticate */&#10;    public Authenticate(){&#10;    &#9;db = new DataStoreFacade();&#10;    }&#10;    public Authenticate(String user, String pw) {&#10;        username = user;&#10;        password = pw;&#10;        db = new DataStoreFacade();&#10;        &#10;    }&#10;    public void setCredentials(String user, String pass){&#10;    &#9;username = user;&#10;    &#9;password = pass;&#10;    }&#10;    public boolean validate_Login()&#10;    {&#10;        int state; &#10;        state = db.connect(username,password);          // connect to default database&#10;        if(state == 0)&#10;            return true;&#10;        else&#10;            return false;   &#10;    }&#10;    &#10;    public boolean logout()&#10;    {&#10;        int state;&#10;        state = db.disconnect();&#10;        if(state == 0)&#10;            return true;&#10;        else&#10;            return false;&#10;    }&#10;    &#10;}&#10;" Filename="Authenticate.java" Intrnl_Id="10"/>
<SrcFile Content="/*&#13;&#10; * FutureTimer.java&#13;&#10; *&#13;&#10; * Created on April 17, 2008, 3:33 PM&#13;&#10; *&#13;&#10; * To change this template, choose Tools | Template Manager&#13;&#10; * and open the template in the editor.&#13;&#10; */&#13;&#10;&#13;&#10;package my.PSM.PSM_Logic;&#13;&#10;import java.util.Calendar;&#13;&#10;import java.util.GregorianCalendar;&#13;&#10;import java.util.Timer;&#13;&#10;import java.util.TimerTask;&#13;&#10;import java.util.Date;&#13;&#10;&#13;&#10;/**&#13;&#10; *&#13;&#10; * @author lrizo002&#13;&#10; */&#13;&#10;public class FutureTimer extends Timer {&#13;&#10;    &#13;&#10;    public void schedule(TimerTask task, Date myDate)&#13;&#10;    {&#13;&#10;       &#13;&#10;        Calendar cal = new GregorianCalendar();&#13;&#10;        cal.setTimeInMillis(System.currentTimeMillis());&#13;&#10;        Date currentDate = cal.getTime();&#13;&#10;        if (myDate.compareTo(currentDate) &lt; 0)&#13;&#10;            return;&#13;&#10;        &#13;&#10;        super.schedule(task, myDate); &#13;&#10;    }&#13;&#10;}&#13;&#10;" Filename="FutureTimer.java" Intrnl_Id="11"/>
<SrcFile Content="package my.PSM.PSM_Logic;&#10;&#10;import my.PSM.PSM_Interface.InterfaceFacade;&#10;&#10;//&#10;//&#10;//  Generated by StarUML(tm) Java Add-In&#10;//&#10;//  @ Project : PSM - Professor Schedule Manager&#10;//  @ File Name : &#10;//  @ Date : 03/16/2008&#10;//  @ Author : &#10;//&#10;//&#10;&#10;public class InterfaceController {&#10;    public InterfaceFacade facade;&#10;    &#10;    public InterfaceController()&#10;    {&#10;        &#10;    }&#10;    public void setFacade(InterfaceFacade temp){&#10;    &#9;facade = temp;&#10;    }&#10;    public void passwordLock()&#10;    {&#10;        facade.lockedOut();&#10;    }&#10;    public void Initiate_Logout() &#10;    {&#10;        //System.out.print(&quot;lame&quot;);&#10;        &#10;         //logout.launchLogout();&#10;         facade.logoutConfirmation();&#10;     &#10;    }&#10;&#10;    public void Initiate_IncorrectLogin()&#10;    {&#10;        &#10;        facade.incorrectLogin();&#10;        //il.launchForm();&#10;        &#10;    }&#10;    &#10;    public void Initiate_Schedule_Form() &#10;    {&#10;       &#10;       facade.launchInitial();&#10;    }&#10;&#10;    public void Pre_Filled_Form(int courseID, String courseSubj, String courseName, String semester,&#10;            String startDate, String endDate, String startMon, String endMon,&#10;            String startTue, String endTue, String startWed, String endWed, String startThu, String endThu, &#10;            String startFri, String endFri, String startSat, String endSat) &#10;    {&#10;&#10;    &#10;        &#10;         facade.launchEdit(courseID, courseSubj, courseName, semester,&#10;            startDate, endDate, startMon, endMon, startTue, endTue, &#10;            startWed, endWed, startThu, endThu, startFri, endFri, startSat, endSat);&#10;    }&#10;    &#10;    public void Course_Select_Form(){&#10;        facade.launchCourse();&#10;    }&#10;    public void Initiate_Login_Form() {&#10;&#10;        facade.launchLoginForm();&#10;&#10;    }&#10;&#10;    public void Initiate_Message() {&#10;&#10;    }&#10;&#10;    public void Initiate_MainMenu() {&#10;        facade.launchMenu();&#10;&#10;    }&#10;}&#10;" Filename="InterfaceController.java" Intrnl_Id="12"/>
<SrcFile Content="/*&#10; * To change this template, choose Tools | Templates&#10; * and open the template in the editor.&#10; */&#10;package my.PSM.PSM_Logic;&#10;&#10;import my.PSM.PSM_Storage.DataStoreFacade;&#10;&#10;/**&#10; *&#10; * @author clarkep&#10; */&#10;public class LogicFacade {&#10;    private appController app;&#10;    private Authenticate aut;&#10;    private FutureTimer futureTime;&#10;    private InterfaceController ic;&#10;    &#10;    public LogicFacade(DataStoreFacade dataFacade){&#10;    &#9;app = new appController();&#10;    &#9;app.setDataStoreFacade(dataFacade);&#10;    &#9;futureTime = new FutureTimer();&#10;    &#9;ic = new InterfaceController();&#10;    }&#10;    &#10;    public static String fetchCourses(){&#10;    &#9;return appController.fetchCourses();&#10;    }&#10;}&#10;" Filename="LogicFacade.java" Intrnl_Id="13"/>
<SrcFile Content="package my.PSM.PSM_Logic;&#13;&#10;&#13;&#10;import my.PSM.PSM_Interface.InterfaceFacade;&#13;&#10;&#13;&#10;public class PSM_app {&#13;&#10;&#13;&#10;&#9;public static void main(String[] args) {&#13;&#10;//      Calendar now = new GregorianCalendar();&#13;&#10;//      now.set(2008, 3, 15, 13, 29);&#13;&#10;//      date = now.getTime();&#13;&#10;//     &#13;&#10;&#9;   &#9;appController app = new appController();&#13;&#10;&#9;   &#9;InterfaceFacade fac = new InterfaceFacade();&#13;&#10;    &#9;fac.initiate(new LogicFacade(app.dataFacade));&#13;&#10;    &#9;app.getIC().setFacade(fac);&#13;&#10;&#9;   &#9;app.myMain();&#13;&#10;&#9;}&#13;&#10;&#13;&#10;}&#13;&#10;" Filename="PSM_app.java" Intrnl_Id="14"/>
<SrcFile Content="/*&#10; * ApplicationLogic.java&#10; *&#10; * Created on April 12, 2008, 11:03 AM&#10; *&#10; * To change this template, choose Tools | Template Manager&#10; * and open the template in the editor.&#10; */&#10;&#10;package my.PSM.PSM_Logic;&#10;&#10;import java.util.Timer;&#10;import java.util.TimerTask;&#10;import java.util.Date;&#10;import java.util.Calendar;&#10;import java.util.GregorianCalendar;&#10;import java.util.ArrayList;&#10;import java.lang.Thread;&#10;import java.util.logging.Level;&#10;import java.util.logging.Logger;&#10;&#10;import my.PSM.PSM_Storage.DBConnection;&#10;import my.PSM.PSM_Storage.DataStoreFacade;&#10;import my.PSM.PSM_Interface.*;&#10;&#10;/**&#10; *&#10; * @author lrizo002&#10; */&#10;public class appController {&#10;    &#10;    private static final long TENMIN = 600000;&#10;    &#10;    private static int hr;&#10;    private static int min;&#10;    private static Calendar autoClear = new GregorianCalendar();&#10;    private static Calendar setRun = new GregorianCalendar();&#10;    private static Calendar calendar = new GregorianCalendar();&#10;    private static Timer timer = new FutureTimer();&#10;    private static Date date = new Date();&#10;    private static Date date2 = new Date();&#10;    &#10;    public static String defSub = &quot;&quot;;&#10;    public static String defSemester = &quot;&quot;;&#10;    public static String defCourseName = &quot;&quot;;&#10;    public static String defCourseStart = &quot;&quot;;&#10;    public static String defCourseEnd = &quot;&quot;;&#10;    public static String defMonStart = &quot;&quot;;&#10;    public static String defMonEnd = &quot;&quot;;&#10;    public static String defTueStart = &quot;&quot;;&#10;    public static String defTueEnd = &quot;&quot;;&#10;    public static String defWedStart = &quot;&quot;;&#10;    public static String defWedEnd = &quot;&quot;;&#10;    public static String defThuStart = &quot;&quot;;&#10;    public static String defThuEnd = &quot;&quot;;&#10;    public static String defFriStart = &quot;&quot;;&#10;    public static String defFriEnd = &quot;&quot;;&#10;    public static String defSatStart = &quot;&quot;;&#10;    public static String defSatEnd = &quot;&quot;;&#10;    &#10;    private static String username;&#10;    private static String password;&#10;    private static boolean loggedin;&#10;    private static boolean dataReceived = false;&#10;    private static boolean edSchedSel = false;&#10;    public static boolean isEdSchedSel() {&#10;&#9;&#9;return edSchedSel;&#10;&#9;}&#10;&#10;&#9;public static boolean isSchedSetupSel() {&#10;&#9;&#9;return schedSetupSel;&#10;&#9;}&#10;&#10;&#9;public static boolean isLogoutSel() {&#10;&#9;&#9;return logoutSel;&#10;&#9;}&#10;&#10;&#10;&#9;private static boolean schedSetupSel = false;&#10;    private static boolean logoutSel = false;&#10;    &#10;    private static int clearDate, clearMonth, clearYear;&#10; &#10;&#10;&#9;private static int counter = 0;&#10;    &#10;    public static DataStoreFacade dataFacade = new DataStoreFacade();&#10;    private static InterfaceController ic = new InterfaceController();&#10;    private static Authenticate auth = new Authenticate();&#10;    private static int courseSel;&#10;    private static long classEnded = 0;&#10;       &#10;    &#10;    /** Creates a new instance of ApplicationLogic */&#10;    public appController() {&#10;        hr = min = 0;&#10;    }&#10;    &#10;    /* Set to the stubs when testing*/&#10;    public static void setDataStoreFacade(DataStoreFacade temp){&#10;    &#9;dataFacade = temp;&#10;    }&#10;    public static void setInterfaceController(InterfaceController temp){&#10;    &#9;ic = temp;&#10;    }&#10;    public static void setAuthenticate(Authenticate temp){&#10;    &#9;auth = temp;&#10;    }&#10;    public void appMainMenu(){    &#10;        long newCurrentTime;&#10;        while(!dataReceived)&#10;        {&#10;            dataReceived = ic.facade.menuDataRec();&#10;            edSchedSel = ic.facade.editSchedSelected();&#10;            schedSetupSel = ic.facade.InitSetupSelected();&#10;            logoutSel = ic.facade.logoutSelected();&#10;            //System.out.println(&quot;Class end time: &quot; +classEnded);&#10;            //System.out.println(&quot;Current time: &quot; +System.currentTimeMillis());&#10;                    &#10;                    &#10;            if(classEnded != 0 &amp;&amp; System.currentTimeMillis() - classEnded &gt;= TENMIN)&#10;            {&#10;              //System.out.println(&quot;EXIT&quot;);&#10;            &#9;return;&#9;              &#10;        &#9;}&#10;            &#10;            sleep(500);&#10;        }&#10;        newCurrentTime = 0;&#10;        ic.facade.setMenuDataRec(false);&#10;        dataReceived = false;&#10;        &#10;       // db.disconnect();&#10;&#9;}&#10;    public void myMain(){&#10;    &#9;appLogin();&#10;    &#9;if(loggedin){&#10;    &#9;&#9;ic.Initiate_MainMenu();&#10;    &#9;&#9;if(checkClear())&#10;&#9;        {&#10;&#9;            dataFacade.clearDatabase();&#10;&#9;        }&#10;    &#9;&#9;checkTimes();&#10;&#9;    &#9;while(!logoutSel){&#10;&#9;    &#9;&#9;appMainMenu();&#10;&#9;&#9;    &#9;if(logoutSel)&#10;&#9;&#9;        {&#10;&#9;&#9;            // Logout &#10;&#9;&#9;            auth.logout();&#10;&#9;&#9;            ic.Initiate_Logout();&#10;&#9;&#9;&#10;&#9;&#9;        }&#10;&#9;&#9;        else if(edSchedSel)&#10;&#9;&#9;        {&#10;&#9;&#9;            appEditSched();&#10;&#9;&#9;        }&#10;&#9;&#9;        else if(schedSetupSel)&#10;&#9;&#9;        {&#10;&#9;&#9;            setupSched();&#10;&#9;&#9;        }&#10;&#9;    &#9;}&#10;    &#9;}&#10;    }&#10;    public void setUser(String user){&#10;    &#9;username = user;&#10;    }&#10;    public void setPassword(String pw){&#10;    &#9;password = pw;&#10;    }&#10;    public String getUser(){&#10;    &#9;return username;&#10;    }&#10;    public String getPass(){&#10;    &#9;return password;&#10;    }&#10;    public boolean getLoggedIn(){&#10;    &#9;return loggedin;&#10;    }&#10;    public static String fetchCourses(){&#10;    &#9;return dataFacade.fetchCourses();&#10;    }&#10;    public InterfaceController getIC(){&#10;    &#9;return ic;&#10;    }&#10;    public Calendar getSetRun(){&#10;    &#9;return setRun;&#10;    }&#10;    public static int getClearDate() {&#10; &#9;&#9;return clearDate;&#10; &#9;}&#10;&#10; &#9;public static int getClearMonth() {&#10; &#9;&#9;return clearMonth;&#10; &#9;}&#10;&#10; &#9;public static int getClearYear() {&#10; &#9;&#9;return clearYear;&#10; &#9;}&#10;&#10; &#9;public int getCounter(){&#10; &#9;&#9;return counter;&#10; &#9;}&#10;    public static void setupSched(){&#10;    &#9;ic.facade.launchInitial();&#10;        //Initial Schedule Setup&#10;        while(!ic.facade.schedDataRec())&#10;        {&#10;            dataReceived = ic.facade.schedDataRec();&#10;            sleep(300);&#10;        }&#10;        dataReceived = false;&#10;        ic.facade.setSchedDataRec(false);&#10;        &#10;        dataFacade.storeClassInfo(ic.facade.getNewCourseID(), ic.facade.getNewSub(), ic.facade.getNewCourseName(),ic.facade.getNewSemester());&#10;        dataFacade.storeClassSched(ic.facade.getNewCourseID(), ic.facade.getNewCourseStart(), ic.facade.getNewCourseEnd(), &#10;                ic.facade.getNewMonStart(), ic.facade.getNewMonEnd(), ic.facade.getNewTueStart(), ic.facade.getNewTueEnd(), &#10;                ic.facade.getNewWedStart(), ic.facade.getNewWedEnd(), ic.facade.getNewThuStart(), ic.facade.getNewThuEnd(), &#10;                ic.facade.getNewFriStart(), ic.facade.getNewFriEnd(), ic.facade.getNewSatStart(), ic.facade.getNewSatEnd());&#10;&#10;    }&#10;    public static void appEditSched(){&#10;    &#9; //Edit Schedule&#10;        ic.Course_Select_Form();&#10;&#10;        while(!dataReceived)&#10;        {&#10;            dataReceived = ic.facade.courseSelected();&#10;            sleep(300);&#10;         //   System.out.println(&quot;test&quot;);&#10;        }&#10;&#10;        ic.facade.setCourseSelected(false);&#10;        dataReceived = false;&#10;&#10;        courseSel = ic.facade.getSelection();&#10;        getData(courseSel);&#10;        &#10;        ic.Pre_Filled_Form(courseSel,defSub,defCourseName,defSemester,defCourseStart,&#10;                defCourseEnd,defMonStart,defMonEnd,defTueStart,defTueEnd,defWedStart,&#10;                defWedEnd,defThuStart,defThuEnd,defFriStart,defFriEnd,defSatStart,defSatEnd);&#10;        &#10;        while(!dataReceived)&#10;        {&#10;            dataReceived = ic.facade.psDataRec(); &#10;            sleep(300);&#10;        }&#10;        &#10;        dataReceived = false;&#10;        ic.facade.setPsDataRec(false);&#10;&#10;        //System.out.println(&quot;Save has been pressed&quot; +ic.edSched.newMonStart);&#10;&#10;        dataFacade.storeClassSched(ic.facade.getDefCourseID(), ic.facade.getpNewCourseStart(), ic.facade.getpNewCourseEnd(), &#10;                ic.facade.getpNewMonStart(), ic.facade.getpNewMonEnd(), ic.facade.getpNewTueStart(), ic.facade.getpNewTueEnd(), &#10;                ic.facade.getpNewWedStart(), ic.facade.getpNewWedEnd(), ic.facade.getpNewThuStart(), ic.facade.getpNewThuEnd(), &#10;                ic.facade.getpNewFriStart(), ic.facade.getpNewFriEnd(), ic.facade.getpNewSatStart(), ic.facade.getpNewSatEnd());&#10;&#10;&#10;    }&#10;    &#10;    public static void appLogin(){&#10;    &#9;while(!loggedin)&#10;        {           &#10;            ic.Initiate_Login_Form();            &#10;            &#10;             do&#10;             {&#10;                 dataReceived = ic.facade.dataReceived();&#10;                 sleep(300);&#10;                 &#10;             }while(!dataReceived);&#10;             ic.facade.setLogDataRec(false);&#10;             dataReceived = false;&#10;             username = ic.facade.getUsername();&#10;             password = ic.facade.getPassword();&#10;&#10;             &#10;             auth.setCredentials(username,password);&#10;             if(auth.validate_Login()){&#10;                 loggedin = true;&#10;                 auth.logout();&#10;                 dataFacade.connect(username,password);&#10;             }&#10;             &#10;               &#10;             if(!loggedin){&#10;                 ic.Initiate_IncorrectLogin();&#10;                 counter++;&#10;                 while(!dataReceived)&#10;                 {&#10;                     dataReceived = ic.facade.getAck();&#10;                     System.out.println(&quot;in&quot;);&#10;                 }&#10;                 dataReceived = false;&#10;                 ic.facade.setAck(false);&#10;                 &#10;             }&#10;             if(counter &gt;= 3){&#10;                &#10;                 ic.passwordLock();&#10;                 while(!dataReceived)&#10;                 {&#10;                     dataReceived = ic.facade.getAck();&#10;                     &#10;                 }&#10;                 return;&#10;             }&#10;        }&#10;    }&#10;    public static boolean checkClear()&#10;    {&#10;        ArrayList&lt;String&gt; endDates = dataFacade.getEndDates();&#10;        Calendar endCal = new GregorianCalendar();&#10;        Calendar now = Calendar.getInstance();&#10;        &#10;        for(int i = 0; i &lt; endDates.size(); i++)&#10;        {&#10;            dateParser(endDates.get(i));&#10;            &#10;            //System.out.println(&quot;Day : &quot; +clearDate);&#10;            //System.out.println(&quot;Month : &quot; +clearMonth);&#10;            //System.out.println(&quot;Year : &quot; +clearYear);&#10;&#10;            endCal.set(clearYear + 2000, clearMonth-1, clearDate);&#10;            if(now.compareTo(endCal) &lt;= 0)&#10;               return false;&#10;                &#10;        }&#10;        return true;&#10;                &#10;    }&#10;            &#10;    public static void checkTimes()&#10;    {&#10;        ArrayList&lt;Integer&gt; courseList = dataFacade.getCourses();&#10;        &#10;        Calendar tempC = new GregorianCalendar();&#10;        int currentDay = tempC.get(tempC.DAY_OF_WEEK);&#10;        tempC.setTimeInMillis(System.currentTimeMillis());&#10;        //System.out.println(&quot;Curr Day: &quot; +currentDay);&#10;        Date fifteenMin;&#10;        Date fiveMin;&#10;        Date endClass;&#10;        &#10;        for(int i = 0; i &lt; courseList.size(); i++)&#10;        {&#10;            boolean isNull = true;&#10;            getData(courseList.get(i).intValue());&#10;            Timer newTimer = new FutureTimer();&#10;            &#10;            if(currentDay == 2 &amp;&amp; defMonEnd.compareTo(&quot;&quot;) != 0)&#10;            {&#10;                timerParser(defMonEnd);&#10;                isNull = false;&#10;            }&#10;            else if(currentDay == 3 &amp;&amp; defTueEnd.compareTo(&quot;&quot;) != 0)&#10;            {&#10;                timerParser(defTueEnd);&#10;                isNull = false;&#10;            }&#10;            else if(currentDay == 4 &amp;&amp; defWedEnd.compareTo(&quot;&quot;) != 0)&#10;            {&#10;                timerParser(defWedEnd);&#10;                isNull = false;&#10;            }&#10;            else if(currentDay == 5 &amp;&amp; defThuEnd.compareTo(&quot;&quot;) != 0)&#10;            {&#10;                timerParser(defThuEnd);&#10;                isNull = false;&#10;            }&#10;            else if(currentDay == 6 &amp;&amp; defFriEnd.compareTo(&quot;&quot;) != 0)&#10;            {&#10;                timerParser(defFriEnd);&#10;                isNull = false;&#10;            }&#10;            &#10;            else if(currentDay == 7 &amp;&amp; defSatEnd.compareTo(&quot;&quot;) != 0)&#10;            {&#10;                &#10;                timerParser(defSatEnd);&#10;                isNull = false;&#10;            }&#10;            &#10;            &#10;            if(!isNull){&#10;                fiveMin = get5BeforeEnd(hr, min);&#10;                newTimer.schedule(popup5min, fiveMin);&#10;                fifteenMin = get15BeforeEnd(hr, min);              &#10;                newTimer.schedule(popup15min, fifteenMin);&#10;                endClass = getEndTime(hr, min);&#10;                newTimer.schedule(endofclass, endClass);&#10;            }&#10;        }   &#10;       &#10;    }&#10;    &#10;    public static void getData(int course)&#10;    {&#10;        defSub = dataFacade.fetchCourseSubj(course);&#10;        defSemester = dataFacade.fetchCourseSemester(course);&#10;        defCourseName = dataFacade.fetchCourseName(course);&#10;        defCourseStart = dataFacade.fetchCourseStart(course);&#10;        defCourseEnd = dataFacade.fetchCourseEnd(course);&#10;        defMonStart = dataFacade.fetchStartMon(course);&#10;        defMonEnd = dataFacade.fetchEndMon(course);&#10;        defTueStart = dataFacade.fetchStartTue(course);&#10;        defTueEnd = dataFacade.fetchEndTue(course);&#10;        defWedStart = dataFacade.fetchStartWed(course);&#10;        defWedEnd = dataFacade.fetchEndWed(course);&#10;        defThuStart = dataFacade.fetchStartThu(course);&#10;        defThuEnd = dataFacade.fetchEndThu(course);&#10;        defFriStart = dataFacade.fetchStartFri(course);&#10;        defFriEnd = dataFacade.fetchEndFri(course);&#10;        defSatStart = dataFacade.fetchStartSat(course);&#10;        defSatEnd = dataFacade.fetchEndSat(course);           &#10;    }&#10;    &#10;    &#10;    public static void sleep(int milli)&#10;    {&#10;          try { &#10;           Thread.sleep(milli);&#10;        } catch (InterruptedException ex) {&#10;           Logger.getLogger(appController.class.getName()).log(Level.SEVERE, null, ex);&#10;        }&#10;    }&#10;&#9;&#10;    public static void LogIn()&#10;    {      &#10;        if(dataFacade.connect(username,password) == 0)&#10;            loggedin = true;&#10;        else&#10;            loggedin = false;        &#10;    }&#10;    &#10;    public static DataStoreFacade getCon()&#10;    {&#10;        return dataFacade;&#10;    }&#10;    &#10;    &#10;    private static TimerTask dbClear = new TimerTask()&#10;    {&#10;        public void run()&#10;        {&#10;           dataFacade.clearDatabase();&#10;        }&#10;    };&#10;    &#10;    private static TimerTask popup15min = new TimerTask()&#10;    {&#10;        public void run()&#10;        {&#10;            ic.facade.FifteenMinWarning();&#10;        }&#10;    };&#10;&#9;&#10;    private static TimerTask popup5min = new TimerTask()&#10;    {&#10;        public void run()&#10;        {&#10;            ic.facade.FiveMinWarning();&#10;        }&#10;    };&#10;    &#10;    &#10;    private static TimerTask endofclass = new TimerTask()&#10;    {&#10;        public void run()&#10;        {&#10;            ic.facade.endClassWarning();&#10;            classEnded = System.currentTimeMillis();&#10;        }&#10;    };&#10;    &#10;    &#10;    private static TimerTask systemExit = new TimerTask()&#10;    {&#10;        public void run()&#10;        {&#10;            System.exit(0);&#10;        }&#10;    };&#10;    &#10;       &#10;    public void setTime(int year, int month, int date, int hours, int mins)&#10;    {&#10;        setRun.set(year, month, date, hours, mins);&#10;    }&#10;    &#10;    public Date getTime()&#10;    {&#10;        return setRun.getTime();&#10;    }&#10;    &#10;    public static long getTimeMillis()&#10;    {&#10;        return setRun.getTimeInMillis();&#10;    }&#10;    &#10;    public static void timerParser(String timer)&#10;    {&#10;        hr = Integer.parseInt(timer.substring(0,2));&#10;        min = Integer.parseInt(timer.substring(3,5));&#10;    }&#10;    public static void dateParser(String timer)&#10;    {&#10;        &#10;        clearMonth = Integer.parseInt(timer.substring(0,2));&#10;        clearDate = Integer.parseInt(timer.substring(3,5));&#10;        clearYear = Integer.parseInt(timer.substring(6,8));&#10;    }&#10;    &#10;    public int returnHr()&#10;    {&#10;        return hr;&#10;    }&#10;    &#10;    public int returnMin()&#10;    {&#10;        return min;&#10;    }&#10;    &#10;    public static Date getEndTime(int hrs, int mins)&#10;    {&#10;        int years, months, dates, dayOfWeek;&#10;        &#10;        Calendar tempC = new GregorianCalendar();&#10;        &#10;        tempC.setTimeInMillis(System.currentTimeMillis());&#10;        &#10;        years = tempC.get(tempC.YEAR);&#10;        months = tempC.get(tempC.MONTH);&#10;        dates = tempC.get(tempC.DATE);&#10;        dayOfWeek = tempC.get(tempC.DAY_OF_WEEK);&#10;        tempC.set(years, months, dates, hrs, mins - 1, 1);&#10;        // System.out.println(dayWeek);&#10;        return tempC.getTime();&#10;    }&#10;    &#10;    public static void setSemesterClear(int year, int month, int date, int hours, int mins)&#10;    {&#10;        autoClear.set(year, month, date, hours, mins);&#10;        date2 = autoClear.getTime();&#10;    }&#10;    &#10;    public Date getSemesterClear()&#10;    {&#10;        return autoClear.getTime();&#10;    }&#10;    &#10;    public static Date get15BeforeEnd(int hrs, int mins)&#10;    {&#10;        int years, months, dates, dayOfWeek; &#10;        &#10;        Calendar tempC = new GregorianCalendar();&#10;        &#10;        tempC.setTimeInMillis(System.currentTimeMillis());&#10;        &#10;        years = tempC.get(tempC.YEAR);&#10;        months = tempC.get(tempC.MONTH);&#10;        dates =  tempC.get(tempC.DATE);&#10;        dayOfWeek = tempC.get(tempC.DAY_OF_WEEK);&#10;        &#10;        tempC.set(years, months, dates, hrs, mins - 15, 1);&#10;        &#10;        return tempC.getTime();&#10;    }&#10;    &#10;    public static Date get5BeforeEnd(int hrs, int mins)&#10;    {&#10;        int years, months, dates, dayOfWeek;&#10;        &#10;        Calendar tempC = new GregorianCalendar();&#10;        &#10;        tempC.setTimeInMillis(System.currentTimeMillis());&#10;        &#10;        years = tempC.get(tempC.YEAR);&#10;        months = tempC.get(tempC.MONTH);&#10;        dates = tempC.get(tempC.DATE);&#10;        dayOfWeek = tempC.get(tempC.DAY_OF_WEEK);&#10;        tempC.set(years, months, dates, hrs, mins - 5, 1);&#10;        // System.out.println(dayWeek);&#10;        return tempC.getTime();&#10;    }&#10;    &#10;    public void autoExit()&#10;    {&#10;        timer.schedule(systemExit, date);&#10;    }&#10;    &#10;    public void autoClear()&#10;    {&#10;        timer.schedule(dbClear, date2);&#10;    }&#10;}&#10;" Filename="appController.java" Intrnl_Id="15"/>
<SrcFile Content="/*&#10; * DBConnection.java&#10; *&#10; * Created on April 7, 2008, 11:40 PM&#10; *&#10; &#10; */&#10;&#10;package my.PSM.PSM_Storage;&#10;&#10;import java.sql.Connection;&#10;import java.sql.DriverManager;&#10;import java.sql.SQLException;&#10;import java.sql.Statement;&#10;import java.sql.ResultSet;&#10;import java.util.ArrayList;&#10;&#10;/**&#10; * @author Luis&#10; */&#10;public class DBConnection&#10;{&#10;    private String username;&#10;    private String password;&#10;    private String dbAddr;&#10;    private String localDb = &quot;jdbc:mysql://localhost:3306/mydb&quot;;&#10;    private String result;&#10;    private String [] courses;&#10;    private MySQLManager myManager;&#10;    &#10;    public void setMyManager(MySQLManager myManager) {&#10;&#9;&#9;this.myManager = myManager;&#10;&#9;}&#10;&#10;&#9;/** Creates a new instance of DBConnection */&#10;    public DBConnection()&#10;    {&#10;    &#9;myManager = new MySQLManager();&#10;    }&#10;           &#10;    // Connect using known database address&#10;    public int connect(String db, String user, String pw)&#10;    {&#10;        dbAddr = db;&#10;        username = user;&#10;        password = pw;&#10;        return myManager.connect(db, user, pw);&#10;    }&#10;    &#10;    // Connect using local host as database address&#10;    public int connect(String user,String pw)&#10;    {&#10;        username = user;&#10;        password = pw;&#10;        &#10;        return myManager.connect(user, pw);&#10;    }&#10;    &#10;    public int disconnect()&#10;    {&#10;        return myManager.disconnect();&#10;    }&#10;     &#10;    public int fetchCourseID(int courseID)&#10;    {&#10;        // SELECT * FROM example WHERE name='Sandy Smith'&#10;        return myManager.fetchCourseID(courseID);  &#10;    }&#10;    &#10;    public ArrayList&lt;String&gt; getEndDates()&#10;    {&#10;        return myManager.getEndDates();&#10;    }&#10;    public ArrayList&lt;Integer&gt; getCourses()&#10;    {&#10;        return myManager.getCourses();&#10;    }&#10;    &#10;    public String fetchCourses()&#10;    {&#10;        // SELECT * FROM example WHERE name='Sandy Smith'&#10;    &#9;StringBuffer sb = new StringBuffer();          &#10;        // System.out.print(&quot;here&quot;);&#10;         // System.out.println(&quot;SELECT course_id FROM class100 WHERE course_id = &quot; +courseID +&quot;;&quot;);&#10;         ArrayList&lt;Integer&gt; list = myManager.getCourses();&#10;         for(int i = 0; i &lt; list.size(); i++)&#10;         {&#10;             &#10;             sb.append(list.get(i));&#10;             sb.append(&quot;,&quot;);&#10;                    &#10;         }   &#10;    &#9;result = sb.toString();&#10;        return result;&#10;        //String[] courses = result.split(&quot;,&quot;);&#10;       //return courses;&#10;    }&#10;    &#10;    public String fetchCourseSubj(int courseID)&#10;    {&#10;        // SELECT * FROM example WHERE name='Sandy Smith'&#10;        return myManager.fetchCourseSubj(courseID);&#10;       &#10;    }&#10;    &#10;    public String fetchCourseName(int courseID)&#10;    {&#10;        return myManager.fetchCourseName(courseID);&#10;       &#10;    }&#10;    &#10;    public String fetchCourseSemester(int courseID)&#10;    {&#10;        // SELECT * FROM example WHERE name='Sandy Smith'&#10;        return myManager.fetchCourseSemester(courseID);&#10;       &#10;    }&#10;    &#10;    public String fetchCourseStart(int courseID)&#10;    {&#10;        // SELECT * FROM example WHERE name='Sandy Smith'&#10;        return myManager.fetchCourseStart(courseID);&#10;       &#10;    }&#10;    &#10;    public String fetchCourseEnd(int courseID)&#10;    {&#10;        // SELECT * FROM example WHERE name='Sandy Smith'&#10;       &#10;        return myManager.fetchCourseEnd(courseID);&#10;       &#10;    }&#10;    &#10;    &#10;//    public String fetchAMPM(int courseID)&#10;//    {&#10;//        try{&#10;//            Statement s = myCon.createStatement();&#10;//            s.executeQuery(&quot;SELECT am_or_pm FROM class100 WHERE course_id = &quot; +courseID +&quot;;&quot;);&#10;//            ResultSet res = s.getResultSet();&#10;//            res.next();&#10;//            return res.getString(&quot;am_or_pm&quot;);&#10;//        }&#10;//        catch(Exception e)&#10;//        {&#10;//            e.printStackTrace();&#10;//            return null;&#10;//        }&#10;//    }&#10;    &#10;    public String fetchStartMon(int courseID)&#10;    {&#10;        return myManager.fetchStartMon(courseID);&#10;    }&#10;    &#10;    public String fetchEndMon(int courseID)&#10;    {&#10;        return myManager.fetchEndMon(courseID);&#10;    }&#10;    &#10;    public String fetchStartTue(int courseID)&#10;    {&#10;        return myManager.fetchStartTue(courseID);&#10;    }&#10;    &#10;    public String fetchEndTue(int courseID)&#10;    {&#10;        return myManager.fetchEndTue(courseID);&#10;    }&#10;    &#10;    public String fetchStartWed(int courseID)&#10;    {&#10;    &#9;return myManager.fetchStartWed(courseID);&#10;    }&#10;    &#10;    public String fetchEndWed(int courseID)&#10;    {&#10;    &#9;return myManager.fetchEndWed(courseID);&#10;    }&#10;    &#10;    &#10;    public String fetchStartThu(int courseID)&#10;    {&#10;        return myManager.fetchStartThu(courseID);&#10;    }&#10;    &#10;    public String fetchEndThu(int courseID)&#10;    {&#10;        return myManager.fetchEndThu(courseID);&#10;    }&#10;    &#10;    public String fetchStartFri(int courseID)&#10;    {&#10;    &#9;return myManager.fetchStartFri(courseID);&#10;    }&#10;    &#10;    public String fetchEndFri(int courseID)&#10;    {&#10;        return myManager.fetchEndFri(courseID);&#10;    }&#10;    &#10;    &#10;    public String fetchStartSat(int courseID)&#10;    {&#10;        return myManager.fetchStartSat(courseID);&#10;    }&#10;    &#10;    public String fetchEndSat(int courseID)&#10;    {&#10;        &#10;        return myManager.fetchEndSat(courseID);&#10;    }&#10;    &#10;    public int storeClassInfo(int courseID, String courseSubj, String courseName, String semester)&#10;    {&#10;        return myManager.storeClassInfo(courseID, courseSubj, courseName, semester);&#10;    }&#10;    &#10;    public int storeClassSched(int courseID, String startDate, String endDate, String startMon, String endMon,&#10;            String startTue, String endTue, String startWed, String endWed, String startThu, String endThu, &#10;            String startFri, String endFri, String startSat, String endSat)&#10;    {&#10;        return myManager.storeClassSched(courseID, startDate, endDate, startMon, endMon, startTue, endTue, startWed, endWed, startThu, endThu, startFri, endFri, startSat, endSat);&#10;        &#10;    }&#10;    &#10;    public void clearDatabase()&#10;    {&#10;        myManager.clearDatabase();&#10;    }&#10;    &#10;    public int createClassTable()&#10;    {&#10;       return myManager.createClassTable();&#10;                       &#10;    }&#10;    &#10;//    public void init()&#10;//    {&#10;//        try&#10;//        {&#10;//          myCon = DriverManager.getConnection(&quot;jdbc:mysql://localhost:3306/MyDatabase&quot;,&quot;root&quot;,&quot;luis2101&quot;);&#10;//        } catch (SQLException ex)&#10;//        {&#10;//            System.out.println(&quot;Cannot connect to Database&quot;);&#10;//            ex.printStackTrace();&#10;//        }&#10;//         &#10;//    }&#10;    &#10;}&#10;&#10;&#10;// Database Scripts:&#10;&#10;//CREATE TABLE Class1(&#10;//    course_id INT UNSIGNED NOT NULL,&#10;//    course_subject VARCHAR (20),&#10;//    course_name VARCHAR (20),&#10;//&#10;//    semester VARCHAR (20),&#10;//    start_date VARCHAR (20),&#10;//    end_date VARCHAR (20),&#10;//&#10;//    am_or_pm VARCHAR (5),&#10;//    start_mon VARCHAR (20),&#10;//    end_mon VARCHAR (20),&#10;//    start_tue VARCHAR (20),&#10;//    end_tue VARCHAR (20),&#10;//    start_wed VARCHAR (20),&#10;//    end_wed VARCHAR (20),&#10;//    start_thu VARCHAR (20),&#10;//    end_thu VARCHAR (20),&#10;//    start_fri VARCHAR (20),&#10;//    end_fri VARCHAR (20),&#10;//    start_sat VARCHAR (20),&#10;//    end_sat VARCHAR (20),&#10;//&#10;//&#10;//    PRIMARY KEY (course_id)&#10;//);&#10;&#10;//    INSERT INTO class1&#10;//        VALUES(4010,'CEN','Software Engineering','Spring 2008','01-02-08','04-20-08','am','12:00','12:50','null','null',&#10;//               '12:00','12:50','null','null','12:00','12:50','null','null')&#10;&#10;&#10;&#10;" Filename="DBConnection.java" Intrnl_Id="16"/>
<SrcFile Content="/*&#10; * To change this template, choose Tools | Templates&#10; * and open the template in the editor.&#10; */&#10;package my.PSM.PSM_Storage;&#10;&#10;import java.util.ArrayList;&#10;&#10;/**&#10; *&#10; * @author clarkep&#10; */&#10;public class DataStoreFacade {&#10;&#9;public DataStoreFacade(){&#10;&#9;&#9;&#10;&#9;}&#10;&#9;//DBConnection dbCon = new DBConnection();&#10;&#9;private static DBConnection myManager = new DBConnection();&#10;&#9;&#10;&#9;public DBConnection getCon(){&#10;&#9;&#9;return myManager;&#10;&#9;}&#10;&#9;public int connect(String username, String password) {&#9;&#10;&#9;&#9;//return dbCon.connect(username, password);&#10;&#9;&#9;return myManager.connect(username, password);&#10;&#9;}&#9;&#10;&#9;public int disconnect() {&#10;&#9;&#9;return myManager.disconnect();&#10;&#9;}&#9;&#10;&#9;&#10;&#9;public ArrayList&lt;String&gt; getEndDates() {&#10;&#9;&#9;return myManager.getEndDates();&#10;&#9;}&#10;&#9;public String fetchCourses() {&#10;&#9;&#9;//return dbCon.fetchCourses();&#10;&#9;&#9;return myManager.fetchCourses().toString();&#10;&#9;}&#10;&#9;public String fetchCourseSubj(int courseId) {&#10;&#9;&#9;//return dbCon.fetchCourseSubj(courseId);&#10;&#9;&#9;return myManager.fetchCourseSubj(courseId);&#10;&#9;}&#10;&#9;public String fetchCourseName(int courseId) {&#10;&#9;&#9;//return dbCon.fetchCourseName(courseId);&#10;&#9;&#9;return myManager.fetchCourseName(courseId);&#10;&#9;}&#10;&#9;public String fetchCourseSemester(int courseId) {&#10;&#9;&#9;//return dbCon.fetchCourseSemester(courseId);&#10;&#9;&#9;return myManager.fetchCourseSemester(courseId);&#10;&#9;}&#10;&#9;public String fetchCourseStart(int courseId) {&#10;&#9;&#9;//return dbCon.fetchCourseStart(courseId);&#10;&#9;&#9;return myManager.fetchCourseStart(courseId);&#10;&#9;}&#10;&#9;public String fetchCourseEnd(int courseId) {&#10;&#9;&#9;//return dbCon.fetchCourseEnd(courseId);&#10;&#9;&#9;return myManager.fetchCourseEnd(courseId);&#10;&#9;}&#10;&#9;public String fetchStartMon(int courseId) {&#10;&#9;&#9;//return dbCon.fetchStartMon(courseId);&#10;&#9;&#9;return myManager.fetchStartMon(courseId);&#10;&#9;}&#10;&#9;public String fetchEndMon(int courseId) {&#10;&#9;&#9;//return dbCon.fetchEndMon(courseId);&#10;&#9;&#9;return myManager.fetchEndMon(courseId);&#10;&#9;}&#10;&#9;public String fetchStartTue(int courseId) {&#10;&#9;&#9;//return dbCon.fetchStartTue(courseId);&#10;&#9;&#9;return myManager.fetchStartTue(courseId);&#10;&#9;}&#10;&#9;public String fetchEndTue(int courseId) {&#10;&#9;&#9;//return dbCon.fetchEndTue(courseId);&#10;&#9;&#9;return myManager.fetchEndTue(courseId);&#10;&#9;}&#10;&#9;public String fetchStartWed(int courseId) {&#10;&#9;&#9;//return dbCon.fetchStartWed(courseId);&#10;&#9;&#9;return myManager.fetchStartWed(courseId);&#10;&#9;}&#10;&#9;public String fetchEndWed(int courseId) {&#10;&#9;&#9;//return dbCon.fetchEndWed(courseId);&#10;&#9;&#9;return myManager.fetchEndWed(courseId);&#10;&#9;}&#10;&#9;public String fetchStartThu(int courseId) {&#10;&#9;&#9;//return dbCon.fetchStartThu(courseId);&#10;&#9;&#9;return myManager.fetchStartThu(courseId);&#10;&#9;}&#10;&#9;public String fetchEndThu(int courseId) {&#10;&#9;&#9;//return dbCon.fetchEndThu(courseId);&#10;&#9;&#9;return myManager.fetchEndThu(courseId);&#10;&#9;}&#10;&#9;public String fetchStartFri(int courseId) {&#10;&#9;&#9;//return dbCon.fetchStartFri(courseId);&#10;&#9;&#9;return myManager.fetchStartFri(courseId);&#10;&#9;}&#10;&#9;public String fetchEndFri(int courseId) {&#10;&#9;&#9;//return dbCon.fetchEndFri(courseId);&#10;&#9;&#9;return myManager.fetchEndFri(courseId);&#10;&#9;}&#10;&#9;public String fetchStartSat(int courseId) {&#10;&#9;&#9;//return dbCon.fetchStartSat(courseId);&#10;&#9;&#9;return myManager.fetchStartSat(courseId);&#10;&#9;}&#10;&#9;public String fetchEndSat(int courseId) {&#10;&#9;&#9;//return dbCon.fetchEndSat(courseId);&#10;&#9;&#9;return myManager.fetchEndSat(courseId);&#10;&#9;}&#10;&#9;public void clearDatabase() {&#10;&#9;&#9;myManager.clearDatabase();&#10;&#9;}&#10;&#9;public ArrayList&lt;Integer&gt; getCourses() {&#10;&#9;&#9;return myManager.getCourses();&#10;&#9;}&#10;&#9;public int storeClassInfo(int courseID, String courseSubj, String courseName, String semester)&#10;&#9;{&#10;&#9;&#9;return myManager.storeClassInfo(courseID, courseSubj, courseName, semester);&#10;&#9;}&#10;&#9;&#10;&#9;public int storeClassSched(int courseID, String startDate, String endDate, String startMon, String endMon,&#9;            String startTue, String endTue, String startWed, String endWed, String startThu, String endThu, &#10;&#9;            String startFri, String endFri, String startSat, String endSat)&#10;    {&#10;&#9;&#9;return myManager.storeClassSched(courseID, startDate, endDate, startMon, endMon, startTue, endTue, startWed, endWed, startThu, endThu, startFri, endFri, startSat, endSat);&#10;    }&#10;&#9;&#10;&#9;&#10;}&#10;&#9;&#9;&#10;" Filename="DataStoreFacade.java" Intrnl_Id="17"/>
<SrcFile Content="package my.PSM.PSM_Storage;&#13;&#10;&#13;&#10;import java.sql.Connection;&#13;&#10;import java.sql.DriverManager;&#13;&#10;import java.sql.ResultSet;&#13;&#10;import java.sql.Statement;&#13;&#10;import java.util.ArrayList;&#13;&#10;&#13;&#10;public class MySQLManager {&#13;&#10;&#9;private Connection myCon;&#13;&#10;&#9;private String marcosDb;&#13;&#10;&#9;&#13;&#10;&#9;public MySQLManager(){&#13;&#10;&#9;&#9;myCon = null;&#13;&#10;&#9;&#9;marcosDb = &quot;jdbc:mysql://127.0.0.1:3306/mydb&quot;;&#13;&#10;&#9;}&#13;&#10;&#9;&#13;&#10;&#9;public int connect(String db, String user, String pw){&#13;&#10;&#9;&#9;try{&#13;&#10;&#9;           // DriverManager.getDriver(&quot;com.mysql.jdbc.Driver&quot;);&#13;&#10;&#9;            Class.forName(&quot;com.mysql.jdbc.Driver&quot;);&#13;&#10;&#9;            myCon = DriverManager.getConnection(db,user,pw);&#13;&#10;&#9;        } &#13;&#10;&#9;        // Launch Message Window Here&#13;&#10;&#9;        catch (Exception e){&#13;&#10;&#9;            e.printStackTrace();&#13;&#10;&#9;            return -1;              // -1 = Fail State&#13;&#10;&#9;        }&#13;&#10;&#9;        &#13;&#10;&#9;        return 0;&#13;&#10;&#9;}&#13;&#10;&#9;&#13;&#10;&#9;public int connect(String user,String pw){&#13;&#10;&#9;&#9;return connect(marcosDb, user, pw);&#13;&#10;&#9;}&#13;&#10;&#9;&#13;&#10;&#9;public int disconnect()&#13;&#10;    {&#13;&#10;        if(myCon != null){&#13;&#10;            try{&#13;&#10;                myCon.close();&#13;&#10;               &#13;&#10;            }&#13;&#10;            catch(Exception e){&#13;&#10;                e.printStackTrace();&#13;&#10;                return -1;&#13;&#10;            }&#13;&#10;        }&#13;&#10;        return 0;&#13;&#10;    }&#13;&#10;&#9;public int fetchCourseID(int courseID)&#13;&#10;    {&#13;&#10;        // SELECT * FROM example WHERE name='Sandy Smith'&#13;&#10;        try{&#13;&#10;            Statement s = myCon.createStatement();          &#13;&#10;            // System.out.println(&quot;SELECT course_id FROM class100 WHERE course_id = &quot; +courseID +&quot;;&quot;);&#13;&#10;            s.executeQuery(&quot;SELECT course_id FROM class100 WHERE course_id = &quot; +courseID +&quot;;&quot;);&#13;&#10;            ResultSet res = s.getResultSet();&#13;&#10;            res.next();             // Move to first row!&#13;&#10;            return res.getInt(&quot;course_id&quot;);&#13;&#10;                   &#13;&#10;        }&#13;&#10;        catch(Exception e){&#13;&#10;            e.printStackTrace();&#13;&#10;            return -1;&#13;&#10;        }&#13;&#10;       &#13;&#10;    }&#13;&#10;&#9;&#13;&#10;&#9;public ArrayList&lt;String&gt; getEndDates(){&#13;&#10;&#9;&#9;ArrayList&lt;String&gt; endDates = new ArrayList&lt;String&gt;();&#13;&#10;        &#13;&#10;        try{&#13;&#10;            Statement s = myCon.createStatement();&#13;&#10;            s.executeQuery(&quot;SELECT end_date FROM class100&quot;);&#13;&#10;            ResultSet res = s.getResultSet();&#13;&#10;            &#13;&#10;            while(res.next())&#13;&#10;            {&#13;&#10;                endDates.add(res.getString(&quot;end_date&quot;));       &#13;&#10;            }&#13;&#10;            &#13;&#10;            &#13;&#10;        }&#13;&#10;        catch(Exception e)&#13;&#10;        {&#13;&#10;            e.printStackTrace();&#13;&#10;        }&#13;&#10;        &#13;&#10;        return endDates;&#13;&#10;&#9;}&#13;&#10;&#9;&#13;&#10;&#9;public ArrayList&lt;Integer&gt; getCourses(){&#13;&#10;&#9;&#9;ArrayList&lt;Integer&gt; courseList = new ArrayList&lt;Integer&gt;();&#13;&#10;        try{&#13;&#10;            Statement s = myCon.createStatement();&#13;&#10;            s.executeQuery(&quot;SELECT course_id FROM class100&quot;);&#13;&#10;            ResultSet res = s.getResultSet();&#13;&#10;            &#13;&#10;            while(res.next())&#13;&#10;            {&#13;&#10;                courseList.add(res.getInt(&quot;course_id&quot;));       &#13;&#10;            }&#13;&#10;            &#13;&#10;            &#13;&#10;        }&#13;&#10;        catch(Exception e)&#13;&#10;        {&#13;&#10;            e.printStackTrace();&#13;&#10;        }&#9;&#13;&#10;        return courseList;&#13;&#10;&#9;}&#13;&#10;&#9;&#13;&#10;&#9;public String fetchCourseSubj(int courseID)&#13;&#10;    {&#13;&#10;        // SELECT * FROM example WHERE name='Sandy Smith'&#13;&#10;        try{&#13;&#10;            Statement s = myCon.createStatement();          &#13;&#10;            // System.out.println(&quot;SELECT course_id FROM class100 WHERE course_id = &quot; +courseID +&quot;;&quot;);&#13;&#10;            s.executeQuery(&quot;SELECT course_subject FROM class100 WHERE course_id = &quot; +courseID +&quot;;&quot;);&#13;&#10;            ResultSet res = s.getResultSet();&#13;&#10;            res.next();             // Move to first row!&#13;&#10;            return res.getString(&quot;course_subject&quot;);&#13;&#10;                   &#13;&#10;        }&#13;&#10;        catch(Exception e){&#13;&#10;            e.printStackTrace();&#13;&#10;            return null;&#13;&#10;        }&#13;&#10;       &#13;&#10;    }&#13;&#10;    &#13;&#10;    public String fetchCourseName(int courseID)&#13;&#10;    {&#13;&#10;        // SELECT * FROM example WHERE name='Sandy Smith'&#13;&#10;        try{&#13;&#10;            Statement s = myCon.createStatement();          &#13;&#10;            // System.out.println(&quot;SELECT course_id FROM class100 WHERE course_id = &quot; +courseID +&quot;;&quot;);&#13;&#10;            s.executeQuery(&quot;SELECT course_name FROM class100 WHERE course_id = &quot; +courseID +&quot;;&quot;);&#13;&#10;            ResultSet res = s.getResultSet();&#13;&#10;            res.next();             // Move to first row!&#13;&#10;            return res.getString(&quot;course_name&quot;);&#13;&#10;                   &#13;&#10;        }&#13;&#10;        catch(Exception e){&#13;&#10;            e.printStackTrace();&#13;&#10;            return null;&#13;&#10;        }&#13;&#10;       &#13;&#10;    }&#13;&#10;    &#13;&#10;    public String fetchCourseSemester(int courseID)&#13;&#10;    {&#13;&#10;        // SELECT * FROM example WHERE name='Sandy Smith'&#13;&#10;        try{&#13;&#10;            Statement s = myCon.createStatement();          &#13;&#10;            // System.out.println(&quot;SELECT course_id FROM class100 WHERE course_id = &quot; +courseID +&quot;;&quot;);&#13;&#10;            s.executeQuery(&quot;SELECT semester FROM class100 WHERE course_id = &quot; +courseID +&quot;;&quot;);&#13;&#10;            ResultSet res = s.getResultSet();&#13;&#10;            res.next();             // Move to first row!&#13;&#10;            return res.getString(&quot;semester&quot;);&#13;&#10;                   &#13;&#10;        }&#13;&#10;        catch(Exception e){&#13;&#10;            e.printStackTrace();&#13;&#10;            return null;&#13;&#10;        }&#13;&#10;       &#13;&#10;    }&#13;&#10;    &#13;&#10;    public String fetchCourseStart(int courseID)&#13;&#10;    {&#13;&#10;        // SELECT * FROM example WHERE name='Sandy Smith'&#13;&#10;        try{&#13;&#10;            Statement s = myCon.createStatement();          &#13;&#10;            // System.out.println(&quot;SELECT course_id FROM class100 WHERE course_id = &quot; +courseID +&quot;;&quot;);&#13;&#10;            s.executeQuery(&quot;SELECT start_date FROM class100 WHERE course_id = &quot; +courseID +&quot;;&quot;);&#13;&#10;            ResultSet res = s.getResultSet();&#13;&#10;            res.next();             // Move to first row!&#13;&#10;            return res.getString(&quot;start_date&quot;);&#13;&#10;                   &#13;&#10;        }&#13;&#10;        catch(Exception e){&#13;&#10;            e.printStackTrace();&#13;&#10;            return null;&#13;&#10;        }&#13;&#10;       &#13;&#10;    }&#13;&#10;    &#13;&#10;    public String fetchCourseEnd(int courseID)&#13;&#10;    {&#13;&#10;        // SELECT * FROM example WHERE name='Sandy Smith'&#13;&#10;       &#13;&#10;        try{&#13;&#10;            Statement s = myCon.createStatement();          &#13;&#10;            // System.out.println(&quot;SELECT course_id FROM class100 WHERE course_id = &quot; +courseID +&quot;;&quot;);&#13;&#10;            s.executeQuery(&quot;SELECT end_date FROM class100 WHERE course_id = &quot; +courseID +&quot;;&quot;);&#13;&#10;            ResultSet res = s.getResultSet();&#13;&#10;            res.next();  &#13;&#10;            &#13;&#10;            String courseEnd = res.getString(&quot;end_date&quot;);// Move to first row!&#13;&#10;            return courseEnd;&#13;&#10;        }&#13;&#10;        catch(Exception e){&#13;&#10;            e.printStackTrace();&#13;&#10;            return null;&#13;&#10;        }&#13;&#10;       &#13;&#10;    }&#13;&#10;    &#13;&#10;    public String fetchStartMon(int courseID)&#13;&#10;    {&#13;&#10;        try{&#13;&#10;            Statement s = myCon.createStatement();&#13;&#10;            s.executeQuery(&quot;SELECT start_mon FROM Class100 WHERE course_id = &quot; +courseID +&quot;;&quot;);&#13;&#10;            ResultSet res = s.getResultSet();&#13;&#10;            res.next();&#13;&#10;            return res.getString(&quot;start_mon&quot;);&#13;&#10;            // hh:mm&#13;&#10;        }&#13;&#10;        catch(Exception e)&#13;&#10;        {&#13;&#10;            e.printStackTrace();&#13;&#10;            &#13;&#10;            return null;&#13;&#10;        }&#13;&#10;    }&#13;&#10;    &#13;&#10;    public String fetchEndMon(int courseID)&#13;&#10;    {&#13;&#10;        try{&#13;&#10;            Statement s = myCon.createStatement();&#13;&#10;            s.executeQuery(&quot;SELECT end_mon FROM Class100 WHERE course_id = &quot; +courseID +&quot;;&quot;);&#13;&#10;            ResultSet res = s.getResultSet();&#13;&#10;            res.next();&#13;&#10;            return res.getString(&quot;end_mon&quot;);&#13;&#10;            &#13;&#10;        }&#13;&#10;        catch(Exception e)&#13;&#10;        {&#13;&#10;            e.printStackTrace();&#13;&#10;            return null;&#13;&#10;        }&#13;&#10;    }&#13;&#10;    &#13;&#10;    public String fetchStartTue(int courseID)&#13;&#10;    {&#13;&#10;        try{&#13;&#10;            Statement s = myCon.createStatement();&#13;&#10;            s.executeQuery(&quot;SELECT start_tue FROM Class100 WHERE course_id = &quot; +courseID +&quot;;&quot;);&#13;&#10;            ResultSet res = s.getResultSet();&#13;&#10;            res.next();&#13;&#10;            return res.getString(&quot;start_tue&quot;);&#13;&#10;            &#13;&#10;        }&#13;&#10;        catch(Exception e)&#13;&#10;        {&#13;&#10;            e.printStackTrace();&#13;&#10;            &#13;&#10;            return &quot;&quot;;&#13;&#10;        }&#13;&#10;    }&#13;&#10;    &#13;&#10;    public String fetchEndTue(int courseID)&#13;&#10;    {&#13;&#10;        try{&#13;&#10;            Statement s = myCon.createStatement();&#13;&#10;            s.executeQuery(&quot;SELECT end_tue FROM Class100 WHERE course_id = &quot; +courseID +&quot;;&quot;);&#13;&#10;            ResultSet res = s.getResultSet();&#13;&#10;            res.next();&#13;&#10;            return res.getString(&quot;end_tue&quot;);&#13;&#10;            &#13;&#10;        }&#13;&#10;        catch(Exception e)&#13;&#10;        {&#13;&#10;            e.printStackTrace();&#13;&#10;            return null;&#13;&#10;        }&#13;&#10;    }&#13;&#10;&#13;&#10;    public String fetchStartWed(int courseID)&#13;&#10;    {&#13;&#10;        try{&#13;&#10;            Statement s = myCon.createStatement();&#13;&#10;            s.executeQuery(&quot;SELECT start_wed FROM Class100 WHERE course_id = &quot; +courseID +&quot;;&quot;);&#13;&#10;            ResultSet res = s.getResultSet();&#13;&#10;            res.next();&#13;&#10;            return res.getString(&quot;start_wed&quot;);&#13;&#10;            &#13;&#10;        }&#13;&#10;        catch(Exception e)&#13;&#10;        {&#13;&#10;            e.printStackTrace();&#13;&#10;            return null;&#13;&#10;        }&#13;&#10;    }&#13;&#10;    &#13;&#10;    public String fetchEndWed(int courseID)&#13;&#10;    {&#13;&#10;        try{&#13;&#10;            Statement s = myCon.createStatement();&#13;&#10;            s.executeQuery(&quot;SELECT end_wed FROM Class100 WHERE course_id = &quot; +courseID +&quot;;&quot;);&#13;&#10;            ResultSet res = s.getResultSet();&#13;&#10;            res.next();&#13;&#10;            return res.getString(&quot;end_wed&quot;);&#13;&#10;            &#13;&#10;        }&#13;&#10;        catch(Exception e)&#13;&#10;        {&#13;&#10;            e.printStackTrace();&#13;&#10;            return null;&#13;&#10;        }&#13;&#10;    }&#13;&#10;    &#13;&#10;    &#13;&#10;        public String fetchStartThu(int courseID)&#13;&#10;    {&#13;&#10;        try{&#13;&#10;            Statement s = myCon.createStatement();&#13;&#10;            s.executeQuery(&quot;SELECT start_thu FROM Class100 WHERE course_id = &quot; +courseID +&quot;;&quot;);&#13;&#10;            ResultSet res = s.getResultSet();&#13;&#10;            res.next();&#13;&#10;            return res.getString(&quot;start_thu&quot;);&#13;&#10;            &#13;&#10;        }&#13;&#10;        catch(Exception e)&#13;&#10;        {&#13;&#10;            e.printStackTrace();&#13;&#10;            return null;&#13;&#10;        }&#13;&#10;    }&#13;&#10;    &#13;&#10;    public String fetchEndThu(int courseID)&#13;&#10;    {&#13;&#10;        try{&#13;&#10;            Statement s = myCon.createStatement();&#13;&#10;            s.executeQuery(&quot;SELECT end_thu FROM Class100 WHERE course_id = &quot; +courseID +&quot;;&quot;);&#13;&#10;            ResultSet res = s.getResultSet();&#13;&#10;            res.next();&#13;&#10;            return res.getString(&quot;end_thu&quot;);&#13;&#10;            &#13;&#10;        }&#13;&#10;        catch(Exception e)&#13;&#10;        {&#13;&#10;            e.printStackTrace();&#13;&#10;            return null;&#13;&#10;        }&#13;&#10;    }&#13;&#10;    &#13;&#10;    public String fetchStartFri(int courseID)&#13;&#10;    {&#13;&#10;        try{&#13;&#10;            Statement s = myCon.createStatement();&#13;&#10;            s.executeQuery(&quot;SELECT start_fri FROM Class100 WHERE course_id = &quot; +courseID +&quot;;&quot;);&#13;&#10;            ResultSet res = s.getResultSet();&#13;&#10;            res.next();&#13;&#10;            return res.getString(&quot;start_fri&quot;);&#13;&#10;            &#13;&#10;        }&#13;&#10;        catch(Exception e)&#13;&#10;        {&#13;&#10;            e.printStackTrace();&#13;&#10;            return null;&#13;&#10;        }&#13;&#10;    }&#13;&#10;    &#13;&#10;    public String fetchEndFri(int courseID)&#13;&#10;    {&#13;&#10;        try{&#13;&#10;            Statement s = myCon.createStatement();&#13;&#10;            s.executeQuery(&quot;SELECT end_fri FROM Class100 WHERE course_id = &quot; +courseID +&quot;;&quot;);&#13;&#10;            ResultSet res = s.getResultSet();&#13;&#10;            res.next();&#13;&#10;            return res.getString(&quot;end_fri&quot;);&#13;&#10;            &#13;&#10;        }&#13;&#10;        catch(Exception e)&#13;&#10;        {&#13;&#10;            e.printStackTrace();&#13;&#10;            return null;&#13;&#10;        }&#13;&#10;    }&#13;&#10;    &#13;&#10;    &#13;&#10;        public String fetchStartSat(int courseID)&#13;&#10;    {&#13;&#10;        try{&#13;&#10;            Statement s = myCon.createStatement();&#13;&#10;            ResultSet res = s.executeQuery(&quot;SELECT start_sat FROM Class100 WHERE course_id = &quot; +courseID +&quot;;&quot;);&#13;&#10;            &#13;&#10;            res.next();&#13;&#10;            return res.getString(&quot;start_sat&quot;);&#13;&#10;            &#13;&#10;        }&#13;&#10;        catch(Exception e)&#13;&#10;        {&#13;&#10;            e.printStackTrace();&#13;&#10;            return null;&#13;&#10;        }&#13;&#10;    }&#13;&#10;    &#13;&#10;    public String fetchEndSat(int courseID)&#13;&#10;    {&#13;&#10;        &#13;&#10;        try{&#13;&#10;            Statement s = myCon.createStatement();&#13;&#10;            &#13;&#10;            ResultSet res = s.executeQuery(&quot;SELECT end_sat FROM Class100 WHERE course_id = &quot; +courseID +&quot;;&quot;);&#13;&#10;            &#13;&#10;            res.next();&#13;&#10;            String end = res.getString(&quot;end_sat&quot;);&#13;&#10;           &#13;&#10;            return end;&#13;&#10;        }&#13;&#10;        catch(Exception e)&#13;&#10;        {&#13;&#10;            e.printStackTrace();&#13;&#10;            return null;&#13;&#10;        }&#13;&#10;    }&#13;&#10;    &#13;&#10;    public int storeClassInfo(int courseID, String courseSubj, String courseName, String semester)&#13;&#10;    {&#13;&#10;        try{&#13;&#10;            Statement s = myCon.createStatement();&#13;&#10;           // System.out.println(&quot;INSERT INTO Class100 (course_id, course_subject, course_name, semester)&quot; +&#13;&#10;           //         &quot; VALUES ( &quot;+courseID +&quot;, '&quot; +courseSubj +&quot;', &quot; +courseName +&quot;', '&quot; +semester +&quot;')&quot;);&#13;&#10;            s.executeUpdate(&quot;INSERT INTO Class100 (course_id, course_subject, course_name, semester)&quot; +&#13;&#10;                    &quot; VALUES ( '&quot;+courseID +&quot;', '&quot; +courseSubj +&quot;', '&quot; +courseName +&quot;', '&quot; +semester +&quot;')&quot;);&#13;&#10;            &#13;&#10;&#13;&#10;        }&#13;&#10;        catch(Exception e){&#13;&#10;            e.printStackTrace();&#13;&#10;            return -1;&#13;&#10;        }&#13;&#10;        return 0;&#13;&#10;    }&#13;&#10;    &#13;&#10;    public int storeClassSched(int courseID, String startDate, String endDate, String startMon, String endMon,&#13;&#10;            String startTue, String endTue, String startWed, String endWed, String startThu, String endThu, &#13;&#10;            String startFri, String endFri, String startSat, String endSat)&#13;&#10;    {&#13;&#10;        try{&#13;&#10;            Statement s = myCon.createStatement();&#13;&#10;            s.executeUpdate(&quot;UPDATE Class100 SET &quot; +&#13;&#10;                    &quot;start_date = '&quot; +startDate +&quot;', end_date = '&quot; +endDate +&quot;', start_mon =  '&quot; &#13;&#10;                    +startMon +&quot;', end_mon = '&quot; +endMon + &quot;', start_tue = '&quot; +startTue +&quot;', end_tue = '&quot; +endTue &#13;&#10;                    +&quot;', start_wed = '&quot; +startWed +&quot;', end_wed = '&quot; +endWed +&quot;', start_thu =  '&quot; +startThu &#13;&#10;                    + &quot;', end_thu = '&quot; +endThu +&quot;', start_fri = '&quot; +startFri +&quot;', end_fri = '&quot; +endFri &#13;&#10;                    +&quot;', start_sat =  '&quot; +startSat +&quot;', end_sat = '&quot; +endSat&#13;&#10;                    +&quot;' WHERE course_id = '&quot; +courseID + &quot;';&quot;);&#13;&#10;        }&#13;&#10;        catch(Exception e){&#13;&#10;            e.printStackTrace();&#13;&#10;            return -1;&#13;&#10;        }&#13;&#10;        return 0;&#13;&#10;        &#13;&#10;    }&#13;&#10;    &#13;&#10;    public void clearDatabase()&#13;&#10;    {&#13;&#10;        try{&#13;&#10;            Statement s = myCon.createStatement();&#13;&#10;            s.execute(&quot;DELETE FROM class100;&quot;);&#13;&#10;        }&#13;&#10;        catch(Exception e)&#13;&#10;        {&#13;&#10;            e.printStackTrace();&#13;&#10;        }&#13;&#10;    }&#13;&#10;&#13;&#10;    public int createClassTable()&#13;&#10;    {&#13;&#10;       try{ &#13;&#10;        Statement s = myCon.createStatement();&#13;&#10;        int rowCount;&#13;&#10;        s.executeUpdate(&quot;DROP TABLE IF EXISTS Class100&quot;);&#13;&#10;        rowCount = s.executeUpdate(&#13;&#10;                        &quot;CREATE TABLE Class100(&quot;&#13;&#10;                            + &quot;course_id INT UNSIGNED NOT NULL,&quot;&#13;&#10;                            + &quot;course_subject VARCHAR (20),&quot;&#13;&#10;                            + &quot;course_name VARCHAR (20),&quot;&#13;&#10;                            + &quot;semester VARCHAR (20),&quot;&#13;&#10;                            + &quot;start_date VARCHAR (20),&quot;&#13;&#10;                            + &quot;end_date VARCHAR (20),&quot;&#13;&#10;//                            + &quot;am_or_pm VARCHAR (5),&quot;&#13;&#10;                            + &quot;start_mon VARCHAR (20),&quot;&#13;&#10;                            + &quot;end_mon VARCHAR (20),&quot;&#13;&#10;                            + &quot;start_tue VARCHAR (20),&quot;&#13;&#10;                            + &quot;end_tue VARCHAR (20),&quot;&#13;&#10;                            + &quot;start_wed VARCHAR (20),&quot;&#13;&#10;                            + &quot;end_wed VARCHAR (20),&quot;&#13;&#10;                            + &quot;start_thu VARCHAR (20),&quot;&#13;&#10;                            + &quot;end_thu VARCHAR (20),&quot;&#13;&#10;                            + &quot;start_fri VARCHAR (20),&quot;&#13;&#10;                            + &quot;end_fri VARCHAR (20),&quot;&#13;&#10;                            + &quot;start_sat VARCHAR (20),&quot;&#13;&#10;                            + &quot;end_sat VARCHAR (20),&quot;&#13;&#10;                            + &quot;PRIMARY KEY (course_id))&quot;);&#13;&#10;        s.close();&#13;&#10;       }&#13;&#10;       catch(Exception e){&#13;&#10;           e.printStackTrace();&#13;&#10;           return -1;&#13;&#10;       }&#13;&#10;       return 0;&#13;&#10;                       &#13;&#10;    }&#13;&#10;}&#13;&#10;" Filename="MySQLManager.java" Intrnl_Id="18"/>
<SrcFile Content="package my.PSM.subsystemTestPSM;&#13;&#10;&#13;&#10;import static org.junit.Assert.*;&#13;&#10;&#13;&#10;import org.junit.After;&#13;&#10;import org.junit.Before;&#13;&#10;import org.junit.Test;&#13;&#10;&#13;&#10;import my.PSM.PSM_Logic.LogicFacade;&#13;&#10;&#13;&#10;public class logicTest {&#13;&#10;&#9;&#13;&#10;    LogicFacade logicFacade;&#13;&#10;    DataStoreFacadeStub data;&#13;&#10;&#9;@Before&#13;&#10;&#9;public void setUp() throws Exception {&#13;&#10;&#9;&#9;data = new DataStoreFacadeStub(&quot;user&quot;, &quot;pw&quot;);&#13;&#10;    &#9;logicFacade = new LogicFacade(data);&#13;&#10;&#9;&#9;&#13;&#10;&#9;}&#13;&#10;&#13;&#10;&#9;@After&#13;&#10;&#9;public void tearDown() throws Exception {&#13;&#10;&#9;&#9;logicFacade = null;&#13;&#10;&#9;}&#13;&#10;&#13;&#10;&#9;@Test&#13;&#10;&#9;public void testfetchcourse() {&#13;&#10;&#9;&#9;data.testHelper(4072, &quot;CEN&quot;, &quot;Software Testing&quot;, &quot;SummerA&quot;, &quot;06/15/16&quot;, &quot;07/15/16&quot;, null, null, &quot;4:30&quot;, &quot;6:15&quot;, null, null, null, null, null, null, null, null);&#13;&#10;&#9;&#9;data.testHelper(3530, &quot;CEN&quot;, &quot;Software Testing&quot;, &quot;SummerA&quot;, &quot;06/15/16&quot;, &quot;07/15/16&quot;, null, null, &quot;4:30&quot;, &quot;6:15&quot;, null, null, null, null, null, null, null, null);&#13;&#10;&#9;&#9;((DataStoreFacadeStub)data).setString(&quot;4072,3530,&quot;);&#13;&#10;&#9;&#9;String s=logicFacade.fetchCourses();&#13;&#10;&#9;   &#13;&#10;&#9;&#9;assertEquals(s, &quot;4072,3530,&quot;);&#13;&#10;&#9;&#9;&#13;&#10;&#9;&#9;&#13;&#10;&#9;}&#13;&#10;&#9;&#13;&#10;&#9;@Test&#13;&#10;&#9;public void testfetchcourse02(){&#13;&#10;&#9;&#9;((DataStoreFacadeStub)data).setString(&quot;&quot;);&#13;&#10;&#9;&#9;String s=logicFacade.fetchCourses();&#13;&#10;&#9;   &#13;&#10;&#9;&#9;assertEquals(s, &quot;&quot;);&#13;&#10;&#9;}&#13;&#10;&#9;@Test&#13;&#10;&#9;public void testfetchcourse01(){&#13;&#10;&#9;&#9;data.testHelper(4072, &quot;CEN&quot;, &quot;Software Testing&quot;, &quot;SummerA&quot;, &quot;06/15/16&quot;, &quot;07/15/16&quot;, null, null, &quot;4:30&quot;, &quot;6:15&quot;, null, null, null, null, null, null, null, null);&#13;&#10;&#9;&#9;((DataStoreFacadeStub)data).setString(&quot;4072,&quot;);&#13;&#10;&#9;&#9;String s=logicFacade.fetchCourses();&#13;&#10;&#9;   &#13;&#10;&#9;&#9;assertEquals(s, &quot;4072,&quot;);&#13;&#10;&#9;}&#13;&#10;&#13;&#10;}&#13;&#10;&#13;&#10;" Filename="logicTest.java" Intrnl_Id="19"/>
<SrcFile Content="package my.PSM.unitTestPSM;&#13;&#10;import static org.junit.Assert.*;&#13;&#10;&#13;&#10;import java.util.ArrayList;&#13;&#10;&#13;&#10;import my.PSM.PSM_Storage.DBConnection;&#13;&#10;&#13;&#10;import org.junit.Before;&#13;&#10;import org.junit.Test;&#13;&#10;&#13;&#10;public class DBConnectionTest {&#13;&#10;&#13;&#10;&#9;DBConnection db = new DBConnection();&#13;&#10;&#9;MySQLManagerStub stub = new MySQLManagerStub(&quot;user&quot;,&quot;pw&quot;);&#13;&#10;&#9;&#13;&#10;&#9;&#13;&#10;&#9;@Before&#13;&#10;&#9;public void runBefore(){&#13;&#10;&#9;&#9;stub.testHelper(4010, &quot;CEN&quot;, &quot;Software Engineering&quot;, &quot;Spring 2008&quot;, &quot;01-02-08&quot;, &quot;04-20-08&quot;, &quot;12:00&quot;, &quot;12:50&quot;, null, null, &quot;12:00&quot;, &quot;12:50&quot;, null, null, &quot;12:00&quot;, &quot;12:50&quot;, null, null);&#13;&#10;&#9;&#9;db.setMyManager(stub);&#13;&#10;&#9;}&#13;&#10;&#9;&#13;&#10;&#9;@Test&#13;&#10;&#9;public void testConnectStringStringString() {&#13;&#10;&#9;&#9;db.connect(&quot;jdbc:mysql://131.94.178.165:3306/mydb&quot;, &quot;user&quot;, &quot;pw&quot;);&#13;&#10;&#9;}&#13;&#10;&#13;&#10;&#9;@Test&#13;&#10;&#9;public void testConnectStringString() {&#13;&#10;&#9;&#9;db.connect(&quot;user&quot;, &quot;pw&quot;);&#13;&#10;&#9;}&#13;&#10;&#13;&#10;&#9;@Test&#13;&#10;&#9;public void testDisconnect() {&#13;&#10;&#9;&#9;db.disconnect();&#13;&#10;&#9;}&#13;&#10;&#13;&#10;&#9;@Test&#13;&#10;&#9;public void testFetchCourseID() {&#13;&#10;&#9;&#9;boolean flag = false;&#13;&#10;&#9;&#9;int course = 4010;&#13;&#10;&#9;&#9;//courses = courses + &quot;&quot;;&#13;&#10;&#9;&#9;if (course == db.fetchCourseID(4010)){&#13;&#10;&#9;&#9;&#9;flag = true;&#13;&#10;&#9;&#9;} else flag = false;&#13;&#10;&#9;&#9;assertEquals(true,flag);&#13;&#10;&#13;&#10;&#9;}&#13;&#10;&#13;&#10;&#9;@Test&#13;&#10;&#9;public void testGetEndDates() {&#13;&#10;&#9;&#9;db.getEndDates().size();&#13;&#10;&#9;&#9;assertEquals(true,true);&#13;&#10;&#9;}&#13;&#10;&#13;&#10;&#9;@Test&#13;&#10;&#9;public void testGetCourses() {&#13;&#10;&#9;&#9;ArrayList&lt;Integer&gt; courses = new ArrayList&lt;Integer&gt;();&#13;&#10;&#9;&#9;boolean flag = false;&#13;&#10;&#9;&#9;courses.add(0, 4010);&#13;&#10;&#9;&#9;int a = courses.size();&#13;&#10;&#9;&#9;int b = db.getEndDates().size();&#13;&#10;&#9;&#9;int max;&#13;&#10;&#9;&#9;if (a &gt;= b) {&#13;&#10;&#9;&#9;&#9;max = a;&#13;&#10;&#9;&#9;} else&#13;&#10;&#9;&#9;&#9;max = b;&#13;&#10;&#9;&#9;for (int i = 0; i &lt; max; i++) {&#13;&#10;&#9;&#9;&#9;if (courses.get(i) == (db.getCourses().get(i))) {&#13;&#10;&#9;&#9;&#9;&#9;// do nothing&#13;&#10;&#9;&#9;&#9;} else&#13;&#10;&#9;&#9;&#9;&#9;flag = false;&#13;&#10;&#9;&#9;}&#13;&#10;&#9;&#9;flag = true;&#13;&#10;&#9;&#9;assertEquals(true,flag);&#13;&#10;&#9;}&#13;&#10;&#13;&#10;&#9;@Test&#13;&#10;&#9;public void testFetchCourses() {&#13;&#10;&#9;&#9;boolean flag = false;&#13;&#10;&#9;&#9;String courses = &quot;4010,&quot;;&#13;&#10;&#9;&#9;//courses = courses + &quot;&quot;;&#13;&#10;&#9;&#9;if (courses.equalsIgnoreCase(db.fetchCourses())){&#13;&#10;&#9;&#9;&#9;flag = true;&#13;&#10;&#9;&#9;} else flag = false;&#13;&#10;&#9;&#9;assertEquals(true,flag);&#13;&#10;&#9;}&#13;&#10;&#13;&#10;&#9;@Test&#13;&#10;&#9;public void testFetchCourseSubj() {&#13;&#10;&#9;&#9;boolean flag = false;&#13;&#10;&#9;&#9;String subj = &quot;CEN&quot;;&#9;//based on ID&#13;&#10;&#9;&#9;if (subj.equalsIgnoreCase(db.fetchCourseSubj(4010))){&#13;&#10;&#9;&#9;&#9;flag = true;&#13;&#10;&#9;&#9;} else flag = false;&#13;&#10;&#9;&#9;assertEquals(true,flag);&#13;&#10;&#9;}&#13;&#10;&#13;&#10;&#9;@Test&#13;&#10;&#9;public void testFetchCourseName() {&#13;&#10;&#9;&#9;boolean flag = false;&#13;&#10;&#9;&#9;String courses = &quot;Software Engineering&quot;; //based on ID&#13;&#10;&#9;&#9;if (courses.equalsIgnoreCase(db.fetchCourseName(4010))){&#13;&#10;&#9;&#9;&#9;flag = true;&#13;&#10;&#9;&#9;} else flag = false;&#13;&#10;&#9;&#9;assertEquals(true,flag);&#13;&#10;&#9;}&#13;&#10;&#13;&#10;&#9;@Test&#13;&#10;&#9;public void testFetchCourseSemester() {&#13;&#10;&#9;&#9;boolean flag = false;&#13;&#10;&#9;&#9;String semester= &quot;Spring 2008&quot;; //based on ID&#13;&#10;&#9;&#9;if (semester.equalsIgnoreCase(db.fetchCourseSemester(4010))){&#13;&#10;&#9;&#9;&#9;flag = true;&#13;&#10;&#9;&#9;} else flag = false;&#13;&#10;&#9;&#9;assertEquals(true,flag);&#13;&#10;&#9;}&#13;&#10;&#13;&#10;&#9;@Test&#13;&#10;&#9;public void testFetchCourseStart() {&#13;&#10;&#9;&#9;boolean flag = false;&#13;&#10;&#9;&#9;String startDate= &quot;01-02-08&quot;; //based on ID&#13;&#10;&#9;&#9;if (startDate.equalsIgnoreCase(db.fetchCourseStart(4010))){&#13;&#10;&#9;&#9;&#9;flag = true;&#13;&#10;&#9;&#9;} else flag = false;&#13;&#10;&#9;&#9;assertEquals(true,flag);&#13;&#10;&#9;}&#13;&#10;&#13;&#10;&#9;@Test&#13;&#10;&#9;public void testFetchCourseEnd() {&#13;&#10;&#9;&#9;boolean flag = false;&#13;&#10;&#9;&#9;String endDate= &quot;04-20-08&quot;; //based on ID&#13;&#10;&#9;&#9;if (endDate.equalsIgnoreCase(db.fetchCourseEnd(4010))){&#13;&#10;&#9;&#9;&#9;flag = true;&#13;&#10;&#9;&#9;} else flag = false;&#13;&#10;&#9;&#9;assertEquals(true,flag);&#13;&#10;&#9;}&#13;&#10;&#13;&#10;&#9;@Test&#13;&#10;&#9;public void testFetchStartMon() {&#13;&#10;&#9;&#9;boolean flag = false;&#13;&#10;&#9;&#9;String startMon= &quot;12:00&quot;; //based on ID&#13;&#10;&#9;&#9;if (startMon.equalsIgnoreCase(db.fetchStartMon(4010))){&#13;&#10;&#9;&#9;&#9;flag = true;&#13;&#10;&#9;&#9;} else flag = false;&#13;&#10;&#9;&#9;assertEquals(true,flag);&#13;&#10;&#9;}&#13;&#10;&#13;&#10;&#9;@Test&#13;&#10;&#9;public void testFetchEndMon() {&#13;&#10;&#9;&#9;boolean flag = false;&#13;&#10;&#9;&#9;String endMon= &quot;12:50&quot;; //based on ID&#13;&#10;&#9;&#9;if (endMon.equalsIgnoreCase(db.fetchEndMon(4010))){&#13;&#10;&#9;&#9;&#9;flag = true;&#13;&#10;&#9;&#9;} else flag = false;&#13;&#10;&#9;&#9;assertEquals(true,flag);&#13;&#10;&#9;}&#13;&#10;&#13;&#10;&#9;@Test&#13;&#10;&#9;public void testFetchStartTue() {&#13;&#10;&#9;&#9;boolean flag = false;&#13;&#10;&#9;&#9;String startTue= null; //based on ID&#13;&#10;&#9;&#9;if (startTue == (db.fetchStartTue(4010))){&#13;&#10;&#9;&#9;&#9;flag = true;&#13;&#10;&#9;&#9;} else flag = false;&#13;&#10;&#9;&#9;assertEquals(true,flag);&#13;&#10;&#9;}&#13;&#10;&#13;&#10;&#9;@Test&#13;&#10;&#9;public void testFetchEndTue() {&#13;&#10;&#9;&#9;boolean flag = false;&#13;&#10;&#9;&#9;String endTue= null; //based on ID&#13;&#10;&#9;&#9;if (endTue == (db.fetchEndTue(4010))){&#13;&#10;&#9;&#9;&#9;flag = true;&#13;&#10;&#9;&#9;} else flag = false;&#13;&#10;&#9;&#9;assertEquals(true,flag);&#13;&#10;&#9;}&#13;&#10;&#13;&#10;&#9;@Test&#13;&#10;&#9;public void testFetchStartWed() {&#13;&#10;&#9;&#9;boolean flag = false;&#13;&#10;&#9;&#9;String startWed= &quot;12:00&quot;; //based on ID&#13;&#10;&#9;&#9;if (startWed.equalsIgnoreCase(db.fetchStartWed(4010))){&#13;&#10;&#9;&#9;&#9;flag = true;&#13;&#10;&#9;&#9;} else flag = false;&#13;&#10;&#9;&#9;assertEquals(true,flag);&#13;&#10;&#9;}&#13;&#10;&#13;&#10;&#9;@Test&#13;&#10;&#9;public void testFetchEndWed() {&#13;&#10;&#9;&#9;boolean flag = false;&#13;&#10;&#9;&#9;String endWed= &quot;12:50&quot;; //based on ID&#13;&#10;&#9;&#9;if (endWed.equalsIgnoreCase(db.fetchEndWed(4010))){&#13;&#10;&#9;&#9;&#9;flag = true;&#13;&#10;&#9;&#9;} else flag = false;&#13;&#10;&#9;&#9;assertEquals(true,flag);&#13;&#10;&#9;}&#13;&#10;&#13;&#10;&#9;@Test&#13;&#10;&#9;public void testFetchStartThu() {&#13;&#10;&#9;&#9;boolean flag = false;&#13;&#10;&#9;&#9;String startThu= null; //based on ID&#13;&#10;&#9;&#9;if (startThu == (db.fetchStartThu(4010))){&#13;&#10;&#9;&#9;&#9;flag = true;&#13;&#10;&#9;&#9;} else flag = false;&#13;&#10;&#9;&#9;assertEquals(true,flag);&#13;&#10;&#9;}&#13;&#10;&#13;&#10;&#9;@Test&#13;&#10;&#9;public void testFetchEndThu() {&#13;&#10;&#9;&#9;boolean flag = false;&#13;&#10;&#9;&#9;String endThu= null; //based on ID&#13;&#10;&#9;&#9;if (endThu == (db.fetchEndThu(4010))){&#13;&#10;&#9;&#9;&#9;flag = true;&#13;&#10;&#9;&#9;} else flag = false;&#13;&#10;&#9;&#9;assertEquals(true,flag);&#13;&#10;&#9;}&#13;&#10;&#13;&#10;&#9;@Test&#13;&#10;&#9;public void testFetchStartFri() {&#13;&#10;&#9;&#9;boolean flag = false;&#13;&#10;&#9;&#9;String startFri= &quot;12:00&quot;; //based on ID&#13;&#10;&#9;&#9;if (startFri.equalsIgnoreCase(db.fetchStartFri(4010))){&#13;&#10;&#9;&#9;&#9;flag = true;&#13;&#10;&#9;&#9;} else flag = false;&#13;&#10;&#9;&#9;assertEquals(true,flag);&#13;&#10;&#9;}&#13;&#10;&#13;&#10;&#9;@Test&#13;&#10;&#9;public void testFetchEndFri() {&#13;&#10;&#9;&#9;boolean flag = false;&#13;&#10;&#9;&#9;String endFri= &quot;12:50&quot;; //based on ID&#13;&#10;&#9;&#9;if (endFri.equalsIgnoreCase(db.fetchEndFri(4010))){&#13;&#10;&#9;&#9;&#9;flag = true;&#13;&#10;&#9;&#9;} else flag = false;&#13;&#10;&#9;&#9;assertEquals(true,flag);&#13;&#10;&#9;}&#13;&#10;&#13;&#10;&#9;@Test&#13;&#10;&#9;public void testFetchStartSat() {&#13;&#10;&#9;&#9;boolean flag = false;&#13;&#10;&#9;&#9;String startSat= null; //based on ID&#13;&#10;&#9;&#9;if (startSat == (db.fetchStartSat(4010))){&#13;&#10;&#9;&#9;&#9;flag = true;&#13;&#10;&#9;&#9;} else flag = false;&#13;&#10;&#9;&#9;assertEquals(true,flag);&#13;&#10;&#9;}&#13;&#10;&#13;&#10;&#9;@Test&#13;&#10;&#9;public void testFetchEndSat() {&#13;&#10;&#9;&#9;boolean flag = false;&#13;&#10;&#9;&#9;String endSat= null; //based on ID&#13;&#10;&#9;&#9;if (endSat == (db.fetchEndSat(4010))){&#13;&#10;&#9;&#9;&#9;flag = true;&#13;&#10;&#9;&#9;} else flag = false;&#13;&#10;&#9;&#9;assertEquals(true,flag);&#13;&#10;&#9;}&#13;&#10;&#13;&#10;&#9;@Test&#13;&#10;&#9;public void testStoreClassInfo() {&#13;&#10;&#9;&#9;db.storeClassInfo(4010, &quot;CEN&quot;, &quot;Software Testing&quot;, &quot;Fall 2016&quot;);&#13;&#10;&#9;&#9;assertEquals(true,stub.courses.contains(4010));&#13;&#10;&#9;&#9;assertEquals(&quot;Software Testing&quot;,stub.defCourseName.get(4010));&#13;&#10;&#9;&#9;assertEquals(&quot;CEN&quot;,stub.defSub.get(4010));&#13;&#10;&#9;&#9;assertEquals(&quot;Fall 2016&quot;,stub.defSemester.get(4010));&#13;&#10;&#9;}&#13;&#10;&#13;&#10;&#9;//@Test&#13;&#10;&#9;//public void testStoreClassSched() {&#13;&#10;&#9;&#9;//fail(&quot;Not yet implemented&quot;);&#13;&#10;&#9;//}&#13;&#10;&#13;&#10;&#9;//@Test&#13;&#10;&#9;//public void testClearDatabase() {&#13;&#10;&#9;&#9;//fail(&quot;Not yet implemented&quot;);&#13;&#10;&#9;//}&#13;&#10;&#13;&#10;&#9;//@Test&#13;&#10;&#9;//public void testCreateClassTable() {&#13;&#10;&#9;&#9;//fail(&quot;Not yet implemented&quot;);&#13;&#10;&#9;//}&#13;&#10;&#13;&#10;}&#13;&#10;" Filename="DBConnectionTest.java" Intrnl_Id="20"/>
<SrcFile Content="package my.PSM.unitTestPSM;&#13;&#10;&#13;&#10;import static org.junit.Assert.*;&#13;&#10;&#13;&#10;import java.util.Calendar;&#13;&#10;import java.util.GregorianCalendar;&#13;&#10;import java.lang.System;&#13;&#10;&#13;&#10;import my.PSM.PSM_Logic.appController;&#13;&#10;&#13;&#10;import org.junit.After;&#13;&#10;import org.junit.Assert;&#13;&#10;import org.junit.Before;&#13;&#10;import org.junit.Test;&#13;&#10;&#13;&#10;&#13;&#10;public class appControllerTest {&#13;&#10;&#9;private appController app; //tested class&#13;&#10;&#9;private InterfaceFacadeStub iFacade; //stub&#13;&#10;&#9;private DataStoreFacadeStub dataStub; //stub&#13;&#10;&#13;&#10;&#9;@Before&#13;&#10;&#9;public void runBeforeAllTest(){&#13;&#10;&#9;&#9;//--Makes sure all dependent classes used are stubbed&#13;&#10;&#9;&#9;app = new appController();&#13;&#10;&#9;&#9;iFacade = new InterfaceFacadeStub(); //stubbed interface facade&#13;&#10;&#9;&#9;dataStub = new DataStoreFacadeStub(&quot;user&quot;, &quot;pw&quot;); //stubbed date store facade&#13;&#10;&#9;&#9;app.setDataStoreFacade(dataStub);&#13;&#10;&#9;&#9;app.setAuthenticate(new AuthenticateStub(&quot;user&quot;, &quot;pw&quot;)); //inject authenticate stub&#13;&#10;&#9;&#9;InterfaceControllerStub interfaceStub = new InterfaceControllerStub(iFacade); //stubbed interface Controller&#13;&#10;&#9;&#9;app.setInterfaceController(interfaceStub);&#13;&#10;&#9;}&#13;&#10;&#9;@After&#13;&#10;&#9;public void runAfterAllTest(){&#13;&#10;&#9;&#9;app = null;&#13;&#10;&#9;&#9;iFacade = null;&#13;&#10;&#9;&#9;dataStub = null;&#13;&#10;&#9;}&#13;&#10;&#9;@Test&#13;&#10;&#9;public void testMyMain() {&#13;&#10;&#9;&#9;//--Mimic User Input&#13;&#10;&#9;&#9;iFacade.setUsername(&quot;user&quot;);&#13;&#10;&#9;&#9;iFacade.setPassword(&quot;pw&quot;);&#13;&#10;&#9;&#9;iFacade.setLogout(true);&#13;&#10;&#13;&#10;&#9;&#9;app.myMain();&#13;&#10;&#9;&#9;&#13;&#10;&#9;&#9;//--Expect to be logged out when method returns&#13;&#10;&#9;&#9;assertEquals(app.getUser(), &quot;user&quot;);&#13;&#10;&#9;&#9;assertEquals(app.getPass(), &quot;pw&quot;);&#13;&#10;&#9;&#9;assertEquals(app.getLoggedIn(), false);&#13;&#10;&#9;&#9;assertTrue(app.isLogoutSel());&#13;&#10;&#9;}&#13;&#10;&#13;&#10;&#9;@Test&#13;&#10;&#9;public void testAppMainMenu(){&#13;&#10;&#9;&#9;//--Mimic user input&#13;&#10;&#9;&#9;iFacade.setEdit(true);&#13;&#10;&#9;&#9;&#13;&#10;&#9;&#9;app.appMainMenu();&#13;&#10;&#9;&#9;&#13;&#10;&#9;&#9;//--Expect edSchedSel to be true&#13;&#10;&#9;&#9;assertTrue(app.isEdSchedSel());&#13;&#10;&#9;}&#13;&#10;&#9;@Test&#13;&#10;&#9;public void testAppMainMenu02(){&#13;&#10;&#9;&#9;//--Mimic user input&#13;&#10;&#9;&#9;iFacade.setLogout(true);&#13;&#10;&#9;&#9;&#13;&#10;&#9;&#9;app.appMainMenu();&#13;&#10;&#9;&#9;&#13;&#10;&#9;&#9;//--Expect logoutSel to be true&#13;&#10;&#9;&#9;assertTrue(app.isLogoutSel());&#13;&#10;&#9;}&#13;&#10;&#9;@Test&#13;&#10;&#9;public void testAppMainMenu03(){&#13;&#10;&#9;&#9;//--Mimic user input&#13;&#10;&#9;&#9;iFacade.setInit(true);&#13;&#10;&#9;&#9;&#13;&#10;&#9;&#9;app.appMainMenu();&#13;&#10;&#9;&#9;&#13;&#10;&#9;&#9;//--Expect schedSetupSel to be true&#13;&#10;&#9;&#9;assertTrue(app.isSchedSetupSel());&#13;&#10;&#9;}&#13;&#10;&#9;@Test&#13;&#10;&#9;public void testSetupSched() {&#13;&#10;&#9;&#9;&#13;&#10;&#9;&#9;//--Mimic user input&#13;&#10;&#9;&#9;iFacade.setCourse(4072);&#13;&#10;&#9;&#9;iFacade.testHelper(&quot;CEN&quot;, &quot;Software Testing&quot;, &quot;Fall&quot;, &quot;06/15/16&quot;, &#13;&#10;&#9;&#9;&#9;&#9;&quot;07/15/16&quot;, null, null, &quot;04:30&quot;, &quot;06:15&quot;, null, null,&#13;&#10;&#9;&#9;&#9;&#9;&quot;04:30&quot;, &quot;06:15&quot;, null, null, null, null);&#13;&#10;&#9;&#9;&#13;&#10;&#9;&#9;app.setupSched();&#13;&#10;&#9;&#9;&#13;&#10;&#9;&#9;//--Expect the mimicked user input to be in the database&#13;&#10;&#9;&#9;Assert.assertTrue(dataStub.courses.contains(4072));&#13;&#10;&#9;&#9;Assert.assertEquals(dataStub.defCourseName.get(4072), &quot;Software Testing&quot;);&#13;&#10;&#9;&#9;Assert.assertEquals(dataStub.defSub.get(4072), &quot;CEN&quot;);&#13;&#10;&#9;&#9;Assert.assertEquals(dataStub.defSemester.get(4072), &quot;Fall&quot;);&#13;&#10;&#9;&#9;Assert.assertEquals(dataStub.defCourseStart.get(4072), &quot;06/15/16&quot;);&#13;&#10;&#9;&#9;Assert.assertEquals(dataStub.defCourseEnd.get(4072), &quot;07/15/16&quot;);&#13;&#10;&#9;&#9;Assert.assertEquals(dataStub.defMonStart.get(4072), null);&#13;&#10;&#9;&#9;Assert.assertEquals(dataStub.defMonEnd.get(4072), null);&#13;&#10;&#9;&#9;Assert.assertEquals(dataStub.defTueStart.get(4072), &quot;04:30&quot;);&#13;&#10;&#9;&#9;Assert.assertEquals(dataStub.defTueEnd.get(4072), &quot;06:15&quot;);&#13;&#10;&#9;&#9;Assert.assertEquals(dataStub.defWedStart.get(4072), null);&#13;&#10;&#9;&#9;Assert.assertEquals(dataStub.defWedEnd.get(4072), null);&#13;&#10;&#9;&#9;Assert.assertEquals(dataStub.defThuStart.get(4072), &quot;04:30&quot;);&#13;&#10;&#9;&#9;Assert.assertEquals(dataStub.defThuEnd.get(4072), &quot;06:15&quot;);&#13;&#10;&#9;&#9;Assert.assertEquals(dataStub.defFriStart.get(4072), null);&#13;&#10;&#9;&#9;Assert.assertEquals(dataStub.defFriEnd.get(4072), null);&#13;&#10;&#9;&#9;Assert.assertEquals(dataStub.defSatStart.get(4072), null);&#13;&#10;&#9;&#9;Assert.assertEquals(dataStub.defSatEnd.get(4072), null);&#13;&#10;&#9;}&#13;&#10;&#13;&#10;&#9;@Test&#13;&#10;&#9;public void testAppEditSched() {&#13;&#10;&#9;&#9;//--Precondition: Database has the course with ID 4072&#13;&#10;&#9;&#9;dataStub.courses.add(4072);&#13;&#10;&#9;&#9;&#13;&#10;&#9;&#9;//--Mimic user input&#13;&#10;&#9;&#9;iFacade.setCourse(4072);&#13;&#10;&#9;&#9;iFacade.testHelper(&quot;CEN&quot;, &quot;Software Testing&quot;, &quot;Fall&quot;, &quot;06/15/16&quot;, &#13;&#10;&#9;&#9;&#9;&#9;&quot;07/15/16&quot;, null, null, &quot;04:30&quot;, &quot;06:15&quot;, null, null,&#13;&#10;&#9;&#9;&#9;&#9;&quot;04:30&quot;, &quot;06:15&quot;, null, null, null, null);&#13;&#10;&#9;&#9;//--&#13;&#10;&#9;&#9;&#13;&#10;&#9;&#9;app.appEditSched();&#13;&#10;&#9;&#9;&#13;&#10;&#9;&#9;//--Expect the mimicked user input to be in the database&#13;&#10;&#9;&#9;Assert.assertEquals(dataStub.defCourseStart.get(4072), &quot;06/15/16&quot;);&#13;&#10;&#9;&#9;Assert.assertEquals(dataStub.defCourseEnd.get(4072), &quot;07/15/16&quot;);&#13;&#10;&#9;&#9;Assert.assertEquals(dataStub.defMonStart.get(4072), null);&#13;&#10;&#9;&#9;Assert.assertEquals(dataStub.defMonEnd.get(4072), null);&#13;&#10;&#9;&#9;Assert.assertEquals(dataStub.defTueStart.get(4072), &quot;04:30&quot;);&#13;&#10;&#9;&#9;Assert.assertEquals(dataStub.defTueEnd.get(4072), &quot;06:15&quot;);&#13;&#10;&#9;&#9;Assert.assertEquals(dataStub.defWedStart.get(4072), null);&#13;&#10;&#9;&#9;Assert.assertEquals(dataStub.defWedEnd.get(4072), null);&#13;&#10;&#9;&#9;Assert.assertEquals(dataStub.defThuStart.get(4072), &quot;04:30&quot;);&#13;&#10;&#9;&#9;Assert.assertEquals(dataStub.defThuEnd.get(4072), &quot;06:15&quot;);&#13;&#10;&#9;&#9;Assert.assertEquals(dataStub.defFriStart.get(4072), null);&#13;&#10;&#9;&#9;Assert.assertEquals(dataStub.defFriEnd.get(4072), null);&#13;&#10;&#9;&#9;Assert.assertEquals(dataStub.defSatStart.get(4072), null);&#13;&#10;&#9;&#9;Assert.assertEquals(dataStub.defSatEnd.get(4072), null);&#13;&#10;&#9;}&#13;&#10;&#13;&#10;&#9;@Test&#13;&#10;&#9;public void testAppLogin() {&#13;&#10;&#9;&#9;//--Mimic User Input&#13;&#10;&#9;&#9;iFacade.setUsername(&quot;user&quot;);&#13;&#10;&#9;&#9;iFacade.setPassword(&quot;pw&quot;);&#13;&#10;&#9;&#9;&#13;&#10;&#9;&#9;app.appLogin();&#13;&#10;&#9;&#9;&#13;&#10;&#9;&#9;//--Expect to successfully login. And the state of app to change.&#13;&#10;&#9;&#9;Assert.assertTrue(app.getLoggedIn());&#13;&#10;&#9;&#9;Assert.assertEquals(app.getUser(), &quot;user&quot;);&#13;&#10;&#9;&#9;Assert.assertEquals(app.getPass(), &quot;pw&quot;);&#13;&#10;&#9;}&#13;&#10;&#13;&#10;&#9;@Test&#13;&#10;&#9;public void testAppLogin02() {&#13;&#10;&#9;&#9;//--Mimic User Input&#13;&#10;&#9;&#9;iFacade.setUsername(&quot;Peter&quot;);&#13;&#10;&#9;&#9;iFacade.setPassword(&quot;Clarke&quot;);&#13;&#10;&#9;&#9;&#13;&#10;&#9;&#9;app.appLogin();&#13;&#10;&#9;&#9;&#13;&#10;&#9;&#9;//--Expect to unsuccessfully login. And method returns from 3 failed attempts.&#13;&#10;&#9;&#9;assertEquals(app.getLoggedIn(), false);&#13;&#10;&#9;&#9;assertEquals(app.getCounter(), 3);&#13;&#10;&#9;&#9;assertEquals(app.getUser(), &quot;Peter&quot;);&#13;&#10;&#9;&#9;assertEquals(app.getPass(), &quot;Clarke&quot;);&#13;&#10;&#9;}&#13;&#10;&#9;@Test&#13;&#10;&#9;public void testCheckClear() {&#13;&#10;&#9;&#9;//--Precondition: database is empty&#13;&#10;&#9;&#9;&#13;&#10;&#9;&#9;//--Expect the method to return true&#13;&#10;&#9;&#9;Assert.assertTrue(app.checkClear());&#13;&#10;&#9;&#9;&#13;&#10;&#9;}&#13;&#10;&#9;&#13;&#10;&#9;@Test&#13;&#10;&#9;public void testCheckClear02() {&#13;&#10;&#9;&#9;//--Precondition: database contains the following info&#13;&#10;&#9;&#9;dataStub.testHelper(4072, &quot;CEN&quot;, &quot;Software Testing&quot;, &quot;SummerA&quot;, &quot;01/15/16&quot;, &quot;04/31/16&quot;, null, null, &#13;&#10;&#9;&#9;&#9;&#9;&quot;04:30&quot;, &quot;06:15&quot;, null, null, &quot;04:30&quot;, &quot;06:15&quot;, null, null, null, null);&#13;&#10;&#9;&#9;dataStub.testHelper(4010, &quot;CEN&quot;, &quot;Software Engineering&quot;, &quot;SummerA&quot;, &quot;01/15/16&quot;, &quot;04/28/16&quot;, null, null, &#13;&#10;&#9;&#9;&#9;&#9;&quot;04:30&quot;, &quot;06:15&quot;, null, null, &quot;04:30&quot;, &quot;06:15&quot;, null, null, null, null);&#13;&#10;&#9;&#9;//--Expect the method to return true&#13;&#10;&#9;&#9;Assert.assertTrue(app.checkClear());&#13;&#10;&#9;}&#13;&#10;&#13;&#10;&#9;@Test&#13;&#10;&#9;public void testCheckClear03() {&#13;&#10;&#9;&#9;//--Precondition: database is contains the following info&#13;&#10;&#9;&#9;dataStub.testHelper(4072, &quot;CEN&quot;, &quot;Software Testing&quot;, &quot;SummerA&quot;, &quot;04/31/16&quot;, &quot;07/31/16&quot;, null, null, &#13;&#10;&#9;&#9;&#9;&#9;&quot;04:30&quot;, &quot;06:15&quot;, null, null, &quot;04:30&quot;, &quot;06:15&quot;, null, null, null, null);&#13;&#10;&#9;&#9;dataStub.testHelper(4010, &quot;CEN&quot;, &quot;Software Engineering&quot;, &quot;SummerA&quot;, &quot;04/28/16&quot;, &quot;07/28/16&quot;, null, null, &#13;&#10;&#9;&#9;&#9;&#9;&quot;04:30&quot;, &quot;06:15&quot;, null, null, &quot;04:30&quot;, &quot;06:15&quot;, null, null, null, null);&#13;&#10;&#9;&#9;//--Expect the method to return false&#13;&#10;&#9;&#9;Assert.assertEquals(app.checkClear(), false);&#13;&#10;&#9;&#9;&#13;&#10;&#9;}&#13;&#10;&#13;&#10;&#9;@Test&#13;&#10;&#9;public void testGetData() {&#13;&#10;&#9;&#9;//--Precondition: Database contains the following info&#13;&#10;&#9;&#9;dataStub.testHelper(4072, &quot;CEN&quot;, &quot;Software Testing&quot;, &quot;SummerA&quot;, &quot;06/15/16&quot;, &quot;07/15/16&quot;, null, null, &#13;&#10;&#9;&#9;&#9;&#9;&quot;04:30&quot;, &quot;06:15&quot;, null, null, &quot;04:30&quot;, &quot;06:15&quot;, null, null, null, null);&#13;&#10;&#9;&#9;&#13;&#10;&#9;&#9;app.getData(4072);&#13;&#10;&#9;&#9;&#13;&#10;&#9;&#9;//--Expect the fields of app to change to the corresponding data in the database&#13;&#10;&#9;&#9;Assert.assertEquals(app.defCourseName, &quot;Software Testing&quot;);&#13;&#10;&#9;&#9;Assert.assertEquals(app.defSub, &quot;CEN&quot;);&#13;&#10;&#9;&#9;Assert.assertEquals(app.defSemester, &quot;SummerA&quot;);&#13;&#10;&#9;&#9;Assert.assertEquals(app.defCourseStart, &quot;06/15/16&quot;);&#13;&#10;&#9;&#9;Assert.assertEquals(app.defCourseEnd, &quot;07/15/16&quot;);&#13;&#10;&#9;&#9;Assert.assertEquals(app.defMonStart, null);&#13;&#10;&#9;&#9;Assert.assertEquals(app.defMonEnd, null);&#13;&#10;&#9;&#9;Assert.assertEquals(app.defTueStart, &quot;04:30&quot;);&#13;&#10;&#9;&#9;Assert.assertEquals(app.defTueEnd, &quot;06:15&quot;);&#13;&#10;&#9;&#9;Assert.assertEquals(app.defWedStart, null);&#13;&#10;&#9;&#9;Assert.assertEquals(app.defWedEnd, null);&#13;&#10;&#9;&#9;Assert.assertEquals(app.defThuStart, &quot;04:30&quot;);&#13;&#10;&#9;&#9;Assert.assertEquals(app.defThuEnd, &quot;06:15&quot;);&#13;&#10;&#9;&#9;Assert.assertEquals(app.defFriStart, null);&#13;&#10;&#9;&#9;Assert.assertEquals(app.defFriEnd, null);&#13;&#10;&#9;&#9;Assert.assertEquals(app.defSatStart, null);&#13;&#10;&#9;&#9;Assert.assertEquals(app.defSatEnd, null);&#13;&#10;&#9;}&#13;&#10;&#13;&#10;&#9;@Test&#13;&#10;&#9;public void testSleep() {&#13;&#10;&#9;&#9;long begin = System.currentTimeMillis();&#13;&#10;&#9;&#9;app.sleep(5);&#13;&#10;&#9;&#9;long end = System.currentTimeMillis();&#13;&#10;&#9;&#9;&#13;&#10;&#9;&#9;//Expect time elapsed to be 5ms.&#13;&#10;&#9;&#9;Assert.assertEquals(end-begin, 5);&#13;&#10;&#9;}&#13;&#10;&#13;&#10;&#9;@Test&#13;&#10;&#9;public void testLogIn() {&#13;&#10;&#9;&#9;//--Precondition: The state of app has the correct user credentials&#13;&#10;&#9;&#9;app.setUser(&quot;user&quot;);&#13;&#10;&#9;&#9;app.setPassword(&quot;pw&quot;);&#13;&#10;&#9;&#9;&#13;&#10;&#9;&#9;app.LogIn();&#13;&#10;&#9;&#9;&#13;&#10;&#9;&#9;//--Expect the loggedin field to be true&#13;&#10;&#9;&#9;Assert.assertTrue(app.getLoggedIn());&#13;&#10;&#9;}&#13;&#10;&#13;&#10;&#9;@Test&#13;&#10;&#9;public void testLogIn02() {&#13;&#10;&#9;&#9;//--Precondition: The state of app has the correct user credentials&#13;&#10;&#9;&#9;app.setUser(&quot;peter&quot;);&#13;&#10;&#9;&#9;app.setPassword(&quot;clarke&quot;);&#13;&#10;&#9;&#9;&#13;&#10;&#9;&#9;app.LogIn();&#13;&#10;&#9;&#9;&#13;&#10;&#9;&#9;//--Expect the loggedin field to be true&#13;&#10;&#9;&#9;Assert.assertFalse(app.getLoggedIn());&#13;&#10;&#9;}&#13;&#10;&#13;&#10;&#9;@Test&#13;&#10;&#9;public void testTimerParser() {&#13;&#10;&#9;&#9;app.timerParser(&quot;04:35&quot;);&#13;&#10;&#9;&#9;&#13;&#10;&#9;&#9;//--Expect the hr = 4 and min = 35&#13;&#10;&#9;&#9;Assert.assertTrue(app.returnHr() == 4 &amp;&amp; app.returnMin() == 35);&#13;&#10;&#9;}&#13;&#10;&#13;&#10;&#9;&#13;&#10;&#9;@Test&#13;&#10;&#9;public void testDateParser() {&#13;&#10;&#9;&#9;app.dateParser(&quot;06/31/16&quot;);&#13;&#10;&#9;&#9;&#13;&#10;&#9;&#9;//--Expect month = 6, date = 31, year = 16&#13;&#10;&#9;&#9;Assert.assertEquals(app.getClearYear(), 16);&#13;&#10;&#9;&#9;Assert.assertEquals(app.getClearMonth(), 6);&#13;&#10;&#9;&#9;Assert.assertEquals(app.getClearDate(), 31);&#13;&#10;&#9;}&#13;&#10;&#13;&#10;&#9;@Test&#13;&#10;&#9;public void testGetEndTime() {&#13;&#10;&#9;&#9;Calendar date = new GregorianCalendar(Calendar.YEAR, Calendar.MONTH, Calendar.DATE, &#13;&#10;&#9;&#9;&#9;&#9;4, 29, 1);&#13;&#10;&#9;&#9;&#13;&#10;&#9;&#9;//--Expect a date that has hr = 4, min = 29&#13;&#10;&#9;&#9;assertEquals(app.getEndTime(4, 30).toString().substring(11, 16), &quot;04:29&quot;);&#13;&#10;&#9;}&#13;&#10;&#13;&#10;&#9;@Test&#13;&#10;&#9;public void testGet15BeforeEnd() {&#13;&#10;&#9;&#9;Calendar date = new GregorianCalendar(Calendar.YEAR, Calendar.MONTH, Calendar.DATE, &#13;&#10;&#9;&#9;&#9;&#9;4, 15, 1);&#13;&#10;&#9;&#9;&#13;&#10;&#9;&#9;//--Expect a date that has hr = 4, min = 15&#13;&#10;&#9;&#9;assertEquals(app.get15BeforeEnd(4, 30).toString().substring(11, 16), &quot;04:15&quot;);&#13;&#10;&#9;}&#13;&#10;&#13;&#10;&#9;@Test&#13;&#10;&#9;public void testGet15BeforeEnd02() {&#13;&#10;&#9;&#9;Calendar date = new GregorianCalendar(Calendar.YEAR, Calendar.MONTH, Calendar.DATE, &#13;&#10;&#9;&#9;&#9;&#9;3, 55, 1);&#13;&#10;&#9;&#9;&#13;&#10;&#9;&#9;//--Expect a date that has hr = 3, min = 55&#13;&#10;&#9;&#9;assertEquals(app.get15BeforeEnd(4, 10).toString().substring(11, 16), &quot;03:55&quot;);&#13;&#10;&#9;}&#13;&#10;&#9;@Test&#13;&#10;&#9;public void testGet5BeforeEnd() {&#13;&#10;&#9;&#9;Calendar date = new GregorianCalendar();&#13;&#10;&#9;&#9;date.setTimeInMillis(System.currentTimeMillis());&#13;&#10;&#9;&#9;date.set(date.YEAR, date.MONTH, date.DATE, &#13;&#10;&#9;&#9;&#9;&#9;4, 25, 1);&#13;&#10;&#9;&#9;&#13;&#10;&#9;&#9;//--Expect a date that has hr = 4, min = 25&#13;&#10;&#9;&#9;assertEquals(app.get5BeforeEnd(4, 30).toString().substring(11, 16), &quot;04:25&quot;);&#13;&#10;&#9;}&#13;&#10;&#13;&#10;&#9;@Test&#13;&#10;&#9;public void testGet5BeforeEnd02() {&#13;&#10;&#9;&#9;Calendar date = new GregorianCalendar();&#13;&#10;&#9;&#9;date.set(Calendar.YEAR, Calendar.MONTH, Calendar.DATE, &#13;&#10;&#9;&#9;&#9;&#9;3, 58, 1);&#13;&#10;&#9;&#9;&#13;&#10;&#9;&#9;//--Expect a date that has hr = 3, min = 58&#13;&#10;&#9;&#9;assertEquals(app.get5BeforeEnd(4, 3).toString().substring(11, 16), &quot;03:58&quot;);&#13;&#10;&#9;}&#13;&#10;}&#13;&#10;" Filename="appControllerTest.java" Intrnl_Id="21"/>
</SrcFileList>
<CritList>
<CritListEntry Name="org.codecover.model.utils.criteria.LoopCoverage" PluginName="org.codecover"/>
<CritListEntry Name="org.codecover.model.utils.criteria.BranchCoverage" PluginName="org.codecover"/>
<CritListEntry Name="org.codecover.model.utils.criteria.ConditionCoverage" PluginName="org.codecover"/>
<CritListEntry Name="org.codecover.model.utils.criteria.StatementCoverage" PluginName="org.codecover"/>
</CritList>
<BoolOpList>
<BoolOp Arity="1" Intrnl_Id="22" Name="not (!)">
<BoolAssgnmntBoolMapList>
<MapEntry BoolAssgnmnt="0" Value="true"/>
<MapEntry BoolAssgnmnt="1" Value="false"/>
</BoolAssgnmntBoolMapList>
</BoolOp>
<BoolOp Arity="2" Intrnl_Id="23" Name="conditional and (&amp;&amp;)">
<BoolAssgnmntBoolMapList>
<MapEntry BoolAssgnmnt="10" Value="false"/>
<MapEntry BoolAssgnmnt="02" Value="false"/>
<MapEntry BoolAssgnmnt="11" Value="true"/>
</BoolAssgnmntBoolMapList>
</BoolOp>
</BoolOpList>
<HierarchyLvlTypeList>
<HierarchyLvlType EnglishName="package" IntrnlName="package" Intrnl_Id="24"/>
<HierarchyLvlType EnglishName="class" IntrnlName="class" Intrnl_Id="25"/>
<HierarchyLvlType EnglishName="method" IntrnlName="method" Intrnl_Id="26"/>
<HierarchyLvlType EnglishName="default package" IntrnlName="default package" Intrnl_Id="27"/>
<HierarchyLvlType EnglishName="anonymous class" IntrnlName="class" Intrnl_Id="28"/>
</HierarchyLvlTypeList>
<MASTRoot>
<HierarchyLvl HierarchyLvlId="1508" HierarchyLvlTypeId="27" Intrnl_Id="29" Name="default package">
<Header/>
<LocList/>
<HierarchyLvl HierarchyLvlId="1507" HierarchyLvlTypeId="24" Intrnl_Id="30" Name="my">
<Header/>
<LocList/>
<HierarchyLvl HierarchyLvlId="1506" HierarchyLvlTypeId="24" Intrnl_Id="31" Name="PSM">
<Header/>
<LocList/>
<HierarchyLvl HierarchyLvlId="1501" HierarchyLvlTypeId="24" Intrnl_Id="32" Name="PSM_Interface">
<Header/>
<LocList/>
<HierarchyLvl HierarchyLvlId="1027" HierarchyLvlTypeId="25" Intrnl_Id="33" Name="InterfaceFacade">
<Header>
<Loc EndOffset="101" SrcFileId="1" StartOffset="73"/>
</Header>
<LocList>
<Loc EndOffset="5766" SrcFileId="1" StartOffset="73"/>
</LocList>
<HierarchyLvl HierarchyLvlId="962" HierarchyLvlTypeId="26" Intrnl_Id="34" Name="InterfaceFacade">
<Header>
<Loc EndOffset="386" SrcFileId="1" StartOffset="362"/>
</Header>
<LocList>
<Loc EndOffset="395" SrcFileId="1" StartOffset="362"/>
</LocList>
</HierarchyLvl>
<HierarchyLvl HierarchyLvlId="963" HierarchyLvlTypeId="26" Intrnl_Id="35" Name="initiate">
<Header>
<Loc EndOffset="439" SrcFileId="1" StartOffset="398"/>
</Header>
<LocList>
<Loc EndOffset="698" SrcFileId="1" StartOffset="398"/>
</LocList>
<StmntSeq Intrnl_Id="36">
<LocList>
<Loc EndOffset="479" SrcFileId="1" StartOffset="444"/>
<Loc EndOffset="506" SrcFileId="1" StartOffset="483"/>
<Loc EndOffset="534" SrcFileId="1" StartOffset="510"/>
<Loc EndOffset="567" SrcFileId="1" StartOffset="538"/>
<Loc EndOffset="593" SrcFileId="1" StartOffset="571"/>
<Loc EndOffset="622" SrcFileId="1" StartOffset="597"/>
<Loc EndOffset="663" SrcFileId="1" StartOffset="626"/>
<Loc EndOffset="694" SrcFileId="1" StartOffset="667"/>
</LocList>
<BasicStmnt CovItemId="S1" CovItemPrefix="my.PSM.PSM_Interface.InterfaceFacade.java" Intrnl_Id="37">
<LocList>
<Loc EndOffset="479" SrcFileId="1" StartOffset="444"/>
</LocList>
</BasicStmnt>
<BasicStmnt CovItemId="S2" CovItemPrefix="my.PSM.PSM_Interface.InterfaceFacade.java" Intrnl_Id="38">
<LocList>
<Loc EndOffset="506" SrcFileId="1" StartOffset="483"/>
</LocList>
</BasicStmnt>
<BasicStmnt CovItemId="S3" CovItemPrefix="my.PSM.PSM_Interface.InterfaceFacade.java" Intrnl_Id="39">
<LocList>
<Loc EndOffset="534" SrcFileId="1" StartOffset="510"/>
</LocList>
</BasicStmnt>
<BasicStmnt CovItemId="S4" CovItemPrefix="my.PSM.PSM_Interface.InterfaceFacade.java" Intrnl_Id="40">
<LocList>
<Loc EndOffset="567" SrcFileId="1" StartOffset="538"/>
</LocList>
</BasicStmnt>
<BasicStmnt CovItemId="S5" CovItemPrefix="my.PSM.PSM_Interface.InterfaceFacade.java" Intrnl_Id="41">
<LocList>
<Loc EndOffset="593" SrcFileId="1" StartOffset="571"/>
</LocList>
</BasicStmnt>
<BasicStmnt CovItemId="S6" CovItemPrefix="my.PSM.PSM_Interface.InterfaceFacade.java" Intrnl_Id="42">
<LocList>
<Loc EndOffset="622" SrcFileId="1" StartOffset="597"/>
</LocList>
</BasicStmnt>
<BasicStmnt CovItemId="S7" CovItemPrefix="my.PSM.PSM_Interface.InterfaceFacade.java" Intrnl_Id="43">
<LocList>
<Loc EndOffset="663" SrcFileId="1" StartOffset="626"/>
</LocList>
</BasicStmnt>
<BasicStmnt CovItemId="S8" CovItemPrefix="my.PSM.PSM_Interface.InterfaceFacade.java" Intrnl_Id="44">
<LocList>
<Loc EndOffset="694" SrcFileId="1" StartOffset="667"/>
</LocList>
</BasicStmnt>
</StmntSeq>
</HierarchyLvl>
<HierarchyLvl HierarchyLvlId="964" HierarchyLvlTypeId="26" Intrnl_Id="45" Name="lockedOut">
<Header>
<Loc EndOffset="724" SrcFileId="1" StartOffset="701"/>
</Header>
<LocList>
<Loc EndOffset="753" SrcFileId="1" StartOffset="701"/>
</LocList>
<StmntSeq Intrnl_Id="46">
<LocList>
<Loc EndOffset="749" SrcFileId="1" StartOffset="729"/>
</LocList>
<BasicStmnt CovItemId="S9" CovItemPrefix="my.PSM.PSM_Interface.InterfaceFacade.java" Intrnl_Id="47">
<LocList>
<Loc EndOffset="749" SrcFileId="1" StartOffset="729"/>
</LocList>
</BasicStmnt>
</StmntSeq>
</HierarchyLvl>
<HierarchyLvl HierarchyLvlId="965" HierarchyLvlTypeId="26" Intrnl_Id="48" Name="logoutConfirmation">
<Header>
<Loc EndOffset="791" SrcFileId="1" StartOffset="759"/>
</Header>
<LocList>
<Loc EndOffset="829" SrcFileId="1" StartOffset="759"/>
</LocList>
<StmntSeq Intrnl_Id="49">
<LocList>
<Loc EndOffset="825" SrcFileId="1" StartOffset="796"/>
</LocList>
<BasicStmnt CovItemId="S10" CovItemPrefix="my.PSM.PSM_Interface.InterfaceFacade.java" Intrnl_Id="50">
<LocList>
<Loc EndOffset="825" SrcFileId="1" StartOffset="796"/>
</LocList>
</BasicStmnt>
</StmntSeq>
</HierarchyLvl>
<HierarchyLvl HierarchyLvlId="966" HierarchyLvlTypeId="26" Intrnl_Id="51" Name="launchLogout">
<Header>
<Loc EndOffset="861" SrcFileId="1" StartOffset="835"/>
</Header>
<LocList>
<Loc EndOffset="892" SrcFileId="1" StartOffset="835"/>
</LocList>
<StmntSeq Intrnl_Id="52">
<LocList>
<Loc EndOffset="888" SrcFileId="1" StartOffset="866"/>
</LocList>
<BasicStmnt CovItemId="S11" CovItemPrefix="my.PSM.PSM_Interface.InterfaceFacade.java" Intrnl_Id="53">
<LocList>
<Loc EndOffset="888" SrcFileId="1" StartOffset="866"/>
</LocList>
</BasicStmnt>
</StmntSeq>
</HierarchyLvl>
<HierarchyLvl HierarchyLvlId="967" HierarchyLvlTypeId="26" Intrnl_Id="54" Name="incorrectLogin">
<Header>
<Loc EndOffset="926" SrcFileId="1" StartOffset="898"/>
</Header>
<LocList>
<Loc EndOffset="960" SrcFileId="1" StartOffset="898"/>
</LocList>
<StmntSeq Intrnl_Id="55">
<LocList>
<Loc EndOffset="956" SrcFileId="1" StartOffset="931"/>
</LocList>
<BasicStmnt CovItemId="S12" CovItemPrefix="my.PSM.PSM_Interface.InterfaceFacade.java" Intrnl_Id="56">
<LocList>
<Loc EndOffset="956" SrcFileId="1" StartOffset="931"/>
</LocList>
</BasicStmnt>
</StmntSeq>
</HierarchyLvl>
<HierarchyLvl HierarchyLvlId="968" HierarchyLvlTypeId="26" Intrnl_Id="57" Name="launchInitial">
<Header>
<Loc EndOffset="993" SrcFileId="1" StartOffset="966"/>
</Header>
<LocList>
<Loc EndOffset="1024" SrcFileId="1" StartOffset="966"/>
</LocList>
<StmntSeq Intrnl_Id="58">
<LocList>
<Loc EndOffset="1020" SrcFileId="1" StartOffset="998"/>
</LocList>
<BasicStmnt CovItemId="S13" CovItemPrefix="my.PSM.PSM_Interface.InterfaceFacade.java" Intrnl_Id="59">
<LocList>
<Loc EndOffset="1020" SrcFileId="1" StartOffset="998"/>
</LocList>
</BasicStmnt>
</StmntSeq>
</HierarchyLvl>
<HierarchyLvl HierarchyLvlId="969" HierarchyLvlTypeId="26" Intrnl_Id="60" Name="launchEdit">
<Header>
<Loc EndOffset="1387" SrcFileId="1" StartOffset="1030"/>
</Header>
<LocList>
<Loc EndOffset="1586" SrcFileId="1" StartOffset="1030"/>
</LocList>
<StmntSeq Intrnl_Id="61">
<LocList>
<Loc EndOffset="1582" SrcFileId="1" StartOffset="1392"/>
</LocList>
<BasicStmnt CovItemId="S14" CovItemPrefix="my.PSM.PSM_Interface.InterfaceFacade.java" Intrnl_Id="62">
<LocList>
<Loc EndOffset="1582" SrcFileId="1" StartOffset="1392"/>
</LocList>
</BasicStmnt>
</StmntSeq>
</HierarchyLvl>
<HierarchyLvl HierarchyLvlId="970" HierarchyLvlTypeId="26" Intrnl_Id="63" Name="launchCourse">
<Header>
<Loc EndOffset="1618" SrcFileId="1" StartOffset="1592"/>
</Header>
<LocList>
<Loc EndOffset="1649" SrcFileId="1" StartOffset="1592"/>
</LocList>
<StmntSeq Intrnl_Id="64">
<LocList>
<Loc EndOffset="1645" SrcFileId="1" StartOffset="1623"/>
</LocList>
<BasicStmnt CovItemId="S15" CovItemPrefix="my.PSM.PSM_Interface.InterfaceFacade.java" Intrnl_Id="65">
<LocList>
<Loc EndOffset="1645" SrcFileId="1" StartOffset="1623"/>
</LocList>
</BasicStmnt>
</StmntSeq>
</HierarchyLvl>
<HierarchyLvl HierarchyLvlId="971" HierarchyLvlTypeId="26" Intrnl_Id="66" Name="launchLoginForm">
<Header>
<Loc EndOffset="1684" SrcFileId="1" StartOffset="1655"/>
</Header>
<LocList>
<Loc EndOffset="1712" SrcFileId="1" StartOffset="1655"/>
</LocList>
<StmntSeq Intrnl_Id="67">
<LocList>
<Loc EndOffset="1708" SrcFileId="1" StartOffset="1689"/>
</LocList>
<BasicStmnt CovItemId="S16" CovItemPrefix="my.PSM.PSM_Interface.InterfaceFacade.java" Intrnl_Id="68">
<LocList>
<Loc EndOffset="1708" SrcFileId="1" StartOffset="1689"/>
</LocList>
</BasicStmnt>
</StmntSeq>
</HierarchyLvl>
<HierarchyLvl HierarchyLvlId="972" HierarchyLvlTypeId="26" Intrnl_Id="69" Name="launchMenu">
<Header>
<Loc EndOffset="1742" SrcFileId="1" StartOffset="1718"/>
</Header>
<LocList>
<Loc EndOffset="1769" SrcFileId="1" StartOffset="1718"/>
</LocList>
<StmntSeq Intrnl_Id="70">
<LocList>
<Loc EndOffset="1765" SrcFileId="1" StartOffset="1747"/>
</LocList>
<BasicStmnt CovItemId="S17" CovItemPrefix="my.PSM.PSM_Interface.InterfaceFacade.java" Intrnl_Id="71">
<LocList>
<Loc EndOffset="1765" SrcFileId="1" StartOffset="1747"/>
</LocList>
</BasicStmnt>
</StmntSeq>
</HierarchyLvl>
<HierarchyLvl HierarchyLvlId="973" HierarchyLvlTypeId="26" Intrnl_Id="72" Name="menuDataRec">
<Header>
<Loc EndOffset="1803" SrcFileId="1" StartOffset="1775"/>
</Header>
<LocList>
<Loc EndOffset="1834" SrcFileId="1" StartOffset="1775"/>
</LocList>
<StmntSeq Intrnl_Id="73">
<LocList>
<Loc EndOffset="1830" SrcFileId="1" StartOffset="1808"/>
</LocList>
<BasicStmnt CovItemId="S18" CovItemPrefix="my.PSM.PSM_Interface.InterfaceFacade.java" Intrnl_Id="74">
<LocList>
<Loc EndOffset="1830" SrcFileId="1" StartOffset="1808"/>
</LocList>
</BasicStmnt>
</StmntSeq>
</HierarchyLvl>
<HierarchyLvl HierarchyLvlId="974" HierarchyLvlTypeId="26" Intrnl_Id="75" Name="editSchedSelected">
<Header>
<Loc EndOffset="1874" SrcFileId="1" StartOffset="1840"/>
</Header>
<LocList>
<Loc EndOffset="1915" SrcFileId="1" StartOffset="1840"/>
</LocList>
<StmntSeq Intrnl_Id="76">
<LocList>
<Loc EndOffset="1911" SrcFileId="1" StartOffset="1879"/>
</LocList>
<BasicStmnt CovItemId="S19" CovItemPrefix="my.PSM.PSM_Interface.InterfaceFacade.java" Intrnl_Id="77">
<LocList>
<Loc EndOffset="1911" SrcFileId="1" StartOffset="1879"/>
</LocList>
</BasicStmnt>
</StmntSeq>
</HierarchyLvl>
<HierarchyLvl HierarchyLvlId="975" HierarchyLvlTypeId="26" Intrnl_Id="78" Name="InitSetupSelected">
<Header>
<Loc EndOffset="1955" SrcFileId="1" StartOffset="1921"/>
</Header>
<LocList>
<Loc EndOffset="1996" SrcFileId="1" StartOffset="1921"/>
</LocList>
<StmntSeq Intrnl_Id="79">
<LocList>
<Loc EndOffset="1992" SrcFileId="1" StartOffset="1960"/>
</LocList>
<BasicStmnt CovItemId="S20" CovItemPrefix="my.PSM.PSM_Interface.InterfaceFacade.java" Intrnl_Id="80">
<LocList>
<Loc EndOffset="1992" SrcFileId="1" StartOffset="1960"/>
</LocList>
</BasicStmnt>
</StmntSeq>
</HierarchyLvl>
<HierarchyLvl HierarchyLvlId="976" HierarchyLvlTypeId="26" Intrnl_Id="81" Name="logoutSelected">
<Header>
<Loc EndOffset="2033" SrcFileId="1" StartOffset="2002"/>
</Header>
<LocList>
<Loc EndOffset="2071" SrcFileId="1" StartOffset="2002"/>
</LocList>
<StmntSeq Intrnl_Id="82">
<LocList>
<Loc EndOffset="2067" SrcFileId="1" StartOffset="2038"/>
</LocList>
<BasicStmnt CovItemId="S21" CovItemPrefix="my.PSM.PSM_Interface.InterfaceFacade.java" Intrnl_Id="83">
<LocList>
<Loc EndOffset="2067" SrcFileId="1" StartOffset="2038"/>
</LocList>
</BasicStmnt>
</StmntSeq>
</HierarchyLvl>
<HierarchyLvl HierarchyLvlId="977" HierarchyLvlTypeId="26" Intrnl_Id="84" Name="setMenuDataRec">
<Header>
<Loc EndOffset="2117" SrcFileId="1" StartOffset="2077"/>
</Header>
<LocList>
<Loc EndOffset="2148" SrcFileId="1" StartOffset="2077"/>
</LocList>
<StmntSeq Intrnl_Id="85">
<LocList>
<Loc EndOffset="2144" SrcFileId="1" StartOffset="2122"/>
</LocList>
<BasicStmnt CovItemId="S22" CovItemPrefix="my.PSM.PSM_Interface.InterfaceFacade.java" Intrnl_Id="86">
<LocList>
<Loc EndOffset="2144" SrcFileId="1" StartOffset="2122"/>
</LocList>
</BasicStmnt>
</StmntSeq>
</HierarchyLvl>
<HierarchyLvl HierarchyLvlId="978" HierarchyLvlTypeId="26" Intrnl_Id="87" Name="schedDataRec">
<Header>
<Loc EndOffset="2183" SrcFileId="1" StartOffset="2154"/>
</Header>
<LocList>
<Loc EndOffset="2215" SrcFileId="1" StartOffset="2154"/>
</LocList>
<StmntSeq Intrnl_Id="88">
<LocList>
<Loc EndOffset="2211" SrcFileId="1" StartOffset="2188"/>
</LocList>
<BasicStmnt CovItemId="S23" CovItemPrefix="my.PSM.PSM_Interface.InterfaceFacade.java" Intrnl_Id="89">
<LocList>
<Loc EndOffset="2211" SrcFileId="1" StartOffset="2188"/>
</LocList>
</BasicStmnt>
</StmntSeq>
</HierarchyLvl>
<HierarchyLvl HierarchyLvlId="979" HierarchyLvlTypeId="26" Intrnl_Id="90" Name="setSchedDataRec">
<Header>
<Loc EndOffset="2262" SrcFileId="1" StartOffset="2221"/>
</Header>
<LocList>
<Loc EndOffset="2294" SrcFileId="1" StartOffset="2221"/>
</LocList>
<StmntSeq Intrnl_Id="91">
<LocList>
<Loc EndOffset="2290" SrcFileId="1" StartOffset="2267"/>
</LocList>
<BasicStmnt CovItemId="S24" CovItemPrefix="my.PSM.PSM_Interface.InterfaceFacade.java" Intrnl_Id="92">
<LocList>
<Loc EndOffset="2290" SrcFileId="1" StartOffset="2267"/>
</LocList>
</BasicStmnt>
</StmntSeq>
</HierarchyLvl>
<HierarchyLvl HierarchyLvlId="980" HierarchyLvlTypeId="26" Intrnl_Id="93" Name="getDefCourseID">
<Header>
<Loc EndOffset="2327" SrcFileId="1" StartOffset="2300"/>
</Header>
<LocList>
<Loc EndOffset="2368" SrcFileId="1" StartOffset="2300"/>
</LocList>
<StmntSeq Intrnl_Id="94">
<LocList>
<Loc EndOffset="2364" SrcFileId="1" StartOffset="2333"/>
</LocList>
<BasicStmnt CovItemId="S25" CovItemPrefix="my.PSM.PSM_Interface.InterfaceFacade.java" Intrnl_Id="95">
<LocList>
<Loc EndOffset="2364" SrcFileId="1" StartOffset="2333"/>
</LocList>
</BasicStmnt>
</StmntSeq>
</HierarchyLvl>
<HierarchyLvl HierarchyLvlId="981" HierarchyLvlTypeId="26" Intrnl_Id="96" Name="getpNewCourseEnd">
<Header>
<Loc EndOffset="2405" SrcFileId="1" StartOffset="2373"/>
</Header>
<LocList>
<Loc EndOffset="2447" SrcFileId="1" StartOffset="2373"/>
</LocList>
<StmntSeq Intrnl_Id="97">
<LocList>
<Loc EndOffset="2443" SrcFileId="1" StartOffset="2411"/>
</LocList>
<BasicStmnt CovItemId="S26" CovItemPrefix="my.PSM.PSM_Interface.InterfaceFacade.java" Intrnl_Id="98">
<LocList>
<Loc EndOffset="2443" SrcFileId="1" StartOffset="2411"/>
</LocList>
</BasicStmnt>
</StmntSeq>
</HierarchyLvl>
<HierarchyLvl HierarchyLvlId="982" HierarchyLvlTypeId="26" Intrnl_Id="99" Name="getpNewMonStart">
<Header>
<Loc EndOffset="2483" SrcFileId="1" StartOffset="2452"/>
</Header>
<LocList>
<Loc EndOffset="2524" SrcFileId="1" StartOffset="2452"/>
</LocList>
<StmntSeq Intrnl_Id="100">
<LocList>
<Loc EndOffset="2520" SrcFileId="1" StartOffset="2489"/>
</LocList>
<BasicStmnt CovItemId="S27" CovItemPrefix="my.PSM.PSM_Interface.InterfaceFacade.java" Intrnl_Id="101">
<LocList>
<Loc EndOffset="2520" SrcFileId="1" StartOffset="2489"/>
</LocList>
</BasicStmnt>
</StmntSeq>
</HierarchyLvl>
<HierarchyLvl HierarchyLvlId="983" HierarchyLvlTypeId="26" Intrnl_Id="102" Name="getpNewTueStart">
<Header>
<Loc EndOffset="2560" SrcFileId="1" StartOffset="2529"/>
</Header>
<LocList>
<Loc EndOffset="2601" SrcFileId="1" StartOffset="2529"/>
</LocList>
<StmntSeq Intrnl_Id="103">
<LocList>
<Loc EndOffset="2597" SrcFileId="1" StartOffset="2566"/>
</LocList>
<BasicStmnt CovItemId="S28" CovItemPrefix="my.PSM.PSM_Interface.InterfaceFacade.java" Intrnl_Id="104">
<LocList>
<Loc EndOffset="2597" SrcFileId="1" StartOffset="2566"/>
</LocList>
</BasicStmnt>
</StmntSeq>
</HierarchyLvl>
<HierarchyLvl HierarchyLvlId="984" HierarchyLvlTypeId="26" Intrnl_Id="105" Name="getpNewTueEnd">
<Header>
<Loc EndOffset="2635" SrcFileId="1" StartOffset="2606"/>
</Header>
<LocList>
<Loc EndOffset="2674" SrcFileId="1" StartOffset="2606"/>
</LocList>
<StmntSeq Intrnl_Id="106">
<LocList>
<Loc EndOffset="2670" SrcFileId="1" StartOffset="2641"/>
</LocList>
<BasicStmnt CovItemId="S29" CovItemPrefix="my.PSM.PSM_Interface.InterfaceFacade.java" Intrnl_Id="107">
<LocList>
<Loc EndOffset="2670" SrcFileId="1" StartOffset="2641"/>
</LocList>
</BasicStmnt>
</StmntSeq>
</HierarchyLvl>
<HierarchyLvl HierarchyLvlId="985" HierarchyLvlTypeId="26" Intrnl_Id="108" Name="getpNewThuEnd">
<Header>
<Loc EndOffset="2708" SrcFileId="1" StartOffset="2679"/>
</Header>
<LocList>
<Loc EndOffset="2747" SrcFileId="1" StartOffset="2679"/>
</LocList>
<StmntSeq Intrnl_Id="109">
<LocList>
<Loc EndOffset="2743" SrcFileId="1" StartOffset="2714"/>
</LocList>
<BasicStmnt CovItemId="S30" CovItemPrefix="my.PSM.PSM_Interface.InterfaceFacade.java" Intrnl_Id="110">
<LocList>
<Loc EndOffset="2743" SrcFileId="1" StartOffset="2714"/>
</LocList>
</BasicStmnt>
</StmntSeq>
</HierarchyLvl>
<HierarchyLvl HierarchyLvlId="986" HierarchyLvlTypeId="26" Intrnl_Id="111" Name="getpNewThuStart">
<Header>
<Loc EndOffset="2783" SrcFileId="1" StartOffset="2752"/>
</Header>
<LocList>
<Loc EndOffset="2824" SrcFileId="1" StartOffset="2752"/>
</LocList>
<StmntSeq Intrnl_Id="112">
<LocList>
<Loc EndOffset="2820" SrcFileId="1" StartOffset="2789"/>
</LocList>
<BasicStmnt CovItemId="S31" CovItemPrefix="my.PSM.PSM_Interface.InterfaceFacade.java" Intrnl_Id="113">
<LocList>
<Loc EndOffset="2820" SrcFileId="1" StartOffset="2789"/>
</LocList>
</BasicStmnt>
</StmntSeq>
</HierarchyLvl>
<HierarchyLvl HierarchyLvlId="987" HierarchyLvlTypeId="26" Intrnl_Id="114" Name="getpNewWedEnd">
<Header>
<Loc EndOffset="2858" SrcFileId="1" StartOffset="2829"/>
</Header>
<LocList>
<Loc EndOffset="2897" SrcFileId="1" StartOffset="2829"/>
</LocList>
<StmntSeq Intrnl_Id="115">
<LocList>
<Loc EndOffset="2893" SrcFileId="1" StartOffset="2864"/>
</LocList>
<BasicStmnt CovItemId="S32" CovItemPrefix="my.PSM.PSM_Interface.InterfaceFacade.java" Intrnl_Id="116">
<LocList>
<Loc EndOffset="2893" SrcFileId="1" StartOffset="2864"/>
</LocList>
</BasicStmnt>
</StmntSeq>
</HierarchyLvl>
<HierarchyLvl HierarchyLvlId="988" HierarchyLvlTypeId="26" Intrnl_Id="117" Name="getpNewWedStart">
<Header>
<Loc EndOffset="2933" SrcFileId="1" StartOffset="2902"/>
</Header>
<LocList>
<Loc EndOffset="2974" SrcFileId="1" StartOffset="2902"/>
</LocList>
<StmntSeq Intrnl_Id="118">
<LocList>
<Loc EndOffset="2970" SrcFileId="1" StartOffset="2939"/>
</LocList>
<BasicStmnt CovItemId="S33" CovItemPrefix="my.PSM.PSM_Interface.InterfaceFacade.java" Intrnl_Id="119">
<LocList>
<Loc EndOffset="2970" SrcFileId="1" StartOffset="2939"/>
</LocList>
</BasicStmnt>
</StmntSeq>
</HierarchyLvl>
<HierarchyLvl HierarchyLvlId="989" HierarchyLvlTypeId="26" Intrnl_Id="120" Name="getpNewFriEnd">
<Header>
<Loc EndOffset="3008" SrcFileId="1" StartOffset="2979"/>
</Header>
<LocList>
<Loc EndOffset="3047" SrcFileId="1" StartOffset="2979"/>
</LocList>
<StmntSeq Intrnl_Id="121">
<LocList>
<Loc EndOffset="3043" SrcFileId="1" StartOffset="3014"/>
</LocList>
<BasicStmnt CovItemId="S34" CovItemPrefix="my.PSM.PSM_Interface.InterfaceFacade.java" Intrnl_Id="122">
<LocList>
<Loc EndOffset="3043" SrcFileId="1" StartOffset="3014"/>
</LocList>
</BasicStmnt>
</StmntSeq>
</HierarchyLvl>
<HierarchyLvl HierarchyLvlId="990" HierarchyLvlTypeId="26" Intrnl_Id="123" Name="getpNewSatEnd">
<Header>
<Loc EndOffset="3081" SrcFileId="1" StartOffset="3052"/>
</Header>
<LocList>
<Loc EndOffset="3120" SrcFileId="1" StartOffset="3052"/>
</LocList>
<StmntSeq Intrnl_Id="124">
<LocList>
<Loc EndOffset="3116" SrcFileId="1" StartOffset="3087"/>
</LocList>
<BasicStmnt CovItemId="S35" CovItemPrefix="my.PSM.PSM_Interface.InterfaceFacade.java" Intrnl_Id="125">
<LocList>
<Loc EndOffset="3116" SrcFileId="1" StartOffset="3087"/>
</LocList>
</BasicStmnt>
</StmntSeq>
</HierarchyLvl>
<HierarchyLvl HierarchyLvlId="991" HierarchyLvlTypeId="26" Intrnl_Id="126" Name="getpNewSatStart">
<Header>
<Loc EndOffset="3156" SrcFileId="1" StartOffset="3125"/>
</Header>
<LocList>
<Loc EndOffset="3197" SrcFileId="1" StartOffset="3125"/>
</LocList>
<StmntSeq Intrnl_Id="127">
<LocList>
<Loc EndOffset="3193" SrcFileId="1" StartOffset="3162"/>
</LocList>
<BasicStmnt CovItemId="S36" CovItemPrefix="my.PSM.PSM_Interface.InterfaceFacade.java" Intrnl_Id="128">
<LocList>
<Loc EndOffset="3193" SrcFileId="1" StartOffset="3162"/>
</LocList>
</BasicStmnt>
</StmntSeq>
</HierarchyLvl>
<HierarchyLvl HierarchyLvlId="992" HierarchyLvlTypeId="26" Intrnl_Id="129" Name="getpNewFriStart">
<Header>
<Loc EndOffset="3233" SrcFileId="1" StartOffset="3202"/>
</Header>
<LocList>
<Loc EndOffset="3274" SrcFileId="1" StartOffset="3202"/>
</LocList>
<StmntSeq Intrnl_Id="130">
<LocList>
<Loc EndOffset="3270" SrcFileId="1" StartOffset="3239"/>
</LocList>
<BasicStmnt CovItemId="S37" CovItemPrefix="my.PSM.PSM_Interface.InterfaceFacade.java" Intrnl_Id="131">
<LocList>
<Loc EndOffset="3270" SrcFileId="1" StartOffset="3239"/>
</LocList>
</BasicStmnt>
</StmntSeq>
</HierarchyLvl>
<HierarchyLvl HierarchyLvlId="993" HierarchyLvlTypeId="26" Intrnl_Id="132" Name="getpNewMonEnd">
<Header>
<Loc EndOffset="3308" SrcFileId="1" StartOffset="3279"/>
</Header>
<LocList>
<Loc EndOffset="3347" SrcFileId="1" StartOffset="3279"/>
</LocList>
<StmntSeq Intrnl_Id="133">
<LocList>
<Loc EndOffset="3343" SrcFileId="1" StartOffset="3314"/>
</LocList>
<BasicStmnt CovItemId="S38" CovItemPrefix="my.PSM.PSM_Interface.InterfaceFacade.java" Intrnl_Id="134">
<LocList>
<Loc EndOffset="3343" SrcFileId="1" StartOffset="3314"/>
</LocList>
</BasicStmnt>
</StmntSeq>
</HierarchyLvl>
<HierarchyLvl HierarchyLvlId="994" HierarchyLvlTypeId="26" Intrnl_Id="135" Name="getNewCourseID">
<Header>
<Loc EndOffset="3380" SrcFileId="1" StartOffset="3353"/>
</Header>
<LocList>
<Loc EndOffset="3420" SrcFileId="1" StartOffset="3353"/>
</LocList>
<StmntSeq Intrnl_Id="136">
<LocList>
<Loc EndOffset="3416" SrcFileId="1" StartOffset="3386"/>
</LocList>
<BasicStmnt CovItemId="S39" CovItemPrefix="my.PSM.PSM_Interface.InterfaceFacade.java" Intrnl_Id="137">
<LocList>
<Loc EndOffset="3416" SrcFileId="1" StartOffset="3386"/>
</LocList>
</BasicStmnt>
</StmntSeq>
</HierarchyLvl>
<HierarchyLvl HierarchyLvlId="995" HierarchyLvlTypeId="26" Intrnl_Id="138" Name="getNewSub">
<Header>
<Loc EndOffset="3450" SrcFileId="1" StartOffset="3425"/>
</Header>
<LocList>
<Loc EndOffset="3485" SrcFileId="1" StartOffset="3425"/>
</LocList>
<StmntSeq Intrnl_Id="139">
<LocList>
<Loc EndOffset="3481" SrcFileId="1" StartOffset="3456"/>
</LocList>
<BasicStmnt CovItemId="S40" CovItemPrefix="my.PSM.PSM_Interface.InterfaceFacade.java" Intrnl_Id="140">
<LocList>
<Loc EndOffset="3481" SrcFileId="1" StartOffset="3456"/>
</LocList>
</BasicStmnt>
</StmntSeq>
</HierarchyLvl>
<HierarchyLvl HierarchyLvlId="996" HierarchyLvlTypeId="26" Intrnl_Id="141" Name="getNewCourseName">
<Header>
<Loc EndOffset="3522" SrcFileId="1" StartOffset="3490"/>
</Header>
<LocList>
<Loc EndOffset="3564" SrcFileId="1" StartOffset="3490"/>
</LocList>
<StmntSeq Intrnl_Id="142">
<LocList>
<Loc EndOffset="3560" SrcFileId="1" StartOffset="3528"/>
</LocList>
<BasicStmnt CovItemId="S41" CovItemPrefix="my.PSM.PSM_Interface.InterfaceFacade.java" Intrnl_Id="143">
<LocList>
<Loc EndOffset="3560" SrcFileId="1" StartOffset="3528"/>
</LocList>
</BasicStmnt>
</StmntSeq>
</HierarchyLvl>
<HierarchyLvl HierarchyLvlId="997" HierarchyLvlTypeId="26" Intrnl_Id="144" Name="getNewSemester">
<Header>
<Loc EndOffset="3599" SrcFileId="1" StartOffset="3569"/>
</Header>
<LocList>
<Loc EndOffset="3639" SrcFileId="1" StartOffset="3569"/>
</LocList>
<StmntSeq Intrnl_Id="145">
<LocList>
<Loc EndOffset="3635" SrcFileId="1" StartOffset="3605"/>
</LocList>
<BasicStmnt CovItemId="S42" CovItemPrefix="my.PSM.PSM_Interface.InterfaceFacade.java" Intrnl_Id="146">
<LocList>
<Loc EndOffset="3635" SrcFileId="1" StartOffset="3605"/>
</LocList>
</BasicStmnt>
</StmntSeq>
</HierarchyLvl>
<HierarchyLvl HierarchyLvlId="998" HierarchyLvlTypeId="26" Intrnl_Id="147" Name="getNewCourseEnd">
<Header>
<Loc EndOffset="3676" SrcFileId="1" StartOffset="3645"/>
</Header>
<LocList>
<Loc EndOffset="3717" SrcFileId="1" StartOffset="3645"/>
</LocList>
<StmntSeq Intrnl_Id="148">
<LocList>
<Loc EndOffset="3713" SrcFileId="1" StartOffset="3682"/>
</LocList>
<BasicStmnt CovItemId="S43" CovItemPrefix="my.PSM.PSM_Interface.InterfaceFacade.java" Intrnl_Id="149">
<LocList>
<Loc EndOffset="3713" SrcFileId="1" StartOffset="3682"/>
</LocList>
</BasicStmnt>
</StmntSeq>
</HierarchyLvl>
<HierarchyLvl HierarchyLvlId="999" HierarchyLvlTypeId="26" Intrnl_Id="150" Name="getNewMonStart">
<Header>
<Loc EndOffset="3752" SrcFileId="1" StartOffset="3722"/>
</Header>
<LocList>
<Loc EndOffset="3792" SrcFileId="1" StartOffset="3722"/>
</LocList>
<StmntSeq Intrnl_Id="151">
<LocList>
<Loc EndOffset="3788" SrcFileId="1" StartOffset="3758"/>
</LocList>
<BasicStmnt CovItemId="S44" CovItemPrefix="my.PSM.PSM_Interface.InterfaceFacade.java" Intrnl_Id="152">
<LocList>
<Loc EndOffset="3788" SrcFileId="1" StartOffset="3758"/>
</LocList>
</BasicStmnt>
</StmntSeq>
</HierarchyLvl>
<HierarchyLvl HierarchyLvlId="1000" HierarchyLvlTypeId="26" Intrnl_Id="153" Name="getNewTueStart">
<Header>
<Loc EndOffset="3827" SrcFileId="1" StartOffset="3797"/>
</Header>
<LocList>
<Loc EndOffset="3867" SrcFileId="1" StartOffset="3797"/>
</LocList>
<StmntSeq Intrnl_Id="154">
<LocList>
<Loc EndOffset="3863" SrcFileId="1" StartOffset="3833"/>
</LocList>
<BasicStmnt CovItemId="S45" CovItemPrefix="my.PSM.PSM_Interface.InterfaceFacade.java" Intrnl_Id="155">
<LocList>
<Loc EndOffset="3863" SrcFileId="1" StartOffset="3833"/>
</LocList>
</BasicStmnt>
</StmntSeq>
</HierarchyLvl>
<HierarchyLvl HierarchyLvlId="1001" HierarchyLvlTypeId="26" Intrnl_Id="156" Name="getNewTueEnd">
<Header>
<Loc EndOffset="3900" SrcFileId="1" StartOffset="3872"/>
</Header>
<LocList>
<Loc EndOffset="3938" SrcFileId="1" StartOffset="3872"/>
</LocList>
<StmntSeq Intrnl_Id="157">
<LocList>
<Loc EndOffset="3934" SrcFileId="1" StartOffset="3906"/>
</LocList>
<BasicStmnt CovItemId="S46" CovItemPrefix="my.PSM.PSM_Interface.InterfaceFacade.java" Intrnl_Id="158">
<LocList>
<Loc EndOffset="3934" SrcFileId="1" StartOffset="3906"/>
</LocList>
</BasicStmnt>
</StmntSeq>
</HierarchyLvl>
<HierarchyLvl HierarchyLvlId="1002" HierarchyLvlTypeId="26" Intrnl_Id="159" Name="getNewThuEnd">
<Header>
<Loc EndOffset="3971" SrcFileId="1" StartOffset="3943"/>
</Header>
<LocList>
<Loc EndOffset="4009" SrcFileId="1" StartOffset="3943"/>
</LocList>
<StmntSeq Intrnl_Id="160">
<LocList>
<Loc EndOffset="4005" SrcFileId="1" StartOffset="3977"/>
</LocList>
<BasicStmnt CovItemId="S47" CovItemPrefix="my.PSM.PSM_Interface.InterfaceFacade.java" Intrnl_Id="161">
<LocList>
<Loc EndOffset="4005" SrcFileId="1" StartOffset="3977"/>
</LocList>
</BasicStmnt>
</StmntSeq>
</HierarchyLvl>
<HierarchyLvl HierarchyLvlId="1003" HierarchyLvlTypeId="26" Intrnl_Id="162" Name="getNewThuStart">
<Header>
<Loc EndOffset="4044" SrcFileId="1" StartOffset="4014"/>
</Header>
<LocList>
<Loc EndOffset="4084" SrcFileId="1" StartOffset="4014"/>
</LocList>
<StmntSeq Intrnl_Id="163">
<LocList>
<Loc EndOffset="4080" SrcFileId="1" StartOffset="4050"/>
</LocList>
<BasicStmnt CovItemId="S48" CovItemPrefix="my.PSM.PSM_Interface.InterfaceFacade.java" Intrnl_Id="164">
<LocList>
<Loc EndOffset="4080" SrcFileId="1" StartOffset="4050"/>
</LocList>
</BasicStmnt>
</StmntSeq>
</HierarchyLvl>
<HierarchyLvl HierarchyLvlId="1004" HierarchyLvlTypeId="26" Intrnl_Id="165" Name="getNewWedEnd">
<Header>
<Loc EndOffset="4117" SrcFileId="1" StartOffset="4089"/>
</Header>
<LocList>
<Loc EndOffset="4155" SrcFileId="1" StartOffset="4089"/>
</LocList>
<StmntSeq Intrnl_Id="166">
<LocList>
<Loc EndOffset="4151" SrcFileId="1" StartOffset="4123"/>
</LocList>
<BasicStmnt CovItemId="S49" CovItemPrefix="my.PSM.PSM_Interface.InterfaceFacade.java" Intrnl_Id="167">
<LocList>
<Loc EndOffset="4151" SrcFileId="1" StartOffset="4123"/>
</LocList>
</BasicStmnt>
</StmntSeq>
</HierarchyLvl>
<HierarchyLvl HierarchyLvlId="1005" HierarchyLvlTypeId="26" Intrnl_Id="168" Name="getNewWedStart">
<Header>
<Loc EndOffset="4190" SrcFileId="1" StartOffset="4160"/>
</Header>
<LocList>
<Loc EndOffset="4230" SrcFileId="1" StartOffset="4160"/>
</LocList>
<StmntSeq Intrnl_Id="169">
<LocList>
<Loc EndOffset="4226" SrcFileId="1" StartOffset="4196"/>
</LocList>
<BasicStmnt CovItemId="S50" CovItemPrefix="my.PSM.PSM_Interface.InterfaceFacade.java" Intrnl_Id="170">
<LocList>
<Loc EndOffset="4226" SrcFileId="1" StartOffset="4196"/>
</LocList>
</BasicStmnt>
</StmntSeq>
</HierarchyLvl>
<HierarchyLvl HierarchyLvlId="1006" HierarchyLvlTypeId="26" Intrnl_Id="171" Name="getNewFriEnd">
<Header>
<Loc EndOffset="4263" SrcFileId="1" StartOffset="4235"/>
</Header>
<LocList>
<Loc EndOffset="4301" SrcFileId="1" StartOffset="4235"/>
</LocList>
<StmntSeq Intrnl_Id="172">
<LocList>
<Loc EndOffset="4297" SrcFileId="1" StartOffset="4269"/>
</LocList>
<BasicStmnt CovItemId="S51" CovItemPrefix="my.PSM.PSM_Interface.InterfaceFacade.java" Intrnl_Id="173">
<LocList>
<Loc EndOffset="4297" SrcFileId="1" StartOffset="4269"/>
</LocList>
</BasicStmnt>
</StmntSeq>
</HierarchyLvl>
<HierarchyLvl HierarchyLvlId="1007" HierarchyLvlTypeId="26" Intrnl_Id="174" Name="getNewSatEnd">
<Header>
<Loc EndOffset="4334" SrcFileId="1" StartOffset="4306"/>
</Header>
<LocList>
<Loc EndOffset="4372" SrcFileId="1" StartOffset="4306"/>
</LocList>
<StmntSeq Intrnl_Id="175">
<LocList>
<Loc EndOffset="4368" SrcFileId="1" StartOffset="4340"/>
</LocList>
<BasicStmnt CovItemId="S52" CovItemPrefix="my.PSM.PSM_Interface.InterfaceFacade.java" Intrnl_Id="176">
<LocList>
<Loc EndOffset="4368" SrcFileId="1" StartOffset="4340"/>
</LocList>
</BasicStmnt>
</StmntSeq>
</HierarchyLvl>
<HierarchyLvl HierarchyLvlId="1008" HierarchyLvlTypeId="26" Intrnl_Id="177" Name="getNewSatStart">
<Header>
<Loc EndOffset="4407" SrcFileId="1" StartOffset="4377"/>
</Header>
<LocList>
<Loc EndOffset="4447" SrcFileId="1" StartOffset="4377"/>
</LocList>
<StmntSeq Intrnl_Id="178">
<LocList>
<Loc EndOffset="4443" SrcFileId="1" StartOffset="4413"/>
</LocList>
<BasicStmnt CovItemId="S53" CovItemPrefix="my.PSM.PSM_Interface.InterfaceFacade.java" Intrnl_Id="179">
<LocList>
<Loc EndOffset="4443" SrcFileId="1" StartOffset="4413"/>
</LocList>
</BasicStmnt>
</StmntSeq>
</HierarchyLvl>
<HierarchyLvl HierarchyLvlId="1009" HierarchyLvlTypeId="26" Intrnl_Id="180" Name="getNewFriStart">
<Header>
<Loc EndOffset="4482" SrcFileId="1" StartOffset="4452"/>
</Header>
<LocList>
<Loc EndOffset="4522" SrcFileId="1" StartOffset="4452"/>
</LocList>
<StmntSeq Intrnl_Id="181">
<LocList>
<Loc EndOffset="4518" SrcFileId="1" StartOffset="4488"/>
</LocList>
<BasicStmnt CovItemId="S54" CovItemPrefix="my.PSM.PSM_Interface.InterfaceFacade.java" Intrnl_Id="182">
<LocList>
<Loc EndOffset="4518" SrcFileId="1" StartOffset="4488"/>
</LocList>
</BasicStmnt>
</StmntSeq>
</HierarchyLvl>
<HierarchyLvl HierarchyLvlId="1010" HierarchyLvlTypeId="26" Intrnl_Id="183" Name="getNewMonEnd">
<Header>
<Loc EndOffset="4555" SrcFileId="1" StartOffset="4527"/>
</Header>
<LocList>
<Loc EndOffset="4593" SrcFileId="1" StartOffset="4527"/>
</LocList>
<StmntSeq Intrnl_Id="184">
<LocList>
<Loc EndOffset="4589" SrcFileId="1" StartOffset="4561"/>
</LocList>
<BasicStmnt CovItemId="S55" CovItemPrefix="my.PSM.PSM_Interface.InterfaceFacade.java" Intrnl_Id="185">
<LocList>
<Loc EndOffset="4589" SrcFileId="1" StartOffset="4561"/>
</LocList>
</BasicStmnt>
</StmntSeq>
</HierarchyLvl>
<HierarchyLvl HierarchyLvlId="1011" HierarchyLvlTypeId="26" Intrnl_Id="186" Name="courseSelected">
<Header>
<Loc EndOffset="4630" SrcFileId="1" StartOffset="4599"/>
</Header>
<LocList>
<Loc EndOffset="4670" SrcFileId="1" StartOffset="4599"/>
</LocList>
<StmntSeq Intrnl_Id="187">
<LocList>
<Loc EndOffset="4666" SrcFileId="1" StartOffset="4635"/>
</LocList>
<BasicStmnt CovItemId="S56" CovItemPrefix="my.PSM.PSM_Interface.InterfaceFacade.java" Intrnl_Id="188">
<LocList>
<Loc EndOffset="4666" SrcFileId="1" StartOffset="4635"/>
</LocList>
</BasicStmnt>
</StmntSeq>
</HierarchyLvl>
<HierarchyLvl HierarchyLvlId="1012" HierarchyLvlTypeId="26" Intrnl_Id="189" Name="setCourseSelected">
<Header>
<Loc EndOffset="4719" SrcFileId="1" StartOffset="4676"/>
</Header>
<LocList>
<Loc EndOffset="4759" SrcFileId="1" StartOffset="4676"/>
</LocList>
<StmntSeq Intrnl_Id="190">
<LocList>
<Loc EndOffset="4755" SrcFileId="1" StartOffset="4724"/>
</LocList>
<BasicStmnt CovItemId="S57" CovItemPrefix="my.PSM.PSM_Interface.InterfaceFacade.java" Intrnl_Id="191">
<LocList>
<Loc EndOffset="4755" SrcFileId="1" StartOffset="4724"/>
</LocList>
</BasicStmnt>
</StmntSeq>
</HierarchyLvl>
<HierarchyLvl HierarchyLvlId="1013" HierarchyLvlTypeId="26" Intrnl_Id="192" Name="getSelection">
<Header>
<Loc EndOffset="4790" SrcFileId="1" StartOffset="4765"/>
</Header>
<LocList>
<Loc EndOffset="4828" SrcFileId="1" StartOffset="4765"/>
</LocList>
<StmntSeq Intrnl_Id="193">
<LocList>
<Loc EndOffset="4824" SrcFileId="1" StartOffset="4795"/>
</LocList>
<BasicStmnt CovItemId="S58" CovItemPrefix="my.PSM.PSM_Interface.InterfaceFacade.java" Intrnl_Id="194">
<LocList>
<Loc EndOffset="4824" SrcFileId="1" StartOffset="4795"/>
</LocList>
</BasicStmnt>
</StmntSeq>
</HierarchyLvl>
<HierarchyLvl HierarchyLvlId="1014" HierarchyLvlTypeId="26" Intrnl_Id="195" Name="psDataRec">
<Header>
<Loc EndOffset="4860" SrcFileId="1" StartOffset="4834"/>
</Header>
<LocList>
<Loc EndOffset="4893" SrcFileId="1" StartOffset="4834"/>
</LocList>
<StmntSeq Intrnl_Id="196">
<LocList>
<Loc EndOffset="4889" SrcFileId="1" StartOffset="4865"/>
</LocList>
<BasicStmnt CovItemId="S59" CovItemPrefix="my.PSM.PSM_Interface.InterfaceFacade.java" Intrnl_Id="197">
<LocList>
<Loc EndOffset="4889" SrcFileId="1" StartOffset="4865"/>
</LocList>
</BasicStmnt>
</StmntSeq>
</HierarchyLvl>
<HierarchyLvl HierarchyLvlId="1015" HierarchyLvlTypeId="26" Intrnl_Id="198" Name="setPsDataRec">
<Header>
<Loc EndOffset="4937" SrcFileId="1" StartOffset="4899"/>
</Header>
<LocList>
<Loc EndOffset="4970" SrcFileId="1" StartOffset="4899"/>
</LocList>
<StmntSeq Intrnl_Id="199">
<LocList>
<Loc EndOffset="4966" SrcFileId="1" StartOffset="4942"/>
</LocList>
<BasicStmnt CovItemId="S60" CovItemPrefix="my.PSM.PSM_Interface.InterfaceFacade.java" Intrnl_Id="200">
<LocList>
<Loc EndOffset="4966" SrcFileId="1" StartOffset="4942"/>
</LocList>
</BasicStmnt>
</StmntSeq>
</HierarchyLvl>
<HierarchyLvl HierarchyLvlId="1016" HierarchyLvlTypeId="26" Intrnl_Id="201" Name="getNewCourseStart">
<Header>
<Loc EndOffset="5008" SrcFileId="1" StartOffset="4975"/>
</Header>
<LocList>
<Loc EndOffset="5051" SrcFileId="1" StartOffset="4975"/>
</LocList>
<StmntSeq Intrnl_Id="202">
<LocList>
<Loc EndOffset="5047" SrcFileId="1" StartOffset="5014"/>
</LocList>
<BasicStmnt CovItemId="S61" CovItemPrefix="my.PSM.PSM_Interface.InterfaceFacade.java" Intrnl_Id="203">
<LocList>
<Loc EndOffset="5047" SrcFileId="1" StartOffset="5014"/>
</LocList>
</BasicStmnt>
</StmntSeq>
</HierarchyLvl>
<HierarchyLvl HierarchyLvlId="1017" HierarchyLvlTypeId="26" Intrnl_Id="204" Name="getpNewCourseStart">
<Header>
<Loc EndOffset="5091" SrcFileId="1" StartOffset="5057"/>
</Header>
<LocList>
<Loc EndOffset="5135" SrcFileId="1" StartOffset="5057"/>
</LocList>
<StmntSeq Intrnl_Id="205">
<LocList>
<Loc EndOffset="5131" SrcFileId="1" StartOffset="5097"/>
</LocList>
<BasicStmnt CovItemId="S62" CovItemPrefix="my.PSM.PSM_Interface.InterfaceFacade.java" Intrnl_Id="206">
<LocList>
<Loc EndOffset="5131" SrcFileId="1" StartOffset="5097"/>
</LocList>
</BasicStmnt>
</StmntSeq>
</HierarchyLvl>
<HierarchyLvl HierarchyLvlId="1018" HierarchyLvlTypeId="26" Intrnl_Id="207" Name="dataReceived">
<Header>
<Loc EndOffset="5170" SrcFileId="1" StartOffset="5141"/>
</Header>
<LocList>
<Loc EndOffset="5207" SrcFileId="1" StartOffset="5141"/>
</LocList>
<StmntSeq Intrnl_Id="208">
<LocList>
<Loc EndOffset="5203" SrcFileId="1" StartOffset="5175"/>
</LocList>
<BasicStmnt CovItemId="S63" CovItemPrefix="my.PSM.PSM_Interface.InterfaceFacade.java" Intrnl_Id="209">
<LocList>
<Loc EndOffset="5203" SrcFileId="1" StartOffset="5175"/>
</LocList>
</BasicStmnt>
</StmntSeq>
</HierarchyLvl>
<HierarchyLvl HierarchyLvlId="1019" HierarchyLvlTypeId="26" Intrnl_Id="210" Name="setLogDataRec">
<Header>
<Loc EndOffset="5252" SrcFileId="1" StartOffset="5213"/>
</Header>
<LocList>
<Loc EndOffset="5284" SrcFileId="1" StartOffset="5213"/>
</LocList>
<StmntSeq Intrnl_Id="211">
<LocList>
<Loc EndOffset="5280" SrcFileId="1" StartOffset="5257"/>
</LocList>
<BasicStmnt CovItemId="S64" CovItemPrefix="my.PSM.PSM_Interface.InterfaceFacade.java" Intrnl_Id="212">
<LocList>
<Loc EndOffset="5280" SrcFileId="1" StartOffset="5257"/>
</LocList>
</BasicStmnt>
</StmntSeq>
</HierarchyLvl>
<HierarchyLvl HierarchyLvlId="1020" HierarchyLvlTypeId="26" Intrnl_Id="213" Name="getUsername">
<Header>
<Loc EndOffset="5317" SrcFileId="1" StartOffset="5290"/>
</Header>
<LocList>
<Loc EndOffset="5353" SrcFileId="1" StartOffset="5290"/>
</LocList>
<StmntSeq Intrnl_Id="214">
<LocList>
<Loc EndOffset="5349" SrcFileId="1" StartOffset="5322"/>
</LocList>
<BasicStmnt CovItemId="S65" CovItemPrefix="my.PSM.PSM_Interface.InterfaceFacade.java" Intrnl_Id="215">
<LocList>
<Loc EndOffset="5349" SrcFileId="1" StartOffset="5322"/>
</LocList>
</BasicStmnt>
</StmntSeq>
</HierarchyLvl>
<HierarchyLvl HierarchyLvlId="1021" HierarchyLvlTypeId="26" Intrnl_Id="216" Name="getPassword">
<Header>
<Loc EndOffset="5386" SrcFileId="1" StartOffset="5359"/>
</Header>
<LocList>
<Loc EndOffset="5422" SrcFileId="1" StartOffset="5359"/>
</LocList>
<StmntSeq Intrnl_Id="217">
<LocList>
<Loc EndOffset="5418" SrcFileId="1" StartOffset="5391"/>
</LocList>
<BasicStmnt CovItemId="S66" CovItemPrefix="my.PSM.PSM_Interface.InterfaceFacade.java" Intrnl_Id="218">
<LocList>
<Loc EndOffset="5418" SrcFileId="1" StartOffset="5391"/>
</LocList>
</BasicStmnt>
</StmntSeq>
</HierarchyLvl>
<HierarchyLvl HierarchyLvlId="1022" HierarchyLvlTypeId="26" Intrnl_Id="219" Name="setAck">
<Header>
<Loc EndOffset="5460" SrcFileId="1" StartOffset="5428"/>
</Header>
<LocList>
<Loc EndOffset="5488" SrcFileId="1" StartOffset="5428"/>
</LocList>
<StmntSeq Intrnl_Id="220">
<LocList>
<Loc EndOffset="5484" SrcFileId="1" StartOffset="5465"/>
</LocList>
<BasicStmnt CovItemId="S67" CovItemPrefix="my.PSM.PSM_Interface.InterfaceFacade.java" Intrnl_Id="221">
<LocList>
<Loc EndOffset="5484" SrcFileId="1" StartOffset="5465"/>
</LocList>
</BasicStmnt>
</StmntSeq>
</HierarchyLvl>
<HierarchyLvl HierarchyLvlId="1023" HierarchyLvlTypeId="26" Intrnl_Id="222" Name="getAck">
<Header>
<Loc EndOffset="5517" SrcFileId="1" StartOffset="5494"/>
</Header>
<LocList>
<Loc EndOffset="5545" SrcFileId="1" StartOffset="5494"/>
</LocList>
<StmntSeq Intrnl_Id="223">
<LocList>
<Loc EndOffset="5541" SrcFileId="1" StartOffset="5522"/>
</LocList>
<BasicStmnt CovItemId="S68" CovItemPrefix="my.PSM.PSM_Interface.InterfaceFacade.java" Intrnl_Id="224">
<LocList>
<Loc EndOffset="5541" SrcFileId="1" StartOffset="5522"/>
</LocList>
</BasicStmnt>
</StmntSeq>
</HierarchyLvl>
<HierarchyLvl HierarchyLvlId="1024" HierarchyLvlTypeId="26" Intrnl_Id="225" Name="FifteenMinWarning">
<Header>
<Loc EndOffset="5582" SrcFileId="1" StartOffset="5551"/>
</Header>
<LocList>
<Loc EndOffset="5619" SrcFileId="1" StartOffset="5551"/>
</LocList>
<StmntSeq Intrnl_Id="226">
<LocList>
<Loc EndOffset="5615" SrcFileId="1" StartOffset="5587"/>
</LocList>
<BasicStmnt CovItemId="S69" CovItemPrefix="my.PSM.PSM_Interface.InterfaceFacade.java" Intrnl_Id="227">
<LocList>
<Loc EndOffset="5615" SrcFileId="1" StartOffset="5587"/>
</LocList>
</BasicStmnt>
</StmntSeq>
</HierarchyLvl>
<HierarchyLvl HierarchyLvlId="1025" HierarchyLvlTypeId="26" Intrnl_Id="228" Name="FiveMinWarning">
<Header>
<Loc EndOffset="5653" SrcFileId="1" StartOffset="5625"/>
</Header>
<LocList>
<Loc EndOffset="5687" SrcFileId="1" StartOffset="5625"/>
</LocList>
<StmntSeq Intrnl_Id="229">
<LocList>
<Loc EndOffset="5683" SrcFileId="1" StartOffset="5658"/>
</LocList>
<BasicStmnt CovItemId="S70" CovItemPrefix="my.PSM.PSM_Interface.InterfaceFacade.java" Intrnl_Id="230">
<LocList>
<Loc EndOffset="5683" SrcFileId="1" StartOffset="5658"/>
</LocList>
</BasicStmnt>
</StmntSeq>
</HierarchyLvl>
<HierarchyLvl HierarchyLvlId="1026" HierarchyLvlTypeId="26" Intrnl_Id="231" Name="endClassWarning">
<Header>
<Loc EndOffset="5722" SrcFileId="1" StartOffset="5693"/>
</Header>
<LocList>
<Loc EndOffset="5757" SrcFileId="1" StartOffset="5693"/>
</LocList>
<StmntSeq Intrnl_Id="232">
<LocList>
<Loc EndOffset="5753" SrcFileId="1" StartOffset="5727"/>
</LocList>
<BasicStmnt CovItemId="S71" CovItemPrefix="my.PSM.PSM_Interface.InterfaceFacade.java" Intrnl_Id="233">
<LocList>
<Loc EndOffset="5753" SrcFileId="1" StartOffset="5727"/>
</LocList>
</BasicStmnt>
</StmntSeq>
</HierarchyLvl>
</HierarchyLvl>
<HierarchyLvl HierarchyLvlId="1036" HierarchyLvlTypeId="25" Intrnl_Id="234" Name="LogOutConfirm">
<Header>
<Loc EndOffset="184" SrcFileId="2" StartOffset="131"/>
</Header>
<LocList>
<Loc EndOffset="4021" SrcFileId="2" StartOffset="131"/>
</LocList>
<HierarchyLvl HierarchyLvlId="1028" HierarchyLvlTypeId="26" Intrnl_Id="235" Name="LogOutConfirm">
<Header>
<Loc EndOffset="261" SrcFileId="2" StartOffset="239"/>
</Header>
<LocList>
<Loc EndOffset="295" SrcFileId="2" StartOffset="239"/>
</LocList>
<StmntSeq Intrnl_Id="236">
<LocList>
<Loc EndOffset="289" SrcFileId="2" StartOffset="272"/>
</LocList>
<BasicStmnt CovItemId="S1" CovItemPrefix="my.PSM.PSM_Interface.LogOutConfirm.java" Intrnl_Id="237">
<LocList>
<Loc EndOffset="289" SrcFileId="2" StartOffset="272"/>
</LocList>
</BasicStmnt>
</StmntSeq>
</HierarchyLvl>
<HierarchyLvl HierarchyLvlId="1031" HierarchyLvlTypeId="26" Intrnl_Id="238" Name="initComponents">
<Header>
<Loc EndOffset="642" SrcFileId="2" StartOffset="613"/>
</Header>
<LocList>
<Loc EndOffset="3231" SrcFileId="2" StartOffset="613"/>
</LocList>
<StmntSeq Intrnl_Id="239">
<LocList>
<Loc EndOffset="689" SrcFileId="2" StartOffset="654"/>
<Loc EndOffset="735" SrcFileId="2" StartOffset="698"/>
<Loc EndOffset="816" SrcFileId="2" StartOffset="745"/>
<Loc EndOffset="848" SrcFileId="2" StartOffset="825"/>
<Loc EndOffset="910" SrcFileId="2" StartOffset="858"/>
<Loc EndOffset="985" SrcFileId="2" StartOffset="919"/>
<Loc EndOffset="1046" SrcFileId="2" StartOffset="994"/>
<Loc EndOffset="1315" SrcFileId="2" StartOffset="1055"/>
<Loc EndOffset="1348" SrcFileId="2" StartOffset="1325"/>
<Loc EndOffset="1384" SrcFileId="2" StartOffset="1357"/>
<Loc EndOffset="1567" SrcFileId="2" StartOffset="1565"/>
<Loc EndOffset="1672" SrcFileId="2" StartOffset="1577"/>
<Loc EndOffset="1716" SrcFileId="2" StartOffset="1681"/>
<Loc EndOffset="2601" SrcFileId="2" StartOffset="1725"/>
<Loc EndOffset="3208" SrcFileId="2" StartOffset="2610"/>
<Loc EndOffset="3225" SrcFileId="2" StartOffset="3218"/>
</LocList>
<BasicStmnt CovItemId="S2" CovItemPrefix="my.PSM.PSM_Interface.LogOutConfirm.java" Intrnl_Id="240">
<LocList>
<Loc EndOffset="689" SrcFileId="2" StartOffset="654"/>
</LocList>
</BasicStmnt>
<BasicStmnt CovItemId="S3" CovItemPrefix="my.PSM.PSM_Interface.LogOutConfirm.java" Intrnl_Id="241">
<LocList>
<Loc EndOffset="735" SrcFileId="2" StartOffset="698"/>
</LocList>
</BasicStmnt>
<BasicStmnt CovItemId="S4" CovItemPrefix="my.PSM.PSM_Interface.LogOutConfirm.java" Intrnl_Id="242">
<LocList>
<Loc EndOffset="816" SrcFileId="2" StartOffset="745"/>
</LocList>
</BasicStmnt>
<BasicStmnt CovItemId="S5" CovItemPrefix="my.PSM.PSM_Interface.LogOutConfirm.java" Intrnl_Id="243">
<LocList>
<Loc EndOffset="848" SrcFileId="2" StartOffset="825"/>
</LocList>
</BasicStmnt>
<BasicStmnt CovItemId="S6" CovItemPrefix="my.PSM.PSM_Interface.LogOutConfirm.java" Intrnl_Id="244">
<LocList>
<Loc EndOffset="910" SrcFileId="2" StartOffset="858"/>
</LocList>
</BasicStmnt>
<BasicStmnt CovItemId="S7" CovItemPrefix="my.PSM.PSM_Interface.LogOutConfirm.java" Intrnl_Id="245">
<LocList>
<Loc EndOffset="985" SrcFileId="2" StartOffset="919"/>
</LocList>
</BasicStmnt>
<BasicStmnt CovItemId="S8" CovItemPrefix="my.PSM.PSM_Interface.LogOutConfirm.java" Intrnl_Id="246">
<LocList>
<Loc EndOffset="1046" SrcFileId="2" StartOffset="994"/>
</LocList>
</BasicStmnt>
<BasicStmnt CovItemId="S9" CovItemPrefix="my.PSM.PSM_Interface.LogOutConfirm.java" Intrnl_Id="247">
<LocList>
<Loc EndOffset="1315" SrcFileId="2" StartOffset="1055"/>
</LocList>
</BasicStmnt>
<BasicStmnt CovItemId="S10" CovItemPrefix="my.PSM.PSM_Interface.LogOutConfirm.java" Intrnl_Id="248">
<LocList>
<Loc EndOffset="1348" SrcFileId="2" StartOffset="1325"/>
</LocList>
</BasicStmnt>
<BasicStmnt CovItemId="S11" CovItemPrefix="my.PSM.PSM_Interface.LogOutConfirm.java" Intrnl_Id="249">
<LocList>
<Loc EndOffset="1384" SrcFileId="2" StartOffset="1357"/>
<Loc EndOffset="1567" SrcFileId="2" StartOffset="1565"/>
</LocList>
</BasicStmnt>
<BasicStmnt CovItemId="S13" CovItemPrefix="my.PSM.PSM_Interface.LogOutConfirm.java" Intrnl_Id="250">
<LocList>
<Loc EndOffset="1672" SrcFileId="2" StartOffset="1577"/>
</LocList>
</BasicStmnt>
<BasicStmnt CovItemId="S14" CovItemPrefix="my.PSM.PSM_Interface.LogOutConfirm.java" Intrnl_Id="251">
<LocList>
<Loc EndOffset="1716" SrcFileId="2" StartOffset="1681"/>
</LocList>
</BasicStmnt>
<BasicStmnt CovItemId="S15" CovItemPrefix="my.PSM.PSM_Interface.LogOutConfirm.java" Intrnl_Id="252">
<LocList>
<Loc EndOffset="2601" SrcFileId="2" StartOffset="1725"/>
</LocList>
</BasicStmnt>
<BasicStmnt CovItemId="S16" CovItemPrefix="my.PSM.PSM_Interface.LogOutConfirm.java" Intrnl_Id="253">
<LocList>
<Loc EndOffset="3208" SrcFileId="2" StartOffset="2610"/>
</LocList>
</BasicStmnt>
<BasicStmnt CovItemId="S17" CovItemPrefix="my.PSM.PSM_Interface.LogOutConfirm.java" Intrnl_Id="254">
<LocList>
<Loc EndOffset="3225" SrcFileId="2" StartOffset="3218"/>
</LocList>
</BasicStmnt>
</StmntSeq>
<HierarchyLvl HierarchyLvlId="1030" HierarchyLvlTypeId="28" Intrnl_Id="255" Name="java.awt.event.ActionListener">
<Header>
<Loc EndOffset="1419" SrcFileId="2" StartOffset="1388"/>
</Header>
<LocList>
<Loc EndOffset="1565" SrcFileId="2" StartOffset="1384"/>
</LocList>
<HierarchyLvl HierarchyLvlId="1029" HierarchyLvlTypeId="26" Intrnl_Id="256" Name="actionPerformed">
<Header>
<Loc EndOffset="1493" SrcFileId="2" StartOffset="1434"/>
</Header>
<LocList>
<Loc EndOffset="1555" SrcFileId="2" StartOffset="1434"/>
</LocList>
<StmntSeq Intrnl_Id="257">
<LocList>
<Loc EndOffset="1541" SrcFileId="2" StartOffset="1512"/>
</LocList>
<BasicStmnt CovItemId="S12" CovItemPrefix="my.PSM.PSM_Interface.LogOutConfirm.java" Intrnl_Id="258">
<LocList>
<Loc EndOffset="1541" SrcFileId="2" StartOffset="1512"/>
</LocList>
</BasicStmnt>
</StmntSeq>
</HierarchyLvl>
</HierarchyLvl>
</HierarchyLvl>
<HierarchyLvl HierarchyLvlId="1032" HierarchyLvlTypeId="26" Intrnl_Id="259" Name="jButton1ActionPerformed">
<Header>
<Loc EndOffset="3346" SrcFileId="2" StartOffset="3278"/>
</Header>
<LocList>
<Loc EndOffset="3491" SrcFileId="2" StartOffset="3278"/>
</LocList>
<StmntSeq Intrnl_Id="260">
<LocList>
<Loc EndOffset="3461" SrcFileId="2" StartOffset="3443"/>
<Loc EndOffset="3485" SrcFileId="2" StartOffset="3470"/>
</LocList>
<BasicStmnt CovItemId="S18" CovItemPrefix="my.PSM.PSM_Interface.LogOutConfirm.java" Intrnl_Id="261">
<LocList>
<Loc EndOffset="3461" SrcFileId="2" StartOffset="3443"/>
</LocList>
</BasicStmnt>
<BasicStmnt CovItemId="S19" CovItemPrefix="my.PSM.PSM_Interface.LogOutConfirm.java" Intrnl_Id="262">
<LocList>
<Loc EndOffset="3485" SrcFileId="2" StartOffset="3470"/>
</LocList>
</BasicStmnt>
</StmntSeq>
</HierarchyLvl>
<HierarchyLvl HierarchyLvlId="1035" HierarchyLvlTypeId="26" Intrnl_Id="263" Name="launchLogout">
<Header>
<Loc EndOffset="3629" SrcFileId="2" StartOffset="3603"/>
</Header>
<LocList>
<Loc EndOffset="3806" SrcFileId="2" StartOffset="3603"/>
</LocList>
<StmntSeq Intrnl_Id="264">
<LocList>
<Loc EndOffset="3672" SrcFileId="2" StartOffset="3640"/>
<Loc EndOffset="3800" SrcFileId="2" StartOffset="3798"/>
</LocList>
<BasicStmnt CovItemId="S20" CovItemPrefix="my.PSM.PSM_Interface.LogOutConfirm.java" Intrnl_Id="265">
<LocList>
<Loc EndOffset="3672" SrcFileId="2" StartOffset="3640"/>
<Loc EndOffset="3800" SrcFileId="2" StartOffset="3798"/>
</LocList>
</BasicStmnt>
</StmntSeq>
<HierarchyLvl HierarchyLvlId="1034" HierarchyLvlTypeId="28" Intrnl_Id="266" Name="Runnable">
<Header>
<Loc EndOffset="3686" SrcFileId="2" StartOffset="3676"/>
</Header>
<LocList>
<Loc EndOffset="3798" SrcFileId="2" StartOffset="3672"/>
</LocList>
<HierarchyLvl HierarchyLvlId="1033" HierarchyLvlTypeId="26" Intrnl_Id="267" Name="run">
<Header>
<Loc EndOffset="3718" SrcFileId="2" StartOffset="3701"/>
</Header>
<LocList>
<Loc EndOffset="3788" SrcFileId="2" StartOffset="3701"/>
</LocList>
<StmntSeq Intrnl_Id="268">
<LocList>
<Loc EndOffset="3774" SrcFileId="2" StartOffset="3737"/>
</LocList>
<BasicStmnt CovItemId="S21" CovItemPrefix="my.PSM.PSM_Interface.LogOutConfirm.java" Intrnl_Id="269">
<LocList>
<Loc EndOffset="3774" SrcFileId="2" StartOffset="3737"/>
</LocList>
</BasicStmnt>
</StmntSeq>
</HierarchyLvl>
</HierarchyLvl>
</HierarchyLvl>
</HierarchyLvl>
<HierarchyLvl HierarchyLvlId="1052" HierarchyLvlTypeId="25" Intrnl_Id="270" Name="LoginForm">
<Header>
<Loc EndOffset="172" SrcFileId="3" StartOffset="123"/>
</Header>
<LocList>
<Loc EndOffset="7906" SrcFileId="3" StartOffset="123"/>
</LocList>
<StmntSeq Intrnl_Id="271">
<LocList>
<Loc EndOffset="256" SrcFileId="3" StartOffset="223"/>
</LocList>
<BasicStmnt CovItemId="S1" CovItemPrefix="my.PSM.PSM_Interface.LoginForm.java" Intrnl_Id="272">
<LocList>
<Loc EndOffset="256" SrcFileId="3" StartOffset="223"/>
</LocList>
</BasicStmnt>
</StmntSeq>
<HierarchyLvl HierarchyLvlId="1037" HierarchyLvlTypeId="26" Intrnl_Id="273" Name="LoginForm">
<Header>
<Loc EndOffset="453" SrcFileId="3" StartOffset="435"/>
</Header>
<LocList>
<Loc EndOffset="487" SrcFileId="3" StartOffset="435"/>
</LocList>
<StmntSeq Intrnl_Id="274">
<LocList>
<Loc EndOffset="481" SrcFileId="3" StartOffset="464"/>
</LocList>
<BasicStmnt CovItemId="S2" CovItemPrefix="my.PSM.PSM_Interface.LoginForm.java" Intrnl_Id="275">
<LocList>
<Loc EndOffset="481" SrcFileId="3" StartOffset="464"/>
</LocList>
</BasicStmnt>
</StmntSeq>
</HierarchyLvl>
<HierarchyLvl HierarchyLvlId="1042" HierarchyLvlTypeId="26" Intrnl_Id="276" Name="initComponents">
<Header>
<Loc EndOffset="834" SrcFileId="3" StartOffset="805"/>
</Header>
<LocList>
<Loc EndOffset="5945" SrcFileId="3" StartOffset="805"/>
</LocList>
<StmntSeq Intrnl_Id="277">
<LocList>
<Loc EndOffset="881" SrcFileId="3" StartOffset="846"/>
<Loc EndOffset="927" SrcFileId="3" StartOffset="890"/>
<Loc EndOffset="973" SrcFileId="3" StartOffset="936"/>
<Loc EndOffset="1017" SrcFileId="3" StartOffset="982"/>
<Loc EndOffset="1069" SrcFileId="3" StartOffset="1026"/>
<Loc EndOffset="1113" SrcFileId="3" StartOffset="1078"/>
<Loc EndOffset="1173" SrcFileId="3" StartOffset="1122"/>
<Loc EndOffset="1251" SrcFileId="3" StartOffset="1183"/>
<Loc EndOffset="1282" SrcFileId="3" StartOffset="1260"/>
<Loc EndOffset="1555" SrcFileId="3" StartOffset="1292"/>
<Loc EndOffset="1591" SrcFileId="3" StartOffset="1565"/>
<Loc EndOffset="1627" SrcFileId="3" StartOffset="1600"/>
<Loc EndOffset="1810" SrcFileId="3" StartOffset="1808"/>
<Loc EndOffset="1847" SrcFileId="3" StartOffset="1820"/>
<Loc EndOffset="1883" SrcFileId="3" StartOffset="1856"/>
<Loc EndOffset="2066" SrcFileId="3" StartOffset="2064"/>
<Loc EndOffset="2128" SrcFileId="3" StartOffset="2076"/>
<Loc EndOffset="2166" SrcFileId="3" StartOffset="2137"/>
<Loc EndOffset="2234" SrcFileId="3" StartOffset="2176"/>
<Loc EndOffset="2296" SrcFileId="3" StartOffset="2244"/>
<Loc EndOffset="2335" SrcFileId="3" StartOffset="2305"/>
<Loc EndOffset="2438" SrcFileId="3" StartOffset="2345"/>
<Loc EndOffset="2480" SrcFileId="3" StartOffset="2447"/>
<Loc EndOffset="3523" SrcFileId="3" StartOffset="2489"/>
<Loc EndOffset="4819" SrcFileId="3" StartOffset="3532"/>
<Loc EndOffset="4924" SrcFileId="3" StartOffset="4829"/>
<Loc EndOffset="4968" SrcFileId="3" StartOffset="4933"/>
<Loc EndOffset="5446" SrcFileId="3" StartOffset="4977"/>
<Loc EndOffset="5922" SrcFileId="3" StartOffset="5455"/>
<Loc EndOffset="5939" SrcFileId="3" StartOffset="5932"/>
</LocList>
<BasicStmnt CovItemId="S3" CovItemPrefix="my.PSM.PSM_Interface.LoginForm.java" Intrnl_Id="278">
<LocList>
<Loc EndOffset="881" SrcFileId="3" StartOffset="846"/>
</LocList>
</BasicStmnt>
<BasicStmnt CovItemId="S4" CovItemPrefix="my.PSM.PSM_Interface.LoginForm.java" Intrnl_Id="279">
<LocList>
<Loc EndOffset="927" SrcFileId="3" StartOffset="890"/>
</LocList>
</BasicStmnt>
<BasicStmnt CovItemId="S5" CovItemPrefix="my.PSM.PSM_Interface.LoginForm.java" Intrnl_Id="280">
<LocList>
<Loc EndOffset="973" SrcFileId="3" StartOffset="936"/>
</LocList>
</BasicStmnt>
<BasicStmnt CovItemId="S6" CovItemPrefix="my.PSM.PSM_Interface.LoginForm.java" Intrnl_Id="281">
<LocList>
<Loc EndOffset="1017" SrcFileId="3" StartOffset="982"/>
</LocList>
</BasicStmnt>
<BasicStmnt CovItemId="S7" CovItemPrefix="my.PSM.PSM_Interface.LoginForm.java" Intrnl_Id="282">
<LocList>
<Loc EndOffset="1069" SrcFileId="3" StartOffset="1026"/>
</LocList>
</BasicStmnt>
<BasicStmnt CovItemId="S8" CovItemPrefix="my.PSM.PSM_Interface.LoginForm.java" Intrnl_Id="283">
<LocList>
<Loc EndOffset="1113" SrcFileId="3" StartOffset="1078"/>
</LocList>
</BasicStmnt>
<BasicStmnt CovItemId="S9" CovItemPrefix="my.PSM.PSM_Interface.LoginForm.java" Intrnl_Id="284">
<LocList>
<Loc EndOffset="1173" SrcFileId="3" StartOffset="1122"/>
</LocList>
</BasicStmnt>
<BasicStmnt CovItemId="S10" CovItemPrefix="my.PSM.PSM_Interface.LoginForm.java" Intrnl_Id="285">
<LocList>
<Loc EndOffset="1251" SrcFileId="3" StartOffset="1183"/>
</LocList>
</BasicStmnt>
<BasicStmnt CovItemId="S11" CovItemPrefix="my.PSM.PSM_Interface.LoginForm.java" Intrnl_Id="286">
<LocList>
<Loc EndOffset="1282" SrcFileId="3" StartOffset="1260"/>
</LocList>
</BasicStmnt>
<BasicStmnt CovItemId="S12" CovItemPrefix="my.PSM.PSM_Interface.LoginForm.java" Intrnl_Id="287">
<LocList>
<Loc EndOffset="1555" SrcFileId="3" StartOffset="1292"/>
</LocList>
</BasicStmnt>
<BasicStmnt CovItemId="S13" CovItemPrefix="my.PSM.PSM_Interface.LoginForm.java" Intrnl_Id="288">
<LocList>
<Loc EndOffset="1591" SrcFileId="3" StartOffset="1565"/>
</LocList>
</BasicStmnt>
<BasicStmnt CovItemId="S14" CovItemPrefix="my.PSM.PSM_Interface.LoginForm.java" Intrnl_Id="289">
<LocList>
<Loc EndOffset="1627" SrcFileId="3" StartOffset="1600"/>
<Loc EndOffset="1810" SrcFileId="3" StartOffset="1808"/>
</LocList>
</BasicStmnt>
<BasicStmnt CovItemId="S16" CovItemPrefix="my.PSM.PSM_Interface.LoginForm.java" Intrnl_Id="290">
<LocList>
<Loc EndOffset="1847" SrcFileId="3" StartOffset="1820"/>
</LocList>
</BasicStmnt>
<BasicStmnt CovItemId="S17" CovItemPrefix="my.PSM.PSM_Interface.LoginForm.java" Intrnl_Id="291">
<LocList>
<Loc EndOffset="1883" SrcFileId="3" StartOffset="1856"/>
<Loc EndOffset="2066" SrcFileId="3" StartOffset="2064"/>
</LocList>
</BasicStmnt>
<BasicStmnt CovItemId="S19" CovItemPrefix="my.PSM.PSM_Interface.LoginForm.java" Intrnl_Id="292">
<LocList>
<Loc EndOffset="2128" SrcFileId="3" StartOffset="2076"/>
</LocList>
</BasicStmnt>
<BasicStmnt CovItemId="S20" CovItemPrefix="my.PSM.PSM_Interface.LoginForm.java" Intrnl_Id="293">
<LocList>
<Loc EndOffset="2166" SrcFileId="3" StartOffset="2137"/>
</LocList>
</BasicStmnt>
<BasicStmnt CovItemId="S21" CovItemPrefix="my.PSM.PSM_Interface.LoginForm.java" Intrnl_Id="294">
<LocList>
<Loc EndOffset="2234" SrcFileId="3" StartOffset="2176"/>
</LocList>
</BasicStmnt>
<BasicStmnt CovItemId="S22" CovItemPrefix="my.PSM.PSM_Interface.LoginForm.java" Intrnl_Id="295">
<LocList>
<Loc EndOffset="2296" SrcFileId="3" StartOffset="2244"/>
</LocList>
</BasicStmnt>
<BasicStmnt CovItemId="S23" CovItemPrefix="my.PSM.PSM_Interface.LoginForm.java" Intrnl_Id="296">
<LocList>
<Loc EndOffset="2335" SrcFileId="3" StartOffset="2305"/>
</LocList>
</BasicStmnt>
<BasicStmnt CovItemId="S24" CovItemPrefix="my.PSM.PSM_Interface.LoginForm.java" Intrnl_Id="297">
<LocList>
<Loc EndOffset="2438" SrcFileId="3" StartOffset="2345"/>
</LocList>
</BasicStmnt>
<BasicStmnt CovItemId="S25" CovItemPrefix="my.PSM.PSM_Interface.LoginForm.java" Intrnl_Id="298">
<LocList>
<Loc EndOffset="2480" SrcFileId="3" StartOffset="2447"/>
</LocList>
</BasicStmnt>
<BasicStmnt CovItemId="S26" CovItemPrefix="my.PSM.PSM_Interface.LoginForm.java" Intrnl_Id="299">
<LocList>
<Loc EndOffset="3523" SrcFileId="3" StartOffset="2489"/>
</LocList>
</BasicStmnt>
<BasicStmnt CovItemId="S27" CovItemPrefix="my.PSM.PSM_Interface.LoginForm.java" Intrnl_Id="300">
<LocList>
<Loc EndOffset="4819" SrcFileId="3" StartOffset="3532"/>
</LocList>
</BasicStmnt>
<BasicStmnt CovItemId="S28" CovItemPrefix="my.PSM.PSM_Interface.LoginForm.java" Intrnl_Id="301">
<LocList>
<Loc EndOffset="4924" SrcFileId="3" StartOffset="4829"/>
</LocList>
</BasicStmnt>
<BasicStmnt CovItemId="S29" CovItemPrefix="my.PSM.PSM_Interface.LoginForm.java" Intrnl_Id="302">
<LocList>
<Loc EndOffset="4968" SrcFileId="3" StartOffset="4933"/>
</LocList>
</BasicStmnt>
<BasicStmnt CovItemId="S30" CovItemPrefix="my.PSM.PSM_Interface.LoginForm.java" Intrnl_Id="303">
<LocList>
<Loc EndOffset="5446" SrcFileId="3" StartOffset="4977"/>
</LocList>
</BasicStmnt>
<BasicStmnt CovItemId="S31" CovItemPrefix="my.PSM.PSM_Interface.LoginForm.java" Intrnl_Id="304">
<LocList>
<Loc EndOffset="5922" SrcFileId="3" StartOffset="5455"/>
</LocList>
</BasicStmnt>
<BasicStmnt CovItemId="S32" CovItemPrefix="my.PSM.PSM_Interface.LoginForm.java" Intrnl_Id="305">
<LocList>
<Loc EndOffset="5939" SrcFileId="3" StartOffset="5932"/>
</LocList>
</BasicStmnt>
</StmntSeq>
<HierarchyLvl HierarchyLvlId="1039" HierarchyLvlTypeId="28" Intrnl_Id="306" Name="java.awt.event.ActionListener">
<Header>
<Loc EndOffset="1662" SrcFileId="3" StartOffset="1631"/>
</Header>
<LocList>
<Loc EndOffset="1808" SrcFileId="3" StartOffset="1627"/>
</LocList>
<HierarchyLvl HierarchyLvlId="1038" HierarchyLvlTypeId="26" Intrnl_Id="307" Name="actionPerformed">
<Header>
<Loc EndOffset="1736" SrcFileId="3" StartOffset="1677"/>
</Header>
<LocList>
<Loc EndOffset="1798" SrcFileId="3" StartOffset="1677"/>
</LocList>
<StmntSeq Intrnl_Id="308">
<LocList>
<Loc EndOffset="1784" SrcFileId="3" StartOffset="1755"/>
</LocList>
<BasicStmnt CovItemId="S15" CovItemPrefix="my.PSM.PSM_Interface.LoginForm.java" Intrnl_Id="309">
<LocList>
<Loc EndOffset="1784" SrcFileId="3" StartOffset="1755"/>
</LocList>
</BasicStmnt>
</StmntSeq>
</HierarchyLvl>
</HierarchyLvl>
<HierarchyLvl HierarchyLvlId="1041" HierarchyLvlTypeId="28" Intrnl_Id="310" Name="java.awt.event.ActionListener">
<Header>
<Loc EndOffset="1918" SrcFileId="3" StartOffset="1887"/>
</Header>
<LocList>
<Loc EndOffset="2064" SrcFileId="3" StartOffset="1883"/>
</LocList>
<HierarchyLvl HierarchyLvlId="1040" HierarchyLvlTypeId="26" Intrnl_Id="311" Name="actionPerformed">
<Header>
<Loc EndOffset="1992" SrcFileId="3" StartOffset="1933"/>
</Header>
<LocList>
<Loc EndOffset="2054" SrcFileId="3" StartOffset="1933"/>
</LocList>
<StmntSeq Intrnl_Id="312">
<LocList>
<Loc EndOffset="2040" SrcFileId="3" StartOffset="2011"/>
</LocList>
<BasicStmnt CovItemId="S18" CovItemPrefix="my.PSM.PSM_Interface.LoginForm.java" Intrnl_Id="313">
<LocList>
<Loc EndOffset="2040" SrcFileId="3" StartOffset="2011"/>
</LocList>
</BasicStmnt>
</StmntSeq>
</HierarchyLvl>
</HierarchyLvl>
</HierarchyLvl>
<HierarchyLvl HierarchyLvlId="1043" HierarchyLvlTypeId="26" Intrnl_Id="314" Name="dataReceived">
<Header>
<Loc EndOffset="6021" SrcFileId="3" StartOffset="5992"/>
</Header>
<LocList>
<Loc EndOffset="6057" SrcFileId="3" StartOffset="5992"/>
</LocList>
<StmntSeq Intrnl_Id="315">
<LocList>
<Loc EndOffset="6051" SrcFileId="3" StartOffset="6036"/>
</LocList>
<BasicStmnt CovItemId="S33" CovItemPrefix="my.PSM.PSM_Interface.LoginForm.java" Intrnl_Id="316">
<LocList>
<Loc EndOffset="6051" SrcFileId="3" StartOffset="6036"/>
</LocList>
</BasicStmnt>
</StmntSeq>
</HierarchyLvl>
<HierarchyLvl HierarchyLvlId="1044" HierarchyLvlTypeId="26" Intrnl_Id="317" Name="setDataRec">
<Header>
<Loc EndOffset="6108" SrcFileId="3" StartOffset="6067"/>
</Header>
<LocList>
<Loc EndOffset="6149" SrcFileId="3" StartOffset="6067"/>
</LocList>
<StmntSeq Intrnl_Id="318">
<LocList>
<Loc EndOffset="6143" SrcFileId="3" StartOffset="6123"/>
</LocList>
<BasicStmnt CovItemId="S34" CovItemPrefix="my.PSM.PSM_Interface.LoginForm.java" Intrnl_Id="319">
<LocList>
<Loc EndOffset="6143" SrcFileId="3" StartOffset="6123"/>
</LocList>
</BasicStmnt>
</StmntSeq>
</HierarchyLvl>
<HierarchyLvl HierarchyLvlId="1045" HierarchyLvlTypeId="26" Intrnl_Id="320" Name="jButton1ActionPerformed">
<Header>
<Loc EndOffset="6222" SrcFileId="3" StartOffset="6154"/>
</Header>
<LocList>
<Loc EndOffset="6729" SrcFileId="3" StartOffset="6154"/>
</LocList>
<StmntSeq Intrnl_Id="321">
<LocList>
<Loc EndOffset="6333" SrcFileId="3" StartOffset="6319"/>
<Loc EndOffset="6402" SrcFileId="3" StartOffset="6369"/>
<Loc EndOffset="6460" SrcFileId="3" StartOffset="6411"/>
<Loc EndOffset="6495" SrcFileId="3" StartOffset="6469"/>
<Loc EndOffset="6549" SrcFileId="3" StartOffset="6513"/>
<Loc EndOffset="6644" SrcFileId="3" StartOffset="6567"/>
<Loc EndOffset="6677" SrcFileId="3" StartOffset="6662"/>
<Loc EndOffset="6704" SrcFileId="3" StartOffset="6686"/>
<Loc EndOffset="6723" SrcFileId="3" StartOffset="6713"/>
</LocList>
<BasicStmnt CovItemId="S35" CovItemPrefix="my.PSM.PSM_Interface.LoginForm.java" Intrnl_Id="322">
<LocList>
<Loc EndOffset="6333" SrcFileId="3" StartOffset="6319"/>
</LocList>
</BasicStmnt>
<BasicStmnt CovItemId="S36" CovItemPrefix="my.PSM.PSM_Interface.LoginForm.java" Intrnl_Id="323">
<LocList>
<Loc EndOffset="6402" SrcFileId="3" StartOffset="6369"/>
</LocList>
</BasicStmnt>
<BasicStmnt CovItemId="S37" CovItemPrefix="my.PSM.PSM_Interface.LoginForm.java" Intrnl_Id="324">
<LocList>
<Loc EndOffset="6460" SrcFileId="3" StartOffset="6411"/>
</LocList>
</BasicStmnt>
<BasicStmnt CovItemId="S38" CovItemPrefix="my.PSM.PSM_Interface.LoginForm.java" Intrnl_Id="325">
<LocList>
<Loc EndOffset="6495" SrcFileId="3" StartOffset="6469"/>
</LocList>
</BasicStmnt>
<BasicStmnt CovItemId="S39" CovItemPrefix="my.PSM.PSM_Interface.LoginForm.java" Intrnl_Id="326">
<LocList>
<Loc EndOffset="6549" SrcFileId="3" StartOffset="6513"/>
</LocList>
</BasicStmnt>
<LoopStmnt CovItemId="S40" CovItemPrefix="my.PSM.PSM_Interface.LoginForm.java" Intrnl_Id="327" MltplExecId="L1-2" MltplExecPrefix="my.PSM.PSM_Interface.LoginForm.java" NvrExecId="L1-0" NvrExecPrefix="my.PSM.PSM_Interface.LoginForm.java" OnceExecutedId="L1-1" OnceExecutedPrefix="my.PSM.PSM_Interface.LoginForm.java" OptBodyExec="true">
<StmntSeq Intrnl_Id="328">
<LocList>
<Loc EndOffset="6644" SrcFileId="3" StartOffset="6615"/>
</LocList>
<BasicStmnt CovItemId="S41" CovItemPrefix="my.PSM.PSM_Interface.LoginForm.java" Intrnl_Id="329">
<LocList>
<Loc EndOffset="6644" SrcFileId="3" StartOffset="6615"/>
</LocList>
</BasicStmnt>
</StmntSeq>
<Keyword EndOffset="6570" SrcFileId="3" StartOffset="6567"/>
<LocList>
<Loc EndOffset="6644" SrcFileId="3" StartOffset="6567"/>
</LocList>
<RootTerm CovItemId="C1" CovItemPrefix="my.PSM.PSM_Interface.LoginForm.java" Intrnl_Id="330">
<BasicBoolTerm Intrnl_Id="331">
<LocList>
<Loc EndOffset="6596" SrcFileId="3" StartOffset="6582"/>
</LocList>
</BasicBoolTerm>
</RootTerm>
</LoopStmnt>
<BasicStmnt CovItemId="S42" CovItemPrefix="my.PSM.PSM_Interface.LoginForm.java" Intrnl_Id="332">
<LocList>
<Loc EndOffset="6677" SrcFileId="3" StartOffset="6662"/>
</LocList>
</BasicStmnt>
<BasicStmnt CovItemId="S43" CovItemPrefix="my.PSM.PSM_Interface.LoginForm.java" Intrnl_Id="333">
<LocList>
<Loc EndOffset="6704" SrcFileId="3" StartOffset="6686"/>
</LocList>
</BasicStmnt>
<BasicStmnt CovItemId="S44" CovItemPrefix="my.PSM.PSM_Interface.LoginForm.java" Intrnl_Id="334">
<LocList>
<Loc EndOffset="6723" SrcFileId="3" StartOffset="6713"/>
</LocList>
</BasicStmnt>
</StmntSeq>
</HierarchyLvl>
<HierarchyLvl HierarchyLvlId="1046" HierarchyLvlTypeId="26" Intrnl_Id="335" Name="jButton2ActionPerformed">
<Header>
<Loc EndOffset="6843" SrcFileId="3" StartOffset="6775"/>
</Header>
<LocList>
<Loc EndOffset="7007" SrcFileId="3" StartOffset="6775"/>
</LocList>
<StmntSeq Intrnl_Id="336">
<LocList>
<Loc EndOffset="6958" SrcFileId="3" StartOffset="6940"/>
<Loc EndOffset="6977" SrcFileId="3" StartOffset="6967"/>
<Loc EndOffset="7001" SrcFileId="3" StartOffset="6986"/>
</LocList>
<BasicStmnt CovItemId="S45" CovItemPrefix="my.PSM.PSM_Interface.LoginForm.java" Intrnl_Id="337">
<LocList>
<Loc EndOffset="6958" SrcFileId="3" StartOffset="6940"/>
</LocList>
</BasicStmnt>
<BasicStmnt CovItemId="S46" CovItemPrefix="my.PSM.PSM_Interface.LoginForm.java" Intrnl_Id="338">
<LocList>
<Loc EndOffset="6977" SrcFileId="3" StartOffset="6967"/>
</LocList>
</BasicStmnt>
<BasicStmnt CovItemId="S47" CovItemPrefix="my.PSM.PSM_Interface.LoginForm.java" Intrnl_Id="339">
<LocList>
<Loc EndOffset="7001" SrcFileId="3" StartOffset="6986"/>
</LocList>
</BasicStmnt>
</StmntSeq>
</HierarchyLvl>
<HierarchyLvl HierarchyLvlId="1049" HierarchyLvlTypeId="26" Intrnl_Id="340" Name="launchForm">
<Header>
<Loc EndOffset="7146" SrcFileId="3" StartOffset="7122"/>
</Header>
<LocList>
<Loc EndOffset="7319" SrcFileId="3" StartOffset="7122"/>
</LocList>
<StmntSeq Intrnl_Id="341">
<LocList>
<Loc EndOffset="7189" SrcFileId="3" StartOffset="7157"/>
<Loc EndOffset="7313" SrcFileId="3" StartOffset="7311"/>
</LocList>
<BasicStmnt CovItemId="S48" CovItemPrefix="my.PSM.PSM_Interface.LoginForm.java" Intrnl_Id="342">
<LocList>
<Loc EndOffset="7189" SrcFileId="3" StartOffset="7157"/>
<Loc EndOffset="7313" SrcFileId="3" StartOffset="7311"/>
</LocList>
</BasicStmnt>
</StmntSeq>
<HierarchyLvl HierarchyLvlId="1048" HierarchyLvlTypeId="28" Intrnl_Id="343" Name="Runnable">
<Header>
<Loc EndOffset="7203" SrcFileId="3" StartOffset="7193"/>
</Header>
<LocList>
<Loc EndOffset="7311" SrcFileId="3" StartOffset="7189"/>
</LocList>
<HierarchyLvl HierarchyLvlId="1047" HierarchyLvlTypeId="26" Intrnl_Id="344" Name="run">
<Header>
<Loc EndOffset="7235" SrcFileId="3" StartOffset="7218"/>
</Header>
<LocList>
<Loc EndOffset="7301" SrcFileId="3" StartOffset="7218"/>
</LocList>
<StmntSeq Intrnl_Id="345">
<LocList>
<Loc EndOffset="7287" SrcFileId="3" StartOffset="7254"/>
</LocList>
<BasicStmnt CovItemId="S49" CovItemPrefix="my.PSM.PSM_Interface.LoginForm.java" Intrnl_Id="346">
<LocList>
<Loc EndOffset="7287" SrcFileId="3" StartOffset="7254"/>
</LocList>
</BasicStmnt>
</StmntSeq>
</HierarchyLvl>
</HierarchyLvl>
</HierarchyLvl>
<HierarchyLvl HierarchyLvlId="1050" HierarchyLvlTypeId="26" Intrnl_Id="347" Name="getUsername">
<Header>
<Loc EndOffset="7354" SrcFileId="3" StartOffset="7327"/>
</Header>
<LocList>
<Loc EndOffset="7391" SrcFileId="3" StartOffset="7327"/>
</LocList>
<StmntSeq Intrnl_Id="348">
<LocList>
<Loc EndOffset="7385" SrcFileId="3" StartOffset="7369"/>
</LocList>
<BasicStmnt CovItemId="S50" CovItemPrefix="my.PSM.PSM_Interface.LoginForm.java" Intrnl_Id="349">
<LocList>
<Loc EndOffset="7385" SrcFileId="3" StartOffset="7369"/>
</LocList>
</BasicStmnt>
</StmntSeq>
</HierarchyLvl>
<HierarchyLvl HierarchyLvlId="1051" HierarchyLvlTypeId="26" Intrnl_Id="350" Name="getPassword">
<Header>
<Loc EndOffset="7428" SrcFileId="3" StartOffset="7401"/>
</Header>
<LocList>
<Loc EndOffset="7465" SrcFileId="3" StartOffset="7401"/>
</LocList>
<StmntSeq Intrnl_Id="351">
<LocList>
<Loc EndOffset="7459" SrcFileId="3" StartOffset="7443"/>
</LocList>
<BasicStmnt CovItemId="S51" CovItemPrefix="my.PSM.PSM_Interface.LoginForm.java" Intrnl_Id="352">
<LocList>
<Loc EndOffset="7459" SrcFileId="3" StartOffset="7443"/>
</LocList>
</BasicStmnt>
</StmntSeq>
</HierarchyLvl>
</HierarchyLvl>
<HierarchyLvl HierarchyLvlId="1078" HierarchyLvlTypeId="25" Intrnl_Id="353" Name="MainMenu">
<Header>
<Loc EndOffset="174" SrcFileId="4" StartOffset="126"/>
</Header>
<LocList>
<Loc EndOffset="16227" SrcFileId="4" StartOffset="126"/>
</LocList>
<HierarchyLvl HierarchyLvlId="1053" HierarchyLvlTypeId="26" Intrnl_Id="354" Name="MainMenu">
<Header>
<Loc EndOffset="388" SrcFileId="4" StartOffset="371"/>
</Header>
<LocList>
<Loc EndOffset="422" SrcFileId="4" StartOffset="371"/>
</LocList>
<StmntSeq Intrnl_Id="355">
<LocList>
<Loc EndOffset="416" SrcFileId="4" StartOffset="399"/>
</LocList>
<BasicStmnt CovItemId="S1" CovItemPrefix="my.PSM.PSM_Interface.MainMenu.java" Intrnl_Id="356">
<LocList>
<Loc EndOffset="416" SrcFileId="4" StartOffset="399"/>
</LocList>
</BasicStmnt>
</StmntSeq>
</HierarchyLvl>
<HierarchyLvl HierarchyLvlId="1064" HierarchyLvlTypeId="26" Intrnl_Id="357" Name="initComponents">
<Header>
<Loc EndOffset="769" SrcFileId="4" StartOffset="740"/>
</Header>
<LocList>
<Loc EndOffset="13514" SrcFileId="4" StartOffset="740"/>
</LocList>
<StmntSeq Intrnl_Id="358">
<LocList>
<Loc EndOffset="820" SrcFileId="4" StartOffset="785"/>
<Loc EndOffset="864" SrcFileId="4" StartOffset="829"/>
<Loc EndOffset="908" SrcFileId="4" StartOffset="873"/>
<Loc EndOffset="952" SrcFileId="4" StartOffset="917"/>
<Loc EndOffset="996" SrcFileId="4" StartOffset="961"/>
<Loc EndOffset="1040" SrcFileId="4" StartOffset="1005"/>
<Loc EndOffset="1086" SrcFileId="4" StartOffset="1049"/>
<Loc EndOffset="1132" SrcFileId="4" StartOffset="1095"/>
<Loc EndOffset="1178" SrcFileId="4" StartOffset="1141"/>
<Loc EndOffset="1222" SrcFileId="4" StartOffset="1187"/>
<Loc EndOffset="1266" SrcFileId="4" StartOffset="1231"/>
<Loc EndOffset="1312" SrcFileId="4" StartOffset="1275"/>
<Loc EndOffset="1358" SrcFileId="4" StartOffset="1321"/>
<Loc EndOffset="1402" SrcFileId="4" StartOffset="1367"/>
<Loc EndOffset="1448" SrcFileId="4" StartOffset="1411"/>
<Loc EndOffset="1494" SrcFileId="4" StartOffset="1457"/>
<Loc EndOffset="1540" SrcFileId="4" StartOffset="1503"/>
<Loc EndOffset="1586" SrcFileId="4" StartOffset="1549"/>
<Loc EndOffset="1670" SrcFileId="4" StartOffset="1596"/>
<Loc EndOffset="1705" SrcFileId="4" StartOffset="1679"/>
<Loc EndOffset="1766" SrcFileId="4" StartOffset="1715"/>
<Loc EndOffset="1818" SrcFileId="4" StartOffset="1775"/>
<Loc EndOffset="1879" SrcFileId="4" StartOffset="1828"/>
<Loc EndOffset="1920" SrcFileId="4" StartOffset="1888"/>
<Loc EndOffset="1981" SrcFileId="4" StartOffset="1930"/>
<Loc EndOffset="2045" SrcFileId="4" StartOffset="1990"/>
<Loc EndOffset="2106" SrcFileId="4" StartOffset="2055"/>
<Loc EndOffset="2169" SrcFileId="4" StartOffset="2115"/>
<Loc EndOffset="2230" SrcFileId="4" StartOffset="2179"/>
<Loc EndOffset="2275" SrcFileId="4" StartOffset="2239"/>
<Loc EndOffset="2542" SrcFileId="4" StartOffset="2285"/>
<Loc EndOffset="2604" SrcFileId="4" StartOffset="2552"/>
<Loc EndOffset="2652" SrcFileId="4" StartOffset="2613"/>
<Loc EndOffset="2714" SrcFileId="4" StartOffset="2662"/>
<Loc EndOffset="2754" SrcFileId="4" StartOffset="2723"/>
<Loc EndOffset="2816" SrcFileId="4" StartOffset="2764"/>
<Loc EndOffset="2862" SrcFileId="4" StartOffset="2825"/>
<Loc EndOffset="2965" SrcFileId="4" StartOffset="2872"/>
<Loc EndOffset="3007" SrcFileId="4" StartOffset="2974"/>
<Loc EndOffset="3820" SrcFileId="4" StartOffset="3016"/>
<Loc EndOffset="4351" SrcFileId="4" StartOffset="3829"/>
<Loc EndOffset="4412" SrcFileId="4" StartOffset="4361"/>
<Loc EndOffset="4459" SrcFileId="4" StartOffset="4421"/>
<Loc EndOffset="4721" SrcFileId="4" StartOffset="4469"/>
<Loc EndOffset="4783" SrcFileId="4" StartOffset="4731"/>
<Loc EndOffset="4821" SrcFileId="4" StartOffset="4792"/>
<Loc EndOffset="4857" SrcFileId="4" StartOffset="4830"/>
<Loc EndOffset="5060" SrcFileId="4" StartOffset="5058"/>
<Loc EndOffset="5122" SrcFileId="4" StartOffset="5070"/>
<Loc EndOffset="5158" SrcFileId="4" StartOffset="5131"/>
<Loc EndOffset="5261" SrcFileId="4" StartOffset="5168"/>
<Loc EndOffset="5303" SrcFileId="4" StartOffset="5270"/>
<Loc EndOffset="5826" SrcFileId="4" StartOffset="5312"/>
<Loc EndOffset="6284" SrcFileId="4" StartOffset="5835"/>
<Loc EndOffset="6558" SrcFileId="4" StartOffset="6294"/>
<Loc EndOffset="6620" SrcFileId="4" StartOffset="6568"/>
<Loc EndOffset="6668" SrcFileId="4" StartOffset="6629"/>
<Loc EndOffset="6704" SrcFileId="4" StartOffset="6677"/>
<Loc EndOffset="6907" SrcFileId="4" StartOffset="6905"/>
<Loc EndOffset="6969" SrcFileId="4" StartOffset="6917"/>
<Loc EndOffset="7012" SrcFileId="4" StartOffset="6978"/>
<Loc EndOffset="7048" SrcFileId="4" StartOffset="7021"/>
<Loc EndOffset="7251" SrcFileId="4" StartOffset="7249"/>
<Loc EndOffset="7313" SrcFileId="4" StartOffset="7261"/>
<Loc EndOffset="7358" SrcFileId="4" StartOffset="7322"/>
<Loc EndOffset="7394" SrcFileId="4" StartOffset="7367"/>
<Loc EndOffset="7597" SrcFileId="4" StartOffset="7595"/>
<Loc EndOffset="7700" SrcFileId="4" StartOffset="7607"/>
<Loc EndOffset="7742" SrcFileId="4" StartOffset="7709"/>
<Loc EndOffset="8496" SrcFileId="4" StartOffset="7751"/>
<Loc EndOffset="8987" SrcFileId="4" StartOffset="8505"/>
<Loc EndOffset="9049" SrcFileId="4" StartOffset="8997"/>
<Loc EndOffset="9085" SrcFileId="4" StartOffset="9058"/>
<Loc EndOffset="9121" SrcFileId="4" StartOffset="9094"/>
<Loc EndOffset="9324" SrcFileId="4" StartOffset="9322"/>
<Loc EndOffset="9429" SrcFileId="4" StartOffset="9334"/>
<Loc EndOffset="9473" SrcFileId="4" StartOffset="9438"/>
<Loc EndOffset="11331" SrcFileId="4" StartOffset="9482"/>
<Loc EndOffset="13491" SrcFileId="4" StartOffset="11340"/>
<Loc EndOffset="13508" SrcFileId="4" StartOffset="13501"/>
</LocList>
<BasicStmnt CovItemId="S2" CovItemPrefix="my.PSM.PSM_Interface.MainMenu.java" Intrnl_Id="359">
<LocList>
<Loc EndOffset="820" SrcFileId="4" StartOffset="785"/>
</LocList>
</BasicStmnt>
<BasicStmnt CovItemId="S3" CovItemPrefix="my.PSM.PSM_Interface.MainMenu.java" Intrnl_Id="360">
<LocList>
<Loc EndOffset="864" SrcFileId="4" StartOffset="829"/>
</LocList>
</BasicStmnt>
<BasicStmnt CovItemId="S4" CovItemPrefix="my.PSM.PSM_Interface.MainMenu.java" Intrnl_Id="361">
<LocList>
<Loc EndOffset="908" SrcFileId="4" StartOffset="873"/>
</LocList>
</BasicStmnt>
<BasicStmnt CovItemId="S5" CovItemPrefix="my.PSM.PSM_Interface.MainMenu.java" Intrnl_Id="362">
<LocList>
<Loc EndOffset="952" SrcFileId="4" StartOffset="917"/>
</LocList>
</BasicStmnt>
<BasicStmnt CovItemId="S6" CovItemPrefix="my.PSM.PSM_Interface.MainMenu.java" Intrnl_Id="363">
<LocList>
<Loc EndOffset="996" SrcFileId="4" StartOffset="961"/>
</LocList>
</BasicStmnt>
<BasicStmnt CovItemId="S7" CovItemPrefix="my.PSM.PSM_Interface.MainMenu.java" Intrnl_Id="364">
<LocList>
<Loc EndOffset="1040" SrcFileId="4" StartOffset="1005"/>
</LocList>
</BasicStmnt>
<BasicStmnt CovItemId="S8" CovItemPrefix="my.PSM.PSM_Interface.MainMenu.java" Intrnl_Id="365">
<LocList>
<Loc EndOffset="1086" SrcFileId="4" StartOffset="1049"/>
</LocList>
</BasicStmnt>
<BasicStmnt CovItemId="S9" CovItemPrefix="my.PSM.PSM_Interface.MainMenu.java" Intrnl_Id="366">
<LocList>
<Loc EndOffset="1132" SrcFileId="4" StartOffset="1095"/>
</LocList>
</BasicStmnt>
<BasicStmnt CovItemId="S10" CovItemPrefix="my.PSM.PSM_Interface.MainMenu.java" Intrnl_Id="367">
<LocList>
<Loc EndOffset="1178" SrcFileId="4" StartOffset="1141"/>
</LocList>
</BasicStmnt>
<BasicStmnt CovItemId="S11" CovItemPrefix="my.PSM.PSM_Interface.MainMenu.java" Intrnl_Id="368">
<LocList>
<Loc EndOffset="1222" SrcFileId="4" StartOffset="1187"/>
</LocList>
</BasicStmnt>
<BasicStmnt CovItemId="S12" CovItemPrefix="my.PSM.PSM_Interface.MainMenu.java" Intrnl_Id="369">
<LocList>
<Loc EndOffset="1266" SrcFileId="4" StartOffset="1231"/>
</LocList>
</BasicStmnt>
<BasicStmnt CovItemId="S13" CovItemPrefix="my.PSM.PSM_Interface.MainMenu.java" Intrnl_Id="370">
<LocList>
<Loc EndOffset="1312" SrcFileId="4" StartOffset="1275"/>
</LocList>
</BasicStmnt>
<BasicStmnt CovItemId="S14" CovItemPrefix="my.PSM.PSM_Interface.MainMenu.java" Intrnl_Id="371">
<LocList>
<Loc EndOffset="1358" SrcFileId="4" StartOffset="1321"/>
</LocList>
</BasicStmnt>
<BasicStmnt CovItemId="S15" CovItemPrefix="my.PSM.PSM_Interface.MainMenu.java" Intrnl_Id="372">
<LocList>
<Loc EndOffset="1402" SrcFileId="4" StartOffset="1367"/>
</LocList>
</BasicStmnt>
<BasicStmnt CovItemId="S16" CovItemPrefix="my.PSM.PSM_Interface.MainMenu.java" Intrnl_Id="373">
<LocList>
<Loc EndOffset="1448" SrcFileId="4" StartOffset="1411"/>
</LocList>
</BasicStmnt>
<BasicStmnt CovItemId="S17" CovItemPrefix="my.PSM.PSM_Interface.MainMenu.java" Intrnl_Id="374">
<LocList>
<Loc EndOffset="1494" SrcFileId="4" StartOffset="1457"/>
</LocList>
</BasicStmnt>
<BasicStmnt CovItemId="S18" CovItemPrefix="my.PSM.PSM_Interface.MainMenu.java" Intrnl_Id="375">
<LocList>
<Loc EndOffset="1540" SrcFileId="4" StartOffset="1503"/>
</LocList>
</BasicStmnt>
<BasicStmnt CovItemId="S19" CovItemPrefix="my.PSM.PSM_Interface.MainMenu.java" Intrnl_Id="376">
<LocList>
<Loc EndOffset="1586" SrcFileId="4" StartOffset="1549"/>
</LocList>
</BasicStmnt>
<BasicStmnt CovItemId="S20" CovItemPrefix="my.PSM.PSM_Interface.MainMenu.java" Intrnl_Id="377">
<LocList>
<Loc EndOffset="1670" SrcFileId="4" StartOffset="1596"/>
</LocList>
</BasicStmnt>
<BasicStmnt CovItemId="S21" CovItemPrefix="my.PSM.PSM_Interface.MainMenu.java" Intrnl_Id="378">
<LocList>
<Loc EndOffset="1705" SrcFileId="4" StartOffset="1679"/>
</LocList>
</BasicStmnt>
<BasicStmnt CovItemId="S22" CovItemPrefix="my.PSM.PSM_Interface.MainMenu.java" Intrnl_Id="379">
<LocList>
<Loc EndOffset="1766" SrcFileId="4" StartOffset="1715"/>
</LocList>
</BasicStmnt>
<BasicStmnt CovItemId="S23" CovItemPrefix="my.PSM.PSM_Interface.MainMenu.java" Intrnl_Id="380">
<LocList>
<Loc EndOffset="1818" SrcFileId="4" StartOffset="1775"/>
</LocList>
</BasicStmnt>
<BasicStmnt CovItemId="S24" CovItemPrefix="my.PSM.PSM_Interface.MainMenu.java" Intrnl_Id="381">
<LocList>
<Loc EndOffset="1879" SrcFileId="4" StartOffset="1828"/>
</LocList>
</BasicStmnt>
<BasicStmnt CovItemId="S25" CovItemPrefix="my.PSM.PSM_Interface.MainMenu.java" Intrnl_Id="382">
<LocList>
<Loc EndOffset="1920" SrcFileId="4" StartOffset="1888"/>
</LocList>
</BasicStmnt>
<BasicStmnt CovItemId="S26" CovItemPrefix="my.PSM.PSM_Interface.MainMenu.java" Intrnl_Id="383">
<LocList>
<Loc EndOffset="1981" SrcFileId="4" StartOffset="1930"/>
</LocList>
</BasicStmnt>
<BasicStmnt CovItemId="S27" CovItemPrefix="my.PSM.PSM_Interface.MainMenu.java" Intrnl_Id="384">
<LocList>
<Loc EndOffset="2045" SrcFileId="4" StartOffset="1990"/>
</LocList>
</BasicStmnt>
<BasicStmnt CovItemId="S28" CovItemPrefix="my.PSM.PSM_Interface.MainMenu.java" Intrnl_Id="385">
<LocList>
<Loc EndOffset="2106" SrcFileId="4" StartOffset="2055"/>
</LocList>
</BasicStmnt>
<BasicStmnt CovItemId="S29" CovItemPrefix="my.PSM.PSM_Interface.MainMenu.java" Intrnl_Id="386">
<LocList>
<Loc EndOffset="2169" SrcFileId="4" StartOffset="2115"/>
</LocList>
</BasicStmnt>
<BasicStmnt CovItemId="S30" CovItemPrefix="my.PSM.PSM_Interface.MainMenu.java" Intrnl_Id="387">
<LocList>
<Loc EndOffset="2230" SrcFileId="4" StartOffset="2179"/>
</LocList>
</BasicStmnt>
<BasicStmnt CovItemId="S31" CovItemPrefix="my.PSM.PSM_Interface.MainMenu.java" Intrnl_Id="388">
<LocList>
<Loc EndOffset="2275" SrcFileId="4" StartOffset="2239"/>
</LocList>
</BasicStmnt>
<BasicStmnt CovItemId="S32" CovItemPrefix="my.PSM.PSM_Interface.MainMenu.java" Intrnl_Id="389">
<LocList>
<Loc EndOffset="2542" SrcFileId="4" StartOffset="2285"/>
</LocList>
</BasicStmnt>
<BasicStmnt CovItemId="S33" CovItemPrefix="my.PSM.PSM_Interface.MainMenu.java" Intrnl_Id="390">
<LocList>
<Loc EndOffset="2604" SrcFileId="4" StartOffset="2552"/>
</LocList>
</BasicStmnt>
<BasicStmnt CovItemId="S34" CovItemPrefix="my.PSM.PSM_Interface.MainMenu.java" Intrnl_Id="391">
<LocList>
<Loc EndOffset="2652" SrcFileId="4" StartOffset="2613"/>
</LocList>
</BasicStmnt>
<BasicStmnt CovItemId="S35" CovItemPrefix="my.PSM.PSM_Interface.MainMenu.java" Intrnl_Id="392">
<LocList>
<Loc EndOffset="2714" SrcFileId="4" StartOffset="2662"/>
</LocList>
</BasicStmnt>
<BasicStmnt CovItemId="S36" CovItemPrefix="my.PSM.PSM_Interface.MainMenu.java" Intrnl_Id="393">
<LocList>
<Loc EndOffset="2754" SrcFileId="4" StartOffset="2723"/>
</LocList>
</BasicStmnt>
<BasicStmnt CovItemId="S37" CovItemPrefix="my.PSM.PSM_Interface.MainMenu.java" Intrnl_Id="394">
<LocList>
<Loc EndOffset="2816" SrcFileId="4" StartOffset="2764"/>
</LocList>
</BasicStmnt>
<BasicStmnt CovItemId="S38" CovItemPrefix="my.PSM.PSM_Interface.MainMenu.java" Intrnl_Id="395">
<LocList>
<Loc EndOffset="2862" SrcFileId="4" StartOffset="2825"/>
</LocList>
</BasicStmnt>
<BasicStmnt CovItemId="S39" CovItemPrefix="my.PSM.PSM_Interface.MainMenu.java" Intrnl_Id="396">
<LocList>
<Loc EndOffset="2965" SrcFileId="4" StartOffset="2872"/>
</LocList>
</BasicStmnt>
<BasicStmnt CovItemId="S40" CovItemPrefix="my.PSM.PSM_Interface.MainMenu.java" Intrnl_Id="397">
<LocList>
<Loc EndOffset="3007" SrcFileId="4" StartOffset="2974"/>
</LocList>
</BasicStmnt>
<BasicStmnt CovItemId="S41" CovItemPrefix="my.PSM.PSM_Interface.MainMenu.java" Intrnl_Id="398">
<LocList>
<Loc EndOffset="3820" SrcFileId="4" StartOffset="3016"/>
</LocList>
</BasicStmnt>
<BasicStmnt CovItemId="S42" CovItemPrefix="my.PSM.PSM_Interface.MainMenu.java" Intrnl_Id="399">
<LocList>
<Loc EndOffset="4351" SrcFileId="4" StartOffset="3829"/>
</LocList>
</BasicStmnt>
<BasicStmnt CovItemId="S43" CovItemPrefix="my.PSM.PSM_Interface.MainMenu.java" Intrnl_Id="400">
<LocList>
<Loc EndOffset="4412" SrcFileId="4" StartOffset="4361"/>
</LocList>
</BasicStmnt>
<BasicStmnt CovItemId="S44" CovItemPrefix="my.PSM.PSM_Interface.MainMenu.java" Intrnl_Id="401">
<LocList>
<Loc EndOffset="4459" SrcFileId="4" StartOffset="4421"/>
</LocList>
</BasicStmnt>
<BasicStmnt CovItemId="S45" CovItemPrefix="my.PSM.PSM_Interface.MainMenu.java" Intrnl_Id="402">
<LocList>
<Loc EndOffset="4721" SrcFileId="4" StartOffset="4469"/>
</LocList>
</BasicStmnt>
<BasicStmnt CovItemId="S46" CovItemPrefix="my.PSM.PSM_Interface.MainMenu.java" Intrnl_Id="403">
<LocList>
<Loc EndOffset="4783" SrcFileId="4" StartOffset="4731"/>
</LocList>
</BasicStmnt>
<BasicStmnt CovItemId="S47" CovItemPrefix="my.PSM.PSM_Interface.MainMenu.java" Intrnl_Id="404">
<LocList>
<Loc EndOffset="4821" SrcFileId="4" StartOffset="4792"/>
</LocList>
</BasicStmnt>
<BasicStmnt CovItemId="S48" CovItemPrefix="my.PSM.PSM_Interface.MainMenu.java" Intrnl_Id="405">
<LocList>
<Loc EndOffset="4857" SrcFileId="4" StartOffset="4830"/>
<Loc EndOffset="5060" SrcFileId="4" StartOffset="5058"/>
</LocList>
</BasicStmnt>
<BasicStmnt CovItemId="S50" CovItemPrefix="my.PSM.PSM_Interface.MainMenu.java" Intrnl_Id="406">
<LocList>
<Loc EndOffset="5122" SrcFileId="4" StartOffset="5070"/>
</LocList>
</BasicStmnt>
<BasicStmnt CovItemId="S51" CovItemPrefix="my.PSM.PSM_Interface.MainMenu.java" Intrnl_Id="407">
<LocList>
<Loc EndOffset="5158" SrcFileId="4" StartOffset="5131"/>
</LocList>
</BasicStmnt>
<BasicStmnt CovItemId="S52" CovItemPrefix="my.PSM.PSM_Interface.MainMenu.java" Intrnl_Id="408">
<LocList>
<Loc EndOffset="5261" SrcFileId="4" StartOffset="5168"/>
</LocList>
</BasicStmnt>
<BasicStmnt CovItemId="S53" CovItemPrefix="my.PSM.PSM_Interface.MainMenu.java" Intrnl_Id="409">
<LocList>
<Loc EndOffset="5303" SrcFileId="4" StartOffset="5270"/>
</LocList>
</BasicStmnt>
<BasicStmnt CovItemId="S54" CovItemPrefix="my.PSM.PSM_Interface.MainMenu.java" Intrnl_Id="410">
<LocList>
<Loc EndOffset="5826" SrcFileId="4" StartOffset="5312"/>
</LocList>
</BasicStmnt>
<BasicStmnt CovItemId="S55" CovItemPrefix="my.PSM.PSM_Interface.MainMenu.java" Intrnl_Id="411">
<LocList>
<Loc EndOffset="6284" SrcFileId="4" StartOffset="5835"/>
</LocList>
</BasicStmnt>
<BasicStmnt CovItemId="S56" CovItemPrefix="my.PSM.PSM_Interface.MainMenu.java" Intrnl_Id="412">
<LocList>
<Loc EndOffset="6558" SrcFileId="4" StartOffset="6294"/>
</LocList>
</BasicStmnt>
<BasicStmnt CovItemId="S57" CovItemPrefix="my.PSM.PSM_Interface.MainMenu.java" Intrnl_Id="413">
<LocList>
<Loc EndOffset="6620" SrcFileId="4" StartOffset="6568"/>
</LocList>
</BasicStmnt>
<BasicStmnt CovItemId="S58" CovItemPrefix="my.PSM.PSM_Interface.MainMenu.java" Intrnl_Id="414">
<LocList>
<Loc EndOffset="6668" SrcFileId="4" StartOffset="6629"/>
</LocList>
</BasicStmnt>
<BasicStmnt CovItemId="S59" CovItemPrefix="my.PSM.PSM_Interface.MainMenu.java" Intrnl_Id="415">
<LocList>
<Loc EndOffset="6704" SrcFileId="4" StartOffset="6677"/>
<Loc EndOffset="6907" SrcFileId="4" StartOffset="6905"/>
</LocList>
</BasicStmnt>
<BasicStmnt CovItemId="S61" CovItemPrefix="my.PSM.PSM_Interface.MainMenu.java" Intrnl_Id="416">
<LocList>
<Loc EndOffset="6969" SrcFileId="4" StartOffset="6917"/>
</LocList>
</BasicStmnt>
<BasicStmnt CovItemId="S62" CovItemPrefix="my.PSM.PSM_Interface.MainMenu.java" Intrnl_Id="417">
<LocList>
<Loc EndOffset="7012" SrcFileId="4" StartOffset="6978"/>
</LocList>
</BasicStmnt>
<BasicStmnt CovItemId="S63" CovItemPrefix="my.PSM.PSM_Interface.MainMenu.java" Intrnl_Id="418">
<LocList>
<Loc EndOffset="7048" SrcFileId="4" StartOffset="7021"/>
<Loc EndOffset="7251" SrcFileId="4" StartOffset="7249"/>
</LocList>
</BasicStmnt>
<BasicStmnt CovItemId="S65" CovItemPrefix="my.PSM.PSM_Interface.MainMenu.java" Intrnl_Id="419">
<LocList>
<Loc EndOffset="7313" SrcFileId="4" StartOffset="7261"/>
</LocList>
</BasicStmnt>
<BasicStmnt CovItemId="S66" CovItemPrefix="my.PSM.PSM_Interface.MainMenu.java" Intrnl_Id="420">
<LocList>
<Loc EndOffset="7358" SrcFileId="4" StartOffset="7322"/>
</LocList>
</BasicStmnt>
<BasicStmnt CovItemId="S67" CovItemPrefix="my.PSM.PSM_Interface.MainMenu.java" Intrnl_Id="421">
<LocList>
<Loc EndOffset="7394" SrcFileId="4" StartOffset="7367"/>
<Loc EndOffset="7597" SrcFileId="4" StartOffset="7595"/>
</LocList>
</BasicStmnt>
<BasicStmnt CovItemId="S69" CovItemPrefix="my.PSM.PSM_Interface.MainMenu.java" Intrnl_Id="422">
<LocList>
<Loc EndOffset="7700" SrcFileId="4" StartOffset="7607"/>
</LocList>
</BasicStmnt>
<BasicStmnt CovItemId="S70" CovItemPrefix="my.PSM.PSM_Interface.MainMenu.java" Intrnl_Id="423">
<LocList>
<Loc EndOffset="7742" SrcFileId="4" StartOffset="7709"/>
</LocList>
</BasicStmnt>
<BasicStmnt CovItemId="S71" CovItemPrefix="my.PSM.PSM_Interface.MainMenu.java" Intrnl_Id="424">
<LocList>
<Loc EndOffset="8496" SrcFileId="4" StartOffset="7751"/>
</LocList>
</BasicStmnt>
<BasicStmnt CovItemId="S72" CovItemPrefix="my.PSM.PSM_Interface.MainMenu.java" Intrnl_Id="425">
<LocList>
<Loc EndOffset="8987" SrcFileId="4" StartOffset="8505"/>
</LocList>
</BasicStmnt>
<BasicStmnt CovItemId="S73" CovItemPrefix="my.PSM.PSM_Interface.MainMenu.java" Intrnl_Id="426">
<LocList>
<Loc EndOffset="9049" SrcFileId="4" StartOffset="8997"/>
</LocList>
</BasicStmnt>
<BasicStmnt CovItemId="S74" CovItemPrefix="my.PSM.PSM_Interface.MainMenu.java" Intrnl_Id="427">
<LocList>
<Loc EndOffset="9085" SrcFileId="4" StartOffset="9058"/>
</LocList>
</BasicStmnt>
<BasicStmnt CovItemId="S75" CovItemPrefix="my.PSM.PSM_Interface.MainMenu.java" Intrnl_Id="428">
<LocList>
<Loc EndOffset="9121" SrcFileId="4" StartOffset="9094"/>
<Loc EndOffset="9324" SrcFileId="4" StartOffset="9322"/>
</LocList>
</BasicStmnt>
<BasicStmnt CovItemId="S77" CovItemPrefix="my.PSM.PSM_Interface.MainMenu.java" Intrnl_Id="429">
<LocList>
<Loc EndOffset="9429" SrcFileId="4" StartOffset="9334"/>
</LocList>
</BasicStmnt>
<BasicStmnt CovItemId="S78" CovItemPrefix="my.PSM.PSM_Interface.MainMenu.java" Intrnl_Id="430">
<LocList>
<Loc EndOffset="9473" SrcFileId="4" StartOffset="9438"/>
</LocList>
</BasicStmnt>
<BasicStmnt CovItemId="S79" CovItemPrefix="my.PSM.PSM_Interface.MainMenu.java" Intrnl_Id="431">
<LocList>
<Loc EndOffset="11331" SrcFileId="4" StartOffset="9482"/>
</LocList>
</BasicStmnt>
<BasicStmnt CovItemId="S80" CovItemPrefix="my.PSM.PSM_Interface.MainMenu.java" Intrnl_Id="432">
<LocList>
<Loc EndOffset="13491" SrcFileId="4" StartOffset="11340"/>
</LocList>
</BasicStmnt>
<BasicStmnt CovItemId="S81" CovItemPrefix="my.PSM.PSM_Interface.MainMenu.java" Intrnl_Id="433">
<LocList>
<Loc EndOffset="13508" SrcFileId="4" StartOffset="13501"/>
</LocList>
</BasicStmnt>
</StmntSeq>
<HierarchyLvl HierarchyLvlId="1055" HierarchyLvlTypeId="28" Intrnl_Id="434" Name="java.awt.event.ActionListener">
<Header>
<Loc EndOffset="4892" SrcFileId="4" StartOffset="4861"/>
</Header>
<LocList>
<Loc EndOffset="5058" SrcFileId="4" StartOffset="4857"/>
</LocList>
<HierarchyLvl HierarchyLvlId="1054" HierarchyLvlTypeId="26" Intrnl_Id="435" Name="actionPerformed">
<Header>
<Loc EndOffset="4974" SrcFileId="4" StartOffset="4915"/>
</Header>
<LocList>
<Loc EndOffset="5048" SrcFileId="4" StartOffset="4915"/>
</LocList>
<StmntSeq Intrnl_Id="436">
<LocList>
<Loc EndOffset="5034" SrcFileId="4" StartOffset="5005"/>
</LocList>
<BasicStmnt CovItemId="S49" CovItemPrefix="my.PSM.PSM_Interface.MainMenu.java" Intrnl_Id="437">
<LocList>
<Loc EndOffset="5034" SrcFileId="4" StartOffset="5005"/>
</LocList>
</BasicStmnt>
</StmntSeq>
</HierarchyLvl>
</HierarchyLvl>
<HierarchyLvl HierarchyLvlId="1057" HierarchyLvlTypeId="28" Intrnl_Id="438" Name="java.awt.event.ActionListener">
<Header>
<Loc EndOffset="6739" SrcFileId="4" StartOffset="6708"/>
</Header>
<LocList>
<Loc EndOffset="6905" SrcFileId="4" StartOffset="6704"/>
</LocList>
<HierarchyLvl HierarchyLvlId="1056" HierarchyLvlTypeId="26" Intrnl_Id="439" Name="actionPerformed">
<Header>
<Loc EndOffset="6821" SrcFileId="4" StartOffset="6762"/>
</Header>
<LocList>
<Loc EndOffset="6895" SrcFileId="4" StartOffset="6762"/>
</LocList>
<StmntSeq Intrnl_Id="440">
<LocList>
<Loc EndOffset="6881" SrcFileId="4" StartOffset="6852"/>
</LocList>
<BasicStmnt CovItemId="S60" CovItemPrefix="my.PSM.PSM_Interface.MainMenu.java" Intrnl_Id="441">
<LocList>
<Loc EndOffset="6881" SrcFileId="4" StartOffset="6852"/>
</LocList>
</BasicStmnt>
</StmntSeq>
</HierarchyLvl>
</HierarchyLvl>
<HierarchyLvl HierarchyLvlId="1059" HierarchyLvlTypeId="28" Intrnl_Id="442" Name="java.awt.event.ActionListener">
<Header>
<Loc EndOffset="7083" SrcFileId="4" StartOffset="7052"/>
</Header>
<LocList>
<Loc EndOffset="7249" SrcFileId="4" StartOffset="7048"/>
</LocList>
<HierarchyLvl HierarchyLvlId="1058" HierarchyLvlTypeId="26" Intrnl_Id="443" Name="actionPerformed">
<Header>
<Loc EndOffset="7165" SrcFileId="4" StartOffset="7106"/>
</Header>
<LocList>
<Loc EndOffset="7239" SrcFileId="4" StartOffset="7106"/>
</LocList>
<StmntSeq Intrnl_Id="444">
<LocList>
<Loc EndOffset="7225" SrcFileId="4" StartOffset="7196"/>
</LocList>
<BasicStmnt CovItemId="S64" CovItemPrefix="my.PSM.PSM_Interface.MainMenu.java" Intrnl_Id="445">
<LocList>
<Loc EndOffset="7225" SrcFileId="4" StartOffset="7196"/>
</LocList>
</BasicStmnt>
</StmntSeq>
</HierarchyLvl>
</HierarchyLvl>
<HierarchyLvl HierarchyLvlId="1061" HierarchyLvlTypeId="28" Intrnl_Id="446" Name="java.awt.event.ActionListener">
<Header>
<Loc EndOffset="7429" SrcFileId="4" StartOffset="7398"/>
</Header>
<LocList>
<Loc EndOffset="7595" SrcFileId="4" StartOffset="7394"/>
</LocList>
<HierarchyLvl HierarchyLvlId="1060" HierarchyLvlTypeId="26" Intrnl_Id="447" Name="actionPerformed">
<Header>
<Loc EndOffset="7511" SrcFileId="4" StartOffset="7452"/>
</Header>
<LocList>
<Loc EndOffset="7585" SrcFileId="4" StartOffset="7452"/>
</LocList>
<StmntSeq Intrnl_Id="448">
<LocList>
<Loc EndOffset="7571" SrcFileId="4" StartOffset="7542"/>
</LocList>
<BasicStmnt CovItemId="S68" CovItemPrefix="my.PSM.PSM_Interface.MainMenu.java" Intrnl_Id="449">
<LocList>
<Loc EndOffset="7571" SrcFileId="4" StartOffset="7542"/>
</LocList>
</BasicStmnt>
</StmntSeq>
</HierarchyLvl>
</HierarchyLvl>
<HierarchyLvl HierarchyLvlId="1063" HierarchyLvlTypeId="28" Intrnl_Id="450" Name="java.awt.event.ActionListener">
<Header>
<Loc EndOffset="9156" SrcFileId="4" StartOffset="9125"/>
</Header>
<LocList>
<Loc EndOffset="9322" SrcFileId="4" StartOffset="9121"/>
</LocList>
<HierarchyLvl HierarchyLvlId="1062" HierarchyLvlTypeId="26" Intrnl_Id="451" Name="actionPerformed">
<Header>
<Loc EndOffset="9238" SrcFileId="4" StartOffset="9179"/>
</Header>
<LocList>
<Loc EndOffset="9312" SrcFileId="4" StartOffset="9179"/>
</LocList>
<StmntSeq Intrnl_Id="452">
<LocList>
<Loc EndOffset="9298" SrcFileId="4" StartOffset="9269"/>
</LocList>
<BasicStmnt CovItemId="S76" CovItemPrefix="my.PSM.PSM_Interface.MainMenu.java" Intrnl_Id="453">
<LocList>
<Loc EndOffset="9298" SrcFileId="4" StartOffset="9269"/>
</LocList>
</BasicStmnt>
</StmntSeq>
</HierarchyLvl>
</HierarchyLvl>
</HierarchyLvl>
<HierarchyLvl HierarchyLvlId="1065" HierarchyLvlTypeId="26" Intrnl_Id="454" Name="jButton7ActionPerformed">
<Header>
<Loc EndOffset="13629" SrcFileId="4" StartOffset="13561"/>
</Header>
<LocList>
<Loc EndOffset="13723" SrcFileId="4" StartOffset="13561"/>
</LocList>
</HierarchyLvl>
<HierarchyLvl HierarchyLvlId="1066" HierarchyLvlTypeId="26" Intrnl_Id="455" Name="jButton1ActionPerformed">
<Header>
<Loc EndOffset="13837" SrcFileId="4" StartOffset="13769"/>
</Header>
<LocList>
<Loc EndOffset="13936" SrcFileId="4" StartOffset="13769"/>
</LocList>
<StmntSeq Intrnl_Id="456">
<LocList>
<Loc EndOffset="13906" SrcFileId="4" StartOffset="13889"/>
<Loc EndOffset="13930" SrcFileId="4" StartOffset="13915"/>
</LocList>
<BasicStmnt CovItemId="S82" CovItemPrefix="my.PSM.PSM_Interface.MainMenu.java" Intrnl_Id="457">
<LocList>
<Loc EndOffset="13906" SrcFileId="4" StartOffset="13889"/>
</LocList>
</BasicStmnt>
<BasicStmnt CovItemId="S83" CovItemPrefix="my.PSM.PSM_Interface.MainMenu.java" Intrnl_Id="458">
<LocList>
<Loc EndOffset="13930" SrcFileId="4" StartOffset="13915"/>
</LocList>
</BasicStmnt>
</StmntSeq>
</HierarchyLvl>
<HierarchyLvl HierarchyLvlId="1067" HierarchyLvlTypeId="26" Intrnl_Id="459" Name="jButton2ActionPerformed">
<Header>
<Loc EndOffset="14050" SrcFileId="4" StartOffset="13982"/>
</Header>
<LocList>
<Loc EndOffset="14149" SrcFileId="4" StartOffset="13982"/>
</LocList>
<StmntSeq Intrnl_Id="460">
<LocList>
<Loc EndOffset="14119" SrcFileId="4" StartOffset="14102"/>
<Loc EndOffset="14143" SrcFileId="4" StartOffset="14128"/>
</LocList>
<BasicStmnt CovItemId="S84" CovItemPrefix="my.PSM.PSM_Interface.MainMenu.java" Intrnl_Id="461">
<LocList>
<Loc EndOffset="14119" SrcFileId="4" StartOffset="14102"/>
</LocList>
</BasicStmnt>
<BasicStmnt CovItemId="S85" CovItemPrefix="my.PSM.PSM_Interface.MainMenu.java" Intrnl_Id="462">
<LocList>
<Loc EndOffset="14143" SrcFileId="4" StartOffset="14128"/>
</LocList>
</BasicStmnt>
</StmntSeq>
</HierarchyLvl>
<HierarchyLvl HierarchyLvlId="1068" HierarchyLvlTypeId="26" Intrnl_Id="463" Name="jButton9ActionPerformed">
<Header>
<Loc EndOffset="14263" SrcFileId="4" StartOffset="14195"/>
</Header>
<LocList>
<Loc EndOffset="14394" SrcFileId="4" StartOffset="14195"/>
</LocList>
<StmntSeq Intrnl_Id="464">
<LocList>
<Loc EndOffset="14364" SrcFileId="4" StartOffset="14350"/>
<Loc EndOffset="14388" SrcFileId="4" StartOffset="14373"/>
</LocList>
<BasicStmnt CovItemId="S86" CovItemPrefix="my.PSM.PSM_Interface.MainMenu.java" Intrnl_Id="465">
<LocList>
<Loc EndOffset="14364" SrcFileId="4" StartOffset="14350"/>
</LocList>
</BasicStmnt>
<BasicStmnt CovItemId="S87" CovItemPrefix="my.PSM.PSM_Interface.MainMenu.java" Intrnl_Id="466">
<LocList>
<Loc EndOffset="14388" SrcFileId="4" StartOffset="14373"/>
</LocList>
</BasicStmnt>
</StmntSeq>
</HierarchyLvl>
<HierarchyLvl HierarchyLvlId="1069" HierarchyLvlTypeId="26" Intrnl_Id="467" Name="jButton3ActionPerformed">
<Header>
<Loc EndOffset="14508" SrcFileId="4" StartOffset="14440"/>
</Header>
<LocList>
<Loc EndOffset="14651" SrcFileId="4" StartOffset="14440"/>
</LocList>
</HierarchyLvl>
<HierarchyLvl HierarchyLvlId="1072" HierarchyLvlTypeId="26" Intrnl_Id="468" Name="launchForm">
<Header>
<Loc EndOffset="14787" SrcFileId="4" StartOffset="14763"/>
</Header>
<LocList>
<Loc EndOffset="14959" SrcFileId="4" StartOffset="14763"/>
</LocList>
<StmntSeq Intrnl_Id="469">
<LocList>
<Loc EndOffset="14830" SrcFileId="4" StartOffset="14798"/>
<Loc EndOffset="14953" SrcFileId="4" StartOffset="14951"/>
</LocList>
<BasicStmnt CovItemId="S88" CovItemPrefix="my.PSM.PSM_Interface.MainMenu.java" Intrnl_Id="470">
<LocList>
<Loc EndOffset="14830" SrcFileId="4" StartOffset="14798"/>
<Loc EndOffset="14953" SrcFileId="4" StartOffset="14951"/>
</LocList>
</BasicStmnt>
</StmntSeq>
<HierarchyLvl HierarchyLvlId="1071" HierarchyLvlTypeId="28" Intrnl_Id="471" Name="Runnable">
<Header>
<Loc EndOffset="14844" SrcFileId="4" StartOffset="14834"/>
</Header>
<LocList>
<Loc EndOffset="14951" SrcFileId="4" StartOffset="14830"/>
</LocList>
<HierarchyLvl HierarchyLvlId="1070" HierarchyLvlTypeId="26" Intrnl_Id="472" Name="run">
<Header>
<Loc EndOffset="14876" SrcFileId="4" StartOffset="14859"/>
</Header>
<LocList>
<Loc EndOffset="14941" SrcFileId="4" StartOffset="14859"/>
</LocList>
<StmntSeq Intrnl_Id="473">
<LocList>
<Loc EndOffset="14927" SrcFileId="4" StartOffset="14895"/>
</LocList>
<BasicStmnt CovItemId="S89" CovItemPrefix="my.PSM.PSM_Interface.MainMenu.java" Intrnl_Id="474">
<LocList>
<Loc EndOffset="14927" SrcFileId="4" StartOffset="14895"/>
</LocList>
</BasicStmnt>
</StmntSeq>
</HierarchyLvl>
</HierarchyLvl>
</HierarchyLvl>
<HierarchyLvl HierarchyLvlId="1073" HierarchyLvlTypeId="26" Intrnl_Id="475" Name="setdataRec">
<Header>
<Loc EndOffset="15010" SrcFileId="4" StartOffset="14969"/>
</Header>
<LocList>
<Loc EndOffset="15051" SrcFileId="4" StartOffset="14969"/>
</LocList>
<StmntSeq Intrnl_Id="476">
<LocList>
<Loc EndOffset="15045" SrcFileId="4" StartOffset="15025"/>
</LocList>
<BasicStmnt CovItemId="S90" CovItemPrefix="my.PSM.PSM_Interface.MainMenu.java" Intrnl_Id="477">
<LocList>
<Loc EndOffset="15045" SrcFileId="4" StartOffset="15025"/>
</LocList>
</BasicStmnt>
</StmntSeq>
</HierarchyLvl>
<HierarchyLvl HierarchyLvlId="1074" HierarchyLvlTypeId="26" Intrnl_Id="478" Name="dataRec">
<Header>
<Loc EndOffset="15080" SrcFileId="4" StartOffset="15056"/>
</Header>
<LocList>
<Loc EndOffset="15116" SrcFileId="4" StartOffset="15056"/>
</LocList>
<StmntSeq Intrnl_Id="479">
<LocList>
<Loc EndOffset="15110" SrcFileId="4" StartOffset="15095"/>
</LocList>
<BasicStmnt CovItemId="S91" CovItemPrefix="my.PSM.PSM_Interface.MainMenu.java" Intrnl_Id="480">
<LocList>
<Loc EndOffset="15110" SrcFileId="4" StartOffset="15095"/>
</LocList>
</BasicStmnt>
</StmntSeq>
</HierarchyLvl>
<HierarchyLvl HierarchyLvlId="1075" HierarchyLvlTypeId="26" Intrnl_Id="481" Name="logoutSelected">
<Header>
<Loc EndOffset="15157" SrcFileId="4" StartOffset="15126"/>
</Header>
<LocList>
<Loc EndOffset="15192" SrcFileId="4" StartOffset="15126"/>
</LocList>
<StmntSeq Intrnl_Id="482">
<LocList>
<Loc EndOffset="15186" SrcFileId="4" StartOffset="15172"/>
</LocList>
<BasicStmnt CovItemId="S92" CovItemPrefix="my.PSM.PSM_Interface.MainMenu.java" Intrnl_Id="483">
<LocList>
<Loc EndOffset="15186" SrcFileId="4" StartOffset="15172"/>
</LocList>
</BasicStmnt>
</StmntSeq>
</HierarchyLvl>
<HierarchyLvl HierarchyLvlId="1076" HierarchyLvlTypeId="26" Intrnl_Id="484" Name="InitSetupSelected">
<Header>
<Loc EndOffset="15236" SrcFileId="4" StartOffset="15202"/>
</Header>
<LocList>
<Loc EndOffset="15274" SrcFileId="4" StartOffset="15202"/>
</LocList>
<StmntSeq Intrnl_Id="485">
<LocList>
<Loc EndOffset="15268" SrcFileId="4" StartOffset="15251"/>
</LocList>
<BasicStmnt CovItemId="S93" CovItemPrefix="my.PSM.PSM_Interface.MainMenu.java" Intrnl_Id="486">
<LocList>
<Loc EndOffset="15268" SrcFileId="4" StartOffset="15251"/>
</LocList>
</BasicStmnt>
</StmntSeq>
</HierarchyLvl>
<HierarchyLvl HierarchyLvlId="1077" HierarchyLvlTypeId="26" Intrnl_Id="487" Name="editSchedSelected">
<Header>
<Loc EndOffset="15318" SrcFileId="4" StartOffset="15284"/>
</Header>
<LocList>
<Loc EndOffset="15356" SrcFileId="4" StartOffset="15284"/>
</LocList>
<StmntSeq Intrnl_Id="488">
<LocList>
<Loc EndOffset="15350" SrcFileId="4" StartOffset="15333"/>
</LocList>
<BasicStmnt CovItemId="S94" CovItemPrefix="my.PSM.PSM_Interface.MainMenu.java" Intrnl_Id="489">
<LocList>
<Loc EndOffset="15350" SrcFileId="4" StartOffset="15333"/>
</LocList>
</BasicStmnt>
</StmntSeq>
</HierarchyLvl>
</HierarchyLvl>
<HierarchyLvl HierarchyLvlId="1093" HierarchyLvlTypeId="25" Intrnl_Id="490" Name="Messages">
<Header>
<Loc EndOffset="173" SrcFileId="5" StartOffset="125"/>
</Header>
<LocList>
<Loc EndOffset="5176" SrcFileId="5" StartOffset="125"/>
</LocList>
<StmntSeq Intrnl_Id="491">
<LocList>
<Loc EndOffset="209" SrcFileId="5" StartOffset="180"/>
</LocList>
<BasicStmnt CovItemId="S1" CovItemPrefix="my.PSM.PSM_Interface.Messages.java" Intrnl_Id="492">
<LocList>
<Loc EndOffset="209" SrcFileId="5" StartOffset="180"/>
</LocList>
</BasicStmnt>
</StmntSeq>
<HierarchyLvl HierarchyLvlId="1079" HierarchyLvlTypeId="26" Intrnl_Id="493" Name="Messages">
<Header>
<Loc EndOffset="415" SrcFileId="5" StartOffset="398"/>
</Header>
<LocList>
<Loc EndOffset="449" SrcFileId="5" StartOffset="398"/>
</LocList>
<StmntSeq Intrnl_Id="494">
<LocList>
<Loc EndOffset="443" SrcFileId="5" StartOffset="426"/>
</LocList>
<BasicStmnt CovItemId="S2" CovItemPrefix="my.PSM.PSM_Interface.Messages.java" Intrnl_Id="495">
<LocList>
<Loc EndOffset="443" SrcFileId="5" StartOffset="426"/>
</LocList>
</BasicStmnt>
</StmntSeq>
</HierarchyLvl>
<HierarchyLvl HierarchyLvlId="1080" HierarchyLvlTypeId="26" Intrnl_Id="496" Name="lockedOut">
<Header>
<Loc EndOffset="481" SrcFileId="5" StartOffset="458"/>
</Header>
<LocList>
<Loc EndOffset="589" SrcFileId="5" StartOffset="458"/>
</LocList>
<StmntSeq Intrnl_Id="497">
<LocList>
<Loc EndOffset="534" SrcFileId="5" StartOffset="496"/>
<Loc EndOffset="560" SrcFileId="5" StartOffset="543"/>
<Loc EndOffset="583" SrcFileId="5" StartOffset="569"/>
</LocList>
<BasicStmnt CovItemId="S3" CovItemPrefix="my.PSM.PSM_Interface.Messages.java" Intrnl_Id="498">
<LocList>
<Loc EndOffset="534" SrcFileId="5" StartOffset="496"/>
</LocList>
</BasicStmnt>
<BasicStmnt CovItemId="S4" CovItemPrefix="my.PSM.PSM_Interface.Messages.java" Intrnl_Id="499">
<LocList>
<Loc EndOffset="560" SrcFileId="5" StartOffset="543"/>
</LocList>
</BasicStmnt>
<BasicStmnt CovItemId="S5" CovItemPrefix="my.PSM.PSM_Interface.Messages.java" Intrnl_Id="500">
<LocList>
<Loc EndOffset="583" SrcFileId="5" StartOffset="569"/>
</LocList>
</BasicStmnt>
</StmntSeq>
</HierarchyLvl>
<HierarchyLvl HierarchyLvlId="1081" HierarchyLvlTypeId="26" Intrnl_Id="501" Name="incorrectLogin">
<Header>
<Loc EndOffset="622" SrcFileId="5" StartOffset="594"/>
</Header>
<LocList>
<Loc EndOffset="731" SrcFileId="5" StartOffset="594"/>
</LocList>
<StmntSeq Intrnl_Id="502">
<LocList>
<Loc EndOffset="659" SrcFileId="5" StartOffset="637"/>
<Loc EndOffset="702" SrcFileId="5" StartOffset="668"/>
<Loc EndOffset="725" SrcFileId="5" StartOffset="711"/>
</LocList>
<BasicStmnt CovItemId="S6" CovItemPrefix="my.PSM.PSM_Interface.Messages.java" Intrnl_Id="503">
<LocList>
<Loc EndOffset="659" SrcFileId="5" StartOffset="637"/>
</LocList>
</BasicStmnt>
<BasicStmnt CovItemId="S7" CovItemPrefix="my.PSM.PSM_Interface.Messages.java" Intrnl_Id="504">
<LocList>
<Loc EndOffset="702" SrcFileId="5" StartOffset="668"/>
</LocList>
</BasicStmnt>
<BasicStmnt CovItemId="S8" CovItemPrefix="my.PSM.PSM_Interface.Messages.java" Intrnl_Id="505">
<LocList>
<Loc EndOffset="725" SrcFileId="5" StartOffset="711"/>
</LocList>
</BasicStmnt>
</StmntSeq>
</HierarchyLvl>
<HierarchyLvl HierarchyLvlId="1082" HierarchyLvlTypeId="26" Intrnl_Id="506" Name="FifteenMinWarning">
<Header>
<Loc EndOffset="767" SrcFileId="5" StartOffset="736"/>
</Header>
<LocList>
<Loc EndOffset="833" SrcFileId="5" StartOffset="736"/>
</LocList>
<StmntSeq Intrnl_Id="507">
<LocList>
<Loc EndOffset="804" SrcFileId="5" StartOffset="782"/>
<Loc EndOffset="827" SrcFileId="5" StartOffset="813"/>
</LocList>
<BasicStmnt CovItemId="S9" CovItemPrefix="my.PSM.PSM_Interface.Messages.java" Intrnl_Id="508">
<LocList>
<Loc EndOffset="804" SrcFileId="5" StartOffset="782"/>
</LocList>
</BasicStmnt>
<BasicStmnt CovItemId="S10" CovItemPrefix="my.PSM.PSM_Interface.Messages.java" Intrnl_Id="509">
<LocList>
<Loc EndOffset="827" SrcFileId="5" StartOffset="813"/>
</LocList>
</BasicStmnt>
</StmntSeq>
</HierarchyLvl>
<HierarchyLvl HierarchyLvlId="1083" HierarchyLvlTypeId="26" Intrnl_Id="510" Name="FiveMinWarning">
<Header>
<Loc EndOffset="867" SrcFileId="5" StartOffset="839"/>
</Header>
<LocList>
<Loc EndOffset="932" SrcFileId="5" StartOffset="839"/>
</LocList>
<StmntSeq Intrnl_Id="511">
<LocList>
<Loc EndOffset="903" SrcFileId="5" StartOffset="882"/>
<Loc EndOffset="926" SrcFileId="5" StartOffset="912"/>
</LocList>
<BasicStmnt CovItemId="S11" CovItemPrefix="my.PSM.PSM_Interface.Messages.java" Intrnl_Id="512">
<LocList>
<Loc EndOffset="903" SrcFileId="5" StartOffset="882"/>
</LocList>
</BasicStmnt>
<BasicStmnt CovItemId="S12" CovItemPrefix="my.PSM.PSM_Interface.Messages.java" Intrnl_Id="513">
<LocList>
<Loc EndOffset="926" SrcFileId="5" StartOffset="912"/>
</LocList>
</BasicStmnt>
</StmntSeq>
</HierarchyLvl>
<HierarchyLvl HierarchyLvlId="1084" HierarchyLvlTypeId="26" Intrnl_Id="514" Name="endClassWarning">
<Header>
<Loc EndOffset="971" SrcFileId="5" StartOffset="942"/>
</Header>
<LocList>
<Loc EndOffset="1060" SrcFileId="5" StartOffset="942"/>
</LocList>
<StmntSeq Intrnl_Id="515">
<LocList>
<Loc EndOffset="1013" SrcFileId="5" StartOffset="986"/>
<Loc EndOffset="1036" SrcFileId="5" StartOffset="1022"/>
</LocList>
<BasicStmnt CovItemId="S13" CovItemPrefix="my.PSM.PSM_Interface.Messages.java" Intrnl_Id="516">
<LocList>
<Loc EndOffset="1013" SrcFileId="5" StartOffset="986"/>
</LocList>
</BasicStmnt>
<BasicStmnt CovItemId="S14" CovItemPrefix="my.PSM.PSM_Interface.Messages.java" Intrnl_Id="517">
<LocList>
<Loc EndOffset="1036" SrcFileId="5" StartOffset="1022"/>
</LocList>
</BasicStmnt>
</StmntSeq>
</HierarchyLvl>
<HierarchyLvl HierarchyLvlId="1085" HierarchyLvlTypeId="26" Intrnl_Id="518" Name="logoutConfirmation">
<Header>
<Loc EndOffset="1102" SrcFileId="5" StartOffset="1070"/>
</Header>
<LocList>
<Loc EndOffset="1208" SrcFileId="5" StartOffset="1070"/>
</LocList>
<StmntSeq Intrnl_Id="519">
<LocList>
<Loc EndOffset="1156" SrcFileId="5" StartOffset="1117"/>
<Loc EndOffset="1179" SrcFileId="5" StartOffset="1165"/>
<Loc EndOffset="1202" SrcFileId="5" StartOffset="1188"/>
</LocList>
<BasicStmnt CovItemId="S15" CovItemPrefix="my.PSM.PSM_Interface.Messages.java" Intrnl_Id="520">
<LocList>
<Loc EndOffset="1156" SrcFileId="5" StartOffset="1117"/>
</LocList>
</BasicStmnt>
<BasicStmnt CovItemId="S16" CovItemPrefix="my.PSM.PSM_Interface.Messages.java" Intrnl_Id="521">
<LocList>
<Loc EndOffset="1179" SrcFileId="5" StartOffset="1165"/>
</LocList>
</BasicStmnt>
<BasicStmnt CovItemId="S17" CovItemPrefix="my.PSM.PSM_Interface.Messages.java" Intrnl_Id="522">
<LocList>
<Loc EndOffset="1202" SrcFileId="5" StartOffset="1188"/>
</LocList>
</BasicStmnt>
</StmntSeq>
</HierarchyLvl>
<HierarchyLvl HierarchyLvlId="1088" HierarchyLvlTypeId="26" Intrnl_Id="523" Name="initComponents">
<Header>
<Loc EndOffset="1550" SrcFileId="5" StartOffset="1521"/>
</Header>
<LocList>
<Loc EndOffset="4202" SrcFileId="5" StartOffset="1521"/>
</LocList>
<StmntSeq Intrnl_Id="524">
<LocList>
<Loc EndOffset="1597" SrcFileId="5" StartOffset="1562"/>
<Loc EndOffset="1643" SrcFileId="5" StartOffset="1606"/>
<Loc EndOffset="1721" SrcFileId="5" StartOffset="1653"/>
<Loc EndOffset="1757" SrcFileId="5" StartOffset="1730"/>
<Loc EndOffset="1819" SrcFileId="5" StartOffset="1767"/>
<Loc EndOffset="1894" SrcFileId="5" StartOffset="1828"/>
<Loc EndOffset="1922" SrcFileId="5" StartOffset="1903"/>
<Loc EndOffset="2171" SrcFileId="5" StartOffset="1931"/>
<Loc EndOffset="2237" SrcFileId="5" StartOffset="2180"/>
<Loc EndOffset="2302" SrcFileId="5" StartOffset="2246"/>
<Loc EndOffset="2338" SrcFileId="5" StartOffset="2311"/>
<Loc EndOffset="2381" SrcFileId="5" StartOffset="2357"/>
<Loc EndOffset="2448" SrcFileId="5" StartOffset="2390"/>
<Loc EndOffset="2481" SrcFileId="5" StartOffset="2458"/>
<Loc EndOffset="2517" SrcFileId="5" StartOffset="2490"/>
<Loc EndOffset="2700" SrcFileId="5" StartOffset="2698"/>
<Loc EndOffset="2805" SrcFileId="5" StartOffset="2710"/>
<Loc EndOffset="2849" SrcFileId="5" StartOffset="2814"/>
<Loc EndOffset="3725" SrcFileId="5" StartOffset="2858"/>
<Loc EndOffset="4179" SrcFileId="5" StartOffset="3734"/>
<Loc EndOffset="4196" SrcFileId="5" StartOffset="4189"/>
</LocList>
<BasicStmnt CovItemId="S18" CovItemPrefix="my.PSM.PSM_Interface.Messages.java" Intrnl_Id="525">
<LocList>
<Loc EndOffset="1597" SrcFileId="5" StartOffset="1562"/>
</LocList>
</BasicStmnt>
<BasicStmnt CovItemId="S19" CovItemPrefix="my.PSM.PSM_Interface.Messages.java" Intrnl_Id="526">
<LocList>
<Loc EndOffset="1643" SrcFileId="5" StartOffset="1606"/>
</LocList>
</BasicStmnt>
<BasicStmnt CovItemId="S20" CovItemPrefix="my.PSM.PSM_Interface.Messages.java" Intrnl_Id="527">
<LocList>
<Loc EndOffset="1721" SrcFileId="5" StartOffset="1653"/>
</LocList>
</BasicStmnt>
<BasicStmnt CovItemId="S21" CovItemPrefix="my.PSM.PSM_Interface.Messages.java" Intrnl_Id="528">
<LocList>
<Loc EndOffset="1757" SrcFileId="5" StartOffset="1730"/>
</LocList>
</BasicStmnt>
<BasicStmnt CovItemId="S22" CovItemPrefix="my.PSM.PSM_Interface.Messages.java" Intrnl_Id="529">
<LocList>
<Loc EndOffset="1819" SrcFileId="5" StartOffset="1767"/>
</LocList>
</BasicStmnt>
<BasicStmnt CovItemId="S23" CovItemPrefix="my.PSM.PSM_Interface.Messages.java" Intrnl_Id="530">
<LocList>
<Loc EndOffset="1894" SrcFileId="5" StartOffset="1828"/>
</LocList>
</BasicStmnt>
<BasicStmnt CovItemId="S24" CovItemPrefix="my.PSM.PSM_Interface.Messages.java" Intrnl_Id="531">
<LocList>
<Loc EndOffset="1922" SrcFileId="5" StartOffset="1903"/>
</LocList>
</BasicStmnt>
<BasicStmnt CovItemId="S25" CovItemPrefix="my.PSM.PSM_Interface.Messages.java" Intrnl_Id="532">
<LocList>
<Loc EndOffset="2171" SrcFileId="5" StartOffset="1931"/>
</LocList>
</BasicStmnt>
<BasicStmnt CovItemId="S26" CovItemPrefix="my.PSM.PSM_Interface.Messages.java" Intrnl_Id="533">
<LocList>
<Loc EndOffset="2237" SrcFileId="5" StartOffset="2180"/>
</LocList>
</BasicStmnt>
<BasicStmnt CovItemId="S27" CovItemPrefix="my.PSM.PSM_Interface.Messages.java" Intrnl_Id="534">
<LocList>
<Loc EndOffset="2302" SrcFileId="5" StartOffset="2246"/>
</LocList>
</BasicStmnt>
<BasicStmnt CovItemId="S28" CovItemPrefix="my.PSM.PSM_Interface.Messages.java" Intrnl_Id="535">
<LocList>
<Loc EndOffset="2338" SrcFileId="5" StartOffset="2311"/>
</LocList>
</BasicStmnt>
<BasicStmnt CovItemId="S29" CovItemPrefix="my.PSM.PSM_Interface.Messages.java" Intrnl_Id="536">
<LocList>
<Loc EndOffset="2381" SrcFileId="5" StartOffset="2357"/>
</LocList>
</BasicStmnt>
<BasicStmnt CovItemId="S30" CovItemPrefix="my.PSM.PSM_Interface.Messages.java" Intrnl_Id="537">
<LocList>
<Loc EndOffset="2448" SrcFileId="5" StartOffset="2390"/>
</LocList>
</BasicStmnt>
<BasicStmnt CovItemId="S31" CovItemPrefix="my.PSM.PSM_Interface.Messages.java" Intrnl_Id="538">
<LocList>
<Loc EndOffset="2481" SrcFileId="5" StartOffset="2458"/>
</LocList>
</BasicStmnt>
<BasicStmnt CovItemId="S32" CovItemPrefix="my.PSM.PSM_Interface.Messages.java" Intrnl_Id="539">
<LocList>
<Loc EndOffset="2517" SrcFileId="5" StartOffset="2490"/>
<Loc EndOffset="2700" SrcFileId="5" StartOffset="2698"/>
</LocList>
</BasicStmnt>
<BasicStmnt CovItemId="S34" CovItemPrefix="my.PSM.PSM_Interface.Messages.java" Intrnl_Id="540">
<LocList>
<Loc EndOffset="2805" SrcFileId="5" StartOffset="2710"/>
</LocList>
</BasicStmnt>
<BasicStmnt CovItemId="S35" CovItemPrefix="my.PSM.PSM_Interface.Messages.java" Intrnl_Id="541">
<LocList>
<Loc EndOffset="2849" SrcFileId="5" StartOffset="2814"/>
</LocList>
</BasicStmnt>
<BasicStmnt CovItemId="S36" CovItemPrefix="my.PSM.PSM_Interface.Messages.java" Intrnl_Id="542">
<LocList>
<Loc EndOffset="3725" SrcFileId="5" StartOffset="2858"/>
</LocList>
</BasicStmnt>
<BasicStmnt CovItemId="S37" CovItemPrefix="my.PSM.PSM_Interface.Messages.java" Intrnl_Id="543">
<LocList>
<Loc EndOffset="4179" SrcFileId="5" StartOffset="3734"/>
</LocList>
</BasicStmnt>
<BasicStmnt CovItemId="S38" CovItemPrefix="my.PSM.PSM_Interface.Messages.java" Intrnl_Id="544">
<LocList>
<Loc EndOffset="4196" SrcFileId="5" StartOffset="4189"/>
</LocList>
</BasicStmnt>
</StmntSeq>
<HierarchyLvl HierarchyLvlId="1087" HierarchyLvlTypeId="28" Intrnl_Id="545" Name="java.awt.event.ActionListener">
<Header>
<Loc EndOffset="2552" SrcFileId="5" StartOffset="2521"/>
</Header>
<LocList>
<Loc EndOffset="2698" SrcFileId="5" StartOffset="2517"/>
</LocList>
<HierarchyLvl HierarchyLvlId="1086" HierarchyLvlTypeId="26" Intrnl_Id="546" Name="actionPerformed">
<Header>
<Loc EndOffset="2626" SrcFileId="5" StartOffset="2567"/>
</Header>
<LocList>
<Loc EndOffset="2688" SrcFileId="5" StartOffset="2567"/>
</LocList>
<StmntSeq Intrnl_Id="547">
<LocList>
<Loc EndOffset="2674" SrcFileId="5" StartOffset="2645"/>
</LocList>
<BasicStmnt CovItemId="S33" CovItemPrefix="my.PSM.PSM_Interface.Messages.java" Intrnl_Id="548">
<LocList>
<Loc EndOffset="2674" SrcFileId="5" StartOffset="2645"/>
</LocList>
</BasicStmnt>
</StmntSeq>
</HierarchyLvl>
</HierarchyLvl>
</HierarchyLvl>
<HierarchyLvl HierarchyLvlId="1089" HierarchyLvlTypeId="26" Intrnl_Id="549" Name="jButton1ActionPerformed">
<Header>
<Loc EndOffset="4326" SrcFileId="5" StartOffset="4258"/>
</Header>
<LocList>
<Loc EndOffset="4652" SrcFileId="5" StartOffset="4258"/>
</LocList>
<StmntSeq Intrnl_Id="550">
<LocList>
<Loc EndOffset="4481" SrcFileId="5" StartOffset="4378"/>
<Loc EndOffset="4552" SrcFileId="5" StartOffset="4490"/>
<Loc EndOffset="4618" SrcFileId="5" StartOffset="4561"/>
<Loc EndOffset="4637" SrcFileId="5" StartOffset="4627"/>
</LocList>
<CondStmnt CovItemId="S39" CovItemPrefix="my.PSM.PSM_Interface.Messages.java" Intrnl_Id="551">
<Branch CovItemId="B1" CovItemPrefix="my.PSM.PSM_Interface.Messages.java" Implct="false" Intrnl_Id="552">
<Cond/>
<LocList>
<Loc EndOffset="4481" SrcFileId="5" StartOffset="4388"/>
</LocList>
<StmntSeq Intrnl_Id="553">
<LocList>
<Loc EndOffset="4417" SrcFileId="5" StartOffset="4402"/>
<Loc EndOffset="4471" SrcFileId="5" StartOffset="4430"/>
</LocList>
<BasicStmnt CovItemId="S40" CovItemPrefix="my.PSM.PSM_Interface.Messages.java" Intrnl_Id="554">
<LocList>
<Loc EndOffset="4417" SrcFileId="5" StartOffset="4402"/>
</LocList>
</BasicStmnt>
<BasicStmnt CovItemId="S41" CovItemPrefix="my.PSM.PSM_Interface.Messages.java" Intrnl_Id="555">
<LocList>
<Loc EndOffset="4471" SrcFileId="5" StartOffset="4430"/>
</LocList>
</BasicStmnt>
</StmntSeq>
</Branch>
<Branch CovItemId="B2" CovItemPrefix="my.PSM.PSM_Interface.Messages.java" Implct="true" Intrnl_Id="556">
<Cond/>
<LocList/>
<StmntSeq Intrnl_Id="557">
<LocList/>
</StmntSeq>
</Branch>
<Keyword EndOffset="4380" SrcFileId="5" StartOffset="4378"/>
<LocList>
<Loc EndOffset="4481" SrcFileId="5" StartOffset="4378"/>
</LocList>
<RootTerm CovItemId="C1" CovItemPrefix="my.PSM.PSM_Interface.Messages.java" Intrnl_Id="558">
<BasicBoolTerm Intrnl_Id="559">
<LocList>
<Loc EndOffset="4387" SrcFileId="5" StartOffset="4381"/>
</LocList>
</BasicBoolTerm>
</RootTerm>
</CondStmnt>
<CondStmnt CovItemId="S42" CovItemPrefix="my.PSM.PSM_Interface.Messages.java" Intrnl_Id="560">
<Branch CovItemId="B3" CovItemPrefix="my.PSM.PSM_Interface.Messages.java" Implct="false" Intrnl_Id="561">
<Cond/>
<LocList>
<Loc EndOffset="4552" SrcFileId="5" StartOffset="4517"/>
</LocList>
<StmntSeq Intrnl_Id="562">
<LocList>
<Loc EndOffset="4542" SrcFileId="5" StartOffset="4531"/>
</LocList>
<BasicStmnt CovItemId="S43" CovItemPrefix="my.PSM.PSM_Interface.Messages.java" Intrnl_Id="563">
<LocList>
<Loc EndOffset="4542" SrcFileId="5" StartOffset="4531"/>
</LocList>
</BasicStmnt>
</StmntSeq>
</Branch>
<Branch CovItemId="B4" CovItemPrefix="my.PSM.PSM_Interface.Messages.java" Implct="true" Intrnl_Id="564">
<Cond/>
<LocList/>
<StmntSeq Intrnl_Id="565">
<LocList/>
</StmntSeq>
</Branch>
<Keyword EndOffset="4492" SrcFileId="5" StartOffset="4490"/>
<LocList>
<Loc EndOffset="4552" SrcFileId="5" StartOffset="4490"/>
</LocList>
<RootTerm CovItemId="C2" CovItemPrefix="my.PSM.PSM_Interface.Messages.java" Intrnl_Id="566">
<BasicBoolTerm Intrnl_Id="567">
<LocList>
<Loc EndOffset="4507" SrcFileId="5" StartOffset="4493"/>
</LocList>
</BasicBoolTerm>
</RootTerm>
</CondStmnt>
<CondStmnt CovItemId="S44" CovItemPrefix="my.PSM.PSM_Interface.Messages.java" Intrnl_Id="568">
<Branch CovItemId="B5" CovItemPrefix="my.PSM.PSM_Interface.Messages.java" Implct="false" Intrnl_Id="569">
<Cond/>
<LocList>
<Loc EndOffset="4618" SrcFileId="5" StartOffset="4583"/>
</LocList>
<StmntSeq Intrnl_Id="570">
<LocList>
<Loc EndOffset="4608" SrcFileId="5" StartOffset="4597"/>
</LocList>
<BasicStmnt CovItemId="S45" CovItemPrefix="my.PSM.PSM_Interface.Messages.java" Intrnl_Id="571">
<LocList>
<Loc EndOffset="4608" SrcFileId="5" StartOffset="4597"/>
</LocList>
</BasicStmnt>
</StmntSeq>
</Branch>
<Branch CovItemId="B6" CovItemPrefix="my.PSM.PSM_Interface.Messages.java" Implct="true" Intrnl_Id="572">
<Cond/>
<LocList/>
<StmntSeq Intrnl_Id="573">
<LocList/>
</StmntSeq>
</Branch>
<Keyword EndOffset="4563" SrcFileId="5" StartOffset="4561"/>
<LocList>
<Loc EndOffset="4618" SrcFileId="5" StartOffset="4561"/>
</LocList>
<RootTerm CovItemId="C3" CovItemPrefix="my.PSM.PSM_Interface.Messages.java" Intrnl_Id="574">
<BasicBoolTerm Intrnl_Id="575">
<LocList>
<Loc EndOffset="4573" SrcFileId="5" StartOffset="4564"/>
</LocList>
</BasicBoolTerm>
</RootTerm>
</CondStmnt>
<BasicStmnt CovItemId="S46" CovItemPrefix="my.PSM.PSM_Interface.Messages.java" Intrnl_Id="576">
<LocList>
<Loc EndOffset="4637" SrcFileId="5" StartOffset="4627"/>
</LocList>
</BasicStmnt>
</StmntSeq>
</HierarchyLvl>
<HierarchyLvl HierarchyLvlId="1092" HierarchyLvlTypeId="26" Intrnl_Id="577" Name="launchPopup">
<Header>
<Loc EndOffset="4789" SrcFileId="5" StartOffset="4764"/>
</Header>
<LocList>
<Loc EndOffset="4961" SrcFileId="5" StartOffset="4764"/>
</LocList>
<StmntSeq Intrnl_Id="578">
<LocList>
<Loc EndOffset="4832" SrcFileId="5" StartOffset="4800"/>
<Loc EndOffset="4955" SrcFileId="5" StartOffset="4953"/>
</LocList>
<BasicStmnt CovItemId="S47" CovItemPrefix="my.PSM.PSM_Interface.Messages.java" Intrnl_Id="579">
<LocList>
<Loc EndOffset="4832" SrcFileId="5" StartOffset="4800"/>
<Loc EndOffset="4955" SrcFileId="5" StartOffset="4953"/>
</LocList>
</BasicStmnt>
</StmntSeq>
<HierarchyLvl HierarchyLvlId="1091" HierarchyLvlTypeId="28" Intrnl_Id="580" Name="Runnable">
<Header>
<Loc EndOffset="4846" SrcFileId="5" StartOffset="4836"/>
</Header>
<LocList>
<Loc EndOffset="4953" SrcFileId="5" StartOffset="4832"/>
</LocList>
<HierarchyLvl HierarchyLvlId="1090" HierarchyLvlTypeId="26" Intrnl_Id="581" Name="run">
<Header>
<Loc EndOffset="4878" SrcFileId="5" StartOffset="4861"/>
</Header>
<LocList>
<Loc EndOffset="4943" SrcFileId="5" StartOffset="4861"/>
</LocList>
<StmntSeq Intrnl_Id="582">
<LocList>
<Loc EndOffset="4929" SrcFileId="5" StartOffset="4897"/>
</LocList>
<BasicStmnt CovItemId="S48" CovItemPrefix="my.PSM.PSM_Interface.Messages.java" Intrnl_Id="583">
<LocList>
<Loc EndOffset="4929" SrcFileId="5" StartOffset="4897"/>
</LocList>
</BasicStmnt>
</StmntSeq>
</HierarchyLvl>
</HierarchyLvl>
</HierarchyLvl>
</HierarchyLvl>
<HierarchyLvl HierarchyLvlId="1167" HierarchyLvlTypeId="25" Intrnl_Id="584" Name="PrefilledScheduleForm">
<Header>
<Loc EndOffset="230" SrcFileId="6" StartOffset="169"/>
</Header>
<LocList>
<Loc EndOffset="34813" SrcFileId="6" StartOffset="169"/>
</LocList>
<HierarchyLvl HierarchyLvlId="1094" HierarchyLvlTypeId="26" Intrnl_Id="585" Name="PrefilledScheduleForm">
<Header>
<Loc EndOffset="1677" SrcFileId="6" StartOffset="1647"/>
</Header>
<LocList>
<Loc EndOffset="1754" SrcFileId="6" StartOffset="1647"/>
</LocList>
<StmntSeq Intrnl_Id="586">
<LocList>
<Loc EndOffset="1705" SrcFileId="6" StartOffset="1688"/>
<Loc EndOffset="1748" SrcFileId="6" StartOffset="1714"/>
</LocList>
<BasicStmnt CovItemId="S1" CovItemPrefix="my.PSM.PSM_Interface.PrefilledScheduleForm.java" Intrnl_Id="587">
<LocList>
<Loc EndOffset="1705" SrcFileId="6" StartOffset="1688"/>
</LocList>
</BasicStmnt>
<BasicStmnt CovItemId="S2" CovItemPrefix="my.PSM.PSM_Interface.PrefilledScheduleForm.java" Intrnl_Id="588">
<LocList>
<Loc EndOffset="1748" SrcFileId="6" StartOffset="1714"/>
</LocList>
</BasicStmnt>
</StmntSeq>
</HierarchyLvl>
<HierarchyLvl HierarchyLvlId="1095" HierarchyLvlTypeId="26" Intrnl_Id="589" Name="dataRec">
<Header>
<Loc EndOffset="1783" SrcFileId="6" StartOffset="1759"/>
</Header>
<LocList>
<Loc EndOffset="1824" SrcFileId="6" StartOffset="1759"/>
</LocList>
<StmntSeq Intrnl_Id="590">
<LocList>
<Loc EndOffset="1818" SrcFileId="6" StartOffset="1798"/>
</LocList>
<BasicStmnt CovItemId="S3" CovItemPrefix="my.PSM.PSM_Interface.PrefilledScheduleForm.java" Intrnl_Id="591">
<LocList>
<Loc EndOffset="1818" SrcFileId="6" StartOffset="1798"/>
</LocList>
</BasicStmnt>
</StmntSeq>
</HierarchyLvl>
<HierarchyLvl HierarchyLvlId="1096" HierarchyLvlTypeId="26" Intrnl_Id="592" Name="setDataRec">
<Header>
<Loc EndOffset="1870" SrcFileId="6" StartOffset="1829"/>
</Header>
<LocList>
<Loc EndOffset="1934" SrcFileId="6" StartOffset="1829"/>
</LocList>
<StmntSeq Intrnl_Id="593">
<LocList>
<Loc EndOffset="1918" SrcFileId="6" StartOffset="1893"/>
</LocList>
<BasicStmnt CovItemId="S4" CovItemPrefix="my.PSM.PSM_Interface.PrefilledScheduleForm.java" Intrnl_Id="594">
<LocList>
<Loc EndOffset="1918" SrcFileId="6" StartOffset="1893"/>
</LocList>
</BasicStmnt>
</StmntSeq>
</HierarchyLvl>
<HierarchyLvl HierarchyLvlId="1121" HierarchyLvlTypeId="26" Intrnl_Id="595" Name="initComponents">
<Header>
<Loc EndOffset="2281" SrcFileId="6" StartOffset="2252"/>
</Header>
<LocList>
<Loc EndOffset="25748" SrcFileId="6" StartOffset="2252"/>
</LocList>
<StmntSeq Intrnl_Id="596">
<LocList>
<Loc EndOffset="2330" SrcFileId="6" StartOffset="2293"/>
<Loc EndOffset="2376" SrcFileId="6" StartOffset="2339"/>
<Loc EndOffset="2420" SrcFileId="6" StartOffset="2385"/>
<Loc EndOffset="2464" SrcFileId="6" StartOffset="2429"/>
<Loc EndOffset="2514" SrcFileId="6" StartOffset="2473"/>
<Loc EndOffset="2558" SrcFileId="6" StartOffset="2523"/>
<Loc EndOffset="2602" SrcFileId="6" StartOffset="2567"/>
<Loc EndOffset="2647" SrcFileId="6" StartOffset="2611"/>
<Loc EndOffset="2692" SrcFileId="6" StartOffset="2656"/>
<Loc EndOffset="2759" SrcFileId="6" StartOffset="2701"/>
<Loc EndOffset="2824" SrcFileId="6" StartOffset="2768"/>
<Loc EndOffset="2868" SrcFileId="6" StartOffset="2833"/>
<Loc EndOffset="2912" SrcFileId="6" StartOffset="2877"/>
<Loc EndOffset="2956" SrcFileId="6" StartOffset="2921"/>
<Loc EndOffset="3000" SrcFileId="6" StartOffset="2965"/>
<Loc EndOffset="3058" SrcFileId="6" StartOffset="3009"/>
<Loc EndOffset="3144" SrcFileId="6" StartOffset="3067"/>
<Loc EndOffset="3209" SrcFileId="6" StartOffset="3153"/>
<Loc EndOffset="3254" SrcFileId="6" StartOffset="3218"/>
<Loc EndOffset="3298" SrcFileId="6" StartOffset="3263"/>
<Loc EndOffset="3342" SrcFileId="6" StartOffset="3307"/>
<Loc EndOffset="3387" SrcFileId="6" StartOffset="3351"/>
<Loc EndOffset="3432" SrcFileId="6" StartOffset="3396"/>
<Loc EndOffset="3476" SrcFileId="6" StartOffset="3441"/>
<Loc EndOffset="3520" SrcFileId="6" StartOffset="3485"/>
<Loc EndOffset="3565" SrcFileId="6" StartOffset="3529"/>
<Loc EndOffset="3610" SrcFileId="6" StartOffset="3574"/>
<Loc EndOffset="3655" SrcFileId="6" StartOffset="3619"/>
<Loc EndOffset="3700" SrcFileId="6" StartOffset="3664"/>
<Loc EndOffset="3763" SrcFileId="6" StartOffset="3709"/>
<Loc EndOffset="3826" SrcFileId="6" StartOffset="3772"/>
<Loc EndOffset="3889" SrcFileId="6" StartOffset="3835"/>
<Loc EndOffset="3952" SrcFileId="6" StartOffset="3898"/>
<Loc EndOffset="4015" SrcFileId="6" StartOffset="3961"/>
<Loc EndOffset="4078" SrcFileId="6" StartOffset="4024"/>
<Loc EndOffset="4140" SrcFileId="6" StartOffset="4087"/>
<Loc EndOffset="4202" SrcFileId="6" StartOffset="4149"/>
<Loc EndOffset="4264" SrcFileId="6" StartOffset="4211"/>
<Loc EndOffset="4326" SrcFileId="6" StartOffset="4273"/>
<Loc EndOffset="4388" SrcFileId="6" StartOffset="4335"/>
<Loc EndOffset="4450" SrcFileId="6" StartOffset="4397"/>
<Loc EndOffset="4531" SrcFileId="6" StartOffset="4460"/>
<Loc EndOffset="4566" SrcFileId="6" StartOffset="4540"/>
<Loc EndOffset="4628" SrcFileId="6" StartOffset="4576"/>
<Loc EndOffset="4662" SrcFileId="6" StartOffset="4637"/>
<Loc EndOffset="4698" SrcFileId="6" StartOffset="4671"/>
<Loc EndOffset="4881" SrcFileId="6" StartOffset="4879"/>
<Loc EndOffset="4943" SrcFileId="6" StartOffset="4891"/>
<Loc EndOffset="4979" SrcFileId="6" StartOffset="4952"/>
<Loc EndOffset="5015" SrcFileId="6" StartOffset="4988"/>
<Loc EndOffset="5198" SrcFileId="6" StartOffset="5196"/>
<Loc EndOffset="5474" SrcFileId="6" StartOffset="5208"/>
<Loc EndOffset="5535" SrcFileId="6" StartOffset="5484"/>
<Loc EndOffset="5573" SrcFileId="6" StartOffset="5544"/>
<Loc EndOffset="5637" SrcFileId="6" StartOffset="5583"/>
<Loc EndOffset="5794" SrcFileId="6" StartOffset="5646"/>
<Loc EndOffset="5855" SrcFileId="6" StartOffset="5804"/>
<Loc EndOffset="5895" SrcFileId="6" StartOffset="5864"/>
<Loc EndOffset="5956" SrcFileId="6" StartOffset="5905"/>
<Loc EndOffset="5994" SrcFileId="6" StartOffset="5965"/>
<Loc EndOffset="6056" SrcFileId="6" StartOffset="6004"/>
<Loc EndOffset="6095" SrcFileId="6" StartOffset="6065"/>
<Loc EndOffset="6157" SrcFileId="6" StartOffset="6105"/>
<Loc EndOffset="6196" SrcFileId="6" StartOffset="6166"/>
<Loc EndOffset="6299" SrcFileId="6" StartOffset="6206"/>
<Loc EndOffset="6341" SrcFileId="6" StartOffset="6308"/>
<Loc EndOffset="8037" SrcFileId="6" StartOffset="6350"/>
<Loc EndOffset="9303" SrcFileId="6" StartOffset="8046"/>
<Loc EndOffset="9576" SrcFileId="6" StartOffset="9313"/>
<Loc EndOffset="9637" SrcFileId="6" StartOffset="9586"/>
<Loc EndOffset="9674" SrcFileId="6" StartOffset="9646"/>
<Loc EndOffset="9735" SrcFileId="6" StartOffset="9684"/>
<Loc EndOffset="9776" SrcFileId="6" StartOffset="9744"/>
<Loc EndOffset="9837" SrcFileId="6" StartOffset="9786"/>
<Loc EndOffset="9880" SrcFileId="6" StartOffset="9846"/>
<Loc EndOffset="9920" SrcFileId="6" StartOffset="9890"/>
<Loc EndOffset="10106" SrcFileId="6" StartOffset="10104"/>
<Loc EndOffset="10146" SrcFileId="6" StartOffset="10116"/>
<Loc EndOffset="10332" SrcFileId="6" StartOffset="10330"/>
<Loc EndOffset="10394" SrcFileId="6" StartOffset="10342"/>
<Loc EndOffset="10429" SrcFileId="6" StartOffset="10403"/>
<Loc EndOffset="10532" SrcFileId="6" StartOffset="10439"/>
<Loc EndOffset="10574" SrcFileId="6" StartOffset="10541"/>
<Loc EndOffset="12050" SrcFileId="6" StartOffset="10583"/>
<Loc EndOffset="13226" SrcFileId="6" StartOffset="12059"/>
<Loc EndOffset="13493" SrcFileId="6" StartOffset="13236"/>
<Loc EndOffset="13554" SrcFileId="6" StartOffset="13503"/>
<Loc EndOffset="13629" SrcFileId="6" StartOffset="13563"/>
<Loc EndOffset="13664" SrcFileId="6" StartOffset="13638"/>
<Loc EndOffset="13726" SrcFileId="6" StartOffset="13674"/>
<Loc EndOffset="13767" SrcFileId="6" StartOffset="13735"/>
<Loc EndOffset="13829" SrcFileId="6" StartOffset="13777"/>
<Loc EndOffset="13868" SrcFileId="6" StartOffset="13838"/>
<Loc EndOffset="13929" SrcFileId="6" StartOffset="13878"/>
<Loc EndOffset="13965" SrcFileId="6" StartOffset="13938"/>
<Loc EndOffset="14026" SrcFileId="6" StartOffset="13975"/>
<Loc EndOffset="14064" SrcFileId="6" StartOffset="14035"/>
<Loc EndOffset="14126" SrcFileId="6" StartOffset="14074"/>
<Loc EndOffset="14164" SrcFileId="6" StartOffset="14135"/>
<Loc EndOffset="14226" SrcFileId="6" StartOffset="14174"/>
<Loc EndOffset="14262" SrcFileId="6" StartOffset="14235"/>
<Loc EndOffset="14324" SrcFileId="6" StartOffset="14272"/>
<Loc EndOffset="14362" SrcFileId="6" StartOffset="14333"/>
<Loc EndOffset="14424" SrcFileId="6" StartOffset="14372"/>
<Loc EndOffset="14478" SrcFileId="6" StartOffset="14433"/>
<Loc EndOffset="14518" SrcFileId="6" StartOffset="14488"/>
<Loc EndOffset="14704" SrcFileId="6" StartOffset="14702"/>
<Loc EndOffset="14744" SrcFileId="6" StartOffset="14714"/>
<Loc EndOffset="14930" SrcFileId="6" StartOffset="14928"/>
<Loc EndOffset="14971" SrcFileId="6" StartOffset="14940"/>
<Loc EndOffset="15158" SrcFileId="6" StartOffset="15156"/>
<Loc EndOffset="15199" SrcFileId="6" StartOffset="15168"/>
<Loc EndOffset="15386" SrcFileId="6" StartOffset="15384"/>
<Loc EndOffset="15427" SrcFileId="6" StartOffset="15396"/>
<Loc EndOffset="15614" SrcFileId="6" StartOffset="15612"/>
<Loc EndOffset="15655" SrcFileId="6" StartOffset="15624"/>
<Loc EndOffset="15842" SrcFileId="6" StartOffset="15840"/>
<Loc EndOffset="15883" SrcFileId="6" StartOffset="15852"/>
<Loc EndOffset="16070" SrcFileId="6" StartOffset="16068"/>
<Loc EndOffset="16111" SrcFileId="6" StartOffset="16080"/>
<Loc EndOffset="16298" SrcFileId="6" StartOffset="16296"/>
<Loc EndOffset="16401" SrcFileId="6" StartOffset="16308"/>
<Loc EndOffset="16443" SrcFileId="6" StartOffset="16410"/>
<Loc EndOffset="20103" SrcFileId="6" StartOffset="16452"/>
<Loc EndOffset="23341" SrcFileId="6" StartOffset="20112"/>
<Loc EndOffset="23446" SrcFileId="6" StartOffset="23351"/>
<Loc EndOffset="23490" SrcFileId="6" StartOffset="23455"/>
<Loc EndOffset="24653" SrcFileId="6" StartOffset="23499"/>
<Loc EndOffset="25725" SrcFileId="6" StartOffset="24662"/>
<Loc EndOffset="25742" SrcFileId="6" StartOffset="25735"/>
</LocList>
<BasicStmnt CovItemId="S5" CovItemPrefix="my.PSM.PSM_Interface.PrefilledScheduleForm.java" Intrnl_Id="597">
<LocList>
<Loc EndOffset="2330" SrcFileId="6" StartOffset="2293"/>
</LocList>
</BasicStmnt>
<BasicStmnt CovItemId="S6" CovItemPrefix="my.PSM.PSM_Interface.PrefilledScheduleForm.java" Intrnl_Id="598">
<LocList>
<Loc EndOffset="2376" SrcFileId="6" StartOffset="2339"/>
</LocList>
</BasicStmnt>
<BasicStmnt CovItemId="S7" CovItemPrefix="my.PSM.PSM_Interface.PrefilledScheduleForm.java" Intrnl_Id="599">
<LocList>
<Loc EndOffset="2420" SrcFileId="6" StartOffset="2385"/>
</LocList>
</BasicStmnt>
<BasicStmnt CovItemId="S8" CovItemPrefix="my.PSM.PSM_Interface.PrefilledScheduleForm.java" Intrnl_Id="600">
<LocList>
<Loc EndOffset="2464" SrcFileId="6" StartOffset="2429"/>
</LocList>
</BasicStmnt>
<BasicStmnt CovItemId="S9" CovItemPrefix="my.PSM.PSM_Interface.PrefilledScheduleForm.java" Intrnl_Id="601">
<LocList>
<Loc EndOffset="2514" SrcFileId="6" StartOffset="2473"/>
</LocList>
</BasicStmnt>
<BasicStmnt CovItemId="S10" CovItemPrefix="my.PSM.PSM_Interface.PrefilledScheduleForm.java" Intrnl_Id="602">
<LocList>
<Loc EndOffset="2558" SrcFileId="6" StartOffset="2523"/>
</LocList>
</BasicStmnt>
<BasicStmnt CovItemId="S11" CovItemPrefix="my.PSM.PSM_Interface.PrefilledScheduleForm.java" Intrnl_Id="603">
<LocList>
<Loc EndOffset="2602" SrcFileId="6" StartOffset="2567"/>
</LocList>
</BasicStmnt>
<BasicStmnt CovItemId="S12" CovItemPrefix="my.PSM.PSM_Interface.PrefilledScheduleForm.java" Intrnl_Id="604">
<LocList>
<Loc EndOffset="2647" SrcFileId="6" StartOffset="2611"/>
</LocList>
</BasicStmnt>
<BasicStmnt CovItemId="S13" CovItemPrefix="my.PSM.PSM_Interface.PrefilledScheduleForm.java" Intrnl_Id="605">
<LocList>
<Loc EndOffset="2692" SrcFileId="6" StartOffset="2656"/>
</LocList>
</BasicStmnt>
<BasicStmnt CovItemId="S14" CovItemPrefix="my.PSM.PSM_Interface.PrefilledScheduleForm.java" Intrnl_Id="606">
<LocList>
<Loc EndOffset="2759" SrcFileId="6" StartOffset="2701"/>
</LocList>
</BasicStmnt>
<BasicStmnt CovItemId="S15" CovItemPrefix="my.PSM.PSM_Interface.PrefilledScheduleForm.java" Intrnl_Id="607">
<LocList>
<Loc EndOffset="2824" SrcFileId="6" StartOffset="2768"/>
</LocList>
</BasicStmnt>
<BasicStmnt CovItemId="S16" CovItemPrefix="my.PSM.PSM_Interface.PrefilledScheduleForm.java" Intrnl_Id="608">
<LocList>
<Loc EndOffset="2868" SrcFileId="6" StartOffset="2833"/>
</LocList>
</BasicStmnt>
<BasicStmnt CovItemId="S17" CovItemPrefix="my.PSM.PSM_Interface.PrefilledScheduleForm.java" Intrnl_Id="609">
<LocList>
<Loc EndOffset="2912" SrcFileId="6" StartOffset="2877"/>
</LocList>
</BasicStmnt>
<BasicStmnt CovItemId="S18" CovItemPrefix="my.PSM.PSM_Interface.PrefilledScheduleForm.java" Intrnl_Id="610">
<LocList>
<Loc EndOffset="2956" SrcFileId="6" StartOffset="2921"/>
</LocList>
</BasicStmnt>
<BasicStmnt CovItemId="S19" CovItemPrefix="my.PSM.PSM_Interface.PrefilledScheduleForm.java" Intrnl_Id="611">
<LocList>
<Loc EndOffset="3000" SrcFileId="6" StartOffset="2965"/>
</LocList>
</BasicStmnt>
<BasicStmnt CovItemId="S20" CovItemPrefix="my.PSM.PSM_Interface.PrefilledScheduleForm.java" Intrnl_Id="612">
<LocList>
<Loc EndOffset="3058" SrcFileId="6" StartOffset="3009"/>
</LocList>
</BasicStmnt>
<BasicStmnt CovItemId="S21" CovItemPrefix="my.PSM.PSM_Interface.PrefilledScheduleForm.java" Intrnl_Id="613">
<LocList>
<Loc EndOffset="3144" SrcFileId="6" StartOffset="3067"/>
</LocList>
</BasicStmnt>
<BasicStmnt CovItemId="S22" CovItemPrefix="my.PSM.PSM_Interface.PrefilledScheduleForm.java" Intrnl_Id="614">
<LocList>
<Loc EndOffset="3209" SrcFileId="6" StartOffset="3153"/>
</LocList>
</BasicStmnt>
<BasicStmnt CovItemId="S23" CovItemPrefix="my.PSM.PSM_Interface.PrefilledScheduleForm.java" Intrnl_Id="615">
<LocList>
<Loc EndOffset="3254" SrcFileId="6" StartOffset="3218"/>
</LocList>
</BasicStmnt>
<BasicStmnt CovItemId="S24" CovItemPrefix="my.PSM.PSM_Interface.PrefilledScheduleForm.java" Intrnl_Id="616">
<LocList>
<Loc EndOffset="3298" SrcFileId="6" StartOffset="3263"/>
</LocList>
</BasicStmnt>
<BasicStmnt CovItemId="S25" CovItemPrefix="my.PSM.PSM_Interface.PrefilledScheduleForm.java" Intrnl_Id="617">
<LocList>
<Loc EndOffset="3342" SrcFileId="6" StartOffset="3307"/>
</LocList>
</BasicStmnt>
<BasicStmnt CovItemId="S26" CovItemPrefix="my.PSM.PSM_Interface.PrefilledScheduleForm.java" Intrnl_Id="618">
<LocList>
<Loc EndOffset="3387" SrcFileId="6" StartOffset="3351"/>
</LocList>
</BasicStmnt>
<BasicStmnt CovItemId="S27" CovItemPrefix="my.PSM.PSM_Interface.PrefilledScheduleForm.java" Intrnl_Id="619">
<LocList>
<Loc EndOffset="3432" SrcFileId="6" StartOffset="3396"/>
</LocList>
</BasicStmnt>
<BasicStmnt CovItemId="S28" CovItemPrefix="my.PSM.PSM_Interface.PrefilledScheduleForm.java" Intrnl_Id="620">
<LocList>
<Loc EndOffset="3476" SrcFileId="6" StartOffset="3441"/>
</LocList>
</BasicStmnt>
<BasicStmnt CovItemId="S29" CovItemPrefix="my.PSM.PSM_Interface.PrefilledScheduleForm.java" Intrnl_Id="621">
<LocList>
<Loc EndOffset="3520" SrcFileId="6" StartOffset="3485"/>
</LocList>
</BasicStmnt>
<BasicStmnt CovItemId="S30" CovItemPrefix="my.PSM.PSM_Interface.PrefilledScheduleForm.java" Intrnl_Id="622">
<LocList>
<Loc EndOffset="3565" SrcFileId="6" StartOffset="3529"/>
</LocList>
</BasicStmnt>
<BasicStmnt CovItemId="S31" CovItemPrefix="my.PSM.PSM_Interface.PrefilledScheduleForm.java" Intrnl_Id="623">
<LocList>
<Loc EndOffset="3610" SrcFileId="6" StartOffset="3574"/>
</LocList>
</BasicStmnt>
<BasicStmnt CovItemId="S32" CovItemPrefix="my.PSM.PSM_Interface.PrefilledScheduleForm.java" Intrnl_Id="624">
<LocList>
<Loc EndOffset="3655" SrcFileId="6" StartOffset="3619"/>
</LocList>
</BasicStmnt>
<BasicStmnt CovItemId="S33" CovItemPrefix="my.PSM.PSM_Interface.PrefilledScheduleForm.java" Intrnl_Id="625">
<LocList>
<Loc EndOffset="3700" SrcFileId="6" StartOffset="3664"/>
</LocList>
</BasicStmnt>
<BasicStmnt CovItemId="S34" CovItemPrefix="my.PSM.PSM_Interface.PrefilledScheduleForm.java" Intrnl_Id="626">
<LocList>
<Loc EndOffset="3763" SrcFileId="6" StartOffset="3709"/>
</LocList>
</BasicStmnt>
<BasicStmnt CovItemId="S35" CovItemPrefix="my.PSM.PSM_Interface.PrefilledScheduleForm.java" Intrnl_Id="627">
<LocList>
<Loc EndOffset="3826" SrcFileId="6" StartOffset="3772"/>
</LocList>
</BasicStmnt>
<BasicStmnt CovItemId="S36" CovItemPrefix="my.PSM.PSM_Interface.PrefilledScheduleForm.java" Intrnl_Id="628">
<LocList>
<Loc EndOffset="3889" SrcFileId="6" StartOffset="3835"/>
</LocList>
</BasicStmnt>
<BasicStmnt CovItemId="S37" CovItemPrefix="my.PSM.PSM_Interface.PrefilledScheduleForm.java" Intrnl_Id="629">
<LocList>
<Loc EndOffset="3952" SrcFileId="6" StartOffset="3898"/>
</LocList>
</BasicStmnt>
<BasicStmnt CovItemId="S38" CovItemPrefix="my.PSM.PSM_Interface.PrefilledScheduleForm.java" Intrnl_Id="630">
<LocList>
<Loc EndOffset="4015" SrcFileId="6" StartOffset="3961"/>
</LocList>
</BasicStmnt>
<BasicStmnt CovItemId="S39" CovItemPrefix="my.PSM.PSM_Interface.PrefilledScheduleForm.java" Intrnl_Id="631">
<LocList>
<Loc EndOffset="4078" SrcFileId="6" StartOffset="4024"/>
</LocList>
</BasicStmnt>
<BasicStmnt CovItemId="S40" CovItemPrefix="my.PSM.PSM_Interface.PrefilledScheduleForm.java" Intrnl_Id="632">
<LocList>
<Loc EndOffset="4140" SrcFileId="6" StartOffset="4087"/>
</LocList>
</BasicStmnt>
<BasicStmnt CovItemId="S41" CovItemPrefix="my.PSM.PSM_Interface.PrefilledScheduleForm.java" Intrnl_Id="633">
<LocList>
<Loc EndOffset="4202" SrcFileId="6" StartOffset="4149"/>
</LocList>
</BasicStmnt>
<BasicStmnt CovItemId="S42" CovItemPrefix="my.PSM.PSM_Interface.PrefilledScheduleForm.java" Intrnl_Id="634">
<LocList>
<Loc EndOffset="4264" SrcFileId="6" StartOffset="4211"/>
</LocList>
</BasicStmnt>
<BasicStmnt CovItemId="S43" CovItemPrefix="my.PSM.PSM_Interface.PrefilledScheduleForm.java" Intrnl_Id="635">
<LocList>
<Loc EndOffset="4326" SrcFileId="6" StartOffset="4273"/>
</LocList>
</BasicStmnt>
<BasicStmnt CovItemId="S44" CovItemPrefix="my.PSM.PSM_Interface.PrefilledScheduleForm.java" Intrnl_Id="636">
<LocList>
<Loc EndOffset="4388" SrcFileId="6" StartOffset="4335"/>
</LocList>
</BasicStmnt>
<BasicStmnt CovItemId="S45" CovItemPrefix="my.PSM.PSM_Interface.PrefilledScheduleForm.java" Intrnl_Id="637">
<LocList>
<Loc EndOffset="4450" SrcFileId="6" StartOffset="4397"/>
</LocList>
</BasicStmnt>
<BasicStmnt CovItemId="S46" CovItemPrefix="my.PSM.PSM_Interface.PrefilledScheduleForm.java" Intrnl_Id="638">
<LocList>
<Loc EndOffset="4531" SrcFileId="6" StartOffset="4460"/>
</LocList>
</BasicStmnt>
<BasicStmnt CovItemId="S47" CovItemPrefix="my.PSM.PSM_Interface.PrefilledScheduleForm.java" Intrnl_Id="639">
<LocList>
<Loc EndOffset="4566" SrcFileId="6" StartOffset="4540"/>
</LocList>
</BasicStmnt>
<BasicStmnt CovItemId="S48" CovItemPrefix="my.PSM.PSM_Interface.PrefilledScheduleForm.java" Intrnl_Id="640">
<LocList>
<Loc EndOffset="4628" SrcFileId="6" StartOffset="4576"/>
</LocList>
</BasicStmnt>
<BasicStmnt CovItemId="S49" CovItemPrefix="my.PSM.PSM_Interface.PrefilledScheduleForm.java" Intrnl_Id="641">
<LocList>
<Loc EndOffset="4662" SrcFileId="6" StartOffset="4637"/>
</LocList>
</BasicStmnt>
<BasicStmnt CovItemId="S50" CovItemPrefix="my.PSM.PSM_Interface.PrefilledScheduleForm.java" Intrnl_Id="642">
<LocList>
<Loc EndOffset="4698" SrcFileId="6" StartOffset="4671"/>
<Loc EndOffset="4881" SrcFileId="6" StartOffset="4879"/>
</LocList>
</BasicStmnt>
<BasicStmnt CovItemId="S52" CovItemPrefix="my.PSM.PSM_Interface.PrefilledScheduleForm.java" Intrnl_Id="643">
<LocList>
<Loc EndOffset="4943" SrcFileId="6" StartOffset="4891"/>
</LocList>
</BasicStmnt>
<BasicStmnt CovItemId="S53" CovItemPrefix="my.PSM.PSM_Interface.PrefilledScheduleForm.java" Intrnl_Id="644">
<LocList>
<Loc EndOffset="4979" SrcFileId="6" StartOffset="4952"/>
</LocList>
</BasicStmnt>
<BasicStmnt CovItemId="S54" CovItemPrefix="my.PSM.PSM_Interface.PrefilledScheduleForm.java" Intrnl_Id="645">
<LocList>
<Loc EndOffset="5015" SrcFileId="6" StartOffset="4988"/>
<Loc EndOffset="5198" SrcFileId="6" StartOffset="5196"/>
</LocList>
</BasicStmnt>
<BasicStmnt CovItemId="S56" CovItemPrefix="my.PSM.PSM_Interface.PrefilledScheduleForm.java" Intrnl_Id="646">
<LocList>
<Loc EndOffset="5474" SrcFileId="6" StartOffset="5208"/>
</LocList>
</BasicStmnt>
<BasicStmnt CovItemId="S57" CovItemPrefix="my.PSM.PSM_Interface.PrefilledScheduleForm.java" Intrnl_Id="647">
<LocList>
<Loc EndOffset="5535" SrcFileId="6" StartOffset="5484"/>
</LocList>
</BasicStmnt>
<BasicStmnt CovItemId="S58" CovItemPrefix="my.PSM.PSM_Interface.PrefilledScheduleForm.java" Intrnl_Id="648">
<LocList>
<Loc EndOffset="5573" SrcFileId="6" StartOffset="5544"/>
</LocList>
</BasicStmnt>
<BasicStmnt CovItemId="S59" CovItemPrefix="my.PSM.PSM_Interface.PrefilledScheduleForm.java" Intrnl_Id="649">
<LocList>
<Loc EndOffset="5637" SrcFileId="6" StartOffset="5583"/>
</LocList>
</BasicStmnt>
<BasicStmnt CovItemId="S60" CovItemPrefix="my.PSM.PSM_Interface.PrefilledScheduleForm.java" Intrnl_Id="650">
<LocList>
<Loc EndOffset="5794" SrcFileId="6" StartOffset="5646"/>
</LocList>
</BasicStmnt>
<BasicStmnt CovItemId="S61" CovItemPrefix="my.PSM.PSM_Interface.PrefilledScheduleForm.java" Intrnl_Id="651">
<LocList>
<Loc EndOffset="5855" SrcFileId="6" StartOffset="5804"/>
</LocList>
</BasicStmnt>
<BasicStmnt CovItemId="S62" CovItemPrefix="my.PSM.PSM_Interface.PrefilledScheduleForm.java" Intrnl_Id="652">
<LocList>
<Loc EndOffset="5895" SrcFileId="6" StartOffset="5864"/>
</LocList>
</BasicStmnt>
<BasicStmnt CovItemId="S63" CovItemPrefix="my.PSM.PSM_Interface.PrefilledScheduleForm.java" Intrnl_Id="653">
<LocList>
<Loc EndOffset="5956" SrcFileId="6" StartOffset="5905"/>
</LocList>
</BasicStmnt>
<BasicStmnt CovItemId="S64" CovItemPrefix="my.PSM.PSM_Interface.PrefilledScheduleForm.java" Intrnl_Id="654">
<LocList>
<Loc EndOffset="5994" SrcFileId="6" StartOffset="5965"/>
</LocList>
</BasicStmnt>
<BasicStmnt CovItemId="S65" CovItemPrefix="my.PSM.PSM_Interface.PrefilledScheduleForm.java" Intrnl_Id="655">
<LocList>
<Loc EndOffset="6056" SrcFileId="6" StartOffset="6004"/>
</LocList>
</BasicStmnt>
<BasicStmnt CovItemId="S66" CovItemPrefix="my.PSM.PSM_Interface.PrefilledScheduleForm.java" Intrnl_Id="656">
<LocList>
<Loc EndOffset="6095" SrcFileId="6" StartOffset="6065"/>
</LocList>
</BasicStmnt>
<BasicStmnt CovItemId="S67" CovItemPrefix="my.PSM.PSM_Interface.PrefilledScheduleForm.java" Intrnl_Id="657">
<LocList>
<Loc EndOffset="6157" SrcFileId="6" StartOffset="6105"/>
</LocList>
</BasicStmnt>
<BasicStmnt CovItemId="S68" CovItemPrefix="my.PSM.PSM_Interface.PrefilledScheduleForm.java" Intrnl_Id="658">
<LocList>
<Loc EndOffset="6196" SrcFileId="6" StartOffset="6166"/>
</LocList>
</BasicStmnt>
<BasicStmnt CovItemId="S69" CovItemPrefix="my.PSM.PSM_Interface.PrefilledScheduleForm.java" Intrnl_Id="659">
<LocList>
<Loc EndOffset="6299" SrcFileId="6" StartOffset="6206"/>
</LocList>
</BasicStmnt>
<BasicStmnt CovItemId="S70" CovItemPrefix="my.PSM.PSM_Interface.PrefilledScheduleForm.java" Intrnl_Id="660">
<LocList>
<Loc EndOffset="6341" SrcFileId="6" StartOffset="6308"/>
</LocList>
</BasicStmnt>
<BasicStmnt CovItemId="S71" CovItemPrefix="my.PSM.PSM_Interface.PrefilledScheduleForm.java" Intrnl_Id="661">
<LocList>
<Loc EndOffset="8037" SrcFileId="6" StartOffset="6350"/>
</LocList>
</BasicStmnt>
<BasicStmnt CovItemId="S72" CovItemPrefix="my.PSM.PSM_Interface.PrefilledScheduleForm.java" Intrnl_Id="662">
<LocList>
<Loc EndOffset="9303" SrcFileId="6" StartOffset="8046"/>
</LocList>
</BasicStmnt>
<BasicStmnt CovItemId="S73" CovItemPrefix="my.PSM.PSM_Interface.PrefilledScheduleForm.java" Intrnl_Id="663">
<LocList>
<Loc EndOffset="9576" SrcFileId="6" StartOffset="9313"/>
</LocList>
</BasicStmnt>
<BasicStmnt CovItemId="S74" CovItemPrefix="my.PSM.PSM_Interface.PrefilledScheduleForm.java" Intrnl_Id="664">
<LocList>
<Loc EndOffset="9637" SrcFileId="6" StartOffset="9586"/>
</LocList>
</BasicStmnt>
<BasicStmnt CovItemId="S75" CovItemPrefix="my.PSM.PSM_Interface.PrefilledScheduleForm.java" Intrnl_Id="665">
<LocList>
<Loc EndOffset="9674" SrcFileId="6" StartOffset="9646"/>
</LocList>
</BasicStmnt>
<BasicStmnt CovItemId="S76" CovItemPrefix="my.PSM.PSM_Interface.PrefilledScheduleForm.java" Intrnl_Id="666">
<LocList>
<Loc EndOffset="9735" SrcFileId="6" StartOffset="9684"/>
</LocList>
</BasicStmnt>
<BasicStmnt CovItemId="S77" CovItemPrefix="my.PSM.PSM_Interface.PrefilledScheduleForm.java" Intrnl_Id="667">
<LocList>
<Loc EndOffset="9776" SrcFileId="6" StartOffset="9744"/>
</LocList>
</BasicStmnt>
<BasicStmnt CovItemId="S78" CovItemPrefix="my.PSM.PSM_Interface.PrefilledScheduleForm.java" Intrnl_Id="668">
<LocList>
<Loc EndOffset="9837" SrcFileId="6" StartOffset="9786"/>
</LocList>
</BasicStmnt>
<BasicStmnt CovItemId="S79" CovItemPrefix="my.PSM.PSM_Interface.PrefilledScheduleForm.java" Intrnl_Id="669">
<LocList>
<Loc EndOffset="9880" SrcFileId="6" StartOffset="9846"/>
</LocList>
</BasicStmnt>
<BasicStmnt CovItemId="S80" CovItemPrefix="my.PSM.PSM_Interface.PrefilledScheduleForm.java" Intrnl_Id="670">
<LocList>
<Loc EndOffset="9920" SrcFileId="6" StartOffset="9890"/>
<Loc EndOffset="10106" SrcFileId="6" StartOffset="10104"/>
</LocList>
</BasicStmnt>
<BasicStmnt CovItemId="S82" CovItemPrefix="my.PSM.PSM_Interface.PrefilledScheduleForm.java" Intrnl_Id="671">
<LocList>
<Loc EndOffset="10146" SrcFileId="6" StartOffset="10116"/>
<Loc EndOffset="10332" SrcFileId="6" StartOffset="10330"/>
</LocList>
</BasicStmnt>
<BasicStmnt CovItemId="S84" CovItemPrefix="my.PSM.PSM_Interface.PrefilledScheduleForm.java" Intrnl_Id="672">
<LocList>
<Loc EndOffset="10394" SrcFileId="6" StartOffset="10342"/>
</LocList>
</BasicStmnt>
<BasicStmnt CovItemId="S85" CovItemPrefix="my.PSM.PSM_Interface.PrefilledScheduleForm.java" Intrnl_Id="673">
<LocList>
<Loc EndOffset="10429" SrcFileId="6" StartOffset="10403"/>
</LocList>
</BasicStmnt>
<BasicStmnt CovItemId="S86" CovItemPrefix="my.PSM.PSM_Interface.PrefilledScheduleForm.java" Intrnl_Id="674">
<LocList>
<Loc EndOffset="10532" SrcFileId="6" StartOffset="10439"/>
</LocList>
</BasicStmnt>
<BasicStmnt CovItemId="S87" CovItemPrefix="my.PSM.PSM_Interface.PrefilledScheduleForm.java" Intrnl_Id="675">
<LocList>
<Loc EndOffset="10574" SrcFileId="6" StartOffset="10541"/>
</LocList>
</BasicStmnt>
<BasicStmnt CovItemId="S88" CovItemPrefix="my.PSM.PSM_Interface.PrefilledScheduleForm.java" Intrnl_Id="676">
<LocList>
<Loc EndOffset="12050" SrcFileId="6" StartOffset="10583"/>
</LocList>
</BasicStmnt>
<BasicStmnt CovItemId="S89" CovItemPrefix="my.PSM.PSM_Interface.PrefilledScheduleForm.java" Intrnl_Id="677">
<LocList>
<Loc EndOffset="13226" SrcFileId="6" StartOffset="12059"/>
</LocList>
</BasicStmnt>
<BasicStmnt CovItemId="S90" CovItemPrefix="my.PSM.PSM_Interface.PrefilledScheduleForm.java" Intrnl_Id="678">
<LocList>
<Loc EndOffset="13493" SrcFileId="6" StartOffset="13236"/>
</LocList>
</BasicStmnt>
<BasicStmnt CovItemId="S91" CovItemPrefix="my.PSM.PSM_Interface.PrefilledScheduleForm.java" Intrnl_Id="679">
<LocList>
<Loc EndOffset="13554" SrcFileId="6" StartOffset="13503"/>
</LocList>
</BasicStmnt>
<BasicStmnt CovItemId="S92" CovItemPrefix="my.PSM.PSM_Interface.PrefilledScheduleForm.java" Intrnl_Id="680">
<LocList>
<Loc EndOffset="13629" SrcFileId="6" StartOffset="13563"/>
</LocList>
</BasicStmnt>
<BasicStmnt CovItemId="S93" CovItemPrefix="my.PSM.PSM_Interface.PrefilledScheduleForm.java" Intrnl_Id="681">
<LocList>
<Loc EndOffset="13664" SrcFileId="6" StartOffset="13638"/>
</LocList>
</BasicStmnt>
<BasicStmnt CovItemId="S94" CovItemPrefix="my.PSM.PSM_Interface.PrefilledScheduleForm.java" Intrnl_Id="682">
<LocList>
<Loc EndOffset="13726" SrcFileId="6" StartOffset="13674"/>
</LocList>
</BasicStmnt>
<BasicStmnt CovItemId="S95" CovItemPrefix="my.PSM.PSM_Interface.PrefilledScheduleForm.java" Intrnl_Id="683">
<LocList>
<Loc EndOffset="13767" SrcFileId="6" StartOffset="13735"/>
</LocList>
</BasicStmnt>
<BasicStmnt CovItemId="S96" CovItemPrefix="my.PSM.PSM_Interface.PrefilledScheduleForm.java" Intrnl_Id="684">
<LocList>
<Loc EndOffset="13829" SrcFileId="6" StartOffset="13777"/>
</LocList>
</BasicStmnt>
<BasicStmnt CovItemId="S97" CovItemPrefix="my.PSM.PSM_Interface.PrefilledScheduleForm.java" Intrnl_Id="685">
<LocList>
<Loc EndOffset="13868" SrcFileId="6" StartOffset="13838"/>
</LocList>
</BasicStmnt>
<BasicStmnt CovItemId="S98" CovItemPrefix="my.PSM.PSM_Interface.PrefilledScheduleForm.java" Intrnl_Id="686">
<LocList>
<Loc EndOffset="13929" SrcFileId="6" StartOffset="13878"/>
</LocList>
</BasicStmnt>
<BasicStmnt CovItemId="S99" CovItemPrefix="my.PSM.PSM_Interface.PrefilledScheduleForm.java" Intrnl_Id="687">
<LocList>
<Loc EndOffset="13965" SrcFileId="6" StartOffset="13938"/>
</LocList>
</BasicStmnt>
<BasicStmnt CovItemId="S100" CovItemPrefix="my.PSM.PSM_Interface.PrefilledScheduleForm.java" Intrnl_Id="688">
<LocList>
<Loc EndOffset="14026" SrcFileId="6" StartOffset="13975"/>
</LocList>
</BasicStmnt>
<BasicStmnt CovItemId="S101" CovItemPrefix="my.PSM.PSM_Interface.PrefilledScheduleForm.java" Intrnl_Id="689">
<LocList>
<Loc EndOffset="14064" SrcFileId="6" StartOffset="14035"/>
</LocList>
</BasicStmnt>
<BasicStmnt CovItemId="S102" CovItemPrefix="my.PSM.PSM_Interface.PrefilledScheduleForm.java" Intrnl_Id="690">
<LocList>
<Loc EndOffset="14126" SrcFileId="6" StartOffset="14074"/>
</LocList>
</BasicStmnt>
<BasicStmnt CovItemId="S103" CovItemPrefix="my.PSM.PSM_Interface.PrefilledScheduleForm.java" Intrnl_Id="691">
<LocList>
<Loc EndOffset="14164" SrcFileId="6" StartOffset="14135"/>
</LocList>
</BasicStmnt>
<BasicStmnt CovItemId="S104" CovItemPrefix="my.PSM.PSM_Interface.PrefilledScheduleForm.java" Intrnl_Id="692">
<LocList>
<Loc EndOffset="14226" SrcFileId="6" StartOffset="14174"/>
</LocList>
</BasicStmnt>
<BasicStmnt CovItemId="S105" CovItemPrefix="my.PSM.PSM_Interface.PrefilledScheduleForm.java" Intrnl_Id="693">
<LocList>
<Loc EndOffset="14262" SrcFileId="6" StartOffset="14235"/>
</LocList>
</BasicStmnt>
<BasicStmnt CovItemId="S106" CovItemPrefix="my.PSM.PSM_Interface.PrefilledScheduleForm.java" Intrnl_Id="694">
<LocList>
<Loc EndOffset="14324" SrcFileId="6" StartOffset="14272"/>
</LocList>
</BasicStmnt>
<BasicStmnt CovItemId="S107" CovItemPrefix="my.PSM.PSM_Interface.PrefilledScheduleForm.java" Intrnl_Id="695">
<LocList>
<Loc EndOffset="14362" SrcFileId="6" StartOffset="14333"/>
</LocList>
</BasicStmnt>
<BasicStmnt CovItemId="S108" CovItemPrefix="my.PSM.PSM_Interface.PrefilledScheduleForm.java" Intrnl_Id="696">
<LocList>
<Loc EndOffset="14424" SrcFileId="6" StartOffset="14372"/>
</LocList>
</BasicStmnt>
<BasicStmnt CovItemId="S109" CovItemPrefix="my.PSM.PSM_Interface.PrefilledScheduleForm.java" Intrnl_Id="697">
<LocList>
<Loc EndOffset="14478" SrcFileId="6" StartOffset="14433"/>
</LocList>
</BasicStmnt>
<BasicStmnt CovItemId="S110" CovItemPrefix="my.PSM.PSM_Interface.PrefilledScheduleForm.java" Intrnl_Id="698">
<LocList>
<Loc EndOffset="14518" SrcFileId="6" StartOffset="14488"/>
<Loc EndOffset="14704" SrcFileId="6" StartOffset="14702"/>
</LocList>
</BasicStmnt>
<BasicStmnt CovItemId="S112" CovItemPrefix="my.PSM.PSM_Interface.PrefilledScheduleForm.java" Intrnl_Id="699">
<LocList>
<Loc EndOffset="14744" SrcFileId="6" StartOffset="14714"/>
<Loc EndOffset="14930" SrcFileId="6" StartOffset="14928"/>
</LocList>
</BasicStmnt>
<BasicStmnt CovItemId="S114" CovItemPrefix="my.PSM.PSM_Interface.PrefilledScheduleForm.java" Intrnl_Id="700">
<LocList>
<Loc EndOffset="14971" SrcFileId="6" StartOffset="14940"/>
<Loc EndOffset="15158" SrcFileId="6" StartOffset="15156"/>
</LocList>
</BasicStmnt>
<BasicStmnt CovItemId="S116" CovItemPrefix="my.PSM.PSM_Interface.PrefilledScheduleForm.java" Intrnl_Id="701">
<LocList>
<Loc EndOffset="15199" SrcFileId="6" StartOffset="15168"/>
<Loc EndOffset="15386" SrcFileId="6" StartOffset="15384"/>
</LocList>
</BasicStmnt>
<BasicStmnt CovItemId="S118" CovItemPrefix="my.PSM.PSM_Interface.PrefilledScheduleForm.java" Intrnl_Id="702">
<LocList>
<Loc EndOffset="15427" SrcFileId="6" StartOffset="15396"/>
<Loc EndOffset="15614" SrcFileId="6" StartOffset="15612"/>
</LocList>
</BasicStmnt>
<BasicStmnt CovItemId="S120" CovItemPrefix="my.PSM.PSM_Interface.PrefilledScheduleForm.java" Intrnl_Id="703">
<LocList>
<Loc EndOffset="15655" SrcFileId="6" StartOffset="15624"/>
<Loc EndOffset="15842" SrcFileId="6" StartOffset="15840"/>
</LocList>
</BasicStmnt>
<BasicStmnt CovItemId="S122" CovItemPrefix="my.PSM.PSM_Interface.PrefilledScheduleForm.java" Intrnl_Id="704">
<LocList>
<Loc EndOffset="15883" SrcFileId="6" StartOffset="15852"/>
<Loc EndOffset="16070" SrcFileId="6" StartOffset="16068"/>
</LocList>
</BasicStmnt>
<BasicStmnt CovItemId="S124" CovItemPrefix="my.PSM.PSM_Interface.PrefilledScheduleForm.java" Intrnl_Id="705">
<LocList>
<Loc EndOffset="16111" SrcFileId="6" StartOffset="16080"/>
<Loc EndOffset="16298" SrcFileId="6" StartOffset="16296"/>
</LocList>
</BasicStmnt>
<BasicStmnt CovItemId="S126" CovItemPrefix="my.PSM.PSM_Interface.PrefilledScheduleForm.java" Intrnl_Id="706">
<LocList>
<Loc EndOffset="16401" SrcFileId="6" StartOffset="16308"/>
</LocList>
</BasicStmnt>
<BasicStmnt CovItemId="S127" CovItemPrefix="my.PSM.PSM_Interface.PrefilledScheduleForm.java" Intrnl_Id="707">
<LocList>
<Loc EndOffset="16443" SrcFileId="6" StartOffset="16410"/>
</LocList>
</BasicStmnt>
<BasicStmnt CovItemId="S128" CovItemPrefix="my.PSM.PSM_Interface.PrefilledScheduleForm.java" Intrnl_Id="708">
<LocList>
<Loc EndOffset="20103" SrcFileId="6" StartOffset="16452"/>
</LocList>
</BasicStmnt>
<BasicStmnt CovItemId="S129" CovItemPrefix="my.PSM.PSM_Interface.PrefilledScheduleForm.java" Intrnl_Id="709">
<LocList>
<Loc EndOffset="23341" SrcFileId="6" StartOffset="20112"/>
</LocList>
</BasicStmnt>
<BasicStmnt CovItemId="S130" CovItemPrefix="my.PSM.PSM_Interface.PrefilledScheduleForm.java" Intrnl_Id="710">
<LocList>
<Loc EndOffset="23446" SrcFileId="6" StartOffset="23351"/>
</LocList>
</BasicStmnt>
<BasicStmnt CovItemId="S131" CovItemPrefix="my.PSM.PSM_Interface.PrefilledScheduleForm.java" Intrnl_Id="711">
<LocList>
<Loc EndOffset="23490" SrcFileId="6" StartOffset="23455"/>
</LocList>
</BasicStmnt>
<BasicStmnt CovItemId="S132" CovItemPrefix="my.PSM.PSM_Interface.PrefilledScheduleForm.java" Intrnl_Id="712">
<LocList>
<Loc EndOffset="24653" SrcFileId="6" StartOffset="23499"/>
</LocList>
</BasicStmnt>
<BasicStmnt CovItemId="S133" CovItemPrefix="my.PSM.PSM_Interface.PrefilledScheduleForm.java" Intrnl_Id="713">
<LocList>
<Loc EndOffset="25725" SrcFileId="6" StartOffset="24662"/>
</LocList>
</BasicStmnt>
<BasicStmnt CovItemId="S134" CovItemPrefix="my.PSM.PSM_Interface.PrefilledScheduleForm.java" Intrnl_Id="714">
<LocList>
<Loc EndOffset="25742" SrcFileId="6" StartOffset="25735"/>
</LocList>
</BasicStmnt>
</StmntSeq>
<HierarchyLvl HierarchyLvlId="1098" HierarchyLvlTypeId="28" Intrnl_Id="715" Name="java.awt.event.ActionListener">
<Header>
<Loc EndOffset="4733" SrcFileId="6" StartOffset="4702"/>
</Header>
<LocList>
<Loc EndOffset="4879" SrcFileId="6" StartOffset="4698"/>
</LocList>
<HierarchyLvl HierarchyLvlId="1097" HierarchyLvlTypeId="26" Intrnl_Id="716" Name="actionPerformed">
<Header>
<Loc EndOffset="4807" SrcFileId="6" StartOffset="4748"/>
</Header>
<LocList>
<Loc EndOffset="4869" SrcFileId="6" StartOffset="4748"/>
</LocList>
<StmntSeq Intrnl_Id="717">
<LocList>
<Loc EndOffset="4855" SrcFileId="6" StartOffset="4826"/>
</LocList>
<BasicStmnt CovItemId="S51" CovItemPrefix="my.PSM.PSM_Interface.PrefilledScheduleForm.java" Intrnl_Id="718">
<LocList>
<Loc EndOffset="4855" SrcFileId="6" StartOffset="4826"/>
</LocList>
</BasicStmnt>
</StmntSeq>
</HierarchyLvl>
</HierarchyLvl>
<HierarchyLvl HierarchyLvlId="1100" HierarchyLvlTypeId="28" Intrnl_Id="719" Name="java.awt.event.ActionListener">
<Header>
<Loc EndOffset="5050" SrcFileId="6" StartOffset="5019"/>
</Header>
<LocList>
<Loc EndOffset="5196" SrcFileId="6" StartOffset="5015"/>
</LocList>
<HierarchyLvl HierarchyLvlId="1099" HierarchyLvlTypeId="26" Intrnl_Id="720" Name="actionPerformed">
<Header>
<Loc EndOffset="5124" SrcFileId="6" StartOffset="5065"/>
</Header>
<LocList>
<Loc EndOffset="5186" SrcFileId="6" StartOffset="5065"/>
</LocList>
<StmntSeq Intrnl_Id="721">
<LocList>
<Loc EndOffset="5172" SrcFileId="6" StartOffset="5143"/>
</LocList>
<BasicStmnt CovItemId="S55" CovItemPrefix="my.PSM.PSM_Interface.PrefilledScheduleForm.java" Intrnl_Id="722">
<LocList>
<Loc EndOffset="5172" SrcFileId="6" StartOffset="5143"/>
</LocList>
</BasicStmnt>
</StmntSeq>
</HierarchyLvl>
</HierarchyLvl>
<HierarchyLvl HierarchyLvlId="1102" HierarchyLvlTypeId="28" Intrnl_Id="723" Name="java.awt.event.ActionListener">
<Header>
<Loc EndOffset="9955" SrcFileId="6" StartOffset="9924"/>
</Header>
<LocList>
<Loc EndOffset="10104" SrcFileId="6" StartOffset="9920"/>
</LocList>
<HierarchyLvl HierarchyLvlId="1101" HierarchyLvlTypeId="26" Intrnl_Id="724" Name="actionPerformed">
<Header>
<Loc EndOffset="10029" SrcFileId="6" StartOffset="9970"/>
</Header>
<LocList>
<Loc EndOffset="10094" SrcFileId="6" StartOffset="9970"/>
</LocList>
<StmntSeq Intrnl_Id="725">
<LocList>
<Loc EndOffset="10080" SrcFileId="6" StartOffset="10048"/>
</LocList>
<BasicStmnt CovItemId="S81" CovItemPrefix="my.PSM.PSM_Interface.PrefilledScheduleForm.java" Intrnl_Id="726">
<LocList>
<Loc EndOffset="10080" SrcFileId="6" StartOffset="10048"/>
</LocList>
</BasicStmnt>
</StmntSeq>
</HierarchyLvl>
</HierarchyLvl>
<HierarchyLvl HierarchyLvlId="1104" HierarchyLvlTypeId="28" Intrnl_Id="727" Name="java.awt.event.ActionListener">
<Header>
<Loc EndOffset="10181" SrcFileId="6" StartOffset="10150"/>
</Header>
<LocList>
<Loc EndOffset="10330" SrcFileId="6" StartOffset="10146"/>
</LocList>
<HierarchyLvl HierarchyLvlId="1103" HierarchyLvlTypeId="26" Intrnl_Id="728" Name="actionPerformed">
<Header>
<Loc EndOffset="10255" SrcFileId="6" StartOffset="10196"/>
</Header>
<LocList>
<Loc EndOffset="10320" SrcFileId="6" StartOffset="10196"/>
</LocList>
<StmntSeq Intrnl_Id="729">
<LocList>
<Loc EndOffset="10306" SrcFileId="6" StartOffset="10274"/>
</LocList>
<BasicStmnt CovItemId="S83" CovItemPrefix="my.PSM.PSM_Interface.PrefilledScheduleForm.java" Intrnl_Id="730">
<LocList>
<Loc EndOffset="10306" SrcFileId="6" StartOffset="10274"/>
</LocList>
</BasicStmnt>
</StmntSeq>
</HierarchyLvl>
</HierarchyLvl>
<HierarchyLvl HierarchyLvlId="1106" HierarchyLvlTypeId="28" Intrnl_Id="731" Name="java.awt.event.ActionListener">
<Header>
<Loc EndOffset="14553" SrcFileId="6" StartOffset="14522"/>
</Header>
<LocList>
<Loc EndOffset="14702" SrcFileId="6" StartOffset="14518"/>
</LocList>
<HierarchyLvl HierarchyLvlId="1105" HierarchyLvlTypeId="26" Intrnl_Id="732" Name="actionPerformed">
<Header>
<Loc EndOffset="14627" SrcFileId="6" StartOffset="14568"/>
</Header>
<LocList>
<Loc EndOffset="14692" SrcFileId="6" StartOffset="14568"/>
</LocList>
<StmntSeq Intrnl_Id="733">
<LocList>
<Loc EndOffset="14678" SrcFileId="6" StartOffset="14646"/>
</LocList>
<BasicStmnt CovItemId="S111" CovItemPrefix="my.PSM.PSM_Interface.PrefilledScheduleForm.java" Intrnl_Id="734">
<LocList>
<Loc EndOffset="14678" SrcFileId="6" StartOffset="14646"/>
</LocList>
</BasicStmnt>
</StmntSeq>
</HierarchyLvl>
</HierarchyLvl>
<HierarchyLvl HierarchyLvlId="1108" HierarchyLvlTypeId="28" Intrnl_Id="735" Name="java.awt.event.ActionListener">
<Header>
<Loc EndOffset="14779" SrcFileId="6" StartOffset="14748"/>
</Header>
<LocList>
<Loc EndOffset="14928" SrcFileId="6" StartOffset="14744"/>
</LocList>
<HierarchyLvl HierarchyLvlId="1107" HierarchyLvlTypeId="26" Intrnl_Id="736" Name="actionPerformed">
<Header>
<Loc EndOffset="14853" SrcFileId="6" StartOffset="14794"/>
</Header>
<LocList>
<Loc EndOffset="14918" SrcFileId="6" StartOffset="14794"/>
</LocList>
<StmntSeq Intrnl_Id="737">
<LocList>
<Loc EndOffset="14904" SrcFileId="6" StartOffset="14872"/>
</LocList>
<BasicStmnt CovItemId="S113" CovItemPrefix="my.PSM.PSM_Interface.PrefilledScheduleForm.java" Intrnl_Id="738">
<LocList>
<Loc EndOffset="14904" SrcFileId="6" StartOffset="14872"/>
</LocList>
</BasicStmnt>
</StmntSeq>
</HierarchyLvl>
</HierarchyLvl>
<HierarchyLvl HierarchyLvlId="1110" HierarchyLvlTypeId="28" Intrnl_Id="739" Name="java.awt.event.ActionListener">
<Header>
<Loc EndOffset="15006" SrcFileId="6" StartOffset="14975"/>
</Header>
<LocList>
<Loc EndOffset="15156" SrcFileId="6" StartOffset="14971"/>
</LocList>
<HierarchyLvl HierarchyLvlId="1109" HierarchyLvlTypeId="26" Intrnl_Id="740" Name="actionPerformed">
<Header>
<Loc EndOffset="15080" SrcFileId="6" StartOffset="15021"/>
</Header>
<LocList>
<Loc EndOffset="15146" SrcFileId="6" StartOffset="15021"/>
</LocList>
<StmntSeq Intrnl_Id="741">
<LocList>
<Loc EndOffset="15132" SrcFileId="6" StartOffset="15099"/>
</LocList>
<BasicStmnt CovItemId="S115" CovItemPrefix="my.PSM.PSM_Interface.PrefilledScheduleForm.java" Intrnl_Id="742">
<LocList>
<Loc EndOffset="15132" SrcFileId="6" StartOffset="15099"/>
</LocList>
</BasicStmnt>
</StmntSeq>
</HierarchyLvl>
</HierarchyLvl>
<HierarchyLvl HierarchyLvlId="1112" HierarchyLvlTypeId="28" Intrnl_Id="743" Name="java.awt.event.ActionListener">
<Header>
<Loc EndOffset="15234" SrcFileId="6" StartOffset="15203"/>
</Header>
<LocList>
<Loc EndOffset="15384" SrcFileId="6" StartOffset="15199"/>
</LocList>
<HierarchyLvl HierarchyLvlId="1111" HierarchyLvlTypeId="26" Intrnl_Id="744" Name="actionPerformed">
<Header>
<Loc EndOffset="15308" SrcFileId="6" StartOffset="15249"/>
</Header>
<LocList>
<Loc EndOffset="15374" SrcFileId="6" StartOffset="15249"/>
</LocList>
<StmntSeq Intrnl_Id="745">
<LocList>
<Loc EndOffset="15360" SrcFileId="6" StartOffset="15327"/>
</LocList>
<BasicStmnt CovItemId="S117" CovItemPrefix="my.PSM.PSM_Interface.PrefilledScheduleForm.java" Intrnl_Id="746">
<LocList>
<Loc EndOffset="15360" SrcFileId="6" StartOffset="15327"/>
</LocList>
</BasicStmnt>
</StmntSeq>
</HierarchyLvl>
</HierarchyLvl>
<HierarchyLvl HierarchyLvlId="1114" HierarchyLvlTypeId="28" Intrnl_Id="747" Name="java.awt.event.ActionListener">
<Header>
<Loc EndOffset="15462" SrcFileId="6" StartOffset="15431"/>
</Header>
<LocList>
<Loc EndOffset="15612" SrcFileId="6" StartOffset="15427"/>
</LocList>
<HierarchyLvl HierarchyLvlId="1113" HierarchyLvlTypeId="26" Intrnl_Id="748" Name="actionPerformed">
<Header>
<Loc EndOffset="15536" SrcFileId="6" StartOffset="15477"/>
</Header>
<LocList>
<Loc EndOffset="15602" SrcFileId="6" StartOffset="15477"/>
</LocList>
<StmntSeq Intrnl_Id="749">
<LocList>
<Loc EndOffset="15588" SrcFileId="6" StartOffset="15555"/>
</LocList>
<BasicStmnt CovItemId="S119" CovItemPrefix="my.PSM.PSM_Interface.PrefilledScheduleForm.java" Intrnl_Id="750">
<LocList>
<Loc EndOffset="15588" SrcFileId="6" StartOffset="15555"/>
</LocList>
</BasicStmnt>
</StmntSeq>
</HierarchyLvl>
</HierarchyLvl>
<HierarchyLvl HierarchyLvlId="1116" HierarchyLvlTypeId="28" Intrnl_Id="751" Name="java.awt.event.ActionListener">
<Header>
<Loc EndOffset="15690" SrcFileId="6" StartOffset="15659"/>
</Header>
<LocList>
<Loc EndOffset="15840" SrcFileId="6" StartOffset="15655"/>
</LocList>
<HierarchyLvl HierarchyLvlId="1115" HierarchyLvlTypeId="26" Intrnl_Id="752" Name="actionPerformed">
<Header>
<Loc EndOffset="15764" SrcFileId="6" StartOffset="15705"/>
</Header>
<LocList>
<Loc EndOffset="15830" SrcFileId="6" StartOffset="15705"/>
</LocList>
<StmntSeq Intrnl_Id="753">
<LocList>
<Loc EndOffset="15816" SrcFileId="6" StartOffset="15783"/>
</LocList>
<BasicStmnt CovItemId="S121" CovItemPrefix="my.PSM.PSM_Interface.PrefilledScheduleForm.java" Intrnl_Id="754">
<LocList>
<Loc EndOffset="15816" SrcFileId="6" StartOffset="15783"/>
</LocList>
</BasicStmnt>
</StmntSeq>
</HierarchyLvl>
</HierarchyLvl>
<HierarchyLvl HierarchyLvlId="1118" HierarchyLvlTypeId="28" Intrnl_Id="755" Name="java.awt.event.ActionListener">
<Header>
<Loc EndOffset="15918" SrcFileId="6" StartOffset="15887"/>
</Header>
<LocList>
<Loc EndOffset="16068" SrcFileId="6" StartOffset="15883"/>
</LocList>
<HierarchyLvl HierarchyLvlId="1117" HierarchyLvlTypeId="26" Intrnl_Id="756" Name="actionPerformed">
<Header>
<Loc EndOffset="15992" SrcFileId="6" StartOffset="15933"/>
</Header>
<LocList>
<Loc EndOffset="16058" SrcFileId="6" StartOffset="15933"/>
</LocList>
<StmntSeq Intrnl_Id="757">
<LocList>
<Loc EndOffset="16044" SrcFileId="6" StartOffset="16011"/>
</LocList>
<BasicStmnt CovItemId="S123" CovItemPrefix="my.PSM.PSM_Interface.PrefilledScheduleForm.java" Intrnl_Id="758">
<LocList>
<Loc EndOffset="16044" SrcFileId="6" StartOffset="16011"/>
</LocList>
</BasicStmnt>
</StmntSeq>
</HierarchyLvl>
</HierarchyLvl>
<HierarchyLvl HierarchyLvlId="1120" HierarchyLvlTypeId="28" Intrnl_Id="759" Name="java.awt.event.ActionListener">
<Header>
<Loc EndOffset="16146" SrcFileId="6" StartOffset="16115"/>
</Header>
<LocList>
<Loc EndOffset="16296" SrcFileId="6" StartOffset="16111"/>
</LocList>
<HierarchyLvl HierarchyLvlId="1119" HierarchyLvlTypeId="26" Intrnl_Id="760" Name="actionPerformed">
<Header>
<Loc EndOffset="16220" SrcFileId="6" StartOffset="16161"/>
</Header>
<LocList>
<Loc EndOffset="16286" SrcFileId="6" StartOffset="16161"/>
</LocList>
<StmntSeq Intrnl_Id="761">
<LocList>
<Loc EndOffset="16272" SrcFileId="6" StartOffset="16239"/>
</LocList>
<BasicStmnt CovItemId="S125" CovItemPrefix="my.PSM.PSM_Interface.PrefilledScheduleForm.java" Intrnl_Id="762">
<LocList>
<Loc EndOffset="16272" SrcFileId="6" StartOffset="16239"/>
</LocList>
</BasicStmnt>
</StmntSeq>
</HierarchyLvl>
</HierarchyLvl>
</HierarchyLvl>
<HierarchyLvl HierarchyLvlId="1122" HierarchyLvlTypeId="26" Intrnl_Id="763" Name="jButton2ActionPerformed">
<Header>
<Loc EndOffset="25863" SrcFileId="6" StartOffset="25795"/>
</Header>
<LocList>
<Loc EndOffset="26602" SrcFileId="6" StartOffset="25795"/>
</LocList>
<StmntSeq Intrnl_Id="764">
<LocList>
<Loc EndOffset="25934" SrcFileId="6" StartOffset="25914"/>
<Loc EndOffset="25991" SrcFileId="6" StartOffset="25949"/>
<Loc EndOffset="26038" SrcFileId="6" StartOffset="25998"/>
<Loc EndOffset="26083" SrcFileId="6" StartOffset="26045"/>
<Loc EndOffset="26127" SrcFileId="6" StartOffset="26090"/>
<Loc EndOffset="26172" SrcFileId="6" StartOffset="26134"/>
<Loc EndOffset="26216" SrcFileId="6" StartOffset="26179"/>
<Loc EndOffset="26261" SrcFileId="6" StartOffset="26223"/>
<Loc EndOffset="26305" SrcFileId="6" StartOffset="26268"/>
<Loc EndOffset="26350" SrcFileId="6" StartOffset="26312"/>
<Loc EndOffset="26394" SrcFileId="6" StartOffset="26357"/>
<Loc EndOffset="26439" SrcFileId="6" StartOffset="26401"/>
<Loc EndOffset="26483" SrcFileId="6" StartOffset="26446"/>
<Loc EndOffset="26528" SrcFileId="6" StartOffset="26490"/>
<Loc EndOffset="26572" SrcFileId="6" StartOffset="26535"/>
<Loc EndOffset="26596" SrcFileId="6" StartOffset="26586"/>
</LocList>
<BasicStmnt CovItemId="S135" CovItemPrefix="my.PSM.PSM_Interface.PrefilledScheduleForm.java" Intrnl_Id="765">
<LocList>
<Loc EndOffset="25934" SrcFileId="6" StartOffset="25914"/>
</LocList>
</BasicStmnt>
<BasicStmnt CovItemId="S136" CovItemPrefix="my.PSM.PSM_Interface.PrefilledScheduleForm.java" Intrnl_Id="766">
<LocList>
<Loc EndOffset="25991" SrcFileId="6" StartOffset="25949"/>
</LocList>
</BasicStmnt>
<BasicStmnt CovItemId="S137" CovItemPrefix="my.PSM.PSM_Interface.PrefilledScheduleForm.java" Intrnl_Id="767">
<LocList>
<Loc EndOffset="26038" SrcFileId="6" StartOffset="25998"/>
</LocList>
</BasicStmnt>
<BasicStmnt CovItemId="S138" CovItemPrefix="my.PSM.PSM_Interface.PrefilledScheduleForm.java" Intrnl_Id="768">
<LocList>
<Loc EndOffset="26083" SrcFileId="6" StartOffset="26045"/>
</LocList>
</BasicStmnt>
<BasicStmnt CovItemId="S139" CovItemPrefix="my.PSM.PSM_Interface.PrefilledScheduleForm.java" Intrnl_Id="769">
<LocList>
<Loc EndOffset="26127" SrcFileId="6" StartOffset="26090"/>
</LocList>
</BasicStmnt>
<BasicStmnt CovItemId="S140" CovItemPrefix="my.PSM.PSM_Interface.PrefilledScheduleForm.java" Intrnl_Id="770">
<LocList>
<Loc EndOffset="26172" SrcFileId="6" StartOffset="26134"/>
</LocList>
</BasicStmnt>
<BasicStmnt CovItemId="S141" CovItemPrefix="my.PSM.PSM_Interface.PrefilledScheduleForm.java" Intrnl_Id="771">
<LocList>
<Loc EndOffset="26216" SrcFileId="6" StartOffset="26179"/>
</LocList>
</BasicStmnt>
<BasicStmnt CovItemId="S142" CovItemPrefix="my.PSM.PSM_Interface.PrefilledScheduleForm.java" Intrnl_Id="772">
<LocList>
<Loc EndOffset="26261" SrcFileId="6" StartOffset="26223"/>
</LocList>
</BasicStmnt>
<BasicStmnt CovItemId="S143" CovItemPrefix="my.PSM.PSM_Interface.PrefilledScheduleForm.java" Intrnl_Id="773">
<LocList>
<Loc EndOffset="26305" SrcFileId="6" StartOffset="26268"/>
</LocList>
</BasicStmnt>
<BasicStmnt CovItemId="S144" CovItemPrefix="my.PSM.PSM_Interface.PrefilledScheduleForm.java" Intrnl_Id="774">
<LocList>
<Loc EndOffset="26350" SrcFileId="6" StartOffset="26312"/>
</LocList>
</BasicStmnt>
<BasicStmnt CovItemId="S145" CovItemPrefix="my.PSM.PSM_Interface.PrefilledScheduleForm.java" Intrnl_Id="775">
<LocList>
<Loc EndOffset="26394" SrcFileId="6" StartOffset="26357"/>
</LocList>
</BasicStmnt>
<BasicStmnt CovItemId="S146" CovItemPrefix="my.PSM.PSM_Interface.PrefilledScheduleForm.java" Intrnl_Id="776">
<LocList>
<Loc EndOffset="26439" SrcFileId="6" StartOffset="26401"/>
</LocList>
</BasicStmnt>
<BasicStmnt CovItemId="S147" CovItemPrefix="my.PSM.PSM_Interface.PrefilledScheduleForm.java" Intrnl_Id="777">
<LocList>
<Loc EndOffset="26483" SrcFileId="6" StartOffset="26446"/>
</LocList>
</BasicStmnt>
<BasicStmnt CovItemId="S148" CovItemPrefix="my.PSM.PSM_Interface.PrefilledScheduleForm.java" Intrnl_Id="778">
<LocList>
<Loc EndOffset="26528" SrcFileId="6" StartOffset="26490"/>
</LocList>
</BasicStmnt>
<BasicStmnt CovItemId="S149" CovItemPrefix="my.PSM.PSM_Interface.PrefilledScheduleForm.java" Intrnl_Id="779">
<LocList>
<Loc EndOffset="26572" SrcFileId="6" StartOffset="26535"/>
</LocList>
</BasicStmnt>
<BasicStmnt CovItemId="S150" CovItemPrefix="my.PSM.PSM_Interface.PrefilledScheduleForm.java" Intrnl_Id="780">
<LocList>
<Loc EndOffset="26596" SrcFileId="6" StartOffset="26586"/>
</LocList>
</BasicStmnt>
</StmntSeq>
</HierarchyLvl>
<HierarchyLvl HierarchyLvlId="1123" HierarchyLvlTypeId="26" Intrnl_Id="781" Name="jButton1ActionPerformed">
<Header>
<Loc EndOffset="26716" SrcFileId="6" StartOffset="26648"/>
</Header>
<LocList>
<Loc EndOffset="26784" SrcFileId="6" StartOffset="26648"/>
</LocList>
<StmntSeq Intrnl_Id="782">
<LocList>
<Loc EndOffset="26778" SrcFileId="6" StartOffset="26768"/>
</LocList>
<BasicStmnt CovItemId="S151" CovItemPrefix="my.PSM.PSM_Interface.PrefilledScheduleForm.java" Intrnl_Id="783">
<LocList>
<Loc EndOffset="26778" SrcFileId="6" StartOffset="26768"/>
</LocList>
</BasicStmnt>
</StmntSeq>
</HierarchyLvl>
<HierarchyLvl HierarchyLvlId="1124" HierarchyLvlTypeId="26" Intrnl_Id="784" Name="jTextField1ActionPerformed">
<Header>
<Loc EndOffset="26901" SrcFileId="6" StartOffset="26830"/>
</Header>
<LocList>
<Loc EndOffset="26998" SrcFileId="6" StartOffset="26830"/>
</LocList>
</HierarchyLvl>
<HierarchyLvl HierarchyLvlId="1125" HierarchyLvlTypeId="26" Intrnl_Id="785" Name="jTextField2ActionPerformed">
<Header>
<Loc EndOffset="27118" SrcFileId="6" StartOffset="27047"/>
</Header>
<LocList>
<Loc EndOffset="27215" SrcFileId="6" StartOffset="27047"/>
</LocList>
</HierarchyLvl>
<HierarchyLvl HierarchyLvlId="1126" HierarchyLvlTypeId="26" Intrnl_Id="786" Name="jTextField7ActionPerformed">
<Header>
<Loc EndOffset="27335" SrcFileId="6" StartOffset="27264"/>
</Header>
<LocList>
<Loc EndOffset="27432" SrcFileId="6" StartOffset="27264"/>
</LocList>
</HierarchyLvl>
<HierarchyLvl HierarchyLvlId="1127" HierarchyLvlTypeId="26" Intrnl_Id="787" Name="jTextField9ActionPerformed">
<Header>
<Loc EndOffset="27552" SrcFileId="6" StartOffset="27481"/>
</Header>
<LocList>
<Loc EndOffset="27649" SrcFileId="6" StartOffset="27481"/>
</LocList>
</HierarchyLvl>
<HierarchyLvl HierarchyLvlId="1128" HierarchyLvlTypeId="26" Intrnl_Id="788" Name="jTextField10ActionPerformed">
<Header>
<Loc EndOffset="27770" SrcFileId="6" StartOffset="27698"/>
</Header>
<LocList>
<Loc EndOffset="27868" SrcFileId="6" StartOffset="27698"/>
</LocList>
</HierarchyLvl>
<HierarchyLvl HierarchyLvlId="1129" HierarchyLvlTypeId="26" Intrnl_Id="789" Name="jTextField11ActionPerformed">
<Header>
<Loc EndOffset="27990" SrcFileId="6" StartOffset="27918"/>
</Header>
<LocList>
<Loc EndOffset="28088" SrcFileId="6" StartOffset="27918"/>
</LocList>
</HierarchyLvl>
<HierarchyLvl HierarchyLvlId="1130" HierarchyLvlTypeId="26" Intrnl_Id="790" Name="jTextField12ActionPerformed">
<Header>
<Loc EndOffset="28210" SrcFileId="6" StartOffset="28138"/>
</Header>
<LocList>
<Loc EndOffset="28308" SrcFileId="6" StartOffset="28138"/>
</LocList>
</HierarchyLvl>
<HierarchyLvl HierarchyLvlId="1131" HierarchyLvlTypeId="26" Intrnl_Id="791" Name="jTextField13ActionPerformed">
<Header>
<Loc EndOffset="28430" SrcFileId="6" StartOffset="28358"/>
</Header>
<LocList>
<Loc EndOffset="28528" SrcFileId="6" StartOffset="28358"/>
</LocList>
</HierarchyLvl>
<HierarchyLvl HierarchyLvlId="1132" HierarchyLvlTypeId="26" Intrnl_Id="792" Name="jTextField14ActionPerformed">
<Header>
<Loc EndOffset="28650" SrcFileId="6" StartOffset="28578"/>
</Header>
<LocList>
<Loc EndOffset="28748" SrcFileId="6" StartOffset="28578"/>
</LocList>
</HierarchyLvl>
<HierarchyLvl HierarchyLvlId="1133" HierarchyLvlTypeId="26" Intrnl_Id="793" Name="jTextField15ActionPerformed">
<Header>
<Loc EndOffset="28870" SrcFileId="6" StartOffset="28798"/>
</Header>
<LocList>
<Loc EndOffset="28968" SrcFileId="6" StartOffset="28798"/>
</LocList>
</HierarchyLvl>
<HierarchyLvl HierarchyLvlId="1136" HierarchyLvlTypeId="26" Intrnl_Id="794" Name="launchEdit">
<Header>
<Loc EndOffset="29438" SrcFileId="6" StartOffset="29084"/>
</Header>
<LocList>
<Loc EndOffset="30261" SrcFileId="6" StartOffset="29084"/>
</LocList>
<StmntSeq Intrnl_Id="795">
<LocList>
<Loc EndOffset="29479" SrcFileId="6" StartOffset="29454"/>
<Loc EndOffset="29508" SrcFileId="6" StartOffset="29488"/>
<Loc EndOffset="29540" SrcFileId="6" StartOffset="29517"/>
<Loc EndOffset="29576" SrcFileId="6" StartOffset="29549"/>
<Loc EndOffset="29612" SrcFileId="6" StartOffset="29585"/>
<Loc EndOffset="29644" SrcFileId="6" StartOffset="29621"/>
<Loc EndOffset="29676" SrcFileId="6" StartOffset="29653"/>
<Loc EndOffset="29704" SrcFileId="6" StartOffset="29685"/>
<Loc EndOffset="29736" SrcFileId="6" StartOffset="29713"/>
<Loc EndOffset="29764" SrcFileId="6" StartOffset="29745"/>
<Loc EndOffset="29796" SrcFileId="6" StartOffset="29773"/>
<Loc EndOffset="29824" SrcFileId="6" StartOffset="29805"/>
<Loc EndOffset="29856" SrcFileId="6" StartOffset="29833"/>
<Loc EndOffset="29884" SrcFileId="6" StartOffset="29865"/>
<Loc EndOffset="29916" SrcFileId="6" StartOffset="29893"/>
<Loc EndOffset="29944" SrcFileId="6" StartOffset="29925"/>
<Loc EndOffset="29976" SrcFileId="6" StartOffset="29953"/>
<Loc EndOffset="30004" SrcFileId="6" StartOffset="29985"/>
<Loc EndOffset="30078" SrcFileId="6" StartOffset="30013"/>
<Loc EndOffset="30119" SrcFileId="6" StartOffset="30087"/>
<Loc EndOffset="30255" SrcFileId="6" StartOffset="30253"/>
</LocList>
<BasicStmnt CovItemId="S152" CovItemPrefix="my.PSM.PSM_Interface.PrefilledScheduleForm.java" Intrnl_Id="796">
<LocList>
<Loc EndOffset="29479" SrcFileId="6" StartOffset="29454"/>
</LocList>
</BasicStmnt>
<BasicStmnt CovItemId="S153" CovItemPrefix="my.PSM.PSM_Interface.PrefilledScheduleForm.java" Intrnl_Id="797">
<LocList>
<Loc EndOffset="29508" SrcFileId="6" StartOffset="29488"/>
</LocList>
</BasicStmnt>
<BasicStmnt CovItemId="S154" CovItemPrefix="my.PSM.PSM_Interface.PrefilledScheduleForm.java" Intrnl_Id="798">
<LocList>
<Loc EndOffset="29540" SrcFileId="6" StartOffset="29517"/>
</LocList>
</BasicStmnt>
<BasicStmnt CovItemId="S155" CovItemPrefix="my.PSM.PSM_Interface.PrefilledScheduleForm.java" Intrnl_Id="799">
<LocList>
<Loc EndOffset="29576" SrcFileId="6" StartOffset="29549"/>
</LocList>
</BasicStmnt>
<BasicStmnt CovItemId="S156" CovItemPrefix="my.PSM.PSM_Interface.PrefilledScheduleForm.java" Intrnl_Id="800">
<LocList>
<Loc EndOffset="29612" SrcFileId="6" StartOffset="29585"/>
</LocList>
</BasicStmnt>
<BasicStmnt CovItemId="S157" CovItemPrefix="my.PSM.PSM_Interface.PrefilledScheduleForm.java" Intrnl_Id="801">
<LocList>
<Loc EndOffset="29644" SrcFileId="6" StartOffset="29621"/>
</LocList>
</BasicStmnt>
<BasicStmnt CovItemId="S158" CovItemPrefix="my.PSM.PSM_Interface.PrefilledScheduleForm.java" Intrnl_Id="802">
<LocList>
<Loc EndOffset="29676" SrcFileId="6" StartOffset="29653"/>
</LocList>
</BasicStmnt>
<BasicStmnt CovItemId="S159" CovItemPrefix="my.PSM.PSM_Interface.PrefilledScheduleForm.java" Intrnl_Id="803">
<LocList>
<Loc EndOffset="29704" SrcFileId="6" StartOffset="29685"/>
</LocList>
</BasicStmnt>
<BasicStmnt CovItemId="S160" CovItemPrefix="my.PSM.PSM_Interface.PrefilledScheduleForm.java" Intrnl_Id="804">
<LocList>
<Loc EndOffset="29736" SrcFileId="6" StartOffset="29713"/>
</LocList>
</BasicStmnt>
<BasicStmnt CovItemId="S161" CovItemPrefix="my.PSM.PSM_Interface.PrefilledScheduleForm.java" Intrnl_Id="805">
<LocList>
<Loc EndOffset="29764" SrcFileId="6" StartOffset="29745"/>
</LocList>
</BasicStmnt>
<BasicStmnt CovItemId="S162" CovItemPrefix="my.PSM.PSM_Interface.PrefilledScheduleForm.java" Intrnl_Id="806">
<LocList>
<Loc EndOffset="29796" SrcFileId="6" StartOffset="29773"/>
</LocList>
</BasicStmnt>
<BasicStmnt CovItemId="S163" CovItemPrefix="my.PSM.PSM_Interface.PrefilledScheduleForm.java" Intrnl_Id="807">
<LocList>
<Loc EndOffset="29824" SrcFileId="6" StartOffset="29805"/>
</LocList>
</BasicStmnt>
<BasicStmnt CovItemId="S164" CovItemPrefix="my.PSM.PSM_Interface.PrefilledScheduleForm.java" Intrnl_Id="808">
<LocList>
<Loc EndOffset="29856" SrcFileId="6" StartOffset="29833"/>
</LocList>
</BasicStmnt>
<BasicStmnt CovItemId="S165" CovItemPrefix="my.PSM.PSM_Interface.PrefilledScheduleForm.java" Intrnl_Id="809">
<LocList>
<Loc EndOffset="29884" SrcFileId="6" StartOffset="29865"/>
</LocList>
</BasicStmnt>
<BasicStmnt CovItemId="S166" CovItemPrefix="my.PSM.PSM_Interface.PrefilledScheduleForm.java" Intrnl_Id="810">
<LocList>
<Loc EndOffset="29916" SrcFileId="6" StartOffset="29893"/>
</LocList>
</BasicStmnt>
<BasicStmnt CovItemId="S167" CovItemPrefix="my.PSM.PSM_Interface.PrefilledScheduleForm.java" Intrnl_Id="811">
<LocList>
<Loc EndOffset="29944" SrcFileId="6" StartOffset="29925"/>
</LocList>
</BasicStmnt>
<BasicStmnt CovItemId="S168" CovItemPrefix="my.PSM.PSM_Interface.PrefilledScheduleForm.java" Intrnl_Id="812">
<LocList>
<Loc EndOffset="29976" SrcFileId="6" StartOffset="29953"/>
</LocList>
</BasicStmnt>
<BasicStmnt CovItemId="S169" CovItemPrefix="my.PSM.PSM_Interface.PrefilledScheduleForm.java" Intrnl_Id="813">
<LocList>
<Loc EndOffset="30004" SrcFileId="6" StartOffset="29985"/>
</LocList>
</BasicStmnt>
<BasicStmnt CovItemId="S170" CovItemPrefix="my.PSM.PSM_Interface.PrefilledScheduleForm.java" Intrnl_Id="814">
<LocList>
<Loc EndOffset="30078" SrcFileId="6" StartOffset="30013"/>
</LocList>
</BasicStmnt>
<BasicStmnt CovItemId="S171" CovItemPrefix="my.PSM.PSM_Interface.PrefilledScheduleForm.java" Intrnl_Id="815">
<LocList>
<Loc EndOffset="30119" SrcFileId="6" StartOffset="30087"/>
<Loc EndOffset="30255" SrcFileId="6" StartOffset="30253"/>
</LocList>
</BasicStmnt>
</StmntSeq>
<HierarchyLvl HierarchyLvlId="1135" HierarchyLvlTypeId="28" Intrnl_Id="816" Name="Runnable">
<Header>
<Loc EndOffset="30133" SrcFileId="6" StartOffset="30123"/>
</Header>
<LocList>
<Loc EndOffset="30253" SrcFileId="6" StartOffset="30119"/>
</LocList>
<HierarchyLvl HierarchyLvlId="1134" HierarchyLvlTypeId="26" Intrnl_Id="817" Name="run">
<Header>
<Loc EndOffset="30165" SrcFileId="6" StartOffset="30148"/>
</Header>
<LocList>
<Loc EndOffset="30243" SrcFileId="6" StartOffset="30148"/>
</LocList>
<StmntSeq Intrnl_Id="818">
<LocList>
<Loc EndOffset="30229" SrcFileId="6" StartOffset="30184"/>
</LocList>
<BasicStmnt CovItemId="S172" CovItemPrefix="my.PSM.PSM_Interface.PrefilledScheduleForm.java" Intrnl_Id="819">
<LocList>
<Loc EndOffset="30229" SrcFileId="6" StartOffset="30184"/>
</LocList>
</BasicStmnt>
</StmntSeq>
</HierarchyLvl>
</HierarchyLvl>
</HierarchyLvl>
<HierarchyLvl HierarchyLvlId="1137" HierarchyLvlTypeId="26" Intrnl_Id="820" Name="getDefCourseID">
<Header>
<Loc EndOffset="30305" SrcFileId="6" StartOffset="30271"/>
</Header>
<LocList>
<Loc EndOffset="30332" SrcFileId="6" StartOffset="30271"/>
</LocList>
<StmntSeq Intrnl_Id="821">
<LocList>
<Loc EndOffset="30329" SrcFileId="6" StartOffset="30310"/>
</LocList>
<BasicStmnt CovItemId="S173" CovItemPrefix="my.PSM.PSM_Interface.PrefilledScheduleForm.java" Intrnl_Id="822">
<LocList>
<Loc EndOffset="30329" SrcFileId="6" StartOffset="30310"/>
</LocList>
</BasicStmnt>
</StmntSeq>
</HierarchyLvl>
<HierarchyLvl HierarchyLvlId="1138" HierarchyLvlTypeId="26" Intrnl_Id="823" Name="setDefCourseID">
<Header>
<Loc EndOffset="30384" SrcFileId="6" StartOffset="30334"/>
</Header>
<LocList>
<Loc EndOffset="30440" SrcFileId="6" StartOffset="30334"/>
</LocList>
<StmntSeq Intrnl_Id="824">
<LocList>
<Loc EndOffset="30437" SrcFileId="6" StartOffset="30389"/>
</LocList>
<BasicStmnt CovItemId="S174" CovItemPrefix="my.PSM.PSM_Interface.PrefilledScheduleForm.java" Intrnl_Id="825">
<LocList>
<Loc EndOffset="30437" SrcFileId="6" StartOffset="30389"/>
</LocList>
</BasicStmnt>
</StmntSeq>
</HierarchyLvl>
<HierarchyLvl HierarchyLvlId="1139" HierarchyLvlTypeId="26" Intrnl_Id="826" Name="getNewCourseEnd">
<Header>
<Loc EndOffset="30481" SrcFileId="6" StartOffset="30443"/>
</Header>
<LocList>
<Loc EndOffset="30509" SrcFileId="6" StartOffset="30443"/>
</LocList>
<StmntSeq Intrnl_Id="827">
<LocList>
<Loc EndOffset="30506" SrcFileId="6" StartOffset="30486"/>
</LocList>
<BasicStmnt CovItemId="S175" CovItemPrefix="my.PSM.PSM_Interface.PrefilledScheduleForm.java" Intrnl_Id="828">
<LocList>
<Loc EndOffset="30506" SrcFileId="6" StartOffset="30486"/>
</LocList>
</BasicStmnt>
</StmntSeq>
</HierarchyLvl>
<HierarchyLvl HierarchyLvlId="1140" HierarchyLvlTypeId="26" Intrnl_Id="829" Name="setNewCourseEnd">
<Header>
<Loc EndOffset="30566" SrcFileId="6" StartOffset="30511"/>
</Header>
<LocList>
<Loc EndOffset="30624" SrcFileId="6" StartOffset="30511"/>
</LocList>
<StmntSeq Intrnl_Id="830">
<LocList>
<Loc EndOffset="30621" SrcFileId="6" StartOffset="30571"/>
</LocList>
<BasicStmnt CovItemId="S176" CovItemPrefix="my.PSM.PSM_Interface.PrefilledScheduleForm.java" Intrnl_Id="831">
<LocList>
<Loc EndOffset="30621" SrcFileId="6" StartOffset="30571"/>
</LocList>
</BasicStmnt>
</StmntSeq>
</HierarchyLvl>
<HierarchyLvl HierarchyLvlId="1141" HierarchyLvlTypeId="26" Intrnl_Id="832" Name="getNewCourseStart">
<Header>
<Loc EndOffset="30667" SrcFileId="6" StartOffset="30627"/>
</Header>
<LocList>
<Loc EndOffset="30697" SrcFileId="6" StartOffset="30627"/>
</LocList>
<StmntSeq Intrnl_Id="833">
<LocList>
<Loc EndOffset="30694" SrcFileId="6" StartOffset="30672"/>
</LocList>
<BasicStmnt CovItemId="S177" CovItemPrefix="my.PSM.PSM_Interface.PrefilledScheduleForm.java" Intrnl_Id="834">
<LocList>
<Loc EndOffset="30694" SrcFileId="6" StartOffset="30672"/>
</LocList>
</BasicStmnt>
</StmntSeq>
</HierarchyLvl>
<HierarchyLvl HierarchyLvlId="1142" HierarchyLvlTypeId="26" Intrnl_Id="835" Name="setNewCourseStart">
<Header>
<Loc EndOffset="30758" SrcFileId="6" StartOffset="30699"/>
</Header>
<LocList>
<Loc EndOffset="30820" SrcFileId="6" StartOffset="30699"/>
</LocList>
<StmntSeq Intrnl_Id="836">
<LocList>
<Loc EndOffset="30817" SrcFileId="6" StartOffset="30763"/>
</LocList>
<BasicStmnt CovItemId="S178" CovItemPrefix="my.PSM.PSM_Interface.PrefilledScheduleForm.java" Intrnl_Id="837">
<LocList>
<Loc EndOffset="30817" SrcFileId="6" StartOffset="30763"/>
</LocList>
</BasicStmnt>
</StmntSeq>
</HierarchyLvl>
<HierarchyLvl HierarchyLvlId="1143" HierarchyLvlTypeId="26" Intrnl_Id="838" Name="getNewMonStart">
<Header>
<Loc EndOffset="30860" SrcFileId="6" StartOffset="30823"/>
</Header>
<LocList>
<Loc EndOffset="30887" SrcFileId="6" StartOffset="30823"/>
</LocList>
<StmntSeq Intrnl_Id="839">
<LocList>
<Loc EndOffset="30884" SrcFileId="6" StartOffset="30865"/>
</LocList>
<BasicStmnt CovItemId="S179" CovItemPrefix="my.PSM.PSM_Interface.PrefilledScheduleForm.java" Intrnl_Id="840">
<LocList>
<Loc EndOffset="30884" SrcFileId="6" StartOffset="30865"/>
</LocList>
</BasicStmnt>
</StmntSeq>
</HierarchyLvl>
<HierarchyLvl HierarchyLvlId="1144" HierarchyLvlTypeId="26" Intrnl_Id="841" Name="setNewMonStart">
<Header>
<Loc EndOffset="30942" SrcFileId="6" StartOffset="30889"/>
</Header>
<LocList>
<Loc EndOffset="30998" SrcFileId="6" StartOffset="30889"/>
</LocList>
<StmntSeq Intrnl_Id="842">
<LocList>
<Loc EndOffset="30995" SrcFileId="6" StartOffset="30947"/>
</LocList>
<BasicStmnt CovItemId="S180" CovItemPrefix="my.PSM.PSM_Interface.PrefilledScheduleForm.java" Intrnl_Id="843">
<LocList>
<Loc EndOffset="30995" SrcFileId="6" StartOffset="30947"/>
</LocList>
</BasicStmnt>
</StmntSeq>
</HierarchyLvl>
<HierarchyLvl HierarchyLvlId="1145" HierarchyLvlTypeId="26" Intrnl_Id="844" Name="getNewTueEnd">
<Header>
<Loc EndOffset="31036" SrcFileId="6" StartOffset="31001"/>
</Header>
<LocList>
<Loc EndOffset="31061" SrcFileId="6" StartOffset="31001"/>
</LocList>
<StmntSeq Intrnl_Id="845">
<LocList>
<Loc EndOffset="31058" SrcFileId="6" StartOffset="31041"/>
</LocList>
<BasicStmnt CovItemId="S181" CovItemPrefix="my.PSM.PSM_Interface.PrefilledScheduleForm.java" Intrnl_Id="846">
<LocList>
<Loc EndOffset="31058" SrcFileId="6" StartOffset="31041"/>
</LocList>
</BasicStmnt>
</StmntSeq>
</HierarchyLvl>
<HierarchyLvl HierarchyLvlId="1146" HierarchyLvlTypeId="26" Intrnl_Id="847" Name="setNewTueEnd">
<Header>
<Loc EndOffset="31112" SrcFileId="6" StartOffset="31063"/>
</Header>
<LocList>
<Loc EndOffset="31164" SrcFileId="6" StartOffset="31063"/>
</LocList>
<StmntSeq Intrnl_Id="848">
<LocList>
<Loc EndOffset="31161" SrcFileId="6" StartOffset="31117"/>
</LocList>
<BasicStmnt CovItemId="S182" CovItemPrefix="my.PSM.PSM_Interface.PrefilledScheduleForm.java" Intrnl_Id="849">
<LocList>
<Loc EndOffset="31161" SrcFileId="6" StartOffset="31117"/>
</LocList>
</BasicStmnt>
</StmntSeq>
</HierarchyLvl>
<HierarchyLvl HierarchyLvlId="1147" HierarchyLvlTypeId="26" Intrnl_Id="850" Name="getNewTueStart">
<Header>
<Loc EndOffset="31204" SrcFileId="6" StartOffset="31167"/>
</Header>
<LocList>
<Loc EndOffset="31231" SrcFileId="6" StartOffset="31167"/>
</LocList>
<StmntSeq Intrnl_Id="851">
<LocList>
<Loc EndOffset="31228" SrcFileId="6" StartOffset="31209"/>
</LocList>
<BasicStmnt CovItemId="S183" CovItemPrefix="my.PSM.PSM_Interface.PrefilledScheduleForm.java" Intrnl_Id="852">
<LocList>
<Loc EndOffset="31228" SrcFileId="6" StartOffset="31209"/>
</LocList>
</BasicStmnt>
</StmntSeq>
</HierarchyLvl>
<HierarchyLvl HierarchyLvlId="1148" HierarchyLvlTypeId="26" Intrnl_Id="853" Name="setNewTueStart">
<Header>
<Loc EndOffset="31286" SrcFileId="6" StartOffset="31233"/>
</Header>
<LocList>
<Loc EndOffset="31342" SrcFileId="6" StartOffset="31233"/>
</LocList>
<StmntSeq Intrnl_Id="854">
<LocList>
<Loc EndOffset="31339" SrcFileId="6" StartOffset="31291"/>
</LocList>
<BasicStmnt CovItemId="S184" CovItemPrefix="my.PSM.PSM_Interface.PrefilledScheduleForm.java" Intrnl_Id="855">
<LocList>
<Loc EndOffset="31339" SrcFileId="6" StartOffset="31291"/>
</LocList>
</BasicStmnt>
</StmntSeq>
</HierarchyLvl>
<HierarchyLvl HierarchyLvlId="1149" HierarchyLvlTypeId="26" Intrnl_Id="856" Name="getNewMonEnd">
<Header>
<Loc EndOffset="31380" SrcFileId="6" StartOffset="31345"/>
</Header>
<LocList>
<Loc EndOffset="31405" SrcFileId="6" StartOffset="31345"/>
</LocList>
<StmntSeq Intrnl_Id="857">
<LocList>
<Loc EndOffset="31402" SrcFileId="6" StartOffset="31385"/>
</LocList>
<BasicStmnt CovItemId="S185" CovItemPrefix="my.PSM.PSM_Interface.PrefilledScheduleForm.java" Intrnl_Id="858">
<LocList>
<Loc EndOffset="31402" SrcFileId="6" StartOffset="31385"/>
</LocList>
</BasicStmnt>
</StmntSeq>
</HierarchyLvl>
<HierarchyLvl HierarchyLvlId="1150" HierarchyLvlTypeId="26" Intrnl_Id="859" Name="setNewMonEnd">
<Header>
<Loc EndOffset="31456" SrcFileId="6" StartOffset="31407"/>
</Header>
<LocList>
<Loc EndOffset="31508" SrcFileId="6" StartOffset="31407"/>
</LocList>
<StmntSeq Intrnl_Id="860">
<LocList>
<Loc EndOffset="31505" SrcFileId="6" StartOffset="31461"/>
</LocList>
<BasicStmnt CovItemId="S186" CovItemPrefix="my.PSM.PSM_Interface.PrefilledScheduleForm.java" Intrnl_Id="861">
<LocList>
<Loc EndOffset="31505" SrcFileId="6" StartOffset="31461"/>
</LocList>
</BasicStmnt>
</StmntSeq>
</HierarchyLvl>
<HierarchyLvl HierarchyLvlId="1151" HierarchyLvlTypeId="26" Intrnl_Id="862" Name="getNewWedEnd">
<Header>
<Loc EndOffset="31546" SrcFileId="6" StartOffset="31511"/>
</Header>
<LocList>
<Loc EndOffset="31571" SrcFileId="6" StartOffset="31511"/>
</LocList>
<StmntSeq Intrnl_Id="863">
<LocList>
<Loc EndOffset="31568" SrcFileId="6" StartOffset="31551"/>
</LocList>
<BasicStmnt CovItemId="S187" CovItemPrefix="my.PSM.PSM_Interface.PrefilledScheduleForm.java" Intrnl_Id="864">
<LocList>
<Loc EndOffset="31568" SrcFileId="6" StartOffset="31551"/>
</LocList>
</BasicStmnt>
</StmntSeq>
</HierarchyLvl>
<HierarchyLvl HierarchyLvlId="1152" HierarchyLvlTypeId="26" Intrnl_Id="865" Name="setNewWedEnd">
<Header>
<Loc EndOffset="31622" SrcFileId="6" StartOffset="31573"/>
</Header>
<LocList>
<Loc EndOffset="31674" SrcFileId="6" StartOffset="31573"/>
</LocList>
<StmntSeq Intrnl_Id="866">
<LocList>
<Loc EndOffset="31671" SrcFileId="6" StartOffset="31627"/>
</LocList>
<BasicStmnt CovItemId="S188" CovItemPrefix="my.PSM.PSM_Interface.PrefilledScheduleForm.java" Intrnl_Id="867">
<LocList>
<Loc EndOffset="31671" SrcFileId="6" StartOffset="31627"/>
</LocList>
</BasicStmnt>
</StmntSeq>
</HierarchyLvl>
<HierarchyLvl HierarchyLvlId="1153" HierarchyLvlTypeId="26" Intrnl_Id="868" Name="getNewThuEnd">
<Header>
<Loc EndOffset="31712" SrcFileId="6" StartOffset="31677"/>
</Header>
<LocList>
<Loc EndOffset="31737" SrcFileId="6" StartOffset="31677"/>
</LocList>
<StmntSeq Intrnl_Id="869">
<LocList>
<Loc EndOffset="31734" SrcFileId="6" StartOffset="31717"/>
</LocList>
<BasicStmnt CovItemId="S189" CovItemPrefix="my.PSM.PSM_Interface.PrefilledScheduleForm.java" Intrnl_Id="870">
<LocList>
<Loc EndOffset="31734" SrcFileId="6" StartOffset="31717"/>
</LocList>
</BasicStmnt>
</StmntSeq>
</HierarchyLvl>
<HierarchyLvl HierarchyLvlId="1154" HierarchyLvlTypeId="26" Intrnl_Id="871" Name="setNewThuEnd">
<Header>
<Loc EndOffset="31788" SrcFileId="6" StartOffset="31739"/>
</Header>
<LocList>
<Loc EndOffset="31840" SrcFileId="6" StartOffset="31739"/>
</LocList>
<StmntSeq Intrnl_Id="872">
<LocList>
<Loc EndOffset="31837" SrcFileId="6" StartOffset="31793"/>
</LocList>
<BasicStmnt CovItemId="S190" CovItemPrefix="my.PSM.PSM_Interface.PrefilledScheduleForm.java" Intrnl_Id="873">
<LocList>
<Loc EndOffset="31837" SrcFileId="6" StartOffset="31793"/>
</LocList>
</BasicStmnt>
</StmntSeq>
</HierarchyLvl>
<HierarchyLvl HierarchyLvlId="1155" HierarchyLvlTypeId="26" Intrnl_Id="874" Name="getNewThuStart">
<Header>
<Loc EndOffset="31880" SrcFileId="6" StartOffset="31843"/>
</Header>
<LocList>
<Loc EndOffset="31907" SrcFileId="6" StartOffset="31843"/>
</LocList>
<StmntSeq Intrnl_Id="875">
<LocList>
<Loc EndOffset="31904" SrcFileId="6" StartOffset="31885"/>
</LocList>
<BasicStmnt CovItemId="S191" CovItemPrefix="my.PSM.PSM_Interface.PrefilledScheduleForm.java" Intrnl_Id="876">
<LocList>
<Loc EndOffset="31904" SrcFileId="6" StartOffset="31885"/>
</LocList>
</BasicStmnt>
</StmntSeq>
</HierarchyLvl>
<HierarchyLvl HierarchyLvlId="1156" HierarchyLvlTypeId="26" Intrnl_Id="877" Name="setNewThuStart">
<Header>
<Loc EndOffset="31962" SrcFileId="6" StartOffset="31909"/>
</Header>
<LocList>
<Loc EndOffset="32018" SrcFileId="6" StartOffset="31909"/>
</LocList>
<StmntSeq Intrnl_Id="878">
<LocList>
<Loc EndOffset="32015" SrcFileId="6" StartOffset="31967"/>
</LocList>
<BasicStmnt CovItemId="S192" CovItemPrefix="my.PSM.PSM_Interface.PrefilledScheduleForm.java" Intrnl_Id="879">
<LocList>
<Loc EndOffset="32015" SrcFileId="6" StartOffset="31967"/>
</LocList>
</BasicStmnt>
</StmntSeq>
</HierarchyLvl>
<HierarchyLvl HierarchyLvlId="1157" HierarchyLvlTypeId="26" Intrnl_Id="880" Name="getNewWedStart">
<Header>
<Loc EndOffset="32058" SrcFileId="6" StartOffset="32021"/>
</Header>
<LocList>
<Loc EndOffset="32085" SrcFileId="6" StartOffset="32021"/>
</LocList>
<StmntSeq Intrnl_Id="881">
<LocList>
<Loc EndOffset="32082" SrcFileId="6" StartOffset="32063"/>
</LocList>
<BasicStmnt CovItemId="S193" CovItemPrefix="my.PSM.PSM_Interface.PrefilledScheduleForm.java" Intrnl_Id="882">
<LocList>
<Loc EndOffset="32082" SrcFileId="6" StartOffset="32063"/>
</LocList>
</BasicStmnt>
</StmntSeq>
</HierarchyLvl>
<HierarchyLvl HierarchyLvlId="1158" HierarchyLvlTypeId="26" Intrnl_Id="883" Name="setNewWedStart">
<Header>
<Loc EndOffset="32140" SrcFileId="6" StartOffset="32087"/>
</Header>
<LocList>
<Loc EndOffset="32196" SrcFileId="6" StartOffset="32087"/>
</LocList>
<StmntSeq Intrnl_Id="884">
<LocList>
<Loc EndOffset="32193" SrcFileId="6" StartOffset="32145"/>
</LocList>
<BasicStmnt CovItemId="S194" CovItemPrefix="my.PSM.PSM_Interface.PrefilledScheduleForm.java" Intrnl_Id="885">
<LocList>
<Loc EndOffset="32193" SrcFileId="6" StartOffset="32145"/>
</LocList>
</BasicStmnt>
</StmntSeq>
</HierarchyLvl>
<HierarchyLvl HierarchyLvlId="1159" HierarchyLvlTypeId="26" Intrnl_Id="886" Name="getNewFriStart">
<Header>
<Loc EndOffset="32236" SrcFileId="6" StartOffset="32199"/>
</Header>
<LocList>
<Loc EndOffset="32263" SrcFileId="6" StartOffset="32199"/>
</LocList>
<StmntSeq Intrnl_Id="887">
<LocList>
<Loc EndOffset="32260" SrcFileId="6" StartOffset="32241"/>
</LocList>
<BasicStmnt CovItemId="S195" CovItemPrefix="my.PSM.PSM_Interface.PrefilledScheduleForm.java" Intrnl_Id="888">
<LocList>
<Loc EndOffset="32260" SrcFileId="6" StartOffset="32241"/>
</LocList>
</BasicStmnt>
</StmntSeq>
</HierarchyLvl>
<HierarchyLvl HierarchyLvlId="1160" HierarchyLvlTypeId="26" Intrnl_Id="889" Name="setNewFriStart">
<Header>
<Loc EndOffset="32318" SrcFileId="6" StartOffset="32265"/>
</Header>
<LocList>
<Loc EndOffset="32374" SrcFileId="6" StartOffset="32265"/>
</LocList>
<StmntSeq Intrnl_Id="890">
<LocList>
<Loc EndOffset="32371" SrcFileId="6" StartOffset="32323"/>
</LocList>
<BasicStmnt CovItemId="S196" CovItemPrefix="my.PSM.PSM_Interface.PrefilledScheduleForm.java" Intrnl_Id="891">
<LocList>
<Loc EndOffset="32371" SrcFileId="6" StartOffset="32323"/>
</LocList>
</BasicStmnt>
</StmntSeq>
</HierarchyLvl>
<HierarchyLvl HierarchyLvlId="1161" HierarchyLvlTypeId="26" Intrnl_Id="892" Name="getNewSatEnd">
<Header>
<Loc EndOffset="32412" SrcFileId="6" StartOffset="32377"/>
</Header>
<LocList>
<Loc EndOffset="32437" SrcFileId="6" StartOffset="32377"/>
</LocList>
<StmntSeq Intrnl_Id="893">
<LocList>
<Loc EndOffset="32434" SrcFileId="6" StartOffset="32417"/>
</LocList>
<BasicStmnt CovItemId="S197" CovItemPrefix="my.PSM.PSM_Interface.PrefilledScheduleForm.java" Intrnl_Id="894">
<LocList>
<Loc EndOffset="32434" SrcFileId="6" StartOffset="32417"/>
</LocList>
</BasicStmnt>
</StmntSeq>
</HierarchyLvl>
<HierarchyLvl HierarchyLvlId="1162" HierarchyLvlTypeId="26" Intrnl_Id="895" Name="setNewSatEnd">
<Header>
<Loc EndOffset="32488" SrcFileId="6" StartOffset="32439"/>
</Header>
<LocList>
<Loc EndOffset="32540" SrcFileId="6" StartOffset="32439"/>
</LocList>
<StmntSeq Intrnl_Id="896">
<LocList>
<Loc EndOffset="32537" SrcFileId="6" StartOffset="32493"/>
</LocList>
<BasicStmnt CovItemId="S198" CovItemPrefix="my.PSM.PSM_Interface.PrefilledScheduleForm.java" Intrnl_Id="897">
<LocList>
<Loc EndOffset="32537" SrcFileId="6" StartOffset="32493"/>
</LocList>
</BasicStmnt>
</StmntSeq>
</HierarchyLvl>
<HierarchyLvl HierarchyLvlId="1163" HierarchyLvlTypeId="26" Intrnl_Id="898" Name="getNewFriEnd">
<Header>
<Loc EndOffset="32578" SrcFileId="6" StartOffset="32543"/>
</Header>
<LocList>
<Loc EndOffset="32603" SrcFileId="6" StartOffset="32543"/>
</LocList>
<StmntSeq Intrnl_Id="899">
<LocList>
<Loc EndOffset="32600" SrcFileId="6" StartOffset="32583"/>
</LocList>
<BasicStmnt CovItemId="S199" CovItemPrefix="my.PSM.PSM_Interface.PrefilledScheduleForm.java" Intrnl_Id="900">
<LocList>
<Loc EndOffset="32600" SrcFileId="6" StartOffset="32583"/>
</LocList>
</BasicStmnt>
</StmntSeq>
</HierarchyLvl>
<HierarchyLvl HierarchyLvlId="1164" HierarchyLvlTypeId="26" Intrnl_Id="901" Name="setNewFriEnd">
<Header>
<Loc EndOffset="32654" SrcFileId="6" StartOffset="32605"/>
</Header>
<LocList>
<Loc EndOffset="32706" SrcFileId="6" StartOffset="32605"/>
</LocList>
<StmntSeq Intrnl_Id="902">
<LocList>
<Loc EndOffset="32703" SrcFileId="6" StartOffset="32659"/>
</LocList>
<BasicStmnt CovItemId="S200" CovItemPrefix="my.PSM.PSM_Interface.PrefilledScheduleForm.java" Intrnl_Id="903">
<LocList>
<Loc EndOffset="32703" SrcFileId="6" StartOffset="32659"/>
</LocList>
</BasicStmnt>
</StmntSeq>
</HierarchyLvl>
<HierarchyLvl HierarchyLvlId="1165" HierarchyLvlTypeId="26" Intrnl_Id="904" Name="getNewSatStart">
<Header>
<Loc EndOffset="32746" SrcFileId="6" StartOffset="32709"/>
</Header>
<LocList>
<Loc EndOffset="32773" SrcFileId="6" StartOffset="32709"/>
</LocList>
<StmntSeq Intrnl_Id="905">
<LocList>
<Loc EndOffset="32770" SrcFileId="6" StartOffset="32751"/>
</LocList>
<BasicStmnt CovItemId="S201" CovItemPrefix="my.PSM.PSM_Interface.PrefilledScheduleForm.java" Intrnl_Id="906">
<LocList>
<Loc EndOffset="32770" SrcFileId="6" StartOffset="32751"/>
</LocList>
</BasicStmnt>
</StmntSeq>
</HierarchyLvl>
<HierarchyLvl HierarchyLvlId="1166" HierarchyLvlTypeId="26" Intrnl_Id="907" Name="setNewSatStart">
<Header>
<Loc EndOffset="32828" SrcFileId="6" StartOffset="32775"/>
</Header>
<LocList>
<Loc EndOffset="32884" SrcFileId="6" StartOffset="32775"/>
</LocList>
<StmntSeq Intrnl_Id="908">
<LocList>
<Loc EndOffset="32881" SrcFileId="6" StartOffset="32833"/>
</LocList>
<BasicStmnt CovItemId="S202" CovItemPrefix="my.PSM.PSM_Interface.PrefilledScheduleForm.java" Intrnl_Id="909">
<LocList>
<Loc EndOffset="32881" SrcFileId="6" StartOffset="32833"/>
</LocList>
</BasicStmnt>
</StmntSeq>
</HierarchyLvl>
</HierarchyLvl>
<HierarchyLvl HierarchyLvlId="1250" HierarchyLvlTypeId="25" Intrnl_Id="910" Name="ScheduleForm">
<Header>
<Loc EndOffset="185" SrcFileId="7" StartOffset="133"/>
</Header>
<LocList>
<Loc EndOffset="34163" SrcFileId="7" StartOffset="133"/>
</LocList>
<HierarchyLvl HierarchyLvlId="1168" HierarchyLvlTypeId="26" Intrnl_Id="911" Name="ScheduleForm">
<Header>
<Loc EndOffset="1048" SrcFileId="7" StartOffset="1027"/>
</Header>
<LocList>
<Loc EndOffset="1082" SrcFileId="7" StartOffset="1027"/>
</LocList>
<StmntSeq Intrnl_Id="912">
<LocList>
<Loc EndOffset="1076" SrcFileId="7" StartOffset="1059"/>
</LocList>
<BasicStmnt CovItemId="S1" CovItemPrefix="my.PSM.PSM_Interface.ScheduleForm.java" Intrnl_Id="913">
<LocList>
<Loc EndOffset="1076" SrcFileId="7" StartOffset="1059"/>
</LocList>
</BasicStmnt>
</StmntSeq>
</HierarchyLvl>
<HierarchyLvl HierarchyLvlId="1169" HierarchyLvlTypeId="26" Intrnl_Id="914" Name="dataRec">
<Header>
<Loc EndOffset="1116" SrcFileId="7" StartOffset="1092"/>
</Header>
<LocList>
<Loc EndOffset="1157" SrcFileId="7" StartOffset="1092"/>
</LocList>
<StmntSeq Intrnl_Id="915">
<LocList>
<Loc EndOffset="1151" SrcFileId="7" StartOffset="1131"/>
</LocList>
<BasicStmnt CovItemId="S2" CovItemPrefix="my.PSM.PSM_Interface.ScheduleForm.java" Intrnl_Id="916">
<LocList>
<Loc EndOffset="1151" SrcFileId="7" StartOffset="1131"/>
</LocList>
</BasicStmnt>
</StmntSeq>
</HierarchyLvl>
<HierarchyLvl HierarchyLvlId="1170" HierarchyLvlTypeId="26" Intrnl_Id="917" Name="setDataRec">
<Header>
<Loc EndOffset="1203" SrcFileId="7" StartOffset="1162"/>
</Header>
<LocList>
<Loc EndOffset="1256" SrcFileId="7" StartOffset="1162"/>
</LocList>
<StmntSeq Intrnl_Id="918">
<LocList>
<Loc EndOffset="1243" SrcFileId="7" StartOffset="1218"/>
</LocList>
<BasicStmnt CovItemId="S3" CovItemPrefix="my.PSM.PSM_Interface.ScheduleForm.java" Intrnl_Id="919">
<LocList>
<Loc EndOffset="1243" SrcFileId="7" StartOffset="1218"/>
</LocList>
</BasicStmnt>
</StmntSeq>
</HierarchyLvl>
<HierarchyLvl HierarchyLvlId="1197" HierarchyLvlTypeId="26" Intrnl_Id="920" Name="initComponents">
<Header>
<Loc EndOffset="1612" SrcFileId="7" StartOffset="1583"/>
</Header>
<LocList>
<Loc EndOffset="25240" SrcFileId="7" StartOffset="1583"/>
</LocList>
<StmntSeq Intrnl_Id="921">
<LocList>
<Loc EndOffset="1661" SrcFileId="7" StartOffset="1624"/>
<Loc EndOffset="1707" SrcFileId="7" StartOffset="1670"/>
<Loc EndOffset="1751" SrcFileId="7" StartOffset="1716"/>
<Loc EndOffset="1795" SrcFileId="7" StartOffset="1760"/>
<Loc EndOffset="1845" SrcFileId="7" StartOffset="1804"/>
<Loc EndOffset="1889" SrcFileId="7" StartOffset="1854"/>
<Loc EndOffset="1933" SrcFileId="7" StartOffset="1898"/>
<Loc EndOffset="1978" SrcFileId="7" StartOffset="1942"/>
<Loc EndOffset="2023" SrcFileId="7" StartOffset="1987"/>
<Loc EndOffset="2076" SrcFileId="7" StartOffset="2032"/>
<Loc EndOffset="2129" SrcFileId="7" StartOffset="2085"/>
<Loc EndOffset="2173" SrcFileId="7" StartOffset="2138"/>
<Loc EndOffset="2217" SrcFileId="7" StartOffset="2182"/>
<Loc EndOffset="2261" SrcFileId="7" StartOffset="2226"/>
<Loc EndOffset="2305" SrcFileId="7" StartOffset="2270"/>
<Loc EndOffset="2357" SrcFileId="7" StartOffset="2314"/>
<Loc EndOffset="2409" SrcFileId="7" StartOffset="2366"/>
<Loc EndOffset="2461" SrcFileId="7" StartOffset="2418"/>
<Loc EndOffset="2506" SrcFileId="7" StartOffset="2470"/>
<Loc EndOffset="2550" SrcFileId="7" StartOffset="2515"/>
<Loc EndOffset="2594" SrcFileId="7" StartOffset="2559"/>
<Loc EndOffset="2639" SrcFileId="7" StartOffset="2603"/>
<Loc EndOffset="2684" SrcFileId="7" StartOffset="2648"/>
<Loc EndOffset="2728" SrcFileId="7" StartOffset="2693"/>
<Loc EndOffset="2772" SrcFileId="7" StartOffset="2737"/>
<Loc EndOffset="2817" SrcFileId="7" StartOffset="2781"/>
<Loc EndOffset="2862" SrcFileId="7" StartOffset="2826"/>
<Loc EndOffset="2907" SrcFileId="7" StartOffset="2871"/>
<Loc EndOffset="2952" SrcFileId="7" StartOffset="2916"/>
<Loc EndOffset="3004" SrcFileId="7" StartOffset="2961"/>
<Loc EndOffset="3056" SrcFileId="7" StartOffset="3013"/>
<Loc EndOffset="3108" SrcFileId="7" StartOffset="3065"/>
<Loc EndOffset="3160" SrcFileId="7" StartOffset="3117"/>
<Loc EndOffset="3212" SrcFileId="7" StartOffset="3169"/>
<Loc EndOffset="3264" SrcFileId="7" StartOffset="3221"/>
<Loc EndOffset="3317" SrcFileId="7" StartOffset="3273"/>
<Loc EndOffset="3370" SrcFileId="7" StartOffset="3326"/>
<Loc EndOffset="3423" SrcFileId="7" StartOffset="3379"/>
<Loc EndOffset="3476" SrcFileId="7" StartOffset="3432"/>
<Loc EndOffset="3529" SrcFileId="7" StartOffset="3485"/>
<Loc EndOffset="3582" SrcFileId="7" StartOffset="3538"/>
<Loc EndOffset="3663" SrcFileId="7" StartOffset="3592"/>
<Loc EndOffset="3699" SrcFileId="7" StartOffset="3672"/>
<Loc EndOffset="3771" SrcFileId="7" StartOffset="3708"/>
<Loc EndOffset="3833" SrcFileId="7" StartOffset="3781"/>
<Loc EndOffset="3867" SrcFileId="7" StartOffset="3842"/>
<Loc EndOffset="3903" SrcFileId="7" StartOffset="3876"/>
<Loc EndOffset="4086" SrcFileId="7" StartOffset="4084"/>
<Loc EndOffset="4148" SrcFileId="7" StartOffset="4096"/>
<Loc EndOffset="4184" SrcFileId="7" StartOffset="4157"/>
<Loc EndOffset="4220" SrcFileId="7" StartOffset="4193"/>
<Loc EndOffset="4403" SrcFileId="7" StartOffset="4401"/>
<Loc EndOffset="4679" SrcFileId="7" StartOffset="4413"/>
<Loc EndOffset="4740" SrcFileId="7" StartOffset="4689"/>
<Loc EndOffset="4778" SrcFileId="7" StartOffset="4749"/>
<Loc EndOffset="4842" SrcFileId="7" StartOffset="4788"/>
<Loc EndOffset="4999" SrcFileId="7" StartOffset="4851"/>
<Loc EndOffset="5037" SrcFileId="7" StartOffset="5008"/>
<Loc EndOffset="5222" SrcFileId="7" StartOffset="5220"/>
<Loc EndOffset="5283" SrcFileId="7" StartOffset="5232"/>
<Loc EndOffset="5323" SrcFileId="7" StartOffset="5292"/>
<Loc EndOffset="5384" SrcFileId="7" StartOffset="5333"/>
<Loc EndOffset="5422" SrcFileId="7" StartOffset="5393"/>
<Loc EndOffset="5484" SrcFileId="7" StartOffset="5432"/>
<Loc EndOffset="5523" SrcFileId="7" StartOffset="5493"/>
<Loc EndOffset="5585" SrcFileId="7" StartOffset="5533"/>
<Loc EndOffset="5624" SrcFileId="7" StartOffset="5594"/>
<Loc EndOffset="5727" SrcFileId="7" StartOffset="5634"/>
<Loc EndOffset="5769" SrcFileId="7" StartOffset="5736"/>
<Loc EndOffset="7487" SrcFileId="7" StartOffset="5778"/>
<Loc EndOffset="8753" SrcFileId="7" StartOffset="7496"/>
<Loc EndOffset="9026" SrcFileId="7" StartOffset="8763"/>
<Loc EndOffset="9087" SrcFileId="7" StartOffset="9036"/>
<Loc EndOffset="9124" SrcFileId="7" StartOffset="9096"/>
<Loc EndOffset="9185" SrcFileId="7" StartOffset="9134"/>
<Loc EndOffset="9226" SrcFileId="7" StartOffset="9194"/>
<Loc EndOffset="9287" SrcFileId="7" StartOffset="9236"/>
<Loc EndOffset="9330" SrcFileId="7" StartOffset="9296"/>
<Loc EndOffset="9370" SrcFileId="7" StartOffset="9340"/>
<Loc EndOffset="9556" SrcFileId="7" StartOffset="9554"/>
<Loc EndOffset="9596" SrcFileId="7" StartOffset="9566"/>
<Loc EndOffset="9782" SrcFileId="7" StartOffset="9780"/>
<Loc EndOffset="9844" SrcFileId="7" StartOffset="9792"/>
<Loc EndOffset="9879" SrcFileId="7" StartOffset="9853"/>
<Loc EndOffset="9982" SrcFileId="7" StartOffset="9889"/>
<Loc EndOffset="10024" SrcFileId="7" StartOffset="9991"/>
<Loc EndOffset="11500" SrcFileId="7" StartOffset="10033"/>
<Loc EndOffset="12676" SrcFileId="7" StartOffset="11509"/>
<Loc EndOffset="12943" SrcFileId="7" StartOffset="12686"/>
<Loc EndOffset="13004" SrcFileId="7" StartOffset="12953"/>
<Loc EndOffset="13079" SrcFileId="7" StartOffset="13013"/>
<Loc EndOffset="13114" SrcFileId="7" StartOffset="13088"/>
<Loc EndOffset="13176" SrcFileId="7" StartOffset="13124"/>
<Loc EndOffset="13217" SrcFileId="7" StartOffset="13185"/>
<Loc EndOffset="13279" SrcFileId="7" StartOffset="13227"/>
<Loc EndOffset="13318" SrcFileId="7" StartOffset="13288"/>
<Loc EndOffset="13379" SrcFileId="7" StartOffset="13328"/>
<Loc EndOffset="13415" SrcFileId="7" StartOffset="13388"/>
<Loc EndOffset="13476" SrcFileId="7" StartOffset="13425"/>
<Loc EndOffset="13514" SrcFileId="7" StartOffset="13485"/>
<Loc EndOffset="13576" SrcFileId="7" StartOffset="13524"/>
<Loc EndOffset="13614" SrcFileId="7" StartOffset="13585"/>
<Loc EndOffset="13676" SrcFileId="7" StartOffset="13624"/>
<Loc EndOffset="13712" SrcFileId="7" StartOffset="13685"/>
<Loc EndOffset="13774" SrcFileId="7" StartOffset="13722"/>
<Loc EndOffset="13812" SrcFileId="7" StartOffset="13783"/>
<Loc EndOffset="13874" SrcFileId="7" StartOffset="13822"/>
<Loc EndOffset="13928" SrcFileId="7" StartOffset="13883"/>
<Loc EndOffset="13968" SrcFileId="7" StartOffset="13938"/>
<Loc EndOffset="14154" SrcFileId="7" StartOffset="14152"/>
<Loc EndOffset="14194" SrcFileId="7" StartOffset="14164"/>
<Loc EndOffset="14380" SrcFileId="7" StartOffset="14378"/>
<Loc EndOffset="14421" SrcFileId="7" StartOffset="14390"/>
<Loc EndOffset="14608" SrcFileId="7" StartOffset="14606"/>
<Loc EndOffset="14649" SrcFileId="7" StartOffset="14618"/>
<Loc EndOffset="14836" SrcFileId="7" StartOffset="14834"/>
<Loc EndOffset="14877" SrcFileId="7" StartOffset="14846"/>
<Loc EndOffset="15064" SrcFileId="7" StartOffset="15062"/>
<Loc EndOffset="15105" SrcFileId="7" StartOffset="15074"/>
<Loc EndOffset="15292" SrcFileId="7" StartOffset="15290"/>
<Loc EndOffset="15333" SrcFileId="7" StartOffset="15302"/>
<Loc EndOffset="15520" SrcFileId="7" StartOffset="15518"/>
<Loc EndOffset="15561" SrcFileId="7" StartOffset="15530"/>
<Loc EndOffset="15748" SrcFileId="7" StartOffset="15746"/>
<Loc EndOffset="15851" SrcFileId="7" StartOffset="15758"/>
<Loc EndOffset="15893" SrcFileId="7" StartOffset="15860"/>
<Loc EndOffset="19553" SrcFileId="7" StartOffset="15902"/>
<Loc EndOffset="22833" SrcFileId="7" StartOffset="19562"/>
<Loc EndOffset="22938" SrcFileId="7" StartOffset="22843"/>
<Loc EndOffset="22982" SrcFileId="7" StartOffset="22947"/>
<Loc EndOffset="24145" SrcFileId="7" StartOffset="22991"/>
<Loc EndOffset="25217" SrcFileId="7" StartOffset="24154"/>
<Loc EndOffset="25234" SrcFileId="7" StartOffset="25227"/>
</LocList>
<BasicStmnt CovItemId="S4" CovItemPrefix="my.PSM.PSM_Interface.ScheduleForm.java" Intrnl_Id="922">
<LocList>
<Loc EndOffset="1661" SrcFileId="7" StartOffset="1624"/>
</LocList>
</BasicStmnt>
<BasicStmnt CovItemId="S5" CovItemPrefix="my.PSM.PSM_Interface.ScheduleForm.java" Intrnl_Id="923">
<LocList>
<Loc EndOffset="1707" SrcFileId="7" StartOffset="1670"/>
</LocList>
</BasicStmnt>
<BasicStmnt CovItemId="S6" CovItemPrefix="my.PSM.PSM_Interface.ScheduleForm.java" Intrnl_Id="924">
<LocList>
<Loc EndOffset="1751" SrcFileId="7" StartOffset="1716"/>
</LocList>
</BasicStmnt>
<BasicStmnt CovItemId="S7" CovItemPrefix="my.PSM.PSM_Interface.ScheduleForm.java" Intrnl_Id="925">
<LocList>
<Loc EndOffset="1795" SrcFileId="7" StartOffset="1760"/>
</LocList>
</BasicStmnt>
<BasicStmnt CovItemId="S8" CovItemPrefix="my.PSM.PSM_Interface.ScheduleForm.java" Intrnl_Id="926">
<LocList>
<Loc EndOffset="1845" SrcFileId="7" StartOffset="1804"/>
</LocList>
</BasicStmnt>
<BasicStmnt CovItemId="S9" CovItemPrefix="my.PSM.PSM_Interface.ScheduleForm.java" Intrnl_Id="927">
<LocList>
<Loc EndOffset="1889" SrcFileId="7" StartOffset="1854"/>
</LocList>
</BasicStmnt>
<BasicStmnt CovItemId="S10" CovItemPrefix="my.PSM.PSM_Interface.ScheduleForm.java" Intrnl_Id="928">
<LocList>
<Loc EndOffset="1933" SrcFileId="7" StartOffset="1898"/>
</LocList>
</BasicStmnt>
<BasicStmnt CovItemId="S11" CovItemPrefix="my.PSM.PSM_Interface.ScheduleForm.java" Intrnl_Id="929">
<LocList>
<Loc EndOffset="1978" SrcFileId="7" StartOffset="1942"/>
</LocList>
</BasicStmnt>
<BasicStmnt CovItemId="S12" CovItemPrefix="my.PSM.PSM_Interface.ScheduleForm.java" Intrnl_Id="930">
<LocList>
<Loc EndOffset="2023" SrcFileId="7" StartOffset="1987"/>
</LocList>
</BasicStmnt>
<BasicStmnt CovItemId="S13" CovItemPrefix="my.PSM.PSM_Interface.ScheduleForm.java" Intrnl_Id="931">
<LocList>
<Loc EndOffset="2076" SrcFileId="7" StartOffset="2032"/>
</LocList>
</BasicStmnt>
<BasicStmnt CovItemId="S14" CovItemPrefix="my.PSM.PSM_Interface.ScheduleForm.java" Intrnl_Id="932">
<LocList>
<Loc EndOffset="2129" SrcFileId="7" StartOffset="2085"/>
</LocList>
</BasicStmnt>
<BasicStmnt CovItemId="S15" CovItemPrefix="my.PSM.PSM_Interface.ScheduleForm.java" Intrnl_Id="933">
<LocList>
<Loc EndOffset="2173" SrcFileId="7" StartOffset="2138"/>
</LocList>
</BasicStmnt>
<BasicStmnt CovItemId="S16" CovItemPrefix="my.PSM.PSM_Interface.ScheduleForm.java" Intrnl_Id="934">
<LocList>
<Loc EndOffset="2217" SrcFileId="7" StartOffset="2182"/>
</LocList>
</BasicStmnt>
<BasicStmnt CovItemId="S17" CovItemPrefix="my.PSM.PSM_Interface.ScheduleForm.java" Intrnl_Id="935">
<LocList>
<Loc EndOffset="2261" SrcFileId="7" StartOffset="2226"/>
</LocList>
</BasicStmnt>
<BasicStmnt CovItemId="S18" CovItemPrefix="my.PSM.PSM_Interface.ScheduleForm.java" Intrnl_Id="936">
<LocList>
<Loc EndOffset="2305" SrcFileId="7" StartOffset="2270"/>
</LocList>
</BasicStmnt>
<BasicStmnt CovItemId="S19" CovItemPrefix="my.PSM.PSM_Interface.ScheduleForm.java" Intrnl_Id="937">
<LocList>
<Loc EndOffset="2357" SrcFileId="7" StartOffset="2314"/>
</LocList>
</BasicStmnt>
<BasicStmnt CovItemId="S20" CovItemPrefix="my.PSM.PSM_Interface.ScheduleForm.java" Intrnl_Id="938">
<LocList>
<Loc EndOffset="2409" SrcFileId="7" StartOffset="2366"/>
</LocList>
</BasicStmnt>
<BasicStmnt CovItemId="S21" CovItemPrefix="my.PSM.PSM_Interface.ScheduleForm.java" Intrnl_Id="939">
<LocList>
<Loc EndOffset="2461" SrcFileId="7" StartOffset="2418"/>
</LocList>
</BasicStmnt>
<BasicStmnt CovItemId="S22" CovItemPrefix="my.PSM.PSM_Interface.ScheduleForm.java" Intrnl_Id="940">
<LocList>
<Loc EndOffset="2506" SrcFileId="7" StartOffset="2470"/>
</LocList>
</BasicStmnt>
<BasicStmnt CovItemId="S23" CovItemPrefix="my.PSM.PSM_Interface.ScheduleForm.java" Intrnl_Id="941">
<LocList>
<Loc EndOffset="2550" SrcFileId="7" StartOffset="2515"/>
</LocList>
</BasicStmnt>
<BasicStmnt CovItemId="S24" CovItemPrefix="my.PSM.PSM_Interface.ScheduleForm.java" Intrnl_Id="942">
<LocList>
<Loc EndOffset="2594" SrcFileId="7" StartOffset="2559"/>
</LocList>
</BasicStmnt>
<BasicStmnt CovItemId="S25" CovItemPrefix="my.PSM.PSM_Interface.ScheduleForm.java" Intrnl_Id="943">
<LocList>
<Loc EndOffset="2639" SrcFileId="7" StartOffset="2603"/>
</LocList>
</BasicStmnt>
<BasicStmnt CovItemId="S26" CovItemPrefix="my.PSM.PSM_Interface.ScheduleForm.java" Intrnl_Id="944">
<LocList>
<Loc EndOffset="2684" SrcFileId="7" StartOffset="2648"/>
</LocList>
</BasicStmnt>
<BasicStmnt CovItemId="S27" CovItemPrefix="my.PSM.PSM_Interface.ScheduleForm.java" Intrnl_Id="945">
<LocList>
<Loc EndOffset="2728" SrcFileId="7" StartOffset="2693"/>
</LocList>
</BasicStmnt>
<BasicStmnt CovItemId="S28" CovItemPrefix="my.PSM.PSM_Interface.ScheduleForm.java" Intrnl_Id="946">
<LocList>
<Loc EndOffset="2772" SrcFileId="7" StartOffset="2737"/>
</LocList>
</BasicStmnt>
<BasicStmnt CovItemId="S29" CovItemPrefix="my.PSM.PSM_Interface.ScheduleForm.java" Intrnl_Id="947">
<LocList>
<Loc EndOffset="2817" SrcFileId="7" StartOffset="2781"/>
</LocList>
</BasicStmnt>
<BasicStmnt CovItemId="S30" CovItemPrefix="my.PSM.PSM_Interface.ScheduleForm.java" Intrnl_Id="948">
<LocList>
<Loc EndOffset="2862" SrcFileId="7" StartOffset="2826"/>
</LocList>
</BasicStmnt>
<BasicStmnt CovItemId="S31" CovItemPrefix="my.PSM.PSM_Interface.ScheduleForm.java" Intrnl_Id="949">
<LocList>
<Loc EndOffset="2907" SrcFileId="7" StartOffset="2871"/>
</LocList>
</BasicStmnt>
<BasicStmnt CovItemId="S32" CovItemPrefix="my.PSM.PSM_Interface.ScheduleForm.java" Intrnl_Id="950">
<LocList>
<Loc EndOffset="2952" SrcFileId="7" StartOffset="2916"/>
</LocList>
</BasicStmnt>
<BasicStmnt CovItemId="S33" CovItemPrefix="my.PSM.PSM_Interface.ScheduleForm.java" Intrnl_Id="951">
<LocList>
<Loc EndOffset="3004" SrcFileId="7" StartOffset="2961"/>
</LocList>
</BasicStmnt>
<BasicStmnt CovItemId="S34" CovItemPrefix="my.PSM.PSM_Interface.ScheduleForm.java" Intrnl_Id="952">
<LocList>
<Loc EndOffset="3056" SrcFileId="7" StartOffset="3013"/>
</LocList>
</BasicStmnt>
<BasicStmnt CovItemId="S35" CovItemPrefix="my.PSM.PSM_Interface.ScheduleForm.java" Intrnl_Id="953">
<LocList>
<Loc EndOffset="3108" SrcFileId="7" StartOffset="3065"/>
</LocList>
</BasicStmnt>
<BasicStmnt CovItemId="S36" CovItemPrefix="my.PSM.PSM_Interface.ScheduleForm.java" Intrnl_Id="954">
<LocList>
<Loc EndOffset="3160" SrcFileId="7" StartOffset="3117"/>
</LocList>
</BasicStmnt>
<BasicStmnt CovItemId="S37" CovItemPrefix="my.PSM.PSM_Interface.ScheduleForm.java" Intrnl_Id="955">
<LocList>
<Loc EndOffset="3212" SrcFileId="7" StartOffset="3169"/>
</LocList>
</BasicStmnt>
<BasicStmnt CovItemId="S38" CovItemPrefix="my.PSM.PSM_Interface.ScheduleForm.java" Intrnl_Id="956">
<LocList>
<Loc EndOffset="3264" SrcFileId="7" StartOffset="3221"/>
</LocList>
</BasicStmnt>
<BasicStmnt CovItemId="S39" CovItemPrefix="my.PSM.PSM_Interface.ScheduleForm.java" Intrnl_Id="957">
<LocList>
<Loc EndOffset="3317" SrcFileId="7" StartOffset="3273"/>
</LocList>
</BasicStmnt>
<BasicStmnt CovItemId="S40" CovItemPrefix="my.PSM.PSM_Interface.ScheduleForm.java" Intrnl_Id="958">
<LocList>
<Loc EndOffset="3370" SrcFileId="7" StartOffset="3326"/>
</LocList>
</BasicStmnt>
<BasicStmnt CovItemId="S41" CovItemPrefix="my.PSM.PSM_Interface.ScheduleForm.java" Intrnl_Id="959">
<LocList>
<Loc EndOffset="3423" SrcFileId="7" StartOffset="3379"/>
</LocList>
</BasicStmnt>
<BasicStmnt CovItemId="S42" CovItemPrefix="my.PSM.PSM_Interface.ScheduleForm.java" Intrnl_Id="960">
<LocList>
<Loc EndOffset="3476" SrcFileId="7" StartOffset="3432"/>
</LocList>
</BasicStmnt>
<BasicStmnt CovItemId="S43" CovItemPrefix="my.PSM.PSM_Interface.ScheduleForm.java" Intrnl_Id="961">
<LocList>
<Loc EndOffset="3529" SrcFileId="7" StartOffset="3485"/>
</LocList>
</BasicStmnt>
<BasicStmnt CovItemId="S44" CovItemPrefix="my.PSM.PSM_Interface.ScheduleForm.java" Intrnl_Id="962">
<LocList>
<Loc EndOffset="3582" SrcFileId="7" StartOffset="3538"/>
</LocList>
</BasicStmnt>
<BasicStmnt CovItemId="S45" CovItemPrefix="my.PSM.PSM_Interface.ScheduleForm.java" Intrnl_Id="963">
<LocList>
<Loc EndOffset="3663" SrcFileId="7" StartOffset="3592"/>
</LocList>
</BasicStmnt>
<BasicStmnt CovItemId="S46" CovItemPrefix="my.PSM.PSM_Interface.ScheduleForm.java" Intrnl_Id="964">
<LocList>
<Loc EndOffset="3699" SrcFileId="7" StartOffset="3672"/>
</LocList>
</BasicStmnt>
<BasicStmnt CovItemId="S47" CovItemPrefix="my.PSM.PSM_Interface.ScheduleForm.java" Intrnl_Id="965">
<LocList>
<Loc EndOffset="3771" SrcFileId="7" StartOffset="3708"/>
</LocList>
</BasicStmnt>
<BasicStmnt CovItemId="S48" CovItemPrefix="my.PSM.PSM_Interface.ScheduleForm.java" Intrnl_Id="966">
<LocList>
<Loc EndOffset="3833" SrcFileId="7" StartOffset="3781"/>
</LocList>
</BasicStmnt>
<BasicStmnt CovItemId="S49" CovItemPrefix="my.PSM.PSM_Interface.ScheduleForm.java" Intrnl_Id="967">
<LocList>
<Loc EndOffset="3867" SrcFileId="7" StartOffset="3842"/>
</LocList>
</BasicStmnt>
<BasicStmnt CovItemId="S50" CovItemPrefix="my.PSM.PSM_Interface.ScheduleForm.java" Intrnl_Id="968">
<LocList>
<Loc EndOffset="3903" SrcFileId="7" StartOffset="3876"/>
<Loc EndOffset="4086" SrcFileId="7" StartOffset="4084"/>
</LocList>
</BasicStmnt>
<BasicStmnt CovItemId="S52" CovItemPrefix="my.PSM.PSM_Interface.ScheduleForm.java" Intrnl_Id="969">
<LocList>
<Loc EndOffset="4148" SrcFileId="7" StartOffset="4096"/>
</LocList>
</BasicStmnt>
<BasicStmnt CovItemId="S53" CovItemPrefix="my.PSM.PSM_Interface.ScheduleForm.java" Intrnl_Id="970">
<LocList>
<Loc EndOffset="4184" SrcFileId="7" StartOffset="4157"/>
</LocList>
</BasicStmnt>
<BasicStmnt CovItemId="S54" CovItemPrefix="my.PSM.PSM_Interface.ScheduleForm.java" Intrnl_Id="971">
<LocList>
<Loc EndOffset="4220" SrcFileId="7" StartOffset="4193"/>
<Loc EndOffset="4403" SrcFileId="7" StartOffset="4401"/>
</LocList>
</BasicStmnt>
<BasicStmnt CovItemId="S56" CovItemPrefix="my.PSM.PSM_Interface.ScheduleForm.java" Intrnl_Id="972">
<LocList>
<Loc EndOffset="4679" SrcFileId="7" StartOffset="4413"/>
</LocList>
</BasicStmnt>
<BasicStmnt CovItemId="S57" CovItemPrefix="my.PSM.PSM_Interface.ScheduleForm.java" Intrnl_Id="973">
<LocList>
<Loc EndOffset="4740" SrcFileId="7" StartOffset="4689"/>
</LocList>
</BasicStmnt>
<BasicStmnt CovItemId="S58" CovItemPrefix="my.PSM.PSM_Interface.ScheduleForm.java" Intrnl_Id="974">
<LocList>
<Loc EndOffset="4778" SrcFileId="7" StartOffset="4749"/>
</LocList>
</BasicStmnt>
<BasicStmnt CovItemId="S59" CovItemPrefix="my.PSM.PSM_Interface.ScheduleForm.java" Intrnl_Id="975">
<LocList>
<Loc EndOffset="4842" SrcFileId="7" StartOffset="4788"/>
</LocList>
</BasicStmnt>
<BasicStmnt CovItemId="S60" CovItemPrefix="my.PSM.PSM_Interface.ScheduleForm.java" Intrnl_Id="976">
<LocList>
<Loc EndOffset="4999" SrcFileId="7" StartOffset="4851"/>
</LocList>
</BasicStmnt>
<BasicStmnt CovItemId="S61" CovItemPrefix="my.PSM.PSM_Interface.ScheduleForm.java" Intrnl_Id="977">
<LocList>
<Loc EndOffset="5037" SrcFileId="7" StartOffset="5008"/>
<Loc EndOffset="5222" SrcFileId="7" StartOffset="5220"/>
</LocList>
</BasicStmnt>
<BasicStmnt CovItemId="S63" CovItemPrefix="my.PSM.PSM_Interface.ScheduleForm.java" Intrnl_Id="978">
<LocList>
<Loc EndOffset="5283" SrcFileId="7" StartOffset="5232"/>
</LocList>
</BasicStmnt>
<BasicStmnt CovItemId="S64" CovItemPrefix="my.PSM.PSM_Interface.ScheduleForm.java" Intrnl_Id="979">
<LocList>
<Loc EndOffset="5323" SrcFileId="7" StartOffset="5292"/>
</LocList>
</BasicStmnt>
<BasicStmnt CovItemId="S65" CovItemPrefix="my.PSM.PSM_Interface.ScheduleForm.java" Intrnl_Id="980">
<LocList>
<Loc EndOffset="5384" SrcFileId="7" StartOffset="5333"/>
</LocList>
</BasicStmnt>
<BasicStmnt CovItemId="S66" CovItemPrefix="my.PSM.PSM_Interface.ScheduleForm.java" Intrnl_Id="981">
<LocList>
<Loc EndOffset="5422" SrcFileId="7" StartOffset="5393"/>
</LocList>
</BasicStmnt>
<BasicStmnt CovItemId="S67" CovItemPrefix="my.PSM.PSM_Interface.ScheduleForm.java" Intrnl_Id="982">
<LocList>
<Loc EndOffset="5484" SrcFileId="7" StartOffset="5432"/>
</LocList>
</BasicStmnt>
<BasicStmnt CovItemId="S68" CovItemPrefix="my.PSM.PSM_Interface.ScheduleForm.java" Intrnl_Id="983">
<LocList>
<Loc EndOffset="5523" SrcFileId="7" StartOffset="5493"/>
</LocList>
</BasicStmnt>
<BasicStmnt CovItemId="S69" CovItemPrefix="my.PSM.PSM_Interface.ScheduleForm.java" Intrnl_Id="984">
<LocList>
<Loc EndOffset="5585" SrcFileId="7" StartOffset="5533"/>
</LocList>
</BasicStmnt>
<BasicStmnt CovItemId="S70" CovItemPrefix="my.PSM.PSM_Interface.ScheduleForm.java" Intrnl_Id="985">
<LocList>
<Loc EndOffset="5624" SrcFileId="7" StartOffset="5594"/>
</LocList>
</BasicStmnt>
<BasicStmnt CovItemId="S71" CovItemPrefix="my.PSM.PSM_Interface.ScheduleForm.java" Intrnl_Id="986">
<LocList>
<Loc EndOffset="5727" SrcFileId="7" StartOffset="5634"/>
</LocList>
</BasicStmnt>
<BasicStmnt CovItemId="S72" CovItemPrefix="my.PSM.PSM_Interface.ScheduleForm.java" Intrnl_Id="987">
<LocList>
<Loc EndOffset="5769" SrcFileId="7" StartOffset="5736"/>
</LocList>
</BasicStmnt>
<BasicStmnt CovItemId="S73" CovItemPrefix="my.PSM.PSM_Interface.ScheduleForm.java" Intrnl_Id="988">
<LocList>
<Loc EndOffset="7487" SrcFileId="7" StartOffset="5778"/>
</LocList>
</BasicStmnt>
<BasicStmnt CovItemId="S74" CovItemPrefix="my.PSM.PSM_Interface.ScheduleForm.java" Intrnl_Id="989">
<LocList>
<Loc EndOffset="8753" SrcFileId="7" StartOffset="7496"/>
</LocList>
</BasicStmnt>
<BasicStmnt CovItemId="S75" CovItemPrefix="my.PSM.PSM_Interface.ScheduleForm.java" Intrnl_Id="990">
<LocList>
<Loc EndOffset="9026" SrcFileId="7" StartOffset="8763"/>
</LocList>
</BasicStmnt>
<BasicStmnt CovItemId="S76" CovItemPrefix="my.PSM.PSM_Interface.ScheduleForm.java" Intrnl_Id="991">
<LocList>
<Loc EndOffset="9087" SrcFileId="7" StartOffset="9036"/>
</LocList>
</BasicStmnt>
<BasicStmnt CovItemId="S77" CovItemPrefix="my.PSM.PSM_Interface.ScheduleForm.java" Intrnl_Id="992">
<LocList>
<Loc EndOffset="9124" SrcFileId="7" StartOffset="9096"/>
</LocList>
</BasicStmnt>
<BasicStmnt CovItemId="S78" CovItemPrefix="my.PSM.PSM_Interface.ScheduleForm.java" Intrnl_Id="993">
<LocList>
<Loc EndOffset="9185" SrcFileId="7" StartOffset="9134"/>
</LocList>
</BasicStmnt>
<BasicStmnt CovItemId="S79" CovItemPrefix="my.PSM.PSM_Interface.ScheduleForm.java" Intrnl_Id="994">
<LocList>
<Loc EndOffset="9226" SrcFileId="7" StartOffset="9194"/>
</LocList>
</BasicStmnt>
<BasicStmnt CovItemId="S80" CovItemPrefix="my.PSM.PSM_Interface.ScheduleForm.java" Intrnl_Id="995">
<LocList>
<Loc EndOffset="9287" SrcFileId="7" StartOffset="9236"/>
</LocList>
</BasicStmnt>
<BasicStmnt CovItemId="S81" CovItemPrefix="my.PSM.PSM_Interface.ScheduleForm.java" Intrnl_Id="996">
<LocList>
<Loc EndOffset="9330" SrcFileId="7" StartOffset="9296"/>
</LocList>
</BasicStmnt>
<BasicStmnt CovItemId="S82" CovItemPrefix="my.PSM.PSM_Interface.ScheduleForm.java" Intrnl_Id="997">
<LocList>
<Loc EndOffset="9370" SrcFileId="7" StartOffset="9340"/>
<Loc EndOffset="9556" SrcFileId="7" StartOffset="9554"/>
</LocList>
</BasicStmnt>
<BasicStmnt CovItemId="S84" CovItemPrefix="my.PSM.PSM_Interface.ScheduleForm.java" Intrnl_Id="998">
<LocList>
<Loc EndOffset="9596" SrcFileId="7" StartOffset="9566"/>
<Loc EndOffset="9782" SrcFileId="7" StartOffset="9780"/>
</LocList>
</BasicStmnt>
<BasicStmnt CovItemId="S86" CovItemPrefix="my.PSM.PSM_Interface.ScheduleForm.java" Intrnl_Id="999">
<LocList>
<Loc EndOffset="9844" SrcFileId="7" StartOffset="9792"/>
</LocList>
</BasicStmnt>
<BasicStmnt CovItemId="S87" CovItemPrefix="my.PSM.PSM_Interface.ScheduleForm.java" Intrnl_Id="1000">
<LocList>
<Loc EndOffset="9879" SrcFileId="7" StartOffset="9853"/>
</LocList>
</BasicStmnt>
<BasicStmnt CovItemId="S88" CovItemPrefix="my.PSM.PSM_Interface.ScheduleForm.java" Intrnl_Id="1001">
<LocList>
<Loc EndOffset="9982" SrcFileId="7" StartOffset="9889"/>
</LocList>
</BasicStmnt>
<BasicStmnt CovItemId="S89" CovItemPrefix="my.PSM.PSM_Interface.ScheduleForm.java" Intrnl_Id="1002">
<LocList>
<Loc EndOffset="10024" SrcFileId="7" StartOffset="9991"/>
</LocList>
</BasicStmnt>
<BasicStmnt CovItemId="S90" CovItemPrefix="my.PSM.PSM_Interface.ScheduleForm.java" Intrnl_Id="1003">
<LocList>
<Loc EndOffset="11500" SrcFileId="7" StartOffset="10033"/>
</LocList>
</BasicStmnt>
<BasicStmnt CovItemId="S91" CovItemPrefix="my.PSM.PSM_Interface.ScheduleForm.java" Intrnl_Id="1004">
<LocList>
<Loc EndOffset="12676" SrcFileId="7" StartOffset="11509"/>
</LocList>
</BasicStmnt>
<BasicStmnt CovItemId="S92" CovItemPrefix="my.PSM.PSM_Interface.ScheduleForm.java" Intrnl_Id="1005">
<LocList>
<Loc EndOffset="12943" SrcFileId="7" StartOffset="12686"/>
</LocList>
</BasicStmnt>
<BasicStmnt CovItemId="S93" CovItemPrefix="my.PSM.PSM_Interface.ScheduleForm.java" Intrnl_Id="1006">
<LocList>
<Loc EndOffset="13004" SrcFileId="7" StartOffset="12953"/>
</LocList>
</BasicStmnt>
<BasicStmnt CovItemId="S94" CovItemPrefix="my.PSM.PSM_Interface.ScheduleForm.java" Intrnl_Id="1007">
<LocList>
<Loc EndOffset="13079" SrcFileId="7" StartOffset="13013"/>
</LocList>
</BasicStmnt>
<BasicStmnt CovItemId="S95" CovItemPrefix="my.PSM.PSM_Interface.ScheduleForm.java" Intrnl_Id="1008">
<LocList>
<Loc EndOffset="13114" SrcFileId="7" StartOffset="13088"/>
</LocList>
</BasicStmnt>
<BasicStmnt CovItemId="S96" CovItemPrefix="my.PSM.PSM_Interface.ScheduleForm.java" Intrnl_Id="1009">
<LocList>
<Loc EndOffset="13176" SrcFileId="7" StartOffset="13124"/>
</LocList>
</BasicStmnt>
<BasicStmnt CovItemId="S97" CovItemPrefix="my.PSM.PSM_Interface.ScheduleForm.java" Intrnl_Id="1010">
<LocList>
<Loc EndOffset="13217" SrcFileId="7" StartOffset="13185"/>
</LocList>
</BasicStmnt>
<BasicStmnt CovItemId="S98" CovItemPrefix="my.PSM.PSM_Interface.ScheduleForm.java" Intrnl_Id="1011">
<LocList>
<Loc EndOffset="13279" SrcFileId="7" StartOffset="13227"/>
</LocList>
</BasicStmnt>
<BasicStmnt CovItemId="S99" CovItemPrefix="my.PSM.PSM_Interface.ScheduleForm.java" Intrnl_Id="1012">
<LocList>
<Loc EndOffset="13318" SrcFileId="7" StartOffset="13288"/>
</LocList>
</BasicStmnt>
<BasicStmnt CovItemId="S100" CovItemPrefix="my.PSM.PSM_Interface.ScheduleForm.java" Intrnl_Id="1013">
<LocList>
<Loc EndOffset="13379" SrcFileId="7" StartOffset="13328"/>
</LocList>
</BasicStmnt>
<BasicStmnt CovItemId="S101" CovItemPrefix="my.PSM.PSM_Interface.ScheduleForm.java" Intrnl_Id="1014">
<LocList>
<Loc EndOffset="13415" SrcFileId="7" StartOffset="13388"/>
</LocList>
</BasicStmnt>
<BasicStmnt CovItemId="S102" CovItemPrefix="my.PSM.PSM_Interface.ScheduleForm.java" Intrnl_Id="1015">
<LocList>
<Loc EndOffset="13476" SrcFileId="7" StartOffset="13425"/>
</LocList>
</BasicStmnt>
<BasicStmnt CovItemId="S103" CovItemPrefix="my.PSM.PSM_Interface.ScheduleForm.java" Intrnl_Id="1016">
<LocList>
<Loc EndOffset="13514" SrcFileId="7" StartOffset="13485"/>
</LocList>
</BasicStmnt>
<BasicStmnt CovItemId="S104" CovItemPrefix="my.PSM.PSM_Interface.ScheduleForm.java" Intrnl_Id="1017">
<LocList>
<Loc EndOffset="13576" SrcFileId="7" StartOffset="13524"/>
</LocList>
</BasicStmnt>
<BasicStmnt CovItemId="S105" CovItemPrefix="my.PSM.PSM_Interface.ScheduleForm.java" Intrnl_Id="1018">
<LocList>
<Loc EndOffset="13614" SrcFileId="7" StartOffset="13585"/>
</LocList>
</BasicStmnt>
<BasicStmnt CovItemId="S106" CovItemPrefix="my.PSM.PSM_Interface.ScheduleForm.java" Intrnl_Id="1019">
<LocList>
<Loc EndOffset="13676" SrcFileId="7" StartOffset="13624"/>
</LocList>
</BasicStmnt>
<BasicStmnt CovItemId="S107" CovItemPrefix="my.PSM.PSM_Interface.ScheduleForm.java" Intrnl_Id="1020">
<LocList>
<Loc EndOffset="13712" SrcFileId="7" StartOffset="13685"/>
</LocList>
</BasicStmnt>
<BasicStmnt CovItemId="S108" CovItemPrefix="my.PSM.PSM_Interface.ScheduleForm.java" Intrnl_Id="1021">
<LocList>
<Loc EndOffset="13774" SrcFileId="7" StartOffset="13722"/>
</LocList>
</BasicStmnt>
<BasicStmnt CovItemId="S109" CovItemPrefix="my.PSM.PSM_Interface.ScheduleForm.java" Intrnl_Id="1022">
<LocList>
<Loc EndOffset="13812" SrcFileId="7" StartOffset="13783"/>
</LocList>
</BasicStmnt>
<BasicStmnt CovItemId="S110" CovItemPrefix="my.PSM.PSM_Interface.ScheduleForm.java" Intrnl_Id="1023">
<LocList>
<Loc EndOffset="13874" SrcFileId="7" StartOffset="13822"/>
</LocList>
</BasicStmnt>
<BasicStmnt CovItemId="S111" CovItemPrefix="my.PSM.PSM_Interface.ScheduleForm.java" Intrnl_Id="1024">
<LocList>
<Loc EndOffset="13928" SrcFileId="7" StartOffset="13883"/>
</LocList>
</BasicStmnt>
<BasicStmnt CovItemId="S112" CovItemPrefix="my.PSM.PSM_Interface.ScheduleForm.java" Intrnl_Id="1025">
<LocList>
<Loc EndOffset="13968" SrcFileId="7" StartOffset="13938"/>
<Loc EndOffset="14154" SrcFileId="7" StartOffset="14152"/>
</LocList>
</BasicStmnt>
<BasicStmnt CovItemId="S114" CovItemPrefix="my.PSM.PSM_Interface.ScheduleForm.java" Intrnl_Id="1026">
<LocList>
<Loc EndOffset="14194" SrcFileId="7" StartOffset="14164"/>
<Loc EndOffset="14380" SrcFileId="7" StartOffset="14378"/>
</LocList>
</BasicStmnt>
<BasicStmnt CovItemId="S116" CovItemPrefix="my.PSM.PSM_Interface.ScheduleForm.java" Intrnl_Id="1027">
<LocList>
<Loc EndOffset="14421" SrcFileId="7" StartOffset="14390"/>
<Loc EndOffset="14608" SrcFileId="7" StartOffset="14606"/>
</LocList>
</BasicStmnt>
<BasicStmnt CovItemId="S118" CovItemPrefix="my.PSM.PSM_Interface.ScheduleForm.java" Intrnl_Id="1028">
<LocList>
<Loc EndOffset="14649" SrcFileId="7" StartOffset="14618"/>
<Loc EndOffset="14836" SrcFileId="7" StartOffset="14834"/>
</LocList>
</BasicStmnt>
<BasicStmnt CovItemId="S120" CovItemPrefix="my.PSM.PSM_Interface.ScheduleForm.java" Intrnl_Id="1029">
<LocList>
<Loc EndOffset="14877" SrcFileId="7" StartOffset="14846"/>
<Loc EndOffset="15064" SrcFileId="7" StartOffset="15062"/>
</LocList>
</BasicStmnt>
<BasicStmnt CovItemId="S122" CovItemPrefix="my.PSM.PSM_Interface.ScheduleForm.java" Intrnl_Id="1030">
<LocList>
<Loc EndOffset="15105" SrcFileId="7" StartOffset="15074"/>
<Loc EndOffset="15292" SrcFileId="7" StartOffset="15290"/>
</LocList>
</BasicStmnt>
<BasicStmnt CovItemId="S124" CovItemPrefix="my.PSM.PSM_Interface.ScheduleForm.java" Intrnl_Id="1031">
<LocList>
<Loc EndOffset="15333" SrcFileId="7" StartOffset="15302"/>
<Loc EndOffset="15520" SrcFileId="7" StartOffset="15518"/>
</LocList>
</BasicStmnt>
<BasicStmnt CovItemId="S126" CovItemPrefix="my.PSM.PSM_Interface.ScheduleForm.java" Intrnl_Id="1032">
<LocList>
<Loc EndOffset="15561" SrcFileId="7" StartOffset="15530"/>
<Loc EndOffset="15748" SrcFileId="7" StartOffset="15746"/>
</LocList>
</BasicStmnt>
<BasicStmnt CovItemId="S128" CovItemPrefix="my.PSM.PSM_Interface.ScheduleForm.java" Intrnl_Id="1033">
<LocList>
<Loc EndOffset="15851" SrcFileId="7" StartOffset="15758"/>
</LocList>
</BasicStmnt>
<BasicStmnt CovItemId="S129" CovItemPrefix="my.PSM.PSM_Interface.ScheduleForm.java" Intrnl_Id="1034">
<LocList>
<Loc EndOffset="15893" SrcFileId="7" StartOffset="15860"/>
</LocList>
</BasicStmnt>
<BasicStmnt CovItemId="S130" CovItemPrefix="my.PSM.PSM_Interface.ScheduleForm.java" Intrnl_Id="1035">
<LocList>
<Loc EndOffset="19553" SrcFileId="7" StartOffset="15902"/>
</LocList>
</BasicStmnt>
<BasicStmnt CovItemId="S131" CovItemPrefix="my.PSM.PSM_Interface.ScheduleForm.java" Intrnl_Id="1036">
<LocList>
<Loc EndOffset="22833" SrcFileId="7" StartOffset="19562"/>
</LocList>
</BasicStmnt>
<BasicStmnt CovItemId="S132" CovItemPrefix="my.PSM.PSM_Interface.ScheduleForm.java" Intrnl_Id="1037">
<LocList>
<Loc EndOffset="22938" SrcFileId="7" StartOffset="22843"/>
</LocList>
</BasicStmnt>
<BasicStmnt CovItemId="S133" CovItemPrefix="my.PSM.PSM_Interface.ScheduleForm.java" Intrnl_Id="1038">
<LocList>
<Loc EndOffset="22982" SrcFileId="7" StartOffset="22947"/>
</LocList>
</BasicStmnt>
<BasicStmnt CovItemId="S134" CovItemPrefix="my.PSM.PSM_Interface.ScheduleForm.java" Intrnl_Id="1039">
<LocList>
<Loc EndOffset="24145" SrcFileId="7" StartOffset="22991"/>
</LocList>
</BasicStmnt>
<BasicStmnt CovItemId="S135" CovItemPrefix="my.PSM.PSM_Interface.ScheduleForm.java" Intrnl_Id="1040">
<LocList>
<Loc EndOffset="25217" SrcFileId="7" StartOffset="24154"/>
</LocList>
</BasicStmnt>
<BasicStmnt CovItemId="S136" CovItemPrefix="my.PSM.PSM_Interface.ScheduleForm.java" Intrnl_Id="1041">
<LocList>
<Loc EndOffset="25234" SrcFileId="7" StartOffset="25227"/>
</LocList>
</BasicStmnt>
</StmntSeq>
<HierarchyLvl HierarchyLvlId="1172" HierarchyLvlTypeId="28" Intrnl_Id="1042" Name="java.awt.event.ActionListener">
<Header>
<Loc EndOffset="3938" SrcFileId="7" StartOffset="3907"/>
</Header>
<LocList>
<Loc EndOffset="4084" SrcFileId="7" StartOffset="3903"/>
</LocList>
<HierarchyLvl HierarchyLvlId="1171" HierarchyLvlTypeId="26" Intrnl_Id="1043" Name="actionPerformed">
<Header>
<Loc EndOffset="4012" SrcFileId="7" StartOffset="3953"/>
</Header>
<LocList>
<Loc EndOffset="4074" SrcFileId="7" StartOffset="3953"/>
</LocList>
<StmntSeq Intrnl_Id="1044">
<LocList>
<Loc EndOffset="4060" SrcFileId="7" StartOffset="4031"/>
</LocList>
<BasicStmnt CovItemId="S51" CovItemPrefix="my.PSM.PSM_Interface.ScheduleForm.java" Intrnl_Id="1045">
<LocList>
<Loc EndOffset="4060" SrcFileId="7" StartOffset="4031"/>
</LocList>
</BasicStmnt>
</StmntSeq>
</HierarchyLvl>
</HierarchyLvl>
<HierarchyLvl HierarchyLvlId="1174" HierarchyLvlTypeId="28" Intrnl_Id="1046" Name="java.awt.event.ActionListener">
<Header>
<Loc EndOffset="4255" SrcFileId="7" StartOffset="4224"/>
</Header>
<LocList>
<Loc EndOffset="4401" SrcFileId="7" StartOffset="4220"/>
</LocList>
<HierarchyLvl HierarchyLvlId="1173" HierarchyLvlTypeId="26" Intrnl_Id="1047" Name="actionPerformed">
<Header>
<Loc EndOffset="4329" SrcFileId="7" StartOffset="4270"/>
</Header>
<LocList>
<Loc EndOffset="4391" SrcFileId="7" StartOffset="4270"/>
</LocList>
<StmntSeq Intrnl_Id="1048">
<LocList>
<Loc EndOffset="4377" SrcFileId="7" StartOffset="4348"/>
</LocList>
<BasicStmnt CovItemId="S55" CovItemPrefix="my.PSM.PSM_Interface.ScheduleForm.java" Intrnl_Id="1049">
<LocList>
<Loc EndOffset="4377" SrcFileId="7" StartOffset="4348"/>
</LocList>
</BasicStmnt>
</StmntSeq>
</HierarchyLvl>
</HierarchyLvl>
<HierarchyLvl HierarchyLvlId="1176" HierarchyLvlTypeId="28" Intrnl_Id="1050" Name="java.awt.event.ActionListener">
<Header>
<Loc EndOffset="5072" SrcFileId="7" StartOffset="5041"/>
</Header>
<LocList>
<Loc EndOffset="5220" SrcFileId="7" StartOffset="5037"/>
</LocList>
<HierarchyLvl HierarchyLvlId="1175" HierarchyLvlTypeId="26" Intrnl_Id="1051" Name="actionPerformed">
<Header>
<Loc EndOffset="5146" SrcFileId="7" StartOffset="5087"/>
</Header>
<LocList>
<Loc EndOffset="5210" SrcFileId="7" StartOffset="5087"/>
</LocList>
<StmntSeq Intrnl_Id="1052">
<LocList>
<Loc EndOffset="5196" SrcFileId="7" StartOffset="5165"/>
</LocList>
<BasicStmnt CovItemId="S62" CovItemPrefix="my.PSM.PSM_Interface.ScheduleForm.java" Intrnl_Id="1053">
<LocList>
<Loc EndOffset="5196" SrcFileId="7" StartOffset="5165"/>
</LocList>
</BasicStmnt>
</StmntSeq>
</HierarchyLvl>
</HierarchyLvl>
<HierarchyLvl HierarchyLvlId="1178" HierarchyLvlTypeId="28" Intrnl_Id="1054" Name="java.awt.event.ActionListener">
<Header>
<Loc EndOffset="9405" SrcFileId="7" StartOffset="9374"/>
</Header>
<LocList>
<Loc EndOffset="9554" SrcFileId="7" StartOffset="9370"/>
</LocList>
<HierarchyLvl HierarchyLvlId="1177" HierarchyLvlTypeId="26" Intrnl_Id="1055" Name="actionPerformed">
<Header>
<Loc EndOffset="9479" SrcFileId="7" StartOffset="9420"/>
</Header>
<LocList>
<Loc EndOffset="9544" SrcFileId="7" StartOffset="9420"/>
</LocList>
<StmntSeq Intrnl_Id="1056">
<LocList>
<Loc EndOffset="9530" SrcFileId="7" StartOffset="9498"/>
</LocList>
<BasicStmnt CovItemId="S83" CovItemPrefix="my.PSM.PSM_Interface.ScheduleForm.java" Intrnl_Id="1057">
<LocList>
<Loc EndOffset="9530" SrcFileId="7" StartOffset="9498"/>
</LocList>
</BasicStmnt>
</StmntSeq>
</HierarchyLvl>
</HierarchyLvl>
<HierarchyLvl HierarchyLvlId="1180" HierarchyLvlTypeId="28" Intrnl_Id="1058" Name="java.awt.event.ActionListener">
<Header>
<Loc EndOffset="9631" SrcFileId="7" StartOffset="9600"/>
</Header>
<LocList>
<Loc EndOffset="9780" SrcFileId="7" StartOffset="9596"/>
</LocList>
<HierarchyLvl HierarchyLvlId="1179" HierarchyLvlTypeId="26" Intrnl_Id="1059" Name="actionPerformed">
<Header>
<Loc EndOffset="9705" SrcFileId="7" StartOffset="9646"/>
</Header>
<LocList>
<Loc EndOffset="9770" SrcFileId="7" StartOffset="9646"/>
</LocList>
<StmntSeq Intrnl_Id="1060">
<LocList>
<Loc EndOffset="9756" SrcFileId="7" StartOffset="9724"/>
</LocList>
<BasicStmnt CovItemId="S85" CovItemPrefix="my.PSM.PSM_Interface.ScheduleForm.java" Intrnl_Id="1061">
<LocList>
<Loc EndOffset="9756" SrcFileId="7" StartOffset="9724"/>
</LocList>
</BasicStmnt>
</StmntSeq>
</HierarchyLvl>
</HierarchyLvl>
<HierarchyLvl HierarchyLvlId="1182" HierarchyLvlTypeId="28" Intrnl_Id="1062" Name="java.awt.event.ActionListener">
<Header>
<Loc EndOffset="14003" SrcFileId="7" StartOffset="13972"/>
</Header>
<LocList>
<Loc EndOffset="14152" SrcFileId="7" StartOffset="13968"/>
</LocList>
<HierarchyLvl HierarchyLvlId="1181" HierarchyLvlTypeId="26" Intrnl_Id="1063" Name="actionPerformed">
<Header>
<Loc EndOffset="14077" SrcFileId="7" StartOffset="14018"/>
</Header>
<LocList>
<Loc EndOffset="14142" SrcFileId="7" StartOffset="14018"/>
</LocList>
<StmntSeq Intrnl_Id="1064">
<LocList>
<Loc EndOffset="14128" SrcFileId="7" StartOffset="14096"/>
</LocList>
<BasicStmnt CovItemId="S113" CovItemPrefix="my.PSM.PSM_Interface.ScheduleForm.java" Intrnl_Id="1065">
<LocList>
<Loc EndOffset="14128" SrcFileId="7" StartOffset="14096"/>
</LocList>
</BasicStmnt>
</StmntSeq>
</HierarchyLvl>
</HierarchyLvl>
<HierarchyLvl HierarchyLvlId="1184" HierarchyLvlTypeId="28" Intrnl_Id="1066" Name="java.awt.event.ActionListener">
<Header>
<Loc EndOffset="14229" SrcFileId="7" StartOffset="14198"/>
</Header>
<LocList>
<Loc EndOffset="14378" SrcFileId="7" StartOffset="14194"/>
</LocList>
<HierarchyLvl HierarchyLvlId="1183" HierarchyLvlTypeId="26" Intrnl_Id="1067" Name="actionPerformed">
<Header>
<Loc EndOffset="14303" SrcFileId="7" StartOffset="14244"/>
</Header>
<LocList>
<Loc EndOffset="14368" SrcFileId="7" StartOffset="14244"/>
</LocList>
<StmntSeq Intrnl_Id="1068">
<LocList>
<Loc EndOffset="14354" SrcFileId="7" StartOffset="14322"/>
</LocList>
<BasicStmnt CovItemId="S115" CovItemPrefix="my.PSM.PSM_Interface.ScheduleForm.java" Intrnl_Id="1069">
<LocList>
<Loc EndOffset="14354" SrcFileId="7" StartOffset="14322"/>
</LocList>
</BasicStmnt>
</StmntSeq>
</HierarchyLvl>
</HierarchyLvl>
<HierarchyLvl HierarchyLvlId="1186" HierarchyLvlTypeId="28" Intrnl_Id="1070" Name="java.awt.event.ActionListener">
<Header>
<Loc EndOffset="14456" SrcFileId="7" StartOffset="14425"/>
</Header>
<LocList>
<Loc EndOffset="14606" SrcFileId="7" StartOffset="14421"/>
</LocList>
<HierarchyLvl HierarchyLvlId="1185" HierarchyLvlTypeId="26" Intrnl_Id="1071" Name="actionPerformed">
<Header>
<Loc EndOffset="14530" SrcFileId="7" StartOffset="14471"/>
</Header>
<LocList>
<Loc EndOffset="14596" SrcFileId="7" StartOffset="14471"/>
</LocList>
<StmntSeq Intrnl_Id="1072">
<LocList>
<Loc EndOffset="14582" SrcFileId="7" StartOffset="14549"/>
</LocList>
<BasicStmnt CovItemId="S117" CovItemPrefix="my.PSM.PSM_Interface.ScheduleForm.java" Intrnl_Id="1073">
<LocList>
<Loc EndOffset="14582" SrcFileId="7" StartOffset="14549"/>
</LocList>
</BasicStmnt>
</StmntSeq>
</HierarchyLvl>
</HierarchyLvl>
<HierarchyLvl HierarchyLvlId="1188" HierarchyLvlTypeId="28" Intrnl_Id="1074" Name="java.awt.event.ActionListener">
<Header>
<Loc EndOffset="14684" SrcFileId="7" StartOffset="14653"/>
</Header>
<LocList>
<Loc EndOffset="14834" SrcFileId="7" StartOffset="14649"/>
</LocList>
<HierarchyLvl HierarchyLvlId="1187" HierarchyLvlTypeId="26" Intrnl_Id="1075" Name="actionPerformed">
<Header>
<Loc EndOffset="14758" SrcFileId="7" StartOffset="14699"/>
</Header>
<LocList>
<Loc EndOffset="14824" SrcFileId="7" StartOffset="14699"/>
</LocList>
<StmntSeq Intrnl_Id="1076">
<LocList>
<Loc EndOffset="14810" SrcFileId="7" StartOffset="14777"/>
</LocList>
<BasicStmnt CovItemId="S119" CovItemPrefix="my.PSM.PSM_Interface.ScheduleForm.java" Intrnl_Id="1077">
<LocList>
<Loc EndOffset="14810" SrcFileId="7" StartOffset="14777"/>
</LocList>
</BasicStmnt>
</StmntSeq>
</HierarchyLvl>
</HierarchyLvl>
<HierarchyLvl HierarchyLvlId="1190" HierarchyLvlTypeId="28" Intrnl_Id="1078" Name="java.awt.event.ActionListener">
<Header>
<Loc EndOffset="14912" SrcFileId="7" StartOffset="14881"/>
</Header>
<LocList>
<Loc EndOffset="15062" SrcFileId="7" StartOffset="14877"/>
</LocList>
<HierarchyLvl HierarchyLvlId="1189" HierarchyLvlTypeId="26" Intrnl_Id="1079" Name="actionPerformed">
<Header>
<Loc EndOffset="14986" SrcFileId="7" StartOffset="14927"/>
</Header>
<LocList>
<Loc EndOffset="15052" SrcFileId="7" StartOffset="14927"/>
</LocList>
<StmntSeq Intrnl_Id="1080">
<LocList>
<Loc EndOffset="15038" SrcFileId="7" StartOffset="15005"/>
</LocList>
<BasicStmnt CovItemId="S121" CovItemPrefix="my.PSM.PSM_Interface.ScheduleForm.java" Intrnl_Id="1081">
<LocList>
<Loc EndOffset="15038" SrcFileId="7" StartOffset="15005"/>
</LocList>
</BasicStmnt>
</StmntSeq>
</HierarchyLvl>
</HierarchyLvl>
<HierarchyLvl HierarchyLvlId="1192" HierarchyLvlTypeId="28" Intrnl_Id="1082" Name="java.awt.event.ActionListener">
<Header>
<Loc EndOffset="15140" SrcFileId="7" StartOffset="15109"/>
</Header>
<LocList>
<Loc EndOffset="15290" SrcFileId="7" StartOffset="15105"/>
</LocList>
<HierarchyLvl HierarchyLvlId="1191" HierarchyLvlTypeId="26" Intrnl_Id="1083" Name="actionPerformed">
<Header>
<Loc EndOffset="15214" SrcFileId="7" StartOffset="15155"/>
</Header>
<LocList>
<Loc EndOffset="15280" SrcFileId="7" StartOffset="15155"/>
</LocList>
<StmntSeq Intrnl_Id="1084">
<LocList>
<Loc EndOffset="15266" SrcFileId="7" StartOffset="15233"/>
</LocList>
<BasicStmnt CovItemId="S123" CovItemPrefix="my.PSM.PSM_Interface.ScheduleForm.java" Intrnl_Id="1085">
<LocList>
<Loc EndOffset="15266" SrcFileId="7" StartOffset="15233"/>
</LocList>
</BasicStmnt>
</StmntSeq>
</HierarchyLvl>
</HierarchyLvl>
<HierarchyLvl HierarchyLvlId="1194" HierarchyLvlTypeId="28" Intrnl_Id="1086" Name="java.awt.event.ActionListener">
<Header>
<Loc EndOffset="15368" SrcFileId="7" StartOffset="15337"/>
</Header>
<LocList>
<Loc EndOffset="15518" SrcFileId="7" StartOffset="15333"/>
</LocList>
<HierarchyLvl HierarchyLvlId="1193" HierarchyLvlTypeId="26" Intrnl_Id="1087" Name="actionPerformed">
<Header>
<Loc EndOffset="15442" SrcFileId="7" StartOffset="15383"/>
</Header>
<LocList>
<Loc EndOffset="15508" SrcFileId="7" StartOffset="15383"/>
</LocList>
<StmntSeq Intrnl_Id="1088">
<LocList>
<Loc EndOffset="15494" SrcFileId="7" StartOffset="15461"/>
</LocList>
<BasicStmnt CovItemId="S125" CovItemPrefix="my.PSM.PSM_Interface.ScheduleForm.java" Intrnl_Id="1089">
<LocList>
<Loc EndOffset="15494" SrcFileId="7" StartOffset="15461"/>
</LocList>
</BasicStmnt>
</StmntSeq>
</HierarchyLvl>
</HierarchyLvl>
<HierarchyLvl HierarchyLvlId="1196" HierarchyLvlTypeId="28" Intrnl_Id="1090" Name="java.awt.event.ActionListener">
<Header>
<Loc EndOffset="15596" SrcFileId="7" StartOffset="15565"/>
</Header>
<LocList>
<Loc EndOffset="15746" SrcFileId="7" StartOffset="15561"/>
</LocList>
<HierarchyLvl HierarchyLvlId="1195" HierarchyLvlTypeId="26" Intrnl_Id="1091" Name="actionPerformed">
<Header>
<Loc EndOffset="15670" SrcFileId="7" StartOffset="15611"/>
</Header>
<LocList>
<Loc EndOffset="15736" SrcFileId="7" StartOffset="15611"/>
</LocList>
<StmntSeq Intrnl_Id="1092">
<LocList>
<Loc EndOffset="15722" SrcFileId="7" StartOffset="15689"/>
</LocList>
<BasicStmnt CovItemId="S127" CovItemPrefix="my.PSM.PSM_Interface.ScheduleForm.java" Intrnl_Id="1093">
<LocList>
<Loc EndOffset="15722" SrcFileId="7" StartOffset="15689"/>
</LocList>
</BasicStmnt>
</StmntSeq>
</HierarchyLvl>
</HierarchyLvl>
</HierarchyLvl>
<HierarchyLvl HierarchyLvlId="1198" HierarchyLvlTypeId="26" Intrnl_Id="1094" Name="jButton2ActionPerformed">
<Header>
<Loc EndOffset="25355" SrcFileId="7" StartOffset="25287"/>
</Header>
<LocList>
<Loc EndOffset="26347" SrcFileId="7" StartOffset="25287"/>
</LocList>
<StmntSeq Intrnl_Id="1095">
<LocList>
<Loc EndOffset="25454" SrcFileId="7" StartOffset="25414"/>
<Loc EndOffset="25519" SrcFileId="7" StartOffset="25463"/>
<Loc EndOffset="25561" SrcFileId="7" StartOffset="25528"/>
<Loc EndOffset="25626" SrcFileId="7" StartOffset="25570"/>
<Loc EndOffset="25677" SrcFileId="7" StartOffset="25635"/>
<Loc EndOffset="25726" SrcFileId="7" StartOffset="25686"/>
<Loc EndOffset="25773" SrcFileId="7" StartOffset="25735"/>
<Loc EndOffset="25819" SrcFileId="7" StartOffset="25782"/>
<Loc EndOffset="25866" SrcFileId="7" StartOffset="25828"/>
<Loc EndOffset="25912" SrcFileId="7" StartOffset="25875"/>
<Loc EndOffset="25959" SrcFileId="7" StartOffset="25921"/>
<Loc EndOffset="26005" SrcFileId="7" StartOffset="25968"/>
<Loc EndOffset="26052" SrcFileId="7" StartOffset="26014"/>
<Loc EndOffset="26098" SrcFileId="7" StartOffset="26061"/>
<Loc EndOffset="26145" SrcFileId="7" StartOffset="26107"/>
<Loc EndOffset="26191" SrcFileId="7" StartOffset="26154"/>
<Loc EndOffset="26238" SrcFileId="7" StartOffset="26200"/>
<Loc EndOffset="26284" SrcFileId="7" StartOffset="26247"/>
<Loc EndOffset="26322" SrcFileId="7" StartOffset="26302"/>
<Loc EndOffset="26341" SrcFileId="7" StartOffset="26331"/>
</LocList>
<BasicStmnt CovItemId="S137" CovItemPrefix="my.PSM.PSM_Interface.ScheduleForm.java" Intrnl_Id="1096">
<LocList>
<Loc EndOffset="25454" SrcFileId="7" StartOffset="25414"/>
</LocList>
</BasicStmnt>
<BasicStmnt CovItemId="S138" CovItemPrefix="my.PSM.PSM_Interface.ScheduleForm.java" Intrnl_Id="1097">
<LocList>
<Loc EndOffset="25519" SrcFileId="7" StartOffset="25463"/>
</LocList>
</BasicStmnt>
<BasicStmnt CovItemId="S139" CovItemPrefix="my.PSM.PSM_Interface.ScheduleForm.java" Intrnl_Id="1098">
<LocList>
<Loc EndOffset="25561" SrcFileId="7" StartOffset="25528"/>
</LocList>
</BasicStmnt>
<BasicStmnt CovItemId="S140" CovItemPrefix="my.PSM.PSM_Interface.ScheduleForm.java" Intrnl_Id="1099">
<LocList>
<Loc EndOffset="25626" SrcFileId="7" StartOffset="25570"/>
</LocList>
</BasicStmnt>
<BasicStmnt CovItemId="S141" CovItemPrefix="my.PSM.PSM_Interface.ScheduleForm.java" Intrnl_Id="1100">
<LocList>
<Loc EndOffset="25677" SrcFileId="7" StartOffset="25635"/>
</LocList>
</BasicStmnt>
<BasicStmnt CovItemId="S142" CovItemPrefix="my.PSM.PSM_Interface.ScheduleForm.java" Intrnl_Id="1101">
<LocList>
<Loc EndOffset="25726" SrcFileId="7" StartOffset="25686"/>
</LocList>
</BasicStmnt>
<BasicStmnt CovItemId="S143" CovItemPrefix="my.PSM.PSM_Interface.ScheduleForm.java" Intrnl_Id="1102">
<LocList>
<Loc EndOffset="25773" SrcFileId="7" StartOffset="25735"/>
</LocList>
</BasicStmnt>
<BasicStmnt CovItemId="S144" CovItemPrefix="my.PSM.PSM_Interface.ScheduleForm.java" Intrnl_Id="1103">
<LocList>
<Loc EndOffset="25819" SrcFileId="7" StartOffset="25782"/>
</LocList>
</BasicStmnt>
<BasicStmnt CovItemId="S145" CovItemPrefix="my.PSM.PSM_Interface.ScheduleForm.java" Intrnl_Id="1104">
<LocList>
<Loc EndOffset="25866" SrcFileId="7" StartOffset="25828"/>
</LocList>
</BasicStmnt>
<BasicStmnt CovItemId="S146" CovItemPrefix="my.PSM.PSM_Interface.ScheduleForm.java" Intrnl_Id="1105">
<LocList>
<Loc EndOffset="25912" SrcFileId="7" StartOffset="25875"/>
</LocList>
</BasicStmnt>
<BasicStmnt CovItemId="S147" CovItemPrefix="my.PSM.PSM_Interface.ScheduleForm.java" Intrnl_Id="1106">
<LocList>
<Loc EndOffset="25959" SrcFileId="7" StartOffset="25921"/>
</LocList>
</BasicStmnt>
<BasicStmnt CovItemId="S148" CovItemPrefix="my.PSM.PSM_Interface.ScheduleForm.java" Intrnl_Id="1107">
<LocList>
<Loc EndOffset="26005" SrcFileId="7" StartOffset="25968"/>
</LocList>
</BasicStmnt>
<BasicStmnt CovItemId="S149" CovItemPrefix="my.PSM.PSM_Interface.ScheduleForm.java" Intrnl_Id="1108">
<LocList>
<Loc EndOffset="26052" SrcFileId="7" StartOffset="26014"/>
</LocList>
</BasicStmnt>
<BasicStmnt CovItemId="S150" CovItemPrefix="my.PSM.PSM_Interface.ScheduleForm.java" Intrnl_Id="1109">
<LocList>
<Loc EndOffset="26098" SrcFileId="7" StartOffset="26061"/>
</LocList>
</BasicStmnt>
<BasicStmnt CovItemId="S151" CovItemPrefix="my.PSM.PSM_Interface.ScheduleForm.java" Intrnl_Id="1110">
<LocList>
<Loc EndOffset="26145" SrcFileId="7" StartOffset="26107"/>
</LocList>
</BasicStmnt>
<BasicStmnt CovItemId="S152" CovItemPrefix="my.PSM.PSM_Interface.ScheduleForm.java" Intrnl_Id="1111">
<LocList>
<Loc EndOffset="26191" SrcFileId="7" StartOffset="26154"/>
</LocList>
</BasicStmnt>
<BasicStmnt CovItemId="S153" CovItemPrefix="my.PSM.PSM_Interface.ScheduleForm.java" Intrnl_Id="1112">
<LocList>
<Loc EndOffset="26238" SrcFileId="7" StartOffset="26200"/>
</LocList>
</BasicStmnt>
<BasicStmnt CovItemId="S154" CovItemPrefix="my.PSM.PSM_Interface.ScheduleForm.java" Intrnl_Id="1113">
<LocList>
<Loc EndOffset="26284" SrcFileId="7" StartOffset="26247"/>
</LocList>
</BasicStmnt>
<BasicStmnt CovItemId="S155" CovItemPrefix="my.PSM.PSM_Interface.ScheduleForm.java" Intrnl_Id="1114">
<LocList>
<Loc EndOffset="26322" SrcFileId="7" StartOffset="26302"/>
</LocList>
</BasicStmnt>
<BasicStmnt CovItemId="S156" CovItemPrefix="my.PSM.PSM_Interface.ScheduleForm.java" Intrnl_Id="1115">
<LocList>
<Loc EndOffset="26341" SrcFileId="7" StartOffset="26331"/>
</LocList>
</BasicStmnt>
</StmntSeq>
</HierarchyLvl>
<HierarchyLvl HierarchyLvlId="1199" HierarchyLvlTypeId="26" Intrnl_Id="1116" Name="jButton1ActionPerformed">
<Header>
<Loc EndOffset="26461" SrcFileId="7" StartOffset="26393"/>
</Header>
<LocList>
<Loc EndOffset="26529" SrcFileId="7" StartOffset="26393"/>
</LocList>
<StmntSeq Intrnl_Id="1117">
<LocList>
<Loc EndOffset="26523" SrcFileId="7" StartOffset="26513"/>
</LocList>
<BasicStmnt CovItemId="S157" CovItemPrefix="my.PSM.PSM_Interface.ScheduleForm.java" Intrnl_Id="1118">
<LocList>
<Loc EndOffset="26523" SrcFileId="7" StartOffset="26513"/>
</LocList>
</BasicStmnt>
</StmntSeq>
</HierarchyLvl>
<HierarchyLvl HierarchyLvlId="1200" HierarchyLvlTypeId="26" Intrnl_Id="1119" Name="jComboBox1ActionPerformed">
<Header>
<Loc EndOffset="26645" SrcFileId="7" StartOffset="26575"/>
</Header>
<LocList>
<Loc EndOffset="26741" SrcFileId="7" StartOffset="26575"/>
</LocList>
</HierarchyLvl>
<HierarchyLvl HierarchyLvlId="1201" HierarchyLvlTypeId="26" Intrnl_Id="1120" Name="jTextField1ActionPerformed">
<Header>
<Loc EndOffset="26860" SrcFileId="7" StartOffset="26789"/>
</Header>
<LocList>
<Loc EndOffset="26957" SrcFileId="7" StartOffset="26789"/>
</LocList>
</HierarchyLvl>
<HierarchyLvl HierarchyLvlId="1202" HierarchyLvlTypeId="26" Intrnl_Id="1121" Name="jTextField2ActionPerformed">
<Header>
<Loc EndOffset="27077" SrcFileId="7" StartOffset="27006"/>
</Header>
<LocList>
<Loc EndOffset="27174" SrcFileId="7" StartOffset="27006"/>
</LocList>
</HierarchyLvl>
<HierarchyLvl HierarchyLvlId="1203" HierarchyLvlTypeId="26" Intrnl_Id="1122" Name="jTextField7ActionPerformed">
<Header>
<Loc EndOffset="27294" SrcFileId="7" StartOffset="27223"/>
</Header>
<LocList>
<Loc EndOffset="27391" SrcFileId="7" StartOffset="27223"/>
</LocList>
</HierarchyLvl>
<HierarchyLvl HierarchyLvlId="1204" HierarchyLvlTypeId="26" Intrnl_Id="1123" Name="jTextField9ActionPerformed">
<Header>
<Loc EndOffset="27511" SrcFileId="7" StartOffset="27440"/>
</Header>
<LocList>
<Loc EndOffset="27608" SrcFileId="7" StartOffset="27440"/>
</LocList>
</HierarchyLvl>
<HierarchyLvl HierarchyLvlId="1205" HierarchyLvlTypeId="26" Intrnl_Id="1124" Name="jTextField10ActionPerformed">
<Header>
<Loc EndOffset="27729" SrcFileId="7" StartOffset="27657"/>
</Header>
<LocList>
<Loc EndOffset="27827" SrcFileId="7" StartOffset="27657"/>
</LocList>
</HierarchyLvl>
<HierarchyLvl HierarchyLvlId="1206" HierarchyLvlTypeId="26" Intrnl_Id="1125" Name="jTextField11ActionPerformed">
<Header>
<Loc EndOffset="27949" SrcFileId="7" StartOffset="27877"/>
</Header>
<LocList>
<Loc EndOffset="28047" SrcFileId="7" StartOffset="27877"/>
</LocList>
</HierarchyLvl>
<HierarchyLvl HierarchyLvlId="1207" HierarchyLvlTypeId="26" Intrnl_Id="1126" Name="jTextField12ActionPerformed">
<Header>
<Loc EndOffset="28169" SrcFileId="7" StartOffset="28097"/>
</Header>
<LocList>
<Loc EndOffset="28267" SrcFileId="7" StartOffset="28097"/>
</LocList>
</HierarchyLvl>
<HierarchyLvl HierarchyLvlId="1208" HierarchyLvlTypeId="26" Intrnl_Id="1127" Name="jTextField13ActionPerformed">
<Header>
<Loc EndOffset="28389" SrcFileId="7" StartOffset="28317"/>
</Header>
<LocList>
<Loc EndOffset="28487" SrcFileId="7" StartOffset="28317"/>
</LocList>
</HierarchyLvl>
<HierarchyLvl HierarchyLvlId="1209" HierarchyLvlTypeId="26" Intrnl_Id="1128" Name="jTextField14ActionPerformed">
<Header>
<Loc EndOffset="28609" SrcFileId="7" StartOffset="28537"/>
</Header>
<LocList>
<Loc EndOffset="28707" SrcFileId="7" StartOffset="28537"/>
</LocList>
</HierarchyLvl>
<HierarchyLvl HierarchyLvlId="1210" HierarchyLvlTypeId="26" Intrnl_Id="1129" Name="jTextField15ActionPerformed">
<Header>
<Loc EndOffset="28829" SrcFileId="7" StartOffset="28757"/>
</Header>
<LocList>
<Loc EndOffset="28927" SrcFileId="7" StartOffset="28757"/>
</LocList>
</HierarchyLvl>
<HierarchyLvl HierarchyLvlId="1213" HierarchyLvlTypeId="26" Intrnl_Id="1130" Name="launchInitial">
<Header>
<Loc EndOffset="29070" SrcFileId="7" StartOffset="29043"/>
</Header>
<LocList>
<Loc EndOffset="29246" SrcFileId="7" StartOffset="29043"/>
</LocList>
<StmntSeq Intrnl_Id="1131">
<LocList>
<Loc EndOffset="29113" SrcFileId="7" StartOffset="29081"/>
<Loc EndOffset="29240" SrcFileId="7" StartOffset="29238"/>
</LocList>
<BasicStmnt CovItemId="S158" CovItemPrefix="my.PSM.PSM_Interface.ScheduleForm.java" Intrnl_Id="1132">
<LocList>
<Loc EndOffset="29113" SrcFileId="7" StartOffset="29081"/>
<Loc EndOffset="29240" SrcFileId="7" StartOffset="29238"/>
</LocList>
</BasicStmnt>
</StmntSeq>
<HierarchyLvl HierarchyLvlId="1212" HierarchyLvlTypeId="28" Intrnl_Id="1133" Name="Runnable">
<Header>
<Loc EndOffset="29127" SrcFileId="7" StartOffset="29117"/>
</Header>
<LocList>
<Loc EndOffset="29238" SrcFileId="7" StartOffset="29113"/>
</LocList>
<HierarchyLvl HierarchyLvlId="1211" HierarchyLvlTypeId="26" Intrnl_Id="1134" Name="run">
<Header>
<Loc EndOffset="29159" SrcFileId="7" StartOffset="29142"/>
</Header>
<LocList>
<Loc EndOffset="29228" SrcFileId="7" StartOffset="29142"/>
</LocList>
<StmntSeq Intrnl_Id="1135">
<LocList>
<Loc EndOffset="29214" SrcFileId="7" StartOffset="29178"/>
</LocList>
<BasicStmnt CovItemId="S159" CovItemPrefix="my.PSM.PSM_Interface.ScheduleForm.java" Intrnl_Id="1136">
<LocList>
<Loc EndOffset="29214" SrcFileId="7" StartOffset="29178"/>
</LocList>
</BasicStmnt>
</StmntSeq>
</HierarchyLvl>
</HierarchyLvl>
</HierarchyLvl>
<HierarchyLvl HierarchyLvlId="1214" HierarchyLvlTypeId="26" Intrnl_Id="1137" Name="getNewCourseID">
<Header>
<Loc EndOffset="29290" SrcFileId="7" StartOffset="29256"/>
</Header>
<LocList>
<Loc EndOffset="29317" SrcFileId="7" StartOffset="29256"/>
</LocList>
<StmntSeq Intrnl_Id="1138">
<LocList>
<Loc EndOffset="29314" SrcFileId="7" StartOffset="29295"/>
</LocList>
<BasicStmnt CovItemId="S160" CovItemPrefix="my.PSM.PSM_Interface.ScheduleForm.java" Intrnl_Id="1139">
<LocList>
<Loc EndOffset="29314" SrcFileId="7" StartOffset="29295"/>
</LocList>
</BasicStmnt>
</StmntSeq>
</HierarchyLvl>
<HierarchyLvl HierarchyLvlId="1215" HierarchyLvlTypeId="26" Intrnl_Id="1140" Name="setNewCourseID">
<Header>
<Loc EndOffset="29370" SrcFileId="7" StartOffset="29320"/>
</Header>
<LocList>
<Loc EndOffset="29417" SrcFileId="7" StartOffset="29320"/>
</LocList>
<StmntSeq Intrnl_Id="1141">
<LocList>
<Loc EndOffset="29414" SrcFileId="7" StartOffset="29375"/>
</LocList>
<BasicStmnt CovItemId="S161" CovItemPrefix="my.PSM.PSM_Interface.ScheduleForm.java" Intrnl_Id="1142">
<LocList>
<Loc EndOffset="29414" SrcFileId="7" StartOffset="29375"/>
</LocList>
</BasicStmnt>
</StmntSeq>
</HierarchyLvl>
<HierarchyLvl HierarchyLvlId="1216" HierarchyLvlTypeId="26" Intrnl_Id="1143" Name="getNewSub">
<Header>
<Loc EndOffset="29452" SrcFileId="7" StartOffset="29420"/>
</Header>
<LocList>
<Loc EndOffset="29474" SrcFileId="7" StartOffset="29420"/>
</LocList>
<StmntSeq Intrnl_Id="1144">
<LocList>
<Loc EndOffset="29471" SrcFileId="7" StartOffset="29457"/>
</LocList>
<BasicStmnt CovItemId="S162" CovItemPrefix="my.PSM.PSM_Interface.ScheduleForm.java" Intrnl_Id="1145">
<LocList>
<Loc EndOffset="29471" SrcFileId="7" StartOffset="29457"/>
</LocList>
</BasicStmnt>
</StmntSeq>
</HierarchyLvl>
<HierarchyLvl HierarchyLvlId="1217" HierarchyLvlTypeId="26" Intrnl_Id="1146" Name="setNewSub">
<Header>
<Loc EndOffset="29520" SrcFileId="7" StartOffset="29477"/>
</Header>
<LocList>
<Loc EndOffset="29557" SrcFileId="7" StartOffset="29477"/>
</LocList>
<StmntSeq Intrnl_Id="1147">
<LocList>
<Loc EndOffset="29554" SrcFileId="7" StartOffset="29525"/>
</LocList>
<BasicStmnt CovItemId="S163" CovItemPrefix="my.PSM.PSM_Interface.ScheduleForm.java" Intrnl_Id="1148">
<LocList>
<Loc EndOffset="29554" SrcFileId="7" StartOffset="29525"/>
</LocList>
</BasicStmnt>
</StmntSeq>
</HierarchyLvl>
<HierarchyLvl HierarchyLvlId="1218" HierarchyLvlTypeId="26" Intrnl_Id="1149" Name="getNewCourseName">
<Header>
<Loc EndOffset="29599" SrcFileId="7" StartOffset="29560"/>
</Header>
<LocList>
<Loc EndOffset="29628" SrcFileId="7" StartOffset="29560"/>
</LocList>
<StmntSeq Intrnl_Id="1150">
<LocList>
<Loc EndOffset="29625" SrcFileId="7" StartOffset="29604"/>
</LocList>
<BasicStmnt CovItemId="S164" CovItemPrefix="my.PSM.PSM_Interface.ScheduleForm.java" Intrnl_Id="1151">
<LocList>
<Loc EndOffset="29625" SrcFileId="7" StartOffset="29604"/>
</LocList>
</BasicStmnt>
</StmntSeq>
</HierarchyLvl>
<HierarchyLvl HierarchyLvlId="1219" HierarchyLvlTypeId="26" Intrnl_Id="1152" Name="setNewCourseName">
<Header>
<Loc EndOffset="29688" SrcFileId="7" StartOffset="29631"/>
</Header>
<LocList>
<Loc EndOffset="29739" SrcFileId="7" StartOffset="29631"/>
</LocList>
<StmntSeq Intrnl_Id="1153">
<LocList>
<Loc EndOffset="29736" SrcFileId="7" StartOffset="29693"/>
</LocList>
<BasicStmnt CovItemId="S165" CovItemPrefix="my.PSM.PSM_Interface.ScheduleForm.java" Intrnl_Id="1154">
<LocList>
<Loc EndOffset="29736" SrcFileId="7" StartOffset="29693"/>
</LocList>
</BasicStmnt>
</StmntSeq>
</HierarchyLvl>
<HierarchyLvl HierarchyLvlId="1220" HierarchyLvlTypeId="26" Intrnl_Id="1155" Name="getNewSemester">
<Header>
<Loc EndOffset="29779" SrcFileId="7" StartOffset="29742"/>
</Header>
<LocList>
<Loc EndOffset="29806" SrcFileId="7" StartOffset="29742"/>
</LocList>
<StmntSeq Intrnl_Id="1156">
<LocList>
<Loc EndOffset="29803" SrcFileId="7" StartOffset="29784"/>
</LocList>
<BasicStmnt CovItemId="S166" CovItemPrefix="my.PSM.PSM_Interface.ScheduleForm.java" Intrnl_Id="1157">
<LocList>
<Loc EndOffset="29803" SrcFileId="7" StartOffset="29784"/>
</LocList>
</BasicStmnt>
</StmntSeq>
</HierarchyLvl>
<HierarchyLvl HierarchyLvlId="1221" HierarchyLvlTypeId="26" Intrnl_Id="1158" Name="setNewSemester">
<Header>
<Loc EndOffset="29862" SrcFileId="7" StartOffset="29809"/>
</Header>
<LocList>
<Loc EndOffset="29909" SrcFileId="7" StartOffset="29809"/>
</LocList>
<StmntSeq Intrnl_Id="1159">
<LocList>
<Loc EndOffset="29906" SrcFileId="7" StartOffset="29867"/>
</LocList>
<BasicStmnt CovItemId="S167" CovItemPrefix="my.PSM.PSM_Interface.ScheduleForm.java" Intrnl_Id="1160">
<LocList>
<Loc EndOffset="29906" SrcFileId="7" StartOffset="29867"/>
</LocList>
</BasicStmnt>
</StmntSeq>
</HierarchyLvl>
<HierarchyLvl HierarchyLvlId="1222" HierarchyLvlTypeId="26" Intrnl_Id="1161" Name="getNewCourseEnd">
<Header>
<Loc EndOffset="29950" SrcFileId="7" StartOffset="29912"/>
</Header>
<LocList>
<Loc EndOffset="29978" SrcFileId="7" StartOffset="29912"/>
</LocList>
<StmntSeq Intrnl_Id="1162">
<LocList>
<Loc EndOffset="29975" SrcFileId="7" StartOffset="29955"/>
</LocList>
<BasicStmnt CovItemId="S168" CovItemPrefix="my.PSM.PSM_Interface.ScheduleForm.java" Intrnl_Id="1163">
<LocList>
<Loc EndOffset="29975" SrcFileId="7" StartOffset="29955"/>
</LocList>
</BasicStmnt>
</StmntSeq>
</HierarchyLvl>
<HierarchyLvl HierarchyLvlId="1223" HierarchyLvlTypeId="26" Intrnl_Id="1164" Name="setNewCourseEnd">
<Header>
<Loc EndOffset="30036" SrcFileId="7" StartOffset="29981"/>
</Header>
<LocList>
<Loc EndOffset="30085" SrcFileId="7" StartOffset="29981"/>
</LocList>
<StmntSeq Intrnl_Id="1165">
<LocList>
<Loc EndOffset="30082" SrcFileId="7" StartOffset="30041"/>
</LocList>
<BasicStmnt CovItemId="S169" CovItemPrefix="my.PSM.PSM_Interface.ScheduleForm.java" Intrnl_Id="1166">
<LocList>
<Loc EndOffset="30082" SrcFileId="7" StartOffset="30041"/>
</LocList>
</BasicStmnt>
</StmntSeq>
</HierarchyLvl>
<HierarchyLvl HierarchyLvlId="1224" HierarchyLvlTypeId="26" Intrnl_Id="1167" Name="getNewMonStart">
<Header>
<Loc EndOffset="30125" SrcFileId="7" StartOffset="30088"/>
</Header>
<LocList>
<Loc EndOffset="30152" SrcFileId="7" StartOffset="30088"/>
</LocList>
<StmntSeq Intrnl_Id="1168">
<LocList>
<Loc EndOffset="30149" SrcFileId="7" StartOffset="30130"/>
</LocList>
<BasicStmnt CovItemId="S170" CovItemPrefix="my.PSM.PSM_Interface.ScheduleForm.java" Intrnl_Id="1169">
<LocList>
<Loc EndOffset="30149" SrcFileId="7" StartOffset="30130"/>
</LocList>
</BasicStmnt>
</StmntSeq>
</HierarchyLvl>
<HierarchyLvl HierarchyLvlId="1225" HierarchyLvlTypeId="26" Intrnl_Id="1170" Name="setNewMonStart">
<Header>
<Loc EndOffset="30208" SrcFileId="7" StartOffset="30155"/>
</Header>
<LocList>
<Loc EndOffset="30255" SrcFileId="7" StartOffset="30155"/>
</LocList>
<StmntSeq Intrnl_Id="1171">
<LocList>
<Loc EndOffset="30252" SrcFileId="7" StartOffset="30213"/>
</LocList>
<BasicStmnt CovItemId="S171" CovItemPrefix="my.PSM.PSM_Interface.ScheduleForm.java" Intrnl_Id="1172">
<LocList>
<Loc EndOffset="30252" SrcFileId="7" StartOffset="30213"/>
</LocList>
</BasicStmnt>
</StmntSeq>
</HierarchyLvl>
<HierarchyLvl HierarchyLvlId="1226" HierarchyLvlTypeId="26" Intrnl_Id="1173" Name="getNewTueStart">
<Header>
<Loc EndOffset="30295" SrcFileId="7" StartOffset="30258"/>
</Header>
<LocList>
<Loc EndOffset="30322" SrcFileId="7" StartOffset="30258"/>
</LocList>
<StmntSeq Intrnl_Id="1174">
<LocList>
<Loc EndOffset="30319" SrcFileId="7" StartOffset="30300"/>
</LocList>
<BasicStmnt CovItemId="S172" CovItemPrefix="my.PSM.PSM_Interface.ScheduleForm.java" Intrnl_Id="1175">
<LocList>
<Loc EndOffset="30319" SrcFileId="7" StartOffset="30300"/>
</LocList>
</BasicStmnt>
</StmntSeq>
</HierarchyLvl>
<HierarchyLvl HierarchyLvlId="1227" HierarchyLvlTypeId="26" Intrnl_Id="1176" Name="setNewTueStart">
<Header>
<Loc EndOffset="30378" SrcFileId="7" StartOffset="30325"/>
</Header>
<LocList>
<Loc EndOffset="30425" SrcFileId="7" StartOffset="30325"/>
</LocList>
<StmntSeq Intrnl_Id="1177">
<LocList>
<Loc EndOffset="30422" SrcFileId="7" StartOffset="30383"/>
</LocList>
<BasicStmnt CovItemId="S173" CovItemPrefix="my.PSM.PSM_Interface.ScheduleForm.java" Intrnl_Id="1178">
<LocList>
<Loc EndOffset="30422" SrcFileId="7" StartOffset="30383"/>
</LocList>
</BasicStmnt>
</StmntSeq>
</HierarchyLvl>
<HierarchyLvl HierarchyLvlId="1228" HierarchyLvlTypeId="26" Intrnl_Id="1179" Name="getNewTueEnd">
<Header>
<Loc EndOffset="30456" SrcFileId="7" StartOffset="30428"/>
</Header>
<LocList>
<Loc EndOffset="30481" SrcFileId="7" StartOffset="30428"/>
</LocList>
<StmntSeq Intrnl_Id="1180">
<LocList>
<Loc EndOffset="30478" SrcFileId="7" StartOffset="30461"/>
</LocList>
<BasicStmnt CovItemId="S174" CovItemPrefix="my.PSM.PSM_Interface.ScheduleForm.java" Intrnl_Id="1181">
<LocList>
<Loc EndOffset="30478" SrcFileId="7" StartOffset="30461"/>
</LocList>
</BasicStmnt>
</StmntSeq>
</HierarchyLvl>
<HierarchyLvl HierarchyLvlId="1229" HierarchyLvlTypeId="26" Intrnl_Id="1182" Name="setNewTueEnd">
<Header>
<Loc EndOffset="30533" SrcFileId="7" StartOffset="30484"/>
</Header>
<LocList>
<Loc EndOffset="30576" SrcFileId="7" StartOffset="30484"/>
</LocList>
<StmntSeq Intrnl_Id="1183">
<LocList>
<Loc EndOffset="30573" SrcFileId="7" StartOffset="30538"/>
</LocList>
<BasicStmnt CovItemId="S175" CovItemPrefix="my.PSM.PSM_Interface.ScheduleForm.java" Intrnl_Id="1184">
<LocList>
<Loc EndOffset="30573" SrcFileId="7" StartOffset="30538"/>
</LocList>
</BasicStmnt>
</StmntSeq>
</HierarchyLvl>
<HierarchyLvl HierarchyLvlId="1230" HierarchyLvlTypeId="26" Intrnl_Id="1185" Name="getNewThuEnd">
<Header>
<Loc EndOffset="30614" SrcFileId="7" StartOffset="30579"/>
</Header>
<LocList>
<Loc EndOffset="30639" SrcFileId="7" StartOffset="30579"/>
</LocList>
<StmntSeq Intrnl_Id="1186">
<LocList>
<Loc EndOffset="30636" SrcFileId="7" StartOffset="30619"/>
</LocList>
<BasicStmnt CovItemId="S176" CovItemPrefix="my.PSM.PSM_Interface.ScheduleForm.java" Intrnl_Id="1187">
<LocList>
<Loc EndOffset="30636" SrcFileId="7" StartOffset="30619"/>
</LocList>
</BasicStmnt>
</StmntSeq>
</HierarchyLvl>
<HierarchyLvl HierarchyLvlId="1231" HierarchyLvlTypeId="26" Intrnl_Id="1188" Name="setNewThuEnd">
<Header>
<Loc EndOffset="30691" SrcFileId="7" StartOffset="30642"/>
</Header>
<LocList>
<Loc EndOffset="30734" SrcFileId="7" StartOffset="30642"/>
</LocList>
<StmntSeq Intrnl_Id="1189">
<LocList>
<Loc EndOffset="30731" SrcFileId="7" StartOffset="30696"/>
</LocList>
<BasicStmnt CovItemId="S177" CovItemPrefix="my.PSM.PSM_Interface.ScheduleForm.java" Intrnl_Id="1190">
<LocList>
<Loc EndOffset="30731" SrcFileId="7" StartOffset="30696"/>
</LocList>
</BasicStmnt>
</StmntSeq>
</HierarchyLvl>
<HierarchyLvl HierarchyLvlId="1232" HierarchyLvlTypeId="26" Intrnl_Id="1191" Name="getNewThuStart">
<Header>
<Loc EndOffset="30774" SrcFileId="7" StartOffset="30737"/>
</Header>
<LocList>
<Loc EndOffset="30801" SrcFileId="7" StartOffset="30737"/>
</LocList>
<StmntSeq Intrnl_Id="1192">
<LocList>
<Loc EndOffset="30798" SrcFileId="7" StartOffset="30779"/>
</LocList>
<BasicStmnt CovItemId="S178" CovItemPrefix="my.PSM.PSM_Interface.ScheduleForm.java" Intrnl_Id="1193">
<LocList>
<Loc EndOffset="30798" SrcFileId="7" StartOffset="30779"/>
</LocList>
</BasicStmnt>
</StmntSeq>
</HierarchyLvl>
<HierarchyLvl HierarchyLvlId="1233" HierarchyLvlTypeId="26" Intrnl_Id="1194" Name="setNewThuStart">
<Header>
<Loc EndOffset="30857" SrcFileId="7" StartOffset="30804"/>
</Header>
<LocList>
<Loc EndOffset="30904" SrcFileId="7" StartOffset="30804"/>
</LocList>
<StmntSeq Intrnl_Id="1195">
<LocList>
<Loc EndOffset="30901" SrcFileId="7" StartOffset="30862"/>
</LocList>
<BasicStmnt CovItemId="S179" CovItemPrefix="my.PSM.PSM_Interface.ScheduleForm.java" Intrnl_Id="1196">
<LocList>
<Loc EndOffset="30901" SrcFileId="7" StartOffset="30862"/>
</LocList>
</BasicStmnt>
</StmntSeq>
</HierarchyLvl>
<HierarchyLvl HierarchyLvlId="1234" HierarchyLvlTypeId="26" Intrnl_Id="1197" Name="getNewWedEnd">
<Header>
<Loc EndOffset="30942" SrcFileId="7" StartOffset="30907"/>
</Header>
<LocList>
<Loc EndOffset="30967" SrcFileId="7" StartOffset="30907"/>
</LocList>
<StmntSeq Intrnl_Id="1198">
<LocList>
<Loc EndOffset="30964" SrcFileId="7" StartOffset="30947"/>
</LocList>
<BasicStmnt CovItemId="S180" CovItemPrefix="my.PSM.PSM_Interface.ScheduleForm.java" Intrnl_Id="1199">
<LocList>
<Loc EndOffset="30964" SrcFileId="7" StartOffset="30947"/>
</LocList>
</BasicStmnt>
</StmntSeq>
</HierarchyLvl>
<HierarchyLvl HierarchyLvlId="1235" HierarchyLvlTypeId="26" Intrnl_Id="1200" Name="setNewWedEnd">
<Header>
<Loc EndOffset="31019" SrcFileId="7" StartOffset="30970"/>
</Header>
<LocList>
<Loc EndOffset="31062" SrcFileId="7" StartOffset="30970"/>
</LocList>
<StmntSeq Intrnl_Id="1201">
<LocList>
<Loc EndOffset="31059" SrcFileId="7" StartOffset="31024"/>
</LocList>
<BasicStmnt CovItemId="S181" CovItemPrefix="my.PSM.PSM_Interface.ScheduleForm.java" Intrnl_Id="1202">
<LocList>
<Loc EndOffset="31059" SrcFileId="7" StartOffset="31024"/>
</LocList>
</BasicStmnt>
</StmntSeq>
</HierarchyLvl>
<HierarchyLvl HierarchyLvlId="1236" HierarchyLvlTypeId="26" Intrnl_Id="1203" Name="getNewWedStart">
<Header>
<Loc EndOffset="31102" SrcFileId="7" StartOffset="31065"/>
</Header>
<LocList>
<Loc EndOffset="31129" SrcFileId="7" StartOffset="31065"/>
</LocList>
<StmntSeq Intrnl_Id="1204">
<LocList>
<Loc EndOffset="31126" SrcFileId="7" StartOffset="31107"/>
</LocList>
<BasicStmnt CovItemId="S182" CovItemPrefix="my.PSM.PSM_Interface.ScheduleForm.java" Intrnl_Id="1205">
<LocList>
<Loc EndOffset="31126" SrcFileId="7" StartOffset="31107"/>
</LocList>
</BasicStmnt>
</StmntSeq>
</HierarchyLvl>
<HierarchyLvl HierarchyLvlId="1237" HierarchyLvlTypeId="26" Intrnl_Id="1206" Name="setNewWedStart">
<Header>
<Loc EndOffset="31185" SrcFileId="7" StartOffset="31132"/>
</Header>
<LocList>
<Loc EndOffset="31232" SrcFileId="7" StartOffset="31132"/>
</LocList>
<StmntSeq Intrnl_Id="1207">
<LocList>
<Loc EndOffset="31229" SrcFileId="7" StartOffset="31190"/>
</LocList>
<BasicStmnt CovItemId="S183" CovItemPrefix="my.PSM.PSM_Interface.ScheduleForm.java" Intrnl_Id="1208">
<LocList>
<Loc EndOffset="31229" SrcFileId="7" StartOffset="31190"/>
</LocList>
</BasicStmnt>
</StmntSeq>
</HierarchyLvl>
<HierarchyLvl HierarchyLvlId="1238" HierarchyLvlTypeId="26" Intrnl_Id="1209" Name="getNewFriEnd">
<Header>
<Loc EndOffset="31270" SrcFileId="7" StartOffset="31235"/>
</Header>
<LocList>
<Loc EndOffset="31295" SrcFileId="7" StartOffset="31235"/>
</LocList>
<StmntSeq Intrnl_Id="1210">
<LocList>
<Loc EndOffset="31292" SrcFileId="7" StartOffset="31275"/>
</LocList>
<BasicStmnt CovItemId="S184" CovItemPrefix="my.PSM.PSM_Interface.ScheduleForm.java" Intrnl_Id="1211">
<LocList>
<Loc EndOffset="31292" SrcFileId="7" StartOffset="31275"/>
</LocList>
</BasicStmnt>
</StmntSeq>
</HierarchyLvl>
<HierarchyLvl HierarchyLvlId="1239" HierarchyLvlTypeId="26" Intrnl_Id="1212" Name="setNewFriEnd">
<Header>
<Loc EndOffset="31347" SrcFileId="7" StartOffset="31298"/>
</Header>
<LocList>
<Loc EndOffset="31390" SrcFileId="7" StartOffset="31298"/>
</LocList>
<StmntSeq Intrnl_Id="1213">
<LocList>
<Loc EndOffset="31387" SrcFileId="7" StartOffset="31352"/>
</LocList>
<BasicStmnt CovItemId="S185" CovItemPrefix="my.PSM.PSM_Interface.ScheduleForm.java" Intrnl_Id="1214">
<LocList>
<Loc EndOffset="31387" SrcFileId="7" StartOffset="31352"/>
</LocList>
</BasicStmnt>
</StmntSeq>
</HierarchyLvl>
<HierarchyLvl HierarchyLvlId="1240" HierarchyLvlTypeId="26" Intrnl_Id="1215" Name="getNewSatEnd">
<Header>
<Loc EndOffset="31428" SrcFileId="7" StartOffset="31393"/>
</Header>
<LocList>
<Loc EndOffset="31453" SrcFileId="7" StartOffset="31393"/>
</LocList>
<StmntSeq Intrnl_Id="1216">
<LocList>
<Loc EndOffset="31450" SrcFileId="7" StartOffset="31433"/>
</LocList>
<BasicStmnt CovItemId="S186" CovItemPrefix="my.PSM.PSM_Interface.ScheduleForm.java" Intrnl_Id="1217">
<LocList>
<Loc EndOffset="31450" SrcFileId="7" StartOffset="31433"/>
</LocList>
</BasicStmnt>
</StmntSeq>
</HierarchyLvl>
<HierarchyLvl HierarchyLvlId="1241" HierarchyLvlTypeId="26" Intrnl_Id="1218" Name="setNewSatEnd">
<Header>
<Loc EndOffset="31505" SrcFileId="7" StartOffset="31456"/>
</Header>
<LocList>
<Loc EndOffset="31548" SrcFileId="7" StartOffset="31456"/>
</LocList>
<StmntSeq Intrnl_Id="1219">
<LocList>
<Loc EndOffset="31545" SrcFileId="7" StartOffset="31510"/>
</LocList>
<BasicStmnt CovItemId="S187" CovItemPrefix="my.PSM.PSM_Interface.ScheduleForm.java" Intrnl_Id="1220">
<LocList>
<Loc EndOffset="31545" SrcFileId="7" StartOffset="31510"/>
</LocList>
</BasicStmnt>
</StmntSeq>
</HierarchyLvl>
<HierarchyLvl HierarchyLvlId="1242" HierarchyLvlTypeId="26" Intrnl_Id="1221" Name="getNewSatStart">
<Header>
<Loc EndOffset="31588" SrcFileId="7" StartOffset="31551"/>
</Header>
<LocList>
<Loc EndOffset="31615" SrcFileId="7" StartOffset="31551"/>
</LocList>
<StmntSeq Intrnl_Id="1222">
<LocList>
<Loc EndOffset="31612" SrcFileId="7" StartOffset="31593"/>
</LocList>
<BasicStmnt CovItemId="S188" CovItemPrefix="my.PSM.PSM_Interface.ScheduleForm.java" Intrnl_Id="1223">
<LocList>
<Loc EndOffset="31612" SrcFileId="7" StartOffset="31593"/>
</LocList>
</BasicStmnt>
</StmntSeq>
</HierarchyLvl>
<HierarchyLvl HierarchyLvlId="1243" HierarchyLvlTypeId="26" Intrnl_Id="1224" Name="setNewSatStart">
<Header>
<Loc EndOffset="31671" SrcFileId="7" StartOffset="31618"/>
</Header>
<LocList>
<Loc EndOffset="31718" SrcFileId="7" StartOffset="31618"/>
</LocList>
<StmntSeq Intrnl_Id="1225">
<LocList>
<Loc EndOffset="31715" SrcFileId="7" StartOffset="31676"/>
</LocList>
<BasicStmnt CovItemId="S189" CovItemPrefix="my.PSM.PSM_Interface.ScheduleForm.java" Intrnl_Id="1226">
<LocList>
<Loc EndOffset="31715" SrcFileId="7" StartOffset="31676"/>
</LocList>
</BasicStmnt>
</StmntSeq>
</HierarchyLvl>
<HierarchyLvl HierarchyLvlId="1244" HierarchyLvlTypeId="26" Intrnl_Id="1227" Name="getNewFriStart">
<Header>
<Loc EndOffset="31758" SrcFileId="7" StartOffset="31721"/>
</Header>
<LocList>
<Loc EndOffset="31785" SrcFileId="7" StartOffset="31721"/>
</LocList>
<StmntSeq Intrnl_Id="1228">
<LocList>
<Loc EndOffset="31782" SrcFileId="7" StartOffset="31763"/>
</LocList>
<BasicStmnt CovItemId="S190" CovItemPrefix="my.PSM.PSM_Interface.ScheduleForm.java" Intrnl_Id="1229">
<LocList>
<Loc EndOffset="31782" SrcFileId="7" StartOffset="31763"/>
</LocList>
</BasicStmnt>
</StmntSeq>
</HierarchyLvl>
<HierarchyLvl HierarchyLvlId="1245" HierarchyLvlTypeId="26" Intrnl_Id="1230" Name="setNewFriStart">
<Header>
<Loc EndOffset="31841" SrcFileId="7" StartOffset="31788"/>
</Header>
<LocList>
<Loc EndOffset="31888" SrcFileId="7" StartOffset="31788"/>
</LocList>
<StmntSeq Intrnl_Id="1231">
<LocList>
<Loc EndOffset="31885" SrcFileId="7" StartOffset="31846"/>
</LocList>
<BasicStmnt CovItemId="S191" CovItemPrefix="my.PSM.PSM_Interface.ScheduleForm.java" Intrnl_Id="1232">
<LocList>
<Loc EndOffset="31885" SrcFileId="7" StartOffset="31846"/>
</LocList>
</BasicStmnt>
</StmntSeq>
</HierarchyLvl>
<HierarchyLvl HierarchyLvlId="1246" HierarchyLvlTypeId="26" Intrnl_Id="1233" Name="getNewMonEnd">
<Header>
<Loc EndOffset="31926" SrcFileId="7" StartOffset="31891"/>
</Header>
<LocList>
<Loc EndOffset="31951" SrcFileId="7" StartOffset="31891"/>
</LocList>
<StmntSeq Intrnl_Id="1234">
<LocList>
<Loc EndOffset="31948" SrcFileId="7" StartOffset="31931"/>
</LocList>
<BasicStmnt CovItemId="S192" CovItemPrefix="my.PSM.PSM_Interface.ScheduleForm.java" Intrnl_Id="1235">
<LocList>
<Loc EndOffset="31948" SrcFileId="7" StartOffset="31931"/>
</LocList>
</BasicStmnt>
</StmntSeq>
</HierarchyLvl>
<HierarchyLvl HierarchyLvlId="1247" HierarchyLvlTypeId="26" Intrnl_Id="1236" Name="setNewMonEnd">
<Header>
<Loc EndOffset="32003" SrcFileId="7" StartOffset="31954"/>
</Header>
<LocList>
<Loc EndOffset="32046" SrcFileId="7" StartOffset="31954"/>
</LocList>
<StmntSeq Intrnl_Id="1237">
<LocList>
<Loc EndOffset="32043" SrcFileId="7" StartOffset="32008"/>
</LocList>
<BasicStmnt CovItemId="S193" CovItemPrefix="my.PSM.PSM_Interface.ScheduleForm.java" Intrnl_Id="1238">
<LocList>
<Loc EndOffset="32043" SrcFileId="7" StartOffset="32008"/>
</LocList>
</BasicStmnt>
</StmntSeq>
</HierarchyLvl>
<HierarchyLvl HierarchyLvlId="1248" HierarchyLvlTypeId="26" Intrnl_Id="1239" Name="getNewCourseStart">
<Header>
<Loc EndOffset="32089" SrcFileId="7" StartOffset="32049"/>
</Header>
<LocList>
<Loc EndOffset="32119" SrcFileId="7" StartOffset="32049"/>
</LocList>
<StmntSeq Intrnl_Id="1240">
<LocList>
<Loc EndOffset="32116" SrcFileId="7" StartOffset="32094"/>
</LocList>
<BasicStmnt CovItemId="S194" CovItemPrefix="my.PSM.PSM_Interface.ScheduleForm.java" Intrnl_Id="1241">
<LocList>
<Loc EndOffset="32116" SrcFileId="7" StartOffset="32094"/>
</LocList>
</BasicStmnt>
</StmntSeq>
</HierarchyLvl>
<HierarchyLvl HierarchyLvlId="1249" HierarchyLvlTypeId="26" Intrnl_Id="1242" Name="setNewCourseStart">
<Header>
<Loc EndOffset="32181" SrcFileId="7" StartOffset="32122"/>
</Header>
<LocList>
<Loc EndOffset="32234" SrcFileId="7" StartOffset="32122"/>
</LocList>
<StmntSeq Intrnl_Id="1243">
<LocList>
<Loc EndOffset="32231" SrcFileId="7" StartOffset="32186"/>
</LocList>
<BasicStmnt CovItemId="S195" CovItemPrefix="my.PSM.PSM_Interface.ScheduleForm.java" Intrnl_Id="1244">
<LocList>
<Loc EndOffset="32231" SrcFileId="7" StartOffset="32186"/>
</LocList>
</BasicStmnt>
</StmntSeq>
</HierarchyLvl>
</HierarchyLvl>
<HierarchyLvl HierarchyLvlId="1268" HierarchyLvlTypeId="25" Intrnl_Id="1245" Name="courseSelect">
<Header>
<Loc EndOffset="259" SrcFileId="8" StartOffset="207"/>
</Header>
<LocList>
<Loc EndOffset="7214" SrcFileId="8" StartOffset="207"/>
</LocList>
<HierarchyLvl HierarchyLvlId="1251" HierarchyLvlTypeId="26" Intrnl_Id="1246" Name="courseSelect">
<Header>
<Loc EndOffset="559" SrcFileId="8" StartOffset="519"/>
</Header>
<LocList>
<Loc EndOffset="833" SrcFileId="8" StartOffset="519"/>
</LocList>
<StmntSeq Intrnl_Id="1247">
<LocList>
<Loc EndOffset="648" SrcFileId="8" StartOffset="626"/>
<Loc EndOffset="694" SrcFileId="8" StartOffset="658"/>
<Loc EndOffset="792" SrcFileId="8" StartOffset="763"/>
<Loc EndOffset="819" SrcFileId="8" StartOffset="802"/>
</LocList>
<BasicStmnt CovItemId="S1" CovItemPrefix="my.PSM.PSM_Interface.courseSelect.java" Intrnl_Id="1248">
<LocList>
<Loc EndOffset="648" SrcFileId="8" StartOffset="626"/>
</LocList>
</BasicStmnt>
<BasicStmnt CovItemId="S2" CovItemPrefix="my.PSM.PSM_Interface.courseSelect.java" Intrnl_Id="1249">
<LocList>
<Loc EndOffset="694" SrcFileId="8" StartOffset="658"/>
</LocList>
</BasicStmnt>
<BasicStmnt CovItemId="S3" CovItemPrefix="my.PSM.PSM_Interface.courseSelect.java" Intrnl_Id="1250">
<LocList>
<Loc EndOffset="792" SrcFileId="8" StartOffset="763"/>
</LocList>
</BasicStmnt>
<BasicStmnt CovItemId="S4" CovItemPrefix="my.PSM.PSM_Interface.courseSelect.java" Intrnl_Id="1251">
<LocList>
<Loc EndOffset="819" SrcFileId="8" StartOffset="802"/>
</LocList>
</BasicStmnt>
</StmntSeq>
</HierarchyLvl>
<HierarchyLvl HierarchyLvlId="1252" HierarchyLvlTypeId="26" Intrnl_Id="1252" Name="getSelection">
<Header>
<Loc EndOffset="869" SrcFileId="8" StartOffset="844"/>
</Header>
<LocList>
<Loc EndOffset="910" SrcFileId="8" StartOffset="844"/>
</LocList>
<StmntSeq Intrnl_Id="1253">
<LocList>
<Loc EndOffset="903" SrcFileId="8" StartOffset="886"/>
</LocList>
<BasicStmnt CovItemId="S5" CovItemPrefix="my.PSM.PSM_Interface.courseSelect.java" Intrnl_Id="1254">
<LocList>
<Loc EndOffset="903" SrcFileId="8" StartOffset="886"/>
</LocList>
</BasicStmnt>
</StmntSeq>
</HierarchyLvl>
<HierarchyLvl HierarchyLvlId="1253" HierarchyLvlTypeId="26" Intrnl_Id="1255" Name="courseSelected">
<Header>
<Loc EndOffset="951" SrcFileId="8" StartOffset="920"/>
</Header>
<LocList>
<Loc EndOffset="997" SrcFileId="8" StartOffset="920"/>
</LocList>
<StmntSeq Intrnl_Id="1256">
<LocList>
<Loc EndOffset="990" SrcFileId="8" StartOffset="968"/>
</LocList>
<BasicStmnt CovItemId="S6" CovItemPrefix="my.PSM.PSM_Interface.courseSelect.java" Intrnl_Id="1257">
<LocList>
<Loc EndOffset="990" SrcFileId="8" StartOffset="968"/>
</LocList>
</BasicStmnt>
</StmntSeq>
</HierarchyLvl>
<HierarchyLvl HierarchyLvlId="1254" HierarchyLvlTypeId="26" Intrnl_Id="1258" Name="setCourseSelected">
<Header>
<Loc EndOffset="1057" SrcFileId="8" StartOffset="1009"/>
</Header>
<LocList>
<Loc EndOffset="1108" SrcFileId="8" StartOffset="1009"/>
</LocList>
<StmntSeq Intrnl_Id="1259">
<LocList>
<Loc EndOffset="1101" SrcFileId="8" StartOffset="1074"/>
</LocList>
<BasicStmnt CovItemId="S7" CovItemPrefix="my.PSM.PSM_Interface.courseSelect.java" Intrnl_Id="1260">
<LocList>
<Loc EndOffset="1101" SrcFileId="8" StartOffset="1074"/>
</LocList>
</BasicStmnt>
</StmntSeq>
</HierarchyLvl>
<HierarchyLvl HierarchyLvlId="1261" HierarchyLvlTypeId="26" Intrnl_Id="1261" Name="initComponents">
<Header>
<Loc EndOffset="1457" SrcFileId="8" StartOffset="1428"/>
</Header>
<LocList>
<Loc EndOffset="5804" SrcFileId="8" StartOffset="1428"/>
</LocList>
<StmntSeq Intrnl_Id="1262">
<LocList>
<Loc EndOffset="1506" SrcFileId="8" StartOffset="1471"/>
<Loc EndOffset="1557" SrcFileId="8" StartOffset="1516"/>
<Loc EndOffset="1604" SrcFileId="8" StartOffset="1567"/>
<Loc EndOffset="1651" SrcFileId="8" StartOffset="1614"/>
<Loc EndOffset="1737" SrcFileId="8" StartOffset="1663"/>
<Loc EndOffset="1773" SrcFileId="8" StartOffset="1747"/>
<Loc EndOffset="2044" SrcFileId="8" StartOffset="1785"/>
<Loc EndOffset="2110" SrcFileId="8" StartOffset="2056"/>
<Loc EndOffset="2191" SrcFileId="8" StartOffset="2120"/>
<Loc EndOffset="2230" SrcFileId="8" StartOffset="2201"/>
<Loc EndOffset="2419" SrcFileId="8" StartOffset="2417"/>
<Loc EndOffset="2483" SrcFileId="8" StartOffset="2431"/>
<Loc EndOffset="2520" SrcFileId="8" StartOffset="2493"/>
<Loc EndOffset="2557" SrcFileId="8" StartOffset="2530"/>
<Loc EndOffset="2744" SrcFileId="8" StartOffset="2742"/>
<Loc EndOffset="2808" SrcFileId="8" StartOffset="2756"/>
<Loc EndOffset="2843" SrcFileId="8" StartOffset="2818"/>
<Loc EndOffset="2880" SrcFileId="8" StartOffset="2853"/>
<Loc EndOffset="3067" SrcFileId="8" StartOffset="3065"/>
<Loc EndOffset="3172" SrcFileId="8" StartOffset="3079"/>
<Loc EndOffset="3215" SrcFileId="8" StartOffset="3182"/>
<Loc EndOffset="4136" SrcFileId="8" StartOffset="3225"/>
<Loc EndOffset="4846" SrcFileId="8" StartOffset="4146"/>
<Loc EndOffset="4953" SrcFileId="8" StartOffset="4858"/>
<Loc EndOffset="4998" SrcFileId="8" StartOffset="4963"/>
<Loc EndOffset="5389" SrcFileId="8" StartOffset="5008"/>
<Loc EndOffset="5778" SrcFileId="8" StartOffset="5399"/>
<Loc EndOffset="5797" SrcFileId="8" StartOffset="5790"/>
</LocList>
<BasicStmnt CovItemId="S8" CovItemPrefix="my.PSM.PSM_Interface.courseSelect.java" Intrnl_Id="1263">
<LocList>
<Loc EndOffset="1506" SrcFileId="8" StartOffset="1471"/>
</LocList>
</BasicStmnt>
<BasicStmnt CovItemId="S9" CovItemPrefix="my.PSM.PSM_Interface.courseSelect.java" Intrnl_Id="1264">
<LocList>
<Loc EndOffset="1557" SrcFileId="8" StartOffset="1516"/>
</LocList>
</BasicStmnt>
<BasicStmnt CovItemId="S10" CovItemPrefix="my.PSM.PSM_Interface.courseSelect.java" Intrnl_Id="1265">
<LocList>
<Loc EndOffset="1604" SrcFileId="8" StartOffset="1567"/>
</LocList>
</BasicStmnt>
<BasicStmnt CovItemId="S11" CovItemPrefix="my.PSM.PSM_Interface.courseSelect.java" Intrnl_Id="1266">
<LocList>
<Loc EndOffset="1651" SrcFileId="8" StartOffset="1614"/>
</LocList>
</BasicStmnt>
<BasicStmnt CovItemId="S12" CovItemPrefix="my.PSM.PSM_Interface.courseSelect.java" Intrnl_Id="1267">
<LocList>
<Loc EndOffset="1737" SrcFileId="8" StartOffset="1663"/>
</LocList>
</BasicStmnt>
<BasicStmnt CovItemId="S13" CovItemPrefix="my.PSM.PSM_Interface.courseSelect.java" Intrnl_Id="1268">
<LocList>
<Loc EndOffset="1773" SrcFileId="8" StartOffset="1747"/>
</LocList>
</BasicStmnt>
<BasicStmnt CovItemId="S14" CovItemPrefix="my.PSM.PSM_Interface.courseSelect.java" Intrnl_Id="1269">
<LocList>
<Loc EndOffset="2044" SrcFileId="8" StartOffset="1785"/>
</LocList>
</BasicStmnt>
<BasicStmnt CovItemId="S15" CovItemPrefix="my.PSM.PSM_Interface.courseSelect.java" Intrnl_Id="1270">
<LocList>
<Loc EndOffset="2110" SrcFileId="8" StartOffset="2056"/>
</LocList>
</BasicStmnt>
<BasicStmnt CovItemId="S16" CovItemPrefix="my.PSM.PSM_Interface.courseSelect.java" Intrnl_Id="1271">
<LocList>
<Loc EndOffset="2191" SrcFileId="8" StartOffset="2120"/>
</LocList>
</BasicStmnt>
<BasicStmnt CovItemId="S17" CovItemPrefix="my.PSM.PSM_Interface.courseSelect.java" Intrnl_Id="1272">
<LocList>
<Loc EndOffset="2230" SrcFileId="8" StartOffset="2201"/>
<Loc EndOffset="2419" SrcFileId="8" StartOffset="2417"/>
</LocList>
</BasicStmnt>
<BasicStmnt CovItemId="S19" CovItemPrefix="my.PSM.PSM_Interface.courseSelect.java" Intrnl_Id="1273">
<LocList>
<Loc EndOffset="2483" SrcFileId="8" StartOffset="2431"/>
</LocList>
</BasicStmnt>
<BasicStmnt CovItemId="S20" CovItemPrefix="my.PSM.PSM_Interface.courseSelect.java" Intrnl_Id="1274">
<LocList>
<Loc EndOffset="2520" SrcFileId="8" StartOffset="2493"/>
</LocList>
</BasicStmnt>
<BasicStmnt CovItemId="S21" CovItemPrefix="my.PSM.PSM_Interface.courseSelect.java" Intrnl_Id="1275">
<LocList>
<Loc EndOffset="2557" SrcFileId="8" StartOffset="2530"/>
<Loc EndOffset="2744" SrcFileId="8" StartOffset="2742"/>
</LocList>
</BasicStmnt>
<BasicStmnt CovItemId="S23" CovItemPrefix="my.PSM.PSM_Interface.courseSelect.java" Intrnl_Id="1276">
<LocList>
<Loc EndOffset="2808" SrcFileId="8" StartOffset="2756"/>
</LocList>
</BasicStmnt>
<BasicStmnt CovItemId="S24" CovItemPrefix="my.PSM.PSM_Interface.courseSelect.java" Intrnl_Id="1277">
<LocList>
<Loc EndOffset="2843" SrcFileId="8" StartOffset="2818"/>
</LocList>
</BasicStmnt>
<BasicStmnt CovItemId="S25" CovItemPrefix="my.PSM.PSM_Interface.courseSelect.java" Intrnl_Id="1278">
<LocList>
<Loc EndOffset="2880" SrcFileId="8" StartOffset="2853"/>
<Loc EndOffset="3067" SrcFileId="8" StartOffset="3065"/>
</LocList>
</BasicStmnt>
<BasicStmnt CovItemId="S27" CovItemPrefix="my.PSM.PSM_Interface.courseSelect.java" Intrnl_Id="1279">
<LocList>
<Loc EndOffset="3172" SrcFileId="8" StartOffset="3079"/>
</LocList>
</BasicStmnt>
<BasicStmnt CovItemId="S28" CovItemPrefix="my.PSM.PSM_Interface.courseSelect.java" Intrnl_Id="1280">
<LocList>
<Loc EndOffset="3215" SrcFileId="8" StartOffset="3182"/>
</LocList>
</BasicStmnt>
<BasicStmnt CovItemId="S29" CovItemPrefix="my.PSM.PSM_Interface.courseSelect.java" Intrnl_Id="1281">
<LocList>
<Loc EndOffset="4136" SrcFileId="8" StartOffset="3225"/>
</LocList>
</BasicStmnt>
<BasicStmnt CovItemId="S30" CovItemPrefix="my.PSM.PSM_Interface.courseSelect.java" Intrnl_Id="1282">
<LocList>
<Loc EndOffset="4846" SrcFileId="8" StartOffset="4146"/>
</LocList>
</BasicStmnt>
<BasicStmnt CovItemId="S31" CovItemPrefix="my.PSM.PSM_Interface.courseSelect.java" Intrnl_Id="1283">
<LocList>
<Loc EndOffset="4953" SrcFileId="8" StartOffset="4858"/>
</LocList>
</BasicStmnt>
<BasicStmnt CovItemId="S32" CovItemPrefix="my.PSM.PSM_Interface.courseSelect.java" Intrnl_Id="1284">
<LocList>
<Loc EndOffset="4998" SrcFileId="8" StartOffset="4963"/>
</LocList>
</BasicStmnt>
<BasicStmnt CovItemId="S33" CovItemPrefix="my.PSM.PSM_Interface.courseSelect.java" Intrnl_Id="1285">
<LocList>
<Loc EndOffset="5389" SrcFileId="8" StartOffset="5008"/>
</LocList>
</BasicStmnt>
<BasicStmnt CovItemId="S34" CovItemPrefix="my.PSM.PSM_Interface.courseSelect.java" Intrnl_Id="1286">
<LocList>
<Loc EndOffset="5778" SrcFileId="8" StartOffset="5399"/>
</LocList>
</BasicStmnt>
<BasicStmnt CovItemId="S35" CovItemPrefix="my.PSM.PSM_Interface.courseSelect.java" Intrnl_Id="1287">
<LocList>
<Loc EndOffset="5797" SrcFileId="8" StartOffset="5790"/>
</LocList>
</BasicStmnt>
</StmntSeq>
<HierarchyLvl HierarchyLvlId="1256" HierarchyLvlTypeId="28" Intrnl_Id="1288" Name="java.awt.event.ActionListener">
<Header>
<Loc EndOffset="2265" SrcFileId="8" StartOffset="2234"/>
</Header>
<LocList>
<Loc EndOffset="2417" SrcFileId="8" StartOffset="2230"/>
</LocList>
<HierarchyLvl HierarchyLvlId="1255" HierarchyLvlTypeId="26" Intrnl_Id="1289" Name="actionPerformed">
<Header>
<Loc EndOffset="2340" SrcFileId="8" StartOffset="2281"/>
</Header>
<LocList>
<Loc EndOffset="2406" SrcFileId="8" StartOffset="2281"/>
</LocList>
<StmntSeq Intrnl_Id="1290">
<LocList>
<Loc EndOffset="2391" SrcFileId="8" StartOffset="2360"/>
</LocList>
<BasicStmnt CovItemId="S18" CovItemPrefix="my.PSM.PSM_Interface.courseSelect.java" Intrnl_Id="1291">
<LocList>
<Loc EndOffset="2391" SrcFileId="8" StartOffset="2360"/>
</LocList>
</BasicStmnt>
</StmntSeq>
</HierarchyLvl>
</HierarchyLvl>
<HierarchyLvl HierarchyLvlId="1258" HierarchyLvlTypeId="28" Intrnl_Id="1292" Name="java.awt.event.ActionListener">
<Header>
<Loc EndOffset="2592" SrcFileId="8" StartOffset="2561"/>
</Header>
<LocList>
<Loc EndOffset="2742" SrcFileId="8" StartOffset="2557"/>
</LocList>
<HierarchyLvl HierarchyLvlId="1257" HierarchyLvlTypeId="26" Intrnl_Id="1293" Name="actionPerformed">
<Header>
<Loc EndOffset="2667" SrcFileId="8" StartOffset="2608"/>
</Header>
<LocList>
<Loc EndOffset="2731" SrcFileId="8" StartOffset="2608"/>
</LocList>
<StmntSeq Intrnl_Id="1294">
<LocList>
<Loc EndOffset="2716" SrcFileId="8" StartOffset="2687"/>
</LocList>
<BasicStmnt CovItemId="S22" CovItemPrefix="my.PSM.PSM_Interface.courseSelect.java" Intrnl_Id="1295">
<LocList>
<Loc EndOffset="2716" SrcFileId="8" StartOffset="2687"/>
</LocList>
</BasicStmnt>
</StmntSeq>
</HierarchyLvl>
</HierarchyLvl>
<HierarchyLvl HierarchyLvlId="1260" HierarchyLvlTypeId="28" Intrnl_Id="1296" Name="java.awt.event.ActionListener">
<Header>
<Loc EndOffset="2915" SrcFileId="8" StartOffset="2884"/>
</Header>
<LocList>
<Loc EndOffset="3065" SrcFileId="8" StartOffset="2880"/>
</LocList>
<HierarchyLvl HierarchyLvlId="1259" HierarchyLvlTypeId="26" Intrnl_Id="1297" Name="actionPerformed">
<Header>
<Loc EndOffset="2990" SrcFileId="8" StartOffset="2931"/>
</Header>
<LocList>
<Loc EndOffset="3054" SrcFileId="8" StartOffset="2931"/>
</LocList>
<StmntSeq Intrnl_Id="1298">
<LocList>
<Loc EndOffset="3039" SrcFileId="8" StartOffset="3010"/>
</LocList>
<BasicStmnt CovItemId="S26" CovItemPrefix="my.PSM.PSM_Interface.courseSelect.java" Intrnl_Id="1299">
<LocList>
<Loc EndOffset="3039" SrcFileId="8" StartOffset="3010"/>
</LocList>
</BasicStmnt>
</StmntSeq>
</HierarchyLvl>
</HierarchyLvl>
</HierarchyLvl>
<HierarchyLvl HierarchyLvlId="1262" HierarchyLvlTypeId="26" Intrnl_Id="1300" Name="jComboBox1ActionPerformed">
<Header>
<Loc EndOffset="5923" SrcFileId="8" StartOffset="5853"/>
</Header>
<LocList>
<Loc EndOffset="6021" SrcFileId="8" StartOffset="5853"/>
</LocList>
</HierarchyLvl>
<HierarchyLvl HierarchyLvlId="1263" HierarchyLvlTypeId="26" Intrnl_Id="1301" Name="jButton1ActionPerformed">
<Header>
<Loc EndOffset="6139" SrcFileId="8" StartOffset="6071"/>
</Header>
<LocList>
<Loc EndOffset="6209" SrcFileId="8" StartOffset="6071"/>
</LocList>
<StmntSeq Intrnl_Id="1302">
<LocList>
<Loc EndOffset="6202" SrcFileId="8" StartOffset="6192"/>
</LocList>
<BasicStmnt CovItemId="S36" CovItemPrefix="my.PSM.PSM_Interface.courseSelect.java" Intrnl_Id="1303">
<LocList>
<Loc EndOffset="6202" SrcFileId="8" StartOffset="6192"/>
</LocList>
</BasicStmnt>
</StmntSeq>
</HierarchyLvl>
<HierarchyLvl HierarchyLvlId="1264" HierarchyLvlTypeId="26" Intrnl_Id="1304" Name="jButton2ActionPerformed">
<Header>
<Loc EndOffset="6325" SrcFileId="8" StartOffset="6257"/>
</Header>
<LocList>
<Loc EndOffset="6566" SrcFileId="8" StartOffset="6257"/>
</LocList>
<StmntSeq Intrnl_Id="1305">
<LocList>
<Loc EndOffset="6427" SrcFileId="8" StartOffset="6378"/>
<Loc EndOffset="6459" SrcFileId="8" StartOffset="6437"/>
<Loc EndOffset="6539" SrcFileId="8" StartOffset="6469"/>
<Loc EndOffset="6559" SrcFileId="8" StartOffset="6549"/>
</LocList>
<BasicStmnt CovItemId="S37" CovItemPrefix="my.PSM.PSM_Interface.courseSelect.java" Intrnl_Id="1306">
<LocList>
<Loc EndOffset="6427" SrcFileId="8" StartOffset="6378"/>
</LocList>
</BasicStmnt>
<BasicStmnt CovItemId="S38" CovItemPrefix="my.PSM.PSM_Interface.courseSelect.java" Intrnl_Id="1307">
<LocList>
<Loc EndOffset="6459" SrcFileId="8" StartOffset="6437"/>
</LocList>
</BasicStmnt>
<BasicStmnt CovItemId="S39" CovItemPrefix="my.PSM.PSM_Interface.courseSelect.java" Intrnl_Id="1308">
<LocList>
<Loc EndOffset="6539" SrcFileId="8" StartOffset="6469"/>
</LocList>
</BasicStmnt>
<BasicStmnt CovItemId="S40" CovItemPrefix="my.PSM.PSM_Interface.courseSelect.java" Intrnl_Id="1309">
<LocList>
<Loc EndOffset="6559" SrcFileId="8" StartOffset="6549"/>
</LocList>
</BasicStmnt>
</StmntSeq>
</HierarchyLvl>
<HierarchyLvl HierarchyLvlId="1267" HierarchyLvlTypeId="26" Intrnl_Id="1310" Name="launchCourse">
<Header>
<Loc EndOffset="6709" SrcFileId="8" StartOffset="6683"/>
</Header>
<LocList>
<Loc EndOffset="6902" SrcFileId="8" StartOffset="6683"/>
</LocList>
<StmntSeq Intrnl_Id="1311">
<LocList>
<Loc EndOffset="6753" SrcFileId="8" StartOffset="6721"/>
<Loc EndOffset="6895" SrcFileId="8" StartOffset="6893"/>
</LocList>
<BasicStmnt CovItemId="S41" CovItemPrefix="my.PSM.PSM_Interface.courseSelect.java" Intrnl_Id="1312">
<LocList>
<Loc EndOffset="6753" SrcFileId="8" StartOffset="6721"/>
<Loc EndOffset="6895" SrcFileId="8" StartOffset="6893"/>
</LocList>
</BasicStmnt>
</StmntSeq>
<HierarchyLvl HierarchyLvlId="1266" HierarchyLvlTypeId="28" Intrnl_Id="1313" Name="Runnable">
<Header>
<Loc EndOffset="6767" SrcFileId="8" StartOffset="6757"/>
</Header>
<LocList>
<Loc EndOffset="6893" SrcFileId="8" StartOffset="6753"/>
</LocList>
<HierarchyLvl HierarchyLvlId="1265" HierarchyLvlTypeId="26" Intrnl_Id="1314" Name="run">
<Header>
<Loc EndOffset="6800" SrcFileId="8" StartOffset="6783"/>
</Header>
<LocList>
<Loc EndOffset="6882" SrcFileId="8" StartOffset="6783"/>
</LocList>
<StmntSeq Intrnl_Id="1315">
<LocList>
<Loc EndOffset="6867" SrcFileId="8" StartOffset="6820"/>
</LocList>
<BasicStmnt CovItemId="S42" CovItemPrefix="my.PSM.PSM_Interface.courseSelect.java" Intrnl_Id="1316">
<LocList>
<Loc EndOffset="6867" SrcFileId="8" StartOffset="6820"/>
</LocList>
</BasicStmnt>
</StmntSeq>
</HierarchyLvl>
</HierarchyLvl>
</HierarchyLvl>
</HierarchyLvl>
<HierarchyLvl HierarchyLvlId="1274" HierarchyLvlTypeId="25" Intrnl_Id="1317" Name="endOfClass">
<Header>
<Loc EndOffset="177" SrcFileId="9" StartOffset="127"/>
</Header>
<LocList>
<Loc EndOffset="3900" SrcFileId="9" StartOffset="127"/>
</LocList>
<HierarchyLvl HierarchyLvlId="1269" HierarchyLvlTypeId="26" Intrnl_Id="1318" Name="endOfClass">
<Header>
<Loc EndOffset="247" SrcFileId="9" StartOffset="228"/>
</Header>
<LocList>
<Loc EndOffset="281" SrcFileId="9" StartOffset="228"/>
</LocList>
<StmntSeq Intrnl_Id="1319">
<LocList>
<Loc EndOffset="275" SrcFileId="9" StartOffset="258"/>
</LocList>
<BasicStmnt CovItemId="S1" CovItemPrefix="my.PSM.PSM_Interface.endOfClass.java" Intrnl_Id="1320">
<LocList>
<Loc EndOffset="275" SrcFileId="9" StartOffset="258"/>
</LocList>
</BasicStmnt>
</StmntSeq>
</HierarchyLvl>
<HierarchyLvl HierarchyLvlId="1270" HierarchyLvlTypeId="26" Intrnl_Id="1321" Name="initComponents">
<Header>
<Loc EndOffset="628" SrcFileId="9" StartOffset="599"/>
</Header>
<LocList>
<Loc EndOffset="3375" SrcFileId="9" StartOffset="599"/>
</LocList>
<StmntSeq Intrnl_Id="1322">
<LocList>
<Loc EndOffset="675" SrcFileId="9" StartOffset="640"/>
<Loc EndOffset="721" SrcFileId="9" StartOffset="684"/>
<Loc EndOffset="799" SrcFileId="9" StartOffset="731"/>
<Loc EndOffset="861" SrcFileId="9" StartOffset="809"/>
<Loc EndOffset="936" SrcFileId="9" StartOffset="870"/>
<Loc EndOffset="985" SrcFileId="9" StartOffset="945"/>
<Loc EndOffset="1234" SrcFileId="9" StartOffset="994"/>
<Loc EndOffset="1300" SrcFileId="9" StartOffset="1243"/>
<Loc EndOffset="1365" SrcFileId="9" StartOffset="1309"/>
<Loc EndOffset="1401" SrcFileId="9" StartOffset="1374"/>
<Loc EndOffset="1444" SrcFileId="9" StartOffset="1420"/>
<Loc EndOffset="1511" SrcFileId="9" StartOffset="1453"/>
<Loc EndOffset="1544" SrcFileId="9" StartOffset="1521"/>
<Loc EndOffset="1649" SrcFileId="9" StartOffset="1554"/>
<Loc EndOffset="1693" SrcFileId="9" StartOffset="1658"/>
<Loc EndOffset="2661" SrcFileId="9" StartOffset="1702"/>
<Loc EndOffset="3352" SrcFileId="9" StartOffset="2670"/>
<Loc EndOffset="3369" SrcFileId="9" StartOffset="3362"/>
</LocList>
<BasicStmnt CovItemId="S2" CovItemPrefix="my.PSM.PSM_Interface.endOfClass.java" Intrnl_Id="1323">
<LocList>
<Loc EndOffset="675" SrcFileId="9" StartOffset="640"/>
</LocList>
</BasicStmnt>
<BasicStmnt CovItemId="S3" CovItemPrefix="my.PSM.PSM_Interface.endOfClass.java" Intrnl_Id="1324">
<LocList>
<Loc EndOffset="721" SrcFileId="9" StartOffset="684"/>
</LocList>
</BasicStmnt>
<BasicStmnt CovItemId="S4" CovItemPrefix="my.PSM.PSM_Interface.endOfClass.java" Intrnl_Id="1325">
<LocList>
<Loc EndOffset="799" SrcFileId="9" StartOffset="731"/>
</LocList>
</BasicStmnt>
<BasicStmnt CovItemId="S5" CovItemPrefix="my.PSM.PSM_Interface.endOfClass.java" Intrnl_Id="1326">
<LocList>
<Loc EndOffset="861" SrcFileId="9" StartOffset="809"/>
</LocList>
</BasicStmnt>
<BasicStmnt CovItemId="S6" CovItemPrefix="my.PSM.PSM_Interface.endOfClass.java" Intrnl_Id="1327">
<LocList>
<Loc EndOffset="936" SrcFileId="9" StartOffset="870"/>
</LocList>
</BasicStmnt>
<BasicStmnt CovItemId="S7" CovItemPrefix="my.PSM.PSM_Interface.endOfClass.java" Intrnl_Id="1328">
<LocList>
<Loc EndOffset="985" SrcFileId="9" StartOffset="945"/>
</LocList>
</BasicStmnt>
<BasicStmnt CovItemId="S8" CovItemPrefix="my.PSM.PSM_Interface.endOfClass.java" Intrnl_Id="1329">
<LocList>
<Loc EndOffset="1234" SrcFileId="9" StartOffset="994"/>
</LocList>
</BasicStmnt>
<BasicStmnt CovItemId="S9" CovItemPrefix="my.PSM.PSM_Interface.endOfClass.java" Intrnl_Id="1330">
<LocList>
<Loc EndOffset="1300" SrcFileId="9" StartOffset="1243"/>
</LocList>
</BasicStmnt>
<BasicStmnt CovItemId="S10" CovItemPrefix="my.PSM.PSM_Interface.endOfClass.java" Intrnl_Id="1331">
<LocList>
<Loc EndOffset="1365" SrcFileId="9" StartOffset="1309"/>
</LocList>
</BasicStmnt>
<BasicStmnt CovItemId="S11" CovItemPrefix="my.PSM.PSM_Interface.endOfClass.java" Intrnl_Id="1332">
<LocList>
<Loc EndOffset="1401" SrcFileId="9" StartOffset="1374"/>
</LocList>
</BasicStmnt>
<BasicStmnt CovItemId="S12" CovItemPrefix="my.PSM.PSM_Interface.endOfClass.java" Intrnl_Id="1333">
<LocList>
<Loc EndOffset="1444" SrcFileId="9" StartOffset="1420"/>
</LocList>
</BasicStmnt>
<BasicStmnt CovItemId="S13" CovItemPrefix="my.PSM.PSM_Interface.endOfClass.java" Intrnl_Id="1334">
<LocList>
<Loc EndOffset="1511" SrcFileId="9" StartOffset="1453"/>
</LocList>
</BasicStmnt>
<BasicStmnt CovItemId="S14" CovItemPrefix="my.PSM.PSM_Interface.endOfClass.java" Intrnl_Id="1335">
<LocList>
<Loc EndOffset="1544" SrcFileId="9" StartOffset="1521"/>
</LocList>
</BasicStmnt>
<BasicStmnt CovItemId="S15" CovItemPrefix="my.PSM.PSM_Interface.endOfClass.java" Intrnl_Id="1336">
<LocList>
<Loc EndOffset="1649" SrcFileId="9" StartOffset="1554"/>
</LocList>
</BasicStmnt>
<BasicStmnt CovItemId="S16" CovItemPrefix="my.PSM.PSM_Interface.endOfClass.java" Intrnl_Id="1337">
<LocList>
<Loc EndOffset="1693" SrcFileId="9" StartOffset="1658"/>
</LocList>
</BasicStmnt>
<BasicStmnt CovItemId="S17" CovItemPrefix="my.PSM.PSM_Interface.endOfClass.java" Intrnl_Id="1338">
<LocList>
<Loc EndOffset="2661" SrcFileId="9" StartOffset="1702"/>
</LocList>
</BasicStmnt>
<BasicStmnt CovItemId="S18" CovItemPrefix="my.PSM.PSM_Interface.endOfClass.java" Intrnl_Id="1339">
<LocList>
<Loc EndOffset="3352" SrcFileId="9" StartOffset="2670"/>
</LocList>
</BasicStmnt>
<BasicStmnt CovItemId="S19" CovItemPrefix="my.PSM.PSM_Interface.endOfClass.java" Intrnl_Id="1340">
<LocList>
<Loc EndOffset="3369" SrcFileId="9" StartOffset="3362"/>
</LocList>
</BasicStmnt>
</StmntSeq>
</HierarchyLvl>
<HierarchyLvl HierarchyLvlId="1273" HierarchyLvlTypeId="26" Intrnl_Id="1341" Name="launchEnd">
<Header>
<Loc EndOffset="3511" SrcFileId="9" StartOffset="3488"/>
</Header>
<LocList>
<Loc EndOffset="3685" SrcFileId="9" StartOffset="3488"/>
</LocList>
<StmntSeq Intrnl_Id="1342">
<LocList>
<Loc EndOffset="3554" SrcFileId="9" StartOffset="3522"/>
<Loc EndOffset="3679" SrcFileId="9" StartOffset="3677"/>
</LocList>
<BasicStmnt CovItemId="S20" CovItemPrefix="my.PSM.PSM_Interface.endOfClass.java" Intrnl_Id="1343">
<LocList>
<Loc EndOffset="3554" SrcFileId="9" StartOffset="3522"/>
<Loc EndOffset="3679" SrcFileId="9" StartOffset="3677"/>
</LocList>
</BasicStmnt>
</StmntSeq>
<HierarchyLvl HierarchyLvlId="1272" HierarchyLvlTypeId="28" Intrnl_Id="1344" Name="Runnable">
<Header>
<Loc EndOffset="3568" SrcFileId="9" StartOffset="3558"/>
</Header>
<LocList>
<Loc EndOffset="3677" SrcFileId="9" StartOffset="3554"/>
</LocList>
<HierarchyLvl HierarchyLvlId="1271" HierarchyLvlTypeId="26" Intrnl_Id="1345" Name="run">
<Header>
<Loc EndOffset="3600" SrcFileId="9" StartOffset="3583"/>
</Header>
<LocList>
<Loc EndOffset="3667" SrcFileId="9" StartOffset="3583"/>
</LocList>
<StmntSeq Intrnl_Id="1346">
<LocList>
<Loc EndOffset="3653" SrcFileId="9" StartOffset="3619"/>
</LocList>
<BasicStmnt CovItemId="S21" CovItemPrefix="my.PSM.PSM_Interface.endOfClass.java" Intrnl_Id="1347">
<LocList>
<Loc EndOffset="3653" SrcFileId="9" StartOffset="3619"/>
</LocList>
</BasicStmnt>
</StmntSeq>
</HierarchyLvl>
</HierarchyLvl>
</HierarchyLvl>
</HierarchyLvl>
</HierarchyLvl>
<HierarchyLvl HierarchyLvlId="1502" HierarchyLvlTypeId="24" Intrnl_Id="1348" Name="PSM_Logic">
<Header/>
<LocList/>
<HierarchyLvl HierarchyLvlId="1280" HierarchyLvlTypeId="25" Intrnl_Id="1349" Name="Authenticate">
<Header>
<Loc EndOffset="299" SrcFileId="10" StartOffset="274"/>
</Header>
<LocList>
<Loc EndOffset="1201" SrcFileId="10" StartOffset="274"/>
</LocList>
<HierarchyLvl HierarchyLvlId="1275" HierarchyLvlTypeId="26" Intrnl_Id="1350" Name="Authenticate">
<Header>
<Loc EndOffset="468" SrcFileId="10" StartOffset="447"/>
</Header>
<LocList>
<Loc EndOffset="508" SrcFileId="10" StartOffset="447"/>
</LocList>
<StmntSeq Intrnl_Id="1351">
<LocList>
<Loc EndOffset="502" SrcFileId="10" StartOffset="475"/>
</LocList>
<BasicStmnt CovItemId="S1" CovItemPrefix="my.PSM.PSM_Logic.Authenticate.java" Intrnl_Id="1352">
<LocList>
<Loc EndOffset="502" SrcFileId="10" StartOffset="475"/>
</LocList>
</BasicStmnt>
</StmntSeq>
</HierarchyLvl>
<HierarchyLvl HierarchyLvlId="1276" HierarchyLvlTypeId="26" Intrnl_Id="1353" Name="Authenticate">
<Header>
<Loc EndOffset="556" SrcFileId="10" StartOffset="513"/>
</Header>
<LocList>
<Loc EndOffset="657" SrcFileId="10" StartOffset="513"/>
</LocList>
<StmntSeq Intrnl_Id="1354">
<LocList>
<Loc EndOffset="583" SrcFileId="10" StartOffset="567"/>
<Loc EndOffset="606" SrcFileId="10" StartOffset="592"/>
<Loc EndOffset="642" SrcFileId="10" StartOffset="615"/>
</LocList>
<BasicStmnt CovItemId="S2" CovItemPrefix="my.PSM.PSM_Logic.Authenticate.java" Intrnl_Id="1355">
<LocList>
<Loc EndOffset="583" SrcFileId="10" StartOffset="567"/>
</LocList>
</BasicStmnt>
<BasicStmnt CovItemId="S3" CovItemPrefix="my.PSM.PSM_Logic.Authenticate.java" Intrnl_Id="1356">
<LocList>
<Loc EndOffset="606" SrcFileId="10" StartOffset="592"/>
</LocList>
</BasicStmnt>
<BasicStmnt CovItemId="S4" CovItemPrefix="my.PSM.PSM_Logic.Authenticate.java" Intrnl_Id="1357">
<LocList>
<Loc EndOffset="642" SrcFileId="10" StartOffset="615"/>
</LocList>
</BasicStmnt>
</StmntSeq>
</HierarchyLvl>
<HierarchyLvl HierarchyLvlId="1277" HierarchyLvlTypeId="26" Intrnl_Id="1358" Name="setCredentials">
<Header>
<Loc EndOffset="714" SrcFileId="10" StartOffset="662"/>
</Header>
<LocList>
<Loc EndOffset="765" SrcFileId="10" StartOffset="662"/>
</LocList>
<StmntSeq Intrnl_Id="1359">
<LocList>
<Loc EndOffset="737" SrcFileId="10" StartOffset="721"/>
<Loc EndOffset="759" SrcFileId="10" StartOffset="743"/>
</LocList>
<BasicStmnt CovItemId="S5" CovItemPrefix="my.PSM.PSM_Logic.Authenticate.java" Intrnl_Id="1360">
<LocList>
<Loc EndOffset="737" SrcFileId="10" StartOffset="721"/>
</LocList>
</BasicStmnt>
<BasicStmnt CovItemId="S6" CovItemPrefix="my.PSM.PSM_Logic.Authenticate.java" Intrnl_Id="1361">
<LocList>
<Loc EndOffset="759" SrcFileId="10" StartOffset="743"/>
</LocList>
</BasicStmnt>
</StmntSeq>
</HierarchyLvl>
<HierarchyLvl HierarchyLvlId="1278" HierarchyLvlTypeId="26" Intrnl_Id="1362" Name="validate_Login">
<Header>
<Loc EndOffset="801" SrcFileId="10" StartOffset="770"/>
</Header>
<LocList>
<Loc EndOffset="1010" SrcFileId="10" StartOffset="770"/>
</LocList>
<StmntSeq Intrnl_Id="1363">
<LocList>
<Loc EndOffset="874" SrcFileId="10" StartOffset="836"/>
<Loc EndOffset="1001" SrcFileId="10" StartOffset="923"/>
</LocList>
<BasicStmnt CovItemId="S7" CovItemPrefix="my.PSM.PSM_Logic.Authenticate.java" Intrnl_Id="1364">
<LocList>
<Loc EndOffset="874" SrcFileId="10" StartOffset="836"/>
</LocList>
</BasicStmnt>
<CondStmnt CovItemId="S8" CovItemPrefix="my.PSM.PSM_Logic.Authenticate.java" Intrnl_Id="1365">
<Branch CovItemId="B1" CovItemPrefix="my.PSM.PSM_Logic.Authenticate.java" Implct="false" Intrnl_Id="1366">
<Cond/>
<LocList>
<Loc EndOffset="962" SrcFileId="10" StartOffset="950"/>
</LocList>
<StmntSeq Intrnl_Id="1367">
<LocList>
<Loc EndOffset="962" SrcFileId="10" StartOffset="950"/>
</LocList>
<BasicStmnt CovItemId="S9" CovItemPrefix="my.PSM.PSM_Logic.Authenticate.java" Intrnl_Id="1368">
<LocList>
<Loc EndOffset="962" SrcFileId="10" StartOffset="950"/>
</LocList>
</BasicStmnt>
</StmntSeq>
</Branch>
<Branch CovItemId="B2" CovItemPrefix="my.PSM.PSM_Logic.Authenticate.java" Implct="false" Intrnl_Id="1369">
<Cond>
<Loc EndOffset="975" SrcFileId="10" StartOffset="971"/>
</Cond>
<LocList>
<Loc EndOffset="1001" SrcFileId="10" StartOffset="988"/>
</LocList>
<StmntSeq Intrnl_Id="1370">
<LocList>
<Loc EndOffset="1001" SrcFileId="10" StartOffset="988"/>
</LocList>
<BasicStmnt CovItemId="S10" CovItemPrefix="my.PSM.PSM_Logic.Authenticate.java" Intrnl_Id="1371">
<LocList>
<Loc EndOffset="1001" SrcFileId="10" StartOffset="988"/>
</LocList>
</BasicStmnt>
</StmntSeq>
</Branch>
<Keyword EndOffset="925" SrcFileId="10" StartOffset="923"/>
<LocList>
<Loc EndOffset="1001" SrcFileId="10" StartOffset="923"/>
</LocList>
<RootTerm CovItemId="C1" CovItemPrefix="my.PSM.PSM_Logic.Authenticate.java" Intrnl_Id="1372">
<BasicBoolTerm Intrnl_Id="1373">
<LocList>
<Loc EndOffset="936" SrcFileId="10" StartOffset="926"/>
</LocList>
</BasicBoolTerm>
</RootTerm>
</CondStmnt>
</StmntSeq>
</HierarchyLvl>
<HierarchyLvl HierarchyLvlId="1279" HierarchyLvlTypeId="26" Intrnl_Id="1374" Name="logout">
<Header>
<Loc EndOffset="1043" SrcFileId="10" StartOffset="1020"/>
</Header>
<LocList>
<Loc EndOffset="1194" SrcFileId="10" StartOffset="1020"/>
</LocList>
<StmntSeq Intrnl_Id="1375">
<LocList>
<Loc EndOffset="1101" SrcFileId="10" StartOffset="1077"/>
<Loc EndOffset="1188" SrcFileId="10" StartOffset="1110"/>
</LocList>
<BasicStmnt CovItemId="S11" CovItemPrefix="my.PSM.PSM_Logic.Authenticate.java" Intrnl_Id="1376">
<LocList>
<Loc EndOffset="1101" SrcFileId="10" StartOffset="1077"/>
</LocList>
</BasicStmnt>
<CondStmnt CovItemId="S12" CovItemPrefix="my.PSM.PSM_Logic.Authenticate.java" Intrnl_Id="1377">
<Branch CovItemId="B3" CovItemPrefix="my.PSM.PSM_Logic.Authenticate.java" Implct="false" Intrnl_Id="1378">
<Cond/>
<LocList>
<Loc EndOffset="1149" SrcFileId="10" StartOffset="1137"/>
</LocList>
<StmntSeq Intrnl_Id="1379">
<LocList>
<Loc EndOffset="1149" SrcFileId="10" StartOffset="1137"/>
</LocList>
<BasicStmnt CovItemId="S13" CovItemPrefix="my.PSM.PSM_Logic.Authenticate.java" Intrnl_Id="1380">
<LocList>
<Loc EndOffset="1149" SrcFileId="10" StartOffset="1137"/>
</LocList>
</BasicStmnt>
</StmntSeq>
</Branch>
<Branch CovItemId="B4" CovItemPrefix="my.PSM.PSM_Logic.Authenticate.java" Implct="false" Intrnl_Id="1381">
<Cond>
<Loc EndOffset="1162" SrcFileId="10" StartOffset="1158"/>
</Cond>
<LocList>
<Loc EndOffset="1188" SrcFileId="10" StartOffset="1175"/>
</LocList>
<StmntSeq Intrnl_Id="1382">
<LocList>
<Loc EndOffset="1188" SrcFileId="10" StartOffset="1175"/>
</LocList>
<BasicStmnt CovItemId="S14" CovItemPrefix="my.PSM.PSM_Logic.Authenticate.java" Intrnl_Id="1383">
<LocList>
<Loc EndOffset="1188" SrcFileId="10" StartOffset="1175"/>
</LocList>
</BasicStmnt>
</StmntSeq>
</Branch>
<Keyword EndOffset="1112" SrcFileId="10" StartOffset="1110"/>
<LocList>
<Loc EndOffset="1188" SrcFileId="10" StartOffset="1110"/>
</LocList>
<RootTerm CovItemId="C2" CovItemPrefix="my.PSM.PSM_Logic.Authenticate.java" Intrnl_Id="1384">
<BasicBoolTerm Intrnl_Id="1385">
<LocList>
<Loc EndOffset="1123" SrcFileId="10" StartOffset="1113"/>
</LocList>
</BasicBoolTerm>
</RootTerm>
</CondStmnt>
</StmntSeq>
</HierarchyLvl>
</HierarchyLvl>
<HierarchyLvl HierarchyLvlId="1282" HierarchyLvlTypeId="25" Intrnl_Id="1386" Name="FutureTimer">
<Header>
<Loc EndOffset="426" SrcFileId="11" StartOffset="388"/>
</Header>
<LocList>
<Loc EndOffset="784" SrcFileId="11" StartOffset="388"/>
</LocList>
<HierarchyLvl HierarchyLvlId="1281" HierarchyLvlTypeId="26" Intrnl_Id="1387" Name="schedule">
<Header>
<Loc EndOffset="489" SrcFileId="11" StartOffset="440"/>
</Header>
<LocList>
<Loc EndOffset="781" SrcFileId="11" StartOffset="440"/>
</LocList>
<StmntSeq Intrnl_Id="1388">
<LocList>
<Loc EndOffset="554" SrcFileId="11" StartOffset="515"/>
<Loc EndOffset="612" SrcFileId="11" StartOffset="564"/>
<Loc EndOffset="655" SrcFileId="11" StartOffset="622"/>
<Loc EndOffset="724" SrcFileId="11" StartOffset="665"/>
<Loc EndOffset="773" SrcFileId="11" StartOffset="744"/>
</LocList>
<BasicStmnt CovItemId="S1" CovItemPrefix="my.PSM.PSM_Logic.FutureTimer.java" Intrnl_Id="1389">
<LocList>
<Loc EndOffset="554" SrcFileId="11" StartOffset="515"/>
</LocList>
</BasicStmnt>
<BasicStmnt CovItemId="S2" CovItemPrefix="my.PSM.PSM_Logic.FutureTimer.java" Intrnl_Id="1390">
<LocList>
<Loc EndOffset="612" SrcFileId="11" StartOffset="564"/>
</LocList>
</BasicStmnt>
<BasicStmnt CovItemId="S3" CovItemPrefix="my.PSM.PSM_Logic.FutureTimer.java" Intrnl_Id="1391">
<LocList>
<Loc EndOffset="655" SrcFileId="11" StartOffset="622"/>
</LocList>
</BasicStmnt>
<CondStmnt CovItemId="S4" CovItemPrefix="my.PSM.PSM_Logic.FutureTimer.java" Intrnl_Id="1392">
<Branch CovItemId="B1" CovItemPrefix="my.PSM.PSM_Logic.FutureTimer.java" Implct="false" Intrnl_Id="1393">
<Cond/>
<LocList>
<Loc EndOffset="724" SrcFileId="11" StartOffset="717"/>
</LocList>
<StmntSeq Intrnl_Id="1394">
<LocList>
<Loc EndOffset="724" SrcFileId="11" StartOffset="717"/>
</LocList>
<BasicStmnt CovItemId="S5" CovItemPrefix="my.PSM.PSM_Logic.FutureTimer.java" Intrnl_Id="1395">
<LocList>
<Loc EndOffset="724" SrcFileId="11" StartOffset="717"/>
</LocList>
</BasicStmnt>
</StmntSeq>
</Branch>
<Branch CovItemId="B2" CovItemPrefix="my.PSM.PSM_Logic.FutureTimer.java" Implct="true" Intrnl_Id="1396">
<Cond/>
<LocList/>
<StmntSeq Intrnl_Id="1397">
<LocList/>
</StmntSeq>
</Branch>
<Keyword EndOffset="667" SrcFileId="11" StartOffset="665"/>
<LocList>
<Loc EndOffset="724" SrcFileId="11" StartOffset="665"/>
</LocList>
<RootTerm CovItemId="C1" CovItemPrefix="my.PSM.PSM_Logic.FutureTimer.java" Intrnl_Id="1398">
<BasicBoolTerm Intrnl_Id="1399">
<LocList>
<Loc EndOffset="702" SrcFileId="11" StartOffset="669"/>
</LocList>
</BasicBoolTerm>
</RootTerm>
</CondStmnt>
<BasicStmnt CovItemId="S6" CovItemPrefix="my.PSM.PSM_Logic.FutureTimer.java" Intrnl_Id="1400">
<LocList>
<Loc EndOffset="773" SrcFileId="11" StartOffset="744"/>
</LocList>
</BasicStmnt>
</StmntSeq>
</HierarchyLvl>
</HierarchyLvl>
<HierarchyLvl HierarchyLvlId="1294" HierarchyLvlTypeId="25" Intrnl_Id="1401" Name="InterfaceController">
<Header>
<Loc EndOffset="270" SrcFileId="12" StartOffset="238"/>
</Header>
<LocList>
<Loc EndOffset="1815" SrcFileId="12" StartOffset="238"/>
</LocList>
<HierarchyLvl HierarchyLvlId="1283" HierarchyLvlTypeId="26" Intrnl_Id="1402" Name="InterfaceController">
<Header>
<Loc EndOffset="345" SrcFileId="12" StartOffset="317"/>
</Header>
<LocList>
<Loc EndOffset="366" SrcFileId="12" StartOffset="317"/>
</LocList>
</HierarchyLvl>
<HierarchyLvl HierarchyLvlId="1284" HierarchyLvlTypeId="26" Intrnl_Id="1403" Name="setFacade">
<Header>
<Loc EndOffset="414" SrcFileId="12" StartOffset="371"/>
</Header>
<LocList>
<Loc EndOffset="441" SrcFileId="12" StartOffset="371"/>
</LocList>
<StmntSeq Intrnl_Id="1404">
<LocList>
<Loc EndOffset="435" SrcFileId="12" StartOffset="421"/>
</LocList>
<BasicStmnt CovItemId="S1" CovItemPrefix="my.PSM.PSM_Logic.InterfaceController.java" Intrnl_Id="1405">
<LocList>
<Loc EndOffset="435" SrcFileId="12" StartOffset="421"/>
</LocList>
</BasicStmnt>
</StmntSeq>
</HierarchyLvl>
<HierarchyLvl HierarchyLvlId="1285" HierarchyLvlTypeId="26" Intrnl_Id="1406" Name="passwordLock">
<Header>
<Loc EndOffset="472" SrcFileId="12" StartOffset="446"/>
</Header>
<LocList>
<Loc EndOffset="512" SrcFileId="12" StartOffset="446"/>
</LocList>
<StmntSeq Intrnl_Id="1407">
<LocList>
<Loc EndOffset="506" SrcFileId="12" StartOffset="487"/>
</LocList>
<BasicStmnt CovItemId="S2" CovItemPrefix="my.PSM.PSM_Logic.InterfaceController.java" Intrnl_Id="1408">
<LocList>
<Loc EndOffset="506" SrcFileId="12" StartOffset="487"/>
</LocList>
</BasicStmnt>
</StmntSeq>
</HierarchyLvl>
<HierarchyLvl HierarchyLvlId="1286" HierarchyLvlTypeId="26" Intrnl_Id="1409" Name="Initiate_Logout">
<Header>
<Loc EndOffset="546" SrcFileId="12" StartOffset="517"/>
</Header>
<LocList>
<Loc EndOffset="682" SrcFileId="12" StartOffset="517"/>
</LocList>
<StmntSeq Intrnl_Id="1410">
<LocList>
<Loc EndOffset="670" SrcFileId="12" StartOffset="642"/>
</LocList>
<BasicStmnt CovItemId="S3" CovItemPrefix="my.PSM.PSM_Logic.InterfaceController.java" Intrnl_Id="1411">
<LocList>
<Loc EndOffset="670" SrcFileId="12" StartOffset="642"/>
</LocList>
</BasicStmnt>
</StmntSeq>
</HierarchyLvl>
<HierarchyLvl HierarchyLvlId="1287" HierarchyLvlTypeId="26" Intrnl_Id="1412" Name="Initiate_IncorrectLogin">
<Header>
<Loc EndOffset="725" SrcFileId="12" StartOffset="688"/>
</Header>
<LocList>
<Loc EndOffset="815" SrcFileId="12" StartOffset="688"/>
</LocList>
<StmntSeq Intrnl_Id="1413">
<LocList>
<Loc EndOffset="773" SrcFileId="12" StartOffset="749"/>
</LocList>
<BasicStmnt CovItemId="S4" CovItemPrefix="my.PSM.PSM_Logic.InterfaceController.java" Intrnl_Id="1414">
<LocList>
<Loc EndOffset="773" SrcFileId="12" StartOffset="749"/>
</LocList>
</BasicStmnt>
</StmntSeq>
</HierarchyLvl>
<HierarchyLvl HierarchyLvlId="1288" HierarchyLvlTypeId="26" Intrnl_Id="1415" Name="Initiate_Schedule_Form">
<Header>
<Loc EndOffset="861" SrcFileId="12" StartOffset="825"/>
</Header>
<LocList>
<Loc EndOffset="913" SrcFileId="12" StartOffset="825"/>
</LocList>
<StmntSeq Intrnl_Id="1416">
<LocList>
<Loc EndOffset="907" SrcFileId="12" StartOffset="884"/>
</LocList>
<BasicStmnt CovItemId="S5" CovItemPrefix="my.PSM.PSM_Logic.InterfaceController.java" Intrnl_Id="1417">
<LocList>
<Loc EndOffset="907" SrcFileId="12" StartOffset="884"/>
</LocList>
</BasicStmnt>
</StmntSeq>
</HierarchyLvl>
<HierarchyLvl HierarchyLvlId="1289" HierarchyLvlTypeId="26" Intrnl_Id="1418" Name="Pre_Filled_Form">
<Header>
<Loc EndOffset="1278" SrcFileId="12" StartOffset="919"/>
</Header>
<LocList>
<Loc EndOffset="1531" SrcFileId="12" StartOffset="919"/>
</LocList>
<StmntSeq Intrnl_Id="1419">
<LocList>
<Loc EndOffset="1525" SrcFileId="12" StartOffset="1310"/>
</LocList>
<BasicStmnt CovItemId="S6" CovItemPrefix="my.PSM.PSM_Logic.InterfaceController.java" Intrnl_Id="1420">
<LocList>
<Loc EndOffset="1525" SrcFileId="12" StartOffset="1310"/>
</LocList>
</BasicStmnt>
</StmntSeq>
</HierarchyLvl>
<HierarchyLvl HierarchyLvlId="1290" HierarchyLvlTypeId="26" Intrnl_Id="1421" Name="Course_Select_Form">
<Header>
<Loc EndOffset="1573" SrcFileId="12" StartOffset="1541"/>
</Header>
<LocList>
<Loc EndOffset="1611" SrcFileId="12" StartOffset="1541"/>
</LocList>
<StmntSeq Intrnl_Id="1422">
<LocList>
<Loc EndOffset="1605" SrcFileId="12" StartOffset="1583"/>
</LocList>
<BasicStmnt CovItemId="S7" CovItemPrefix="my.PSM.PSM_Logic.InterfaceController.java" Intrnl_Id="1423">
<LocList>
<Loc EndOffset="1605" SrcFileId="12" StartOffset="1583"/>
</LocList>
</BasicStmnt>
</StmntSeq>
</HierarchyLvl>
<HierarchyLvl HierarchyLvlId="1291" HierarchyLvlTypeId="26" Intrnl_Id="1424" Name="Initiate_Login_Form">
<Header>
<Loc EndOffset="1649" SrcFileId="12" StartOffset="1616"/>
</Header>
<LocList>
<Loc EndOffset="1693" SrcFileId="12" StartOffset="1616"/>
</LocList>
<StmntSeq Intrnl_Id="1425">
<LocList>
<Loc EndOffset="1686" SrcFileId="12" StartOffset="1661"/>
</LocList>
<BasicStmnt CovItemId="S8" CovItemPrefix="my.PSM.PSM_Logic.InterfaceController.java" Intrnl_Id="1426">
<LocList>
<Loc EndOffset="1686" SrcFileId="12" StartOffset="1661"/>
</LocList>
</BasicStmnt>
</StmntSeq>
</HierarchyLvl>
<HierarchyLvl HierarchyLvlId="1292" HierarchyLvlTypeId="26" Intrnl_Id="1427" Name="Initiate_Message">
<Header>
<Loc EndOffset="1729" SrcFileId="12" StartOffset="1699"/>
</Header>
<LocList>
<Loc EndOffset="1738" SrcFileId="12" StartOffset="1699"/>
</LocList>
</HierarchyLvl>
<HierarchyLvl HierarchyLvlId="1293" HierarchyLvlTypeId="26" Intrnl_Id="1428" Name="Initiate_MainMenu">
<Header>
<Loc EndOffset="1775" SrcFileId="12" StartOffset="1744"/>
</Header>
<LocList>
<Loc EndOffset="1813" SrcFileId="12" StartOffset="1744"/>
</LocList>
<StmntSeq Intrnl_Id="1429">
<LocList>
<Loc EndOffset="1806" SrcFileId="12" StartOffset="1786"/>
</LocList>
<BasicStmnt CovItemId="S9" CovItemPrefix="my.PSM.PSM_Logic.InterfaceController.java" Intrnl_Id="1430">
<LocList>
<Loc EndOffset="1806" SrcFileId="12" StartOffset="1786"/>
</LocList>
</BasicStmnt>
</StmntSeq>
</HierarchyLvl>
</HierarchyLvl>
<HierarchyLvl HierarchyLvlId="1297" HierarchyLvlTypeId="25" Intrnl_Id="1431" Name="LogicFacade">
<Header>
<Loc EndOffset="225" SrcFileId="13" StartOffset="201"/>
</Header>
<LocList>
<Loc EndOffset="666" SrcFileId="13" StartOffset="201"/>
</LocList>
<HierarchyLvl HierarchyLvlId="1295" HierarchyLvlTypeId="26" Intrnl_Id="1432" Name="LogicFacade">
<Header>
<Loc EndOffset="416" SrcFileId="13" StartOffset="370"/>
</Header>
<LocList>
<Loc EndOffset="570" SrcFileId="13" StartOffset="370"/>
</LocList>
<StmntSeq Intrnl_Id="1433">
<LocList>
<Loc EndOffset="449" SrcFileId="13" StartOffset="423"/>
<Loc EndOffset="490" SrcFileId="13" StartOffset="455"/>
<Loc EndOffset="527" SrcFileId="13" StartOffset="496"/>
<Loc EndOffset="564" SrcFileId="13" StartOffset="533"/>
</LocList>
<BasicStmnt CovItemId="S1" CovItemPrefix="my.PSM.PSM_Logic.LogicFacade.java" Intrnl_Id="1434">
<LocList>
<Loc EndOffset="449" SrcFileId="13" StartOffset="423"/>
</LocList>
</BasicStmnt>
<BasicStmnt CovItemId="S2" CovItemPrefix="my.PSM.PSM_Logic.LogicFacade.java" Intrnl_Id="1435">
<LocList>
<Loc EndOffset="490" SrcFileId="13" StartOffset="455"/>
</LocList>
</BasicStmnt>
<BasicStmnt CovItemId="S3" CovItemPrefix="my.PSM.PSM_Logic.LogicFacade.java" Intrnl_Id="1436">
<LocList>
<Loc EndOffset="527" SrcFileId="13" StartOffset="496"/>
</LocList>
</BasicStmnt>
<BasicStmnt CovItemId="S4" CovItemPrefix="my.PSM.PSM_Logic.LogicFacade.java" Intrnl_Id="1437">
<LocList>
<Loc EndOffset="564" SrcFileId="13" StartOffset="533"/>
</LocList>
</BasicStmnt>
</StmntSeq>
</HierarchyLvl>
<HierarchyLvl HierarchyLvlId="1296" HierarchyLvlTypeId="26" Intrnl_Id="1438" Name="fetchCourses">
<Header>
<Loc EndOffset="615" SrcFileId="13" StartOffset="580"/>
</Header>
<LocList>
<Loc EndOffset="664" SrcFileId="13" StartOffset="580"/>
</LocList>
<StmntSeq Intrnl_Id="1439">
<LocList>
<Loc EndOffset="658" SrcFileId="13" StartOffset="622"/>
</LocList>
<BasicStmnt CovItemId="S5" CovItemPrefix="my.PSM.PSM_Logic.LogicFacade.java" Intrnl_Id="1440">
<LocList>
<Loc EndOffset="658" SrcFileId="13" StartOffset="622"/>
</LocList>
</BasicStmnt>
</StmntSeq>
</HierarchyLvl>
</HierarchyLvl>
<HierarchyLvl HierarchyLvlId="1299" HierarchyLvlTypeId="25" Intrnl_Id="1441" Name="PSM_app">
<Header>
<Loc EndOffset="97" SrcFileId="14" StartOffset="77"/>
</Header>
<LocList>
<Loc EndOffset="486" SrcFileId="14" StartOffset="77"/>
</LocList>
<HierarchyLvl HierarchyLvlId="1298" HierarchyLvlTypeId="26" Intrnl_Id="1442" Name="main">
<Header>
<Loc EndOffset="142" SrcFileId="14" StartOffset="104"/>
</Header>
<LocList>
<Loc EndOffset="481" SrcFileId="14" StartOffset="104"/>
</LocList>
<StmntSeq Intrnl_Id="1443">
<LocList>
<Loc EndOffset="319" SrcFileId="14" StartOffset="279"/>
<Loc EndOffset="370" SrcFileId="14" StartOffset="326"/>
<Loc EndOffset="423" SrcFileId="14" StartOffset="377"/>
<Loc EndOffset="457" SrcFileId="14" StartOffset="430"/>
<Loc EndOffset="477" SrcFileId="14" StartOffset="464"/>
</LocList>
<BasicStmnt CovItemId="S1" CovItemPrefix="my.PSM.PSM_Logic.PSM_app.java" Intrnl_Id="1444">
<LocList>
<Loc EndOffset="319" SrcFileId="14" StartOffset="279"/>
</LocList>
</BasicStmnt>
<BasicStmnt CovItemId="S2" CovItemPrefix="my.PSM.PSM_Logic.PSM_app.java" Intrnl_Id="1445">
<LocList>
<Loc EndOffset="370" SrcFileId="14" StartOffset="326"/>
</LocList>
</BasicStmnt>
<BasicStmnt CovItemId="S3" CovItemPrefix="my.PSM.PSM_Logic.PSM_app.java" Intrnl_Id="1446">
<LocList>
<Loc EndOffset="423" SrcFileId="14" StartOffset="377"/>
</LocList>
</BasicStmnt>
<BasicStmnt CovItemId="S4" CovItemPrefix="my.PSM.PSM_Logic.PSM_app.java" Intrnl_Id="1447">
<LocList>
<Loc EndOffset="457" SrcFileId="14" StartOffset="430"/>
</LocList>
</BasicStmnt>
<BasicStmnt CovItemId="S5" CovItemPrefix="my.PSM.PSM_Logic.PSM_app.java" Intrnl_Id="1448">
<LocList>
<Loc EndOffset="477" SrcFileId="14" StartOffset="464"/>
</LocList>
</BasicStmnt>
</StmntSeq>
</HierarchyLvl>
</HierarchyLvl>
<HierarchyLvl HierarchyLvlId="1354" HierarchyLvlTypeId="25" Intrnl_Id="1449" Name="appController">
<Header>
<Loc EndOffset="634" SrcFileId="15" StartOffset="608"/>
</Header>
<LocList>
<Loc EndOffset="17469" SrcFileId="15" StartOffset="608"/>
</LocList>
<StmntSeq Intrnl_Id="1450">
<LocList>
<Loc EndOffset="688" SrcFileId="15" StartOffset="646"/>
<Loc EndOffset="813" SrcFileId="15" StartOffset="753"/>
<Loc EndOffset="875" SrcFileId="15" StartOffset="818"/>
<Loc EndOffset="939" SrcFileId="15" StartOffset="880"/>
<Loc EndOffset="991" SrcFileId="15" StartOffset="944"/>
<Loc EndOffset="1034" SrcFileId="15" StartOffset="996"/>
<Loc EndOffset="1078" SrcFileId="15" StartOffset="1039"/>
<Loc EndOffset="1121" SrcFileId="15" StartOffset="1088"/>
<Loc EndOffset="1164" SrcFileId="15" StartOffset="1126"/>
<Loc EndOffset="1209" SrcFileId="15" StartOffset="1169"/>
<Loc EndOffset="1255" SrcFileId="15" StartOffset="1214"/>
<Loc EndOffset="1299" SrcFileId="15" StartOffset="1260"/>
<Loc EndOffset="1342" SrcFileId="15" StartOffset="1304"/>
<Loc EndOffset="1383" SrcFileId="15" StartOffset="1347"/>
<Loc EndOffset="1426" SrcFileId="15" StartOffset="1388"/>
<Loc EndOffset="1467" SrcFileId="15" StartOffset="1431"/>
<Loc EndOffset="1510" SrcFileId="15" StartOffset="1472"/>
<Loc EndOffset="1551" SrcFileId="15" StartOffset="1515"/>
<Loc EndOffset="1594" SrcFileId="15" StartOffset="1556"/>
<Loc EndOffset="1635" SrcFileId="15" StartOffset="1599"/>
<Loc EndOffset="1678" SrcFileId="15" StartOffset="1640"/>
<Loc EndOffset="1719" SrcFileId="15" StartOffset="1683"/>
<Loc EndOffset="1762" SrcFileId="15" StartOffset="1724"/>
<Loc EndOffset="1803" SrcFileId="15" StartOffset="1767"/>
<Loc EndOffset="1966" SrcFileId="15" StartOffset="1922"/>
<Loc EndOffset="2013" SrcFileId="15" StartOffset="1971"/>
<Loc EndOffset="2263" SrcFileId="15" StartOffset="2218"/>
<Loc EndOffset="2309" SrcFileId="15" StartOffset="2268"/>
<Loc EndOffset="2407" SrcFileId="15" StartOffset="2376"/>
<Loc EndOffset="2482" SrcFileId="15" StartOffset="2417"/>
<Loc EndOffset="2553" SrcFileId="15" StartOffset="2487"/>
<Loc EndOffset="2612" SrcFileId="15" StartOffset="2558"/>
<Loc EndOffset="2686" SrcFileId="15" StartOffset="2651"/>
<Loc EndOffset="13679" SrcFileId="15" StartOffset="13644"/>
<Loc EndOffset="13792" SrcFileId="15" StartOffset="13791"/>
<Loc EndOffset="13840" SrcFileId="15" StartOffset="13802"/>
<Loc EndOffset="13957" SrcFileId="15" StartOffset="13956"/>
<Loc EndOffset="14001" SrcFileId="15" StartOffset="13964"/>
<Loc EndOffset="14115" SrcFileId="15" StartOffset="14114"/>
<Loc EndOffset="14168" SrcFileId="15" StartOffset="14130"/>
<Loc EndOffset="14336" SrcFileId="15" StartOffset="14335"/>
<Loc EndOffset="14389" SrcFileId="15" StartOffset="14351"/>
<Loc EndOffset="14491" SrcFileId="15" StartOffset="14490"/>
</LocList>
<BasicStmnt CovItemId="S1" CovItemPrefix="my.PSM.PSM_Logic.appController.java" Intrnl_Id="1451">
<LocList>
<Loc EndOffset="688" SrcFileId="15" StartOffset="646"/>
</LocList>
</BasicStmnt>
<BasicStmnt CovItemId="S2" CovItemPrefix="my.PSM.PSM_Logic.appController.java" Intrnl_Id="1452">
<LocList>
<Loc EndOffset="813" SrcFileId="15" StartOffset="753"/>
</LocList>
</BasicStmnt>
<BasicStmnt CovItemId="S3" CovItemPrefix="my.PSM.PSM_Logic.appController.java" Intrnl_Id="1453">
<LocList>
<Loc EndOffset="875" SrcFileId="15" StartOffset="818"/>
</LocList>
</BasicStmnt>
<BasicStmnt CovItemId="S4" CovItemPrefix="my.PSM.PSM_Logic.appController.java" Intrnl_Id="1454">
<LocList>
<Loc EndOffset="939" SrcFileId="15" StartOffset="880"/>
</LocList>
</BasicStmnt>
<BasicStmnt CovItemId="S5" CovItemPrefix="my.PSM.PSM_Logic.appController.java" Intrnl_Id="1455">
<LocList>
<Loc EndOffset="991" SrcFileId="15" StartOffset="944"/>
</LocList>
</BasicStmnt>
<BasicStmnt CovItemId="S6" CovItemPrefix="my.PSM.PSM_Logic.appController.java" Intrnl_Id="1456">
<LocList>
<Loc EndOffset="1034" SrcFileId="15" StartOffset="996"/>
</LocList>
</BasicStmnt>
<BasicStmnt CovItemId="S7" CovItemPrefix="my.PSM.PSM_Logic.appController.java" Intrnl_Id="1457">
<LocList>
<Loc EndOffset="1078" SrcFileId="15" StartOffset="1039"/>
</LocList>
</BasicStmnt>
<BasicStmnt CovItemId="S8" CovItemPrefix="my.PSM.PSM_Logic.appController.java" Intrnl_Id="1458">
<LocList>
<Loc EndOffset="1121" SrcFileId="15" StartOffset="1088"/>
</LocList>
</BasicStmnt>
<BasicStmnt CovItemId="S9" CovItemPrefix="my.PSM.PSM_Logic.appController.java" Intrnl_Id="1459">
<LocList>
<Loc EndOffset="1164" SrcFileId="15" StartOffset="1126"/>
</LocList>
</BasicStmnt>
<BasicStmnt CovItemId="S10" CovItemPrefix="my.PSM.PSM_Logic.appController.java" Intrnl_Id="1460">
<LocList>
<Loc EndOffset="1209" SrcFileId="15" StartOffset="1169"/>
</LocList>
</BasicStmnt>
<BasicStmnt CovItemId="S11" CovItemPrefix="my.PSM.PSM_Logic.appController.java" Intrnl_Id="1461">
<LocList>
<Loc EndOffset="1255" SrcFileId="15" StartOffset="1214"/>
</LocList>
</BasicStmnt>
<BasicStmnt CovItemId="S12" CovItemPrefix="my.PSM.PSM_Logic.appController.java" Intrnl_Id="1462">
<LocList>
<Loc EndOffset="1299" SrcFileId="15" StartOffset="1260"/>
</LocList>
</BasicStmnt>
<BasicStmnt CovItemId="S13" CovItemPrefix="my.PSM.PSM_Logic.appController.java" Intrnl_Id="1463">
<LocList>
<Loc EndOffset="1342" SrcFileId="15" StartOffset="1304"/>
</LocList>
</BasicStmnt>
<BasicStmnt CovItemId="S14" CovItemPrefix="my.PSM.PSM_Logic.appController.java" Intrnl_Id="1464">
<LocList>
<Loc EndOffset="1383" SrcFileId="15" StartOffset="1347"/>
</LocList>
</BasicStmnt>
<BasicStmnt CovItemId="S15" CovItemPrefix="my.PSM.PSM_Logic.appController.java" Intrnl_Id="1465">
<LocList>
<Loc EndOffset="1426" SrcFileId="15" StartOffset="1388"/>
</LocList>
</BasicStmnt>
<BasicStmnt CovItemId="S16" CovItemPrefix="my.PSM.PSM_Logic.appController.java" Intrnl_Id="1466">
<LocList>
<Loc EndOffset="1467" SrcFileId="15" StartOffset="1431"/>
</LocList>
</BasicStmnt>
<BasicStmnt CovItemId="S17" CovItemPrefix="my.PSM.PSM_Logic.appController.java" Intrnl_Id="1467">
<LocList>
<Loc EndOffset="1510" SrcFileId="15" StartOffset="1472"/>
</LocList>
</BasicStmnt>
<BasicStmnt CovItemId="S18" CovItemPrefix="my.PSM.PSM_Logic.appController.java" Intrnl_Id="1468">
<LocList>
<Loc EndOffset="1551" SrcFileId="15" StartOffset="1515"/>
</LocList>
</BasicStmnt>
<BasicStmnt CovItemId="S19" CovItemPrefix="my.PSM.PSM_Logic.appController.java" Intrnl_Id="1469">
<LocList>
<Loc EndOffset="1594" SrcFileId="15" StartOffset="1556"/>
</LocList>
</BasicStmnt>
<BasicStmnt CovItemId="S20" CovItemPrefix="my.PSM.PSM_Logic.appController.java" Intrnl_Id="1470">
<LocList>
<Loc EndOffset="1635" SrcFileId="15" StartOffset="1599"/>
</LocList>
</BasicStmnt>
<BasicStmnt CovItemId="S21" CovItemPrefix="my.PSM.PSM_Logic.appController.java" Intrnl_Id="1471">
<LocList>
<Loc EndOffset="1678" SrcFileId="15" StartOffset="1640"/>
</LocList>
</BasicStmnt>
<BasicStmnt CovItemId="S22" CovItemPrefix="my.PSM.PSM_Logic.appController.java" Intrnl_Id="1472">
<LocList>
<Loc EndOffset="1719" SrcFileId="15" StartOffset="1683"/>
</LocList>
</BasicStmnt>
<BasicStmnt CovItemId="S23" CovItemPrefix="my.PSM.PSM_Logic.appController.java" Intrnl_Id="1473">
<LocList>
<Loc EndOffset="1762" SrcFileId="15" StartOffset="1724"/>
</LocList>
</BasicStmnt>
<BasicStmnt CovItemId="S24" CovItemPrefix="my.PSM.PSM_Logic.appController.java" Intrnl_Id="1474">
<LocList>
<Loc EndOffset="1803" SrcFileId="15" StartOffset="1767"/>
</LocList>
</BasicStmnt>
<BasicStmnt CovItemId="S25" CovItemPrefix="my.PSM.PSM_Logic.appController.java" Intrnl_Id="1475">
<LocList>
<Loc EndOffset="1966" SrcFileId="15" StartOffset="1922"/>
</LocList>
</BasicStmnt>
<BasicStmnt CovItemId="S26" CovItemPrefix="my.PSM.PSM_Logic.appController.java" Intrnl_Id="1476">
<LocList>
<Loc EndOffset="2013" SrcFileId="15" StartOffset="1971"/>
</LocList>
</BasicStmnt>
<BasicStmnt CovItemId="S30" CovItemPrefix="my.PSM.PSM_Logic.appController.java" Intrnl_Id="1477">
<LocList>
<Loc EndOffset="2263" SrcFileId="15" StartOffset="2218"/>
</LocList>
</BasicStmnt>
<BasicStmnt CovItemId="S31" CovItemPrefix="my.PSM.PSM_Logic.appController.java" Intrnl_Id="1478">
<LocList>
<Loc EndOffset="2309" SrcFileId="15" StartOffset="2268"/>
</LocList>
</BasicStmnt>
<BasicStmnt CovItemId="S32" CovItemPrefix="my.PSM.PSM_Logic.appController.java" Intrnl_Id="1479">
<LocList>
<Loc EndOffset="2407" SrcFileId="15" StartOffset="2376"/>
</LocList>
</BasicStmnt>
<BasicStmnt CovItemId="S33" CovItemPrefix="my.PSM.PSM_Logic.appController.java" Intrnl_Id="1480">
<LocList>
<Loc EndOffset="2482" SrcFileId="15" StartOffset="2417"/>
</LocList>
</BasicStmnt>
<BasicStmnt CovItemId="S34" CovItemPrefix="my.PSM.PSM_Logic.appController.java" Intrnl_Id="1481">
<LocList>
<Loc EndOffset="2553" SrcFileId="15" StartOffset="2487"/>
</LocList>
</BasicStmnt>
<BasicStmnt CovItemId="S35" CovItemPrefix="my.PSM.PSM_Logic.appController.java" Intrnl_Id="1482">
<LocList>
<Loc EndOffset="2612" SrcFileId="15" StartOffset="2558"/>
</LocList>
</BasicStmnt>
<BasicStmnt CovItemId="S36" CovItemPrefix="my.PSM.PSM_Logic.appController.java" Intrnl_Id="1483">
<LocList>
<Loc EndOffset="2686" SrcFileId="15" StartOffset="2651"/>
</LocList>
</BasicStmnt>
<BasicStmnt CovItemId="S195" CovItemPrefix="my.PSM.PSM_Logic.appController.java" Intrnl_Id="1484">
<LocList>
<Loc EndOffset="13679" SrcFileId="15" StartOffset="13644"/>
<Loc EndOffset="13792" SrcFileId="15" StartOffset="13791"/>
</LocList>
</BasicStmnt>
<BasicStmnt CovItemId="S197" CovItemPrefix="my.PSM.PSM_Logic.appController.java" Intrnl_Id="1485">
<LocList>
<Loc EndOffset="13840" SrcFileId="15" StartOffset="13802"/>
<Loc EndOffset="13957" SrcFileId="15" StartOffset="13956"/>
</LocList>
</BasicStmnt>
<BasicStmnt CovItemId="S199" CovItemPrefix="my.PSM.PSM_Logic.appController.java" Intrnl_Id="1486">
<LocList>
<Loc EndOffset="14001" SrcFileId="15" StartOffset="13964"/>
<Loc EndOffset="14115" SrcFileId="15" StartOffset="14114"/>
</LocList>
</BasicStmnt>
<BasicStmnt CovItemId="S201" CovItemPrefix="my.PSM.PSM_Logic.appController.java" Intrnl_Id="1487">
<LocList>
<Loc EndOffset="14168" SrcFileId="15" StartOffset="14130"/>
<Loc EndOffset="14336" SrcFileId="15" StartOffset="14335"/>
</LocList>
</BasicStmnt>
<BasicStmnt CovItemId="S204" CovItemPrefix="my.PSM.PSM_Logic.appController.java" Intrnl_Id="1488">
<LocList>
<Loc EndOffset="14389" SrcFileId="15" StartOffset="14351"/>
<Loc EndOffset="14491" SrcFileId="15" StartOffset="14490"/>
</LocList>
</BasicStmnt>
</StmntSeq>
<HierarchyLvl HierarchyLvlId="1300" HierarchyLvlTypeId="26" Intrnl_Id="1489" Name="isEdSchedSel">
<Header>
<Loc EndOffset="2054" SrcFileId="15" StartOffset="2018"/>
</Header>
<LocList>
<Loc EndOffset="2080" SrcFileId="15" StartOffset="2018"/>
</LocList>
<StmntSeq Intrnl_Id="1490">
<LocList>
<Loc EndOffset="2077" SrcFileId="15" StartOffset="2059"/>
</LocList>
<BasicStmnt CovItemId="S27" CovItemPrefix="my.PSM.PSM_Logic.appController.java" Intrnl_Id="1491">
<LocList>
<Loc EndOffset="2077" SrcFileId="15" StartOffset="2059"/>
</LocList>
</BasicStmnt>
</StmntSeq>
</HierarchyLvl>
<HierarchyLvl HierarchyLvlId="1301" HierarchyLvlTypeId="26" Intrnl_Id="1492" Name="isSchedSetupSel">
<Header>
<Loc EndOffset="2122" SrcFileId="15" StartOffset="2083"/>
</Header>
<LocList>
<Loc EndOffset="2151" SrcFileId="15" StartOffset="2083"/>
</LocList>
<StmntSeq Intrnl_Id="1493">
<LocList>
<Loc EndOffset="2148" SrcFileId="15" StartOffset="2127"/>
</LocList>
<BasicStmnt CovItemId="S28" CovItemPrefix="my.PSM.PSM_Logic.appController.java" Intrnl_Id="1494">
<LocList>
<Loc EndOffset="2148" SrcFileId="15" StartOffset="2127"/>
</LocList>
</BasicStmnt>
</StmntSeq>
</HierarchyLvl>
<HierarchyLvl HierarchyLvlId="1302" HierarchyLvlTypeId="26" Intrnl_Id="1495" Name="isLogoutSel">
<Header>
<Loc EndOffset="2189" SrcFileId="15" StartOffset="2154"/>
</Header>
<LocList>
<Loc EndOffset="2214" SrcFileId="15" StartOffset="2154"/>
</LocList>
<StmntSeq Intrnl_Id="1496">
<LocList>
<Loc EndOffset="2211" SrcFileId="15" StartOffset="2194"/>
</LocList>
<BasicStmnt CovItemId="S29" CovItemPrefix="my.PSM.PSM_Logic.appController.java" Intrnl_Id="1497">
<LocList>
<Loc EndOffset="2211" SrcFileId="15" StartOffset="2194"/>
</LocList>
</BasicStmnt>
</StmntSeq>
</HierarchyLvl>
<HierarchyLvl HierarchyLvlId="1303" HierarchyLvlTypeId="26" Intrnl_Id="1498" Name="appController">
<Header>
<Loc EndOffset="2780" SrcFileId="15" StartOffset="2758"/>
</Header>
<LocList>
<Loc EndOffset="2810" SrcFileId="15" StartOffset="2758"/>
</LocList>
<StmntSeq Intrnl_Id="1499">
<LocList>
<Loc EndOffset="2804" SrcFileId="15" StartOffset="2791"/>
</LocList>
<BasicStmnt CovItemId="S37" CovItemPrefix="my.PSM.PSM_Logic.appController.java" Intrnl_Id="1500">
<LocList>
<Loc EndOffset="2804" SrcFileId="15" StartOffset="2791"/>
</LocList>
</BasicStmnt>
</StmntSeq>
</HierarchyLvl>
<HierarchyLvl HierarchyLvlId="1304" HierarchyLvlTypeId="26" Intrnl_Id="1501" Name="setDataStoreFacade">
<Header>
<Loc EndOffset="2918" SrcFileId="15" StartOffset="2859"/>
</Header>
<LocList>
<Loc EndOffset="2949" SrcFileId="15" StartOffset="2859"/>
</LocList>
<StmntSeq Intrnl_Id="1502">
<LocList>
<Loc EndOffset="2943" SrcFileId="15" StartOffset="2925"/>
</LocList>
<BasicStmnt CovItemId="S38" CovItemPrefix="my.PSM.PSM_Logic.appController.java" Intrnl_Id="1503">
<LocList>
<Loc EndOffset="2943" SrcFileId="15" StartOffset="2925"/>
</LocList>
</BasicStmnt>
</StmntSeq>
</HierarchyLvl>
<HierarchyLvl HierarchyLvlId="1305" HierarchyLvlTypeId="26" Intrnl_Id="1504" Name="setInterfaceController">
<Header>
<Loc EndOffset="3021" SrcFileId="15" StartOffset="2954"/>
</Header>
<LocList>
<Loc EndOffset="3044" SrcFileId="15" StartOffset="2954"/>
</LocList>
<StmntSeq Intrnl_Id="1505">
<LocList>
<Loc EndOffset="3038" SrcFileId="15" StartOffset="3028"/>
</LocList>
<BasicStmnt CovItemId="S39" CovItemPrefix="my.PSM.PSM_Logic.appController.java" Intrnl_Id="1506">
<LocList>
<Loc EndOffset="3038" SrcFileId="15" StartOffset="3028"/>
</LocList>
</BasicStmnt>
</StmntSeq>
</HierarchyLvl>
<HierarchyLvl HierarchyLvlId="1306" HierarchyLvlTypeId="26" Intrnl_Id="1507" Name="setAuthenticate">
<Header>
<Loc EndOffset="3102" SrcFileId="15" StartOffset="3049"/>
</Header>
<LocList>
<Loc EndOffset="3127" SrcFileId="15" StartOffset="3049"/>
</LocList>
<StmntSeq Intrnl_Id="1508">
<LocList>
<Loc EndOffset="3121" SrcFileId="15" StartOffset="3109"/>
</LocList>
<BasicStmnt CovItemId="S40" CovItemPrefix="my.PSM.PSM_Logic.appController.java" Intrnl_Id="1509">
<LocList>
<Loc EndOffset="3121" SrcFileId="15" StartOffset="3109"/>
</LocList>
</BasicStmnt>
</StmntSeq>
</HierarchyLvl>
<HierarchyLvl HierarchyLvlId="1307" HierarchyLvlTypeId="26" Intrnl_Id="1510" Name="appMainMenu">
<Header>
<Loc EndOffset="3157" SrcFileId="15" StartOffset="3132"/>
</Header>
<LocList>
<Loc EndOffset="4012" SrcFileId="15" StartOffset="3132"/>
</LocList>
<StmntSeq Intrnl_Id="1511">
<LocList>
<Loc EndOffset="3874" SrcFileId="15" StartOffset="3200"/>
<Loc EndOffset="3902" SrcFileId="15" StartOffset="3883"/>
<Loc EndOffset="3943" SrcFileId="15" StartOffset="3911"/>
<Loc EndOffset="3973" SrcFileId="15" StartOffset="3952"/>
</LocList>
<LoopStmnt CovItemId="S41" CovItemPrefix="my.PSM.PSM_Logic.appController.java" Intrnl_Id="1512" MltplExecId="L1-2" MltplExecPrefix="my.PSM.PSM_Logic.appController.java" NvrExecId="L1-0" NvrExecPrefix="my.PSM.PSM_Logic.appController.java" OnceExecutedId="L1-1" OnceExecutedPrefix="my.PSM.PSM_Logic.appController.java" OptBodyExec="true">
<StmntSeq Intrnl_Id="1513">
<LocList>
<Loc EndOffset="3282" SrcFileId="15" StartOffset="3243"/>
<Loc EndOffset="3338" SrcFileId="15" StartOffset="3295"/>
<Loc EndOffset="3397" SrcFileId="15" StartOffset="3351"/>
<Loc EndOffset="3449" SrcFileId="15" StartOffset="3410"/>
<Loc EndOffset="3827" SrcFileId="15" StartOffset="3650"/>
<Loc EndOffset="3864" SrcFileId="15" StartOffset="3853"/>
</LocList>
<BasicStmnt CovItemId="S42" CovItemPrefix="my.PSM.PSM_Logic.appController.java" Intrnl_Id="1514">
<LocList>
<Loc EndOffset="3282" SrcFileId="15" StartOffset="3243"/>
</LocList>
</BasicStmnt>
<BasicStmnt CovItemId="S43" CovItemPrefix="my.PSM.PSM_Logic.appController.java" Intrnl_Id="1515">
<LocList>
<Loc EndOffset="3338" SrcFileId="15" StartOffset="3295"/>
</LocList>
</BasicStmnt>
<BasicStmnt CovItemId="S44" CovItemPrefix="my.PSM.PSM_Logic.appController.java" Intrnl_Id="1516">
<LocList>
<Loc EndOffset="3397" SrcFileId="15" StartOffset="3351"/>
</LocList>
</BasicStmnt>
<BasicStmnt CovItemId="S45" CovItemPrefix="my.PSM.PSM_Logic.appController.java" Intrnl_Id="1517">
<LocList>
<Loc EndOffset="3449" SrcFileId="15" StartOffset="3410"/>
</LocList>
</BasicStmnt>
<CondStmnt CovItemId="S46" CovItemPrefix="my.PSM.PSM_Logic.appController.java" Intrnl_Id="1518">
<Branch CovItemId="B1" CovItemPrefix="my.PSM.PSM_Logic.appController.java" Implct="false" Intrnl_Id="1519">
<Cond/>
<LocList>
<Loc EndOffset="3827" SrcFileId="15" StartOffset="3735"/>
</LocList>
<StmntSeq Intrnl_Id="1520">
<LocList>
<Loc EndOffset="3801" SrcFileId="15" StartOffset="3794"/>
</LocList>
<BasicStmnt CovItemId="S47" CovItemPrefix="my.PSM.PSM_Logic.appController.java" Intrnl_Id="1521">
<LocList>
<Loc EndOffset="3801" SrcFileId="15" StartOffset="3794"/>
</LocList>
</BasicStmnt>
</StmntSeq>
</Branch>
<Branch CovItemId="B2" CovItemPrefix="my.PSM.PSM_Logic.appController.java" Implct="true" Intrnl_Id="1522">
<Cond/>
<LocList/>
<StmntSeq Intrnl_Id="1523">
<LocList/>
</StmntSeq>
</Branch>
<Keyword EndOffset="3652" SrcFileId="15" StartOffset="3650"/>
<LocList>
<Loc EndOffset="3827" SrcFileId="15" StartOffset="3650"/>
</LocList>
<RootTerm CovItemId="C2" CovItemPrefix="my.PSM.PSM_Logic.appController.java" Intrnl_Id="1524">
<OpTerm BooleanOpId="23" Intrnl_Id="1525">
<BasicBoolTerm Intrnl_Id="1526">
<LocList>
<Loc EndOffset="3668" SrcFileId="15" StartOffset="3653"/>
</LocList>
</BasicBoolTerm>
<BasicBoolTerm Intrnl_Id="1527">
<LocList>
<Loc EndOffset="3721" SrcFileId="15" StartOffset="3672"/>
</LocList>
</BasicBoolTerm>
<LocList>
<Loc EndOffset="3671" SrcFileId="15" StartOffset="3669"/>
</LocList>
</OpTerm>
</RootTerm>
</CondStmnt>
<BasicStmnt CovItemId="S48" CovItemPrefix="my.PSM.PSM_Logic.appController.java" Intrnl_Id="1528">
<LocList>
<Loc EndOffset="3864" SrcFileId="15" StartOffset="3853"/>
</LocList>
</BasicStmnt>
</StmntSeq>
<Keyword EndOffset="3205" SrcFileId="15" StartOffset="3200"/>
<LocList>
<Loc EndOffset="3874" SrcFileId="15" StartOffset="3200"/>
</LocList>
<RootTerm CovItemId="C1" CovItemPrefix="my.PSM.PSM_Logic.appController.java" Intrnl_Id="1529">
<OpTerm BooleanOpId="22" Intrnl_Id="1530">
<BasicBoolTerm Intrnl_Id="1531">
<LocList>
<Loc EndOffset="3219" SrcFileId="15" StartOffset="3207"/>
</LocList>
</BasicBoolTerm>
<LocList>
<Loc EndOffset="3207" SrcFileId="15" StartOffset="3206"/>
</LocList>
</OpTerm>
</RootTerm>
</LoopStmnt>
<BasicStmnt CovItemId="S49" CovItemPrefix="my.PSM.PSM_Logic.appController.java" Intrnl_Id="1532">
<LocList>
<Loc EndOffset="3902" SrcFileId="15" StartOffset="3883"/>
</LocList>
</BasicStmnt>
<BasicStmnt CovItemId="S50" CovItemPrefix="my.PSM.PSM_Logic.appController.java" Intrnl_Id="1533">
<LocList>
<Loc EndOffset="3943" SrcFileId="15" StartOffset="3911"/>
</LocList>
</BasicStmnt>
<BasicStmnt CovItemId="S51" CovItemPrefix="my.PSM.PSM_Logic.appController.java" Intrnl_Id="1534">
<LocList>
<Loc EndOffset="3973" SrcFileId="15" StartOffset="3952"/>
</LocList>
</BasicStmnt>
</StmntSeq>
</HierarchyLvl>
<HierarchyLvl HierarchyLvlId="1308" HierarchyLvlTypeId="26" Intrnl_Id="1535" Name="myMain">
<Header>
<Loc EndOffset="4037" SrcFileId="15" StartOffset="4017"/>
</Header>
<LocList>
<Loc EndOffset="4585" SrcFileId="15" StartOffset="4017"/>
</LocList>
<StmntSeq Intrnl_Id="1536">
<LocList>
<Loc EndOffset="4055" SrcFileId="15" StartOffset="4044"/>
<Loc EndOffset="4579" SrcFileId="15" StartOffset="4061"/>
</LocList>
<BasicStmnt CovItemId="S52" CovItemPrefix="my.PSM.PSM_Logic.appController.java" Intrnl_Id="1537">
<LocList>
<Loc EndOffset="4055" SrcFileId="15" StartOffset="4044"/>
</LocList>
</BasicStmnt>
<CondStmnt CovItemId="S53" CovItemPrefix="my.PSM.PSM_Logic.appController.java" Intrnl_Id="1538">
<Branch CovItemId="B3" CovItemPrefix="my.PSM.PSM_Logic.appController.java" Implct="false" Intrnl_Id="1539">
<Cond/>
<LocList>
<Loc EndOffset="4579" SrcFileId="15" StartOffset="4073"/>
</LocList>
<StmntSeq Intrnl_Id="1540">
<LocList>
<Loc EndOffset="4104" SrcFileId="15" StartOffset="4081"/>
<Loc EndOffset="4190" SrcFileId="15" StartOffset="4111"/>
<Loc EndOffset="4210" SrcFileId="15" StartOffset="4197"/>
<Loc EndOffset="4572" SrcFileId="15" StartOffset="4217"/>
</LocList>
<BasicStmnt CovItemId="S54" CovItemPrefix="my.PSM.PSM_Logic.appController.java" Intrnl_Id="1541">
<LocList>
<Loc EndOffset="4104" SrcFileId="15" StartOffset="4081"/>
</LocList>
</BasicStmnt>
<CondStmnt CovItemId="S55" CovItemPrefix="my.PSM.PSM_Logic.appController.java" Intrnl_Id="1542">
<Branch CovItemId="B5" CovItemPrefix="my.PSM.PSM_Logic.appController.java" Implct="false" Intrnl_Id="1543">
<Cond/>
<LocList>
<Loc EndOffset="4190" SrcFileId="15" StartOffset="4137"/>
</LocList>
<StmntSeq Intrnl_Id="1544">
<LocList>
<Loc EndOffset="4179" SrcFileId="15" StartOffset="4152"/>
</LocList>
<BasicStmnt CovItemId="S56" CovItemPrefix="my.PSM.PSM_Logic.appController.java" Intrnl_Id="1545">
<LocList>
<Loc EndOffset="4179" SrcFileId="15" StartOffset="4152"/>
</LocList>
</BasicStmnt>
</StmntSeq>
</Branch>
<Branch CovItemId="B6" CovItemPrefix="my.PSM.PSM_Logic.appController.java" Implct="true" Intrnl_Id="1546">
<Cond/>
<LocList/>
<StmntSeq Intrnl_Id="1547">
<LocList/>
</StmntSeq>
</Branch>
<Keyword EndOffset="4113" SrcFileId="15" StartOffset="4111"/>
<LocList>
<Loc EndOffset="4190" SrcFileId="15" StartOffset="4111"/>
</LocList>
<RootTerm CovItemId="C4" CovItemPrefix="my.PSM.PSM_Logic.appController.java" Intrnl_Id="1548">
<BasicBoolTerm Intrnl_Id="1549">
<LocList>
<Loc EndOffset="4126" SrcFileId="15" StartOffset="4114"/>
</LocList>
</BasicBoolTerm>
</RootTerm>
</CondStmnt>
<BasicStmnt CovItemId="S57" CovItemPrefix="my.PSM.PSM_Logic.appController.java" Intrnl_Id="1550">
<LocList>
<Loc EndOffset="4210" SrcFileId="15" StartOffset="4197"/>
</LocList>
</BasicStmnt>
<LoopStmnt CovItemId="S58" CovItemPrefix="my.PSM.PSM_Logic.appController.java" Intrnl_Id="1551" MltplExecId="L2-2" MltplExecPrefix="my.PSM.PSM_Logic.appController.java" NvrExecId="L2-0" NvrExecPrefix="my.PSM.PSM_Logic.appController.java" OnceExecutedId="L2-1" OnceExecutedPrefix="my.PSM.PSM_Logic.appController.java" OptBodyExec="true">
<StmntSeq Intrnl_Id="1552">
<LocList>
<Loc EndOffset="4257" SrcFileId="15" StartOffset="4243"/>
<Loc EndOffset="4564" SrcFileId="15" StartOffset="4265"/>
</LocList>
<BasicStmnt CovItemId="S59" CovItemPrefix="my.PSM.PSM_Logic.appController.java" Intrnl_Id="1553">
<LocList>
<Loc EndOffset="4257" SrcFileId="15" StartOffset="4243"/>
</LocList>
</BasicStmnt>
<CondStmnt CovItemId="S60" CovItemPrefix="my.PSM.PSM_Logic.appController.java" Intrnl_Id="1554">
<Branch CovItemId="B7" CovItemPrefix="my.PSM.PSM_Logic.appController.java" Implct="false" Intrnl_Id="1555">
<Cond/>
<LocList>
<Loc EndOffset="4395" SrcFileId="15" StartOffset="4289"/>
</LocList>
<StmntSeq Intrnl_Id="1556">
<LocList>
<Loc EndOffset="4344" SrcFileId="15" StartOffset="4330"/>
<Loc EndOffset="4380" SrcFileId="15" StartOffset="4359"/>
</LocList>
<BasicStmnt CovItemId="S61" CovItemPrefix="my.PSM.PSM_Logic.appController.java" Intrnl_Id="1557">
<LocList>
<Loc EndOffset="4344" SrcFileId="15" StartOffset="4330"/>
</LocList>
</BasicStmnt>
<BasicStmnt CovItemId="S62" CovItemPrefix="my.PSM.PSM_Logic.appController.java" Intrnl_Id="1558">
<LocList>
<Loc EndOffset="4380" SrcFileId="15" StartOffset="4359"/>
</LocList>
</BasicStmnt>
</StmntSeq>
</Branch>
<Branch CovItemId="B8" CovItemPrefix="my.PSM.PSM_Logic.appController.java" Implct="false" Intrnl_Id="1559">
<Cond>
<Loc EndOffset="4410" SrcFileId="15" StartOffset="4406"/>
</Cond>
<LocList>
<Loc EndOffset="4564" SrcFileId="15" StartOffset="4411"/>
</LocList>
<StmntSeq Intrnl_Id="1560">
<LocList>
<Loc EndOffset="4564" SrcFileId="15" StartOffset="4411"/>
</LocList>
<CondStmnt CovItemId="S63" CovItemPrefix="my.PSM.PSM_Logic.appController.java" Intrnl_Id="1561">
<Branch CovItemId="B9" CovItemPrefix="my.PSM.PSM_Logic.appController.java" Implct="false" Intrnl_Id="1562">
<Cond/>
<LocList>
<Loc EndOffset="4479" SrcFileId="15" StartOffset="4436"/>
</LocList>
<StmntSeq Intrnl_Id="1563">
<LocList>
<Loc EndOffset="4467" SrcFileId="15" StartOffset="4452"/>
</LocList>
<BasicStmnt CovItemId="S64" CovItemPrefix="my.PSM.PSM_Logic.appController.java" Intrnl_Id="1564">
<LocList>
<Loc EndOffset="4467" SrcFileId="15" StartOffset="4452"/>
</LocList>
</BasicStmnt>
</StmntSeq>
</Branch>
<Branch CovItemId="B10" CovItemPrefix="my.PSM.PSM_Logic.appController.java" Implct="false" Intrnl_Id="1565">
<Cond>
<Loc EndOffset="4494" SrcFileId="15" StartOffset="4490"/>
</Cond>
<LocList>
<Loc EndOffset="4564" SrcFileId="15" StartOffset="4495"/>
</LocList>
<StmntSeq Intrnl_Id="1566">
<LocList>
<Loc EndOffset="4564" SrcFileId="15" StartOffset="4495"/>
</LocList>
<CondStmnt CovItemId="S65" CovItemPrefix="my.PSM.PSM_Logic.appController.java" Intrnl_Id="1567">
<Branch CovItemId="B11" CovItemPrefix="my.PSM.PSM_Logic.appController.java" Implct="false" Intrnl_Id="1568">
<Cond/>
<LocList>
<Loc EndOffset="4564" SrcFileId="15" StartOffset="4523"/>
</LocList>
<StmntSeq Intrnl_Id="1569">
<LocList>
<Loc EndOffset="4552" SrcFileId="15" StartOffset="4539"/>
</LocList>
<BasicStmnt CovItemId="S66" CovItemPrefix="my.PSM.PSM_Logic.appController.java" Intrnl_Id="1570">
<LocList>
<Loc EndOffset="4552" SrcFileId="15" StartOffset="4539"/>
</LocList>
</BasicStmnt>
</StmntSeq>
</Branch>
<Branch CovItemId="B12" CovItemPrefix="my.PSM.PSM_Logic.appController.java" Implct="true" Intrnl_Id="1571">
<Cond/>
<LocList/>
<StmntSeq Intrnl_Id="1572">
<LocList/>
</StmntSeq>
</Branch>
<Keyword EndOffset="4497" SrcFileId="15" StartOffset="4495"/>
<LocList>
<Loc EndOffset="4564" SrcFileId="15" StartOffset="4495"/>
</LocList>
<RootTerm CovItemId="C8" CovItemPrefix="my.PSM.PSM_Logic.appController.java" Intrnl_Id="1573">
<BasicBoolTerm Intrnl_Id="1574">
<LocList>
<Loc EndOffset="4511" SrcFileId="15" StartOffset="4498"/>
</LocList>
</BasicBoolTerm>
</RootTerm>
</CondStmnt>
</StmntSeq>
</Branch>
<Keyword EndOffset="4413" SrcFileId="15" StartOffset="4411"/>
<LocList>
<Loc EndOffset="4564" SrcFileId="15" StartOffset="4411"/>
</LocList>
<RootTerm CovItemId="C7" CovItemPrefix="my.PSM.PSM_Logic.appController.java" Intrnl_Id="1575">
<BasicBoolTerm Intrnl_Id="1576">
<LocList>
<Loc EndOffset="4424" SrcFileId="15" StartOffset="4414"/>
</LocList>
</BasicBoolTerm>
</RootTerm>
</CondStmnt>
</StmntSeq>
</Branch>
<Keyword EndOffset="4267" SrcFileId="15" StartOffset="4265"/>
<LocList>
<Loc EndOffset="4564" SrcFileId="15" StartOffset="4265"/>
</LocList>
<RootTerm CovItemId="C6" CovItemPrefix="my.PSM.PSM_Logic.appController.java" Intrnl_Id="1577">
<BasicBoolTerm Intrnl_Id="1578">
<LocList>
<Loc EndOffset="4277" SrcFileId="15" StartOffset="4268"/>
</LocList>
</BasicBoolTerm>
</RootTerm>
</CondStmnt>
</StmntSeq>
<Keyword EndOffset="4222" SrcFileId="15" StartOffset="4217"/>
<LocList>
<Loc EndOffset="4572" SrcFileId="15" StartOffset="4217"/>
</LocList>
<RootTerm CovItemId="C5" CovItemPrefix="my.PSM.PSM_Logic.appController.java" Intrnl_Id="1579">
<OpTerm BooleanOpId="22" Intrnl_Id="1580">
<BasicBoolTerm Intrnl_Id="1581">
<LocList>
<Loc EndOffset="4233" SrcFileId="15" StartOffset="4224"/>
</LocList>
</BasicBoolTerm>
<LocList>
<Loc EndOffset="4224" SrcFileId="15" StartOffset="4223"/>
</LocList>
</OpTerm>
</RootTerm>
</LoopStmnt>
</StmntSeq>
</Branch>
<Branch CovItemId="B4" CovItemPrefix="my.PSM.PSM_Logic.appController.java" Implct="true" Intrnl_Id="1582">
<Cond/>
<LocList/>
<StmntSeq Intrnl_Id="1583">
<LocList/>
</StmntSeq>
</Branch>
<Keyword EndOffset="4063" SrcFileId="15" StartOffset="4061"/>
<LocList>
<Loc EndOffset="4579" SrcFileId="15" StartOffset="4061"/>
</LocList>
<RootTerm CovItemId="C3" CovItemPrefix="my.PSM.PSM_Logic.appController.java" Intrnl_Id="1584">
<BasicBoolTerm Intrnl_Id="1585">
<LocList>
<Loc EndOffset="4072" SrcFileId="15" StartOffset="4064"/>
</LocList>
</BasicBoolTerm>
</RootTerm>
</CondStmnt>
</StmntSeq>
</HierarchyLvl>
<HierarchyLvl HierarchyLvlId="1309" HierarchyLvlTypeId="26" Intrnl_Id="1586" Name="setUser">
<Header>
<Loc EndOffset="4622" SrcFileId="15" StartOffset="4590"/>
</Header>
<LocList>
<Loc EndOffset="4651" SrcFileId="15" StartOffset="4590"/>
</LocList>
<StmntSeq Intrnl_Id="1587">
<LocList>
<Loc EndOffset="4645" SrcFileId="15" StartOffset="4629"/>
</LocList>
<BasicStmnt CovItemId="S67" CovItemPrefix="my.PSM.PSM_Logic.appController.java" Intrnl_Id="1588">
<LocList>
<Loc EndOffset="4645" SrcFileId="15" StartOffset="4629"/>
</LocList>
</BasicStmnt>
</StmntSeq>
</HierarchyLvl>
<HierarchyLvl HierarchyLvlId="1310" HierarchyLvlTypeId="26" Intrnl_Id="1589" Name="setPassword">
<Header>
<Loc EndOffset="4690" SrcFileId="15" StartOffset="4656"/>
</Header>
<LocList>
<Loc EndOffset="4717" SrcFileId="15" StartOffset="4656"/>
</LocList>
<StmntSeq Intrnl_Id="1590">
<LocList>
<Loc EndOffset="4711" SrcFileId="15" StartOffset="4697"/>
</LocList>
<BasicStmnt CovItemId="S68" CovItemPrefix="my.PSM.PSM_Logic.appController.java" Intrnl_Id="1591">
<LocList>
<Loc EndOffset="4711" SrcFileId="15" StartOffset="4697"/>
</LocList>
</BasicStmnt>
</StmntSeq>
</HierarchyLvl>
<HierarchyLvl HierarchyLvlId="1311" HierarchyLvlTypeId="26" Intrnl_Id="1592" Name="getUser">
<Header>
<Loc EndOffset="4745" SrcFileId="15" StartOffset="4722"/>
</Header>
<LocList>
<Loc EndOffset="4774" SrcFileId="15" StartOffset="4722"/>
</LocList>
<StmntSeq Intrnl_Id="1593">
<LocList>
<Loc EndOffset="4768" SrcFileId="15" StartOffset="4752"/>
</LocList>
<BasicStmnt CovItemId="S69" CovItemPrefix="my.PSM.PSM_Logic.appController.java" Intrnl_Id="1594">
<LocList>
<Loc EndOffset="4768" SrcFileId="15" StartOffset="4752"/>
</LocList>
</BasicStmnt>
</StmntSeq>
</HierarchyLvl>
<HierarchyLvl HierarchyLvlId="1312" HierarchyLvlTypeId="26" Intrnl_Id="1595" Name="getPass">
<Header>
<Loc EndOffset="4802" SrcFileId="15" StartOffset="4779"/>
</Header>
<LocList>
<Loc EndOffset="4831" SrcFileId="15" StartOffset="4779"/>
</LocList>
<StmntSeq Intrnl_Id="1596">
<LocList>
<Loc EndOffset="4825" SrcFileId="15" StartOffset="4809"/>
</LocList>
<BasicStmnt CovItemId="S70" CovItemPrefix="my.PSM.PSM_Logic.appController.java" Intrnl_Id="1597">
<LocList>
<Loc EndOffset="4825" SrcFileId="15" StartOffset="4809"/>
</LocList>
</BasicStmnt>
</StmntSeq>
</HierarchyLvl>
<HierarchyLvl HierarchyLvlId="1313" HierarchyLvlTypeId="26" Intrnl_Id="1598" Name="getLoggedIn">
<Header>
<Loc EndOffset="4864" SrcFileId="15" StartOffset="4836"/>
</Header>
<LocList>
<Loc EndOffset="4893" SrcFileId="15" StartOffset="4836"/>
</LocList>
<StmntSeq Intrnl_Id="1599">
<LocList>
<Loc EndOffset="4887" SrcFileId="15" StartOffset="4871"/>
</LocList>
<BasicStmnt CovItemId="S71" CovItemPrefix="my.PSM.PSM_Logic.appController.java" Intrnl_Id="1600">
<LocList>
<Loc EndOffset="4887" SrcFileId="15" StartOffset="4871"/>
</LocList>
</BasicStmnt>
</StmntSeq>
</HierarchyLvl>
<HierarchyLvl HierarchyLvlId="1314" HierarchyLvlTypeId="26" Intrnl_Id="1601" Name="fetchCourses">
<Header>
<Loc EndOffset="4933" SrcFileId="15" StartOffset="4898"/>
</Header>
<LocList>
<Loc EndOffset="4979" SrcFileId="15" StartOffset="4898"/>
</LocList>
<StmntSeq Intrnl_Id="1602">
<LocList>
<Loc EndOffset="4973" SrcFileId="15" StartOffset="4940"/>
</LocList>
<BasicStmnt CovItemId="S72" CovItemPrefix="my.PSM.PSM_Logic.appController.java" Intrnl_Id="1603">
<LocList>
<Loc EndOffset="4973" SrcFileId="15" StartOffset="4940"/>
</LocList>
</BasicStmnt>
</StmntSeq>
</HierarchyLvl>
<HierarchyLvl HierarchyLvlId="1315" HierarchyLvlTypeId="26" Intrnl_Id="1604" Name="getIC">
<Header>
<Loc EndOffset="5018" SrcFileId="15" StartOffset="4984"/>
</Header>
<LocList>
<Loc EndOffset="5041" SrcFileId="15" StartOffset="4984"/>
</LocList>
<StmntSeq Intrnl_Id="1605">
<LocList>
<Loc EndOffset="5035" SrcFileId="15" StartOffset="5025"/>
</LocList>
<BasicStmnt CovItemId="S73" CovItemPrefix="my.PSM.PSM_Logic.appController.java" Intrnl_Id="1606">
<LocList>
<Loc EndOffset="5035" SrcFileId="15" StartOffset="5025"/>
</LocList>
</BasicStmnt>
</StmntSeq>
</HierarchyLvl>
<HierarchyLvl HierarchyLvlId="1316" HierarchyLvlTypeId="26" Intrnl_Id="1607" Name="getSetRun">
<Header>
<Loc EndOffset="5073" SrcFileId="15" StartOffset="5046"/>
</Header>
<LocList>
<Loc EndOffset="5100" SrcFileId="15" StartOffset="5046"/>
</LocList>
<StmntSeq Intrnl_Id="1608">
<LocList>
<Loc EndOffset="5094" SrcFileId="15" StartOffset="5080"/>
</LocList>
<BasicStmnt CovItemId="S74" CovItemPrefix="my.PSM.PSM_Logic.appController.java" Intrnl_Id="1609">
<LocList>
<Loc EndOffset="5094" SrcFileId="15" StartOffset="5080"/>
</LocList>
</BasicStmnt>
</StmntSeq>
</HierarchyLvl>
<HierarchyLvl HierarchyLvlId="1317" HierarchyLvlTypeId="26" Intrnl_Id="1610" Name="getClearDate">
<Header>
<Loc EndOffset="5137" SrcFileId="15" StartOffset="5105"/>
</Header>
<LocList>
<Loc EndOffset="5164" SrcFileId="15" StartOffset="5105"/>
</LocList>
<StmntSeq Intrnl_Id="1611">
<LocList>
<Loc EndOffset="5160" SrcFileId="15" StartOffset="5143"/>
</LocList>
<BasicStmnt CovItemId="S75" CovItemPrefix="my.PSM.PSM_Logic.appController.java" Intrnl_Id="1612">
<LocList>
<Loc EndOffset="5160" SrcFileId="15" StartOffset="5143"/>
</LocList>
</BasicStmnt>
</StmntSeq>
</HierarchyLvl>
<HierarchyLvl HierarchyLvlId="1318" HierarchyLvlTypeId="26" Intrnl_Id="1613" Name="getClearMonth">
<Header>
<Loc EndOffset="5201" SrcFileId="15" StartOffset="5168"/>
</Header>
<LocList>
<Loc EndOffset="5229" SrcFileId="15" StartOffset="5168"/>
</LocList>
<StmntSeq Intrnl_Id="1614">
<LocList>
<Loc EndOffset="5225" SrcFileId="15" StartOffset="5207"/>
</LocList>
<BasicStmnt CovItemId="S76" CovItemPrefix="my.PSM.PSM_Logic.appController.java" Intrnl_Id="1615">
<LocList>
<Loc EndOffset="5225" SrcFileId="15" StartOffset="5207"/>
</LocList>
</BasicStmnt>
</StmntSeq>
</HierarchyLvl>
<HierarchyLvl HierarchyLvlId="1319" HierarchyLvlTypeId="26" Intrnl_Id="1616" Name="getClearYear">
<Header>
<Loc EndOffset="5265" SrcFileId="15" StartOffset="5233"/>
</Header>
<LocList>
<Loc EndOffset="5292" SrcFileId="15" StartOffset="5233"/>
</LocList>
<StmntSeq Intrnl_Id="1617">
<LocList>
<Loc EndOffset="5288" SrcFileId="15" StartOffset="5271"/>
</LocList>
<BasicStmnt CovItemId="S77" CovItemPrefix="my.PSM.PSM_Logic.appController.java" Intrnl_Id="1618">
<LocList>
<Loc EndOffset="5288" SrcFileId="15" StartOffset="5271"/>
</LocList>
</BasicStmnt>
</StmntSeq>
</HierarchyLvl>
<HierarchyLvl HierarchyLvlId="1320" HierarchyLvlTypeId="26" Intrnl_Id="1619" Name="getCounter">
<Header>
<Loc EndOffset="5319" SrcFileId="15" StartOffset="5296"/>
</Header>
<LocList>
<Loc EndOffset="5343" SrcFileId="15" StartOffset="5296"/>
</LocList>
<StmntSeq Intrnl_Id="1620">
<LocList>
<Loc EndOffset="5339" SrcFileId="15" StartOffset="5324"/>
</LocList>
<BasicStmnt CovItemId="S78" CovItemPrefix="my.PSM.PSM_Logic.appController.java" Intrnl_Id="1621">
<LocList>
<Loc EndOffset="5339" SrcFileId="15" StartOffset="5324"/>
</LocList>
</BasicStmnt>
</StmntSeq>
</HierarchyLvl>
<HierarchyLvl HierarchyLvlId="1321" HierarchyLvlTypeId="26" Intrnl_Id="1622" Name="setupSched">
<Header>
<Loc EndOffset="5379" SrcFileId="15" StartOffset="5348"/>
</Header>
<LocList>
<Loc EndOffset="6313" SrcFileId="15" StartOffset="5348"/>
</LocList>
<StmntSeq Intrnl_Id="1623">
<LocList>
<Loc EndOffset="5412" SrcFileId="15" StartOffset="5386"/>
<Loc EndOffset="5583" SrcFileId="15" StartOffset="5454"/>
<Loc EndOffset="5613" SrcFileId="15" StartOffset="5592"/>
<Loc EndOffset="5655" SrcFileId="15" StartOffset="5622"/>
<Loc EndOffset="5807" SrcFileId="15" StartOffset="5673"/>
<Loc EndOffset="6306" SrcFileId="15" StartOffset="5816"/>
</LocList>
<BasicStmnt CovItemId="S79" CovItemPrefix="my.PSM.PSM_Logic.appController.java" Intrnl_Id="1624">
<LocList>
<Loc EndOffset="5412" SrcFileId="15" StartOffset="5386"/>
</LocList>
</BasicStmnt>
<LoopStmnt CovItemId="S80" CovItemPrefix="my.PSM.PSM_Logic.appController.java" Intrnl_Id="1625" MltplExecId="L3-2" MltplExecPrefix="my.PSM.PSM_Logic.appController.java" NvrExecId="L3-0" NvrExecPrefix="my.PSM.PSM_Logic.appController.java" OnceExecutedId="L3-1" OnceExecutedPrefix="my.PSM.PSM_Logic.appController.java" OptBodyExec="true">
<StmntSeq Intrnl_Id="1626">
<LocList>
<Loc EndOffset="5549" SrcFileId="15" StartOffset="5509"/>
<Loc EndOffset="5573" SrcFileId="15" StartOffset="5562"/>
</LocList>
<BasicStmnt CovItemId="S81" CovItemPrefix="my.PSM.PSM_Logic.appController.java" Intrnl_Id="1627">
<LocList>
<Loc EndOffset="5549" SrcFileId="15" StartOffset="5509"/>
</LocList>
</BasicStmnt>
<BasicStmnt CovItemId="S82" CovItemPrefix="my.PSM.PSM_Logic.appController.java" Intrnl_Id="1628">
<LocList>
<Loc EndOffset="5573" SrcFileId="15" StartOffset="5562"/>
</LocList>
</BasicStmnt>
</StmntSeq>
<Keyword EndOffset="5459" SrcFileId="15" StartOffset="5454"/>
<LocList>
<Loc EndOffset="5583" SrcFileId="15" StartOffset="5454"/>
</LocList>
<RootTerm CovItemId="C9" CovItemPrefix="my.PSM.PSM_Logic.appController.java" Intrnl_Id="1629">
<OpTerm BooleanOpId="22" Intrnl_Id="1630">
<BasicBoolTerm Intrnl_Id="1631">
<LocList>
<Loc EndOffset="5485" SrcFileId="15" StartOffset="5461"/>
</LocList>
</BasicBoolTerm>
<LocList>
<Loc EndOffset="5461" SrcFileId="15" StartOffset="5460"/>
</LocList>
</OpTerm>
</RootTerm>
</LoopStmnt>
<BasicStmnt CovItemId="S83" CovItemPrefix="my.PSM.PSM_Logic.appController.java" Intrnl_Id="1632">
<LocList>
<Loc EndOffset="5613" SrcFileId="15" StartOffset="5592"/>
</LocList>
</BasicStmnt>
<BasicStmnt CovItemId="S84" CovItemPrefix="my.PSM.PSM_Logic.appController.java" Intrnl_Id="1633">
<LocList>
<Loc EndOffset="5655" SrcFileId="15" StartOffset="5622"/>
</LocList>
</BasicStmnt>
<BasicStmnt CovItemId="S85" CovItemPrefix="my.PSM.PSM_Logic.appController.java" Intrnl_Id="1634">
<LocList>
<Loc EndOffset="5807" SrcFileId="15" StartOffset="5673"/>
</LocList>
</BasicStmnt>
<BasicStmnt CovItemId="S86" CovItemPrefix="my.PSM.PSM_Logic.appController.java" Intrnl_Id="1635">
<LocList>
<Loc EndOffset="6306" SrcFileId="15" StartOffset="5816"/>
</LocList>
</BasicStmnt>
</StmntSeq>
</HierarchyLvl>
<HierarchyLvl HierarchyLvlId="1322" HierarchyLvlTypeId="26" Intrnl_Id="1636" Name="appEditSched">
<Header>
<Loc EndOffset="6351" SrcFileId="15" StartOffset="6318"/>
</Header>
<LocList>
<Loc EndOffset="7816" SrcFileId="15" StartOffset="6318"/>
</LocList>
<StmntSeq Intrnl_Id="1637">
<LocList>
<Loc EndOffset="6407" SrcFileId="15" StartOffset="6383"/>
<Loc EndOffset="6578" SrcFileId="15" StartOffset="6417"/>
<Loc EndOffset="6623" SrcFileId="15" StartOffset="6588"/>
<Loc EndOffset="6653" SrcFileId="15" StartOffset="6632"/>
<Loc EndOffset="6700" SrcFileId="15" StartOffset="6663"/>
<Loc EndOffset="6728" SrcFileId="15" StartOffset="6709"/>
<Loc EndOffset="7003" SrcFileId="15" StartOffset="6746"/>
<Loc EndOffset="7136" SrcFileId="15" StartOffset="7021"/>
<Loc EndOffset="7175" SrcFileId="15" StartOffset="7154"/>
<Loc EndOffset="7214" SrcFileId="15" StartOffset="7184"/>
<Loc EndOffset="7808" SrcFileId="15" StartOffset="7304"/>
</LocList>
<BasicStmnt CovItemId="S87" CovItemPrefix="my.PSM.PSM_Logic.appController.java" Intrnl_Id="1638">
<LocList>
<Loc EndOffset="6407" SrcFileId="15" StartOffset="6383"/>
</LocList>
</BasicStmnt>
<LoopStmnt CovItemId="S88" CovItemPrefix="my.PSM.PSM_Logic.appController.java" Intrnl_Id="1639" MltplExecId="L4-2" MltplExecPrefix="my.PSM.PSM_Logic.appController.java" NvrExecId="L4-0" NvrExecPrefix="my.PSM.PSM_Logic.appController.java" OnceExecutedId="L4-1" OnceExecutedPrefix="my.PSM.PSM_Logic.appController.java" OptBodyExec="true">
<StmntSeq Intrnl_Id="1640">
<LocList>
<Loc EndOffset="6502" SrcFileId="15" StartOffset="6460"/>
<Loc EndOffset="6526" SrcFileId="15" StartOffset="6515"/>
</LocList>
<BasicStmnt CovItemId="S89" CovItemPrefix="my.PSM.PSM_Logic.appController.java" Intrnl_Id="1641">
<LocList>
<Loc EndOffset="6502" SrcFileId="15" StartOffset="6460"/>
</LocList>
</BasicStmnt>
<BasicStmnt CovItemId="S90" CovItemPrefix="my.PSM.PSM_Logic.appController.java" Intrnl_Id="1642">
<LocList>
<Loc EndOffset="6526" SrcFileId="15" StartOffset="6515"/>
</LocList>
</BasicStmnt>
</StmntSeq>
<Keyword EndOffset="6422" SrcFileId="15" StartOffset="6417"/>
<LocList>
<Loc EndOffset="6578" SrcFileId="15" StartOffset="6417"/>
</LocList>
<RootTerm CovItemId="C10" CovItemPrefix="my.PSM.PSM_Logic.appController.java" Intrnl_Id="1643">
<OpTerm BooleanOpId="22" Intrnl_Id="1644">
<BasicBoolTerm Intrnl_Id="1645">
<LocList>
<Loc EndOffset="6436" SrcFileId="15" StartOffset="6424"/>
</LocList>
</BasicBoolTerm>
<LocList>
<Loc EndOffset="6424" SrcFileId="15" StartOffset="6423"/>
</LocList>
</OpTerm>
</RootTerm>
</LoopStmnt>
<BasicStmnt CovItemId="S91" CovItemPrefix="my.PSM.PSM_Logic.appController.java" Intrnl_Id="1646">
<LocList>
<Loc EndOffset="6623" SrcFileId="15" StartOffset="6588"/>
</LocList>
</BasicStmnt>
<BasicStmnt CovItemId="S92" CovItemPrefix="my.PSM.PSM_Logic.appController.java" Intrnl_Id="1647">
<LocList>
<Loc EndOffset="6653" SrcFileId="15" StartOffset="6632"/>
</LocList>
</BasicStmnt>
<BasicStmnt CovItemId="S93" CovItemPrefix="my.PSM.PSM_Logic.appController.java" Intrnl_Id="1648">
<LocList>
<Loc EndOffset="6700" SrcFileId="15" StartOffset="6663"/>
</LocList>
</BasicStmnt>
<BasicStmnt CovItemId="S94" CovItemPrefix="my.PSM.PSM_Logic.appController.java" Intrnl_Id="1649">
<LocList>
<Loc EndOffset="6728" SrcFileId="15" StartOffset="6709"/>
</LocList>
</BasicStmnt>
<BasicStmnt CovItemId="S95" CovItemPrefix="my.PSM.PSM_Logic.appController.java" Intrnl_Id="1650">
<LocList>
<Loc EndOffset="7003" SrcFileId="15" StartOffset="6746"/>
</LocList>
</BasicStmnt>
<LoopStmnt CovItemId="S96" CovItemPrefix="my.PSM.PSM_Logic.appController.java" Intrnl_Id="1651" MltplExecId="L5-2" MltplExecPrefix="my.PSM.PSM_Logic.appController.java" NvrExecId="L5-0" NvrExecPrefix="my.PSM.PSM_Logic.appController.java" OnceExecutedId="L5-1" OnceExecutedPrefix="my.PSM.PSM_Logic.appController.java" OptBodyExec="true">
<StmntSeq Intrnl_Id="1652">
<LocList>
<Loc EndOffset="7101" SrcFileId="15" StartOffset="7064"/>
<Loc EndOffset="7126" SrcFileId="15" StartOffset="7115"/>
</LocList>
<BasicStmnt CovItemId="S97" CovItemPrefix="my.PSM.PSM_Logic.appController.java" Intrnl_Id="1653">
<LocList>
<Loc EndOffset="7101" SrcFileId="15" StartOffset="7064"/>
</LocList>
</BasicStmnt>
<BasicStmnt CovItemId="S98" CovItemPrefix="my.PSM.PSM_Logic.appController.java" Intrnl_Id="1654">
<LocList>
<Loc EndOffset="7126" SrcFileId="15" StartOffset="7115"/>
</LocList>
</BasicStmnt>
</StmntSeq>
<Keyword EndOffset="7026" SrcFileId="15" StartOffset="7021"/>
<LocList>
<Loc EndOffset="7136" SrcFileId="15" StartOffset="7021"/>
</LocList>
<RootTerm CovItemId="C11" CovItemPrefix="my.PSM.PSM_Logic.appController.java" Intrnl_Id="1655">
<OpTerm BooleanOpId="22" Intrnl_Id="1656">
<BasicBoolTerm Intrnl_Id="1657">
<LocList>
<Loc EndOffset="7040" SrcFileId="15" StartOffset="7028"/>
</LocList>
</BasicBoolTerm>
<LocList>
<Loc EndOffset="7028" SrcFileId="15" StartOffset="7027"/>
</LocList>
</OpTerm>
</RootTerm>
</LoopStmnt>
<BasicStmnt CovItemId="S99" CovItemPrefix="my.PSM.PSM_Logic.appController.java" Intrnl_Id="1658">
<LocList>
<Loc EndOffset="7175" SrcFileId="15" StartOffset="7154"/>
</LocList>
</BasicStmnt>
<BasicStmnt CovItemId="S100" CovItemPrefix="my.PSM.PSM_Logic.appController.java" Intrnl_Id="1659">
<LocList>
<Loc EndOffset="7214" SrcFileId="15" StartOffset="7184"/>
</LocList>
</BasicStmnt>
<BasicStmnt CovItemId="S101" CovItemPrefix="my.PSM.PSM_Logic.appController.java" Intrnl_Id="1660">
<LocList>
<Loc EndOffset="7808" SrcFileId="15" StartOffset="7304"/>
</LocList>
</BasicStmnt>
</StmntSeq>
</HierarchyLvl>
<HierarchyLvl HierarchyLvlId="1323" HierarchyLvlTypeId="26" Intrnl_Id="1661" Name="appLogin">
<Header>
<Loc EndOffset="7855" SrcFileId="15" StartOffset="7826"/>
</Header>
<LocList>
<Loc EndOffset="9277" SrcFileId="15" StartOffset="7826"/>
</LocList>
<StmntSeq Intrnl_Id="1662">
<LocList>
<Loc EndOffset="9271" SrcFileId="15" StartOffset="7862"/>
</LocList>
<LoopStmnt CovItemId="S102" CovItemPrefix="my.PSM.PSM_Logic.appController.java" Intrnl_Id="1663" MltplExecId="L6-2" MltplExecPrefix="my.PSM.PSM_Logic.appController.java" NvrExecId="L6-0" NvrExecPrefix="my.PSM.PSM_Logic.appController.java" OnceExecutedId="L6-1" OnceExecutedPrefix="my.PSM.PSM_Logic.appController.java" OptBodyExec="true">
<StmntSeq Intrnl_Id="1664">
<LocList>
<Loc EndOffset="7937" SrcFileId="15" StartOffset="7912"/>
<Loc EndOffset="8134" SrcFileId="15" StartOffset="7976"/>
<Loc EndOffset="8179" SrcFileId="15" StartOffset="8148"/>
<Loc EndOffset="8214" SrcFileId="15" StartOffset="8193"/>
<Loc EndOffset="8263" SrcFileId="15" StartOffset="8228"/>
<Loc EndOffset="8312" SrcFileId="15" StartOffset="8277"/>
<Loc EndOffset="8380" SrcFileId="15" StartOffset="8341"/>
<Loc EndOffset="8557" SrcFileId="15" StartOffset="8394"/>
<Loc EndOffset="8983" SrcFileId="15" StartOffset="8601"/>
<Loc EndOffset="9261" SrcFileId="15" StartOffset="8997"/>
</LocList>
<BasicStmnt CovItemId="S103" CovItemPrefix="my.PSM.PSM_Logic.appController.java" Intrnl_Id="1665">
<LocList>
<Loc EndOffset="7937" SrcFileId="15" StartOffset="7912"/>
</LocList>
</BasicStmnt>
<LoopStmnt CovItemId="S104" CovItemPrefix="my.PSM.PSM_Logic.appController.java" Intrnl_Id="1666" MltplExecId="L7-2" MltplExecPrefix="my.PSM.PSM_Logic.appController.java" NvrExecId="L7-0" NvrExecPrefix="my.PSM.PSM_Logic.appController.java" OnceExecutedId="L7-1" OnceExecutedPrefix="my.PSM.PSM_Logic.appController.java" OptBodyExec="false">
<StmntSeq Intrnl_Id="1667">
<LocList>
<Loc EndOffset="8051" SrcFileId="15" StartOffset="8011"/>
<Loc EndOffset="8080" SrcFileId="15" StartOffset="8069"/>
</LocList>
<BasicStmnt CovItemId="S105" CovItemPrefix="my.PSM.PSM_Logic.appController.java" Intrnl_Id="1668">
<LocList>
<Loc EndOffset="8051" SrcFileId="15" StartOffset="8011"/>
</LocList>
</BasicStmnt>
<BasicStmnt CovItemId="S106" CovItemPrefix="my.PSM.PSM_Logic.appController.java" Intrnl_Id="1669">
<LocList>
<Loc EndOffset="8080" SrcFileId="15" StartOffset="8069"/>
</LocList>
</BasicStmnt>
</StmntSeq>
<Keyword EndOffset="7978" SrcFileId="15" StartOffset="7976"/>
<LocList>
<Loc EndOffset="8134" SrcFileId="15" StartOffset="7976"/>
</LocList>
<RootTerm CovItemId="C13" CovItemPrefix="my.PSM.PSM_Logic.appController.java" Intrnl_Id="1670">
<OpTerm BooleanOpId="22" Intrnl_Id="1671">
<BasicBoolTerm Intrnl_Id="1672">
<LocList>
<Loc EndOffset="8132" SrcFileId="15" StartOffset="8120"/>
</LocList>
</BasicBoolTerm>
<LocList>
<Loc EndOffset="8120" SrcFileId="15" StartOffset="8119"/>
</LocList>
</OpTerm>
</RootTerm>
</LoopStmnt>
<BasicStmnt CovItemId="S107" CovItemPrefix="my.PSM.PSM_Logic.appController.java" Intrnl_Id="1673">
<LocList>
<Loc EndOffset="8179" SrcFileId="15" StartOffset="8148"/>
</LocList>
</BasicStmnt>
<BasicStmnt CovItemId="S108" CovItemPrefix="my.PSM.PSM_Logic.appController.java" Intrnl_Id="1674">
<LocList>
<Loc EndOffset="8214" SrcFileId="15" StartOffset="8193"/>
</LocList>
</BasicStmnt>
<BasicStmnt CovItemId="S109" CovItemPrefix="my.PSM.PSM_Logic.appController.java" Intrnl_Id="1675">
<LocList>
<Loc EndOffset="8263" SrcFileId="15" StartOffset="8228"/>
</LocList>
</BasicStmnt>
<BasicStmnt CovItemId="S110" CovItemPrefix="my.PSM.PSM_Logic.appController.java" Intrnl_Id="1676">
<LocList>
<Loc EndOffset="8312" SrcFileId="15" StartOffset="8277"/>
</LocList>
</BasicStmnt>
<BasicStmnt CovItemId="S111" CovItemPrefix="my.PSM.PSM_Logic.appController.java" Intrnl_Id="1677">
<LocList>
<Loc EndOffset="8380" SrcFileId="15" StartOffset="8341"/>
</LocList>
</BasicStmnt>
<CondStmnt CovItemId="S112" CovItemPrefix="my.PSM.PSM_Logic.appController.java" Intrnl_Id="1678">
<Branch CovItemId="B13" CovItemPrefix="my.PSM.PSM_Logic.appController.java" Implct="false" Intrnl_Id="1679">
<Cond/>
<LocList>
<Loc EndOffset="8557" SrcFileId="15" StartOffset="8419"/>
</LocList>
<StmntSeq Intrnl_Id="1680">
<LocList>
<Loc EndOffset="8454" SrcFileId="15" StartOffset="8438"/>
<Loc EndOffset="8486" SrcFileId="15" StartOffset="8472"/>
<Loc EndOffset="8542" SrcFileId="15" StartOffset="8504"/>
</LocList>
<BasicStmnt CovItemId="S113" CovItemPrefix="my.PSM.PSM_Logic.appController.java" Intrnl_Id="1681">
<LocList>
<Loc EndOffset="8454" SrcFileId="15" StartOffset="8438"/>
</LocList>
</BasicStmnt>
<BasicStmnt CovItemId="S114" CovItemPrefix="my.PSM.PSM_Logic.appController.java" Intrnl_Id="1682">
<LocList>
<Loc EndOffset="8486" SrcFileId="15" StartOffset="8472"/>
</LocList>
</BasicStmnt>
<BasicStmnt CovItemId="S115" CovItemPrefix="my.PSM.PSM_Logic.appController.java" Intrnl_Id="1683">
<LocList>
<Loc EndOffset="8542" SrcFileId="15" StartOffset="8504"/>
</LocList>
</BasicStmnt>
</StmntSeq>
</Branch>
<Branch CovItemId="B14" CovItemPrefix="my.PSM.PSM_Logic.appController.java" Implct="true" Intrnl_Id="1684">
<Cond/>
<LocList/>
<StmntSeq Intrnl_Id="1685">
<LocList/>
</StmntSeq>
</Branch>
<Keyword EndOffset="8396" SrcFileId="15" StartOffset="8394"/>
<LocList>
<Loc EndOffset="8557" SrcFileId="15" StartOffset="8394"/>
</LocList>
<RootTerm CovItemId="C14" CovItemPrefix="my.PSM.PSM_Logic.appController.java" Intrnl_Id="1686">
<BasicBoolTerm Intrnl_Id="1687">
<LocList>
<Loc EndOffset="8418" SrcFileId="15" StartOffset="8397"/>
</LocList>
</BasicBoolTerm>
</RootTerm>
</CondStmnt>
<CondStmnt CovItemId="S116" CovItemPrefix="my.PSM.PSM_Logic.appController.java" Intrnl_Id="1688">
<Branch CovItemId="B15" CovItemPrefix="my.PSM.PSM_Logic.appController.java" Implct="false" Intrnl_Id="1689">
<Cond/>
<LocList>
<Loc EndOffset="8983" SrcFileId="15" StartOffset="8614"/>
</LocList>
<StmntSeq Intrnl_Id="1690">
<LocList>
<Loc EndOffset="8662" SrcFileId="15" StartOffset="8633"/>
<Loc EndOffset="8690" SrcFileId="15" StartOffset="8680"/>
<Loc EndOffset="8869" SrcFileId="15" StartOffset="8708"/>
<Loc EndOffset="8908" SrcFileId="15" StartOffset="8887"/>
<Loc EndOffset="8950" SrcFileId="15" StartOffset="8926"/>
</LocList>
<BasicStmnt CovItemId="S117" CovItemPrefix="my.PSM.PSM_Logic.appController.java" Intrnl_Id="1691">
<LocList>
<Loc EndOffset="8662" SrcFileId="15" StartOffset="8633"/>
</LocList>
</BasicStmnt>
<BasicStmnt CovItemId="S118" CovItemPrefix="my.PSM.PSM_Logic.appController.java" Intrnl_Id="1692">
<LocList>
<Loc EndOffset="8690" SrcFileId="15" StartOffset="8680"/>
</LocList>
</BasicStmnt>
<LoopStmnt CovItemId="S119" CovItemPrefix="my.PSM.PSM_Logic.appController.java" Intrnl_Id="1693" MltplExecId="L8-2" MltplExecPrefix="my.PSM.PSM_Logic.appController.java" NvrExecId="L8-0" NvrExecPrefix="my.PSM.PSM_Logic.appController.java" OnceExecutedId="L8-1" OnceExecutedPrefix="my.PSM.PSM_Logic.appController.java" OptBodyExec="true">
<StmntSeq Intrnl_Id="1694">
<LocList>
<Loc EndOffset="8803" SrcFileId="15" StartOffset="8769"/>
<Loc EndOffset="8850" SrcFileId="15" StartOffset="8825"/>
</LocList>
<BasicStmnt CovItemId="S120" CovItemPrefix="my.PSM.PSM_Logic.appController.java" Intrnl_Id="1695">
<LocList>
<Loc EndOffset="8803" SrcFileId="15" StartOffset="8769"/>
</LocList>
</BasicStmnt>
<BasicStmnt CovItemId="S121" CovItemPrefix="my.PSM.PSM_Logic.appController.java" Intrnl_Id="1696">
<LocList>
<Loc EndOffset="8850" SrcFileId="15" StartOffset="8825"/>
</LocList>
</BasicStmnt>
</StmntSeq>
<Keyword EndOffset="8713" SrcFileId="15" StartOffset="8708"/>
<LocList>
<Loc EndOffset="8869" SrcFileId="15" StartOffset="8708"/>
</LocList>
<RootTerm CovItemId="C16" CovItemPrefix="my.PSM.PSM_Logic.appController.java" Intrnl_Id="1697">
<OpTerm BooleanOpId="22" Intrnl_Id="1698">
<BasicBoolTerm Intrnl_Id="1699">
<LocList>
<Loc EndOffset="8727" SrcFileId="15" StartOffset="8715"/>
</LocList>
</BasicBoolTerm>
<LocList>
<Loc EndOffset="8715" SrcFileId="15" StartOffset="8714"/>
</LocList>
</OpTerm>
</RootTerm>
</LoopStmnt>
<BasicStmnt CovItemId="S122" CovItemPrefix="my.PSM.PSM_Logic.appController.java" Intrnl_Id="1700">
<LocList>
<Loc EndOffset="8908" SrcFileId="15" StartOffset="8887"/>
</LocList>
</BasicStmnt>
<BasicStmnt CovItemId="S123" CovItemPrefix="my.PSM.PSM_Logic.appController.java" Intrnl_Id="1701">
<LocList>
<Loc EndOffset="8950" SrcFileId="15" StartOffset="8926"/>
</LocList>
</BasicStmnt>
</StmntSeq>
</Branch>
<Branch CovItemId="B16" CovItemPrefix="my.PSM.PSM_Logic.appController.java" Implct="true" Intrnl_Id="1702">
<Cond/>
<LocList/>
<StmntSeq Intrnl_Id="1703">
<LocList/>
</StmntSeq>
</Branch>
<Keyword EndOffset="8603" SrcFileId="15" StartOffset="8601"/>
<LocList>
<Loc EndOffset="8983" SrcFileId="15" StartOffset="8601"/>
</LocList>
<RootTerm CovItemId="C15" CovItemPrefix="my.PSM.PSM_Logic.appController.java" Intrnl_Id="1704">
<OpTerm BooleanOpId="22" Intrnl_Id="1705">
<BasicBoolTerm Intrnl_Id="1706">
<LocList>
<Loc EndOffset="8613" SrcFileId="15" StartOffset="8605"/>
</LocList>
</BasicBoolTerm>
<LocList>
<Loc EndOffset="8605" SrcFileId="15" StartOffset="8604"/>
</LocList>
</OpTerm>
</RootTerm>
</CondStmnt>
<CondStmnt CovItemId="S124" CovItemPrefix="my.PSM.PSM_Logic.appController.java" Intrnl_Id="1707">
<Branch CovItemId="B17" CovItemPrefix="my.PSM.PSM_Logic.appController.java" Implct="false" Intrnl_Id="1708">
<Cond/>
<LocList>
<Loc EndOffset="9261" SrcFileId="15" StartOffset="9013"/>
</LocList>
<StmntSeq Intrnl_Id="1709">
<LocList>
<Loc EndOffset="9067" SrcFileId="15" StartOffset="9049"/>
<Loc EndOffset="9221" SrcFileId="15" StartOffset="9085"/>
<Loc EndOffset="9246" SrcFileId="15" StartOffset="9239"/>
</LocList>
<BasicStmnt CovItemId="S125" CovItemPrefix="my.PSM.PSM_Logic.appController.java" Intrnl_Id="1710">
<LocList>
<Loc EndOffset="9067" SrcFileId="15" StartOffset="9049"/>
</LocList>
</BasicStmnt>
<LoopStmnt CovItemId="S126" CovItemPrefix="my.PSM.PSM_Logic.appController.java" Intrnl_Id="1711" MltplExecId="L9-2" MltplExecPrefix="my.PSM.PSM_Logic.appController.java" NvrExecId="L9-0" NvrExecPrefix="my.PSM.PSM_Logic.appController.java" OnceExecutedId="L9-1" OnceExecutedPrefix="my.PSM.PSM_Logic.appController.java" OptBodyExec="true">
<StmntSeq Intrnl_Id="1712">
<LocList>
<Loc EndOffset="9180" SrcFileId="15" StartOffset="9146"/>
</LocList>
<BasicStmnt CovItemId="S127" CovItemPrefix="my.PSM.PSM_Logic.appController.java" Intrnl_Id="1713">
<LocList>
<Loc EndOffset="9180" SrcFileId="15" StartOffset="9146"/>
</LocList>
</BasicStmnt>
</StmntSeq>
<Keyword EndOffset="9090" SrcFileId="15" StartOffset="9085"/>
<LocList>
<Loc EndOffset="9221" SrcFileId="15" StartOffset="9085"/>
</LocList>
<RootTerm CovItemId="C18" CovItemPrefix="my.PSM.PSM_Logic.appController.java" Intrnl_Id="1714">
<OpTerm BooleanOpId="22" Intrnl_Id="1715">
<BasicBoolTerm Intrnl_Id="1716">
<LocList>
<Loc EndOffset="9104" SrcFileId="15" StartOffset="9092"/>
</LocList>
</BasicBoolTerm>
<LocList>
<Loc EndOffset="9092" SrcFileId="15" StartOffset="9091"/>
</LocList>
</OpTerm>
</RootTerm>
</LoopStmnt>
<BasicStmnt CovItemId="S128" CovItemPrefix="my.PSM.PSM_Logic.appController.java" Intrnl_Id="1717">
<LocList>
<Loc EndOffset="9246" SrcFileId="15" StartOffset="9239"/>
</LocList>
</BasicStmnt>
</StmntSeq>
</Branch>
<Branch CovItemId="B18" CovItemPrefix="my.PSM.PSM_Logic.appController.java" Implct="true" Intrnl_Id="1718">
<Cond/>
<LocList/>
<StmntSeq Intrnl_Id="1719">
<LocList/>
</StmntSeq>
</Branch>
<Keyword EndOffset="8999" SrcFileId="15" StartOffset="8997"/>
<LocList>
<Loc EndOffset="9261" SrcFileId="15" StartOffset="8997"/>
</LocList>
<RootTerm CovItemId="C17" CovItemPrefix="my.PSM.PSM_Logic.appController.java" Intrnl_Id="1720">
<BasicBoolTerm Intrnl_Id="1721">
<LocList>
<Loc EndOffset="9012" SrcFileId="15" StartOffset="9000"/>
</LocList>
</BasicBoolTerm>
</RootTerm>
</CondStmnt>
</StmntSeq>
<Keyword EndOffset="7867" SrcFileId="15" StartOffset="7862"/>
<LocList>
<Loc EndOffset="9271" SrcFileId="15" StartOffset="7862"/>
</LocList>
<RootTerm CovItemId="C12" CovItemPrefix="my.PSM.PSM_Logic.appController.java" Intrnl_Id="1722">
<OpTerm BooleanOpId="22" Intrnl_Id="1723">
<BasicBoolTerm Intrnl_Id="1724">
<LocList>
<Loc EndOffset="7877" SrcFileId="15" StartOffset="7869"/>
</LocList>
</BasicBoolTerm>
<LocList>
<Loc EndOffset="7869" SrcFileId="15" StartOffset="7868"/>
</LocList>
</OpTerm>
</RootTerm>
</LoopStmnt>
</StmntSeq>
</HierarchyLvl>
<HierarchyLvl HierarchyLvlId="1324" HierarchyLvlTypeId="26" Intrnl_Id="1725" Name="checkClear">
<Header>
<Loc EndOffset="9316" SrcFileId="15" StartOffset="9282"/>
</Header>
<LocList>
<Loc EndOffset="9985" SrcFileId="15" StartOffset="9282"/>
</LocList>
<StmntSeq Intrnl_Id="1726">
<LocList>
<Loc EndOffset="9385" SrcFileId="15" StartOffset="9331"/>
<Loc EndOffset="9436" SrcFileId="15" StartOffset="9394"/>
<Loc EndOffset="9483" SrcFileId="15" StartOffset="9445"/>
<Loc EndOffset="9941" SrcFileId="15" StartOffset="9501"/>
<Loc EndOffset="9962" SrcFileId="15" StartOffset="9950"/>
</LocList>
<BasicStmnt CovItemId="S129" CovItemPrefix="my.PSM.PSM_Logic.appController.java" Intrnl_Id="1727">
<LocList>
<Loc EndOffset="9385" SrcFileId="15" StartOffset="9331"/>
</LocList>
</BasicStmnt>
<BasicStmnt CovItemId="S130" CovItemPrefix="my.PSM.PSM_Logic.appController.java" Intrnl_Id="1728">
<LocList>
<Loc EndOffset="9436" SrcFileId="15" StartOffset="9394"/>
</LocList>
</BasicStmnt>
<BasicStmnt CovItemId="S131" CovItemPrefix="my.PSM.PSM_Logic.appController.java" Intrnl_Id="1729">
<LocList>
<Loc EndOffset="9483" SrcFileId="15" StartOffset="9445"/>
</LocList>
</BasicStmnt>
<LoopStmnt CovItemId="S132" CovItemPrefix="my.PSM.PSM_Logic.appController.java" Intrnl_Id="1730" MltplExecId="L10-2" MltplExecPrefix="my.PSM.PSM_Logic.appController.java" NvrExecId="L10-0" NvrExecPrefix="my.PSM.PSM_Logic.appController.java" OnceExecutedId="L10-1" OnceExecutedPrefix="my.PSM.PSM_Logic.appController.java" OptBodyExec="true">
<StmntSeq Intrnl_Id="1731">
<LocList>
<Loc EndOffset="9592" SrcFileId="15" StartOffset="9564"/>
<Loc EndOffset="9842" SrcFileId="15" StartOffset="9788"/>
<Loc EndOffset="9914" SrcFileId="15" StartOffset="9855"/>
</LocList>
<BasicStmnt CovItemId="S133" CovItemPrefix="my.PSM.PSM_Logic.appController.java" Intrnl_Id="1732">
<LocList>
<Loc EndOffset="9592" SrcFileId="15" StartOffset="9564"/>
</LocList>
</BasicStmnt>
<BasicStmnt CovItemId="S134" CovItemPrefix="my.PSM.PSM_Logic.appController.java" Intrnl_Id="1733">
<LocList>
<Loc EndOffset="9842" SrcFileId="15" StartOffset="9788"/>
</LocList>
</BasicStmnt>
<CondStmnt CovItemId="S135" CovItemPrefix="my.PSM.PSM_Logic.appController.java" Intrnl_Id="1734">
<Branch CovItemId="B19" CovItemPrefix="my.PSM.PSM_Logic.appController.java" Implct="false" Intrnl_Id="1735">
<Cond/>
<LocList>
<Loc EndOffset="9914" SrcFileId="15" StartOffset="9901"/>
</LocList>
<StmntSeq Intrnl_Id="1736">
<LocList>
<Loc EndOffset="9914" SrcFileId="15" StartOffset="9901"/>
</LocList>
<BasicStmnt CovItemId="S136" CovItemPrefix="my.PSM.PSM_Logic.appController.java" Intrnl_Id="1737">
<LocList>
<Loc EndOffset="9914" SrcFileId="15" StartOffset="9901"/>
</LocList>
</BasicStmnt>
</StmntSeq>
</Branch>
<Branch CovItemId="B20" CovItemPrefix="my.PSM.PSM_Logic.appController.java" Implct="true" Intrnl_Id="1738">
<Cond/>
<LocList/>
<StmntSeq Intrnl_Id="1739">
<LocList/>
</StmntSeq>
</Branch>
<Keyword EndOffset="9857" SrcFileId="15" StartOffset="9855"/>
<LocList>
<Loc EndOffset="9914" SrcFileId="15" StartOffset="9855"/>
</LocList>
<RootTerm CovItemId="C20" CovItemPrefix="my.PSM.PSM_Logic.appController.java" Intrnl_Id="1740">
<BasicBoolTerm Intrnl_Id="1741">
<LocList>
<Loc EndOffset="9884" SrcFileId="15" StartOffset="9858"/>
</LocList>
</BasicBoolTerm>
</RootTerm>
</CondStmnt>
</StmntSeq>
<Keyword EndOffset="9504" SrcFileId="15" StartOffset="9501"/>
<LocList>
<Loc EndOffset="9941" SrcFileId="15" StartOffset="9501"/>
</LocList>
<RootTerm CovItemId="C19" CovItemPrefix="my.PSM.PSM_Logic.appController.java" Intrnl_Id="1742">
<BasicBoolTerm Intrnl_Id="1743">
<LocList>
<Loc EndOffset="9535" SrcFileId="15" StartOffset="9516"/>
</LocList>
</BasicBoolTerm>
</RootTerm>
</LoopStmnt>
<BasicStmnt CovItemId="S137" CovItemPrefix="my.PSM.PSM_Logic.appController.java" Intrnl_Id="1744">
<LocList>
<Loc EndOffset="9962" SrcFileId="15" StartOffset="9950"/>
</LocList>
</BasicStmnt>
</StmntSeq>
</HierarchyLvl>
<HierarchyLvl HierarchyLvlId="1325" HierarchyLvlTypeId="26" Intrnl_Id="1745" Name="checkTimes">
<Header>
<Loc EndOffset="10034" SrcFileId="15" StartOffset="10003"/>
</Header>
<LocList>
<Loc EndOffset="12089" SrcFileId="15" StartOffset="10003"/>
</LocList>
<StmntSeq Intrnl_Id="1746">
<LocList>
<Loc EndOffset="10105" SrcFileId="15" StartOffset="10049"/>
<Loc EndOffset="10164" SrcFileId="15" StartOffset="10123"/>
<Loc EndOffset="10219" SrcFileId="15" StartOffset="10173"/>
<Loc EndOffset="10278" SrcFileId="15" StartOffset="10228"/>
<Loc EndOffset="12072" SrcFileId="15" StartOffset="10422"/>
</LocList>
<BasicStmnt CovItemId="S138" CovItemPrefix="my.PSM.PSM_Logic.appController.java" Intrnl_Id="1747">
<LocList>
<Loc EndOffset="10105" SrcFileId="15" StartOffset="10049"/>
</LocList>
</BasicStmnt>
<BasicStmnt CovItemId="S139" CovItemPrefix="my.PSM.PSM_Logic.appController.java" Intrnl_Id="1748">
<LocList>
<Loc EndOffset="10164" SrcFileId="15" StartOffset="10123"/>
</LocList>
</BasicStmnt>
<BasicStmnt CovItemId="S140" CovItemPrefix="my.PSM.PSM_Logic.appController.java" Intrnl_Id="1749">
<LocList>
<Loc EndOffset="10219" SrcFileId="15" StartOffset="10173"/>
</LocList>
</BasicStmnt>
<BasicStmnt CovItemId="S141" CovItemPrefix="my.PSM.PSM_Logic.appController.java" Intrnl_Id="1750">
<LocList>
<Loc EndOffset="10278" SrcFileId="15" StartOffset="10228"/>
</LocList>
</BasicStmnt>
<LoopStmnt CovItemId="S142" CovItemPrefix="my.PSM.PSM_Logic.appController.java" Intrnl_Id="1751" MltplExecId="L11-2" MltplExecPrefix="my.PSM.PSM_Logic.appController.java" NvrExecId="L11-0" NvrExecPrefix="my.PSM.PSM_Logic.appController.java" OnceExecutedId="L11-1" OnceExecutedPrefix="my.PSM.PSM_Logic.appController.java" OptBodyExec="true">
<StmntSeq Intrnl_Id="1752">
<LocList>
<Loc EndOffset="10509" SrcFileId="15" StartOffset="10487"/>
<Loc EndOffset="10560" SrcFileId="15" StartOffset="10522"/>
<Loc EndOffset="10608" SrcFileId="15" StartOffset="10573"/>
<Loc EndOffset="11660" SrcFileId="15" StartOffset="10634"/>
<Loc EndOffset="12062" SrcFileId="15" StartOffset="11699"/>
</LocList>
<BasicStmnt CovItemId="S143" CovItemPrefix="my.PSM.PSM_Logic.appController.java" Intrnl_Id="1753">
<LocList>
<Loc EndOffset="10509" SrcFileId="15" StartOffset="10487"/>
</LocList>
</BasicStmnt>
<BasicStmnt CovItemId="S144" CovItemPrefix="my.PSM.PSM_Logic.appController.java" Intrnl_Id="1754">
<LocList>
<Loc EndOffset="10560" SrcFileId="15" StartOffset="10522"/>
</LocList>
</BasicStmnt>
<BasicStmnt CovItemId="S145" CovItemPrefix="my.PSM.PSM_Logic.appController.java" Intrnl_Id="1755">
<LocList>
<Loc EndOffset="10608" SrcFileId="15" StartOffset="10573"/>
</LocList>
</BasicStmnt>
<CondStmnt CovItemId="S146" CovItemPrefix="my.PSM.PSM_Logic.appController.java" Intrnl_Id="1756">
<Branch CovItemId="B21" CovItemPrefix="my.PSM.PSM_Logic.appController.java" Implct="false" Intrnl_Id="1757">
<Cond/>
<LocList>
<Loc EndOffset="10785" SrcFileId="15" StartOffset="10698"/>
</LocList>
<StmntSeq Intrnl_Id="1758">
<LocList>
<Loc EndOffset="10739" SrcFileId="15" StartOffset="10716"/>
<Loc EndOffset="10771" SrcFileId="15" StartOffset="10756"/>
</LocList>
<BasicStmnt CovItemId="S147" CovItemPrefix="my.PSM.PSM_Logic.appController.java" Intrnl_Id="1759">
<LocList>
<Loc EndOffset="10739" SrcFileId="15" StartOffset="10716"/>
</LocList>
</BasicStmnt>
<BasicStmnt CovItemId="S148" CovItemPrefix="my.PSM.PSM_Logic.appController.java" Intrnl_Id="1760">
<LocList>
<Loc EndOffset="10771" SrcFileId="15" StartOffset="10756"/>
</LocList>
</BasicStmnt>
</StmntSeq>
</Branch>
<Branch CovItemId="B22" CovItemPrefix="my.PSM.PSM_Logic.appController.java" Implct="false" Intrnl_Id="1761">
<Cond>
<Loc EndOffset="10802" SrcFileId="15" StartOffset="10798"/>
</Cond>
<LocList>
<Loc EndOffset="11660" SrcFileId="15" StartOffset="10803"/>
</LocList>
<StmntSeq Intrnl_Id="1762">
<LocList>
<Loc EndOffset="11660" SrcFileId="15" StartOffset="10803"/>
</LocList>
<CondStmnt CovItemId="S149" CovItemPrefix="my.PSM.PSM_Logic.appController.java" Intrnl_Id="1763">
<Branch CovItemId="B23" CovItemPrefix="my.PSM.PSM_Logic.appController.java" Implct="false" Intrnl_Id="1764">
<Cond/>
<LocList>
<Loc EndOffset="10954" SrcFileId="15" StartOffset="10867"/>
</LocList>
<StmntSeq Intrnl_Id="1765">
<LocList>
<Loc EndOffset="10908" SrcFileId="15" StartOffset="10885"/>
<Loc EndOffset="10940" SrcFileId="15" StartOffset="10925"/>
</LocList>
<BasicStmnt CovItemId="S150" CovItemPrefix="my.PSM.PSM_Logic.appController.java" Intrnl_Id="1766">
<LocList>
<Loc EndOffset="10908" SrcFileId="15" StartOffset="10885"/>
</LocList>
</BasicStmnt>
<BasicStmnt CovItemId="S151" CovItemPrefix="my.PSM.PSM_Logic.appController.java" Intrnl_Id="1767">
<LocList>
<Loc EndOffset="10940" SrcFileId="15" StartOffset="10925"/>
</LocList>
</BasicStmnt>
</StmntSeq>
</Branch>
<Branch CovItemId="B24" CovItemPrefix="my.PSM.PSM_Logic.appController.java" Implct="false" Intrnl_Id="1768">
<Cond>
<Loc EndOffset="10971" SrcFileId="15" StartOffset="10967"/>
</Cond>
<LocList>
<Loc EndOffset="11660" SrcFileId="15" StartOffset="10972"/>
</LocList>
<StmntSeq Intrnl_Id="1769">
<LocList>
<Loc EndOffset="11660" SrcFileId="15" StartOffset="10972"/>
</LocList>
<CondStmnt CovItemId="S152" CovItemPrefix="my.PSM.PSM_Logic.appController.java" Intrnl_Id="1770">
<Branch CovItemId="B25" CovItemPrefix="my.PSM.PSM_Logic.appController.java" Implct="false" Intrnl_Id="1771">
<Cond/>
<LocList>
<Loc EndOffset="11123" SrcFileId="15" StartOffset="11036"/>
</LocList>
<StmntSeq Intrnl_Id="1772">
<LocList>
<Loc EndOffset="11077" SrcFileId="15" StartOffset="11054"/>
<Loc EndOffset="11109" SrcFileId="15" StartOffset="11094"/>
</LocList>
<BasicStmnt CovItemId="S153" CovItemPrefix="my.PSM.PSM_Logic.appController.java" Intrnl_Id="1773">
<LocList>
<Loc EndOffset="11077" SrcFileId="15" StartOffset="11054"/>
</LocList>
</BasicStmnt>
<BasicStmnt CovItemId="S154" CovItemPrefix="my.PSM.PSM_Logic.appController.java" Intrnl_Id="1774">
<LocList>
<Loc EndOffset="11109" SrcFileId="15" StartOffset="11094"/>
</LocList>
</BasicStmnt>
</StmntSeq>
</Branch>
<Branch CovItemId="B26" CovItemPrefix="my.PSM.PSM_Logic.appController.java" Implct="false" Intrnl_Id="1775">
<Cond>
<Loc EndOffset="11140" SrcFileId="15" StartOffset="11136"/>
</Cond>
<LocList>
<Loc EndOffset="11660" SrcFileId="15" StartOffset="11141"/>
</LocList>
<StmntSeq Intrnl_Id="1776">
<LocList>
<Loc EndOffset="11660" SrcFileId="15" StartOffset="11141"/>
</LocList>
<CondStmnt CovItemId="S155" CovItemPrefix="my.PSM.PSM_Logic.appController.java" Intrnl_Id="1777">
<Branch CovItemId="B27" CovItemPrefix="my.PSM.PSM_Logic.appController.java" Implct="false" Intrnl_Id="1778">
<Cond/>
<LocList>
<Loc EndOffset="11292" SrcFileId="15" StartOffset="11205"/>
</LocList>
<StmntSeq Intrnl_Id="1779">
<LocList>
<Loc EndOffset="11246" SrcFileId="15" StartOffset="11223"/>
<Loc EndOffset="11278" SrcFileId="15" StartOffset="11263"/>
</LocList>
<BasicStmnt CovItemId="S156" CovItemPrefix="my.PSM.PSM_Logic.appController.java" Intrnl_Id="1780">
<LocList>
<Loc EndOffset="11246" SrcFileId="15" StartOffset="11223"/>
</LocList>
</BasicStmnt>
<BasicStmnt CovItemId="S157" CovItemPrefix="my.PSM.PSM_Logic.appController.java" Intrnl_Id="1781">
<LocList>
<Loc EndOffset="11278" SrcFileId="15" StartOffset="11263"/>
</LocList>
</BasicStmnt>
</StmntSeq>
</Branch>
<Branch CovItemId="B28" CovItemPrefix="my.PSM.PSM_Logic.appController.java" Implct="false" Intrnl_Id="1782">
<Cond>
<Loc EndOffset="11309" SrcFileId="15" StartOffset="11305"/>
</Cond>
<LocList>
<Loc EndOffset="11660" SrcFileId="15" StartOffset="11310"/>
</LocList>
<StmntSeq Intrnl_Id="1783">
<LocList>
<Loc EndOffset="11660" SrcFileId="15" StartOffset="11310"/>
</LocList>
<CondStmnt CovItemId="S158" CovItemPrefix="my.PSM.PSM_Logic.appController.java" Intrnl_Id="1784">
<Branch CovItemId="B29" CovItemPrefix="my.PSM.PSM_Logic.appController.java" Implct="false" Intrnl_Id="1785">
<Cond/>
<LocList>
<Loc EndOffset="11461" SrcFileId="15" StartOffset="11374"/>
</LocList>
<StmntSeq Intrnl_Id="1786">
<LocList>
<Loc EndOffset="11415" SrcFileId="15" StartOffset="11392"/>
<Loc EndOffset="11447" SrcFileId="15" StartOffset="11432"/>
</LocList>
<BasicStmnt CovItemId="S159" CovItemPrefix="my.PSM.PSM_Logic.appController.java" Intrnl_Id="1787">
<LocList>
<Loc EndOffset="11415" SrcFileId="15" StartOffset="11392"/>
</LocList>
</BasicStmnt>
<BasicStmnt CovItemId="S160" CovItemPrefix="my.PSM.PSM_Logic.appController.java" Intrnl_Id="1788">
<LocList>
<Loc EndOffset="11447" SrcFileId="15" StartOffset="11432"/>
</LocList>
</BasicStmnt>
</StmntSeq>
</Branch>
<Branch CovItemId="B30" CovItemPrefix="my.PSM.PSM_Logic.appController.java" Implct="false" Intrnl_Id="1789">
<Cond>
<Loc EndOffset="11491" SrcFileId="15" StartOffset="11487"/>
</Cond>
<LocList>
<Loc EndOffset="11660" SrcFileId="15" StartOffset="11492"/>
</LocList>
<StmntSeq Intrnl_Id="1790">
<LocList>
<Loc EndOffset="11660" SrcFileId="15" StartOffset="11492"/>
</LocList>
<CondStmnt CovItemId="S161" CovItemPrefix="my.PSM.PSM_Logic.appController.java" Intrnl_Id="1791">
<Branch CovItemId="B31" CovItemPrefix="my.PSM.PSM_Logic.appController.java" Implct="false" Intrnl_Id="1792">
<Cond/>
<LocList>
<Loc EndOffset="11660" SrcFileId="15" StartOffset="11556"/>
</LocList>
<StmntSeq Intrnl_Id="1793">
<LocList>
<Loc EndOffset="11614" SrcFileId="15" StartOffset="11591"/>
<Loc EndOffset="11646" SrcFileId="15" StartOffset="11631"/>
</LocList>
<BasicStmnt CovItemId="S162" CovItemPrefix="my.PSM.PSM_Logic.appController.java" Intrnl_Id="1794">
<LocList>
<Loc EndOffset="11614" SrcFileId="15" StartOffset="11591"/>
</LocList>
</BasicStmnt>
<BasicStmnt CovItemId="S163" CovItemPrefix="my.PSM.PSM_Logic.appController.java" Intrnl_Id="1795">
<LocList>
<Loc EndOffset="11646" SrcFileId="15" StartOffset="11631"/>
</LocList>
</BasicStmnt>
</StmntSeq>
</Branch>
<Branch CovItemId="B32" CovItemPrefix="my.PSM.PSM_Logic.appController.java" Implct="true" Intrnl_Id="1796">
<Cond/>
<LocList/>
<StmntSeq Intrnl_Id="1797">
<LocList/>
</StmntSeq>
</Branch>
<Keyword EndOffset="11494" SrcFileId="15" StartOffset="11492"/>
<LocList>
<Loc EndOffset="11660" SrcFileId="15" StartOffset="11492"/>
</LocList>
<RootTerm CovItemId="C27" CovItemPrefix="my.PSM.PSM_Logic.appController.java" Intrnl_Id="1798">
<OpTerm BooleanOpId="23" Intrnl_Id="1799">
<BasicBoolTerm Intrnl_Id="1800">
<LocList>
<Loc EndOffset="11510" SrcFileId="15" StartOffset="11495"/>
</LocList>
</BasicBoolTerm>
<BasicBoolTerm Intrnl_Id="1801">
<LocList>
<Loc EndOffset="11542" SrcFileId="15" StartOffset="11514"/>
</LocList>
</BasicBoolTerm>
<LocList>
<Loc EndOffset="11513" SrcFileId="15" StartOffset="11511"/>
</LocList>
</OpTerm>
</RootTerm>
</CondStmnt>
</StmntSeq>
</Branch>
<Keyword EndOffset="11312" SrcFileId="15" StartOffset="11310"/>
<LocList>
<Loc EndOffset="11660" SrcFileId="15" StartOffset="11310"/>
</LocList>
<RootTerm CovItemId="C26" CovItemPrefix="my.PSM.PSM_Logic.appController.java" Intrnl_Id="1802">
<OpTerm BooleanOpId="23" Intrnl_Id="1803">
<BasicBoolTerm Intrnl_Id="1804">
<LocList>
<Loc EndOffset="11328" SrcFileId="15" StartOffset="11313"/>
</LocList>
</BasicBoolTerm>
<BasicBoolTerm Intrnl_Id="1805">
<LocList>
<Loc EndOffset="11360" SrcFileId="15" StartOffset="11332"/>
</LocList>
</BasicBoolTerm>
<LocList>
<Loc EndOffset="11331" SrcFileId="15" StartOffset="11329"/>
</LocList>
</OpTerm>
</RootTerm>
</CondStmnt>
</StmntSeq>
</Branch>
<Keyword EndOffset="11143" SrcFileId="15" StartOffset="11141"/>
<LocList>
<Loc EndOffset="11660" SrcFileId="15" StartOffset="11141"/>
</LocList>
<RootTerm CovItemId="C25" CovItemPrefix="my.PSM.PSM_Logic.appController.java" Intrnl_Id="1806">
<OpTerm BooleanOpId="23" Intrnl_Id="1807">
<BasicBoolTerm Intrnl_Id="1808">
<LocList>
<Loc EndOffset="11159" SrcFileId="15" StartOffset="11144"/>
</LocList>
</BasicBoolTerm>
<BasicBoolTerm Intrnl_Id="1809">
<LocList>
<Loc EndOffset="11191" SrcFileId="15" StartOffset="11163"/>
</LocList>
</BasicBoolTerm>
<LocList>
<Loc EndOffset="11162" SrcFileId="15" StartOffset="11160"/>
</LocList>
</OpTerm>
</RootTerm>
</CondStmnt>
</StmntSeq>
</Branch>
<Keyword EndOffset="10974" SrcFileId="15" StartOffset="10972"/>
<LocList>
<Loc EndOffset="11660" SrcFileId="15" StartOffset="10972"/>
</LocList>
<RootTerm CovItemId="C24" CovItemPrefix="my.PSM.PSM_Logic.appController.java" Intrnl_Id="1810">
<OpTerm BooleanOpId="23" Intrnl_Id="1811">
<BasicBoolTerm Intrnl_Id="1812">
<LocList>
<Loc EndOffset="10990" SrcFileId="15" StartOffset="10975"/>
</LocList>
</BasicBoolTerm>
<BasicBoolTerm Intrnl_Id="1813">
<LocList>
<Loc EndOffset="11022" SrcFileId="15" StartOffset="10994"/>
</LocList>
</BasicBoolTerm>
<LocList>
<Loc EndOffset="10993" SrcFileId="15" StartOffset="10991"/>
</LocList>
</OpTerm>
</RootTerm>
</CondStmnt>
</StmntSeq>
</Branch>
<Keyword EndOffset="10805" SrcFileId="15" StartOffset="10803"/>
<LocList>
<Loc EndOffset="11660" SrcFileId="15" StartOffset="10803"/>
</LocList>
<RootTerm CovItemId="C23" CovItemPrefix="my.PSM.PSM_Logic.appController.java" Intrnl_Id="1814">
<OpTerm BooleanOpId="23" Intrnl_Id="1815">
<BasicBoolTerm Intrnl_Id="1816">
<LocList>
<Loc EndOffset="10821" SrcFileId="15" StartOffset="10806"/>
</LocList>
</BasicBoolTerm>
<BasicBoolTerm Intrnl_Id="1817">
<LocList>
<Loc EndOffset="10853" SrcFileId="15" StartOffset="10825"/>
</LocList>
</BasicBoolTerm>
<LocList>
<Loc EndOffset="10824" SrcFileId="15" StartOffset="10822"/>
</LocList>
</OpTerm>
</RootTerm>
</CondStmnt>
</StmntSeq>
</Branch>
<Keyword EndOffset="10636" SrcFileId="15" StartOffset="10634"/>
<LocList>
<Loc EndOffset="11660" SrcFileId="15" StartOffset="10634"/>
</LocList>
<RootTerm CovItemId="C22" CovItemPrefix="my.PSM.PSM_Logic.appController.java" Intrnl_Id="1818">
<OpTerm BooleanOpId="23" Intrnl_Id="1819">
<BasicBoolTerm Intrnl_Id="1820">
<LocList>
<Loc EndOffset="10652" SrcFileId="15" StartOffset="10637"/>
</LocList>
</BasicBoolTerm>
<BasicBoolTerm Intrnl_Id="1821">
<LocList>
<Loc EndOffset="10684" SrcFileId="15" StartOffset="10656"/>
</LocList>
</BasicBoolTerm>
<LocList>
<Loc EndOffset="10655" SrcFileId="15" StartOffset="10653"/>
</LocList>
</OpTerm>
</RootTerm>
</CondStmnt>
<CondStmnt CovItemId="S164" CovItemPrefix="my.PSM.PSM_Logic.appController.java" Intrnl_Id="1822">
<Branch CovItemId="B33" CovItemPrefix="my.PSM.PSM_Logic.appController.java" Implct="false" Intrnl_Id="1823">
<Cond/>
<LocList>
<Loc EndOffset="12062" SrcFileId="15" StartOffset="11710"/>
</LocList>
<StmntSeq Intrnl_Id="1824">
<LocList>
<Loc EndOffset="11761" SrcFileId="15" StartOffset="11728"/>
<Loc EndOffset="11816" SrcFileId="15" StartOffset="11778"/>
<Loc EndOffset="11870" SrcFileId="15" StartOffset="11833"/>
<Loc EndOffset="11943" SrcFileId="15" StartOffset="11901"/>
<Loc EndOffset="11991" SrcFileId="15" StartOffset="11960"/>
<Loc EndOffset="12048" SrcFileId="15" StartOffset="12008"/>
</LocList>
<BasicStmnt CovItemId="S165" CovItemPrefix="my.PSM.PSM_Logic.appController.java" Intrnl_Id="1825">
<LocList>
<Loc EndOffset="11761" SrcFileId="15" StartOffset="11728"/>
</LocList>
</BasicStmnt>
<BasicStmnt CovItemId="S166" CovItemPrefix="my.PSM.PSM_Logic.appController.java" Intrnl_Id="1826">
<LocList>
<Loc EndOffset="11816" SrcFileId="15" StartOffset="11778"/>
</LocList>
</BasicStmnt>
<BasicStmnt CovItemId="S167" CovItemPrefix="my.PSM.PSM_Logic.appController.java" Intrnl_Id="1827">
<LocList>
<Loc EndOffset="11870" SrcFileId="15" StartOffset="11833"/>
</LocList>
</BasicStmnt>
<BasicStmnt CovItemId="S168" CovItemPrefix="my.PSM.PSM_Logic.appController.java" Intrnl_Id="1828">
<LocList>
<Loc EndOffset="11943" SrcFileId="15" StartOffset="11901"/>
</LocList>
</BasicStmnt>
<BasicStmnt CovItemId="S169" CovItemPrefix="my.PSM.PSM_Logic.appController.java" Intrnl_Id="1829">
<LocList>
<Loc EndOffset="11991" SrcFileId="15" StartOffset="11960"/>
</LocList>
</BasicStmnt>
<BasicStmnt CovItemId="S170" CovItemPrefix="my.PSM.PSM_Logic.appController.java" Intrnl_Id="1830">
<LocList>
<Loc EndOffset="12048" SrcFileId="15" StartOffset="12008"/>
</LocList>
</BasicStmnt>
</StmntSeq>
</Branch>
<Branch CovItemId="B34" CovItemPrefix="my.PSM.PSM_Logic.appController.java" Implct="true" Intrnl_Id="1831">
<Cond/>
<LocList/>
<StmntSeq Intrnl_Id="1832">
<LocList/>
</StmntSeq>
</Branch>
<Keyword EndOffset="11701" SrcFileId="15" StartOffset="11699"/>
<LocList>
<Loc EndOffset="12062" SrcFileId="15" StartOffset="11699"/>
</LocList>
<RootTerm CovItemId="C28" CovItemPrefix="my.PSM.PSM_Logic.appController.java" Intrnl_Id="1833">
<OpTerm BooleanOpId="22" Intrnl_Id="1834">
<BasicBoolTerm Intrnl_Id="1835">
<LocList>
<Loc EndOffset="11709" SrcFileId="15" StartOffset="11703"/>
</LocList>
</BasicBoolTerm>
<LocList>
<Loc EndOffset="11703" SrcFileId="15" StartOffset="11702"/>
</LocList>
</OpTerm>
</RootTerm>
</CondStmnt>
</StmntSeq>
<Keyword EndOffset="10425" SrcFileId="15" StartOffset="10422"/>
<LocList>
<Loc EndOffset="12072" SrcFileId="15" StartOffset="10422"/>
</LocList>
<RootTerm CovItemId="C21" CovItemPrefix="my.PSM.PSM_Logic.appController.java" Intrnl_Id="1836">
<BasicBoolTerm Intrnl_Id="1837">
<LocList>
<Loc EndOffset="10458" SrcFileId="15" StartOffset="10437"/>
</LocList>
</BasicBoolTerm>
</RootTerm>
</LoopStmnt>
</StmntSeq>
</HierarchyLvl>
<HierarchyLvl HierarchyLvlId="1326" HierarchyLvlTypeId="26" Intrnl_Id="1838" Name="getData">
<Header>
<Loc EndOffset="12137" SrcFileId="15" StartOffset="12099"/>
</Header>
<LocList>
<Loc EndOffset="13103" SrcFileId="15" StartOffset="12099"/>
</LocList>
<StmntSeq Intrnl_Id="1839">
<LocList>
<Loc EndOffset="12196" SrcFileId="15" StartOffset="12152"/>
<Loc EndOffset="12258" SrcFileId="15" StartOffset="12205"/>
<Loc EndOffset="12318" SrcFileId="15" StartOffset="12267"/>
<Loc EndOffset="12380" SrcFileId="15" StartOffset="12327"/>
<Loc EndOffset="12438" SrcFileId="15" StartOffset="12389"/>
<Loc EndOffset="12494" SrcFileId="15" StartOffset="12447"/>
<Loc EndOffset="12546" SrcFileId="15" StartOffset="12503"/>
<Loc EndOffset="12602" SrcFileId="15" StartOffset="12555"/>
<Loc EndOffset="12654" SrcFileId="15" StartOffset="12611"/>
<Loc EndOffset="12710" SrcFileId="15" StartOffset="12663"/>
<Loc EndOffset="12762" SrcFileId="15" StartOffset="12719"/>
<Loc EndOffset="12818" SrcFileId="15" StartOffset="12771"/>
<Loc EndOffset="12870" SrcFileId="15" StartOffset="12827"/>
<Loc EndOffset="12926" SrcFileId="15" StartOffset="12879"/>
<Loc EndOffset="12978" SrcFileId="15" StartOffset="12935"/>
<Loc EndOffset="13034" SrcFileId="15" StartOffset="12987"/>
<Loc EndOffset="13086" SrcFileId="15" StartOffset="13043"/>
</LocList>
<BasicStmnt CovItemId="S171" CovItemPrefix="my.PSM.PSM_Logic.appController.java" Intrnl_Id="1840">
<LocList>
<Loc EndOffset="12196" SrcFileId="15" StartOffset="12152"/>
</LocList>
</BasicStmnt>
<BasicStmnt CovItemId="S172" CovItemPrefix="my.PSM.PSM_Logic.appController.java" Intrnl_Id="1841">
<LocList>
<Loc EndOffset="12258" SrcFileId="15" StartOffset="12205"/>
</LocList>
</BasicStmnt>
<BasicStmnt CovItemId="S173" CovItemPrefix="my.PSM.PSM_Logic.appController.java" Intrnl_Id="1842">
<LocList>
<Loc EndOffset="12318" SrcFileId="15" StartOffset="12267"/>
</LocList>
</BasicStmnt>
<BasicStmnt CovItemId="S174" CovItemPrefix="my.PSM.PSM_Logic.appController.java" Intrnl_Id="1843">
<LocList>
<Loc EndOffset="12380" SrcFileId="15" StartOffset="12327"/>
</LocList>
</BasicStmnt>
<BasicStmnt CovItemId="S175" CovItemPrefix="my.PSM.PSM_Logic.appController.java" Intrnl_Id="1844">
<LocList>
<Loc EndOffset="12438" SrcFileId="15" StartOffset="12389"/>
</LocList>
</BasicStmnt>
<BasicStmnt CovItemId="S176" CovItemPrefix="my.PSM.PSM_Logic.appController.java" Intrnl_Id="1845">
<LocList>
<Loc EndOffset="12494" SrcFileId="15" StartOffset="12447"/>
</LocList>
</BasicStmnt>
<BasicStmnt CovItemId="S177" CovItemPrefix="my.PSM.PSM_Logic.appController.java" Intrnl_Id="1846">
<LocList>
<Loc EndOffset="12546" SrcFileId="15" StartOffset="12503"/>
</LocList>
</BasicStmnt>
<BasicStmnt CovItemId="S178" CovItemPrefix="my.PSM.PSM_Logic.appController.java" Intrnl_Id="1847">
<LocList>
<Loc EndOffset="12602" SrcFileId="15" StartOffset="12555"/>
</LocList>
</BasicStmnt>
<BasicStmnt CovItemId="S179" CovItemPrefix="my.PSM.PSM_Logic.appController.java" Intrnl_Id="1848">
<LocList>
<Loc EndOffset="12654" SrcFileId="15" StartOffset="12611"/>
</LocList>
</BasicStmnt>
<BasicStmnt CovItemId="S180" CovItemPrefix="my.PSM.PSM_Logic.appController.java" Intrnl_Id="1849">
<LocList>
<Loc EndOffset="12710" SrcFileId="15" StartOffset="12663"/>
</LocList>
</BasicStmnt>
<BasicStmnt CovItemId="S181" CovItemPrefix="my.PSM.PSM_Logic.appController.java" Intrnl_Id="1850">
<LocList>
<Loc EndOffset="12762" SrcFileId="15" StartOffset="12719"/>
</LocList>
</BasicStmnt>
<BasicStmnt CovItemId="S182" CovItemPrefix="my.PSM.PSM_Logic.appController.java" Intrnl_Id="1851">
<LocList>
<Loc EndOffset="12818" SrcFileId="15" StartOffset="12771"/>
</LocList>
</BasicStmnt>
<BasicStmnt CovItemId="S183" CovItemPrefix="my.PSM.PSM_Logic.appController.java" Intrnl_Id="1852">
<LocList>
<Loc EndOffset="12870" SrcFileId="15" StartOffset="12827"/>
</LocList>
</BasicStmnt>
<BasicStmnt CovItemId="S184" CovItemPrefix="my.PSM.PSM_Logic.appController.java" Intrnl_Id="1853">
<LocList>
<Loc EndOffset="12926" SrcFileId="15" StartOffset="12879"/>
</LocList>
</BasicStmnt>
<BasicStmnt CovItemId="S185" CovItemPrefix="my.PSM.PSM_Logic.appController.java" Intrnl_Id="1854">
<LocList>
<Loc EndOffset="12978" SrcFileId="15" StartOffset="12935"/>
</LocList>
</BasicStmnt>
<BasicStmnt CovItemId="S186" CovItemPrefix="my.PSM.PSM_Logic.appController.java" Intrnl_Id="1855">
<LocList>
<Loc EndOffset="13034" SrcFileId="15" StartOffset="12987"/>
</LocList>
</BasicStmnt>
<BasicStmnt CovItemId="S187" CovItemPrefix="my.PSM.PSM_Logic.appController.java" Intrnl_Id="1856">
<LocList>
<Loc EndOffset="13086" SrcFileId="15" StartOffset="13043"/>
</LocList>
</BasicStmnt>
</StmntSeq>
</HierarchyLvl>
<HierarchyLvl HierarchyLvlId="1327" HierarchyLvlTypeId="26" Intrnl_Id="1857" Name="sleep">
<Header>
<Loc EndOffset="13153" SrcFileId="15" StartOffset="13118"/>
</Header>
<LocList>
<Loc EndOffset="13356" SrcFileId="15" StartOffset="13118"/>
</LocList>
<StmntSeq Intrnl_Id="1858">
<LocList>
<Loc EndOffset="13208" SrcFileId="15" StartOffset="13188"/>
<Loc EndOffset="13350" SrcFileId="15" StartOffset="13170"/>
</LocList>
<BasicStmnt CovItemId="S189" CovItemPrefix="my.PSM.PSM_Logic.appController.java" Intrnl_Id="1859">
<LocList>
<Loc EndOffset="13208" SrcFileId="15" StartOffset="13188"/>
</LocList>
</BasicStmnt>
<CondStmnt CovItemId="S188" CovItemPrefix="my.PSM.PSM_Logic.appController.java" Intrnl_Id="1860">
<Branch CovItemId="B35" CovItemPrefix="my.PSM.PSM_Logic.appController.java" Implct="true" Intrnl_Id="1861">
<Cond/>
<LocList/>
<StmntSeq Intrnl_Id="1862">
<LocList/>
</StmntSeq>
</Branch>
<Branch CovItemId="B36" CovItemPrefix="my.PSM.PSM_Logic.appController.java" Implct="false" Intrnl_Id="1863">
<Cond>
<Loc EndOffset="13250" SrcFileId="15" StartOffset="13219"/>
</Cond>
<LocList>
<Loc EndOffset="13350" SrcFileId="15" StartOffset="13251"/>
</LocList>
<StmntSeq Intrnl_Id="1864">
<LocList>
<Loc EndOffset="13340" SrcFileId="15" StartOffset="13264"/>
</LocList>
<BasicStmnt CovItemId="S190" CovItemPrefix="my.PSM.PSM_Logic.appController.java" Intrnl_Id="1865">
<LocList>
<Loc EndOffset="13340" SrcFileId="15" StartOffset="13264"/>
</LocList>
</BasicStmnt>
</StmntSeq>
</Branch>
<Keyword EndOffset="13173" SrcFileId="15" StartOffset="13170"/>
<LocList>
<Loc EndOffset="13350" SrcFileId="15" StartOffset="13170"/>
</LocList>
</CondStmnt>
</StmntSeq>
</HierarchyLvl>
<HierarchyLvl HierarchyLvlId="1328" HierarchyLvlTypeId="26" Intrnl_Id="1866" Name="LogIn">
<Header>
<Loc EndOffset="13389" SrcFileId="15" StartOffset="13363"/>
</Header>
<LocList>
<Loc EndOffset="13542" SrcFileId="15" StartOffset="13363"/>
</LocList>
<StmntSeq Intrnl_Id="1867">
<LocList>
<Loc EndOffset="13528" SrcFileId="15" StartOffset="13410"/>
</LocList>
<CondStmnt CovItemId="S191" CovItemPrefix="my.PSM.PSM_Logic.appController.java" Intrnl_Id="1868">
<Branch CovItemId="B37" CovItemPrefix="my.PSM.PSM_Logic.appController.java" Implct="false" Intrnl_Id="1869">
<Cond/>
<LocList>
<Loc EndOffset="13485" SrcFileId="15" StartOffset="13469"/>
</LocList>
<StmntSeq Intrnl_Id="1870">
<LocList>
<Loc EndOffset="13485" SrcFileId="15" StartOffset="13469"/>
</LocList>
<BasicStmnt CovItemId="S192" CovItemPrefix="my.PSM.PSM_Logic.appController.java" Intrnl_Id="1871">
<LocList>
<Loc EndOffset="13485" SrcFileId="15" StartOffset="13469"/>
</LocList>
</BasicStmnt>
</StmntSeq>
</Branch>
<Branch CovItemId="B38" CovItemPrefix="my.PSM.PSM_Logic.appController.java" Implct="false" Intrnl_Id="1872">
<Cond>
<Loc EndOffset="13498" SrcFileId="15" StartOffset="13494"/>
</Cond>
<LocList>
<Loc EndOffset="13528" SrcFileId="15" StartOffset="13511"/>
</LocList>
<StmntSeq Intrnl_Id="1873">
<LocList>
<Loc EndOffset="13528" SrcFileId="15" StartOffset="13511"/>
</LocList>
<BasicStmnt CovItemId="S193" CovItemPrefix="my.PSM.PSM_Logic.appController.java" Intrnl_Id="1874">
<LocList>
<Loc EndOffset="13528" SrcFileId="15" StartOffset="13511"/>
</LocList>
</BasicStmnt>
</StmntSeq>
</Branch>
<Keyword EndOffset="13412" SrcFileId="15" StartOffset="13410"/>
<LocList>
<Loc EndOffset="13528" SrcFileId="15" StartOffset="13410"/>
</LocList>
<RootTerm CovItemId="C29" CovItemPrefix="my.PSM.PSM_Logic.appController.java" Intrnl_Id="1875">
<BasicBoolTerm Intrnl_Id="1876">
<LocList>
<Loc EndOffset="13455" SrcFileId="15" StartOffset="13413"/>
</LocList>
</BasicBoolTerm>
</RootTerm>
</CondStmnt>
</StmntSeq>
</HierarchyLvl>
<HierarchyLvl HierarchyLvlId="1329" HierarchyLvlTypeId="26" Intrnl_Id="1877" Name="getCon">
<Header>
<Loc EndOffset="13590" SrcFileId="15" StartOffset="13552"/>
</Header>
<LocList>
<Loc EndOffset="13629" SrcFileId="15" StartOffset="13552"/>
</LocList>
<StmntSeq Intrnl_Id="1878">
<LocList>
<Loc EndOffset="13623" SrcFileId="15" StartOffset="13605"/>
</LocList>
<BasicStmnt CovItemId="S194" CovItemPrefix="my.PSM.PSM_Logic.appController.java" Intrnl_Id="1879">
<LocList>
<Loc EndOffset="13623" SrcFileId="15" StartOffset="13605"/>
</LocList>
</BasicStmnt>
</StmntSeq>
</HierarchyLvl>
<HierarchyLvl HierarchyLvlId="1331" HierarchyLvlTypeId="28" Intrnl_Id="1880" Name="TimerTask">
<Header>
<Loc EndOffset="13694" SrcFileId="15" StartOffset="13683"/>
</Header>
<LocList>
<Loc EndOffset="13791" SrcFileId="15" StartOffset="13679"/>
</LocList>
<HierarchyLvl HierarchyLvlId="1330" HierarchyLvlTypeId="26" Intrnl_Id="1881" Name="run">
<Header>
<Loc EndOffset="13726" SrcFileId="15" StartOffset="13709"/>
</Header>
<LocList>
<Loc EndOffset="13785" SrcFileId="15" StartOffset="13709"/>
</LocList>
<StmntSeq Intrnl_Id="1882">
<LocList>
<Loc EndOffset="13775" SrcFileId="15" StartOffset="13748"/>
</LocList>
<BasicStmnt CovItemId="S196" CovItemPrefix="my.PSM.PSM_Logic.appController.java" Intrnl_Id="1883">
<LocList>
<Loc EndOffset="13775" SrcFileId="15" StartOffset="13748"/>
</LocList>
</BasicStmnt>
</StmntSeq>
</HierarchyLvl>
</HierarchyLvl>
<HierarchyLvl HierarchyLvlId="1333" HierarchyLvlTypeId="28" Intrnl_Id="1884" Name="TimerTask">
<Header>
<Loc EndOffset="13855" SrcFileId="15" StartOffset="13844"/>
</Header>
<LocList>
<Loc EndOffset="13956" SrcFileId="15" StartOffset="13840"/>
</LocList>
<HierarchyLvl HierarchyLvlId="1332" HierarchyLvlTypeId="26" Intrnl_Id="1885" Name="run">
<Header>
<Loc EndOffset="13887" SrcFileId="15" StartOffset="13870"/>
</Header>
<LocList>
<Loc EndOffset="13950" SrcFileId="15" StartOffset="13870"/>
</LocList>
<StmntSeq Intrnl_Id="1886">
<LocList>
<Loc EndOffset="13940" SrcFileId="15" StartOffset="13910"/>
</LocList>
<BasicStmnt CovItemId="S198" CovItemPrefix="my.PSM.PSM_Logic.appController.java" Intrnl_Id="1887">
<LocList>
<Loc EndOffset="13940" SrcFileId="15" StartOffset="13910"/>
</LocList>
</BasicStmnt>
</StmntSeq>
</HierarchyLvl>
</HierarchyLvl>
<HierarchyLvl HierarchyLvlId="1335" HierarchyLvlTypeId="28" Intrnl_Id="1888" Name="TimerTask">
<Header>
<Loc EndOffset="14016" SrcFileId="15" StartOffset="14005"/>
</Header>
<LocList>
<Loc EndOffset="14114" SrcFileId="15" StartOffset="14001"/>
</LocList>
<HierarchyLvl HierarchyLvlId="1334" HierarchyLvlTypeId="26" Intrnl_Id="1889" Name="run">
<Header>
<Loc EndOffset="14048" SrcFileId="15" StartOffset="14031"/>
</Header>
<LocList>
<Loc EndOffset="14108" SrcFileId="15" StartOffset="14031"/>
</LocList>
<StmntSeq Intrnl_Id="1890">
<LocList>
<Loc EndOffset="14098" SrcFileId="15" StartOffset="14071"/>
</LocList>
<BasicStmnt CovItemId="S200" CovItemPrefix="my.PSM.PSM_Logic.appController.java" Intrnl_Id="1891">
<LocList>
<Loc EndOffset="14098" SrcFileId="15" StartOffset="14071"/>
</LocList>
</BasicStmnt>
</StmntSeq>
</HierarchyLvl>
</HierarchyLvl>
<HierarchyLvl HierarchyLvlId="1337" HierarchyLvlTypeId="28" Intrnl_Id="1892" Name="TimerTask">
<Header>
<Loc EndOffset="14183" SrcFileId="15" StartOffset="14172"/>
</Header>
<LocList>
<Loc EndOffset="14335" SrcFileId="15" StartOffset="14168"/>
</LocList>
<HierarchyLvl HierarchyLvlId="1336" HierarchyLvlTypeId="26" Intrnl_Id="1893" Name="run">
<Header>
<Loc EndOffset="14215" SrcFileId="15" StartOffset="14198"/>
</Header>
<LocList>
<Loc EndOffset="14329" SrcFileId="15" StartOffset="14198"/>
</LocList>
<StmntSeq Intrnl_Id="1894">
<LocList>
<Loc EndOffset="14266" SrcFileId="15" StartOffset="14238"/>
<Loc EndOffset="14319" SrcFileId="15" StartOffset="14279"/>
</LocList>
<BasicStmnt CovItemId="S202" CovItemPrefix="my.PSM.PSM_Logic.appController.java" Intrnl_Id="1895">
<LocList>
<Loc EndOffset="14266" SrcFileId="15" StartOffset="14238"/>
</LocList>
</BasicStmnt>
<BasicStmnt CovItemId="S203" CovItemPrefix="my.PSM.PSM_Logic.appController.java" Intrnl_Id="1896">
<LocList>
<Loc EndOffset="14319" SrcFileId="15" StartOffset="14279"/>
</LocList>
</BasicStmnt>
</StmntSeq>
</HierarchyLvl>
</HierarchyLvl>
<HierarchyLvl HierarchyLvlId="1339" HierarchyLvlTypeId="28" Intrnl_Id="1897" Name="TimerTask">
<Header>
<Loc EndOffset="14404" SrcFileId="15" StartOffset="14393"/>
</Header>
<LocList>
<Loc EndOffset="14490" SrcFileId="15" StartOffset="14389"/>
</LocList>
<HierarchyLvl HierarchyLvlId="1338" HierarchyLvlTypeId="26" Intrnl_Id="1898" Name="run">
<Header>
<Loc EndOffset="14436" SrcFileId="15" StartOffset="14419"/>
</Header>
<LocList>
<Loc EndOffset="14484" SrcFileId="15" StartOffset="14419"/>
</LocList>
<StmntSeq Intrnl_Id="1899">
<LocList>
<Loc EndOffset="14474" SrcFileId="15" StartOffset="14459"/>
</LocList>
<BasicStmnt CovItemId="S205" CovItemPrefix="my.PSM.PSM_Logic.appController.java" Intrnl_Id="1900">
<LocList>
<Loc EndOffset="14474" SrcFileId="15" StartOffset="14459"/>
</LocList>
</BasicStmnt>
</StmntSeq>
</HierarchyLvl>
</HierarchyLvl>
<HierarchyLvl HierarchyLvlId="1340" HierarchyLvlTypeId="26" Intrnl_Id="1901" Name="setTime">
<Header>
<Loc EndOffset="14580" SrcFileId="15" StartOffset="14509"/>
</Header>
<LocList>
<Loc EndOffset="14644" SrcFileId="15" StartOffset="14509"/>
</LocList>
<StmntSeq Intrnl_Id="1902">
<LocList>
<Loc EndOffset="14638" SrcFileId="15" StartOffset="14595"/>
</LocList>
<BasicStmnt CovItemId="S206" CovItemPrefix="my.PSM.PSM_Logic.appController.java" Intrnl_Id="1903">
<LocList>
<Loc EndOffset="14638" SrcFileId="15" StartOffset="14595"/>
</LocList>
</BasicStmnt>
</StmntSeq>
</HierarchyLvl>
<HierarchyLvl HierarchyLvlId="1341" HierarchyLvlTypeId="26" Intrnl_Id="1904" Name="getTime">
<Header>
<Loc EndOffset="14675" SrcFileId="15" StartOffset="14654"/>
</Header>
<LocList>
<Loc EndOffset="14720" SrcFileId="15" StartOffset="14654"/>
</LocList>
<StmntSeq Intrnl_Id="1905">
<LocList>
<Loc EndOffset="14714" SrcFileId="15" StartOffset="14690"/>
</LocList>
<BasicStmnt CovItemId="S207" CovItemPrefix="my.PSM.PSM_Logic.appController.java" Intrnl_Id="1906">
<LocList>
<Loc EndOffset="14714" SrcFileId="15" StartOffset="14690"/>
</LocList>
</BasicStmnt>
</StmntSeq>
</HierarchyLvl>
<HierarchyLvl HierarchyLvlId="1342" HierarchyLvlTypeId="26" Intrnl_Id="1907" Name="getTimeMillis">
<Header>
<Loc EndOffset="14764" SrcFileId="15" StartOffset="14730"/>
</Header>
<LocList>
<Loc EndOffset="14817" SrcFileId="15" StartOffset="14730"/>
</LocList>
<StmntSeq Intrnl_Id="1908">
<LocList>
<Loc EndOffset="14811" SrcFileId="15" StartOffset="14779"/>
</LocList>
<BasicStmnt CovItemId="S208" CovItemPrefix="my.PSM.PSM_Logic.appController.java" Intrnl_Id="1909">
<LocList>
<Loc EndOffset="14811" SrcFileId="15" StartOffset="14779"/>
</LocList>
</BasicStmnt>
</StmntSeq>
</HierarchyLvl>
<HierarchyLvl HierarchyLvlId="1343" HierarchyLvlTypeId="26" Intrnl_Id="1910" Name="timerParser">
<Header>
<Loc EndOffset="14871" SrcFileId="15" StartOffset="14827"/>
</Header>
<LocList>
<Loc EndOffset="14990" SrcFileId="15" StartOffset="14827"/>
</LocList>
<StmntSeq Intrnl_Id="1911">
<LocList>
<Loc EndOffset="14930" SrcFileId="15" StartOffset="14886"/>
<Loc EndOffset="14984" SrcFileId="15" StartOffset="14939"/>
</LocList>
<BasicStmnt CovItemId="S209" CovItemPrefix="my.PSM.PSM_Logic.appController.java" Intrnl_Id="1912">
<LocList>
<Loc EndOffset="14930" SrcFileId="15" StartOffset="14886"/>
</LocList>
</BasicStmnt>
<BasicStmnt CovItemId="S210" CovItemPrefix="my.PSM.PSM_Logic.appController.java" Intrnl_Id="1913">
<LocList>
<Loc EndOffset="14984" SrcFileId="15" StartOffset="14939"/>
</LocList>
</BasicStmnt>
</StmntSeq>
</HierarchyLvl>
<HierarchyLvl HierarchyLvlId="1344" HierarchyLvlTypeId="26" Intrnl_Id="1914" Name="dateParser">
<Header>
<Loc EndOffset="15038" SrcFileId="15" StartOffset="14995"/>
</Header>
<LocList>
<Loc EndOffset="15240" SrcFileId="15" StartOffset="14995"/>
</LocList>
<StmntSeq Intrnl_Id="1915">
<LocList>
<Loc EndOffset="15114" SrcFileId="15" StartOffset="15062"/>
<Loc EndOffset="15174" SrcFileId="15" StartOffset="15123"/>
<Loc EndOffset="15234" SrcFileId="15" StartOffset="15183"/>
</LocList>
<BasicStmnt CovItemId="S211" CovItemPrefix="my.PSM.PSM_Logic.appController.java" Intrnl_Id="1916">
<LocList>
<Loc EndOffset="15114" SrcFileId="15" StartOffset="15062"/>
</LocList>
</BasicStmnt>
<BasicStmnt CovItemId="S212" CovItemPrefix="my.PSM.PSM_Logic.appController.java" Intrnl_Id="1917">
<LocList>
<Loc EndOffset="15174" SrcFileId="15" StartOffset="15123"/>
</LocList>
</BasicStmnt>
<BasicStmnt CovItemId="S213" CovItemPrefix="my.PSM.PSM_Logic.appController.java" Intrnl_Id="1918">
<LocList>
<Loc EndOffset="15234" SrcFileId="15" StartOffset="15183"/>
</LocList>
</BasicStmnt>
</StmntSeq>
</HierarchyLvl>
<HierarchyLvl HierarchyLvlId="1345" HierarchyLvlTypeId="26" Intrnl_Id="1919" Name="returnHr">
<Header>
<Loc EndOffset="15271" SrcFileId="15" StartOffset="15250"/>
</Header>
<LocList>
<Loc EndOffset="15302" SrcFileId="15" StartOffset="15250"/>
</LocList>
<StmntSeq Intrnl_Id="1920">
<LocList>
<Loc EndOffset="15296" SrcFileId="15" StartOffset="15286"/>
</LocList>
<BasicStmnt CovItemId="S214" CovItemPrefix="my.PSM.PSM_Logic.appController.java" Intrnl_Id="1921">
<LocList>
<Loc EndOffset="15296" SrcFileId="15" StartOffset="15286"/>
</LocList>
</BasicStmnt>
</StmntSeq>
</HierarchyLvl>
<HierarchyLvl HierarchyLvlId="1346" HierarchyLvlTypeId="26" Intrnl_Id="1922" Name="returnMin">
<Header>
<Loc EndOffset="15334" SrcFileId="15" StartOffset="15312"/>
</Header>
<LocList>
<Loc EndOffset="15366" SrcFileId="15" StartOffset="15312"/>
</LocList>
<StmntSeq Intrnl_Id="1923">
<LocList>
<Loc EndOffset="15360" SrcFileId="15" StartOffset="15349"/>
</LocList>
<BasicStmnt CovItemId="S215" CovItemPrefix="my.PSM.PSM_Logic.appController.java" Intrnl_Id="1924">
<LocList>
<Loc EndOffset="15360" SrcFileId="15" StartOffset="15349"/>
</LocList>
</BasicStmnt>
</StmntSeq>
</HierarchyLvl>
<HierarchyLvl HierarchyLvlId="1347" HierarchyLvlTypeId="26" Intrnl_Id="1925" Name="getEndTime">
<Header>
<Loc EndOffset="15424" SrcFileId="15" StartOffset="15376"/>
</Header>
<LocList>
<Loc EndOffset="15917" SrcFileId="15" StartOffset="15376"/>
</LocList>
<StmntSeq Intrnl_Id="1926">
<LocList>
<Loc EndOffset="15534" SrcFileId="15" StartOffset="15493"/>
<Loc EndOffset="15602" SrcFileId="15" StartOffset="15552"/>
<Loc EndOffset="15650" SrcFileId="15" StartOffset="15620"/>
<Loc EndOffset="15691" SrcFileId="15" StartOffset="15659"/>
<Loc EndOffset="15730" SrcFileId="15" StartOffset="15700"/>
<Loc EndOffset="15780" SrcFileId="15" StartOffset="15739"/>
<Loc EndOffset="15839" SrcFileId="15" StartOffset="15789"/>
<Loc EndOffset="15911" SrcFileId="15" StartOffset="15888"/>
</LocList>
<BasicStmnt CovItemId="S216" CovItemPrefix="my.PSM.PSM_Logic.appController.java" Intrnl_Id="1927">
<LocList>
<Loc EndOffset="15534" SrcFileId="15" StartOffset="15493"/>
</LocList>
</BasicStmnt>
<BasicStmnt CovItemId="S217" CovItemPrefix="my.PSM.PSM_Logic.appController.java" Intrnl_Id="1928">
<LocList>
<Loc EndOffset="15602" SrcFileId="15" StartOffset="15552"/>
</LocList>
</BasicStmnt>
<BasicStmnt CovItemId="S218" CovItemPrefix="my.PSM.PSM_Logic.appController.java" Intrnl_Id="1929">
<LocList>
<Loc EndOffset="15650" SrcFileId="15" StartOffset="15620"/>
</LocList>
</BasicStmnt>
<BasicStmnt CovItemId="S219" CovItemPrefix="my.PSM.PSM_Logic.appController.java" Intrnl_Id="1930">
<LocList>
<Loc EndOffset="15691" SrcFileId="15" StartOffset="15659"/>
</LocList>
</BasicStmnt>
<BasicStmnt CovItemId="S220" CovItemPrefix="my.PSM.PSM_Logic.appController.java" Intrnl_Id="1931">
<LocList>
<Loc EndOffset="15730" SrcFileId="15" StartOffset="15700"/>
</LocList>
</BasicStmnt>
<BasicStmnt CovItemId="S221" CovItemPrefix="my.PSM.PSM_Logic.appController.java" Intrnl_Id="1932">
<LocList>
<Loc EndOffset="15780" SrcFileId="15" StartOffset="15739"/>
</LocList>
</BasicStmnt>
<BasicStmnt CovItemId="S222" CovItemPrefix="my.PSM.PSM_Logic.appController.java" Intrnl_Id="1933">
<LocList>
<Loc EndOffset="15839" SrcFileId="15" StartOffset="15789"/>
</LocList>
</BasicStmnt>
<BasicStmnt CovItemId="S223" CovItemPrefix="my.PSM.PSM_Logic.appController.java" Intrnl_Id="1934">
<LocList>
<Loc EndOffset="15911" SrcFileId="15" StartOffset="15888"/>
</LocList>
</BasicStmnt>
</StmntSeq>
</HierarchyLvl>
<HierarchyLvl HierarchyLvlId="1348" HierarchyLvlTypeId="26" Intrnl_Id="1935" Name="setSemesterClear">
<Header>
<Loc EndOffset="16014" SrcFileId="15" StartOffset="15927"/>
</Header>
<LocList>
<Loc EndOffset="16118" SrcFileId="15" StartOffset="15927"/>
</LocList>
<StmntSeq Intrnl_Id="1936">
<LocList>
<Loc EndOffset="16075" SrcFileId="15" StartOffset="16029"/>
<Loc EndOffset="16112" SrcFileId="15" StartOffset="16084"/>
</LocList>
<BasicStmnt CovItemId="S224" CovItemPrefix="my.PSM.PSM_Logic.appController.java" Intrnl_Id="1937">
<LocList>
<Loc EndOffset="16075" SrcFileId="15" StartOffset="16029"/>
</LocList>
</BasicStmnt>
<BasicStmnt CovItemId="S225" CovItemPrefix="my.PSM.PSM_Logic.appController.java" Intrnl_Id="1938">
<LocList>
<Loc EndOffset="16112" SrcFileId="15" StartOffset="16084"/>
</LocList>
</BasicStmnt>
</StmntSeq>
</HierarchyLvl>
<HierarchyLvl HierarchyLvlId="1349" HierarchyLvlTypeId="26" Intrnl_Id="1939" Name="getSemesterClear">
<Header>
<Loc EndOffset="16158" SrcFileId="15" StartOffset="16128"/>
</Header>
<LocList>
<Loc EndOffset="16206" SrcFileId="15" StartOffset="16128"/>
</LocList>
<StmntSeq Intrnl_Id="1940">
<LocList>
<Loc EndOffset="16200" SrcFileId="15" StartOffset="16173"/>
</LocList>
<BasicStmnt CovItemId="S226" CovItemPrefix="my.PSM.PSM_Logic.appController.java" Intrnl_Id="1941">
<LocList>
<Loc EndOffset="16200" SrcFileId="15" StartOffset="16173"/>
</LocList>
</BasicStmnt>
</StmntSeq>
</HierarchyLvl>
<HierarchyLvl HierarchyLvlId="1350" HierarchyLvlTypeId="26" Intrnl_Id="1942" Name="get15BeforeEnd">
<Header>
<Loc EndOffset="16268" SrcFileId="15" StartOffset="16216"/>
</Header>
<LocList>
<Loc EndOffset="16742" SrcFileId="15" StartOffset="16216"/>
</LocList>
<StmntSeq Intrnl_Id="1943">
<LocList>
<Loc EndOffset="16379" SrcFileId="15" StartOffset="16338"/>
<Loc EndOffset="16447" SrcFileId="15" StartOffset="16397"/>
<Loc EndOffset="16495" SrcFileId="15" StartOffset="16465"/>
<Loc EndOffset="16536" SrcFileId="15" StartOffset="16504"/>
<Loc EndOffset="16576" SrcFileId="15" StartOffset="16545"/>
<Loc EndOffset="16626" SrcFileId="15" StartOffset="16585"/>
<Loc EndOffset="16695" SrcFileId="15" StartOffset="16644"/>
<Loc EndOffset="16736" SrcFileId="15" StartOffset="16713"/>
</LocList>
<BasicStmnt CovItemId="S227" CovItemPrefix="my.PSM.PSM_Logic.appController.java" Intrnl_Id="1944">
<LocList>
<Loc EndOffset="16379" SrcFileId="15" StartOffset="16338"/>
</LocList>
</BasicStmnt>
<BasicStmnt CovItemId="S228" CovItemPrefix="my.PSM.PSM_Logic.appController.java" Intrnl_Id="1945">
<LocList>
<Loc EndOffset="16447" SrcFileId="15" StartOffset="16397"/>
</LocList>
</BasicStmnt>
<BasicStmnt CovItemId="S229" CovItemPrefix="my.PSM.PSM_Logic.appController.java" Intrnl_Id="1946">
<LocList>
<Loc EndOffset="16495" SrcFileId="15" StartOffset="16465"/>
</LocList>
</BasicStmnt>
<BasicStmnt CovItemId="S230" CovItemPrefix="my.PSM.PSM_Logic.appController.java" Intrnl_Id="1947">
<LocList>
<Loc EndOffset="16536" SrcFileId="15" StartOffset="16504"/>
</LocList>
</BasicStmnt>
<BasicStmnt CovItemId="S231" CovItemPrefix="my.PSM.PSM_Logic.appController.java" Intrnl_Id="1948">
<LocList>
<Loc EndOffset="16576" SrcFileId="15" StartOffset="16545"/>
</LocList>
</BasicStmnt>
<BasicStmnt CovItemId="S232" CovItemPrefix="my.PSM.PSM_Logic.appController.java" Intrnl_Id="1949">
<LocList>
<Loc EndOffset="16626" SrcFileId="15" StartOffset="16585"/>
</LocList>
</BasicStmnt>
<BasicStmnt CovItemId="S233" CovItemPrefix="my.PSM.PSM_Logic.appController.java" Intrnl_Id="1950">
<LocList>
<Loc EndOffset="16695" SrcFileId="15" StartOffset="16644"/>
</LocList>
</BasicStmnt>
<BasicStmnt CovItemId="S234" CovItemPrefix="my.PSM.PSM_Logic.appController.java" Intrnl_Id="1951">
<LocList>
<Loc EndOffset="16736" SrcFileId="15" StartOffset="16713"/>
</LocList>
</BasicStmnt>
</StmntSeq>
</HierarchyLvl>
<HierarchyLvl HierarchyLvlId="1351" HierarchyLvlTypeId="26" Intrnl_Id="1952" Name="get5BeforeEnd">
<Header>
<Loc EndOffset="16803" SrcFileId="15" StartOffset="16752"/>
</Header>
<LocList>
<Loc EndOffset="17296" SrcFileId="15" StartOffset="16752"/>
</LocList>
<StmntSeq Intrnl_Id="1953">
<LocList>
<Loc EndOffset="16913" SrcFileId="15" StartOffset="16872"/>
<Loc EndOffset="16981" SrcFileId="15" StartOffset="16931"/>
<Loc EndOffset="17029" SrcFileId="15" StartOffset="16999"/>
<Loc EndOffset="17070" SrcFileId="15" StartOffset="17038"/>
<Loc EndOffset="17109" SrcFileId="15" StartOffset="17079"/>
<Loc EndOffset="17159" SrcFileId="15" StartOffset="17118"/>
<Loc EndOffset="17218" SrcFileId="15" StartOffset="17168"/>
<Loc EndOffset="17290" SrcFileId="15" StartOffset="17267"/>
</LocList>
<BasicStmnt CovItemId="S235" CovItemPrefix="my.PSM.PSM_Logic.appController.java" Intrnl_Id="1954">
<LocList>
<Loc EndOffset="16913" SrcFileId="15" StartOffset="16872"/>
</LocList>
</BasicStmnt>
<BasicStmnt CovItemId="S236" CovItemPrefix="my.PSM.PSM_Logic.appController.java" Intrnl_Id="1955">
<LocList>
<Loc EndOffset="16981" SrcFileId="15" StartOffset="16931"/>
</LocList>
</BasicStmnt>
<BasicStmnt CovItemId="S237" CovItemPrefix="my.PSM.PSM_Logic.appController.java" Intrnl_Id="1956">
<LocList>
<Loc EndOffset="17029" SrcFileId="15" StartOffset="16999"/>
</LocList>
</BasicStmnt>
<BasicStmnt CovItemId="S238" CovItemPrefix="my.PSM.PSM_Logic.appController.java" Intrnl_Id="1957">
<LocList>
<Loc EndOffset="17070" SrcFileId="15" StartOffset="17038"/>
</LocList>
</BasicStmnt>
<BasicStmnt CovItemId="S239" CovItemPrefix="my.PSM.PSM_Logic.appController.java" Intrnl_Id="1958">
<LocList>
<Loc EndOffset="17109" SrcFileId="15" StartOffset="17079"/>
</LocList>
</BasicStmnt>
<BasicStmnt CovItemId="S240" CovItemPrefix="my.PSM.PSM_Logic.appController.java" Intrnl_Id="1959">
<LocList>
<Loc EndOffset="17159" SrcFileId="15" StartOffset="17118"/>
</LocList>
</BasicStmnt>
<BasicStmnt CovItemId="S241" CovItemPrefix="my.PSM.PSM_Logic.appController.java" Intrnl_Id="1960">
<LocList>
<Loc EndOffset="17218" SrcFileId="15" StartOffset="17168"/>
</LocList>
</BasicStmnt>
<BasicStmnt CovItemId="S242" CovItemPrefix="my.PSM.PSM_Logic.appController.java" Intrnl_Id="1961">
<LocList>
<Loc EndOffset="17290" SrcFileId="15" StartOffset="17267"/>
</LocList>
</BasicStmnt>
</StmntSeq>
</HierarchyLvl>
<HierarchyLvl HierarchyLvlId="1352" HierarchyLvlTypeId="26" Intrnl_Id="1962" Name="autoExit">
<Header>
<Loc EndOffset="17328" SrcFileId="15" StartOffset="17306"/>
</Header>
<LocList>
<Loc EndOffset="17382" SrcFileId="15" StartOffset="17306"/>
</LocList>
<StmntSeq Intrnl_Id="1963">
<LocList>
<Loc EndOffset="17376" SrcFileId="15" StartOffset="17343"/>
</LocList>
<BasicStmnt CovItemId="S243" CovItemPrefix="my.PSM.PSM_Logic.appController.java" Intrnl_Id="1964">
<LocList>
<Loc EndOffset="17376" SrcFileId="15" StartOffset="17343"/>
</LocList>
</BasicStmnt>
</StmntSeq>
</HierarchyLvl>
<HierarchyLvl HierarchyLvlId="1353" HierarchyLvlTypeId="26" Intrnl_Id="1965" Name="autoClear">
<Header>
<Loc EndOffset="17415" SrcFileId="15" StartOffset="17392"/>
</Header>
<LocList>
<Loc EndOffset="17467" SrcFileId="15" StartOffset="17392"/>
</LocList>
<StmntSeq Intrnl_Id="1966">
<LocList>
<Loc EndOffset="17461" SrcFileId="15" StartOffset="17430"/>
</LocList>
<BasicStmnt CovItemId="S244" CovItemPrefix="my.PSM.PSM_Logic.appController.java" Intrnl_Id="1967">
<LocList>
<Loc EndOffset="17461" SrcFileId="15" StartOffset="17430"/>
</LocList>
</BasicStmnt>
</StmntSeq>
</HierarchyLvl>
</HierarchyLvl>
</HierarchyLvl>
<HierarchyLvl HierarchyLvlId="1503" HierarchyLvlTypeId="24" Intrnl_Id="1968" Name="PSM_Storage">
<Header/>
<LocList/>
<HierarchyLvl HierarchyLvlId="1385" HierarchyLvlTypeId="25" Intrnl_Id="1969" Name="DBConnection">
<Header>
<Loc EndOffset="325" SrcFileId="16" StartOffset="300"/>
</Header>
<LocList>
<Loc EndOffset="6314" SrcFileId="16" StartOffset="300"/>
</LocList>
<StmntSeq Intrnl_Id="1970">
<LocList>
<Loc EndOffset="477" SrcFileId="16" StartOffset="417"/>
</LocList>
<BasicStmnt CovItemId="S1" CovItemPrefix="my.PSM.PSM_Storage.DBConnection.java" Intrnl_Id="1971">
<LocList>
<Loc EndOffset="477" SrcFileId="16" StartOffset="417"/>
</LocList>
</BasicStmnt>
</StmntSeq>
<HierarchyLvl HierarchyLvlId="1355" HierarchyLvlTypeId="26" Intrnl_Id="1972" Name="setMyManager">
<Header>
<Loc EndOffset="629" SrcFileId="16" StartOffset="581"/>
</Header>
<LocList>
<Loc EndOffset="664" SrcFileId="16" StartOffset="581"/>
</LocList>
<StmntSeq Intrnl_Id="1973">
<LocList>
<Loc EndOffset="661" SrcFileId="16" StartOffset="634"/>
</LocList>
<BasicStmnt CovItemId="S2" CovItemPrefix="my.PSM.PSM_Storage.DBConnection.java" Intrnl_Id="1974">
<LocList>
<Loc EndOffset="661" SrcFileId="16" StartOffset="634"/>
</LocList>
</BasicStmnt>
</StmntSeq>
</HierarchyLvl>
<HierarchyLvl HierarchyLvlId="1356" HierarchyLvlTypeId="26" Intrnl_Id="1975" Name="DBConnection">
<Header>
<Loc EndOffset="738" SrcFileId="16" StartOffset="717"/>
</Header>
<LocList>
<Loc EndOffset="787" SrcFileId="16" StartOffset="717"/>
</LocList>
<StmntSeq Intrnl_Id="1976">
<LocList>
<Loc EndOffset="781" SrcFileId="16" StartOffset="750"/>
</LocList>
<BasicStmnt CovItemId="S3" CovItemPrefix="my.PSM.PSM_Storage.DBConnection.java" Intrnl_Id="1977">
<LocList>
<Loc EndOffset="781" SrcFileId="16" StartOffset="750"/>
</LocList>
</BasicStmnt>
</StmntSeq>
</HierarchyLvl>
<HierarchyLvl HierarchyLvlId="1357" HierarchyLvlTypeId="26" Intrnl_Id="1978" Name="connect">
<Header>
<Loc EndOffset="901" SrcFileId="16" StartOffset="848"/>
</Header>
<LocList>
<Loc EndOffset="1030" SrcFileId="16" StartOffset="848"/>
</LocList>
<StmntSeq Intrnl_Id="1979">
<LocList>
<Loc EndOffset="928" SrcFileId="16" StartOffset="916"/>
<Loc EndOffset="953" SrcFileId="16" StartOffset="937"/>
<Loc EndOffset="976" SrcFileId="16" StartOffset="962"/>
<Loc EndOffset="1024" SrcFileId="16" StartOffset="985"/>
</LocList>
<BasicStmnt CovItemId="S4" CovItemPrefix="my.PSM.PSM_Storage.DBConnection.java" Intrnl_Id="1980">
<LocList>
<Loc EndOffset="928" SrcFileId="16" StartOffset="916"/>
</LocList>
</BasicStmnt>
<BasicStmnt CovItemId="S5" CovItemPrefix="my.PSM.PSM_Storage.DBConnection.java" Intrnl_Id="1981">
<LocList>
<Loc EndOffset="953" SrcFileId="16" StartOffset="937"/>
</LocList>
</BasicStmnt>
<BasicStmnt CovItemId="S6" CovItemPrefix="my.PSM.PSM_Storage.DBConnection.java" Intrnl_Id="1982">
<LocList>
<Loc EndOffset="976" SrcFileId="16" StartOffset="962"/>
</LocList>
</BasicStmnt>
<BasicStmnt CovItemId="S7" CovItemPrefix="my.PSM.PSM_Storage.DBConnection.java" Intrnl_Id="1983">
<LocList>
<Loc EndOffset="1024" SrcFileId="16" StartOffset="985"/>
</LocList>
</BasicStmnt>
</StmntSeq>
</HierarchyLvl>
<HierarchyLvl HierarchyLvlId="1358" HierarchyLvlTypeId="26" Intrnl_Id="1984" Name="connect">
<Header>
<Loc EndOffset="1133" SrcFileId="16" StartOffset="1092"/>
</Header>
<LocList>
<Loc EndOffset="1246" SrcFileId="16" StartOffset="1092"/>
</LocList>
<StmntSeq Intrnl_Id="1985">
<LocList>
<Loc EndOffset="1164" SrcFileId="16" StartOffset="1148"/>
<Loc EndOffset="1187" SrcFileId="16" StartOffset="1173"/>
<Loc EndOffset="1240" SrcFileId="16" StartOffset="1205"/>
</LocList>
<BasicStmnt CovItemId="S8" CovItemPrefix="my.PSM.PSM_Storage.DBConnection.java" Intrnl_Id="1986">
<LocList>
<Loc EndOffset="1164" SrcFileId="16" StartOffset="1148"/>
</LocList>
</BasicStmnt>
<BasicStmnt CovItemId="S9" CovItemPrefix="my.PSM.PSM_Storage.DBConnection.java" Intrnl_Id="1987">
<LocList>
<Loc EndOffset="1187" SrcFileId="16" StartOffset="1173"/>
</LocList>
</BasicStmnt>
<BasicStmnt CovItemId="S10" CovItemPrefix="my.PSM.PSM_Storage.DBConnection.java" Intrnl_Id="1988">
<LocList>
<Loc EndOffset="1240" SrcFileId="16" StartOffset="1205"/>
</LocList>
</BasicStmnt>
</StmntSeq>
</HierarchyLvl>
<HierarchyLvl HierarchyLvlId="1359" HierarchyLvlTypeId="26" Intrnl_Id="1989" Name="disconnect">
<Header>
<Loc EndOffset="1279" SrcFileId="16" StartOffset="1256"/>
</Header>
<LocList>
<Loc EndOffset="1330" SrcFileId="16" StartOffset="1256"/>
</LocList>
<StmntSeq Intrnl_Id="1990">
<LocList>
<Loc EndOffset="1324" SrcFileId="16" StartOffset="1294"/>
</LocList>
<BasicStmnt CovItemId="S11" CovItemPrefix="my.PSM.PSM_Storage.DBConnection.java" Intrnl_Id="1991">
<LocList>
<Loc EndOffset="1324" SrcFileId="16" StartOffset="1294"/>
</LocList>
</BasicStmnt>
</StmntSeq>
</HierarchyLvl>
<HierarchyLvl HierarchyLvlId="1360" HierarchyLvlTypeId="26" Intrnl_Id="1992" Name="fetchCourseID">
<Header>
<Loc EndOffset="1379" SrcFileId="16" StartOffset="1341"/>
</Header>
<LocList>
<Loc EndOffset="1501" SrcFileId="16" StartOffset="1341"/>
</LocList>
<StmntSeq Intrnl_Id="1993">
<LocList>
<Loc EndOffset="1493" SrcFileId="16" StartOffset="1452"/>
</LocList>
<BasicStmnt CovItemId="S12" CovItemPrefix="my.PSM.PSM_Storage.DBConnection.java" Intrnl_Id="1994">
<LocList>
<Loc EndOffset="1493" SrcFileId="16" StartOffset="1452"/>
</LocList>
</BasicStmnt>
</StmntSeq>
</HierarchyLvl>
<HierarchyLvl HierarchyLvlId="1361" HierarchyLvlTypeId="26" Intrnl_Id="1995" Name="getEndDates">
<Header>
<Loc EndOffset="1549" SrcFileId="16" StartOffset="1511"/>
</Header>
<LocList>
<Loc EndOffset="1601" SrcFileId="16" StartOffset="1511"/>
</LocList>
<StmntSeq Intrnl_Id="1996">
<LocList>
<Loc EndOffset="1595" SrcFileId="16" StartOffset="1564"/>
</LocList>
<BasicStmnt CovItemId="S13" CovItemPrefix="my.PSM.PSM_Storage.DBConnection.java" Intrnl_Id="1997">
<LocList>
<Loc EndOffset="1595" SrcFileId="16" StartOffset="1564"/>
</LocList>
</BasicStmnt>
</StmntSeq>
</HierarchyLvl>
<HierarchyLvl HierarchyLvlId="1362" HierarchyLvlTypeId="26" Intrnl_Id="1998" Name="getCourses">
<Header>
<Loc EndOffset="1644" SrcFileId="16" StartOffset="1606"/>
</Header>
<LocList>
<Loc EndOffset="1695" SrcFileId="16" StartOffset="1606"/>
</LocList>
<StmntSeq Intrnl_Id="1999">
<LocList>
<Loc EndOffset="1689" SrcFileId="16" StartOffset="1659"/>
</LocList>
<BasicStmnt CovItemId="S14" CovItemPrefix="my.PSM.PSM_Storage.DBConnection.java" Intrnl_Id="2000">
<LocList>
<Loc EndOffset="1689" SrcFileId="16" StartOffset="1659"/>
</LocList>
</BasicStmnt>
</StmntSeq>
</HierarchyLvl>
<HierarchyLvl HierarchyLvlId="1363" HierarchyLvlTypeId="26" Intrnl_Id="2001" Name="fetchCourses">
<Header>
<Loc EndOffset="1733" SrcFileId="16" StartOffset="1705"/>
</Header>
<LocList>
<Loc EndOffset="2349" SrcFileId="16" StartOffset="1705"/>
</LocList>
<StmntSeq Intrnl_Id="2002">
<LocList>
<Loc EndOffset="1840" SrcFileId="16" StartOffset="1803"/>
<Loc EndOffset="2046" SrcFileId="16" StartOffset="1997"/>
<Loc EndOffset="2215" SrcFileId="16" StartOffset="2056"/>
<Loc EndOffset="2247" SrcFileId="16" StartOffset="2224"/>
<Loc EndOffset="2270" SrcFileId="16" StartOffset="2256"/>
</LocList>
<BasicStmnt CovItemId="S15" CovItemPrefix="my.PSM.PSM_Storage.DBConnection.java" Intrnl_Id="2003">
<LocList>
<Loc EndOffset="1840" SrcFileId="16" StartOffset="1803"/>
</LocList>
</BasicStmnt>
<BasicStmnt CovItemId="S16" CovItemPrefix="my.PSM.PSM_Storage.DBConnection.java" Intrnl_Id="2004">
<LocList>
<Loc EndOffset="2046" SrcFileId="16" StartOffset="1997"/>
</LocList>
</BasicStmnt>
<LoopStmnt CovItemId="S17" CovItemPrefix="my.PSM.PSM_Storage.DBConnection.java" Intrnl_Id="2005" MltplExecId="L1-2" MltplExecPrefix="my.PSM.PSM_Storage.DBConnection.java" NvrExecId="L1-0" NvrExecPrefix="my.PSM.PSM_Storage.DBConnection.java" OnceExecutedId="L1-1" OnceExecutedPrefix="my.PSM.PSM_Storage.DBConnection.java" OptBodyExec="true">
<StmntSeq Intrnl_Id="2006">
<LocList>
<Loc EndOffset="2154" SrcFileId="16" StartOffset="2131"/>
<Loc EndOffset="2183" SrcFileId="16" StartOffset="2168"/>
</LocList>
<BasicStmnt CovItemId="S18" CovItemPrefix="my.PSM.PSM_Storage.DBConnection.java" Intrnl_Id="2007">
<LocList>
<Loc EndOffset="2154" SrcFileId="16" StartOffset="2131"/>
</LocList>
</BasicStmnt>
<BasicStmnt CovItemId="S19" CovItemPrefix="my.PSM.PSM_Storage.DBConnection.java" Intrnl_Id="2008">
<LocList>
<Loc EndOffset="2183" SrcFileId="16" StartOffset="2168"/>
</LocList>
</BasicStmnt>
</StmntSeq>
<Keyword EndOffset="2059" SrcFileId="16" StartOffset="2056"/>
<LocList>
<Loc EndOffset="2215" SrcFileId="16" StartOffset="2056"/>
</LocList>
<RootTerm CovItemId="C1" CovItemPrefix="my.PSM.PSM_Storage.DBConnection.java" Intrnl_Id="2009">
<BasicBoolTerm Intrnl_Id="2010">
<LocList>
<Loc EndOffset="2086" SrcFileId="16" StartOffset="2071"/>
</LocList>
</BasicBoolTerm>
</RootTerm>
</LoopStmnt>
<BasicStmnt CovItemId="S20" CovItemPrefix="my.PSM.PSM_Storage.DBConnection.java" Intrnl_Id="2011">
<LocList>
<Loc EndOffset="2247" SrcFileId="16" StartOffset="2224"/>
</LocList>
</BasicStmnt>
<BasicStmnt CovItemId="S21" CovItemPrefix="my.PSM.PSM_Storage.DBConnection.java" Intrnl_Id="2012">
<LocList>
<Loc EndOffset="2270" SrcFileId="16" StartOffset="2256"/>
</LocList>
</BasicStmnt>
</StmntSeq>
</HierarchyLvl>
<HierarchyLvl HierarchyLvlId="1364" HierarchyLvlTypeId="26" Intrnl_Id="2013" Name="fetchCourseSubj">
<Header>
<Loc EndOffset="2402" SrcFileId="16" StartOffset="2359"/>
</Header>
<LocList>
<Loc EndOffset="2532" SrcFileId="16" StartOffset="2359"/>
</LocList>
<StmntSeq Intrnl_Id="2014">
<LocList>
<Loc EndOffset="2518" SrcFileId="16" StartOffset="2475"/>
</LocList>
<BasicStmnt CovItemId="S22" CovItemPrefix="my.PSM.PSM_Storage.DBConnection.java" Intrnl_Id="2015">
<LocList>
<Loc EndOffset="2518" SrcFileId="16" StartOffset="2475"/>
</LocList>
</BasicStmnt>
</StmntSeq>
</HierarchyLvl>
<HierarchyLvl HierarchyLvlId="1365" HierarchyLvlTypeId="26" Intrnl_Id="2016" Name="fetchCourseName">
<Header>
<Loc EndOffset="2585" SrcFileId="16" StartOffset="2542"/>
</Header>
<LocList>
<Loc EndOffset="2657" SrcFileId="16" StartOffset="2542"/>
</LocList>
<StmntSeq Intrnl_Id="2017">
<LocList>
<Loc EndOffset="2643" SrcFileId="16" StartOffset="2600"/>
</LocList>
<BasicStmnt CovItemId="S23" CovItemPrefix="my.PSM.PSM_Storage.DBConnection.java" Intrnl_Id="2018">
<LocList>
<Loc EndOffset="2643" SrcFileId="16" StartOffset="2600"/>
</LocList>
</BasicStmnt>
</StmntSeq>
</HierarchyLvl>
<HierarchyLvl HierarchyLvlId="1366" HierarchyLvlTypeId="26" Intrnl_Id="2019" Name="fetchCourseSemester">
<Header>
<Loc EndOffset="2714" SrcFileId="16" StartOffset="2667"/>
</Header>
<LocList>
<Loc EndOffset="2848" SrcFileId="16" StartOffset="2667"/>
</LocList>
<StmntSeq Intrnl_Id="2020">
<LocList>
<Loc EndOffset="2834" SrcFileId="16" StartOffset="2787"/>
</LocList>
<BasicStmnt CovItemId="S24" CovItemPrefix="my.PSM.PSM_Storage.DBConnection.java" Intrnl_Id="2021">
<LocList>
<Loc EndOffset="2834" SrcFileId="16" StartOffset="2787"/>
</LocList>
</BasicStmnt>
</StmntSeq>
</HierarchyLvl>
<HierarchyLvl HierarchyLvlId="1367" HierarchyLvlTypeId="26" Intrnl_Id="2022" Name="fetchCourseStart">
<Header>
<Loc EndOffset="2902" SrcFileId="16" StartOffset="2858"/>
</Header>
<LocList>
<Loc EndOffset="3033" SrcFileId="16" StartOffset="2858"/>
</LocList>
<StmntSeq Intrnl_Id="2023">
<LocList>
<Loc EndOffset="3019" SrcFileId="16" StartOffset="2975"/>
</LocList>
<BasicStmnt CovItemId="S25" CovItemPrefix="my.PSM.PSM_Storage.DBConnection.java" Intrnl_Id="2024">
<LocList>
<Loc EndOffset="3019" SrcFileId="16" StartOffset="2975"/>
</LocList>
</BasicStmnt>
</StmntSeq>
</HierarchyLvl>
<HierarchyLvl HierarchyLvlId="1368" HierarchyLvlTypeId="26" Intrnl_Id="2025" Name="fetchCourseEnd">
<Header>
<Loc EndOffset="3085" SrcFileId="16" StartOffset="3043"/>
</Header>
<LocList>
<Loc EndOffset="3222" SrcFileId="16" StartOffset="3043"/>
</LocList>
<StmntSeq Intrnl_Id="2026">
<LocList>
<Loc EndOffset="3208" SrcFileId="16" StartOffset="3166"/>
</LocList>
<BasicStmnt CovItemId="S26" CovItemPrefix="my.PSM.PSM_Storage.DBConnection.java" Intrnl_Id="2027">
<LocList>
<Loc EndOffset="3208" SrcFileId="16" StartOffset="3166"/>
</LocList>
</BasicStmnt>
</StmntSeq>
</HierarchyLvl>
<HierarchyLvl HierarchyLvlId="1369" HierarchyLvlTypeId="26" Intrnl_Id="2028" Name="fetchStartMon">
<Header>
<Loc EndOffset="3757" SrcFileId="16" StartOffset="3716"/>
</Header>
<LocList>
<Loc EndOffset="3819" SrcFileId="16" StartOffset="3716"/>
</LocList>
<StmntSeq Intrnl_Id="2029">
<LocList>
<Loc EndOffset="3813" SrcFileId="16" StartOffset="3772"/>
</LocList>
<BasicStmnt CovItemId="S27" CovItemPrefix="my.PSM.PSM_Storage.DBConnection.java" Intrnl_Id="2030">
<LocList>
<Loc EndOffset="3813" SrcFileId="16" StartOffset="3772"/>
</LocList>
</BasicStmnt>
</StmntSeq>
</HierarchyLvl>
<HierarchyLvl HierarchyLvlId="1370" HierarchyLvlTypeId="26" Intrnl_Id="2031" Name="fetchEndMon">
<Header>
<Loc EndOffset="3868" SrcFileId="16" StartOffset="3829"/>
</Header>
<LocList>
<Loc EndOffset="3928" SrcFileId="16" StartOffset="3829"/>
</LocList>
<StmntSeq Intrnl_Id="2032">
<LocList>
<Loc EndOffset="3922" SrcFileId="16" StartOffset="3883"/>
</LocList>
<BasicStmnt CovItemId="S28" CovItemPrefix="my.PSM.PSM_Storage.DBConnection.java" Intrnl_Id="2033">
<LocList>
<Loc EndOffset="3922" SrcFileId="16" StartOffset="3883"/>
</LocList>
</BasicStmnt>
</StmntSeq>
</HierarchyLvl>
<HierarchyLvl HierarchyLvlId="1371" HierarchyLvlTypeId="26" Intrnl_Id="2034" Name="fetchStartTue">
<Header>
<Loc EndOffset="3979" SrcFileId="16" StartOffset="3938"/>
</Header>
<LocList>
<Loc EndOffset="4041" SrcFileId="16" StartOffset="3938"/>
</LocList>
<StmntSeq Intrnl_Id="2035">
<LocList>
<Loc EndOffset="4035" SrcFileId="16" StartOffset="3994"/>
</LocList>
<BasicStmnt CovItemId="S29" CovItemPrefix="my.PSM.PSM_Storage.DBConnection.java" Intrnl_Id="2036">
<LocList>
<Loc EndOffset="4035" SrcFileId="16" StartOffset="3994"/>
</LocList>
</BasicStmnt>
</StmntSeq>
</HierarchyLvl>
<HierarchyLvl HierarchyLvlId="1372" HierarchyLvlTypeId="26" Intrnl_Id="2037" Name="fetchEndTue">
<Header>
<Loc EndOffset="4090" SrcFileId="16" StartOffset="4051"/>
</Header>
<LocList>
<Loc EndOffset="4150" SrcFileId="16" StartOffset="4051"/>
</LocList>
<StmntSeq Intrnl_Id="2038">
<LocList>
<Loc EndOffset="4144" SrcFileId="16" StartOffset="4105"/>
</LocList>
<BasicStmnt CovItemId="S30" CovItemPrefix="my.PSM.PSM_Storage.DBConnection.java" Intrnl_Id="2039">
<LocList>
<Loc EndOffset="4144" SrcFileId="16" StartOffset="4105"/>
</LocList>
</BasicStmnt>
</StmntSeq>
</HierarchyLvl>
<HierarchyLvl HierarchyLvlId="1373" HierarchyLvlTypeId="26" Intrnl_Id="2040" Name="fetchStartWed">
<Header>
<Loc EndOffset="4201" SrcFileId="16" StartOffset="4160"/>
</Header>
<LocList>
<Loc EndOffset="4260" SrcFileId="16" StartOffset="4160"/>
</LocList>
<StmntSeq Intrnl_Id="2041">
<LocList>
<Loc EndOffset="4254" SrcFileId="16" StartOffset="4213"/>
</LocList>
<BasicStmnt CovItemId="S31" CovItemPrefix="my.PSM.PSM_Storage.DBConnection.java" Intrnl_Id="2042">
<LocList>
<Loc EndOffset="4254" SrcFileId="16" StartOffset="4213"/>
</LocList>
</BasicStmnt>
</StmntSeq>
</HierarchyLvl>
<HierarchyLvl HierarchyLvlId="1374" HierarchyLvlTypeId="26" Intrnl_Id="2043" Name="fetchEndWed">
<Header>
<Loc EndOffset="4309" SrcFileId="16" StartOffset="4270"/>
</Header>
<LocList>
<Loc EndOffset="4366" SrcFileId="16" StartOffset="4270"/>
</LocList>
<StmntSeq Intrnl_Id="2044">
<LocList>
<Loc EndOffset="4360" SrcFileId="16" StartOffset="4321"/>
</LocList>
<BasicStmnt CovItemId="S32" CovItemPrefix="my.PSM.PSM_Storage.DBConnection.java" Intrnl_Id="2045">
<LocList>
<Loc EndOffset="4360" SrcFileId="16" StartOffset="4321"/>
</LocList>
</BasicStmnt>
</StmntSeq>
</HierarchyLvl>
<HierarchyLvl HierarchyLvlId="1375" HierarchyLvlTypeId="26" Intrnl_Id="2046" Name="fetchStartThu">
<Header>
<Loc EndOffset="4422" SrcFileId="16" StartOffset="4381"/>
</Header>
<LocList>
<Loc EndOffset="4484" SrcFileId="16" StartOffset="4381"/>
</LocList>
<StmntSeq Intrnl_Id="2047">
<LocList>
<Loc EndOffset="4478" SrcFileId="16" StartOffset="4437"/>
</LocList>
<BasicStmnt CovItemId="S33" CovItemPrefix="my.PSM.PSM_Storage.DBConnection.java" Intrnl_Id="2048">
<LocList>
<Loc EndOffset="4478" SrcFileId="16" StartOffset="4437"/>
</LocList>
</BasicStmnt>
</StmntSeq>
</HierarchyLvl>
<HierarchyLvl HierarchyLvlId="1376" HierarchyLvlTypeId="26" Intrnl_Id="2049" Name="fetchEndThu">
<Header>
<Loc EndOffset="4533" SrcFileId="16" StartOffset="4494"/>
</Header>
<LocList>
<Loc EndOffset="4593" SrcFileId="16" StartOffset="4494"/>
</LocList>
<StmntSeq Intrnl_Id="2050">
<LocList>
<Loc EndOffset="4587" SrcFileId="16" StartOffset="4548"/>
</LocList>
<BasicStmnt CovItemId="S34" CovItemPrefix="my.PSM.PSM_Storage.DBConnection.java" Intrnl_Id="2051">
<LocList>
<Loc EndOffset="4587" SrcFileId="16" StartOffset="4548"/>
</LocList>
</BasicStmnt>
</StmntSeq>
</HierarchyLvl>
<HierarchyLvl HierarchyLvlId="1377" HierarchyLvlTypeId="26" Intrnl_Id="2052" Name="fetchStartFri">
<Header>
<Loc EndOffset="4644" SrcFileId="16" StartOffset="4603"/>
</Header>
<LocList>
<Loc EndOffset="4703" SrcFileId="16" StartOffset="4603"/>
</LocList>
<StmntSeq Intrnl_Id="2053">
<LocList>
<Loc EndOffset="4697" SrcFileId="16" StartOffset="4656"/>
</LocList>
<BasicStmnt CovItemId="S35" CovItemPrefix="my.PSM.PSM_Storage.DBConnection.java" Intrnl_Id="2054">
<LocList>
<Loc EndOffset="4697" SrcFileId="16" StartOffset="4656"/>
</LocList>
</BasicStmnt>
</StmntSeq>
</HierarchyLvl>
<HierarchyLvl HierarchyLvlId="1378" HierarchyLvlTypeId="26" Intrnl_Id="2055" Name="fetchEndFri">
<Header>
<Loc EndOffset="4752" SrcFileId="16" StartOffset="4713"/>
</Header>
<LocList>
<Loc EndOffset="4812" SrcFileId="16" StartOffset="4713"/>
</LocList>
<StmntSeq Intrnl_Id="2056">
<LocList>
<Loc EndOffset="4806" SrcFileId="16" StartOffset="4767"/>
</LocList>
<BasicStmnt CovItemId="S36" CovItemPrefix="my.PSM.PSM_Storage.DBConnection.java" Intrnl_Id="2057">
<LocList>
<Loc EndOffset="4806" SrcFileId="16" StartOffset="4767"/>
</LocList>
</BasicStmnt>
</StmntSeq>
</HierarchyLvl>
<HierarchyLvl HierarchyLvlId="1379" HierarchyLvlTypeId="26" Intrnl_Id="2058" Name="fetchStartSat">
<Header>
<Loc EndOffset="4868" SrcFileId="16" StartOffset="4827"/>
</Header>
<LocList>
<Loc EndOffset="4930" SrcFileId="16" StartOffset="4827"/>
</LocList>
<StmntSeq Intrnl_Id="2059">
<LocList>
<Loc EndOffset="4924" SrcFileId="16" StartOffset="4883"/>
</LocList>
<BasicStmnt CovItemId="S37" CovItemPrefix="my.PSM.PSM_Storage.DBConnection.java" Intrnl_Id="2060">
<LocList>
<Loc EndOffset="4924" SrcFileId="16" StartOffset="4883"/>
</LocList>
</BasicStmnt>
</StmntSeq>
</HierarchyLvl>
<HierarchyLvl HierarchyLvlId="1380" HierarchyLvlTypeId="26" Intrnl_Id="2061" Name="fetchEndSat">
<Header>
<Loc EndOffset="4979" SrcFileId="16" StartOffset="4940"/>
</Header>
<LocList>
<Loc EndOffset="5048" SrcFileId="16" StartOffset="4940"/>
</LocList>
<StmntSeq Intrnl_Id="2062">
<LocList>
<Loc EndOffset="5042" SrcFileId="16" StartOffset="5003"/>
</LocList>
<BasicStmnt CovItemId="S38" CovItemPrefix="my.PSM.PSM_Storage.DBConnection.java" Intrnl_Id="2063">
<LocList>
<Loc EndOffset="5042" SrcFileId="16" StartOffset="5003"/>
</LocList>
</BasicStmnt>
</StmntSeq>
</HierarchyLvl>
<HierarchyLvl HierarchyLvlId="1381" HierarchyLvlTypeId="26" Intrnl_Id="2064" Name="storeClassInfo">
<Header>
<Loc EndOffset="5152" SrcFileId="16" StartOffset="5058"/>
</Header>
<LocList>
<Loc EndOffset="5249" SrcFileId="16" StartOffset="5058"/>
</LocList>
<StmntSeq Intrnl_Id="2065">
<LocList>
<Loc EndOffset="5243" SrcFileId="16" StartOffset="5167"/>
</LocList>
<BasicStmnt CovItemId="S39" CovItemPrefix="my.PSM.PSM_Storage.DBConnection.java" Intrnl_Id="2066">
<LocList>
<Loc EndOffset="5243" SrcFileId="16" StartOffset="5167"/>
</LocList>
</BasicStmnt>
</StmntSeq>
</HierarchyLvl>
<HierarchyLvl HierarchyLvlId="1382" HierarchyLvlTypeId="26" Intrnl_Id="2067" Name="storeClassSched">
<Header>
<Loc EndOffset="5550" SrcFileId="16" StartOffset="5259"/>
</Header>
<LocList>
<Loc EndOffset="5751" SrcFileId="16" StartOffset="5259"/>
</LocList>
<StmntSeq Intrnl_Id="2068">
<LocList>
<Loc EndOffset="5736" SrcFileId="16" StartOffset="5565"/>
</LocList>
<BasicStmnt CovItemId="S40" CovItemPrefix="my.PSM.PSM_Storage.DBConnection.java" Intrnl_Id="2069">
<LocList>
<Loc EndOffset="5736" SrcFileId="16" StartOffset="5565"/>
</LocList>
</BasicStmnt>
</StmntSeq>
</HierarchyLvl>
<HierarchyLvl HierarchyLvlId="1383" HierarchyLvlTypeId="26" Intrnl_Id="2070" Name="clearDatabase">
<Header>
<Loc EndOffset="5788" SrcFileId="16" StartOffset="5761"/>
</Header>
<LocList>
<Loc EndOffset="5835" SrcFileId="16" StartOffset="5761"/>
</LocList>
<StmntSeq Intrnl_Id="2071">
<LocList>
<Loc EndOffset="5829" SrcFileId="16" StartOffset="5803"/>
</LocList>
<BasicStmnt CovItemId="S41" CovItemPrefix="my.PSM.PSM_Storage.DBConnection.java" Intrnl_Id="2072">
<LocList>
<Loc EndOffset="5829" SrcFileId="16" StartOffset="5803"/>
</LocList>
</BasicStmnt>
</StmntSeq>
</HierarchyLvl>
<HierarchyLvl HierarchyLvlId="1384" HierarchyLvlTypeId="26" Intrnl_Id="2073" Name="createClassTable">
<Header>
<Loc EndOffset="5874" SrcFileId="16" StartOffset="5845"/>
</Header>
<LocList>
<Loc EndOffset="5954" SrcFileId="16" StartOffset="5845"/>
</LocList>
<StmntSeq Intrnl_Id="2074">
<LocList>
<Loc EndOffset="5924" SrcFileId="16" StartOffset="5888"/>
</LocList>
<BasicStmnt CovItemId="S42" CovItemPrefix="my.PSM.PSM_Storage.DBConnection.java" Intrnl_Id="2075">
<LocList>
<Loc EndOffset="5924" SrcFileId="16" StartOffset="5888"/>
</LocList>
</BasicStmnt>
</StmntSeq>
</HierarchyLvl>
</HierarchyLvl>
<HierarchyLvl HierarchyLvlId="1413" HierarchyLvlTypeId="25" Intrnl_Id="2076" Name="DataStoreFacade">
<Header>
<Loc EndOffset="216" SrcFileId="17" StartOffset="188"/>
</Header>
<LocList>
<Loc EndOffset="3920" SrcFileId="17" StartOffset="188"/>
</LocList>
<StmntSeq Intrnl_Id="2077">
<LocList>
<Loc EndOffset="356" SrcFileId="17" StartOffset="297"/>
</LocList>
<BasicStmnt CovItemId="S1" CovItemPrefix="my.PSM.PSM_Storage.DataStoreFacade.java" Intrnl_Id="2078">
<LocList>
<Loc EndOffset="356" SrcFileId="17" StartOffset="297"/>
</LocList>
</BasicStmnt>
</StmntSeq>
<HierarchyLvl HierarchyLvlId="1386" HierarchyLvlTypeId="26" Intrnl_Id="2079" Name="DataStoreFacade">
<Header>
<Loc EndOffset="244" SrcFileId="17" StartOffset="220"/>
</Header>
<LocList>
<Loc EndOffset="251" SrcFileId="17" StartOffset="220"/>
</LocList>
</HierarchyLvl>
<HierarchyLvl HierarchyLvlId="1387" HierarchyLvlTypeId="26" Intrnl_Id="2080" Name="getCon">
<Header>
<Loc EndOffset="388" SrcFileId="17" StartOffset="360"/>
</Header>
<LocList>
<Loc EndOffset="412" SrcFileId="17" StartOffset="360"/>
</LocList>
<StmntSeq Intrnl_Id="2081">
<LocList>
<Loc EndOffset="409" SrcFileId="17" StartOffset="392"/>
</LocList>
<BasicStmnt CovItemId="S2" CovItemPrefix="my.PSM.PSM_Storage.DataStoreFacade.java" Intrnl_Id="2082">
<LocList>
<Loc EndOffset="409" SrcFileId="17" StartOffset="392"/>
</LocList>
</BasicStmnt>
</StmntSeq>
</HierarchyLvl>
<HierarchyLvl HierarchyLvlId="1388" HierarchyLvlTypeId="26" Intrnl_Id="2083" Name="connect">
<Header>
<Loc EndOffset="466" SrcFileId="17" StartOffset="414"/>
</Header>
<LocList>
<Loc EndOffset="566" SrcFileId="17" StartOffset="414"/>
</LocList>
<StmntSeq Intrnl_Id="2084">
<LocList>
<Loc EndOffset="563" SrcFileId="17" StartOffset="518"/>
</LocList>
<BasicStmnt CovItemId="S3" CovItemPrefix="my.PSM.PSM_Storage.DataStoreFacade.java" Intrnl_Id="2085">
<LocList>
<Loc EndOffset="563" SrcFileId="17" StartOffset="518"/>
</LocList>
</BasicStmnt>
</StmntSeq>
</HierarchyLvl>
<HierarchyLvl HierarchyLvlId="1389" HierarchyLvlTypeId="26" Intrnl_Id="2086" Name="disconnect">
<Header>
<Loc EndOffset="592" SrcFileId="17" StartOffset="569"/>
</Header>
<LocList>
<Loc EndOffset="630" SrcFileId="17" StartOffset="569"/>
</LocList>
<StmntSeq Intrnl_Id="2087">
<LocList>
<Loc EndOffset="627" SrcFileId="17" StartOffset="597"/>
</LocList>
<BasicStmnt CovItemId="S4" CovItemPrefix="my.PSM.PSM_Storage.DataStoreFacade.java" Intrnl_Id="2088">
<LocList>
<Loc EndOffset="627" SrcFileId="17" StartOffset="597"/>
</LocList>
</BasicStmnt>
</StmntSeq>
</HierarchyLvl>
<HierarchyLvl HierarchyLvlId="1390" HierarchyLvlTypeId="26" Intrnl_Id="2089" Name="getEndDates">
<Header>
<Loc EndOffset="673" SrcFileId="17" StartOffset="635"/>
</Header>
<LocList>
<Loc EndOffset="712" SrcFileId="17" StartOffset="635"/>
</LocList>
<StmntSeq Intrnl_Id="2090">
<LocList>
<Loc EndOffset="709" SrcFileId="17" StartOffset="678"/>
</LocList>
<BasicStmnt CovItemId="S5" CovItemPrefix="my.PSM.PSM_Storage.DataStoreFacade.java" Intrnl_Id="2091">
<LocList>
<Loc EndOffset="709" SrcFileId="17" StartOffset="678"/>
</LocList>
</BasicStmnt>
</StmntSeq>
</HierarchyLvl>
<HierarchyLvl HierarchyLvlId="1391" HierarchyLvlTypeId="26" Intrnl_Id="2092" Name="fetchCourses">
<Header>
<Loc EndOffset="742" SrcFileId="17" StartOffset="714"/>
</Header>
<LocList>
<Loc EndOffset="826" SrcFileId="17" StartOffset="714"/>
</LocList>
<StmntSeq Intrnl_Id="2093">
<LocList>
<Loc EndOffset="823" SrcFileId="17" StartOffset="780"/>
</LocList>
<BasicStmnt CovItemId="S6" CovItemPrefix="my.PSM.PSM_Storage.DataStoreFacade.java" Intrnl_Id="2094">
<LocList>
<Loc EndOffset="823" SrcFileId="17" StartOffset="780"/>
</LocList>
</BasicStmnt>
</StmntSeq>
</HierarchyLvl>
<HierarchyLvl HierarchyLvlId="1392" HierarchyLvlTypeId="26" Intrnl_Id="2095" Name="fetchCourseSubj">
<Header>
<Loc EndOffset="871" SrcFileId="17" StartOffset="828"/>
</Header>
<LocList>
<Loc EndOffset="966" SrcFileId="17" StartOffset="828"/>
</LocList>
<StmntSeq Intrnl_Id="2096">
<LocList>
<Loc EndOffset="963" SrcFileId="17" StartOffset="920"/>
</LocList>
<BasicStmnt CovItemId="S7" CovItemPrefix="my.PSM.PSM_Storage.DataStoreFacade.java" Intrnl_Id="2097">
<LocList>
<Loc EndOffset="963" SrcFileId="17" StartOffset="920"/>
</LocList>
</BasicStmnt>
</StmntSeq>
</HierarchyLvl>
<HierarchyLvl HierarchyLvlId="1393" HierarchyLvlTypeId="26" Intrnl_Id="2098" Name="fetchCourseName">
<Header>
<Loc EndOffset="1011" SrcFileId="17" StartOffset="968"/>
</Header>
<LocList>
<Loc EndOffset="1106" SrcFileId="17" StartOffset="968"/>
</LocList>
<StmntSeq Intrnl_Id="2099">
<LocList>
<Loc EndOffset="1103" SrcFileId="17" StartOffset="1060"/>
</LocList>
<BasicStmnt CovItemId="S8" CovItemPrefix="my.PSM.PSM_Storage.DataStoreFacade.java" Intrnl_Id="2100">
<LocList>
<Loc EndOffset="1103" SrcFileId="17" StartOffset="1060"/>
</LocList>
</BasicStmnt>
</StmntSeq>
</HierarchyLvl>
<HierarchyLvl HierarchyLvlId="1394" HierarchyLvlTypeId="26" Intrnl_Id="2101" Name="fetchCourseSemester">
<Header>
<Loc EndOffset="1155" SrcFileId="17" StartOffset="1108"/>
</Header>
<LocList>
<Loc EndOffset="1258" SrcFileId="17" StartOffset="1108"/>
</LocList>
<StmntSeq Intrnl_Id="2102">
<LocList>
<Loc EndOffset="1255" SrcFileId="17" StartOffset="1208"/>
</LocList>
<BasicStmnt CovItemId="S9" CovItemPrefix="my.PSM.PSM_Storage.DataStoreFacade.java" Intrnl_Id="2103">
<LocList>
<Loc EndOffset="1255" SrcFileId="17" StartOffset="1208"/>
</LocList>
</BasicStmnt>
</StmntSeq>
</HierarchyLvl>
<HierarchyLvl HierarchyLvlId="1395" HierarchyLvlTypeId="26" Intrnl_Id="2104" Name="fetchCourseStart">
<Header>
<Loc EndOffset="1304" SrcFileId="17" StartOffset="1260"/>
</Header>
<LocList>
<Loc EndOffset="1401" SrcFileId="17" StartOffset="1260"/>
</LocList>
<StmntSeq Intrnl_Id="2105">
<LocList>
<Loc EndOffset="1398" SrcFileId="17" StartOffset="1354"/>
</LocList>
<BasicStmnt CovItemId="S10" CovItemPrefix="my.PSM.PSM_Storage.DataStoreFacade.java" Intrnl_Id="2106">
<LocList>
<Loc EndOffset="1398" SrcFileId="17" StartOffset="1354"/>
</LocList>
</BasicStmnt>
</StmntSeq>
</HierarchyLvl>
<HierarchyLvl HierarchyLvlId="1396" HierarchyLvlTypeId="26" Intrnl_Id="2107" Name="fetchCourseEnd">
<Header>
<Loc EndOffset="1445" SrcFileId="17" StartOffset="1403"/>
</Header>
<LocList>
<Loc EndOffset="1538" SrcFileId="17" StartOffset="1403"/>
</LocList>
<StmntSeq Intrnl_Id="2108">
<LocList>
<Loc EndOffset="1535" SrcFileId="17" StartOffset="1493"/>
</LocList>
<BasicStmnt CovItemId="S11" CovItemPrefix="my.PSM.PSM_Storage.DataStoreFacade.java" Intrnl_Id="2109">
<LocList>
<Loc EndOffset="1535" SrcFileId="17" StartOffset="1493"/>
</LocList>
</BasicStmnt>
</StmntSeq>
</HierarchyLvl>
<HierarchyLvl HierarchyLvlId="1397" HierarchyLvlTypeId="26" Intrnl_Id="2110" Name="fetchStartMon">
<Header>
<Loc EndOffset="1581" SrcFileId="17" StartOffset="1540"/>
</Header>
<LocList>
<Loc EndOffset="1672" SrcFileId="17" StartOffset="1540"/>
</LocList>
<StmntSeq Intrnl_Id="2111">
<LocList>
<Loc EndOffset="1669" SrcFileId="17" StartOffset="1628"/>
</LocList>
<BasicStmnt CovItemId="S12" CovItemPrefix="my.PSM.PSM_Storage.DataStoreFacade.java" Intrnl_Id="2112">
<LocList>
<Loc EndOffset="1669" SrcFileId="17" StartOffset="1628"/>
</LocList>
</BasicStmnt>
</StmntSeq>
</HierarchyLvl>
<HierarchyLvl HierarchyLvlId="1398" HierarchyLvlTypeId="26" Intrnl_Id="2113" Name="fetchEndMon">
<Header>
<Loc EndOffset="1713" SrcFileId="17" StartOffset="1674"/>
</Header>
<LocList>
<Loc EndOffset="1800" SrcFileId="17" StartOffset="1674"/>
</LocList>
<StmntSeq Intrnl_Id="2114">
<LocList>
<Loc EndOffset="1797" SrcFileId="17" StartOffset="1758"/>
</LocList>
<BasicStmnt CovItemId="S13" CovItemPrefix="my.PSM.PSM_Storage.DataStoreFacade.java" Intrnl_Id="2115">
<LocList>
<Loc EndOffset="1797" SrcFileId="17" StartOffset="1758"/>
</LocList>
</BasicStmnt>
</StmntSeq>
</HierarchyLvl>
<HierarchyLvl HierarchyLvlId="1399" HierarchyLvlTypeId="26" Intrnl_Id="2116" Name="fetchStartTue">
<Header>
<Loc EndOffset="1843" SrcFileId="17" StartOffset="1802"/>
</Header>
<LocList>
<Loc EndOffset="1934" SrcFileId="17" StartOffset="1802"/>
</LocList>
<StmntSeq Intrnl_Id="2117">
<LocList>
<Loc EndOffset="1931" SrcFileId="17" StartOffset="1890"/>
</LocList>
<BasicStmnt CovItemId="S14" CovItemPrefix="my.PSM.PSM_Storage.DataStoreFacade.java" Intrnl_Id="2118">
<LocList>
<Loc EndOffset="1931" SrcFileId="17" StartOffset="1890"/>
</LocList>
</BasicStmnt>
</StmntSeq>
</HierarchyLvl>
<HierarchyLvl HierarchyLvlId="1400" HierarchyLvlTypeId="26" Intrnl_Id="2119" Name="fetchEndTue">
<Header>
<Loc EndOffset="1975" SrcFileId="17" StartOffset="1936"/>
</Header>
<LocList>
<Loc EndOffset="2062" SrcFileId="17" StartOffset="1936"/>
</LocList>
<StmntSeq Intrnl_Id="2120">
<LocList>
<Loc EndOffset="2059" SrcFileId="17" StartOffset="2020"/>
</LocList>
<BasicStmnt CovItemId="S15" CovItemPrefix="my.PSM.PSM_Storage.DataStoreFacade.java" Intrnl_Id="2121">
<LocList>
<Loc EndOffset="2059" SrcFileId="17" StartOffset="2020"/>
</LocList>
</BasicStmnt>
</StmntSeq>
</HierarchyLvl>
<HierarchyLvl HierarchyLvlId="1401" HierarchyLvlTypeId="26" Intrnl_Id="2122" Name="fetchStartWed">
<Header>
<Loc EndOffset="2105" SrcFileId="17" StartOffset="2064"/>
</Header>
<LocList>
<Loc EndOffset="2196" SrcFileId="17" StartOffset="2064"/>
</LocList>
<StmntSeq Intrnl_Id="2123">
<LocList>
<Loc EndOffset="2193" SrcFileId="17" StartOffset="2152"/>
</LocList>
<BasicStmnt CovItemId="S16" CovItemPrefix="my.PSM.PSM_Storage.DataStoreFacade.java" Intrnl_Id="2124">
<LocList>
<Loc EndOffset="2193" SrcFileId="17" StartOffset="2152"/>
</LocList>
</BasicStmnt>
</StmntSeq>
</HierarchyLvl>
<HierarchyLvl HierarchyLvlId="1402" HierarchyLvlTypeId="26" Intrnl_Id="2125" Name="fetchEndWed">
<Header>
<Loc EndOffset="2237" SrcFileId="17" StartOffset="2198"/>
</Header>
<LocList>
<Loc EndOffset="2324" SrcFileId="17" StartOffset="2198"/>
</LocList>
<StmntSeq Intrnl_Id="2126">
<LocList>
<Loc EndOffset="2321" SrcFileId="17" StartOffset="2282"/>
</LocList>
<BasicStmnt CovItemId="S17" CovItemPrefix="my.PSM.PSM_Storage.DataStoreFacade.java" Intrnl_Id="2127">
<LocList>
<Loc EndOffset="2321" SrcFileId="17" StartOffset="2282"/>
</LocList>
</BasicStmnt>
</StmntSeq>
</HierarchyLvl>
<HierarchyLvl HierarchyLvlId="1403" HierarchyLvlTypeId="26" Intrnl_Id="2128" Name="fetchStartThu">
<Header>
<Loc EndOffset="2367" SrcFileId="17" StartOffset="2326"/>
</Header>
<LocList>
<Loc EndOffset="2458" SrcFileId="17" StartOffset="2326"/>
</LocList>
<StmntSeq Intrnl_Id="2129">
<LocList>
<Loc EndOffset="2455" SrcFileId="17" StartOffset="2414"/>
</LocList>
<BasicStmnt CovItemId="S18" CovItemPrefix="my.PSM.PSM_Storage.DataStoreFacade.java" Intrnl_Id="2130">
<LocList>
<Loc EndOffset="2455" SrcFileId="17" StartOffset="2414"/>
</LocList>
</BasicStmnt>
</StmntSeq>
</HierarchyLvl>
<HierarchyLvl HierarchyLvlId="1404" HierarchyLvlTypeId="26" Intrnl_Id="2131" Name="fetchEndThu">
<Header>
<Loc EndOffset="2499" SrcFileId="17" StartOffset="2460"/>
</Header>
<LocList>
<Loc EndOffset="2586" SrcFileId="17" StartOffset="2460"/>
</LocList>
<StmntSeq Intrnl_Id="2132">
<LocList>
<Loc EndOffset="2583" SrcFileId="17" StartOffset="2544"/>
</LocList>
<BasicStmnt CovItemId="S19" CovItemPrefix="my.PSM.PSM_Storage.DataStoreFacade.java" Intrnl_Id="2133">
<LocList>
<Loc EndOffset="2583" SrcFileId="17" StartOffset="2544"/>
</LocList>
</BasicStmnt>
</StmntSeq>
</HierarchyLvl>
<HierarchyLvl HierarchyLvlId="1405" HierarchyLvlTypeId="26" Intrnl_Id="2134" Name="fetchStartFri">
<Header>
<Loc EndOffset="2629" SrcFileId="17" StartOffset="2588"/>
</Header>
<LocList>
<Loc EndOffset="2720" SrcFileId="17" StartOffset="2588"/>
</LocList>
<StmntSeq Intrnl_Id="2135">
<LocList>
<Loc EndOffset="2717" SrcFileId="17" StartOffset="2676"/>
</LocList>
<BasicStmnt CovItemId="S20" CovItemPrefix="my.PSM.PSM_Storage.DataStoreFacade.java" Intrnl_Id="2136">
<LocList>
<Loc EndOffset="2717" SrcFileId="17" StartOffset="2676"/>
</LocList>
</BasicStmnt>
</StmntSeq>
</HierarchyLvl>
<HierarchyLvl HierarchyLvlId="1406" HierarchyLvlTypeId="26" Intrnl_Id="2137" Name="fetchEndFri">
<Header>
<Loc EndOffset="2761" SrcFileId="17" StartOffset="2722"/>
</Header>
<LocList>
<Loc EndOffset="2848" SrcFileId="17" StartOffset="2722"/>
</LocList>
<StmntSeq Intrnl_Id="2138">
<LocList>
<Loc EndOffset="2845" SrcFileId="17" StartOffset="2806"/>
</LocList>
<BasicStmnt CovItemId="S21" CovItemPrefix="my.PSM.PSM_Storage.DataStoreFacade.java" Intrnl_Id="2139">
<LocList>
<Loc EndOffset="2845" SrcFileId="17" StartOffset="2806"/>
</LocList>
</BasicStmnt>
</StmntSeq>
</HierarchyLvl>
<HierarchyLvl HierarchyLvlId="1407" HierarchyLvlTypeId="26" Intrnl_Id="2140" Name="fetchStartSat">
<Header>
<Loc EndOffset="2891" SrcFileId="17" StartOffset="2850"/>
</Header>
<LocList>
<Loc EndOffset="2982" SrcFileId="17" StartOffset="2850"/>
</LocList>
<StmntSeq Intrnl_Id="2141">
<LocList>
<Loc EndOffset="2979" SrcFileId="17" StartOffset="2938"/>
</LocList>
<BasicStmnt CovItemId="S22" CovItemPrefix="my.PSM.PSM_Storage.DataStoreFacade.java" Intrnl_Id="2142">
<LocList>
<Loc EndOffset="2979" SrcFileId="17" StartOffset="2938"/>
</LocList>
</BasicStmnt>
</StmntSeq>
</HierarchyLvl>
<HierarchyLvl HierarchyLvlId="1408" HierarchyLvlTypeId="26" Intrnl_Id="2143" Name="fetchEndSat">
<Header>
<Loc EndOffset="3023" SrcFileId="17" StartOffset="2984"/>
</Header>
<LocList>
<Loc EndOffset="3110" SrcFileId="17" StartOffset="2984"/>
</LocList>
<StmntSeq Intrnl_Id="2144">
<LocList>
<Loc EndOffset="3107" SrcFileId="17" StartOffset="3068"/>
</LocList>
<BasicStmnt CovItemId="S23" CovItemPrefix="my.PSM.PSM_Storage.DataStoreFacade.java" Intrnl_Id="2145">
<LocList>
<Loc EndOffset="3107" SrcFileId="17" StartOffset="3068"/>
</LocList>
</BasicStmnt>
</StmntSeq>
</HierarchyLvl>
<HierarchyLvl HierarchyLvlId="1409" HierarchyLvlTypeId="26" Intrnl_Id="2146" Name="clearDatabase">
<Header>
<Loc EndOffset="3139" SrcFileId="17" StartOffset="3112"/>
</Header>
<LocList>
<Loc EndOffset="3173" SrcFileId="17" StartOffset="3112"/>
</LocList>
<StmntSeq Intrnl_Id="2147">
<LocList>
<Loc EndOffset="3170" SrcFileId="17" StartOffset="3144"/>
</LocList>
<BasicStmnt CovItemId="S24" CovItemPrefix="my.PSM.PSM_Storage.DataStoreFacade.java" Intrnl_Id="2148">
<LocList>
<Loc EndOffset="3170" SrcFileId="17" StartOffset="3144"/>
</LocList>
</BasicStmnt>
</StmntSeq>
</HierarchyLvl>
<HierarchyLvl HierarchyLvlId="1410" HierarchyLvlTypeId="26" Intrnl_Id="2149" Name="getCourses">
<Header>
<Loc EndOffset="3213" SrcFileId="17" StartOffset="3175"/>
</Header>
<LocList>
<Loc EndOffset="3251" SrcFileId="17" StartOffset="3175"/>
</LocList>
<StmntSeq Intrnl_Id="2150">
<LocList>
<Loc EndOffset="3248" SrcFileId="17" StartOffset="3218"/>
</LocList>
<BasicStmnt CovItemId="S25" CovItemPrefix="my.PSM.PSM_Storage.DataStoreFacade.java" Intrnl_Id="2151">
<LocList>
<Loc EndOffset="3248" SrcFileId="17" StartOffset="3218"/>
</LocList>
</BasicStmnt>
</StmntSeq>
</HierarchyLvl>
<HierarchyLvl HierarchyLvlId="1411" HierarchyLvlTypeId="26" Intrnl_Id="2152" Name="storeClassInfo">
<Header>
<Loc EndOffset="3347" SrcFileId="17" StartOffset="3253"/>
</Header>
<LocList>
<Loc EndOffset="3432" SrcFileId="17" StartOffset="3253"/>
</LocList>
<StmntSeq Intrnl_Id="2153">
<LocList>
<Loc EndOffset="3429" SrcFileId="17" StartOffset="3353"/>
</LocList>
<BasicStmnt CovItemId="S26" CovItemPrefix="my.PSM.PSM_Storage.DataStoreFacade.java" Intrnl_Id="2154">
<LocList>
<Loc EndOffset="3429" SrcFileId="17" StartOffset="3353"/>
</LocList>
</BasicStmnt>
</StmntSeq>
</HierarchyLvl>
<HierarchyLvl HierarchyLvlId="1412" HierarchyLvlTypeId="26" Intrnl_Id="2155" Name="storeClassSched">
<Header>
<Loc EndOffset="3728" SrcFileId="17" StartOffset="3436"/>
</Header>
<LocList>
<Loc EndOffset="3914" SrcFileId="17" StartOffset="3436"/>
</LocList>
<StmntSeq Intrnl_Id="2156">
<LocList>
<Loc EndOffset="3908" SrcFileId="17" StartOffset="3737"/>
</LocList>
<BasicStmnt CovItemId="S27" CovItemPrefix="my.PSM.PSM_Storage.DataStoreFacade.java" Intrnl_Id="2157">
<LocList>
<Loc EndOffset="3908" SrcFileId="17" StartOffset="3737"/>
</LocList>
</BasicStmnt>
</StmntSeq>
</HierarchyLvl>
</HierarchyLvl>
<HierarchyLvl HierarchyLvlId="1442" HierarchyLvlTypeId="25" Intrnl_Id="2158" Name="MySQLManager">
<Header>
<Loc EndOffset="204" SrcFileId="18" StartOffset="179"/>
</Header>
<LocList>
<Loc EndOffset="16242" SrcFileId="18" StartOffset="179"/>
</LocList>
<HierarchyLvl HierarchyLvlId="1414" HierarchyLvlTypeId="26" Intrnl_Id="2159" Name="MySQLManager">
<Header>
<Loc EndOffset="288" SrcFileId="18" StartOffset="267"/>
</Header>
<LocList>
<Loc EndOffset="360" SrcFileId="18" StartOffset="267"/>
</LocList>
<StmntSeq Intrnl_Id="2160">
<LocList>
<Loc EndOffset="306" SrcFileId="18" StartOffset="293"/>
<Loc EndOffset="356" SrcFileId="18" StartOffset="310"/>
</LocList>
<BasicStmnt CovItemId="S1" CovItemPrefix="my.PSM.PSM_Storage.MySQLManager.java" Intrnl_Id="2161">
<LocList>
<Loc EndOffset="306" SrcFileId="18" StartOffset="293"/>
</LocList>
</BasicStmnt>
<BasicStmnt CovItemId="S2" CovItemPrefix="my.PSM.PSM_Storage.MySQLManager.java" Intrnl_Id="2162">
<LocList>
<Loc EndOffset="356" SrcFileId="18" StartOffset="310"/>
</LocList>
</BasicStmnt>
</StmntSeq>
</HierarchyLvl>
<HierarchyLvl HierarchyLvlId="1415" HierarchyLvlTypeId="26" Intrnl_Id="2163" Name="connect">
<Header>
<Loc EndOffset="419" SrcFileId="18" StartOffset="366"/>
</Header>
<LocList>
<Loc EndOffset="834" SrcFileId="18" StartOffset="366"/>
</LocList>
<StmntSeq Intrnl_Id="2164">
<LocList>
<Loc EndOffset="548" SrcFileId="18" StartOffset="509"/>
<Loc EndOffset="611" SrcFileId="18" StartOffset="563"/>
<Loc EndOffset="799" SrcFileId="18" StartOffset="424"/>
<Loc EndOffset="830" SrcFileId="18" StartOffset="821"/>
</LocList>
<BasicStmnt CovItemId="S4" CovItemPrefix="my.PSM.PSM_Storage.MySQLManager.java" Intrnl_Id="2165">
<LocList>
<Loc EndOffset="548" SrcFileId="18" StartOffset="509"/>
</LocList>
</BasicStmnt>
<BasicStmnt CovItemId="S5" CovItemPrefix="my.PSM.PSM_Storage.MySQLManager.java" Intrnl_Id="2166">
<LocList>
<Loc EndOffset="611" SrcFileId="18" StartOffset="563"/>
</LocList>
</BasicStmnt>
<CondStmnt CovItemId="S3" CovItemPrefix="my.PSM.PSM_Storage.MySQLManager.java" Intrnl_Id="2167">
<Branch CovItemId="B1" CovItemPrefix="my.PSM.PSM_Storage.MySQLManager.java" Implct="true" Intrnl_Id="2168">
<Cond/>
<LocList/>
<StmntSeq Intrnl_Id="2169">
<LocList/>
</StmntSeq>
</Branch>
<Branch CovItemId="B2" CovItemPrefix="my.PSM.PSM_Storage.MySQLManager.java" Implct="false" Intrnl_Id="2170">
<Cond>
<Loc EndOffset="694" SrcFileId="18" StartOffset="675"/>
</Cond>
<LocList>
<Loc EndOffset="799" SrcFileId="18" StartOffset="694"/>
</LocList>
<StmntSeq Intrnl_Id="2171">
<LocList>
<Loc EndOffset="730" SrcFileId="18" StartOffset="710"/>
<Loc EndOffset="755" SrcFileId="18" StartOffset="745"/>
</LocList>
<BasicStmnt CovItemId="S6" CovItemPrefix="my.PSM.PSM_Storage.MySQLManager.java" Intrnl_Id="2172">
<LocList>
<Loc EndOffset="730" SrcFileId="18" StartOffset="710"/>
</LocList>
</BasicStmnt>
<BasicStmnt CovItemId="S7" CovItemPrefix="my.PSM.PSM_Storage.MySQLManager.java" Intrnl_Id="2173">
<LocList>
<Loc EndOffset="755" SrcFileId="18" StartOffset="745"/>
</LocList>
</BasicStmnt>
</StmntSeq>
</Branch>
<Keyword EndOffset="427" SrcFileId="18" StartOffset="424"/>
<LocList>
<Loc EndOffset="799" SrcFileId="18" StartOffset="424"/>
</LocList>
</CondStmnt>
<BasicStmnt CovItemId="S8" CovItemPrefix="my.PSM.PSM_Storage.MySQLManager.java" Intrnl_Id="2174">
<LocList>
<Loc EndOffset="830" SrcFileId="18" StartOffset="821"/>
</LocList>
</BasicStmnt>
</StmntSeq>
</HierarchyLvl>
<HierarchyLvl HierarchyLvlId="1416" HierarchyLvlTypeId="26" Intrnl_Id="2175" Name="connect">
<Header>
<Loc EndOffset="881" SrcFileId="18" StartOffset="840"/>
</Header>
<LocList>
<Loc EndOffset="925" SrcFileId="18" StartOffset="840"/>
</LocList>
<StmntSeq Intrnl_Id="2176">
<LocList>
<Loc EndOffset="921" SrcFileId="18" StartOffset="886"/>
</LocList>
<BasicStmnt CovItemId="S9" CovItemPrefix="my.PSM.PSM_Storage.MySQLManager.java" Intrnl_Id="2177">
<LocList>
<Loc EndOffset="921" SrcFileId="18" StartOffset="886"/>
</LocList>
</BasicStmnt>
</StmntSeq>
</HierarchyLvl>
<HierarchyLvl HierarchyLvlId="1417" HierarchyLvlTypeId="26" Intrnl_Id="2178" Name="disconnect">
<Header>
<Loc EndOffset="954" SrcFileId="18" StartOffset="931"/>
</Header>
<LocList>
<Loc EndOffset="1222" SrcFileId="18" StartOffset="931"/>
</LocList>
<StmntSeq Intrnl_Id="2179">
<LocList>
<Loc EndOffset="1196" SrcFileId="18" StartOffset="971"/>
<Loc EndOffset="1215" SrcFileId="18" StartOffset="1206"/>
</LocList>
<CondStmnt CovItemId="S10" CovItemPrefix="my.PSM.PSM_Storage.MySQLManager.java" Intrnl_Id="2180">
<Branch CovItemId="B3" CovItemPrefix="my.PSM.PSM_Storage.MySQLManager.java" Implct="false" Intrnl_Id="2181">
<Cond/>
<LocList>
<Loc EndOffset="1196" SrcFileId="18" StartOffset="988"/>
</LocList>
<StmntSeq Intrnl_Id="2182">
<LocList>
<Loc EndOffset="1039" SrcFileId="18" StartOffset="1025"/>
<Loc EndOffset="1185" SrcFileId="18" StartOffset="1003"/>
</LocList>
<BasicStmnt CovItemId="S12" CovItemPrefix="my.PSM.PSM_Storage.MySQLManager.java" Intrnl_Id="2183">
<LocList>
<Loc EndOffset="1039" SrcFileId="18" StartOffset="1025"/>
</LocList>
</BasicStmnt>
<CondStmnt CovItemId="S11" CovItemPrefix="my.PSM.PSM_Storage.MySQLManager.java" Intrnl_Id="2184">
<Branch CovItemId="B5" CovItemPrefix="my.PSM.PSM_Storage.MySQLManager.java" Implct="true" Intrnl_Id="2185">
<Cond/>
<LocList/>
<StmntSeq Intrnl_Id="2186">
<LocList/>
</StmntSeq>
</Branch>
<Branch CovItemId="B6" CovItemPrefix="my.PSM.PSM_Storage.MySQLManager.java" Implct="false" Intrnl_Id="2187">
<Cond>
<Loc EndOffset="1103" SrcFileId="18" StartOffset="1085"/>
</Cond>
<LocList>
<Loc EndOffset="1185" SrcFileId="18" StartOffset="1103"/>
</LocList>
<StmntSeq Intrnl_Id="2188">
<LocList>
<Loc EndOffset="1142" SrcFileId="18" StartOffset="1122"/>
<Loc EndOffset="1170" SrcFileId="18" StartOffset="1160"/>
</LocList>
<BasicStmnt CovItemId="S13" CovItemPrefix="my.PSM.PSM_Storage.MySQLManager.java" Intrnl_Id="2189">
<LocList>
<Loc EndOffset="1142" SrcFileId="18" StartOffset="1122"/>
</LocList>
</BasicStmnt>
<BasicStmnt CovItemId="S14" CovItemPrefix="my.PSM.PSM_Storage.MySQLManager.java" Intrnl_Id="2190">
<LocList>
<Loc EndOffset="1170" SrcFileId="18" StartOffset="1160"/>
</LocList>
</BasicStmnt>
</StmntSeq>
</Branch>
<Keyword EndOffset="1006" SrcFileId="18" StartOffset="1003"/>
<LocList>
<Loc EndOffset="1185" SrcFileId="18" StartOffset="1003"/>
</LocList>
</CondStmnt>
</StmntSeq>
</Branch>
<Branch CovItemId="B4" CovItemPrefix="my.PSM.PSM_Storage.MySQLManager.java" Implct="true" Intrnl_Id="2191">
<Cond/>
<LocList/>
<StmntSeq Intrnl_Id="2192">
<LocList/>
</StmntSeq>
</Branch>
<Keyword EndOffset="973" SrcFileId="18" StartOffset="971"/>
<LocList>
<Loc EndOffset="1196" SrcFileId="18" StartOffset="971"/>
</LocList>
<RootTerm CovItemId="C1" CovItemPrefix="my.PSM.PSM_Storage.MySQLManager.java" Intrnl_Id="2193">
<BasicBoolTerm Intrnl_Id="2194">
<LocList>
<Loc EndOffset="987" SrcFileId="18" StartOffset="974"/>
</LocList>
</BasicBoolTerm>
</RootTerm>
</CondStmnt>
<BasicStmnt CovItemId="S15" CovItemPrefix="my.PSM.PSM_Storage.MySQLManager.java" Intrnl_Id="2195">
<LocList>
<Loc EndOffset="1215" SrcFileId="18" StartOffset="1206"/>
</LocList>
</BasicStmnt>
</StmntSeq>
</HierarchyLvl>
<HierarchyLvl HierarchyLvlId="1418" HierarchyLvlTypeId="26" Intrnl_Id="2196" Name="fetchCourseID">
<Header>
<Loc EndOffset="1263" SrcFileId="18" StartOffset="1225"/>
</Header>
<LocList>
<Loc EndOffset="1903" SrcFileId="18" StartOffset="1225"/>
</LocList>
<StmntSeq Intrnl_Id="2197">
<LocList>
<Loc EndOffset="1395" SrcFileId="18" StartOffset="1357"/>
<Loc EndOffset="1606" SrcFileId="18" StartOffset="1523"/>
<Loc EndOffset="1653" SrcFileId="18" StartOffset="1620"/>
<Loc EndOffset="1678" SrcFileId="18" StartOffset="1667"/>
<Loc EndOffset="1757" SrcFileId="18" StartOffset="1726"/>
<Loc EndOffset="1887" SrcFileId="18" StartOffset="1339"/>
</LocList>
<BasicStmnt CovItemId="S17" CovItemPrefix="my.PSM.PSM_Storage.MySQLManager.java" Intrnl_Id="2198">
<LocList>
<Loc EndOffset="1395" SrcFileId="18" StartOffset="1357"/>
</LocList>
</BasicStmnt>
<BasicStmnt CovItemId="S18" CovItemPrefix="my.PSM.PSM_Storage.MySQLManager.java" Intrnl_Id="2199">
<LocList>
<Loc EndOffset="1606" SrcFileId="18" StartOffset="1523"/>
</LocList>
</BasicStmnt>
<BasicStmnt CovItemId="S19" CovItemPrefix="my.PSM.PSM_Storage.MySQLManager.java" Intrnl_Id="2200">
<LocList>
<Loc EndOffset="1653" SrcFileId="18" StartOffset="1620"/>
</LocList>
</BasicStmnt>
<BasicStmnt CovItemId="S20" CovItemPrefix="my.PSM.PSM_Storage.MySQLManager.java" Intrnl_Id="2201">
<LocList>
<Loc EndOffset="1678" SrcFileId="18" StartOffset="1667"/>
</LocList>
</BasicStmnt>
<BasicStmnt CovItemId="S21" CovItemPrefix="my.PSM.PSM_Storage.MySQLManager.java" Intrnl_Id="2202">
<LocList>
<Loc EndOffset="1757" SrcFileId="18" StartOffset="1726"/>
</LocList>
</BasicStmnt>
<CondStmnt CovItemId="S16" CovItemPrefix="my.PSM.PSM_Storage.MySQLManager.java" Intrnl_Id="2203">
<Branch CovItemId="B7" CovItemPrefix="my.PSM.PSM_Storage.MySQLManager.java" Implct="true" Intrnl_Id="2204">
<Cond/>
<LocList/>
<StmntSeq Intrnl_Id="2205">
<LocList/>
</StmntSeq>
</Branch>
<Branch CovItemId="B8" CovItemPrefix="my.PSM.PSM_Storage.MySQLManager.java" Implct="false" Intrnl_Id="2206">
<Cond>
<Loc EndOffset="1817" SrcFileId="18" StartOffset="1799"/>
</Cond>
<LocList>
<Loc EndOffset="1887" SrcFileId="18" StartOffset="1817"/>
</LocList>
<StmntSeq Intrnl_Id="2207">
<LocList>
<Loc EndOffset="1852" SrcFileId="18" StartOffset="1832"/>
<Loc EndOffset="1876" SrcFileId="18" StartOffset="1866"/>
</LocList>
<BasicStmnt CovItemId="S22" CovItemPrefix="my.PSM.PSM_Storage.MySQLManager.java" Intrnl_Id="2208">
<LocList>
<Loc EndOffset="1852" SrcFileId="18" StartOffset="1832"/>
</LocList>
</BasicStmnt>
<BasicStmnt CovItemId="S23" CovItemPrefix="my.PSM.PSM_Storage.MySQLManager.java" Intrnl_Id="2209">
<LocList>
<Loc EndOffset="1876" SrcFileId="18" StartOffset="1866"/>
</LocList>
</BasicStmnt>
</StmntSeq>
</Branch>
<Keyword EndOffset="1342" SrcFileId="18" StartOffset="1339"/>
<LocList>
<Loc EndOffset="1887" SrcFileId="18" StartOffset="1339"/>
</LocList>
</CondStmnt>
</StmntSeq>
</HierarchyLvl>
<HierarchyLvl HierarchyLvlId="1419" HierarchyLvlTypeId="26" Intrnl_Id="2210" Name="getEndDates">
<Header>
<Loc EndOffset="1947" SrcFileId="18" StartOffset="1909"/>
</Header>
<LocList>
<Loc EndOffset="2493" SrcFileId="18" StartOffset="1909"/>
</LocList>
<StmntSeq Intrnl_Id="2211">
<LocList>
<Loc EndOffset="2005" SrcFileId="18" StartOffset="1952"/>
<Loc EndOffset="2081" SrcFileId="18" StartOffset="2043"/>
<Loc EndOffset="2143" SrcFileId="18" StartOffset="2095"/>
<Loc EndOffset="2190" SrcFileId="18" StartOffset="2157"/>
<Loc EndOffset="2330" SrcFileId="18" StartOffset="2218"/>
<Loc EndOffset="2453" SrcFileId="18" StartOffset="2025"/>
<Loc EndOffset="2489" SrcFileId="18" StartOffset="2473"/>
</LocList>
<BasicStmnt CovItemId="S24" CovItemPrefix="my.PSM.PSM_Storage.MySQLManager.java" Intrnl_Id="2212">
<LocList>
<Loc EndOffset="2005" SrcFileId="18" StartOffset="1952"/>
</LocList>
</BasicStmnt>
<BasicStmnt CovItemId="S26" CovItemPrefix="my.PSM.PSM_Storage.MySQLManager.java" Intrnl_Id="2213">
<LocList>
<Loc EndOffset="2081" SrcFileId="18" StartOffset="2043"/>
</LocList>
</BasicStmnt>
<BasicStmnt CovItemId="S27" CovItemPrefix="my.PSM.PSM_Storage.MySQLManager.java" Intrnl_Id="2214">
<LocList>
<Loc EndOffset="2143" SrcFileId="18" StartOffset="2095"/>
</LocList>
</BasicStmnt>
<BasicStmnt CovItemId="S28" CovItemPrefix="my.PSM.PSM_Storage.MySQLManager.java" Intrnl_Id="2215">
<LocList>
<Loc EndOffset="2190" SrcFileId="18" StartOffset="2157"/>
</LocList>
</BasicStmnt>
<LoopStmnt CovItemId="S29" CovItemPrefix="my.PSM.PSM_Storage.MySQLManager.java" Intrnl_Id="2216" MltplExecId="L1-2" MltplExecPrefix="my.PSM.PSM_Storage.MySQLManager.java" NvrExecId="L1-0" NvrExecPrefix="my.PSM.PSM_Storage.MySQLManager.java" OnceExecutedId="L1-1" OnceExecutedPrefix="my.PSM.PSM_Storage.MySQLManager.java" OptBodyExec="true">
<StmntSeq Intrnl_Id="2217">
<LocList>
<Loc EndOffset="2308" SrcFileId="18" StartOffset="2268"/>
</LocList>
<BasicStmnt CovItemId="S30" CovItemPrefix="my.PSM.PSM_Storage.MySQLManager.java" Intrnl_Id="2218">
<LocList>
<Loc EndOffset="2308" SrcFileId="18" StartOffset="2268"/>
</LocList>
</BasicStmnt>
</StmntSeq>
<Keyword EndOffset="2223" SrcFileId="18" StartOffset="2218"/>
<LocList>
<Loc EndOffset="2330" SrcFileId="18" StartOffset="2218"/>
</LocList>
<RootTerm CovItemId="C2" CovItemPrefix="my.PSM.PSM_Storage.MySQLManager.java" Intrnl_Id="2219">
<BasicBoolTerm Intrnl_Id="2220">
<LocList>
<Loc EndOffset="2234" SrcFileId="18" StartOffset="2224"/>
</LocList>
</BasicBoolTerm>
</RootTerm>
</LoopStmnt>
<CondStmnt CovItemId="S25" CovItemPrefix="my.PSM.PSM_Storage.MySQLManager.java" Intrnl_Id="2221">
<Branch CovItemId="B9" CovItemPrefix="my.PSM.PSM_Storage.MySQLManager.java" Implct="true" Intrnl_Id="2222">
<Cond/>
<LocList/>
<StmntSeq Intrnl_Id="2223">
<LocList/>
</StmntSeq>
</Branch>
<Branch CovItemId="B10" CovItemPrefix="my.PSM.PSM_Storage.MySQLManager.java" Implct="false" Intrnl_Id="2224">
<Cond>
<Loc EndOffset="2397" SrcFileId="18" StartOffset="2379"/>
</Cond>
<LocList>
<Loc EndOffset="2453" SrcFileId="18" StartOffset="2407"/>
</LocList>
<StmntSeq Intrnl_Id="2225">
<LocList>
<Loc EndOffset="2442" SrcFileId="18" StartOffset="2422"/>
</LocList>
<BasicStmnt CovItemId="S31" CovItemPrefix="my.PSM.PSM_Storage.MySQLManager.java" Intrnl_Id="2226">
<LocList>
<Loc EndOffset="2442" SrcFileId="18" StartOffset="2422"/>
</LocList>
</BasicStmnt>
</StmntSeq>
</Branch>
<Keyword EndOffset="2028" SrcFileId="18" StartOffset="2025"/>
<LocList>
<Loc EndOffset="2453" SrcFileId="18" StartOffset="2025"/>
</LocList>
</CondStmnt>
<BasicStmnt CovItemId="S32" CovItemPrefix="my.PSM.PSM_Storage.MySQLManager.java" Intrnl_Id="2227">
<LocList>
<Loc EndOffset="2489" SrcFileId="18" StartOffset="2473"/>
</LocList>
</BasicStmnt>
</StmntSeq>
</HierarchyLvl>
<HierarchyLvl HierarchyLvlId="1420" HierarchyLvlTypeId="26" Intrnl_Id="2228" Name="getCourses">
<Header>
<Loc EndOffset="2537" SrcFileId="18" StartOffset="2499"/>
</Header>
<LocList>
<Loc EndOffset="3071" SrcFileId="18" StartOffset="2499"/>
</LocList>
<StmntSeq Intrnl_Id="2229">
<LocList>
<Loc EndOffset="2599" SrcFileId="18" StartOffset="2542"/>
<Loc EndOffset="2665" SrcFileId="18" StartOffset="2627"/>
<Loc EndOffset="2728" SrcFileId="18" StartOffset="2679"/>
<Loc EndOffset="2775" SrcFileId="18" StartOffset="2742"/>
<Loc EndOffset="2915" SrcFileId="18" StartOffset="2803"/>
<Loc EndOffset="3038" SrcFileId="18" StartOffset="2609"/>
<Loc EndOffset="3067" SrcFileId="18" StartOffset="3049"/>
</LocList>
<BasicStmnt CovItemId="S33" CovItemPrefix="my.PSM.PSM_Storage.MySQLManager.java" Intrnl_Id="2230">
<LocList>
<Loc EndOffset="2599" SrcFileId="18" StartOffset="2542"/>
</LocList>
</BasicStmnt>
<BasicStmnt CovItemId="S35" CovItemPrefix="my.PSM.PSM_Storage.MySQLManager.java" Intrnl_Id="2231">
<LocList>
<Loc EndOffset="2665" SrcFileId="18" StartOffset="2627"/>
</LocList>
</BasicStmnt>
<BasicStmnt CovItemId="S36" CovItemPrefix="my.PSM.PSM_Storage.MySQLManager.java" Intrnl_Id="2232">
<LocList>
<Loc EndOffset="2728" SrcFileId="18" StartOffset="2679"/>
</LocList>
</BasicStmnt>
<BasicStmnt CovItemId="S37" CovItemPrefix="my.PSM.PSM_Storage.MySQLManager.java" Intrnl_Id="2233">
<LocList>
<Loc EndOffset="2775" SrcFileId="18" StartOffset="2742"/>
</LocList>
</BasicStmnt>
<LoopStmnt CovItemId="S38" CovItemPrefix="my.PSM.PSM_Storage.MySQLManager.java" Intrnl_Id="2234" MltplExecId="L2-2" MltplExecPrefix="my.PSM.PSM_Storage.MySQLManager.java" NvrExecId="L2-0" NvrExecPrefix="my.PSM.PSM_Storage.MySQLManager.java" OnceExecutedId="L2-1" OnceExecutedPrefix="my.PSM.PSM_Storage.MySQLManager.java" OptBodyExec="true">
<StmntSeq Intrnl_Id="2235">
<LocList>
<Loc EndOffset="2893" SrcFileId="18" StartOffset="2853"/>
</LocList>
<BasicStmnt CovItemId="S39" CovItemPrefix="my.PSM.PSM_Storage.MySQLManager.java" Intrnl_Id="2236">
<LocList>
<Loc EndOffset="2893" SrcFileId="18" StartOffset="2853"/>
</LocList>
</BasicStmnt>
</StmntSeq>
<Keyword EndOffset="2808" SrcFileId="18" StartOffset="2803"/>
<LocList>
<Loc EndOffset="2915" SrcFileId="18" StartOffset="2803"/>
</LocList>
<RootTerm CovItemId="C3" CovItemPrefix="my.PSM.PSM_Storage.MySQLManager.java" Intrnl_Id="2237">
<BasicBoolTerm Intrnl_Id="2238">
<LocList>
<Loc EndOffset="2819" SrcFileId="18" StartOffset="2809"/>
</LocList>
</BasicBoolTerm>
</RootTerm>
</LoopStmnt>
<CondStmnt CovItemId="S34" CovItemPrefix="my.PSM.PSM_Storage.MySQLManager.java" Intrnl_Id="2239">
<Branch CovItemId="B11" CovItemPrefix="my.PSM.PSM_Storage.MySQLManager.java" Implct="true" Intrnl_Id="2240">
<Cond/>
<LocList/>
<StmntSeq Intrnl_Id="2241">
<LocList/>
</StmntSeq>
</Branch>
<Branch CovItemId="B12" CovItemPrefix="my.PSM.PSM_Storage.MySQLManager.java" Implct="false" Intrnl_Id="2242">
<Cond>
<Loc EndOffset="2982" SrcFileId="18" StartOffset="2964"/>
</Cond>
<LocList>
<Loc EndOffset="3038" SrcFileId="18" StartOffset="2992"/>
</LocList>
<StmntSeq Intrnl_Id="2243">
<LocList>
<Loc EndOffset="3027" SrcFileId="18" StartOffset="3007"/>
</LocList>
<BasicStmnt CovItemId="S40" CovItemPrefix="my.PSM.PSM_Storage.MySQLManager.java" Intrnl_Id="2244">
<LocList>
<Loc EndOffset="3027" SrcFileId="18" StartOffset="3007"/>
</LocList>
</BasicStmnt>
</StmntSeq>
</Branch>
<Keyword EndOffset="2612" SrcFileId="18" StartOffset="2609"/>
<LocList>
<Loc EndOffset="3038" SrcFileId="18" StartOffset="2609"/>
</LocList>
</CondStmnt>
<BasicStmnt CovItemId="S41" CovItemPrefix="my.PSM.PSM_Storage.MySQLManager.java" Intrnl_Id="2245">
<LocList>
<Loc EndOffset="3067" SrcFileId="18" StartOffset="3049"/>
</LocList>
</BasicStmnt>
</StmntSeq>
</HierarchyLvl>
<HierarchyLvl HierarchyLvlId="1421" HierarchyLvlTypeId="26" Intrnl_Id="2246" Name="fetchCourseSubj">
<Header>
<Loc EndOffset="3120" SrcFileId="18" StartOffset="3077"/>
</Header>
<LocList>
<Loc EndOffset="3775" SrcFileId="18" StartOffset="3077"/>
</LocList>
<StmntSeq Intrnl_Id="2247">
<LocList>
<Loc EndOffset="3252" SrcFileId="18" StartOffset="3214"/>
<Loc EndOffset="3468" SrcFileId="18" StartOffset="3380"/>
<Loc EndOffset="3515" SrcFileId="18" StartOffset="3482"/>
<Loc EndOffset="3540" SrcFileId="18" StartOffset="3529"/>
<Loc EndOffset="3627" SrcFileId="18" StartOffset="3588"/>
<Loc EndOffset="3759" SrcFileId="18" StartOffset="3196"/>
</LocList>
<BasicStmnt CovItemId="S43" CovItemPrefix="my.PSM.PSM_Storage.MySQLManager.java" Intrnl_Id="2248">
<LocList>
<Loc EndOffset="3252" SrcFileId="18" StartOffset="3214"/>
</LocList>
</BasicStmnt>
<BasicStmnt CovItemId="S44" CovItemPrefix="my.PSM.PSM_Storage.MySQLManager.java" Intrnl_Id="2249">
<LocList>
<Loc EndOffset="3468" SrcFileId="18" StartOffset="3380"/>
</LocList>
</BasicStmnt>
<BasicStmnt CovItemId="S45" CovItemPrefix="my.PSM.PSM_Storage.MySQLManager.java" Intrnl_Id="2250">
<LocList>
<Loc EndOffset="3515" SrcFileId="18" StartOffset="3482"/>
</LocList>
</BasicStmnt>
<BasicStmnt CovItemId="S46" CovItemPrefix="my.PSM.PSM_Storage.MySQLManager.java" Intrnl_Id="2251">
<LocList>
<Loc EndOffset="3540" SrcFileId="18" StartOffset="3529"/>
</LocList>
</BasicStmnt>
<BasicStmnt CovItemId="S47" CovItemPrefix="my.PSM.PSM_Storage.MySQLManager.java" Intrnl_Id="2252">
<LocList>
<Loc EndOffset="3627" SrcFileId="18" StartOffset="3588"/>
</LocList>
</BasicStmnt>
<CondStmnt CovItemId="S42" CovItemPrefix="my.PSM.PSM_Storage.MySQLManager.java" Intrnl_Id="2253">
<Branch CovItemId="B13" CovItemPrefix="my.PSM.PSM_Storage.MySQLManager.java" Implct="true" Intrnl_Id="2254">
<Cond/>
<LocList/>
<StmntSeq Intrnl_Id="2255">
<LocList/>
</StmntSeq>
</Branch>
<Branch CovItemId="B14" CovItemPrefix="my.PSM.PSM_Storage.MySQLManager.java" Implct="false" Intrnl_Id="2256">
<Cond>
<Loc EndOffset="3687" SrcFileId="18" StartOffset="3669"/>
</Cond>
<LocList>
<Loc EndOffset="3759" SrcFileId="18" StartOffset="3687"/>
</LocList>
<StmntSeq Intrnl_Id="2257">
<LocList>
<Loc EndOffset="3722" SrcFileId="18" StartOffset="3702"/>
<Loc EndOffset="3748" SrcFileId="18" StartOffset="3736"/>
</LocList>
<BasicStmnt CovItemId="S48" CovItemPrefix="my.PSM.PSM_Storage.MySQLManager.java" Intrnl_Id="2258">
<LocList>
<Loc EndOffset="3722" SrcFileId="18" StartOffset="3702"/>
</LocList>
</BasicStmnt>
<BasicStmnt CovItemId="S49" CovItemPrefix="my.PSM.PSM_Storage.MySQLManager.java" Intrnl_Id="2259">
<LocList>
<Loc EndOffset="3748" SrcFileId="18" StartOffset="3736"/>
</LocList>
</BasicStmnt>
</StmntSeq>
</Branch>
<Keyword EndOffset="3199" SrcFileId="18" StartOffset="3196"/>
<LocList>
<Loc EndOffset="3759" SrcFileId="18" StartOffset="3196"/>
</LocList>
</CondStmnt>
</StmntSeq>
</HierarchyLvl>
<HierarchyLvl HierarchyLvlId="1422" HierarchyLvlTypeId="26" Intrnl_Id="2260" Name="fetchCourseName">
<Header>
<Loc EndOffset="3830" SrcFileId="18" StartOffset="3787"/>
</Header>
<LocList>
<Loc EndOffset="4479" SrcFileId="18" StartOffset="3787"/>
</LocList>
<StmntSeq Intrnl_Id="2261">
<LocList>
<Loc EndOffset="3962" SrcFileId="18" StartOffset="3924"/>
<Loc EndOffset="4175" SrcFileId="18" StartOffset="4090"/>
<Loc EndOffset="4222" SrcFileId="18" StartOffset="4189"/>
<Loc EndOffset="4247" SrcFileId="18" StartOffset="4236"/>
<Loc EndOffset="4331" SrcFileId="18" StartOffset="4295"/>
<Loc EndOffset="4463" SrcFileId="18" StartOffset="3906"/>
</LocList>
<BasicStmnt CovItemId="S51" CovItemPrefix="my.PSM.PSM_Storage.MySQLManager.java" Intrnl_Id="2262">
<LocList>
<Loc EndOffset="3962" SrcFileId="18" StartOffset="3924"/>
</LocList>
</BasicStmnt>
<BasicStmnt CovItemId="S52" CovItemPrefix="my.PSM.PSM_Storage.MySQLManager.java" Intrnl_Id="2263">
<LocList>
<Loc EndOffset="4175" SrcFileId="18" StartOffset="4090"/>
</LocList>
</BasicStmnt>
<BasicStmnt CovItemId="S53" CovItemPrefix="my.PSM.PSM_Storage.MySQLManager.java" Intrnl_Id="2264">
<LocList>
<Loc EndOffset="4222" SrcFileId="18" StartOffset="4189"/>
</LocList>
</BasicStmnt>
<BasicStmnt CovItemId="S54" CovItemPrefix="my.PSM.PSM_Storage.MySQLManager.java" Intrnl_Id="2265">
<LocList>
<Loc EndOffset="4247" SrcFileId="18" StartOffset="4236"/>
</LocList>
</BasicStmnt>
<BasicStmnt CovItemId="S55" CovItemPrefix="my.PSM.PSM_Storage.MySQLManager.java" Intrnl_Id="2266">
<LocList>
<Loc EndOffset="4331" SrcFileId="18" StartOffset="4295"/>
</LocList>
</BasicStmnt>
<CondStmnt CovItemId="S50" CovItemPrefix="my.PSM.PSM_Storage.MySQLManager.java" Intrnl_Id="2267">
<Branch CovItemId="B15" CovItemPrefix="my.PSM.PSM_Storage.MySQLManager.java" Implct="true" Intrnl_Id="2268">
<Cond/>
<LocList/>
<StmntSeq Intrnl_Id="2269">
<LocList/>
</StmntSeq>
</Branch>
<Branch CovItemId="B16" CovItemPrefix="my.PSM.PSM_Storage.MySQLManager.java" Implct="false" Intrnl_Id="2270">
<Cond>
<Loc EndOffset="4391" SrcFileId="18" StartOffset="4373"/>
</Cond>
<LocList>
<Loc EndOffset="4463" SrcFileId="18" StartOffset="4391"/>
</LocList>
<StmntSeq Intrnl_Id="2271">
<LocList>
<Loc EndOffset="4426" SrcFileId="18" StartOffset="4406"/>
<Loc EndOffset="4452" SrcFileId="18" StartOffset="4440"/>
</LocList>
<BasicStmnt CovItemId="S56" CovItemPrefix="my.PSM.PSM_Storage.MySQLManager.java" Intrnl_Id="2272">
<LocList>
<Loc EndOffset="4426" SrcFileId="18" StartOffset="4406"/>
</LocList>
</BasicStmnt>
<BasicStmnt CovItemId="S57" CovItemPrefix="my.PSM.PSM_Storage.MySQLManager.java" Intrnl_Id="2273">
<LocList>
<Loc EndOffset="4452" SrcFileId="18" StartOffset="4440"/>
</LocList>
</BasicStmnt>
</StmntSeq>
</Branch>
<Keyword EndOffset="3909" SrcFileId="18" StartOffset="3906"/>
<LocList>
<Loc EndOffset="4463" SrcFileId="18" StartOffset="3906"/>
</LocList>
</CondStmnt>
</StmntSeq>
</HierarchyLvl>
<HierarchyLvl HierarchyLvlId="1423" HierarchyLvlTypeId="26" Intrnl_Id="2274" Name="fetchCourseSemester">
<Header>
<Loc EndOffset="4538" SrcFileId="18" StartOffset="4491"/>
</Header>
<LocList>
<Loc EndOffset="5181" SrcFileId="18" StartOffset="4491"/>
</LocList>
<StmntSeq Intrnl_Id="2275">
<LocList>
<Loc EndOffset="4670" SrcFileId="18" StartOffset="4632"/>
<Loc EndOffset="4880" SrcFileId="18" StartOffset="4798"/>
<Loc EndOffset="4927" SrcFileId="18" StartOffset="4894"/>
<Loc EndOffset="4952" SrcFileId="18" StartOffset="4941"/>
<Loc EndOffset="5033" SrcFileId="18" StartOffset="5000"/>
<Loc EndOffset="5165" SrcFileId="18" StartOffset="4614"/>
</LocList>
<BasicStmnt CovItemId="S59" CovItemPrefix="my.PSM.PSM_Storage.MySQLManager.java" Intrnl_Id="2276">
<LocList>
<Loc EndOffset="4670" SrcFileId="18" StartOffset="4632"/>
</LocList>
</BasicStmnt>
<BasicStmnt CovItemId="S60" CovItemPrefix="my.PSM.PSM_Storage.MySQLManager.java" Intrnl_Id="2277">
<LocList>
<Loc EndOffset="4880" SrcFileId="18" StartOffset="4798"/>
</LocList>
</BasicStmnt>
<BasicStmnt CovItemId="S61" CovItemPrefix="my.PSM.PSM_Storage.MySQLManager.java" Intrnl_Id="2278">
<LocList>
<Loc EndOffset="4927" SrcFileId="18" StartOffset="4894"/>
</LocList>
</BasicStmnt>
<BasicStmnt CovItemId="S62" CovItemPrefix="my.PSM.PSM_Storage.MySQLManager.java" Intrnl_Id="2279">
<LocList>
<Loc EndOffset="4952" SrcFileId="18" StartOffset="4941"/>
</LocList>
</BasicStmnt>
<BasicStmnt CovItemId="S63" CovItemPrefix="my.PSM.PSM_Storage.MySQLManager.java" Intrnl_Id="2280">
<LocList>
<Loc EndOffset="5033" SrcFileId="18" StartOffset="5000"/>
</LocList>
</BasicStmnt>
<CondStmnt CovItemId="S58" CovItemPrefix="my.PSM.PSM_Storage.MySQLManager.java" Intrnl_Id="2281">
<Branch CovItemId="B17" CovItemPrefix="my.PSM.PSM_Storage.MySQLManager.java" Implct="true" Intrnl_Id="2282">
<Cond/>
<LocList/>
<StmntSeq Intrnl_Id="2283">
<LocList/>
</StmntSeq>
</Branch>
<Branch CovItemId="B18" CovItemPrefix="my.PSM.PSM_Storage.MySQLManager.java" Implct="false" Intrnl_Id="2284">
<Cond>
<Loc EndOffset="5093" SrcFileId="18" StartOffset="5075"/>
</Cond>
<LocList>
<Loc EndOffset="5165" SrcFileId="18" StartOffset="5093"/>
</LocList>
<StmntSeq Intrnl_Id="2285">
<LocList>
<Loc EndOffset="5128" SrcFileId="18" StartOffset="5108"/>
<Loc EndOffset="5154" SrcFileId="18" StartOffset="5142"/>
</LocList>
<BasicStmnt CovItemId="S64" CovItemPrefix="my.PSM.PSM_Storage.MySQLManager.java" Intrnl_Id="2286">
<LocList>
<Loc EndOffset="5128" SrcFileId="18" StartOffset="5108"/>
</LocList>
</BasicStmnt>
<BasicStmnt CovItemId="S65" CovItemPrefix="my.PSM.PSM_Storage.MySQLManager.java" Intrnl_Id="2287">
<LocList>
<Loc EndOffset="5154" SrcFileId="18" StartOffset="5142"/>
</LocList>
</BasicStmnt>
</StmntSeq>
</Branch>
<Keyword EndOffset="4617" SrcFileId="18" StartOffset="4614"/>
<LocList>
<Loc EndOffset="5165" SrcFileId="18" StartOffset="4614"/>
</LocList>
</CondStmnt>
</StmntSeq>
</HierarchyLvl>
<HierarchyLvl HierarchyLvlId="1424" HierarchyLvlTypeId="26" Intrnl_Id="2288" Name="fetchCourseStart">
<Header>
<Loc EndOffset="5237" SrcFileId="18" StartOffset="5193"/>
</Header>
<LocList>
<Loc EndOffset="5884" SrcFileId="18" StartOffset="5193"/>
</LocList>
<StmntSeq Intrnl_Id="2289">
<LocList>
<Loc EndOffset="5369" SrcFileId="18" StartOffset="5331"/>
<Loc EndOffset="5581" SrcFileId="18" StartOffset="5497"/>
<Loc EndOffset="5628" SrcFileId="18" StartOffset="5595"/>
<Loc EndOffset="5653" SrcFileId="18" StartOffset="5642"/>
<Loc EndOffset="5736" SrcFileId="18" StartOffset="5701"/>
<Loc EndOffset="5868" SrcFileId="18" StartOffset="5313"/>
</LocList>
<BasicStmnt CovItemId="S67" CovItemPrefix="my.PSM.PSM_Storage.MySQLManager.java" Intrnl_Id="2290">
<LocList>
<Loc EndOffset="5369" SrcFileId="18" StartOffset="5331"/>
</LocList>
</BasicStmnt>
<BasicStmnt CovItemId="S68" CovItemPrefix="my.PSM.PSM_Storage.MySQLManager.java" Intrnl_Id="2291">
<LocList>
<Loc EndOffset="5581" SrcFileId="18" StartOffset="5497"/>
</LocList>
</BasicStmnt>
<BasicStmnt CovItemId="S69" CovItemPrefix="my.PSM.PSM_Storage.MySQLManager.java" Intrnl_Id="2292">
<LocList>
<Loc EndOffset="5628" SrcFileId="18" StartOffset="5595"/>
</LocList>
</BasicStmnt>
<BasicStmnt CovItemId="S70" CovItemPrefix="my.PSM.PSM_Storage.MySQLManager.java" Intrnl_Id="2293">
<LocList>
<Loc EndOffset="5653" SrcFileId="18" StartOffset="5642"/>
</LocList>
</BasicStmnt>
<BasicStmnt CovItemId="S71" CovItemPrefix="my.PSM.PSM_Storage.MySQLManager.java" Intrnl_Id="2294">
<LocList>
<Loc EndOffset="5736" SrcFileId="18" StartOffset="5701"/>
</LocList>
</BasicStmnt>
<CondStmnt CovItemId="S66" CovItemPrefix="my.PSM.PSM_Storage.MySQLManager.java" Intrnl_Id="2295">
<Branch CovItemId="B19" CovItemPrefix="my.PSM.PSM_Storage.MySQLManager.java" Implct="true" Intrnl_Id="2296">
<Cond/>
<LocList/>
<StmntSeq Intrnl_Id="2297">
<LocList/>
</StmntSeq>
</Branch>
<Branch CovItemId="B20" CovItemPrefix="my.PSM.PSM_Storage.MySQLManager.java" Implct="false" Intrnl_Id="2298">
<Cond>
<Loc EndOffset="5796" SrcFileId="18" StartOffset="5778"/>
</Cond>
<LocList>
<Loc EndOffset="5868" SrcFileId="18" StartOffset="5796"/>
</LocList>
<StmntSeq Intrnl_Id="2299">
<LocList>
<Loc EndOffset="5831" SrcFileId="18" StartOffset="5811"/>
<Loc EndOffset="5857" SrcFileId="18" StartOffset="5845"/>
</LocList>
<BasicStmnt CovItemId="S72" CovItemPrefix="my.PSM.PSM_Storage.MySQLManager.java" Intrnl_Id="2300">
<LocList>
<Loc EndOffset="5831" SrcFileId="18" StartOffset="5811"/>
</LocList>
</BasicStmnt>
<BasicStmnt CovItemId="S73" CovItemPrefix="my.PSM.PSM_Storage.MySQLManager.java" Intrnl_Id="2301">
<LocList>
<Loc EndOffset="5857" SrcFileId="18" StartOffset="5845"/>
</LocList>
</BasicStmnt>
</StmntSeq>
</Branch>
<Keyword EndOffset="5316" SrcFileId="18" StartOffset="5313"/>
<LocList>
<Loc EndOffset="5868" SrcFileId="18" StartOffset="5313"/>
</LocList>
</CondStmnt>
</StmntSeq>
</HierarchyLvl>
<HierarchyLvl HierarchyLvlId="1425" HierarchyLvlTypeId="26" Intrnl_Id="2302" Name="fetchCourseEnd">
<Header>
<Loc EndOffset="5938" SrcFileId="18" StartOffset="5896"/>
</Header>
<LocList>
<Loc EndOffset="6615" SrcFileId="18" StartOffset="5896"/>
</LocList>
<StmntSeq Intrnl_Id="2303">
<LocList>
<Loc EndOffset="6079" SrcFileId="18" StartOffset="6041"/>
<Loc EndOffset="6289" SrcFileId="18" StartOffset="6207"/>
<Loc EndOffset="6336" SrcFileId="18" StartOffset="6303"/>
<Loc EndOffset="6361" SrcFileId="18" StartOffset="6350"/>
<Loc EndOffset="6436" SrcFileId="18" StartOffset="6391"/>
<Loc EndOffset="6488" SrcFileId="18" StartOffset="6471"/>
<Loc EndOffset="6599" SrcFileId="18" StartOffset="6023"/>
</LocList>
<BasicStmnt CovItemId="S75" CovItemPrefix="my.PSM.PSM_Storage.MySQLManager.java" Intrnl_Id="2304">
<LocList>
<Loc EndOffset="6079" SrcFileId="18" StartOffset="6041"/>
</LocList>
</BasicStmnt>
<BasicStmnt CovItemId="S76" CovItemPrefix="my.PSM.PSM_Storage.MySQLManager.java" Intrnl_Id="2305">
<LocList>
<Loc EndOffset="6289" SrcFileId="18" StartOffset="6207"/>
</LocList>
</BasicStmnt>
<BasicStmnt CovItemId="S77" CovItemPrefix="my.PSM.PSM_Storage.MySQLManager.java" Intrnl_Id="2306">
<LocList>
<Loc EndOffset="6336" SrcFileId="18" StartOffset="6303"/>
</LocList>
</BasicStmnt>
<BasicStmnt CovItemId="S78" CovItemPrefix="my.PSM.PSM_Storage.MySQLManager.java" Intrnl_Id="2307">
<LocList>
<Loc EndOffset="6361" SrcFileId="18" StartOffset="6350"/>
</LocList>
</BasicStmnt>
<BasicStmnt CovItemId="S79" CovItemPrefix="my.PSM.PSM_Storage.MySQLManager.java" Intrnl_Id="2308">
<LocList>
<Loc EndOffset="6436" SrcFileId="18" StartOffset="6391"/>
</LocList>
</BasicStmnt>
<BasicStmnt CovItemId="S80" CovItemPrefix="my.PSM.PSM_Storage.MySQLManager.java" Intrnl_Id="2309">
<LocList>
<Loc EndOffset="6488" SrcFileId="18" StartOffset="6471"/>
</LocList>
</BasicStmnt>
<CondStmnt CovItemId="S74" CovItemPrefix="my.PSM.PSM_Storage.MySQLManager.java" Intrnl_Id="2310">
<Branch CovItemId="B21" CovItemPrefix="my.PSM.PSM_Storage.MySQLManager.java" Implct="true" Intrnl_Id="2311">
<Cond/>
<LocList/>
<StmntSeq Intrnl_Id="2312">
<LocList/>
</StmntSeq>
</Branch>
<Branch CovItemId="B22" CovItemPrefix="my.PSM.PSM_Storage.MySQLManager.java" Implct="false" Intrnl_Id="2313">
<Cond>
<Loc EndOffset="6527" SrcFileId="18" StartOffset="6509"/>
</Cond>
<LocList>
<Loc EndOffset="6599" SrcFileId="18" StartOffset="6527"/>
</LocList>
<StmntSeq Intrnl_Id="2314">
<LocList>
<Loc EndOffset="6562" SrcFileId="18" StartOffset="6542"/>
<Loc EndOffset="6588" SrcFileId="18" StartOffset="6576"/>
</LocList>
<BasicStmnt CovItemId="S81" CovItemPrefix="my.PSM.PSM_Storage.MySQLManager.java" Intrnl_Id="2315">
<LocList>
<Loc EndOffset="6562" SrcFileId="18" StartOffset="6542"/>
</LocList>
</BasicStmnt>
<BasicStmnt CovItemId="S82" CovItemPrefix="my.PSM.PSM_Storage.MySQLManager.java" Intrnl_Id="2316">
<LocList>
<Loc EndOffset="6588" SrcFileId="18" StartOffset="6576"/>
</LocList>
</BasicStmnt>
</StmntSeq>
</Branch>
<Keyword EndOffset="6026" SrcFileId="18" StartOffset="6023"/>
<LocList>
<Loc EndOffset="6599" SrcFileId="18" StartOffset="6023"/>
</LocList>
</CondStmnt>
</StmntSeq>
</HierarchyLvl>
<HierarchyLvl HierarchyLvlId="1426" HierarchyLvlTypeId="26" Intrnl_Id="2317" Name="fetchStartMon">
<Header>
<Loc EndOffset="6668" SrcFileId="18" StartOffset="6627"/>
</Header>
<LocList>
<Loc EndOffset="7122" SrcFileId="18" StartOffset="6627"/>
</LocList>
<StmntSeq Intrnl_Id="2318">
<LocList>
<Loc EndOffset="6741" SrcFileId="18" StartOffset="6703"/>
<Loc EndOffset="6838" SrcFileId="18" StartOffset="6755"/>
<Loc EndOffset="6885" SrcFileId="18" StartOffset="6852"/>
<Loc EndOffset="6910" SrcFileId="18" StartOffset="6899"/>
<Loc EndOffset="6958" SrcFileId="18" StartOffset="6924"/>
<Loc EndOffset="7115" SrcFileId="18" StartOffset="6685"/>
</LocList>
<BasicStmnt CovItemId="S84" CovItemPrefix="my.PSM.PSM_Storage.MySQLManager.java" Intrnl_Id="2319">
<LocList>
<Loc EndOffset="6741" SrcFileId="18" StartOffset="6703"/>
</LocList>
</BasicStmnt>
<BasicStmnt CovItemId="S85" CovItemPrefix="my.PSM.PSM_Storage.MySQLManager.java" Intrnl_Id="2320">
<LocList>
<Loc EndOffset="6838" SrcFileId="18" StartOffset="6755"/>
</LocList>
</BasicStmnt>
<BasicStmnt CovItemId="S86" CovItemPrefix="my.PSM.PSM_Storage.MySQLManager.java" Intrnl_Id="2321">
<LocList>
<Loc EndOffset="6885" SrcFileId="18" StartOffset="6852"/>
</LocList>
</BasicStmnt>
<BasicStmnt CovItemId="S87" CovItemPrefix="my.PSM.PSM_Storage.MySQLManager.java" Intrnl_Id="2322">
<LocList>
<Loc EndOffset="6910" SrcFileId="18" StartOffset="6899"/>
</LocList>
</BasicStmnt>
<BasicStmnt CovItemId="S88" CovItemPrefix="my.PSM.PSM_Storage.MySQLManager.java" Intrnl_Id="2323">
<LocList>
<Loc EndOffset="6958" SrcFileId="18" StartOffset="6924"/>
</LocList>
</BasicStmnt>
<CondStmnt CovItemId="S83" CovItemPrefix="my.PSM.PSM_Storage.MySQLManager.java" Intrnl_Id="2324">
<Branch CovItemId="B23" CovItemPrefix="my.PSM.PSM_Storage.MySQLManager.java" Implct="true" Intrnl_Id="2325">
<Cond/>
<LocList/>
<StmntSeq Intrnl_Id="2326">
<LocList/>
</StmntSeq>
</Branch>
<Branch CovItemId="B24" CovItemPrefix="my.PSM.PSM_Storage.MySQLManager.java" Implct="false" Intrnl_Id="2327">
<Cond>
<Loc EndOffset="7019" SrcFileId="18" StartOffset="7001"/>
</Cond>
<LocList>
<Loc EndOffset="7115" SrcFileId="18" StartOffset="7029"/>
</LocList>
<StmntSeq Intrnl_Id="2328">
<LocList>
<Loc EndOffset="7064" SrcFileId="18" StartOffset="7044"/>
<Loc EndOffset="7104" SrcFileId="18" StartOffset="7092"/>
</LocList>
<BasicStmnt CovItemId="S89" CovItemPrefix="my.PSM.PSM_Storage.MySQLManager.java" Intrnl_Id="2329">
<LocList>
<Loc EndOffset="7064" SrcFileId="18" StartOffset="7044"/>
</LocList>
</BasicStmnt>
<BasicStmnt CovItemId="S90" CovItemPrefix="my.PSM.PSM_Storage.MySQLManager.java" Intrnl_Id="2330">
<LocList>
<Loc EndOffset="7104" SrcFileId="18" StartOffset="7092"/>
</LocList>
</BasicStmnt>
</StmntSeq>
</Branch>
<Keyword EndOffset="6688" SrcFileId="18" StartOffset="6685"/>
<LocList>
<Loc EndOffset="7115" SrcFileId="18" StartOffset="6685"/>
</LocList>
</CondStmnt>
</StmntSeq>
</HierarchyLvl>
<HierarchyLvl HierarchyLvlId="1427" HierarchyLvlTypeId="26" Intrnl_Id="2331" Name="fetchEndMon">
<Header>
<Loc EndOffset="7173" SrcFileId="18" StartOffset="7134"/>
</Header>
<LocList>
<Loc EndOffset="7601" SrcFileId="18" StartOffset="7134"/>
</LocList>
<StmntSeq Intrnl_Id="2332">
<LocList>
<Loc EndOffset="7246" SrcFileId="18" StartOffset="7208"/>
<Loc EndOffset="7341" SrcFileId="18" StartOffset="7260"/>
<Loc EndOffset="7388" SrcFileId="18" StartOffset="7355"/>
<Loc EndOffset="7413" SrcFileId="18" StartOffset="7402"/>
<Loc EndOffset="7459" SrcFileId="18" StartOffset="7427"/>
<Loc EndOffset="7594" SrcFileId="18" StartOffset="7190"/>
</LocList>
<BasicStmnt CovItemId="S92" CovItemPrefix="my.PSM.PSM_Storage.MySQLManager.java" Intrnl_Id="2333">
<LocList>
<Loc EndOffset="7246" SrcFileId="18" StartOffset="7208"/>
</LocList>
</BasicStmnt>
<BasicStmnt CovItemId="S93" CovItemPrefix="my.PSM.PSM_Storage.MySQLManager.java" Intrnl_Id="2334">
<LocList>
<Loc EndOffset="7341" SrcFileId="18" StartOffset="7260"/>
</LocList>
</BasicStmnt>
<BasicStmnt CovItemId="S94" CovItemPrefix="my.PSM.PSM_Storage.MySQLManager.java" Intrnl_Id="2335">
<LocList>
<Loc EndOffset="7388" SrcFileId="18" StartOffset="7355"/>
</LocList>
</BasicStmnt>
<BasicStmnt CovItemId="S95" CovItemPrefix="my.PSM.PSM_Storage.MySQLManager.java" Intrnl_Id="2336">
<LocList>
<Loc EndOffset="7413" SrcFileId="18" StartOffset="7402"/>
</LocList>
</BasicStmnt>
<BasicStmnt CovItemId="S96" CovItemPrefix="my.PSM.PSM_Storage.MySQLManager.java" Intrnl_Id="2337">
<LocList>
<Loc EndOffset="7459" SrcFileId="18" StartOffset="7427"/>
</LocList>
</BasicStmnt>
<CondStmnt CovItemId="S91" CovItemPrefix="my.PSM.PSM_Storage.MySQLManager.java" Intrnl_Id="2338">
<Branch CovItemId="B25" CovItemPrefix="my.PSM.PSM_Storage.MySQLManager.java" Implct="true" Intrnl_Id="2339">
<Cond/>
<LocList/>
<StmntSeq Intrnl_Id="2340">
<LocList/>
</StmntSeq>
</Branch>
<Branch CovItemId="B26" CovItemPrefix="my.PSM.PSM_Storage.MySQLManager.java" Implct="false" Intrnl_Id="2341">
<Cond>
<Loc EndOffset="7512" SrcFileId="18" StartOffset="7494"/>
</Cond>
<LocList>
<Loc EndOffset="7594" SrcFileId="18" StartOffset="7522"/>
</LocList>
<StmntSeq Intrnl_Id="2342">
<LocList>
<Loc EndOffset="7557" SrcFileId="18" StartOffset="7537"/>
<Loc EndOffset="7583" SrcFileId="18" StartOffset="7571"/>
</LocList>
<BasicStmnt CovItemId="S97" CovItemPrefix="my.PSM.PSM_Storage.MySQLManager.java" Intrnl_Id="2343">
<LocList>
<Loc EndOffset="7557" SrcFileId="18" StartOffset="7537"/>
</LocList>
</BasicStmnt>
<BasicStmnt CovItemId="S98" CovItemPrefix="my.PSM.PSM_Storage.MySQLManager.java" Intrnl_Id="2344">
<LocList>
<Loc EndOffset="7583" SrcFileId="18" StartOffset="7571"/>
</LocList>
</BasicStmnt>
</StmntSeq>
</Branch>
<Keyword EndOffset="7193" SrcFileId="18" StartOffset="7190"/>
<LocList>
<Loc EndOffset="7594" SrcFileId="18" StartOffset="7190"/>
</LocList>
</CondStmnt>
</StmntSeq>
</HierarchyLvl>
<HierarchyLvl HierarchyLvlId="1428" HierarchyLvlTypeId="26" Intrnl_Id="2345" Name="fetchStartTue">
<Header>
<Loc EndOffset="7654" SrcFileId="18" StartOffset="7613"/>
</Header>
<LocList>
<Loc EndOffset="8098" SrcFileId="18" StartOffset="7613"/>
</LocList>
<StmntSeq Intrnl_Id="2346">
<LocList>
<Loc EndOffset="7727" SrcFileId="18" StartOffset="7689"/>
<Loc EndOffset="7824" SrcFileId="18" StartOffset="7741"/>
<Loc EndOffset="7871" SrcFileId="18" StartOffset="7838"/>
<Loc EndOffset="7896" SrcFileId="18" StartOffset="7885"/>
<Loc EndOffset="7944" SrcFileId="18" StartOffset="7910"/>
<Loc EndOffset="8091" SrcFileId="18" StartOffset="7671"/>
</LocList>
<BasicStmnt CovItemId="S100" CovItemPrefix="my.PSM.PSM_Storage.MySQLManager.java" Intrnl_Id="2347">
<LocList>
<Loc EndOffset="7727" SrcFileId="18" StartOffset="7689"/>
</LocList>
</BasicStmnt>
<BasicStmnt CovItemId="S101" CovItemPrefix="my.PSM.PSM_Storage.MySQLManager.java" Intrnl_Id="2348">
<LocList>
<Loc EndOffset="7824" SrcFileId="18" StartOffset="7741"/>
</LocList>
</BasicStmnt>
<BasicStmnt CovItemId="S102" CovItemPrefix="my.PSM.PSM_Storage.MySQLManager.java" Intrnl_Id="2349">
<LocList>
<Loc EndOffset="7871" SrcFileId="18" StartOffset="7838"/>
</LocList>
</BasicStmnt>
<BasicStmnt CovItemId="S103" CovItemPrefix="my.PSM.PSM_Storage.MySQLManager.java" Intrnl_Id="2350">
<LocList>
<Loc EndOffset="7896" SrcFileId="18" StartOffset="7885"/>
</LocList>
</BasicStmnt>
<BasicStmnt CovItemId="S104" CovItemPrefix="my.PSM.PSM_Storage.MySQLManager.java" Intrnl_Id="2351">
<LocList>
<Loc EndOffset="7944" SrcFileId="18" StartOffset="7910"/>
</LocList>
</BasicStmnt>
<CondStmnt CovItemId="S99" CovItemPrefix="my.PSM.PSM_Storage.MySQLManager.java" Intrnl_Id="2352">
<Branch CovItemId="B27" CovItemPrefix="my.PSM.PSM_Storage.MySQLManager.java" Implct="true" Intrnl_Id="2353">
<Cond/>
<LocList/>
<StmntSeq Intrnl_Id="2354">
<LocList/>
</StmntSeq>
</Branch>
<Branch CovItemId="B28" CovItemPrefix="my.PSM.PSM_Storage.MySQLManager.java" Implct="false" Intrnl_Id="2355">
<Cond>
<Loc EndOffset="7997" SrcFileId="18" StartOffset="7979"/>
</Cond>
<LocList>
<Loc EndOffset="8091" SrcFileId="18" StartOffset="8007"/>
</LocList>
<StmntSeq Intrnl_Id="2356">
<LocList>
<Loc EndOffset="8042" SrcFileId="18" StartOffset="8022"/>
<Loc EndOffset="8080" SrcFileId="18" StartOffset="8070"/>
</LocList>
<BasicStmnt CovItemId="S105" CovItemPrefix="my.PSM.PSM_Storage.MySQLManager.java" Intrnl_Id="2357">
<LocList>
<Loc EndOffset="8042" SrcFileId="18" StartOffset="8022"/>
</LocList>
</BasicStmnt>
<BasicStmnt CovItemId="S106" CovItemPrefix="my.PSM.PSM_Storage.MySQLManager.java" Intrnl_Id="2358">
<LocList>
<Loc EndOffset="8080" SrcFileId="18" StartOffset="8070"/>
</LocList>
</BasicStmnt>
</StmntSeq>
</Branch>
<Keyword EndOffset="7674" SrcFileId="18" StartOffset="7671"/>
<LocList>
<Loc EndOffset="8091" SrcFileId="18" StartOffset="7671"/>
</LocList>
</CondStmnt>
</StmntSeq>
</HierarchyLvl>
<HierarchyLvl HierarchyLvlId="1429" HierarchyLvlTypeId="26" Intrnl_Id="2359" Name="fetchEndTue">
<Header>
<Loc EndOffset="8149" SrcFileId="18" StartOffset="8110"/>
</Header>
<LocList>
<Loc EndOffset="8577" SrcFileId="18" StartOffset="8110"/>
</LocList>
<StmntSeq Intrnl_Id="2360">
<LocList>
<Loc EndOffset="8222" SrcFileId="18" StartOffset="8184"/>
<Loc EndOffset="8317" SrcFileId="18" StartOffset="8236"/>
<Loc EndOffset="8364" SrcFileId="18" StartOffset="8331"/>
<Loc EndOffset="8389" SrcFileId="18" StartOffset="8378"/>
<Loc EndOffset="8435" SrcFileId="18" StartOffset="8403"/>
<Loc EndOffset="8570" SrcFileId="18" StartOffset="8166"/>
</LocList>
<BasicStmnt CovItemId="S108" CovItemPrefix="my.PSM.PSM_Storage.MySQLManager.java" Intrnl_Id="2361">
<LocList>
<Loc EndOffset="8222" SrcFileId="18" StartOffset="8184"/>
</LocList>
</BasicStmnt>
<BasicStmnt CovItemId="S109" CovItemPrefix="my.PSM.PSM_Storage.MySQLManager.java" Intrnl_Id="2362">
<LocList>
<Loc EndOffset="8317" SrcFileId="18" StartOffset="8236"/>
</LocList>
</BasicStmnt>
<BasicStmnt CovItemId="S110" CovItemPrefix="my.PSM.PSM_Storage.MySQLManager.java" Intrnl_Id="2363">
<LocList>
<Loc EndOffset="8364" SrcFileId="18" StartOffset="8331"/>
</LocList>
</BasicStmnt>
<BasicStmnt CovItemId="S111" CovItemPrefix="my.PSM.PSM_Storage.MySQLManager.java" Intrnl_Id="2364">
<LocList>
<Loc EndOffset="8389" SrcFileId="18" StartOffset="8378"/>
</LocList>
</BasicStmnt>
<BasicStmnt CovItemId="S112" CovItemPrefix="my.PSM.PSM_Storage.MySQLManager.java" Intrnl_Id="2365">
<LocList>
<Loc EndOffset="8435" SrcFileId="18" StartOffset="8403"/>
</LocList>
</BasicStmnt>
<CondStmnt CovItemId="S107" CovItemPrefix="my.PSM.PSM_Storage.MySQLManager.java" Intrnl_Id="2366">
<Branch CovItemId="B29" CovItemPrefix="my.PSM.PSM_Storage.MySQLManager.java" Implct="true" Intrnl_Id="2367">
<Cond/>
<LocList/>
<StmntSeq Intrnl_Id="2368">
<LocList/>
</StmntSeq>
</Branch>
<Branch CovItemId="B30" CovItemPrefix="my.PSM.PSM_Storage.MySQLManager.java" Implct="false" Intrnl_Id="2369">
<Cond>
<Loc EndOffset="8488" SrcFileId="18" StartOffset="8470"/>
</Cond>
<LocList>
<Loc EndOffset="8570" SrcFileId="18" StartOffset="8498"/>
</LocList>
<StmntSeq Intrnl_Id="2370">
<LocList>
<Loc EndOffset="8533" SrcFileId="18" StartOffset="8513"/>
<Loc EndOffset="8559" SrcFileId="18" StartOffset="8547"/>
</LocList>
<BasicStmnt CovItemId="S113" CovItemPrefix="my.PSM.PSM_Storage.MySQLManager.java" Intrnl_Id="2371">
<LocList>
<Loc EndOffset="8533" SrcFileId="18" StartOffset="8513"/>
</LocList>
</BasicStmnt>
<BasicStmnt CovItemId="S114" CovItemPrefix="my.PSM.PSM_Storage.MySQLManager.java" Intrnl_Id="2372">
<LocList>
<Loc EndOffset="8559" SrcFileId="18" StartOffset="8547"/>
</LocList>
</BasicStmnt>
</StmntSeq>
</Branch>
<Keyword EndOffset="8169" SrcFileId="18" StartOffset="8166"/>
<LocList>
<Loc EndOffset="8570" SrcFileId="18" StartOffset="8166"/>
</LocList>
</CondStmnt>
</StmntSeq>
</HierarchyLvl>
<HierarchyLvl HierarchyLvlId="1430" HierarchyLvlTypeId="26" Intrnl_Id="2373" Name="fetchStartWed">
<Header>
<Loc EndOffset="8626" SrcFileId="18" StartOffset="8585"/>
</Header>
<LocList>
<Loc EndOffset="9058" SrcFileId="18" StartOffset="8585"/>
</LocList>
<StmntSeq Intrnl_Id="2374">
<LocList>
<Loc EndOffset="8699" SrcFileId="18" StartOffset="8661"/>
<Loc EndOffset="8796" SrcFileId="18" StartOffset="8713"/>
<Loc EndOffset="8843" SrcFileId="18" StartOffset="8810"/>
<Loc EndOffset="8868" SrcFileId="18" StartOffset="8857"/>
<Loc EndOffset="8916" SrcFileId="18" StartOffset="8882"/>
<Loc EndOffset="9051" SrcFileId="18" StartOffset="8643"/>
</LocList>
<BasicStmnt CovItemId="S116" CovItemPrefix="my.PSM.PSM_Storage.MySQLManager.java" Intrnl_Id="2375">
<LocList>
<Loc EndOffset="8699" SrcFileId="18" StartOffset="8661"/>
</LocList>
</BasicStmnt>
<BasicStmnt CovItemId="S117" CovItemPrefix="my.PSM.PSM_Storage.MySQLManager.java" Intrnl_Id="2376">
<LocList>
<Loc EndOffset="8796" SrcFileId="18" StartOffset="8713"/>
</LocList>
</BasicStmnt>
<BasicStmnt CovItemId="S118" CovItemPrefix="my.PSM.PSM_Storage.MySQLManager.java" Intrnl_Id="2377">
<LocList>
<Loc EndOffset="8843" SrcFileId="18" StartOffset="8810"/>
</LocList>
</BasicStmnt>
<BasicStmnt CovItemId="S119" CovItemPrefix="my.PSM.PSM_Storage.MySQLManager.java" Intrnl_Id="2378">
<LocList>
<Loc EndOffset="8868" SrcFileId="18" StartOffset="8857"/>
</LocList>
</BasicStmnt>
<BasicStmnt CovItemId="S120" CovItemPrefix="my.PSM.PSM_Storage.MySQLManager.java" Intrnl_Id="2379">
<LocList>
<Loc EndOffset="8916" SrcFileId="18" StartOffset="8882"/>
</LocList>
</BasicStmnt>
<CondStmnt CovItemId="S115" CovItemPrefix="my.PSM.PSM_Storage.MySQLManager.java" Intrnl_Id="2380">
<Branch CovItemId="B31" CovItemPrefix="my.PSM.PSM_Storage.MySQLManager.java" Implct="true" Intrnl_Id="2381">
<Cond/>
<LocList/>
<StmntSeq Intrnl_Id="2382">
<LocList/>
</StmntSeq>
</Branch>
<Branch CovItemId="B32" CovItemPrefix="my.PSM.PSM_Storage.MySQLManager.java" Implct="false" Intrnl_Id="2383">
<Cond>
<Loc EndOffset="8969" SrcFileId="18" StartOffset="8951"/>
</Cond>
<LocList>
<Loc EndOffset="9051" SrcFileId="18" StartOffset="8979"/>
</LocList>
<StmntSeq Intrnl_Id="2384">
<LocList>
<Loc EndOffset="9014" SrcFileId="18" StartOffset="8994"/>
<Loc EndOffset="9040" SrcFileId="18" StartOffset="9028"/>
</LocList>
<BasicStmnt CovItemId="S121" CovItemPrefix="my.PSM.PSM_Storage.MySQLManager.java" Intrnl_Id="2385">
<LocList>
<Loc EndOffset="9014" SrcFileId="18" StartOffset="8994"/>
</LocList>
</BasicStmnt>
<BasicStmnt CovItemId="S122" CovItemPrefix="my.PSM.PSM_Storage.MySQLManager.java" Intrnl_Id="2386">
<LocList>
<Loc EndOffset="9040" SrcFileId="18" StartOffset="9028"/>
</LocList>
</BasicStmnt>
</StmntSeq>
</Branch>
<Keyword EndOffset="8646" SrcFileId="18" StartOffset="8643"/>
<LocList>
<Loc EndOffset="9051" SrcFileId="18" StartOffset="8643"/>
</LocList>
</CondStmnt>
</StmntSeq>
</HierarchyLvl>
<HierarchyLvl HierarchyLvlId="1431" HierarchyLvlTypeId="26" Intrnl_Id="2387" Name="fetchEndWed">
<Header>
<Loc EndOffset="9109" SrcFileId="18" StartOffset="9070"/>
</Header>
<LocList>
<Loc EndOffset="9537" SrcFileId="18" StartOffset="9070"/>
</LocList>
<StmntSeq Intrnl_Id="2388">
<LocList>
<Loc EndOffset="9182" SrcFileId="18" StartOffset="9144"/>
<Loc EndOffset="9277" SrcFileId="18" StartOffset="9196"/>
<Loc EndOffset="9324" SrcFileId="18" StartOffset="9291"/>
<Loc EndOffset="9349" SrcFileId="18" StartOffset="9338"/>
<Loc EndOffset="9395" SrcFileId="18" StartOffset="9363"/>
<Loc EndOffset="9530" SrcFileId="18" StartOffset="9126"/>
</LocList>
<BasicStmnt CovItemId="S124" CovItemPrefix="my.PSM.PSM_Storage.MySQLManager.java" Intrnl_Id="2389">
<LocList>
<Loc EndOffset="9182" SrcFileId="18" StartOffset="9144"/>
</LocList>
</BasicStmnt>
<BasicStmnt CovItemId="S125" CovItemPrefix="my.PSM.PSM_Storage.MySQLManager.java" Intrnl_Id="2390">
<LocList>
<Loc EndOffset="9277" SrcFileId="18" StartOffset="9196"/>
</LocList>
</BasicStmnt>
<BasicStmnt CovItemId="S126" CovItemPrefix="my.PSM.PSM_Storage.MySQLManager.java" Intrnl_Id="2391">
<LocList>
<Loc EndOffset="9324" SrcFileId="18" StartOffset="9291"/>
</LocList>
</BasicStmnt>
<BasicStmnt CovItemId="S127" CovItemPrefix="my.PSM.PSM_Storage.MySQLManager.java" Intrnl_Id="2392">
<LocList>
<Loc EndOffset="9349" SrcFileId="18" StartOffset="9338"/>
</LocList>
</BasicStmnt>
<BasicStmnt CovItemId="S128" CovItemPrefix="my.PSM.PSM_Storage.MySQLManager.java" Intrnl_Id="2393">
<LocList>
<Loc EndOffset="9395" SrcFileId="18" StartOffset="9363"/>
</LocList>
</BasicStmnt>
<CondStmnt CovItemId="S123" CovItemPrefix="my.PSM.PSM_Storage.MySQLManager.java" Intrnl_Id="2394">
<Branch CovItemId="B33" CovItemPrefix="my.PSM.PSM_Storage.MySQLManager.java" Implct="true" Intrnl_Id="2395">
<Cond/>
<LocList/>
<StmntSeq Intrnl_Id="2396">
<LocList/>
</StmntSeq>
</Branch>
<Branch CovItemId="B34" CovItemPrefix="my.PSM.PSM_Storage.MySQLManager.java" Implct="false" Intrnl_Id="2397">
<Cond>
<Loc EndOffset="9448" SrcFileId="18" StartOffset="9430"/>
</Cond>
<LocList>
<Loc EndOffset="9530" SrcFileId="18" StartOffset="9458"/>
</LocList>
<StmntSeq Intrnl_Id="2398">
<LocList>
<Loc EndOffset="9493" SrcFileId="18" StartOffset="9473"/>
<Loc EndOffset="9519" SrcFileId="18" StartOffset="9507"/>
</LocList>
<BasicStmnt CovItemId="S129" CovItemPrefix="my.PSM.PSM_Storage.MySQLManager.java" Intrnl_Id="2399">
<LocList>
<Loc EndOffset="9493" SrcFileId="18" StartOffset="9473"/>
</LocList>
</BasicStmnt>
<BasicStmnt CovItemId="S130" CovItemPrefix="my.PSM.PSM_Storage.MySQLManager.java" Intrnl_Id="2400">
<LocList>
<Loc EndOffset="9519" SrcFileId="18" StartOffset="9507"/>
</LocList>
</BasicStmnt>
</StmntSeq>
</Branch>
<Keyword EndOffset="9129" SrcFileId="18" StartOffset="9126"/>
<LocList>
<Loc EndOffset="9530" SrcFileId="18" StartOffset="9126"/>
</LocList>
</CondStmnt>
</StmntSeq>
</HierarchyLvl>
<HierarchyLvl HierarchyLvlId="1432" HierarchyLvlTypeId="26" Intrnl_Id="2401" Name="fetchStartThu">
<Header>
<Loc EndOffset="9600" SrcFileId="18" StartOffset="9559"/>
</Header>
<LocList>
<Loc EndOffset="10032" SrcFileId="18" StartOffset="9559"/>
</LocList>
<StmntSeq Intrnl_Id="2402">
<LocList>
<Loc EndOffset="9673" SrcFileId="18" StartOffset="9635"/>
<Loc EndOffset="9770" SrcFileId="18" StartOffset="9687"/>
<Loc EndOffset="9817" SrcFileId="18" StartOffset="9784"/>
<Loc EndOffset="9842" SrcFileId="18" StartOffset="9831"/>
<Loc EndOffset="9890" SrcFileId="18" StartOffset="9856"/>
<Loc EndOffset="10025" SrcFileId="18" StartOffset="9617"/>
</LocList>
<BasicStmnt CovItemId="S132" CovItemPrefix="my.PSM.PSM_Storage.MySQLManager.java" Intrnl_Id="2403">
<LocList>
<Loc EndOffset="9673" SrcFileId="18" StartOffset="9635"/>
</LocList>
</BasicStmnt>
<BasicStmnt CovItemId="S133" CovItemPrefix="my.PSM.PSM_Storage.MySQLManager.java" Intrnl_Id="2404">
<LocList>
<Loc EndOffset="9770" SrcFileId="18" StartOffset="9687"/>
</LocList>
</BasicStmnt>
<BasicStmnt CovItemId="S134" CovItemPrefix="my.PSM.PSM_Storage.MySQLManager.java" Intrnl_Id="2405">
<LocList>
<Loc EndOffset="9817" SrcFileId="18" StartOffset="9784"/>
</LocList>
</BasicStmnt>
<BasicStmnt CovItemId="S135" CovItemPrefix="my.PSM.PSM_Storage.MySQLManager.java" Intrnl_Id="2406">
<LocList>
<Loc EndOffset="9842" SrcFileId="18" StartOffset="9831"/>
</LocList>
</BasicStmnt>
<BasicStmnt CovItemId="S136" CovItemPrefix="my.PSM.PSM_Storage.MySQLManager.java" Intrnl_Id="2407">
<LocList>
<Loc EndOffset="9890" SrcFileId="18" StartOffset="9856"/>
</LocList>
</BasicStmnt>
<CondStmnt CovItemId="S131" CovItemPrefix="my.PSM.PSM_Storage.MySQLManager.java" Intrnl_Id="2408">
<Branch CovItemId="B35" CovItemPrefix="my.PSM.PSM_Storage.MySQLManager.java" Implct="true" Intrnl_Id="2409">
<Cond/>
<LocList/>
<StmntSeq Intrnl_Id="2410">
<LocList/>
</StmntSeq>
</Branch>
<Branch CovItemId="B36" CovItemPrefix="my.PSM.PSM_Storage.MySQLManager.java" Implct="false" Intrnl_Id="2411">
<Cond>
<Loc EndOffset="9943" SrcFileId="18" StartOffset="9925"/>
</Cond>
<LocList>
<Loc EndOffset="10025" SrcFileId="18" StartOffset="9953"/>
</LocList>
<StmntSeq Intrnl_Id="2412">
<LocList>
<Loc EndOffset="9988" SrcFileId="18" StartOffset="9968"/>
<Loc EndOffset="10014" SrcFileId="18" StartOffset="10002"/>
</LocList>
<BasicStmnt CovItemId="S137" CovItemPrefix="my.PSM.PSM_Storage.MySQLManager.java" Intrnl_Id="2413">
<LocList>
<Loc EndOffset="9988" SrcFileId="18" StartOffset="9968"/>
</LocList>
</BasicStmnt>
<BasicStmnt CovItemId="S138" CovItemPrefix="my.PSM.PSM_Storage.MySQLManager.java" Intrnl_Id="2414">
<LocList>
<Loc EndOffset="10014" SrcFileId="18" StartOffset="10002"/>
</LocList>
</BasicStmnt>
</StmntSeq>
</Branch>
<Keyword EndOffset="9620" SrcFileId="18" StartOffset="9617"/>
<LocList>
<Loc EndOffset="10025" SrcFileId="18" StartOffset="9617"/>
</LocList>
</CondStmnt>
</StmntSeq>
</HierarchyLvl>
<HierarchyLvl HierarchyLvlId="1433" HierarchyLvlTypeId="26" Intrnl_Id="2415" Name="fetchEndThu">
<Header>
<Loc EndOffset="10083" SrcFileId="18" StartOffset="10044"/>
</Header>
<LocList>
<Loc EndOffset="10511" SrcFileId="18" StartOffset="10044"/>
</LocList>
<StmntSeq Intrnl_Id="2416">
<LocList>
<Loc EndOffset="10156" SrcFileId="18" StartOffset="10118"/>
<Loc EndOffset="10251" SrcFileId="18" StartOffset="10170"/>
<Loc EndOffset="10298" SrcFileId="18" StartOffset="10265"/>
<Loc EndOffset="10323" SrcFileId="18" StartOffset="10312"/>
<Loc EndOffset="10369" SrcFileId="18" StartOffset="10337"/>
<Loc EndOffset="10504" SrcFileId="18" StartOffset="10100"/>
</LocList>
<BasicStmnt CovItemId="S140" CovItemPrefix="my.PSM.PSM_Storage.MySQLManager.java" Intrnl_Id="2417">
<LocList>
<Loc EndOffset="10156" SrcFileId="18" StartOffset="10118"/>
</LocList>
</BasicStmnt>
<BasicStmnt CovItemId="S141" CovItemPrefix="my.PSM.PSM_Storage.MySQLManager.java" Intrnl_Id="2418">
<LocList>
<Loc EndOffset="10251" SrcFileId="18" StartOffset="10170"/>
</LocList>
</BasicStmnt>
<BasicStmnt CovItemId="S142" CovItemPrefix="my.PSM.PSM_Storage.MySQLManager.java" Intrnl_Id="2419">
<LocList>
<Loc EndOffset="10298" SrcFileId="18" StartOffset="10265"/>
</LocList>
</BasicStmnt>
<BasicStmnt CovItemId="S143" CovItemPrefix="my.PSM.PSM_Storage.MySQLManager.java" Intrnl_Id="2420">
<LocList>
<Loc EndOffset="10323" SrcFileId="18" StartOffset="10312"/>
</LocList>
</BasicStmnt>
<BasicStmnt CovItemId="S144" CovItemPrefix="my.PSM.PSM_Storage.MySQLManager.java" Intrnl_Id="2421">
<LocList>
<Loc EndOffset="10369" SrcFileId="18" StartOffset="10337"/>
</LocList>
</BasicStmnt>
<CondStmnt CovItemId="S139" CovItemPrefix="my.PSM.PSM_Storage.MySQLManager.java" Intrnl_Id="2422">
<Branch CovItemId="B37" CovItemPrefix="my.PSM.PSM_Storage.MySQLManager.java" Implct="true" Intrnl_Id="2423">
<Cond/>
<LocList/>
<StmntSeq Intrnl_Id="2424">
<LocList/>
</StmntSeq>
</Branch>
<Branch CovItemId="B38" CovItemPrefix="my.PSM.PSM_Storage.MySQLManager.java" Implct="false" Intrnl_Id="2425">
<Cond>
<Loc EndOffset="10422" SrcFileId="18" StartOffset="10404"/>
</Cond>
<LocList>
<Loc EndOffset="10504" SrcFileId="18" StartOffset="10432"/>
</LocList>
<StmntSeq Intrnl_Id="2426">
<LocList>
<Loc EndOffset="10467" SrcFileId="18" StartOffset="10447"/>
<Loc EndOffset="10493" SrcFileId="18" StartOffset="10481"/>
</LocList>
<BasicStmnt CovItemId="S145" CovItemPrefix="my.PSM.PSM_Storage.MySQLManager.java" Intrnl_Id="2427">
<LocList>
<Loc EndOffset="10467" SrcFileId="18" StartOffset="10447"/>
</LocList>
</BasicStmnt>
<BasicStmnt CovItemId="S146" CovItemPrefix="my.PSM.PSM_Storage.MySQLManager.java" Intrnl_Id="2428">
<LocList>
<Loc EndOffset="10493" SrcFileId="18" StartOffset="10481"/>
</LocList>
</BasicStmnt>
</StmntSeq>
</Branch>
<Keyword EndOffset="10103" SrcFileId="18" StartOffset="10100"/>
<LocList>
<Loc EndOffset="10504" SrcFileId="18" StartOffset="10100"/>
</LocList>
</CondStmnt>
</StmntSeq>
</HierarchyLvl>
<HierarchyLvl HierarchyLvlId="1434" HierarchyLvlTypeId="26" Intrnl_Id="2429" Name="fetchStartFri">
<Header>
<Loc EndOffset="10564" SrcFileId="18" StartOffset="10523"/>
</Header>
<LocList>
<Loc EndOffset="10996" SrcFileId="18" StartOffset="10523"/>
</LocList>
<StmntSeq Intrnl_Id="2430">
<LocList>
<Loc EndOffset="10637" SrcFileId="18" StartOffset="10599"/>
<Loc EndOffset="10734" SrcFileId="18" StartOffset="10651"/>
<Loc EndOffset="10781" SrcFileId="18" StartOffset="10748"/>
<Loc EndOffset="10806" SrcFileId="18" StartOffset="10795"/>
<Loc EndOffset="10854" SrcFileId="18" StartOffset="10820"/>
<Loc EndOffset="10989" SrcFileId="18" StartOffset="10581"/>
</LocList>
<BasicStmnt CovItemId="S148" CovItemPrefix="my.PSM.PSM_Storage.MySQLManager.java" Intrnl_Id="2431">
<LocList>
<Loc EndOffset="10637" SrcFileId="18" StartOffset="10599"/>
</LocList>
</BasicStmnt>
<BasicStmnt CovItemId="S149" CovItemPrefix="my.PSM.PSM_Storage.MySQLManager.java" Intrnl_Id="2432">
<LocList>
<Loc EndOffset="10734" SrcFileId="18" StartOffset="10651"/>
</LocList>
</BasicStmnt>
<BasicStmnt CovItemId="S150" CovItemPrefix="my.PSM.PSM_Storage.MySQLManager.java" Intrnl_Id="2433">
<LocList>
<Loc EndOffset="10781" SrcFileId="18" StartOffset="10748"/>
</LocList>
</BasicStmnt>
<BasicStmnt CovItemId="S151" CovItemPrefix="my.PSM.PSM_Storage.MySQLManager.java" Intrnl_Id="2434">
<LocList>
<Loc EndOffset="10806" SrcFileId="18" StartOffset="10795"/>
</LocList>
</BasicStmnt>
<BasicStmnt CovItemId="S152" CovItemPrefix="my.PSM.PSM_Storage.MySQLManager.java" Intrnl_Id="2435">
<LocList>
<Loc EndOffset="10854" SrcFileId="18" StartOffset="10820"/>
</LocList>
</BasicStmnt>
<CondStmnt CovItemId="S147" CovItemPrefix="my.PSM.PSM_Storage.MySQLManager.java" Intrnl_Id="2436">
<Branch CovItemId="B39" CovItemPrefix="my.PSM.PSM_Storage.MySQLManager.java" Implct="true" Intrnl_Id="2437">
<Cond/>
<LocList/>
<StmntSeq Intrnl_Id="2438">
<LocList/>
</StmntSeq>
</Branch>
<Branch CovItemId="B40" CovItemPrefix="my.PSM.PSM_Storage.MySQLManager.java" Implct="false" Intrnl_Id="2439">
<Cond>
<Loc EndOffset="10907" SrcFileId="18" StartOffset="10889"/>
</Cond>
<LocList>
<Loc EndOffset="10989" SrcFileId="18" StartOffset="10917"/>
</LocList>
<StmntSeq Intrnl_Id="2440">
<LocList>
<Loc EndOffset="10952" SrcFileId="18" StartOffset="10932"/>
<Loc EndOffset="10978" SrcFileId="18" StartOffset="10966"/>
</LocList>
<BasicStmnt CovItemId="S153" CovItemPrefix="my.PSM.PSM_Storage.MySQLManager.java" Intrnl_Id="2441">
<LocList>
<Loc EndOffset="10952" SrcFileId="18" StartOffset="10932"/>
</LocList>
</BasicStmnt>
<BasicStmnt CovItemId="S154" CovItemPrefix="my.PSM.PSM_Storage.MySQLManager.java" Intrnl_Id="2442">
<LocList>
<Loc EndOffset="10978" SrcFileId="18" StartOffset="10966"/>
</LocList>
</BasicStmnt>
</StmntSeq>
</Branch>
<Keyword EndOffset="10584" SrcFileId="18" StartOffset="10581"/>
<LocList>
<Loc EndOffset="10989" SrcFileId="18" StartOffset="10581"/>
</LocList>
</CondStmnt>
</StmntSeq>
</HierarchyLvl>
<HierarchyLvl HierarchyLvlId="1435" HierarchyLvlTypeId="26" Intrnl_Id="2443" Name="fetchEndFri">
<Header>
<Loc EndOffset="11047" SrcFileId="18" StartOffset="11008"/>
</Header>
<LocList>
<Loc EndOffset="11475" SrcFileId="18" StartOffset="11008"/>
</LocList>
<StmntSeq Intrnl_Id="2444">
<LocList>
<Loc EndOffset="11120" SrcFileId="18" StartOffset="11082"/>
<Loc EndOffset="11215" SrcFileId="18" StartOffset="11134"/>
<Loc EndOffset="11262" SrcFileId="18" StartOffset="11229"/>
<Loc EndOffset="11287" SrcFileId="18" StartOffset="11276"/>
<Loc EndOffset="11333" SrcFileId="18" StartOffset="11301"/>
<Loc EndOffset="11468" SrcFileId="18" StartOffset="11064"/>
</LocList>
<BasicStmnt CovItemId="S156" CovItemPrefix="my.PSM.PSM_Storage.MySQLManager.java" Intrnl_Id="2445">
<LocList>
<Loc EndOffset="11120" SrcFileId="18" StartOffset="11082"/>
</LocList>
</BasicStmnt>
<BasicStmnt CovItemId="S157" CovItemPrefix="my.PSM.PSM_Storage.MySQLManager.java" Intrnl_Id="2446">
<LocList>
<Loc EndOffset="11215" SrcFileId="18" StartOffset="11134"/>
</LocList>
</BasicStmnt>
<BasicStmnt CovItemId="S158" CovItemPrefix="my.PSM.PSM_Storage.MySQLManager.java" Intrnl_Id="2447">
<LocList>
<Loc EndOffset="11262" SrcFileId="18" StartOffset="11229"/>
</LocList>
</BasicStmnt>
<BasicStmnt CovItemId="S159" CovItemPrefix="my.PSM.PSM_Storage.MySQLManager.java" Intrnl_Id="2448">
<LocList>
<Loc EndOffset="11287" SrcFileId="18" StartOffset="11276"/>
</LocList>
</BasicStmnt>
<BasicStmnt CovItemId="S160" CovItemPrefix="my.PSM.PSM_Storage.MySQLManager.java" Intrnl_Id="2449">
<LocList>
<Loc EndOffset="11333" SrcFileId="18" StartOffset="11301"/>
</LocList>
</BasicStmnt>
<CondStmnt CovItemId="S155" CovItemPrefix="my.PSM.PSM_Storage.MySQLManager.java" Intrnl_Id="2450">
<Branch CovItemId="B41" CovItemPrefix="my.PSM.PSM_Storage.MySQLManager.java" Implct="true" Intrnl_Id="2451">
<Cond/>
<LocList/>
<StmntSeq Intrnl_Id="2452">
<LocList/>
</StmntSeq>
</Branch>
<Branch CovItemId="B42" CovItemPrefix="my.PSM.PSM_Storage.MySQLManager.java" Implct="false" Intrnl_Id="2453">
<Cond>
<Loc EndOffset="11386" SrcFileId="18" StartOffset="11368"/>
</Cond>
<LocList>
<Loc EndOffset="11468" SrcFileId="18" StartOffset="11396"/>
</LocList>
<StmntSeq Intrnl_Id="2454">
<LocList>
<Loc EndOffset="11431" SrcFileId="18" StartOffset="11411"/>
<Loc EndOffset="11457" SrcFileId="18" StartOffset="11445"/>
</LocList>
<BasicStmnt CovItemId="S161" CovItemPrefix="my.PSM.PSM_Storage.MySQLManager.java" Intrnl_Id="2455">
<LocList>
<Loc EndOffset="11431" SrcFileId="18" StartOffset="11411"/>
</LocList>
</BasicStmnt>
<BasicStmnt CovItemId="S162" CovItemPrefix="my.PSM.PSM_Storage.MySQLManager.java" Intrnl_Id="2456">
<LocList>
<Loc EndOffset="11457" SrcFileId="18" StartOffset="11445"/>
</LocList>
</BasicStmnt>
</StmntSeq>
</Branch>
<Keyword EndOffset="11067" SrcFileId="18" StartOffset="11064"/>
<LocList>
<Loc EndOffset="11468" SrcFileId="18" StartOffset="11064"/>
</LocList>
</CondStmnt>
</StmntSeq>
</HierarchyLvl>
<HierarchyLvl HierarchyLvlId="1436" HierarchyLvlTypeId="26" Intrnl_Id="2457" Name="fetchStartSat">
<Header>
<Loc EndOffset="11538" SrcFileId="18" StartOffset="11497"/>
</Header>
<LocList>
<Loc EndOffset="11953" SrcFileId="18" StartOffset="11497"/>
</LocList>
<StmntSeq Intrnl_Id="2458">
<LocList>
<Loc EndOffset="11611" SrcFileId="18" StartOffset="11573"/>
<Loc EndOffset="11724" SrcFileId="18" StartOffset="11625"/>
<Loc EndOffset="11763" SrcFileId="18" StartOffset="11752"/>
<Loc EndOffset="11811" SrcFileId="18" StartOffset="11777"/>
<Loc EndOffset="11946" SrcFileId="18" StartOffset="11555"/>
</LocList>
<BasicStmnt CovItemId="S164" CovItemPrefix="my.PSM.PSM_Storage.MySQLManager.java" Intrnl_Id="2459">
<LocList>
<Loc EndOffset="11611" SrcFileId="18" StartOffset="11573"/>
</LocList>
</BasicStmnt>
<BasicStmnt CovItemId="S165" CovItemPrefix="my.PSM.PSM_Storage.MySQLManager.java" Intrnl_Id="2460">
<LocList>
<Loc EndOffset="11724" SrcFileId="18" StartOffset="11625"/>
</LocList>
</BasicStmnt>
<BasicStmnt CovItemId="S166" CovItemPrefix="my.PSM.PSM_Storage.MySQLManager.java" Intrnl_Id="2461">
<LocList>
<Loc EndOffset="11763" SrcFileId="18" StartOffset="11752"/>
</LocList>
</BasicStmnt>
<BasicStmnt CovItemId="S167" CovItemPrefix="my.PSM.PSM_Storage.MySQLManager.java" Intrnl_Id="2462">
<LocList>
<Loc EndOffset="11811" SrcFileId="18" StartOffset="11777"/>
</LocList>
</BasicStmnt>
<CondStmnt CovItemId="S163" CovItemPrefix="my.PSM.PSM_Storage.MySQLManager.java" Intrnl_Id="2463">
<Branch CovItemId="B43" CovItemPrefix="my.PSM.PSM_Storage.MySQLManager.java" Implct="true" Intrnl_Id="2464">
<Cond/>
<LocList/>
<StmntSeq Intrnl_Id="2465">
<LocList/>
</StmntSeq>
</Branch>
<Branch CovItemId="B44" CovItemPrefix="my.PSM.PSM_Storage.MySQLManager.java" Implct="false" Intrnl_Id="2466">
<Cond>
<Loc EndOffset="11864" SrcFileId="18" StartOffset="11846"/>
</Cond>
<LocList>
<Loc EndOffset="11946" SrcFileId="18" StartOffset="11874"/>
</LocList>
<StmntSeq Intrnl_Id="2467">
<LocList>
<Loc EndOffset="11909" SrcFileId="18" StartOffset="11889"/>
<Loc EndOffset="11935" SrcFileId="18" StartOffset="11923"/>
</LocList>
<BasicStmnt CovItemId="S168" CovItemPrefix="my.PSM.PSM_Storage.MySQLManager.java" Intrnl_Id="2468">
<LocList>
<Loc EndOffset="11909" SrcFileId="18" StartOffset="11889"/>
</LocList>
</BasicStmnt>
<BasicStmnt CovItemId="S169" CovItemPrefix="my.PSM.PSM_Storage.MySQLManager.java" Intrnl_Id="2469">
<LocList>
<Loc EndOffset="11935" SrcFileId="18" StartOffset="11923"/>
</LocList>
</BasicStmnt>
</StmntSeq>
</Branch>
<Keyword EndOffset="11558" SrcFileId="18" StartOffset="11555"/>
<LocList>
<Loc EndOffset="11946" SrcFileId="18" StartOffset="11555"/>
</LocList>
</CondStmnt>
</StmntSeq>
</HierarchyLvl>
<HierarchyLvl HierarchyLvlId="1437" HierarchyLvlTypeId="26" Intrnl_Id="2470" Name="fetchEndSat">
<Header>
<Loc EndOffset="12004" SrcFileId="18" StartOffset="11965"/>
</Header>
<LocList>
<Loc EndOffset="12469" SrcFileId="18" StartOffset="11965"/>
</LocList>
<StmntSeq Intrnl_Id="2471">
<LocList>
<Loc EndOffset="12087" SrcFileId="18" StartOffset="12049"/>
<Loc EndOffset="12212" SrcFileId="18" StartOffset="12115"/>
<Loc EndOffset="12251" SrcFileId="18" StartOffset="12240"/>
<Loc EndOffset="12303" SrcFileId="18" StartOffset="12265"/>
<Loc EndOffset="12341" SrcFileId="18" StartOffset="12330"/>
<Loc EndOffset="12462" SrcFileId="18" StartOffset="12031"/>
</LocList>
<BasicStmnt CovItemId="S171" CovItemPrefix="my.PSM.PSM_Storage.MySQLManager.java" Intrnl_Id="2472">
<LocList>
<Loc EndOffset="12087" SrcFileId="18" StartOffset="12049"/>
</LocList>
</BasicStmnt>
<BasicStmnt CovItemId="S172" CovItemPrefix="my.PSM.PSM_Storage.MySQLManager.java" Intrnl_Id="2473">
<LocList>
<Loc EndOffset="12212" SrcFileId="18" StartOffset="12115"/>
</LocList>
</BasicStmnt>
<BasicStmnt CovItemId="S173" CovItemPrefix="my.PSM.PSM_Storage.MySQLManager.java" Intrnl_Id="2474">
<LocList>
<Loc EndOffset="12251" SrcFileId="18" StartOffset="12240"/>
</LocList>
</BasicStmnt>
<BasicStmnt CovItemId="S174" CovItemPrefix="my.PSM.PSM_Storage.MySQLManager.java" Intrnl_Id="2475">
<LocList>
<Loc EndOffset="12303" SrcFileId="18" StartOffset="12265"/>
</LocList>
</BasicStmnt>
<BasicStmnt CovItemId="S175" CovItemPrefix="my.PSM.PSM_Storage.MySQLManager.java" Intrnl_Id="2476">
<LocList>
<Loc EndOffset="12341" SrcFileId="18" StartOffset="12330"/>
</LocList>
</BasicStmnt>
<CondStmnt CovItemId="S170" CovItemPrefix="my.PSM.PSM_Storage.MySQLManager.java" Intrnl_Id="2477">
<Branch CovItemId="B45" CovItemPrefix="my.PSM.PSM_Storage.MySQLManager.java" Implct="true" Intrnl_Id="2478">
<Cond/>
<LocList/>
<StmntSeq Intrnl_Id="2479">
<LocList/>
</StmntSeq>
</Branch>
<Branch CovItemId="B46" CovItemPrefix="my.PSM.PSM_Storage.MySQLManager.java" Implct="false" Intrnl_Id="2480">
<Cond>
<Loc EndOffset="12380" SrcFileId="18" StartOffset="12362"/>
</Cond>
<LocList>
<Loc EndOffset="12462" SrcFileId="18" StartOffset="12390"/>
</LocList>
<StmntSeq Intrnl_Id="2481">
<LocList>
<Loc EndOffset="12425" SrcFileId="18" StartOffset="12405"/>
<Loc EndOffset="12451" SrcFileId="18" StartOffset="12439"/>
</LocList>
<BasicStmnt CovItemId="S176" CovItemPrefix="my.PSM.PSM_Storage.MySQLManager.java" Intrnl_Id="2482">
<LocList>
<Loc EndOffset="12425" SrcFileId="18" StartOffset="12405"/>
</LocList>
</BasicStmnt>
<BasicStmnt CovItemId="S177" CovItemPrefix="my.PSM.PSM_Storage.MySQLManager.java" Intrnl_Id="2483">
<LocList>
<Loc EndOffset="12451" SrcFileId="18" StartOffset="12439"/>
</LocList>
</BasicStmnt>
</StmntSeq>
</Branch>
<Keyword EndOffset="12034" SrcFileId="18" StartOffset="12031"/>
<LocList>
<Loc EndOffset="12462" SrcFileId="18" StartOffset="12031"/>
</LocList>
</CondStmnt>
</StmntSeq>
</HierarchyLvl>
<HierarchyLvl HierarchyLvlId="1438" HierarchyLvlTypeId="26" Intrnl_Id="2484" Name="storeClassInfo">
<Header>
<Loc EndOffset="12575" SrcFileId="18" StartOffset="12481"/>
</Header>
<LocList>
<Loc EndOffset="13233" SrcFileId="18" StartOffset="12481"/>
</LocList>
<StmntSeq Intrnl_Id="2485">
<LocList>
<Loc EndOffset="12648" SrcFileId="18" StartOffset="12610"/>
<Loc EndOffset="13082" SrcFileId="18" StartOffset="12881"/>
<Loc EndOffset="13207" SrcFileId="18" StartOffset="12592"/>
<Loc EndOffset="13226" SrcFileId="18" StartOffset="13217"/>
</LocList>
<BasicStmnt CovItemId="S179" CovItemPrefix="my.PSM.PSM_Storage.MySQLManager.java" Intrnl_Id="2486">
<LocList>
<Loc EndOffset="12648" SrcFileId="18" StartOffset="12610"/>
</LocList>
</BasicStmnt>
<BasicStmnt CovItemId="S180" CovItemPrefix="my.PSM.PSM_Storage.MySQLManager.java" Intrnl_Id="2487">
<LocList>
<Loc EndOffset="13082" SrcFileId="18" StartOffset="12881"/>
</LocList>
</BasicStmnt>
<CondStmnt CovItemId="S178" CovItemPrefix="my.PSM.PSM_Storage.MySQLManager.java" Intrnl_Id="2488">
<Branch CovItemId="B47" CovItemPrefix="my.PSM.PSM_Storage.MySQLManager.java" Implct="true" Intrnl_Id="2489">
<Cond/>
<LocList/>
<StmntSeq Intrnl_Id="2490">
<LocList/>
</StmntSeq>
</Branch>
<Branch CovItemId="B48" CovItemPrefix="my.PSM.PSM_Storage.MySQLManager.java" Implct="false" Intrnl_Id="2491">
<Cond>
<Loc EndOffset="13137" SrcFileId="18" StartOffset="13119"/>
</Cond>
<LocList>
<Loc EndOffset="13207" SrcFileId="18" StartOffset="13137"/>
</LocList>
<StmntSeq Intrnl_Id="2492">
<LocList>
<Loc EndOffset="13172" SrcFileId="18" StartOffset="13152"/>
<Loc EndOffset="13196" SrcFileId="18" StartOffset="13186"/>
</LocList>
<BasicStmnt CovItemId="S181" CovItemPrefix="my.PSM.PSM_Storage.MySQLManager.java" Intrnl_Id="2493">
<LocList>
<Loc EndOffset="13172" SrcFileId="18" StartOffset="13152"/>
</LocList>
</BasicStmnt>
<BasicStmnt CovItemId="S182" CovItemPrefix="my.PSM.PSM_Storage.MySQLManager.java" Intrnl_Id="2494">
<LocList>
<Loc EndOffset="13196" SrcFileId="18" StartOffset="13186"/>
</LocList>
</BasicStmnt>
</StmntSeq>
</Branch>
<Keyword EndOffset="12595" SrcFileId="18" StartOffset="12592"/>
<LocList>
<Loc EndOffset="13207" SrcFileId="18" StartOffset="12592"/>
</LocList>
</CondStmnt>
<BasicStmnt CovItemId="S183" CovItemPrefix="my.PSM.PSM_Storage.MySQLManager.java" Intrnl_Id="2495">
<LocList>
<Loc EndOffset="13226" SrcFileId="18" StartOffset="13217"/>
</LocList>
</BasicStmnt>
</StmntSeq>
</HierarchyLvl>
<HierarchyLvl HierarchyLvlId="1439" HierarchyLvlTypeId="26" Intrnl_Id="2496" Name="storeClassSched">
<Header>
<Loc EndOffset="13538" SrcFileId="18" StartOffset="13245"/>
</Header>
<LocList>
<Loc EndOffset="14381" SrcFileId="18" StartOffset="13245"/>
</LocList>
<StmntSeq Intrnl_Id="2497">
<LocList>
<Loc EndOffset="13611" SrcFileId="18" StartOffset="13573"/>
<Loc EndOffset="14236" SrcFileId="18" StartOffset="13625"/>
<Loc EndOffset="14345" SrcFileId="18" StartOffset="13555"/>
<Loc EndOffset="14364" SrcFileId="18" StartOffset="14355"/>
</LocList>
<BasicStmnt CovItemId="S185" CovItemPrefix="my.PSM.PSM_Storage.MySQLManager.java" Intrnl_Id="2498">
<LocList>
<Loc EndOffset="13611" SrcFileId="18" StartOffset="13573"/>
</LocList>
</BasicStmnt>
<BasicStmnt CovItemId="S186" CovItemPrefix="my.PSM.PSM_Storage.MySQLManager.java" Intrnl_Id="2499">
<LocList>
<Loc EndOffset="14236" SrcFileId="18" StartOffset="13625"/>
</LocList>
</BasicStmnt>
<CondStmnt CovItemId="S184" CovItemPrefix="my.PSM.PSM_Storage.MySQLManager.java" Intrnl_Id="2500">
<Branch CovItemId="B49" CovItemPrefix="my.PSM.PSM_Storage.MySQLManager.java" Implct="true" Intrnl_Id="2501">
<Cond/>
<LocList/>
<StmntSeq Intrnl_Id="2502">
<LocList/>
</StmntSeq>
</Branch>
<Branch CovItemId="B50" CovItemPrefix="my.PSM.PSM_Storage.MySQLManager.java" Implct="false" Intrnl_Id="2503">
<Cond>
<Loc EndOffset="14275" SrcFileId="18" StartOffset="14257"/>
</Cond>
<LocList>
<Loc EndOffset="14345" SrcFileId="18" StartOffset="14275"/>
</LocList>
<StmntSeq Intrnl_Id="2504">
<LocList>
<Loc EndOffset="14310" SrcFileId="18" StartOffset="14290"/>
<Loc EndOffset="14334" SrcFileId="18" StartOffset="14324"/>
</LocList>
<BasicStmnt CovItemId="S187" CovItemPrefix="my.PSM.PSM_Storage.MySQLManager.java" Intrnl_Id="2505">
<LocList>
<Loc EndOffset="14310" SrcFileId="18" StartOffset="14290"/>
</LocList>
</BasicStmnt>
<BasicStmnt CovItemId="S188" CovItemPrefix="my.PSM.PSM_Storage.MySQLManager.java" Intrnl_Id="2506">
<LocList>
<Loc EndOffset="14334" SrcFileId="18" StartOffset="14324"/>
</LocList>
</BasicStmnt>
</StmntSeq>
</Branch>
<Keyword EndOffset="13558" SrcFileId="18" StartOffset="13555"/>
<LocList>
<Loc EndOffset="14345" SrcFileId="18" StartOffset="13555"/>
</LocList>
</CondStmnt>
<BasicStmnt CovItemId="S189" CovItemPrefix="my.PSM.PSM_Storage.MySQLManager.java" Intrnl_Id="2507">
<LocList>
<Loc EndOffset="14364" SrcFileId="18" StartOffset="14355"/>
</LocList>
</BasicStmnt>
</StmntSeq>
</HierarchyLvl>
<HierarchyLvl HierarchyLvlId="1440" HierarchyLvlTypeId="26" Intrnl_Id="2508" Name="clearDatabase">
<Header>
<Loc EndOffset="14420" SrcFileId="18" StartOffset="14393"/>
</Header>
<LocList>
<Loc EndOffset="14644" SrcFileId="18" StartOffset="14393"/>
</LocList>
<StmntSeq Intrnl_Id="2509">
<LocList>
<Loc EndOffset="14493" SrcFileId="18" StartOffset="14455"/>
<Loc EndOffset="14542" SrcFileId="18" StartOffset="14507"/>
<Loc EndOffset="14637" SrcFileId="18" StartOffset="14437"/>
</LocList>
<BasicStmnt CovItemId="S191" CovItemPrefix="my.PSM.PSM_Storage.MySQLManager.java" Intrnl_Id="2510">
<LocList>
<Loc EndOffset="14493" SrcFileId="18" StartOffset="14455"/>
</LocList>
</BasicStmnt>
<BasicStmnt CovItemId="S192" CovItemPrefix="my.PSM.PSM_Storage.MySQLManager.java" Intrnl_Id="2511">
<LocList>
<Loc EndOffset="14542" SrcFileId="18" StartOffset="14507"/>
</LocList>
</BasicStmnt>
<CondStmnt CovItemId="S190" CovItemPrefix="my.PSM.PSM_Storage.MySQLManager.java" Intrnl_Id="2512">
<Branch CovItemId="B51" CovItemPrefix="my.PSM.PSM_Storage.MySQLManager.java" Implct="true" Intrnl_Id="2513">
<Cond/>
<LocList/>
<StmntSeq Intrnl_Id="2514">
<LocList/>
</StmntSeq>
</Branch>
<Branch CovItemId="B52" CovItemPrefix="my.PSM.PSM_Storage.MySQLManager.java" Implct="false" Intrnl_Id="2515">
<Cond>
<Loc EndOffset="14581" SrcFileId="18" StartOffset="14563"/>
</Cond>
<LocList>
<Loc EndOffset="14637" SrcFileId="18" StartOffset="14591"/>
</LocList>
<StmntSeq Intrnl_Id="2516">
<LocList>
<Loc EndOffset="14626" SrcFileId="18" StartOffset="14606"/>
</LocList>
<BasicStmnt CovItemId="S193" CovItemPrefix="my.PSM.PSM_Storage.MySQLManager.java" Intrnl_Id="2517">
<LocList>
<Loc EndOffset="14626" SrcFileId="18" StartOffset="14606"/>
</LocList>
</BasicStmnt>
</StmntSeq>
</Branch>
<Keyword EndOffset="14440" SrcFileId="18" StartOffset="14437"/>
<LocList>
<Loc EndOffset="14637" SrcFileId="18" StartOffset="14437"/>
</LocList>
</CondStmnt>
</StmntSeq>
</HierarchyLvl>
<HierarchyLvl HierarchyLvlId="1441" HierarchyLvlTypeId="26" Intrnl_Id="2518" Name="createClassTable">
<Header>
<Loc EndOffset="14681" SrcFileId="18" StartOffset="14652"/>
</Header>
<LocList>
<Loc EndOffset="16239" SrcFileId="18" StartOffset="14652"/>
</LocList>
<StmntSeq Intrnl_Id="2519">
<LocList>
<Loc EndOffset="14750" SrcFileId="18" StartOffset="14712"/>
<Loc EndOffset="14832" SrcFileId="18" StartOffset="14783"/>
<Loc EndOffset="16065" SrcFileId="18" StartOffset="14842"/>
<Loc EndOffset="16085" SrcFileId="18" StartOffset="16075"/>
<Loc EndOffset="16189" SrcFileId="18" StartOffset="14697"/>
<Loc EndOffset="16207" SrcFileId="18" StartOffset="16198"/>
</LocList>
<BasicStmnt CovItemId="S195" CovItemPrefix="my.PSM.PSM_Storage.MySQLManager.java" Intrnl_Id="2520">
<LocList>
<Loc EndOffset="14750" SrcFileId="18" StartOffset="14712"/>
</LocList>
</BasicStmnt>
<BasicStmnt CovItemId="S196" CovItemPrefix="my.PSM.PSM_Storage.MySQLManager.java" Intrnl_Id="2521">
<LocList>
<Loc EndOffset="14832" SrcFileId="18" StartOffset="14783"/>
</LocList>
</BasicStmnt>
<BasicStmnt CovItemId="S197" CovItemPrefix="my.PSM.PSM_Storage.MySQLManager.java" Intrnl_Id="2522">
<LocList>
<Loc EndOffset="16065" SrcFileId="18" StartOffset="14842"/>
</LocList>
</BasicStmnt>
<BasicStmnt CovItemId="S198" CovItemPrefix="my.PSM.PSM_Storage.MySQLManager.java" Intrnl_Id="2523">
<LocList>
<Loc EndOffset="16085" SrcFileId="18" StartOffset="16075"/>
</LocList>
</BasicStmnt>
<CondStmnt CovItemId="S194" CovItemPrefix="my.PSM.PSM_Storage.MySQLManager.java" Intrnl_Id="2524">
<Branch CovItemId="B53" CovItemPrefix="my.PSM.PSM_Storage.MySQLManager.java" Implct="true" Intrnl_Id="2525">
<Cond/>
<LocList/>
<StmntSeq Intrnl_Id="2526">
<LocList/>
</StmntSeq>
</Branch>
<Branch CovItemId="B54" CovItemPrefix="my.PSM.PSM_Storage.MySQLManager.java" Implct="false" Intrnl_Id="2527">
<Cond>
<Loc EndOffset="16122" SrcFileId="18" StartOffset="16104"/>
</Cond>
<LocList>
<Loc EndOffset="16189" SrcFileId="18" StartOffset="16122"/>
</LocList>
<StmntSeq Intrnl_Id="2528">
<LocList>
<Loc EndOffset="16156" SrcFileId="18" StartOffset="16136"/>
<Loc EndOffset="16179" SrcFileId="18" StartOffset="16169"/>
</LocList>
<BasicStmnt CovItemId="S199" CovItemPrefix="my.PSM.PSM_Storage.MySQLManager.java" Intrnl_Id="2529">
<LocList>
<Loc EndOffset="16156" SrcFileId="18" StartOffset="16136"/>
</LocList>
</BasicStmnt>
<BasicStmnt CovItemId="S200" CovItemPrefix="my.PSM.PSM_Storage.MySQLManager.java" Intrnl_Id="2530">
<LocList>
<Loc EndOffset="16179" SrcFileId="18" StartOffset="16169"/>
</LocList>
</BasicStmnt>
</StmntSeq>
</Branch>
<Keyword EndOffset="14700" SrcFileId="18" StartOffset="14697"/>
<LocList>
<Loc EndOffset="16189" SrcFileId="18" StartOffset="14697"/>
</LocList>
</CondStmnt>
<BasicStmnt CovItemId="S201" CovItemPrefix="my.PSM.PSM_Storage.MySQLManager.java" Intrnl_Id="2531">
<LocList>
<Loc EndOffset="16207" SrcFileId="18" StartOffset="16198"/>
</LocList>
</BasicStmnt>
</StmntSeq>
</HierarchyLvl>
</HierarchyLvl>
</HierarchyLvl>
<HierarchyLvl HierarchyLvlId="1504" HierarchyLvlTypeId="24" Intrnl_Id="2532" Name="subsystemTestPSM">
<Header/>
<LocList/>
<HierarchyLvl HierarchyLvlId="1448" HierarchyLvlTypeId="25" Intrnl_Id="2533" Name="logicTest">
<Header>
<Loc EndOffset="212" SrcFileId="19" StartOffset="190"/>
</Header>
<LocList>
<Loc EndOffset="1539" SrcFileId="19" StartOffset="190"/>
</LocList>
<HierarchyLvl HierarchyLvlId="1443" HierarchyLvlTypeId="26" Intrnl_Id="2534" Name="setUp">
<Header>
<Loc EndOffset="327" SrcFileId="19" StartOffset="281"/>
</Header>
<LocList>
<Loc EndOffset="429" SrcFileId="19" StartOffset="281"/>
</LocList>
<StmntSeq Intrnl_Id="2535">
<LocList>
<Loc EndOffset="378" SrcFileId="19" StartOffset="333"/>
<Loc EndOffset="421" SrcFileId="19" StartOffset="385"/>
</LocList>
<BasicStmnt CovItemId="S1" CovItemPrefix="my.PSM.subsystemTestPSM.logicTest.java" Intrnl_Id="2536">
<LocList>
<Loc EndOffset="378" SrcFileId="19" StartOffset="333"/>
</LocList>
</BasicStmnt>
<BasicStmnt CovItemId="S2" CovItemPrefix="my.PSM.subsystemTestPSM.logicTest.java" Intrnl_Id="2537">
<LocList>
<Loc EndOffset="421" SrcFileId="19" StartOffset="385"/>
</LocList>
</BasicStmnt>
</StmntSeq>
</HierarchyLvl>
<HierarchyLvl HierarchyLvlId="1444" HierarchyLvlTypeId="26" Intrnl_Id="2538" Name="tearDown">
<Header>
<Loc EndOffset="482" SrcFileId="19" StartOffset="434"/>
</Header>
<LocList>
<Loc EndOffset="511" SrcFileId="19" StartOffset="434"/>
</LocList>
<StmntSeq Intrnl_Id="2539">
<LocList>
<Loc EndOffset="507" SrcFileId="19" StartOffset="488"/>
</LocList>
<BasicStmnt CovItemId="S3" CovItemPrefix="my.PSM.subsystemTestPSM.logicTest.java" Intrnl_Id="2540">
<LocList>
<Loc EndOffset="507" SrcFileId="19" StartOffset="488"/>
</LocList>
</BasicStmnt>
</StmntSeq>
</HierarchyLvl>
<HierarchyLvl HierarchyLvlId="1445" HierarchyLvlTypeId="26" Intrnl_Id="2541" Name="testfetchcourse">
<Header>
<Loc EndOffset="553" SrcFileId="19" StartOffset="516"/>
</Header>
<LocList>
<Loc EndOffset="1031" SrcFileId="19" StartOffset="516"/>
</LocList>
<StmntSeq Intrnl_Id="2542">
<LocList>
<Loc EndOffset="719" SrcFileId="19" StartOffset="559"/>
<Loc EndOffset="883" SrcFileId="19" StartOffset="723"/>
<Loc EndOffset="939" SrcFileId="19" StartOffset="887"/>
<Loc EndOffset="979" SrcFileId="19" StartOffset="943"/>
<Loc EndOffset="1019" SrcFileId="19" StartOffset="989"/>
</LocList>
<BasicStmnt CovItemId="S4" CovItemPrefix="my.PSM.subsystemTestPSM.logicTest.java" Intrnl_Id="2543">
<LocList>
<Loc EndOffset="719" SrcFileId="19" StartOffset="559"/>
</LocList>
</BasicStmnt>
<BasicStmnt CovItemId="S5" CovItemPrefix="my.PSM.subsystemTestPSM.logicTest.java" Intrnl_Id="2544">
<LocList>
<Loc EndOffset="883" SrcFileId="19" StartOffset="723"/>
</LocList>
</BasicStmnt>
<BasicStmnt CovItemId="S6" CovItemPrefix="my.PSM.subsystemTestPSM.logicTest.java" Intrnl_Id="2545">
<LocList>
<Loc EndOffset="939" SrcFileId="19" StartOffset="887"/>
</LocList>
</BasicStmnt>
<BasicStmnt CovItemId="S7" CovItemPrefix="my.PSM.subsystemTestPSM.logicTest.java" Intrnl_Id="2546">
<LocList>
<Loc EndOffset="979" SrcFileId="19" StartOffset="943"/>
</LocList>
</BasicStmnt>
<BasicStmnt CovItemId="S8" CovItemPrefix="my.PSM.subsystemTestPSM.logicTest.java" Intrnl_Id="2547">
<LocList>
<Loc EndOffset="1019" SrcFileId="19" StartOffset="989"/>
</LocList>
</BasicStmnt>
</StmntSeq>
</HierarchyLvl>
<HierarchyLvl HierarchyLvlId="1446" HierarchyLvlTypeId="26" Intrnl_Id="2548" Name="testfetchcourse02">
<Header>
<Loc EndOffset="1076" SrcFileId="19" StartOffset="1037"/>
</Header>
<LocList>
<Loc EndOffset="1197" SrcFileId="19" StartOffset="1037"/>
</LocList>
<StmntSeq Intrnl_Id="2549">
<LocList>
<Loc EndOffset="1123" SrcFileId="19" StartOffset="1081"/>
<Loc EndOffset="1163" SrcFileId="19" StartOffset="1127"/>
<Loc EndOffset="1193" SrcFileId="19" StartOffset="1173"/>
</LocList>
<BasicStmnt CovItemId="S9" CovItemPrefix="my.PSM.subsystemTestPSM.logicTest.java" Intrnl_Id="2550">
<LocList>
<Loc EndOffset="1123" SrcFileId="19" StartOffset="1081"/>
</LocList>
</BasicStmnt>
<BasicStmnt CovItemId="S10" CovItemPrefix="my.PSM.subsystemTestPSM.logicTest.java" Intrnl_Id="2551">
<LocList>
<Loc EndOffset="1163" SrcFileId="19" StartOffset="1127"/>
</LocList>
</BasicStmnt>
<BasicStmnt CovItemId="S11" CovItemPrefix="my.PSM.subsystemTestPSM.logicTest.java" Intrnl_Id="2552">
<LocList>
<Loc EndOffset="1193" SrcFileId="19" StartOffset="1173"/>
</LocList>
</BasicStmnt>
</StmntSeq>
</HierarchyLvl>
<HierarchyLvl HierarchyLvlId="1447" HierarchyLvlTypeId="26" Intrnl_Id="2553" Name="testfetchcourse01">
<Header>
<Loc EndOffset="1239" SrcFileId="19" StartOffset="1200"/>
</Header>
<LocList>
<Loc EndOffset="1534" SrcFileId="19" StartOffset="1200"/>
</LocList>
<StmntSeq Intrnl_Id="2554">
<LocList>
<Loc EndOffset="1404" SrcFileId="19" StartOffset="1244"/>
<Loc EndOffset="1455" SrcFileId="19" StartOffset="1408"/>
<Loc EndOffset="1495" SrcFileId="19" StartOffset="1459"/>
<Loc EndOffset="1530" SrcFileId="19" StartOffset="1505"/>
</LocList>
<BasicStmnt CovItemId="S12" CovItemPrefix="my.PSM.subsystemTestPSM.logicTest.java" Intrnl_Id="2555">
<LocList>
<Loc EndOffset="1404" SrcFileId="19" StartOffset="1244"/>
</LocList>
</BasicStmnt>
<BasicStmnt CovItemId="S13" CovItemPrefix="my.PSM.subsystemTestPSM.logicTest.java" Intrnl_Id="2556">
<LocList>
<Loc EndOffset="1455" SrcFileId="19" StartOffset="1408"/>
</LocList>
</BasicStmnt>
<BasicStmnt CovItemId="S14" CovItemPrefix="my.PSM.subsystemTestPSM.logicTest.java" Intrnl_Id="2557">
<LocList>
<Loc EndOffset="1495" SrcFileId="19" StartOffset="1459"/>
</LocList>
</BasicStmnt>
<BasicStmnt CovItemId="S15" CovItemPrefix="my.PSM.subsystemTestPSM.logicTest.java" Intrnl_Id="2558">
<LocList>
<Loc EndOffset="1530" SrcFileId="19" StartOffset="1505"/>
</LocList>
</BasicStmnt>
</StmntSeq>
</HierarchyLvl>
</HierarchyLvl>
</HierarchyLvl>
<HierarchyLvl HierarchyLvlId="1505" HierarchyLvlTypeId="24" Intrnl_Id="2559" Name="unitTestPSM">
<Header/>
<LocList/>
<HierarchyLvl HierarchyLvlId="1475" HierarchyLvlTypeId="25" Intrnl_Id="2560" Name="DBConnectionTest">
<Header>
<Loc EndOffset="221" SrcFileId="20" StartOffset="192"/>
</Header>
<LocList>
<Loc EndOffset="6639" SrcFileId="20" StartOffset="192"/>
</LocList>
<StmntSeq Intrnl_Id="2561">
<LocList>
<Loc EndOffset="265" SrcFileId="20" StartOffset="228"/>
<Loc EndOffset="326" SrcFileId="20" StartOffset="268"/>
</LocList>
<BasicStmnt CovItemId="S1" CovItemPrefix="my.PSM.unitTestPSM.DBConnectionTest.java" Intrnl_Id="2562">
<LocList>
<Loc EndOffset="265" SrcFileId="20" StartOffset="228"/>
</LocList>
</BasicStmnt>
<BasicStmnt CovItemId="S2" CovItemPrefix="my.PSM.unitTestPSM.DBConnectionTest.java" Intrnl_Id="2563">
<LocList>
<Loc EndOffset="326" SrcFileId="20" StartOffset="268"/>
</LocList>
</BasicStmnt>
</StmntSeq>
<HierarchyLvl HierarchyLvlId="1449" HierarchyLvlTypeId="26" Intrnl_Id="2564" Name="runBefore">
<Header>
<Loc EndOffset="368" SrcFileId="20" StartOffset="335"/>
</Header>
<LocList>
<Loc EndOffset="585" SrcFileId="20" StartOffset="335"/>
</LocList>
<StmntSeq Intrnl_Id="2565">
<LocList>
<Loc EndOffset="555" SrcFileId="20" StartOffset="373"/>
<Loc EndOffset="581" SrcFileId="20" StartOffset="559"/>
</LocList>
<BasicStmnt CovItemId="S3" CovItemPrefix="my.PSM.unitTestPSM.DBConnectionTest.java" Intrnl_Id="2566">
<LocList>
<Loc EndOffset="555" SrcFileId="20" StartOffset="373"/>
</LocList>
</BasicStmnt>
<BasicStmnt CovItemId="S4" CovItemPrefix="my.PSM.unitTestPSM.DBConnectionTest.java" Intrnl_Id="2567">
<LocList>
<Loc EndOffset="581" SrcFileId="20" StartOffset="559"/>
</LocList>
</BasicStmnt>
</StmntSeq>
</HierarchyLvl>
<HierarchyLvl HierarchyLvlId="1450" HierarchyLvlTypeId="26" Intrnl_Id="2568" Name="testConnectStringStringString">
<Header>
<Loc EndOffset="642" SrcFileId="20" StartOffset="591"/>
</Header>
<LocList>
<Loc EndOffset="718" SrcFileId="20" StartOffset="591"/>
</LocList>
<StmntSeq Intrnl_Id="2569">
<LocList>
<Loc EndOffset="714" SrcFileId="20" StartOffset="648"/>
</LocList>
<BasicStmnt CovItemId="S5" CovItemPrefix="my.PSM.unitTestPSM.DBConnectionTest.java" Intrnl_Id="2570">
<LocList>
<Loc EndOffset="714" SrcFileId="20" StartOffset="648"/>
</LocList>
</BasicStmnt>
</StmntSeq>
</HierarchyLvl>
<HierarchyLvl HierarchyLvlId="1451" HierarchyLvlTypeId="26" Intrnl_Id="2571" Name="testConnectStringString">
<Header>
<Loc EndOffset="768" SrcFileId="20" StartOffset="723"/>
</Header>
<LocList>
<Loc EndOffset="803" SrcFileId="20" StartOffset="723"/>
</LocList>
<StmntSeq Intrnl_Id="2572">
<LocList>
<Loc EndOffset="799" SrcFileId="20" StartOffset="774"/>
</LocList>
<BasicStmnt CovItemId="S6" CovItemPrefix="my.PSM.unitTestPSM.DBConnectionTest.java" Intrnl_Id="2573">
<LocList>
<Loc EndOffset="799" SrcFileId="20" StartOffset="774"/>
</LocList>
</BasicStmnt>
</StmntSeq>
</HierarchyLvl>
<HierarchyLvl HierarchyLvlId="1452" HierarchyLvlTypeId="26" Intrnl_Id="2574" Name="testDisconnect">
<Header>
<Loc EndOffset="844" SrcFileId="20" StartOffset="808"/>
</Header>
<LocList>
<Loc EndOffset="870" SrcFileId="20" StartOffset="808"/>
</LocList>
<StmntSeq Intrnl_Id="2575">
<LocList>
<Loc EndOffset="866" SrcFileId="20" StartOffset="850"/>
</LocList>
<BasicStmnt CovItemId="S7" CovItemPrefix="my.PSM.unitTestPSM.DBConnectionTest.java" Intrnl_Id="2576">
<LocList>
<Loc EndOffset="866" SrcFileId="20" StartOffset="850"/>
</LocList>
</BasicStmnt>
</StmntSeq>
</HierarchyLvl>
<HierarchyLvl HierarchyLvlId="1453" HierarchyLvlTypeId="26" Intrnl_Id="2577" Name="testFetchCourseID">
<Header>
<Loc EndOffset="914" SrcFileId="20" StartOffset="875"/>
</Header>
<LocList>
<Loc EndOffset="1109" SrcFileId="20" StartOffset="875"/>
</LocList>
<StmntSeq Intrnl_Id="2578">
<LocList>
<Loc EndOffset="941" SrcFileId="20" StartOffset="920"/>
<Loc EndOffset="963" SrcFileId="20" StartOffset="945"/>
<Loc EndOffset="1075" SrcFileId="20" StartOffset="996"/>
<Loc EndOffset="1103" SrcFileId="20" StartOffset="1079"/>
</LocList>
<BasicStmnt CovItemId="S8" CovItemPrefix="my.PSM.unitTestPSM.DBConnectionTest.java" Intrnl_Id="2579">
<LocList>
<Loc EndOffset="941" SrcFileId="20" StartOffset="920"/>
</LocList>
</BasicStmnt>
<BasicStmnt CovItemId="S9" CovItemPrefix="my.PSM.unitTestPSM.DBConnectionTest.java" Intrnl_Id="2580">
<LocList>
<Loc EndOffset="963" SrcFileId="20" StartOffset="945"/>
</LocList>
</BasicStmnt>
<CondStmnt CovItemId="S10" CovItemPrefix="my.PSM.unitTestPSM.DBConnectionTest.java" Intrnl_Id="2581">
<Branch CovItemId="B1" CovItemPrefix="my.PSM.unitTestPSM.DBConnectionTest.java" Implct="false" Intrnl_Id="2582">
<Cond/>
<LocList>
<Loc EndOffset="1056" SrcFileId="20" StartOffset="1033"/>
</LocList>
<StmntSeq Intrnl_Id="2583">
<LocList>
<Loc EndOffset="1051" SrcFileId="20" StartOffset="1039"/>
</LocList>
<BasicStmnt CovItemId="S11" CovItemPrefix="my.PSM.unitTestPSM.DBConnectionTest.java" Intrnl_Id="2584">
<LocList>
<Loc EndOffset="1051" SrcFileId="20" StartOffset="1039"/>
</LocList>
</BasicStmnt>
</StmntSeq>
</Branch>
<Branch CovItemId="B2" CovItemPrefix="my.PSM.unitTestPSM.DBConnectionTest.java" Implct="false" Intrnl_Id="2585">
<Cond>
<Loc EndOffset="1061" SrcFileId="20" StartOffset="1057"/>
</Cond>
<LocList>
<Loc EndOffset="1075" SrcFileId="20" StartOffset="1062"/>
</LocList>
<StmntSeq Intrnl_Id="2586">
<LocList>
<Loc EndOffset="1075" SrcFileId="20" StartOffset="1062"/>
</LocList>
<BasicStmnt CovItemId="S12" CovItemPrefix="my.PSM.unitTestPSM.DBConnectionTest.java" Intrnl_Id="2587">
<LocList>
<Loc EndOffset="1075" SrcFileId="20" StartOffset="1062"/>
</LocList>
</BasicStmnt>
</StmntSeq>
</Branch>
<Keyword EndOffset="998" SrcFileId="20" StartOffset="996"/>
<LocList>
<Loc EndOffset="1075" SrcFileId="20" StartOffset="996"/>
</LocList>
<RootTerm CovItemId="C1" CovItemPrefix="my.PSM.unitTestPSM.DBConnectionTest.java" Intrnl_Id="2588">
<BasicBoolTerm Intrnl_Id="2589">
<LocList>
<Loc EndOffset="1032" SrcFileId="20" StartOffset="1000"/>
</LocList>
</BasicBoolTerm>
</RootTerm>
</CondStmnt>
<BasicStmnt CovItemId="S13" CovItemPrefix="my.PSM.unitTestPSM.DBConnectionTest.java" Intrnl_Id="2590">
<LocList>
<Loc EndOffset="1103" SrcFileId="20" StartOffset="1079"/>
</LocList>
</BasicStmnt>
</StmntSeq>
</HierarchyLvl>
<HierarchyLvl HierarchyLvlId="1454" HierarchyLvlTypeId="26" Intrnl_Id="2591" Name="testGetEndDates">
<Header>
<Loc EndOffset="1151" SrcFileId="20" StartOffset="1114"/>
</Header>
<LocList>
<Loc EndOffset="1213" SrcFileId="20" StartOffset="1114"/>
</LocList>
<StmntSeq Intrnl_Id="2592">
<LocList>
<Loc EndOffset="1181" SrcFileId="20" StartOffset="1157"/>
<Loc EndOffset="1209" SrcFileId="20" StartOffset="1185"/>
</LocList>
<BasicStmnt CovItemId="S14" CovItemPrefix="my.PSM.unitTestPSM.DBConnectionTest.java" Intrnl_Id="2593">
<LocList>
<Loc EndOffset="1181" SrcFileId="20" StartOffset="1157"/>
</LocList>
</BasicStmnt>
<BasicStmnt CovItemId="S15" CovItemPrefix="my.PSM.unitTestPSM.DBConnectionTest.java" Intrnl_Id="2594">
<LocList>
<Loc EndOffset="1209" SrcFileId="20" StartOffset="1185"/>
</LocList>
</BasicStmnt>
</StmntSeq>
</HierarchyLvl>
<HierarchyLvl HierarchyLvlId="1455" HierarchyLvlTypeId="26" Intrnl_Id="2595" Name="testGetCourses">
<Header>
<Loc EndOffset="1254" SrcFileId="20" StartOffset="1218"/>
</Header>
<LocList>
<Loc EndOffset="1683" SrcFileId="20" StartOffset="1218"/>
</LocList>
<StmntSeq Intrnl_Id="2596">
<LocList>
<Loc EndOffset="1314" SrcFileId="20" StartOffset="1260"/>
<Loc EndOffset="1339" SrcFileId="20" StartOffset="1318"/>
<Loc EndOffset="1364" SrcFileId="20" StartOffset="1343"/>
<Loc EndOffset="1391" SrcFileId="20" StartOffset="1368"/>
<Loc EndOffset="1427" SrcFileId="20" StartOffset="1395"/>
<Loc EndOffset="1492" SrcFileId="20" StartOffset="1443"/>
<Loc EndOffset="1635" SrcFileId="20" StartOffset="1496"/>
<Loc EndOffset="1651" SrcFileId="20" StartOffset="1639"/>
<Loc EndOffset="1679" SrcFileId="20" StartOffset="1655"/>
</LocList>
<BasicStmnt CovItemId="S16" CovItemPrefix="my.PSM.unitTestPSM.DBConnectionTest.java" Intrnl_Id="2597">
<LocList>
<Loc EndOffset="1314" SrcFileId="20" StartOffset="1260"/>
</LocList>
</BasicStmnt>
<BasicStmnt CovItemId="S17" CovItemPrefix="my.PSM.unitTestPSM.DBConnectionTest.java" Intrnl_Id="2598">
<LocList>
<Loc EndOffset="1339" SrcFileId="20" StartOffset="1318"/>
</LocList>
</BasicStmnt>
<BasicStmnt CovItemId="S18" CovItemPrefix="my.PSM.unitTestPSM.DBConnectionTest.java" Intrnl_Id="2599">
<LocList>
<Loc EndOffset="1364" SrcFileId="20" StartOffset="1343"/>
</LocList>
</BasicStmnt>
<BasicStmnt CovItemId="S19" CovItemPrefix="my.PSM.unitTestPSM.DBConnectionTest.java" Intrnl_Id="2600">
<LocList>
<Loc EndOffset="1391" SrcFileId="20" StartOffset="1368"/>
</LocList>
</BasicStmnt>
<BasicStmnt CovItemId="S20" CovItemPrefix="my.PSM.unitTestPSM.DBConnectionTest.java" Intrnl_Id="2601">
<LocList>
<Loc EndOffset="1427" SrcFileId="20" StartOffset="1395"/>
</LocList>
</BasicStmnt>
<CondStmnt CovItemId="S21" CovItemPrefix="my.PSM.unitTestPSM.DBConnectionTest.java" Intrnl_Id="2602">
<Branch CovItemId="B3" CovItemPrefix="my.PSM.unitTestPSM.DBConnectionTest.java" Implct="false" Intrnl_Id="2603">
<Cond/>
<LocList>
<Loc EndOffset="1474" SrcFileId="20" StartOffset="1455"/>
</LocList>
<StmntSeq Intrnl_Id="2604">
<LocList>
<Loc EndOffset="1469" SrcFileId="20" StartOffset="1461"/>
</LocList>
<BasicStmnt CovItemId="S22" CovItemPrefix="my.PSM.unitTestPSM.DBConnectionTest.java" Intrnl_Id="2605">
<LocList>
<Loc EndOffset="1469" SrcFileId="20" StartOffset="1461"/>
</LocList>
</BasicStmnt>
</StmntSeq>
</Branch>
<Branch CovItemId="B4" CovItemPrefix="my.PSM.unitTestPSM.DBConnectionTest.java" Implct="false" Intrnl_Id="2606">
<Cond>
<Loc EndOffset="1479" SrcFileId="20" StartOffset="1475"/>
</Cond>
<LocList>
<Loc EndOffset="1492" SrcFileId="20" StartOffset="1484"/>
</LocList>
<StmntSeq Intrnl_Id="2607">
<LocList>
<Loc EndOffset="1492" SrcFileId="20" StartOffset="1484"/>
</LocList>
<BasicStmnt CovItemId="S23" CovItemPrefix="my.PSM.unitTestPSM.DBConnectionTest.java" Intrnl_Id="2608">
<LocList>
<Loc EndOffset="1492" SrcFileId="20" StartOffset="1484"/>
</LocList>
</BasicStmnt>
</StmntSeq>
</Branch>
<Keyword EndOffset="1445" SrcFileId="20" StartOffset="1443"/>
<LocList>
<Loc EndOffset="1492" SrcFileId="20" StartOffset="1443"/>
</LocList>
<RootTerm CovItemId="C2" CovItemPrefix="my.PSM.unitTestPSM.DBConnectionTest.java" Intrnl_Id="2609">
<BasicBoolTerm Intrnl_Id="2610">
<LocList>
<Loc EndOffset="1453" SrcFileId="20" StartOffset="1447"/>
</LocList>
</BasicBoolTerm>
</RootTerm>
</CondStmnt>
<LoopStmnt CovItemId="S24" CovItemPrefix="my.PSM.unitTestPSM.DBConnectionTest.java" Intrnl_Id="2611" MltplExecId="L1-2" MltplExecPrefix="my.PSM.unitTestPSM.DBConnectionTest.java" NvrExecId="L1-0" NvrExecPrefix="my.PSM.unitTestPSM.DBConnectionTest.java" OnceExecutedId="L1-1" OnceExecutedPrefix="my.PSM.unitTestPSM.DBConnectionTest.java" OptBodyExec="true">
<StmntSeq Intrnl_Id="2612">
<LocList>
<Loc EndOffset="1630" SrcFileId="20" StartOffset="1532"/>
</LocList>
<CondStmnt CovItemId="S25" CovItemPrefix="my.PSM.unitTestPSM.DBConnectionTest.java" Intrnl_Id="2613">
<Branch CovItemId="B5" CovItemPrefix="my.PSM.unitTestPSM.DBConnectionTest.java" Implct="false" Intrnl_Id="2614">
<Cond/>
<LocList>
<Loc EndOffset="1606" SrcFileId="20" StartOffset="1580"/>
</LocList>
<StmntSeq Intrnl_Id="2615">
<LocList/>
</StmntSeq>
</Branch>
<Branch CovItemId="B6" CovItemPrefix="my.PSM.unitTestPSM.DBConnectionTest.java" Implct="false" Intrnl_Id="2616">
<Cond>
<Loc EndOffset="1611" SrcFileId="20" StartOffset="1607"/>
</Cond>
<LocList>
<Loc EndOffset="1630" SrcFileId="20" StartOffset="1617"/>
</LocList>
<StmntSeq Intrnl_Id="2617">
<LocList>
<Loc EndOffset="1630" SrcFileId="20" StartOffset="1617"/>
</LocList>
<BasicStmnt CovItemId="S26" CovItemPrefix="my.PSM.unitTestPSM.DBConnectionTest.java" Intrnl_Id="2618">
<LocList>
<Loc EndOffset="1630" SrcFileId="20" StartOffset="1617"/>
</LocList>
</BasicStmnt>
</StmntSeq>
</Branch>
<Keyword EndOffset="1534" SrcFileId="20" StartOffset="1532"/>
<LocList>
<Loc EndOffset="1630" SrcFileId="20" StartOffset="1532"/>
</LocList>
<RootTerm CovItemId="C4" CovItemPrefix="my.PSM.unitTestPSM.DBConnectionTest.java" Intrnl_Id="2619">
<BasicBoolTerm Intrnl_Id="2620">
<LocList>
<Loc EndOffset="1578" SrcFileId="20" StartOffset="1536"/>
</LocList>
</BasicBoolTerm>
</RootTerm>
</CondStmnt>
</StmntSeq>
<Keyword EndOffset="1499" SrcFileId="20" StartOffset="1496"/>
<LocList>
<Loc EndOffset="1635" SrcFileId="20" StartOffset="1496"/>
</LocList>
<RootTerm CovItemId="C3" CovItemPrefix="my.PSM.unitTestPSM.DBConnectionTest.java" Intrnl_Id="2621">
<BasicBoolTerm Intrnl_Id="2622">
<LocList>
<Loc EndOffset="1519" SrcFileId="20" StartOffset="1512"/>
</LocList>
</BasicBoolTerm>
</RootTerm>
</LoopStmnt>
<BasicStmnt CovItemId="S27" CovItemPrefix="my.PSM.unitTestPSM.DBConnectionTest.java" Intrnl_Id="2623">
<LocList>
<Loc EndOffset="1651" SrcFileId="20" StartOffset="1639"/>
</LocList>
</BasicStmnt>
<BasicStmnt CovItemId="S28" CovItemPrefix="my.PSM.unitTestPSM.DBConnectionTest.java" Intrnl_Id="2624">
<LocList>
<Loc EndOffset="1679" SrcFileId="20" StartOffset="1655"/>
</LocList>
</BasicStmnt>
</StmntSeq>
</HierarchyLvl>
<HierarchyLvl HierarchyLvlId="1456" HierarchyLvlTypeId="26" Intrnl_Id="2625" Name="testFetchCourses">
<Header>
<Loc EndOffset="1726" SrcFileId="20" StartOffset="1688"/>
</Header>
<LocList>
<Loc EndOffset="1937" SrcFileId="20" StartOffset="1688"/>
</LocList>
<StmntSeq Intrnl_Id="2626">
<LocList>
<Loc EndOffset="1753" SrcFileId="20" StartOffset="1732"/>
<Loc EndOffset="1782" SrcFileId="20" StartOffset="1757"/>
<Loc EndOffset="1905" SrcFileId="20" StartOffset="1815"/>
<Loc EndOffset="1933" SrcFileId="20" StartOffset="1909"/>
</LocList>
<BasicStmnt CovItemId="S29" CovItemPrefix="my.PSM.unitTestPSM.DBConnectionTest.java" Intrnl_Id="2627">
<LocList>
<Loc EndOffset="1753" SrcFileId="20" StartOffset="1732"/>
</LocList>
</BasicStmnt>
<BasicStmnt CovItemId="S30" CovItemPrefix="my.PSM.unitTestPSM.DBConnectionTest.java" Intrnl_Id="2628">
<LocList>
<Loc EndOffset="1782" SrcFileId="20" StartOffset="1757"/>
</LocList>
</BasicStmnt>
<CondStmnt CovItemId="S31" CovItemPrefix="my.PSM.unitTestPSM.DBConnectionTest.java" Intrnl_Id="2629">
<Branch CovItemId="B7" CovItemPrefix="my.PSM.unitTestPSM.DBConnectionTest.java" Implct="false" Intrnl_Id="2630">
<Cond/>
<LocList>
<Loc EndOffset="1886" SrcFileId="20" StartOffset="1863"/>
</LocList>
<StmntSeq Intrnl_Id="2631">
<LocList>
<Loc EndOffset="1881" SrcFileId="20" StartOffset="1869"/>
</LocList>
<BasicStmnt CovItemId="S32" CovItemPrefix="my.PSM.unitTestPSM.DBConnectionTest.java" Intrnl_Id="2632">
<LocList>
<Loc EndOffset="1881" SrcFileId="20" StartOffset="1869"/>
</LocList>
</BasicStmnt>
</StmntSeq>
</Branch>
<Branch CovItemId="B8" CovItemPrefix="my.PSM.unitTestPSM.DBConnectionTest.java" Implct="false" Intrnl_Id="2633">
<Cond>
<Loc EndOffset="1891" SrcFileId="20" StartOffset="1887"/>
</Cond>
<LocList>
<Loc EndOffset="1905" SrcFileId="20" StartOffset="1892"/>
</LocList>
<StmntSeq Intrnl_Id="2634">
<LocList>
<Loc EndOffset="1905" SrcFileId="20" StartOffset="1892"/>
</LocList>
<BasicStmnt CovItemId="S33" CovItemPrefix="my.PSM.unitTestPSM.DBConnectionTest.java" Intrnl_Id="2635">
<LocList>
<Loc EndOffset="1905" SrcFileId="20" StartOffset="1892"/>
</LocList>
</BasicStmnt>
</StmntSeq>
</Branch>
<Keyword EndOffset="1817" SrcFileId="20" StartOffset="1815"/>
<LocList>
<Loc EndOffset="1905" SrcFileId="20" StartOffset="1815"/>
</LocList>
<RootTerm CovItemId="C5" CovItemPrefix="my.PSM.unitTestPSM.DBConnectionTest.java" Intrnl_Id="2636">
<BasicBoolTerm Intrnl_Id="2637">
<LocList>
<Loc EndOffset="1862" SrcFileId="20" StartOffset="1819"/>
</LocList>
</BasicBoolTerm>
</RootTerm>
</CondStmnt>
<BasicStmnt CovItemId="S34" CovItemPrefix="my.PSM.unitTestPSM.DBConnectionTest.java" Intrnl_Id="2638">
<LocList>
<Loc EndOffset="1933" SrcFileId="20" StartOffset="1909"/>
</LocList>
</BasicStmnt>
</StmntSeq>
</HierarchyLvl>
<HierarchyLvl HierarchyLvlId="1457" HierarchyLvlTypeId="26" Intrnl_Id="2639" Name="testFetchCourseSubj">
<Header>
<Loc EndOffset="1983" SrcFileId="20" StartOffset="1942"/>
</Header>
<LocList>
<Loc EndOffset="2178" SrcFileId="20" StartOffset="1942"/>
</LocList>
<StmntSeq Intrnl_Id="2640">
<LocList>
<Loc EndOffset="2010" SrcFileId="20" StartOffset="1989"/>
<Loc EndOffset="2034" SrcFileId="20" StartOffset="2014"/>
<Loc EndOffset="2146" SrcFileId="20" StartOffset="2052"/>
<Loc EndOffset="2174" SrcFileId="20" StartOffset="2150"/>
</LocList>
<BasicStmnt CovItemId="S35" CovItemPrefix="my.PSM.unitTestPSM.DBConnectionTest.java" Intrnl_Id="2641">
<LocList>
<Loc EndOffset="2010" SrcFileId="20" StartOffset="1989"/>
</LocList>
</BasicStmnt>
<BasicStmnt CovItemId="S36" CovItemPrefix="my.PSM.unitTestPSM.DBConnectionTest.java" Intrnl_Id="2642">
<LocList>
<Loc EndOffset="2034" SrcFileId="20" StartOffset="2014"/>
</LocList>
</BasicStmnt>
<CondStmnt CovItemId="S37" CovItemPrefix="my.PSM.unitTestPSM.DBConnectionTest.java" Intrnl_Id="2643">
<Branch CovItemId="B9" CovItemPrefix="my.PSM.unitTestPSM.DBConnectionTest.java" Implct="false" Intrnl_Id="2644">
<Cond/>
<LocList>
<Loc EndOffset="2127" SrcFileId="20" StartOffset="2104"/>
</LocList>
<StmntSeq Intrnl_Id="2645">
<LocList>
<Loc EndOffset="2122" SrcFileId="20" StartOffset="2110"/>
</LocList>
<BasicStmnt CovItemId="S38" CovItemPrefix="my.PSM.unitTestPSM.DBConnectionTest.java" Intrnl_Id="2646">
<LocList>
<Loc EndOffset="2122" SrcFileId="20" StartOffset="2110"/>
</LocList>
</BasicStmnt>
</StmntSeq>
</Branch>
<Branch CovItemId="B10" CovItemPrefix="my.PSM.unitTestPSM.DBConnectionTest.java" Implct="false" Intrnl_Id="2647">
<Cond>
<Loc EndOffset="2132" SrcFileId="20" StartOffset="2128"/>
</Cond>
<LocList>
<Loc EndOffset="2146" SrcFileId="20" StartOffset="2133"/>
</LocList>
<StmntSeq Intrnl_Id="2648">
<LocList>
<Loc EndOffset="2146" SrcFileId="20" StartOffset="2133"/>
</LocList>
<BasicStmnt CovItemId="S39" CovItemPrefix="my.PSM.unitTestPSM.DBConnectionTest.java" Intrnl_Id="2649">
<LocList>
<Loc EndOffset="2146" SrcFileId="20" StartOffset="2133"/>
</LocList>
</BasicStmnt>
</StmntSeq>
</Branch>
<Keyword EndOffset="2054" SrcFileId="20" StartOffset="2052"/>
<LocList>
<Loc EndOffset="2146" SrcFileId="20" StartOffset="2052"/>
</LocList>
<RootTerm CovItemId="C6" CovItemPrefix="my.PSM.unitTestPSM.DBConnectionTest.java" Intrnl_Id="2650">
<BasicBoolTerm Intrnl_Id="2651">
<LocList>
<Loc EndOffset="2103" SrcFileId="20" StartOffset="2056"/>
</LocList>
</BasicBoolTerm>
</RootTerm>
</CondStmnt>
<BasicStmnt CovItemId="S40" CovItemPrefix="my.PSM.unitTestPSM.DBConnectionTest.java" Intrnl_Id="2652">
<LocList>
<Loc EndOffset="2174" SrcFileId="20" StartOffset="2150"/>
</LocList>
</BasicStmnt>
</StmntSeq>
</HierarchyLvl>
<HierarchyLvl HierarchyLvlId="1458" HierarchyLvlTypeId="26" Intrnl_Id="2653" Name="testFetchCourseName">
<Header>
<Loc EndOffset="2224" SrcFileId="20" StartOffset="2183"/>
</Header>
<LocList>
<Loc EndOffset="2442" SrcFileId="20" StartOffset="2183"/>
</LocList>
<StmntSeq Intrnl_Id="2654">
<LocList>
<Loc EndOffset="2251" SrcFileId="20" StartOffset="2230"/>
<Loc EndOffset="2295" SrcFileId="20" StartOffset="2255"/>
<Loc EndOffset="2410" SrcFileId="20" StartOffset="2313"/>
<Loc EndOffset="2438" SrcFileId="20" StartOffset="2414"/>
</LocList>
<BasicStmnt CovItemId="S41" CovItemPrefix="my.PSM.unitTestPSM.DBConnectionTest.java" Intrnl_Id="2655">
<LocList>
<Loc EndOffset="2251" SrcFileId="20" StartOffset="2230"/>
</LocList>
</BasicStmnt>
<BasicStmnt CovItemId="S42" CovItemPrefix="my.PSM.unitTestPSM.DBConnectionTest.java" Intrnl_Id="2656">
<LocList>
<Loc EndOffset="2295" SrcFileId="20" StartOffset="2255"/>
</LocList>
</BasicStmnt>
<CondStmnt CovItemId="S43" CovItemPrefix="my.PSM.unitTestPSM.DBConnectionTest.java" Intrnl_Id="2657">
<Branch CovItemId="B11" CovItemPrefix="my.PSM.unitTestPSM.DBConnectionTest.java" Implct="false" Intrnl_Id="2658">
<Cond/>
<LocList>
<Loc EndOffset="2391" SrcFileId="20" StartOffset="2368"/>
</LocList>
<StmntSeq Intrnl_Id="2659">
<LocList>
<Loc EndOffset="2386" SrcFileId="20" StartOffset="2374"/>
</LocList>
<BasicStmnt CovItemId="S44" CovItemPrefix="my.PSM.unitTestPSM.DBConnectionTest.java" Intrnl_Id="2660">
<LocList>
<Loc EndOffset="2386" SrcFileId="20" StartOffset="2374"/>
</LocList>
</BasicStmnt>
</StmntSeq>
</Branch>
<Branch CovItemId="B12" CovItemPrefix="my.PSM.unitTestPSM.DBConnectionTest.java" Implct="false" Intrnl_Id="2661">
<Cond>
<Loc EndOffset="2396" SrcFileId="20" StartOffset="2392"/>
</Cond>
<LocList>
<Loc EndOffset="2410" SrcFileId="20" StartOffset="2397"/>
</LocList>
<StmntSeq Intrnl_Id="2662">
<LocList>
<Loc EndOffset="2410" SrcFileId="20" StartOffset="2397"/>
</LocList>
<BasicStmnt CovItemId="S45" CovItemPrefix="my.PSM.unitTestPSM.DBConnectionTest.java" Intrnl_Id="2663">
<LocList>
<Loc EndOffset="2410" SrcFileId="20" StartOffset="2397"/>
</LocList>
</BasicStmnt>
</StmntSeq>
</Branch>
<Keyword EndOffset="2315" SrcFileId="20" StartOffset="2313"/>
<LocList>
<Loc EndOffset="2410" SrcFileId="20" StartOffset="2313"/>
</LocList>
<RootTerm CovItemId="C7" CovItemPrefix="my.PSM.unitTestPSM.DBConnectionTest.java" Intrnl_Id="2664">
<BasicBoolTerm Intrnl_Id="2665">
<LocList>
<Loc EndOffset="2367" SrcFileId="20" StartOffset="2317"/>
</LocList>
</BasicBoolTerm>
</RootTerm>
</CondStmnt>
<BasicStmnt CovItemId="S46" CovItemPrefix="my.PSM.unitTestPSM.DBConnectionTest.java" Intrnl_Id="2666">
<LocList>
<Loc EndOffset="2438" SrcFileId="20" StartOffset="2414"/>
</LocList>
</BasicStmnt>
</StmntSeq>
</HierarchyLvl>
<HierarchyLvl HierarchyLvlId="1459" HierarchyLvlTypeId="26" Intrnl_Id="2667" Name="testFetchCourseSemester">
<Header>
<Loc EndOffset="2492" SrcFileId="20" StartOffset="2447"/>
</Header>
<LocList>
<Loc EndOffset="2706" SrcFileId="20" StartOffset="2447"/>
</LocList>
<StmntSeq Intrnl_Id="2668">
<LocList>
<Loc EndOffset="2519" SrcFileId="20" StartOffset="2498"/>
<Loc EndOffset="2554" SrcFileId="20" StartOffset="2523"/>
<Loc EndOffset="2674" SrcFileId="20" StartOffset="2572"/>
<Loc EndOffset="2702" SrcFileId="20" StartOffset="2678"/>
</LocList>
<BasicStmnt CovItemId="S47" CovItemPrefix="my.PSM.unitTestPSM.DBConnectionTest.java" Intrnl_Id="2669">
<LocList>
<Loc EndOffset="2519" SrcFileId="20" StartOffset="2498"/>
</LocList>
</BasicStmnt>
<BasicStmnt CovItemId="S48" CovItemPrefix="my.PSM.unitTestPSM.DBConnectionTest.java" Intrnl_Id="2670">
<LocList>
<Loc EndOffset="2554" SrcFileId="20" StartOffset="2523"/>
</LocList>
</BasicStmnt>
<CondStmnt CovItemId="S49" CovItemPrefix="my.PSM.unitTestPSM.DBConnectionTest.java" Intrnl_Id="2671">
<Branch CovItemId="B13" CovItemPrefix="my.PSM.unitTestPSM.DBConnectionTest.java" Implct="false" Intrnl_Id="2672">
<Cond/>
<LocList>
<Loc EndOffset="2655" SrcFileId="20" StartOffset="2632"/>
</LocList>
<StmntSeq Intrnl_Id="2673">
<LocList>
<Loc EndOffset="2650" SrcFileId="20" StartOffset="2638"/>
</LocList>
<BasicStmnt CovItemId="S50" CovItemPrefix="my.PSM.unitTestPSM.DBConnectionTest.java" Intrnl_Id="2674">
<LocList>
<Loc EndOffset="2650" SrcFileId="20" StartOffset="2638"/>
</LocList>
</BasicStmnt>
</StmntSeq>
</Branch>
<Branch CovItemId="B14" CovItemPrefix="my.PSM.unitTestPSM.DBConnectionTest.java" Implct="false" Intrnl_Id="2675">
<Cond>
<Loc EndOffset="2660" SrcFileId="20" StartOffset="2656"/>
</Cond>
<LocList>
<Loc EndOffset="2674" SrcFileId="20" StartOffset="2661"/>
</LocList>
<StmntSeq Intrnl_Id="2676">
<LocList>
<Loc EndOffset="2674" SrcFileId="20" StartOffset="2661"/>
</LocList>
<BasicStmnt CovItemId="S51" CovItemPrefix="my.PSM.unitTestPSM.DBConnectionTest.java" Intrnl_Id="2677">
<LocList>
<Loc EndOffset="2674" SrcFileId="20" StartOffset="2661"/>
</LocList>
</BasicStmnt>
</StmntSeq>
</Branch>
<Keyword EndOffset="2574" SrcFileId="20" StartOffset="2572"/>
<LocList>
<Loc EndOffset="2674" SrcFileId="20" StartOffset="2572"/>
</LocList>
<RootTerm CovItemId="C8" CovItemPrefix="my.PSM.unitTestPSM.DBConnectionTest.java" Intrnl_Id="2678">
<BasicBoolTerm Intrnl_Id="2679">
<LocList>
<Loc EndOffset="2631" SrcFileId="20" StartOffset="2576"/>
</LocList>
</BasicBoolTerm>
</RootTerm>
</CondStmnt>
<BasicStmnt CovItemId="S52" CovItemPrefix="my.PSM.unitTestPSM.DBConnectionTest.java" Intrnl_Id="2680">
<LocList>
<Loc EndOffset="2702" SrcFileId="20" StartOffset="2678"/>
</LocList>
</BasicStmnt>
</StmntSeq>
</HierarchyLvl>
<HierarchyLvl HierarchyLvlId="1460" HierarchyLvlTypeId="26" Intrnl_Id="2681" Name="testFetchCourseStart">
<Header>
<Loc EndOffset="2753" SrcFileId="20" StartOffset="2711"/>
</Header>
<LocList>
<Loc EndOffset="2963" SrcFileId="20" StartOffset="2711"/>
</LocList>
<StmntSeq Intrnl_Id="2682">
<LocList>
<Loc EndOffset="2780" SrcFileId="20" StartOffset="2759"/>
<Loc EndOffset="2813" SrcFileId="20" StartOffset="2784"/>
<Loc EndOffset="2931" SrcFileId="20" StartOffset="2831"/>
<Loc EndOffset="2959" SrcFileId="20" StartOffset="2935"/>
</LocList>
<BasicStmnt CovItemId="S53" CovItemPrefix="my.PSM.unitTestPSM.DBConnectionTest.java" Intrnl_Id="2683">
<LocList>
<Loc EndOffset="2780" SrcFileId="20" StartOffset="2759"/>
</LocList>
</BasicStmnt>
<BasicStmnt CovItemId="S54" CovItemPrefix="my.PSM.unitTestPSM.DBConnectionTest.java" Intrnl_Id="2684">
<LocList>
<Loc EndOffset="2813" SrcFileId="20" StartOffset="2784"/>
</LocList>
</BasicStmnt>
<CondStmnt CovItemId="S55" CovItemPrefix="my.PSM.unitTestPSM.DBConnectionTest.java" Intrnl_Id="2685">
<Branch CovItemId="B15" CovItemPrefix="my.PSM.unitTestPSM.DBConnectionTest.java" Implct="false" Intrnl_Id="2686">
<Cond/>
<LocList>
<Loc EndOffset="2912" SrcFileId="20" StartOffset="2889"/>
</LocList>
<StmntSeq Intrnl_Id="2687">
<LocList>
<Loc EndOffset="2907" SrcFileId="20" StartOffset="2895"/>
</LocList>
<BasicStmnt CovItemId="S56" CovItemPrefix="my.PSM.unitTestPSM.DBConnectionTest.java" Intrnl_Id="2688">
<LocList>
<Loc EndOffset="2907" SrcFileId="20" StartOffset="2895"/>
</LocList>
</BasicStmnt>
</StmntSeq>
</Branch>
<Branch CovItemId="B16" CovItemPrefix="my.PSM.unitTestPSM.DBConnectionTest.java" Implct="false" Intrnl_Id="2689">
<Cond>
<Loc EndOffset="2917" SrcFileId="20" StartOffset="2913"/>
</Cond>
<LocList>
<Loc EndOffset="2931" SrcFileId="20" StartOffset="2918"/>
</LocList>
<StmntSeq Intrnl_Id="2690">
<LocList>
<Loc EndOffset="2931" SrcFileId="20" StartOffset="2918"/>
</LocList>
<BasicStmnt CovItemId="S57" CovItemPrefix="my.PSM.unitTestPSM.DBConnectionTest.java" Intrnl_Id="2691">
<LocList>
<Loc EndOffset="2931" SrcFileId="20" StartOffset="2918"/>
</LocList>
</BasicStmnt>
</StmntSeq>
</Branch>
<Keyword EndOffset="2833" SrcFileId="20" StartOffset="2831"/>
<LocList>
<Loc EndOffset="2931" SrcFileId="20" StartOffset="2831"/>
</LocList>
<RootTerm CovItemId="C9" CovItemPrefix="my.PSM.unitTestPSM.DBConnectionTest.java" Intrnl_Id="2692">
<BasicBoolTerm Intrnl_Id="2693">
<LocList>
<Loc EndOffset="2888" SrcFileId="20" StartOffset="2835"/>
</LocList>
</BasicBoolTerm>
</RootTerm>
</CondStmnt>
<BasicStmnt CovItemId="S58" CovItemPrefix="my.PSM.unitTestPSM.DBConnectionTest.java" Intrnl_Id="2694">
<LocList>
<Loc EndOffset="2959" SrcFileId="20" StartOffset="2935"/>
</LocList>
</BasicStmnt>
</StmntSeq>
</HierarchyLvl>
<HierarchyLvl HierarchyLvlId="1461" HierarchyLvlTypeId="26" Intrnl_Id="2695" Name="testFetchCourseEnd">
<Header>
<Loc EndOffset="3008" SrcFileId="20" StartOffset="2968"/>
</Header>
<LocList>
<Loc EndOffset="3212" SrcFileId="20" StartOffset="2968"/>
</LocList>
<StmntSeq Intrnl_Id="2696">
<LocList>
<Loc EndOffset="3035" SrcFileId="20" StartOffset="3014"/>
<Loc EndOffset="3066" SrcFileId="20" StartOffset="3039"/>
<Loc EndOffset="3180" SrcFileId="20" StartOffset="3084"/>
<Loc EndOffset="3208" SrcFileId="20" StartOffset="3184"/>
</LocList>
<BasicStmnt CovItemId="S59" CovItemPrefix="my.PSM.unitTestPSM.DBConnectionTest.java" Intrnl_Id="2697">
<LocList>
<Loc EndOffset="3035" SrcFileId="20" StartOffset="3014"/>
</LocList>
</BasicStmnt>
<BasicStmnt CovItemId="S60" CovItemPrefix="my.PSM.unitTestPSM.DBConnectionTest.java" Intrnl_Id="2698">
<LocList>
<Loc EndOffset="3066" SrcFileId="20" StartOffset="3039"/>
</LocList>
</BasicStmnt>
<CondStmnt CovItemId="S61" CovItemPrefix="my.PSM.unitTestPSM.DBConnectionTest.java" Intrnl_Id="2699">
<Branch CovItemId="B17" CovItemPrefix="my.PSM.unitTestPSM.DBConnectionTest.java" Implct="false" Intrnl_Id="2700">
<Cond/>
<LocList>
<Loc EndOffset="3161" SrcFileId="20" StartOffset="3138"/>
</LocList>
<StmntSeq Intrnl_Id="2701">
<LocList>
<Loc EndOffset="3156" SrcFileId="20" StartOffset="3144"/>
</LocList>
<BasicStmnt CovItemId="S62" CovItemPrefix="my.PSM.unitTestPSM.DBConnectionTest.java" Intrnl_Id="2702">
<LocList>
<Loc EndOffset="3156" SrcFileId="20" StartOffset="3144"/>
</LocList>
</BasicStmnt>
</StmntSeq>
</Branch>
<Branch CovItemId="B18" CovItemPrefix="my.PSM.unitTestPSM.DBConnectionTest.java" Implct="false" Intrnl_Id="2703">
<Cond>
<Loc EndOffset="3166" SrcFileId="20" StartOffset="3162"/>
</Cond>
<LocList>
<Loc EndOffset="3180" SrcFileId="20" StartOffset="3167"/>
</LocList>
<StmntSeq Intrnl_Id="2704">
<LocList>
<Loc EndOffset="3180" SrcFileId="20" StartOffset="3167"/>
</LocList>
<BasicStmnt CovItemId="S63" CovItemPrefix="my.PSM.unitTestPSM.DBConnectionTest.java" Intrnl_Id="2705">
<LocList>
<Loc EndOffset="3180" SrcFileId="20" StartOffset="3167"/>
</LocList>
</BasicStmnt>
</StmntSeq>
</Branch>
<Keyword EndOffset="3086" SrcFileId="20" StartOffset="3084"/>
<LocList>
<Loc EndOffset="3180" SrcFileId="20" StartOffset="3084"/>
</LocList>
<RootTerm CovItemId="C10" CovItemPrefix="my.PSM.unitTestPSM.DBConnectionTest.java" Intrnl_Id="2706">
<BasicBoolTerm Intrnl_Id="2707">
<LocList>
<Loc EndOffset="3137" SrcFileId="20" StartOffset="3088"/>
</LocList>
</BasicBoolTerm>
</RootTerm>
</CondStmnt>
<BasicStmnt CovItemId="S64" CovItemPrefix="my.PSM.unitTestPSM.DBConnectionTest.java" Intrnl_Id="2708">
<LocList>
<Loc EndOffset="3208" SrcFileId="20" StartOffset="3184"/>
</LocList>
</BasicStmnt>
</StmntSeq>
</HierarchyLvl>
<HierarchyLvl HierarchyLvlId="1462" HierarchyLvlTypeId="26" Intrnl_Id="2709" Name="testFetchStartMon">
<Header>
<Loc EndOffset="3256" SrcFileId="20" StartOffset="3217"/>
</Header>
<LocList>
<Loc EndOffset="3458" SrcFileId="20" StartOffset="3217"/>
</LocList>
<StmntSeq Intrnl_Id="2710">
<LocList>
<Loc EndOffset="3283" SrcFileId="20" StartOffset="3262"/>
<Loc EndOffset="3312" SrcFileId="20" StartOffset="3287"/>
<Loc EndOffset="3426" SrcFileId="20" StartOffset="3330"/>
<Loc EndOffset="3454" SrcFileId="20" StartOffset="3430"/>
</LocList>
<BasicStmnt CovItemId="S65" CovItemPrefix="my.PSM.unitTestPSM.DBConnectionTest.java" Intrnl_Id="2711">
<LocList>
<Loc EndOffset="3283" SrcFileId="20" StartOffset="3262"/>
</LocList>
</BasicStmnt>
<BasicStmnt CovItemId="S66" CovItemPrefix="my.PSM.unitTestPSM.DBConnectionTest.java" Intrnl_Id="2712">
<LocList>
<Loc EndOffset="3312" SrcFileId="20" StartOffset="3287"/>
</LocList>
</BasicStmnt>
<CondStmnt CovItemId="S67" CovItemPrefix="my.PSM.unitTestPSM.DBConnectionTest.java" Intrnl_Id="2713">
<Branch CovItemId="B19" CovItemPrefix="my.PSM.unitTestPSM.DBConnectionTest.java" Implct="false" Intrnl_Id="2714">
<Cond/>
<LocList>
<Loc EndOffset="3407" SrcFileId="20" StartOffset="3384"/>
</LocList>
<StmntSeq Intrnl_Id="2715">
<LocList>
<Loc EndOffset="3402" SrcFileId="20" StartOffset="3390"/>
</LocList>
<BasicStmnt CovItemId="S68" CovItemPrefix="my.PSM.unitTestPSM.DBConnectionTest.java" Intrnl_Id="2716">
<LocList>
<Loc EndOffset="3402" SrcFileId="20" StartOffset="3390"/>
</LocList>
</BasicStmnt>
</StmntSeq>
</Branch>
<Branch CovItemId="B20" CovItemPrefix="my.PSM.unitTestPSM.DBConnectionTest.java" Implct="false" Intrnl_Id="2717">
<Cond>
<Loc EndOffset="3412" SrcFileId="20" StartOffset="3408"/>
</Cond>
<LocList>
<Loc EndOffset="3426" SrcFileId="20" StartOffset="3413"/>
</LocList>
<StmntSeq Intrnl_Id="2718">
<LocList>
<Loc EndOffset="3426" SrcFileId="20" StartOffset="3413"/>
</LocList>
<BasicStmnt CovItemId="S69" CovItemPrefix="my.PSM.unitTestPSM.DBConnectionTest.java" Intrnl_Id="2719">
<LocList>
<Loc EndOffset="3426" SrcFileId="20" StartOffset="3413"/>
</LocList>
</BasicStmnt>
</StmntSeq>
</Branch>
<Keyword EndOffset="3332" SrcFileId="20" StartOffset="3330"/>
<LocList>
<Loc EndOffset="3426" SrcFileId="20" StartOffset="3330"/>
</LocList>
<RootTerm CovItemId="C11" CovItemPrefix="my.PSM.unitTestPSM.DBConnectionTest.java" Intrnl_Id="2720">
<BasicBoolTerm Intrnl_Id="2721">
<LocList>
<Loc EndOffset="3383" SrcFileId="20" StartOffset="3334"/>
</LocList>
</BasicBoolTerm>
</RootTerm>
</CondStmnt>
<BasicStmnt CovItemId="S70" CovItemPrefix="my.PSM.unitTestPSM.DBConnectionTest.java" Intrnl_Id="2722">
<LocList>
<Loc EndOffset="3454" SrcFileId="20" StartOffset="3430"/>
</LocList>
</BasicStmnt>
</StmntSeq>
</HierarchyLvl>
<HierarchyLvl HierarchyLvlId="1463" HierarchyLvlTypeId="26" Intrnl_Id="2723" Name="testFetchEndMon">
<Header>
<Loc EndOffset="3500" SrcFileId="20" StartOffset="3463"/>
</Header>
<LocList>
<Loc EndOffset="3696" SrcFileId="20" StartOffset="3463"/>
</LocList>
<StmntSeq Intrnl_Id="2724">
<LocList>
<Loc EndOffset="3527" SrcFileId="20" StartOffset="3506"/>
<Loc EndOffset="3554" SrcFileId="20" StartOffset="3531"/>
<Loc EndOffset="3664" SrcFileId="20" StartOffset="3572"/>
<Loc EndOffset="3692" SrcFileId="20" StartOffset="3668"/>
</LocList>
<BasicStmnt CovItemId="S71" CovItemPrefix="my.PSM.unitTestPSM.DBConnectionTest.java" Intrnl_Id="2725">
<LocList>
<Loc EndOffset="3527" SrcFileId="20" StartOffset="3506"/>
</LocList>
</BasicStmnt>
<BasicStmnt CovItemId="S72" CovItemPrefix="my.PSM.unitTestPSM.DBConnectionTest.java" Intrnl_Id="2726">
<LocList>
<Loc EndOffset="3554" SrcFileId="20" StartOffset="3531"/>
</LocList>
</BasicStmnt>
<CondStmnt CovItemId="S73" CovItemPrefix="my.PSM.unitTestPSM.DBConnectionTest.java" Intrnl_Id="2727">
<Branch CovItemId="B21" CovItemPrefix="my.PSM.unitTestPSM.DBConnectionTest.java" Implct="false" Intrnl_Id="2728">
<Cond/>
<LocList>
<Loc EndOffset="3645" SrcFileId="20" StartOffset="3622"/>
</LocList>
<StmntSeq Intrnl_Id="2729">
<LocList>
<Loc EndOffset="3640" SrcFileId="20" StartOffset="3628"/>
</LocList>
<BasicStmnt CovItemId="S74" CovItemPrefix="my.PSM.unitTestPSM.DBConnectionTest.java" Intrnl_Id="2730">
<LocList>
<Loc EndOffset="3640" SrcFileId="20" StartOffset="3628"/>
</LocList>
</BasicStmnt>
</StmntSeq>
</Branch>
<Branch CovItemId="B22" CovItemPrefix="my.PSM.unitTestPSM.DBConnectionTest.java" Implct="false" Intrnl_Id="2731">
<Cond>
<Loc EndOffset="3650" SrcFileId="20" StartOffset="3646"/>
</Cond>
<LocList>
<Loc EndOffset="3664" SrcFileId="20" StartOffset="3651"/>
</LocList>
<StmntSeq Intrnl_Id="2732">
<LocList>
<Loc EndOffset="3664" SrcFileId="20" StartOffset="3651"/>
</LocList>
<BasicStmnt CovItemId="S75" CovItemPrefix="my.PSM.unitTestPSM.DBConnectionTest.java" Intrnl_Id="2733">
<LocList>
<Loc EndOffset="3664" SrcFileId="20" StartOffset="3651"/>
</LocList>
</BasicStmnt>
</StmntSeq>
</Branch>
<Keyword EndOffset="3574" SrcFileId="20" StartOffset="3572"/>
<LocList>
<Loc EndOffset="3664" SrcFileId="20" StartOffset="3572"/>
</LocList>
<RootTerm CovItemId="C12" CovItemPrefix="my.PSM.unitTestPSM.DBConnectionTest.java" Intrnl_Id="2734">
<BasicBoolTerm Intrnl_Id="2735">
<LocList>
<Loc EndOffset="3621" SrcFileId="20" StartOffset="3576"/>
</LocList>
</BasicBoolTerm>
</RootTerm>
</CondStmnt>
<BasicStmnt CovItemId="S76" CovItemPrefix="my.PSM.unitTestPSM.DBConnectionTest.java" Intrnl_Id="2736">
<LocList>
<Loc EndOffset="3692" SrcFileId="20" StartOffset="3668"/>
</LocList>
</BasicStmnt>
</StmntSeq>
</HierarchyLvl>
<HierarchyLvl HierarchyLvlId="1464" HierarchyLvlTypeId="26" Intrnl_Id="2737" Name="testFetchStartTue">
<Header>
<Loc EndOffset="3740" SrcFileId="20" StartOffset="3701"/>
</Header>
<LocList>
<Loc EndOffset="3926" SrcFileId="20" StartOffset="3701"/>
</LocList>
<StmntSeq Intrnl_Id="2738">
<LocList>
<Loc EndOffset="3767" SrcFileId="20" StartOffset="3746"/>
<Loc EndOffset="3793" SrcFileId="20" StartOffset="3771"/>
<Loc EndOffset="3894" SrcFileId="20" StartOffset="3811"/>
<Loc EndOffset="3922" SrcFileId="20" StartOffset="3898"/>
</LocList>
<BasicStmnt CovItemId="S77" CovItemPrefix="my.PSM.unitTestPSM.DBConnectionTest.java" Intrnl_Id="2739">
<LocList>
<Loc EndOffset="3767" SrcFileId="20" StartOffset="3746"/>
</LocList>
</BasicStmnt>
<BasicStmnt CovItemId="S78" CovItemPrefix="my.PSM.unitTestPSM.DBConnectionTest.java" Intrnl_Id="2740">
<LocList>
<Loc EndOffset="3793" SrcFileId="20" StartOffset="3771"/>
</LocList>
</BasicStmnt>
<CondStmnt CovItemId="S79" CovItemPrefix="my.PSM.unitTestPSM.DBConnectionTest.java" Intrnl_Id="2741">
<Branch CovItemId="B23" CovItemPrefix="my.PSM.unitTestPSM.DBConnectionTest.java" Implct="false" Intrnl_Id="2742">
<Cond/>
<LocList>
<Loc EndOffset="3875" SrcFileId="20" StartOffset="3852"/>
</LocList>
<StmntSeq Intrnl_Id="2743">
<LocList>
<Loc EndOffset="3870" SrcFileId="20" StartOffset="3858"/>
</LocList>
<BasicStmnt CovItemId="S80" CovItemPrefix="my.PSM.unitTestPSM.DBConnectionTest.java" Intrnl_Id="2744">
<LocList>
<Loc EndOffset="3870" SrcFileId="20" StartOffset="3858"/>
</LocList>
</BasicStmnt>
</StmntSeq>
</Branch>
<Branch CovItemId="B24" CovItemPrefix="my.PSM.unitTestPSM.DBConnectionTest.java" Implct="false" Intrnl_Id="2745">
<Cond>
<Loc EndOffset="3880" SrcFileId="20" StartOffset="3876"/>
</Cond>
<LocList>
<Loc EndOffset="3894" SrcFileId="20" StartOffset="3881"/>
</LocList>
<StmntSeq Intrnl_Id="2746">
<LocList>
<Loc EndOffset="3894" SrcFileId="20" StartOffset="3881"/>
</LocList>
<BasicStmnt CovItemId="S81" CovItemPrefix="my.PSM.unitTestPSM.DBConnectionTest.java" Intrnl_Id="2747">
<LocList>
<Loc EndOffset="3894" SrcFileId="20" StartOffset="3881"/>
</LocList>
</BasicStmnt>
</StmntSeq>
</Branch>
<Keyword EndOffset="3813" SrcFileId="20" StartOffset="3811"/>
<LocList>
<Loc EndOffset="3894" SrcFileId="20" StartOffset="3811"/>
</LocList>
<RootTerm CovItemId="C13" CovItemPrefix="my.PSM.unitTestPSM.DBConnectionTest.java" Intrnl_Id="2748">
<BasicBoolTerm Intrnl_Id="2749">
<LocList>
<Loc EndOffset="3851" SrcFileId="20" StartOffset="3815"/>
</LocList>
</BasicBoolTerm>
</RootTerm>
</CondStmnt>
<BasicStmnt CovItemId="S82" CovItemPrefix="my.PSM.unitTestPSM.DBConnectionTest.java" Intrnl_Id="2750">
<LocList>
<Loc EndOffset="3922" SrcFileId="20" StartOffset="3898"/>
</LocList>
</BasicStmnt>
</StmntSeq>
</HierarchyLvl>
<HierarchyLvl HierarchyLvlId="1465" HierarchyLvlTypeId="26" Intrnl_Id="2751" Name="testFetchEndTue">
<Header>
<Loc EndOffset="3968" SrcFileId="20" StartOffset="3931"/>
</Header>
<LocList>
<Loc EndOffset="4148" SrcFileId="20" StartOffset="3931"/>
</LocList>
<StmntSeq Intrnl_Id="2752">
<LocList>
<Loc EndOffset="3995" SrcFileId="20" StartOffset="3974"/>
<Loc EndOffset="4019" SrcFileId="20" StartOffset="3999"/>
<Loc EndOffset="4116" SrcFileId="20" StartOffset="4037"/>
<Loc EndOffset="4144" SrcFileId="20" StartOffset="4120"/>
</LocList>
<BasicStmnt CovItemId="S83" CovItemPrefix="my.PSM.unitTestPSM.DBConnectionTest.java" Intrnl_Id="2753">
<LocList>
<Loc EndOffset="3995" SrcFileId="20" StartOffset="3974"/>
</LocList>
</BasicStmnt>
<BasicStmnt CovItemId="S84" CovItemPrefix="my.PSM.unitTestPSM.DBConnectionTest.java" Intrnl_Id="2754">
<LocList>
<Loc EndOffset="4019" SrcFileId="20" StartOffset="3999"/>
</LocList>
</BasicStmnt>
<CondStmnt CovItemId="S85" CovItemPrefix="my.PSM.unitTestPSM.DBConnectionTest.java" Intrnl_Id="2755">
<Branch CovItemId="B25" CovItemPrefix="my.PSM.unitTestPSM.DBConnectionTest.java" Implct="false" Intrnl_Id="2756">
<Cond/>
<LocList>
<Loc EndOffset="4097" SrcFileId="20" StartOffset="4074"/>
</LocList>
<StmntSeq Intrnl_Id="2757">
<LocList>
<Loc EndOffset="4092" SrcFileId="20" StartOffset="4080"/>
</LocList>
<BasicStmnt CovItemId="S86" CovItemPrefix="my.PSM.unitTestPSM.DBConnectionTest.java" Intrnl_Id="2758">
<LocList>
<Loc EndOffset="4092" SrcFileId="20" StartOffset="4080"/>
</LocList>
</BasicStmnt>
</StmntSeq>
</Branch>
<Branch CovItemId="B26" CovItemPrefix="my.PSM.unitTestPSM.DBConnectionTest.java" Implct="false" Intrnl_Id="2759">
<Cond>
<Loc EndOffset="4102" SrcFileId="20" StartOffset="4098"/>
</Cond>
<LocList>
<Loc EndOffset="4116" SrcFileId="20" StartOffset="4103"/>
</LocList>
<StmntSeq Intrnl_Id="2760">
<LocList>
<Loc EndOffset="4116" SrcFileId="20" StartOffset="4103"/>
</LocList>
<BasicStmnt CovItemId="S87" CovItemPrefix="my.PSM.unitTestPSM.DBConnectionTest.java" Intrnl_Id="2761">
<LocList>
<Loc EndOffset="4116" SrcFileId="20" StartOffset="4103"/>
</LocList>
</BasicStmnt>
</StmntSeq>
</Branch>
<Keyword EndOffset="4039" SrcFileId="20" StartOffset="4037"/>
<LocList>
<Loc EndOffset="4116" SrcFileId="20" StartOffset="4037"/>
</LocList>
<RootTerm CovItemId="C14" CovItemPrefix="my.PSM.unitTestPSM.DBConnectionTest.java" Intrnl_Id="2762">
<BasicBoolTerm Intrnl_Id="2763">
<LocList>
<Loc EndOffset="4073" SrcFileId="20" StartOffset="4041"/>
</LocList>
</BasicBoolTerm>
</RootTerm>
</CondStmnt>
<BasicStmnt CovItemId="S88" CovItemPrefix="my.PSM.unitTestPSM.DBConnectionTest.java" Intrnl_Id="2764">
<LocList>
<Loc EndOffset="4144" SrcFileId="20" StartOffset="4120"/>
</LocList>
</BasicStmnt>
</StmntSeq>
</HierarchyLvl>
<HierarchyLvl HierarchyLvlId="1466" HierarchyLvlTypeId="26" Intrnl_Id="2765" Name="testFetchStartWed">
<Header>
<Loc EndOffset="4192" SrcFileId="20" StartOffset="4153"/>
</Header>
<LocList>
<Loc EndOffset="4394" SrcFileId="20" StartOffset="4153"/>
</LocList>
<StmntSeq Intrnl_Id="2766">
<LocList>
<Loc EndOffset="4219" SrcFileId="20" StartOffset="4198"/>
<Loc EndOffset="4248" SrcFileId="20" StartOffset="4223"/>
<Loc EndOffset="4362" SrcFileId="20" StartOffset="4266"/>
<Loc EndOffset="4390" SrcFileId="20" StartOffset="4366"/>
</LocList>
<BasicStmnt CovItemId="S89" CovItemPrefix="my.PSM.unitTestPSM.DBConnectionTest.java" Intrnl_Id="2767">
<LocList>
<Loc EndOffset="4219" SrcFileId="20" StartOffset="4198"/>
</LocList>
</BasicStmnt>
<BasicStmnt CovItemId="S90" CovItemPrefix="my.PSM.unitTestPSM.DBConnectionTest.java" Intrnl_Id="2768">
<LocList>
<Loc EndOffset="4248" SrcFileId="20" StartOffset="4223"/>
</LocList>
</BasicStmnt>
<CondStmnt CovItemId="S91" CovItemPrefix="my.PSM.unitTestPSM.DBConnectionTest.java" Intrnl_Id="2769">
<Branch CovItemId="B27" CovItemPrefix="my.PSM.unitTestPSM.DBConnectionTest.java" Implct="false" Intrnl_Id="2770">
<Cond/>
<LocList>
<Loc EndOffset="4343" SrcFileId="20" StartOffset="4320"/>
</LocList>
<StmntSeq Intrnl_Id="2771">
<LocList>
<Loc EndOffset="4338" SrcFileId="20" StartOffset="4326"/>
</LocList>
<BasicStmnt CovItemId="S92" CovItemPrefix="my.PSM.unitTestPSM.DBConnectionTest.java" Intrnl_Id="2772">
<LocList>
<Loc EndOffset="4338" SrcFileId="20" StartOffset="4326"/>
</LocList>
</BasicStmnt>
</StmntSeq>
</Branch>
<Branch CovItemId="B28" CovItemPrefix="my.PSM.unitTestPSM.DBConnectionTest.java" Implct="false" Intrnl_Id="2773">
<Cond>
<Loc EndOffset="4348" SrcFileId="20" StartOffset="4344"/>
</Cond>
<LocList>
<Loc EndOffset="4362" SrcFileId="20" StartOffset="4349"/>
</LocList>
<StmntSeq Intrnl_Id="2774">
<LocList>
<Loc EndOffset="4362" SrcFileId="20" StartOffset="4349"/>
</LocList>
<BasicStmnt CovItemId="S93" CovItemPrefix="my.PSM.unitTestPSM.DBConnectionTest.java" Intrnl_Id="2775">
<LocList>
<Loc EndOffset="4362" SrcFileId="20" StartOffset="4349"/>
</LocList>
</BasicStmnt>
</StmntSeq>
</Branch>
<Keyword EndOffset="4268" SrcFileId="20" StartOffset="4266"/>
<LocList>
<Loc EndOffset="4362" SrcFileId="20" StartOffset="4266"/>
</LocList>
<RootTerm CovItemId="C15" CovItemPrefix="my.PSM.unitTestPSM.DBConnectionTest.java" Intrnl_Id="2776">
<BasicBoolTerm Intrnl_Id="2777">
<LocList>
<Loc EndOffset="4319" SrcFileId="20" StartOffset="4270"/>
</LocList>
</BasicBoolTerm>
</RootTerm>
</CondStmnt>
<BasicStmnt CovItemId="S94" CovItemPrefix="my.PSM.unitTestPSM.DBConnectionTest.java" Intrnl_Id="2778">
<LocList>
<Loc EndOffset="4390" SrcFileId="20" StartOffset="4366"/>
</LocList>
</BasicStmnt>
</StmntSeq>
</HierarchyLvl>
<HierarchyLvl HierarchyLvlId="1467" HierarchyLvlTypeId="26" Intrnl_Id="2779" Name="testFetchEndWed">
<Header>
<Loc EndOffset="4436" SrcFileId="20" StartOffset="4399"/>
</Header>
<LocList>
<Loc EndOffset="4632" SrcFileId="20" StartOffset="4399"/>
</LocList>
<StmntSeq Intrnl_Id="2780">
<LocList>
<Loc EndOffset="4463" SrcFileId="20" StartOffset="4442"/>
<Loc EndOffset="4490" SrcFileId="20" StartOffset="4467"/>
<Loc EndOffset="4600" SrcFileId="20" StartOffset="4508"/>
<Loc EndOffset="4628" SrcFileId="20" StartOffset="4604"/>
</LocList>
<BasicStmnt CovItemId="S95" CovItemPrefix="my.PSM.unitTestPSM.DBConnectionTest.java" Intrnl_Id="2781">
<LocList>
<Loc EndOffset="4463" SrcFileId="20" StartOffset="4442"/>
</LocList>
</BasicStmnt>
<BasicStmnt CovItemId="S96" CovItemPrefix="my.PSM.unitTestPSM.DBConnectionTest.java" Intrnl_Id="2782">
<LocList>
<Loc EndOffset="4490" SrcFileId="20" StartOffset="4467"/>
</LocList>
</BasicStmnt>
<CondStmnt CovItemId="S97" CovItemPrefix="my.PSM.unitTestPSM.DBConnectionTest.java" Intrnl_Id="2783">
<Branch CovItemId="B29" CovItemPrefix="my.PSM.unitTestPSM.DBConnectionTest.java" Implct="false" Intrnl_Id="2784">
<Cond/>
<LocList>
<Loc EndOffset="4581" SrcFileId="20" StartOffset="4558"/>
</LocList>
<StmntSeq Intrnl_Id="2785">
<LocList>
<Loc EndOffset="4576" SrcFileId="20" StartOffset="4564"/>
</LocList>
<BasicStmnt CovItemId="S98" CovItemPrefix="my.PSM.unitTestPSM.DBConnectionTest.java" Intrnl_Id="2786">
<LocList>
<Loc EndOffset="4576" SrcFileId="20" StartOffset="4564"/>
</LocList>
</BasicStmnt>
</StmntSeq>
</Branch>
<Branch CovItemId="B30" CovItemPrefix="my.PSM.unitTestPSM.DBConnectionTest.java" Implct="false" Intrnl_Id="2787">
<Cond>
<Loc EndOffset="4586" SrcFileId="20" StartOffset="4582"/>
</Cond>
<LocList>
<Loc EndOffset="4600" SrcFileId="20" StartOffset="4587"/>
</LocList>
<StmntSeq Intrnl_Id="2788">
<LocList>
<Loc EndOffset="4600" SrcFileId="20" StartOffset="4587"/>
</LocList>
<BasicStmnt CovItemId="S99" CovItemPrefix="my.PSM.unitTestPSM.DBConnectionTest.java" Intrnl_Id="2789">
<LocList>
<Loc EndOffset="4600" SrcFileId="20" StartOffset="4587"/>
</LocList>
</BasicStmnt>
</StmntSeq>
</Branch>
<Keyword EndOffset="4510" SrcFileId="20" StartOffset="4508"/>
<LocList>
<Loc EndOffset="4600" SrcFileId="20" StartOffset="4508"/>
</LocList>
<RootTerm CovItemId="C16" CovItemPrefix="my.PSM.unitTestPSM.DBConnectionTest.java" Intrnl_Id="2790">
<BasicBoolTerm Intrnl_Id="2791">
<LocList>
<Loc EndOffset="4557" SrcFileId="20" StartOffset="4512"/>
</LocList>
</BasicBoolTerm>
</RootTerm>
</CondStmnt>
<BasicStmnt CovItemId="S100" CovItemPrefix="my.PSM.unitTestPSM.DBConnectionTest.java" Intrnl_Id="2792">
<LocList>
<Loc EndOffset="4628" SrcFileId="20" StartOffset="4604"/>
</LocList>
</BasicStmnt>
</StmntSeq>
</HierarchyLvl>
<HierarchyLvl HierarchyLvlId="1468" HierarchyLvlTypeId="26" Intrnl_Id="2793" Name="testFetchStartThu">
<Header>
<Loc EndOffset="4676" SrcFileId="20" StartOffset="4637"/>
</Header>
<LocList>
<Loc EndOffset="4862" SrcFileId="20" StartOffset="4637"/>
</LocList>
<StmntSeq Intrnl_Id="2794">
<LocList>
<Loc EndOffset="4703" SrcFileId="20" StartOffset="4682"/>
<Loc EndOffset="4729" SrcFileId="20" StartOffset="4707"/>
<Loc EndOffset="4830" SrcFileId="20" StartOffset="4747"/>
<Loc EndOffset="4858" SrcFileId="20" StartOffset="4834"/>
</LocList>
<BasicStmnt CovItemId="S101" CovItemPrefix="my.PSM.unitTestPSM.DBConnectionTest.java" Intrnl_Id="2795">
<LocList>
<Loc EndOffset="4703" SrcFileId="20" StartOffset="4682"/>
</LocList>
</BasicStmnt>
<BasicStmnt CovItemId="S102" CovItemPrefix="my.PSM.unitTestPSM.DBConnectionTest.java" Intrnl_Id="2796">
<LocList>
<Loc EndOffset="4729" SrcFileId="20" StartOffset="4707"/>
</LocList>
</BasicStmnt>
<CondStmnt CovItemId="S103" CovItemPrefix="my.PSM.unitTestPSM.DBConnectionTest.java" Intrnl_Id="2797">
<Branch CovItemId="B31" CovItemPrefix="my.PSM.unitTestPSM.DBConnectionTest.java" Implct="false" Intrnl_Id="2798">
<Cond/>
<LocList>
<Loc EndOffset="4811" SrcFileId="20" StartOffset="4788"/>
</LocList>
<StmntSeq Intrnl_Id="2799">
<LocList>
<Loc EndOffset="4806" SrcFileId="20" StartOffset="4794"/>
</LocList>
<BasicStmnt CovItemId="S104" CovItemPrefix="my.PSM.unitTestPSM.DBConnectionTest.java" Intrnl_Id="2800">
<LocList>
<Loc EndOffset="4806" SrcFileId="20" StartOffset="4794"/>
</LocList>
</BasicStmnt>
</StmntSeq>
</Branch>
<Branch CovItemId="B32" CovItemPrefix="my.PSM.unitTestPSM.DBConnectionTest.java" Implct="false" Intrnl_Id="2801">
<Cond>
<Loc EndOffset="4816" SrcFileId="20" StartOffset="4812"/>
</Cond>
<LocList>
<Loc EndOffset="4830" SrcFileId="20" StartOffset="4817"/>
</LocList>
<StmntSeq Intrnl_Id="2802">
<LocList>
<Loc EndOffset="4830" SrcFileId="20" StartOffset="4817"/>
</LocList>
<BasicStmnt CovItemId="S105" CovItemPrefix="my.PSM.unitTestPSM.DBConnectionTest.java" Intrnl_Id="2803">
<LocList>
<Loc EndOffset="4830" SrcFileId="20" StartOffset="4817"/>
</LocList>
</BasicStmnt>
</StmntSeq>
</Branch>
<Keyword EndOffset="4749" SrcFileId="20" StartOffset="4747"/>
<LocList>
<Loc EndOffset="4830" SrcFileId="20" StartOffset="4747"/>
</LocList>
<RootTerm CovItemId="C17" CovItemPrefix="my.PSM.unitTestPSM.DBConnectionTest.java" Intrnl_Id="2804">
<BasicBoolTerm Intrnl_Id="2805">
<LocList>
<Loc EndOffset="4787" SrcFileId="20" StartOffset="4751"/>
</LocList>
</BasicBoolTerm>
</RootTerm>
</CondStmnt>
<BasicStmnt CovItemId="S106" CovItemPrefix="my.PSM.unitTestPSM.DBConnectionTest.java" Intrnl_Id="2806">
<LocList>
<Loc EndOffset="4858" SrcFileId="20" StartOffset="4834"/>
</LocList>
</BasicStmnt>
</StmntSeq>
</HierarchyLvl>
<HierarchyLvl HierarchyLvlId="1469" HierarchyLvlTypeId="26" Intrnl_Id="2807" Name="testFetchEndThu">
<Header>
<Loc EndOffset="4904" SrcFileId="20" StartOffset="4867"/>
</Header>
<LocList>
<Loc EndOffset="5084" SrcFileId="20" StartOffset="4867"/>
</LocList>
<StmntSeq Intrnl_Id="2808">
<LocList>
<Loc EndOffset="4931" SrcFileId="20" StartOffset="4910"/>
<Loc EndOffset="4955" SrcFileId="20" StartOffset="4935"/>
<Loc EndOffset="5052" SrcFileId="20" StartOffset="4973"/>
<Loc EndOffset="5080" SrcFileId="20" StartOffset="5056"/>
</LocList>
<BasicStmnt CovItemId="S107" CovItemPrefix="my.PSM.unitTestPSM.DBConnectionTest.java" Intrnl_Id="2809">
<LocList>
<Loc EndOffset="4931" SrcFileId="20" StartOffset="4910"/>
</LocList>
</BasicStmnt>
<BasicStmnt CovItemId="S108" CovItemPrefix="my.PSM.unitTestPSM.DBConnectionTest.java" Intrnl_Id="2810">
<LocList>
<Loc EndOffset="4955" SrcFileId="20" StartOffset="4935"/>
</LocList>
</BasicStmnt>
<CondStmnt CovItemId="S109" CovItemPrefix="my.PSM.unitTestPSM.DBConnectionTest.java" Intrnl_Id="2811">
<Branch CovItemId="B33" CovItemPrefix="my.PSM.unitTestPSM.DBConnectionTest.java" Implct="false" Intrnl_Id="2812">
<Cond/>
<LocList>
<Loc EndOffset="5033" SrcFileId="20" StartOffset="5010"/>
</LocList>
<StmntSeq Intrnl_Id="2813">
<LocList>
<Loc EndOffset="5028" SrcFileId="20" StartOffset="5016"/>
</LocList>
<BasicStmnt CovItemId="S110" CovItemPrefix="my.PSM.unitTestPSM.DBConnectionTest.java" Intrnl_Id="2814">
<LocList>
<Loc EndOffset="5028" SrcFileId="20" StartOffset="5016"/>
</LocList>
</BasicStmnt>
</StmntSeq>
</Branch>
<Branch CovItemId="B34" CovItemPrefix="my.PSM.unitTestPSM.DBConnectionTest.java" Implct="false" Intrnl_Id="2815">
<Cond>
<Loc EndOffset="5038" SrcFileId="20" StartOffset="5034"/>
</Cond>
<LocList>
<Loc EndOffset="5052" SrcFileId="20" StartOffset="5039"/>
</LocList>
<StmntSeq Intrnl_Id="2816">
<LocList>
<Loc EndOffset="5052" SrcFileId="20" StartOffset="5039"/>
</LocList>
<BasicStmnt CovItemId="S111" CovItemPrefix="my.PSM.unitTestPSM.DBConnectionTest.java" Intrnl_Id="2817">
<LocList>
<Loc EndOffset="5052" SrcFileId="20" StartOffset="5039"/>
</LocList>
</BasicStmnt>
</StmntSeq>
</Branch>
<Keyword EndOffset="4975" SrcFileId="20" StartOffset="4973"/>
<LocList>
<Loc EndOffset="5052" SrcFileId="20" StartOffset="4973"/>
</LocList>
<RootTerm CovItemId="C18" CovItemPrefix="my.PSM.unitTestPSM.DBConnectionTest.java" Intrnl_Id="2818">
<BasicBoolTerm Intrnl_Id="2819">
<LocList>
<Loc EndOffset="5009" SrcFileId="20" StartOffset="4977"/>
</LocList>
</BasicBoolTerm>
</RootTerm>
</CondStmnt>
<BasicStmnt CovItemId="S112" CovItemPrefix="my.PSM.unitTestPSM.DBConnectionTest.java" Intrnl_Id="2820">
<LocList>
<Loc EndOffset="5080" SrcFileId="20" StartOffset="5056"/>
</LocList>
</BasicStmnt>
</StmntSeq>
</HierarchyLvl>
<HierarchyLvl HierarchyLvlId="1470" HierarchyLvlTypeId="26" Intrnl_Id="2821" Name="testFetchStartFri">
<Header>
<Loc EndOffset="5128" SrcFileId="20" StartOffset="5089"/>
</Header>
<LocList>
<Loc EndOffset="5330" SrcFileId="20" StartOffset="5089"/>
</LocList>
<StmntSeq Intrnl_Id="2822">
<LocList>
<Loc EndOffset="5155" SrcFileId="20" StartOffset="5134"/>
<Loc EndOffset="5184" SrcFileId="20" StartOffset="5159"/>
<Loc EndOffset="5298" SrcFileId="20" StartOffset="5202"/>
<Loc EndOffset="5326" SrcFileId="20" StartOffset="5302"/>
</LocList>
<BasicStmnt CovItemId="S113" CovItemPrefix="my.PSM.unitTestPSM.DBConnectionTest.java" Intrnl_Id="2823">
<LocList>
<Loc EndOffset="5155" SrcFileId="20" StartOffset="5134"/>
</LocList>
</BasicStmnt>
<BasicStmnt CovItemId="S114" CovItemPrefix="my.PSM.unitTestPSM.DBConnectionTest.java" Intrnl_Id="2824">
<LocList>
<Loc EndOffset="5184" SrcFileId="20" StartOffset="5159"/>
</LocList>
</BasicStmnt>
<CondStmnt CovItemId="S115" CovItemPrefix="my.PSM.unitTestPSM.DBConnectionTest.java" Intrnl_Id="2825">
<Branch CovItemId="B35" CovItemPrefix="my.PSM.unitTestPSM.DBConnectionTest.java" Implct="false" Intrnl_Id="2826">
<Cond/>
<LocList>
<Loc EndOffset="5279" SrcFileId="20" StartOffset="5256"/>
</LocList>
<StmntSeq Intrnl_Id="2827">
<LocList>
<Loc EndOffset="5274" SrcFileId="20" StartOffset="5262"/>
</LocList>
<BasicStmnt CovItemId="S116" CovItemPrefix="my.PSM.unitTestPSM.DBConnectionTest.java" Intrnl_Id="2828">
<LocList>
<Loc EndOffset="5274" SrcFileId="20" StartOffset="5262"/>
</LocList>
</BasicStmnt>
</StmntSeq>
</Branch>
<Branch CovItemId="B36" CovItemPrefix="my.PSM.unitTestPSM.DBConnectionTest.java" Implct="false" Intrnl_Id="2829">
<Cond>
<Loc EndOffset="5284" SrcFileId="20" StartOffset="5280"/>
</Cond>
<LocList>
<Loc EndOffset="5298" SrcFileId="20" StartOffset="5285"/>
</LocList>
<StmntSeq Intrnl_Id="2830">
<LocList>
<Loc EndOffset="5298" SrcFileId="20" StartOffset="5285"/>
</LocList>
<BasicStmnt CovItemId="S117" CovItemPrefix="my.PSM.unitTestPSM.DBConnectionTest.java" Intrnl_Id="2831">
<LocList>
<Loc EndOffset="5298" SrcFileId="20" StartOffset="5285"/>
</LocList>
</BasicStmnt>
</StmntSeq>
</Branch>
<Keyword EndOffset="5204" SrcFileId="20" StartOffset="5202"/>
<LocList>
<Loc EndOffset="5298" SrcFileId="20" StartOffset="5202"/>
</LocList>
<RootTerm CovItemId="C19" CovItemPrefix="my.PSM.unitTestPSM.DBConnectionTest.java" Intrnl_Id="2832">
<BasicBoolTerm Intrnl_Id="2833">
<LocList>
<Loc EndOffset="5255" SrcFileId="20" StartOffset="5206"/>
</LocList>
</BasicBoolTerm>
</RootTerm>
</CondStmnt>
<BasicStmnt CovItemId="S118" CovItemPrefix="my.PSM.unitTestPSM.DBConnectionTest.java" Intrnl_Id="2834">
<LocList>
<Loc EndOffset="5326" SrcFileId="20" StartOffset="5302"/>
</LocList>
</BasicStmnt>
</StmntSeq>
</HierarchyLvl>
<HierarchyLvl HierarchyLvlId="1471" HierarchyLvlTypeId="26" Intrnl_Id="2835" Name="testFetchEndFri">
<Header>
<Loc EndOffset="5372" SrcFileId="20" StartOffset="5335"/>
</Header>
<LocList>
<Loc EndOffset="5568" SrcFileId="20" StartOffset="5335"/>
</LocList>
<StmntSeq Intrnl_Id="2836">
<LocList>
<Loc EndOffset="5399" SrcFileId="20" StartOffset="5378"/>
<Loc EndOffset="5426" SrcFileId="20" StartOffset="5403"/>
<Loc EndOffset="5536" SrcFileId="20" StartOffset="5444"/>
<Loc EndOffset="5564" SrcFileId="20" StartOffset="5540"/>
</LocList>
<BasicStmnt CovItemId="S119" CovItemPrefix="my.PSM.unitTestPSM.DBConnectionTest.java" Intrnl_Id="2837">
<LocList>
<Loc EndOffset="5399" SrcFileId="20" StartOffset="5378"/>
</LocList>
</BasicStmnt>
<BasicStmnt CovItemId="S120" CovItemPrefix="my.PSM.unitTestPSM.DBConnectionTest.java" Intrnl_Id="2838">
<LocList>
<Loc EndOffset="5426" SrcFileId="20" StartOffset="5403"/>
</LocList>
</BasicStmnt>
<CondStmnt CovItemId="S121" CovItemPrefix="my.PSM.unitTestPSM.DBConnectionTest.java" Intrnl_Id="2839">
<Branch CovItemId="B37" CovItemPrefix="my.PSM.unitTestPSM.DBConnectionTest.java" Implct="false" Intrnl_Id="2840">
<Cond/>
<LocList>
<Loc EndOffset="5517" SrcFileId="20" StartOffset="5494"/>
</LocList>
<StmntSeq Intrnl_Id="2841">
<LocList>
<Loc EndOffset="5512" SrcFileId="20" StartOffset="5500"/>
</LocList>
<BasicStmnt CovItemId="S122" CovItemPrefix="my.PSM.unitTestPSM.DBConnectionTest.java" Intrnl_Id="2842">
<LocList>
<Loc EndOffset="5512" SrcFileId="20" StartOffset="5500"/>
</LocList>
</BasicStmnt>
</StmntSeq>
</Branch>
<Branch CovItemId="B38" CovItemPrefix="my.PSM.unitTestPSM.DBConnectionTest.java" Implct="false" Intrnl_Id="2843">
<Cond>
<Loc EndOffset="5522" SrcFileId="20" StartOffset="5518"/>
</Cond>
<LocList>
<Loc EndOffset="5536" SrcFileId="20" StartOffset="5523"/>
</LocList>
<StmntSeq Intrnl_Id="2844">
<LocList>
<Loc EndOffset="5536" SrcFileId="20" StartOffset="5523"/>
</LocList>
<BasicStmnt CovItemId="S123" CovItemPrefix="my.PSM.unitTestPSM.DBConnectionTest.java" Intrnl_Id="2845">
<LocList>
<Loc EndOffset="5536" SrcFileId="20" StartOffset="5523"/>
</LocList>
</BasicStmnt>
</StmntSeq>
</Branch>
<Keyword EndOffset="5446" SrcFileId="20" StartOffset="5444"/>
<LocList>
<Loc EndOffset="5536" SrcFileId="20" StartOffset="5444"/>
</LocList>
<RootTerm CovItemId="C20" CovItemPrefix="my.PSM.unitTestPSM.DBConnectionTest.java" Intrnl_Id="2846">
<BasicBoolTerm Intrnl_Id="2847">
<LocList>
<Loc EndOffset="5493" SrcFileId="20" StartOffset="5448"/>
</LocList>
</BasicBoolTerm>
</RootTerm>
</CondStmnt>
<BasicStmnt CovItemId="S124" CovItemPrefix="my.PSM.unitTestPSM.DBConnectionTest.java" Intrnl_Id="2848">
<LocList>
<Loc EndOffset="5564" SrcFileId="20" StartOffset="5540"/>
</LocList>
</BasicStmnt>
</StmntSeq>
</HierarchyLvl>
<HierarchyLvl HierarchyLvlId="1472" HierarchyLvlTypeId="26" Intrnl_Id="2849" Name="testFetchStartSat">
<Header>
<Loc EndOffset="5612" SrcFileId="20" StartOffset="5573"/>
</Header>
<LocList>
<Loc EndOffset="5798" SrcFileId="20" StartOffset="5573"/>
</LocList>
<StmntSeq Intrnl_Id="2850">
<LocList>
<Loc EndOffset="5639" SrcFileId="20" StartOffset="5618"/>
<Loc EndOffset="5665" SrcFileId="20" StartOffset="5643"/>
<Loc EndOffset="5766" SrcFileId="20" StartOffset="5683"/>
<Loc EndOffset="5794" SrcFileId="20" StartOffset="5770"/>
</LocList>
<BasicStmnt CovItemId="S125" CovItemPrefix="my.PSM.unitTestPSM.DBConnectionTest.java" Intrnl_Id="2851">
<LocList>
<Loc EndOffset="5639" SrcFileId="20" StartOffset="5618"/>
</LocList>
</BasicStmnt>
<BasicStmnt CovItemId="S126" CovItemPrefix="my.PSM.unitTestPSM.DBConnectionTest.java" Intrnl_Id="2852">
<LocList>
<Loc EndOffset="5665" SrcFileId="20" StartOffset="5643"/>
</LocList>
</BasicStmnt>
<CondStmnt CovItemId="S127" CovItemPrefix="my.PSM.unitTestPSM.DBConnectionTest.java" Intrnl_Id="2853">
<Branch CovItemId="B39" CovItemPrefix="my.PSM.unitTestPSM.DBConnectionTest.java" Implct="false" Intrnl_Id="2854">
<Cond/>
<LocList>
<Loc EndOffset="5747" SrcFileId="20" StartOffset="5724"/>
</LocList>
<StmntSeq Intrnl_Id="2855">
<LocList>
<Loc EndOffset="5742" SrcFileId="20" StartOffset="5730"/>
</LocList>
<BasicStmnt CovItemId="S128" CovItemPrefix="my.PSM.unitTestPSM.DBConnectionTest.java" Intrnl_Id="2856">
<LocList>
<Loc EndOffset="5742" SrcFileId="20" StartOffset="5730"/>
</LocList>
</BasicStmnt>
</StmntSeq>
</Branch>
<Branch CovItemId="B40" CovItemPrefix="my.PSM.unitTestPSM.DBConnectionTest.java" Implct="false" Intrnl_Id="2857">
<Cond>
<Loc EndOffset="5752" SrcFileId="20" StartOffset="5748"/>
</Cond>
<LocList>
<Loc EndOffset="5766" SrcFileId="20" StartOffset="5753"/>
</LocList>
<StmntSeq Intrnl_Id="2858">
<LocList>
<Loc EndOffset="5766" SrcFileId="20" StartOffset="5753"/>
</LocList>
<BasicStmnt CovItemId="S129" CovItemPrefix="my.PSM.unitTestPSM.DBConnectionTest.java" Intrnl_Id="2859">
<LocList>
<Loc EndOffset="5766" SrcFileId="20" StartOffset="5753"/>
</LocList>
</BasicStmnt>
</StmntSeq>
</Branch>
<Keyword EndOffset="5685" SrcFileId="20" StartOffset="5683"/>
<LocList>
<Loc EndOffset="5766" SrcFileId="20" StartOffset="5683"/>
</LocList>
<RootTerm CovItemId="C21" CovItemPrefix="my.PSM.unitTestPSM.DBConnectionTest.java" Intrnl_Id="2860">
<BasicBoolTerm Intrnl_Id="2861">
<LocList>
<Loc EndOffset="5723" SrcFileId="20" StartOffset="5687"/>
</LocList>
</BasicBoolTerm>
</RootTerm>
</CondStmnt>
<BasicStmnt CovItemId="S130" CovItemPrefix="my.PSM.unitTestPSM.DBConnectionTest.java" Intrnl_Id="2862">
<LocList>
<Loc EndOffset="5794" SrcFileId="20" StartOffset="5770"/>
</LocList>
</BasicStmnt>
</StmntSeq>
</HierarchyLvl>
<HierarchyLvl HierarchyLvlId="1473" HierarchyLvlTypeId="26" Intrnl_Id="2863" Name="testFetchEndSat">
<Header>
<Loc EndOffset="5840" SrcFileId="20" StartOffset="5803"/>
</Header>
<LocList>
<Loc EndOffset="6020" SrcFileId="20" StartOffset="5803"/>
</LocList>
<StmntSeq Intrnl_Id="2864">
<LocList>
<Loc EndOffset="5867" SrcFileId="20" StartOffset="5846"/>
<Loc EndOffset="5891" SrcFileId="20" StartOffset="5871"/>
<Loc EndOffset="5988" SrcFileId="20" StartOffset="5909"/>
<Loc EndOffset="6016" SrcFileId="20" StartOffset="5992"/>
</LocList>
<BasicStmnt CovItemId="S131" CovItemPrefix="my.PSM.unitTestPSM.DBConnectionTest.java" Intrnl_Id="2865">
<LocList>
<Loc EndOffset="5867" SrcFileId="20" StartOffset="5846"/>
</LocList>
</BasicStmnt>
<BasicStmnt CovItemId="S132" CovItemPrefix="my.PSM.unitTestPSM.DBConnectionTest.java" Intrnl_Id="2866">
<LocList>
<Loc EndOffset="5891" SrcFileId="20" StartOffset="5871"/>
</LocList>
</BasicStmnt>
<CondStmnt CovItemId="S133" CovItemPrefix="my.PSM.unitTestPSM.DBConnectionTest.java" Intrnl_Id="2867">
<Branch CovItemId="B41" CovItemPrefix="my.PSM.unitTestPSM.DBConnectionTest.java" Implct="false" Intrnl_Id="2868">
<Cond/>
<LocList>
<Loc EndOffset="5969" SrcFileId="20" StartOffset="5946"/>
</LocList>
<StmntSeq Intrnl_Id="2869">
<LocList>
<Loc EndOffset="5964" SrcFileId="20" StartOffset="5952"/>
</LocList>
<BasicStmnt CovItemId="S134" CovItemPrefix="my.PSM.unitTestPSM.DBConnectionTest.java" Intrnl_Id="2870">
<LocList>
<Loc EndOffset="5964" SrcFileId="20" StartOffset="5952"/>
</LocList>
</BasicStmnt>
</StmntSeq>
</Branch>
<Branch CovItemId="B42" CovItemPrefix="my.PSM.unitTestPSM.DBConnectionTest.java" Implct="false" Intrnl_Id="2871">
<Cond>
<Loc EndOffset="5974" SrcFileId="20" StartOffset="5970"/>
</Cond>
<LocList>
<Loc EndOffset="5988" SrcFileId="20" StartOffset="5975"/>
</LocList>
<StmntSeq Intrnl_Id="2872">
<LocList>
<Loc EndOffset="5988" SrcFileId="20" StartOffset="5975"/>
</LocList>
<BasicStmnt CovItemId="S135" CovItemPrefix="my.PSM.unitTestPSM.DBConnectionTest.java" Intrnl_Id="2873">
<LocList>
<Loc EndOffset="5988" SrcFileId="20" StartOffset="5975"/>
</LocList>
</BasicStmnt>
</StmntSeq>
</Branch>
<Keyword EndOffset="5911" SrcFileId="20" StartOffset="5909"/>
<LocList>
<Loc EndOffset="5988" SrcFileId="20" StartOffset="5909"/>
</LocList>
<RootTerm CovItemId="C22" CovItemPrefix="my.PSM.unitTestPSM.DBConnectionTest.java" Intrnl_Id="2874">
<BasicBoolTerm Intrnl_Id="2875">
<LocList>
<Loc EndOffset="5945" SrcFileId="20" StartOffset="5913"/>
</LocList>
</BasicBoolTerm>
</RootTerm>
</CondStmnt>
<BasicStmnt CovItemId="S136" CovItemPrefix="my.PSM.unitTestPSM.DBConnectionTest.java" Intrnl_Id="2876">
<LocList>
<Loc EndOffset="6016" SrcFileId="20" StartOffset="5992"/>
</LocList>
</BasicStmnt>
</StmntSeq>
</HierarchyLvl>
<HierarchyLvl HierarchyLvlId="1474" HierarchyLvlTypeId="26" Intrnl_Id="2877" Name="testStoreClassInfo">
<Header>
<Loc EndOffset="6065" SrcFileId="20" StartOffset="6025"/>
</Header>
<LocList>
<Loc EndOffset="6359" SrcFileId="20" StartOffset="6025"/>
</LocList>
<StmntSeq Intrnl_Id="2878">
<LocList>
<Loc EndOffset="6135" SrcFileId="20" StartOffset="6071"/>
<Loc EndOffset="6186" SrcFileId="20" StartOffset="6139"/>
<Loc EndOffset="6252" SrcFileId="20" StartOffset="6190"/>
<Loc EndOffset="6298" SrcFileId="20" StartOffset="6256"/>
<Loc EndOffset="6355" SrcFileId="20" StartOffset="6302"/>
</LocList>
<BasicStmnt CovItemId="S137" CovItemPrefix="my.PSM.unitTestPSM.DBConnectionTest.java" Intrnl_Id="2879">
<LocList>
<Loc EndOffset="6135" SrcFileId="20" StartOffset="6071"/>
</LocList>
</BasicStmnt>
<BasicStmnt CovItemId="S138" CovItemPrefix="my.PSM.unitTestPSM.DBConnectionTest.java" Intrnl_Id="2880">
<LocList>
<Loc EndOffset="6186" SrcFileId="20" StartOffset="6139"/>
</LocList>
</BasicStmnt>
<BasicStmnt CovItemId="S139" CovItemPrefix="my.PSM.unitTestPSM.DBConnectionTest.java" Intrnl_Id="2881">
<LocList>
<Loc EndOffset="6252" SrcFileId="20" StartOffset="6190"/>
</LocList>
</BasicStmnt>
<BasicStmnt CovItemId="S140" CovItemPrefix="my.PSM.unitTestPSM.DBConnectionTest.java" Intrnl_Id="2882">
<LocList>
<Loc EndOffset="6298" SrcFileId="20" StartOffset="6256"/>
</LocList>
</BasicStmnt>
<BasicStmnt CovItemId="S141" CovItemPrefix="my.PSM.unitTestPSM.DBConnectionTest.java" Intrnl_Id="2883">
<LocList>
<Loc EndOffset="6355" SrcFileId="20" StartOffset="6302"/>
</LocList>
</BasicStmnt>
</StmntSeq>
</HierarchyLvl>
</HierarchyLvl>
<HierarchyLvl HierarchyLvlId="1500" HierarchyLvlTypeId="25" Intrnl_Id="2884" Name="appControllerTest">
<Header>
<Loc EndOffset="338" SrcFileId="21" StartOffset="308"/>
</Header>
<LocList>
<Loc EndOffset="11029" SrcFileId="21" StartOffset="308"/>
</LocList>
<HierarchyLvl HierarchyLvlId="1476" HierarchyLvlTypeId="26" Intrnl_Id="2885" Name="runBeforeAllTest">
<Header>
<Loc EndOffset="522" SrcFileId="21" StartOffset="482"/>
</Header>
<LocList>
<Loc EndOffset="1044" SrcFileId="21" StartOffset="482"/>
</LocList>
<StmntSeq Intrnl_Id="2886">
<LocList>
<Loc EndOffset="610" SrcFileId="21" StartOffset="584"/>
<Loc EndOffset="650" SrcFileId="21" StartOffset="614"/>
<Loc EndOffset="730" SrcFileId="21" StartOffset="681"/>
<Loc EndOffset="795" SrcFileId="21" StartOffset="762"/>
<Loc EndOffset="855" SrcFileId="21" StartOffset="799"/>
<Loc EndOffset="963" SrcFileId="21" StartOffset="886"/>
<Loc EndOffset="1040" SrcFileId="21" StartOffset="998"/>
</LocList>
<BasicStmnt CovItemId="S1" CovItemPrefix="my.PSM.unitTestPSM.appControllerTest.java" Intrnl_Id="2887">
<LocList>
<Loc EndOffset="610" SrcFileId="21" StartOffset="584"/>
</LocList>
</BasicStmnt>
<BasicStmnt CovItemId="S2" CovItemPrefix="my.PSM.unitTestPSM.appControllerTest.java" Intrnl_Id="2888">
<LocList>
<Loc EndOffset="650" SrcFileId="21" StartOffset="614"/>
</LocList>
</BasicStmnt>
<BasicStmnt CovItemId="S3" CovItemPrefix="my.PSM.unitTestPSM.appControllerTest.java" Intrnl_Id="2889">
<LocList>
<Loc EndOffset="730" SrcFileId="21" StartOffset="681"/>
</LocList>
</BasicStmnt>
<BasicStmnt CovItemId="S4" CovItemPrefix="my.PSM.unitTestPSM.appControllerTest.java" Intrnl_Id="2890">
<LocList>
<Loc EndOffset="795" SrcFileId="21" StartOffset="762"/>
</LocList>
</BasicStmnt>
<BasicStmnt CovItemId="S5" CovItemPrefix="my.PSM.unitTestPSM.appControllerTest.java" Intrnl_Id="2891">
<LocList>
<Loc EndOffset="855" SrcFileId="21" StartOffset="799"/>
</LocList>
</BasicStmnt>
<BasicStmnt CovItemId="S6" CovItemPrefix="my.PSM.unitTestPSM.appControllerTest.java" Intrnl_Id="2892">
<LocList>
<Loc EndOffset="963" SrcFileId="21" StartOffset="886"/>
</LocList>
</BasicStmnt>
<BasicStmnt CovItemId="S7" CovItemPrefix="my.PSM.unitTestPSM.appControllerTest.java" Intrnl_Id="2893">
<LocList>
<Loc EndOffset="1040" SrcFileId="21" StartOffset="998"/>
</LocList>
</BasicStmnt>
</StmntSeq>
</HierarchyLvl>
<HierarchyLvl HierarchyLvlId="1477" HierarchyLvlTypeId="26" Intrnl_Id="2894" Name="runAfterAllTest">
<Header>
<Loc EndOffset="1085" SrcFileId="21" StartOffset="1047"/>
</Header>
<LocList>
<Loc EndOffset="1144" SrcFileId="21" StartOffset="1047"/>
</LocList>
<StmntSeq Intrnl_Id="2895">
<LocList>
<Loc EndOffset="1101" SrcFileId="21" StartOffset="1090"/>
<Loc EndOffset="1120" SrcFileId="21" StartOffset="1105"/>
<Loc EndOffset="1140" SrcFileId="21" StartOffset="1124"/>
</LocList>
<BasicStmnt CovItemId="S8" CovItemPrefix="my.PSM.unitTestPSM.appControllerTest.java" Intrnl_Id="2896">
<LocList>
<Loc EndOffset="1101" SrcFileId="21" StartOffset="1090"/>
</LocList>
</BasicStmnt>
<BasicStmnt CovItemId="S9" CovItemPrefix="my.PSM.unitTestPSM.appControllerTest.java" Intrnl_Id="2897">
<LocList>
<Loc EndOffset="1120" SrcFileId="21" StartOffset="1105"/>
</LocList>
</BasicStmnt>
<BasicStmnt CovItemId="S10" CovItemPrefix="my.PSM.unitTestPSM.appControllerTest.java" Intrnl_Id="2898">
<LocList>
<Loc EndOffset="1140" SrcFileId="21" StartOffset="1124"/>
</LocList>
</BasicStmnt>
</StmntSeq>
</HierarchyLvl>
<HierarchyLvl HierarchyLvlId="1478" HierarchyLvlTypeId="26" Intrnl_Id="2899" Name="testMyMain">
<Header>
<Loc EndOffset="1179" SrcFileId="21" StartOffset="1147"/>
</Header>
<LocList>
<Loc EndOffset="1528" SrcFileId="21" StartOffset="1147"/>
</LocList>
<StmntSeq Intrnl_Id="2900">
<LocList>
<Loc EndOffset="1237" SrcFileId="21" StartOffset="1209"/>
<Loc EndOffset="1267" SrcFileId="21" StartOffset="1241"/>
<Loc EndOffset="1295" SrcFileId="21" StartOffset="1271"/>
<Loc EndOffset="1314" SrcFileId="21" StartOffset="1301"/>
<Loc EndOffset="1409" SrcFileId="21" StartOffset="1373"/>
<Loc EndOffset="1447" SrcFileId="21" StartOffset="1413"/>
<Loc EndOffset="1490" SrcFileId="21" StartOffset="1451"/>
<Loc EndOffset="1524" SrcFileId="21" StartOffset="1494"/>
</LocList>
<BasicStmnt CovItemId="S11" CovItemPrefix="my.PSM.unitTestPSM.appControllerTest.java" Intrnl_Id="2901">
<LocList>
<Loc EndOffset="1237" SrcFileId="21" StartOffset="1209"/>
</LocList>
</BasicStmnt>
<BasicStmnt CovItemId="S12" CovItemPrefix="my.PSM.unitTestPSM.appControllerTest.java" Intrnl_Id="2902">
<LocList>
<Loc EndOffset="1267" SrcFileId="21" StartOffset="1241"/>
</LocList>
</BasicStmnt>
<BasicStmnt CovItemId="S13" CovItemPrefix="my.PSM.unitTestPSM.appControllerTest.java" Intrnl_Id="2903">
<LocList>
<Loc EndOffset="1295" SrcFileId="21" StartOffset="1271"/>
</LocList>
</BasicStmnt>
<BasicStmnt CovItemId="S14" CovItemPrefix="my.PSM.unitTestPSM.appControllerTest.java" Intrnl_Id="2904">
<LocList>
<Loc EndOffset="1314" SrcFileId="21" StartOffset="1301"/>
</LocList>
</BasicStmnt>
<BasicStmnt CovItemId="S15" CovItemPrefix="my.PSM.unitTestPSM.appControllerTest.java" Intrnl_Id="2905">
<LocList>
<Loc EndOffset="1409" SrcFileId="21" StartOffset="1373"/>
</LocList>
</BasicStmnt>
<BasicStmnt CovItemId="S16" CovItemPrefix="my.PSM.unitTestPSM.appControllerTest.java" Intrnl_Id="2906">
<LocList>
<Loc EndOffset="1447" SrcFileId="21" StartOffset="1413"/>
</LocList>
</BasicStmnt>
<BasicStmnt CovItemId="S17" CovItemPrefix="my.PSM.unitTestPSM.appControllerTest.java" Intrnl_Id="2907">
<LocList>
<Loc EndOffset="1490" SrcFileId="21" StartOffset="1451"/>
</LocList>
</BasicStmnt>
<BasicStmnt CovItemId="S18" CovItemPrefix="my.PSM.unitTestPSM.appControllerTest.java" Intrnl_Id="2908">
<LocList>
<Loc EndOffset="1524" SrcFileId="21" StartOffset="1494"/>
</LocList>
</BasicStmnt>
</StmntSeq>
</HierarchyLvl>
<HierarchyLvl HierarchyLvlId="1479" HierarchyLvlTypeId="26" Intrnl_Id="2909" Name="testAppMainMenu">
<Header>
<Loc EndOffset="1570" SrcFileId="21" StartOffset="1533"/>
</Header>
<LocList>
<Loc EndOffset="1726" SrcFileId="21" StartOffset="1533"/>
</LocList>
<StmntSeq Intrnl_Id="2910">
<LocList>
<Loc EndOffset="1621" SrcFileId="21" StartOffset="1599"/>
<Loc EndOffset="1647" SrcFileId="21" StartOffset="1629"/>
<Loc EndOffset="1722" SrcFileId="21" StartOffset="1691"/>
</LocList>
<BasicStmnt CovItemId="S19" CovItemPrefix="my.PSM.unitTestPSM.appControllerTest.java" Intrnl_Id="2911">
<LocList>
<Loc EndOffset="1621" SrcFileId="21" StartOffset="1599"/>
</LocList>
</BasicStmnt>
<BasicStmnt CovItemId="S20" CovItemPrefix="my.PSM.unitTestPSM.appControllerTest.java" Intrnl_Id="2912">
<LocList>
<Loc EndOffset="1647" SrcFileId="21" StartOffset="1629"/>
</LocList>
</BasicStmnt>
<BasicStmnt CovItemId="S21" CovItemPrefix="my.PSM.unitTestPSM.appControllerTest.java" Intrnl_Id="2913">
<LocList>
<Loc EndOffset="1722" SrcFileId="21" StartOffset="1691"/>
</LocList>
</BasicStmnt>
</StmntSeq>
</HierarchyLvl>
<HierarchyLvl HierarchyLvlId="1480" HierarchyLvlTypeId="26" Intrnl_Id="2914" Name="testAppMainMenu02">
<Header>
<Loc EndOffset="1768" SrcFileId="21" StartOffset="1729"/>
</Header>
<LocList>
<Loc EndOffset="1924" SrcFileId="21" StartOffset="1729"/>
</LocList>
<StmntSeq Intrnl_Id="2915">
<LocList>
<Loc EndOffset="1821" SrcFileId="21" StartOffset="1797"/>
<Loc EndOffset="1847" SrcFileId="21" StartOffset="1829"/>
<Loc EndOffset="1920" SrcFileId="21" StartOffset="1890"/>
</LocList>
<BasicStmnt CovItemId="S22" CovItemPrefix="my.PSM.unitTestPSM.appControllerTest.java" Intrnl_Id="2916">
<LocList>
<Loc EndOffset="1821" SrcFileId="21" StartOffset="1797"/>
</LocList>
</BasicStmnt>
<BasicStmnt CovItemId="S23" CovItemPrefix="my.PSM.unitTestPSM.appControllerTest.java" Intrnl_Id="2917">
<LocList>
<Loc EndOffset="1847" SrcFileId="21" StartOffset="1829"/>
</LocList>
</BasicStmnt>
<BasicStmnt CovItemId="S24" CovItemPrefix="my.PSM.unitTestPSM.appControllerTest.java" Intrnl_Id="2918">
<LocList>
<Loc EndOffset="1920" SrcFileId="21" StartOffset="1890"/>
</LocList>
</BasicStmnt>
</StmntSeq>
</HierarchyLvl>
<HierarchyLvl HierarchyLvlId="1481" HierarchyLvlTypeId="26" Intrnl_Id="2919" Name="testAppMainMenu03">
<Header>
<Loc EndOffset="1966" SrcFileId="21" StartOffset="1927"/>
</Header>
<LocList>
<Loc EndOffset="2128" SrcFileId="21" StartOffset="1927"/>
</LocList>
<StmntSeq Intrnl_Id="2920">
<LocList>
<Loc EndOffset="2017" SrcFileId="21" StartOffset="1995"/>
<Loc EndOffset="2043" SrcFileId="21" StartOffset="2025"/>
<Loc EndOffset="2124" SrcFileId="21" StartOffset="2090"/>
</LocList>
<BasicStmnt CovItemId="S25" CovItemPrefix="my.PSM.unitTestPSM.appControllerTest.java" Intrnl_Id="2921">
<LocList>
<Loc EndOffset="2017" SrcFileId="21" StartOffset="1995"/>
</LocList>
</BasicStmnt>
<BasicStmnt CovItemId="S26" CovItemPrefix="my.PSM.unitTestPSM.appControllerTest.java" Intrnl_Id="2922">
<LocList>
<Loc EndOffset="2043" SrcFileId="21" StartOffset="2025"/>
</LocList>
</BasicStmnt>
<BasicStmnt CovItemId="S27" CovItemPrefix="my.PSM.unitTestPSM.appControllerTest.java" Intrnl_Id="2923">
<LocList>
<Loc EndOffset="2124" SrcFileId="21" StartOffset="2090"/>
</LocList>
</BasicStmnt>
</StmntSeq>
</HierarchyLvl>
<HierarchyLvl HierarchyLvlId="1482" HierarchyLvlTypeId="26" Intrnl_Id="2924" Name="testSetupSched">
<Header>
<Loc EndOffset="2167" SrcFileId="21" StartOffset="2131"/>
</Header>
<LocList>
<Loc EndOffset="3634" SrcFileId="21" StartOffset="2131"/>
</LocList>
<StmntSeq Intrnl_Id="2925">
<LocList>
<Loc EndOffset="2225" SrcFileId="21" StartOffset="2201"/>
<Loc EndOffset="2402" SrcFileId="21" StartOffset="2229"/>
<Loc EndOffset="2427" SrcFileId="21" StartOffset="2410"/>
<Loc EndOffset="2546" SrcFileId="21" StartOffset="2495"/>
<Loc EndOffset="2624" SrcFileId="21" StartOffset="2550"/>
<Loc EndOffset="2682" SrcFileId="21" StartOffset="2628"/>
<Loc EndOffset="2746" SrcFileId="21" StartOffset="2686"/>
<Loc EndOffset="2817" SrcFileId="21" StartOffset="2750"/>
<Loc EndOffset="2886" SrcFileId="21" StartOffset="2821"/>
<Loc EndOffset="2948" SrcFileId="21" StartOffset="2890"/>
<Loc EndOffset="3008" SrcFileId="21" StartOffset="2952"/>
<Loc EndOffset="3073" SrcFileId="21" StartOffset="3012"/>
<Loc EndOffset="3136" SrcFileId="21" StartOffset="3077"/>
<Loc EndOffset="3198" SrcFileId="21" StartOffset="3140"/>
<Loc EndOffset="3258" SrcFileId="21" StartOffset="3202"/>
<Loc EndOffset="3323" SrcFileId="21" StartOffset="3262"/>
<Loc EndOffset="3386" SrcFileId="21" StartOffset="3327"/>
<Loc EndOffset="3448" SrcFileId="21" StartOffset="3390"/>
<Loc EndOffset="3508" SrcFileId="21" StartOffset="3452"/>
<Loc EndOffset="3570" SrcFileId="21" StartOffset="3512"/>
<Loc EndOffset="3630" SrcFileId="21" StartOffset="3574"/>
</LocList>
<BasicStmnt CovItemId="S28" CovItemPrefix="my.PSM.unitTestPSM.appControllerTest.java" Intrnl_Id="2926">
<LocList>
<Loc EndOffset="2225" SrcFileId="21" StartOffset="2201"/>
</LocList>
</BasicStmnt>
<BasicStmnt CovItemId="S29" CovItemPrefix="my.PSM.unitTestPSM.appControllerTest.java" Intrnl_Id="2927">
<LocList>
<Loc EndOffset="2402" SrcFileId="21" StartOffset="2229"/>
</LocList>
</BasicStmnt>
<BasicStmnt CovItemId="S30" CovItemPrefix="my.PSM.unitTestPSM.appControllerTest.java" Intrnl_Id="2928">
<LocList>
<Loc EndOffset="2427" SrcFileId="21" StartOffset="2410"/>
</LocList>
</BasicStmnt>
<BasicStmnt CovItemId="S31" CovItemPrefix="my.PSM.unitTestPSM.appControllerTest.java" Intrnl_Id="2929">
<LocList>
<Loc EndOffset="2546" SrcFileId="21" StartOffset="2495"/>
</LocList>
</BasicStmnt>
<BasicStmnt CovItemId="S32" CovItemPrefix="my.PSM.unitTestPSM.appControllerTest.java" Intrnl_Id="2930">
<LocList>
<Loc EndOffset="2624" SrcFileId="21" StartOffset="2550"/>
</LocList>
</BasicStmnt>
<BasicStmnt CovItemId="S33" CovItemPrefix="my.PSM.unitTestPSM.appControllerTest.java" Intrnl_Id="2931">
<LocList>
<Loc EndOffset="2682" SrcFileId="21" StartOffset="2628"/>
</LocList>
</BasicStmnt>
<BasicStmnt CovItemId="S34" CovItemPrefix="my.PSM.unitTestPSM.appControllerTest.java" Intrnl_Id="2932">
<LocList>
<Loc EndOffset="2746" SrcFileId="21" StartOffset="2686"/>
</LocList>
</BasicStmnt>
<BasicStmnt CovItemId="S35" CovItemPrefix="my.PSM.unitTestPSM.appControllerTest.java" Intrnl_Id="2933">
<LocList>
<Loc EndOffset="2817" SrcFileId="21" StartOffset="2750"/>
</LocList>
</BasicStmnt>
<BasicStmnt CovItemId="S36" CovItemPrefix="my.PSM.unitTestPSM.appControllerTest.java" Intrnl_Id="2934">
<LocList>
<Loc EndOffset="2886" SrcFileId="21" StartOffset="2821"/>
</LocList>
</BasicStmnt>
<BasicStmnt CovItemId="S37" CovItemPrefix="my.PSM.unitTestPSM.appControllerTest.java" Intrnl_Id="2935">
<LocList>
<Loc EndOffset="2948" SrcFileId="21" StartOffset="2890"/>
</LocList>
</BasicStmnt>
<BasicStmnt CovItemId="S38" CovItemPrefix="my.PSM.unitTestPSM.appControllerTest.java" Intrnl_Id="2936">
<LocList>
<Loc EndOffset="3008" SrcFileId="21" StartOffset="2952"/>
</LocList>
</BasicStmnt>
<BasicStmnt CovItemId="S39" CovItemPrefix="my.PSM.unitTestPSM.appControllerTest.java" Intrnl_Id="2937">
<LocList>
<Loc EndOffset="3073" SrcFileId="21" StartOffset="3012"/>
</LocList>
</BasicStmnt>
<BasicStmnt CovItemId="S40" CovItemPrefix="my.PSM.unitTestPSM.appControllerTest.java" Intrnl_Id="2938">
<LocList>
<Loc EndOffset="3136" SrcFileId="21" StartOffset="3077"/>
</LocList>
</BasicStmnt>
<BasicStmnt CovItemId="S41" CovItemPrefix="my.PSM.unitTestPSM.appControllerTest.java" Intrnl_Id="2939">
<LocList>
<Loc EndOffset="3198" SrcFileId="21" StartOffset="3140"/>
</LocList>
</BasicStmnt>
<BasicStmnt CovItemId="S42" CovItemPrefix="my.PSM.unitTestPSM.appControllerTest.java" Intrnl_Id="2940">
<LocList>
<Loc EndOffset="3258" SrcFileId="21" StartOffset="3202"/>
</LocList>
</BasicStmnt>
<BasicStmnt CovItemId="S43" CovItemPrefix="my.PSM.unitTestPSM.appControllerTest.java" Intrnl_Id="2941">
<LocList>
<Loc EndOffset="3323" SrcFileId="21" StartOffset="3262"/>
</LocList>
</BasicStmnt>
<BasicStmnt CovItemId="S44" CovItemPrefix="my.PSM.unitTestPSM.appControllerTest.java" Intrnl_Id="2942">
<LocList>
<Loc EndOffset="3386" SrcFileId="21" StartOffset="3327"/>
</LocList>
</BasicStmnt>
<BasicStmnt CovItemId="S45" CovItemPrefix="my.PSM.unitTestPSM.appControllerTest.java" Intrnl_Id="2943">
<LocList>
<Loc EndOffset="3448" SrcFileId="21" StartOffset="3390"/>
</LocList>
</BasicStmnt>
<BasicStmnt CovItemId="S46" CovItemPrefix="my.PSM.unitTestPSM.appControllerTest.java" Intrnl_Id="2944">
<LocList>
<Loc EndOffset="3508" SrcFileId="21" StartOffset="3452"/>
</LocList>
</BasicStmnt>
<BasicStmnt CovItemId="S47" CovItemPrefix="my.PSM.unitTestPSM.appControllerTest.java" Intrnl_Id="2945">
<LocList>
<Loc EndOffset="3570" SrcFileId="21" StartOffset="3512"/>
</LocList>
</BasicStmnt>
<BasicStmnt CovItemId="S48" CovItemPrefix="my.PSM.unitTestPSM.appControllerTest.java" Intrnl_Id="2946">
<LocList>
<Loc EndOffset="3630" SrcFileId="21" StartOffset="3574"/>
</LocList>
</BasicStmnt>
</StmntSeq>
</HierarchyLvl>
<HierarchyLvl HierarchyLvlId="1483" HierarchyLvlTypeId="26" Intrnl_Id="2947" Name="testAppEditSched">
<Header>
<Loc EndOffset="3677" SrcFileId="21" StartOffset="3639"/>
</Header>
<LocList>
<Loc EndOffset="4988" SrcFileId="21" StartOffset="3639"/>
</LocList>
<StmntSeq Intrnl_Id="2948">
<LocList>
<Loc EndOffset="3768" SrcFileId="21" StartOffset="3741"/>
<Loc EndOffset="3824" SrcFileId="21" StartOffset="3800"/>
<Loc EndOffset="4001" SrcFileId="21" StartOffset="3828"/>
<Loc EndOffset="4036" SrcFileId="21" StartOffset="4017"/>
<Loc EndOffset="4171" SrcFileId="21" StartOffset="4104"/>
<Loc EndOffset="4240" SrcFileId="21" StartOffset="4175"/>
<Loc EndOffset="4302" SrcFileId="21" StartOffset="4244"/>
<Loc EndOffset="4362" SrcFileId="21" StartOffset="4306"/>
<Loc EndOffset="4427" SrcFileId="21" StartOffset="4366"/>
<Loc EndOffset="4490" SrcFileId="21" StartOffset="4431"/>
<Loc EndOffset="4552" SrcFileId="21" StartOffset="4494"/>
<Loc EndOffset="4612" SrcFileId="21" StartOffset="4556"/>
<Loc EndOffset="4677" SrcFileId="21" StartOffset="4616"/>
<Loc EndOffset="4740" SrcFileId="21" StartOffset="4681"/>
<Loc EndOffset="4802" SrcFileId="21" StartOffset="4744"/>
<Loc EndOffset="4862" SrcFileId="21" StartOffset="4806"/>
<Loc EndOffset="4924" SrcFileId="21" StartOffset="4866"/>
<Loc EndOffset="4984" SrcFileId="21" StartOffset="4928"/>
</LocList>
<BasicStmnt CovItemId="S49" CovItemPrefix="my.PSM.unitTestPSM.appControllerTest.java" Intrnl_Id="2949">
<LocList>
<Loc EndOffset="3768" SrcFileId="21" StartOffset="3741"/>
</LocList>
</BasicStmnt>
<BasicStmnt CovItemId="S50" CovItemPrefix="my.PSM.unitTestPSM.appControllerTest.java" Intrnl_Id="2950">
<LocList>
<Loc EndOffset="3824" SrcFileId="21" StartOffset="3800"/>
</LocList>
</BasicStmnt>
<BasicStmnt CovItemId="S51" CovItemPrefix="my.PSM.unitTestPSM.appControllerTest.java" Intrnl_Id="2951">
<LocList>
<Loc EndOffset="4001" SrcFileId="21" StartOffset="3828"/>
</LocList>
</BasicStmnt>
<BasicStmnt CovItemId="S52" CovItemPrefix="my.PSM.unitTestPSM.appControllerTest.java" Intrnl_Id="2952">
<LocList>
<Loc EndOffset="4036" SrcFileId="21" StartOffset="4017"/>
</LocList>
</BasicStmnt>
<BasicStmnt CovItemId="S53" CovItemPrefix="my.PSM.unitTestPSM.appControllerTest.java" Intrnl_Id="2953">
<LocList>
<Loc EndOffset="4171" SrcFileId="21" StartOffset="4104"/>
</LocList>
</BasicStmnt>
<BasicStmnt CovItemId="S54" CovItemPrefix="my.PSM.unitTestPSM.appControllerTest.java" Intrnl_Id="2954">
<LocList>
<Loc EndOffset="4240" SrcFileId="21" StartOffset="4175"/>
</LocList>
</BasicStmnt>
<BasicStmnt CovItemId="S55" CovItemPrefix="my.PSM.unitTestPSM.appControllerTest.java" Intrnl_Id="2955">
<LocList>
<Loc EndOffset="4302" SrcFileId="21" StartOffset="4244"/>
</LocList>
</BasicStmnt>
<BasicStmnt CovItemId="S56" CovItemPrefix="my.PSM.unitTestPSM.appControllerTest.java" Intrnl_Id="2956">
<LocList>
<Loc EndOffset="4362" SrcFileId="21" StartOffset="4306"/>
</LocList>
</BasicStmnt>
<BasicStmnt CovItemId="S57" CovItemPrefix="my.PSM.unitTestPSM.appControllerTest.java" Intrnl_Id="2957">
<LocList>
<Loc EndOffset="4427" SrcFileId="21" StartOffset="4366"/>
</LocList>
</BasicStmnt>
<BasicStmnt CovItemId="S58" CovItemPrefix="my.PSM.unitTestPSM.appControllerTest.java" Intrnl_Id="2958">
<LocList>
<Loc EndOffset="4490" SrcFileId="21" StartOffset="4431"/>
</LocList>
</BasicStmnt>
<BasicStmnt CovItemId="S59" CovItemPrefix="my.PSM.unitTestPSM.appControllerTest.java" Intrnl_Id="2959">
<LocList>
<Loc EndOffset="4552" SrcFileId="21" StartOffset="4494"/>
</LocList>
</BasicStmnt>
<BasicStmnt CovItemId="S60" CovItemPrefix="my.PSM.unitTestPSM.appControllerTest.java" Intrnl_Id="2960">
<LocList>
<Loc EndOffset="4612" SrcFileId="21" StartOffset="4556"/>
</LocList>
</BasicStmnt>
<BasicStmnt CovItemId="S61" CovItemPrefix="my.PSM.unitTestPSM.appControllerTest.java" Intrnl_Id="2961">
<LocList>
<Loc EndOffset="4677" SrcFileId="21" StartOffset="4616"/>
</LocList>
</BasicStmnt>
<BasicStmnt CovItemId="S62" CovItemPrefix="my.PSM.unitTestPSM.appControllerTest.java" Intrnl_Id="2962">
<LocList>
<Loc EndOffset="4740" SrcFileId="21" StartOffset="4681"/>
</LocList>
</BasicStmnt>
<BasicStmnt CovItemId="S63" CovItemPrefix="my.PSM.unitTestPSM.appControllerTest.java" Intrnl_Id="2963">
<LocList>
<Loc EndOffset="4802" SrcFileId="21" StartOffset="4744"/>
</LocList>
</BasicStmnt>
<BasicStmnt CovItemId="S64" CovItemPrefix="my.PSM.unitTestPSM.appControllerTest.java" Intrnl_Id="2964">
<LocList>
<Loc EndOffset="4862" SrcFileId="21" StartOffset="4806"/>
</LocList>
</BasicStmnt>
<BasicStmnt CovItemId="S65" CovItemPrefix="my.PSM.unitTestPSM.appControllerTest.java" Intrnl_Id="2965">
<LocList>
<Loc EndOffset="4924" SrcFileId="21" StartOffset="4866"/>
</LocList>
</BasicStmnt>
<BasicStmnt CovItemId="S66" CovItemPrefix="my.PSM.unitTestPSM.appControllerTest.java" Intrnl_Id="2966">
<LocList>
<Loc EndOffset="4984" SrcFileId="21" StartOffset="4928"/>
</LocList>
</BasicStmnt>
</StmntSeq>
</HierarchyLvl>
<HierarchyLvl HierarchyLvlId="1484" HierarchyLvlTypeId="26" Intrnl_Id="2967" Name="testAppLogin">
<Header>
<Loc EndOffset="5027" SrcFileId="21" StartOffset="4993"/>
</Header>
<LocList>
<Loc EndOffset="5348" SrcFileId="21" StartOffset="4993"/>
</LocList>
<StmntSeq Intrnl_Id="2968">
<LocList>
<Loc EndOffset="5085" SrcFileId="21" StartOffset="5057"/>
<Loc EndOffset="5115" SrcFileId="21" StartOffset="5089"/>
<Loc EndOffset="5138" SrcFileId="21" StartOffset="5123"/>
<Loc EndOffset="5252" SrcFileId="21" StartOffset="5215"/>
<Loc EndOffset="5299" SrcFileId="21" StartOffset="5256"/>
<Loc EndOffset="5344" SrcFileId="21" StartOffset="5303"/>
</LocList>
<BasicStmnt CovItemId="S67" CovItemPrefix="my.PSM.unitTestPSM.appControllerTest.java" Intrnl_Id="2969">
<LocList>
<Loc EndOffset="5085" SrcFileId="21" StartOffset="5057"/>
</LocList>
</BasicStmnt>
<BasicStmnt CovItemId="S68" CovItemPrefix="my.PSM.unitTestPSM.appControllerTest.java" Intrnl_Id="2970">
<LocList>
<Loc EndOffset="5115" SrcFileId="21" StartOffset="5089"/>
</LocList>
</BasicStmnt>
<BasicStmnt CovItemId="S69" CovItemPrefix="my.PSM.unitTestPSM.appControllerTest.java" Intrnl_Id="2971">
<LocList>
<Loc EndOffset="5138" SrcFileId="21" StartOffset="5123"/>
</LocList>
</BasicStmnt>
<BasicStmnt CovItemId="S70" CovItemPrefix="my.PSM.unitTestPSM.appControllerTest.java" Intrnl_Id="2972">
<LocList>
<Loc EndOffset="5252" SrcFileId="21" StartOffset="5215"/>
</LocList>
</BasicStmnt>
<BasicStmnt CovItemId="S71" CovItemPrefix="my.PSM.unitTestPSM.appControllerTest.java" Intrnl_Id="2973">
<LocList>
<Loc EndOffset="5299" SrcFileId="21" StartOffset="5256"/>
</LocList>
</BasicStmnt>
<BasicStmnt CovItemId="S72" CovItemPrefix="my.PSM.unitTestPSM.appControllerTest.java" Intrnl_Id="2974">
<LocList>
<Loc EndOffset="5344" SrcFileId="21" StartOffset="5303"/>
</LocList>
</BasicStmnt>
</StmntSeq>
</HierarchyLvl>
<HierarchyLvl HierarchyLvlId="1485" HierarchyLvlTypeId="26" Intrnl_Id="2975" Name="testAppLogin02">
<Header>
<Loc EndOffset="5389" SrcFileId="21" StartOffset="5353"/>
</Header>
<LocList>
<Loc EndOffset="5759" SrcFileId="21" StartOffset="5353"/>
</LocList>
<StmntSeq Intrnl_Id="2976">
<LocList>
<Loc EndOffset="5448" SrcFileId="21" StartOffset="5419"/>
<Loc EndOffset="5482" SrcFileId="21" StartOffset="5452"/>
<Loc EndOffset="5505" SrcFileId="21" StartOffset="5490"/>
<Loc EndOffset="5634" SrcFileId="21" StartOffset="5595"/>
<Loc EndOffset="5672" SrcFileId="21" StartOffset="5638"/>
<Loc EndOffset="5713" SrcFileId="21" StartOffset="5676"/>
<Loc EndOffset="5755" SrcFileId="21" StartOffset="5717"/>
</LocList>
<BasicStmnt CovItemId="S73" CovItemPrefix="my.PSM.unitTestPSM.appControllerTest.java" Intrnl_Id="2977">
<LocList>
<Loc EndOffset="5448" SrcFileId="21" StartOffset="5419"/>
</LocList>
</BasicStmnt>
<BasicStmnt CovItemId="S74" CovItemPrefix="my.PSM.unitTestPSM.appControllerTest.java" Intrnl_Id="2978">
<LocList>
<Loc EndOffset="5482" SrcFileId="21" StartOffset="5452"/>
</LocList>
</BasicStmnt>
<BasicStmnt CovItemId="S75" CovItemPrefix="my.PSM.unitTestPSM.appControllerTest.java" Intrnl_Id="2979">
<LocList>
<Loc EndOffset="5505" SrcFileId="21" StartOffset="5490"/>
</LocList>
</BasicStmnt>
<BasicStmnt CovItemId="S76" CovItemPrefix="my.PSM.unitTestPSM.appControllerTest.java" Intrnl_Id="2980">
<LocList>
<Loc EndOffset="5634" SrcFileId="21" StartOffset="5595"/>
</LocList>
</BasicStmnt>
<BasicStmnt CovItemId="S77" CovItemPrefix="my.PSM.unitTestPSM.appControllerTest.java" Intrnl_Id="2981">
<LocList>
<Loc EndOffset="5672" SrcFileId="21" StartOffset="5638"/>
</LocList>
</BasicStmnt>
<BasicStmnt CovItemId="S78" CovItemPrefix="my.PSM.unitTestPSM.appControllerTest.java" Intrnl_Id="2982">
<LocList>
<Loc EndOffset="5713" SrcFileId="21" StartOffset="5676"/>
</LocList>
</BasicStmnt>
<BasicStmnt CovItemId="S79" CovItemPrefix="my.PSM.unitTestPSM.appControllerTest.java" Intrnl_Id="2983">
<LocList>
<Loc EndOffset="5755" SrcFileId="21" StartOffset="5717"/>
</LocList>
</BasicStmnt>
</StmntSeq>
</HierarchyLvl>
<HierarchyLvl HierarchyLvlId="1486" HierarchyLvlTypeId="26" Intrnl_Id="2984" Name="testCheckClear">
<Header>
<Loc EndOffset="5798" SrcFileId="21" StartOffset="5762"/>
</Header>
<LocList>
<Loc EndOffset="5931" SrcFileId="21" StartOffset="5762"/>
</LocList>
<StmntSeq Intrnl_Id="2985">
<LocList>
<Loc EndOffset="5923" SrcFileId="21" StartOffset="5887"/>
</LocList>
<BasicStmnt CovItemId="S80" CovItemPrefix="my.PSM.unitTestPSM.appControllerTest.java" Intrnl_Id="2986">
<LocList>
<Loc EndOffset="5923" SrcFileId="21" StartOffset="5887"/>
</LocList>
</BasicStmnt>
</StmntSeq>
</HierarchyLvl>
<HierarchyLvl HierarchyLvlId="1487" HierarchyLvlTypeId="26" Intrnl_Id="2987" Name="testCheckClear02">
<Header>
<Loc EndOffset="5975" SrcFileId="21" StartOffset="5937"/>
</Header>
<LocList>
<Loc EndOffset="6487" SrcFileId="21" StartOffset="5937"/>
</LocList>
<StmntSeq Intrnl_Id="2988">
<LocList>
<Loc EndOffset="6217" SrcFileId="21" StartOffset="6039"/>
<Loc EndOffset="6403" SrcFileId="21" StartOffset="6221"/>
<Loc EndOffset="6483" SrcFileId="21" StartOffset="6447"/>
</LocList>
<BasicStmnt CovItemId="S81" CovItemPrefix="my.PSM.unitTestPSM.appControllerTest.java" Intrnl_Id="2989">
<LocList>
<Loc EndOffset="6217" SrcFileId="21" StartOffset="6039"/>
</LocList>
</BasicStmnt>
<BasicStmnt CovItemId="S82" CovItemPrefix="my.PSM.unitTestPSM.appControllerTest.java" Intrnl_Id="2990">
<LocList>
<Loc EndOffset="6403" SrcFileId="21" StartOffset="6221"/>
</LocList>
</BasicStmnt>
<BasicStmnt CovItemId="S83" CovItemPrefix="my.PSM.unitTestPSM.appControllerTest.java" Intrnl_Id="2991">
<LocList>
<Loc EndOffset="6483" SrcFileId="21" StartOffset="6447"/>
</LocList>
</BasicStmnt>
</StmntSeq>
</HierarchyLvl>
<HierarchyLvl HierarchyLvlId="1488" HierarchyLvlTypeId="26" Intrnl_Id="2992" Name="testCheckClear03">
<Header>
<Loc EndOffset="6530" SrcFileId="21" StartOffset="6492"/>
</Header>
<LocList>
<Loc EndOffset="7059" SrcFileId="21" StartOffset="6492"/>
</LocList>
<StmntSeq Intrnl_Id="2993">
<LocList>
<Loc EndOffset="6775" SrcFileId="21" StartOffset="6597"/>
<Loc EndOffset="6961" SrcFileId="21" StartOffset="6779"/>
<Loc EndOffset="7051" SrcFileId="21" StartOffset="7006"/>
</LocList>
<BasicStmnt CovItemId="S84" CovItemPrefix="my.PSM.unitTestPSM.appControllerTest.java" Intrnl_Id="2994">
<LocList>
<Loc EndOffset="6775" SrcFileId="21" StartOffset="6597"/>
</LocList>
</BasicStmnt>
<BasicStmnt CovItemId="S85" CovItemPrefix="my.PSM.unitTestPSM.appControllerTest.java" Intrnl_Id="2995">
<LocList>
<Loc EndOffset="6961" SrcFileId="21" StartOffset="6779"/>
</LocList>
</BasicStmnt>
<BasicStmnt CovItemId="S86" CovItemPrefix="my.PSM.unitTestPSM.appControllerTest.java" Intrnl_Id="2996">
<LocList>
<Loc EndOffset="7051" SrcFileId="21" StartOffset="7006"/>
</LocList>
</BasicStmnt>
</StmntSeq>
</HierarchyLvl>
<HierarchyLvl HierarchyLvlId="1489" HierarchyLvlTypeId="26" Intrnl_Id="2997" Name="testGetData">
<Header>
<Loc EndOffset="7097" SrcFileId="21" StartOffset="7064"/>
</Header>
<LocList>
<Loc EndOffset="8289" SrcFileId="21" StartOffset="7064"/>
</LocList>
<StmntSeq Intrnl_Id="2998">
<LocList>
<Loc EndOffset="7339" SrcFileId="21" StartOffset="7161"/>
<Loc EndOffset="7365" SrcFileId="21" StartOffset="7347"/>
<Loc EndOffset="7516" SrcFileId="21" StartOffset="7457"/>
<Loc EndOffset="7559" SrcFileId="21" StartOffset="7520"/>
<Loc EndOffset="7611" SrcFileId="21" StartOffset="7563"/>
<Loc EndOffset="7667" SrcFileId="21" StartOffset="7615"/>
<Loc EndOffset="7721" SrcFileId="21" StartOffset="7671"/>
<Loc EndOffset="7768" SrcFileId="21" StartOffset="7725"/>
<Loc EndOffset="7813" SrcFileId="21" StartOffset="7772"/>
<Loc EndOffset="7863" SrcFileId="21" StartOffset="7817"/>
<Loc EndOffset="7911" SrcFileId="21" StartOffset="7867"/>
<Loc EndOffset="7958" SrcFileId="21" StartOffset="7915"/>
<Loc EndOffset="8003" SrcFileId="21" StartOffset="7962"/>
<Loc EndOffset="8053" SrcFileId="21" StartOffset="8007"/>
<Loc EndOffset="8101" SrcFileId="21" StartOffset="8057"/>
<Loc EndOffset="8148" SrcFileId="21" StartOffset="8105"/>
<Loc EndOffset="8193" SrcFileId="21" StartOffset="8152"/>
<Loc EndOffset="8240" SrcFileId="21" StartOffset="8197"/>
<Loc EndOffset="8285" SrcFileId="21" StartOffset="8244"/>
</LocList>
<BasicStmnt CovItemId="S87" CovItemPrefix="my.PSM.unitTestPSM.appControllerTest.java" Intrnl_Id="2999">
<LocList>
<Loc EndOffset="7339" SrcFileId="21" StartOffset="7161"/>
</LocList>
</BasicStmnt>
<BasicStmnt CovItemId="S88" CovItemPrefix="my.PSM.unitTestPSM.appControllerTest.java" Intrnl_Id="3000">
<LocList>
<Loc EndOffset="7365" SrcFileId="21" StartOffset="7347"/>
</LocList>
</BasicStmnt>
<BasicStmnt CovItemId="S89" CovItemPrefix="my.PSM.unitTestPSM.appControllerTest.java" Intrnl_Id="3001">
<LocList>
<Loc EndOffset="7516" SrcFileId="21" StartOffset="7457"/>
</LocList>
</BasicStmnt>
<BasicStmnt CovItemId="S90" CovItemPrefix="my.PSM.unitTestPSM.appControllerTest.java" Intrnl_Id="3002">
<LocList>
<Loc EndOffset="7559" SrcFileId="21" StartOffset="7520"/>
</LocList>
</BasicStmnt>
<BasicStmnt CovItemId="S91" CovItemPrefix="my.PSM.unitTestPSM.appControllerTest.java" Intrnl_Id="3003">
<LocList>
<Loc EndOffset="7611" SrcFileId="21" StartOffset="7563"/>
</LocList>
</BasicStmnt>
<BasicStmnt CovItemId="S92" CovItemPrefix="my.PSM.unitTestPSM.appControllerTest.java" Intrnl_Id="3004">
<LocList>
<Loc EndOffset="7667" SrcFileId="21" StartOffset="7615"/>
</LocList>
</BasicStmnt>
<BasicStmnt CovItemId="S93" CovItemPrefix="my.PSM.unitTestPSM.appControllerTest.java" Intrnl_Id="3005">
<LocList>
<Loc EndOffset="7721" SrcFileId="21" StartOffset="7671"/>
</LocList>
</BasicStmnt>
<BasicStmnt CovItemId="S94" CovItemPrefix="my.PSM.unitTestPSM.appControllerTest.java" Intrnl_Id="3006">
<LocList>
<Loc EndOffset="7768" SrcFileId="21" StartOffset="7725"/>
</LocList>
</BasicStmnt>
<BasicStmnt CovItemId="S95" CovItemPrefix="my.PSM.unitTestPSM.appControllerTest.java" Intrnl_Id="3007">
<LocList>
<Loc EndOffset="7813" SrcFileId="21" StartOffset="7772"/>
</LocList>
</BasicStmnt>
<BasicStmnt CovItemId="S96" CovItemPrefix="my.PSM.unitTestPSM.appControllerTest.java" Intrnl_Id="3008">
<LocList>
<Loc EndOffset="7863" SrcFileId="21" StartOffset="7817"/>
</LocList>
</BasicStmnt>
<BasicStmnt CovItemId="S97" CovItemPrefix="my.PSM.unitTestPSM.appControllerTest.java" Intrnl_Id="3009">
<LocList>
<Loc EndOffset="7911" SrcFileId="21" StartOffset="7867"/>
</LocList>
</BasicStmnt>
<BasicStmnt CovItemId="S98" CovItemPrefix="my.PSM.unitTestPSM.appControllerTest.java" Intrnl_Id="3010">
<LocList>
<Loc EndOffset="7958" SrcFileId="21" StartOffset="7915"/>
</LocList>
</BasicStmnt>
<BasicStmnt CovItemId="S99" CovItemPrefix="my.PSM.unitTestPSM.appControllerTest.java" Intrnl_Id="3011">
<LocList>
<Loc EndOffset="8003" SrcFileId="21" StartOffset="7962"/>
</LocList>
</BasicStmnt>
<BasicStmnt CovItemId="S100" CovItemPrefix="my.PSM.unitTestPSM.appControllerTest.java" Intrnl_Id="3012">
<LocList>
<Loc EndOffset="8053" SrcFileId="21" StartOffset="8007"/>
</LocList>
</BasicStmnt>
<BasicStmnt CovItemId="S101" CovItemPrefix="my.PSM.unitTestPSM.appControllerTest.java" Intrnl_Id="3013">
<LocList>
<Loc EndOffset="8101" SrcFileId="21" StartOffset="8057"/>
</LocList>
</BasicStmnt>
<BasicStmnt CovItemId="S102" CovItemPrefix="my.PSM.unitTestPSM.appControllerTest.java" Intrnl_Id="3014">
<LocList>
<Loc EndOffset="8148" SrcFileId="21" StartOffset="8105"/>
</LocList>
</BasicStmnt>
<BasicStmnt CovItemId="S103" CovItemPrefix="my.PSM.unitTestPSM.appControllerTest.java" Intrnl_Id="3015">
<LocList>
<Loc EndOffset="8193" SrcFileId="21" StartOffset="8152"/>
</LocList>
</BasicStmnt>
<BasicStmnt CovItemId="S104" CovItemPrefix="my.PSM.unitTestPSM.appControllerTest.java" Intrnl_Id="3016">
<LocList>
<Loc EndOffset="8240" SrcFileId="21" StartOffset="8197"/>
</LocList>
</BasicStmnt>
<BasicStmnt CovItemId="S105" CovItemPrefix="my.PSM.unitTestPSM.appControllerTest.java" Intrnl_Id="3017">
<LocList>
<Loc EndOffset="8285" SrcFileId="21" StartOffset="8244"/>
</LocList>
</BasicStmnt>
</StmntSeq>
</HierarchyLvl>
<HierarchyLvl HierarchyLvlId="1490" HierarchyLvlTypeId="26" Intrnl_Id="3018" Name="testSleep">
<Header>
<Loc EndOffset="8325" SrcFileId="21" StartOffset="8294"/>
</Header>
<LocList>
<Loc EndOffset="8512" SrcFileId="21" StartOffset="8294"/>
</LocList>
<StmntSeq Intrnl_Id="3019">
<LocList>
<Loc EndOffset="8371" SrcFileId="21" StartOffset="8331"/>
<Loc EndOffset="8388" SrcFileId="21" StartOffset="8375"/>
<Loc EndOffset="8430" SrcFileId="21" StartOffset="8392"/>
<Loc EndOffset="8508" SrcFileId="21" StartOffset="8474"/>
</LocList>
<BasicStmnt CovItemId="S106" CovItemPrefix="my.PSM.unitTestPSM.appControllerTest.java" Intrnl_Id="3020">
<LocList>
<Loc EndOffset="8371" SrcFileId="21" StartOffset="8331"/>
</LocList>
</BasicStmnt>
<BasicStmnt CovItemId="S107" CovItemPrefix="my.PSM.unitTestPSM.appControllerTest.java" Intrnl_Id="3021">
<LocList>
<Loc EndOffset="8388" SrcFileId="21" StartOffset="8375"/>
</LocList>
</BasicStmnt>
<BasicStmnt CovItemId="S108" CovItemPrefix="my.PSM.unitTestPSM.appControllerTest.java" Intrnl_Id="3022">
<LocList>
<Loc EndOffset="8430" SrcFileId="21" StartOffset="8392"/>
</LocList>
</BasicStmnt>
<BasicStmnt CovItemId="S109" CovItemPrefix="my.PSM.unitTestPSM.appControllerTest.java" Intrnl_Id="3023">
<LocList>
<Loc EndOffset="8508" SrcFileId="21" StartOffset="8474"/>
</LocList>
</BasicStmnt>
</StmntSeq>
</HierarchyLvl>
<HierarchyLvl HierarchyLvlId="1491" HierarchyLvlTypeId="26" Intrnl_Id="3024" Name="testLogIn">
<Header>
<Loc EndOffset="8548" SrcFileId="21" StartOffset="8517"/>
</Header>
<LocList>
<Loc EndOffset="8784" SrcFileId="21" StartOffset="8517"/>
</LocList>
<StmntSeq Intrnl_Id="3025">
<LocList>
<Loc EndOffset="8645" SrcFileId="21" StartOffset="8625"/>
<Loc EndOffset="8671" SrcFileId="21" StartOffset="8649"/>
<Loc EndOffset="8691" SrcFileId="21" StartOffset="8679"/>
<Loc EndOffset="8780" SrcFileId="21" StartOffset="8743"/>
</LocList>
<BasicStmnt CovItemId="S110" CovItemPrefix="my.PSM.unitTestPSM.appControllerTest.java" Intrnl_Id="3026">
<LocList>
<Loc EndOffset="8645" SrcFileId="21" StartOffset="8625"/>
</LocList>
</BasicStmnt>
<BasicStmnt CovItemId="S111" CovItemPrefix="my.PSM.unitTestPSM.appControllerTest.java" Intrnl_Id="3027">
<LocList>
<Loc EndOffset="8671" SrcFileId="21" StartOffset="8649"/>
</LocList>
</BasicStmnt>
<BasicStmnt CovItemId="S112" CovItemPrefix="my.PSM.unitTestPSM.appControllerTest.java" Intrnl_Id="3028">
<LocList>
<Loc EndOffset="8691" SrcFileId="21" StartOffset="8679"/>
</LocList>
</BasicStmnt>
<BasicStmnt CovItemId="S113" CovItemPrefix="my.PSM.unitTestPSM.appControllerTest.java" Intrnl_Id="3029">
<LocList>
<Loc EndOffset="8780" SrcFileId="21" StartOffset="8743"/>
</LocList>
</BasicStmnt>
</StmntSeq>
</HierarchyLvl>
<HierarchyLvl HierarchyLvlId="1492" HierarchyLvlTypeId="26" Intrnl_Id="3030" Name="testLogIn02">
<Header>
<Loc EndOffset="8822" SrcFileId="21" StartOffset="8789"/>
</Header>
<LocList>
<Loc EndOffset="9064" SrcFileId="21" StartOffset="8789"/>
</LocList>
<StmntSeq Intrnl_Id="3031">
<LocList>
<Loc EndOffset="8920" SrcFileId="21" StartOffset="8899"/>
<Loc EndOffset="8950" SrcFileId="21" StartOffset="8924"/>
<Loc EndOffset="8970" SrcFileId="21" StartOffset="8958"/>
<Loc EndOffset="9060" SrcFileId="21" StartOffset="9022"/>
</LocList>
<BasicStmnt CovItemId="S114" CovItemPrefix="my.PSM.unitTestPSM.appControllerTest.java" Intrnl_Id="3032">
<LocList>
<Loc EndOffset="8920" SrcFileId="21" StartOffset="8899"/>
</LocList>
</BasicStmnt>
<BasicStmnt CovItemId="S115" CovItemPrefix="my.PSM.unitTestPSM.appControllerTest.java" Intrnl_Id="3033">
<LocList>
<Loc EndOffset="8950" SrcFileId="21" StartOffset="8924"/>
</LocList>
</BasicStmnt>
<BasicStmnt CovItemId="S116" CovItemPrefix="my.PSM.unitTestPSM.appControllerTest.java" Intrnl_Id="3034">
<LocList>
<Loc EndOffset="8970" SrcFileId="21" StartOffset="8958"/>
</LocList>
</BasicStmnt>
<BasicStmnt CovItemId="S117" CovItemPrefix="my.PSM.unitTestPSM.appControllerTest.java" Intrnl_Id="3035">
<LocList>
<Loc EndOffset="9060" SrcFileId="21" StartOffset="9022"/>
</LocList>
</BasicStmnt>
</StmntSeq>
</HierarchyLvl>
<HierarchyLvl HierarchyLvlId="1493" HierarchyLvlTypeId="26" Intrnl_Id="3036" Name="testTimerParser">
<Header>
<Loc EndOffset="9106" SrcFileId="21" StartOffset="9069"/>
</Header>
<LocList>
<Loc EndOffset="9251" SrcFileId="21" StartOffset="9069"/>
</LocList>
<StmntSeq Intrnl_Id="3037">
<LocList>
<Loc EndOffset="9137" SrcFileId="21" StartOffset="9112"/>
<Loc EndOffset="9247" SrcFileId="21" StartOffset="9183"/>
</LocList>
<BasicStmnt CovItemId="S118" CovItemPrefix="my.PSM.unitTestPSM.appControllerTest.java" Intrnl_Id="3038">
<LocList>
<Loc EndOffset="9137" SrcFileId="21" StartOffset="9112"/>
</LocList>
</BasicStmnt>
<BasicStmnt CovItemId="S119" CovItemPrefix="my.PSM.unitTestPSM.appControllerTest.java" Intrnl_Id="3039">
<LocList>
<Loc EndOffset="9247" SrcFileId="21" StartOffset="9183"/>
</LocList>
</BasicStmnt>
</StmntSeq>
</HierarchyLvl>
<HierarchyLvl HierarchyLvlId="1494" HierarchyLvlTypeId="26" Intrnl_Id="3040" Name="testDateParser">
<Header>
<Loc EndOffset="9295" SrcFileId="21" StartOffset="9259"/>
</Header>
<LocList>
<Loc EndOffset="9526" SrcFileId="21" StartOffset="9259"/>
</LocList>
<StmntSeq Intrnl_Id="3041">
<LocList>
<Loc EndOffset="9328" SrcFileId="21" StartOffset="9301"/>
<Loc EndOffset="9426" SrcFileId="21" StartOffset="9382"/>
<Loc EndOffset="9474" SrcFileId="21" StartOffset="9430"/>
<Loc EndOffset="9522" SrcFileId="21" StartOffset="9478"/>
</LocList>
<BasicStmnt CovItemId="S120" CovItemPrefix="my.PSM.unitTestPSM.appControllerTest.java" Intrnl_Id="3042">
<LocList>
<Loc EndOffset="9328" SrcFileId="21" StartOffset="9301"/>
</LocList>
</BasicStmnt>
<BasicStmnt CovItemId="S121" CovItemPrefix="my.PSM.unitTestPSM.appControllerTest.java" Intrnl_Id="3043">
<LocList>
<Loc EndOffset="9426" SrcFileId="21" StartOffset="9382"/>
</LocList>
</BasicStmnt>
<BasicStmnt CovItemId="S122" CovItemPrefix="my.PSM.unitTestPSM.appControllerTest.java" Intrnl_Id="3044">
<LocList>
<Loc EndOffset="9474" SrcFileId="21" StartOffset="9430"/>
</LocList>
</BasicStmnt>
<BasicStmnt CovItemId="S123" CovItemPrefix="my.PSM.unitTestPSM.appControllerTest.java" Intrnl_Id="3045">
<LocList>
<Loc EndOffset="9522" SrcFileId="21" StartOffset="9478"/>
</LocList>
</BasicStmnt>
</StmntSeq>
</HierarchyLvl>
<HierarchyLvl HierarchyLvlId="1495" HierarchyLvlTypeId="26" Intrnl_Id="3046" Name="testGetEndTime">
<Header>
<Loc EndOffset="9567" SrcFileId="21" StartOffset="9531"/>
</Header>
<LocList>
<Loc EndOffset="9806" SrcFileId="21" StartOffset="9531"/>
</LocList>
<StmntSeq Intrnl_Id="3047">
<LocList>
<Loc EndOffset="9673" SrcFileId="21" StartOffset="9573"/>
<Loc EndOffset="9802" SrcFileId="21" StartOffset="9728"/>
</LocList>
<BasicStmnt CovItemId="S124" CovItemPrefix="my.PSM.unitTestPSM.appControllerTest.java" Intrnl_Id="3048">
<LocList>
<Loc EndOffset="9673" SrcFileId="21" StartOffset="9573"/>
</LocList>
</BasicStmnt>
<BasicStmnt CovItemId="S125" CovItemPrefix="my.PSM.unitTestPSM.appControllerTest.java" Intrnl_Id="3049">
<LocList>
<Loc EndOffset="9802" SrcFileId="21" StartOffset="9728"/>
</LocList>
</BasicStmnt>
</StmntSeq>
</HierarchyLvl>
<HierarchyLvl HierarchyLvlId="1496" HierarchyLvlTypeId="26" Intrnl_Id="3050" Name="testGet15BeforeEnd">
<Header>
<Loc EndOffset="9851" SrcFileId="21" StartOffset="9811"/>
</Header>
<LocList>
<Loc EndOffset="10094" SrcFileId="21" StartOffset="9811"/>
</LocList>
<StmntSeq Intrnl_Id="3051">
<LocList>
<Loc EndOffset="9957" SrcFileId="21" StartOffset="9857"/>
<Loc EndOffset="10090" SrcFileId="21" StartOffset="10012"/>
</LocList>
<BasicStmnt CovItemId="S126" CovItemPrefix="my.PSM.unitTestPSM.appControllerTest.java" Intrnl_Id="3052">
<LocList>
<Loc EndOffset="9957" SrcFileId="21" StartOffset="9857"/>
</LocList>
</BasicStmnt>
<BasicStmnt CovItemId="S127" CovItemPrefix="my.PSM.unitTestPSM.appControllerTest.java" Intrnl_Id="3053">
<LocList>
<Loc EndOffset="10090" SrcFileId="21" StartOffset="10012"/>
</LocList>
</BasicStmnt>
</StmntSeq>
</HierarchyLvl>
<HierarchyLvl HierarchyLvlId="1497" HierarchyLvlTypeId="26" Intrnl_Id="3054" Name="testGet15BeforeEnd02">
<Header>
<Loc EndOffset="10141" SrcFileId="21" StartOffset="10099"/>
</Header>
<LocList>
<Loc EndOffset="10384" SrcFileId="21" StartOffset="10099"/>
</LocList>
<StmntSeq Intrnl_Id="3055">
<LocList>
<Loc EndOffset="10247" SrcFileId="21" StartOffset="10147"/>
<Loc EndOffset="10380" SrcFileId="21" StartOffset="10302"/>
</LocList>
<BasicStmnt CovItemId="S128" CovItemPrefix="my.PSM.unitTestPSM.appControllerTest.java" Intrnl_Id="3056">
<LocList>
<Loc EndOffset="10247" SrcFileId="21" StartOffset="10147"/>
</LocList>
</BasicStmnt>
<BasicStmnt CovItemId="S129" CovItemPrefix="my.PSM.unitTestPSM.appControllerTest.java" Intrnl_Id="3057">
<LocList>
<Loc EndOffset="10380" SrcFileId="21" StartOffset="10302"/>
</LocList>
</BasicStmnt>
</StmntSeq>
</HierarchyLvl>
<HierarchyLvl HierarchyLvlId="1498" HierarchyLvlTypeId="26" Intrnl_Id="3058" Name="testGet5BeforeEnd">
<Header>
<Loc EndOffset="10426" SrcFileId="21" StartOffset="10387"/>
</Header>
<LocList>
<Loc EndOffset="10724" SrcFileId="21" StartOffset="10387"/>
</LocList>
<StmntSeq Intrnl_Id="3059">
<LocList>
<Loc EndOffset="10472" SrcFileId="21" StartOffset="10432"/>
<Loc EndOffset="10525" SrcFileId="21" StartOffset="10476"/>
<Loc EndOffset="10588" SrcFileId="21" StartOffset="10529"/>
<Loc EndOffset="10720" SrcFileId="21" StartOffset="10643"/>
</LocList>
<BasicStmnt CovItemId="S130" CovItemPrefix="my.PSM.unitTestPSM.appControllerTest.java" Intrnl_Id="3060">
<LocList>
<Loc EndOffset="10472" SrcFileId="21" StartOffset="10432"/>
</LocList>
</BasicStmnt>
<BasicStmnt CovItemId="S131" CovItemPrefix="my.PSM.unitTestPSM.appControllerTest.java" Intrnl_Id="3061">
<LocList>
<Loc EndOffset="10525" SrcFileId="21" StartOffset="10476"/>
</LocList>
</BasicStmnt>
<BasicStmnt CovItemId="S132" CovItemPrefix="my.PSM.unitTestPSM.appControllerTest.java" Intrnl_Id="3062">
<LocList>
<Loc EndOffset="10588" SrcFileId="21" StartOffset="10529"/>
</LocList>
</BasicStmnt>
<BasicStmnt CovItemId="S133" CovItemPrefix="my.PSM.unitTestPSM.appControllerTest.java" Intrnl_Id="3063">
<LocList>
<Loc EndOffset="10720" SrcFileId="21" StartOffset="10643"/>
</LocList>
</BasicStmnt>
</StmntSeq>
</HierarchyLvl>
<HierarchyLvl HierarchyLvlId="1499" HierarchyLvlTypeId="26" Intrnl_Id="3064" Name="testGet5BeforeEnd02">
<Header>
<Loc EndOffset="10770" SrcFileId="21" StartOffset="10729"/>
</Header>
<LocList>
<Loc EndOffset="11026" SrcFileId="21" StartOffset="10729"/>
</LocList>
<StmntSeq Intrnl_Id="3065">
<LocList>
<Loc EndOffset="10816" SrcFileId="21" StartOffset="10776"/>
<Loc EndOffset="10891" SrcFileId="21" StartOffset="10820"/>
<Loc EndOffset="11022" SrcFileId="21" StartOffset="10946"/>
</LocList>
<BasicStmnt CovItemId="S134" CovItemPrefix="my.PSM.unitTestPSM.appControllerTest.java" Intrnl_Id="3066">
<LocList>
<Loc EndOffset="10816" SrcFileId="21" StartOffset="10776"/>
</LocList>
</BasicStmnt>
<BasicStmnt CovItemId="S135" CovItemPrefix="my.PSM.unitTestPSM.appControllerTest.java" Intrnl_Id="3067">
<LocList>
<Loc EndOffset="10891" SrcFileId="21" StartOffset="10820"/>
</LocList>
</BasicStmnt>
<BasicStmnt CovItemId="S136" CovItemPrefix="my.PSM.unitTestPSM.appControllerTest.java" Intrnl_Id="3068">
<LocList>
<Loc EndOffset="11022" SrcFileId="21" StartOffset="10946"/>
</LocList>
</BasicStmnt>
</StmntSeq>
</HierarchyLvl>
</HierarchyLvl>
</HierarchyLvl>
</HierarchyLvl>
</HierarchyLvl>
</HierarchyLvl>
</MASTRoot>
</TestSessionContainer>
