<?xml version="1.0" encoding="UTF-8"?><TestSessionContainer xmlns="http://www.codecover.org/xml/testsession-container" Date="1467141390129" TestSessionContainerId="bac8476c-76e5-49da-9bfd-2671633eab85" version="1.0">
<SrcFileList>
<SrcFile Content="/*&#10; * Authenticate.java&#10; *&#10; * Created on April 8, 2008, 3:25 PM&#10; *&#10; * To change this template, choose Tools | Template Manager&#10; * and open the template in the editor.&#10; */&#10;&#10;package my.PSM.PSM_Logic;&#10;&#10;import my.PSM.PSM_Storage.DataStoreFacade;&#10;&#10;/**&#10; *&#10; * @author lrizo002&#10; */&#10;public class Authenticate {&#10;    &#10;    protected String username;&#10;    protected String password;&#10;    DataStoreFacade db;&#10;    /** Creates a new instance of Authenticate */&#10;    public Authenticate(){&#10;    &#9;db = new DataStoreFacade();&#10;    }&#10;    public Authenticate(String user, String pw) {&#10;        username = user;&#10;        password = pw;&#10;        db = new DataStoreFacade();&#10;        &#10;    }&#10;    public void setCredentials(String user, String pass){&#10;    &#9;username = user;&#10;    &#9;password = pass;&#10;    }&#10;    public boolean validate_Login()&#10;    {&#10;        int state; &#10;        state = db.connect(username,password);          // connect to default database&#10;        if(state == 0)&#10;            return true;&#10;        else&#10;            return false;   &#10;    }&#10;    &#10;    public boolean logout()&#10;    {&#10;        int state;&#10;        state = db.disconnect();&#10;        if(state == 0)&#10;            return true;&#10;        else&#10;            return false;&#10;    }&#10;    &#10;}&#10;" Filename="Authenticate.java" Intrnl_Id="1"/>
<SrcFile Content="/*&#13;&#10; * FutureTimer.java&#13;&#10; *&#13;&#10; * Created on April 17, 2008, 3:33 PM&#13;&#10; *&#13;&#10; * To change this template, choose Tools | Template Manager&#13;&#10; * and open the template in the editor.&#13;&#10; */&#13;&#10;&#13;&#10;package my.PSM.PSM_Logic;&#13;&#10;import java.util.Calendar;&#13;&#10;import java.util.GregorianCalendar;&#13;&#10;import java.util.Timer;&#13;&#10;import java.util.TimerTask;&#13;&#10;import java.util.Date;&#13;&#10;&#13;&#10;/**&#13;&#10; *&#13;&#10; * @author lrizo002&#13;&#10; */&#13;&#10;public class FutureTimer extends Timer {&#13;&#10;    &#13;&#10;    public void schedule(TimerTask task, Date myDate)&#13;&#10;    {&#13;&#10;       &#13;&#10;        Calendar cal = new GregorianCalendar();&#13;&#10;        cal.setTimeInMillis(System.currentTimeMillis());&#13;&#10;        Date currentDate = cal.getTime();&#13;&#10;        if (myDate.compareTo(currentDate) &lt; 0)&#13;&#10;            return;&#13;&#10;        &#13;&#10;        super.schedule(task, myDate); &#13;&#10;    }&#13;&#10;}&#13;&#10;" Filename="FutureTimer.java" Intrnl_Id="2"/>
<SrcFile Content="package my.PSM.PSM_Logic;&#10;&#10;import my.PSM.PSM_Interface.InterfaceFacade;&#10;&#10;//&#10;//&#10;//  Generated by StarUML(tm) Java Add-In&#10;//&#10;//  @ Project : PSM - Professor Schedule Manager&#10;//  @ File Name : &#10;//  @ Date : 03/16/2008&#10;//  @ Author : &#10;//&#10;//&#10;&#10;public class InterfaceController {&#10;    public InterfaceFacade facade;&#10;    &#10;    public InterfaceController()&#10;    {&#10;        &#10;    }&#10;    public void setFacade(InterfaceFacade temp){&#10;    &#9;facade = temp;&#10;    }&#10;    public void passwordLock()&#10;    {&#10;        facade.lockedOut();&#10;    }&#10;    public void Initiate_Logout() &#10;    {&#10;        //System.out.print(&quot;lame&quot;);&#10;        &#10;         //logout.launchLogout();&#10;         facade.logoutConfirmation();&#10;     &#10;    }&#10;&#10;    public void Initiate_IncorrectLogin()&#10;    {&#10;        &#10;        facade.incorrectLogin();&#10;        //il.launchForm();&#10;        &#10;    }&#10;    &#10;    public void Initiate_Schedule_Form() &#10;    {&#10;       &#10;       facade.launchInitial();&#10;    }&#10;&#10;    public void Pre_Filled_Form(int courseID, String courseSubj, String courseName, String semester,&#10;            String startDate, String endDate, String startMon, String endMon,&#10;            String startTue, String endTue, String startWed, String endWed, String startThu, String endThu, &#10;            String startFri, String endFri, String startSat, String endSat) &#10;    {&#10;&#10;    &#10;        &#10;         facade.launchEdit(courseID, courseSubj, courseName, semester,&#10;            startDate, endDate, startMon, endMon, startTue, endTue, &#10;            startWed, endWed, startThu, endThu, startFri, endFri, startSat, endSat);&#10;    }&#10;    &#10;    public void Course_Select_Form(){&#10;        facade.launchCourse();&#10;    }&#10;    public void Initiate_Login_Form() {&#10;&#10;        facade.launchLoginForm();&#10;&#10;    }&#10;&#10;    public void Initiate_Message() {&#10;&#10;    }&#10;&#10;    public void Initiate_MainMenu() {&#10;        facade.launchMenu();&#10;&#10;    }&#10;}&#10;" Filename="InterfaceController.java" Intrnl_Id="3"/>
<SrcFile Content="/*&#10; * To change this template, choose Tools | Templates&#10; * and open the template in the editor.&#10; */&#10;package my.PSM.PSM_Logic;&#10;&#10;import my.PSM.PSM_Storage.DataStoreFacade;&#10;&#10;/**&#10; *&#10; * @author clarkep&#10; */&#10;public class LogicFacade {&#10;    private appController app;&#10;    private Authenticate aut;&#10;    private FutureTimer futureTime;&#10;    private InterfaceController ic;&#10;    &#10;    public LogicFacade(DataStoreFacade dataFacade){&#10;    &#9;app = new appController();&#10;    &#9;app.setDataStoreFacade(dataFacade);&#10;    &#9;futureTime = new FutureTimer();&#10;    &#9;ic = new InterfaceController();&#10;    }&#10;    &#10;    public static String fetchCourses(){&#10;    &#9;return appController.fetchCourses();&#10;    }&#10;}&#10;" Filename="LogicFacade.java" Intrnl_Id="4"/>
<SrcFile Content="package my.PSM.PSM_Logic;&#13;&#10;&#13;&#10;import my.PSM.PSM_Interface.InterfaceFacade;&#13;&#10;&#13;&#10;public class PSM_app {&#13;&#10;&#13;&#10;&#9;public static void main(String[] args) {&#13;&#10;//      Calendar now = new GregorianCalendar();&#13;&#10;//      now.set(2008, 3, 15, 13, 29);&#13;&#10;//      date = now.getTime();&#13;&#10;//     &#13;&#10;&#9;   &#9;appController app = new appController();&#13;&#10;&#9;   &#9;InterfaceFacade fac = new InterfaceFacade();&#13;&#10;    &#9;fac.initiate(new LogicFacade(app.dataFacade));&#13;&#10;    &#9;app.getIC().setFacade(fac);&#13;&#10;&#9;   &#9;app.myMain();&#13;&#10;&#9;}&#13;&#10;&#13;&#10;}&#13;&#10;" Filename="PSM_app.java" Intrnl_Id="5"/>
<SrcFile Content="/*&#10; * ApplicationLogic.java&#10; *&#10; * Created on April 12, 2008, 11:03 AM&#10; *&#10; * To change this template, choose Tools | Template Manager&#10; * and open the template in the editor.&#10; */&#10;&#10;package my.PSM.PSM_Logic;&#10;&#10;import java.util.Timer;&#10;import java.util.TimerTask;&#10;import java.util.Date;&#10;import java.util.Calendar;&#10;import java.util.GregorianCalendar;&#10;import java.util.ArrayList;&#10;import java.lang.Thread;&#10;import java.util.logging.Level;&#10;import java.util.logging.Logger;&#10;&#10;import my.PSM.PSM_Storage.DBConnection;&#10;import my.PSM.PSM_Storage.DataStoreFacade;&#10;import my.PSM.PSM_Interface.*;&#10;&#10;/**&#10; *&#10; * @author lrizo002&#10; */&#10;public class appController {&#10;    &#10;    private static final long TENMIN = 600000;&#10;    &#10;    private static int hr;&#10;    private static int min;&#10;    private static Calendar autoClear = new GregorianCalendar();&#10;    private static Calendar setRun = new GregorianCalendar();&#10;    private static Calendar calendar = new GregorianCalendar();&#10;    private static Timer timer = new FutureTimer();&#10;    private static Date date = new Date();&#10;    private static Date date2 = new Date();&#10;    &#10;    public static String defSub = &quot;&quot;;&#10;    public static String defSemester = &quot;&quot;;&#10;    public static String defCourseName = &quot;&quot;;&#10;    public static String defCourseStart = &quot;&quot;;&#10;    public static String defCourseEnd = &quot;&quot;;&#10;    public static String defMonStart = &quot;&quot;;&#10;    public static String defMonEnd = &quot;&quot;;&#10;    public static String defTueStart = &quot;&quot;;&#10;    public static String defTueEnd = &quot;&quot;;&#10;    public static String defWedStart = &quot;&quot;;&#10;    public static String defWedEnd = &quot;&quot;;&#10;    public static String defThuStart = &quot;&quot;;&#10;    public static String defThuEnd = &quot;&quot;;&#10;    public static String defFriStart = &quot;&quot;;&#10;    public static String defFriEnd = &quot;&quot;;&#10;    public static String defSatStart = &quot;&quot;;&#10;    public static String defSatEnd = &quot;&quot;;&#10;    &#10;    private static String username;&#10;    private static String password;&#10;    private static boolean loggedin;&#10;    private static boolean dataReceived = false;&#10;    private static boolean edSchedSel = false;&#10;    public static boolean isEdSchedSel() {&#10;&#9;&#9;return edSchedSel;&#10;&#9;}&#10;&#10;&#9;public static boolean isSchedSetupSel() {&#10;&#9;&#9;return schedSetupSel;&#10;&#9;}&#10;&#10;&#9;public static boolean isLogoutSel() {&#10;&#9;&#9;return logoutSel;&#10;&#9;}&#10;&#10;&#10;&#9;private static boolean schedSetupSel = false;&#10;    private static boolean logoutSel = false;&#10;    &#10;    private static int clearDate, clearMonth, clearYear;&#10; &#10;&#10;&#9;private static int counter = 0;&#10;    &#10;    public static DataStoreFacade dataFacade = new DataStoreFacade();&#10;    private static InterfaceController ic = new InterfaceController();&#10;    private static Authenticate auth = new Authenticate();&#10;    private static int courseSel;&#10;    private static long classEnded = 0;&#10;       &#10;    &#10;    /** Creates a new instance of ApplicationLogic */&#10;    public appController() {&#10;        hr = min = 0;&#10;    }&#10;    &#10;    /* Set to the stubs when testing*/&#10;    public static void setDataStoreFacade(DataStoreFacade temp){&#10;    &#9;dataFacade = temp;&#10;    }&#10;    public static void setInterfaceController(InterfaceController temp){&#10;    &#9;ic = temp;&#10;    }&#10;    public static void setAuthenticate(Authenticate temp){&#10;    &#9;auth = temp;&#10;    }&#10;    public void appMainMenu(){    &#10;        long newCurrentTime;&#10;        while(!dataReceived)&#10;        {&#10;            dataReceived = ic.facade.menuDataRec();&#10;            edSchedSel = ic.facade.editSchedSelected();&#10;            schedSetupSel = ic.facade.InitSetupSelected();&#10;            logoutSel = ic.facade.logoutSelected();&#10;            //System.out.println(&quot;Class end time: &quot; +classEnded);&#10;            //System.out.println(&quot;Current time: &quot; +System.currentTimeMillis());&#10;                    &#10;                    &#10;            if(classEnded != 0 &amp;&amp; System.currentTimeMillis() - classEnded &gt;= TENMIN)&#10;            {&#10;              //System.out.println(&quot;EXIT&quot;);&#10;            &#9;return;&#9;              &#10;        &#9;}&#10;            &#10;            sleep(500);&#10;        }&#10;        newCurrentTime = 0;&#10;        ic.facade.setMenuDataRec(false);&#10;        dataReceived = false;&#10;        &#10;       // db.disconnect();&#10;&#9;}&#10;    public void myMain(){&#10;    &#9;appLogin();&#10;    &#9;if(loggedin){&#10;    &#9;&#9;ic.Initiate_MainMenu();&#10;    &#9;&#9;if(checkClear())&#10;&#9;        {&#10;&#9;            dataFacade.clearDatabase();&#10;&#9;        }&#10;    &#9;&#9;checkTimes();&#10;&#9;    &#9;while(!logoutSel){&#10;&#9;    &#9;&#9;appMainMenu();&#10;&#9;&#9;    &#9;if(logoutSel)&#10;&#9;&#9;        {&#10;&#9;&#9;            // Logout &#10;&#9;&#9;            auth.logout();&#10;&#9;&#9;            ic.Initiate_Logout();&#10;&#9;&#9;&#10;&#9;&#9;        }&#10;&#9;&#9;        else if(edSchedSel)&#10;&#9;&#9;        {&#10;&#9;&#9;            appEditSched();&#10;&#9;&#9;        }&#10;&#9;&#9;        else if(schedSetupSel)&#10;&#9;&#9;        {&#10;&#9;&#9;            setupSched();&#10;&#9;&#9;        }&#10;&#9;    &#9;}&#10;    &#9;}&#10;    }&#10;    public void setUser(String user){&#10;    &#9;username = user;&#10;    }&#10;    public void setPassword(String pw){&#10;    &#9;password = pw;&#10;    }&#10;    public String getUser(){&#10;    &#9;return username;&#10;    }&#10;    public String getPass(){&#10;    &#9;return password;&#10;    }&#10;    public boolean getLoggedIn(){&#10;    &#9;return loggedin;&#10;    }&#10;    public static String fetchCourses(){&#10;    &#9;return dataFacade.fetchCourses();&#10;    }&#10;    public InterfaceController getIC(){&#10;    &#9;return ic;&#10;    }&#10;    public Calendar getSetRun(){&#10;    &#9;return setRun;&#10;    }&#10;    public static int getClearDate() {&#10; &#9;&#9;return clearDate;&#10; &#9;}&#10;&#10; &#9;public static int getClearMonth() {&#10; &#9;&#9;return clearMonth;&#10; &#9;}&#10;&#10; &#9;public static int getClearYear() {&#10; &#9;&#9;return clearYear;&#10; &#9;}&#10;&#10; &#9;public int getCounter(){&#10; &#9;&#9;return counter;&#10; &#9;}&#10;    public static void setupSched(){&#10;    &#9;ic.facade.launchInitial();&#10;        //Initial Schedule Setup&#10;        while(!ic.facade.schedDataRec())&#10;        {&#10;            dataReceived = ic.facade.schedDataRec();&#10;            sleep(300);&#10;        }&#10;        dataReceived = false;&#10;        ic.facade.setSchedDataRec(false);&#10;        &#10;        dataFacade.storeClassInfo(ic.facade.getNewCourseID(), ic.facade.getNewSub(), ic.facade.getNewCourseName(),ic.facade.getNewSemester());&#10;        dataFacade.storeClassSched(ic.facade.getNewCourseID(), ic.facade.getNewCourseStart(), ic.facade.getNewCourseEnd(), &#10;                ic.facade.getNewMonStart(), ic.facade.getNewMonEnd(), ic.facade.getNewTueStart(), ic.facade.getNewTueEnd(), &#10;                ic.facade.getNewWedStart(), ic.facade.getNewWedEnd(), ic.facade.getNewThuStart(), ic.facade.getNewThuEnd(), &#10;                ic.facade.getNewFriStart(), ic.facade.getNewFriEnd(), ic.facade.getNewSatStart(), ic.facade.getNewSatEnd());&#10;&#10;    }&#10;    public static void appEditSched(){&#10;    &#9; //Edit Schedule&#10;        ic.Course_Select_Form();&#10;&#10;        while(!dataReceived)&#10;        {&#10;            dataReceived = ic.facade.courseSelected();&#10;            sleep(300);&#10;         //   System.out.println(&quot;test&quot;);&#10;        }&#10;&#10;        ic.facade.setCourseSelected(false);&#10;        dataReceived = false;&#10;&#10;        courseSel = ic.facade.getSelection();&#10;        getData(courseSel);&#10;        &#10;        ic.Pre_Filled_Form(courseSel,defSub,defCourseName,defSemester,defCourseStart,&#10;                defCourseEnd,defMonStart,defMonEnd,defTueStart,defTueEnd,defWedStart,&#10;                defWedEnd,defThuStart,defThuEnd,defFriStart,defFriEnd,defSatStart,defSatEnd);&#10;        &#10;        while(!dataReceived)&#10;        {&#10;            dataReceived = ic.facade.psDataRec(); &#10;            sleep(300);&#10;        }&#10;        &#10;        dataReceived = false;&#10;        ic.facade.setPsDataRec(false);&#10;&#10;        //System.out.println(&quot;Save has been pressed&quot; +ic.edSched.newMonStart);&#10;&#10;        dataFacade.storeClassSched(ic.facade.getDefCourseID(), ic.facade.getpNewCourseStart(), ic.facade.getpNewCourseEnd(), &#10;                ic.facade.getpNewMonStart(), ic.facade.getpNewMonEnd(), ic.facade.getpNewTueStart(), ic.facade.getpNewTueEnd(), &#10;                ic.facade.getpNewWedStart(), ic.facade.getpNewWedEnd(), ic.facade.getpNewThuStart(), ic.facade.getpNewThuEnd(), &#10;                ic.facade.getpNewFriStart(), ic.facade.getpNewFriEnd(), ic.facade.getpNewSatStart(), ic.facade.getpNewSatEnd());&#10;&#10;&#10;    }&#10;    &#10;    public static void appLogin(){&#10;    &#9;while(!loggedin)&#10;        {           &#10;            ic.Initiate_Login_Form();            &#10;            &#10;             do&#10;             {&#10;                 dataReceived = ic.facade.dataReceived();&#10;                 sleep(300);&#10;                 &#10;             }while(!dataReceived);&#10;             ic.facade.setLogDataRec(false);&#10;             dataReceived = false;&#10;             username = ic.facade.getUsername();&#10;             password = ic.facade.getPassword();&#10;&#10;             &#10;             auth.setCredentials(username,password);&#10;             if(auth.validate_Login()){&#10;                 loggedin = true;&#10;                 auth.logout();&#10;                 dataFacade.connect(username,password);&#10;             }&#10;             &#10;               &#10;             if(!loggedin){&#10;                 ic.Initiate_IncorrectLogin();&#10;                 counter++;&#10;                 while(!dataReceived)&#10;                 {&#10;                     dataReceived = ic.facade.getAck();&#10;                     System.out.println(&quot;in&quot;);&#10;                 }&#10;                 dataReceived = false;&#10;                 ic.facade.setAck(false);&#10;                 &#10;             }&#10;             if(counter &gt;= 3){&#10;                &#10;                 ic.passwordLock();&#10;                 while(!dataReceived)&#10;                 {&#10;                     dataReceived = ic.facade.getAck();&#10;                     &#10;                 }&#10;                 return;&#10;             }&#10;        }&#10;    }&#10;    public static boolean checkClear()&#10;    {&#10;        ArrayList&lt;String&gt; endDates = dataFacade.getEndDates();&#10;        Calendar endCal = new GregorianCalendar();&#10;        Calendar now = Calendar.getInstance();&#10;        &#10;        for(int i = 0; i &lt; endDates.size(); i++)&#10;        {&#10;            dateParser(endDates.get(i));&#10;            &#10;            //System.out.println(&quot;Day : &quot; +clearDate);&#10;            //System.out.println(&quot;Month : &quot; +clearMonth);&#10;            //System.out.println(&quot;Year : &quot; +clearYear);&#10;&#10;            endCal.set(clearYear + 2000, clearMonth-1, clearDate);&#10;            if(now.compareTo(endCal) &lt;= 0)&#10;               return false;&#10;                &#10;        }&#10;        return true;&#10;                &#10;    }&#10;            &#10;    public static void checkTimes()&#10;    {&#10;        ArrayList&lt;Integer&gt; courseList = dataFacade.getCourses();&#10;        &#10;        Calendar tempC = new GregorianCalendar();&#10;        int currentDay = tempC.get(tempC.DAY_OF_WEEK);&#10;        tempC.setTimeInMillis(System.currentTimeMillis());&#10;        //System.out.println(&quot;Curr Day: &quot; +currentDay);&#10;        Date fifteenMin;&#10;        Date fiveMin;&#10;        Date endClass;&#10;        &#10;        for(int i = 0; i &lt; courseList.size(); i++)&#10;        {&#10;            boolean isNull = true;&#10;            getData(courseList.get(i).intValue());&#10;            Timer newTimer = new FutureTimer();&#10;            &#10;            if(currentDay == 2 &amp;&amp; defMonEnd.compareTo(&quot;&quot;) != 0)&#10;            {&#10;                timerParser(defMonEnd);&#10;                isNull = false;&#10;            }&#10;            else if(currentDay == 3 &amp;&amp; defTueEnd.compareTo(&quot;&quot;) != 0)&#10;            {&#10;                timerParser(defTueEnd);&#10;                isNull = false;&#10;            }&#10;            else if(currentDay == 4 &amp;&amp; defWedEnd.compareTo(&quot;&quot;) != 0)&#10;            {&#10;                timerParser(defWedEnd);&#10;                isNull = false;&#10;            }&#10;            else if(currentDay == 5 &amp;&amp; defThuEnd.compareTo(&quot;&quot;) != 0)&#10;            {&#10;                timerParser(defThuEnd);&#10;                isNull = false;&#10;            }&#10;            else if(currentDay == 6 &amp;&amp; defFriEnd.compareTo(&quot;&quot;) != 0)&#10;            {&#10;                timerParser(defFriEnd);&#10;                isNull = false;&#10;            }&#10;            &#10;            else if(currentDay == 7 &amp;&amp; defSatEnd.compareTo(&quot;&quot;) != 0)&#10;            {&#10;                &#10;                timerParser(defSatEnd);&#10;                isNull = false;&#10;            }&#10;            &#10;            &#10;            if(!isNull){&#10;                fiveMin = get5BeforeEnd(hr, min);&#10;                newTimer.schedule(popup5min, fiveMin);&#10;                fifteenMin = get15BeforeEnd(hr, min);              &#10;                newTimer.schedule(popup15min, fifteenMin);&#10;                endClass = getEndTime(hr, min);&#10;                newTimer.schedule(endofclass, endClass);&#10;            }&#10;        }   &#10;       &#10;    }&#10;    &#10;    public static void getData(int course)&#10;    {&#10;        defSub = dataFacade.fetchCourseSubj(course);&#10;        defSemester = dataFacade.fetchCourseSemester(course);&#10;        defCourseName = dataFacade.fetchCourseName(course);&#10;        defCourseStart = dataFacade.fetchCourseStart(course);&#10;        defCourseEnd = dataFacade.fetchCourseEnd(course);&#10;        defMonStart = dataFacade.fetchStartMon(course);&#10;        defMonEnd = dataFacade.fetchEndMon(course);&#10;        defTueStart = dataFacade.fetchStartTue(course);&#10;        defTueEnd = dataFacade.fetchEndTue(course);&#10;        defWedStart = dataFacade.fetchStartWed(course);&#10;        defWedEnd = dataFacade.fetchEndWed(course);&#10;        defThuStart = dataFacade.fetchStartThu(course);&#10;        defThuEnd = dataFacade.fetchEndThu(course);&#10;        defFriStart = dataFacade.fetchStartFri(course);&#10;        defFriEnd = dataFacade.fetchEndFri(course);&#10;        defSatStart = dataFacade.fetchStartSat(course);&#10;        defSatEnd = dataFacade.fetchEndSat(course);           &#10;    }&#10;    &#10;    &#10;    public static void sleep(int milli)&#10;    {&#10;          try { &#10;           Thread.sleep(milli);&#10;        } catch (InterruptedException ex) {&#10;           Logger.getLogger(appController.class.getName()).log(Level.SEVERE, null, ex);&#10;        }&#10;    }&#10;&#9;&#10;    public static void LogIn()&#10;    {      &#10;        if(dataFacade.connect(username,password) == 0)&#10;            loggedin = true;&#10;        else&#10;            loggedin = false;        &#10;    }&#10;    &#10;    public static DataStoreFacade getCon()&#10;    {&#10;        return dataFacade;&#10;    }&#10;    &#10;    &#10;    private static TimerTask dbClear = new TimerTask()&#10;    {&#10;        public void run()&#10;        {&#10;           dataFacade.clearDatabase();&#10;        }&#10;    };&#10;    &#10;    private static TimerTask popup15min = new TimerTask()&#10;    {&#10;        public void run()&#10;        {&#10;            ic.facade.FifteenMinWarning();&#10;        }&#10;    };&#10;&#9;&#10;    private static TimerTask popup5min = new TimerTask()&#10;    {&#10;        public void run()&#10;        {&#10;            ic.facade.FiveMinWarning();&#10;        }&#10;    };&#10;    &#10;    &#10;    private static TimerTask endofclass = new TimerTask()&#10;    {&#10;        public void run()&#10;        {&#10;            ic.facade.endClassWarning();&#10;            classEnded = System.currentTimeMillis();&#10;        }&#10;    };&#10;    &#10;    &#10;    private static TimerTask systemExit = new TimerTask()&#10;    {&#10;        public void run()&#10;        {&#10;            System.exit(0);&#10;        }&#10;    };&#10;    &#10;       &#10;    public void setTime(int year, int month, int date, int hours, int mins)&#10;    {&#10;        setRun.set(year, month, date, hours, mins);&#10;    }&#10;    &#10;    public Date getTime()&#10;    {&#10;        return setRun.getTime();&#10;    }&#10;    &#10;    public static long getTimeMillis()&#10;    {&#10;        return setRun.getTimeInMillis();&#10;    }&#10;    &#10;    public static void timerParser(String timer)&#10;    {&#10;        hr = Integer.parseInt(timer.substring(0,2));&#10;        min = Integer.parseInt(timer.substring(3,5));&#10;    }&#10;    public static void dateParser(String timer)&#10;    {&#10;        &#10;        clearMonth = Integer.parseInt(timer.substring(0,2));&#10;        clearDate = Integer.parseInt(timer.substring(3,5));&#10;        clearYear = Integer.parseInt(timer.substring(6,8));&#10;    }&#10;    &#10;    public int returnHr()&#10;    {&#10;        return hr;&#10;    }&#10;    &#10;    public int returnMin()&#10;    {&#10;        return min;&#10;    }&#10;    &#10;    public static Date getEndTime(int hrs, int mins)&#10;    {&#10;        int years, months, dates, dayOfWeek;&#10;        &#10;        Calendar tempC = new GregorianCalendar();&#10;        &#10;        tempC.setTimeInMillis(System.currentTimeMillis());&#10;        &#10;        years = tempC.get(tempC.YEAR);&#10;        months = tempC.get(tempC.MONTH);&#10;        dates = tempC.get(tempC.DATE);&#10;        dayOfWeek = tempC.get(tempC.DAY_OF_WEEK);&#10;        tempC.set(years, months, dates, hrs, mins - 1, 1);&#10;        // System.out.println(dayWeek);&#10;        return tempC.getTime();&#10;    }&#10;    &#10;    public static void setSemesterClear(int year, int month, int date, int hours, int mins)&#10;    {&#10;        autoClear.set(year, month, date, hours, mins);&#10;        date2 = autoClear.getTime();&#10;    }&#10;    &#10;    public Date getSemesterClear()&#10;    {&#10;        return autoClear.getTime();&#10;    }&#10;    &#10;    public static Date get15BeforeEnd(int hrs, int mins)&#10;    {&#10;        int years, months, dates, dayOfWeek; &#10;        &#10;        Calendar tempC = new GregorianCalendar();&#10;        &#10;        tempC.setTimeInMillis(System.currentTimeMillis());&#10;        &#10;        years = tempC.get(tempC.YEAR);&#10;        months = tempC.get(tempC.MONTH);&#10;        dates =  tempC.get(tempC.DATE);&#10;        dayOfWeek = tempC.get(tempC.DAY_OF_WEEK);&#10;        &#10;        tempC.set(years, months, dates, hrs, mins - 15, 1);&#10;        &#10;        return tempC.getTime();&#10;    }&#10;    &#10;    public static Date get5BeforeEnd(int hrs, int mins)&#10;    {&#10;        int years, months, dates, dayOfWeek;&#10;        &#10;        Calendar tempC = new GregorianCalendar();&#10;        &#10;        tempC.setTimeInMillis(System.currentTimeMillis());&#10;        &#10;        years = tempC.get(tempC.YEAR);&#10;        months = tempC.get(tempC.MONTH);&#10;        dates = tempC.get(tempC.DATE);&#10;        dayOfWeek = tempC.get(tempC.DAY_OF_WEEK);&#10;        tempC.set(years, months, dates, hrs, mins - 5, 1);&#10;        // System.out.println(dayWeek);&#10;        return tempC.getTime();&#10;    }&#10;    &#10;    public void autoExit()&#10;    {&#10;        timer.schedule(systemExit, date);&#10;    }&#10;    &#10;    public void autoClear()&#10;    {&#10;        timer.schedule(dbClear, date2);&#10;    }&#10;}&#10;" Filename="appController.java" Intrnl_Id="6"/>
<SrcFile Content="package my.PSM.unitTestPSM;&#13;&#10;&#13;&#10;import my.PSM.PSM_Logic.Authenticate;&#13;&#10;&#13;&#10;public class AuthenticateStub extends Authenticate {&#13;&#10;&#13;&#10;&#9;private String correctUser;&#13;&#10;&#9;private String correctPw;&#13;&#10;&#9;&#13;&#10;&#9;public AuthenticateStub(String user, String pw) {&#13;&#10;&#9;&#9;super(user, pw);&#13;&#10;&#9;&#9;correctUser = user;&#13;&#10;&#9;&#9;correctPw = pw;&#13;&#10;&#9;}&#13;&#10;&#9;public void setCorrectUser(String correctUser) {&#13;&#10;&#9;&#9;this.correctUser = correctUser;&#13;&#10;&#9;}&#13;&#10;&#13;&#10;&#9;public void setCorrectPw(String correctPw) {&#13;&#10;&#9;&#9;this.correctPw = correctPw;&#13;&#10;&#9;}&#13;&#10;&#13;&#10;&#9;@Override&#13;&#10;&#9;public boolean validate_Login() {&#13;&#10;&#9;&#9;return (correctUser.equals(username)) &amp;&amp; (correctPw.equals(password));&#13;&#10;&#9;}&#13;&#10;&#13;&#10;&#9;@Override&#13;&#10;&#9;public boolean logout() {&#13;&#10;&#9;&#9;return true;&#13;&#10;&#9;}&#13;&#10;&#9;&#13;&#10;&#9;&#13;&#10;}&#13;&#10;" Filename="AuthenticateStub.java" Intrnl_Id="7"/>
<SrcFile Content="package my.PSM.unitTestPSM;&#13;&#10;import static org.junit.Assert.*;&#13;&#10;&#13;&#10;import java.util.ArrayList;&#13;&#10;&#13;&#10;import my.PSM.PSM_Storage.DBConnection;&#13;&#10;&#13;&#10;import org.junit.Before;&#13;&#10;import org.junit.Test;&#13;&#10;&#13;&#10;public class DBConnectionTest {&#13;&#10;&#13;&#10;&#9;DBConnection db = new DBConnection();&#13;&#10;&#9;MySQLManagerStub stub = new MySQLManagerStub(&quot;user&quot;,&quot;pw&quot;);&#13;&#10;&#9;&#13;&#10;&#9;&#13;&#10;&#9;@Before&#13;&#10;&#9;public void runBefore(){&#13;&#10;&#9;&#9;stub.testHelper(4010, &quot;CEN&quot;, &quot;Software Engineering&quot;, &quot;Spring 2008&quot;, &quot;01-02-08&quot;, &quot;04-20-08&quot;, &quot;12:00&quot;, &quot;12:50&quot;, null, null, &quot;12:00&quot;, &quot;12:50&quot;, null, null, &quot;12:00&quot;, &quot;12:50&quot;, null, null);&#13;&#10;&#9;&#9;db.setMyManager(stub);&#13;&#10;&#9;}&#13;&#10;&#9;&#13;&#10;&#9;@Test&#13;&#10;&#9;public void testConnectStringStringString() {&#13;&#10;&#9;&#9;db.connect(&quot;jdbc:mysql://131.94.178.165:3306/mydb&quot;, &quot;user&quot;, &quot;pw&quot;);&#13;&#10;&#9;}&#13;&#10;&#13;&#10;&#9;@Test&#13;&#10;&#9;public void testConnectStringString() {&#13;&#10;&#9;&#9;db.connect(&quot;user&quot;, &quot;pw&quot;);&#13;&#10;&#9;}&#13;&#10;&#13;&#10;&#9;@Test&#13;&#10;&#9;public void testDisconnect() {&#13;&#10;&#9;&#9;db.disconnect();&#13;&#10;&#9;}&#13;&#10;&#13;&#10;&#9;@Test&#13;&#10;&#9;public void testFetchCourseID() {&#13;&#10;&#9;&#9;boolean flag = false;&#13;&#10;&#9;&#9;int course = 4010;&#13;&#10;&#9;&#9;//courses = courses + &quot;&quot;;&#13;&#10;&#9;&#9;if (course == db.fetchCourseID(4010)){&#13;&#10;&#9;&#9;&#9;flag = true;&#13;&#10;&#9;&#9;} else flag = false;&#13;&#10;&#9;&#9;assertEquals(true,flag);&#13;&#10;&#13;&#10;&#9;}&#13;&#10;&#13;&#10;&#9;@Test&#13;&#10;&#9;public void testGetEndDates() {&#13;&#10;&#9;&#9;db.getEndDates().size();&#13;&#10;&#9;&#9;assertEquals(true,true);&#13;&#10;&#9;}&#13;&#10;&#13;&#10;&#9;@Test&#13;&#10;&#9;public void testGetCourses() {&#13;&#10;&#9;&#9;ArrayList&lt;Integer&gt; courses = new ArrayList&lt;Integer&gt;();&#13;&#10;&#9;&#9;boolean flag = false;&#13;&#10;&#9;&#9;courses.add(0, 4010);&#13;&#10;&#9;&#9;int a = courses.size();&#13;&#10;&#9;&#9;int b = db.getEndDates().size();&#13;&#10;&#9;&#9;int max;&#13;&#10;&#9;&#9;if (a &gt;= b) {&#13;&#10;&#9;&#9;&#9;max = a;&#13;&#10;&#9;&#9;} else&#13;&#10;&#9;&#9;&#9;max = b;&#13;&#10;&#9;&#9;for (int i = 0; i &lt; max; i++) {&#13;&#10;&#9;&#9;&#9;if (courses.get(i) == (db.getCourses().get(i))) {&#13;&#10;&#9;&#9;&#9;&#9;// do nothing&#13;&#10;&#9;&#9;&#9;} else&#13;&#10;&#9;&#9;&#9;&#9;flag = false;&#13;&#10;&#9;&#9;}&#13;&#10;&#9;&#9;flag = true;&#13;&#10;&#9;&#9;assertEquals(true,flag);&#13;&#10;&#9;}&#13;&#10;&#13;&#10;&#9;@Test&#13;&#10;&#9;public void testFetchCourses() {&#13;&#10;&#9;&#9;boolean flag = false;&#13;&#10;&#9;&#9;String courses = &quot;4010,&quot;;&#13;&#10;&#9;&#9;//courses = courses + &quot;&quot;;&#13;&#10;&#9;&#9;if (courses.equalsIgnoreCase(db.fetchCourses())){&#13;&#10;&#9;&#9;&#9;flag = true;&#13;&#10;&#9;&#9;} else flag = false;&#13;&#10;&#9;&#9;assertEquals(true,flag);&#13;&#10;&#9;}&#13;&#10;&#13;&#10;&#9;@Test&#13;&#10;&#9;public void testFetchCourseSubj() {&#13;&#10;&#9;&#9;boolean flag = false;&#13;&#10;&#9;&#9;String subj = &quot;CEN&quot;;&#9;//based on ID&#13;&#10;&#9;&#9;if (subj.equalsIgnoreCase(db.fetchCourseSubj(4010))){&#13;&#10;&#9;&#9;&#9;flag = true;&#13;&#10;&#9;&#9;} else flag = false;&#13;&#10;&#9;&#9;assertEquals(true,flag);&#13;&#10;&#9;}&#13;&#10;&#13;&#10;&#9;@Test&#13;&#10;&#9;public void testFetchCourseName() {&#13;&#10;&#9;&#9;boolean flag = false;&#13;&#10;&#9;&#9;String courses = &quot;Software Engineering&quot;; //based on ID&#13;&#10;&#9;&#9;if (courses.equalsIgnoreCase(db.fetchCourseName(4010))){&#13;&#10;&#9;&#9;&#9;flag = true;&#13;&#10;&#9;&#9;} else flag = false;&#13;&#10;&#9;&#9;assertEquals(true,flag);&#13;&#10;&#9;}&#13;&#10;&#13;&#10;&#9;@Test&#13;&#10;&#9;public void testFetchCourseSemester() {&#13;&#10;&#9;&#9;boolean flag = false;&#13;&#10;&#9;&#9;String semester= &quot;Spring 2008&quot;; //based on ID&#13;&#10;&#9;&#9;if (semester.equalsIgnoreCase(db.fetchCourseSemester(4010))){&#13;&#10;&#9;&#9;&#9;flag = true;&#13;&#10;&#9;&#9;} else flag = false;&#13;&#10;&#9;&#9;assertEquals(true,flag);&#13;&#10;&#9;}&#13;&#10;&#13;&#10;&#9;@Test&#13;&#10;&#9;public void testFetchCourseStart() {&#13;&#10;&#9;&#9;boolean flag = false;&#13;&#10;&#9;&#9;String startDate= &quot;01-02-08&quot;; //based on ID&#13;&#10;&#9;&#9;if (startDate.equalsIgnoreCase(db.fetchCourseStart(4010))){&#13;&#10;&#9;&#9;&#9;flag = true;&#13;&#10;&#9;&#9;} else flag = false;&#13;&#10;&#9;&#9;assertEquals(true,flag);&#13;&#10;&#9;}&#13;&#10;&#13;&#10;&#9;@Test&#13;&#10;&#9;public void testFetchCourseEnd() {&#13;&#10;&#9;&#9;boolean flag = false;&#13;&#10;&#9;&#9;String endDate= &quot;04-20-08&quot;; //based on ID&#13;&#10;&#9;&#9;if (endDate.equalsIgnoreCase(db.fetchCourseEnd(4010))){&#13;&#10;&#9;&#9;&#9;flag = true;&#13;&#10;&#9;&#9;} else flag = false;&#13;&#10;&#9;&#9;assertEquals(true,flag);&#13;&#10;&#9;}&#13;&#10;&#13;&#10;&#9;@Test&#13;&#10;&#9;public void testFetchStartMon() {&#13;&#10;&#9;&#9;boolean flag = false;&#13;&#10;&#9;&#9;String startMon= &quot;12:00&quot;; //based on ID&#13;&#10;&#9;&#9;if (startMon.equalsIgnoreCase(db.fetchStartMon(4010))){&#13;&#10;&#9;&#9;&#9;flag = true;&#13;&#10;&#9;&#9;} else flag = false;&#13;&#10;&#9;&#9;assertEquals(true,flag);&#13;&#10;&#9;}&#13;&#10;&#13;&#10;&#9;@Test&#13;&#10;&#9;public void testFetchEndMon() {&#13;&#10;&#9;&#9;boolean flag = false;&#13;&#10;&#9;&#9;String endMon= &quot;12:50&quot;; //based on ID&#13;&#10;&#9;&#9;if (endMon.equalsIgnoreCase(db.fetchEndMon(4010))){&#13;&#10;&#9;&#9;&#9;flag = true;&#13;&#10;&#9;&#9;} else flag = false;&#13;&#10;&#9;&#9;assertEquals(true,flag);&#13;&#10;&#9;}&#13;&#10;&#13;&#10;&#9;@Test&#13;&#10;&#9;public void testFetchStartTue() {&#13;&#10;&#9;&#9;boolean flag = false;&#13;&#10;&#9;&#9;String startTue= null; //based on ID&#13;&#10;&#9;&#9;if (startTue == (db.fetchStartTue(4010))){&#13;&#10;&#9;&#9;&#9;flag = true;&#13;&#10;&#9;&#9;} else flag = false;&#13;&#10;&#9;&#9;assertEquals(true,flag);&#13;&#10;&#9;}&#13;&#10;&#13;&#10;&#9;@Test&#13;&#10;&#9;public void testFetchEndTue() {&#13;&#10;&#9;&#9;boolean flag = false;&#13;&#10;&#9;&#9;String endTue= null; //based on ID&#13;&#10;&#9;&#9;if (endTue == (db.fetchEndTue(4010))){&#13;&#10;&#9;&#9;&#9;flag = true;&#13;&#10;&#9;&#9;} else flag = false;&#13;&#10;&#9;&#9;assertEquals(true,flag);&#13;&#10;&#9;}&#13;&#10;&#13;&#10;&#9;@Test&#13;&#10;&#9;public void testFetchStartWed() {&#13;&#10;&#9;&#9;boolean flag = false;&#13;&#10;&#9;&#9;String startWed= &quot;12:00&quot;; //based on ID&#13;&#10;&#9;&#9;if (startWed.equalsIgnoreCase(db.fetchStartWed(4010))){&#13;&#10;&#9;&#9;&#9;flag = true;&#13;&#10;&#9;&#9;} else flag = false;&#13;&#10;&#9;&#9;assertEquals(true,flag);&#13;&#10;&#9;}&#13;&#10;&#13;&#10;&#9;@Test&#13;&#10;&#9;public void testFetchEndWed() {&#13;&#10;&#9;&#9;boolean flag = false;&#13;&#10;&#9;&#9;String endWed= &quot;12:50&quot;; //based on ID&#13;&#10;&#9;&#9;if (endWed.equalsIgnoreCase(db.fetchEndWed(4010))){&#13;&#10;&#9;&#9;&#9;flag = true;&#13;&#10;&#9;&#9;} else flag = false;&#13;&#10;&#9;&#9;assertEquals(true,flag);&#13;&#10;&#9;}&#13;&#10;&#13;&#10;&#9;@Test&#13;&#10;&#9;public void testFetchStartThu() {&#13;&#10;&#9;&#9;boolean flag = false;&#13;&#10;&#9;&#9;String startThu= null; //based on ID&#13;&#10;&#9;&#9;if (startThu == (db.fetchStartThu(4010))){&#13;&#10;&#9;&#9;&#9;flag = true;&#13;&#10;&#9;&#9;} else flag = false;&#13;&#10;&#9;&#9;assertEquals(true,flag);&#13;&#10;&#9;}&#13;&#10;&#13;&#10;&#9;@Test&#13;&#10;&#9;public void testFetchEndThu() {&#13;&#10;&#9;&#9;boolean flag = false;&#13;&#10;&#9;&#9;String endThu= null; //based on ID&#13;&#10;&#9;&#9;if (endThu == (db.fetchEndThu(4010))){&#13;&#10;&#9;&#9;&#9;flag = true;&#13;&#10;&#9;&#9;} else flag = false;&#13;&#10;&#9;&#9;assertEquals(true,flag);&#13;&#10;&#9;}&#13;&#10;&#13;&#10;&#9;@Test&#13;&#10;&#9;public void testFetchStartFri() {&#13;&#10;&#9;&#9;boolean flag = false;&#13;&#10;&#9;&#9;String startFri= &quot;12:00&quot;; //based on ID&#13;&#10;&#9;&#9;if (startFri.equalsIgnoreCase(db.fetchStartFri(4010))){&#13;&#10;&#9;&#9;&#9;flag = true;&#13;&#10;&#9;&#9;} else flag = false;&#13;&#10;&#9;&#9;assertEquals(true,flag);&#13;&#10;&#9;}&#13;&#10;&#13;&#10;&#9;@Test&#13;&#10;&#9;public void testFetchEndFri() {&#13;&#10;&#9;&#9;boolean flag = false;&#13;&#10;&#9;&#9;String endFri= &quot;12:50&quot;; //based on ID&#13;&#10;&#9;&#9;if (endFri.equalsIgnoreCase(db.fetchEndFri(4010))){&#13;&#10;&#9;&#9;&#9;flag = true;&#13;&#10;&#9;&#9;} else flag = false;&#13;&#10;&#9;&#9;assertEquals(true,flag);&#13;&#10;&#9;}&#13;&#10;&#13;&#10;&#9;@Test&#13;&#10;&#9;public void testFetchStartSat() {&#13;&#10;&#9;&#9;boolean flag = false;&#13;&#10;&#9;&#9;String startSat= null; //based on ID&#13;&#10;&#9;&#9;if (startSat == (db.fetchStartSat(4010))){&#13;&#10;&#9;&#9;&#9;flag = true;&#13;&#10;&#9;&#9;} else flag = false;&#13;&#10;&#9;&#9;assertEquals(true,flag);&#13;&#10;&#9;}&#13;&#10;&#13;&#10;&#9;@Test&#13;&#10;&#9;public void testFetchEndSat() {&#13;&#10;&#9;&#9;boolean flag = false;&#13;&#10;&#9;&#9;String endSat= null; //based on ID&#13;&#10;&#9;&#9;if (endSat == (db.fetchEndSat(4010))){&#13;&#10;&#9;&#9;&#9;flag = true;&#13;&#10;&#9;&#9;} else flag = false;&#13;&#10;&#9;&#9;assertEquals(true,flag);&#13;&#10;&#9;}&#13;&#10;&#13;&#10;&#9;@Test&#13;&#10;&#9;public void testStoreClassInfo() {&#13;&#10;&#9;&#9;db.storeClassInfo(4010, &quot;CEN&quot;, &quot;Software Testing&quot;, &quot;Fall 2016&quot;);&#13;&#10;&#9;&#9;assertEquals(true,stub.courses.contains(4010));&#13;&#10;&#9;&#9;assertEquals(&quot;Software Testing&quot;,stub.defCourseName.get(4010));&#13;&#10;&#9;&#9;assertEquals(&quot;CEN&quot;,stub.defSub.get(4010));&#13;&#10;&#9;&#9;assertEquals(&quot;Fall 2016&quot;,stub.defSemester.get(4010));&#13;&#10;&#9;}&#13;&#10;&#13;&#10;&#9;//@Test&#13;&#10;&#9;//public void testStoreClassSched() {&#13;&#10;&#9;&#9;//fail(&quot;Not yet implemented&quot;);&#13;&#10;&#9;//}&#13;&#10;&#13;&#10;&#9;//@Test&#13;&#10;&#9;//public void testClearDatabase() {&#13;&#10;&#9;&#9;//fail(&quot;Not yet implemented&quot;);&#13;&#10;&#9;//}&#13;&#10;&#13;&#10;&#9;//@Test&#13;&#10;&#9;//public void testCreateClassTable() {&#13;&#10;&#9;&#9;//fail(&quot;Not yet implemented&quot;);&#13;&#10;&#9;//}&#13;&#10;&#13;&#10;}&#13;&#10;" Filename="DBConnectionTest.java" Intrnl_Id="8"/>
<SrcFile Content="package my.PSM.unitTestPSM;&#13;&#10;&#13;&#10;import java.util.ArrayList;&#13;&#10;import java.util.TreeMap;&#13;&#10;&#13;&#10;import my.PSM.PSM_Storage.DataStoreFacade;&#13;&#10;&#13;&#10;public class DataStoreFacadeStub extends DataStoreFacade {&#13;&#10;&#13;&#10;&#9;private String correctUser;&#13;&#10;&#9;private String correctPass;&#13;&#10;&#9;private String resultString = &quot;&quot;;&#13;&#10;&#9;&#13;&#10;&#9;private boolean isConnected;&#13;&#10;&#9;&#13;&#10;&#9;public ArrayList&lt;Integer&gt; courses = new ArrayList&lt;Integer&gt;();&#13;&#10;&#9;public TreeMap&lt;Integer, String&gt; defSub = new TreeMap&lt;Integer, String&gt;();&#13;&#10;    public TreeMap&lt;Integer, String&gt; defSemester = new TreeMap&lt;Integer, String&gt;();&#13;&#10;    public TreeMap&lt;Integer, String&gt; defCourseName = new TreeMap&lt;Integer, String&gt;();&#13;&#10;    public TreeMap&lt;Integer, String&gt; defCourseStart = new TreeMap&lt;Integer, String&gt;();&#13;&#10;    public TreeMap&lt;Integer, String&gt; defCourseEnd = new TreeMap&lt;Integer, String&gt;();&#13;&#10;    public TreeMap&lt;Integer, String&gt; defMonStart = new TreeMap&lt;Integer, String&gt;();&#13;&#10;    public TreeMap&lt;Integer, String&gt; defMonEnd = new TreeMap&lt;Integer, String&gt;();&#13;&#10;    public TreeMap&lt;Integer, String&gt; defTueStart = new TreeMap&lt;Integer, String&gt;();&#13;&#10;    public TreeMap&lt;Integer, String&gt; defTueEnd = new TreeMap&lt;Integer, String&gt;();&#13;&#10;    public TreeMap&lt;Integer, String&gt; defWedStart = new TreeMap&lt;Integer, String&gt;();&#13;&#10;    public TreeMap&lt;Integer, String&gt; defWedEnd = new TreeMap&lt;Integer, String&gt;();&#13;&#10;    public TreeMap&lt;Integer, String&gt; defThuStart = new TreeMap&lt;Integer, String&gt;();&#13;&#10;    public TreeMap&lt;Integer, String&gt; defThuEnd = new TreeMap&lt;Integer, String&gt;();&#13;&#10;    public TreeMap&lt;Integer, String&gt; defFriStart = new TreeMap&lt;Integer, String&gt;();&#13;&#10;    public TreeMap&lt;Integer, String&gt; defFriEnd = new TreeMap&lt;Integer, String&gt;();&#13;&#10;    public TreeMap&lt;Integer, String&gt; defSatStart = new TreeMap&lt;Integer, String&gt;();&#13;&#10;    public TreeMap&lt;Integer, String&gt; defSatEnd = new TreeMap&lt;Integer, String&gt;();&#13;&#10;    &#13;&#10;&#9;public DataStoreFacadeStub(String username, String password) {&#13;&#10;&#9;&#9;super();&#13;&#10;&#9;&#9;correctUser = username;&#13;&#10;&#9;&#9;correctPass = password;&#13;&#10;&#9;&#9;isConnected = false;&#13;&#10;&#9;}&#13;&#10;&#13;&#10;&#9;public void testHelper(int courseID, String courseSubj,&#13;&#10;&#9;&#9;&#9;String courseName, String semester, String startDate, String endDate,&#13;&#10;&#9;&#9;&#9;String startMon, String endMon, String startTue, String endTue,&#13;&#10;&#9;&#9;&#9;String startWed, String endWed, String startThu, String endThu,&#13;&#10;&#9;&#9;&#9;String startFri, String endFri, String startSat, String endSat){&#13;&#10;&#9;&#9;courses.add(courseID);&#13;&#10;&#9;&#9;defSub.put(courseID, courseSubj);&#13;&#10;&#9;&#9;defCourseName.put(courseID, courseName);&#13;&#10;&#9;&#9;defSemester.put(courseID, semester);&#13;&#10;&#9;&#9;defCourseStart.put(courseID, startDate);&#13;&#10;&#9;&#9;defCourseEnd.put(courseID, endDate);&#13;&#10;&#9;&#9;defMonStart.put(courseID, startMon);&#13;&#10;&#9;&#9;defMonEnd.put(courseID, endMon);&#13;&#10;&#9;&#9;defTueStart.put(courseID, startTue);&#13;&#10;&#9;&#9;defTueEnd.put(courseID, endTue);&#13;&#10;&#9;&#9;defWedStart.put(courseID, startWed);&#13;&#10;&#9;&#9;defWedEnd.put(courseID, endWed);&#13;&#10;&#9;&#9;defThuStart.put(courseID, startThu);&#13;&#10;&#9;&#9;defThuEnd.put(courseID, endThu);&#13;&#10;&#9;&#9;defFriStart.put(courseID, startFri);&#13;&#10;&#9;&#9;defFriEnd.put(courseID, endFri);&#13;&#10;&#9;&#9;defSatStart.put(courseID, startSat);&#13;&#10;&#9;&#9;defSatEnd.put(courseID, endSat);&#13;&#10;&#9;}&#13;&#10;&#9;public void setString(String s){&#13;&#10;&#9;&#9;resultString = s;&#13;&#10;&#9;}&#13;&#10;&#9;public String fetchCourses() {&#13;&#10;&#9;&#9;//return dbCon.fetchCourses();&#13;&#10;&#9;&#9;return resultString;&#13;&#10;&#9;}&#13;&#10;&#9;@Override&#13;&#10;&#9;public int connect(String user, String pw) {&#13;&#10;&#9;&#9;if(correctUser.equals(user) &amp;&amp; correctPass.equals(pw)){&#13;&#10;&#9;&#9;&#9;isConnected = true;&#13;&#10;&#9;&#9;&#9;return 0;&#13;&#10;&#9;&#9;}&#13;&#10;&#9;&#9;else{&#13;&#10;&#9;&#9;&#9;isConnected = false;&#13;&#10;&#9;&#9;&#9;return -1;&#13;&#10;&#9;&#9;}&#13;&#10;&#9;}&#13;&#10;&#13;&#10;&#9;@Override&#13;&#10;&#9;public int disconnect() {&#13;&#10;&#9;&#9;isConnected = false;&#13;&#10;&#9;&#9;return 0;&#13;&#10;&#9;}&#13;&#10;&#13;&#10;&#9;@Override&#13;&#10;&#9;public ArrayList&lt;String&gt; getEndDates() {&#13;&#10;&#9;&#9;ArrayList&lt;String&gt; endDates = new ArrayList&lt;String&gt;();&#13;&#10;&#9;&#9;endDates.addAll(defCourseEnd.values());&#13;&#10;&#9;&#9;return endDates;&#13;&#10;&#9;}&#13;&#10;&#13;&#10;&#9;@Override&#13;&#10;&#9;public ArrayList&lt;Integer&gt; getCourses() {&#13;&#10;&#9;&#9;return courses;&#13;&#10;&#9;}&#13;&#10;&#13;&#10;&#9;@Override&#13;&#10;&#9;public String fetchCourseSubj(int courseID) {&#13;&#10;&#9;&#9;return defSub.get(courseID);&#13;&#10;&#9;}&#13;&#10;&#13;&#10;&#9;@Override&#13;&#10;&#9;public String fetchCourseName(int courseID) {&#13;&#10;&#9;&#9;return defCourseName.get(courseID);&#13;&#10;&#9;}&#13;&#10;&#13;&#10;&#9;@Override&#13;&#10;&#9;public String fetchCourseSemester(int courseID) {&#13;&#10;&#9;&#9;return defSemester.get(courseID);&#13;&#10;&#9;}&#13;&#10;&#13;&#10;&#9;@Override&#13;&#10;&#9;public String fetchCourseStart(int courseID) {&#13;&#10;&#9;&#9;return defCourseStart.get(courseID);&#13;&#10;&#9;}&#13;&#10;&#13;&#10;&#9;@Override&#13;&#10;&#9;public String fetchCourseEnd(int courseID) {&#13;&#10;&#9;&#9;return defCourseEnd.get(courseID);&#13;&#10;&#9;}&#13;&#10;&#13;&#10;&#9;@Override&#13;&#10;&#9;public String fetchStartMon(int courseID) {&#13;&#10;&#9;&#9;return defMonStart.get(courseID);&#13;&#10;&#9;}&#13;&#10;&#13;&#10;&#9;@Override&#13;&#10;&#9;public String fetchEndMon(int courseID) {&#13;&#10;&#9;&#9;return defMonEnd.get(courseID);&#13;&#10;&#9;}&#13;&#10;&#13;&#10;&#9;@Override&#13;&#10;&#9;public String fetchStartTue(int courseID) {&#13;&#10;&#9;&#9;return defTueStart.get(courseID);&#13;&#10;&#9;}&#13;&#10;&#13;&#10;&#9;@Override&#13;&#10;&#9;public String fetchEndTue(int courseID) {&#13;&#10;&#9;&#9;return defTueEnd.get(courseID);&#13;&#10;&#9;}&#13;&#10;&#13;&#10;&#9;@Override&#13;&#10;&#9;public String fetchStartWed(int courseID) {&#13;&#10;&#9;&#9;return defWedStart.get(courseID);&#13;&#10;&#9;}&#13;&#10;&#13;&#10;&#9;@Override&#13;&#10;&#9;public String fetchEndWed(int courseID) {&#13;&#10;&#9;&#9;return defWedEnd.get(courseID);&#13;&#10;&#9;}&#13;&#10;&#13;&#10;&#9;@Override&#13;&#10;&#9;public String fetchStartThu(int courseID) {&#13;&#10;&#9;&#9;return defThuStart.get(courseID);&#13;&#10;&#9;}&#13;&#10;&#13;&#10;&#9;@Override&#13;&#10;&#9;public String fetchEndThu(int courseID) {&#13;&#10;&#9;&#9;return defThuEnd.get(courseID);&#13;&#10;&#9;}&#13;&#10;&#13;&#10;&#9;@Override&#13;&#10;&#9;public String fetchStartFri(int courseID) {&#13;&#10;&#9;&#9;return defFriStart.get(courseID);&#13;&#10;&#9;}&#13;&#10;&#13;&#10;&#9;@Override&#13;&#10;&#9;public String fetchEndFri(int courseID) {&#13;&#10;&#9;&#9;return defFriEnd.get(courseID);&#13;&#10;&#9;}&#13;&#10;&#13;&#10;&#9;@Override&#13;&#10;&#9;public String fetchStartSat(int courseID) {&#13;&#10;&#9;&#9;return defSatStart.get(courseID);&#13;&#10;&#9;}&#13;&#10;&#13;&#10;&#9;@Override&#13;&#10;&#9;public String fetchEndSat(int courseID) {&#13;&#10;&#9;&#9;return defSatEnd.get(courseID);&#13;&#10;&#9;}&#13;&#10;&#13;&#10;&#9;@Override&#13;&#10;&#9;public int storeClassInfo(int courseID, String courseSubj,&#13;&#10;&#9;&#9;&#9;String courseName, String semester) {&#13;&#10;&#9;&#9;courses.add(courseID);&#13;&#10;&#9;&#9;defSub.put(courseID, courseSubj);&#13;&#10;&#9;&#9;defCourseName.put(courseID, courseName);&#13;&#10;&#9;&#9;defSemester.put(courseID, semester);&#13;&#10;&#9;&#9;return 0;&#13;&#10;&#9;}&#13;&#10;&#13;&#10;&#9;@Override&#13;&#10;&#9;public int storeClassSched(int courseID, String startDate, String endDate,&#13;&#10;&#9;&#9;&#9;String startMon, String endMon, String startTue, String endTue,&#13;&#10;&#9;&#9;&#9;String startWed, String endWed, String startThu, String endThu,&#13;&#10;&#9;&#9;&#9;String startFri, String endFri, String startSat, String endSat) {&#13;&#10;&#9;&#9;if(courses.contains(courseID)){&#13;&#10;&#9;&#9;&#9;defCourseStart.put(courseID, startDate);&#13;&#10;&#9;&#9;&#9;defCourseEnd.put(courseID, endDate);&#13;&#10;&#9;&#9;&#9;defMonStart.put(courseID, startMon);&#13;&#10;&#9;&#9;&#9;defMonEnd.put(courseID, endMon);&#13;&#10;&#9;&#9;&#9;defTueStart.put(courseID, startTue);&#13;&#10;&#9;&#9;&#9;defTueEnd.put(courseID, endTue);&#13;&#10;&#9;&#9;&#9;defWedStart.put(courseID, startWed);&#13;&#10;&#9;&#9;&#9;defWedEnd.put(courseID, endWed);&#13;&#10;&#9;&#9;&#9;defThuStart.put(courseID, startThu);&#13;&#10;&#9;&#9;&#9;defThuEnd.put(courseID, endThu);&#13;&#10;&#9;&#9;&#9;defFriStart.put(courseID, startFri);&#13;&#10;&#9;&#9;&#9;defFriEnd.put(courseID, endFri);&#13;&#10;&#9;&#9;&#9;defSatStart.put(courseID, startSat);&#13;&#10;&#9;&#9;&#9;defSatEnd.put(courseID, endSat);&#13;&#10;&#9;&#9;&#9;return 0;&#13;&#10;&#9;&#9;}&#13;&#10;&#9;&#9;return -1;&#13;&#10;&#9;}&#13;&#10;&#13;&#10;&#9;@Override&#13;&#10;&#9;public void clearDatabase() {&#13;&#10;&#9;&#9;if(isConnected){&#13;&#10;&#9;&#9;&#9;courses.clear();&#13;&#10;&#9;&#9;&#9;defSub.clear();&#13;&#10;&#9;&#9;&#9;defCourseName.clear();&#13;&#10;&#9;&#9;&#9;defSemester.clear();&#13;&#10;&#9;&#9;&#9;defCourseStart.clear();&#13;&#10;&#9;&#9;&#9;defCourseEnd.clear();&#13;&#10;&#9;&#9;&#9;defMonStart.clear();&#13;&#10;&#9;&#9;&#9;defMonEnd.clear();&#13;&#10;&#9;&#9;&#9;defTueStart.clear();&#13;&#10;&#9;&#9;&#9;defTueEnd.clear();&#13;&#10;&#9;&#9;&#9;defWedStart.clear();&#13;&#10;&#9;&#9;&#9;defWedEnd.clear();&#13;&#10;&#9;&#9;&#9;defThuStart.clear();&#13;&#10;&#9;&#9;&#9;defThuEnd.clear();&#13;&#10;&#9;&#9;&#9;defFriStart.clear();&#13;&#10;&#9;&#9;&#9;defFriEnd.clear();&#13;&#10;&#9;&#9;&#9;defSatStart.clear();&#13;&#10;&#9;&#9;&#9;defSatEnd.clear();&#13;&#10;&#9;&#9;}&#13;&#10;&#9;}&#13;&#10;&#13;&#10;}&#13;&#10;" Filename="DataStoreFacadeStub.java" Intrnl_Id="9"/>
<SrcFile Content="package my.PSM.unitTestPSM;&#13;&#10;&#13;&#10;import my.PSM.PSM_Interface.InterfaceFacade;&#13;&#10;import my.PSM.PSM_Logic.InterfaceController;&#13;&#10;&#13;&#10;public class InterfaceControllerStub extends InterfaceController {&#13;&#10;&#9;&#13;&#10;&#9;public InterfaceControllerStub(InterfaceFacade iFacade){&#13;&#10;&#9;&#9;facade = iFacade;&#13;&#10;&#9;}&#13;&#10;&#13;&#10;&#9;@Override&#13;&#10;    public void passwordLock()&#13;&#10;    {&#13;&#10;        //do nothing&#13;&#10;    }&#13;&#10;&#9;&#13;&#10;&#9;@Override&#13;&#10;    public void Initiate_Logout() &#13;&#10;    {&#13;&#10;        //do nothing&#13;&#10;     &#13;&#10;    }&#13;&#10;&#9;&#13;&#10;&#9;@Override&#13;&#10;    public void Initiate_IncorrectLogin()&#13;&#10;    {&#13;&#10;        &#13;&#10;        //do nothing&#13;&#10;        &#13;&#10;    }&#13;&#10;    &#13;&#10;&#9;@Override&#13;&#10;    public void Initiate_Schedule_Form() &#13;&#10;    {&#13;&#10;       &#13;&#10;       //do nothing&#13;&#10;    }&#13;&#10;&#13;&#10;&#9;@Override&#13;&#10;    public void Pre_Filled_Form(int courseID, String courseSubj, String courseName, String semester,&#13;&#10;            String startDate, String endDate, String startMon, String endMon,&#13;&#10;            String startTue, String endTue, String startWed, String endWed, String startThu, String endThu, &#13;&#10;            String startFri, String endFri, String startSat, String endSat) &#13;&#10;    {&#13;&#10;&#13;&#10;    &#13;&#10;        &#13;&#10;         //do nothing&#13;&#10;    }&#13;&#10;    &#13;&#10;&#9;@Override&#13;&#10;    public void Course_Select_Form(){&#13;&#10;        //do nothing&#13;&#10;    }&#13;&#10;&#9;&#13;&#10;&#9;@Override&#13;&#10;    public void Initiate_Login_Form() {&#13;&#10;&#13;&#10;        //do nothing&#13;&#10;&#13;&#10;    }&#13;&#10;&#13;&#10;&#9;@Override&#13;&#10;    public void Initiate_MainMenu() {&#13;&#10;        //do nothing&#13;&#10;&#13;&#10;    }&#13;&#10;}&#13;&#10;" Filename="InterfaceControllerStub.java" Intrnl_Id="10"/>
<SrcFile Content="package my.PSM.unitTestPSM;&#13;&#10;&#13;&#10;import my.PSM.PSM_Interface.InterfaceFacade;&#13;&#10;&#13;&#10;public class InterfaceFacadeStub extends InterfaceFacade {&#13;&#10;&#13;&#10;&#9;private static int course;&#13;&#10;&#9;private String username;&#13;&#10;&#9;private String password;&#13;&#10;&#9;private boolean ack;&#13;&#10;&#9;&#13;&#10;&#9;private boolean edit;&#13;&#10;&#9;private boolean logout;&#13;&#10;&#9;private boolean init;&#13;&#10;&#9;&#13;&#10;&#9;public static String defSub = &quot;&quot;;&#13;&#10;&#9;public static String defSemester = &quot;&quot;;&#13;&#10;    public static String defCourseName = &quot;&quot;;&#13;&#10;    public String defCourseStart = &quot;&quot;;&#13;&#10;    public static String defCourseEnd = &quot;&quot;;&#13;&#10;    public static String defMonStart = &quot;&quot;;&#13;&#10;    public static String defMonEnd = &quot;&quot;;&#13;&#10;    public static String defTueStart = &quot;&quot;;&#13;&#10;    public static String defTueEnd = &quot;&quot;;&#13;&#10;    public static String defWedStart = &quot;&quot;;&#13;&#10;    public static String defWedEnd = &quot;&quot;;&#13;&#10;    public static String defThuStart = &quot;&quot;;&#13;&#10;    public static String defThuEnd = &quot;&quot;;&#13;&#10;    public static String defFriStart = &quot;&quot;;&#13;&#10;    public static String defFriEnd = &quot;&quot;;&#13;&#10;    public static String defSatStart = &quot;&quot;;&#13;&#10;    public static String defSatEnd = &quot;&quot;;&#13;&#10;    &#13;&#10;&#9;public InterfaceFacadeStub() {&#13;&#10;&#9;&#9;super();&#13;&#10;&#9;&#9;username = &quot;&quot;;&#13;&#10;&#9;&#9;password = &quot;&quot;;&#13;&#10;&#9;}&#13;&#10;&#13;&#10;&#9;public void testHelper( String courseSubj, String courseName, String semester,&#13;&#10;            String startDate, String endDate, String startMon, String endMon,&#13;&#10;            String startTue, String endTue, String startWed, String endWed, String startThu, String endThu, &#13;&#10;            String startFri, String endFri, String startSat, String endSat){&#13;&#10;&#9;&#9;defSub = courseSubj;&#13;&#10;&#9;&#9;defCourseName = courseName;&#13;&#10;&#9;&#9;defSemester = semester;&#13;&#10;&#9;&#9;defCourseStart = startDate;&#13;&#10;&#9;&#9;defCourseEnd = endDate;&#13;&#10;&#9;&#9;defMonStart = startMon;&#13;&#10;&#9;&#9;defMonEnd = endMon;&#13;&#10;&#9;&#9;defTueStart = startTue;&#13;&#10;&#9;&#9;defTueEnd = endTue;&#13;&#10;&#9;&#9;defWedStart = startWed;&#13;&#10;&#9;&#9;defWedEnd = endWed;&#13;&#10;&#9;&#9;defThuStart = startThu;&#13;&#10;&#9;&#9;defThuEnd = endThu;&#13;&#10;&#9;&#9;defFriStart = startFri;&#13;&#10;&#9;&#9;defFriEnd = endFri;&#13;&#10;&#9;&#9;defSatStart = startSat;&#13;&#10;&#9;&#9;defSatEnd = endSat;&#13;&#10;&#9;}&#13;&#10;&#9;public void setEdit(boolean edit) {&#13;&#10;&#9;&#9;this.edit = edit;&#13;&#10;&#9;}&#13;&#10;&#13;&#10;&#9;public void setLogout(boolean logout) {&#13;&#10;&#9;&#9;this.logout = logout;&#13;&#10;&#9;}&#13;&#10;&#13;&#10;&#9;public void setInit(boolean init) {&#13;&#10;&#9;&#9;this.init = init;&#13;&#10;&#9;}&#13;&#10;&#9;public void setUsername(String u){&#13;&#10;&#9;&#9;username = u;&#13;&#10;&#9;}&#13;&#10;&#9;public void setPassword(String p){&#13;&#10;&#9;&#9;password = p;&#13;&#10;&#9;}&#13;&#10;&#9;@Override&#13;&#10;&#9;public void lockedOut(){&#13;&#10;&#9;&#9;//do nothing&#13;&#10;&#9;}&#13;&#10;&#9;@Override&#13;&#10;&#9;public void logoutConfirmation(){&#13;&#10;&#9;&#9;//do nothing&#13;&#10;&#9;}&#13;&#10;&#9;@Override&#13;&#10;&#9;public void launchLogout(){&#13;&#10;&#9;&#9;//do nothing&#13;&#10;&#9;}&#13;&#10;&#9;@Override&#13;&#10;&#9;public void incorrectLogin(){&#13;&#10;&#9;&#9;//do nothing&#13;&#10;&#9;}&#13;&#10;&#9;@Override&#13;&#10;&#9;public void launchInitial(){&#13;&#10;&#9;&#9;//do nothing&#13;&#10;&#9;}&#13;&#10;&#9;@Override&#13;&#10;&#9;public void launchEdit(int courseID, String courseSubj, String courseName, String semester,&#13;&#10;            String startDate, String endDate, String startMon, String endMon,&#13;&#10;            String startTue, String endTue, String startWed, String endWed, String startThu, String endThu, &#13;&#10;            String startFri, String endFri, String startSat, String endSat){&#13;&#10;&#9;&#9;//do nothing&#13;&#10;&#9;}&#13;&#10;&#9;@Override&#13;&#10;&#9;public void launchCourse(){&#13;&#10;&#9;&#9;//do nothing&#13;&#10;&#9;}&#13;&#10;&#9;@Override&#13;&#10;&#9;public void launchLoginForm(){&#13;&#10;&#9;&#9;//do nothing&#13;&#10;&#9;}&#13;&#10;&#9;@Override&#13;&#10;&#9;public void launchMenu(){&#13;&#10;&#9;&#9;//do nothing&#13;&#10;&#9;}&#13;&#10;&#9;@Override&#13;&#10;&#9;public boolean menuDataRec(){&#13;&#10;&#9;&#9;return true;&#13;&#10;&#9;}&#13;&#10;&#9;@Override&#13;&#10;&#9;public void setMenuDataRec(boolean bool){&#13;&#10;&#9;&#9;//do nothing&#13;&#10;&#9;}&#13;&#10;&#9;@Override&#13;&#10;&#9;public boolean schedDataRec(){&#13;&#10;&#9;&#9;return true;&#13;&#10;&#9;}&#13;&#10;&#9;@Override&#13;&#10;&#9;public void setSchedDataRec(boolean bool){&#13;&#10;&#9;&#9;//do nothing&#13;&#10;&#9;}&#13;&#10;&#9;@Override&#13;&#10;&#9;public boolean courseSelected(){&#13;&#10;&#9;&#9;return true;&#13;&#10;&#9;}&#13;&#10;&#9;@Override&#13;&#10;&#9;public void setCourseSelected(boolean bool){&#13;&#10;&#9;&#9;//true&#13;&#10;&#9;}&#13;&#10;&#9;@Override&#13;&#10;&#9;public int getSelection(){&#13;&#10;&#9;&#9;return course;&#13;&#10;&#9;}&#13;&#10;&#9;public void setCourse(int courseID){&#13;&#10;&#9;&#9;course = courseID;&#13;&#10;&#9;}&#13;&#10;&#9;@Override&#13;&#10;&#9;public boolean psDataRec(){&#13;&#10;&#9;&#9;return true;&#13;&#10;&#9;}&#13;&#10;&#9;@Override&#13;&#10;&#9;public void setPsDataRec(boolean bool){&#13;&#10;&#9;&#9;//do nothing&#13;&#10;&#9;}&#13;&#10;&#9;@Override&#13;&#10;&#9;public boolean dataReceived(){&#13;&#10;&#9;&#9;return true;&#13;&#10;&#9;}&#13;&#10;&#9;@Override&#13;&#10;&#9;public void setLogDataRec(boolean bool){&#13;&#10;&#9;&#9;//do nothing&#13;&#10;&#9;}&#13;&#10;&#9;&#13;&#10;&#9;@Override&#13;&#10;&#9;public String getUsername(){&#13;&#10;&#9;&#9;return username;&#13;&#10;&#9;}&#13;&#10;&#9;@Override&#13;&#10;&#9;public String getPassword(){&#13;&#10;&#9;&#9;return password;&#13;&#10;&#9;}&#13;&#10;&#9;@Override&#13;&#10;&#9;public boolean getAck(){&#13;&#10;&#9;&#9;return true;&#13;&#10;&#9;}&#13;&#10;&#9;@Override&#13;&#10;&#9;public boolean editSchedSelected(){&#13;&#10;&#9;&#9;return edit;&#13;&#10;&#9;}&#13;&#10;&#9;@Override&#13;&#10;&#9;public boolean InitSetupSelected(){&#13;&#10;&#9;&#9;return init;&#13;&#10;&#9;}&#13;&#10;&#9;@Override&#13;&#10;&#9;public boolean logoutSelected(){&#13;&#10;&#9;&#9;return logout;&#13;&#10;&#9;}&#13;&#10;&#9;public void setDefSub(String defSub) {&#13;&#10;&#9;&#9;this.defSub = defSub;&#13;&#10;&#9;}&#13;&#10;&#13;&#10;&#9;public void setDefSemester(String defSemester) {&#13;&#10;&#9;&#9;this.defSemester = defSemester;&#13;&#10;&#9;}&#13;&#10;&#13;&#10;&#9;public void setDefCourseName(String defCourseName) {&#13;&#10;&#9;&#9;this.defCourseName = defCourseName;&#13;&#10;&#9;}&#13;&#10;&#9;public void setDefCourseStart(String defCourseStart) {&#13;&#10;&#9;&#9;this.defCourseStart = defCourseStart;&#13;&#10;&#9;}&#13;&#10;&#13;&#10;&#9;public void setDefCourseEnd(String defCourseEnd) {&#13;&#10;&#9;&#9;this.defCourseEnd = defCourseEnd;&#13;&#10;&#9;}&#13;&#10;&#13;&#10;&#9;public void setDefMonStart(String defMonStart) {&#13;&#10;&#9;&#9;this.defMonStart = defMonStart;&#13;&#10;&#9;}&#13;&#10;&#13;&#10;&#9;public void setDefMonEnd(String defMonEnd) {&#13;&#10;&#9;&#9;this.defMonEnd = defMonEnd;&#13;&#10;&#9;}&#13;&#10;&#13;&#10;&#9;public void setDefTueStart(String defTueStart) {&#13;&#10;&#9;&#9;this.defTueStart = defTueStart;&#13;&#10;&#9;}&#13;&#10;&#13;&#10;&#9;public void setDefTueEnd(String defTueEnd) {&#13;&#10;&#9;&#9;this.defTueEnd = defTueEnd;&#13;&#10;&#9;}&#13;&#10;&#13;&#10;&#9;public void setDefWedStart(String defWedStart) {&#13;&#10;&#9;&#9;this.defWedStart = defWedStart;&#13;&#10;&#9;}&#13;&#10;&#13;&#10;&#9;public void setDefWedEnd(String defWedEnd) {&#13;&#10;&#9;&#9;this.defWedEnd = defWedEnd;&#13;&#10;&#9;}&#13;&#10;&#13;&#10;&#9;public void setDefThuStart(String defThuStart) {&#13;&#10;&#9;&#9;this.defThuStart = defThuStart;&#13;&#10;&#9;}&#13;&#10;&#13;&#10;&#9;public void setDefThuEnd(String defThuEnd) {&#13;&#10;&#9;&#9;this.defThuEnd = defThuEnd;&#13;&#10;&#9;}&#13;&#10;&#13;&#10;&#9;public void setDefFriStart(String defFriStart) {&#13;&#10;&#9;&#9;this.defFriStart = defFriStart;&#13;&#10;&#9;}&#13;&#10;&#13;&#10;&#9;public void setDefFriEnd(String defFriEnd) {&#13;&#10;&#9;&#9;this.defFriEnd = defFriEnd;&#13;&#10;&#9;}&#13;&#10;&#13;&#10;&#9;public void setDefSatStart(String defSatStart) {&#13;&#10;&#9;&#9;this.defSatStart = defSatStart;&#13;&#10;&#9;}&#13;&#10;&#13;&#10;&#9;public void setDefSatEnd(String defSatEnd) {&#13;&#10;&#9;&#9;this.defSatEnd = defSatEnd;&#13;&#10;&#9;}&#13;&#10;&#9;@Override&#13;&#10;&#9;public String getNewCourseStart(){ &#13;&#10;&#9;&#9;return defCourseStart;&#13;&#10;&#9;}&#13;&#10;&#9;@Override&#13;&#10;&#9;public String getpNewCourseStart(){ &#13;&#10;&#9;&#9;return defCourseStart;&#13;&#10;&#9;}&#13;&#10;&#9;&#13;&#10;&#9;@Override&#13;&#10;&#9;public int getDefCourseID() {&#13;&#10;&#9;&#9;return course;&#13;&#10;&#9;}&#13;&#10;&#9;@Override&#13;&#10;&#9;public String getpNewCourseEnd() {&#13;&#10;&#9;&#9;return defCourseEnd;&#13;&#10;&#9;}&#13;&#10;&#9;@Override&#13;&#10;&#9;public String getpNewMonStart() {&#13;&#10;&#9;&#9;return defMonStart;&#13;&#10;&#9;}&#13;&#10;&#9;@Override&#13;&#10;&#9;public String getpNewTueStart() {&#13;&#10;&#9;&#9;return defTueStart;&#13;&#10;&#9;}&#13;&#10;&#9;@Override&#13;&#10;&#9;public String getpNewTueEnd() {&#13;&#10;&#9;&#9;return defTueEnd;&#13;&#10;&#9;}&#13;&#10;&#9;@Override&#13;&#10;&#9;public String getpNewThuEnd() {&#13;&#10;&#9;&#9;return defThuEnd;&#13;&#10;&#9;}&#13;&#10;&#9;@Override&#13;&#10;&#9;public String getpNewThuStart() {&#13;&#10;&#9;&#9;return defThuStart;&#13;&#10;&#9;}&#13;&#10;&#9;@Override&#13;&#10;&#9;public String getpNewWedEnd() {&#13;&#10;&#9;&#9;return defWedEnd;&#13;&#10;&#9;}&#13;&#10;&#9;@Override&#13;&#10;&#9;public String getpNewWedStart() {&#13;&#10;&#9;&#9;return defWedStart;&#13;&#10;&#9;}&#13;&#10;&#9;@Override&#13;&#10;&#9;public String getpNewFriEnd() {&#13;&#10;&#9;&#9;return defFriEnd;&#13;&#10;&#9;}&#13;&#10;&#9;@Override&#13;&#10;&#9;public String getpNewSatEnd() {&#13;&#10;&#9;&#9;return defSatEnd;&#13;&#10;&#9;}&#13;&#10;&#9;@Override&#13;&#10;&#9;public String getpNewSatStart() {&#13;&#10;&#9;&#9;return defSatStart;&#13;&#10;&#9;}&#13;&#10;&#9;@Override&#13;&#10;&#9;public String getpNewFriStart() {&#13;&#10;&#9;&#9;return defFriStart;&#13;&#10;&#9;}&#13;&#10;&#9;@Override&#13;&#10;&#9;public String getpNewMonEnd() {&#13;&#10;&#9;&#9;return defMonEnd;&#13;&#10;&#9;}&#13;&#10;&#9;@Override&#13;&#10;&#9;public int getNewCourseID() {&#13;&#10;&#9;&#9;return course;&#13;&#10;&#9;}&#13;&#10;&#9;@Override&#13;&#10;&#9;public String getNewSub() {&#13;&#10;&#9;&#9;return defSub;&#13;&#10;&#9;}&#13;&#10;&#9;@Override&#13;&#10;&#9;public String getNewCourseName() {&#13;&#10;&#9;&#9;return defCourseName;&#13;&#10;&#9;}&#13;&#10;&#9;@Override&#13;&#10;&#9;public String getNewSemester() {&#13;&#10;&#9;&#9;return defSemester;&#13;&#10;&#9;}&#13;&#10;&#9;@Override&#13;&#10;&#9;public String getNewCourseEnd() {&#13;&#10;&#9;&#9;return defCourseEnd;&#13;&#10;&#9;}&#13;&#10;&#9;@Override&#13;&#10;&#9;public String getNewMonStart() {&#13;&#10;&#9;&#9;return defMonStart;&#13;&#10;&#9;}&#13;&#10;&#9;@Override&#13;&#10;&#9;public String getNewTueStart() {&#13;&#10;&#9;&#9;return defTueStart;&#13;&#10;&#9;}&#13;&#10;&#9;@Override&#13;&#10;&#9;public String getNewTueEnd() {&#13;&#10;&#9;&#9;return defTueEnd;&#13;&#10;&#9;}&#13;&#10;&#9;@Override&#13;&#10;&#9;public String getNewThuEnd() {&#13;&#10;&#9;&#9;return defThuEnd;&#13;&#10;&#9;}&#13;&#10;&#9;@Override&#13;&#10;&#9;public String getNewThuStart() {&#13;&#10;&#9;&#9;return defThuStart;&#13;&#10;&#9;}&#13;&#10;&#9;@Override&#13;&#10;&#9;public String getNewWedEnd() {&#13;&#10;&#9;&#9;return defWedEnd;&#13;&#10;&#9;}&#13;&#10;&#9;@Override&#13;&#10;&#9;public String getNewWedStart() {&#13;&#10;&#9;&#9;return defWedStart;&#13;&#10;&#9;}&#13;&#10;&#9;@Override&#13;&#10;&#9;public String getNewFriEnd() {&#13;&#10;&#9;&#9;return defFriEnd;&#13;&#10;&#9;}&#13;&#10;&#9;@Override&#13;&#10;&#9;public String getNewSatEnd() {&#13;&#10;&#9;&#9;return defSatEnd;&#13;&#10;&#9;}&#13;&#10;&#9;@Override&#13;&#10;&#9;public String getNewSatStart() {&#13;&#10;&#9;&#9;return defSatStart;&#13;&#10;&#9;}&#13;&#10;&#9;@Override&#13;&#10;&#9;public String getNewFriStart() {&#13;&#10;&#9;&#9;return defFriStart;&#13;&#10;&#9;}&#13;&#10;&#9;@Override&#13;&#10;&#9;public String getNewMonEnd() {&#13;&#10;&#9;&#9;return defMonEnd;&#13;&#10;&#9;}&#13;&#10;}&#13;&#10;" Filename="InterfaceFacadeStub.java" Intrnl_Id="11"/>
<SrcFile Content="package my.PSM.unitTestPSM;&#13;&#10;&#13;&#10;import java.util.ArrayList;&#13;&#10;import java.util.HashMap;&#13;&#10;&#13;&#10;import my.PSM.PSM_Storage.MySQLManager;&#13;&#10;&#13;&#10;public class MySQLManagerStub extends MySQLManager {&#13;&#10;&#13;&#10;&#9;private String correctUser;&#13;&#10;&#9;private String correctPass;&#13;&#10;&#9;private boolean isConnected;&#13;&#10;&#13;&#10;&#9;/* Mimic functionality of database with hashmaps*/&#13;&#10;&#9;public ArrayList&lt;Integer&gt; courses = new ArrayList&lt;Integer&gt;();&#13;&#10;&#9;public HashMap&lt;Integer, String&gt; defSub = new HashMap&lt;Integer, String&gt;();&#13;&#10;&#9;public HashMap&lt;Integer, String&gt; defSemester = new HashMap&lt;Integer, String&gt;();&#13;&#10;&#9;public HashMap&lt;Integer, String&gt; defCourseName = new HashMap&lt;Integer, String&gt;();&#13;&#10;&#9;public HashMap&lt;Integer, String&gt; defCourseStart = new HashMap&lt;Integer, String&gt;();&#13;&#10;&#9;public HashMap&lt;Integer, String&gt; defCourseEnd = new HashMap&lt;Integer, String&gt;();&#13;&#10;&#9;public HashMap&lt;Integer, String&gt; defMonStart = new HashMap&lt;Integer, String&gt;();&#13;&#10;&#9;public HashMap&lt;Integer, String&gt; defMonEnd = new HashMap&lt;Integer, String&gt;();&#13;&#10;&#9;public HashMap&lt;Integer, String&gt; defTueStart = new HashMap&lt;Integer, String&gt;();&#13;&#10;&#9;public HashMap&lt;Integer, String&gt; defTueEnd = new HashMap&lt;Integer, String&gt;();&#13;&#10;&#9;public HashMap&lt;Integer, String&gt; defWedStart = new HashMap&lt;Integer, String&gt;();&#13;&#10;&#9;public HashMap&lt;Integer, String&gt; defWedEnd = new HashMap&lt;Integer, String&gt;();&#13;&#10;&#9;public HashMap&lt;Integer, String&gt; defThuStart = new HashMap&lt;Integer, String&gt;();&#13;&#10;&#9;public HashMap&lt;Integer, String&gt; defThuEnd = new HashMap&lt;Integer, String&gt;();&#13;&#10;&#9;public HashMap&lt;Integer, String&gt; defFriStart = new HashMap&lt;Integer, String&gt;();&#13;&#10;&#9;public HashMap&lt;Integer, String&gt; defFriEnd = new HashMap&lt;Integer, String&gt;();&#13;&#10;&#9;public HashMap&lt;Integer, String&gt; defSatStart = new HashMap&lt;Integer, String&gt;();&#13;&#10;&#9;public HashMap&lt;Integer, String&gt; defSatEnd = new HashMap&lt;Integer, String&gt;();&#13;&#10;&#13;&#10;&#9;/**&#13;&#10;&#9; * This method is used to setup the &quot;database&quot; before applying test cases.&#13;&#10;&#9; * &#13;&#10;&#9; * &#13;&#10;&#9; */&#13;&#10;&#9;public void testHelper(int courseID, String courseSubj, String courseName, String semester, String startDate,&#13;&#10;&#9;&#9;&#9;String endDate, String startMon, String endMon, String startTue, String endTue, String startWed,&#13;&#10;&#9;&#9;&#9;String endWed, String startThu, String endThu, String startFri, String endFri, String startSat,&#13;&#10;&#9;&#9;&#9;String endSat) {&#13;&#10;&#9;&#9;courses.add(courseID);&#13;&#10;&#9;&#9;defSub.put(courseID, courseSubj);&#13;&#10;&#9;&#9;defCourseName.put(courseID, courseName);&#13;&#10;&#9;&#9;defSemester.put(courseID, semester);&#13;&#10;&#9;&#9;defCourseStart.put(courseID, startDate);&#13;&#10;&#9;&#9;defCourseEnd.put(courseID, endDate);&#13;&#10;&#9;&#9;defMonStart.put(courseID, startMon);&#13;&#10;&#9;&#9;defMonEnd.put(courseID, endMon);&#13;&#10;&#9;&#9;defTueStart.put(courseID, startTue);&#13;&#10;&#9;&#9;defTueEnd.put(courseID, endTue);&#13;&#10;&#9;&#9;defWedStart.put(courseID, startWed);&#13;&#10;&#9;&#9;defWedEnd.put(courseID, endWed);&#13;&#10;&#9;&#9;defThuStart.put(courseID, startThu);&#13;&#10;&#9;&#9;defThuEnd.put(courseID, endThu);&#13;&#10;&#9;&#9;defFriStart.put(courseID, startFri);&#13;&#10;&#9;&#9;defFriEnd.put(courseID, endFri);&#13;&#10;&#9;&#9;defSatStart.put(courseID, startSat);&#13;&#10;&#9;&#9;defSatEnd.put(courseID, endSat);&#13;&#10;&#9;}&#13;&#10;&#13;&#10;&#9;/**&#13;&#10;&#9; * This method will initiliaze a database with credentials corresponding to&#13;&#10;&#9; * the parameters&#13;&#10;&#9; * &#13;&#10;&#9; * @param username&#13;&#10;&#9; * @param password&#13;&#10;&#9; */&#13;&#10;&#9;public MySQLManagerStub(String username, String password) {&#13;&#10;&#9;&#9;correctUser = username;&#13;&#10;&#9;&#9;correctPass = password;&#13;&#10;&#9;&#9;isConnected = false;&#13;&#10;&#9;}&#13;&#10;&#13;&#10;&#9;@Override&#13;&#10;&#9;public int connect(String db, String user, String pw) {&#13;&#10;&#9;&#9;if (correctUser.equals(user) &amp;&amp; correctPass.equals(pw)) {&#13;&#10;&#9;&#9;&#9;isConnected = true;&#13;&#10;&#9;&#9;&#9;return 0;&#13;&#10;&#9;&#9;} else {&#13;&#10;&#9;&#9;&#9;isConnected = false;&#13;&#10;&#9;&#9;&#9;return -1;&#13;&#10;&#9;&#9;}&#13;&#10;&#9;}&#13;&#10;&#13;&#10;&#9;@Override&#13;&#10;&#9;public int connect(String user, String pw) {&#13;&#10;&#9;&#9;if (correctUser.equals(user) &amp;&amp; correctPass.equals(pw)) {&#13;&#10;&#9;&#9;&#9;isConnected = true;&#13;&#10;&#9;&#9;&#9;return 0;&#13;&#10;&#9;&#9;} else {&#13;&#10;&#9;&#9;&#9;isConnected = false;&#13;&#10;&#9;&#9;&#9;return -1;&#13;&#10;&#9;&#9;}&#13;&#10;&#9;}&#13;&#10;&#13;&#10;&#9;@Override&#13;&#10;&#9;public int disconnect() {&#13;&#10;&#9;&#9;isConnected = false;&#13;&#10;&#9;&#9;return 0;&#13;&#10;&#9;}&#13;&#10;&#13;&#10;&#9;@Override&#13;&#10;&#9;public int fetchCourseID(int courseID) {&#13;&#10;&#9;&#9;if (courses.contains(courseID))&#13;&#10;&#9;&#9;&#9;return courseID;&#13;&#10;&#9;&#9;else&#13;&#10;&#9;&#9;&#9;return -1;&#13;&#10;&#9;}&#13;&#10;&#13;&#10;&#9;@Override&#13;&#10;&#9;public ArrayList&lt;String&gt; getEndDates() {&#13;&#10;&#9;&#9;ArrayList&lt;String&gt; endDates = new ArrayList&lt;String&gt;();&#13;&#10;&#9;&#9;endDates.addAll(defCourseEnd.values());&#13;&#10;&#9;&#9;return endDates;&#13;&#10;&#9;}&#13;&#10;&#13;&#10;&#9;@Override&#13;&#10;&#9;public ArrayList&lt;Integer&gt; getCourses() {&#13;&#10;&#9;&#9;return courses;&#13;&#10;&#9;}&#13;&#10;&#13;&#10;&#9;@Override&#13;&#10;&#9;public String fetchCourseSubj(int courseID) {&#13;&#10;&#9;&#9;return defSub.get(courseID);&#13;&#10;&#9;}&#13;&#10;&#13;&#10;&#9;@Override&#13;&#10;&#9;public String fetchCourseName(int courseID) {&#13;&#10;&#9;&#9;return defCourseName.get(courseID);&#13;&#10;&#9;}&#13;&#10;&#13;&#10;&#9;@Override&#13;&#10;&#9;public String fetchCourseSemester(int courseID) {&#13;&#10;&#9;&#9;return defSemester.get(courseID);&#13;&#10;&#9;}&#13;&#10;&#13;&#10;&#9;@Override&#13;&#10;&#9;public String fetchCourseStart(int courseID) {&#13;&#10;&#9;&#9;return defCourseStart.get(courseID);&#13;&#10;&#9;}&#13;&#10;&#13;&#10;&#9;@Override&#13;&#10;&#9;public String fetchCourseEnd(int courseID) {&#13;&#10;&#9;&#9;return defCourseEnd.get(courseID);&#13;&#10;&#9;}&#13;&#10;&#13;&#10;&#9;@Override&#13;&#10;&#9;public String fetchStartMon(int courseID) {&#13;&#10;&#9;&#9;return defMonStart.get(courseID);&#13;&#10;&#9;}&#13;&#10;&#13;&#10;&#9;@Override&#13;&#10;&#9;public String fetchEndMon(int courseID) {&#13;&#10;&#9;&#9;return defMonEnd.get(courseID);&#13;&#10;&#9;}&#13;&#10;&#13;&#10;&#9;@Override&#13;&#10;&#9;public String fetchStartTue(int courseID) {&#13;&#10;&#9;&#9;return defTueStart.get(courseID);&#13;&#10;&#9;}&#13;&#10;&#13;&#10;&#9;@Override&#13;&#10;&#9;public String fetchEndTue(int courseID) {&#13;&#10;&#9;&#9;return defTueEnd.get(courseID);&#13;&#10;&#9;}&#13;&#10;&#13;&#10;&#9;@Override&#13;&#10;&#9;public String fetchStartWed(int courseID) {&#13;&#10;&#9;&#9;return defWedStart.get(courseID);&#13;&#10;&#9;}&#13;&#10;&#13;&#10;&#9;@Override&#13;&#10;&#9;public String fetchEndWed(int courseID) {&#13;&#10;&#9;&#9;return defWedEnd.get(courseID);&#13;&#10;&#9;}&#13;&#10;&#13;&#10;&#9;@Override&#13;&#10;&#9;public String fetchStartThu(int courseID) {&#13;&#10;&#9;&#9;return defThuStart.get(courseID);&#13;&#10;&#9;}&#13;&#10;&#13;&#10;&#9;@Override&#13;&#10;&#9;public String fetchEndThu(int courseID) {&#13;&#10;&#9;&#9;return defThuEnd.get(courseID);&#13;&#10;&#9;}&#13;&#10;&#13;&#10;&#9;@Override&#13;&#10;&#9;public String fetchStartFri(int courseID) {&#13;&#10;&#9;&#9;return defFriStart.get(courseID);&#13;&#10;&#9;}&#13;&#10;&#13;&#10;&#9;@Override&#13;&#10;&#9;public String fetchEndFri(int courseID) {&#13;&#10;&#9;&#9;return defFriEnd.get(courseID);&#13;&#10;&#9;}&#13;&#10;&#13;&#10;&#9;@Override&#13;&#10;&#9;public String fetchStartSat(int courseID) {&#13;&#10;&#9;&#9;return defSatStart.get(courseID);&#13;&#10;&#9;}&#13;&#10;&#13;&#10;&#9;@Override&#13;&#10;&#9;public String fetchEndSat(int courseID) {&#13;&#10;&#9;&#9;return defSatEnd.get(courseID);&#13;&#10;&#9;}&#13;&#10;&#13;&#10;&#9;@Override&#13;&#10;&#9;public int storeClassInfo(int courseID, String courseSubj, String courseName, String semester) {&#13;&#10;&#9;&#9;courses.add(courseID);&#13;&#10;&#9;&#9;defSub.put(courseID, courseSubj);&#13;&#10;&#9;&#9;defCourseName.put(courseID, courseName);&#13;&#10;&#9;&#9;defSemester.put(courseID, semester);&#13;&#10;&#9;&#9;return 0;&#13;&#10;&#9;}&#13;&#10;&#13;&#10;&#9;@Override&#13;&#10;&#9;public int storeClassSched(int courseID, String startDate, String endDate, String startMon, String endMon,&#13;&#10;&#9;&#9;&#9;String startTue, String endTue, String startWed, String endWed, String startThu, String endThu,&#13;&#10;&#9;&#9;&#9;String startFri, String endFri, String startSat, String endSat) {&#13;&#10;&#9;&#9;if (courses.contains(courseID)) {&#13;&#10;&#9;&#9;&#9;defCourseStart.put(courseID, startDate);&#13;&#10;&#9;&#9;&#9;defCourseEnd.put(courseID, endDate);&#13;&#10;&#9;&#9;&#9;defMonStart.put(courseID, startMon);&#13;&#10;&#9;&#9;&#9;defMonEnd.put(courseID, endMon);&#13;&#10;&#9;&#9;&#9;defTueStart.put(courseID, startTue);&#13;&#10;&#9;&#9;&#9;defTueEnd.put(courseID, endTue);&#13;&#10;&#9;&#9;&#9;defWedStart.put(courseID, startWed);&#13;&#10;&#9;&#9;&#9;defWedEnd.put(courseID, endWed);&#13;&#10;&#9;&#9;&#9;defThuStart.put(courseID, startThu);&#13;&#10;&#9;&#9;&#9;defThuEnd.put(courseID, endThu);&#13;&#10;&#9;&#9;&#9;defFriStart.put(courseID, startFri);&#13;&#10;&#9;&#9;&#9;defFriEnd.put(courseID, endFri);&#13;&#10;&#9;&#9;&#9;defSatStart.put(courseID, startSat);&#13;&#10;&#9;&#9;&#9;defSatEnd.put(courseID, endSat);&#13;&#10;&#9;&#9;}&#13;&#10;&#9;&#9;return 0;&#13;&#10;&#9;}&#13;&#10;&#13;&#10;&#9;@Override&#13;&#10;&#9;public void clearDatabase() {&#13;&#10;&#9;&#9;if (isConnected) {&#13;&#10;&#9;&#9;&#9;courses.clear();&#13;&#10;&#9;&#9;&#9;defSub.clear();&#13;&#10;&#9;&#9;&#9;defCourseName.clear();&#13;&#10;&#9;&#9;&#9;defSemester.clear();&#13;&#10;&#9;&#9;&#9;defCourseStart.clear();&#13;&#10;&#9;&#9;&#9;defCourseEnd.clear();&#13;&#10;&#9;&#9;&#9;defMonStart.clear();&#13;&#10;&#9;&#9;&#9;defMonEnd.clear();&#13;&#10;&#9;&#9;&#9;defTueStart.clear();&#13;&#10;&#9;&#9;&#9;defTueEnd.clear();&#13;&#10;&#9;&#9;&#9;defWedStart.clear();&#13;&#10;&#9;&#9;&#9;defWedEnd.clear();&#13;&#10;&#9;&#9;&#9;defThuStart.clear();&#13;&#10;&#9;&#9;&#9;defThuEnd.clear();&#13;&#10;&#9;&#9;&#9;defFriStart.clear();&#13;&#10;&#9;&#9;&#9;defFriEnd.clear();&#13;&#10;&#9;&#9;&#9;defSatStart.clear();&#13;&#10;&#9;&#9;&#9;defSatEnd.clear();&#13;&#10;&#9;&#9;}&#13;&#10;&#9;}&#13;&#10;&#13;&#10;&#9;@Override&#13;&#10;&#9;public int createClassTable() {&#13;&#10;&#9;&#9;// Precondition: the database is connected.&#13;&#10;&#9;&#9;return 0;&#13;&#10;&#9;}&#13;&#10;&#13;&#10;}" Filename="MySQLManagerStub.java" Intrnl_Id="12"/>
<SrcFile Content="package my.PSM.unitTestPSM;&#13;&#10;&#13;&#10;import static org.junit.Assert.*;&#13;&#10;&#13;&#10;import java.util.Calendar;&#13;&#10;import java.util.GregorianCalendar;&#13;&#10;import java.lang.System;&#13;&#10;&#13;&#10;import my.PSM.PSM_Logic.appController;&#13;&#10;&#13;&#10;import org.junit.After;&#13;&#10;import org.junit.Assert;&#13;&#10;import org.junit.Before;&#13;&#10;import org.junit.Test;&#13;&#10;&#13;&#10;&#13;&#10;public class appControllerTest {&#13;&#10;&#9;private appController app; //tested class&#13;&#10;&#9;private InterfaceFacadeStub iFacade; //stub&#13;&#10;&#9;private DataStoreFacadeStub dataStub; //stub&#13;&#10;&#13;&#10;&#9;@Before&#13;&#10;&#9;public void runBeforeAllTest(){&#13;&#10;&#9;&#9;//--Makes sure all dependent classes used are stubbed&#13;&#10;&#9;&#9;app = new appController();&#13;&#10;&#9;&#9;iFacade = new InterfaceFacadeStub(); //stubbed interface facade&#13;&#10;&#9;&#9;dataStub = new DataStoreFacadeStub(&quot;user&quot;, &quot;pw&quot;); //stubbed date store facade&#13;&#10;&#9;&#9;app.setDataStoreFacade(dataStub);&#13;&#10;&#9;&#9;app.setAuthenticate(new AuthenticateStub(&quot;user&quot;, &quot;pw&quot;)); //inject authenticate stub&#13;&#10;&#9;&#9;InterfaceControllerStub interfaceStub = new InterfaceControllerStub(iFacade); //stubbed interface Controller&#13;&#10;&#9;&#9;app.setInterfaceController(interfaceStub);&#13;&#10;&#9;}&#13;&#10;&#9;@After&#13;&#10;&#9;public void runAfterAllTest(){&#13;&#10;&#9;&#9;app = null;&#13;&#10;&#9;&#9;iFacade = null;&#13;&#10;&#9;&#9;dataStub = null;&#13;&#10;&#9;}&#13;&#10;&#9;@Test&#13;&#10;&#9;public void testMyMain() {&#13;&#10;&#9;&#9;//--Mimic User Input&#13;&#10;&#9;&#9;iFacade.setUsername(&quot;user&quot;);&#13;&#10;&#9;&#9;iFacade.setPassword(&quot;pw&quot;);&#13;&#10;&#9;&#9;iFacade.setLogout(true);&#13;&#10;&#13;&#10;&#9;&#9;app.myMain();&#13;&#10;&#9;&#9;&#13;&#10;&#9;&#9;//--Expect to be logged out when method returns&#13;&#10;&#9;&#9;assertEquals(app.getUser(), &quot;user&quot;);&#13;&#10;&#9;&#9;assertEquals(app.getPass(), &quot;pw&quot;);&#13;&#10;&#9;&#9;assertEquals(app.getLoggedIn(), false);&#13;&#10;&#9;&#9;assertTrue(app.isLogoutSel());&#13;&#10;&#9;}&#13;&#10;&#13;&#10;&#9;@Test&#13;&#10;&#9;public void testAppMainMenu(){&#13;&#10;&#9;&#9;//--Mimic user input&#13;&#10;&#9;&#9;iFacade.setEdit(true);&#13;&#10;&#9;&#9;&#13;&#10;&#9;&#9;app.appMainMenu();&#13;&#10;&#9;&#9;&#13;&#10;&#9;&#9;//--Expect edSchedSel to be true&#13;&#10;&#9;&#9;assertTrue(app.isEdSchedSel());&#13;&#10;&#9;}&#13;&#10;&#9;@Test&#13;&#10;&#9;public void testAppMainMenu02(){&#13;&#10;&#9;&#9;//--Mimic user input&#13;&#10;&#9;&#9;iFacade.setLogout(true);&#13;&#10;&#9;&#9;&#13;&#10;&#9;&#9;app.appMainMenu();&#13;&#10;&#9;&#9;&#13;&#10;&#9;&#9;//--Expect logoutSel to be true&#13;&#10;&#9;&#9;assertTrue(app.isLogoutSel());&#13;&#10;&#9;}&#13;&#10;&#9;@Test&#13;&#10;&#9;public void testAppMainMenu03(){&#13;&#10;&#9;&#9;//--Mimic user input&#13;&#10;&#9;&#9;iFacade.setInit(true);&#13;&#10;&#9;&#9;&#13;&#10;&#9;&#9;app.appMainMenu();&#13;&#10;&#9;&#9;&#13;&#10;&#9;&#9;//--Expect schedSetupSel to be true&#13;&#10;&#9;&#9;assertTrue(app.isSchedSetupSel());&#13;&#10;&#9;}&#13;&#10;&#9;@Test&#13;&#10;&#9;public void testSetupSched() {&#13;&#10;&#9;&#9;&#13;&#10;&#9;&#9;//--Mimic user input&#13;&#10;&#9;&#9;iFacade.setCourse(4072);&#13;&#10;&#9;&#9;iFacade.testHelper(&quot;CEN&quot;, &quot;Software Testing&quot;, &quot;Fall&quot;, &quot;06/15/16&quot;, &#13;&#10;&#9;&#9;&#9;&#9;&quot;07/15/16&quot;, null, null, &quot;04:30&quot;, &quot;06:15&quot;, null, null,&#13;&#10;&#9;&#9;&#9;&#9;&quot;04:30&quot;, &quot;06:15&quot;, null, null, null, null);&#13;&#10;&#9;&#9;&#13;&#10;&#9;&#9;app.setupSched();&#13;&#10;&#9;&#9;&#13;&#10;&#9;&#9;//--Expect the mimicked user input to be in the database&#13;&#10;&#9;&#9;Assert.assertTrue(dataStub.courses.contains(4072));&#13;&#10;&#9;&#9;Assert.assertEquals(dataStub.defCourseName.get(4072), &quot;Software Testing&quot;);&#13;&#10;&#9;&#9;Assert.assertEquals(dataStub.defSub.get(4072), &quot;CEN&quot;);&#13;&#10;&#9;&#9;Assert.assertEquals(dataStub.defSemester.get(4072), &quot;Fall&quot;);&#13;&#10;&#9;&#9;Assert.assertEquals(dataStub.defCourseStart.get(4072), &quot;06/15/16&quot;);&#13;&#10;&#9;&#9;Assert.assertEquals(dataStub.defCourseEnd.get(4072), &quot;07/15/16&quot;);&#13;&#10;&#9;&#9;Assert.assertEquals(dataStub.defMonStart.get(4072), null);&#13;&#10;&#9;&#9;Assert.assertEquals(dataStub.defMonEnd.get(4072), null);&#13;&#10;&#9;&#9;Assert.assertEquals(dataStub.defTueStart.get(4072), &quot;04:30&quot;);&#13;&#10;&#9;&#9;Assert.assertEquals(dataStub.defTueEnd.get(4072), &quot;06:15&quot;);&#13;&#10;&#9;&#9;Assert.assertEquals(dataStub.defWedStart.get(4072), null);&#13;&#10;&#9;&#9;Assert.assertEquals(dataStub.defWedEnd.get(4072), null);&#13;&#10;&#9;&#9;Assert.assertEquals(dataStub.defThuStart.get(4072), &quot;04:30&quot;);&#13;&#10;&#9;&#9;Assert.assertEquals(dataStub.defThuEnd.get(4072), &quot;06:15&quot;);&#13;&#10;&#9;&#9;Assert.assertEquals(dataStub.defFriStart.get(4072), null);&#13;&#10;&#9;&#9;Assert.assertEquals(dataStub.defFriEnd.get(4072), null);&#13;&#10;&#9;&#9;Assert.assertEquals(dataStub.defSatStart.get(4072), null);&#13;&#10;&#9;&#9;Assert.assertEquals(dataStub.defSatEnd.get(4072), null);&#13;&#10;&#9;}&#13;&#10;&#13;&#10;&#9;@Test&#13;&#10;&#9;public void testAppEditSched() {&#13;&#10;&#9;&#9;//--Precondition: Database has the course with ID 4072&#13;&#10;&#9;&#9;dataStub.courses.add(4072);&#13;&#10;&#9;&#9;&#13;&#10;&#9;&#9;//--Mimic user input&#13;&#10;&#9;&#9;iFacade.setCourse(4072);&#13;&#10;&#9;&#9;iFacade.testHelper(&quot;CEN&quot;, &quot;Software Testing&quot;, &quot;Fall&quot;, &quot;06/15/16&quot;, &#13;&#10;&#9;&#9;&#9;&#9;&quot;07/15/16&quot;, null, null, &quot;04:30&quot;, &quot;06:15&quot;, null, null,&#13;&#10;&#9;&#9;&#9;&#9;&quot;04:30&quot;, &quot;06:15&quot;, null, null, null, null);&#13;&#10;&#9;&#9;//--&#13;&#10;&#9;&#9;&#13;&#10;&#9;&#9;app.appEditSched();&#13;&#10;&#9;&#9;&#13;&#10;&#9;&#9;//--Expect the mimicked user input to be in the database&#13;&#10;&#9;&#9;Assert.assertEquals(dataStub.defCourseStart.get(4072), &quot;06/15/16&quot;);&#13;&#10;&#9;&#9;Assert.assertEquals(dataStub.defCourseEnd.get(4072), &quot;07/15/16&quot;);&#13;&#10;&#9;&#9;Assert.assertEquals(dataStub.defMonStart.get(4072), null);&#13;&#10;&#9;&#9;Assert.assertEquals(dataStub.defMonEnd.get(4072), null);&#13;&#10;&#9;&#9;Assert.assertEquals(dataStub.defTueStart.get(4072), &quot;04:30&quot;);&#13;&#10;&#9;&#9;Assert.assertEquals(dataStub.defTueEnd.get(4072), &quot;06:15&quot;);&#13;&#10;&#9;&#9;Assert.assertEquals(dataStub.defWedStart.get(4072), null);&#13;&#10;&#9;&#9;Assert.assertEquals(dataStub.defWedEnd.get(4072), null);&#13;&#10;&#9;&#9;Assert.assertEquals(dataStub.defThuStart.get(4072), &quot;04:30&quot;);&#13;&#10;&#9;&#9;Assert.assertEquals(dataStub.defThuEnd.get(4072), &quot;06:15&quot;);&#13;&#10;&#9;&#9;Assert.assertEquals(dataStub.defFriStart.get(4072), null);&#13;&#10;&#9;&#9;Assert.assertEquals(dataStub.defFriEnd.get(4072), null);&#13;&#10;&#9;&#9;Assert.assertEquals(dataStub.defSatStart.get(4072), null);&#13;&#10;&#9;&#9;Assert.assertEquals(dataStub.defSatEnd.get(4072), null);&#13;&#10;&#9;}&#13;&#10;&#13;&#10;&#9;@Test&#13;&#10;&#9;public void testAppLogin() {&#13;&#10;&#9;&#9;//--Mimic User Input&#13;&#10;&#9;&#9;iFacade.setUsername(&quot;user&quot;);&#13;&#10;&#9;&#9;iFacade.setPassword(&quot;pw&quot;);&#13;&#10;&#9;&#9;&#13;&#10;&#9;&#9;app.appLogin();&#13;&#10;&#9;&#9;&#13;&#10;&#9;&#9;//--Expect to successfully login. And the state of app to change.&#13;&#10;&#9;&#9;Assert.assertTrue(app.getLoggedIn());&#13;&#10;&#9;&#9;Assert.assertEquals(app.getUser(), &quot;user&quot;);&#13;&#10;&#9;&#9;Assert.assertEquals(app.getPass(), &quot;pw&quot;);&#13;&#10;&#9;}&#13;&#10;&#13;&#10;&#9;@Test&#13;&#10;&#9;public void testAppLogin02() {&#13;&#10;&#9;&#9;//--Mimic User Input&#13;&#10;&#9;&#9;iFacade.setUsername(&quot;Peter&quot;);&#13;&#10;&#9;&#9;iFacade.setPassword(&quot;Clarke&quot;);&#13;&#10;&#9;&#9;&#13;&#10;&#9;&#9;app.appLogin();&#13;&#10;&#9;&#9;&#13;&#10;&#9;&#9;//--Expect to unsuccessfully login. And method returns from 3 failed attempts.&#13;&#10;&#9;&#9;assertEquals(app.getLoggedIn(), false);&#13;&#10;&#9;&#9;assertEquals(app.getCounter(), 3);&#13;&#10;&#9;&#9;assertEquals(app.getUser(), &quot;Peter&quot;);&#13;&#10;&#9;&#9;assertEquals(app.getPass(), &quot;Clarke&quot;);&#13;&#10;&#9;}&#13;&#10;&#9;@Test&#13;&#10;&#9;public void testCheckClear() {&#13;&#10;&#9;&#9;//--Precondition: database is empty&#13;&#10;&#9;&#9;&#13;&#10;&#9;&#9;//--Expect the method to return true&#13;&#10;&#9;&#9;Assert.assertTrue(app.checkClear());&#13;&#10;&#9;&#9;&#13;&#10;&#9;}&#13;&#10;&#9;&#13;&#10;&#9;@Test&#13;&#10;&#9;public void testCheckClear02() {&#13;&#10;&#9;&#9;//--Precondition: database contains the following info&#13;&#10;&#9;&#9;dataStub.testHelper(4072, &quot;CEN&quot;, &quot;Software Testing&quot;, &quot;SummerA&quot;, &quot;01/15/16&quot;, &quot;04/31/16&quot;, null, null, &#13;&#10;&#9;&#9;&#9;&#9;&quot;04:30&quot;, &quot;06:15&quot;, null, null, &quot;04:30&quot;, &quot;06:15&quot;, null, null, null, null);&#13;&#10;&#9;&#9;dataStub.testHelper(4010, &quot;CEN&quot;, &quot;Software Engineering&quot;, &quot;SummerA&quot;, &quot;01/15/16&quot;, &quot;04/28/16&quot;, null, null, &#13;&#10;&#9;&#9;&#9;&#9;&quot;04:30&quot;, &quot;06:15&quot;, null, null, &quot;04:30&quot;, &quot;06:15&quot;, null, null, null, null);&#13;&#10;&#9;&#9;//--Expect the method to return true&#13;&#10;&#9;&#9;Assert.assertTrue(app.checkClear());&#13;&#10;&#9;}&#13;&#10;&#13;&#10;&#9;@Test&#13;&#10;&#9;public void testCheckClear03() {&#13;&#10;&#9;&#9;//--Precondition: database is contains the following info&#13;&#10;&#9;&#9;dataStub.testHelper(4072, &quot;CEN&quot;, &quot;Software Testing&quot;, &quot;SummerA&quot;, &quot;04/31/16&quot;, &quot;07/31/16&quot;, null, null, &#13;&#10;&#9;&#9;&#9;&#9;&quot;04:30&quot;, &quot;06:15&quot;, null, null, &quot;04:30&quot;, &quot;06:15&quot;, null, null, null, null);&#13;&#10;&#9;&#9;dataStub.testHelper(4010, &quot;CEN&quot;, &quot;Software Engineering&quot;, &quot;SummerA&quot;, &quot;04/28/16&quot;, &quot;07/28/16&quot;, null, null, &#13;&#10;&#9;&#9;&#9;&#9;&quot;04:30&quot;, &quot;06:15&quot;, null, null, &quot;04:30&quot;, &quot;06:15&quot;, null, null, null, null);&#13;&#10;&#9;&#9;//--Expect the method to return false&#13;&#10;&#9;&#9;Assert.assertEquals(app.checkClear(), false);&#13;&#10;&#9;&#9;&#13;&#10;&#9;}&#13;&#10;&#13;&#10;&#9;@Test&#13;&#10;&#9;public void testGetData() {&#13;&#10;&#9;&#9;//--Precondition: Database contains the following info&#13;&#10;&#9;&#9;dataStub.testHelper(4072, &quot;CEN&quot;, &quot;Software Testing&quot;, &quot;SummerA&quot;, &quot;06/15/16&quot;, &quot;07/15/16&quot;, null, null, &#13;&#10;&#9;&#9;&#9;&#9;&quot;04:30&quot;, &quot;06:15&quot;, null, null, &quot;04:30&quot;, &quot;06:15&quot;, null, null, null, null);&#13;&#10;&#9;&#9;&#13;&#10;&#9;&#9;app.getData(4072);&#13;&#10;&#9;&#9;&#13;&#10;&#9;&#9;//--Expect the fields of app to change to the corresponding data in the database&#13;&#10;&#9;&#9;Assert.assertEquals(app.defCourseName, &quot;Software Testing&quot;);&#13;&#10;&#9;&#9;Assert.assertEquals(app.defSub, &quot;CEN&quot;);&#13;&#10;&#9;&#9;Assert.assertEquals(app.defSemester, &quot;SummerA&quot;);&#13;&#10;&#9;&#9;Assert.assertEquals(app.defCourseStart, &quot;06/15/16&quot;);&#13;&#10;&#9;&#9;Assert.assertEquals(app.defCourseEnd, &quot;07/15/16&quot;);&#13;&#10;&#9;&#9;Assert.assertEquals(app.defMonStart, null);&#13;&#10;&#9;&#9;Assert.assertEquals(app.defMonEnd, null);&#13;&#10;&#9;&#9;Assert.assertEquals(app.defTueStart, &quot;04:30&quot;);&#13;&#10;&#9;&#9;Assert.assertEquals(app.defTueEnd, &quot;06:15&quot;);&#13;&#10;&#9;&#9;Assert.assertEquals(app.defWedStart, null);&#13;&#10;&#9;&#9;Assert.assertEquals(app.defWedEnd, null);&#13;&#10;&#9;&#9;Assert.assertEquals(app.defThuStart, &quot;04:30&quot;);&#13;&#10;&#9;&#9;Assert.assertEquals(app.defThuEnd, &quot;06:15&quot;);&#13;&#10;&#9;&#9;Assert.assertEquals(app.defFriStart, null);&#13;&#10;&#9;&#9;Assert.assertEquals(app.defFriEnd, null);&#13;&#10;&#9;&#9;Assert.assertEquals(app.defSatStart, null);&#13;&#10;&#9;&#9;Assert.assertEquals(app.defSatEnd, null);&#13;&#10;&#9;}&#13;&#10;&#13;&#10;&#9;@Test&#13;&#10;&#9;public void testSleep() {&#13;&#10;&#9;&#9;long begin = System.currentTimeMillis();&#13;&#10;&#9;&#9;app.sleep(5);&#13;&#10;&#9;&#9;long end = System.currentTimeMillis();&#13;&#10;&#9;&#9;&#13;&#10;&#9;&#9;//Expect time elapsed to be 5ms.&#13;&#10;&#9;&#9;Assert.assertEquals(end-begin, 5);&#13;&#10;&#9;}&#13;&#10;&#13;&#10;&#9;@Test&#13;&#10;&#9;public void testLogIn() {&#13;&#10;&#9;&#9;//--Precondition: The state of app has the correct user credentials&#13;&#10;&#9;&#9;app.setUser(&quot;user&quot;);&#13;&#10;&#9;&#9;app.setPassword(&quot;pw&quot;);&#13;&#10;&#9;&#9;&#13;&#10;&#9;&#9;app.LogIn();&#13;&#10;&#9;&#9;&#13;&#10;&#9;&#9;//--Expect the loggedin field to be true&#13;&#10;&#9;&#9;Assert.assertTrue(app.getLoggedIn());&#13;&#10;&#9;}&#13;&#10;&#13;&#10;&#9;@Test&#13;&#10;&#9;public void testLogIn02() {&#13;&#10;&#9;&#9;//--Precondition: The state of app has the correct user credentials&#13;&#10;&#9;&#9;app.setUser(&quot;peter&quot;);&#13;&#10;&#9;&#9;app.setPassword(&quot;clarke&quot;);&#13;&#10;&#9;&#9;&#13;&#10;&#9;&#9;app.LogIn();&#13;&#10;&#9;&#9;&#13;&#10;&#9;&#9;//--Expect the loggedin field to be true&#13;&#10;&#9;&#9;Assert.assertFalse(app.getLoggedIn());&#13;&#10;&#9;}&#13;&#10;&#13;&#10;&#9;@Test&#13;&#10;&#9;public void testTimerParser() {&#13;&#10;&#9;&#9;app.timerParser(&quot;04:35&quot;);&#13;&#10;&#9;&#9;&#13;&#10;&#9;&#9;//--Expect the hr = 4 and min = 35&#13;&#10;&#9;&#9;Assert.assertTrue(app.returnHr() == 4 &amp;&amp; app.returnMin() == 35);&#13;&#10;&#9;}&#13;&#10;&#13;&#10;&#9;&#13;&#10;&#9;@Test&#13;&#10;&#9;public void testDateParser() {&#13;&#10;&#9;&#9;app.dateParser(&quot;06/31/16&quot;);&#13;&#10;&#9;&#9;&#13;&#10;&#9;&#9;//--Expect month = 6, date = 31, year = 16&#13;&#10;&#9;&#9;Assert.assertEquals(app.getClearYear(), 16);&#13;&#10;&#9;&#9;Assert.assertEquals(app.getClearMonth(), 6);&#13;&#10;&#9;&#9;Assert.assertEquals(app.getClearDate(), 31);&#13;&#10;&#9;}&#13;&#10;&#13;&#10;&#9;@Test&#13;&#10;&#9;public void testGetEndTime() {&#13;&#10;&#9;&#9;Calendar date = new GregorianCalendar(Calendar.YEAR, Calendar.MONTH, Calendar.DATE, &#13;&#10;&#9;&#9;&#9;&#9;4, 29, 1);&#13;&#10;&#9;&#9;&#13;&#10;&#9;&#9;//--Expect a date that has hr = 4, min = 29&#13;&#10;&#9;&#9;assertEquals(app.getEndTime(4, 30).toString().substring(11, 16), &quot;04:29&quot;);&#13;&#10;&#9;}&#13;&#10;&#13;&#10;&#9;@Test&#13;&#10;&#9;public void testGet15BeforeEnd() {&#13;&#10;&#9;&#9;Calendar date = new GregorianCalendar(Calendar.YEAR, Calendar.MONTH, Calendar.DATE, &#13;&#10;&#9;&#9;&#9;&#9;4, 15, 1);&#13;&#10;&#9;&#9;&#13;&#10;&#9;&#9;//--Expect a date that has hr = 4, min = 15&#13;&#10;&#9;&#9;assertEquals(app.get15BeforeEnd(4, 30).toString().substring(11, 16), &quot;04:15&quot;);&#13;&#10;&#9;}&#13;&#10;&#13;&#10;&#9;@Test&#13;&#10;&#9;public void testGet15BeforeEnd02() {&#13;&#10;&#9;&#9;Calendar date = new GregorianCalendar(Calendar.YEAR, Calendar.MONTH, Calendar.DATE, &#13;&#10;&#9;&#9;&#9;&#9;3, 55, 1);&#13;&#10;&#9;&#9;&#13;&#10;&#9;&#9;//--Expect a date that has hr = 3, min = 55&#13;&#10;&#9;&#9;assertEquals(app.get15BeforeEnd(4, 10).toString().substring(11, 16), &quot;03:55&quot;);&#13;&#10;&#9;}&#13;&#10;&#9;@Test&#13;&#10;&#9;public void testGet5BeforeEnd() {&#13;&#10;&#9;&#9;Calendar date = new GregorianCalendar();&#13;&#10;&#9;&#9;date.setTimeInMillis(System.currentTimeMillis());&#13;&#10;&#9;&#9;date.set(date.YEAR, date.MONTH, date.DATE, &#13;&#10;&#9;&#9;&#9;&#9;4, 25, 1);&#13;&#10;&#9;&#9;&#13;&#10;&#9;&#9;//--Expect a date that has hr = 4, min = 25&#13;&#10;&#9;&#9;assertEquals(app.get5BeforeEnd(4, 30).toString().substring(11, 16), &quot;04:25&quot;);&#13;&#10;&#9;}&#13;&#10;&#13;&#10;&#9;@Test&#13;&#10;&#9;public void testGet5BeforeEnd02() {&#13;&#10;&#9;&#9;Calendar date = new GregorianCalendar();&#13;&#10;&#9;&#9;date.set(Calendar.YEAR, Calendar.MONTH, Calendar.DATE, &#13;&#10;&#9;&#9;&#9;&#9;3, 58, 1);&#13;&#10;&#9;&#9;&#13;&#10;&#9;&#9;//--Expect a date that has hr = 3, min = 58&#13;&#10;&#9;&#9;assertEquals(app.get5BeforeEnd(4, 3).toString().substring(11, 16), &quot;03:58&quot;);&#13;&#10;&#9;}&#13;&#10;}&#13;&#10;" Filename="appControllerTest.java" Intrnl_Id="13"/>
</SrcFileList>
<CritList>
<CritListEntry Name="org.codecover.model.utils.criteria.BranchCoverage" PluginName="org.codecover"/>
<CritListEntry Name="org.codecover.model.utils.criteria.StatementCoverage" PluginName="org.codecover"/>
</CritList>
<BoolOpList/>
<HierarchyLvlTypeList>
<HierarchyLvlType EnglishName="package" IntrnlName="package" Intrnl_Id="14"/>
<HierarchyLvlType EnglishName="class" IntrnlName="class" Intrnl_Id="15"/>
<HierarchyLvlType EnglishName="method" IntrnlName="method" Intrnl_Id="16"/>
<HierarchyLvlType EnglishName="default package" IntrnlName="default package" Intrnl_Id="17"/>
<HierarchyLvlType EnglishName="anonymous class" IntrnlName="class" Intrnl_Id="18"/>
</HierarchyLvlTypeList>
<MASTRoot>
<HierarchyLvl HierarchyLvlId="2975" HierarchyLvlTypeId="17" Intrnl_Id="19" Name="default package">
<Header/>
<LocList/>
<HierarchyLvl HierarchyLvlId="2974" HierarchyLvlTypeId="14" Intrnl_Id="20" Name="my">
<Header/>
<LocList/>
<HierarchyLvl HierarchyLvlId="2973" HierarchyLvlTypeId="14" Intrnl_Id="21" Name="PSM">
<Header/>
<LocList/>
<HierarchyLvl HierarchyLvlId="2971" HierarchyLvlTypeId="14" Intrnl_Id="22" Name="PSM_Logic">
<Header/>
<LocList/>
<HierarchyLvl HierarchyLvlId="2684" HierarchyLvlTypeId="15" Intrnl_Id="23" Name="Authenticate">
<Header>
<Loc EndOffset="299" SrcFileId="1" StartOffset="274"/>
</Header>
<LocList>
<Loc EndOffset="1201" SrcFileId="1" StartOffset="274"/>
</LocList>
<HierarchyLvl HierarchyLvlId="2679" HierarchyLvlTypeId="16" Intrnl_Id="24" Name="Authenticate">
<Header>
<Loc EndOffset="468" SrcFileId="1" StartOffset="447"/>
</Header>
<LocList>
<Loc EndOffset="508" SrcFileId="1" StartOffset="447"/>
</LocList>
<StmntSeq Intrnl_Id="25">
<LocList>
<Loc EndOffset="502" SrcFileId="1" StartOffset="475"/>
</LocList>
<BasicStmnt CovItemId="S1" CovItemPrefix="my.PSM.PSM_Logic.Authenticate.java" Intrnl_Id="26">
<LocList>
<Loc EndOffset="502" SrcFileId="1" StartOffset="475"/>
</LocList>
</BasicStmnt>
</StmntSeq>
</HierarchyLvl>
<HierarchyLvl HierarchyLvlId="2680" HierarchyLvlTypeId="16" Intrnl_Id="27" Name="Authenticate">
<Header>
<Loc EndOffset="556" SrcFileId="1" StartOffset="513"/>
</Header>
<LocList>
<Loc EndOffset="657" SrcFileId="1" StartOffset="513"/>
</LocList>
<StmntSeq Intrnl_Id="28">
<LocList>
<Loc EndOffset="583" SrcFileId="1" StartOffset="567"/>
<Loc EndOffset="606" SrcFileId="1" StartOffset="592"/>
<Loc EndOffset="642" SrcFileId="1" StartOffset="615"/>
</LocList>
<BasicStmnt CovItemId="S2" CovItemPrefix="my.PSM.PSM_Logic.Authenticate.java" Intrnl_Id="29">
<LocList>
<Loc EndOffset="583" SrcFileId="1" StartOffset="567"/>
</LocList>
</BasicStmnt>
<BasicStmnt CovItemId="S3" CovItemPrefix="my.PSM.PSM_Logic.Authenticate.java" Intrnl_Id="30">
<LocList>
<Loc EndOffset="606" SrcFileId="1" StartOffset="592"/>
</LocList>
</BasicStmnt>
<BasicStmnt CovItemId="S4" CovItemPrefix="my.PSM.PSM_Logic.Authenticate.java" Intrnl_Id="31">
<LocList>
<Loc EndOffset="642" SrcFileId="1" StartOffset="615"/>
</LocList>
</BasicStmnt>
</StmntSeq>
</HierarchyLvl>
<HierarchyLvl HierarchyLvlId="2681" HierarchyLvlTypeId="16" Intrnl_Id="32" Name="setCredentials">
<Header>
<Loc EndOffset="714" SrcFileId="1" StartOffset="662"/>
</Header>
<LocList>
<Loc EndOffset="765" SrcFileId="1" StartOffset="662"/>
</LocList>
<StmntSeq Intrnl_Id="33">
<LocList>
<Loc EndOffset="737" SrcFileId="1" StartOffset="721"/>
<Loc EndOffset="759" SrcFileId="1" StartOffset="743"/>
</LocList>
<BasicStmnt CovItemId="S5" CovItemPrefix="my.PSM.PSM_Logic.Authenticate.java" Intrnl_Id="34">
<LocList>
<Loc EndOffset="737" SrcFileId="1" StartOffset="721"/>
</LocList>
</BasicStmnt>
<BasicStmnt CovItemId="S6" CovItemPrefix="my.PSM.PSM_Logic.Authenticate.java" Intrnl_Id="35">
<LocList>
<Loc EndOffset="759" SrcFileId="1" StartOffset="743"/>
</LocList>
</BasicStmnt>
</StmntSeq>
</HierarchyLvl>
<HierarchyLvl HierarchyLvlId="2682" HierarchyLvlTypeId="16" Intrnl_Id="36" Name="validate_Login">
<Header>
<Loc EndOffset="801" SrcFileId="1" StartOffset="770"/>
</Header>
<LocList>
<Loc EndOffset="1010" SrcFileId="1" StartOffset="770"/>
</LocList>
<StmntSeq Intrnl_Id="37">
<LocList>
<Loc EndOffset="874" SrcFileId="1" StartOffset="836"/>
<Loc EndOffset="1001" SrcFileId="1" StartOffset="923"/>
</LocList>
<BasicStmnt CovItemId="S7" CovItemPrefix="my.PSM.PSM_Logic.Authenticate.java" Intrnl_Id="38">
<LocList>
<Loc EndOffset="874" SrcFileId="1" StartOffset="836"/>
</LocList>
</BasicStmnt>
<CondStmnt CovItemId="S8" CovItemPrefix="my.PSM.PSM_Logic.Authenticate.java" Intrnl_Id="39">
<Branch CovItemId="B1" CovItemPrefix="my.PSM.PSM_Logic.Authenticate.java" Implct="false" Intrnl_Id="40">
<Cond/>
<LocList>
<Loc EndOffset="962" SrcFileId="1" StartOffset="950"/>
</LocList>
<StmntSeq Intrnl_Id="41">
<LocList>
<Loc EndOffset="962" SrcFileId="1" StartOffset="950"/>
</LocList>
<BasicStmnt CovItemId="S9" CovItemPrefix="my.PSM.PSM_Logic.Authenticate.java" Intrnl_Id="42">
<LocList>
<Loc EndOffset="962" SrcFileId="1" StartOffset="950"/>
</LocList>
</BasicStmnt>
</StmntSeq>
</Branch>
<Branch CovItemId="B2" CovItemPrefix="my.PSM.PSM_Logic.Authenticate.java" Implct="false" Intrnl_Id="43">
<Cond>
<Loc EndOffset="975" SrcFileId="1" StartOffset="971"/>
</Cond>
<LocList>
<Loc EndOffset="1001" SrcFileId="1" StartOffset="988"/>
</LocList>
<StmntSeq Intrnl_Id="44">
<LocList>
<Loc EndOffset="1001" SrcFileId="1" StartOffset="988"/>
</LocList>
<BasicStmnt CovItemId="S10" CovItemPrefix="my.PSM.PSM_Logic.Authenticate.java" Intrnl_Id="45">
<LocList>
<Loc EndOffset="1001" SrcFileId="1" StartOffset="988"/>
</LocList>
</BasicStmnt>
</StmntSeq>
</Branch>
<Keyword EndOffset="925" SrcFileId="1" StartOffset="923"/>
<LocList>
<Loc EndOffset="1001" SrcFileId="1" StartOffset="923"/>
</LocList>
</CondStmnt>
</StmntSeq>
</HierarchyLvl>
<HierarchyLvl HierarchyLvlId="2683" HierarchyLvlTypeId="16" Intrnl_Id="46" Name="logout">
<Header>
<Loc EndOffset="1043" SrcFileId="1" StartOffset="1020"/>
</Header>
<LocList>
<Loc EndOffset="1194" SrcFileId="1" StartOffset="1020"/>
</LocList>
<StmntSeq Intrnl_Id="47">
<LocList>
<Loc EndOffset="1101" SrcFileId="1" StartOffset="1077"/>
<Loc EndOffset="1188" SrcFileId="1" StartOffset="1110"/>
</LocList>
<BasicStmnt CovItemId="S11" CovItemPrefix="my.PSM.PSM_Logic.Authenticate.java" Intrnl_Id="48">
<LocList>
<Loc EndOffset="1101" SrcFileId="1" StartOffset="1077"/>
</LocList>
</BasicStmnt>
<CondStmnt CovItemId="S12" CovItemPrefix="my.PSM.PSM_Logic.Authenticate.java" Intrnl_Id="49">
<Branch CovItemId="B3" CovItemPrefix="my.PSM.PSM_Logic.Authenticate.java" Implct="false" Intrnl_Id="50">
<Cond/>
<LocList>
<Loc EndOffset="1149" SrcFileId="1" StartOffset="1137"/>
</LocList>
<StmntSeq Intrnl_Id="51">
<LocList>
<Loc EndOffset="1149" SrcFileId="1" StartOffset="1137"/>
</LocList>
<BasicStmnt CovItemId="S13" CovItemPrefix="my.PSM.PSM_Logic.Authenticate.java" Intrnl_Id="52">
<LocList>
<Loc EndOffset="1149" SrcFileId="1" StartOffset="1137"/>
</LocList>
</BasicStmnt>
</StmntSeq>
</Branch>
<Branch CovItemId="B4" CovItemPrefix="my.PSM.PSM_Logic.Authenticate.java" Implct="false" Intrnl_Id="53">
<Cond>
<Loc EndOffset="1162" SrcFileId="1" StartOffset="1158"/>
</Cond>
<LocList>
<Loc EndOffset="1188" SrcFileId="1" StartOffset="1175"/>
</LocList>
<StmntSeq Intrnl_Id="54">
<LocList>
<Loc EndOffset="1188" SrcFileId="1" StartOffset="1175"/>
</LocList>
<BasicStmnt CovItemId="S14" CovItemPrefix="my.PSM.PSM_Logic.Authenticate.java" Intrnl_Id="55">
<LocList>
<Loc EndOffset="1188" SrcFileId="1" StartOffset="1175"/>
</LocList>
</BasicStmnt>
</StmntSeq>
</Branch>
<Keyword EndOffset="1112" SrcFileId="1" StartOffset="1110"/>
<LocList>
<Loc EndOffset="1188" SrcFileId="1" StartOffset="1110"/>
</LocList>
</CondStmnt>
</StmntSeq>
</HierarchyLvl>
</HierarchyLvl>
<HierarchyLvl HierarchyLvlId="2686" HierarchyLvlTypeId="15" Intrnl_Id="56" Name="FutureTimer">
<Header>
<Loc EndOffset="426" SrcFileId="2" StartOffset="388"/>
</Header>
<LocList>
<Loc EndOffset="784" SrcFileId="2" StartOffset="388"/>
</LocList>
<HierarchyLvl HierarchyLvlId="2685" HierarchyLvlTypeId="16" Intrnl_Id="57" Name="schedule">
<Header>
<Loc EndOffset="489" SrcFileId="2" StartOffset="440"/>
</Header>
<LocList>
<Loc EndOffset="781" SrcFileId="2" StartOffset="440"/>
</LocList>
<StmntSeq Intrnl_Id="58">
<LocList>
<Loc EndOffset="554" SrcFileId="2" StartOffset="515"/>
<Loc EndOffset="612" SrcFileId="2" StartOffset="564"/>
<Loc EndOffset="655" SrcFileId="2" StartOffset="622"/>
<Loc EndOffset="724" SrcFileId="2" StartOffset="665"/>
<Loc EndOffset="773" SrcFileId="2" StartOffset="744"/>
</LocList>
<BasicStmnt CovItemId="S1" CovItemPrefix="my.PSM.PSM_Logic.FutureTimer.java" Intrnl_Id="59">
<LocList>
<Loc EndOffset="554" SrcFileId="2" StartOffset="515"/>
</LocList>
</BasicStmnt>
<BasicStmnt CovItemId="S2" CovItemPrefix="my.PSM.PSM_Logic.FutureTimer.java" Intrnl_Id="60">
<LocList>
<Loc EndOffset="612" SrcFileId="2" StartOffset="564"/>
</LocList>
</BasicStmnt>
<BasicStmnt CovItemId="S3" CovItemPrefix="my.PSM.PSM_Logic.FutureTimer.java" Intrnl_Id="61">
<LocList>
<Loc EndOffset="655" SrcFileId="2" StartOffset="622"/>
</LocList>
</BasicStmnt>
<CondStmnt CovItemId="S4" CovItemPrefix="my.PSM.PSM_Logic.FutureTimer.java" Intrnl_Id="62">
<Branch CovItemId="B1" CovItemPrefix="my.PSM.PSM_Logic.FutureTimer.java" Implct="false" Intrnl_Id="63">
<Cond/>
<LocList>
<Loc EndOffset="724" SrcFileId="2" StartOffset="717"/>
</LocList>
<StmntSeq Intrnl_Id="64">
<LocList>
<Loc EndOffset="724" SrcFileId="2" StartOffset="717"/>
</LocList>
<BasicStmnt CovItemId="S5" CovItemPrefix="my.PSM.PSM_Logic.FutureTimer.java" Intrnl_Id="65">
<LocList>
<Loc EndOffset="724" SrcFileId="2" StartOffset="717"/>
</LocList>
</BasicStmnt>
</StmntSeq>
</Branch>
<Branch CovItemId="B2" CovItemPrefix="my.PSM.PSM_Logic.FutureTimer.java" Implct="true" Intrnl_Id="66">
<Cond/>
<LocList/>
<StmntSeq Intrnl_Id="67">
<LocList/>
</StmntSeq>
</Branch>
<Keyword EndOffset="667" SrcFileId="2" StartOffset="665"/>
<LocList>
<Loc EndOffset="724" SrcFileId="2" StartOffset="665"/>
</LocList>
</CondStmnt>
<BasicStmnt CovItemId="S6" CovItemPrefix="my.PSM.PSM_Logic.FutureTimer.java" Intrnl_Id="68">
<LocList>
<Loc EndOffset="773" SrcFileId="2" StartOffset="744"/>
</LocList>
</BasicStmnt>
</StmntSeq>
</HierarchyLvl>
</HierarchyLvl>
<HierarchyLvl HierarchyLvlId="2698" HierarchyLvlTypeId="15" Intrnl_Id="69" Name="InterfaceController">
<Header>
<Loc EndOffset="270" SrcFileId="3" StartOffset="238"/>
</Header>
<LocList>
<Loc EndOffset="1815" SrcFileId="3" StartOffset="238"/>
</LocList>
<HierarchyLvl HierarchyLvlId="2687" HierarchyLvlTypeId="16" Intrnl_Id="70" Name="InterfaceController">
<Header>
<Loc EndOffset="345" SrcFileId="3" StartOffset="317"/>
</Header>
<LocList>
<Loc EndOffset="366" SrcFileId="3" StartOffset="317"/>
</LocList>
</HierarchyLvl>
<HierarchyLvl HierarchyLvlId="2688" HierarchyLvlTypeId="16" Intrnl_Id="71" Name="setFacade">
<Header>
<Loc EndOffset="414" SrcFileId="3" StartOffset="371"/>
</Header>
<LocList>
<Loc EndOffset="441" SrcFileId="3" StartOffset="371"/>
</LocList>
<StmntSeq Intrnl_Id="72">
<LocList>
<Loc EndOffset="435" SrcFileId="3" StartOffset="421"/>
</LocList>
<BasicStmnt CovItemId="S1" CovItemPrefix="my.PSM.PSM_Logic.InterfaceController.java" Intrnl_Id="73">
<LocList>
<Loc EndOffset="435" SrcFileId="3" StartOffset="421"/>
</LocList>
</BasicStmnt>
</StmntSeq>
</HierarchyLvl>
<HierarchyLvl HierarchyLvlId="2689" HierarchyLvlTypeId="16" Intrnl_Id="74" Name="passwordLock">
<Header>
<Loc EndOffset="472" SrcFileId="3" StartOffset="446"/>
</Header>
<LocList>
<Loc EndOffset="512" SrcFileId="3" StartOffset="446"/>
</LocList>
<StmntSeq Intrnl_Id="75">
<LocList>
<Loc EndOffset="506" SrcFileId="3" StartOffset="487"/>
</LocList>
<BasicStmnt CovItemId="S2" CovItemPrefix="my.PSM.PSM_Logic.InterfaceController.java" Intrnl_Id="76">
<LocList>
<Loc EndOffset="506" SrcFileId="3" StartOffset="487"/>
</LocList>
</BasicStmnt>
</StmntSeq>
</HierarchyLvl>
<HierarchyLvl HierarchyLvlId="2690" HierarchyLvlTypeId="16" Intrnl_Id="77" Name="Initiate_Logout">
<Header>
<Loc EndOffset="546" SrcFileId="3" StartOffset="517"/>
</Header>
<LocList>
<Loc EndOffset="682" SrcFileId="3" StartOffset="517"/>
</LocList>
<StmntSeq Intrnl_Id="78">
<LocList>
<Loc EndOffset="670" SrcFileId="3" StartOffset="642"/>
</LocList>
<BasicStmnt CovItemId="S3" CovItemPrefix="my.PSM.PSM_Logic.InterfaceController.java" Intrnl_Id="79">
<LocList>
<Loc EndOffset="670" SrcFileId="3" StartOffset="642"/>
</LocList>
</BasicStmnt>
</StmntSeq>
</HierarchyLvl>
<HierarchyLvl HierarchyLvlId="2691" HierarchyLvlTypeId="16" Intrnl_Id="80" Name="Initiate_IncorrectLogin">
<Header>
<Loc EndOffset="725" SrcFileId="3" StartOffset="688"/>
</Header>
<LocList>
<Loc EndOffset="815" SrcFileId="3" StartOffset="688"/>
</LocList>
<StmntSeq Intrnl_Id="81">
<LocList>
<Loc EndOffset="773" SrcFileId="3" StartOffset="749"/>
</LocList>
<BasicStmnt CovItemId="S4" CovItemPrefix="my.PSM.PSM_Logic.InterfaceController.java" Intrnl_Id="82">
<LocList>
<Loc EndOffset="773" SrcFileId="3" StartOffset="749"/>
</LocList>
</BasicStmnt>
</StmntSeq>
</HierarchyLvl>
<HierarchyLvl HierarchyLvlId="2692" HierarchyLvlTypeId="16" Intrnl_Id="83" Name="Initiate_Schedule_Form">
<Header>
<Loc EndOffset="861" SrcFileId="3" StartOffset="825"/>
</Header>
<LocList>
<Loc EndOffset="913" SrcFileId="3" StartOffset="825"/>
</LocList>
<StmntSeq Intrnl_Id="84">
<LocList>
<Loc EndOffset="907" SrcFileId="3" StartOffset="884"/>
</LocList>
<BasicStmnt CovItemId="S5" CovItemPrefix="my.PSM.PSM_Logic.InterfaceController.java" Intrnl_Id="85">
<LocList>
<Loc EndOffset="907" SrcFileId="3" StartOffset="884"/>
</LocList>
</BasicStmnt>
</StmntSeq>
</HierarchyLvl>
<HierarchyLvl HierarchyLvlId="2693" HierarchyLvlTypeId="16" Intrnl_Id="86" Name="Pre_Filled_Form">
<Header>
<Loc EndOffset="1278" SrcFileId="3" StartOffset="919"/>
</Header>
<LocList>
<Loc EndOffset="1531" SrcFileId="3" StartOffset="919"/>
</LocList>
<StmntSeq Intrnl_Id="87">
<LocList>
<Loc EndOffset="1525" SrcFileId="3" StartOffset="1310"/>
</LocList>
<BasicStmnt CovItemId="S6" CovItemPrefix="my.PSM.PSM_Logic.InterfaceController.java" Intrnl_Id="88">
<LocList>
<Loc EndOffset="1525" SrcFileId="3" StartOffset="1310"/>
</LocList>
</BasicStmnt>
</StmntSeq>
</HierarchyLvl>
<HierarchyLvl HierarchyLvlId="2694" HierarchyLvlTypeId="16" Intrnl_Id="89" Name="Course_Select_Form">
<Header>
<Loc EndOffset="1573" SrcFileId="3" StartOffset="1541"/>
</Header>
<LocList>
<Loc EndOffset="1611" SrcFileId="3" StartOffset="1541"/>
</LocList>
<StmntSeq Intrnl_Id="90">
<LocList>
<Loc EndOffset="1605" SrcFileId="3" StartOffset="1583"/>
</LocList>
<BasicStmnt CovItemId="S7" CovItemPrefix="my.PSM.PSM_Logic.InterfaceController.java" Intrnl_Id="91">
<LocList>
<Loc EndOffset="1605" SrcFileId="3" StartOffset="1583"/>
</LocList>
</BasicStmnt>
</StmntSeq>
</HierarchyLvl>
<HierarchyLvl HierarchyLvlId="2695" HierarchyLvlTypeId="16" Intrnl_Id="92" Name="Initiate_Login_Form">
<Header>
<Loc EndOffset="1649" SrcFileId="3" StartOffset="1616"/>
</Header>
<LocList>
<Loc EndOffset="1693" SrcFileId="3" StartOffset="1616"/>
</LocList>
<StmntSeq Intrnl_Id="93">
<LocList>
<Loc EndOffset="1686" SrcFileId="3" StartOffset="1661"/>
</LocList>
<BasicStmnt CovItemId="S8" CovItemPrefix="my.PSM.PSM_Logic.InterfaceController.java" Intrnl_Id="94">
<LocList>
<Loc EndOffset="1686" SrcFileId="3" StartOffset="1661"/>
</LocList>
</BasicStmnt>
</StmntSeq>
</HierarchyLvl>
<HierarchyLvl HierarchyLvlId="2696" HierarchyLvlTypeId="16" Intrnl_Id="95" Name="Initiate_Message">
<Header>
<Loc EndOffset="1729" SrcFileId="3" StartOffset="1699"/>
</Header>
<LocList>
<Loc EndOffset="1738" SrcFileId="3" StartOffset="1699"/>
</LocList>
</HierarchyLvl>
<HierarchyLvl HierarchyLvlId="2697" HierarchyLvlTypeId="16" Intrnl_Id="96" Name="Initiate_MainMenu">
<Header>
<Loc EndOffset="1775" SrcFileId="3" StartOffset="1744"/>
</Header>
<LocList>
<Loc EndOffset="1813" SrcFileId="3" StartOffset="1744"/>
</LocList>
<StmntSeq Intrnl_Id="97">
<LocList>
<Loc EndOffset="1806" SrcFileId="3" StartOffset="1786"/>
</LocList>
<BasicStmnt CovItemId="S9" CovItemPrefix="my.PSM.PSM_Logic.InterfaceController.java" Intrnl_Id="98">
<LocList>
<Loc EndOffset="1806" SrcFileId="3" StartOffset="1786"/>
</LocList>
</BasicStmnt>
</StmntSeq>
</HierarchyLvl>
</HierarchyLvl>
<HierarchyLvl HierarchyLvlId="2701" HierarchyLvlTypeId="15" Intrnl_Id="99" Name="LogicFacade">
<Header>
<Loc EndOffset="225" SrcFileId="4" StartOffset="201"/>
</Header>
<LocList>
<Loc EndOffset="666" SrcFileId="4" StartOffset="201"/>
</LocList>
<HierarchyLvl HierarchyLvlId="2699" HierarchyLvlTypeId="16" Intrnl_Id="100" Name="LogicFacade">
<Header>
<Loc EndOffset="416" SrcFileId="4" StartOffset="370"/>
</Header>
<LocList>
<Loc EndOffset="570" SrcFileId="4" StartOffset="370"/>
</LocList>
<StmntSeq Intrnl_Id="101">
<LocList>
<Loc EndOffset="449" SrcFileId="4" StartOffset="423"/>
<Loc EndOffset="490" SrcFileId="4" StartOffset="455"/>
<Loc EndOffset="527" SrcFileId="4" StartOffset="496"/>
<Loc EndOffset="564" SrcFileId="4" StartOffset="533"/>
</LocList>
<BasicStmnt CovItemId="S1" CovItemPrefix="my.PSM.PSM_Logic.LogicFacade.java" Intrnl_Id="102">
<LocList>
<Loc EndOffset="449" SrcFileId="4" StartOffset="423"/>
</LocList>
</BasicStmnt>
<BasicStmnt CovItemId="S2" CovItemPrefix="my.PSM.PSM_Logic.LogicFacade.java" Intrnl_Id="103">
<LocList>
<Loc EndOffset="490" SrcFileId="4" StartOffset="455"/>
</LocList>
</BasicStmnt>
<BasicStmnt CovItemId="S3" CovItemPrefix="my.PSM.PSM_Logic.LogicFacade.java" Intrnl_Id="104">
<LocList>
<Loc EndOffset="527" SrcFileId="4" StartOffset="496"/>
</LocList>
</BasicStmnt>
<BasicStmnt CovItemId="S4" CovItemPrefix="my.PSM.PSM_Logic.LogicFacade.java" Intrnl_Id="105">
<LocList>
<Loc EndOffset="564" SrcFileId="4" StartOffset="533"/>
</LocList>
</BasicStmnt>
</StmntSeq>
</HierarchyLvl>
<HierarchyLvl HierarchyLvlId="2700" HierarchyLvlTypeId="16" Intrnl_Id="106" Name="fetchCourses">
<Header>
<Loc EndOffset="615" SrcFileId="4" StartOffset="580"/>
</Header>
<LocList>
<Loc EndOffset="664" SrcFileId="4" StartOffset="580"/>
</LocList>
<StmntSeq Intrnl_Id="107">
<LocList>
<Loc EndOffset="658" SrcFileId="4" StartOffset="622"/>
</LocList>
<BasicStmnt CovItemId="S5" CovItemPrefix="my.PSM.PSM_Logic.LogicFacade.java" Intrnl_Id="108">
<LocList>
<Loc EndOffset="658" SrcFileId="4" StartOffset="622"/>
</LocList>
</BasicStmnt>
</StmntSeq>
</HierarchyLvl>
</HierarchyLvl>
<HierarchyLvl HierarchyLvlId="2703" HierarchyLvlTypeId="15" Intrnl_Id="109" Name="PSM_app">
<Header>
<Loc EndOffset="97" SrcFileId="5" StartOffset="77"/>
</Header>
<LocList>
<Loc EndOffset="486" SrcFileId="5" StartOffset="77"/>
</LocList>
<HierarchyLvl HierarchyLvlId="2702" HierarchyLvlTypeId="16" Intrnl_Id="110" Name="main">
<Header>
<Loc EndOffset="142" SrcFileId="5" StartOffset="104"/>
</Header>
<LocList>
<Loc EndOffset="481" SrcFileId="5" StartOffset="104"/>
</LocList>
<StmntSeq Intrnl_Id="111">
<LocList>
<Loc EndOffset="319" SrcFileId="5" StartOffset="279"/>
<Loc EndOffset="370" SrcFileId="5" StartOffset="326"/>
<Loc EndOffset="423" SrcFileId="5" StartOffset="377"/>
<Loc EndOffset="457" SrcFileId="5" StartOffset="430"/>
<Loc EndOffset="477" SrcFileId="5" StartOffset="464"/>
</LocList>
<BasicStmnt CovItemId="S1" CovItemPrefix="my.PSM.PSM_Logic.PSM_app.java" Intrnl_Id="112">
<LocList>
<Loc EndOffset="319" SrcFileId="5" StartOffset="279"/>
</LocList>
</BasicStmnt>
<BasicStmnt CovItemId="S2" CovItemPrefix="my.PSM.PSM_Logic.PSM_app.java" Intrnl_Id="113">
<LocList>
<Loc EndOffset="370" SrcFileId="5" StartOffset="326"/>
</LocList>
</BasicStmnt>
<BasicStmnt CovItemId="S3" CovItemPrefix="my.PSM.PSM_Logic.PSM_app.java" Intrnl_Id="114">
<LocList>
<Loc EndOffset="423" SrcFileId="5" StartOffset="377"/>
</LocList>
</BasicStmnt>
<BasicStmnt CovItemId="S4" CovItemPrefix="my.PSM.PSM_Logic.PSM_app.java" Intrnl_Id="115">
<LocList>
<Loc EndOffset="457" SrcFileId="5" StartOffset="430"/>
</LocList>
</BasicStmnt>
<BasicStmnt CovItemId="S5" CovItemPrefix="my.PSM.PSM_Logic.PSM_app.java" Intrnl_Id="116">
<LocList>
<Loc EndOffset="477" SrcFileId="5" StartOffset="464"/>
</LocList>
</BasicStmnt>
</StmntSeq>
</HierarchyLvl>
</HierarchyLvl>
<HierarchyLvl HierarchyLvlId="2758" HierarchyLvlTypeId="15" Intrnl_Id="117" Name="appController">
<Header>
<Loc EndOffset="634" SrcFileId="6" StartOffset="608"/>
</Header>
<LocList>
<Loc EndOffset="17469" SrcFileId="6" StartOffset="608"/>
</LocList>
<StmntSeq Intrnl_Id="118">
<LocList>
<Loc EndOffset="688" SrcFileId="6" StartOffset="646"/>
<Loc EndOffset="813" SrcFileId="6" StartOffset="753"/>
<Loc EndOffset="875" SrcFileId="6" StartOffset="818"/>
<Loc EndOffset="939" SrcFileId="6" StartOffset="880"/>
<Loc EndOffset="991" SrcFileId="6" StartOffset="944"/>
<Loc EndOffset="1034" SrcFileId="6" StartOffset="996"/>
<Loc EndOffset="1078" SrcFileId="6" StartOffset="1039"/>
<Loc EndOffset="1121" SrcFileId="6" StartOffset="1088"/>
<Loc EndOffset="1164" SrcFileId="6" StartOffset="1126"/>
<Loc EndOffset="1209" SrcFileId="6" StartOffset="1169"/>
<Loc EndOffset="1255" SrcFileId="6" StartOffset="1214"/>
<Loc EndOffset="1299" SrcFileId="6" StartOffset="1260"/>
<Loc EndOffset="1342" SrcFileId="6" StartOffset="1304"/>
<Loc EndOffset="1383" SrcFileId="6" StartOffset="1347"/>
<Loc EndOffset="1426" SrcFileId="6" StartOffset="1388"/>
<Loc EndOffset="1467" SrcFileId="6" StartOffset="1431"/>
<Loc EndOffset="1510" SrcFileId="6" StartOffset="1472"/>
<Loc EndOffset="1551" SrcFileId="6" StartOffset="1515"/>
<Loc EndOffset="1594" SrcFileId="6" StartOffset="1556"/>
<Loc EndOffset="1635" SrcFileId="6" StartOffset="1599"/>
<Loc EndOffset="1678" SrcFileId="6" StartOffset="1640"/>
<Loc EndOffset="1719" SrcFileId="6" StartOffset="1683"/>
<Loc EndOffset="1762" SrcFileId="6" StartOffset="1724"/>
<Loc EndOffset="1803" SrcFileId="6" StartOffset="1767"/>
<Loc EndOffset="1966" SrcFileId="6" StartOffset="1922"/>
<Loc EndOffset="2013" SrcFileId="6" StartOffset="1971"/>
<Loc EndOffset="2263" SrcFileId="6" StartOffset="2218"/>
<Loc EndOffset="2309" SrcFileId="6" StartOffset="2268"/>
<Loc EndOffset="2407" SrcFileId="6" StartOffset="2376"/>
<Loc EndOffset="2482" SrcFileId="6" StartOffset="2417"/>
<Loc EndOffset="2553" SrcFileId="6" StartOffset="2487"/>
<Loc EndOffset="2612" SrcFileId="6" StartOffset="2558"/>
<Loc EndOffset="2686" SrcFileId="6" StartOffset="2651"/>
<Loc EndOffset="13679" SrcFileId="6" StartOffset="13644"/>
<Loc EndOffset="13792" SrcFileId="6" StartOffset="13791"/>
<Loc EndOffset="13840" SrcFileId="6" StartOffset="13802"/>
<Loc EndOffset="13957" SrcFileId="6" StartOffset="13956"/>
<Loc EndOffset="14001" SrcFileId="6" StartOffset="13964"/>
<Loc EndOffset="14115" SrcFileId="6" StartOffset="14114"/>
<Loc EndOffset="14168" SrcFileId="6" StartOffset="14130"/>
<Loc EndOffset="14336" SrcFileId="6" StartOffset="14335"/>
<Loc EndOffset="14389" SrcFileId="6" StartOffset="14351"/>
<Loc EndOffset="14491" SrcFileId="6" StartOffset="14490"/>
</LocList>
<BasicStmnt CovItemId="S1" CovItemPrefix="my.PSM.PSM_Logic.appController.java" Intrnl_Id="119">
<LocList>
<Loc EndOffset="688" SrcFileId="6" StartOffset="646"/>
</LocList>
</BasicStmnt>
<BasicStmnt CovItemId="S2" CovItemPrefix="my.PSM.PSM_Logic.appController.java" Intrnl_Id="120">
<LocList>
<Loc EndOffset="813" SrcFileId="6" StartOffset="753"/>
</LocList>
</BasicStmnt>
<BasicStmnt CovItemId="S3" CovItemPrefix="my.PSM.PSM_Logic.appController.java" Intrnl_Id="121">
<LocList>
<Loc EndOffset="875" SrcFileId="6" StartOffset="818"/>
</LocList>
</BasicStmnt>
<BasicStmnt CovItemId="S4" CovItemPrefix="my.PSM.PSM_Logic.appController.java" Intrnl_Id="122">
<LocList>
<Loc EndOffset="939" SrcFileId="6" StartOffset="880"/>
</LocList>
</BasicStmnt>
<BasicStmnt CovItemId="S5" CovItemPrefix="my.PSM.PSM_Logic.appController.java" Intrnl_Id="123">
<LocList>
<Loc EndOffset="991" SrcFileId="6" StartOffset="944"/>
</LocList>
</BasicStmnt>
<BasicStmnt CovItemId="S6" CovItemPrefix="my.PSM.PSM_Logic.appController.java" Intrnl_Id="124">
<LocList>
<Loc EndOffset="1034" SrcFileId="6" StartOffset="996"/>
</LocList>
</BasicStmnt>
<BasicStmnt CovItemId="S7" CovItemPrefix="my.PSM.PSM_Logic.appController.java" Intrnl_Id="125">
<LocList>
<Loc EndOffset="1078" SrcFileId="6" StartOffset="1039"/>
</LocList>
</BasicStmnt>
<BasicStmnt CovItemId="S8" CovItemPrefix="my.PSM.PSM_Logic.appController.java" Intrnl_Id="126">
<LocList>
<Loc EndOffset="1121" SrcFileId="6" StartOffset="1088"/>
</LocList>
</BasicStmnt>
<BasicStmnt CovItemId="S9" CovItemPrefix="my.PSM.PSM_Logic.appController.java" Intrnl_Id="127">
<LocList>
<Loc EndOffset="1164" SrcFileId="6" StartOffset="1126"/>
</LocList>
</BasicStmnt>
<BasicStmnt CovItemId="S10" CovItemPrefix="my.PSM.PSM_Logic.appController.java" Intrnl_Id="128">
<LocList>
<Loc EndOffset="1209" SrcFileId="6" StartOffset="1169"/>
</LocList>
</BasicStmnt>
<BasicStmnt CovItemId="S11" CovItemPrefix="my.PSM.PSM_Logic.appController.java" Intrnl_Id="129">
<LocList>
<Loc EndOffset="1255" SrcFileId="6" StartOffset="1214"/>
</LocList>
</BasicStmnt>
<BasicStmnt CovItemId="S12" CovItemPrefix="my.PSM.PSM_Logic.appController.java" Intrnl_Id="130">
<LocList>
<Loc EndOffset="1299" SrcFileId="6" StartOffset="1260"/>
</LocList>
</BasicStmnt>
<BasicStmnt CovItemId="S13" CovItemPrefix="my.PSM.PSM_Logic.appController.java" Intrnl_Id="131">
<LocList>
<Loc EndOffset="1342" SrcFileId="6" StartOffset="1304"/>
</LocList>
</BasicStmnt>
<BasicStmnt CovItemId="S14" CovItemPrefix="my.PSM.PSM_Logic.appController.java" Intrnl_Id="132">
<LocList>
<Loc EndOffset="1383" SrcFileId="6" StartOffset="1347"/>
</LocList>
</BasicStmnt>
<BasicStmnt CovItemId="S15" CovItemPrefix="my.PSM.PSM_Logic.appController.java" Intrnl_Id="133">
<LocList>
<Loc EndOffset="1426" SrcFileId="6" StartOffset="1388"/>
</LocList>
</BasicStmnt>
<BasicStmnt CovItemId="S16" CovItemPrefix="my.PSM.PSM_Logic.appController.java" Intrnl_Id="134">
<LocList>
<Loc EndOffset="1467" SrcFileId="6" StartOffset="1431"/>
</LocList>
</BasicStmnt>
<BasicStmnt CovItemId="S17" CovItemPrefix="my.PSM.PSM_Logic.appController.java" Intrnl_Id="135">
<LocList>
<Loc EndOffset="1510" SrcFileId="6" StartOffset="1472"/>
</LocList>
</BasicStmnt>
<BasicStmnt CovItemId="S18" CovItemPrefix="my.PSM.PSM_Logic.appController.java" Intrnl_Id="136">
<LocList>
<Loc EndOffset="1551" SrcFileId="6" StartOffset="1515"/>
</LocList>
</BasicStmnt>
<BasicStmnt CovItemId="S19" CovItemPrefix="my.PSM.PSM_Logic.appController.java" Intrnl_Id="137">
<LocList>
<Loc EndOffset="1594" SrcFileId="6" StartOffset="1556"/>
</LocList>
</BasicStmnt>
<BasicStmnt CovItemId="S20" CovItemPrefix="my.PSM.PSM_Logic.appController.java" Intrnl_Id="138">
<LocList>
<Loc EndOffset="1635" SrcFileId="6" StartOffset="1599"/>
</LocList>
</BasicStmnt>
<BasicStmnt CovItemId="S21" CovItemPrefix="my.PSM.PSM_Logic.appController.java" Intrnl_Id="139">
<LocList>
<Loc EndOffset="1678" SrcFileId="6" StartOffset="1640"/>
</LocList>
</BasicStmnt>
<BasicStmnt CovItemId="S22" CovItemPrefix="my.PSM.PSM_Logic.appController.java" Intrnl_Id="140">
<LocList>
<Loc EndOffset="1719" SrcFileId="6" StartOffset="1683"/>
</LocList>
</BasicStmnt>
<BasicStmnt CovItemId="S23" CovItemPrefix="my.PSM.PSM_Logic.appController.java" Intrnl_Id="141">
<LocList>
<Loc EndOffset="1762" SrcFileId="6" StartOffset="1724"/>
</LocList>
</BasicStmnt>
<BasicStmnt CovItemId="S24" CovItemPrefix="my.PSM.PSM_Logic.appController.java" Intrnl_Id="142">
<LocList>
<Loc EndOffset="1803" SrcFileId="6" StartOffset="1767"/>
</LocList>
</BasicStmnt>
<BasicStmnt CovItemId="S25" CovItemPrefix="my.PSM.PSM_Logic.appController.java" Intrnl_Id="143">
<LocList>
<Loc EndOffset="1966" SrcFileId="6" StartOffset="1922"/>
</LocList>
</BasicStmnt>
<BasicStmnt CovItemId="S26" CovItemPrefix="my.PSM.PSM_Logic.appController.java" Intrnl_Id="144">
<LocList>
<Loc EndOffset="2013" SrcFileId="6" StartOffset="1971"/>
</LocList>
</BasicStmnt>
<BasicStmnt CovItemId="S30" CovItemPrefix="my.PSM.PSM_Logic.appController.java" Intrnl_Id="145">
<LocList>
<Loc EndOffset="2263" SrcFileId="6" StartOffset="2218"/>
</LocList>
</BasicStmnt>
<BasicStmnt CovItemId="S31" CovItemPrefix="my.PSM.PSM_Logic.appController.java" Intrnl_Id="146">
<LocList>
<Loc EndOffset="2309" SrcFileId="6" StartOffset="2268"/>
</LocList>
</BasicStmnt>
<BasicStmnt CovItemId="S32" CovItemPrefix="my.PSM.PSM_Logic.appController.java" Intrnl_Id="147">
<LocList>
<Loc EndOffset="2407" SrcFileId="6" StartOffset="2376"/>
</LocList>
</BasicStmnt>
<BasicStmnt CovItemId="S33" CovItemPrefix="my.PSM.PSM_Logic.appController.java" Intrnl_Id="148">
<LocList>
<Loc EndOffset="2482" SrcFileId="6" StartOffset="2417"/>
</LocList>
</BasicStmnt>
<BasicStmnt CovItemId="S34" CovItemPrefix="my.PSM.PSM_Logic.appController.java" Intrnl_Id="149">
<LocList>
<Loc EndOffset="2553" SrcFileId="6" StartOffset="2487"/>
</LocList>
</BasicStmnt>
<BasicStmnt CovItemId="S35" CovItemPrefix="my.PSM.PSM_Logic.appController.java" Intrnl_Id="150">
<LocList>
<Loc EndOffset="2612" SrcFileId="6" StartOffset="2558"/>
</LocList>
</BasicStmnt>
<BasicStmnt CovItemId="S36" CovItemPrefix="my.PSM.PSM_Logic.appController.java" Intrnl_Id="151">
<LocList>
<Loc EndOffset="2686" SrcFileId="6" StartOffset="2651"/>
</LocList>
</BasicStmnt>
<BasicStmnt CovItemId="S195" CovItemPrefix="my.PSM.PSM_Logic.appController.java" Intrnl_Id="152">
<LocList>
<Loc EndOffset="13679" SrcFileId="6" StartOffset="13644"/>
<Loc EndOffset="13792" SrcFileId="6" StartOffset="13791"/>
</LocList>
</BasicStmnt>
<BasicStmnt CovItemId="S197" CovItemPrefix="my.PSM.PSM_Logic.appController.java" Intrnl_Id="153">
<LocList>
<Loc EndOffset="13840" SrcFileId="6" StartOffset="13802"/>
<Loc EndOffset="13957" SrcFileId="6" StartOffset="13956"/>
</LocList>
</BasicStmnt>
<BasicStmnt CovItemId="S199" CovItemPrefix="my.PSM.PSM_Logic.appController.java" Intrnl_Id="154">
<LocList>
<Loc EndOffset="14001" SrcFileId="6" StartOffset="13964"/>
<Loc EndOffset="14115" SrcFileId="6" StartOffset="14114"/>
</LocList>
</BasicStmnt>
<BasicStmnt CovItemId="S201" CovItemPrefix="my.PSM.PSM_Logic.appController.java" Intrnl_Id="155">
<LocList>
<Loc EndOffset="14168" SrcFileId="6" StartOffset="14130"/>
<Loc EndOffset="14336" SrcFileId="6" StartOffset="14335"/>
</LocList>
</BasicStmnt>
<BasicStmnt CovItemId="S204" CovItemPrefix="my.PSM.PSM_Logic.appController.java" Intrnl_Id="156">
<LocList>
<Loc EndOffset="14389" SrcFileId="6" StartOffset="14351"/>
<Loc EndOffset="14491" SrcFileId="6" StartOffset="14490"/>
</LocList>
</BasicStmnt>
</StmntSeq>
<HierarchyLvl HierarchyLvlId="2704" HierarchyLvlTypeId="16" Intrnl_Id="157" Name="isEdSchedSel">
<Header>
<Loc EndOffset="2054" SrcFileId="6" StartOffset="2018"/>
</Header>
<LocList>
<Loc EndOffset="2080" SrcFileId="6" StartOffset="2018"/>
</LocList>
<StmntSeq Intrnl_Id="158">
<LocList>
<Loc EndOffset="2077" SrcFileId="6" StartOffset="2059"/>
</LocList>
<BasicStmnt CovItemId="S27" CovItemPrefix="my.PSM.PSM_Logic.appController.java" Intrnl_Id="159">
<LocList>
<Loc EndOffset="2077" SrcFileId="6" StartOffset="2059"/>
</LocList>
</BasicStmnt>
</StmntSeq>
</HierarchyLvl>
<HierarchyLvl HierarchyLvlId="2705" HierarchyLvlTypeId="16" Intrnl_Id="160" Name="isSchedSetupSel">
<Header>
<Loc EndOffset="2122" SrcFileId="6" StartOffset="2083"/>
</Header>
<LocList>
<Loc EndOffset="2151" SrcFileId="6" StartOffset="2083"/>
</LocList>
<StmntSeq Intrnl_Id="161">
<LocList>
<Loc EndOffset="2148" SrcFileId="6" StartOffset="2127"/>
</LocList>
<BasicStmnt CovItemId="S28" CovItemPrefix="my.PSM.PSM_Logic.appController.java" Intrnl_Id="162">
<LocList>
<Loc EndOffset="2148" SrcFileId="6" StartOffset="2127"/>
</LocList>
</BasicStmnt>
</StmntSeq>
</HierarchyLvl>
<HierarchyLvl HierarchyLvlId="2706" HierarchyLvlTypeId="16" Intrnl_Id="163" Name="isLogoutSel">
<Header>
<Loc EndOffset="2189" SrcFileId="6" StartOffset="2154"/>
</Header>
<LocList>
<Loc EndOffset="2214" SrcFileId="6" StartOffset="2154"/>
</LocList>
<StmntSeq Intrnl_Id="164">
<LocList>
<Loc EndOffset="2211" SrcFileId="6" StartOffset="2194"/>
</LocList>
<BasicStmnt CovItemId="S29" CovItemPrefix="my.PSM.PSM_Logic.appController.java" Intrnl_Id="165">
<LocList>
<Loc EndOffset="2211" SrcFileId="6" StartOffset="2194"/>
</LocList>
</BasicStmnt>
</StmntSeq>
</HierarchyLvl>
<HierarchyLvl HierarchyLvlId="2707" HierarchyLvlTypeId="16" Intrnl_Id="166" Name="appController">
<Header>
<Loc EndOffset="2780" SrcFileId="6" StartOffset="2758"/>
</Header>
<LocList>
<Loc EndOffset="2810" SrcFileId="6" StartOffset="2758"/>
</LocList>
<StmntSeq Intrnl_Id="167">
<LocList>
<Loc EndOffset="2804" SrcFileId="6" StartOffset="2791"/>
</LocList>
<BasicStmnt CovItemId="S37" CovItemPrefix="my.PSM.PSM_Logic.appController.java" Intrnl_Id="168">
<LocList>
<Loc EndOffset="2804" SrcFileId="6" StartOffset="2791"/>
</LocList>
</BasicStmnt>
</StmntSeq>
</HierarchyLvl>
<HierarchyLvl HierarchyLvlId="2708" HierarchyLvlTypeId="16" Intrnl_Id="169" Name="setDataStoreFacade">
<Header>
<Loc EndOffset="2918" SrcFileId="6" StartOffset="2859"/>
</Header>
<LocList>
<Loc EndOffset="2949" SrcFileId="6" StartOffset="2859"/>
</LocList>
<StmntSeq Intrnl_Id="170">
<LocList>
<Loc EndOffset="2943" SrcFileId="6" StartOffset="2925"/>
</LocList>
<BasicStmnt CovItemId="S38" CovItemPrefix="my.PSM.PSM_Logic.appController.java" Intrnl_Id="171">
<LocList>
<Loc EndOffset="2943" SrcFileId="6" StartOffset="2925"/>
</LocList>
</BasicStmnt>
</StmntSeq>
</HierarchyLvl>
<HierarchyLvl HierarchyLvlId="2709" HierarchyLvlTypeId="16" Intrnl_Id="172" Name="setInterfaceController">
<Header>
<Loc EndOffset="3021" SrcFileId="6" StartOffset="2954"/>
</Header>
<LocList>
<Loc EndOffset="3044" SrcFileId="6" StartOffset="2954"/>
</LocList>
<StmntSeq Intrnl_Id="173">
<LocList>
<Loc EndOffset="3038" SrcFileId="6" StartOffset="3028"/>
</LocList>
<BasicStmnt CovItemId="S39" CovItemPrefix="my.PSM.PSM_Logic.appController.java" Intrnl_Id="174">
<LocList>
<Loc EndOffset="3038" SrcFileId="6" StartOffset="3028"/>
</LocList>
</BasicStmnt>
</StmntSeq>
</HierarchyLvl>
<HierarchyLvl HierarchyLvlId="2710" HierarchyLvlTypeId="16" Intrnl_Id="175" Name="setAuthenticate">
<Header>
<Loc EndOffset="3102" SrcFileId="6" StartOffset="3049"/>
</Header>
<LocList>
<Loc EndOffset="3127" SrcFileId="6" StartOffset="3049"/>
</LocList>
<StmntSeq Intrnl_Id="176">
<LocList>
<Loc EndOffset="3121" SrcFileId="6" StartOffset="3109"/>
</LocList>
<BasicStmnt CovItemId="S40" CovItemPrefix="my.PSM.PSM_Logic.appController.java" Intrnl_Id="177">
<LocList>
<Loc EndOffset="3121" SrcFileId="6" StartOffset="3109"/>
</LocList>
</BasicStmnt>
</StmntSeq>
</HierarchyLvl>
<HierarchyLvl HierarchyLvlId="2711" HierarchyLvlTypeId="16" Intrnl_Id="178" Name="appMainMenu">
<Header>
<Loc EndOffset="3157" SrcFileId="6" StartOffset="3132"/>
</Header>
<LocList>
<Loc EndOffset="4012" SrcFileId="6" StartOffset="3132"/>
</LocList>
<StmntSeq Intrnl_Id="179">
<LocList>
<Loc EndOffset="3874" SrcFileId="6" StartOffset="3200"/>
<Loc EndOffset="3902" SrcFileId="6" StartOffset="3883"/>
<Loc EndOffset="3943" SrcFileId="6" StartOffset="3911"/>
<Loc EndOffset="3973" SrcFileId="6" StartOffset="3952"/>
</LocList>
<LoopStmnt CovItemId="S41" CovItemPrefix="my.PSM.PSM_Logic.appController.java" Intrnl_Id="180" MltplExecId="L1-2" MltplExecPrefix="my.PSM.PSM_Logic.appController.java" NvrExecId="L1-0" NvrExecPrefix="my.PSM.PSM_Logic.appController.java" OnceExecutedId="L1-1" OnceExecutedPrefix="my.PSM.PSM_Logic.appController.java" OptBodyExec="true">
<StmntSeq Intrnl_Id="181">
<LocList>
<Loc EndOffset="3282" SrcFileId="6" StartOffset="3243"/>
<Loc EndOffset="3338" SrcFileId="6" StartOffset="3295"/>
<Loc EndOffset="3397" SrcFileId="6" StartOffset="3351"/>
<Loc EndOffset="3449" SrcFileId="6" StartOffset="3410"/>
<Loc EndOffset="3827" SrcFileId="6" StartOffset="3650"/>
<Loc EndOffset="3864" SrcFileId="6" StartOffset="3853"/>
</LocList>
<BasicStmnt CovItemId="S42" CovItemPrefix="my.PSM.PSM_Logic.appController.java" Intrnl_Id="182">
<LocList>
<Loc EndOffset="3282" SrcFileId="6" StartOffset="3243"/>
</LocList>
</BasicStmnt>
<BasicStmnt CovItemId="S43" CovItemPrefix="my.PSM.PSM_Logic.appController.java" Intrnl_Id="183">
<LocList>
<Loc EndOffset="3338" SrcFileId="6" StartOffset="3295"/>
</LocList>
</BasicStmnt>
<BasicStmnt CovItemId="S44" CovItemPrefix="my.PSM.PSM_Logic.appController.java" Intrnl_Id="184">
<LocList>
<Loc EndOffset="3397" SrcFileId="6" StartOffset="3351"/>
</LocList>
</BasicStmnt>
<BasicStmnt CovItemId="S45" CovItemPrefix="my.PSM.PSM_Logic.appController.java" Intrnl_Id="185">
<LocList>
<Loc EndOffset="3449" SrcFileId="6" StartOffset="3410"/>
</LocList>
</BasicStmnt>
<CondStmnt CovItemId="S46" CovItemPrefix="my.PSM.PSM_Logic.appController.java" Intrnl_Id="186">
<Branch CovItemId="B1" CovItemPrefix="my.PSM.PSM_Logic.appController.java" Implct="false" Intrnl_Id="187">
<Cond/>
<LocList>
<Loc EndOffset="3827" SrcFileId="6" StartOffset="3735"/>
</LocList>
<StmntSeq Intrnl_Id="188">
<LocList>
<Loc EndOffset="3801" SrcFileId="6" StartOffset="3794"/>
</LocList>
<BasicStmnt CovItemId="S47" CovItemPrefix="my.PSM.PSM_Logic.appController.java" Intrnl_Id="189">
<LocList>
<Loc EndOffset="3801" SrcFileId="6" StartOffset="3794"/>
</LocList>
</BasicStmnt>
</StmntSeq>
</Branch>
<Branch CovItemId="B2" CovItemPrefix="my.PSM.PSM_Logic.appController.java" Implct="true" Intrnl_Id="190">
<Cond/>
<LocList/>
<StmntSeq Intrnl_Id="191">
<LocList/>
</StmntSeq>
</Branch>
<Keyword EndOffset="3652" SrcFileId="6" StartOffset="3650"/>
<LocList>
<Loc EndOffset="3827" SrcFileId="6" StartOffset="3650"/>
</LocList>
</CondStmnt>
<BasicStmnt CovItemId="S48" CovItemPrefix="my.PSM.PSM_Logic.appController.java" Intrnl_Id="192">
<LocList>
<Loc EndOffset="3864" SrcFileId="6" StartOffset="3853"/>
</LocList>
</BasicStmnt>
</StmntSeq>
<Keyword EndOffset="3205" SrcFileId="6" StartOffset="3200"/>
<LocList>
<Loc EndOffset="3874" SrcFileId="6" StartOffset="3200"/>
</LocList>
</LoopStmnt>
<BasicStmnt CovItemId="S49" CovItemPrefix="my.PSM.PSM_Logic.appController.java" Intrnl_Id="193">
<LocList>
<Loc EndOffset="3902" SrcFileId="6" StartOffset="3883"/>
</LocList>
</BasicStmnt>
<BasicStmnt CovItemId="S50" CovItemPrefix="my.PSM.PSM_Logic.appController.java" Intrnl_Id="194">
<LocList>
<Loc EndOffset="3943" SrcFileId="6" StartOffset="3911"/>
</LocList>
</BasicStmnt>
<BasicStmnt CovItemId="S51" CovItemPrefix="my.PSM.PSM_Logic.appController.java" Intrnl_Id="195">
<LocList>
<Loc EndOffset="3973" SrcFileId="6" StartOffset="3952"/>
</LocList>
</BasicStmnt>
</StmntSeq>
</HierarchyLvl>
<HierarchyLvl HierarchyLvlId="2712" HierarchyLvlTypeId="16" Intrnl_Id="196" Name="myMain">
<Header>
<Loc EndOffset="4037" SrcFileId="6" StartOffset="4017"/>
</Header>
<LocList>
<Loc EndOffset="4585" SrcFileId="6" StartOffset="4017"/>
</LocList>
<StmntSeq Intrnl_Id="197">
<LocList>
<Loc EndOffset="4055" SrcFileId="6" StartOffset="4044"/>
<Loc EndOffset="4579" SrcFileId="6" StartOffset="4061"/>
</LocList>
<BasicStmnt CovItemId="S52" CovItemPrefix="my.PSM.PSM_Logic.appController.java" Intrnl_Id="198">
<LocList>
<Loc EndOffset="4055" SrcFileId="6" StartOffset="4044"/>
</LocList>
</BasicStmnt>
<CondStmnt CovItemId="S53" CovItemPrefix="my.PSM.PSM_Logic.appController.java" Intrnl_Id="199">
<Branch CovItemId="B3" CovItemPrefix="my.PSM.PSM_Logic.appController.java" Implct="false" Intrnl_Id="200">
<Cond/>
<LocList>
<Loc EndOffset="4579" SrcFileId="6" StartOffset="4073"/>
</LocList>
<StmntSeq Intrnl_Id="201">
<LocList>
<Loc EndOffset="4104" SrcFileId="6" StartOffset="4081"/>
<Loc EndOffset="4190" SrcFileId="6" StartOffset="4111"/>
<Loc EndOffset="4210" SrcFileId="6" StartOffset="4197"/>
<Loc EndOffset="4572" SrcFileId="6" StartOffset="4217"/>
</LocList>
<BasicStmnt CovItemId="S54" CovItemPrefix="my.PSM.PSM_Logic.appController.java" Intrnl_Id="202">
<LocList>
<Loc EndOffset="4104" SrcFileId="6" StartOffset="4081"/>
</LocList>
</BasicStmnt>
<CondStmnt CovItemId="S55" CovItemPrefix="my.PSM.PSM_Logic.appController.java" Intrnl_Id="203">
<Branch CovItemId="B5" CovItemPrefix="my.PSM.PSM_Logic.appController.java" Implct="false" Intrnl_Id="204">
<Cond/>
<LocList>
<Loc EndOffset="4190" SrcFileId="6" StartOffset="4137"/>
</LocList>
<StmntSeq Intrnl_Id="205">
<LocList>
<Loc EndOffset="4179" SrcFileId="6" StartOffset="4152"/>
</LocList>
<BasicStmnt CovItemId="S56" CovItemPrefix="my.PSM.PSM_Logic.appController.java" Intrnl_Id="206">
<LocList>
<Loc EndOffset="4179" SrcFileId="6" StartOffset="4152"/>
</LocList>
</BasicStmnt>
</StmntSeq>
</Branch>
<Branch CovItemId="B6" CovItemPrefix="my.PSM.PSM_Logic.appController.java" Implct="true" Intrnl_Id="207">
<Cond/>
<LocList/>
<StmntSeq Intrnl_Id="208">
<LocList/>
</StmntSeq>
</Branch>
<Keyword EndOffset="4113" SrcFileId="6" StartOffset="4111"/>
<LocList>
<Loc EndOffset="4190" SrcFileId="6" StartOffset="4111"/>
</LocList>
</CondStmnt>
<BasicStmnt CovItemId="S57" CovItemPrefix="my.PSM.PSM_Logic.appController.java" Intrnl_Id="209">
<LocList>
<Loc EndOffset="4210" SrcFileId="6" StartOffset="4197"/>
</LocList>
</BasicStmnt>
<LoopStmnt CovItemId="S58" CovItemPrefix="my.PSM.PSM_Logic.appController.java" Intrnl_Id="210" MltplExecId="L2-2" MltplExecPrefix="my.PSM.PSM_Logic.appController.java" NvrExecId="L2-0" NvrExecPrefix="my.PSM.PSM_Logic.appController.java" OnceExecutedId="L2-1" OnceExecutedPrefix="my.PSM.PSM_Logic.appController.java" OptBodyExec="true">
<StmntSeq Intrnl_Id="211">
<LocList>
<Loc EndOffset="4257" SrcFileId="6" StartOffset="4243"/>
<Loc EndOffset="4564" SrcFileId="6" StartOffset="4265"/>
</LocList>
<BasicStmnt CovItemId="S59" CovItemPrefix="my.PSM.PSM_Logic.appController.java" Intrnl_Id="212">
<LocList>
<Loc EndOffset="4257" SrcFileId="6" StartOffset="4243"/>
</LocList>
</BasicStmnt>
<CondStmnt CovItemId="S60" CovItemPrefix="my.PSM.PSM_Logic.appController.java" Intrnl_Id="213">
<Branch CovItemId="B7" CovItemPrefix="my.PSM.PSM_Logic.appController.java" Implct="false" Intrnl_Id="214">
<Cond/>
<LocList>
<Loc EndOffset="4395" SrcFileId="6" StartOffset="4289"/>
</LocList>
<StmntSeq Intrnl_Id="215">
<LocList>
<Loc EndOffset="4344" SrcFileId="6" StartOffset="4330"/>
<Loc EndOffset="4380" SrcFileId="6" StartOffset="4359"/>
</LocList>
<BasicStmnt CovItemId="S61" CovItemPrefix="my.PSM.PSM_Logic.appController.java" Intrnl_Id="216">
<LocList>
<Loc EndOffset="4344" SrcFileId="6" StartOffset="4330"/>
</LocList>
</BasicStmnt>
<BasicStmnt CovItemId="S62" CovItemPrefix="my.PSM.PSM_Logic.appController.java" Intrnl_Id="217">
<LocList>
<Loc EndOffset="4380" SrcFileId="6" StartOffset="4359"/>
</LocList>
</BasicStmnt>
</StmntSeq>
</Branch>
<Branch CovItemId="B8" CovItemPrefix="my.PSM.PSM_Logic.appController.java" Implct="false" Intrnl_Id="218">
<Cond>
<Loc EndOffset="4410" SrcFileId="6" StartOffset="4406"/>
</Cond>
<LocList>
<Loc EndOffset="4564" SrcFileId="6" StartOffset="4411"/>
</LocList>
<StmntSeq Intrnl_Id="219">
<LocList>
<Loc EndOffset="4564" SrcFileId="6" StartOffset="4411"/>
</LocList>
<CondStmnt CovItemId="S63" CovItemPrefix="my.PSM.PSM_Logic.appController.java" Intrnl_Id="220">
<Branch CovItemId="B9" CovItemPrefix="my.PSM.PSM_Logic.appController.java" Implct="false" Intrnl_Id="221">
<Cond/>
<LocList>
<Loc EndOffset="4479" SrcFileId="6" StartOffset="4436"/>
</LocList>
<StmntSeq Intrnl_Id="222">
<LocList>
<Loc EndOffset="4467" SrcFileId="6" StartOffset="4452"/>
</LocList>
<BasicStmnt CovItemId="S64" CovItemPrefix="my.PSM.PSM_Logic.appController.java" Intrnl_Id="223">
<LocList>
<Loc EndOffset="4467" SrcFileId="6" StartOffset="4452"/>
</LocList>
</BasicStmnt>
</StmntSeq>
</Branch>
<Branch CovItemId="B10" CovItemPrefix="my.PSM.PSM_Logic.appController.java" Implct="false" Intrnl_Id="224">
<Cond>
<Loc EndOffset="4494" SrcFileId="6" StartOffset="4490"/>
</Cond>
<LocList>
<Loc EndOffset="4564" SrcFileId="6" StartOffset="4495"/>
</LocList>
<StmntSeq Intrnl_Id="225">
<LocList>
<Loc EndOffset="4564" SrcFileId="6" StartOffset="4495"/>
</LocList>
<CondStmnt CovItemId="S65" CovItemPrefix="my.PSM.PSM_Logic.appController.java" Intrnl_Id="226">
<Branch CovItemId="B11" CovItemPrefix="my.PSM.PSM_Logic.appController.java" Implct="false" Intrnl_Id="227">
<Cond/>
<LocList>
<Loc EndOffset="4564" SrcFileId="6" StartOffset="4523"/>
</LocList>
<StmntSeq Intrnl_Id="228">
<LocList>
<Loc EndOffset="4552" SrcFileId="6" StartOffset="4539"/>
</LocList>
<BasicStmnt CovItemId="S66" CovItemPrefix="my.PSM.PSM_Logic.appController.java" Intrnl_Id="229">
<LocList>
<Loc EndOffset="4552" SrcFileId="6" StartOffset="4539"/>
</LocList>
</BasicStmnt>
</StmntSeq>
</Branch>
<Branch CovItemId="B12" CovItemPrefix="my.PSM.PSM_Logic.appController.java" Implct="true" Intrnl_Id="230">
<Cond/>
<LocList/>
<StmntSeq Intrnl_Id="231">
<LocList/>
</StmntSeq>
</Branch>
<Keyword EndOffset="4497" SrcFileId="6" StartOffset="4495"/>
<LocList>
<Loc EndOffset="4564" SrcFileId="6" StartOffset="4495"/>
</LocList>
</CondStmnt>
</StmntSeq>
</Branch>
<Keyword EndOffset="4413" SrcFileId="6" StartOffset="4411"/>
<LocList>
<Loc EndOffset="4564" SrcFileId="6" StartOffset="4411"/>
</LocList>
</CondStmnt>
</StmntSeq>
</Branch>
<Keyword EndOffset="4267" SrcFileId="6" StartOffset="4265"/>
<LocList>
<Loc EndOffset="4564" SrcFileId="6" StartOffset="4265"/>
</LocList>
</CondStmnt>
</StmntSeq>
<Keyword EndOffset="4222" SrcFileId="6" StartOffset="4217"/>
<LocList>
<Loc EndOffset="4572" SrcFileId="6" StartOffset="4217"/>
</LocList>
</LoopStmnt>
</StmntSeq>
</Branch>
<Branch CovItemId="B4" CovItemPrefix="my.PSM.PSM_Logic.appController.java" Implct="true" Intrnl_Id="232">
<Cond/>
<LocList/>
<StmntSeq Intrnl_Id="233">
<LocList/>
</StmntSeq>
</Branch>
<Keyword EndOffset="4063" SrcFileId="6" StartOffset="4061"/>
<LocList>
<Loc EndOffset="4579" SrcFileId="6" StartOffset="4061"/>
</LocList>
</CondStmnt>
</StmntSeq>
</HierarchyLvl>
<HierarchyLvl HierarchyLvlId="2713" HierarchyLvlTypeId="16" Intrnl_Id="234" Name="setUser">
<Header>
<Loc EndOffset="4622" SrcFileId="6" StartOffset="4590"/>
</Header>
<LocList>
<Loc EndOffset="4651" SrcFileId="6" StartOffset="4590"/>
</LocList>
<StmntSeq Intrnl_Id="235">
<LocList>
<Loc EndOffset="4645" SrcFileId="6" StartOffset="4629"/>
</LocList>
<BasicStmnt CovItemId="S67" CovItemPrefix="my.PSM.PSM_Logic.appController.java" Intrnl_Id="236">
<LocList>
<Loc EndOffset="4645" SrcFileId="6" StartOffset="4629"/>
</LocList>
</BasicStmnt>
</StmntSeq>
</HierarchyLvl>
<HierarchyLvl HierarchyLvlId="2714" HierarchyLvlTypeId="16" Intrnl_Id="237" Name="setPassword">
<Header>
<Loc EndOffset="4690" SrcFileId="6" StartOffset="4656"/>
</Header>
<LocList>
<Loc EndOffset="4717" SrcFileId="6" StartOffset="4656"/>
</LocList>
<StmntSeq Intrnl_Id="238">
<LocList>
<Loc EndOffset="4711" SrcFileId="6" StartOffset="4697"/>
</LocList>
<BasicStmnt CovItemId="S68" CovItemPrefix="my.PSM.PSM_Logic.appController.java" Intrnl_Id="239">
<LocList>
<Loc EndOffset="4711" SrcFileId="6" StartOffset="4697"/>
</LocList>
</BasicStmnt>
</StmntSeq>
</HierarchyLvl>
<HierarchyLvl HierarchyLvlId="2715" HierarchyLvlTypeId="16" Intrnl_Id="240" Name="getUser">
<Header>
<Loc EndOffset="4745" SrcFileId="6" StartOffset="4722"/>
</Header>
<LocList>
<Loc EndOffset="4774" SrcFileId="6" StartOffset="4722"/>
</LocList>
<StmntSeq Intrnl_Id="241">
<LocList>
<Loc EndOffset="4768" SrcFileId="6" StartOffset="4752"/>
</LocList>
<BasicStmnt CovItemId="S69" CovItemPrefix="my.PSM.PSM_Logic.appController.java" Intrnl_Id="242">
<LocList>
<Loc EndOffset="4768" SrcFileId="6" StartOffset="4752"/>
</LocList>
</BasicStmnt>
</StmntSeq>
</HierarchyLvl>
<HierarchyLvl HierarchyLvlId="2716" HierarchyLvlTypeId="16" Intrnl_Id="243" Name="getPass">
<Header>
<Loc EndOffset="4802" SrcFileId="6" StartOffset="4779"/>
</Header>
<LocList>
<Loc EndOffset="4831" SrcFileId="6" StartOffset="4779"/>
</LocList>
<StmntSeq Intrnl_Id="244">
<LocList>
<Loc EndOffset="4825" SrcFileId="6" StartOffset="4809"/>
</LocList>
<BasicStmnt CovItemId="S70" CovItemPrefix="my.PSM.PSM_Logic.appController.java" Intrnl_Id="245">
<LocList>
<Loc EndOffset="4825" SrcFileId="6" StartOffset="4809"/>
</LocList>
</BasicStmnt>
</StmntSeq>
</HierarchyLvl>
<HierarchyLvl HierarchyLvlId="2717" HierarchyLvlTypeId="16" Intrnl_Id="246" Name="getLoggedIn">
<Header>
<Loc EndOffset="4864" SrcFileId="6" StartOffset="4836"/>
</Header>
<LocList>
<Loc EndOffset="4893" SrcFileId="6" StartOffset="4836"/>
</LocList>
<StmntSeq Intrnl_Id="247">
<LocList>
<Loc EndOffset="4887" SrcFileId="6" StartOffset="4871"/>
</LocList>
<BasicStmnt CovItemId="S71" CovItemPrefix="my.PSM.PSM_Logic.appController.java" Intrnl_Id="248">
<LocList>
<Loc EndOffset="4887" SrcFileId="6" StartOffset="4871"/>
</LocList>
</BasicStmnt>
</StmntSeq>
</HierarchyLvl>
<HierarchyLvl HierarchyLvlId="2718" HierarchyLvlTypeId="16" Intrnl_Id="249" Name="fetchCourses">
<Header>
<Loc EndOffset="4933" SrcFileId="6" StartOffset="4898"/>
</Header>
<LocList>
<Loc EndOffset="4979" SrcFileId="6" StartOffset="4898"/>
</LocList>
<StmntSeq Intrnl_Id="250">
<LocList>
<Loc EndOffset="4973" SrcFileId="6" StartOffset="4940"/>
</LocList>
<BasicStmnt CovItemId="S72" CovItemPrefix="my.PSM.PSM_Logic.appController.java" Intrnl_Id="251">
<LocList>
<Loc EndOffset="4973" SrcFileId="6" StartOffset="4940"/>
</LocList>
</BasicStmnt>
</StmntSeq>
</HierarchyLvl>
<HierarchyLvl HierarchyLvlId="2719" HierarchyLvlTypeId="16" Intrnl_Id="252" Name="getIC">
<Header>
<Loc EndOffset="5018" SrcFileId="6" StartOffset="4984"/>
</Header>
<LocList>
<Loc EndOffset="5041" SrcFileId="6" StartOffset="4984"/>
</LocList>
<StmntSeq Intrnl_Id="253">
<LocList>
<Loc EndOffset="5035" SrcFileId="6" StartOffset="5025"/>
</LocList>
<BasicStmnt CovItemId="S73" CovItemPrefix="my.PSM.PSM_Logic.appController.java" Intrnl_Id="254">
<LocList>
<Loc EndOffset="5035" SrcFileId="6" StartOffset="5025"/>
</LocList>
</BasicStmnt>
</StmntSeq>
</HierarchyLvl>
<HierarchyLvl HierarchyLvlId="2720" HierarchyLvlTypeId="16" Intrnl_Id="255" Name="getSetRun">
<Header>
<Loc EndOffset="5073" SrcFileId="6" StartOffset="5046"/>
</Header>
<LocList>
<Loc EndOffset="5100" SrcFileId="6" StartOffset="5046"/>
</LocList>
<StmntSeq Intrnl_Id="256">
<LocList>
<Loc EndOffset="5094" SrcFileId="6" StartOffset="5080"/>
</LocList>
<BasicStmnt CovItemId="S74" CovItemPrefix="my.PSM.PSM_Logic.appController.java" Intrnl_Id="257">
<LocList>
<Loc EndOffset="5094" SrcFileId="6" StartOffset="5080"/>
</LocList>
</BasicStmnt>
</StmntSeq>
</HierarchyLvl>
<HierarchyLvl HierarchyLvlId="2721" HierarchyLvlTypeId="16" Intrnl_Id="258" Name="getClearDate">
<Header>
<Loc EndOffset="5137" SrcFileId="6" StartOffset="5105"/>
</Header>
<LocList>
<Loc EndOffset="5164" SrcFileId="6" StartOffset="5105"/>
</LocList>
<StmntSeq Intrnl_Id="259">
<LocList>
<Loc EndOffset="5160" SrcFileId="6" StartOffset="5143"/>
</LocList>
<BasicStmnt CovItemId="S75" CovItemPrefix="my.PSM.PSM_Logic.appController.java" Intrnl_Id="260">
<LocList>
<Loc EndOffset="5160" SrcFileId="6" StartOffset="5143"/>
</LocList>
</BasicStmnt>
</StmntSeq>
</HierarchyLvl>
<HierarchyLvl HierarchyLvlId="2722" HierarchyLvlTypeId="16" Intrnl_Id="261" Name="getClearMonth">
<Header>
<Loc EndOffset="5201" SrcFileId="6" StartOffset="5168"/>
</Header>
<LocList>
<Loc EndOffset="5229" SrcFileId="6" StartOffset="5168"/>
</LocList>
<StmntSeq Intrnl_Id="262">
<LocList>
<Loc EndOffset="5225" SrcFileId="6" StartOffset="5207"/>
</LocList>
<BasicStmnt CovItemId="S76" CovItemPrefix="my.PSM.PSM_Logic.appController.java" Intrnl_Id="263">
<LocList>
<Loc EndOffset="5225" SrcFileId="6" StartOffset="5207"/>
</LocList>
</BasicStmnt>
</StmntSeq>
</HierarchyLvl>
<HierarchyLvl HierarchyLvlId="2723" HierarchyLvlTypeId="16" Intrnl_Id="264" Name="getClearYear">
<Header>
<Loc EndOffset="5265" SrcFileId="6" StartOffset="5233"/>
</Header>
<LocList>
<Loc EndOffset="5292" SrcFileId="6" StartOffset="5233"/>
</LocList>
<StmntSeq Intrnl_Id="265">
<LocList>
<Loc EndOffset="5288" SrcFileId="6" StartOffset="5271"/>
</LocList>
<BasicStmnt CovItemId="S77" CovItemPrefix="my.PSM.PSM_Logic.appController.java" Intrnl_Id="266">
<LocList>
<Loc EndOffset="5288" SrcFileId="6" StartOffset="5271"/>
</LocList>
</BasicStmnt>
</StmntSeq>
</HierarchyLvl>
<HierarchyLvl HierarchyLvlId="2724" HierarchyLvlTypeId="16" Intrnl_Id="267" Name="getCounter">
<Header>
<Loc EndOffset="5319" SrcFileId="6" StartOffset="5296"/>
</Header>
<LocList>
<Loc EndOffset="5343" SrcFileId="6" StartOffset="5296"/>
</LocList>
<StmntSeq Intrnl_Id="268">
<LocList>
<Loc EndOffset="5339" SrcFileId="6" StartOffset="5324"/>
</LocList>
<BasicStmnt CovItemId="S78" CovItemPrefix="my.PSM.PSM_Logic.appController.java" Intrnl_Id="269">
<LocList>
<Loc EndOffset="5339" SrcFileId="6" StartOffset="5324"/>
</LocList>
</BasicStmnt>
</StmntSeq>
</HierarchyLvl>
<HierarchyLvl HierarchyLvlId="2725" HierarchyLvlTypeId="16" Intrnl_Id="270" Name="setupSched">
<Header>
<Loc EndOffset="5379" SrcFileId="6" StartOffset="5348"/>
</Header>
<LocList>
<Loc EndOffset="6313" SrcFileId="6" StartOffset="5348"/>
</LocList>
<StmntSeq Intrnl_Id="271">
<LocList>
<Loc EndOffset="5412" SrcFileId="6" StartOffset="5386"/>
<Loc EndOffset="5583" SrcFileId="6" StartOffset="5454"/>
<Loc EndOffset="5613" SrcFileId="6" StartOffset="5592"/>
<Loc EndOffset="5655" SrcFileId="6" StartOffset="5622"/>
<Loc EndOffset="5807" SrcFileId="6" StartOffset="5673"/>
<Loc EndOffset="6306" SrcFileId="6" StartOffset="5816"/>
</LocList>
<BasicStmnt CovItemId="S79" CovItemPrefix="my.PSM.PSM_Logic.appController.java" Intrnl_Id="272">
<LocList>
<Loc EndOffset="5412" SrcFileId="6" StartOffset="5386"/>
</LocList>
</BasicStmnt>
<LoopStmnt CovItemId="S80" CovItemPrefix="my.PSM.PSM_Logic.appController.java" Intrnl_Id="273" MltplExecId="L3-2" MltplExecPrefix="my.PSM.PSM_Logic.appController.java" NvrExecId="L3-0" NvrExecPrefix="my.PSM.PSM_Logic.appController.java" OnceExecutedId="L3-1" OnceExecutedPrefix="my.PSM.PSM_Logic.appController.java" OptBodyExec="true">
<StmntSeq Intrnl_Id="274">
<LocList>
<Loc EndOffset="5549" SrcFileId="6" StartOffset="5509"/>
<Loc EndOffset="5573" SrcFileId="6" StartOffset="5562"/>
</LocList>
<BasicStmnt CovItemId="S81" CovItemPrefix="my.PSM.PSM_Logic.appController.java" Intrnl_Id="275">
<LocList>
<Loc EndOffset="5549" SrcFileId="6" StartOffset="5509"/>
</LocList>
</BasicStmnt>
<BasicStmnt CovItemId="S82" CovItemPrefix="my.PSM.PSM_Logic.appController.java" Intrnl_Id="276">
<LocList>
<Loc EndOffset="5573" SrcFileId="6" StartOffset="5562"/>
</LocList>
</BasicStmnt>
</StmntSeq>
<Keyword EndOffset="5459" SrcFileId="6" StartOffset="5454"/>
<LocList>
<Loc EndOffset="5583" SrcFileId="6" StartOffset="5454"/>
</LocList>
</LoopStmnt>
<BasicStmnt CovItemId="S83" CovItemPrefix="my.PSM.PSM_Logic.appController.java" Intrnl_Id="277">
<LocList>
<Loc EndOffset="5613" SrcFileId="6" StartOffset="5592"/>
</LocList>
</BasicStmnt>
<BasicStmnt CovItemId="S84" CovItemPrefix="my.PSM.PSM_Logic.appController.java" Intrnl_Id="278">
<LocList>
<Loc EndOffset="5655" SrcFileId="6" StartOffset="5622"/>
</LocList>
</BasicStmnt>
<BasicStmnt CovItemId="S85" CovItemPrefix="my.PSM.PSM_Logic.appController.java" Intrnl_Id="279">
<LocList>
<Loc EndOffset="5807" SrcFileId="6" StartOffset="5673"/>
</LocList>
</BasicStmnt>
<BasicStmnt CovItemId="S86" CovItemPrefix="my.PSM.PSM_Logic.appController.java" Intrnl_Id="280">
<LocList>
<Loc EndOffset="6306" SrcFileId="6" StartOffset="5816"/>
</LocList>
</BasicStmnt>
</StmntSeq>
</HierarchyLvl>
<HierarchyLvl HierarchyLvlId="2726" HierarchyLvlTypeId="16" Intrnl_Id="281" Name="appEditSched">
<Header>
<Loc EndOffset="6351" SrcFileId="6" StartOffset="6318"/>
</Header>
<LocList>
<Loc EndOffset="7816" SrcFileId="6" StartOffset="6318"/>
</LocList>
<StmntSeq Intrnl_Id="282">
<LocList>
<Loc EndOffset="6407" SrcFileId="6" StartOffset="6383"/>
<Loc EndOffset="6578" SrcFileId="6" StartOffset="6417"/>
<Loc EndOffset="6623" SrcFileId="6" StartOffset="6588"/>
<Loc EndOffset="6653" SrcFileId="6" StartOffset="6632"/>
<Loc EndOffset="6700" SrcFileId="6" StartOffset="6663"/>
<Loc EndOffset="6728" SrcFileId="6" StartOffset="6709"/>
<Loc EndOffset="7003" SrcFileId="6" StartOffset="6746"/>
<Loc EndOffset="7136" SrcFileId="6" StartOffset="7021"/>
<Loc EndOffset="7175" SrcFileId="6" StartOffset="7154"/>
<Loc EndOffset="7214" SrcFileId="6" StartOffset="7184"/>
<Loc EndOffset="7808" SrcFileId="6" StartOffset="7304"/>
</LocList>
<BasicStmnt CovItemId="S87" CovItemPrefix="my.PSM.PSM_Logic.appController.java" Intrnl_Id="283">
<LocList>
<Loc EndOffset="6407" SrcFileId="6" StartOffset="6383"/>
</LocList>
</BasicStmnt>
<LoopStmnt CovItemId="S88" CovItemPrefix="my.PSM.PSM_Logic.appController.java" Intrnl_Id="284" MltplExecId="L4-2" MltplExecPrefix="my.PSM.PSM_Logic.appController.java" NvrExecId="L4-0" NvrExecPrefix="my.PSM.PSM_Logic.appController.java" OnceExecutedId="L4-1" OnceExecutedPrefix="my.PSM.PSM_Logic.appController.java" OptBodyExec="true">
<StmntSeq Intrnl_Id="285">
<LocList>
<Loc EndOffset="6502" SrcFileId="6" StartOffset="6460"/>
<Loc EndOffset="6526" SrcFileId="6" StartOffset="6515"/>
</LocList>
<BasicStmnt CovItemId="S89" CovItemPrefix="my.PSM.PSM_Logic.appController.java" Intrnl_Id="286">
<LocList>
<Loc EndOffset="6502" SrcFileId="6" StartOffset="6460"/>
</LocList>
</BasicStmnt>
<BasicStmnt CovItemId="S90" CovItemPrefix="my.PSM.PSM_Logic.appController.java" Intrnl_Id="287">
<LocList>
<Loc EndOffset="6526" SrcFileId="6" StartOffset="6515"/>
</LocList>
</BasicStmnt>
</StmntSeq>
<Keyword EndOffset="6422" SrcFileId="6" StartOffset="6417"/>
<LocList>
<Loc EndOffset="6578" SrcFileId="6" StartOffset="6417"/>
</LocList>
</LoopStmnt>
<BasicStmnt CovItemId="S91" CovItemPrefix="my.PSM.PSM_Logic.appController.java" Intrnl_Id="288">
<LocList>
<Loc EndOffset="6623" SrcFileId="6" StartOffset="6588"/>
</LocList>
</BasicStmnt>
<BasicStmnt CovItemId="S92" CovItemPrefix="my.PSM.PSM_Logic.appController.java" Intrnl_Id="289">
<LocList>
<Loc EndOffset="6653" SrcFileId="6" StartOffset="6632"/>
</LocList>
</BasicStmnt>
<BasicStmnt CovItemId="S93" CovItemPrefix="my.PSM.PSM_Logic.appController.java" Intrnl_Id="290">
<LocList>
<Loc EndOffset="6700" SrcFileId="6" StartOffset="6663"/>
</LocList>
</BasicStmnt>
<BasicStmnt CovItemId="S94" CovItemPrefix="my.PSM.PSM_Logic.appController.java" Intrnl_Id="291">
<LocList>
<Loc EndOffset="6728" SrcFileId="6" StartOffset="6709"/>
</LocList>
</BasicStmnt>
<BasicStmnt CovItemId="S95" CovItemPrefix="my.PSM.PSM_Logic.appController.java" Intrnl_Id="292">
<LocList>
<Loc EndOffset="7003" SrcFileId="6" StartOffset="6746"/>
</LocList>
</BasicStmnt>
<LoopStmnt CovItemId="S96" CovItemPrefix="my.PSM.PSM_Logic.appController.java" Intrnl_Id="293" MltplExecId="L5-2" MltplExecPrefix="my.PSM.PSM_Logic.appController.java" NvrExecId="L5-0" NvrExecPrefix="my.PSM.PSM_Logic.appController.java" OnceExecutedId="L5-1" OnceExecutedPrefix="my.PSM.PSM_Logic.appController.java" OptBodyExec="true">
<StmntSeq Intrnl_Id="294">
<LocList>
<Loc EndOffset="7101" SrcFileId="6" StartOffset="7064"/>
<Loc EndOffset="7126" SrcFileId="6" StartOffset="7115"/>
</LocList>
<BasicStmnt CovItemId="S97" CovItemPrefix="my.PSM.PSM_Logic.appController.java" Intrnl_Id="295">
<LocList>
<Loc EndOffset="7101" SrcFileId="6" StartOffset="7064"/>
</LocList>
</BasicStmnt>
<BasicStmnt CovItemId="S98" CovItemPrefix="my.PSM.PSM_Logic.appController.java" Intrnl_Id="296">
<LocList>
<Loc EndOffset="7126" SrcFileId="6" StartOffset="7115"/>
</LocList>
</BasicStmnt>
</StmntSeq>
<Keyword EndOffset="7026" SrcFileId="6" StartOffset="7021"/>
<LocList>
<Loc EndOffset="7136" SrcFileId="6" StartOffset="7021"/>
</LocList>
</LoopStmnt>
<BasicStmnt CovItemId="S99" CovItemPrefix="my.PSM.PSM_Logic.appController.java" Intrnl_Id="297">
<LocList>
<Loc EndOffset="7175" SrcFileId="6" StartOffset="7154"/>
</LocList>
</BasicStmnt>
<BasicStmnt CovItemId="S100" CovItemPrefix="my.PSM.PSM_Logic.appController.java" Intrnl_Id="298">
<LocList>
<Loc EndOffset="7214" SrcFileId="6" StartOffset="7184"/>
</LocList>
</BasicStmnt>
<BasicStmnt CovItemId="S101" CovItemPrefix="my.PSM.PSM_Logic.appController.java" Intrnl_Id="299">
<LocList>
<Loc EndOffset="7808" SrcFileId="6" StartOffset="7304"/>
</LocList>
</BasicStmnt>
</StmntSeq>
</HierarchyLvl>
<HierarchyLvl HierarchyLvlId="2727" HierarchyLvlTypeId="16" Intrnl_Id="300" Name="appLogin">
<Header>
<Loc EndOffset="7855" SrcFileId="6" StartOffset="7826"/>
</Header>
<LocList>
<Loc EndOffset="9277" SrcFileId="6" StartOffset="7826"/>
</LocList>
<StmntSeq Intrnl_Id="301">
<LocList>
<Loc EndOffset="9271" SrcFileId="6" StartOffset="7862"/>
</LocList>
<LoopStmnt CovItemId="S102" CovItemPrefix="my.PSM.PSM_Logic.appController.java" Intrnl_Id="302" MltplExecId="L6-2" MltplExecPrefix="my.PSM.PSM_Logic.appController.java" NvrExecId="L6-0" NvrExecPrefix="my.PSM.PSM_Logic.appController.java" OnceExecutedId="L6-1" OnceExecutedPrefix="my.PSM.PSM_Logic.appController.java" OptBodyExec="true">
<StmntSeq Intrnl_Id="303">
<LocList>
<Loc EndOffset="7937" SrcFileId="6" StartOffset="7912"/>
<Loc EndOffset="8134" SrcFileId="6" StartOffset="7976"/>
<Loc EndOffset="8179" SrcFileId="6" StartOffset="8148"/>
<Loc EndOffset="8214" SrcFileId="6" StartOffset="8193"/>
<Loc EndOffset="8263" SrcFileId="6" StartOffset="8228"/>
<Loc EndOffset="8312" SrcFileId="6" StartOffset="8277"/>
<Loc EndOffset="8380" SrcFileId="6" StartOffset="8341"/>
<Loc EndOffset="8557" SrcFileId="6" StartOffset="8394"/>
<Loc EndOffset="8983" SrcFileId="6" StartOffset="8601"/>
<Loc EndOffset="9261" SrcFileId="6" StartOffset="8997"/>
</LocList>
<BasicStmnt CovItemId="S103" CovItemPrefix="my.PSM.PSM_Logic.appController.java" Intrnl_Id="304">
<LocList>
<Loc EndOffset="7937" SrcFileId="6" StartOffset="7912"/>
</LocList>
</BasicStmnt>
<LoopStmnt CovItemId="S104" CovItemPrefix="my.PSM.PSM_Logic.appController.java" Intrnl_Id="305" MltplExecId="L7-2" MltplExecPrefix="my.PSM.PSM_Logic.appController.java" NvrExecId="L7-0" NvrExecPrefix="my.PSM.PSM_Logic.appController.java" OnceExecutedId="L7-1" OnceExecutedPrefix="my.PSM.PSM_Logic.appController.java" OptBodyExec="false">
<StmntSeq Intrnl_Id="306">
<LocList>
<Loc EndOffset="8051" SrcFileId="6" StartOffset="8011"/>
<Loc EndOffset="8080" SrcFileId="6" StartOffset="8069"/>
</LocList>
<BasicStmnt CovItemId="S105" CovItemPrefix="my.PSM.PSM_Logic.appController.java" Intrnl_Id="307">
<LocList>
<Loc EndOffset="8051" SrcFileId="6" StartOffset="8011"/>
</LocList>
</BasicStmnt>
<BasicStmnt CovItemId="S106" CovItemPrefix="my.PSM.PSM_Logic.appController.java" Intrnl_Id="308">
<LocList>
<Loc EndOffset="8080" SrcFileId="6" StartOffset="8069"/>
</LocList>
</BasicStmnt>
</StmntSeq>
<Keyword EndOffset="7978" SrcFileId="6" StartOffset="7976"/>
<LocList>
<Loc EndOffset="8134" SrcFileId="6" StartOffset="7976"/>
</LocList>
</LoopStmnt>
<BasicStmnt CovItemId="S107" CovItemPrefix="my.PSM.PSM_Logic.appController.java" Intrnl_Id="309">
<LocList>
<Loc EndOffset="8179" SrcFileId="6" StartOffset="8148"/>
</LocList>
</BasicStmnt>
<BasicStmnt CovItemId="S108" CovItemPrefix="my.PSM.PSM_Logic.appController.java" Intrnl_Id="310">
<LocList>
<Loc EndOffset="8214" SrcFileId="6" StartOffset="8193"/>
</LocList>
</BasicStmnt>
<BasicStmnt CovItemId="S109" CovItemPrefix="my.PSM.PSM_Logic.appController.java" Intrnl_Id="311">
<LocList>
<Loc EndOffset="8263" SrcFileId="6" StartOffset="8228"/>
</LocList>
</BasicStmnt>
<BasicStmnt CovItemId="S110" CovItemPrefix="my.PSM.PSM_Logic.appController.java" Intrnl_Id="312">
<LocList>
<Loc EndOffset="8312" SrcFileId="6" StartOffset="8277"/>
</LocList>
</BasicStmnt>
<BasicStmnt CovItemId="S111" CovItemPrefix="my.PSM.PSM_Logic.appController.java" Intrnl_Id="313">
<LocList>
<Loc EndOffset="8380" SrcFileId="6" StartOffset="8341"/>
</LocList>
</BasicStmnt>
<CondStmnt CovItemId="S112" CovItemPrefix="my.PSM.PSM_Logic.appController.java" Intrnl_Id="314">
<Branch CovItemId="B13" CovItemPrefix="my.PSM.PSM_Logic.appController.java" Implct="false" Intrnl_Id="315">
<Cond/>
<LocList>
<Loc EndOffset="8557" SrcFileId="6" StartOffset="8419"/>
</LocList>
<StmntSeq Intrnl_Id="316">
<LocList>
<Loc EndOffset="8454" SrcFileId="6" StartOffset="8438"/>
<Loc EndOffset="8486" SrcFileId="6" StartOffset="8472"/>
<Loc EndOffset="8542" SrcFileId="6" StartOffset="8504"/>
</LocList>
<BasicStmnt CovItemId="S113" CovItemPrefix="my.PSM.PSM_Logic.appController.java" Intrnl_Id="317">
<LocList>
<Loc EndOffset="8454" SrcFileId="6" StartOffset="8438"/>
</LocList>
</BasicStmnt>
<BasicStmnt CovItemId="S114" CovItemPrefix="my.PSM.PSM_Logic.appController.java" Intrnl_Id="318">
<LocList>
<Loc EndOffset="8486" SrcFileId="6" StartOffset="8472"/>
</LocList>
</BasicStmnt>
<BasicStmnt CovItemId="S115" CovItemPrefix="my.PSM.PSM_Logic.appController.java" Intrnl_Id="319">
<LocList>
<Loc EndOffset="8542" SrcFileId="6" StartOffset="8504"/>
</LocList>
</BasicStmnt>
</StmntSeq>
</Branch>
<Branch CovItemId="B14" CovItemPrefix="my.PSM.PSM_Logic.appController.java" Implct="true" Intrnl_Id="320">
<Cond/>
<LocList/>
<StmntSeq Intrnl_Id="321">
<LocList/>
</StmntSeq>
</Branch>
<Keyword EndOffset="8396" SrcFileId="6" StartOffset="8394"/>
<LocList>
<Loc EndOffset="8557" SrcFileId="6" StartOffset="8394"/>
</LocList>
</CondStmnt>
<CondStmnt CovItemId="S116" CovItemPrefix="my.PSM.PSM_Logic.appController.java" Intrnl_Id="322">
<Branch CovItemId="B15" CovItemPrefix="my.PSM.PSM_Logic.appController.java" Implct="false" Intrnl_Id="323">
<Cond/>
<LocList>
<Loc EndOffset="8983" SrcFileId="6" StartOffset="8614"/>
</LocList>
<StmntSeq Intrnl_Id="324">
<LocList>
<Loc EndOffset="8662" SrcFileId="6" StartOffset="8633"/>
<Loc EndOffset="8690" SrcFileId="6" StartOffset="8680"/>
<Loc EndOffset="8869" SrcFileId="6" StartOffset="8708"/>
<Loc EndOffset="8908" SrcFileId="6" StartOffset="8887"/>
<Loc EndOffset="8950" SrcFileId="6" StartOffset="8926"/>
</LocList>
<BasicStmnt CovItemId="S117" CovItemPrefix="my.PSM.PSM_Logic.appController.java" Intrnl_Id="325">
<LocList>
<Loc EndOffset="8662" SrcFileId="6" StartOffset="8633"/>
</LocList>
</BasicStmnt>
<BasicStmnt CovItemId="S118" CovItemPrefix="my.PSM.PSM_Logic.appController.java" Intrnl_Id="326">
<LocList>
<Loc EndOffset="8690" SrcFileId="6" StartOffset="8680"/>
</LocList>
</BasicStmnt>
<LoopStmnt CovItemId="S119" CovItemPrefix="my.PSM.PSM_Logic.appController.java" Intrnl_Id="327" MltplExecId="L8-2" MltplExecPrefix="my.PSM.PSM_Logic.appController.java" NvrExecId="L8-0" NvrExecPrefix="my.PSM.PSM_Logic.appController.java" OnceExecutedId="L8-1" OnceExecutedPrefix="my.PSM.PSM_Logic.appController.java" OptBodyExec="true">
<StmntSeq Intrnl_Id="328">
<LocList>
<Loc EndOffset="8803" SrcFileId="6" StartOffset="8769"/>
<Loc EndOffset="8850" SrcFileId="6" StartOffset="8825"/>
</LocList>
<BasicStmnt CovItemId="S120" CovItemPrefix="my.PSM.PSM_Logic.appController.java" Intrnl_Id="329">
<LocList>
<Loc EndOffset="8803" SrcFileId="6" StartOffset="8769"/>
</LocList>
</BasicStmnt>
<BasicStmnt CovItemId="S121" CovItemPrefix="my.PSM.PSM_Logic.appController.java" Intrnl_Id="330">
<LocList>
<Loc EndOffset="8850" SrcFileId="6" StartOffset="8825"/>
</LocList>
</BasicStmnt>
</StmntSeq>
<Keyword EndOffset="8713" SrcFileId="6" StartOffset="8708"/>
<LocList>
<Loc EndOffset="8869" SrcFileId="6" StartOffset="8708"/>
</LocList>
</LoopStmnt>
<BasicStmnt CovItemId="S122" CovItemPrefix="my.PSM.PSM_Logic.appController.java" Intrnl_Id="331">
<LocList>
<Loc EndOffset="8908" SrcFileId="6" StartOffset="8887"/>
</LocList>
</BasicStmnt>
<BasicStmnt CovItemId="S123" CovItemPrefix="my.PSM.PSM_Logic.appController.java" Intrnl_Id="332">
<LocList>
<Loc EndOffset="8950" SrcFileId="6" StartOffset="8926"/>
</LocList>
</BasicStmnt>
</StmntSeq>
</Branch>
<Branch CovItemId="B16" CovItemPrefix="my.PSM.PSM_Logic.appController.java" Implct="true" Intrnl_Id="333">
<Cond/>
<LocList/>
<StmntSeq Intrnl_Id="334">
<LocList/>
</StmntSeq>
</Branch>
<Keyword EndOffset="8603" SrcFileId="6" StartOffset="8601"/>
<LocList>
<Loc EndOffset="8983" SrcFileId="6" StartOffset="8601"/>
</LocList>
</CondStmnt>
<CondStmnt CovItemId="S124" CovItemPrefix="my.PSM.PSM_Logic.appController.java" Intrnl_Id="335">
<Branch CovItemId="B17" CovItemPrefix="my.PSM.PSM_Logic.appController.java" Implct="false" Intrnl_Id="336">
<Cond/>
<LocList>
<Loc EndOffset="9261" SrcFileId="6" StartOffset="9013"/>
</LocList>
<StmntSeq Intrnl_Id="337">
<LocList>
<Loc EndOffset="9067" SrcFileId="6" StartOffset="9049"/>
<Loc EndOffset="9221" SrcFileId="6" StartOffset="9085"/>
<Loc EndOffset="9246" SrcFileId="6" StartOffset="9239"/>
</LocList>
<BasicStmnt CovItemId="S125" CovItemPrefix="my.PSM.PSM_Logic.appController.java" Intrnl_Id="338">
<LocList>
<Loc EndOffset="9067" SrcFileId="6" StartOffset="9049"/>
</LocList>
</BasicStmnt>
<LoopStmnt CovItemId="S126" CovItemPrefix="my.PSM.PSM_Logic.appController.java" Intrnl_Id="339" MltplExecId="L9-2" MltplExecPrefix="my.PSM.PSM_Logic.appController.java" NvrExecId="L9-0" NvrExecPrefix="my.PSM.PSM_Logic.appController.java" OnceExecutedId="L9-1" OnceExecutedPrefix="my.PSM.PSM_Logic.appController.java" OptBodyExec="true">
<StmntSeq Intrnl_Id="340">
<LocList>
<Loc EndOffset="9180" SrcFileId="6" StartOffset="9146"/>
</LocList>
<BasicStmnt CovItemId="S127" CovItemPrefix="my.PSM.PSM_Logic.appController.java" Intrnl_Id="341">
<LocList>
<Loc EndOffset="9180" SrcFileId="6" StartOffset="9146"/>
</LocList>
</BasicStmnt>
</StmntSeq>
<Keyword EndOffset="9090" SrcFileId="6" StartOffset="9085"/>
<LocList>
<Loc EndOffset="9221" SrcFileId="6" StartOffset="9085"/>
</LocList>
</LoopStmnt>
<BasicStmnt CovItemId="S128" CovItemPrefix="my.PSM.PSM_Logic.appController.java" Intrnl_Id="342">
<LocList>
<Loc EndOffset="9246" SrcFileId="6" StartOffset="9239"/>
</LocList>
</BasicStmnt>
</StmntSeq>
</Branch>
<Branch CovItemId="B18" CovItemPrefix="my.PSM.PSM_Logic.appController.java" Implct="true" Intrnl_Id="343">
<Cond/>
<LocList/>
<StmntSeq Intrnl_Id="344">
<LocList/>
</StmntSeq>
</Branch>
<Keyword EndOffset="8999" SrcFileId="6" StartOffset="8997"/>
<LocList>
<Loc EndOffset="9261" SrcFileId="6" StartOffset="8997"/>
</LocList>
</CondStmnt>
</StmntSeq>
<Keyword EndOffset="7867" SrcFileId="6" StartOffset="7862"/>
<LocList>
<Loc EndOffset="9271" SrcFileId="6" StartOffset="7862"/>
</LocList>
</LoopStmnt>
</StmntSeq>
</HierarchyLvl>
<HierarchyLvl HierarchyLvlId="2728" HierarchyLvlTypeId="16" Intrnl_Id="345" Name="checkClear">
<Header>
<Loc EndOffset="9316" SrcFileId="6" StartOffset="9282"/>
</Header>
<LocList>
<Loc EndOffset="9985" SrcFileId="6" StartOffset="9282"/>
</LocList>
<StmntSeq Intrnl_Id="346">
<LocList>
<Loc EndOffset="9385" SrcFileId="6" StartOffset="9331"/>
<Loc EndOffset="9436" SrcFileId="6" StartOffset="9394"/>
<Loc EndOffset="9483" SrcFileId="6" StartOffset="9445"/>
<Loc EndOffset="9941" SrcFileId="6" StartOffset="9501"/>
<Loc EndOffset="9962" SrcFileId="6" StartOffset="9950"/>
</LocList>
<BasicStmnt CovItemId="S129" CovItemPrefix="my.PSM.PSM_Logic.appController.java" Intrnl_Id="347">
<LocList>
<Loc EndOffset="9385" SrcFileId="6" StartOffset="9331"/>
</LocList>
</BasicStmnt>
<BasicStmnt CovItemId="S130" CovItemPrefix="my.PSM.PSM_Logic.appController.java" Intrnl_Id="348">
<LocList>
<Loc EndOffset="9436" SrcFileId="6" StartOffset="9394"/>
</LocList>
</BasicStmnt>
<BasicStmnt CovItemId="S131" CovItemPrefix="my.PSM.PSM_Logic.appController.java" Intrnl_Id="349">
<LocList>
<Loc EndOffset="9483" SrcFileId="6" StartOffset="9445"/>
</LocList>
</BasicStmnt>
<LoopStmnt CovItemId="S132" CovItemPrefix="my.PSM.PSM_Logic.appController.java" Intrnl_Id="350" MltplExecId="L10-2" MltplExecPrefix="my.PSM.PSM_Logic.appController.java" NvrExecId="L10-0" NvrExecPrefix="my.PSM.PSM_Logic.appController.java" OnceExecutedId="L10-1" OnceExecutedPrefix="my.PSM.PSM_Logic.appController.java" OptBodyExec="true">
<StmntSeq Intrnl_Id="351">
<LocList>
<Loc EndOffset="9592" SrcFileId="6" StartOffset="9564"/>
<Loc EndOffset="9842" SrcFileId="6" StartOffset="9788"/>
<Loc EndOffset="9914" SrcFileId="6" StartOffset="9855"/>
</LocList>
<BasicStmnt CovItemId="S133" CovItemPrefix="my.PSM.PSM_Logic.appController.java" Intrnl_Id="352">
<LocList>
<Loc EndOffset="9592" SrcFileId="6" StartOffset="9564"/>
</LocList>
</BasicStmnt>
<BasicStmnt CovItemId="S134" CovItemPrefix="my.PSM.PSM_Logic.appController.java" Intrnl_Id="353">
<LocList>
<Loc EndOffset="9842" SrcFileId="6" StartOffset="9788"/>
</LocList>
</BasicStmnt>
<CondStmnt CovItemId="S135" CovItemPrefix="my.PSM.PSM_Logic.appController.java" Intrnl_Id="354">
<Branch CovItemId="B19" CovItemPrefix="my.PSM.PSM_Logic.appController.java" Implct="false" Intrnl_Id="355">
<Cond/>
<LocList>
<Loc EndOffset="9914" SrcFileId="6" StartOffset="9901"/>
</LocList>
<StmntSeq Intrnl_Id="356">
<LocList>
<Loc EndOffset="9914" SrcFileId="6" StartOffset="9901"/>
</LocList>
<BasicStmnt CovItemId="S136" CovItemPrefix="my.PSM.PSM_Logic.appController.java" Intrnl_Id="357">
<LocList>
<Loc EndOffset="9914" SrcFileId="6" StartOffset="9901"/>
</LocList>
</BasicStmnt>
</StmntSeq>
</Branch>
<Branch CovItemId="B20" CovItemPrefix="my.PSM.PSM_Logic.appController.java" Implct="true" Intrnl_Id="358">
<Cond/>
<LocList/>
<StmntSeq Intrnl_Id="359">
<LocList/>
</StmntSeq>
</Branch>
<Keyword EndOffset="9857" SrcFileId="6" StartOffset="9855"/>
<LocList>
<Loc EndOffset="9914" SrcFileId="6" StartOffset="9855"/>
</LocList>
</CondStmnt>
</StmntSeq>
<Keyword EndOffset="9504" SrcFileId="6" StartOffset="9501"/>
<LocList>
<Loc EndOffset="9941" SrcFileId="6" StartOffset="9501"/>
</LocList>
</LoopStmnt>
<BasicStmnt CovItemId="S137" CovItemPrefix="my.PSM.PSM_Logic.appController.java" Intrnl_Id="360">
<LocList>
<Loc EndOffset="9962" SrcFileId="6" StartOffset="9950"/>
</LocList>
</BasicStmnt>
</StmntSeq>
</HierarchyLvl>
<HierarchyLvl HierarchyLvlId="2729" HierarchyLvlTypeId="16" Intrnl_Id="361" Name="checkTimes">
<Header>
<Loc EndOffset="10034" SrcFileId="6" StartOffset="10003"/>
</Header>
<LocList>
<Loc EndOffset="12089" SrcFileId="6" StartOffset="10003"/>
</LocList>
<StmntSeq Intrnl_Id="362">
<LocList>
<Loc EndOffset="10105" SrcFileId="6" StartOffset="10049"/>
<Loc EndOffset="10164" SrcFileId="6" StartOffset="10123"/>
<Loc EndOffset="10219" SrcFileId="6" StartOffset="10173"/>
<Loc EndOffset="10278" SrcFileId="6" StartOffset="10228"/>
<Loc EndOffset="12072" SrcFileId="6" StartOffset="10422"/>
</LocList>
<BasicStmnt CovItemId="S138" CovItemPrefix="my.PSM.PSM_Logic.appController.java" Intrnl_Id="363">
<LocList>
<Loc EndOffset="10105" SrcFileId="6" StartOffset="10049"/>
</LocList>
</BasicStmnt>
<BasicStmnt CovItemId="S139" CovItemPrefix="my.PSM.PSM_Logic.appController.java" Intrnl_Id="364">
<LocList>
<Loc EndOffset="10164" SrcFileId="6" StartOffset="10123"/>
</LocList>
</BasicStmnt>
<BasicStmnt CovItemId="S140" CovItemPrefix="my.PSM.PSM_Logic.appController.java" Intrnl_Id="365">
<LocList>
<Loc EndOffset="10219" SrcFileId="6" StartOffset="10173"/>
</LocList>
</BasicStmnt>
<BasicStmnt CovItemId="S141" CovItemPrefix="my.PSM.PSM_Logic.appController.java" Intrnl_Id="366">
<LocList>
<Loc EndOffset="10278" SrcFileId="6" StartOffset="10228"/>
</LocList>
</BasicStmnt>
<LoopStmnt CovItemId="S142" CovItemPrefix="my.PSM.PSM_Logic.appController.java" Intrnl_Id="367" MltplExecId="L11-2" MltplExecPrefix="my.PSM.PSM_Logic.appController.java" NvrExecId="L11-0" NvrExecPrefix="my.PSM.PSM_Logic.appController.java" OnceExecutedId="L11-1" OnceExecutedPrefix="my.PSM.PSM_Logic.appController.java" OptBodyExec="true">
<StmntSeq Intrnl_Id="368">
<LocList>
<Loc EndOffset="10509" SrcFileId="6" StartOffset="10487"/>
<Loc EndOffset="10560" SrcFileId="6" StartOffset="10522"/>
<Loc EndOffset="10608" SrcFileId="6" StartOffset="10573"/>
<Loc EndOffset="11660" SrcFileId="6" StartOffset="10634"/>
<Loc EndOffset="12062" SrcFileId="6" StartOffset="11699"/>
</LocList>
<BasicStmnt CovItemId="S143" CovItemPrefix="my.PSM.PSM_Logic.appController.java" Intrnl_Id="369">
<LocList>
<Loc EndOffset="10509" SrcFileId="6" StartOffset="10487"/>
</LocList>
</BasicStmnt>
<BasicStmnt CovItemId="S144" CovItemPrefix="my.PSM.PSM_Logic.appController.java" Intrnl_Id="370">
<LocList>
<Loc EndOffset="10560" SrcFileId="6" StartOffset="10522"/>
</LocList>
</BasicStmnt>
<BasicStmnt CovItemId="S145" CovItemPrefix="my.PSM.PSM_Logic.appController.java" Intrnl_Id="371">
<LocList>
<Loc EndOffset="10608" SrcFileId="6" StartOffset="10573"/>
</LocList>
</BasicStmnt>
<CondStmnt CovItemId="S146" CovItemPrefix="my.PSM.PSM_Logic.appController.java" Intrnl_Id="372">
<Branch CovItemId="B21" CovItemPrefix="my.PSM.PSM_Logic.appController.java" Implct="false" Intrnl_Id="373">
<Cond/>
<LocList>
<Loc EndOffset="10785" SrcFileId="6" StartOffset="10698"/>
</LocList>
<StmntSeq Intrnl_Id="374">
<LocList>
<Loc EndOffset="10739" SrcFileId="6" StartOffset="10716"/>
<Loc EndOffset="10771" SrcFileId="6" StartOffset="10756"/>
</LocList>
<BasicStmnt CovItemId="S147" CovItemPrefix="my.PSM.PSM_Logic.appController.java" Intrnl_Id="375">
<LocList>
<Loc EndOffset="10739" SrcFileId="6" StartOffset="10716"/>
</LocList>
</BasicStmnt>
<BasicStmnt CovItemId="S148" CovItemPrefix="my.PSM.PSM_Logic.appController.java" Intrnl_Id="376">
<LocList>
<Loc EndOffset="10771" SrcFileId="6" StartOffset="10756"/>
</LocList>
</BasicStmnt>
</StmntSeq>
</Branch>
<Branch CovItemId="B22" CovItemPrefix="my.PSM.PSM_Logic.appController.java" Implct="false" Intrnl_Id="377">
<Cond>
<Loc EndOffset="10802" SrcFileId="6" StartOffset="10798"/>
</Cond>
<LocList>
<Loc EndOffset="11660" SrcFileId="6" StartOffset="10803"/>
</LocList>
<StmntSeq Intrnl_Id="378">
<LocList>
<Loc EndOffset="11660" SrcFileId="6" StartOffset="10803"/>
</LocList>
<CondStmnt CovItemId="S149" CovItemPrefix="my.PSM.PSM_Logic.appController.java" Intrnl_Id="379">
<Branch CovItemId="B23" CovItemPrefix="my.PSM.PSM_Logic.appController.java" Implct="false" Intrnl_Id="380">
<Cond/>
<LocList>
<Loc EndOffset="10954" SrcFileId="6" StartOffset="10867"/>
</LocList>
<StmntSeq Intrnl_Id="381">
<LocList>
<Loc EndOffset="10908" SrcFileId="6" StartOffset="10885"/>
<Loc EndOffset="10940" SrcFileId="6" StartOffset="10925"/>
</LocList>
<BasicStmnt CovItemId="S150" CovItemPrefix="my.PSM.PSM_Logic.appController.java" Intrnl_Id="382">
<LocList>
<Loc EndOffset="10908" SrcFileId="6" StartOffset="10885"/>
</LocList>
</BasicStmnt>
<BasicStmnt CovItemId="S151" CovItemPrefix="my.PSM.PSM_Logic.appController.java" Intrnl_Id="383">
<LocList>
<Loc EndOffset="10940" SrcFileId="6" StartOffset="10925"/>
</LocList>
</BasicStmnt>
</StmntSeq>
</Branch>
<Branch CovItemId="B24" CovItemPrefix="my.PSM.PSM_Logic.appController.java" Implct="false" Intrnl_Id="384">
<Cond>
<Loc EndOffset="10971" SrcFileId="6" StartOffset="10967"/>
</Cond>
<LocList>
<Loc EndOffset="11660" SrcFileId="6" StartOffset="10972"/>
</LocList>
<StmntSeq Intrnl_Id="385">
<LocList>
<Loc EndOffset="11660" SrcFileId="6" StartOffset="10972"/>
</LocList>
<CondStmnt CovItemId="S152" CovItemPrefix="my.PSM.PSM_Logic.appController.java" Intrnl_Id="386">
<Branch CovItemId="B25" CovItemPrefix="my.PSM.PSM_Logic.appController.java" Implct="false" Intrnl_Id="387">
<Cond/>
<LocList>
<Loc EndOffset="11123" SrcFileId="6" StartOffset="11036"/>
</LocList>
<StmntSeq Intrnl_Id="388">
<LocList>
<Loc EndOffset="11077" SrcFileId="6" StartOffset="11054"/>
<Loc EndOffset="11109" SrcFileId="6" StartOffset="11094"/>
</LocList>
<BasicStmnt CovItemId="S153" CovItemPrefix="my.PSM.PSM_Logic.appController.java" Intrnl_Id="389">
<LocList>
<Loc EndOffset="11077" SrcFileId="6" StartOffset="11054"/>
</LocList>
</BasicStmnt>
<BasicStmnt CovItemId="S154" CovItemPrefix="my.PSM.PSM_Logic.appController.java" Intrnl_Id="390">
<LocList>
<Loc EndOffset="11109" SrcFileId="6" StartOffset="11094"/>
</LocList>
</BasicStmnt>
</StmntSeq>
</Branch>
<Branch CovItemId="B26" CovItemPrefix="my.PSM.PSM_Logic.appController.java" Implct="false" Intrnl_Id="391">
<Cond>
<Loc EndOffset="11140" SrcFileId="6" StartOffset="11136"/>
</Cond>
<LocList>
<Loc EndOffset="11660" SrcFileId="6" StartOffset="11141"/>
</LocList>
<StmntSeq Intrnl_Id="392">
<LocList>
<Loc EndOffset="11660" SrcFileId="6" StartOffset="11141"/>
</LocList>
<CondStmnt CovItemId="S155" CovItemPrefix="my.PSM.PSM_Logic.appController.java" Intrnl_Id="393">
<Branch CovItemId="B27" CovItemPrefix="my.PSM.PSM_Logic.appController.java" Implct="false" Intrnl_Id="394">
<Cond/>
<LocList>
<Loc EndOffset="11292" SrcFileId="6" StartOffset="11205"/>
</LocList>
<StmntSeq Intrnl_Id="395">
<LocList>
<Loc EndOffset="11246" SrcFileId="6" StartOffset="11223"/>
<Loc EndOffset="11278" SrcFileId="6" StartOffset="11263"/>
</LocList>
<BasicStmnt CovItemId="S156" CovItemPrefix="my.PSM.PSM_Logic.appController.java" Intrnl_Id="396">
<LocList>
<Loc EndOffset="11246" SrcFileId="6" StartOffset="11223"/>
</LocList>
</BasicStmnt>
<BasicStmnt CovItemId="S157" CovItemPrefix="my.PSM.PSM_Logic.appController.java" Intrnl_Id="397">
<LocList>
<Loc EndOffset="11278" SrcFileId="6" StartOffset="11263"/>
</LocList>
</BasicStmnt>
</StmntSeq>
</Branch>
<Branch CovItemId="B28" CovItemPrefix="my.PSM.PSM_Logic.appController.java" Implct="false" Intrnl_Id="398">
<Cond>
<Loc EndOffset="11309" SrcFileId="6" StartOffset="11305"/>
</Cond>
<LocList>
<Loc EndOffset="11660" SrcFileId="6" StartOffset="11310"/>
</LocList>
<StmntSeq Intrnl_Id="399">
<LocList>
<Loc EndOffset="11660" SrcFileId="6" StartOffset="11310"/>
</LocList>
<CondStmnt CovItemId="S158" CovItemPrefix="my.PSM.PSM_Logic.appController.java" Intrnl_Id="400">
<Branch CovItemId="B29" CovItemPrefix="my.PSM.PSM_Logic.appController.java" Implct="false" Intrnl_Id="401">
<Cond/>
<LocList>
<Loc EndOffset="11461" SrcFileId="6" StartOffset="11374"/>
</LocList>
<StmntSeq Intrnl_Id="402">
<LocList>
<Loc EndOffset="11415" SrcFileId="6" StartOffset="11392"/>
<Loc EndOffset="11447" SrcFileId="6" StartOffset="11432"/>
</LocList>
<BasicStmnt CovItemId="S159" CovItemPrefix="my.PSM.PSM_Logic.appController.java" Intrnl_Id="403">
<LocList>
<Loc EndOffset="11415" SrcFileId="6" StartOffset="11392"/>
</LocList>
</BasicStmnt>
<BasicStmnt CovItemId="S160" CovItemPrefix="my.PSM.PSM_Logic.appController.java" Intrnl_Id="404">
<LocList>
<Loc EndOffset="11447" SrcFileId="6" StartOffset="11432"/>
</LocList>
</BasicStmnt>
</StmntSeq>
</Branch>
<Branch CovItemId="B30" CovItemPrefix="my.PSM.PSM_Logic.appController.java" Implct="false" Intrnl_Id="405">
<Cond>
<Loc EndOffset="11491" SrcFileId="6" StartOffset="11487"/>
</Cond>
<LocList>
<Loc EndOffset="11660" SrcFileId="6" StartOffset="11492"/>
</LocList>
<StmntSeq Intrnl_Id="406">
<LocList>
<Loc EndOffset="11660" SrcFileId="6" StartOffset="11492"/>
</LocList>
<CondStmnt CovItemId="S161" CovItemPrefix="my.PSM.PSM_Logic.appController.java" Intrnl_Id="407">
<Branch CovItemId="B31" CovItemPrefix="my.PSM.PSM_Logic.appController.java" Implct="false" Intrnl_Id="408">
<Cond/>
<LocList>
<Loc EndOffset="11660" SrcFileId="6" StartOffset="11556"/>
</LocList>
<StmntSeq Intrnl_Id="409">
<LocList>
<Loc EndOffset="11614" SrcFileId="6" StartOffset="11591"/>
<Loc EndOffset="11646" SrcFileId="6" StartOffset="11631"/>
</LocList>
<BasicStmnt CovItemId="S162" CovItemPrefix="my.PSM.PSM_Logic.appController.java" Intrnl_Id="410">
<LocList>
<Loc EndOffset="11614" SrcFileId="6" StartOffset="11591"/>
</LocList>
</BasicStmnt>
<BasicStmnt CovItemId="S163" CovItemPrefix="my.PSM.PSM_Logic.appController.java" Intrnl_Id="411">
<LocList>
<Loc EndOffset="11646" SrcFileId="6" StartOffset="11631"/>
</LocList>
</BasicStmnt>
</StmntSeq>
</Branch>
<Branch CovItemId="B32" CovItemPrefix="my.PSM.PSM_Logic.appController.java" Implct="true" Intrnl_Id="412">
<Cond/>
<LocList/>
<StmntSeq Intrnl_Id="413">
<LocList/>
</StmntSeq>
</Branch>
<Keyword EndOffset="11494" SrcFileId="6" StartOffset="11492"/>
<LocList>
<Loc EndOffset="11660" SrcFileId="6" StartOffset="11492"/>
</LocList>
</CondStmnt>
</StmntSeq>
</Branch>
<Keyword EndOffset="11312" SrcFileId="6" StartOffset="11310"/>
<LocList>
<Loc EndOffset="11660" SrcFileId="6" StartOffset="11310"/>
</LocList>
</CondStmnt>
</StmntSeq>
</Branch>
<Keyword EndOffset="11143" SrcFileId="6" StartOffset="11141"/>
<LocList>
<Loc EndOffset="11660" SrcFileId="6" StartOffset="11141"/>
</LocList>
</CondStmnt>
</StmntSeq>
</Branch>
<Keyword EndOffset="10974" SrcFileId="6" StartOffset="10972"/>
<LocList>
<Loc EndOffset="11660" SrcFileId="6" StartOffset="10972"/>
</LocList>
</CondStmnt>
</StmntSeq>
</Branch>
<Keyword EndOffset="10805" SrcFileId="6" StartOffset="10803"/>
<LocList>
<Loc EndOffset="11660" SrcFileId="6" StartOffset="10803"/>
</LocList>
</CondStmnt>
</StmntSeq>
</Branch>
<Keyword EndOffset="10636" SrcFileId="6" StartOffset="10634"/>
<LocList>
<Loc EndOffset="11660" SrcFileId="6" StartOffset="10634"/>
</LocList>
</CondStmnt>
<CondStmnt CovItemId="S164" CovItemPrefix="my.PSM.PSM_Logic.appController.java" Intrnl_Id="414">
<Branch CovItemId="B33" CovItemPrefix="my.PSM.PSM_Logic.appController.java" Implct="false" Intrnl_Id="415">
<Cond/>
<LocList>
<Loc EndOffset="12062" SrcFileId="6" StartOffset="11710"/>
</LocList>
<StmntSeq Intrnl_Id="416">
<LocList>
<Loc EndOffset="11761" SrcFileId="6" StartOffset="11728"/>
<Loc EndOffset="11816" SrcFileId="6" StartOffset="11778"/>
<Loc EndOffset="11870" SrcFileId="6" StartOffset="11833"/>
<Loc EndOffset="11943" SrcFileId="6" StartOffset="11901"/>
<Loc EndOffset="11991" SrcFileId="6" StartOffset="11960"/>
<Loc EndOffset="12048" SrcFileId="6" StartOffset="12008"/>
</LocList>
<BasicStmnt CovItemId="S165" CovItemPrefix="my.PSM.PSM_Logic.appController.java" Intrnl_Id="417">
<LocList>
<Loc EndOffset="11761" SrcFileId="6" StartOffset="11728"/>
</LocList>
</BasicStmnt>
<BasicStmnt CovItemId="S166" CovItemPrefix="my.PSM.PSM_Logic.appController.java" Intrnl_Id="418">
<LocList>
<Loc EndOffset="11816" SrcFileId="6" StartOffset="11778"/>
</LocList>
</BasicStmnt>
<BasicStmnt CovItemId="S167" CovItemPrefix="my.PSM.PSM_Logic.appController.java" Intrnl_Id="419">
<LocList>
<Loc EndOffset="11870" SrcFileId="6" StartOffset="11833"/>
</LocList>
</BasicStmnt>
<BasicStmnt CovItemId="S168" CovItemPrefix="my.PSM.PSM_Logic.appController.java" Intrnl_Id="420">
<LocList>
<Loc EndOffset="11943" SrcFileId="6" StartOffset="11901"/>
</LocList>
</BasicStmnt>
<BasicStmnt CovItemId="S169" CovItemPrefix="my.PSM.PSM_Logic.appController.java" Intrnl_Id="421">
<LocList>
<Loc EndOffset="11991" SrcFileId="6" StartOffset="11960"/>
</LocList>
</BasicStmnt>
<BasicStmnt CovItemId="S170" CovItemPrefix="my.PSM.PSM_Logic.appController.java" Intrnl_Id="422">
<LocList>
<Loc EndOffset="12048" SrcFileId="6" StartOffset="12008"/>
</LocList>
</BasicStmnt>
</StmntSeq>
</Branch>
<Branch CovItemId="B34" CovItemPrefix="my.PSM.PSM_Logic.appController.java" Implct="true" Intrnl_Id="423">
<Cond/>
<LocList/>
<StmntSeq Intrnl_Id="424">
<LocList/>
</StmntSeq>
</Branch>
<Keyword EndOffset="11701" SrcFileId="6" StartOffset="11699"/>
<LocList>
<Loc EndOffset="12062" SrcFileId="6" StartOffset="11699"/>
</LocList>
</CondStmnt>
</StmntSeq>
<Keyword EndOffset="10425" SrcFileId="6" StartOffset="10422"/>
<LocList>
<Loc EndOffset="12072" SrcFileId="6" StartOffset="10422"/>
</LocList>
</LoopStmnt>
</StmntSeq>
</HierarchyLvl>
<HierarchyLvl HierarchyLvlId="2730" HierarchyLvlTypeId="16" Intrnl_Id="425" Name="getData">
<Header>
<Loc EndOffset="12137" SrcFileId="6" StartOffset="12099"/>
</Header>
<LocList>
<Loc EndOffset="13103" SrcFileId="6" StartOffset="12099"/>
</LocList>
<StmntSeq Intrnl_Id="426">
<LocList>
<Loc EndOffset="12196" SrcFileId="6" StartOffset="12152"/>
<Loc EndOffset="12258" SrcFileId="6" StartOffset="12205"/>
<Loc EndOffset="12318" SrcFileId="6" StartOffset="12267"/>
<Loc EndOffset="12380" SrcFileId="6" StartOffset="12327"/>
<Loc EndOffset="12438" SrcFileId="6" StartOffset="12389"/>
<Loc EndOffset="12494" SrcFileId="6" StartOffset="12447"/>
<Loc EndOffset="12546" SrcFileId="6" StartOffset="12503"/>
<Loc EndOffset="12602" SrcFileId="6" StartOffset="12555"/>
<Loc EndOffset="12654" SrcFileId="6" StartOffset="12611"/>
<Loc EndOffset="12710" SrcFileId="6" StartOffset="12663"/>
<Loc EndOffset="12762" SrcFileId="6" StartOffset="12719"/>
<Loc EndOffset="12818" SrcFileId="6" StartOffset="12771"/>
<Loc EndOffset="12870" SrcFileId="6" StartOffset="12827"/>
<Loc EndOffset="12926" SrcFileId="6" StartOffset="12879"/>
<Loc EndOffset="12978" SrcFileId="6" StartOffset="12935"/>
<Loc EndOffset="13034" SrcFileId="6" StartOffset="12987"/>
<Loc EndOffset="13086" SrcFileId="6" StartOffset="13043"/>
</LocList>
<BasicStmnt CovItemId="S171" CovItemPrefix="my.PSM.PSM_Logic.appController.java" Intrnl_Id="427">
<LocList>
<Loc EndOffset="12196" SrcFileId="6" StartOffset="12152"/>
</LocList>
</BasicStmnt>
<BasicStmnt CovItemId="S172" CovItemPrefix="my.PSM.PSM_Logic.appController.java" Intrnl_Id="428">
<LocList>
<Loc EndOffset="12258" SrcFileId="6" StartOffset="12205"/>
</LocList>
</BasicStmnt>
<BasicStmnt CovItemId="S173" CovItemPrefix="my.PSM.PSM_Logic.appController.java" Intrnl_Id="429">
<LocList>
<Loc EndOffset="12318" SrcFileId="6" StartOffset="12267"/>
</LocList>
</BasicStmnt>
<BasicStmnt CovItemId="S174" CovItemPrefix="my.PSM.PSM_Logic.appController.java" Intrnl_Id="430">
<LocList>
<Loc EndOffset="12380" SrcFileId="6" StartOffset="12327"/>
</LocList>
</BasicStmnt>
<BasicStmnt CovItemId="S175" CovItemPrefix="my.PSM.PSM_Logic.appController.java" Intrnl_Id="431">
<LocList>
<Loc EndOffset="12438" SrcFileId="6" StartOffset="12389"/>
</LocList>
</BasicStmnt>
<BasicStmnt CovItemId="S176" CovItemPrefix="my.PSM.PSM_Logic.appController.java" Intrnl_Id="432">
<LocList>
<Loc EndOffset="12494" SrcFileId="6" StartOffset="12447"/>
</LocList>
</BasicStmnt>
<BasicStmnt CovItemId="S177" CovItemPrefix="my.PSM.PSM_Logic.appController.java" Intrnl_Id="433">
<LocList>
<Loc EndOffset="12546" SrcFileId="6" StartOffset="12503"/>
</LocList>
</BasicStmnt>
<BasicStmnt CovItemId="S178" CovItemPrefix="my.PSM.PSM_Logic.appController.java" Intrnl_Id="434">
<LocList>
<Loc EndOffset="12602" SrcFileId="6" StartOffset="12555"/>
</LocList>
</BasicStmnt>
<BasicStmnt CovItemId="S179" CovItemPrefix="my.PSM.PSM_Logic.appController.java" Intrnl_Id="435">
<LocList>
<Loc EndOffset="12654" SrcFileId="6" StartOffset="12611"/>
</LocList>
</BasicStmnt>
<BasicStmnt CovItemId="S180" CovItemPrefix="my.PSM.PSM_Logic.appController.java" Intrnl_Id="436">
<LocList>
<Loc EndOffset="12710" SrcFileId="6" StartOffset="12663"/>
</LocList>
</BasicStmnt>
<BasicStmnt CovItemId="S181" CovItemPrefix="my.PSM.PSM_Logic.appController.java" Intrnl_Id="437">
<LocList>
<Loc EndOffset="12762" SrcFileId="6" StartOffset="12719"/>
</LocList>
</BasicStmnt>
<BasicStmnt CovItemId="S182" CovItemPrefix="my.PSM.PSM_Logic.appController.java" Intrnl_Id="438">
<LocList>
<Loc EndOffset="12818" SrcFileId="6" StartOffset="12771"/>
</LocList>
</BasicStmnt>
<BasicStmnt CovItemId="S183" CovItemPrefix="my.PSM.PSM_Logic.appController.java" Intrnl_Id="439">
<LocList>
<Loc EndOffset="12870" SrcFileId="6" StartOffset="12827"/>
</LocList>
</BasicStmnt>
<BasicStmnt CovItemId="S184" CovItemPrefix="my.PSM.PSM_Logic.appController.java" Intrnl_Id="440">
<LocList>
<Loc EndOffset="12926" SrcFileId="6" StartOffset="12879"/>
</LocList>
</BasicStmnt>
<BasicStmnt CovItemId="S185" CovItemPrefix="my.PSM.PSM_Logic.appController.java" Intrnl_Id="441">
<LocList>
<Loc EndOffset="12978" SrcFileId="6" StartOffset="12935"/>
</LocList>
</BasicStmnt>
<BasicStmnt CovItemId="S186" CovItemPrefix="my.PSM.PSM_Logic.appController.java" Intrnl_Id="442">
<LocList>
<Loc EndOffset="13034" SrcFileId="6" StartOffset="12987"/>
</LocList>
</BasicStmnt>
<BasicStmnt CovItemId="S187" CovItemPrefix="my.PSM.PSM_Logic.appController.java" Intrnl_Id="443">
<LocList>
<Loc EndOffset="13086" SrcFileId="6" StartOffset="13043"/>
</LocList>
</BasicStmnt>
</StmntSeq>
</HierarchyLvl>
<HierarchyLvl HierarchyLvlId="2731" HierarchyLvlTypeId="16" Intrnl_Id="444" Name="sleep">
<Header>
<Loc EndOffset="13153" SrcFileId="6" StartOffset="13118"/>
</Header>
<LocList>
<Loc EndOffset="13356" SrcFileId="6" StartOffset="13118"/>
</LocList>
<StmntSeq Intrnl_Id="445">
<LocList>
<Loc EndOffset="13208" SrcFileId="6" StartOffset="13188"/>
<Loc EndOffset="13350" SrcFileId="6" StartOffset="13170"/>
</LocList>
<BasicStmnt CovItemId="S189" CovItemPrefix="my.PSM.PSM_Logic.appController.java" Intrnl_Id="446">
<LocList>
<Loc EndOffset="13208" SrcFileId="6" StartOffset="13188"/>
</LocList>
</BasicStmnt>
<CondStmnt CovItemId="S188" CovItemPrefix="my.PSM.PSM_Logic.appController.java" Intrnl_Id="447">
<Branch CovItemId="B35" CovItemPrefix="my.PSM.PSM_Logic.appController.java" Implct="true" Intrnl_Id="448">
<Cond/>
<LocList/>
<StmntSeq Intrnl_Id="449">
<LocList/>
</StmntSeq>
</Branch>
<Branch CovItemId="B36" CovItemPrefix="my.PSM.PSM_Logic.appController.java" Implct="false" Intrnl_Id="450">
<Cond>
<Loc EndOffset="13250" SrcFileId="6" StartOffset="13219"/>
</Cond>
<LocList>
<Loc EndOffset="13350" SrcFileId="6" StartOffset="13251"/>
</LocList>
<StmntSeq Intrnl_Id="451">
<LocList>
<Loc EndOffset="13340" SrcFileId="6" StartOffset="13264"/>
</LocList>
<BasicStmnt CovItemId="S190" CovItemPrefix="my.PSM.PSM_Logic.appController.java" Intrnl_Id="452">
<LocList>
<Loc EndOffset="13340" SrcFileId="6" StartOffset="13264"/>
</LocList>
</BasicStmnt>
</StmntSeq>
</Branch>
<Keyword EndOffset="13173" SrcFileId="6" StartOffset="13170"/>
<LocList>
<Loc EndOffset="13350" SrcFileId="6" StartOffset="13170"/>
</LocList>
</CondStmnt>
</StmntSeq>
</HierarchyLvl>
<HierarchyLvl HierarchyLvlId="2732" HierarchyLvlTypeId="16" Intrnl_Id="453" Name="LogIn">
<Header>
<Loc EndOffset="13389" SrcFileId="6" StartOffset="13363"/>
</Header>
<LocList>
<Loc EndOffset="13542" SrcFileId="6" StartOffset="13363"/>
</LocList>
<StmntSeq Intrnl_Id="454">
<LocList>
<Loc EndOffset="13528" SrcFileId="6" StartOffset="13410"/>
</LocList>
<CondStmnt CovItemId="S191" CovItemPrefix="my.PSM.PSM_Logic.appController.java" Intrnl_Id="455">
<Branch CovItemId="B37" CovItemPrefix="my.PSM.PSM_Logic.appController.java" Implct="false" Intrnl_Id="456">
<Cond/>
<LocList>
<Loc EndOffset="13485" SrcFileId="6" StartOffset="13469"/>
</LocList>
<StmntSeq Intrnl_Id="457">
<LocList>
<Loc EndOffset="13485" SrcFileId="6" StartOffset="13469"/>
</LocList>
<BasicStmnt CovItemId="S192" CovItemPrefix="my.PSM.PSM_Logic.appController.java" Intrnl_Id="458">
<LocList>
<Loc EndOffset="13485" SrcFileId="6" StartOffset="13469"/>
</LocList>
</BasicStmnt>
</StmntSeq>
</Branch>
<Branch CovItemId="B38" CovItemPrefix="my.PSM.PSM_Logic.appController.java" Implct="false" Intrnl_Id="459">
<Cond>
<Loc EndOffset="13498" SrcFileId="6" StartOffset="13494"/>
</Cond>
<LocList>
<Loc EndOffset="13528" SrcFileId="6" StartOffset="13511"/>
</LocList>
<StmntSeq Intrnl_Id="460">
<LocList>
<Loc EndOffset="13528" SrcFileId="6" StartOffset="13511"/>
</LocList>
<BasicStmnt CovItemId="S193" CovItemPrefix="my.PSM.PSM_Logic.appController.java" Intrnl_Id="461">
<LocList>
<Loc EndOffset="13528" SrcFileId="6" StartOffset="13511"/>
</LocList>
</BasicStmnt>
</StmntSeq>
</Branch>
<Keyword EndOffset="13412" SrcFileId="6" StartOffset="13410"/>
<LocList>
<Loc EndOffset="13528" SrcFileId="6" StartOffset="13410"/>
</LocList>
</CondStmnt>
</StmntSeq>
</HierarchyLvl>
<HierarchyLvl HierarchyLvlId="2733" HierarchyLvlTypeId="16" Intrnl_Id="462" Name="getCon">
<Header>
<Loc EndOffset="13590" SrcFileId="6" StartOffset="13552"/>
</Header>
<LocList>
<Loc EndOffset="13629" SrcFileId="6" StartOffset="13552"/>
</LocList>
<StmntSeq Intrnl_Id="463">
<LocList>
<Loc EndOffset="13623" SrcFileId="6" StartOffset="13605"/>
</LocList>
<BasicStmnt CovItemId="S194" CovItemPrefix="my.PSM.PSM_Logic.appController.java" Intrnl_Id="464">
<LocList>
<Loc EndOffset="13623" SrcFileId="6" StartOffset="13605"/>
</LocList>
</BasicStmnt>
</StmntSeq>
</HierarchyLvl>
<HierarchyLvl HierarchyLvlId="2735" HierarchyLvlTypeId="18" Intrnl_Id="465" Name="TimerTask">
<Header>
<Loc EndOffset="13694" SrcFileId="6" StartOffset="13683"/>
</Header>
<LocList>
<Loc EndOffset="13791" SrcFileId="6" StartOffset="13679"/>
</LocList>
<HierarchyLvl HierarchyLvlId="2734" HierarchyLvlTypeId="16" Intrnl_Id="466" Name="run">
<Header>
<Loc EndOffset="13726" SrcFileId="6" StartOffset="13709"/>
</Header>
<LocList>
<Loc EndOffset="13785" SrcFileId="6" StartOffset="13709"/>
</LocList>
<StmntSeq Intrnl_Id="467">
<LocList>
<Loc EndOffset="13775" SrcFileId="6" StartOffset="13748"/>
</LocList>
<BasicStmnt CovItemId="S196" CovItemPrefix="my.PSM.PSM_Logic.appController.java" Intrnl_Id="468">
<LocList>
<Loc EndOffset="13775" SrcFileId="6" StartOffset="13748"/>
</LocList>
</BasicStmnt>
</StmntSeq>
</HierarchyLvl>
</HierarchyLvl>
<HierarchyLvl HierarchyLvlId="2737" HierarchyLvlTypeId="18" Intrnl_Id="469" Name="TimerTask">
<Header>
<Loc EndOffset="13855" SrcFileId="6" StartOffset="13844"/>
</Header>
<LocList>
<Loc EndOffset="13956" SrcFileId="6" StartOffset="13840"/>
</LocList>
<HierarchyLvl HierarchyLvlId="2736" HierarchyLvlTypeId="16" Intrnl_Id="470" Name="run">
<Header>
<Loc EndOffset="13887" SrcFileId="6" StartOffset="13870"/>
</Header>
<LocList>
<Loc EndOffset="13950" SrcFileId="6" StartOffset="13870"/>
</LocList>
<StmntSeq Intrnl_Id="471">
<LocList>
<Loc EndOffset="13940" SrcFileId="6" StartOffset="13910"/>
</LocList>
<BasicStmnt CovItemId="S198" CovItemPrefix="my.PSM.PSM_Logic.appController.java" Intrnl_Id="472">
<LocList>
<Loc EndOffset="13940" SrcFileId="6" StartOffset="13910"/>
</LocList>
</BasicStmnt>
</StmntSeq>
</HierarchyLvl>
</HierarchyLvl>
<HierarchyLvl HierarchyLvlId="2739" HierarchyLvlTypeId="18" Intrnl_Id="473" Name="TimerTask">
<Header>
<Loc EndOffset="14016" SrcFileId="6" StartOffset="14005"/>
</Header>
<LocList>
<Loc EndOffset="14114" SrcFileId="6" StartOffset="14001"/>
</LocList>
<HierarchyLvl HierarchyLvlId="2738" HierarchyLvlTypeId="16" Intrnl_Id="474" Name="run">
<Header>
<Loc EndOffset="14048" SrcFileId="6" StartOffset="14031"/>
</Header>
<LocList>
<Loc EndOffset="14108" SrcFileId="6" StartOffset="14031"/>
</LocList>
<StmntSeq Intrnl_Id="475">
<LocList>
<Loc EndOffset="14098" SrcFileId="6" StartOffset="14071"/>
</LocList>
<BasicStmnt CovItemId="S200" CovItemPrefix="my.PSM.PSM_Logic.appController.java" Intrnl_Id="476">
<LocList>
<Loc EndOffset="14098" SrcFileId="6" StartOffset="14071"/>
</LocList>
</BasicStmnt>
</StmntSeq>
</HierarchyLvl>
</HierarchyLvl>
<HierarchyLvl HierarchyLvlId="2741" HierarchyLvlTypeId="18" Intrnl_Id="477" Name="TimerTask">
<Header>
<Loc EndOffset="14183" SrcFileId="6" StartOffset="14172"/>
</Header>
<LocList>
<Loc EndOffset="14335" SrcFileId="6" StartOffset="14168"/>
</LocList>
<HierarchyLvl HierarchyLvlId="2740" HierarchyLvlTypeId="16" Intrnl_Id="478" Name="run">
<Header>
<Loc EndOffset="14215" SrcFileId="6" StartOffset="14198"/>
</Header>
<LocList>
<Loc EndOffset="14329" SrcFileId="6" StartOffset="14198"/>
</LocList>
<StmntSeq Intrnl_Id="479">
<LocList>
<Loc EndOffset="14266" SrcFileId="6" StartOffset="14238"/>
<Loc EndOffset="14319" SrcFileId="6" StartOffset="14279"/>
</LocList>
<BasicStmnt CovItemId="S202" CovItemPrefix="my.PSM.PSM_Logic.appController.java" Intrnl_Id="480">
<LocList>
<Loc EndOffset="14266" SrcFileId="6" StartOffset="14238"/>
</LocList>
</BasicStmnt>
<BasicStmnt CovItemId="S203" CovItemPrefix="my.PSM.PSM_Logic.appController.java" Intrnl_Id="481">
<LocList>
<Loc EndOffset="14319" SrcFileId="6" StartOffset="14279"/>
</LocList>
</BasicStmnt>
</StmntSeq>
</HierarchyLvl>
</HierarchyLvl>
<HierarchyLvl HierarchyLvlId="2743" HierarchyLvlTypeId="18" Intrnl_Id="482" Name="TimerTask">
<Header>
<Loc EndOffset="14404" SrcFileId="6" StartOffset="14393"/>
</Header>
<LocList>
<Loc EndOffset="14490" SrcFileId="6" StartOffset="14389"/>
</LocList>
<HierarchyLvl HierarchyLvlId="2742" HierarchyLvlTypeId="16" Intrnl_Id="483" Name="run">
<Header>
<Loc EndOffset="14436" SrcFileId="6" StartOffset="14419"/>
</Header>
<LocList>
<Loc EndOffset="14484" SrcFileId="6" StartOffset="14419"/>
</LocList>
<StmntSeq Intrnl_Id="484">
<LocList>
<Loc EndOffset="14474" SrcFileId="6" StartOffset="14459"/>
</LocList>
<BasicStmnt CovItemId="S205" CovItemPrefix="my.PSM.PSM_Logic.appController.java" Intrnl_Id="485">
<LocList>
<Loc EndOffset="14474" SrcFileId="6" StartOffset="14459"/>
</LocList>
</BasicStmnt>
</StmntSeq>
</HierarchyLvl>
</HierarchyLvl>
<HierarchyLvl HierarchyLvlId="2744" HierarchyLvlTypeId="16" Intrnl_Id="486" Name="setTime">
<Header>
<Loc EndOffset="14580" SrcFileId="6" StartOffset="14509"/>
</Header>
<LocList>
<Loc EndOffset="14644" SrcFileId="6" StartOffset="14509"/>
</LocList>
<StmntSeq Intrnl_Id="487">
<LocList>
<Loc EndOffset="14638" SrcFileId="6" StartOffset="14595"/>
</LocList>
<BasicStmnt CovItemId="S206" CovItemPrefix="my.PSM.PSM_Logic.appController.java" Intrnl_Id="488">
<LocList>
<Loc EndOffset="14638" SrcFileId="6" StartOffset="14595"/>
</LocList>
</BasicStmnt>
</StmntSeq>
</HierarchyLvl>
<HierarchyLvl HierarchyLvlId="2745" HierarchyLvlTypeId="16" Intrnl_Id="489" Name="getTime">
<Header>
<Loc EndOffset="14675" SrcFileId="6" StartOffset="14654"/>
</Header>
<LocList>
<Loc EndOffset="14720" SrcFileId="6" StartOffset="14654"/>
</LocList>
<StmntSeq Intrnl_Id="490">
<LocList>
<Loc EndOffset="14714" SrcFileId="6" StartOffset="14690"/>
</LocList>
<BasicStmnt CovItemId="S207" CovItemPrefix="my.PSM.PSM_Logic.appController.java" Intrnl_Id="491">
<LocList>
<Loc EndOffset="14714" SrcFileId="6" StartOffset="14690"/>
</LocList>
</BasicStmnt>
</StmntSeq>
</HierarchyLvl>
<HierarchyLvl HierarchyLvlId="2746" HierarchyLvlTypeId="16" Intrnl_Id="492" Name="getTimeMillis">
<Header>
<Loc EndOffset="14764" SrcFileId="6" StartOffset="14730"/>
</Header>
<LocList>
<Loc EndOffset="14817" SrcFileId="6" StartOffset="14730"/>
</LocList>
<StmntSeq Intrnl_Id="493">
<LocList>
<Loc EndOffset="14811" SrcFileId="6" StartOffset="14779"/>
</LocList>
<BasicStmnt CovItemId="S208" CovItemPrefix="my.PSM.PSM_Logic.appController.java" Intrnl_Id="494">
<LocList>
<Loc EndOffset="14811" SrcFileId="6" StartOffset="14779"/>
</LocList>
</BasicStmnt>
</StmntSeq>
</HierarchyLvl>
<HierarchyLvl HierarchyLvlId="2747" HierarchyLvlTypeId="16" Intrnl_Id="495" Name="timerParser">
<Header>
<Loc EndOffset="14871" SrcFileId="6" StartOffset="14827"/>
</Header>
<LocList>
<Loc EndOffset="14990" SrcFileId="6" StartOffset="14827"/>
</LocList>
<StmntSeq Intrnl_Id="496">
<LocList>
<Loc EndOffset="14930" SrcFileId="6" StartOffset="14886"/>
<Loc EndOffset="14984" SrcFileId="6" StartOffset="14939"/>
</LocList>
<BasicStmnt CovItemId="S209" CovItemPrefix="my.PSM.PSM_Logic.appController.java" Intrnl_Id="497">
<LocList>
<Loc EndOffset="14930" SrcFileId="6" StartOffset="14886"/>
</LocList>
</BasicStmnt>
<BasicStmnt CovItemId="S210" CovItemPrefix="my.PSM.PSM_Logic.appController.java" Intrnl_Id="498">
<LocList>
<Loc EndOffset="14984" SrcFileId="6" StartOffset="14939"/>
</LocList>
</BasicStmnt>
</StmntSeq>
</HierarchyLvl>
<HierarchyLvl HierarchyLvlId="2748" HierarchyLvlTypeId="16" Intrnl_Id="499" Name="dateParser">
<Header>
<Loc EndOffset="15038" SrcFileId="6" StartOffset="14995"/>
</Header>
<LocList>
<Loc EndOffset="15240" SrcFileId="6" StartOffset="14995"/>
</LocList>
<StmntSeq Intrnl_Id="500">
<LocList>
<Loc EndOffset="15114" SrcFileId="6" StartOffset="15062"/>
<Loc EndOffset="15174" SrcFileId="6" StartOffset="15123"/>
<Loc EndOffset="15234" SrcFileId="6" StartOffset="15183"/>
</LocList>
<BasicStmnt CovItemId="S211" CovItemPrefix="my.PSM.PSM_Logic.appController.java" Intrnl_Id="501">
<LocList>
<Loc EndOffset="15114" SrcFileId="6" StartOffset="15062"/>
</LocList>
</BasicStmnt>
<BasicStmnt CovItemId="S212" CovItemPrefix="my.PSM.PSM_Logic.appController.java" Intrnl_Id="502">
<LocList>
<Loc EndOffset="15174" SrcFileId="6" StartOffset="15123"/>
</LocList>
</BasicStmnt>
<BasicStmnt CovItemId="S213" CovItemPrefix="my.PSM.PSM_Logic.appController.java" Intrnl_Id="503">
<LocList>
<Loc EndOffset="15234" SrcFileId="6" StartOffset="15183"/>
</LocList>
</BasicStmnt>
</StmntSeq>
</HierarchyLvl>
<HierarchyLvl HierarchyLvlId="2749" HierarchyLvlTypeId="16" Intrnl_Id="504" Name="returnHr">
<Header>
<Loc EndOffset="15271" SrcFileId="6" StartOffset="15250"/>
</Header>
<LocList>
<Loc EndOffset="15302" SrcFileId="6" StartOffset="15250"/>
</LocList>
<StmntSeq Intrnl_Id="505">
<LocList>
<Loc EndOffset="15296" SrcFileId="6" StartOffset="15286"/>
</LocList>
<BasicStmnt CovItemId="S214" CovItemPrefix="my.PSM.PSM_Logic.appController.java" Intrnl_Id="506">
<LocList>
<Loc EndOffset="15296" SrcFileId="6" StartOffset="15286"/>
</LocList>
</BasicStmnt>
</StmntSeq>
</HierarchyLvl>
<HierarchyLvl HierarchyLvlId="2750" HierarchyLvlTypeId="16" Intrnl_Id="507" Name="returnMin">
<Header>
<Loc EndOffset="15334" SrcFileId="6" StartOffset="15312"/>
</Header>
<LocList>
<Loc EndOffset="15366" SrcFileId="6" StartOffset="15312"/>
</LocList>
<StmntSeq Intrnl_Id="508">
<LocList>
<Loc EndOffset="15360" SrcFileId="6" StartOffset="15349"/>
</LocList>
<BasicStmnt CovItemId="S215" CovItemPrefix="my.PSM.PSM_Logic.appController.java" Intrnl_Id="509">
<LocList>
<Loc EndOffset="15360" SrcFileId="6" StartOffset="15349"/>
</LocList>
</BasicStmnt>
</StmntSeq>
</HierarchyLvl>
<HierarchyLvl HierarchyLvlId="2751" HierarchyLvlTypeId="16" Intrnl_Id="510" Name="getEndTime">
<Header>
<Loc EndOffset="15424" SrcFileId="6" StartOffset="15376"/>
</Header>
<LocList>
<Loc EndOffset="15917" SrcFileId="6" StartOffset="15376"/>
</LocList>
<StmntSeq Intrnl_Id="511">
<LocList>
<Loc EndOffset="15534" SrcFileId="6" StartOffset="15493"/>
<Loc EndOffset="15602" SrcFileId="6" StartOffset="15552"/>
<Loc EndOffset="15650" SrcFileId="6" StartOffset="15620"/>
<Loc EndOffset="15691" SrcFileId="6" StartOffset="15659"/>
<Loc EndOffset="15730" SrcFileId="6" StartOffset="15700"/>
<Loc EndOffset="15780" SrcFileId="6" StartOffset="15739"/>
<Loc EndOffset="15839" SrcFileId="6" StartOffset="15789"/>
<Loc EndOffset="15911" SrcFileId="6" StartOffset="15888"/>
</LocList>
<BasicStmnt CovItemId="S216" CovItemPrefix="my.PSM.PSM_Logic.appController.java" Intrnl_Id="512">
<LocList>
<Loc EndOffset="15534" SrcFileId="6" StartOffset="15493"/>
</LocList>
</BasicStmnt>
<BasicStmnt CovItemId="S217" CovItemPrefix="my.PSM.PSM_Logic.appController.java" Intrnl_Id="513">
<LocList>
<Loc EndOffset="15602" SrcFileId="6" StartOffset="15552"/>
</LocList>
</BasicStmnt>
<BasicStmnt CovItemId="S218" CovItemPrefix="my.PSM.PSM_Logic.appController.java" Intrnl_Id="514">
<LocList>
<Loc EndOffset="15650" SrcFileId="6" StartOffset="15620"/>
</LocList>
</BasicStmnt>
<BasicStmnt CovItemId="S219" CovItemPrefix="my.PSM.PSM_Logic.appController.java" Intrnl_Id="515">
<LocList>
<Loc EndOffset="15691" SrcFileId="6" StartOffset="15659"/>
</LocList>
</BasicStmnt>
<BasicStmnt CovItemId="S220" CovItemPrefix="my.PSM.PSM_Logic.appController.java" Intrnl_Id="516">
<LocList>
<Loc EndOffset="15730" SrcFileId="6" StartOffset="15700"/>
</LocList>
</BasicStmnt>
<BasicStmnt CovItemId="S221" CovItemPrefix="my.PSM.PSM_Logic.appController.java" Intrnl_Id="517">
<LocList>
<Loc EndOffset="15780" SrcFileId="6" StartOffset="15739"/>
</LocList>
</BasicStmnt>
<BasicStmnt CovItemId="S222" CovItemPrefix="my.PSM.PSM_Logic.appController.java" Intrnl_Id="518">
<LocList>
<Loc EndOffset="15839" SrcFileId="6" StartOffset="15789"/>
</LocList>
</BasicStmnt>
<BasicStmnt CovItemId="S223" CovItemPrefix="my.PSM.PSM_Logic.appController.java" Intrnl_Id="519">
<LocList>
<Loc EndOffset="15911" SrcFileId="6" StartOffset="15888"/>
</LocList>
</BasicStmnt>
</StmntSeq>
</HierarchyLvl>
<HierarchyLvl HierarchyLvlId="2752" HierarchyLvlTypeId="16" Intrnl_Id="520" Name="setSemesterClear">
<Header>
<Loc EndOffset="16014" SrcFileId="6" StartOffset="15927"/>
</Header>
<LocList>
<Loc EndOffset="16118" SrcFileId="6" StartOffset="15927"/>
</LocList>
<StmntSeq Intrnl_Id="521">
<LocList>
<Loc EndOffset="16075" SrcFileId="6" StartOffset="16029"/>
<Loc EndOffset="16112" SrcFileId="6" StartOffset="16084"/>
</LocList>
<BasicStmnt CovItemId="S224" CovItemPrefix="my.PSM.PSM_Logic.appController.java" Intrnl_Id="522">
<LocList>
<Loc EndOffset="16075" SrcFileId="6" StartOffset="16029"/>
</LocList>
</BasicStmnt>
<BasicStmnt CovItemId="S225" CovItemPrefix="my.PSM.PSM_Logic.appController.java" Intrnl_Id="523">
<LocList>
<Loc EndOffset="16112" SrcFileId="6" StartOffset="16084"/>
</LocList>
</BasicStmnt>
</StmntSeq>
</HierarchyLvl>
<HierarchyLvl HierarchyLvlId="2753" HierarchyLvlTypeId="16" Intrnl_Id="524" Name="getSemesterClear">
<Header>
<Loc EndOffset="16158" SrcFileId="6" StartOffset="16128"/>
</Header>
<LocList>
<Loc EndOffset="16206" SrcFileId="6" StartOffset="16128"/>
</LocList>
<StmntSeq Intrnl_Id="525">
<LocList>
<Loc EndOffset="16200" SrcFileId="6" StartOffset="16173"/>
</LocList>
<BasicStmnt CovItemId="S226" CovItemPrefix="my.PSM.PSM_Logic.appController.java" Intrnl_Id="526">
<LocList>
<Loc EndOffset="16200" SrcFileId="6" StartOffset="16173"/>
</LocList>
</BasicStmnt>
</StmntSeq>
</HierarchyLvl>
<HierarchyLvl HierarchyLvlId="2754" HierarchyLvlTypeId="16" Intrnl_Id="527" Name="get15BeforeEnd">
<Header>
<Loc EndOffset="16268" SrcFileId="6" StartOffset="16216"/>
</Header>
<LocList>
<Loc EndOffset="16742" SrcFileId="6" StartOffset="16216"/>
</LocList>
<StmntSeq Intrnl_Id="528">
<LocList>
<Loc EndOffset="16379" SrcFileId="6" StartOffset="16338"/>
<Loc EndOffset="16447" SrcFileId="6" StartOffset="16397"/>
<Loc EndOffset="16495" SrcFileId="6" StartOffset="16465"/>
<Loc EndOffset="16536" SrcFileId="6" StartOffset="16504"/>
<Loc EndOffset="16576" SrcFileId="6" StartOffset="16545"/>
<Loc EndOffset="16626" SrcFileId="6" StartOffset="16585"/>
<Loc EndOffset="16695" SrcFileId="6" StartOffset="16644"/>
<Loc EndOffset="16736" SrcFileId="6" StartOffset="16713"/>
</LocList>
<BasicStmnt CovItemId="S227" CovItemPrefix="my.PSM.PSM_Logic.appController.java" Intrnl_Id="529">
<LocList>
<Loc EndOffset="16379" SrcFileId="6" StartOffset="16338"/>
</LocList>
</BasicStmnt>
<BasicStmnt CovItemId="S228" CovItemPrefix="my.PSM.PSM_Logic.appController.java" Intrnl_Id="530">
<LocList>
<Loc EndOffset="16447" SrcFileId="6" StartOffset="16397"/>
</LocList>
</BasicStmnt>
<BasicStmnt CovItemId="S229" CovItemPrefix="my.PSM.PSM_Logic.appController.java" Intrnl_Id="531">
<LocList>
<Loc EndOffset="16495" SrcFileId="6" StartOffset="16465"/>
</LocList>
</BasicStmnt>
<BasicStmnt CovItemId="S230" CovItemPrefix="my.PSM.PSM_Logic.appController.java" Intrnl_Id="532">
<LocList>
<Loc EndOffset="16536" SrcFileId="6" StartOffset="16504"/>
</LocList>
</BasicStmnt>
<BasicStmnt CovItemId="S231" CovItemPrefix="my.PSM.PSM_Logic.appController.java" Intrnl_Id="533">
<LocList>
<Loc EndOffset="16576" SrcFileId="6" StartOffset="16545"/>
</LocList>
</BasicStmnt>
<BasicStmnt CovItemId="S232" CovItemPrefix="my.PSM.PSM_Logic.appController.java" Intrnl_Id="534">
<LocList>
<Loc EndOffset="16626" SrcFileId="6" StartOffset="16585"/>
</LocList>
</BasicStmnt>
<BasicStmnt CovItemId="S233" CovItemPrefix="my.PSM.PSM_Logic.appController.java" Intrnl_Id="535">
<LocList>
<Loc EndOffset="16695" SrcFileId="6" StartOffset="16644"/>
</LocList>
</BasicStmnt>
<BasicStmnt CovItemId="S234" CovItemPrefix="my.PSM.PSM_Logic.appController.java" Intrnl_Id="536">
<LocList>
<Loc EndOffset="16736" SrcFileId="6" StartOffset="16713"/>
</LocList>
</BasicStmnt>
</StmntSeq>
</HierarchyLvl>
<HierarchyLvl HierarchyLvlId="2755" HierarchyLvlTypeId="16" Intrnl_Id="537" Name="get5BeforeEnd">
<Header>
<Loc EndOffset="16803" SrcFileId="6" StartOffset="16752"/>
</Header>
<LocList>
<Loc EndOffset="17296" SrcFileId="6" StartOffset="16752"/>
</LocList>
<StmntSeq Intrnl_Id="538">
<LocList>
<Loc EndOffset="16913" SrcFileId="6" StartOffset="16872"/>
<Loc EndOffset="16981" SrcFileId="6" StartOffset="16931"/>
<Loc EndOffset="17029" SrcFileId="6" StartOffset="16999"/>
<Loc EndOffset="17070" SrcFileId="6" StartOffset="17038"/>
<Loc EndOffset="17109" SrcFileId="6" StartOffset="17079"/>
<Loc EndOffset="17159" SrcFileId="6" StartOffset="17118"/>
<Loc EndOffset="17218" SrcFileId="6" StartOffset="17168"/>
<Loc EndOffset="17290" SrcFileId="6" StartOffset="17267"/>
</LocList>
<BasicStmnt CovItemId="S235" CovItemPrefix="my.PSM.PSM_Logic.appController.java" Intrnl_Id="539">
<LocList>
<Loc EndOffset="16913" SrcFileId="6" StartOffset="16872"/>
</LocList>
</BasicStmnt>
<BasicStmnt CovItemId="S236" CovItemPrefix="my.PSM.PSM_Logic.appController.java" Intrnl_Id="540">
<LocList>
<Loc EndOffset="16981" SrcFileId="6" StartOffset="16931"/>
</LocList>
</BasicStmnt>
<BasicStmnt CovItemId="S237" CovItemPrefix="my.PSM.PSM_Logic.appController.java" Intrnl_Id="541">
<LocList>
<Loc EndOffset="17029" SrcFileId="6" StartOffset="16999"/>
</LocList>
</BasicStmnt>
<BasicStmnt CovItemId="S238" CovItemPrefix="my.PSM.PSM_Logic.appController.java" Intrnl_Id="542">
<LocList>
<Loc EndOffset="17070" SrcFileId="6" StartOffset="17038"/>
</LocList>
</BasicStmnt>
<BasicStmnt CovItemId="S239" CovItemPrefix="my.PSM.PSM_Logic.appController.java" Intrnl_Id="543">
<LocList>
<Loc EndOffset="17109" SrcFileId="6" StartOffset="17079"/>
</LocList>
</BasicStmnt>
<BasicStmnt CovItemId="S240" CovItemPrefix="my.PSM.PSM_Logic.appController.java" Intrnl_Id="544">
<LocList>
<Loc EndOffset="17159" SrcFileId="6" StartOffset="17118"/>
</LocList>
</BasicStmnt>
<BasicStmnt CovItemId="S241" CovItemPrefix="my.PSM.PSM_Logic.appController.java" Intrnl_Id="545">
<LocList>
<Loc EndOffset="17218" SrcFileId="6" StartOffset="17168"/>
</LocList>
</BasicStmnt>
<BasicStmnt CovItemId="S242" CovItemPrefix="my.PSM.PSM_Logic.appController.java" Intrnl_Id="546">
<LocList>
<Loc EndOffset="17290" SrcFileId="6" StartOffset="17267"/>
</LocList>
</BasicStmnt>
</StmntSeq>
</HierarchyLvl>
<HierarchyLvl HierarchyLvlId="2756" HierarchyLvlTypeId="16" Intrnl_Id="547" Name="autoExit">
<Header>
<Loc EndOffset="17328" SrcFileId="6" StartOffset="17306"/>
</Header>
<LocList>
<Loc EndOffset="17382" SrcFileId="6" StartOffset="17306"/>
</LocList>
<StmntSeq Intrnl_Id="548">
<LocList>
<Loc EndOffset="17376" SrcFileId="6" StartOffset="17343"/>
</LocList>
<BasicStmnt CovItemId="S243" CovItemPrefix="my.PSM.PSM_Logic.appController.java" Intrnl_Id="549">
<LocList>
<Loc EndOffset="17376" SrcFileId="6" StartOffset="17343"/>
</LocList>
</BasicStmnt>
</StmntSeq>
</HierarchyLvl>
<HierarchyLvl HierarchyLvlId="2757" HierarchyLvlTypeId="16" Intrnl_Id="550" Name="autoClear">
<Header>
<Loc EndOffset="17415" SrcFileId="6" StartOffset="17392"/>
</Header>
<LocList>
<Loc EndOffset="17467" SrcFileId="6" StartOffset="17392"/>
</LocList>
<StmntSeq Intrnl_Id="551">
<LocList>
<Loc EndOffset="17461" SrcFileId="6" StartOffset="17430"/>
</LocList>
<BasicStmnt CovItemId="S244" CovItemPrefix="my.PSM.PSM_Logic.appController.java" Intrnl_Id="552">
<LocList>
<Loc EndOffset="17461" SrcFileId="6" StartOffset="17430"/>
</LocList>
</BasicStmnt>
</StmntSeq>
</HierarchyLvl>
</HierarchyLvl>
</HierarchyLvl>
<HierarchyLvl HierarchyLvlId="2972" HierarchyLvlTypeId="14" Intrnl_Id="553" Name="unitTestPSM">
<Header/>
<LocList/>
<HierarchyLvl HierarchyLvlId="2764" HierarchyLvlTypeId="15" Intrnl_Id="554" Name="AuthenticateStub">
<Header>
<Loc EndOffset="122" SrcFileId="7" StartOffset="72"/>
</Header>
<LocList>
<Loc EndOffset="678" SrcFileId="7" StartOffset="72"/>
</LocList>
<HierarchyLvl HierarchyLvlId="2759" HierarchyLvlTypeId="16" Intrnl_Id="555" Name="AuthenticateStub">
<Header>
<Loc EndOffset="237" SrcFileId="7" StartOffset="190"/>
</Header>
<LocList>
<Loc EndOffset="305" SrcFileId="7" StartOffset="190"/>
</LocList>
<StmntSeq Intrnl_Id="556">
<LocList>
<Loc EndOffset="259" SrcFileId="7" StartOffset="243"/>
<Loc EndOffset="282" SrcFileId="7" StartOffset="263"/>
<Loc EndOffset="301" SrcFileId="7" StartOffset="286"/>
</LocList>
<BasicStmnt CovItemId="S1" CovItemPrefix="my.PSM.unitTestPSM.AuthenticateStub.java" Intrnl_Id="557">
<LocList>
<Loc EndOffset="259" SrcFileId="7" StartOffset="243"/>
</LocList>
</BasicStmnt>
<BasicStmnt CovItemId="S2" CovItemPrefix="my.PSM.unitTestPSM.AuthenticateStub.java" Intrnl_Id="558">
<LocList>
<Loc EndOffset="282" SrcFileId="7" StartOffset="263"/>
</LocList>
</BasicStmnt>
<BasicStmnt CovItemId="S3" CovItemPrefix="my.PSM.unitTestPSM.AuthenticateStub.java" Intrnl_Id="559">
<LocList>
<Loc EndOffset="301" SrcFileId="7" StartOffset="286"/>
</LocList>
</BasicStmnt>
</StmntSeq>
</HierarchyLvl>
<HierarchyLvl HierarchyLvlId="2760" HierarchyLvlTypeId="16" Intrnl_Id="560" Name="setCorrectUser">
<Header>
<Loc EndOffset="354" SrcFileId="7" StartOffset="308"/>
</Header>
<LocList>
<Loc EndOffset="395" SrcFileId="7" StartOffset="308"/>
</LocList>
<StmntSeq Intrnl_Id="561">
<LocList>
<Loc EndOffset="391" SrcFileId="7" StartOffset="360"/>
</LocList>
<BasicStmnt CovItemId="S4" CovItemPrefix="my.PSM.unitTestPSM.AuthenticateStub.java" Intrnl_Id="562">
<LocList>
<Loc EndOffset="391" SrcFileId="7" StartOffset="360"/>
</LocList>
</BasicStmnt>
</StmntSeq>
</HierarchyLvl>
<HierarchyLvl HierarchyLvlId="2761" HierarchyLvlTypeId="16" Intrnl_Id="563" Name="setCorrectPw">
<Header>
<Loc EndOffset="442" SrcFileId="7" StartOffset="400"/>
</Header>
<LocList>
<Loc EndOffset="479" SrcFileId="7" StartOffset="400"/>
</LocList>
<StmntSeq Intrnl_Id="564">
<LocList>
<Loc EndOffset="475" SrcFileId="7" StartOffset="448"/>
</LocList>
<BasicStmnt CovItemId="S5" CovItemPrefix="my.PSM.unitTestPSM.AuthenticateStub.java" Intrnl_Id="565">
<LocList>
<Loc EndOffset="475" SrcFileId="7" StartOffset="448"/>
</LocList>
</BasicStmnt>
</StmntSeq>
</HierarchyLvl>
<HierarchyLvl HierarchyLvlId="2762" HierarchyLvlTypeId="16" Intrnl_Id="566" Name="validate_Login">
<Header>
<Loc EndOffset="527" SrcFileId="7" StartOffset="484"/>
</Header>
<LocList>
<Loc EndOffset="607" SrcFileId="7" StartOffset="484"/>
</LocList>
<StmntSeq Intrnl_Id="567">
<LocList>
<Loc EndOffset="603" SrcFileId="7" StartOffset="533"/>
</LocList>
<BasicStmnt CovItemId="S6" CovItemPrefix="my.PSM.unitTestPSM.AuthenticateStub.java" Intrnl_Id="568">
<LocList>
<Loc EndOffset="603" SrcFileId="7" StartOffset="533"/>
</LocList>
</BasicStmnt>
</StmntSeq>
</HierarchyLvl>
<HierarchyLvl HierarchyLvlId="2763" HierarchyLvlTypeId="16" Intrnl_Id="569" Name="logout">
<Header>
<Loc EndOffset="647" SrcFileId="7" StartOffset="612"/>
</Header>
<LocList>
<Loc EndOffset="669" SrcFileId="7" StartOffset="612"/>
</LocList>
<StmntSeq Intrnl_Id="570">
<LocList>
<Loc EndOffset="665" SrcFileId="7" StartOffset="653"/>
</LocList>
<BasicStmnt CovItemId="S7" CovItemPrefix="my.PSM.unitTestPSM.AuthenticateStub.java" Intrnl_Id="571">
<LocList>
<Loc EndOffset="665" SrcFileId="7" StartOffset="653"/>
</LocList>
</BasicStmnt>
</StmntSeq>
</HierarchyLvl>
</HierarchyLvl>
<HierarchyLvl HierarchyLvlId="2791" HierarchyLvlTypeId="15" Intrnl_Id="572" Name="DBConnectionTest">
<Header>
<Loc EndOffset="221" SrcFileId="8" StartOffset="192"/>
</Header>
<LocList>
<Loc EndOffset="6639" SrcFileId="8" StartOffset="192"/>
</LocList>
<StmntSeq Intrnl_Id="573">
<LocList>
<Loc EndOffset="265" SrcFileId="8" StartOffset="228"/>
<Loc EndOffset="326" SrcFileId="8" StartOffset="268"/>
</LocList>
<BasicStmnt CovItemId="S1" CovItemPrefix="my.PSM.unitTestPSM.DBConnectionTest.java" Intrnl_Id="574">
<LocList>
<Loc EndOffset="265" SrcFileId="8" StartOffset="228"/>
</LocList>
</BasicStmnt>
<BasicStmnt CovItemId="S2" CovItemPrefix="my.PSM.unitTestPSM.DBConnectionTest.java" Intrnl_Id="575">
<LocList>
<Loc EndOffset="326" SrcFileId="8" StartOffset="268"/>
</LocList>
</BasicStmnt>
</StmntSeq>
<HierarchyLvl HierarchyLvlId="2765" HierarchyLvlTypeId="16" Intrnl_Id="576" Name="runBefore">
<Header>
<Loc EndOffset="368" SrcFileId="8" StartOffset="335"/>
</Header>
<LocList>
<Loc EndOffset="585" SrcFileId="8" StartOffset="335"/>
</LocList>
<StmntSeq Intrnl_Id="577">
<LocList>
<Loc EndOffset="555" SrcFileId="8" StartOffset="373"/>
<Loc EndOffset="581" SrcFileId="8" StartOffset="559"/>
</LocList>
<BasicStmnt CovItemId="S3" CovItemPrefix="my.PSM.unitTestPSM.DBConnectionTest.java" Intrnl_Id="578">
<LocList>
<Loc EndOffset="555" SrcFileId="8" StartOffset="373"/>
</LocList>
</BasicStmnt>
<BasicStmnt CovItemId="S4" CovItemPrefix="my.PSM.unitTestPSM.DBConnectionTest.java" Intrnl_Id="579">
<LocList>
<Loc EndOffset="581" SrcFileId="8" StartOffset="559"/>
</LocList>
</BasicStmnt>
</StmntSeq>
</HierarchyLvl>
<HierarchyLvl HierarchyLvlId="2766" HierarchyLvlTypeId="16" Intrnl_Id="580" Name="testConnectStringStringString">
<Header>
<Loc EndOffset="642" SrcFileId="8" StartOffset="591"/>
</Header>
<LocList>
<Loc EndOffset="718" SrcFileId="8" StartOffset="591"/>
</LocList>
<StmntSeq Intrnl_Id="581">
<LocList>
<Loc EndOffset="714" SrcFileId="8" StartOffset="648"/>
</LocList>
<BasicStmnt CovItemId="S5" CovItemPrefix="my.PSM.unitTestPSM.DBConnectionTest.java" Intrnl_Id="582">
<LocList>
<Loc EndOffset="714" SrcFileId="8" StartOffset="648"/>
</LocList>
</BasicStmnt>
</StmntSeq>
</HierarchyLvl>
<HierarchyLvl HierarchyLvlId="2767" HierarchyLvlTypeId="16" Intrnl_Id="583" Name="testConnectStringString">
<Header>
<Loc EndOffset="768" SrcFileId="8" StartOffset="723"/>
</Header>
<LocList>
<Loc EndOffset="803" SrcFileId="8" StartOffset="723"/>
</LocList>
<StmntSeq Intrnl_Id="584">
<LocList>
<Loc EndOffset="799" SrcFileId="8" StartOffset="774"/>
</LocList>
<BasicStmnt CovItemId="S6" CovItemPrefix="my.PSM.unitTestPSM.DBConnectionTest.java" Intrnl_Id="585">
<LocList>
<Loc EndOffset="799" SrcFileId="8" StartOffset="774"/>
</LocList>
</BasicStmnt>
</StmntSeq>
</HierarchyLvl>
<HierarchyLvl HierarchyLvlId="2768" HierarchyLvlTypeId="16" Intrnl_Id="586" Name="testDisconnect">
<Header>
<Loc EndOffset="844" SrcFileId="8" StartOffset="808"/>
</Header>
<LocList>
<Loc EndOffset="870" SrcFileId="8" StartOffset="808"/>
</LocList>
<StmntSeq Intrnl_Id="587">
<LocList>
<Loc EndOffset="866" SrcFileId="8" StartOffset="850"/>
</LocList>
<BasicStmnt CovItemId="S7" CovItemPrefix="my.PSM.unitTestPSM.DBConnectionTest.java" Intrnl_Id="588">
<LocList>
<Loc EndOffset="866" SrcFileId="8" StartOffset="850"/>
</LocList>
</BasicStmnt>
</StmntSeq>
</HierarchyLvl>
<HierarchyLvl HierarchyLvlId="2769" HierarchyLvlTypeId="16" Intrnl_Id="589" Name="testFetchCourseID">
<Header>
<Loc EndOffset="914" SrcFileId="8" StartOffset="875"/>
</Header>
<LocList>
<Loc EndOffset="1109" SrcFileId="8" StartOffset="875"/>
</LocList>
<StmntSeq Intrnl_Id="590">
<LocList>
<Loc EndOffset="941" SrcFileId="8" StartOffset="920"/>
<Loc EndOffset="963" SrcFileId="8" StartOffset="945"/>
<Loc EndOffset="1075" SrcFileId="8" StartOffset="996"/>
<Loc EndOffset="1103" SrcFileId="8" StartOffset="1079"/>
</LocList>
<BasicStmnt CovItemId="S8" CovItemPrefix="my.PSM.unitTestPSM.DBConnectionTest.java" Intrnl_Id="591">
<LocList>
<Loc EndOffset="941" SrcFileId="8" StartOffset="920"/>
</LocList>
</BasicStmnt>
<BasicStmnt CovItemId="S9" CovItemPrefix="my.PSM.unitTestPSM.DBConnectionTest.java" Intrnl_Id="592">
<LocList>
<Loc EndOffset="963" SrcFileId="8" StartOffset="945"/>
</LocList>
</BasicStmnt>
<CondStmnt CovItemId="S10" CovItemPrefix="my.PSM.unitTestPSM.DBConnectionTest.java" Intrnl_Id="593">
<Branch CovItemId="B1" CovItemPrefix="my.PSM.unitTestPSM.DBConnectionTest.java" Implct="false" Intrnl_Id="594">
<Cond/>
<LocList>
<Loc EndOffset="1056" SrcFileId="8" StartOffset="1033"/>
</LocList>
<StmntSeq Intrnl_Id="595">
<LocList>
<Loc EndOffset="1051" SrcFileId="8" StartOffset="1039"/>
</LocList>
<BasicStmnt CovItemId="S11" CovItemPrefix="my.PSM.unitTestPSM.DBConnectionTest.java" Intrnl_Id="596">
<LocList>
<Loc EndOffset="1051" SrcFileId="8" StartOffset="1039"/>
</LocList>
</BasicStmnt>
</StmntSeq>
</Branch>
<Branch CovItemId="B2" CovItemPrefix="my.PSM.unitTestPSM.DBConnectionTest.java" Implct="false" Intrnl_Id="597">
<Cond>
<Loc EndOffset="1061" SrcFileId="8" StartOffset="1057"/>
</Cond>
<LocList>
<Loc EndOffset="1075" SrcFileId="8" StartOffset="1062"/>
</LocList>
<StmntSeq Intrnl_Id="598">
<LocList>
<Loc EndOffset="1075" SrcFileId="8" StartOffset="1062"/>
</LocList>
<BasicStmnt CovItemId="S12" CovItemPrefix="my.PSM.unitTestPSM.DBConnectionTest.java" Intrnl_Id="599">
<LocList>
<Loc EndOffset="1075" SrcFileId="8" StartOffset="1062"/>
</LocList>
</BasicStmnt>
</StmntSeq>
</Branch>
<Keyword EndOffset="998" SrcFileId="8" StartOffset="996"/>
<LocList>
<Loc EndOffset="1075" SrcFileId="8" StartOffset="996"/>
</LocList>
</CondStmnt>
<BasicStmnt CovItemId="S13" CovItemPrefix="my.PSM.unitTestPSM.DBConnectionTest.java" Intrnl_Id="600">
<LocList>
<Loc EndOffset="1103" SrcFileId="8" StartOffset="1079"/>
</LocList>
</BasicStmnt>
</StmntSeq>
</HierarchyLvl>
<HierarchyLvl HierarchyLvlId="2770" HierarchyLvlTypeId="16" Intrnl_Id="601" Name="testGetEndDates">
<Header>
<Loc EndOffset="1151" SrcFileId="8" StartOffset="1114"/>
</Header>
<LocList>
<Loc EndOffset="1213" SrcFileId="8" StartOffset="1114"/>
</LocList>
<StmntSeq Intrnl_Id="602">
<LocList>
<Loc EndOffset="1181" SrcFileId="8" StartOffset="1157"/>
<Loc EndOffset="1209" SrcFileId="8" StartOffset="1185"/>
</LocList>
<BasicStmnt CovItemId="S14" CovItemPrefix="my.PSM.unitTestPSM.DBConnectionTest.java" Intrnl_Id="603">
<LocList>
<Loc EndOffset="1181" SrcFileId="8" StartOffset="1157"/>
</LocList>
</BasicStmnt>
<BasicStmnt CovItemId="S15" CovItemPrefix="my.PSM.unitTestPSM.DBConnectionTest.java" Intrnl_Id="604">
<LocList>
<Loc EndOffset="1209" SrcFileId="8" StartOffset="1185"/>
</LocList>
</BasicStmnt>
</StmntSeq>
</HierarchyLvl>
<HierarchyLvl HierarchyLvlId="2771" HierarchyLvlTypeId="16" Intrnl_Id="605" Name="testGetCourses">
<Header>
<Loc EndOffset="1254" SrcFileId="8" StartOffset="1218"/>
</Header>
<LocList>
<Loc EndOffset="1683" SrcFileId="8" StartOffset="1218"/>
</LocList>
<StmntSeq Intrnl_Id="606">
<LocList>
<Loc EndOffset="1314" SrcFileId="8" StartOffset="1260"/>
<Loc EndOffset="1339" SrcFileId="8" StartOffset="1318"/>
<Loc EndOffset="1364" SrcFileId="8" StartOffset="1343"/>
<Loc EndOffset="1391" SrcFileId="8" StartOffset="1368"/>
<Loc EndOffset="1427" SrcFileId="8" StartOffset="1395"/>
<Loc EndOffset="1492" SrcFileId="8" StartOffset="1443"/>
<Loc EndOffset="1635" SrcFileId="8" StartOffset="1496"/>
<Loc EndOffset="1651" SrcFileId="8" StartOffset="1639"/>
<Loc EndOffset="1679" SrcFileId="8" StartOffset="1655"/>
</LocList>
<BasicStmnt CovItemId="S16" CovItemPrefix="my.PSM.unitTestPSM.DBConnectionTest.java" Intrnl_Id="607">
<LocList>
<Loc EndOffset="1314" SrcFileId="8" StartOffset="1260"/>
</LocList>
</BasicStmnt>
<BasicStmnt CovItemId="S17" CovItemPrefix="my.PSM.unitTestPSM.DBConnectionTest.java" Intrnl_Id="608">
<LocList>
<Loc EndOffset="1339" SrcFileId="8" StartOffset="1318"/>
</LocList>
</BasicStmnt>
<BasicStmnt CovItemId="S18" CovItemPrefix="my.PSM.unitTestPSM.DBConnectionTest.java" Intrnl_Id="609">
<LocList>
<Loc EndOffset="1364" SrcFileId="8" StartOffset="1343"/>
</LocList>
</BasicStmnt>
<BasicStmnt CovItemId="S19" CovItemPrefix="my.PSM.unitTestPSM.DBConnectionTest.java" Intrnl_Id="610">
<LocList>
<Loc EndOffset="1391" SrcFileId="8" StartOffset="1368"/>
</LocList>
</BasicStmnt>
<BasicStmnt CovItemId="S20" CovItemPrefix="my.PSM.unitTestPSM.DBConnectionTest.java" Intrnl_Id="611">
<LocList>
<Loc EndOffset="1427" SrcFileId="8" StartOffset="1395"/>
</LocList>
</BasicStmnt>
<CondStmnt CovItemId="S21" CovItemPrefix="my.PSM.unitTestPSM.DBConnectionTest.java" Intrnl_Id="612">
<Branch CovItemId="B3" CovItemPrefix="my.PSM.unitTestPSM.DBConnectionTest.java" Implct="false" Intrnl_Id="613">
<Cond/>
<LocList>
<Loc EndOffset="1474" SrcFileId="8" StartOffset="1455"/>
</LocList>
<StmntSeq Intrnl_Id="614">
<LocList>
<Loc EndOffset="1469" SrcFileId="8" StartOffset="1461"/>
</LocList>
<BasicStmnt CovItemId="S22" CovItemPrefix="my.PSM.unitTestPSM.DBConnectionTest.java" Intrnl_Id="615">
<LocList>
<Loc EndOffset="1469" SrcFileId="8" StartOffset="1461"/>
</LocList>
</BasicStmnt>
</StmntSeq>
</Branch>
<Branch CovItemId="B4" CovItemPrefix="my.PSM.unitTestPSM.DBConnectionTest.java" Implct="false" Intrnl_Id="616">
<Cond>
<Loc EndOffset="1479" SrcFileId="8" StartOffset="1475"/>
</Cond>
<LocList>
<Loc EndOffset="1492" SrcFileId="8" StartOffset="1484"/>
</LocList>
<StmntSeq Intrnl_Id="617">
<LocList>
<Loc EndOffset="1492" SrcFileId="8" StartOffset="1484"/>
</LocList>
<BasicStmnt CovItemId="S23" CovItemPrefix="my.PSM.unitTestPSM.DBConnectionTest.java" Intrnl_Id="618">
<LocList>
<Loc EndOffset="1492" SrcFileId="8" StartOffset="1484"/>
</LocList>
</BasicStmnt>
</StmntSeq>
</Branch>
<Keyword EndOffset="1445" SrcFileId="8" StartOffset="1443"/>
<LocList>
<Loc EndOffset="1492" SrcFileId="8" StartOffset="1443"/>
</LocList>
</CondStmnt>
<LoopStmnt CovItemId="S24" CovItemPrefix="my.PSM.unitTestPSM.DBConnectionTest.java" Intrnl_Id="619" MltplExecId="L1-2" MltplExecPrefix="my.PSM.unitTestPSM.DBConnectionTest.java" NvrExecId="L1-0" NvrExecPrefix="my.PSM.unitTestPSM.DBConnectionTest.java" OnceExecutedId="L1-1" OnceExecutedPrefix="my.PSM.unitTestPSM.DBConnectionTest.java" OptBodyExec="true">
<StmntSeq Intrnl_Id="620">
<LocList>
<Loc EndOffset="1630" SrcFileId="8" StartOffset="1532"/>
</LocList>
<CondStmnt CovItemId="S25" CovItemPrefix="my.PSM.unitTestPSM.DBConnectionTest.java" Intrnl_Id="621">
<Branch CovItemId="B5" CovItemPrefix="my.PSM.unitTestPSM.DBConnectionTest.java" Implct="false" Intrnl_Id="622">
<Cond/>
<LocList>
<Loc EndOffset="1606" SrcFileId="8" StartOffset="1580"/>
</LocList>
<StmntSeq Intrnl_Id="623">
<LocList/>
</StmntSeq>
</Branch>
<Branch CovItemId="B6" CovItemPrefix="my.PSM.unitTestPSM.DBConnectionTest.java" Implct="false" Intrnl_Id="624">
<Cond>
<Loc EndOffset="1611" SrcFileId="8" StartOffset="1607"/>
</Cond>
<LocList>
<Loc EndOffset="1630" SrcFileId="8" StartOffset="1617"/>
</LocList>
<StmntSeq Intrnl_Id="625">
<LocList>
<Loc EndOffset="1630" SrcFileId="8" StartOffset="1617"/>
</LocList>
<BasicStmnt CovItemId="S26" CovItemPrefix="my.PSM.unitTestPSM.DBConnectionTest.java" Intrnl_Id="626">
<LocList>
<Loc EndOffset="1630" SrcFileId="8" StartOffset="1617"/>
</LocList>
</BasicStmnt>
</StmntSeq>
</Branch>
<Keyword EndOffset="1534" SrcFileId="8" StartOffset="1532"/>
<LocList>
<Loc EndOffset="1630" SrcFileId="8" StartOffset="1532"/>
</LocList>
</CondStmnt>
</StmntSeq>
<Keyword EndOffset="1499" SrcFileId="8" StartOffset="1496"/>
<LocList>
<Loc EndOffset="1635" SrcFileId="8" StartOffset="1496"/>
</LocList>
</LoopStmnt>
<BasicStmnt CovItemId="S27" CovItemPrefix="my.PSM.unitTestPSM.DBConnectionTest.java" Intrnl_Id="627">
<LocList>
<Loc EndOffset="1651" SrcFileId="8" StartOffset="1639"/>
</LocList>
</BasicStmnt>
<BasicStmnt CovItemId="S28" CovItemPrefix="my.PSM.unitTestPSM.DBConnectionTest.java" Intrnl_Id="628">
<LocList>
<Loc EndOffset="1679" SrcFileId="8" StartOffset="1655"/>
</LocList>
</BasicStmnt>
</StmntSeq>
</HierarchyLvl>
<HierarchyLvl HierarchyLvlId="2772" HierarchyLvlTypeId="16" Intrnl_Id="629" Name="testFetchCourses">
<Header>
<Loc EndOffset="1726" SrcFileId="8" StartOffset="1688"/>
</Header>
<LocList>
<Loc EndOffset="1937" SrcFileId="8" StartOffset="1688"/>
</LocList>
<StmntSeq Intrnl_Id="630">
<LocList>
<Loc EndOffset="1753" SrcFileId="8" StartOffset="1732"/>
<Loc EndOffset="1782" SrcFileId="8" StartOffset="1757"/>
<Loc EndOffset="1905" SrcFileId="8" StartOffset="1815"/>
<Loc EndOffset="1933" SrcFileId="8" StartOffset="1909"/>
</LocList>
<BasicStmnt CovItemId="S29" CovItemPrefix="my.PSM.unitTestPSM.DBConnectionTest.java" Intrnl_Id="631">
<LocList>
<Loc EndOffset="1753" SrcFileId="8" StartOffset="1732"/>
</LocList>
</BasicStmnt>
<BasicStmnt CovItemId="S30" CovItemPrefix="my.PSM.unitTestPSM.DBConnectionTest.java" Intrnl_Id="632">
<LocList>
<Loc EndOffset="1782" SrcFileId="8" StartOffset="1757"/>
</LocList>
</BasicStmnt>
<CondStmnt CovItemId="S31" CovItemPrefix="my.PSM.unitTestPSM.DBConnectionTest.java" Intrnl_Id="633">
<Branch CovItemId="B7" CovItemPrefix="my.PSM.unitTestPSM.DBConnectionTest.java" Implct="false" Intrnl_Id="634">
<Cond/>
<LocList>
<Loc EndOffset="1886" SrcFileId="8" StartOffset="1863"/>
</LocList>
<StmntSeq Intrnl_Id="635">
<LocList>
<Loc EndOffset="1881" SrcFileId="8" StartOffset="1869"/>
</LocList>
<BasicStmnt CovItemId="S32" CovItemPrefix="my.PSM.unitTestPSM.DBConnectionTest.java" Intrnl_Id="636">
<LocList>
<Loc EndOffset="1881" SrcFileId="8" StartOffset="1869"/>
</LocList>
</BasicStmnt>
</StmntSeq>
</Branch>
<Branch CovItemId="B8" CovItemPrefix="my.PSM.unitTestPSM.DBConnectionTest.java" Implct="false" Intrnl_Id="637">
<Cond>
<Loc EndOffset="1891" SrcFileId="8" StartOffset="1887"/>
</Cond>
<LocList>
<Loc EndOffset="1905" SrcFileId="8" StartOffset="1892"/>
</LocList>
<StmntSeq Intrnl_Id="638">
<LocList>
<Loc EndOffset="1905" SrcFileId="8" StartOffset="1892"/>
</LocList>
<BasicStmnt CovItemId="S33" CovItemPrefix="my.PSM.unitTestPSM.DBConnectionTest.java" Intrnl_Id="639">
<LocList>
<Loc EndOffset="1905" SrcFileId="8" StartOffset="1892"/>
</LocList>
</BasicStmnt>
</StmntSeq>
</Branch>
<Keyword EndOffset="1817" SrcFileId="8" StartOffset="1815"/>
<LocList>
<Loc EndOffset="1905" SrcFileId="8" StartOffset="1815"/>
</LocList>
</CondStmnt>
<BasicStmnt CovItemId="S34" CovItemPrefix="my.PSM.unitTestPSM.DBConnectionTest.java" Intrnl_Id="640">
<LocList>
<Loc EndOffset="1933" SrcFileId="8" StartOffset="1909"/>
</LocList>
</BasicStmnt>
</StmntSeq>
</HierarchyLvl>
<HierarchyLvl HierarchyLvlId="2773" HierarchyLvlTypeId="16" Intrnl_Id="641" Name="testFetchCourseSubj">
<Header>
<Loc EndOffset="1983" SrcFileId="8" StartOffset="1942"/>
</Header>
<LocList>
<Loc EndOffset="2178" SrcFileId="8" StartOffset="1942"/>
</LocList>
<StmntSeq Intrnl_Id="642">
<LocList>
<Loc EndOffset="2010" SrcFileId="8" StartOffset="1989"/>
<Loc EndOffset="2034" SrcFileId="8" StartOffset="2014"/>
<Loc EndOffset="2146" SrcFileId="8" StartOffset="2052"/>
<Loc EndOffset="2174" SrcFileId="8" StartOffset="2150"/>
</LocList>
<BasicStmnt CovItemId="S35" CovItemPrefix="my.PSM.unitTestPSM.DBConnectionTest.java" Intrnl_Id="643">
<LocList>
<Loc EndOffset="2010" SrcFileId="8" StartOffset="1989"/>
</LocList>
</BasicStmnt>
<BasicStmnt CovItemId="S36" CovItemPrefix="my.PSM.unitTestPSM.DBConnectionTest.java" Intrnl_Id="644">
<LocList>
<Loc EndOffset="2034" SrcFileId="8" StartOffset="2014"/>
</LocList>
</BasicStmnt>
<CondStmnt CovItemId="S37" CovItemPrefix="my.PSM.unitTestPSM.DBConnectionTest.java" Intrnl_Id="645">
<Branch CovItemId="B9" CovItemPrefix="my.PSM.unitTestPSM.DBConnectionTest.java" Implct="false" Intrnl_Id="646">
<Cond/>
<LocList>
<Loc EndOffset="2127" SrcFileId="8" StartOffset="2104"/>
</LocList>
<StmntSeq Intrnl_Id="647">
<LocList>
<Loc EndOffset="2122" SrcFileId="8" StartOffset="2110"/>
</LocList>
<BasicStmnt CovItemId="S38" CovItemPrefix="my.PSM.unitTestPSM.DBConnectionTest.java" Intrnl_Id="648">
<LocList>
<Loc EndOffset="2122" SrcFileId="8" StartOffset="2110"/>
</LocList>
</BasicStmnt>
</StmntSeq>
</Branch>
<Branch CovItemId="B10" CovItemPrefix="my.PSM.unitTestPSM.DBConnectionTest.java" Implct="false" Intrnl_Id="649">
<Cond>
<Loc EndOffset="2132" SrcFileId="8" StartOffset="2128"/>
</Cond>
<LocList>
<Loc EndOffset="2146" SrcFileId="8" StartOffset="2133"/>
</LocList>
<StmntSeq Intrnl_Id="650">
<LocList>
<Loc EndOffset="2146" SrcFileId="8" StartOffset="2133"/>
</LocList>
<BasicStmnt CovItemId="S39" CovItemPrefix="my.PSM.unitTestPSM.DBConnectionTest.java" Intrnl_Id="651">
<LocList>
<Loc EndOffset="2146" SrcFileId="8" StartOffset="2133"/>
</LocList>
</BasicStmnt>
</StmntSeq>
</Branch>
<Keyword EndOffset="2054" SrcFileId="8" StartOffset="2052"/>
<LocList>
<Loc EndOffset="2146" SrcFileId="8" StartOffset="2052"/>
</LocList>
</CondStmnt>
<BasicStmnt CovItemId="S40" CovItemPrefix="my.PSM.unitTestPSM.DBConnectionTest.java" Intrnl_Id="652">
<LocList>
<Loc EndOffset="2174" SrcFileId="8" StartOffset="2150"/>
</LocList>
</BasicStmnt>
</StmntSeq>
</HierarchyLvl>
<HierarchyLvl HierarchyLvlId="2774" HierarchyLvlTypeId="16" Intrnl_Id="653" Name="testFetchCourseName">
<Header>
<Loc EndOffset="2224" SrcFileId="8" StartOffset="2183"/>
</Header>
<LocList>
<Loc EndOffset="2442" SrcFileId="8" StartOffset="2183"/>
</LocList>
<StmntSeq Intrnl_Id="654">
<LocList>
<Loc EndOffset="2251" SrcFileId="8" StartOffset="2230"/>
<Loc EndOffset="2295" SrcFileId="8" StartOffset="2255"/>
<Loc EndOffset="2410" SrcFileId="8" StartOffset="2313"/>
<Loc EndOffset="2438" SrcFileId="8" StartOffset="2414"/>
</LocList>
<BasicStmnt CovItemId="S41" CovItemPrefix="my.PSM.unitTestPSM.DBConnectionTest.java" Intrnl_Id="655">
<LocList>
<Loc EndOffset="2251" SrcFileId="8" StartOffset="2230"/>
</LocList>
</BasicStmnt>
<BasicStmnt CovItemId="S42" CovItemPrefix="my.PSM.unitTestPSM.DBConnectionTest.java" Intrnl_Id="656">
<LocList>
<Loc EndOffset="2295" SrcFileId="8" StartOffset="2255"/>
</LocList>
</BasicStmnt>
<CondStmnt CovItemId="S43" CovItemPrefix="my.PSM.unitTestPSM.DBConnectionTest.java" Intrnl_Id="657">
<Branch CovItemId="B11" CovItemPrefix="my.PSM.unitTestPSM.DBConnectionTest.java" Implct="false" Intrnl_Id="658">
<Cond/>
<LocList>
<Loc EndOffset="2391" SrcFileId="8" StartOffset="2368"/>
</LocList>
<StmntSeq Intrnl_Id="659">
<LocList>
<Loc EndOffset="2386" SrcFileId="8" StartOffset="2374"/>
</LocList>
<BasicStmnt CovItemId="S44" CovItemPrefix="my.PSM.unitTestPSM.DBConnectionTest.java" Intrnl_Id="660">
<LocList>
<Loc EndOffset="2386" SrcFileId="8" StartOffset="2374"/>
</LocList>
</BasicStmnt>
</StmntSeq>
</Branch>
<Branch CovItemId="B12" CovItemPrefix="my.PSM.unitTestPSM.DBConnectionTest.java" Implct="false" Intrnl_Id="661">
<Cond>
<Loc EndOffset="2396" SrcFileId="8" StartOffset="2392"/>
</Cond>
<LocList>
<Loc EndOffset="2410" SrcFileId="8" StartOffset="2397"/>
</LocList>
<StmntSeq Intrnl_Id="662">
<LocList>
<Loc EndOffset="2410" SrcFileId="8" StartOffset="2397"/>
</LocList>
<BasicStmnt CovItemId="S45" CovItemPrefix="my.PSM.unitTestPSM.DBConnectionTest.java" Intrnl_Id="663">
<LocList>
<Loc EndOffset="2410" SrcFileId="8" StartOffset="2397"/>
</LocList>
</BasicStmnt>
</StmntSeq>
</Branch>
<Keyword EndOffset="2315" SrcFileId="8" StartOffset="2313"/>
<LocList>
<Loc EndOffset="2410" SrcFileId="8" StartOffset="2313"/>
</LocList>
</CondStmnt>
<BasicStmnt CovItemId="S46" CovItemPrefix="my.PSM.unitTestPSM.DBConnectionTest.java" Intrnl_Id="664">
<LocList>
<Loc EndOffset="2438" SrcFileId="8" StartOffset="2414"/>
</LocList>
</BasicStmnt>
</StmntSeq>
</HierarchyLvl>
<HierarchyLvl HierarchyLvlId="2775" HierarchyLvlTypeId="16" Intrnl_Id="665" Name="testFetchCourseSemester">
<Header>
<Loc EndOffset="2492" SrcFileId="8" StartOffset="2447"/>
</Header>
<LocList>
<Loc EndOffset="2706" SrcFileId="8" StartOffset="2447"/>
</LocList>
<StmntSeq Intrnl_Id="666">
<LocList>
<Loc EndOffset="2519" SrcFileId="8" StartOffset="2498"/>
<Loc EndOffset="2554" SrcFileId="8" StartOffset="2523"/>
<Loc EndOffset="2674" SrcFileId="8" StartOffset="2572"/>
<Loc EndOffset="2702" SrcFileId="8" StartOffset="2678"/>
</LocList>
<BasicStmnt CovItemId="S47" CovItemPrefix="my.PSM.unitTestPSM.DBConnectionTest.java" Intrnl_Id="667">
<LocList>
<Loc EndOffset="2519" SrcFileId="8" StartOffset="2498"/>
</LocList>
</BasicStmnt>
<BasicStmnt CovItemId="S48" CovItemPrefix="my.PSM.unitTestPSM.DBConnectionTest.java" Intrnl_Id="668">
<LocList>
<Loc EndOffset="2554" SrcFileId="8" StartOffset="2523"/>
</LocList>
</BasicStmnt>
<CondStmnt CovItemId="S49" CovItemPrefix="my.PSM.unitTestPSM.DBConnectionTest.java" Intrnl_Id="669">
<Branch CovItemId="B13" CovItemPrefix="my.PSM.unitTestPSM.DBConnectionTest.java" Implct="false" Intrnl_Id="670">
<Cond/>
<LocList>
<Loc EndOffset="2655" SrcFileId="8" StartOffset="2632"/>
</LocList>
<StmntSeq Intrnl_Id="671">
<LocList>
<Loc EndOffset="2650" SrcFileId="8" StartOffset="2638"/>
</LocList>
<BasicStmnt CovItemId="S50" CovItemPrefix="my.PSM.unitTestPSM.DBConnectionTest.java" Intrnl_Id="672">
<LocList>
<Loc EndOffset="2650" SrcFileId="8" StartOffset="2638"/>
</LocList>
</BasicStmnt>
</StmntSeq>
</Branch>
<Branch CovItemId="B14" CovItemPrefix="my.PSM.unitTestPSM.DBConnectionTest.java" Implct="false" Intrnl_Id="673">
<Cond>
<Loc EndOffset="2660" SrcFileId="8" StartOffset="2656"/>
</Cond>
<LocList>
<Loc EndOffset="2674" SrcFileId="8" StartOffset="2661"/>
</LocList>
<StmntSeq Intrnl_Id="674">
<LocList>
<Loc EndOffset="2674" SrcFileId="8" StartOffset="2661"/>
</LocList>
<BasicStmnt CovItemId="S51" CovItemPrefix="my.PSM.unitTestPSM.DBConnectionTest.java" Intrnl_Id="675">
<LocList>
<Loc EndOffset="2674" SrcFileId="8" StartOffset="2661"/>
</LocList>
</BasicStmnt>
</StmntSeq>
</Branch>
<Keyword EndOffset="2574" SrcFileId="8" StartOffset="2572"/>
<LocList>
<Loc EndOffset="2674" SrcFileId="8" StartOffset="2572"/>
</LocList>
</CondStmnt>
<BasicStmnt CovItemId="S52" CovItemPrefix="my.PSM.unitTestPSM.DBConnectionTest.java" Intrnl_Id="676">
<LocList>
<Loc EndOffset="2702" SrcFileId="8" StartOffset="2678"/>
</LocList>
</BasicStmnt>
</StmntSeq>
</HierarchyLvl>
<HierarchyLvl HierarchyLvlId="2776" HierarchyLvlTypeId="16" Intrnl_Id="677" Name="testFetchCourseStart">
<Header>
<Loc EndOffset="2753" SrcFileId="8" StartOffset="2711"/>
</Header>
<LocList>
<Loc EndOffset="2963" SrcFileId="8" StartOffset="2711"/>
</LocList>
<StmntSeq Intrnl_Id="678">
<LocList>
<Loc EndOffset="2780" SrcFileId="8" StartOffset="2759"/>
<Loc EndOffset="2813" SrcFileId="8" StartOffset="2784"/>
<Loc EndOffset="2931" SrcFileId="8" StartOffset="2831"/>
<Loc EndOffset="2959" SrcFileId="8" StartOffset="2935"/>
</LocList>
<BasicStmnt CovItemId="S53" CovItemPrefix="my.PSM.unitTestPSM.DBConnectionTest.java" Intrnl_Id="679">
<LocList>
<Loc EndOffset="2780" SrcFileId="8" StartOffset="2759"/>
</LocList>
</BasicStmnt>
<BasicStmnt CovItemId="S54" CovItemPrefix="my.PSM.unitTestPSM.DBConnectionTest.java" Intrnl_Id="680">
<LocList>
<Loc EndOffset="2813" SrcFileId="8" StartOffset="2784"/>
</LocList>
</BasicStmnt>
<CondStmnt CovItemId="S55" CovItemPrefix="my.PSM.unitTestPSM.DBConnectionTest.java" Intrnl_Id="681">
<Branch CovItemId="B15" CovItemPrefix="my.PSM.unitTestPSM.DBConnectionTest.java" Implct="false" Intrnl_Id="682">
<Cond/>
<LocList>
<Loc EndOffset="2912" SrcFileId="8" StartOffset="2889"/>
</LocList>
<StmntSeq Intrnl_Id="683">
<LocList>
<Loc EndOffset="2907" SrcFileId="8" StartOffset="2895"/>
</LocList>
<BasicStmnt CovItemId="S56" CovItemPrefix="my.PSM.unitTestPSM.DBConnectionTest.java" Intrnl_Id="684">
<LocList>
<Loc EndOffset="2907" SrcFileId="8" StartOffset="2895"/>
</LocList>
</BasicStmnt>
</StmntSeq>
</Branch>
<Branch CovItemId="B16" CovItemPrefix="my.PSM.unitTestPSM.DBConnectionTest.java" Implct="false" Intrnl_Id="685">
<Cond>
<Loc EndOffset="2917" SrcFileId="8" StartOffset="2913"/>
</Cond>
<LocList>
<Loc EndOffset="2931" SrcFileId="8" StartOffset="2918"/>
</LocList>
<StmntSeq Intrnl_Id="686">
<LocList>
<Loc EndOffset="2931" SrcFileId="8" StartOffset="2918"/>
</LocList>
<BasicStmnt CovItemId="S57" CovItemPrefix="my.PSM.unitTestPSM.DBConnectionTest.java" Intrnl_Id="687">
<LocList>
<Loc EndOffset="2931" SrcFileId="8" StartOffset="2918"/>
</LocList>
</BasicStmnt>
</StmntSeq>
</Branch>
<Keyword EndOffset="2833" SrcFileId="8" StartOffset="2831"/>
<LocList>
<Loc EndOffset="2931" SrcFileId="8" StartOffset="2831"/>
</LocList>
</CondStmnt>
<BasicStmnt CovItemId="S58" CovItemPrefix="my.PSM.unitTestPSM.DBConnectionTest.java" Intrnl_Id="688">
<LocList>
<Loc EndOffset="2959" SrcFileId="8" StartOffset="2935"/>
</LocList>
</BasicStmnt>
</StmntSeq>
</HierarchyLvl>
<HierarchyLvl HierarchyLvlId="2777" HierarchyLvlTypeId="16" Intrnl_Id="689" Name="testFetchCourseEnd">
<Header>
<Loc EndOffset="3008" SrcFileId="8" StartOffset="2968"/>
</Header>
<LocList>
<Loc EndOffset="3212" SrcFileId="8" StartOffset="2968"/>
</LocList>
<StmntSeq Intrnl_Id="690">
<LocList>
<Loc EndOffset="3035" SrcFileId="8" StartOffset="3014"/>
<Loc EndOffset="3066" SrcFileId="8" StartOffset="3039"/>
<Loc EndOffset="3180" SrcFileId="8" StartOffset="3084"/>
<Loc EndOffset="3208" SrcFileId="8" StartOffset="3184"/>
</LocList>
<BasicStmnt CovItemId="S59" CovItemPrefix="my.PSM.unitTestPSM.DBConnectionTest.java" Intrnl_Id="691">
<LocList>
<Loc EndOffset="3035" SrcFileId="8" StartOffset="3014"/>
</LocList>
</BasicStmnt>
<BasicStmnt CovItemId="S60" CovItemPrefix="my.PSM.unitTestPSM.DBConnectionTest.java" Intrnl_Id="692">
<LocList>
<Loc EndOffset="3066" SrcFileId="8" StartOffset="3039"/>
</LocList>
</BasicStmnt>
<CondStmnt CovItemId="S61" CovItemPrefix="my.PSM.unitTestPSM.DBConnectionTest.java" Intrnl_Id="693">
<Branch CovItemId="B17" CovItemPrefix="my.PSM.unitTestPSM.DBConnectionTest.java" Implct="false" Intrnl_Id="694">
<Cond/>
<LocList>
<Loc EndOffset="3161" SrcFileId="8" StartOffset="3138"/>
</LocList>
<StmntSeq Intrnl_Id="695">
<LocList>
<Loc EndOffset="3156" SrcFileId="8" StartOffset="3144"/>
</LocList>
<BasicStmnt CovItemId="S62" CovItemPrefix="my.PSM.unitTestPSM.DBConnectionTest.java" Intrnl_Id="696">
<LocList>
<Loc EndOffset="3156" SrcFileId="8" StartOffset="3144"/>
</LocList>
</BasicStmnt>
</StmntSeq>
</Branch>
<Branch CovItemId="B18" CovItemPrefix="my.PSM.unitTestPSM.DBConnectionTest.java" Implct="false" Intrnl_Id="697">
<Cond>
<Loc EndOffset="3166" SrcFileId="8" StartOffset="3162"/>
</Cond>
<LocList>
<Loc EndOffset="3180" SrcFileId="8" StartOffset="3167"/>
</LocList>
<StmntSeq Intrnl_Id="698">
<LocList>
<Loc EndOffset="3180" SrcFileId="8" StartOffset="3167"/>
</LocList>
<BasicStmnt CovItemId="S63" CovItemPrefix="my.PSM.unitTestPSM.DBConnectionTest.java" Intrnl_Id="699">
<LocList>
<Loc EndOffset="3180" SrcFileId="8" StartOffset="3167"/>
</LocList>
</BasicStmnt>
</StmntSeq>
</Branch>
<Keyword EndOffset="3086" SrcFileId="8" StartOffset="3084"/>
<LocList>
<Loc EndOffset="3180" SrcFileId="8" StartOffset="3084"/>
</LocList>
</CondStmnt>
<BasicStmnt CovItemId="S64" CovItemPrefix="my.PSM.unitTestPSM.DBConnectionTest.java" Intrnl_Id="700">
<LocList>
<Loc EndOffset="3208" SrcFileId="8" StartOffset="3184"/>
</LocList>
</BasicStmnt>
</StmntSeq>
</HierarchyLvl>
<HierarchyLvl HierarchyLvlId="2778" HierarchyLvlTypeId="16" Intrnl_Id="701" Name="testFetchStartMon">
<Header>
<Loc EndOffset="3256" SrcFileId="8" StartOffset="3217"/>
</Header>
<LocList>
<Loc EndOffset="3458" SrcFileId="8" StartOffset="3217"/>
</LocList>
<StmntSeq Intrnl_Id="702">
<LocList>
<Loc EndOffset="3283" SrcFileId="8" StartOffset="3262"/>
<Loc EndOffset="3312" SrcFileId="8" StartOffset="3287"/>
<Loc EndOffset="3426" SrcFileId="8" StartOffset="3330"/>
<Loc EndOffset="3454" SrcFileId="8" StartOffset="3430"/>
</LocList>
<BasicStmnt CovItemId="S65" CovItemPrefix="my.PSM.unitTestPSM.DBConnectionTest.java" Intrnl_Id="703">
<LocList>
<Loc EndOffset="3283" SrcFileId="8" StartOffset="3262"/>
</LocList>
</BasicStmnt>
<BasicStmnt CovItemId="S66" CovItemPrefix="my.PSM.unitTestPSM.DBConnectionTest.java" Intrnl_Id="704">
<LocList>
<Loc EndOffset="3312" SrcFileId="8" StartOffset="3287"/>
</LocList>
</BasicStmnt>
<CondStmnt CovItemId="S67" CovItemPrefix="my.PSM.unitTestPSM.DBConnectionTest.java" Intrnl_Id="705">
<Branch CovItemId="B19" CovItemPrefix="my.PSM.unitTestPSM.DBConnectionTest.java" Implct="false" Intrnl_Id="706">
<Cond/>
<LocList>
<Loc EndOffset="3407" SrcFileId="8" StartOffset="3384"/>
</LocList>
<StmntSeq Intrnl_Id="707">
<LocList>
<Loc EndOffset="3402" SrcFileId="8" StartOffset="3390"/>
</LocList>
<BasicStmnt CovItemId="S68" CovItemPrefix="my.PSM.unitTestPSM.DBConnectionTest.java" Intrnl_Id="708">
<LocList>
<Loc EndOffset="3402" SrcFileId="8" StartOffset="3390"/>
</LocList>
</BasicStmnt>
</StmntSeq>
</Branch>
<Branch CovItemId="B20" CovItemPrefix="my.PSM.unitTestPSM.DBConnectionTest.java" Implct="false" Intrnl_Id="709">
<Cond>
<Loc EndOffset="3412" SrcFileId="8" StartOffset="3408"/>
</Cond>
<LocList>
<Loc EndOffset="3426" SrcFileId="8" StartOffset="3413"/>
</LocList>
<StmntSeq Intrnl_Id="710">
<LocList>
<Loc EndOffset="3426" SrcFileId="8" StartOffset="3413"/>
</LocList>
<BasicStmnt CovItemId="S69" CovItemPrefix="my.PSM.unitTestPSM.DBConnectionTest.java" Intrnl_Id="711">
<LocList>
<Loc EndOffset="3426" SrcFileId="8" StartOffset="3413"/>
</LocList>
</BasicStmnt>
</StmntSeq>
</Branch>
<Keyword EndOffset="3332" SrcFileId="8" StartOffset="3330"/>
<LocList>
<Loc EndOffset="3426" SrcFileId="8" StartOffset="3330"/>
</LocList>
</CondStmnt>
<BasicStmnt CovItemId="S70" CovItemPrefix="my.PSM.unitTestPSM.DBConnectionTest.java" Intrnl_Id="712">
<LocList>
<Loc EndOffset="3454" SrcFileId="8" StartOffset="3430"/>
</LocList>
</BasicStmnt>
</StmntSeq>
</HierarchyLvl>
<HierarchyLvl HierarchyLvlId="2779" HierarchyLvlTypeId="16" Intrnl_Id="713" Name="testFetchEndMon">
<Header>
<Loc EndOffset="3500" SrcFileId="8" StartOffset="3463"/>
</Header>
<LocList>
<Loc EndOffset="3696" SrcFileId="8" StartOffset="3463"/>
</LocList>
<StmntSeq Intrnl_Id="714">
<LocList>
<Loc EndOffset="3527" SrcFileId="8" StartOffset="3506"/>
<Loc EndOffset="3554" SrcFileId="8" StartOffset="3531"/>
<Loc EndOffset="3664" SrcFileId="8" StartOffset="3572"/>
<Loc EndOffset="3692" SrcFileId="8" StartOffset="3668"/>
</LocList>
<BasicStmnt CovItemId="S71" CovItemPrefix="my.PSM.unitTestPSM.DBConnectionTest.java" Intrnl_Id="715">
<LocList>
<Loc EndOffset="3527" SrcFileId="8" StartOffset="3506"/>
</LocList>
</BasicStmnt>
<BasicStmnt CovItemId="S72" CovItemPrefix="my.PSM.unitTestPSM.DBConnectionTest.java" Intrnl_Id="716">
<LocList>
<Loc EndOffset="3554" SrcFileId="8" StartOffset="3531"/>
</LocList>
</BasicStmnt>
<CondStmnt CovItemId="S73" CovItemPrefix="my.PSM.unitTestPSM.DBConnectionTest.java" Intrnl_Id="717">
<Branch CovItemId="B21" CovItemPrefix="my.PSM.unitTestPSM.DBConnectionTest.java" Implct="false" Intrnl_Id="718">
<Cond/>
<LocList>
<Loc EndOffset="3645" SrcFileId="8" StartOffset="3622"/>
</LocList>
<StmntSeq Intrnl_Id="719">
<LocList>
<Loc EndOffset="3640" SrcFileId="8" StartOffset="3628"/>
</LocList>
<BasicStmnt CovItemId="S74" CovItemPrefix="my.PSM.unitTestPSM.DBConnectionTest.java" Intrnl_Id="720">
<LocList>
<Loc EndOffset="3640" SrcFileId="8" StartOffset="3628"/>
</LocList>
</BasicStmnt>
</StmntSeq>
</Branch>
<Branch CovItemId="B22" CovItemPrefix="my.PSM.unitTestPSM.DBConnectionTest.java" Implct="false" Intrnl_Id="721">
<Cond>
<Loc EndOffset="3650" SrcFileId="8" StartOffset="3646"/>
</Cond>
<LocList>
<Loc EndOffset="3664" SrcFileId="8" StartOffset="3651"/>
</LocList>
<StmntSeq Intrnl_Id="722">
<LocList>
<Loc EndOffset="3664" SrcFileId="8" StartOffset="3651"/>
</LocList>
<BasicStmnt CovItemId="S75" CovItemPrefix="my.PSM.unitTestPSM.DBConnectionTest.java" Intrnl_Id="723">
<LocList>
<Loc EndOffset="3664" SrcFileId="8" StartOffset="3651"/>
</LocList>
</BasicStmnt>
</StmntSeq>
</Branch>
<Keyword EndOffset="3574" SrcFileId="8" StartOffset="3572"/>
<LocList>
<Loc EndOffset="3664" SrcFileId="8" StartOffset="3572"/>
</LocList>
</CondStmnt>
<BasicStmnt CovItemId="S76" CovItemPrefix="my.PSM.unitTestPSM.DBConnectionTest.java" Intrnl_Id="724">
<LocList>
<Loc EndOffset="3692" SrcFileId="8" StartOffset="3668"/>
</LocList>
</BasicStmnt>
</StmntSeq>
</HierarchyLvl>
<HierarchyLvl HierarchyLvlId="2780" HierarchyLvlTypeId="16" Intrnl_Id="725" Name="testFetchStartTue">
<Header>
<Loc EndOffset="3740" SrcFileId="8" StartOffset="3701"/>
</Header>
<LocList>
<Loc EndOffset="3926" SrcFileId="8" StartOffset="3701"/>
</LocList>
<StmntSeq Intrnl_Id="726">
<LocList>
<Loc EndOffset="3767" SrcFileId="8" StartOffset="3746"/>
<Loc EndOffset="3793" SrcFileId="8" StartOffset="3771"/>
<Loc EndOffset="3894" SrcFileId="8" StartOffset="3811"/>
<Loc EndOffset="3922" SrcFileId="8" StartOffset="3898"/>
</LocList>
<BasicStmnt CovItemId="S77" CovItemPrefix="my.PSM.unitTestPSM.DBConnectionTest.java" Intrnl_Id="727">
<LocList>
<Loc EndOffset="3767" SrcFileId="8" StartOffset="3746"/>
</LocList>
</BasicStmnt>
<BasicStmnt CovItemId="S78" CovItemPrefix="my.PSM.unitTestPSM.DBConnectionTest.java" Intrnl_Id="728">
<LocList>
<Loc EndOffset="3793" SrcFileId="8" StartOffset="3771"/>
</LocList>
</BasicStmnt>
<CondStmnt CovItemId="S79" CovItemPrefix="my.PSM.unitTestPSM.DBConnectionTest.java" Intrnl_Id="729">
<Branch CovItemId="B23" CovItemPrefix="my.PSM.unitTestPSM.DBConnectionTest.java" Implct="false" Intrnl_Id="730">
<Cond/>
<LocList>
<Loc EndOffset="3875" SrcFileId="8" StartOffset="3852"/>
</LocList>
<StmntSeq Intrnl_Id="731">
<LocList>
<Loc EndOffset="3870" SrcFileId="8" StartOffset="3858"/>
</LocList>
<BasicStmnt CovItemId="S80" CovItemPrefix="my.PSM.unitTestPSM.DBConnectionTest.java" Intrnl_Id="732">
<LocList>
<Loc EndOffset="3870" SrcFileId="8" StartOffset="3858"/>
</LocList>
</BasicStmnt>
</StmntSeq>
</Branch>
<Branch CovItemId="B24" CovItemPrefix="my.PSM.unitTestPSM.DBConnectionTest.java" Implct="false" Intrnl_Id="733">
<Cond>
<Loc EndOffset="3880" SrcFileId="8" StartOffset="3876"/>
</Cond>
<LocList>
<Loc EndOffset="3894" SrcFileId="8" StartOffset="3881"/>
</LocList>
<StmntSeq Intrnl_Id="734">
<LocList>
<Loc EndOffset="3894" SrcFileId="8" StartOffset="3881"/>
</LocList>
<BasicStmnt CovItemId="S81" CovItemPrefix="my.PSM.unitTestPSM.DBConnectionTest.java" Intrnl_Id="735">
<LocList>
<Loc EndOffset="3894" SrcFileId="8" StartOffset="3881"/>
</LocList>
</BasicStmnt>
</StmntSeq>
</Branch>
<Keyword EndOffset="3813" SrcFileId="8" StartOffset="3811"/>
<LocList>
<Loc EndOffset="3894" SrcFileId="8" StartOffset="3811"/>
</LocList>
</CondStmnt>
<BasicStmnt CovItemId="S82" CovItemPrefix="my.PSM.unitTestPSM.DBConnectionTest.java" Intrnl_Id="736">
<LocList>
<Loc EndOffset="3922" SrcFileId="8" StartOffset="3898"/>
</LocList>
</BasicStmnt>
</StmntSeq>
</HierarchyLvl>
<HierarchyLvl HierarchyLvlId="2781" HierarchyLvlTypeId="16" Intrnl_Id="737" Name="testFetchEndTue">
<Header>
<Loc EndOffset="3968" SrcFileId="8" StartOffset="3931"/>
</Header>
<LocList>
<Loc EndOffset="4148" SrcFileId="8" StartOffset="3931"/>
</LocList>
<StmntSeq Intrnl_Id="738">
<LocList>
<Loc EndOffset="3995" SrcFileId="8" StartOffset="3974"/>
<Loc EndOffset="4019" SrcFileId="8" StartOffset="3999"/>
<Loc EndOffset="4116" SrcFileId="8" StartOffset="4037"/>
<Loc EndOffset="4144" SrcFileId="8" StartOffset="4120"/>
</LocList>
<BasicStmnt CovItemId="S83" CovItemPrefix="my.PSM.unitTestPSM.DBConnectionTest.java" Intrnl_Id="739">
<LocList>
<Loc EndOffset="3995" SrcFileId="8" StartOffset="3974"/>
</LocList>
</BasicStmnt>
<BasicStmnt CovItemId="S84" CovItemPrefix="my.PSM.unitTestPSM.DBConnectionTest.java" Intrnl_Id="740">
<LocList>
<Loc EndOffset="4019" SrcFileId="8" StartOffset="3999"/>
</LocList>
</BasicStmnt>
<CondStmnt CovItemId="S85" CovItemPrefix="my.PSM.unitTestPSM.DBConnectionTest.java" Intrnl_Id="741">
<Branch CovItemId="B25" CovItemPrefix="my.PSM.unitTestPSM.DBConnectionTest.java" Implct="false" Intrnl_Id="742">
<Cond/>
<LocList>
<Loc EndOffset="4097" SrcFileId="8" StartOffset="4074"/>
</LocList>
<StmntSeq Intrnl_Id="743">
<LocList>
<Loc EndOffset="4092" SrcFileId="8" StartOffset="4080"/>
</LocList>
<BasicStmnt CovItemId="S86" CovItemPrefix="my.PSM.unitTestPSM.DBConnectionTest.java" Intrnl_Id="744">
<LocList>
<Loc EndOffset="4092" SrcFileId="8" StartOffset="4080"/>
</LocList>
</BasicStmnt>
</StmntSeq>
</Branch>
<Branch CovItemId="B26" CovItemPrefix="my.PSM.unitTestPSM.DBConnectionTest.java" Implct="false" Intrnl_Id="745">
<Cond>
<Loc EndOffset="4102" SrcFileId="8" StartOffset="4098"/>
</Cond>
<LocList>
<Loc EndOffset="4116" SrcFileId="8" StartOffset="4103"/>
</LocList>
<StmntSeq Intrnl_Id="746">
<LocList>
<Loc EndOffset="4116" SrcFileId="8" StartOffset="4103"/>
</LocList>
<BasicStmnt CovItemId="S87" CovItemPrefix="my.PSM.unitTestPSM.DBConnectionTest.java" Intrnl_Id="747">
<LocList>
<Loc EndOffset="4116" SrcFileId="8" StartOffset="4103"/>
</LocList>
</BasicStmnt>
</StmntSeq>
</Branch>
<Keyword EndOffset="4039" SrcFileId="8" StartOffset="4037"/>
<LocList>
<Loc EndOffset="4116" SrcFileId="8" StartOffset="4037"/>
</LocList>
</CondStmnt>
<BasicStmnt CovItemId="S88" CovItemPrefix="my.PSM.unitTestPSM.DBConnectionTest.java" Intrnl_Id="748">
<LocList>
<Loc EndOffset="4144" SrcFileId="8" StartOffset="4120"/>
</LocList>
</BasicStmnt>
</StmntSeq>
</HierarchyLvl>
<HierarchyLvl HierarchyLvlId="2782" HierarchyLvlTypeId="16" Intrnl_Id="749" Name="testFetchStartWed">
<Header>
<Loc EndOffset="4192" SrcFileId="8" StartOffset="4153"/>
</Header>
<LocList>
<Loc EndOffset="4394" SrcFileId="8" StartOffset="4153"/>
</LocList>
<StmntSeq Intrnl_Id="750">
<LocList>
<Loc EndOffset="4219" SrcFileId="8" StartOffset="4198"/>
<Loc EndOffset="4248" SrcFileId="8" StartOffset="4223"/>
<Loc EndOffset="4362" SrcFileId="8" StartOffset="4266"/>
<Loc EndOffset="4390" SrcFileId="8" StartOffset="4366"/>
</LocList>
<BasicStmnt CovItemId="S89" CovItemPrefix="my.PSM.unitTestPSM.DBConnectionTest.java" Intrnl_Id="751">
<LocList>
<Loc EndOffset="4219" SrcFileId="8" StartOffset="4198"/>
</LocList>
</BasicStmnt>
<BasicStmnt CovItemId="S90" CovItemPrefix="my.PSM.unitTestPSM.DBConnectionTest.java" Intrnl_Id="752">
<LocList>
<Loc EndOffset="4248" SrcFileId="8" StartOffset="4223"/>
</LocList>
</BasicStmnt>
<CondStmnt CovItemId="S91" CovItemPrefix="my.PSM.unitTestPSM.DBConnectionTest.java" Intrnl_Id="753">
<Branch CovItemId="B27" CovItemPrefix="my.PSM.unitTestPSM.DBConnectionTest.java" Implct="false" Intrnl_Id="754">
<Cond/>
<LocList>
<Loc EndOffset="4343" SrcFileId="8" StartOffset="4320"/>
</LocList>
<StmntSeq Intrnl_Id="755">
<LocList>
<Loc EndOffset="4338" SrcFileId="8" StartOffset="4326"/>
</LocList>
<BasicStmnt CovItemId="S92" CovItemPrefix="my.PSM.unitTestPSM.DBConnectionTest.java" Intrnl_Id="756">
<LocList>
<Loc EndOffset="4338" SrcFileId="8" StartOffset="4326"/>
</LocList>
</BasicStmnt>
</StmntSeq>
</Branch>
<Branch CovItemId="B28" CovItemPrefix="my.PSM.unitTestPSM.DBConnectionTest.java" Implct="false" Intrnl_Id="757">
<Cond>
<Loc EndOffset="4348" SrcFileId="8" StartOffset="4344"/>
</Cond>
<LocList>
<Loc EndOffset="4362" SrcFileId="8" StartOffset="4349"/>
</LocList>
<StmntSeq Intrnl_Id="758">
<LocList>
<Loc EndOffset="4362" SrcFileId="8" StartOffset="4349"/>
</LocList>
<BasicStmnt CovItemId="S93" CovItemPrefix="my.PSM.unitTestPSM.DBConnectionTest.java" Intrnl_Id="759">
<LocList>
<Loc EndOffset="4362" SrcFileId="8" StartOffset="4349"/>
</LocList>
</BasicStmnt>
</StmntSeq>
</Branch>
<Keyword EndOffset="4268" SrcFileId="8" StartOffset="4266"/>
<LocList>
<Loc EndOffset="4362" SrcFileId="8" StartOffset="4266"/>
</LocList>
</CondStmnt>
<BasicStmnt CovItemId="S94" CovItemPrefix="my.PSM.unitTestPSM.DBConnectionTest.java" Intrnl_Id="760">
<LocList>
<Loc EndOffset="4390" SrcFileId="8" StartOffset="4366"/>
</LocList>
</BasicStmnt>
</StmntSeq>
</HierarchyLvl>
<HierarchyLvl HierarchyLvlId="2783" HierarchyLvlTypeId="16" Intrnl_Id="761" Name="testFetchEndWed">
<Header>
<Loc EndOffset="4436" SrcFileId="8" StartOffset="4399"/>
</Header>
<LocList>
<Loc EndOffset="4632" SrcFileId="8" StartOffset="4399"/>
</LocList>
<StmntSeq Intrnl_Id="762">
<LocList>
<Loc EndOffset="4463" SrcFileId="8" StartOffset="4442"/>
<Loc EndOffset="4490" SrcFileId="8" StartOffset="4467"/>
<Loc EndOffset="4600" SrcFileId="8" StartOffset="4508"/>
<Loc EndOffset="4628" SrcFileId="8" StartOffset="4604"/>
</LocList>
<BasicStmnt CovItemId="S95" CovItemPrefix="my.PSM.unitTestPSM.DBConnectionTest.java" Intrnl_Id="763">
<LocList>
<Loc EndOffset="4463" SrcFileId="8" StartOffset="4442"/>
</LocList>
</BasicStmnt>
<BasicStmnt CovItemId="S96" CovItemPrefix="my.PSM.unitTestPSM.DBConnectionTest.java" Intrnl_Id="764">
<LocList>
<Loc EndOffset="4490" SrcFileId="8" StartOffset="4467"/>
</LocList>
</BasicStmnt>
<CondStmnt CovItemId="S97" CovItemPrefix="my.PSM.unitTestPSM.DBConnectionTest.java" Intrnl_Id="765">
<Branch CovItemId="B29" CovItemPrefix="my.PSM.unitTestPSM.DBConnectionTest.java" Implct="false" Intrnl_Id="766">
<Cond/>
<LocList>
<Loc EndOffset="4581" SrcFileId="8" StartOffset="4558"/>
</LocList>
<StmntSeq Intrnl_Id="767">
<LocList>
<Loc EndOffset="4576" SrcFileId="8" StartOffset="4564"/>
</LocList>
<BasicStmnt CovItemId="S98" CovItemPrefix="my.PSM.unitTestPSM.DBConnectionTest.java" Intrnl_Id="768">
<LocList>
<Loc EndOffset="4576" SrcFileId="8" StartOffset="4564"/>
</LocList>
</BasicStmnt>
</StmntSeq>
</Branch>
<Branch CovItemId="B30" CovItemPrefix="my.PSM.unitTestPSM.DBConnectionTest.java" Implct="false" Intrnl_Id="769">
<Cond>
<Loc EndOffset="4586" SrcFileId="8" StartOffset="4582"/>
</Cond>
<LocList>
<Loc EndOffset="4600" SrcFileId="8" StartOffset="4587"/>
</LocList>
<StmntSeq Intrnl_Id="770">
<LocList>
<Loc EndOffset="4600" SrcFileId="8" StartOffset="4587"/>
</LocList>
<BasicStmnt CovItemId="S99" CovItemPrefix="my.PSM.unitTestPSM.DBConnectionTest.java" Intrnl_Id="771">
<LocList>
<Loc EndOffset="4600" SrcFileId="8" StartOffset="4587"/>
</LocList>
</BasicStmnt>
</StmntSeq>
</Branch>
<Keyword EndOffset="4510" SrcFileId="8" StartOffset="4508"/>
<LocList>
<Loc EndOffset="4600" SrcFileId="8" StartOffset="4508"/>
</LocList>
</CondStmnt>
<BasicStmnt CovItemId="S100" CovItemPrefix="my.PSM.unitTestPSM.DBConnectionTest.java" Intrnl_Id="772">
<LocList>
<Loc EndOffset="4628" SrcFileId="8" StartOffset="4604"/>
</LocList>
</BasicStmnt>
</StmntSeq>
</HierarchyLvl>
<HierarchyLvl HierarchyLvlId="2784" HierarchyLvlTypeId="16" Intrnl_Id="773" Name="testFetchStartThu">
<Header>
<Loc EndOffset="4676" SrcFileId="8" StartOffset="4637"/>
</Header>
<LocList>
<Loc EndOffset="4862" SrcFileId="8" StartOffset="4637"/>
</LocList>
<StmntSeq Intrnl_Id="774">
<LocList>
<Loc EndOffset="4703" SrcFileId="8" StartOffset="4682"/>
<Loc EndOffset="4729" SrcFileId="8" StartOffset="4707"/>
<Loc EndOffset="4830" SrcFileId="8" StartOffset="4747"/>
<Loc EndOffset="4858" SrcFileId="8" StartOffset="4834"/>
</LocList>
<BasicStmnt CovItemId="S101" CovItemPrefix="my.PSM.unitTestPSM.DBConnectionTest.java" Intrnl_Id="775">
<LocList>
<Loc EndOffset="4703" SrcFileId="8" StartOffset="4682"/>
</LocList>
</BasicStmnt>
<BasicStmnt CovItemId="S102" CovItemPrefix="my.PSM.unitTestPSM.DBConnectionTest.java" Intrnl_Id="776">
<LocList>
<Loc EndOffset="4729" SrcFileId="8" StartOffset="4707"/>
</LocList>
</BasicStmnt>
<CondStmnt CovItemId="S103" CovItemPrefix="my.PSM.unitTestPSM.DBConnectionTest.java" Intrnl_Id="777">
<Branch CovItemId="B31" CovItemPrefix="my.PSM.unitTestPSM.DBConnectionTest.java" Implct="false" Intrnl_Id="778">
<Cond/>
<LocList>
<Loc EndOffset="4811" SrcFileId="8" StartOffset="4788"/>
</LocList>
<StmntSeq Intrnl_Id="779">
<LocList>
<Loc EndOffset="4806" SrcFileId="8" StartOffset="4794"/>
</LocList>
<BasicStmnt CovItemId="S104" CovItemPrefix="my.PSM.unitTestPSM.DBConnectionTest.java" Intrnl_Id="780">
<LocList>
<Loc EndOffset="4806" SrcFileId="8" StartOffset="4794"/>
</LocList>
</BasicStmnt>
</StmntSeq>
</Branch>
<Branch CovItemId="B32" CovItemPrefix="my.PSM.unitTestPSM.DBConnectionTest.java" Implct="false" Intrnl_Id="781">
<Cond>
<Loc EndOffset="4816" SrcFileId="8" StartOffset="4812"/>
</Cond>
<LocList>
<Loc EndOffset="4830" SrcFileId="8" StartOffset="4817"/>
</LocList>
<StmntSeq Intrnl_Id="782">
<LocList>
<Loc EndOffset="4830" SrcFileId="8" StartOffset="4817"/>
</LocList>
<BasicStmnt CovItemId="S105" CovItemPrefix="my.PSM.unitTestPSM.DBConnectionTest.java" Intrnl_Id="783">
<LocList>
<Loc EndOffset="4830" SrcFileId="8" StartOffset="4817"/>
</LocList>
</BasicStmnt>
</StmntSeq>
</Branch>
<Keyword EndOffset="4749" SrcFileId="8" StartOffset="4747"/>
<LocList>
<Loc EndOffset="4830" SrcFileId="8" StartOffset="4747"/>
</LocList>
</CondStmnt>
<BasicStmnt CovItemId="S106" CovItemPrefix="my.PSM.unitTestPSM.DBConnectionTest.java" Intrnl_Id="784">
<LocList>
<Loc EndOffset="4858" SrcFileId="8" StartOffset="4834"/>
</LocList>
</BasicStmnt>
</StmntSeq>
</HierarchyLvl>
<HierarchyLvl HierarchyLvlId="2785" HierarchyLvlTypeId="16" Intrnl_Id="785" Name="testFetchEndThu">
<Header>
<Loc EndOffset="4904" SrcFileId="8" StartOffset="4867"/>
</Header>
<LocList>
<Loc EndOffset="5084" SrcFileId="8" StartOffset="4867"/>
</LocList>
<StmntSeq Intrnl_Id="786">
<LocList>
<Loc EndOffset="4931" SrcFileId="8" StartOffset="4910"/>
<Loc EndOffset="4955" SrcFileId="8" StartOffset="4935"/>
<Loc EndOffset="5052" SrcFileId="8" StartOffset="4973"/>
<Loc EndOffset="5080" SrcFileId="8" StartOffset="5056"/>
</LocList>
<BasicStmnt CovItemId="S107" CovItemPrefix="my.PSM.unitTestPSM.DBConnectionTest.java" Intrnl_Id="787">
<LocList>
<Loc EndOffset="4931" SrcFileId="8" StartOffset="4910"/>
</LocList>
</BasicStmnt>
<BasicStmnt CovItemId="S108" CovItemPrefix="my.PSM.unitTestPSM.DBConnectionTest.java" Intrnl_Id="788">
<LocList>
<Loc EndOffset="4955" SrcFileId="8" StartOffset="4935"/>
</LocList>
</BasicStmnt>
<CondStmnt CovItemId="S109" CovItemPrefix="my.PSM.unitTestPSM.DBConnectionTest.java" Intrnl_Id="789">
<Branch CovItemId="B33" CovItemPrefix="my.PSM.unitTestPSM.DBConnectionTest.java" Implct="false" Intrnl_Id="790">
<Cond/>
<LocList>
<Loc EndOffset="5033" SrcFileId="8" StartOffset="5010"/>
</LocList>
<StmntSeq Intrnl_Id="791">
<LocList>
<Loc EndOffset="5028" SrcFileId="8" StartOffset="5016"/>
</LocList>
<BasicStmnt CovItemId="S110" CovItemPrefix="my.PSM.unitTestPSM.DBConnectionTest.java" Intrnl_Id="792">
<LocList>
<Loc EndOffset="5028" SrcFileId="8" StartOffset="5016"/>
</LocList>
</BasicStmnt>
</StmntSeq>
</Branch>
<Branch CovItemId="B34" CovItemPrefix="my.PSM.unitTestPSM.DBConnectionTest.java" Implct="false" Intrnl_Id="793">
<Cond>
<Loc EndOffset="5038" SrcFileId="8" StartOffset="5034"/>
</Cond>
<LocList>
<Loc EndOffset="5052" SrcFileId="8" StartOffset="5039"/>
</LocList>
<StmntSeq Intrnl_Id="794">
<LocList>
<Loc EndOffset="5052" SrcFileId="8" StartOffset="5039"/>
</LocList>
<BasicStmnt CovItemId="S111" CovItemPrefix="my.PSM.unitTestPSM.DBConnectionTest.java" Intrnl_Id="795">
<LocList>
<Loc EndOffset="5052" SrcFileId="8" StartOffset="5039"/>
</LocList>
</BasicStmnt>
</StmntSeq>
</Branch>
<Keyword EndOffset="4975" SrcFileId="8" StartOffset="4973"/>
<LocList>
<Loc EndOffset="5052" SrcFileId="8" StartOffset="4973"/>
</LocList>
</CondStmnt>
<BasicStmnt CovItemId="S112" CovItemPrefix="my.PSM.unitTestPSM.DBConnectionTest.java" Intrnl_Id="796">
<LocList>
<Loc EndOffset="5080" SrcFileId="8" StartOffset="5056"/>
</LocList>
</BasicStmnt>
</StmntSeq>
</HierarchyLvl>
<HierarchyLvl HierarchyLvlId="2786" HierarchyLvlTypeId="16" Intrnl_Id="797" Name="testFetchStartFri">
<Header>
<Loc EndOffset="5128" SrcFileId="8" StartOffset="5089"/>
</Header>
<LocList>
<Loc EndOffset="5330" SrcFileId="8" StartOffset="5089"/>
</LocList>
<StmntSeq Intrnl_Id="798">
<LocList>
<Loc EndOffset="5155" SrcFileId="8" StartOffset="5134"/>
<Loc EndOffset="5184" SrcFileId="8" StartOffset="5159"/>
<Loc EndOffset="5298" SrcFileId="8" StartOffset="5202"/>
<Loc EndOffset="5326" SrcFileId="8" StartOffset="5302"/>
</LocList>
<BasicStmnt CovItemId="S113" CovItemPrefix="my.PSM.unitTestPSM.DBConnectionTest.java" Intrnl_Id="799">
<LocList>
<Loc EndOffset="5155" SrcFileId="8" StartOffset="5134"/>
</LocList>
</BasicStmnt>
<BasicStmnt CovItemId="S114" CovItemPrefix="my.PSM.unitTestPSM.DBConnectionTest.java" Intrnl_Id="800">
<LocList>
<Loc EndOffset="5184" SrcFileId="8" StartOffset="5159"/>
</LocList>
</BasicStmnt>
<CondStmnt CovItemId="S115" CovItemPrefix="my.PSM.unitTestPSM.DBConnectionTest.java" Intrnl_Id="801">
<Branch CovItemId="B35" CovItemPrefix="my.PSM.unitTestPSM.DBConnectionTest.java" Implct="false" Intrnl_Id="802">
<Cond/>
<LocList>
<Loc EndOffset="5279" SrcFileId="8" StartOffset="5256"/>
</LocList>
<StmntSeq Intrnl_Id="803">
<LocList>
<Loc EndOffset="5274" SrcFileId="8" StartOffset="5262"/>
</LocList>
<BasicStmnt CovItemId="S116" CovItemPrefix="my.PSM.unitTestPSM.DBConnectionTest.java" Intrnl_Id="804">
<LocList>
<Loc EndOffset="5274" SrcFileId="8" StartOffset="5262"/>
</LocList>
</BasicStmnt>
</StmntSeq>
</Branch>
<Branch CovItemId="B36" CovItemPrefix="my.PSM.unitTestPSM.DBConnectionTest.java" Implct="false" Intrnl_Id="805">
<Cond>
<Loc EndOffset="5284" SrcFileId="8" StartOffset="5280"/>
</Cond>
<LocList>
<Loc EndOffset="5298" SrcFileId="8" StartOffset="5285"/>
</LocList>
<StmntSeq Intrnl_Id="806">
<LocList>
<Loc EndOffset="5298" SrcFileId="8" StartOffset="5285"/>
</LocList>
<BasicStmnt CovItemId="S117" CovItemPrefix="my.PSM.unitTestPSM.DBConnectionTest.java" Intrnl_Id="807">
<LocList>
<Loc EndOffset="5298" SrcFileId="8" StartOffset="5285"/>
</LocList>
</BasicStmnt>
</StmntSeq>
</Branch>
<Keyword EndOffset="5204" SrcFileId="8" StartOffset="5202"/>
<LocList>
<Loc EndOffset="5298" SrcFileId="8" StartOffset="5202"/>
</LocList>
</CondStmnt>
<BasicStmnt CovItemId="S118" CovItemPrefix="my.PSM.unitTestPSM.DBConnectionTest.java" Intrnl_Id="808">
<LocList>
<Loc EndOffset="5326" SrcFileId="8" StartOffset="5302"/>
</LocList>
</BasicStmnt>
</StmntSeq>
</HierarchyLvl>
<HierarchyLvl HierarchyLvlId="2787" HierarchyLvlTypeId="16" Intrnl_Id="809" Name="testFetchEndFri">
<Header>
<Loc EndOffset="5372" SrcFileId="8" StartOffset="5335"/>
</Header>
<LocList>
<Loc EndOffset="5568" SrcFileId="8" StartOffset="5335"/>
</LocList>
<StmntSeq Intrnl_Id="810">
<LocList>
<Loc EndOffset="5399" SrcFileId="8" StartOffset="5378"/>
<Loc EndOffset="5426" SrcFileId="8" StartOffset="5403"/>
<Loc EndOffset="5536" SrcFileId="8" StartOffset="5444"/>
<Loc EndOffset="5564" SrcFileId="8" StartOffset="5540"/>
</LocList>
<BasicStmnt CovItemId="S119" CovItemPrefix="my.PSM.unitTestPSM.DBConnectionTest.java" Intrnl_Id="811">
<LocList>
<Loc EndOffset="5399" SrcFileId="8" StartOffset="5378"/>
</LocList>
</BasicStmnt>
<BasicStmnt CovItemId="S120" CovItemPrefix="my.PSM.unitTestPSM.DBConnectionTest.java" Intrnl_Id="812">
<LocList>
<Loc EndOffset="5426" SrcFileId="8" StartOffset="5403"/>
</LocList>
</BasicStmnt>
<CondStmnt CovItemId="S121" CovItemPrefix="my.PSM.unitTestPSM.DBConnectionTest.java" Intrnl_Id="813">
<Branch CovItemId="B37" CovItemPrefix="my.PSM.unitTestPSM.DBConnectionTest.java" Implct="false" Intrnl_Id="814">
<Cond/>
<LocList>
<Loc EndOffset="5517" SrcFileId="8" StartOffset="5494"/>
</LocList>
<StmntSeq Intrnl_Id="815">
<LocList>
<Loc EndOffset="5512" SrcFileId="8" StartOffset="5500"/>
</LocList>
<BasicStmnt CovItemId="S122" CovItemPrefix="my.PSM.unitTestPSM.DBConnectionTest.java" Intrnl_Id="816">
<LocList>
<Loc EndOffset="5512" SrcFileId="8" StartOffset="5500"/>
</LocList>
</BasicStmnt>
</StmntSeq>
</Branch>
<Branch CovItemId="B38" CovItemPrefix="my.PSM.unitTestPSM.DBConnectionTest.java" Implct="false" Intrnl_Id="817">
<Cond>
<Loc EndOffset="5522" SrcFileId="8" StartOffset="5518"/>
</Cond>
<LocList>
<Loc EndOffset="5536" SrcFileId="8" StartOffset="5523"/>
</LocList>
<StmntSeq Intrnl_Id="818">
<LocList>
<Loc EndOffset="5536" SrcFileId="8" StartOffset="5523"/>
</LocList>
<BasicStmnt CovItemId="S123" CovItemPrefix="my.PSM.unitTestPSM.DBConnectionTest.java" Intrnl_Id="819">
<LocList>
<Loc EndOffset="5536" SrcFileId="8" StartOffset="5523"/>
</LocList>
</BasicStmnt>
</StmntSeq>
</Branch>
<Keyword EndOffset="5446" SrcFileId="8" StartOffset="5444"/>
<LocList>
<Loc EndOffset="5536" SrcFileId="8" StartOffset="5444"/>
</LocList>
</CondStmnt>
<BasicStmnt CovItemId="S124" CovItemPrefix="my.PSM.unitTestPSM.DBConnectionTest.java" Intrnl_Id="820">
<LocList>
<Loc EndOffset="5564" SrcFileId="8" StartOffset="5540"/>
</LocList>
</BasicStmnt>
</StmntSeq>
</HierarchyLvl>
<HierarchyLvl HierarchyLvlId="2788" HierarchyLvlTypeId="16" Intrnl_Id="821" Name="testFetchStartSat">
<Header>
<Loc EndOffset="5612" SrcFileId="8" StartOffset="5573"/>
</Header>
<LocList>
<Loc EndOffset="5798" SrcFileId="8" StartOffset="5573"/>
</LocList>
<StmntSeq Intrnl_Id="822">
<LocList>
<Loc EndOffset="5639" SrcFileId="8" StartOffset="5618"/>
<Loc EndOffset="5665" SrcFileId="8" StartOffset="5643"/>
<Loc EndOffset="5766" SrcFileId="8" StartOffset="5683"/>
<Loc EndOffset="5794" SrcFileId="8" StartOffset="5770"/>
</LocList>
<BasicStmnt CovItemId="S125" CovItemPrefix="my.PSM.unitTestPSM.DBConnectionTest.java" Intrnl_Id="823">
<LocList>
<Loc EndOffset="5639" SrcFileId="8" StartOffset="5618"/>
</LocList>
</BasicStmnt>
<BasicStmnt CovItemId="S126" CovItemPrefix="my.PSM.unitTestPSM.DBConnectionTest.java" Intrnl_Id="824">
<LocList>
<Loc EndOffset="5665" SrcFileId="8" StartOffset="5643"/>
</LocList>
</BasicStmnt>
<CondStmnt CovItemId="S127" CovItemPrefix="my.PSM.unitTestPSM.DBConnectionTest.java" Intrnl_Id="825">
<Branch CovItemId="B39" CovItemPrefix="my.PSM.unitTestPSM.DBConnectionTest.java" Implct="false" Intrnl_Id="826">
<Cond/>
<LocList>
<Loc EndOffset="5747" SrcFileId="8" StartOffset="5724"/>
</LocList>
<StmntSeq Intrnl_Id="827">
<LocList>
<Loc EndOffset="5742" SrcFileId="8" StartOffset="5730"/>
</LocList>
<BasicStmnt CovItemId="S128" CovItemPrefix="my.PSM.unitTestPSM.DBConnectionTest.java" Intrnl_Id="828">
<LocList>
<Loc EndOffset="5742" SrcFileId="8" StartOffset="5730"/>
</LocList>
</BasicStmnt>
</StmntSeq>
</Branch>
<Branch CovItemId="B40" CovItemPrefix="my.PSM.unitTestPSM.DBConnectionTest.java" Implct="false" Intrnl_Id="829">
<Cond>
<Loc EndOffset="5752" SrcFileId="8" StartOffset="5748"/>
</Cond>
<LocList>
<Loc EndOffset="5766" SrcFileId="8" StartOffset="5753"/>
</LocList>
<StmntSeq Intrnl_Id="830">
<LocList>
<Loc EndOffset="5766" SrcFileId="8" StartOffset="5753"/>
</LocList>
<BasicStmnt CovItemId="S129" CovItemPrefix="my.PSM.unitTestPSM.DBConnectionTest.java" Intrnl_Id="831">
<LocList>
<Loc EndOffset="5766" SrcFileId="8" StartOffset="5753"/>
</LocList>
</BasicStmnt>
</StmntSeq>
</Branch>
<Keyword EndOffset="5685" SrcFileId="8" StartOffset="5683"/>
<LocList>
<Loc EndOffset="5766" SrcFileId="8" StartOffset="5683"/>
</LocList>
</CondStmnt>
<BasicStmnt CovItemId="S130" CovItemPrefix="my.PSM.unitTestPSM.DBConnectionTest.java" Intrnl_Id="832">
<LocList>
<Loc EndOffset="5794" SrcFileId="8" StartOffset="5770"/>
</LocList>
</BasicStmnt>
</StmntSeq>
</HierarchyLvl>
<HierarchyLvl HierarchyLvlId="2789" HierarchyLvlTypeId="16" Intrnl_Id="833" Name="testFetchEndSat">
<Header>
<Loc EndOffset="5840" SrcFileId="8" StartOffset="5803"/>
</Header>
<LocList>
<Loc EndOffset="6020" SrcFileId="8" StartOffset="5803"/>
</LocList>
<StmntSeq Intrnl_Id="834">
<LocList>
<Loc EndOffset="5867" SrcFileId="8" StartOffset="5846"/>
<Loc EndOffset="5891" SrcFileId="8" StartOffset="5871"/>
<Loc EndOffset="5988" SrcFileId="8" StartOffset="5909"/>
<Loc EndOffset="6016" SrcFileId="8" StartOffset="5992"/>
</LocList>
<BasicStmnt CovItemId="S131" CovItemPrefix="my.PSM.unitTestPSM.DBConnectionTest.java" Intrnl_Id="835">
<LocList>
<Loc EndOffset="5867" SrcFileId="8" StartOffset="5846"/>
</LocList>
</BasicStmnt>
<BasicStmnt CovItemId="S132" CovItemPrefix="my.PSM.unitTestPSM.DBConnectionTest.java" Intrnl_Id="836">
<LocList>
<Loc EndOffset="5891" SrcFileId="8" StartOffset="5871"/>
</LocList>
</BasicStmnt>
<CondStmnt CovItemId="S133" CovItemPrefix="my.PSM.unitTestPSM.DBConnectionTest.java" Intrnl_Id="837">
<Branch CovItemId="B41" CovItemPrefix="my.PSM.unitTestPSM.DBConnectionTest.java" Implct="false" Intrnl_Id="838">
<Cond/>
<LocList>
<Loc EndOffset="5969" SrcFileId="8" StartOffset="5946"/>
</LocList>
<StmntSeq Intrnl_Id="839">
<LocList>
<Loc EndOffset="5964" SrcFileId="8" StartOffset="5952"/>
</LocList>
<BasicStmnt CovItemId="S134" CovItemPrefix="my.PSM.unitTestPSM.DBConnectionTest.java" Intrnl_Id="840">
<LocList>
<Loc EndOffset="5964" SrcFileId="8" StartOffset="5952"/>
</LocList>
</BasicStmnt>
</StmntSeq>
</Branch>
<Branch CovItemId="B42" CovItemPrefix="my.PSM.unitTestPSM.DBConnectionTest.java" Implct="false" Intrnl_Id="841">
<Cond>
<Loc EndOffset="5974" SrcFileId="8" StartOffset="5970"/>
</Cond>
<LocList>
<Loc EndOffset="5988" SrcFileId="8" StartOffset="5975"/>
</LocList>
<StmntSeq Intrnl_Id="842">
<LocList>
<Loc EndOffset="5988" SrcFileId="8" StartOffset="5975"/>
</LocList>
<BasicStmnt CovItemId="S135" CovItemPrefix="my.PSM.unitTestPSM.DBConnectionTest.java" Intrnl_Id="843">
<LocList>
<Loc EndOffset="5988" SrcFileId="8" StartOffset="5975"/>
</LocList>
</BasicStmnt>
</StmntSeq>
</Branch>
<Keyword EndOffset="5911" SrcFileId="8" StartOffset="5909"/>
<LocList>
<Loc EndOffset="5988" SrcFileId="8" StartOffset="5909"/>
</LocList>
</CondStmnt>
<BasicStmnt CovItemId="S136" CovItemPrefix="my.PSM.unitTestPSM.DBConnectionTest.java" Intrnl_Id="844">
<LocList>
<Loc EndOffset="6016" SrcFileId="8" StartOffset="5992"/>
</LocList>
</BasicStmnt>
</StmntSeq>
</HierarchyLvl>
<HierarchyLvl HierarchyLvlId="2790" HierarchyLvlTypeId="16" Intrnl_Id="845" Name="testStoreClassInfo">
<Header>
<Loc EndOffset="6065" SrcFileId="8" StartOffset="6025"/>
</Header>
<LocList>
<Loc EndOffset="6359" SrcFileId="8" StartOffset="6025"/>
</LocList>
<StmntSeq Intrnl_Id="846">
<LocList>
<Loc EndOffset="6135" SrcFileId="8" StartOffset="6071"/>
<Loc EndOffset="6186" SrcFileId="8" StartOffset="6139"/>
<Loc EndOffset="6252" SrcFileId="8" StartOffset="6190"/>
<Loc EndOffset="6298" SrcFileId="8" StartOffset="6256"/>
<Loc EndOffset="6355" SrcFileId="8" StartOffset="6302"/>
</LocList>
<BasicStmnt CovItemId="S137" CovItemPrefix="my.PSM.unitTestPSM.DBConnectionTest.java" Intrnl_Id="847">
<LocList>
<Loc EndOffset="6135" SrcFileId="8" StartOffset="6071"/>
</LocList>
</BasicStmnt>
<BasicStmnt CovItemId="S138" CovItemPrefix="my.PSM.unitTestPSM.DBConnectionTest.java" Intrnl_Id="848">
<LocList>
<Loc EndOffset="6186" SrcFileId="8" StartOffset="6139"/>
</LocList>
</BasicStmnt>
<BasicStmnt CovItemId="S139" CovItemPrefix="my.PSM.unitTestPSM.DBConnectionTest.java" Intrnl_Id="849">
<LocList>
<Loc EndOffset="6252" SrcFileId="8" StartOffset="6190"/>
</LocList>
</BasicStmnt>
<BasicStmnt CovItemId="S140" CovItemPrefix="my.PSM.unitTestPSM.DBConnectionTest.java" Intrnl_Id="850">
<LocList>
<Loc EndOffset="6298" SrcFileId="8" StartOffset="6256"/>
</LocList>
</BasicStmnt>
<BasicStmnt CovItemId="S141" CovItemPrefix="my.PSM.unitTestPSM.DBConnectionTest.java" Intrnl_Id="851">
<LocList>
<Loc EndOffset="6355" SrcFileId="8" StartOffset="6302"/>
</LocList>
</BasicStmnt>
</StmntSeq>
</HierarchyLvl>
</HierarchyLvl>
<HierarchyLvl HierarchyLvlId="2820" HierarchyLvlTypeId="15" Intrnl_Id="852" Name="DataStoreFacadeStub">
<Header>
<Loc EndOffset="191" SrcFileId="9" StartOffset="135"/>
</Header>
<LocList>
<Loc EndOffset="7129" SrcFileId="9" StartOffset="135"/>
</LocList>
<StmntSeq Intrnl_Id="853">
<LocList>
<Loc EndOffset="291" SrcFileId="9" StartOffset="258"/>
<Loc EndOffset="392" SrcFileId="9" StartOffset="331"/>
<Loc EndOffset="467" SrcFileId="9" StartOffset="395"/>
<Loc EndOffset="550" SrcFileId="9" StartOffset="473"/>
<Loc EndOffset="635" SrcFileId="9" StartOffset="556"/>
<Loc EndOffset="721" SrcFileId="9" StartOffset="641"/>
<Loc EndOffset="805" SrcFileId="9" StartOffset="727"/>
<Loc EndOffset="888" SrcFileId="9" StartOffset="811"/>
<Loc EndOffset="969" SrcFileId="9" StartOffset="894"/>
<Loc EndOffset="1052" SrcFileId="9" StartOffset="975"/>
<Loc EndOffset="1133" SrcFileId="9" StartOffset="1058"/>
<Loc EndOffset="1216" SrcFileId="9" StartOffset="1139"/>
<Loc EndOffset="1297" SrcFileId="9" StartOffset="1222"/>
<Loc EndOffset="1380" SrcFileId="9" StartOffset="1303"/>
<Loc EndOffset="1461" SrcFileId="9" StartOffset="1386"/>
<Loc EndOffset="1544" SrcFileId="9" StartOffset="1467"/>
<Loc EndOffset="1625" SrcFileId="9" StartOffset="1550"/>
<Loc EndOffset="1708" SrcFileId="9" StartOffset="1631"/>
<Loc EndOffset="1789" SrcFileId="9" StartOffset="1714"/>
</LocList>
<BasicStmnt CovItemId="S1" CovItemPrefix="my.PSM.unitTestPSM.DataStoreFacadeStub.java" Intrnl_Id="854">
<LocList>
<Loc EndOffset="291" SrcFileId="9" StartOffset="258"/>
</LocList>
</BasicStmnt>
<BasicStmnt CovItemId="S2" CovItemPrefix="my.PSM.unitTestPSM.DataStoreFacadeStub.java" Intrnl_Id="855">
<LocList>
<Loc EndOffset="392" SrcFileId="9" StartOffset="331"/>
</LocList>
</BasicStmnt>
<BasicStmnt CovItemId="S3" CovItemPrefix="my.PSM.unitTestPSM.DataStoreFacadeStub.java" Intrnl_Id="856">
<LocList>
<Loc EndOffset="467" SrcFileId="9" StartOffset="395"/>
</LocList>
</BasicStmnt>
<BasicStmnt CovItemId="S4" CovItemPrefix="my.PSM.unitTestPSM.DataStoreFacadeStub.java" Intrnl_Id="857">
<LocList>
<Loc EndOffset="550" SrcFileId="9" StartOffset="473"/>
</LocList>
</BasicStmnt>
<BasicStmnt CovItemId="S5" CovItemPrefix="my.PSM.unitTestPSM.DataStoreFacadeStub.java" Intrnl_Id="858">
<LocList>
<Loc EndOffset="635" SrcFileId="9" StartOffset="556"/>
</LocList>
</BasicStmnt>
<BasicStmnt CovItemId="S6" CovItemPrefix="my.PSM.unitTestPSM.DataStoreFacadeStub.java" Intrnl_Id="859">
<LocList>
<Loc EndOffset="721" SrcFileId="9" StartOffset="641"/>
</LocList>
</BasicStmnt>
<BasicStmnt CovItemId="S7" CovItemPrefix="my.PSM.unitTestPSM.DataStoreFacadeStub.java" Intrnl_Id="860">
<LocList>
<Loc EndOffset="805" SrcFileId="9" StartOffset="727"/>
</LocList>
</BasicStmnt>
<BasicStmnt CovItemId="S8" CovItemPrefix="my.PSM.unitTestPSM.DataStoreFacadeStub.java" Intrnl_Id="861">
<LocList>
<Loc EndOffset="888" SrcFileId="9" StartOffset="811"/>
</LocList>
</BasicStmnt>
<BasicStmnt CovItemId="S9" CovItemPrefix="my.PSM.unitTestPSM.DataStoreFacadeStub.java" Intrnl_Id="862">
<LocList>
<Loc EndOffset="969" SrcFileId="9" StartOffset="894"/>
</LocList>
</BasicStmnt>
<BasicStmnt CovItemId="S10" CovItemPrefix="my.PSM.unitTestPSM.DataStoreFacadeStub.java" Intrnl_Id="863">
<LocList>
<Loc EndOffset="1052" SrcFileId="9" StartOffset="975"/>
</LocList>
</BasicStmnt>
<BasicStmnt CovItemId="S11" CovItemPrefix="my.PSM.unitTestPSM.DataStoreFacadeStub.java" Intrnl_Id="864">
<LocList>
<Loc EndOffset="1133" SrcFileId="9" StartOffset="1058"/>
</LocList>
</BasicStmnt>
<BasicStmnt CovItemId="S12" CovItemPrefix="my.PSM.unitTestPSM.DataStoreFacadeStub.java" Intrnl_Id="865">
<LocList>
<Loc EndOffset="1216" SrcFileId="9" StartOffset="1139"/>
</LocList>
</BasicStmnt>
<BasicStmnt CovItemId="S13" CovItemPrefix="my.PSM.unitTestPSM.DataStoreFacadeStub.java" Intrnl_Id="866">
<LocList>
<Loc EndOffset="1297" SrcFileId="9" StartOffset="1222"/>
</LocList>
</BasicStmnt>
<BasicStmnt CovItemId="S14" CovItemPrefix="my.PSM.unitTestPSM.DataStoreFacadeStub.java" Intrnl_Id="867">
<LocList>
<Loc EndOffset="1380" SrcFileId="9" StartOffset="1303"/>
</LocList>
</BasicStmnt>
<BasicStmnt CovItemId="S15" CovItemPrefix="my.PSM.unitTestPSM.DataStoreFacadeStub.java" Intrnl_Id="868">
<LocList>
<Loc EndOffset="1461" SrcFileId="9" StartOffset="1386"/>
</LocList>
</BasicStmnt>
<BasicStmnt CovItemId="S16" CovItemPrefix="my.PSM.unitTestPSM.DataStoreFacadeStub.java" Intrnl_Id="869">
<LocList>
<Loc EndOffset="1544" SrcFileId="9" StartOffset="1467"/>
</LocList>
</BasicStmnt>
<BasicStmnt CovItemId="S17" CovItemPrefix="my.PSM.unitTestPSM.DataStoreFacadeStub.java" Intrnl_Id="870">
<LocList>
<Loc EndOffset="1625" SrcFileId="9" StartOffset="1550"/>
</LocList>
</BasicStmnt>
<BasicStmnt CovItemId="S18" CovItemPrefix="my.PSM.unitTestPSM.DataStoreFacadeStub.java" Intrnl_Id="871">
<LocList>
<Loc EndOffset="1708" SrcFileId="9" StartOffset="1631"/>
</LocList>
</BasicStmnt>
<BasicStmnt CovItemId="S19" CovItemPrefix="my.PSM.unitTestPSM.DataStoreFacadeStub.java" Intrnl_Id="872">
<LocList>
<Loc EndOffset="1789" SrcFileId="9" StartOffset="1714"/>
</LocList>
</BasicStmnt>
</StmntSeq>
<HierarchyLvl HierarchyLvlId="2792" HierarchyLvlTypeId="16" Intrnl_Id="873" Name="DataStoreFacadeStub">
<Header>
<Loc EndOffset="1858" SrcFileId="9" StartOffset="1798"/>
</Header>
<LocList>
<Loc EndOffset="1954" SrcFileId="9" StartOffset="1798"/>
</LocList>
<StmntSeq Intrnl_Id="874">
<LocList>
<Loc EndOffset="1872" SrcFileId="9" StartOffset="1864"/>
<Loc EndOffset="1899" SrcFileId="9" StartOffset="1876"/>
<Loc EndOffset="1926" SrcFileId="9" StartOffset="1903"/>
<Loc EndOffset="1950" SrcFileId="9" StartOffset="1930"/>
</LocList>
<BasicStmnt CovItemId="S20" CovItemPrefix="my.PSM.unitTestPSM.DataStoreFacadeStub.java" Intrnl_Id="875">
<LocList>
<Loc EndOffset="1872" SrcFileId="9" StartOffset="1864"/>
</LocList>
</BasicStmnt>
<BasicStmnt CovItemId="S21" CovItemPrefix="my.PSM.unitTestPSM.DataStoreFacadeStub.java" Intrnl_Id="876">
<LocList>
<Loc EndOffset="1899" SrcFileId="9" StartOffset="1876"/>
</LocList>
</BasicStmnt>
<BasicStmnt CovItemId="S22" CovItemPrefix="my.PSM.unitTestPSM.DataStoreFacadeStub.java" Intrnl_Id="877">
<LocList>
<Loc EndOffset="1926" SrcFileId="9" StartOffset="1903"/>
</LocList>
</BasicStmnt>
<BasicStmnt CovItemId="S23" CovItemPrefix="my.PSM.unitTestPSM.DataStoreFacadeStub.java" Intrnl_Id="878">
<LocList>
<Loc EndOffset="1950" SrcFileId="9" StartOffset="1930"/>
</LocList>
</BasicStmnt>
</StmntSeq>
</HierarchyLvl>
<HierarchyLvl HierarchyLvlId="2793" HierarchyLvlTypeId="16" Intrnl_Id="879" Name="testHelper">
<Header>
<Loc EndOffset="2292" SrcFileId="9" StartOffset="1959"/>
</Header>
<LocList>
<Loc EndOffset="2984" SrcFileId="9" StartOffset="1959"/>
</LocList>
<StmntSeq Intrnl_Id="880">
<LocList>
<Loc EndOffset="2319" SrcFileId="9" StartOffset="2297"/>
<Loc EndOffset="2356" SrcFileId="9" StartOffset="2323"/>
<Loc EndOffset="2400" SrcFileId="9" StartOffset="2360"/>
<Loc EndOffset="2440" SrcFileId="9" StartOffset="2404"/>
<Loc EndOffset="2484" SrcFileId="9" StartOffset="2444"/>
<Loc EndOffset="2524" SrcFileId="9" StartOffset="2488"/>
<Loc EndOffset="2564" SrcFileId="9" StartOffset="2528"/>
<Loc EndOffset="2600" SrcFileId="9" StartOffset="2568"/>
<Loc EndOffset="2640" SrcFileId="9" StartOffset="2604"/>
<Loc EndOffset="2676" SrcFileId="9" StartOffset="2644"/>
<Loc EndOffset="2716" SrcFileId="9" StartOffset="2680"/>
<Loc EndOffset="2752" SrcFileId="9" StartOffset="2720"/>
<Loc EndOffset="2792" SrcFileId="9" StartOffset="2756"/>
<Loc EndOffset="2828" SrcFileId="9" StartOffset="2796"/>
<Loc EndOffset="2868" SrcFileId="9" StartOffset="2832"/>
<Loc EndOffset="2904" SrcFileId="9" StartOffset="2872"/>
<Loc EndOffset="2944" SrcFileId="9" StartOffset="2908"/>
<Loc EndOffset="2980" SrcFileId="9" StartOffset="2948"/>
</LocList>
<BasicStmnt CovItemId="S24" CovItemPrefix="my.PSM.unitTestPSM.DataStoreFacadeStub.java" Intrnl_Id="881">
<LocList>
<Loc EndOffset="2319" SrcFileId="9" StartOffset="2297"/>
</LocList>
</BasicStmnt>
<BasicStmnt CovItemId="S25" CovItemPrefix="my.PSM.unitTestPSM.DataStoreFacadeStub.java" Intrnl_Id="882">
<LocList>
<Loc EndOffset="2356" SrcFileId="9" StartOffset="2323"/>
</LocList>
</BasicStmnt>
<BasicStmnt CovItemId="S26" CovItemPrefix="my.PSM.unitTestPSM.DataStoreFacadeStub.java" Intrnl_Id="883">
<LocList>
<Loc EndOffset="2400" SrcFileId="9" StartOffset="2360"/>
</LocList>
</BasicStmnt>
<BasicStmnt CovItemId="S27" CovItemPrefix="my.PSM.unitTestPSM.DataStoreFacadeStub.java" Intrnl_Id="884">
<LocList>
<Loc EndOffset="2440" SrcFileId="9" StartOffset="2404"/>
</LocList>
</BasicStmnt>
<BasicStmnt CovItemId="S28" CovItemPrefix="my.PSM.unitTestPSM.DataStoreFacadeStub.java" Intrnl_Id="885">
<LocList>
<Loc EndOffset="2484" SrcFileId="9" StartOffset="2444"/>
</LocList>
</BasicStmnt>
<BasicStmnt CovItemId="S29" CovItemPrefix="my.PSM.unitTestPSM.DataStoreFacadeStub.java" Intrnl_Id="886">
<LocList>
<Loc EndOffset="2524" SrcFileId="9" StartOffset="2488"/>
</LocList>
</BasicStmnt>
<BasicStmnt CovItemId="S30" CovItemPrefix="my.PSM.unitTestPSM.DataStoreFacadeStub.java" Intrnl_Id="887">
<LocList>
<Loc EndOffset="2564" SrcFileId="9" StartOffset="2528"/>
</LocList>
</BasicStmnt>
<BasicStmnt CovItemId="S31" CovItemPrefix="my.PSM.unitTestPSM.DataStoreFacadeStub.java" Intrnl_Id="888">
<LocList>
<Loc EndOffset="2600" SrcFileId="9" StartOffset="2568"/>
</LocList>
</BasicStmnt>
<BasicStmnt CovItemId="S32" CovItemPrefix="my.PSM.unitTestPSM.DataStoreFacadeStub.java" Intrnl_Id="889">
<LocList>
<Loc EndOffset="2640" SrcFileId="9" StartOffset="2604"/>
</LocList>
</BasicStmnt>
<BasicStmnt CovItemId="S33" CovItemPrefix="my.PSM.unitTestPSM.DataStoreFacadeStub.java" Intrnl_Id="890">
<LocList>
<Loc EndOffset="2676" SrcFileId="9" StartOffset="2644"/>
</LocList>
</BasicStmnt>
<BasicStmnt CovItemId="S34" CovItemPrefix="my.PSM.unitTestPSM.DataStoreFacadeStub.java" Intrnl_Id="891">
<LocList>
<Loc EndOffset="2716" SrcFileId="9" StartOffset="2680"/>
</LocList>
</BasicStmnt>
<BasicStmnt CovItemId="S35" CovItemPrefix="my.PSM.unitTestPSM.DataStoreFacadeStub.java" Intrnl_Id="892">
<LocList>
<Loc EndOffset="2752" SrcFileId="9" StartOffset="2720"/>
</LocList>
</BasicStmnt>
<BasicStmnt CovItemId="S36" CovItemPrefix="my.PSM.unitTestPSM.DataStoreFacadeStub.java" Intrnl_Id="893">
<LocList>
<Loc EndOffset="2792" SrcFileId="9" StartOffset="2756"/>
</LocList>
</BasicStmnt>
<BasicStmnt CovItemId="S37" CovItemPrefix="my.PSM.unitTestPSM.DataStoreFacadeStub.java" Intrnl_Id="894">
<LocList>
<Loc EndOffset="2828" SrcFileId="9" StartOffset="2796"/>
</LocList>
</BasicStmnt>
<BasicStmnt CovItemId="S38" CovItemPrefix="my.PSM.unitTestPSM.DataStoreFacadeStub.java" Intrnl_Id="895">
<LocList>
<Loc EndOffset="2868" SrcFileId="9" StartOffset="2832"/>
</LocList>
</BasicStmnt>
<BasicStmnt CovItemId="S39" CovItemPrefix="my.PSM.unitTestPSM.DataStoreFacadeStub.java" Intrnl_Id="896">
<LocList>
<Loc EndOffset="2904" SrcFileId="9" StartOffset="2872"/>
</LocList>
</BasicStmnt>
<BasicStmnt CovItemId="S40" CovItemPrefix="my.PSM.unitTestPSM.DataStoreFacadeStub.java" Intrnl_Id="897">
<LocList>
<Loc EndOffset="2944" SrcFileId="9" StartOffset="2908"/>
</LocList>
</BasicStmnt>
<BasicStmnt CovItemId="S41" CovItemPrefix="my.PSM.unitTestPSM.DataStoreFacadeStub.java" Intrnl_Id="898">
<LocList>
<Loc EndOffset="2980" SrcFileId="9" StartOffset="2948"/>
</LocList>
</BasicStmnt>
</StmntSeq>
</HierarchyLvl>
<HierarchyLvl HierarchyLvlId="2794" HierarchyLvlTypeId="16" Intrnl_Id="899" Name="setString">
<Header>
<Loc EndOffset="3018" SrcFileId="9" StartOffset="2987"/>
</Header>
<LocList>
<Loc EndOffset="3044" SrcFileId="9" StartOffset="2987"/>
</LocList>
<StmntSeq Intrnl_Id="900">
<LocList>
<Loc EndOffset="3040" SrcFileId="9" StartOffset="3023"/>
</LocList>
<BasicStmnt CovItemId="S42" CovItemPrefix="my.PSM.unitTestPSM.DataStoreFacadeStub.java" Intrnl_Id="901">
<LocList>
<Loc EndOffset="3040" SrcFileId="9" StartOffset="3023"/>
</LocList>
</BasicStmnt>
</StmntSeq>
</HierarchyLvl>
<HierarchyLvl HierarchyLvlId="2795" HierarchyLvlTypeId="16" Intrnl_Id="902" Name="fetchCourses">
<Header>
<Loc EndOffset="3075" SrcFileId="9" StartOffset="3047"/>
</Header>
<LocList>
<Loc EndOffset="3139" SrcFileId="9" StartOffset="3047"/>
</LocList>
<StmntSeq Intrnl_Id="903">
<LocList>
<Loc EndOffset="3135" SrcFileId="9" StartOffset="3115"/>
</LocList>
<BasicStmnt CovItemId="S43" CovItemPrefix="my.PSM.unitTestPSM.DataStoreFacadeStub.java" Intrnl_Id="904">
<LocList>
<Loc EndOffset="3135" SrcFileId="9" StartOffset="3115"/>
</LocList>
</BasicStmnt>
</StmntSeq>
</HierarchyLvl>
<HierarchyLvl HierarchyLvlId="2796" HierarchyLvlTypeId="16" Intrnl_Id="905" Name="connect">
<Header>
<Loc EndOffset="3196" SrcFileId="9" StartOffset="3142"/>
</Header>
<LocList>
<Loc EndOffset="3358" SrcFileId="9" StartOffset="3142"/>
</LocList>
<StmntSeq Intrnl_Id="906">
<LocList>
<Loc EndOffset="3354" SrcFileId="9" StartOffset="3202"/>
</LocList>
<CondStmnt CovItemId="S44" CovItemPrefix="my.PSM.unitTestPSM.DataStoreFacadeStub.java" Intrnl_Id="907">
<Branch CovItemId="B1" CovItemPrefix="my.PSM.unitTestPSM.DataStoreFacadeStub.java" Implct="false" Intrnl_Id="908">
<Cond/>
<LocList>
<Loc EndOffset="3300" SrcFileId="9" StartOffset="3256"/>
</LocList>
<StmntSeq Intrnl_Id="909">
<LocList>
<Loc EndOffset="3281" SrcFileId="9" StartOffset="3262"/>
<Loc EndOffset="3295" SrcFileId="9" StartOffset="3286"/>
</LocList>
<BasicStmnt CovItemId="S45" CovItemPrefix="my.PSM.unitTestPSM.DataStoreFacadeStub.java" Intrnl_Id="910">
<LocList>
<Loc EndOffset="3281" SrcFileId="9" StartOffset="3262"/>
</LocList>
</BasicStmnt>
<BasicStmnt CovItemId="S46" CovItemPrefix="my.PSM.unitTestPSM.DataStoreFacadeStub.java" Intrnl_Id="911">
<LocList>
<Loc EndOffset="3295" SrcFileId="9" StartOffset="3286"/>
</LocList>
</BasicStmnt>
</StmntSeq>
</Branch>
<Branch CovItemId="B2" CovItemPrefix="my.PSM.unitTestPSM.DataStoreFacadeStub.java" Implct="false" Intrnl_Id="912">
<Cond>
<Loc EndOffset="3308" SrcFileId="9" StartOffset="3304"/>
</Cond>
<LocList>
<Loc EndOffset="3354" SrcFileId="9" StartOffset="3308"/>
</LocList>
<StmntSeq Intrnl_Id="913">
<LocList>
<Loc EndOffset="3334" SrcFileId="9" StartOffset="3314"/>
<Loc EndOffset="3349" SrcFileId="9" StartOffset="3339"/>
</LocList>
<BasicStmnt CovItemId="S47" CovItemPrefix="my.PSM.unitTestPSM.DataStoreFacadeStub.java" Intrnl_Id="914">
<LocList>
<Loc EndOffset="3334" SrcFileId="9" StartOffset="3314"/>
</LocList>
</BasicStmnt>
<BasicStmnt CovItemId="S48" CovItemPrefix="my.PSM.unitTestPSM.DataStoreFacadeStub.java" Intrnl_Id="915">
<LocList>
<Loc EndOffset="3349" SrcFileId="9" StartOffset="3339"/>
</LocList>
</BasicStmnt>
</StmntSeq>
</Branch>
<Keyword EndOffset="3204" SrcFileId="9" StartOffset="3202"/>
<LocList>
<Loc EndOffset="3354" SrcFileId="9" StartOffset="3202"/>
</LocList>
</CondStmnt>
</StmntSeq>
</HierarchyLvl>
<HierarchyLvl HierarchyLvlId="2797" HierarchyLvlTypeId="16" Intrnl_Id="916" Name="disconnect">
<Header>
<Loc EndOffset="3398" SrcFileId="9" StartOffset="3363"/>
</Header>
<LocList>
<Loc EndOffset="3441" SrcFileId="9" StartOffset="3363"/>
</LocList>
<StmntSeq Intrnl_Id="917">
<LocList>
<Loc EndOffset="3424" SrcFileId="9" StartOffset="3404"/>
<Loc EndOffset="3437" SrcFileId="9" StartOffset="3428"/>
</LocList>
<BasicStmnt CovItemId="S49" CovItemPrefix="my.PSM.unitTestPSM.DataStoreFacadeStub.java" Intrnl_Id="918">
<LocList>
<Loc EndOffset="3424" SrcFileId="9" StartOffset="3404"/>
</LocList>
</BasicStmnt>
<BasicStmnt CovItemId="S50" CovItemPrefix="my.PSM.unitTestPSM.DataStoreFacadeStub.java" Intrnl_Id="919">
<LocList>
<Loc EndOffset="3437" SrcFileId="9" StartOffset="3428"/>
</LocList>
</BasicStmnt>
</StmntSeq>
</HierarchyLvl>
<HierarchyLvl HierarchyLvlId="2798" HierarchyLvlTypeId="16" Intrnl_Id="920" Name="getEndDates">
<Header>
<Loc EndOffset="3496" SrcFileId="9" StartOffset="3446"/>
</Header>
<LocList>
<Loc EndOffset="3622" SrcFileId="9" StartOffset="3446"/>
</LocList>
<StmntSeq Intrnl_Id="921">
<LocList>
<Loc EndOffset="3555" SrcFileId="9" StartOffset="3502"/>
<Loc EndOffset="3598" SrcFileId="9" StartOffset="3559"/>
<Loc EndOffset="3618" SrcFileId="9" StartOffset="3602"/>
</LocList>
<BasicStmnt CovItemId="S51" CovItemPrefix="my.PSM.unitTestPSM.DataStoreFacadeStub.java" Intrnl_Id="922">
<LocList>
<Loc EndOffset="3555" SrcFileId="9" StartOffset="3502"/>
</LocList>
</BasicStmnt>
<BasicStmnt CovItemId="S52" CovItemPrefix="my.PSM.unitTestPSM.DataStoreFacadeStub.java" Intrnl_Id="923">
<LocList>
<Loc EndOffset="3598" SrcFileId="9" StartOffset="3559"/>
</LocList>
</BasicStmnt>
<BasicStmnt CovItemId="S53" CovItemPrefix="my.PSM.unitTestPSM.DataStoreFacadeStub.java" Intrnl_Id="924">
<LocList>
<Loc EndOffset="3618" SrcFileId="9" StartOffset="3602"/>
</LocList>
</BasicStmnt>
</StmntSeq>
</HierarchyLvl>
<HierarchyLvl HierarchyLvlId="2799" HierarchyLvlTypeId="16" Intrnl_Id="925" Name="getCourses">
<Header>
<Loc EndOffset="3677" SrcFileId="9" StartOffset="3627"/>
</Header>
<LocList>
<Loc EndOffset="3702" SrcFileId="9" StartOffset="3627"/>
</LocList>
<StmntSeq Intrnl_Id="926">
<LocList>
<Loc EndOffset="3698" SrcFileId="9" StartOffset="3683"/>
</LocList>
<BasicStmnt CovItemId="S54" CovItemPrefix="my.PSM.unitTestPSM.DataStoreFacadeStub.java" Intrnl_Id="927">
<LocList>
<Loc EndOffset="3698" SrcFileId="9" StartOffset="3683"/>
</LocList>
</BasicStmnt>
</StmntSeq>
</HierarchyLvl>
<HierarchyLvl HierarchyLvlId="2800" HierarchyLvlTypeId="16" Intrnl_Id="928" Name="fetchCourseSubj">
<Header>
<Loc EndOffset="3762" SrcFileId="9" StartOffset="3707"/>
</Header>
<LocList>
<Loc EndOffset="3800" SrcFileId="9" StartOffset="3707"/>
</LocList>
<StmntSeq Intrnl_Id="929">
<LocList>
<Loc EndOffset="3796" SrcFileId="9" StartOffset="3768"/>
</LocList>
<BasicStmnt CovItemId="S55" CovItemPrefix="my.PSM.unitTestPSM.DataStoreFacadeStub.java" Intrnl_Id="930">
<LocList>
<Loc EndOffset="3796" SrcFileId="9" StartOffset="3768"/>
</LocList>
</BasicStmnt>
</StmntSeq>
</HierarchyLvl>
<HierarchyLvl HierarchyLvlId="2801" HierarchyLvlTypeId="16" Intrnl_Id="931" Name="fetchCourseName">
<Header>
<Loc EndOffset="3860" SrcFileId="9" StartOffset="3805"/>
</Header>
<LocList>
<Loc EndOffset="3905" SrcFileId="9" StartOffset="3805"/>
</LocList>
<StmntSeq Intrnl_Id="932">
<LocList>
<Loc EndOffset="3901" SrcFileId="9" StartOffset="3866"/>
</LocList>
<BasicStmnt CovItemId="S56" CovItemPrefix="my.PSM.unitTestPSM.DataStoreFacadeStub.java" Intrnl_Id="933">
<LocList>
<Loc EndOffset="3901" SrcFileId="9" StartOffset="3866"/>
</LocList>
</BasicStmnt>
</StmntSeq>
</HierarchyLvl>
<HierarchyLvl HierarchyLvlId="2802" HierarchyLvlTypeId="16" Intrnl_Id="934" Name="fetchCourseSemester">
<Header>
<Loc EndOffset="3969" SrcFileId="9" StartOffset="3910"/>
</Header>
<LocList>
<Loc EndOffset="4012" SrcFileId="9" StartOffset="3910"/>
</LocList>
<StmntSeq Intrnl_Id="935">
<LocList>
<Loc EndOffset="4008" SrcFileId="9" StartOffset="3975"/>
</LocList>
<BasicStmnt CovItemId="S57" CovItemPrefix="my.PSM.unitTestPSM.DataStoreFacadeStub.java" Intrnl_Id="936">
<LocList>
<Loc EndOffset="4008" SrcFileId="9" StartOffset="3975"/>
</LocList>
</BasicStmnt>
</StmntSeq>
</HierarchyLvl>
<HierarchyLvl HierarchyLvlId="2803" HierarchyLvlTypeId="16" Intrnl_Id="937" Name="fetchCourseStart">
<Header>
<Loc EndOffset="4073" SrcFileId="9" StartOffset="4017"/>
</Header>
<LocList>
<Loc EndOffset="4119" SrcFileId="9" StartOffset="4017"/>
</LocList>
<StmntSeq Intrnl_Id="938">
<LocList>
<Loc EndOffset="4115" SrcFileId="9" StartOffset="4079"/>
</LocList>
<BasicStmnt CovItemId="S58" CovItemPrefix="my.PSM.unitTestPSM.DataStoreFacadeStub.java" Intrnl_Id="939">
<LocList>
<Loc EndOffset="4115" SrcFileId="9" StartOffset="4079"/>
</LocList>
</BasicStmnt>
</StmntSeq>
</HierarchyLvl>
<HierarchyLvl HierarchyLvlId="2804" HierarchyLvlTypeId="16" Intrnl_Id="940" Name="fetchCourseEnd">
<Header>
<Loc EndOffset="4178" SrcFileId="9" StartOffset="4124"/>
</Header>
<LocList>
<Loc EndOffset="4222" SrcFileId="9" StartOffset="4124"/>
</LocList>
<StmntSeq Intrnl_Id="941">
<LocList>
<Loc EndOffset="4218" SrcFileId="9" StartOffset="4184"/>
</LocList>
<BasicStmnt CovItemId="S59" CovItemPrefix="my.PSM.unitTestPSM.DataStoreFacadeStub.java" Intrnl_Id="942">
<LocList>
<Loc EndOffset="4218" SrcFileId="9" StartOffset="4184"/>
</LocList>
</BasicStmnt>
</StmntSeq>
</HierarchyLvl>
<HierarchyLvl HierarchyLvlId="2805" HierarchyLvlTypeId="16" Intrnl_Id="943" Name="fetchStartMon">
<Header>
<Loc EndOffset="4280" SrcFileId="9" StartOffset="4227"/>
</Header>
<LocList>
<Loc EndOffset="4323" SrcFileId="9" StartOffset="4227"/>
</LocList>
<StmntSeq Intrnl_Id="944">
<LocList>
<Loc EndOffset="4319" SrcFileId="9" StartOffset="4286"/>
</LocList>
<BasicStmnt CovItemId="S60" CovItemPrefix="my.PSM.unitTestPSM.DataStoreFacadeStub.java" Intrnl_Id="945">
<LocList>
<Loc EndOffset="4319" SrcFileId="9" StartOffset="4286"/>
</LocList>
</BasicStmnt>
</StmntSeq>
</HierarchyLvl>
<HierarchyLvl HierarchyLvlId="2806" HierarchyLvlTypeId="16" Intrnl_Id="946" Name="fetchEndMon">
<Header>
<Loc EndOffset="4379" SrcFileId="9" StartOffset="4328"/>
</Header>
<LocList>
<Loc EndOffset="4420" SrcFileId="9" StartOffset="4328"/>
</LocList>
<StmntSeq Intrnl_Id="947">
<LocList>
<Loc EndOffset="4416" SrcFileId="9" StartOffset="4385"/>
</LocList>
<BasicStmnt CovItemId="S61" CovItemPrefix="my.PSM.unitTestPSM.DataStoreFacadeStub.java" Intrnl_Id="948">
<LocList>
<Loc EndOffset="4416" SrcFileId="9" StartOffset="4385"/>
</LocList>
</BasicStmnt>
</StmntSeq>
</HierarchyLvl>
<HierarchyLvl HierarchyLvlId="2807" HierarchyLvlTypeId="16" Intrnl_Id="949" Name="fetchStartTue">
<Header>
<Loc EndOffset="4478" SrcFileId="9" StartOffset="4425"/>
</Header>
<LocList>
<Loc EndOffset="4521" SrcFileId="9" StartOffset="4425"/>
</LocList>
<StmntSeq Intrnl_Id="950">
<LocList>
<Loc EndOffset="4517" SrcFileId="9" StartOffset="4484"/>
</LocList>
<BasicStmnt CovItemId="S62" CovItemPrefix="my.PSM.unitTestPSM.DataStoreFacadeStub.java" Intrnl_Id="951">
<LocList>
<Loc EndOffset="4517" SrcFileId="9" StartOffset="4484"/>
</LocList>
</BasicStmnt>
</StmntSeq>
</HierarchyLvl>
<HierarchyLvl HierarchyLvlId="2808" HierarchyLvlTypeId="16" Intrnl_Id="952" Name="fetchEndTue">
<Header>
<Loc EndOffset="4577" SrcFileId="9" StartOffset="4526"/>
</Header>
<LocList>
<Loc EndOffset="4618" SrcFileId="9" StartOffset="4526"/>
</LocList>
<StmntSeq Intrnl_Id="953">
<LocList>
<Loc EndOffset="4614" SrcFileId="9" StartOffset="4583"/>
</LocList>
<BasicStmnt CovItemId="S63" CovItemPrefix="my.PSM.unitTestPSM.DataStoreFacadeStub.java" Intrnl_Id="954">
<LocList>
<Loc EndOffset="4614" SrcFileId="9" StartOffset="4583"/>
</LocList>
</BasicStmnt>
</StmntSeq>
</HierarchyLvl>
<HierarchyLvl HierarchyLvlId="2809" HierarchyLvlTypeId="16" Intrnl_Id="955" Name="fetchStartWed">
<Header>
<Loc EndOffset="4676" SrcFileId="9" StartOffset="4623"/>
</Header>
<LocList>
<Loc EndOffset="4719" SrcFileId="9" StartOffset="4623"/>
</LocList>
<StmntSeq Intrnl_Id="956">
<LocList>
<Loc EndOffset="4715" SrcFileId="9" StartOffset="4682"/>
</LocList>
<BasicStmnt CovItemId="S64" CovItemPrefix="my.PSM.unitTestPSM.DataStoreFacadeStub.java" Intrnl_Id="957">
<LocList>
<Loc EndOffset="4715" SrcFileId="9" StartOffset="4682"/>
</LocList>
</BasicStmnt>
</StmntSeq>
</HierarchyLvl>
<HierarchyLvl HierarchyLvlId="2810" HierarchyLvlTypeId="16" Intrnl_Id="958" Name="fetchEndWed">
<Header>
<Loc EndOffset="4775" SrcFileId="9" StartOffset="4724"/>
</Header>
<LocList>
<Loc EndOffset="4816" SrcFileId="9" StartOffset="4724"/>
</LocList>
<StmntSeq Intrnl_Id="959">
<LocList>
<Loc EndOffset="4812" SrcFileId="9" StartOffset="4781"/>
</LocList>
<BasicStmnt CovItemId="S65" CovItemPrefix="my.PSM.unitTestPSM.DataStoreFacadeStub.java" Intrnl_Id="960">
<LocList>
<Loc EndOffset="4812" SrcFileId="9" StartOffset="4781"/>
</LocList>
</BasicStmnt>
</StmntSeq>
</HierarchyLvl>
<HierarchyLvl HierarchyLvlId="2811" HierarchyLvlTypeId="16" Intrnl_Id="961" Name="fetchStartThu">
<Header>
<Loc EndOffset="4874" SrcFileId="9" StartOffset="4821"/>
</Header>
<LocList>
<Loc EndOffset="4917" SrcFileId="9" StartOffset="4821"/>
</LocList>
<StmntSeq Intrnl_Id="962">
<LocList>
<Loc EndOffset="4913" SrcFileId="9" StartOffset="4880"/>
</LocList>
<BasicStmnt CovItemId="S66" CovItemPrefix="my.PSM.unitTestPSM.DataStoreFacadeStub.java" Intrnl_Id="963">
<LocList>
<Loc EndOffset="4913" SrcFileId="9" StartOffset="4880"/>
</LocList>
</BasicStmnt>
</StmntSeq>
</HierarchyLvl>
<HierarchyLvl HierarchyLvlId="2812" HierarchyLvlTypeId="16" Intrnl_Id="964" Name="fetchEndThu">
<Header>
<Loc EndOffset="4973" SrcFileId="9" StartOffset="4922"/>
</Header>
<LocList>
<Loc EndOffset="5014" SrcFileId="9" StartOffset="4922"/>
</LocList>
<StmntSeq Intrnl_Id="965">
<LocList>
<Loc EndOffset="5010" SrcFileId="9" StartOffset="4979"/>
</LocList>
<BasicStmnt CovItemId="S67" CovItemPrefix="my.PSM.unitTestPSM.DataStoreFacadeStub.java" Intrnl_Id="966">
<LocList>
<Loc EndOffset="5010" SrcFileId="9" StartOffset="4979"/>
</LocList>
</BasicStmnt>
</StmntSeq>
</HierarchyLvl>
<HierarchyLvl HierarchyLvlId="2813" HierarchyLvlTypeId="16" Intrnl_Id="967" Name="fetchStartFri">
<Header>
<Loc EndOffset="5072" SrcFileId="9" StartOffset="5019"/>
</Header>
<LocList>
<Loc EndOffset="5115" SrcFileId="9" StartOffset="5019"/>
</LocList>
<StmntSeq Intrnl_Id="968">
<LocList>
<Loc EndOffset="5111" SrcFileId="9" StartOffset="5078"/>
</LocList>
<BasicStmnt CovItemId="S68" CovItemPrefix="my.PSM.unitTestPSM.DataStoreFacadeStub.java" Intrnl_Id="969">
<LocList>
<Loc EndOffset="5111" SrcFileId="9" StartOffset="5078"/>
</LocList>
</BasicStmnt>
</StmntSeq>
</HierarchyLvl>
<HierarchyLvl HierarchyLvlId="2814" HierarchyLvlTypeId="16" Intrnl_Id="970" Name="fetchEndFri">
<Header>
<Loc EndOffset="5171" SrcFileId="9" StartOffset="5120"/>
</Header>
<LocList>
<Loc EndOffset="5212" SrcFileId="9" StartOffset="5120"/>
</LocList>
<StmntSeq Intrnl_Id="971">
<LocList>
<Loc EndOffset="5208" SrcFileId="9" StartOffset="5177"/>
</LocList>
<BasicStmnt CovItemId="S69" CovItemPrefix="my.PSM.unitTestPSM.DataStoreFacadeStub.java" Intrnl_Id="972">
<LocList>
<Loc EndOffset="5208" SrcFileId="9" StartOffset="5177"/>
</LocList>
</BasicStmnt>
</StmntSeq>
</HierarchyLvl>
<HierarchyLvl HierarchyLvlId="2815" HierarchyLvlTypeId="16" Intrnl_Id="973" Name="fetchStartSat">
<Header>
<Loc EndOffset="5270" SrcFileId="9" StartOffset="5217"/>
</Header>
<LocList>
<Loc EndOffset="5313" SrcFileId="9" StartOffset="5217"/>
</LocList>
<StmntSeq Intrnl_Id="974">
<LocList>
<Loc EndOffset="5309" SrcFileId="9" StartOffset="5276"/>
</LocList>
<BasicStmnt CovItemId="S70" CovItemPrefix="my.PSM.unitTestPSM.DataStoreFacadeStub.java" Intrnl_Id="975">
<LocList>
<Loc EndOffset="5309" SrcFileId="9" StartOffset="5276"/>
</LocList>
</BasicStmnt>
</StmntSeq>
</HierarchyLvl>
<HierarchyLvl HierarchyLvlId="2816" HierarchyLvlTypeId="16" Intrnl_Id="976" Name="fetchEndSat">
<Header>
<Loc EndOffset="5369" SrcFileId="9" StartOffset="5318"/>
</Header>
<LocList>
<Loc EndOffset="5410" SrcFileId="9" StartOffset="5318"/>
</LocList>
<StmntSeq Intrnl_Id="977">
<LocList>
<Loc EndOffset="5406" SrcFileId="9" StartOffset="5375"/>
</LocList>
<BasicStmnt CovItemId="S71" CovItemPrefix="my.PSM.unitTestPSM.DataStoreFacadeStub.java" Intrnl_Id="978">
<LocList>
<Loc EndOffset="5406" SrcFileId="9" StartOffset="5375"/>
</LocList>
</BasicStmnt>
</StmntSeq>
</HierarchyLvl>
<HierarchyLvl HierarchyLvlId="2817" HierarchyLvlTypeId="16" Intrnl_Id="979" Name="storeClassInfo">
<Header>
<Loc EndOffset="5525" SrcFileId="9" StartOffset="5415"/>
</Header>
<LocList>
<Loc EndOffset="5691" SrcFileId="9" StartOffset="5415"/>
</LocList>
<StmntSeq Intrnl_Id="980">
<LocList>
<Loc EndOffset="5553" SrcFileId="9" StartOffset="5531"/>
<Loc EndOffset="5590" SrcFileId="9" StartOffset="5557"/>
<Loc EndOffset="5634" SrcFileId="9" StartOffset="5594"/>
<Loc EndOffset="5674" SrcFileId="9" StartOffset="5638"/>
<Loc EndOffset="5687" SrcFileId="9" StartOffset="5678"/>
</LocList>
<BasicStmnt CovItemId="S72" CovItemPrefix="my.PSM.unitTestPSM.DataStoreFacadeStub.java" Intrnl_Id="981">
<LocList>
<Loc EndOffset="5553" SrcFileId="9" StartOffset="5531"/>
</LocList>
</BasicStmnt>
<BasicStmnt CovItemId="S73" CovItemPrefix="my.PSM.unitTestPSM.DataStoreFacadeStub.java" Intrnl_Id="982">
<LocList>
<Loc EndOffset="5590" SrcFileId="9" StartOffset="5557"/>
</LocList>
</BasicStmnt>
<BasicStmnt CovItemId="S74" CovItemPrefix="my.PSM.unitTestPSM.DataStoreFacadeStub.java" Intrnl_Id="983">
<LocList>
<Loc EndOffset="5634" SrcFileId="9" StartOffset="5594"/>
</LocList>
</BasicStmnt>
<BasicStmnt CovItemId="S75" CovItemPrefix="my.PSM.unitTestPSM.DataStoreFacadeStub.java" Intrnl_Id="984">
<LocList>
<Loc EndOffset="5674" SrcFileId="9" StartOffset="5638"/>
</LocList>
</BasicStmnt>
<BasicStmnt CovItemId="S76" CovItemPrefix="my.PSM.unitTestPSM.DataStoreFacadeStub.java" Intrnl_Id="985">
<LocList>
<Loc EndOffset="5687" SrcFileId="9" StartOffset="5678"/>
</LocList>
</BasicStmnt>
</StmntSeq>
</HierarchyLvl>
<HierarchyLvl HierarchyLvlId="2818" HierarchyLvlTypeId="16" Intrnl_Id="986" Name="storeClassSched">
<Header>
<Loc EndOffset="5986" SrcFileId="9" StartOffset="5696"/>
</Header>
<LocList>
<Loc EndOffset="6614" SrcFileId="9" StartOffset="5696"/>
</LocList>
<StmntSeq Intrnl_Id="987">
<LocList>
<Loc EndOffset="6596" SrcFileId="9" StartOffset="5992"/>
<Loc EndOffset="6610" SrcFileId="9" StartOffset="6600"/>
</LocList>
<CondStmnt CovItemId="S77" CovItemPrefix="my.PSM.unitTestPSM.DataStoreFacadeStub.java" Intrnl_Id="988">
<Branch CovItemId="B3" CovItemPrefix="my.PSM.unitTestPSM.DataStoreFacadeStub.java" Implct="false" Intrnl_Id="989">
<Cond/>
<LocList>
<Loc EndOffset="6596" SrcFileId="9" StartOffset="6022"/>
</LocList>
<StmntSeq Intrnl_Id="990">
<LocList>
<Loc EndOffset="6068" SrcFileId="9" StartOffset="6028"/>
<Loc EndOffset="6109" SrcFileId="9" StartOffset="6073"/>
<Loc EndOffset="6150" SrcFileId="9" StartOffset="6114"/>
<Loc EndOffset="6187" SrcFileId="9" StartOffset="6155"/>
<Loc EndOffset="6228" SrcFileId="9" StartOffset="6192"/>
<Loc EndOffset="6265" SrcFileId="9" StartOffset="6233"/>
<Loc EndOffset="6306" SrcFileId="9" StartOffset="6270"/>
<Loc EndOffset="6343" SrcFileId="9" StartOffset="6311"/>
<Loc EndOffset="6384" SrcFileId="9" StartOffset="6348"/>
<Loc EndOffset="6421" SrcFileId="9" StartOffset="6389"/>
<Loc EndOffset="6462" SrcFileId="9" StartOffset="6426"/>
<Loc EndOffset="6499" SrcFileId="9" StartOffset="6467"/>
<Loc EndOffset="6540" SrcFileId="9" StartOffset="6504"/>
<Loc EndOffset="6577" SrcFileId="9" StartOffset="6545"/>
<Loc EndOffset="6591" SrcFileId="9" StartOffset="6582"/>
</LocList>
<BasicStmnt CovItemId="S78" CovItemPrefix="my.PSM.unitTestPSM.DataStoreFacadeStub.java" Intrnl_Id="991">
<LocList>
<Loc EndOffset="6068" SrcFileId="9" StartOffset="6028"/>
</LocList>
</BasicStmnt>
<BasicStmnt CovItemId="S79" CovItemPrefix="my.PSM.unitTestPSM.DataStoreFacadeStub.java" Intrnl_Id="992">
<LocList>
<Loc EndOffset="6109" SrcFileId="9" StartOffset="6073"/>
</LocList>
</BasicStmnt>
<BasicStmnt CovItemId="S80" CovItemPrefix="my.PSM.unitTestPSM.DataStoreFacadeStub.java" Intrnl_Id="993">
<LocList>
<Loc EndOffset="6150" SrcFileId="9" StartOffset="6114"/>
</LocList>
</BasicStmnt>
<BasicStmnt CovItemId="S81" CovItemPrefix="my.PSM.unitTestPSM.DataStoreFacadeStub.java" Intrnl_Id="994">
<LocList>
<Loc EndOffset="6187" SrcFileId="9" StartOffset="6155"/>
</LocList>
</BasicStmnt>
<BasicStmnt CovItemId="S82" CovItemPrefix="my.PSM.unitTestPSM.DataStoreFacadeStub.java" Intrnl_Id="995">
<LocList>
<Loc EndOffset="6228" SrcFileId="9" StartOffset="6192"/>
</LocList>
</BasicStmnt>
<BasicStmnt CovItemId="S83" CovItemPrefix="my.PSM.unitTestPSM.DataStoreFacadeStub.java" Intrnl_Id="996">
<LocList>
<Loc EndOffset="6265" SrcFileId="9" StartOffset="6233"/>
</LocList>
</BasicStmnt>
<BasicStmnt CovItemId="S84" CovItemPrefix="my.PSM.unitTestPSM.DataStoreFacadeStub.java" Intrnl_Id="997">
<LocList>
<Loc EndOffset="6306" SrcFileId="9" StartOffset="6270"/>
</LocList>
</BasicStmnt>
<BasicStmnt CovItemId="S85" CovItemPrefix="my.PSM.unitTestPSM.DataStoreFacadeStub.java" Intrnl_Id="998">
<LocList>
<Loc EndOffset="6343" SrcFileId="9" StartOffset="6311"/>
</LocList>
</BasicStmnt>
<BasicStmnt CovItemId="S86" CovItemPrefix="my.PSM.unitTestPSM.DataStoreFacadeStub.java" Intrnl_Id="999">
<LocList>
<Loc EndOffset="6384" SrcFileId="9" StartOffset="6348"/>
</LocList>
</BasicStmnt>
<BasicStmnt CovItemId="S87" CovItemPrefix="my.PSM.unitTestPSM.DataStoreFacadeStub.java" Intrnl_Id="1000">
<LocList>
<Loc EndOffset="6421" SrcFileId="9" StartOffset="6389"/>
</LocList>
</BasicStmnt>
<BasicStmnt CovItemId="S88" CovItemPrefix="my.PSM.unitTestPSM.DataStoreFacadeStub.java" Intrnl_Id="1001">
<LocList>
<Loc EndOffset="6462" SrcFileId="9" StartOffset="6426"/>
</LocList>
</BasicStmnt>
<BasicStmnt CovItemId="S89" CovItemPrefix="my.PSM.unitTestPSM.DataStoreFacadeStub.java" Intrnl_Id="1002">
<LocList>
<Loc EndOffset="6499" SrcFileId="9" StartOffset="6467"/>
</LocList>
</BasicStmnt>
<BasicStmnt CovItemId="S90" CovItemPrefix="my.PSM.unitTestPSM.DataStoreFacadeStub.java" Intrnl_Id="1003">
<LocList>
<Loc EndOffset="6540" SrcFileId="9" StartOffset="6504"/>
</LocList>
</BasicStmnt>
<BasicStmnt CovItemId="S91" CovItemPrefix="my.PSM.unitTestPSM.DataStoreFacadeStub.java" Intrnl_Id="1004">
<LocList>
<Loc EndOffset="6577" SrcFileId="9" StartOffset="6545"/>
</LocList>
</BasicStmnt>
<BasicStmnt CovItemId="S92" CovItemPrefix="my.PSM.unitTestPSM.DataStoreFacadeStub.java" Intrnl_Id="1005">
<LocList>
<Loc EndOffset="6591" SrcFileId="9" StartOffset="6582"/>
</LocList>
</BasicStmnt>
</StmntSeq>
</Branch>
<Branch CovItemId="B4" CovItemPrefix="my.PSM.unitTestPSM.DataStoreFacadeStub.java" Implct="true" Intrnl_Id="1006">
<Cond/>
<LocList/>
<StmntSeq Intrnl_Id="1007">
<LocList/>
</StmntSeq>
</Branch>
<Keyword EndOffset="5994" SrcFileId="9" StartOffset="5992"/>
<LocList>
<Loc EndOffset="6596" SrcFileId="9" StartOffset="5992"/>
</LocList>
</CondStmnt>
<BasicStmnt CovItemId="S93" CovItemPrefix="my.PSM.unitTestPSM.DataStoreFacadeStub.java" Intrnl_Id="1008">
<LocList>
<Loc EndOffset="6610" SrcFileId="9" StartOffset="6600"/>
</LocList>
</BasicStmnt>
</StmntSeq>
</HierarchyLvl>
<HierarchyLvl HierarchyLvlId="2819" HierarchyLvlTypeId="16" Intrnl_Id="1009" Name="clearDatabase">
<Header>
<Loc EndOffset="6658" SrcFileId="9" StartOffset="6619"/>
</Header>
<LocList>
<Loc EndOffset="7124" SrcFileId="9" StartOffset="6619"/>
</LocList>
<StmntSeq Intrnl_Id="1010">
<LocList>
<Loc EndOffset="7120" SrcFileId="9" StartOffset="6664"/>
</LocList>
<CondStmnt CovItemId="S94" CovItemPrefix="my.PSM.unitTestPSM.DataStoreFacadeStub.java" Intrnl_Id="1011">
<Branch CovItemId="B5" CovItemPrefix="my.PSM.unitTestPSM.DataStoreFacadeStub.java" Implct="false" Intrnl_Id="1012">
<Cond/>
<LocList>
<Loc EndOffset="7120" SrcFileId="9" StartOffset="6679"/>
</LocList>
<StmntSeq Intrnl_Id="1013">
<LocList>
<Loc EndOffset="6701" SrcFileId="9" StartOffset="6685"/>
<Loc EndOffset="6721" SrcFileId="9" StartOffset="6706"/>
<Loc EndOffset="6748" SrcFileId="9" StartOffset="6726"/>
<Loc EndOffset="6773" SrcFileId="9" StartOffset="6753"/>
<Loc EndOffset="6801" SrcFileId="9" StartOffset="6778"/>
<Loc EndOffset="6827" SrcFileId="9" StartOffset="6806"/>
<Loc EndOffset="6852" SrcFileId="9" StartOffset="6832"/>
<Loc EndOffset="6875" SrcFileId="9" StartOffset="6857"/>
<Loc EndOffset="6900" SrcFileId="9" StartOffset="6880"/>
<Loc EndOffset="6923" SrcFileId="9" StartOffset="6905"/>
<Loc EndOffset="6948" SrcFileId="9" StartOffset="6928"/>
<Loc EndOffset="6971" SrcFileId="9" StartOffset="6953"/>
<Loc EndOffset="6996" SrcFileId="9" StartOffset="6976"/>
<Loc EndOffset="7019" SrcFileId="9" StartOffset="7001"/>
<Loc EndOffset="7044" SrcFileId="9" StartOffset="7024"/>
<Loc EndOffset="7067" SrcFileId="9" StartOffset="7049"/>
<Loc EndOffset="7092" SrcFileId="9" StartOffset="7072"/>
<Loc EndOffset="7115" SrcFileId="9" StartOffset="7097"/>
</LocList>
<BasicStmnt CovItemId="S95" CovItemPrefix="my.PSM.unitTestPSM.DataStoreFacadeStub.java" Intrnl_Id="1014">
<LocList>
<Loc EndOffset="6701" SrcFileId="9" StartOffset="6685"/>
</LocList>
</BasicStmnt>
<BasicStmnt CovItemId="S96" CovItemPrefix="my.PSM.unitTestPSM.DataStoreFacadeStub.java" Intrnl_Id="1015">
<LocList>
<Loc EndOffset="6721" SrcFileId="9" StartOffset="6706"/>
</LocList>
</BasicStmnt>
<BasicStmnt CovItemId="S97" CovItemPrefix="my.PSM.unitTestPSM.DataStoreFacadeStub.java" Intrnl_Id="1016">
<LocList>
<Loc EndOffset="6748" SrcFileId="9" StartOffset="6726"/>
</LocList>
</BasicStmnt>
<BasicStmnt CovItemId="S98" CovItemPrefix="my.PSM.unitTestPSM.DataStoreFacadeStub.java" Intrnl_Id="1017">
<LocList>
<Loc EndOffset="6773" SrcFileId="9" StartOffset="6753"/>
</LocList>
</BasicStmnt>
<BasicStmnt CovItemId="S99" CovItemPrefix="my.PSM.unitTestPSM.DataStoreFacadeStub.java" Intrnl_Id="1018">
<LocList>
<Loc EndOffset="6801" SrcFileId="9" StartOffset="6778"/>
</LocList>
</BasicStmnt>
<BasicStmnt CovItemId="S100" CovItemPrefix="my.PSM.unitTestPSM.DataStoreFacadeStub.java" Intrnl_Id="1019">
<LocList>
<Loc EndOffset="6827" SrcFileId="9" StartOffset="6806"/>
</LocList>
</BasicStmnt>
<BasicStmnt CovItemId="S101" CovItemPrefix="my.PSM.unitTestPSM.DataStoreFacadeStub.java" Intrnl_Id="1020">
<LocList>
<Loc EndOffset="6852" SrcFileId="9" StartOffset="6832"/>
</LocList>
</BasicStmnt>
<BasicStmnt CovItemId="S102" CovItemPrefix="my.PSM.unitTestPSM.DataStoreFacadeStub.java" Intrnl_Id="1021">
<LocList>
<Loc EndOffset="6875" SrcFileId="9" StartOffset="6857"/>
</LocList>
</BasicStmnt>
<BasicStmnt CovItemId="S103" CovItemPrefix="my.PSM.unitTestPSM.DataStoreFacadeStub.java" Intrnl_Id="1022">
<LocList>
<Loc EndOffset="6900" SrcFileId="9" StartOffset="6880"/>
</LocList>
</BasicStmnt>
<BasicStmnt CovItemId="S104" CovItemPrefix="my.PSM.unitTestPSM.DataStoreFacadeStub.java" Intrnl_Id="1023">
<LocList>
<Loc EndOffset="6923" SrcFileId="9" StartOffset="6905"/>
</LocList>
</BasicStmnt>
<BasicStmnt CovItemId="S105" CovItemPrefix="my.PSM.unitTestPSM.DataStoreFacadeStub.java" Intrnl_Id="1024">
<LocList>
<Loc EndOffset="6948" SrcFileId="9" StartOffset="6928"/>
</LocList>
</BasicStmnt>
<BasicStmnt CovItemId="S106" CovItemPrefix="my.PSM.unitTestPSM.DataStoreFacadeStub.java" Intrnl_Id="1025">
<LocList>
<Loc EndOffset="6971" SrcFileId="9" StartOffset="6953"/>
</LocList>
</BasicStmnt>
<BasicStmnt CovItemId="S107" CovItemPrefix="my.PSM.unitTestPSM.DataStoreFacadeStub.java" Intrnl_Id="1026">
<LocList>
<Loc EndOffset="6996" SrcFileId="9" StartOffset="6976"/>
</LocList>
</BasicStmnt>
<BasicStmnt CovItemId="S108" CovItemPrefix="my.PSM.unitTestPSM.DataStoreFacadeStub.java" Intrnl_Id="1027">
<LocList>
<Loc EndOffset="7019" SrcFileId="9" StartOffset="7001"/>
</LocList>
</BasicStmnt>
<BasicStmnt CovItemId="S109" CovItemPrefix="my.PSM.unitTestPSM.DataStoreFacadeStub.java" Intrnl_Id="1028">
<LocList>
<Loc EndOffset="7044" SrcFileId="9" StartOffset="7024"/>
</LocList>
</BasicStmnt>
<BasicStmnt CovItemId="S110" CovItemPrefix="my.PSM.unitTestPSM.DataStoreFacadeStub.java" Intrnl_Id="1029">
<LocList>
<Loc EndOffset="7067" SrcFileId="9" StartOffset="7049"/>
</LocList>
</BasicStmnt>
<BasicStmnt CovItemId="S111" CovItemPrefix="my.PSM.unitTestPSM.DataStoreFacadeStub.java" Intrnl_Id="1030">
<LocList>
<Loc EndOffset="7092" SrcFileId="9" StartOffset="7072"/>
</LocList>
</BasicStmnt>
<BasicStmnt CovItemId="S112" CovItemPrefix="my.PSM.unitTestPSM.DataStoreFacadeStub.java" Intrnl_Id="1031">
<LocList>
<Loc EndOffset="7115" SrcFileId="9" StartOffset="7097"/>
</LocList>
</BasicStmnt>
</StmntSeq>
</Branch>
<Branch CovItemId="B6" CovItemPrefix="my.PSM.unitTestPSM.DataStoreFacadeStub.java" Implct="true" Intrnl_Id="1032">
<Cond/>
<LocList/>
<StmntSeq Intrnl_Id="1033">
<LocList/>
</StmntSeq>
</Branch>
<Keyword EndOffset="6666" SrcFileId="9" StartOffset="6664"/>
<LocList>
<Loc EndOffset="7120" SrcFileId="9" StartOffset="6664"/>
</LocList>
</CondStmnt>
</StmntSeq>
</HierarchyLvl>
</HierarchyLvl>
<HierarchyLvl HierarchyLvlId="2830" HierarchyLvlTypeId="15" Intrnl_Id="1034" Name="InterfaceControllerStub">
<Header>
<Loc EndOffset="189" SrcFileId="10" StartOffset="125"/>
</Header>
<LocList>
<Loc EndOffset="1373" SrcFileId="10" StartOffset="125"/>
</LocList>
<HierarchyLvl HierarchyLvlId="2821" HierarchyLvlTypeId="16" Intrnl_Id="1035" Name="InterfaceControllerStub">
<Header>
<Loc EndOffset="252" SrcFileId="10" StartOffset="197"/>
</Header>
<LocList>
<Loc EndOffset="278" SrcFileId="10" StartOffset="197"/>
</LocList>
<StmntSeq Intrnl_Id="1036">
<LocList>
<Loc EndOffset="274" SrcFileId="10" StartOffset="257"/>
</LocList>
<BasicStmnt CovItemId="S1" CovItemPrefix="my.PSM.unitTestPSM.InterfaceControllerStub.java" Intrnl_Id="1037">
<LocList>
<Loc EndOffset="274" SrcFileId="10" StartOffset="257"/>
</LocList>
</BasicStmnt>
</StmntSeq>
</HierarchyLvl>
<HierarchyLvl HierarchyLvlId="2822" HierarchyLvlTypeId="16" Intrnl_Id="1038" Name="passwordLock">
<Header>
<Loc EndOffset="324" SrcFileId="10" StartOffset="283"/>
</Header>
<LocList>
<Loc EndOffset="360" SrcFileId="10" StartOffset="283"/>
</LocList>
</HierarchyLvl>
<HierarchyLvl HierarchyLvlId="2823" HierarchyLvlTypeId="16" Intrnl_Id="1039" Name="Initiate_Logout">
<Header>
<Loc EndOffset="410" SrcFileId="10" StartOffset="366"/>
</Header>
<LocList>
<Loc EndOffset="454" SrcFileId="10" StartOffset="366"/>
</LocList>
</HierarchyLvl>
<HierarchyLvl HierarchyLvlId="2824" HierarchyLvlTypeId="16" Intrnl_Id="1040" Name="Initiate_IncorrectLogin">
<Header>
<Loc EndOffset="512" SrcFileId="10" StartOffset="460"/>
</Header>
<LocList>
<Loc EndOffset="568" SrcFileId="10" StartOffset="460"/>
</LocList>
</HierarchyLvl>
<HierarchyLvl HierarchyLvlId="2825" HierarchyLvlTypeId="16" Intrnl_Id="1041" Name="Initiate_Schedule_Form">
<Header>
<Loc EndOffset="628" SrcFileId="10" StartOffset="577"/>
</Header>
<LocList>
<Loc EndOffset="673" SrcFileId="10" StartOffset="577"/>
</LocList>
</HierarchyLvl>
<HierarchyLvl HierarchyLvlId="2826" HierarchyLvlTypeId="16" Intrnl_Id="1042" Name="Pre_Filled_Form">
<Header>
<Loc EndOffset="1055" SrcFileId="10" StartOffset="678"/>
</Header>
<LocList>
<Loc EndOffset="1111" SrcFileId="10" StartOffset="678"/>
</LocList>
</HierarchyLvl>
<HierarchyLvl HierarchyLvlId="2827" HierarchyLvlTypeId="16" Intrnl_Id="1043" Name="Course_Select_Form">
<Header>
<Loc EndOffset="1167" SrcFileId="10" StartOffset="1120"/>
</Header>
<LocList>
<Loc EndOffset="1197" SrcFileId="10" StartOffset="1120"/>
</LocList>
</HierarchyLvl>
<HierarchyLvl HierarchyLvlId="2828" HierarchyLvlTypeId="16" Intrnl_Id="1044" Name="Initiate_Login_Form">
<Header>
<Loc EndOffset="1251" SrcFileId="10" StartOffset="1203"/>
</Header>
<LocList>
<Loc EndOffset="1286" SrcFileId="10" StartOffset="1203"/>
</LocList>
</HierarchyLvl>
<HierarchyLvl HierarchyLvlId="2829" HierarchyLvlTypeId="16" Intrnl_Id="1045" Name="Initiate_MainMenu">
<Header>
<Loc EndOffset="1337" SrcFileId="10" StartOffset="1291"/>
</Header>
<LocList>
<Loc EndOffset="1370" SrcFileId="10" StartOffset="1291"/>
</LocList>
</HierarchyLvl>
</HierarchyLvl>
<HierarchyLvl HierarchyLvlId="2915" HierarchyLvlTypeId="15" Intrnl_Id="1046" Name="InterfaceFacadeStub">
<Header>
<Loc EndOffset="135" SrcFileId="11" StartOffset="79"/>
</Header>
<LocList>
<Loc EndOffset="8302" SrcFileId="11" StartOffset="79"/>
</LocList>
<StmntSeq Intrnl_Id="1047">
<LocList>
<Loc EndOffset="361" SrcFileId="11" StartOffset="328"/>
<Loc EndOffset="402" SrcFileId="11" StartOffset="364"/>
<Loc EndOffset="448" SrcFileId="11" StartOffset="408"/>
<Loc EndOffset="488" SrcFileId="11" StartOffset="454"/>
<Loc EndOffset="533" SrcFileId="11" StartOffset="494"/>
<Loc EndOffset="577" SrcFileId="11" StartOffset="539"/>
<Loc EndOffset="619" SrcFileId="11" StartOffset="583"/>
<Loc EndOffset="663" SrcFileId="11" StartOffset="625"/>
<Loc EndOffset="705" SrcFileId="11" StartOffset="669"/>
<Loc EndOffset="749" SrcFileId="11" StartOffset="711"/>
<Loc EndOffset="791" SrcFileId="11" StartOffset="755"/>
<Loc EndOffset="835" SrcFileId="11" StartOffset="797"/>
<Loc EndOffset="877" SrcFileId="11" StartOffset="841"/>
<Loc EndOffset="921" SrcFileId="11" StartOffset="883"/>
<Loc EndOffset="963" SrcFileId="11" StartOffset="927"/>
<Loc EndOffset="1007" SrcFileId="11" StartOffset="969"/>
<Loc EndOffset="1049" SrcFileId="11" StartOffset="1013"/>
</LocList>
<BasicStmnt CovItemId="S1" CovItemPrefix="my.PSM.unitTestPSM.InterfaceFacadeStub.java" Intrnl_Id="1048">
<LocList>
<Loc EndOffset="361" SrcFileId="11" StartOffset="328"/>
</LocList>
</BasicStmnt>
<BasicStmnt CovItemId="S2" CovItemPrefix="my.PSM.unitTestPSM.InterfaceFacadeStub.java" Intrnl_Id="1049">
<LocList>
<Loc EndOffset="402" SrcFileId="11" StartOffset="364"/>
</LocList>
</BasicStmnt>
<BasicStmnt CovItemId="S3" CovItemPrefix="my.PSM.unitTestPSM.InterfaceFacadeStub.java" Intrnl_Id="1050">
<LocList>
<Loc EndOffset="448" SrcFileId="11" StartOffset="408"/>
</LocList>
</BasicStmnt>
<BasicStmnt CovItemId="S4" CovItemPrefix="my.PSM.unitTestPSM.InterfaceFacadeStub.java" Intrnl_Id="1051">
<LocList>
<Loc EndOffset="488" SrcFileId="11" StartOffset="454"/>
</LocList>
</BasicStmnt>
<BasicStmnt CovItemId="S5" CovItemPrefix="my.PSM.unitTestPSM.InterfaceFacadeStub.java" Intrnl_Id="1052">
<LocList>
<Loc EndOffset="533" SrcFileId="11" StartOffset="494"/>
</LocList>
</BasicStmnt>
<BasicStmnt CovItemId="S6" CovItemPrefix="my.PSM.unitTestPSM.InterfaceFacadeStub.java" Intrnl_Id="1053">
<LocList>
<Loc EndOffset="577" SrcFileId="11" StartOffset="539"/>
</LocList>
</BasicStmnt>
<BasicStmnt CovItemId="S7" CovItemPrefix="my.PSM.unitTestPSM.InterfaceFacadeStub.java" Intrnl_Id="1054">
<LocList>
<Loc EndOffset="619" SrcFileId="11" StartOffset="583"/>
</LocList>
</BasicStmnt>
<BasicStmnt CovItemId="S8" CovItemPrefix="my.PSM.unitTestPSM.InterfaceFacadeStub.java" Intrnl_Id="1055">
<LocList>
<Loc EndOffset="663" SrcFileId="11" StartOffset="625"/>
</LocList>
</BasicStmnt>
<BasicStmnt CovItemId="S9" CovItemPrefix="my.PSM.unitTestPSM.InterfaceFacadeStub.java" Intrnl_Id="1056">
<LocList>
<Loc EndOffset="705" SrcFileId="11" StartOffset="669"/>
</LocList>
</BasicStmnt>
<BasicStmnt CovItemId="S10" CovItemPrefix="my.PSM.unitTestPSM.InterfaceFacadeStub.java" Intrnl_Id="1057">
<LocList>
<Loc EndOffset="749" SrcFileId="11" StartOffset="711"/>
</LocList>
</BasicStmnt>
<BasicStmnt CovItemId="S11" CovItemPrefix="my.PSM.unitTestPSM.InterfaceFacadeStub.java" Intrnl_Id="1058">
<LocList>
<Loc EndOffset="791" SrcFileId="11" StartOffset="755"/>
</LocList>
</BasicStmnt>
<BasicStmnt CovItemId="S12" CovItemPrefix="my.PSM.unitTestPSM.InterfaceFacadeStub.java" Intrnl_Id="1059">
<LocList>
<Loc EndOffset="835" SrcFileId="11" StartOffset="797"/>
</LocList>
</BasicStmnt>
<BasicStmnt CovItemId="S13" CovItemPrefix="my.PSM.unitTestPSM.InterfaceFacadeStub.java" Intrnl_Id="1060">
<LocList>
<Loc EndOffset="877" SrcFileId="11" StartOffset="841"/>
</LocList>
</BasicStmnt>
<BasicStmnt CovItemId="S14" CovItemPrefix="my.PSM.unitTestPSM.InterfaceFacadeStub.java" Intrnl_Id="1061">
<LocList>
<Loc EndOffset="921" SrcFileId="11" StartOffset="883"/>
</LocList>
</BasicStmnt>
<BasicStmnt CovItemId="S15" CovItemPrefix="my.PSM.unitTestPSM.InterfaceFacadeStub.java" Intrnl_Id="1062">
<LocList>
<Loc EndOffset="963" SrcFileId="11" StartOffset="927"/>
</LocList>
</BasicStmnt>
<BasicStmnt CovItemId="S16" CovItemPrefix="my.PSM.unitTestPSM.InterfaceFacadeStub.java" Intrnl_Id="1063">
<LocList>
<Loc EndOffset="1007" SrcFileId="11" StartOffset="969"/>
</LocList>
</BasicStmnt>
<BasicStmnt CovItemId="S17" CovItemPrefix="my.PSM.unitTestPSM.InterfaceFacadeStub.java" Intrnl_Id="1064">
<LocList>
<Loc EndOffset="1049" SrcFileId="11" StartOffset="1013"/>
</LocList>
</BasicStmnt>
</StmntSeq>
<HierarchyLvl HierarchyLvlId="2831" HierarchyLvlTypeId="16" Intrnl_Id="1065" Name="InterfaceFacadeStub">
<Header>
<Loc EndOffset="1086" SrcFileId="11" StartOffset="1058"/>
</Header>
<LocList>
<Loc EndOffset="1140" SrcFileId="11" StartOffset="1058"/>
</LocList>
<StmntSeq Intrnl_Id="1066">
<LocList>
<Loc EndOffset="1100" SrcFileId="11" StartOffset="1092"/>
<Loc EndOffset="1118" SrcFileId="11" StartOffset="1104"/>
<Loc EndOffset="1136" SrcFileId="11" StartOffset="1122"/>
</LocList>
<BasicStmnt CovItemId="S18" CovItemPrefix="my.PSM.unitTestPSM.InterfaceFacadeStub.java" Intrnl_Id="1067">
<LocList>
<Loc EndOffset="1100" SrcFileId="11" StartOffset="1092"/>
</LocList>
</BasicStmnt>
<BasicStmnt CovItemId="S19" CovItemPrefix="my.PSM.unitTestPSM.InterfaceFacadeStub.java" Intrnl_Id="1068">
<LocList>
<Loc EndOffset="1118" SrcFileId="11" StartOffset="1104"/>
</LocList>
</BasicStmnt>
<BasicStmnt CovItemId="S20" CovItemPrefix="my.PSM.unitTestPSM.InterfaceFacadeStub.java" Intrnl_Id="1069">
<LocList>
<Loc EndOffset="1136" SrcFileId="11" StartOffset="1122"/>
</LocList>
</BasicStmnt>
</StmntSeq>
</HierarchyLvl>
<HierarchyLvl HierarchyLvlId="2832" HierarchyLvlTypeId="16" Intrnl_Id="1070" Name="testHelper">
<Header>
<Loc EndOffset="1489" SrcFileId="11" StartOffset="1145"/>
</Header>
<LocList>
<Loc EndOffset="1934" SrcFileId="11" StartOffset="1145"/>
</LocList>
<StmntSeq Intrnl_Id="1071">
<LocList>
<Loc EndOffset="1514" SrcFileId="11" StartOffset="1494"/>
<Loc EndOffset="1545" SrcFileId="11" StartOffset="1518"/>
<Loc EndOffset="1572" SrcFileId="11" StartOffset="1549"/>
<Loc EndOffset="1603" SrcFileId="11" StartOffset="1576"/>
<Loc EndOffset="1630" SrcFileId="11" StartOffset="1607"/>
<Loc EndOffset="1657" SrcFileId="11" StartOffset="1634"/>
<Loc EndOffset="1680" SrcFileId="11" StartOffset="1661"/>
<Loc EndOffset="1707" SrcFileId="11" StartOffset="1684"/>
<Loc EndOffset="1730" SrcFileId="11" StartOffset="1711"/>
<Loc EndOffset="1757" SrcFileId="11" StartOffset="1734"/>
<Loc EndOffset="1780" SrcFileId="11" StartOffset="1761"/>
<Loc EndOffset="1807" SrcFileId="11" StartOffset="1784"/>
<Loc EndOffset="1830" SrcFileId="11" StartOffset="1811"/>
<Loc EndOffset="1857" SrcFileId="11" StartOffset="1834"/>
<Loc EndOffset="1880" SrcFileId="11" StartOffset="1861"/>
<Loc EndOffset="1907" SrcFileId="11" StartOffset="1884"/>
<Loc EndOffset="1930" SrcFileId="11" StartOffset="1911"/>
</LocList>
<BasicStmnt CovItemId="S21" CovItemPrefix="my.PSM.unitTestPSM.InterfaceFacadeStub.java" Intrnl_Id="1072">
<LocList>
<Loc EndOffset="1514" SrcFileId="11" StartOffset="1494"/>
</LocList>
</BasicStmnt>
<BasicStmnt CovItemId="S22" CovItemPrefix="my.PSM.unitTestPSM.InterfaceFacadeStub.java" Intrnl_Id="1073">
<LocList>
<Loc EndOffset="1545" SrcFileId="11" StartOffset="1518"/>
</LocList>
</BasicStmnt>
<BasicStmnt CovItemId="S23" CovItemPrefix="my.PSM.unitTestPSM.InterfaceFacadeStub.java" Intrnl_Id="1074">
<LocList>
<Loc EndOffset="1572" SrcFileId="11" StartOffset="1549"/>
</LocList>
</BasicStmnt>
<BasicStmnt CovItemId="S24" CovItemPrefix="my.PSM.unitTestPSM.InterfaceFacadeStub.java" Intrnl_Id="1075">
<LocList>
<Loc EndOffset="1603" SrcFileId="11" StartOffset="1576"/>
</LocList>
</BasicStmnt>
<BasicStmnt CovItemId="S25" CovItemPrefix="my.PSM.unitTestPSM.InterfaceFacadeStub.java" Intrnl_Id="1076">
<LocList>
<Loc EndOffset="1630" SrcFileId="11" StartOffset="1607"/>
</LocList>
</BasicStmnt>
<BasicStmnt CovItemId="S26" CovItemPrefix="my.PSM.unitTestPSM.InterfaceFacadeStub.java" Intrnl_Id="1077">
<LocList>
<Loc EndOffset="1657" SrcFileId="11" StartOffset="1634"/>
</LocList>
</BasicStmnt>
<BasicStmnt CovItemId="S27" CovItemPrefix="my.PSM.unitTestPSM.InterfaceFacadeStub.java" Intrnl_Id="1078">
<LocList>
<Loc EndOffset="1680" SrcFileId="11" StartOffset="1661"/>
</LocList>
</BasicStmnt>
<BasicStmnt CovItemId="S28" CovItemPrefix="my.PSM.unitTestPSM.InterfaceFacadeStub.java" Intrnl_Id="1079">
<LocList>
<Loc EndOffset="1707" SrcFileId="11" StartOffset="1684"/>
</LocList>
</BasicStmnt>
<BasicStmnt CovItemId="S29" CovItemPrefix="my.PSM.unitTestPSM.InterfaceFacadeStub.java" Intrnl_Id="1080">
<LocList>
<Loc EndOffset="1730" SrcFileId="11" StartOffset="1711"/>
</LocList>
</BasicStmnt>
<BasicStmnt CovItemId="S30" CovItemPrefix="my.PSM.unitTestPSM.InterfaceFacadeStub.java" Intrnl_Id="1081">
<LocList>
<Loc EndOffset="1757" SrcFileId="11" StartOffset="1734"/>
</LocList>
</BasicStmnt>
<BasicStmnt CovItemId="S31" CovItemPrefix="my.PSM.unitTestPSM.InterfaceFacadeStub.java" Intrnl_Id="1082">
<LocList>
<Loc EndOffset="1780" SrcFileId="11" StartOffset="1761"/>
</LocList>
</BasicStmnt>
<BasicStmnt CovItemId="S32" CovItemPrefix="my.PSM.unitTestPSM.InterfaceFacadeStub.java" Intrnl_Id="1083">
<LocList>
<Loc EndOffset="1807" SrcFileId="11" StartOffset="1784"/>
</LocList>
</BasicStmnt>
<BasicStmnt CovItemId="S33" CovItemPrefix="my.PSM.unitTestPSM.InterfaceFacadeStub.java" Intrnl_Id="1084">
<LocList>
<Loc EndOffset="1830" SrcFileId="11" StartOffset="1811"/>
</LocList>
</BasicStmnt>
<BasicStmnt CovItemId="S34" CovItemPrefix="my.PSM.unitTestPSM.InterfaceFacadeStub.java" Intrnl_Id="1085">
<LocList>
<Loc EndOffset="1857" SrcFileId="11" StartOffset="1834"/>
</LocList>
</BasicStmnt>
<BasicStmnt CovItemId="S35" CovItemPrefix="my.PSM.unitTestPSM.InterfaceFacadeStub.java" Intrnl_Id="1086">
<LocList>
<Loc EndOffset="1880" SrcFileId="11" StartOffset="1861"/>
</LocList>
</BasicStmnt>
<BasicStmnt CovItemId="S36" CovItemPrefix="my.PSM.unitTestPSM.InterfaceFacadeStub.java" Intrnl_Id="1087">
<LocList>
<Loc EndOffset="1907" SrcFileId="11" StartOffset="1884"/>
</LocList>
</BasicStmnt>
<BasicStmnt CovItemId="S37" CovItemPrefix="my.PSM.unitTestPSM.InterfaceFacadeStub.java" Intrnl_Id="1088">
<LocList>
<Loc EndOffset="1930" SrcFileId="11" StartOffset="1911"/>
</LocList>
</BasicStmnt>
</StmntSeq>
</HierarchyLvl>
<HierarchyLvl HierarchyLvlId="2833" HierarchyLvlTypeId="16" Intrnl_Id="1089" Name="setEdit">
<Header>
<Loc EndOffset="1970" SrcFileId="11" StartOffset="1937"/>
</Header>
<LocList>
<Loc EndOffset="1997" SrcFileId="11" StartOffset="1937"/>
</LocList>
<StmntSeq Intrnl_Id="1090">
<LocList>
<Loc EndOffset="1993" SrcFileId="11" StartOffset="1976"/>
</LocList>
<BasicStmnt CovItemId="S38" CovItemPrefix="my.PSM.unitTestPSM.InterfaceFacadeStub.java" Intrnl_Id="1091">
<LocList>
<Loc EndOffset="1993" SrcFileId="11" StartOffset="1976"/>
</LocList>
</BasicStmnt>
</StmntSeq>
</HierarchyLvl>
<HierarchyLvl HierarchyLvlId="2834" HierarchyLvlTypeId="16" Intrnl_Id="1092" Name="setLogout">
<Header>
<Loc EndOffset="2039" SrcFileId="11" StartOffset="2002"/>
</Header>
<LocList>
<Loc EndOffset="2070" SrcFileId="11" StartOffset="2002"/>
</LocList>
<StmntSeq Intrnl_Id="1093">
<LocList>
<Loc EndOffset="2066" SrcFileId="11" StartOffset="2045"/>
</LocList>
<BasicStmnt CovItemId="S39" CovItemPrefix="my.PSM.unitTestPSM.InterfaceFacadeStub.java" Intrnl_Id="1094">
<LocList>
<Loc EndOffset="2066" SrcFileId="11" StartOffset="2045"/>
</LocList>
</BasicStmnt>
</StmntSeq>
</HierarchyLvl>
<HierarchyLvl HierarchyLvlId="2835" HierarchyLvlTypeId="16" Intrnl_Id="1095" Name="setInit">
<Header>
<Loc EndOffset="2108" SrcFileId="11" StartOffset="2075"/>
</Header>
<LocList>
<Loc EndOffset="2135" SrcFileId="11" StartOffset="2075"/>
</LocList>
<StmntSeq Intrnl_Id="1096">
<LocList>
<Loc EndOffset="2131" SrcFileId="11" StartOffset="2114"/>
</LocList>
<BasicStmnt CovItemId="S40" CovItemPrefix="my.PSM.unitTestPSM.InterfaceFacadeStub.java" Intrnl_Id="1097">
<LocList>
<Loc EndOffset="2131" SrcFileId="11" StartOffset="2114"/>
</LocList>
</BasicStmnt>
</StmntSeq>
</HierarchyLvl>
<HierarchyLvl HierarchyLvlId="2836" HierarchyLvlTypeId="16" Intrnl_Id="1098" Name="setUsername">
<Header>
<Loc EndOffset="2171" SrcFileId="11" StartOffset="2138"/>
</Header>
<LocList>
<Loc EndOffset="2193" SrcFileId="11" StartOffset="2138"/>
</LocList>
<StmntSeq Intrnl_Id="1099">
<LocList>
<Loc EndOffset="2189" SrcFileId="11" StartOffset="2176"/>
</LocList>
<BasicStmnt CovItemId="S41" CovItemPrefix="my.PSM.unitTestPSM.InterfaceFacadeStub.java" Intrnl_Id="1100">
<LocList>
<Loc EndOffset="2189" SrcFileId="11" StartOffset="2176"/>
</LocList>
</BasicStmnt>
</StmntSeq>
</HierarchyLvl>
<HierarchyLvl HierarchyLvlId="2837" HierarchyLvlTypeId="16" Intrnl_Id="1101" Name="setPassword">
<Header>
<Loc EndOffset="2229" SrcFileId="11" StartOffset="2196"/>
</Header>
<LocList>
<Loc EndOffset="2251" SrcFileId="11" StartOffset="2196"/>
</LocList>
<StmntSeq Intrnl_Id="1102">
<LocList>
<Loc EndOffset="2247" SrcFileId="11" StartOffset="2234"/>
</LocList>
<BasicStmnt CovItemId="S42" CovItemPrefix="my.PSM.unitTestPSM.InterfaceFacadeStub.java" Intrnl_Id="1103">
<LocList>
<Loc EndOffset="2247" SrcFileId="11" StartOffset="2234"/>
</LocList>
</BasicStmnt>
</StmntSeq>
</HierarchyLvl>
<HierarchyLvl HierarchyLvlId="2838" HierarchyLvlTypeId="16" Intrnl_Id="1104" Name="lockedOut">
<Header>
<Loc EndOffset="2289" SrcFileId="11" StartOffset="2254"/>
</Header>
<LocList>
<Loc EndOffset="2310" SrcFileId="11" StartOffset="2254"/>
</LocList>
</HierarchyLvl>
<HierarchyLvl HierarchyLvlId="2839" HierarchyLvlTypeId="16" Intrnl_Id="1105" Name="logoutConfirmation">
<Header>
<Loc EndOffset="2357" SrcFileId="11" StartOffset="2313"/>
</Header>
<LocList>
<Loc EndOffset="2378" SrcFileId="11" StartOffset="2313"/>
</LocList>
</HierarchyLvl>
<HierarchyLvl HierarchyLvlId="2840" HierarchyLvlTypeId="16" Intrnl_Id="1106" Name="launchLogout">
<Header>
<Loc EndOffset="2419" SrcFileId="11" StartOffset="2381"/>
</Header>
<LocList>
<Loc EndOffset="2440" SrcFileId="11" StartOffset="2381"/>
</LocList>
</HierarchyLvl>
<HierarchyLvl HierarchyLvlId="2841" HierarchyLvlTypeId="16" Intrnl_Id="1107" Name="incorrectLogin">
<Header>
<Loc EndOffset="2483" SrcFileId="11" StartOffset="2443"/>
</Header>
<LocList>
<Loc EndOffset="2504" SrcFileId="11" StartOffset="2443"/>
</LocList>
</HierarchyLvl>
<HierarchyLvl HierarchyLvlId="2842" HierarchyLvlTypeId="16" Intrnl_Id="1108" Name="launchInitial">
<Header>
<Loc EndOffset="2546" SrcFileId="11" StartOffset="2507"/>
</Header>
<LocList>
<Loc EndOffset="2567" SrcFileId="11" StartOffset="2507"/>
</LocList>
</HierarchyLvl>
<HierarchyLvl HierarchyLvlId="2843" HierarchyLvlTypeId="16" Intrnl_Id="1109" Name="launchEdit">
<Header>
<Loc EndOffset="2939" SrcFileId="11" StartOffset="2570"/>
</Header>
<LocList>
<Loc EndOffset="2960" SrcFileId="11" StartOffset="2570"/>
</LocList>
</HierarchyLvl>
<HierarchyLvl HierarchyLvlId="2844" HierarchyLvlTypeId="16" Intrnl_Id="1110" Name="launchCourse">
<Header>
<Loc EndOffset="3001" SrcFileId="11" StartOffset="2963"/>
</Header>
<LocList>
<Loc EndOffset="3022" SrcFileId="11" StartOffset="2963"/>
</LocList>
</HierarchyLvl>
<HierarchyLvl HierarchyLvlId="2845" HierarchyLvlTypeId="16" Intrnl_Id="1111" Name="launchLoginForm">
<Header>
<Loc EndOffset="3066" SrcFileId="11" StartOffset="3025"/>
</Header>
<LocList>
<Loc EndOffset="3087" SrcFileId="11" StartOffset="3025"/>
</LocList>
</HierarchyLvl>
<HierarchyLvl HierarchyLvlId="2846" HierarchyLvlTypeId="16" Intrnl_Id="1112" Name="launchMenu">
<Header>
<Loc EndOffset="3126" SrcFileId="11" StartOffset="3090"/>
</Header>
<LocList>
<Loc EndOffset="3147" SrcFileId="11" StartOffset="3090"/>
</LocList>
</HierarchyLvl>
<HierarchyLvl HierarchyLvlId="2847" HierarchyLvlTypeId="16" Intrnl_Id="1113" Name="menuDataRec">
<Header>
<Loc EndOffset="3190" SrcFileId="11" StartOffset="3150"/>
</Header>
<LocList>
<Loc EndOffset="3211" SrcFileId="11" StartOffset="3150"/>
</LocList>
<StmntSeq Intrnl_Id="1114">
<LocList>
<Loc EndOffset="3207" SrcFileId="11" StartOffset="3195"/>
</LocList>
<BasicStmnt CovItemId="S43" CovItemPrefix="my.PSM.unitTestPSM.InterfaceFacadeStub.java" Intrnl_Id="1115">
<LocList>
<Loc EndOffset="3207" SrcFileId="11" StartOffset="3195"/>
</LocList>
</BasicStmnt>
</StmntSeq>
</HierarchyLvl>
<HierarchyLvl HierarchyLvlId="2848" HierarchyLvlTypeId="16" Intrnl_Id="1116" Name="setMenuDataRec">
<Header>
<Loc EndOffset="3266" SrcFileId="11" StartOffset="3214"/>
</Header>
<LocList>
<Loc EndOffset="3287" SrcFileId="11" StartOffset="3214"/>
</LocList>
</HierarchyLvl>
<HierarchyLvl HierarchyLvlId="2849" HierarchyLvlTypeId="16" Intrnl_Id="1117" Name="schedDataRec">
<Header>
<Loc EndOffset="3331" SrcFileId="11" StartOffset="3290"/>
</Header>
<LocList>
<Loc EndOffset="3352" SrcFileId="11" StartOffset="3290"/>
</LocList>
<StmntSeq Intrnl_Id="1118">
<LocList>
<Loc EndOffset="3348" SrcFileId="11" StartOffset="3336"/>
</LocList>
<BasicStmnt CovItemId="S44" CovItemPrefix="my.PSM.unitTestPSM.InterfaceFacadeStub.java" Intrnl_Id="1119">
<LocList>
<Loc EndOffset="3348" SrcFileId="11" StartOffset="3336"/>
</LocList>
</BasicStmnt>
</StmntSeq>
</HierarchyLvl>
<HierarchyLvl HierarchyLvlId="2850" HierarchyLvlTypeId="16" Intrnl_Id="1120" Name="setSchedDataRec">
<Header>
<Loc EndOffset="3408" SrcFileId="11" StartOffset="3355"/>
</Header>
<LocList>
<Loc EndOffset="3429" SrcFileId="11" StartOffset="3355"/>
</LocList>
</HierarchyLvl>
<HierarchyLvl HierarchyLvlId="2851" HierarchyLvlTypeId="16" Intrnl_Id="1121" Name="courseSelected">
<Header>
<Loc EndOffset="3475" SrcFileId="11" StartOffset="3432"/>
</Header>
<LocList>
<Loc EndOffset="3496" SrcFileId="11" StartOffset="3432"/>
</LocList>
<StmntSeq Intrnl_Id="1122">
<LocList>
<Loc EndOffset="3492" SrcFileId="11" StartOffset="3480"/>
</LocList>
<BasicStmnt CovItemId="S45" CovItemPrefix="my.PSM.unitTestPSM.InterfaceFacadeStub.java" Intrnl_Id="1123">
<LocList>
<Loc EndOffset="3492" SrcFileId="11" StartOffset="3480"/>
</LocList>
</BasicStmnt>
</StmntSeq>
</HierarchyLvl>
<HierarchyLvl HierarchyLvlId="2852" HierarchyLvlTypeId="16" Intrnl_Id="1124" Name="setCourseSelected">
<Header>
<Loc EndOffset="3554" SrcFileId="11" StartOffset="3499"/>
</Header>
<LocList>
<Loc EndOffset="3569" SrcFileId="11" StartOffset="3499"/>
</LocList>
</HierarchyLvl>
<HierarchyLvl HierarchyLvlId="2853" HierarchyLvlTypeId="16" Intrnl_Id="1125" Name="getSelection">
<Header>
<Loc EndOffset="3609" SrcFileId="11" StartOffset="3572"/>
</Header>
<LocList>
<Loc EndOffset="3632" SrcFileId="11" StartOffset="3572"/>
</LocList>
<StmntSeq Intrnl_Id="1126">
<LocList>
<Loc EndOffset="3628" SrcFileId="11" StartOffset="3614"/>
</LocList>
<BasicStmnt CovItemId="S46" CovItemPrefix="my.PSM.unitTestPSM.InterfaceFacadeStub.java" Intrnl_Id="1127">
<LocList>
<Loc EndOffset="3628" SrcFileId="11" StartOffset="3614"/>
</LocList>
</BasicStmnt>
</StmntSeq>
</HierarchyLvl>
<HierarchyLvl HierarchyLvlId="2854" HierarchyLvlTypeId="16" Intrnl_Id="1128" Name="setCourse">
<Header>
<Loc EndOffset="3670" SrcFileId="11" StartOffset="3635"/>
</Header>
<LocList>
<Loc EndOffset="3697" SrcFileId="11" StartOffset="3635"/>
</LocList>
<StmntSeq Intrnl_Id="1129">
<LocList>
<Loc EndOffset="3693" SrcFileId="11" StartOffset="3675"/>
</LocList>
<BasicStmnt CovItemId="S47" CovItemPrefix="my.PSM.unitTestPSM.InterfaceFacadeStub.java" Intrnl_Id="1130">
<LocList>
<Loc EndOffset="3693" SrcFileId="11" StartOffset="3675"/>
</LocList>
</BasicStmnt>
</StmntSeq>
</HierarchyLvl>
<HierarchyLvl HierarchyLvlId="2855" HierarchyLvlTypeId="16" Intrnl_Id="1131" Name="psDataRec">
<Header>
<Loc EndOffset="3738" SrcFileId="11" StartOffset="3700"/>
</Header>
<LocList>
<Loc EndOffset="3759" SrcFileId="11" StartOffset="3700"/>
</LocList>
<StmntSeq Intrnl_Id="1132">
<LocList>
<Loc EndOffset="3755" SrcFileId="11" StartOffset="3743"/>
</LocList>
<BasicStmnt CovItemId="S48" CovItemPrefix="my.PSM.unitTestPSM.InterfaceFacadeStub.java" Intrnl_Id="1133">
<LocList>
<Loc EndOffset="3755" SrcFileId="11" StartOffset="3743"/>
</LocList>
</BasicStmnt>
</StmntSeq>
</HierarchyLvl>
<HierarchyLvl HierarchyLvlId="2856" HierarchyLvlTypeId="16" Intrnl_Id="1134" Name="setPsDataRec">
<Header>
<Loc EndOffset="3812" SrcFileId="11" StartOffset="3762"/>
</Header>
<LocList>
<Loc EndOffset="3833" SrcFileId="11" StartOffset="3762"/>
</LocList>
</HierarchyLvl>
<HierarchyLvl HierarchyLvlId="2857" HierarchyLvlTypeId="16" Intrnl_Id="1135" Name="dataReceived">
<Header>
<Loc EndOffset="3877" SrcFileId="11" StartOffset="3836"/>
</Header>
<LocList>
<Loc EndOffset="3898" SrcFileId="11" StartOffset="3836"/>
</LocList>
<StmntSeq Intrnl_Id="1136">
<LocList>
<Loc EndOffset="3894" SrcFileId="11" StartOffset="3882"/>
</LocList>
<BasicStmnt CovItemId="S49" CovItemPrefix="my.PSM.unitTestPSM.InterfaceFacadeStub.java" Intrnl_Id="1137">
<LocList>
<Loc EndOffset="3894" SrcFileId="11" StartOffset="3882"/>
</LocList>
</BasicStmnt>
</StmntSeq>
</HierarchyLvl>
<HierarchyLvl HierarchyLvlId="2858" HierarchyLvlTypeId="16" Intrnl_Id="1138" Name="setLogDataRec">
<Header>
<Loc EndOffset="3952" SrcFileId="11" StartOffset="3901"/>
</Header>
<LocList>
<Loc EndOffset="3973" SrcFileId="11" StartOffset="3901"/>
</LocList>
</HierarchyLvl>
<HierarchyLvl HierarchyLvlId="2859" HierarchyLvlTypeId="16" Intrnl_Id="1139" Name="getUsername">
<Header>
<Loc EndOffset="4018" SrcFileId="11" StartOffset="3979"/>
</Header>
<LocList>
<Loc EndOffset="4043" SrcFileId="11" StartOffset="3979"/>
</LocList>
<StmntSeq Intrnl_Id="1140">
<LocList>
<Loc EndOffset="4039" SrcFileId="11" StartOffset="4023"/>
</LocList>
<BasicStmnt CovItemId="S50" CovItemPrefix="my.PSM.unitTestPSM.InterfaceFacadeStub.java" Intrnl_Id="1141">
<LocList>
<Loc EndOffset="4039" SrcFileId="11" StartOffset="4023"/>
</LocList>
</BasicStmnt>
</StmntSeq>
</HierarchyLvl>
<HierarchyLvl HierarchyLvlId="2860" HierarchyLvlTypeId="16" Intrnl_Id="1142" Name="getPassword">
<Header>
<Loc EndOffset="4085" SrcFileId="11" StartOffset="4046"/>
</Header>
<LocList>
<Loc EndOffset="4110" SrcFileId="11" StartOffset="4046"/>
</LocList>
<StmntSeq Intrnl_Id="1143">
<LocList>
<Loc EndOffset="4106" SrcFileId="11" StartOffset="4090"/>
</LocList>
<BasicStmnt CovItemId="S51" CovItemPrefix="my.PSM.unitTestPSM.InterfaceFacadeStub.java" Intrnl_Id="1144">
<LocList>
<Loc EndOffset="4106" SrcFileId="11" StartOffset="4090"/>
</LocList>
</BasicStmnt>
</StmntSeq>
</HierarchyLvl>
<HierarchyLvl HierarchyLvlId="2861" HierarchyLvlTypeId="16" Intrnl_Id="1145" Name="getAck">
<Header>
<Loc EndOffset="4148" SrcFileId="11" StartOffset="4113"/>
</Header>
<LocList>
<Loc EndOffset="4169" SrcFileId="11" StartOffset="4113"/>
</LocList>
<StmntSeq Intrnl_Id="1146">
<LocList>
<Loc EndOffset="4165" SrcFileId="11" StartOffset="4153"/>
</LocList>
<BasicStmnt CovItemId="S52" CovItemPrefix="my.PSM.unitTestPSM.InterfaceFacadeStub.java" Intrnl_Id="1147">
<LocList>
<Loc EndOffset="4165" SrcFileId="11" StartOffset="4153"/>
</LocList>
</BasicStmnt>
</StmntSeq>
</HierarchyLvl>
<HierarchyLvl HierarchyLvlId="2862" HierarchyLvlTypeId="16" Intrnl_Id="1148" Name="editSchedSelected">
<Header>
<Loc EndOffset="4218" SrcFileId="11" StartOffset="4172"/>
</Header>
<LocList>
<Loc EndOffset="4239" SrcFileId="11" StartOffset="4172"/>
</LocList>
<StmntSeq Intrnl_Id="1149">
<LocList>
<Loc EndOffset="4235" SrcFileId="11" StartOffset="4223"/>
</LocList>
<BasicStmnt CovItemId="S53" CovItemPrefix="my.PSM.unitTestPSM.InterfaceFacadeStub.java" Intrnl_Id="1150">
<LocList>
<Loc EndOffset="4235" SrcFileId="11" StartOffset="4223"/>
</LocList>
</BasicStmnt>
</StmntSeq>
</HierarchyLvl>
<HierarchyLvl HierarchyLvlId="2863" HierarchyLvlTypeId="16" Intrnl_Id="1151" Name="InitSetupSelected">
<Header>
<Loc EndOffset="4288" SrcFileId="11" StartOffset="4242"/>
</Header>
<LocList>
<Loc EndOffset="4309" SrcFileId="11" StartOffset="4242"/>
</LocList>
<StmntSeq Intrnl_Id="1152">
<LocList>
<Loc EndOffset="4305" SrcFileId="11" StartOffset="4293"/>
</LocList>
<BasicStmnt CovItemId="S54" CovItemPrefix="my.PSM.unitTestPSM.InterfaceFacadeStub.java" Intrnl_Id="1153">
<LocList>
<Loc EndOffset="4305" SrcFileId="11" StartOffset="4293"/>
</LocList>
</BasicStmnt>
</StmntSeq>
</HierarchyLvl>
<HierarchyLvl HierarchyLvlId="2864" HierarchyLvlTypeId="16" Intrnl_Id="1154" Name="logoutSelected">
<Header>
<Loc EndOffset="4355" SrcFileId="11" StartOffset="4312"/>
</Header>
<LocList>
<Loc EndOffset="4378" SrcFileId="11" StartOffset="4312"/>
</LocList>
<StmntSeq Intrnl_Id="1155">
<LocList>
<Loc EndOffset="4374" SrcFileId="11" StartOffset="4360"/>
</LocList>
<BasicStmnt CovItemId="S55" CovItemPrefix="my.PSM.unitTestPSM.InterfaceFacadeStub.java" Intrnl_Id="1156">
<LocList>
<Loc EndOffset="4374" SrcFileId="11" StartOffset="4360"/>
</LocList>
</BasicStmnt>
</StmntSeq>
</HierarchyLvl>
<HierarchyLvl HierarchyLvlId="2865" HierarchyLvlTypeId="16" Intrnl_Id="1157" Name="setDefSub">
<Header>
<Loc EndOffset="4417" SrcFileId="11" StartOffset="4381"/>
</Header>
<LocList>
<Loc EndOffset="4448" SrcFileId="11" StartOffset="4381"/>
</LocList>
<StmntSeq Intrnl_Id="1158">
<LocList>
<Loc EndOffset="4444" SrcFileId="11" StartOffset="4423"/>
</LocList>
<BasicStmnt CovItemId="S56" CovItemPrefix="my.PSM.unitTestPSM.InterfaceFacadeStub.java" Intrnl_Id="1159">
<LocList>
<Loc EndOffset="4444" SrcFileId="11" StartOffset="4423"/>
</LocList>
</BasicStmnt>
</StmntSeq>
</HierarchyLvl>
<HierarchyLvl HierarchyLvlId="2866" HierarchyLvlTypeId="16" Intrnl_Id="1160" Name="setDefSemester">
<Header>
<Loc EndOffset="4499" SrcFileId="11" StartOffset="4453"/>
</Header>
<LocList>
<Loc EndOffset="4540" SrcFileId="11" StartOffset="4453"/>
</LocList>
<StmntSeq Intrnl_Id="1161">
<LocList>
<Loc EndOffset="4536" SrcFileId="11" StartOffset="4505"/>
</LocList>
<BasicStmnt CovItemId="S57" CovItemPrefix="my.PSM.unitTestPSM.InterfaceFacadeStub.java" Intrnl_Id="1162">
<LocList>
<Loc EndOffset="4536" SrcFileId="11" StartOffset="4505"/>
</LocList>
</BasicStmnt>
</StmntSeq>
</HierarchyLvl>
<HierarchyLvl HierarchyLvlId="2867" HierarchyLvlTypeId="16" Intrnl_Id="1163" Name="setDefCourseName">
<Header>
<Loc EndOffset="4595" SrcFileId="11" StartOffset="4545"/>
</Header>
<LocList>
<Loc EndOffset="4640" SrcFileId="11" StartOffset="4545"/>
</LocList>
<StmntSeq Intrnl_Id="1164">
<LocList>
<Loc EndOffset="4636" SrcFileId="11" StartOffset="4601"/>
</LocList>
<BasicStmnt CovItemId="S58" CovItemPrefix="my.PSM.unitTestPSM.InterfaceFacadeStub.java" Intrnl_Id="1165">
<LocList>
<Loc EndOffset="4636" SrcFileId="11" StartOffset="4601"/>
</LocList>
</BasicStmnt>
</StmntSeq>
</HierarchyLvl>
<HierarchyLvl HierarchyLvlId="2868" HierarchyLvlTypeId="16" Intrnl_Id="1166" Name="setDefCourseStart">
<Header>
<Loc EndOffset="4695" SrcFileId="11" StartOffset="4643"/>
</Header>
<LocList>
<Loc EndOffset="4742" SrcFileId="11" StartOffset="4643"/>
</LocList>
<StmntSeq Intrnl_Id="1167">
<LocList>
<Loc EndOffset="4738" SrcFileId="11" StartOffset="4701"/>
</LocList>
<BasicStmnt CovItemId="S59" CovItemPrefix="my.PSM.unitTestPSM.InterfaceFacadeStub.java" Intrnl_Id="1168">
<LocList>
<Loc EndOffset="4738" SrcFileId="11" StartOffset="4701"/>
</LocList>
</BasicStmnt>
</StmntSeq>
</HierarchyLvl>
<HierarchyLvl HierarchyLvlId="2869" HierarchyLvlTypeId="16" Intrnl_Id="1169" Name="setDefCourseEnd">
<Header>
<Loc EndOffset="4795" SrcFileId="11" StartOffset="4747"/>
</Header>
<LocList>
<Loc EndOffset="4838" SrcFileId="11" StartOffset="4747"/>
</LocList>
<StmntSeq Intrnl_Id="1170">
<LocList>
<Loc EndOffset="4834" SrcFileId="11" StartOffset="4801"/>
</LocList>
<BasicStmnt CovItemId="S60" CovItemPrefix="my.PSM.unitTestPSM.InterfaceFacadeStub.java" Intrnl_Id="1171">
<LocList>
<Loc EndOffset="4834" SrcFileId="11" StartOffset="4801"/>
</LocList>
</BasicStmnt>
</StmntSeq>
</HierarchyLvl>
<HierarchyLvl HierarchyLvlId="2870" HierarchyLvlTypeId="16" Intrnl_Id="1172" Name="setDefMonStart">
<Header>
<Loc EndOffset="4889" SrcFileId="11" StartOffset="4843"/>
</Header>
<LocList>
<Loc EndOffset="4930" SrcFileId="11" StartOffset="4843"/>
</LocList>
<StmntSeq Intrnl_Id="1173">
<LocList>
<Loc EndOffset="4926" SrcFileId="11" StartOffset="4895"/>
</LocList>
<BasicStmnt CovItemId="S61" CovItemPrefix="my.PSM.unitTestPSM.InterfaceFacadeStub.java" Intrnl_Id="1174">
<LocList>
<Loc EndOffset="4926" SrcFileId="11" StartOffset="4895"/>
</LocList>
</BasicStmnt>
</StmntSeq>
</HierarchyLvl>
<HierarchyLvl HierarchyLvlId="2871" HierarchyLvlTypeId="16" Intrnl_Id="1175" Name="setDefMonEnd">
<Header>
<Loc EndOffset="4977" SrcFileId="11" StartOffset="4935"/>
</Header>
<LocList>
<Loc EndOffset="5014" SrcFileId="11" StartOffset="4935"/>
</LocList>
<StmntSeq Intrnl_Id="1176">
<LocList>
<Loc EndOffset="5010" SrcFileId="11" StartOffset="4983"/>
</LocList>
<BasicStmnt CovItemId="S62" CovItemPrefix="my.PSM.unitTestPSM.InterfaceFacadeStub.java" Intrnl_Id="1177">
<LocList>
<Loc EndOffset="5010" SrcFileId="11" StartOffset="4983"/>
</LocList>
</BasicStmnt>
</StmntSeq>
</HierarchyLvl>
<HierarchyLvl HierarchyLvlId="2872" HierarchyLvlTypeId="16" Intrnl_Id="1178" Name="setDefTueStart">
<Header>
<Loc EndOffset="5065" SrcFileId="11" StartOffset="5019"/>
</Header>
<LocList>
<Loc EndOffset="5106" SrcFileId="11" StartOffset="5019"/>
</LocList>
<StmntSeq Intrnl_Id="1179">
<LocList>
<Loc EndOffset="5102" SrcFileId="11" StartOffset="5071"/>
</LocList>
<BasicStmnt CovItemId="S63" CovItemPrefix="my.PSM.unitTestPSM.InterfaceFacadeStub.java" Intrnl_Id="1180">
<LocList>
<Loc EndOffset="5102" SrcFileId="11" StartOffset="5071"/>
</LocList>
</BasicStmnt>
</StmntSeq>
</HierarchyLvl>
<HierarchyLvl HierarchyLvlId="2873" HierarchyLvlTypeId="16" Intrnl_Id="1181" Name="setDefTueEnd">
<Header>
<Loc EndOffset="5153" SrcFileId="11" StartOffset="5111"/>
</Header>
<LocList>
<Loc EndOffset="5190" SrcFileId="11" StartOffset="5111"/>
</LocList>
<StmntSeq Intrnl_Id="1182">
<LocList>
<Loc EndOffset="5186" SrcFileId="11" StartOffset="5159"/>
</LocList>
<BasicStmnt CovItemId="S64" CovItemPrefix="my.PSM.unitTestPSM.InterfaceFacadeStub.java" Intrnl_Id="1183">
<LocList>
<Loc EndOffset="5186" SrcFileId="11" StartOffset="5159"/>
</LocList>
</BasicStmnt>
</StmntSeq>
</HierarchyLvl>
<HierarchyLvl HierarchyLvlId="2874" HierarchyLvlTypeId="16" Intrnl_Id="1184" Name="setDefWedStart">
<Header>
<Loc EndOffset="5241" SrcFileId="11" StartOffset="5195"/>
</Header>
<LocList>
<Loc EndOffset="5282" SrcFileId="11" StartOffset="5195"/>
</LocList>
<StmntSeq Intrnl_Id="1185">
<LocList>
<Loc EndOffset="5278" SrcFileId="11" StartOffset="5247"/>
</LocList>
<BasicStmnt CovItemId="S65" CovItemPrefix="my.PSM.unitTestPSM.InterfaceFacadeStub.java" Intrnl_Id="1186">
<LocList>
<Loc EndOffset="5278" SrcFileId="11" StartOffset="5247"/>
</LocList>
</BasicStmnt>
</StmntSeq>
</HierarchyLvl>
<HierarchyLvl HierarchyLvlId="2875" HierarchyLvlTypeId="16" Intrnl_Id="1187" Name="setDefWedEnd">
<Header>
<Loc EndOffset="5329" SrcFileId="11" StartOffset="5287"/>
</Header>
<LocList>
<Loc EndOffset="5366" SrcFileId="11" StartOffset="5287"/>
</LocList>
<StmntSeq Intrnl_Id="1188">
<LocList>
<Loc EndOffset="5362" SrcFileId="11" StartOffset="5335"/>
</LocList>
<BasicStmnt CovItemId="S66" CovItemPrefix="my.PSM.unitTestPSM.InterfaceFacadeStub.java" Intrnl_Id="1189">
<LocList>
<Loc EndOffset="5362" SrcFileId="11" StartOffset="5335"/>
</LocList>
</BasicStmnt>
</StmntSeq>
</HierarchyLvl>
<HierarchyLvl HierarchyLvlId="2876" HierarchyLvlTypeId="16" Intrnl_Id="1190" Name="setDefThuStart">
<Header>
<Loc EndOffset="5417" SrcFileId="11" StartOffset="5371"/>
</Header>
<LocList>
<Loc EndOffset="5458" SrcFileId="11" StartOffset="5371"/>
</LocList>
<StmntSeq Intrnl_Id="1191">
<LocList>
<Loc EndOffset="5454" SrcFileId="11" StartOffset="5423"/>
</LocList>
<BasicStmnt CovItemId="S67" CovItemPrefix="my.PSM.unitTestPSM.InterfaceFacadeStub.java" Intrnl_Id="1192">
<LocList>
<Loc EndOffset="5454" SrcFileId="11" StartOffset="5423"/>
</LocList>
</BasicStmnt>
</StmntSeq>
</HierarchyLvl>
<HierarchyLvl HierarchyLvlId="2877" HierarchyLvlTypeId="16" Intrnl_Id="1193" Name="setDefThuEnd">
<Header>
<Loc EndOffset="5505" SrcFileId="11" StartOffset="5463"/>
</Header>
<LocList>
<Loc EndOffset="5542" SrcFileId="11" StartOffset="5463"/>
</LocList>
<StmntSeq Intrnl_Id="1194">
<LocList>
<Loc EndOffset="5538" SrcFileId="11" StartOffset="5511"/>
</LocList>
<BasicStmnt CovItemId="S68" CovItemPrefix="my.PSM.unitTestPSM.InterfaceFacadeStub.java" Intrnl_Id="1195">
<LocList>
<Loc EndOffset="5538" SrcFileId="11" StartOffset="5511"/>
</LocList>
</BasicStmnt>
</StmntSeq>
</HierarchyLvl>
<HierarchyLvl HierarchyLvlId="2878" HierarchyLvlTypeId="16" Intrnl_Id="1196" Name="setDefFriStart">
<Header>
<Loc EndOffset="5593" SrcFileId="11" StartOffset="5547"/>
</Header>
<LocList>
<Loc EndOffset="5634" SrcFileId="11" StartOffset="5547"/>
</LocList>
<StmntSeq Intrnl_Id="1197">
<LocList>
<Loc EndOffset="5630" SrcFileId="11" StartOffset="5599"/>
</LocList>
<BasicStmnt CovItemId="S69" CovItemPrefix="my.PSM.unitTestPSM.InterfaceFacadeStub.java" Intrnl_Id="1198">
<LocList>
<Loc EndOffset="5630" SrcFileId="11" StartOffset="5599"/>
</LocList>
</BasicStmnt>
</StmntSeq>
</HierarchyLvl>
<HierarchyLvl HierarchyLvlId="2879" HierarchyLvlTypeId="16" Intrnl_Id="1199" Name="setDefFriEnd">
<Header>
<Loc EndOffset="5681" SrcFileId="11" StartOffset="5639"/>
</Header>
<LocList>
<Loc EndOffset="5718" SrcFileId="11" StartOffset="5639"/>
</LocList>
<StmntSeq Intrnl_Id="1200">
<LocList>
<Loc EndOffset="5714" SrcFileId="11" StartOffset="5687"/>
</LocList>
<BasicStmnt CovItemId="S70" CovItemPrefix="my.PSM.unitTestPSM.InterfaceFacadeStub.java" Intrnl_Id="1201">
<LocList>
<Loc EndOffset="5714" SrcFileId="11" StartOffset="5687"/>
</LocList>
</BasicStmnt>
</StmntSeq>
</HierarchyLvl>
<HierarchyLvl HierarchyLvlId="2880" HierarchyLvlTypeId="16" Intrnl_Id="1202" Name="setDefSatStart">
<Header>
<Loc EndOffset="5769" SrcFileId="11" StartOffset="5723"/>
</Header>
<LocList>
<Loc EndOffset="5810" SrcFileId="11" StartOffset="5723"/>
</LocList>
<StmntSeq Intrnl_Id="1203">
<LocList>
<Loc EndOffset="5806" SrcFileId="11" StartOffset="5775"/>
</LocList>
<BasicStmnt CovItemId="S71" CovItemPrefix="my.PSM.unitTestPSM.InterfaceFacadeStub.java" Intrnl_Id="1204">
<LocList>
<Loc EndOffset="5806" SrcFileId="11" StartOffset="5775"/>
</LocList>
</BasicStmnt>
</StmntSeq>
</HierarchyLvl>
<HierarchyLvl HierarchyLvlId="2881" HierarchyLvlTypeId="16" Intrnl_Id="1205" Name="setDefSatEnd">
<Header>
<Loc EndOffset="5857" SrcFileId="11" StartOffset="5815"/>
</Header>
<LocList>
<Loc EndOffset="5894" SrcFileId="11" StartOffset="5815"/>
</LocList>
<StmntSeq Intrnl_Id="1206">
<LocList>
<Loc EndOffset="5890" SrcFileId="11" StartOffset="5863"/>
</LocList>
<BasicStmnt CovItemId="S72" CovItemPrefix="my.PSM.unitTestPSM.InterfaceFacadeStub.java" Intrnl_Id="1207">
<LocList>
<Loc EndOffset="5890" SrcFileId="11" StartOffset="5863"/>
</LocList>
</BasicStmnt>
</StmntSeq>
</HierarchyLvl>
<HierarchyLvl HierarchyLvlId="2882" HierarchyLvlTypeId="16" Intrnl_Id="1208" Name="getNewCourseStart">
<Header>
<Loc EndOffset="5942" SrcFileId="11" StartOffset="5897"/>
</Header>
<LocList>
<Loc EndOffset="5974" SrcFileId="11" StartOffset="5897"/>
</LocList>
<StmntSeq Intrnl_Id="1209">
<LocList>
<Loc EndOffset="5970" SrcFileId="11" StartOffset="5948"/>
</LocList>
<BasicStmnt CovItemId="S73" CovItemPrefix="my.PSM.unitTestPSM.InterfaceFacadeStub.java" Intrnl_Id="1210">
<LocList>
<Loc EndOffset="5970" SrcFileId="11" StartOffset="5948"/>
</LocList>
</BasicStmnt>
</StmntSeq>
</HierarchyLvl>
<HierarchyLvl HierarchyLvlId="2883" HierarchyLvlTypeId="16" Intrnl_Id="1211" Name="getpNewCourseStart">
<Header>
<Loc EndOffset="6023" SrcFileId="11" StartOffset="5977"/>
</Header>
<LocList>
<Loc EndOffset="6055" SrcFileId="11" StartOffset="5977"/>
</LocList>
<StmntSeq Intrnl_Id="1212">
<LocList>
<Loc EndOffset="6051" SrcFileId="11" StartOffset="6029"/>
</LocList>
<BasicStmnt CovItemId="S74" CovItemPrefix="my.PSM.unitTestPSM.InterfaceFacadeStub.java" Intrnl_Id="1213">
<LocList>
<Loc EndOffset="6051" SrcFileId="11" StartOffset="6029"/>
</LocList>
</BasicStmnt>
</StmntSeq>
</HierarchyLvl>
<HierarchyLvl HierarchyLvlId="2884" HierarchyLvlTypeId="16" Intrnl_Id="1214" Name="getDefCourseID">
<Header>
<Loc EndOffset="6100" SrcFileId="11" StartOffset="6061"/>
</Header>
<LocList>
<Loc EndOffset="6124" SrcFileId="11" StartOffset="6061"/>
</LocList>
<StmntSeq Intrnl_Id="1215">
<LocList>
<Loc EndOffset="6120" SrcFileId="11" StartOffset="6106"/>
</LocList>
<BasicStmnt CovItemId="S75" CovItemPrefix="my.PSM.unitTestPSM.InterfaceFacadeStub.java" Intrnl_Id="1216">
<LocList>
<Loc EndOffset="6120" SrcFileId="11" StartOffset="6106"/>
</LocList>
</BasicStmnt>
</StmntSeq>
</HierarchyLvl>
<HierarchyLvl HierarchyLvlId="2885" HierarchyLvlTypeId="16" Intrnl_Id="1217" Name="getpNewCourseEnd">
<Header>
<Loc EndOffset="6171" SrcFileId="11" StartOffset="6127"/>
</Header>
<LocList>
<Loc EndOffset="6201" SrcFileId="11" StartOffset="6127"/>
</LocList>
<StmntSeq Intrnl_Id="1218">
<LocList>
<Loc EndOffset="6197" SrcFileId="11" StartOffset="6177"/>
</LocList>
<BasicStmnt CovItemId="S76" CovItemPrefix="my.PSM.unitTestPSM.InterfaceFacadeStub.java" Intrnl_Id="1219">
<LocList>
<Loc EndOffset="6197" SrcFileId="11" StartOffset="6177"/>
</LocList>
</BasicStmnt>
</StmntSeq>
</HierarchyLvl>
<HierarchyLvl HierarchyLvlId="2886" HierarchyLvlTypeId="16" Intrnl_Id="1220" Name="getpNewMonStart">
<Header>
<Loc EndOffset="6247" SrcFileId="11" StartOffset="6204"/>
</Header>
<LocList>
<Loc EndOffset="6276" SrcFileId="11" StartOffset="6204"/>
</LocList>
<StmntSeq Intrnl_Id="1221">
<LocList>
<Loc EndOffset="6272" SrcFileId="11" StartOffset="6253"/>
</LocList>
<BasicStmnt CovItemId="S77" CovItemPrefix="my.PSM.unitTestPSM.InterfaceFacadeStub.java" Intrnl_Id="1222">
<LocList>
<Loc EndOffset="6272" SrcFileId="11" StartOffset="6253"/>
</LocList>
</BasicStmnt>
</StmntSeq>
</HierarchyLvl>
<HierarchyLvl HierarchyLvlId="2887" HierarchyLvlTypeId="16" Intrnl_Id="1223" Name="getpNewTueStart">
<Header>
<Loc EndOffset="6322" SrcFileId="11" StartOffset="6279"/>
</Header>
<LocList>
<Loc EndOffset="6351" SrcFileId="11" StartOffset="6279"/>
</LocList>
<StmntSeq Intrnl_Id="1224">
<LocList>
<Loc EndOffset="6347" SrcFileId="11" StartOffset="6328"/>
</LocList>
<BasicStmnt CovItemId="S78" CovItemPrefix="my.PSM.unitTestPSM.InterfaceFacadeStub.java" Intrnl_Id="1225">
<LocList>
<Loc EndOffset="6347" SrcFileId="11" StartOffset="6328"/>
</LocList>
</BasicStmnt>
</StmntSeq>
</HierarchyLvl>
<HierarchyLvl HierarchyLvlId="2888" HierarchyLvlTypeId="16" Intrnl_Id="1226" Name="getpNewTueEnd">
<Header>
<Loc EndOffset="6395" SrcFileId="11" StartOffset="6354"/>
</Header>
<LocList>
<Loc EndOffset="6422" SrcFileId="11" StartOffset="6354"/>
</LocList>
<StmntSeq Intrnl_Id="1227">
<LocList>
<Loc EndOffset="6418" SrcFileId="11" StartOffset="6401"/>
</LocList>
<BasicStmnt CovItemId="S79" CovItemPrefix="my.PSM.unitTestPSM.InterfaceFacadeStub.java" Intrnl_Id="1228">
<LocList>
<Loc EndOffset="6418" SrcFileId="11" StartOffset="6401"/>
</LocList>
</BasicStmnt>
</StmntSeq>
</HierarchyLvl>
<HierarchyLvl HierarchyLvlId="2889" HierarchyLvlTypeId="16" Intrnl_Id="1229" Name="getpNewThuEnd">
<Header>
<Loc EndOffset="6466" SrcFileId="11" StartOffset="6425"/>
</Header>
<LocList>
<Loc EndOffset="6493" SrcFileId="11" StartOffset="6425"/>
</LocList>
<StmntSeq Intrnl_Id="1230">
<LocList>
<Loc EndOffset="6489" SrcFileId="11" StartOffset="6472"/>
</LocList>
<BasicStmnt CovItemId="S80" CovItemPrefix="my.PSM.unitTestPSM.InterfaceFacadeStub.java" Intrnl_Id="1231">
<LocList>
<Loc EndOffset="6489" SrcFileId="11" StartOffset="6472"/>
</LocList>
</BasicStmnt>
</StmntSeq>
</HierarchyLvl>
<HierarchyLvl HierarchyLvlId="2890" HierarchyLvlTypeId="16" Intrnl_Id="1232" Name="getpNewThuStart">
<Header>
<Loc EndOffset="6539" SrcFileId="11" StartOffset="6496"/>
</Header>
<LocList>
<Loc EndOffset="6568" SrcFileId="11" StartOffset="6496"/>
</LocList>
<StmntSeq Intrnl_Id="1233">
<LocList>
<Loc EndOffset="6564" SrcFileId="11" StartOffset="6545"/>
</LocList>
<BasicStmnt CovItemId="S81" CovItemPrefix="my.PSM.unitTestPSM.InterfaceFacadeStub.java" Intrnl_Id="1234">
<LocList>
<Loc EndOffset="6564" SrcFileId="11" StartOffset="6545"/>
</LocList>
</BasicStmnt>
</StmntSeq>
</HierarchyLvl>
<HierarchyLvl HierarchyLvlId="2891" HierarchyLvlTypeId="16" Intrnl_Id="1235" Name="getpNewWedEnd">
<Header>
<Loc EndOffset="6612" SrcFileId="11" StartOffset="6571"/>
</Header>
<LocList>
<Loc EndOffset="6639" SrcFileId="11" StartOffset="6571"/>
</LocList>
<StmntSeq Intrnl_Id="1236">
<LocList>
<Loc EndOffset="6635" SrcFileId="11" StartOffset="6618"/>
</LocList>
<BasicStmnt CovItemId="S82" CovItemPrefix="my.PSM.unitTestPSM.InterfaceFacadeStub.java" Intrnl_Id="1237">
<LocList>
<Loc EndOffset="6635" SrcFileId="11" StartOffset="6618"/>
</LocList>
</BasicStmnt>
</StmntSeq>
</HierarchyLvl>
<HierarchyLvl HierarchyLvlId="2892" HierarchyLvlTypeId="16" Intrnl_Id="1238" Name="getpNewWedStart">
<Header>
<Loc EndOffset="6685" SrcFileId="11" StartOffset="6642"/>
</Header>
<LocList>
<Loc EndOffset="6714" SrcFileId="11" StartOffset="6642"/>
</LocList>
<StmntSeq Intrnl_Id="1239">
<LocList>
<Loc EndOffset="6710" SrcFileId="11" StartOffset="6691"/>
</LocList>
<BasicStmnt CovItemId="S83" CovItemPrefix="my.PSM.unitTestPSM.InterfaceFacadeStub.java" Intrnl_Id="1240">
<LocList>
<Loc EndOffset="6710" SrcFileId="11" StartOffset="6691"/>
</LocList>
</BasicStmnt>
</StmntSeq>
</HierarchyLvl>
<HierarchyLvl HierarchyLvlId="2893" HierarchyLvlTypeId="16" Intrnl_Id="1241" Name="getpNewFriEnd">
<Header>
<Loc EndOffset="6758" SrcFileId="11" StartOffset="6717"/>
</Header>
<LocList>
<Loc EndOffset="6785" SrcFileId="11" StartOffset="6717"/>
</LocList>
<StmntSeq Intrnl_Id="1242">
<LocList>
<Loc EndOffset="6781" SrcFileId="11" StartOffset="6764"/>
</LocList>
<BasicStmnt CovItemId="S84" CovItemPrefix="my.PSM.unitTestPSM.InterfaceFacadeStub.java" Intrnl_Id="1243">
<LocList>
<Loc EndOffset="6781" SrcFileId="11" StartOffset="6764"/>
</LocList>
</BasicStmnt>
</StmntSeq>
</HierarchyLvl>
<HierarchyLvl HierarchyLvlId="2894" HierarchyLvlTypeId="16" Intrnl_Id="1244" Name="getpNewSatEnd">
<Header>
<Loc EndOffset="6829" SrcFileId="11" StartOffset="6788"/>
</Header>
<LocList>
<Loc EndOffset="6856" SrcFileId="11" StartOffset="6788"/>
</LocList>
<StmntSeq Intrnl_Id="1245">
<LocList>
<Loc EndOffset="6852" SrcFileId="11" StartOffset="6835"/>
</LocList>
<BasicStmnt CovItemId="S85" CovItemPrefix="my.PSM.unitTestPSM.InterfaceFacadeStub.java" Intrnl_Id="1246">
<LocList>
<Loc EndOffset="6852" SrcFileId="11" StartOffset="6835"/>
</LocList>
</BasicStmnt>
</StmntSeq>
</HierarchyLvl>
<HierarchyLvl HierarchyLvlId="2895" HierarchyLvlTypeId="16" Intrnl_Id="1247" Name="getpNewSatStart">
<Header>
<Loc EndOffset="6902" SrcFileId="11" StartOffset="6859"/>
</Header>
<LocList>
<Loc EndOffset="6931" SrcFileId="11" StartOffset="6859"/>
</LocList>
<StmntSeq Intrnl_Id="1248">
<LocList>
<Loc EndOffset="6927" SrcFileId="11" StartOffset="6908"/>
</LocList>
<BasicStmnt CovItemId="S86" CovItemPrefix="my.PSM.unitTestPSM.InterfaceFacadeStub.java" Intrnl_Id="1249">
<LocList>
<Loc EndOffset="6927" SrcFileId="11" StartOffset="6908"/>
</LocList>
</BasicStmnt>
</StmntSeq>
</HierarchyLvl>
<HierarchyLvl HierarchyLvlId="2896" HierarchyLvlTypeId="16" Intrnl_Id="1250" Name="getpNewFriStart">
<Header>
<Loc EndOffset="6977" SrcFileId="11" StartOffset="6934"/>
</Header>
<LocList>
<Loc EndOffset="7006" SrcFileId="11" StartOffset="6934"/>
</LocList>
<StmntSeq Intrnl_Id="1251">
<LocList>
<Loc EndOffset="7002" SrcFileId="11" StartOffset="6983"/>
</LocList>
<BasicStmnt CovItemId="S87" CovItemPrefix="my.PSM.unitTestPSM.InterfaceFacadeStub.java" Intrnl_Id="1252">
<LocList>
<Loc EndOffset="7002" SrcFileId="11" StartOffset="6983"/>
</LocList>
</BasicStmnt>
</StmntSeq>
</HierarchyLvl>
<HierarchyLvl HierarchyLvlId="2897" HierarchyLvlTypeId="16" Intrnl_Id="1253" Name="getpNewMonEnd">
<Header>
<Loc EndOffset="7050" SrcFileId="11" StartOffset="7009"/>
</Header>
<LocList>
<Loc EndOffset="7077" SrcFileId="11" StartOffset="7009"/>
</LocList>
<StmntSeq Intrnl_Id="1254">
<LocList>
<Loc EndOffset="7073" SrcFileId="11" StartOffset="7056"/>
</LocList>
<BasicStmnt CovItemId="S88" CovItemPrefix="my.PSM.unitTestPSM.InterfaceFacadeStub.java" Intrnl_Id="1255">
<LocList>
<Loc EndOffset="7073" SrcFileId="11" StartOffset="7056"/>
</LocList>
</BasicStmnt>
</StmntSeq>
</HierarchyLvl>
<HierarchyLvl HierarchyLvlId="2898" HierarchyLvlTypeId="16" Intrnl_Id="1256" Name="getNewCourseID">
<Header>
<Loc EndOffset="7119" SrcFileId="11" StartOffset="7080"/>
</Header>
<LocList>
<Loc EndOffset="7143" SrcFileId="11" StartOffset="7080"/>
</LocList>
<StmntSeq Intrnl_Id="1257">
<LocList>
<Loc EndOffset="7139" SrcFileId="11" StartOffset="7125"/>
</LocList>
<BasicStmnt CovItemId="S89" CovItemPrefix="my.PSM.unitTestPSM.InterfaceFacadeStub.java" Intrnl_Id="1258">
<LocList>
<Loc EndOffset="7139" SrcFileId="11" StartOffset="7125"/>
</LocList>
</BasicStmnt>
</StmntSeq>
</HierarchyLvl>
<HierarchyLvl HierarchyLvlId="2899" HierarchyLvlTypeId="16" Intrnl_Id="1259" Name="getNewSub">
<Header>
<Loc EndOffset="7183" SrcFileId="11" StartOffset="7146"/>
</Header>
<LocList>
<Loc EndOffset="7207" SrcFileId="11" StartOffset="7146"/>
</LocList>
<StmntSeq Intrnl_Id="1260">
<LocList>
<Loc EndOffset="7203" SrcFileId="11" StartOffset="7189"/>
</LocList>
<BasicStmnt CovItemId="S90" CovItemPrefix="my.PSM.unitTestPSM.InterfaceFacadeStub.java" Intrnl_Id="1261">
<LocList>
<Loc EndOffset="7203" SrcFileId="11" StartOffset="7189"/>
</LocList>
</BasicStmnt>
</StmntSeq>
</HierarchyLvl>
<HierarchyLvl HierarchyLvlId="2900" HierarchyLvlTypeId="16" Intrnl_Id="1262" Name="getNewCourseName">
<Header>
<Loc EndOffset="7254" SrcFileId="11" StartOffset="7210"/>
</Header>
<LocList>
<Loc EndOffset="7285" SrcFileId="11" StartOffset="7210"/>
</LocList>
<StmntSeq Intrnl_Id="1263">
<LocList>
<Loc EndOffset="7281" SrcFileId="11" StartOffset="7260"/>
</LocList>
<BasicStmnt CovItemId="S91" CovItemPrefix="my.PSM.unitTestPSM.InterfaceFacadeStub.java" Intrnl_Id="1264">
<LocList>
<Loc EndOffset="7281" SrcFileId="11" StartOffset="7260"/>
</LocList>
</BasicStmnt>
</StmntSeq>
</HierarchyLvl>
<HierarchyLvl HierarchyLvlId="2901" HierarchyLvlTypeId="16" Intrnl_Id="1265" Name="getNewSemester">
<Header>
<Loc EndOffset="7330" SrcFileId="11" StartOffset="7288"/>
</Header>
<LocList>
<Loc EndOffset="7359" SrcFileId="11" StartOffset="7288"/>
</LocList>
<StmntSeq Intrnl_Id="1266">
<LocList>
<Loc EndOffset="7355" SrcFileId="11" StartOffset="7336"/>
</LocList>
<BasicStmnt CovItemId="S92" CovItemPrefix="my.PSM.unitTestPSM.InterfaceFacadeStub.java" Intrnl_Id="1267">
<LocList>
<Loc EndOffset="7355" SrcFileId="11" StartOffset="7336"/>
</LocList>
</BasicStmnt>
</StmntSeq>
</HierarchyLvl>
<HierarchyLvl HierarchyLvlId="2902" HierarchyLvlTypeId="16" Intrnl_Id="1268" Name="getNewCourseEnd">
<Header>
<Loc EndOffset="7405" SrcFileId="11" StartOffset="7362"/>
</Header>
<LocList>
<Loc EndOffset="7435" SrcFileId="11" StartOffset="7362"/>
</LocList>
<StmntSeq Intrnl_Id="1269">
<LocList>
<Loc EndOffset="7431" SrcFileId="11" StartOffset="7411"/>
</LocList>
<BasicStmnt CovItemId="S93" CovItemPrefix="my.PSM.unitTestPSM.InterfaceFacadeStub.java" Intrnl_Id="1270">
<LocList>
<Loc EndOffset="7431" SrcFileId="11" StartOffset="7411"/>
</LocList>
</BasicStmnt>
</StmntSeq>
</HierarchyLvl>
<HierarchyLvl HierarchyLvlId="2903" HierarchyLvlTypeId="16" Intrnl_Id="1271" Name="getNewMonStart">
<Header>
<Loc EndOffset="7480" SrcFileId="11" StartOffset="7438"/>
</Header>
<LocList>
<Loc EndOffset="7509" SrcFileId="11" StartOffset="7438"/>
</LocList>
<StmntSeq Intrnl_Id="1272">
<LocList>
<Loc EndOffset="7505" SrcFileId="11" StartOffset="7486"/>
</LocList>
<BasicStmnt CovItemId="S94" CovItemPrefix="my.PSM.unitTestPSM.InterfaceFacadeStub.java" Intrnl_Id="1273">
<LocList>
<Loc EndOffset="7505" SrcFileId="11" StartOffset="7486"/>
</LocList>
</BasicStmnt>
</StmntSeq>
</HierarchyLvl>
<HierarchyLvl HierarchyLvlId="2904" HierarchyLvlTypeId="16" Intrnl_Id="1274" Name="getNewTueStart">
<Header>
<Loc EndOffset="7554" SrcFileId="11" StartOffset="7512"/>
</Header>
<LocList>
<Loc EndOffset="7583" SrcFileId="11" StartOffset="7512"/>
</LocList>
<StmntSeq Intrnl_Id="1275">
<LocList>
<Loc EndOffset="7579" SrcFileId="11" StartOffset="7560"/>
</LocList>
<BasicStmnt CovItemId="S95" CovItemPrefix="my.PSM.unitTestPSM.InterfaceFacadeStub.java" Intrnl_Id="1276">
<LocList>
<Loc EndOffset="7579" SrcFileId="11" StartOffset="7560"/>
</LocList>
</BasicStmnt>
</StmntSeq>
</HierarchyLvl>
<HierarchyLvl HierarchyLvlId="2905" HierarchyLvlTypeId="16" Intrnl_Id="1277" Name="getNewTueEnd">
<Header>
<Loc EndOffset="7626" SrcFileId="11" StartOffset="7586"/>
</Header>
<LocList>
<Loc EndOffset="7653" SrcFileId="11" StartOffset="7586"/>
</LocList>
<StmntSeq Intrnl_Id="1278">
<LocList>
<Loc EndOffset="7649" SrcFileId="11" StartOffset="7632"/>
</LocList>
<BasicStmnt CovItemId="S96" CovItemPrefix="my.PSM.unitTestPSM.InterfaceFacadeStub.java" Intrnl_Id="1279">
<LocList>
<Loc EndOffset="7649" SrcFileId="11" StartOffset="7632"/>
</LocList>
</BasicStmnt>
</StmntSeq>
</HierarchyLvl>
<HierarchyLvl HierarchyLvlId="2906" HierarchyLvlTypeId="16" Intrnl_Id="1280" Name="getNewThuEnd">
<Header>
<Loc EndOffset="7696" SrcFileId="11" StartOffset="7656"/>
</Header>
<LocList>
<Loc EndOffset="7723" SrcFileId="11" StartOffset="7656"/>
</LocList>
<StmntSeq Intrnl_Id="1281">
<LocList>
<Loc EndOffset="7719" SrcFileId="11" StartOffset="7702"/>
</LocList>
<BasicStmnt CovItemId="S97" CovItemPrefix="my.PSM.unitTestPSM.InterfaceFacadeStub.java" Intrnl_Id="1282">
<LocList>
<Loc EndOffset="7719" SrcFileId="11" StartOffset="7702"/>
</LocList>
</BasicStmnt>
</StmntSeq>
</HierarchyLvl>
<HierarchyLvl HierarchyLvlId="2907" HierarchyLvlTypeId="16" Intrnl_Id="1283" Name="getNewThuStart">
<Header>
<Loc EndOffset="7768" SrcFileId="11" StartOffset="7726"/>
</Header>
<LocList>
<Loc EndOffset="7797" SrcFileId="11" StartOffset="7726"/>
</LocList>
<StmntSeq Intrnl_Id="1284">
<LocList>
<Loc EndOffset="7793" SrcFileId="11" StartOffset="7774"/>
</LocList>
<BasicStmnt CovItemId="S98" CovItemPrefix="my.PSM.unitTestPSM.InterfaceFacadeStub.java" Intrnl_Id="1285">
<LocList>
<Loc EndOffset="7793" SrcFileId="11" StartOffset="7774"/>
</LocList>
</BasicStmnt>
</StmntSeq>
</HierarchyLvl>
<HierarchyLvl HierarchyLvlId="2908" HierarchyLvlTypeId="16" Intrnl_Id="1286" Name="getNewWedEnd">
<Header>
<Loc EndOffset="7840" SrcFileId="11" StartOffset="7800"/>
</Header>
<LocList>
<Loc EndOffset="7867" SrcFileId="11" StartOffset="7800"/>
</LocList>
<StmntSeq Intrnl_Id="1287">
<LocList>
<Loc EndOffset="7863" SrcFileId="11" StartOffset="7846"/>
</LocList>
<BasicStmnt CovItemId="S99" CovItemPrefix="my.PSM.unitTestPSM.InterfaceFacadeStub.java" Intrnl_Id="1288">
<LocList>
<Loc EndOffset="7863" SrcFileId="11" StartOffset="7846"/>
</LocList>
</BasicStmnt>
</StmntSeq>
</HierarchyLvl>
<HierarchyLvl HierarchyLvlId="2909" HierarchyLvlTypeId="16" Intrnl_Id="1289" Name="getNewWedStart">
<Header>
<Loc EndOffset="7912" SrcFileId="11" StartOffset="7870"/>
</Header>
<LocList>
<Loc EndOffset="7941" SrcFileId="11" StartOffset="7870"/>
</LocList>
<StmntSeq Intrnl_Id="1290">
<LocList>
<Loc EndOffset="7937" SrcFileId="11" StartOffset="7918"/>
</LocList>
<BasicStmnt CovItemId="S100" CovItemPrefix="my.PSM.unitTestPSM.InterfaceFacadeStub.java" Intrnl_Id="1291">
<LocList>
<Loc EndOffset="7937" SrcFileId="11" StartOffset="7918"/>
</LocList>
</BasicStmnt>
</StmntSeq>
</HierarchyLvl>
<HierarchyLvl HierarchyLvlId="2910" HierarchyLvlTypeId="16" Intrnl_Id="1292" Name="getNewFriEnd">
<Header>
<Loc EndOffset="7984" SrcFileId="11" StartOffset="7944"/>
</Header>
<LocList>
<Loc EndOffset="8011" SrcFileId="11" StartOffset="7944"/>
</LocList>
<StmntSeq Intrnl_Id="1293">
<LocList>
<Loc EndOffset="8007" SrcFileId="11" StartOffset="7990"/>
</LocList>
<BasicStmnt CovItemId="S101" CovItemPrefix="my.PSM.unitTestPSM.InterfaceFacadeStub.java" Intrnl_Id="1294">
<LocList>
<Loc EndOffset="8007" SrcFileId="11" StartOffset="7990"/>
</LocList>
</BasicStmnt>
</StmntSeq>
</HierarchyLvl>
<HierarchyLvl HierarchyLvlId="2911" HierarchyLvlTypeId="16" Intrnl_Id="1295" Name="getNewSatEnd">
<Header>
<Loc EndOffset="8054" SrcFileId="11" StartOffset="8014"/>
</Header>
<LocList>
<Loc EndOffset="8081" SrcFileId="11" StartOffset="8014"/>
</LocList>
<StmntSeq Intrnl_Id="1296">
<LocList>
<Loc EndOffset="8077" SrcFileId="11" StartOffset="8060"/>
</LocList>
<BasicStmnt CovItemId="S102" CovItemPrefix="my.PSM.unitTestPSM.InterfaceFacadeStub.java" Intrnl_Id="1297">
<LocList>
<Loc EndOffset="8077" SrcFileId="11" StartOffset="8060"/>
</LocList>
</BasicStmnt>
</StmntSeq>
</HierarchyLvl>
<HierarchyLvl HierarchyLvlId="2912" HierarchyLvlTypeId="16" Intrnl_Id="1298" Name="getNewSatStart">
<Header>
<Loc EndOffset="8126" SrcFileId="11" StartOffset="8084"/>
</Header>
<LocList>
<Loc EndOffset="8155" SrcFileId="11" StartOffset="8084"/>
</LocList>
<StmntSeq Intrnl_Id="1299">
<LocList>
<Loc EndOffset="8151" SrcFileId="11" StartOffset="8132"/>
</LocList>
<BasicStmnt CovItemId="S103" CovItemPrefix="my.PSM.unitTestPSM.InterfaceFacadeStub.java" Intrnl_Id="1300">
<LocList>
<Loc EndOffset="8151" SrcFileId="11" StartOffset="8132"/>
</LocList>
</BasicStmnt>
</StmntSeq>
</HierarchyLvl>
<HierarchyLvl HierarchyLvlId="2913" HierarchyLvlTypeId="16" Intrnl_Id="1301" Name="getNewFriStart">
<Header>
<Loc EndOffset="8200" SrcFileId="11" StartOffset="8158"/>
</Header>
<LocList>
<Loc EndOffset="8229" SrcFileId="11" StartOffset="8158"/>
</LocList>
<StmntSeq Intrnl_Id="1302">
<LocList>
<Loc EndOffset="8225" SrcFileId="11" StartOffset="8206"/>
</LocList>
<BasicStmnt CovItemId="S104" CovItemPrefix="my.PSM.unitTestPSM.InterfaceFacadeStub.java" Intrnl_Id="1303">
<LocList>
<Loc EndOffset="8225" SrcFileId="11" StartOffset="8206"/>
</LocList>
</BasicStmnt>
</StmntSeq>
</HierarchyLvl>
<HierarchyLvl HierarchyLvlId="2914" HierarchyLvlTypeId="16" Intrnl_Id="1304" Name="getNewMonEnd">
<Header>
<Loc EndOffset="8272" SrcFileId="11" StartOffset="8232"/>
</Header>
<LocList>
<Loc EndOffset="8299" SrcFileId="11" StartOffset="8232"/>
</LocList>
<StmntSeq Intrnl_Id="1305">
<LocList>
<Loc EndOffset="8295" SrcFileId="11" StartOffset="8278"/>
</LocList>
<BasicStmnt CovItemId="S105" CovItemPrefix="my.PSM.unitTestPSM.InterfaceFacadeStub.java" Intrnl_Id="1306">
<LocList>
<Loc EndOffset="8295" SrcFileId="11" StartOffset="8278"/>
</LocList>
</BasicStmnt>
</StmntSeq>
</HierarchyLvl>
</HierarchyLvl>
<HierarchyLvl HierarchyLvlId="2945" HierarchyLvlTypeId="15" Intrnl_Id="1307" Name="MySQLManagerStub">
<Header>
<Loc EndOffset="182" SrcFileId="12" StartOffset="132"/>
</Header>
<LocList>
<Loc EndOffset="7634" SrcFileId="12" StartOffset="132"/>
</LocList>
<StmntSeq Intrnl_Id="1308">
<LocList>
<Loc EndOffset="396" SrcFileId="12" StartOffset="335"/>
<Loc EndOffset="471" SrcFileId="12" StartOffset="399"/>
<Loc EndOffset="551" SrcFileId="12" StartOffset="474"/>
<Loc EndOffset="633" SrcFileId="12" StartOffset="554"/>
<Loc EndOffset="716" SrcFileId="12" StartOffset="636"/>
<Loc EndOffset="797" SrcFileId="12" StartOffset="719"/>
<Loc EndOffset="877" SrcFileId="12" StartOffset="800"/>
<Loc EndOffset="955" SrcFileId="12" StartOffset="880"/>
<Loc EndOffset="1035" SrcFileId="12" StartOffset="958"/>
<Loc EndOffset="1113" SrcFileId="12" StartOffset="1038"/>
<Loc EndOffset="1193" SrcFileId="12" StartOffset="1116"/>
<Loc EndOffset="1271" SrcFileId="12" StartOffset="1196"/>
<Loc EndOffset="1351" SrcFileId="12" StartOffset="1274"/>
<Loc EndOffset="1429" SrcFileId="12" StartOffset="1354"/>
<Loc EndOffset="1509" SrcFileId="12" StartOffset="1432"/>
<Loc EndOffset="1587" SrcFileId="12" StartOffset="1512"/>
<Loc EndOffset="1667" SrcFileId="12" StartOffset="1590"/>
<Loc EndOffset="1745" SrcFileId="12" StartOffset="1670"/>
</LocList>
<BasicStmnt CovItemId="S1" CovItemPrefix="my.PSM.unitTestPSM.MySQLManagerStub.java" Intrnl_Id="1309">
<LocList>
<Loc EndOffset="396" SrcFileId="12" StartOffset="335"/>
</LocList>
</BasicStmnt>
<BasicStmnt CovItemId="S2" CovItemPrefix="my.PSM.unitTestPSM.MySQLManagerStub.java" Intrnl_Id="1310">
<LocList>
<Loc EndOffset="471" SrcFileId="12" StartOffset="399"/>
</LocList>
</BasicStmnt>
<BasicStmnt CovItemId="S3" CovItemPrefix="my.PSM.unitTestPSM.MySQLManagerStub.java" Intrnl_Id="1311">
<LocList>
<Loc EndOffset="551" SrcFileId="12" StartOffset="474"/>
</LocList>
</BasicStmnt>
<BasicStmnt CovItemId="S4" CovItemPrefix="my.PSM.unitTestPSM.MySQLManagerStub.java" Intrnl_Id="1312">
<LocList>
<Loc EndOffset="633" SrcFileId="12" StartOffset="554"/>
</LocList>
</BasicStmnt>
<BasicStmnt CovItemId="S5" CovItemPrefix="my.PSM.unitTestPSM.MySQLManagerStub.java" Intrnl_Id="1313">
<LocList>
<Loc EndOffset="716" SrcFileId="12" StartOffset="636"/>
</LocList>
</BasicStmnt>
<BasicStmnt CovItemId="S6" CovItemPrefix="my.PSM.unitTestPSM.MySQLManagerStub.java" Intrnl_Id="1314">
<LocList>
<Loc EndOffset="797" SrcFileId="12" StartOffset="719"/>
</LocList>
</BasicStmnt>
<BasicStmnt CovItemId="S7" CovItemPrefix="my.PSM.unitTestPSM.MySQLManagerStub.java" Intrnl_Id="1315">
<LocList>
<Loc EndOffset="877" SrcFileId="12" StartOffset="800"/>
</LocList>
</BasicStmnt>
<BasicStmnt CovItemId="S8" CovItemPrefix="my.PSM.unitTestPSM.MySQLManagerStub.java" Intrnl_Id="1316">
<LocList>
<Loc EndOffset="955" SrcFileId="12" StartOffset="880"/>
</LocList>
</BasicStmnt>
<BasicStmnt CovItemId="S9" CovItemPrefix="my.PSM.unitTestPSM.MySQLManagerStub.java" Intrnl_Id="1317">
<LocList>
<Loc EndOffset="1035" SrcFileId="12" StartOffset="958"/>
</LocList>
</BasicStmnt>
<BasicStmnt CovItemId="S10" CovItemPrefix="my.PSM.unitTestPSM.MySQLManagerStub.java" Intrnl_Id="1318">
<LocList>
<Loc EndOffset="1113" SrcFileId="12" StartOffset="1038"/>
</LocList>
</BasicStmnt>
<BasicStmnt CovItemId="S11" CovItemPrefix="my.PSM.unitTestPSM.MySQLManagerStub.java" Intrnl_Id="1319">
<LocList>
<Loc EndOffset="1193" SrcFileId="12" StartOffset="1116"/>
</LocList>
</BasicStmnt>
<BasicStmnt CovItemId="S12" CovItemPrefix="my.PSM.unitTestPSM.MySQLManagerStub.java" Intrnl_Id="1320">
<LocList>
<Loc EndOffset="1271" SrcFileId="12" StartOffset="1196"/>
</LocList>
</BasicStmnt>
<BasicStmnt CovItemId="S13" CovItemPrefix="my.PSM.unitTestPSM.MySQLManagerStub.java" Intrnl_Id="1321">
<LocList>
<Loc EndOffset="1351" SrcFileId="12" StartOffset="1274"/>
</LocList>
</BasicStmnt>
<BasicStmnt CovItemId="S14" CovItemPrefix="my.PSM.unitTestPSM.MySQLManagerStub.java" Intrnl_Id="1322">
<LocList>
<Loc EndOffset="1429" SrcFileId="12" StartOffset="1354"/>
</LocList>
</BasicStmnt>
<BasicStmnt CovItemId="S15" CovItemPrefix="my.PSM.unitTestPSM.MySQLManagerStub.java" Intrnl_Id="1323">
<LocList>
<Loc EndOffset="1509" SrcFileId="12" StartOffset="1432"/>
</LocList>
</BasicStmnt>
<BasicStmnt CovItemId="S16" CovItemPrefix="my.PSM.unitTestPSM.MySQLManagerStub.java" Intrnl_Id="1324">
<LocList>
<Loc EndOffset="1587" SrcFileId="12" StartOffset="1512"/>
</LocList>
</BasicStmnt>
<BasicStmnt CovItemId="S17" CovItemPrefix="my.PSM.unitTestPSM.MySQLManagerStub.java" Intrnl_Id="1325">
<LocList>
<Loc EndOffset="1667" SrcFileId="12" StartOffset="1590"/>
</LocList>
</BasicStmnt>
<BasicStmnt CovItemId="S18" CovItemPrefix="my.PSM.unitTestPSM.MySQLManagerStub.java" Intrnl_Id="1326">
<LocList>
<Loc EndOffset="1745" SrcFileId="12" StartOffset="1670"/>
</LocList>
</BasicStmnt>
</StmntSeq>
<HierarchyLvl HierarchyLvlId="2916" HierarchyLvlTypeId="16" Intrnl_Id="1327" Name="testHelper">
<Header>
<Loc EndOffset="2180" SrcFileId="12" StartOffset="1851"/>
</Header>
<LocList>
<Loc EndOffset="2873" SrcFileId="12" StartOffset="1851"/>
</LocList>
<StmntSeq Intrnl_Id="1328">
<LocList>
<Loc EndOffset="2208" SrcFileId="12" StartOffset="2186"/>
<Loc EndOffset="2245" SrcFileId="12" StartOffset="2212"/>
<Loc EndOffset="2289" SrcFileId="12" StartOffset="2249"/>
<Loc EndOffset="2329" SrcFileId="12" StartOffset="2293"/>
<Loc EndOffset="2373" SrcFileId="12" StartOffset="2333"/>
<Loc EndOffset="2413" SrcFileId="12" StartOffset="2377"/>
<Loc EndOffset="2453" SrcFileId="12" StartOffset="2417"/>
<Loc EndOffset="2489" SrcFileId="12" StartOffset="2457"/>
<Loc EndOffset="2529" SrcFileId="12" StartOffset="2493"/>
<Loc EndOffset="2565" SrcFileId="12" StartOffset="2533"/>
<Loc EndOffset="2605" SrcFileId="12" StartOffset="2569"/>
<Loc EndOffset="2641" SrcFileId="12" StartOffset="2609"/>
<Loc EndOffset="2681" SrcFileId="12" StartOffset="2645"/>
<Loc EndOffset="2717" SrcFileId="12" StartOffset="2685"/>
<Loc EndOffset="2757" SrcFileId="12" StartOffset="2721"/>
<Loc EndOffset="2793" SrcFileId="12" StartOffset="2761"/>
<Loc EndOffset="2833" SrcFileId="12" StartOffset="2797"/>
<Loc EndOffset="2869" SrcFileId="12" StartOffset="2837"/>
</LocList>
<BasicStmnt CovItemId="S19" CovItemPrefix="my.PSM.unitTestPSM.MySQLManagerStub.java" Intrnl_Id="1329">
<LocList>
<Loc EndOffset="2208" SrcFileId="12" StartOffset="2186"/>
</LocList>
</BasicStmnt>
<BasicStmnt CovItemId="S20" CovItemPrefix="my.PSM.unitTestPSM.MySQLManagerStub.java" Intrnl_Id="1330">
<LocList>
<Loc EndOffset="2245" SrcFileId="12" StartOffset="2212"/>
</LocList>
</BasicStmnt>
<BasicStmnt CovItemId="S21" CovItemPrefix="my.PSM.unitTestPSM.MySQLManagerStub.java" Intrnl_Id="1331">
<LocList>
<Loc EndOffset="2289" SrcFileId="12" StartOffset="2249"/>
</LocList>
</BasicStmnt>
<BasicStmnt CovItemId="S22" CovItemPrefix="my.PSM.unitTestPSM.MySQLManagerStub.java" Intrnl_Id="1332">
<LocList>
<Loc EndOffset="2329" SrcFileId="12" StartOffset="2293"/>
</LocList>
</BasicStmnt>
<BasicStmnt CovItemId="S23" CovItemPrefix="my.PSM.unitTestPSM.MySQLManagerStub.java" Intrnl_Id="1333">
<LocList>
<Loc EndOffset="2373" SrcFileId="12" StartOffset="2333"/>
</LocList>
</BasicStmnt>
<BasicStmnt CovItemId="S24" CovItemPrefix="my.PSM.unitTestPSM.MySQLManagerStub.java" Intrnl_Id="1334">
<LocList>
<Loc EndOffset="2413" SrcFileId="12" StartOffset="2377"/>
</LocList>
</BasicStmnt>
<BasicStmnt CovItemId="S25" CovItemPrefix="my.PSM.unitTestPSM.MySQLManagerStub.java" Intrnl_Id="1335">
<LocList>
<Loc EndOffset="2453" SrcFileId="12" StartOffset="2417"/>
</LocList>
</BasicStmnt>
<BasicStmnt CovItemId="S26" CovItemPrefix="my.PSM.unitTestPSM.MySQLManagerStub.java" Intrnl_Id="1336">
<LocList>
<Loc EndOffset="2489" SrcFileId="12" StartOffset="2457"/>
</LocList>
</BasicStmnt>
<BasicStmnt CovItemId="S27" CovItemPrefix="my.PSM.unitTestPSM.MySQLManagerStub.java" Intrnl_Id="1337">
<LocList>
<Loc EndOffset="2529" SrcFileId="12" StartOffset="2493"/>
</LocList>
</BasicStmnt>
<BasicStmnt CovItemId="S28" CovItemPrefix="my.PSM.unitTestPSM.MySQLManagerStub.java" Intrnl_Id="1338">
<LocList>
<Loc EndOffset="2565" SrcFileId="12" StartOffset="2533"/>
</LocList>
</BasicStmnt>
<BasicStmnt CovItemId="S29" CovItemPrefix="my.PSM.unitTestPSM.MySQLManagerStub.java" Intrnl_Id="1339">
<LocList>
<Loc EndOffset="2605" SrcFileId="12" StartOffset="2569"/>
</LocList>
</BasicStmnt>
<BasicStmnt CovItemId="S30" CovItemPrefix="my.PSM.unitTestPSM.MySQLManagerStub.java" Intrnl_Id="1340">
<LocList>
<Loc EndOffset="2641" SrcFileId="12" StartOffset="2609"/>
</LocList>
</BasicStmnt>
<BasicStmnt CovItemId="S31" CovItemPrefix="my.PSM.unitTestPSM.MySQLManagerStub.java" Intrnl_Id="1341">
<LocList>
<Loc EndOffset="2681" SrcFileId="12" StartOffset="2645"/>
</LocList>
</BasicStmnt>
<BasicStmnt CovItemId="S32" CovItemPrefix="my.PSM.unitTestPSM.MySQLManagerStub.java" Intrnl_Id="1342">
<LocList>
<Loc EndOffset="2717" SrcFileId="12" StartOffset="2685"/>
</LocList>
</BasicStmnt>
<BasicStmnt CovItemId="S33" CovItemPrefix="my.PSM.unitTestPSM.MySQLManagerStub.java" Intrnl_Id="1343">
<LocList>
<Loc EndOffset="2757" SrcFileId="12" StartOffset="2721"/>
</LocList>
</BasicStmnt>
<BasicStmnt CovItemId="S34" CovItemPrefix="my.PSM.unitTestPSM.MySQLManagerStub.java" Intrnl_Id="1344">
<LocList>
<Loc EndOffset="2793" SrcFileId="12" StartOffset="2761"/>
</LocList>
</BasicStmnt>
<BasicStmnt CovItemId="S35" CovItemPrefix="my.PSM.unitTestPSM.MySQLManagerStub.java" Intrnl_Id="1345">
<LocList>
<Loc EndOffset="2833" SrcFileId="12" StartOffset="2797"/>
</LocList>
</BasicStmnt>
<BasicStmnt CovItemId="S36" CovItemPrefix="my.PSM.unitTestPSM.MySQLManagerStub.java" Intrnl_Id="1346">
<LocList>
<Loc EndOffset="2869" SrcFileId="12" StartOffset="2837"/>
</LocList>
</BasicStmnt>
</StmntSeq>
</HierarchyLvl>
<HierarchyLvl HierarchyLvlId="2917" HierarchyLvlTypeId="16" Intrnl_Id="1347" Name="MySQLManagerStub">
<Header>
<Loc EndOffset="3093" SrcFileId="12" StartOffset="3036"/>
</Header>
<LocList>
<Loc EndOffset="3177" SrcFileId="12" StartOffset="3036"/>
</LocList>
<StmntSeq Intrnl_Id="1348">
<LocList>
<Loc EndOffset="3122" SrcFileId="12" StartOffset="3099"/>
<Loc EndOffset="3149" SrcFileId="12" StartOffset="3126"/>
<Loc EndOffset="3173" SrcFileId="12" StartOffset="3153"/>
</LocList>
<BasicStmnt CovItemId="S37" CovItemPrefix="my.PSM.unitTestPSM.MySQLManagerStub.java" Intrnl_Id="1349">
<LocList>
<Loc EndOffset="3122" SrcFileId="12" StartOffset="3099"/>
</LocList>
</BasicStmnt>
<BasicStmnt CovItemId="S38" CovItemPrefix="my.PSM.unitTestPSM.MySQLManagerStub.java" Intrnl_Id="1350">
<LocList>
<Loc EndOffset="3149" SrcFileId="12" StartOffset="3126"/>
</LocList>
</BasicStmnt>
<BasicStmnt CovItemId="S39" CovItemPrefix="my.PSM.unitTestPSM.MySQLManagerStub.java" Intrnl_Id="1351">
<LocList>
<Loc EndOffset="3173" SrcFileId="12" StartOffset="3153"/>
</LocList>
</BasicStmnt>
</StmntSeq>
</HierarchyLvl>
<HierarchyLvl HierarchyLvlId="2918" HierarchyLvlTypeId="16" Intrnl_Id="1352" Name="connect">
<Header>
<Loc EndOffset="3247" SrcFileId="12" StartOffset="3182"/>
</Header>
<LocList>
<Loc EndOffset="3409" SrcFileId="12" StartOffset="3182"/>
</LocList>
<StmntSeq Intrnl_Id="1353">
<LocList>
<Loc EndOffset="3405" SrcFileId="12" StartOffset="3253"/>
</LocList>
<CondStmnt CovItemId="S40" CovItemPrefix="my.PSM.unitTestPSM.MySQLManagerStub.java" Intrnl_Id="1354">
<Branch CovItemId="B1" CovItemPrefix="my.PSM.unitTestPSM.MySQLManagerStub.java" Implct="false" Intrnl_Id="1355">
<Cond/>
<LocList>
<Loc EndOffset="3353" SrcFileId="12" StartOffset="3309"/>
</LocList>
<StmntSeq Intrnl_Id="1356">
<LocList>
<Loc EndOffset="3334" SrcFileId="12" StartOffset="3315"/>
<Loc EndOffset="3348" SrcFileId="12" StartOffset="3339"/>
</LocList>
<BasicStmnt CovItemId="S41" CovItemPrefix="my.PSM.unitTestPSM.MySQLManagerStub.java" Intrnl_Id="1357">
<LocList>
<Loc EndOffset="3334" SrcFileId="12" StartOffset="3315"/>
</LocList>
</BasicStmnt>
<BasicStmnt CovItemId="S42" CovItemPrefix="my.PSM.unitTestPSM.MySQLManagerStub.java" Intrnl_Id="1358">
<LocList>
<Loc EndOffset="3348" SrcFileId="12" StartOffset="3339"/>
</LocList>
</BasicStmnt>
</StmntSeq>
</Branch>
<Branch CovItemId="B2" CovItemPrefix="my.PSM.unitTestPSM.MySQLManagerStub.java" Implct="false" Intrnl_Id="1359">
<Cond>
<Loc EndOffset="3358" SrcFileId="12" StartOffset="3354"/>
</Cond>
<LocList>
<Loc EndOffset="3405" SrcFileId="12" StartOffset="3359"/>
</LocList>
<StmntSeq Intrnl_Id="1360">
<LocList>
<Loc EndOffset="3385" SrcFileId="12" StartOffset="3365"/>
<Loc EndOffset="3400" SrcFileId="12" StartOffset="3390"/>
</LocList>
<BasicStmnt CovItemId="S43" CovItemPrefix="my.PSM.unitTestPSM.MySQLManagerStub.java" Intrnl_Id="1361">
<LocList>
<Loc EndOffset="3385" SrcFileId="12" StartOffset="3365"/>
</LocList>
</BasicStmnt>
<BasicStmnt CovItemId="S44" CovItemPrefix="my.PSM.unitTestPSM.MySQLManagerStub.java" Intrnl_Id="1362">
<LocList>
<Loc EndOffset="3400" SrcFileId="12" StartOffset="3390"/>
</LocList>
</BasicStmnt>
</StmntSeq>
</Branch>
<Keyword EndOffset="3255" SrcFileId="12" StartOffset="3253"/>
<LocList>
<Loc EndOffset="3405" SrcFileId="12" StartOffset="3253"/>
</LocList>
</CondStmnt>
</StmntSeq>
</HierarchyLvl>
<HierarchyLvl HierarchyLvlId="2919" HierarchyLvlTypeId="16" Intrnl_Id="1363" Name="connect">
<Header>
<Loc EndOffset="3468" SrcFileId="12" StartOffset="3414"/>
</Header>
<LocList>
<Loc EndOffset="3630" SrcFileId="12" StartOffset="3414"/>
</LocList>
<StmntSeq Intrnl_Id="1364">
<LocList>
<Loc EndOffset="3626" SrcFileId="12" StartOffset="3474"/>
</LocList>
<CondStmnt CovItemId="S45" CovItemPrefix="my.PSM.unitTestPSM.MySQLManagerStub.java" Intrnl_Id="1365">
<Branch CovItemId="B3" CovItemPrefix="my.PSM.unitTestPSM.MySQLManagerStub.java" Implct="false" Intrnl_Id="1366">
<Cond/>
<LocList>
<Loc EndOffset="3574" SrcFileId="12" StartOffset="3530"/>
</LocList>
<StmntSeq Intrnl_Id="1367">
<LocList>
<Loc EndOffset="3555" SrcFileId="12" StartOffset="3536"/>
<Loc EndOffset="3569" SrcFileId="12" StartOffset="3560"/>
</LocList>
<BasicStmnt CovItemId="S46" CovItemPrefix="my.PSM.unitTestPSM.MySQLManagerStub.java" Intrnl_Id="1368">
<LocList>
<Loc EndOffset="3555" SrcFileId="12" StartOffset="3536"/>
</LocList>
</BasicStmnt>
<BasicStmnt CovItemId="S47" CovItemPrefix="my.PSM.unitTestPSM.MySQLManagerStub.java" Intrnl_Id="1369">
<LocList>
<Loc EndOffset="3569" SrcFileId="12" StartOffset="3560"/>
</LocList>
</BasicStmnt>
</StmntSeq>
</Branch>
<Branch CovItemId="B4" CovItemPrefix="my.PSM.unitTestPSM.MySQLManagerStub.java" Implct="false" Intrnl_Id="1370">
<Cond>
<Loc EndOffset="3579" SrcFileId="12" StartOffset="3575"/>
</Cond>
<LocList>
<Loc EndOffset="3626" SrcFileId="12" StartOffset="3580"/>
</LocList>
<StmntSeq Intrnl_Id="1371">
<LocList>
<Loc EndOffset="3606" SrcFileId="12" StartOffset="3586"/>
<Loc EndOffset="3621" SrcFileId="12" StartOffset="3611"/>
</LocList>
<BasicStmnt CovItemId="S48" CovItemPrefix="my.PSM.unitTestPSM.MySQLManagerStub.java" Intrnl_Id="1372">
<LocList>
<Loc EndOffset="3606" SrcFileId="12" StartOffset="3586"/>
</LocList>
</BasicStmnt>
<BasicStmnt CovItemId="S49" CovItemPrefix="my.PSM.unitTestPSM.MySQLManagerStub.java" Intrnl_Id="1373">
<LocList>
<Loc EndOffset="3621" SrcFileId="12" StartOffset="3611"/>
</LocList>
</BasicStmnt>
</StmntSeq>
</Branch>
<Keyword EndOffset="3476" SrcFileId="12" StartOffset="3474"/>
<LocList>
<Loc EndOffset="3626" SrcFileId="12" StartOffset="3474"/>
</LocList>
</CondStmnt>
</StmntSeq>
</HierarchyLvl>
<HierarchyLvl HierarchyLvlId="2920" HierarchyLvlTypeId="16" Intrnl_Id="1374" Name="disconnect">
<Header>
<Loc EndOffset="3670" SrcFileId="12" StartOffset="3635"/>
</Header>
<LocList>
<Loc EndOffset="3713" SrcFileId="12" StartOffset="3635"/>
</LocList>
<StmntSeq Intrnl_Id="1375">
<LocList>
<Loc EndOffset="3696" SrcFileId="12" StartOffset="3676"/>
<Loc EndOffset="3709" SrcFileId="12" StartOffset="3700"/>
</LocList>
<BasicStmnt CovItemId="S50" CovItemPrefix="my.PSM.unitTestPSM.MySQLManagerStub.java" Intrnl_Id="1376">
<LocList>
<Loc EndOffset="3696" SrcFileId="12" StartOffset="3676"/>
</LocList>
</BasicStmnt>
<BasicStmnt CovItemId="S51" CovItemPrefix="my.PSM.unitTestPSM.MySQLManagerStub.java" Intrnl_Id="1377">
<LocList>
<Loc EndOffset="3709" SrcFileId="12" StartOffset="3700"/>
</LocList>
</BasicStmnt>
</StmntSeq>
</HierarchyLvl>
<HierarchyLvl HierarchyLvlId="2921" HierarchyLvlTypeId="16" Intrnl_Id="1378" Name="fetchCourseID">
<Header>
<Loc EndOffset="3768" SrcFileId="12" StartOffset="3718"/>
</Header>
<LocList>
<Loc EndOffset="3853" SrcFileId="12" StartOffset="3718"/>
</LocList>
<StmntSeq Intrnl_Id="1379">
<LocList>
<Loc EndOffset="3849" SrcFileId="12" StartOffset="3774"/>
</LocList>
<CondStmnt CovItemId="S52" CovItemPrefix="my.PSM.unitTestPSM.MySQLManagerStub.java" Intrnl_Id="1380">
<Branch CovItemId="B5" CovItemPrefix="my.PSM.unitTestPSM.MySQLManagerStub.java" Implct="false" Intrnl_Id="1381">
<Cond/>
<LocList>
<Loc EndOffset="3826" SrcFileId="12" StartOffset="3810"/>
</LocList>
<StmntSeq Intrnl_Id="1382">
<LocList>
<Loc EndOffset="3826" SrcFileId="12" StartOffset="3810"/>
</LocList>
<BasicStmnt CovItemId="S53" CovItemPrefix="my.PSM.unitTestPSM.MySQLManagerStub.java" Intrnl_Id="1383">
<LocList>
<Loc EndOffset="3826" SrcFileId="12" StartOffset="3810"/>
</LocList>
</BasicStmnt>
</StmntSeq>
</Branch>
<Branch CovItemId="B6" CovItemPrefix="my.PSM.unitTestPSM.MySQLManagerStub.java" Implct="false" Intrnl_Id="1384">
<Cond>
<Loc EndOffset="3834" SrcFileId="12" StartOffset="3830"/>
</Cond>
<LocList>
<Loc EndOffset="3849" SrcFileId="12" StartOffset="3839"/>
</LocList>
<StmntSeq Intrnl_Id="1385">
<LocList>
<Loc EndOffset="3849" SrcFileId="12" StartOffset="3839"/>
</LocList>
<BasicStmnt CovItemId="S54" CovItemPrefix="my.PSM.unitTestPSM.MySQLManagerStub.java" Intrnl_Id="1386">
<LocList>
<Loc EndOffset="3849" SrcFileId="12" StartOffset="3839"/>
</LocList>
</BasicStmnt>
</StmntSeq>
</Branch>
<Keyword EndOffset="3776" SrcFileId="12" StartOffset="3774"/>
<LocList>
<Loc EndOffset="3849" SrcFileId="12" StartOffset="3774"/>
</LocList>
</CondStmnt>
</StmntSeq>
</HierarchyLvl>
<HierarchyLvl HierarchyLvlId="2922" HierarchyLvlTypeId="16" Intrnl_Id="1387" Name="getEndDates">
<Header>
<Loc EndOffset="3908" SrcFileId="12" StartOffset="3858"/>
</Header>
<LocList>
<Loc EndOffset="4034" SrcFileId="12" StartOffset="3858"/>
</LocList>
<StmntSeq Intrnl_Id="1388">
<LocList>
<Loc EndOffset="3967" SrcFileId="12" StartOffset="3914"/>
<Loc EndOffset="4010" SrcFileId="12" StartOffset="3971"/>
<Loc EndOffset="4030" SrcFileId="12" StartOffset="4014"/>
</LocList>
<BasicStmnt CovItemId="S55" CovItemPrefix="my.PSM.unitTestPSM.MySQLManagerStub.java" Intrnl_Id="1389">
<LocList>
<Loc EndOffset="3967" SrcFileId="12" StartOffset="3914"/>
</LocList>
</BasicStmnt>
<BasicStmnt CovItemId="S56" CovItemPrefix="my.PSM.unitTestPSM.MySQLManagerStub.java" Intrnl_Id="1390">
<LocList>
<Loc EndOffset="4010" SrcFileId="12" StartOffset="3971"/>
</LocList>
</BasicStmnt>
<BasicStmnt CovItemId="S57" CovItemPrefix="my.PSM.unitTestPSM.MySQLManagerStub.java" Intrnl_Id="1391">
<LocList>
<Loc EndOffset="4030" SrcFileId="12" StartOffset="4014"/>
</LocList>
</BasicStmnt>
</StmntSeq>
</HierarchyLvl>
<HierarchyLvl HierarchyLvlId="2923" HierarchyLvlTypeId="16" Intrnl_Id="1392" Name="getCourses">
<Header>
<Loc EndOffset="4089" SrcFileId="12" StartOffset="4039"/>
</Header>
<LocList>
<Loc EndOffset="4114" SrcFileId="12" StartOffset="4039"/>
</LocList>
<StmntSeq Intrnl_Id="1393">
<LocList>
<Loc EndOffset="4110" SrcFileId="12" StartOffset="4095"/>
</LocList>
<BasicStmnt CovItemId="S58" CovItemPrefix="my.PSM.unitTestPSM.MySQLManagerStub.java" Intrnl_Id="1394">
<LocList>
<Loc EndOffset="4110" SrcFileId="12" StartOffset="4095"/>
</LocList>
</BasicStmnt>
</StmntSeq>
</HierarchyLvl>
<HierarchyLvl HierarchyLvlId="2924" HierarchyLvlTypeId="16" Intrnl_Id="1395" Name="fetchCourseSubj">
<Header>
<Loc EndOffset="4174" SrcFileId="12" StartOffset="4119"/>
</Header>
<LocList>
<Loc EndOffset="4212" SrcFileId="12" StartOffset="4119"/>
</LocList>
<StmntSeq Intrnl_Id="1396">
<LocList>
<Loc EndOffset="4208" SrcFileId="12" StartOffset="4180"/>
</LocList>
<BasicStmnt CovItemId="S59" CovItemPrefix="my.PSM.unitTestPSM.MySQLManagerStub.java" Intrnl_Id="1397">
<LocList>
<Loc EndOffset="4208" SrcFileId="12" StartOffset="4180"/>
</LocList>
</BasicStmnt>
</StmntSeq>
</HierarchyLvl>
<HierarchyLvl HierarchyLvlId="2925" HierarchyLvlTypeId="16" Intrnl_Id="1398" Name="fetchCourseName">
<Header>
<Loc EndOffset="4272" SrcFileId="12" StartOffset="4217"/>
</Header>
<LocList>
<Loc EndOffset="4317" SrcFileId="12" StartOffset="4217"/>
</LocList>
<StmntSeq Intrnl_Id="1399">
<LocList>
<Loc EndOffset="4313" SrcFileId="12" StartOffset="4278"/>
</LocList>
<BasicStmnt CovItemId="S60" CovItemPrefix="my.PSM.unitTestPSM.MySQLManagerStub.java" Intrnl_Id="1400">
<LocList>
<Loc EndOffset="4313" SrcFileId="12" StartOffset="4278"/>
</LocList>
</BasicStmnt>
</StmntSeq>
</HierarchyLvl>
<HierarchyLvl HierarchyLvlId="2926" HierarchyLvlTypeId="16" Intrnl_Id="1401" Name="fetchCourseSemester">
<Header>
<Loc EndOffset="4381" SrcFileId="12" StartOffset="4322"/>
</Header>
<LocList>
<Loc EndOffset="4424" SrcFileId="12" StartOffset="4322"/>
</LocList>
<StmntSeq Intrnl_Id="1402">
<LocList>
<Loc EndOffset="4420" SrcFileId="12" StartOffset="4387"/>
</LocList>
<BasicStmnt CovItemId="S61" CovItemPrefix="my.PSM.unitTestPSM.MySQLManagerStub.java" Intrnl_Id="1403">
<LocList>
<Loc EndOffset="4420" SrcFileId="12" StartOffset="4387"/>
</LocList>
</BasicStmnt>
</StmntSeq>
</HierarchyLvl>
<HierarchyLvl HierarchyLvlId="2927" HierarchyLvlTypeId="16" Intrnl_Id="1404" Name="fetchCourseStart">
<Header>
<Loc EndOffset="4485" SrcFileId="12" StartOffset="4429"/>
</Header>
<LocList>
<Loc EndOffset="4531" SrcFileId="12" StartOffset="4429"/>
</LocList>
<StmntSeq Intrnl_Id="1405">
<LocList>
<Loc EndOffset="4527" SrcFileId="12" StartOffset="4491"/>
</LocList>
<BasicStmnt CovItemId="S62" CovItemPrefix="my.PSM.unitTestPSM.MySQLManagerStub.java" Intrnl_Id="1406">
<LocList>
<Loc EndOffset="4527" SrcFileId="12" StartOffset="4491"/>
</LocList>
</BasicStmnt>
</StmntSeq>
</HierarchyLvl>
<HierarchyLvl HierarchyLvlId="2928" HierarchyLvlTypeId="16" Intrnl_Id="1407" Name="fetchCourseEnd">
<Header>
<Loc EndOffset="4590" SrcFileId="12" StartOffset="4536"/>
</Header>
<LocList>
<Loc EndOffset="4634" SrcFileId="12" StartOffset="4536"/>
</LocList>
<StmntSeq Intrnl_Id="1408">
<LocList>
<Loc EndOffset="4630" SrcFileId="12" StartOffset="4596"/>
</LocList>
<BasicStmnt CovItemId="S63" CovItemPrefix="my.PSM.unitTestPSM.MySQLManagerStub.java" Intrnl_Id="1409">
<LocList>
<Loc EndOffset="4630" SrcFileId="12" StartOffset="4596"/>
</LocList>
</BasicStmnt>
</StmntSeq>
</HierarchyLvl>
<HierarchyLvl HierarchyLvlId="2929" HierarchyLvlTypeId="16" Intrnl_Id="1410" Name="fetchStartMon">
<Header>
<Loc EndOffset="4692" SrcFileId="12" StartOffset="4639"/>
</Header>
<LocList>
<Loc EndOffset="4735" SrcFileId="12" StartOffset="4639"/>
</LocList>
<StmntSeq Intrnl_Id="1411">
<LocList>
<Loc EndOffset="4731" SrcFileId="12" StartOffset="4698"/>
</LocList>
<BasicStmnt CovItemId="S64" CovItemPrefix="my.PSM.unitTestPSM.MySQLManagerStub.java" Intrnl_Id="1412">
<LocList>
<Loc EndOffset="4731" SrcFileId="12" StartOffset="4698"/>
</LocList>
</BasicStmnt>
</StmntSeq>
</HierarchyLvl>
<HierarchyLvl HierarchyLvlId="2930" HierarchyLvlTypeId="16" Intrnl_Id="1413" Name="fetchEndMon">
<Header>
<Loc EndOffset="4791" SrcFileId="12" StartOffset="4740"/>
</Header>
<LocList>
<Loc EndOffset="4832" SrcFileId="12" StartOffset="4740"/>
</LocList>
<StmntSeq Intrnl_Id="1414">
<LocList>
<Loc EndOffset="4828" SrcFileId="12" StartOffset="4797"/>
</LocList>
<BasicStmnt CovItemId="S65" CovItemPrefix="my.PSM.unitTestPSM.MySQLManagerStub.java" Intrnl_Id="1415">
<LocList>
<Loc EndOffset="4828" SrcFileId="12" StartOffset="4797"/>
</LocList>
</BasicStmnt>
</StmntSeq>
</HierarchyLvl>
<HierarchyLvl HierarchyLvlId="2931" HierarchyLvlTypeId="16" Intrnl_Id="1416" Name="fetchStartTue">
<Header>
<Loc EndOffset="4890" SrcFileId="12" StartOffset="4837"/>
</Header>
<LocList>
<Loc EndOffset="4933" SrcFileId="12" StartOffset="4837"/>
</LocList>
<StmntSeq Intrnl_Id="1417">
<LocList>
<Loc EndOffset="4929" SrcFileId="12" StartOffset="4896"/>
</LocList>
<BasicStmnt CovItemId="S66" CovItemPrefix="my.PSM.unitTestPSM.MySQLManagerStub.java" Intrnl_Id="1418">
<LocList>
<Loc EndOffset="4929" SrcFileId="12" StartOffset="4896"/>
</LocList>
</BasicStmnt>
</StmntSeq>
</HierarchyLvl>
<HierarchyLvl HierarchyLvlId="2932" HierarchyLvlTypeId="16" Intrnl_Id="1419" Name="fetchEndTue">
<Header>
<Loc EndOffset="4989" SrcFileId="12" StartOffset="4938"/>
</Header>
<LocList>
<Loc EndOffset="5030" SrcFileId="12" StartOffset="4938"/>
</LocList>
<StmntSeq Intrnl_Id="1420">
<LocList>
<Loc EndOffset="5026" SrcFileId="12" StartOffset="4995"/>
</LocList>
<BasicStmnt CovItemId="S67" CovItemPrefix="my.PSM.unitTestPSM.MySQLManagerStub.java" Intrnl_Id="1421">
<LocList>
<Loc EndOffset="5026" SrcFileId="12" StartOffset="4995"/>
</LocList>
</BasicStmnt>
</StmntSeq>
</HierarchyLvl>
<HierarchyLvl HierarchyLvlId="2933" HierarchyLvlTypeId="16" Intrnl_Id="1422" Name="fetchStartWed">
<Header>
<Loc EndOffset="5088" SrcFileId="12" StartOffset="5035"/>
</Header>
<LocList>
<Loc EndOffset="5131" SrcFileId="12" StartOffset="5035"/>
</LocList>
<StmntSeq Intrnl_Id="1423">
<LocList>
<Loc EndOffset="5127" SrcFileId="12" StartOffset="5094"/>
</LocList>
<BasicStmnt CovItemId="S68" CovItemPrefix="my.PSM.unitTestPSM.MySQLManagerStub.java" Intrnl_Id="1424">
<LocList>
<Loc EndOffset="5127" SrcFileId="12" StartOffset="5094"/>
</LocList>
</BasicStmnt>
</StmntSeq>
</HierarchyLvl>
<HierarchyLvl HierarchyLvlId="2934" HierarchyLvlTypeId="16" Intrnl_Id="1425" Name="fetchEndWed">
<Header>
<Loc EndOffset="5187" SrcFileId="12" StartOffset="5136"/>
</Header>
<LocList>
<Loc EndOffset="5228" SrcFileId="12" StartOffset="5136"/>
</LocList>
<StmntSeq Intrnl_Id="1426">
<LocList>
<Loc EndOffset="5224" SrcFileId="12" StartOffset="5193"/>
</LocList>
<BasicStmnt CovItemId="S69" CovItemPrefix="my.PSM.unitTestPSM.MySQLManagerStub.java" Intrnl_Id="1427">
<LocList>
<Loc EndOffset="5224" SrcFileId="12" StartOffset="5193"/>
</LocList>
</BasicStmnt>
</StmntSeq>
</HierarchyLvl>
<HierarchyLvl HierarchyLvlId="2935" HierarchyLvlTypeId="16" Intrnl_Id="1428" Name="fetchStartThu">
<Header>
<Loc EndOffset="5286" SrcFileId="12" StartOffset="5233"/>
</Header>
<LocList>
<Loc EndOffset="5329" SrcFileId="12" StartOffset="5233"/>
</LocList>
<StmntSeq Intrnl_Id="1429">
<LocList>
<Loc EndOffset="5325" SrcFileId="12" StartOffset="5292"/>
</LocList>
<BasicStmnt CovItemId="S70" CovItemPrefix="my.PSM.unitTestPSM.MySQLManagerStub.java" Intrnl_Id="1430">
<LocList>
<Loc EndOffset="5325" SrcFileId="12" StartOffset="5292"/>
</LocList>
</BasicStmnt>
</StmntSeq>
</HierarchyLvl>
<HierarchyLvl HierarchyLvlId="2936" HierarchyLvlTypeId="16" Intrnl_Id="1431" Name="fetchEndThu">
<Header>
<Loc EndOffset="5385" SrcFileId="12" StartOffset="5334"/>
</Header>
<LocList>
<Loc EndOffset="5426" SrcFileId="12" StartOffset="5334"/>
</LocList>
<StmntSeq Intrnl_Id="1432">
<LocList>
<Loc EndOffset="5422" SrcFileId="12" StartOffset="5391"/>
</LocList>
<BasicStmnt CovItemId="S71" CovItemPrefix="my.PSM.unitTestPSM.MySQLManagerStub.java" Intrnl_Id="1433">
<LocList>
<Loc EndOffset="5422" SrcFileId="12" StartOffset="5391"/>
</LocList>
</BasicStmnt>
</StmntSeq>
</HierarchyLvl>
<HierarchyLvl HierarchyLvlId="2937" HierarchyLvlTypeId="16" Intrnl_Id="1434" Name="fetchStartFri">
<Header>
<Loc EndOffset="5484" SrcFileId="12" StartOffset="5431"/>
</Header>
<LocList>
<Loc EndOffset="5527" SrcFileId="12" StartOffset="5431"/>
</LocList>
<StmntSeq Intrnl_Id="1435">
<LocList>
<Loc EndOffset="5523" SrcFileId="12" StartOffset="5490"/>
</LocList>
<BasicStmnt CovItemId="S72" CovItemPrefix="my.PSM.unitTestPSM.MySQLManagerStub.java" Intrnl_Id="1436">
<LocList>
<Loc EndOffset="5523" SrcFileId="12" StartOffset="5490"/>
</LocList>
</BasicStmnt>
</StmntSeq>
</HierarchyLvl>
<HierarchyLvl HierarchyLvlId="2938" HierarchyLvlTypeId="16" Intrnl_Id="1437" Name="fetchEndFri">
<Header>
<Loc EndOffset="5583" SrcFileId="12" StartOffset="5532"/>
</Header>
<LocList>
<Loc EndOffset="5624" SrcFileId="12" StartOffset="5532"/>
</LocList>
<StmntSeq Intrnl_Id="1438">
<LocList>
<Loc EndOffset="5620" SrcFileId="12" StartOffset="5589"/>
</LocList>
<BasicStmnt CovItemId="S73" CovItemPrefix="my.PSM.unitTestPSM.MySQLManagerStub.java" Intrnl_Id="1439">
<LocList>
<Loc EndOffset="5620" SrcFileId="12" StartOffset="5589"/>
</LocList>
</BasicStmnt>
</StmntSeq>
</HierarchyLvl>
<HierarchyLvl HierarchyLvlId="2939" HierarchyLvlTypeId="16" Intrnl_Id="1440" Name="fetchStartSat">
<Header>
<Loc EndOffset="5682" SrcFileId="12" StartOffset="5629"/>
</Header>
<LocList>
<Loc EndOffset="5725" SrcFileId="12" StartOffset="5629"/>
</LocList>
<StmntSeq Intrnl_Id="1441">
<LocList>
<Loc EndOffset="5721" SrcFileId="12" StartOffset="5688"/>
</LocList>
<BasicStmnt CovItemId="S74" CovItemPrefix="my.PSM.unitTestPSM.MySQLManagerStub.java" Intrnl_Id="1442">
<LocList>
<Loc EndOffset="5721" SrcFileId="12" StartOffset="5688"/>
</LocList>
</BasicStmnt>
</StmntSeq>
</HierarchyLvl>
<HierarchyLvl HierarchyLvlId="2940" HierarchyLvlTypeId="16" Intrnl_Id="1443" Name="fetchEndSat">
<Header>
<Loc EndOffset="5781" SrcFileId="12" StartOffset="5730"/>
</Header>
<LocList>
<Loc EndOffset="5822" SrcFileId="12" StartOffset="5730"/>
</LocList>
<StmntSeq Intrnl_Id="1444">
<LocList>
<Loc EndOffset="5818" SrcFileId="12" StartOffset="5787"/>
</LocList>
<BasicStmnt CovItemId="S75" CovItemPrefix="my.PSM.unitTestPSM.MySQLManagerStub.java" Intrnl_Id="1445">
<LocList>
<Loc EndOffset="5818" SrcFileId="12" StartOffset="5787"/>
</LocList>
</BasicStmnt>
</StmntSeq>
</HierarchyLvl>
<HierarchyLvl HierarchyLvlId="2941" HierarchyLvlTypeId="16" Intrnl_Id="1446" Name="storeClassInfo">
<Header>
<Loc EndOffset="5933" SrcFileId="12" StartOffset="5827"/>
</Header>
<LocList>
<Loc EndOffset="6099" SrcFileId="12" StartOffset="5827"/>
</LocList>
<StmntSeq Intrnl_Id="1447">
<LocList>
<Loc EndOffset="5961" SrcFileId="12" StartOffset="5939"/>
<Loc EndOffset="5998" SrcFileId="12" StartOffset="5965"/>
<Loc EndOffset="6042" SrcFileId="12" StartOffset="6002"/>
<Loc EndOffset="6082" SrcFileId="12" StartOffset="6046"/>
<Loc EndOffset="6095" SrcFileId="12" StartOffset="6086"/>
</LocList>
<BasicStmnt CovItemId="S76" CovItemPrefix="my.PSM.unitTestPSM.MySQLManagerStub.java" Intrnl_Id="1448">
<LocList>
<Loc EndOffset="5961" SrcFileId="12" StartOffset="5939"/>
</LocList>
</BasicStmnt>
<BasicStmnt CovItemId="S77" CovItemPrefix="my.PSM.unitTestPSM.MySQLManagerStub.java" Intrnl_Id="1449">
<LocList>
<Loc EndOffset="5998" SrcFileId="12" StartOffset="5965"/>
</LocList>
</BasicStmnt>
<BasicStmnt CovItemId="S78" CovItemPrefix="my.PSM.unitTestPSM.MySQLManagerStub.java" Intrnl_Id="1450">
<LocList>
<Loc EndOffset="6042" SrcFileId="12" StartOffset="6002"/>
</LocList>
</BasicStmnt>
<BasicStmnt CovItemId="S79" CovItemPrefix="my.PSM.unitTestPSM.MySQLManagerStub.java" Intrnl_Id="1451">
<LocList>
<Loc EndOffset="6082" SrcFileId="12" StartOffset="6046"/>
</LocList>
</BasicStmnt>
<BasicStmnt CovItemId="S80" CovItemPrefix="my.PSM.unitTestPSM.MySQLManagerStub.java" Intrnl_Id="1452">
<LocList>
<Loc EndOffset="6095" SrcFileId="12" StartOffset="6086"/>
</LocList>
</BasicStmnt>
</StmntSeq>
</HierarchyLvl>
<HierarchyLvl HierarchyLvlId="2942" HierarchyLvlTypeId="16" Intrnl_Id="1453" Name="storeClassSched">
<Header>
<Loc EndOffset="6390" SrcFileId="12" StartOffset="6104"/>
</Header>
<LocList>
<Loc EndOffset="7005" SrcFileId="12" StartOffset="6104"/>
</LocList>
<StmntSeq Intrnl_Id="1454">
<LocList>
<Loc EndOffset="6988" SrcFileId="12" StartOffset="6396"/>
<Loc EndOffset="7001" SrcFileId="12" StartOffset="6992"/>
</LocList>
<CondStmnt CovItemId="S81" CovItemPrefix="my.PSM.unitTestPSM.MySQLManagerStub.java" Intrnl_Id="1455">
<Branch CovItemId="B7" CovItemPrefix="my.PSM.unitTestPSM.MySQLManagerStub.java" Implct="false" Intrnl_Id="1456">
<Cond/>
<LocList>
<Loc EndOffset="6988" SrcFileId="12" StartOffset="6428"/>
</LocList>
<StmntSeq Intrnl_Id="1457">
<LocList>
<Loc EndOffset="6474" SrcFileId="12" StartOffset="6434"/>
<Loc EndOffset="6515" SrcFileId="12" StartOffset="6479"/>
<Loc EndOffset="6556" SrcFileId="12" StartOffset="6520"/>
<Loc EndOffset="6593" SrcFileId="12" StartOffset="6561"/>
<Loc EndOffset="6634" SrcFileId="12" StartOffset="6598"/>
<Loc EndOffset="6671" SrcFileId="12" StartOffset="6639"/>
<Loc EndOffset="6712" SrcFileId="12" StartOffset="6676"/>
<Loc EndOffset="6749" SrcFileId="12" StartOffset="6717"/>
<Loc EndOffset="6790" SrcFileId="12" StartOffset="6754"/>
<Loc EndOffset="6827" SrcFileId="12" StartOffset="6795"/>
<Loc EndOffset="6868" SrcFileId="12" StartOffset="6832"/>
<Loc EndOffset="6905" SrcFileId="12" StartOffset="6873"/>
<Loc EndOffset="6946" SrcFileId="12" StartOffset="6910"/>
<Loc EndOffset="6983" SrcFileId="12" StartOffset="6951"/>
</LocList>
<BasicStmnt CovItemId="S82" CovItemPrefix="my.PSM.unitTestPSM.MySQLManagerStub.java" Intrnl_Id="1458">
<LocList>
<Loc EndOffset="6474" SrcFileId="12" StartOffset="6434"/>
</LocList>
</BasicStmnt>
<BasicStmnt CovItemId="S83" CovItemPrefix="my.PSM.unitTestPSM.MySQLManagerStub.java" Intrnl_Id="1459">
<LocList>
<Loc EndOffset="6515" SrcFileId="12" StartOffset="6479"/>
</LocList>
</BasicStmnt>
<BasicStmnt CovItemId="S84" CovItemPrefix="my.PSM.unitTestPSM.MySQLManagerStub.java" Intrnl_Id="1460">
<LocList>
<Loc EndOffset="6556" SrcFileId="12" StartOffset="6520"/>
</LocList>
</BasicStmnt>
<BasicStmnt CovItemId="S85" CovItemPrefix="my.PSM.unitTestPSM.MySQLManagerStub.java" Intrnl_Id="1461">
<LocList>
<Loc EndOffset="6593" SrcFileId="12" StartOffset="6561"/>
</LocList>
</BasicStmnt>
<BasicStmnt CovItemId="S86" CovItemPrefix="my.PSM.unitTestPSM.MySQLManagerStub.java" Intrnl_Id="1462">
<LocList>
<Loc EndOffset="6634" SrcFileId="12" StartOffset="6598"/>
</LocList>
</BasicStmnt>
<BasicStmnt CovItemId="S87" CovItemPrefix="my.PSM.unitTestPSM.MySQLManagerStub.java" Intrnl_Id="1463">
<LocList>
<Loc EndOffset="6671" SrcFileId="12" StartOffset="6639"/>
</LocList>
</BasicStmnt>
<BasicStmnt CovItemId="S88" CovItemPrefix="my.PSM.unitTestPSM.MySQLManagerStub.java" Intrnl_Id="1464">
<LocList>
<Loc EndOffset="6712" SrcFileId="12" StartOffset="6676"/>
</LocList>
</BasicStmnt>
<BasicStmnt CovItemId="S89" CovItemPrefix="my.PSM.unitTestPSM.MySQLManagerStub.java" Intrnl_Id="1465">
<LocList>
<Loc EndOffset="6749" SrcFileId="12" StartOffset="6717"/>
</LocList>
</BasicStmnt>
<BasicStmnt CovItemId="S90" CovItemPrefix="my.PSM.unitTestPSM.MySQLManagerStub.java" Intrnl_Id="1466">
<LocList>
<Loc EndOffset="6790" SrcFileId="12" StartOffset="6754"/>
</LocList>
</BasicStmnt>
<BasicStmnt CovItemId="S91" CovItemPrefix="my.PSM.unitTestPSM.MySQLManagerStub.java" Intrnl_Id="1467">
<LocList>
<Loc EndOffset="6827" SrcFileId="12" StartOffset="6795"/>
</LocList>
</BasicStmnt>
<BasicStmnt CovItemId="S92" CovItemPrefix="my.PSM.unitTestPSM.MySQLManagerStub.java" Intrnl_Id="1468">
<LocList>
<Loc EndOffset="6868" SrcFileId="12" StartOffset="6832"/>
</LocList>
</BasicStmnt>
<BasicStmnt CovItemId="S93" CovItemPrefix="my.PSM.unitTestPSM.MySQLManagerStub.java" Intrnl_Id="1469">
<LocList>
<Loc EndOffset="6905" SrcFileId="12" StartOffset="6873"/>
</LocList>
</BasicStmnt>
<BasicStmnt CovItemId="S94" CovItemPrefix="my.PSM.unitTestPSM.MySQLManagerStub.java" Intrnl_Id="1470">
<LocList>
<Loc EndOffset="6946" SrcFileId="12" StartOffset="6910"/>
</LocList>
</BasicStmnt>
<BasicStmnt CovItemId="S95" CovItemPrefix="my.PSM.unitTestPSM.MySQLManagerStub.java" Intrnl_Id="1471">
<LocList>
<Loc EndOffset="6983" SrcFileId="12" StartOffset="6951"/>
</LocList>
</BasicStmnt>
</StmntSeq>
</Branch>
<Branch CovItemId="B8" CovItemPrefix="my.PSM.unitTestPSM.MySQLManagerStub.java" Implct="true" Intrnl_Id="1472">
<Cond/>
<LocList/>
<StmntSeq Intrnl_Id="1473">
<LocList/>
</StmntSeq>
</Branch>
<Keyword EndOffset="6398" SrcFileId="12" StartOffset="6396"/>
<LocList>
<Loc EndOffset="6988" SrcFileId="12" StartOffset="6396"/>
</LocList>
</CondStmnt>
<BasicStmnt CovItemId="S96" CovItemPrefix="my.PSM.unitTestPSM.MySQLManagerStub.java" Intrnl_Id="1474">
<LocList>
<Loc EndOffset="7001" SrcFileId="12" StartOffset="6992"/>
</LocList>
</BasicStmnt>
</StmntSeq>
</HierarchyLvl>
<HierarchyLvl HierarchyLvlId="2943" HierarchyLvlTypeId="16" Intrnl_Id="1475" Name="clearDatabase">
<Header>
<Loc EndOffset="7049" SrcFileId="12" StartOffset="7010"/>
</Header>
<LocList>
<Loc EndOffset="7517" SrcFileId="12" StartOffset="7010"/>
</LocList>
<StmntSeq Intrnl_Id="1476">
<LocList>
<Loc EndOffset="7513" SrcFileId="12" StartOffset="7055"/>
</LocList>
<CondStmnt CovItemId="S97" CovItemPrefix="my.PSM.unitTestPSM.MySQLManagerStub.java" Intrnl_Id="1477">
<Branch CovItemId="B9" CovItemPrefix="my.PSM.unitTestPSM.MySQLManagerStub.java" Implct="false" Intrnl_Id="1478">
<Cond/>
<LocList>
<Loc EndOffset="7513" SrcFileId="12" StartOffset="7072"/>
</LocList>
<StmntSeq Intrnl_Id="1479">
<LocList>
<Loc EndOffset="7094" SrcFileId="12" StartOffset="7078"/>
<Loc EndOffset="7114" SrcFileId="12" StartOffset="7099"/>
<Loc EndOffset="7141" SrcFileId="12" StartOffset="7119"/>
<Loc EndOffset="7166" SrcFileId="12" StartOffset="7146"/>
<Loc EndOffset="7194" SrcFileId="12" StartOffset="7171"/>
<Loc EndOffset="7220" SrcFileId="12" StartOffset="7199"/>
<Loc EndOffset="7245" SrcFileId="12" StartOffset="7225"/>
<Loc EndOffset="7268" SrcFileId="12" StartOffset="7250"/>
<Loc EndOffset="7293" SrcFileId="12" StartOffset="7273"/>
<Loc EndOffset="7316" SrcFileId="12" StartOffset="7298"/>
<Loc EndOffset="7341" SrcFileId="12" StartOffset="7321"/>
<Loc EndOffset="7364" SrcFileId="12" StartOffset="7346"/>
<Loc EndOffset="7389" SrcFileId="12" StartOffset="7369"/>
<Loc EndOffset="7412" SrcFileId="12" StartOffset="7394"/>
<Loc EndOffset="7437" SrcFileId="12" StartOffset="7417"/>
<Loc EndOffset="7460" SrcFileId="12" StartOffset="7442"/>
<Loc EndOffset="7485" SrcFileId="12" StartOffset="7465"/>
<Loc EndOffset="7508" SrcFileId="12" StartOffset="7490"/>
</LocList>
<BasicStmnt CovItemId="S98" CovItemPrefix="my.PSM.unitTestPSM.MySQLManagerStub.java" Intrnl_Id="1480">
<LocList>
<Loc EndOffset="7094" SrcFileId="12" StartOffset="7078"/>
</LocList>
</BasicStmnt>
<BasicStmnt CovItemId="S99" CovItemPrefix="my.PSM.unitTestPSM.MySQLManagerStub.java" Intrnl_Id="1481">
<LocList>
<Loc EndOffset="7114" SrcFileId="12" StartOffset="7099"/>
</LocList>
</BasicStmnt>
<BasicStmnt CovItemId="S100" CovItemPrefix="my.PSM.unitTestPSM.MySQLManagerStub.java" Intrnl_Id="1482">
<LocList>
<Loc EndOffset="7141" SrcFileId="12" StartOffset="7119"/>
</LocList>
</BasicStmnt>
<BasicStmnt CovItemId="S101" CovItemPrefix="my.PSM.unitTestPSM.MySQLManagerStub.java" Intrnl_Id="1483">
<LocList>
<Loc EndOffset="7166" SrcFileId="12" StartOffset="7146"/>
</LocList>
</BasicStmnt>
<BasicStmnt CovItemId="S102" CovItemPrefix="my.PSM.unitTestPSM.MySQLManagerStub.java" Intrnl_Id="1484">
<LocList>
<Loc EndOffset="7194" SrcFileId="12" StartOffset="7171"/>
</LocList>
</BasicStmnt>
<BasicStmnt CovItemId="S103" CovItemPrefix="my.PSM.unitTestPSM.MySQLManagerStub.java" Intrnl_Id="1485">
<LocList>
<Loc EndOffset="7220" SrcFileId="12" StartOffset="7199"/>
</LocList>
</BasicStmnt>
<BasicStmnt CovItemId="S104" CovItemPrefix="my.PSM.unitTestPSM.MySQLManagerStub.java" Intrnl_Id="1486">
<LocList>
<Loc EndOffset="7245" SrcFileId="12" StartOffset="7225"/>
</LocList>
</BasicStmnt>
<BasicStmnt CovItemId="S105" CovItemPrefix="my.PSM.unitTestPSM.MySQLManagerStub.java" Intrnl_Id="1487">
<LocList>
<Loc EndOffset="7268" SrcFileId="12" StartOffset="7250"/>
</LocList>
</BasicStmnt>
<BasicStmnt CovItemId="S106" CovItemPrefix="my.PSM.unitTestPSM.MySQLManagerStub.java" Intrnl_Id="1488">
<LocList>
<Loc EndOffset="7293" SrcFileId="12" StartOffset="7273"/>
</LocList>
</BasicStmnt>
<BasicStmnt CovItemId="S107" CovItemPrefix="my.PSM.unitTestPSM.MySQLManagerStub.java" Intrnl_Id="1489">
<LocList>
<Loc EndOffset="7316" SrcFileId="12" StartOffset="7298"/>
</LocList>
</BasicStmnt>
<BasicStmnt CovItemId="S108" CovItemPrefix="my.PSM.unitTestPSM.MySQLManagerStub.java" Intrnl_Id="1490">
<LocList>
<Loc EndOffset="7341" SrcFileId="12" StartOffset="7321"/>
</LocList>
</BasicStmnt>
<BasicStmnt CovItemId="S109" CovItemPrefix="my.PSM.unitTestPSM.MySQLManagerStub.java" Intrnl_Id="1491">
<LocList>
<Loc EndOffset="7364" SrcFileId="12" StartOffset="7346"/>
</LocList>
</BasicStmnt>
<BasicStmnt CovItemId="S110" CovItemPrefix="my.PSM.unitTestPSM.MySQLManagerStub.java" Intrnl_Id="1492">
<LocList>
<Loc EndOffset="7389" SrcFileId="12" StartOffset="7369"/>
</LocList>
</BasicStmnt>
<BasicStmnt CovItemId="S111" CovItemPrefix="my.PSM.unitTestPSM.MySQLManagerStub.java" Intrnl_Id="1493">
<LocList>
<Loc EndOffset="7412" SrcFileId="12" StartOffset="7394"/>
</LocList>
</BasicStmnt>
<BasicStmnt CovItemId="S112" CovItemPrefix="my.PSM.unitTestPSM.MySQLManagerStub.java" Intrnl_Id="1494">
<LocList>
<Loc EndOffset="7437" SrcFileId="12" StartOffset="7417"/>
</LocList>
</BasicStmnt>
<BasicStmnt CovItemId="S113" CovItemPrefix="my.PSM.unitTestPSM.MySQLManagerStub.java" Intrnl_Id="1495">
<LocList>
<Loc EndOffset="7460" SrcFileId="12" StartOffset="7442"/>
</LocList>
</BasicStmnt>
<BasicStmnt CovItemId="S114" CovItemPrefix="my.PSM.unitTestPSM.MySQLManagerStub.java" Intrnl_Id="1496">
<LocList>
<Loc EndOffset="7485" SrcFileId="12" StartOffset="7465"/>
</LocList>
</BasicStmnt>
<BasicStmnt CovItemId="S115" CovItemPrefix="my.PSM.unitTestPSM.MySQLManagerStub.java" Intrnl_Id="1497">
<LocList>
<Loc EndOffset="7508" SrcFileId="12" StartOffset="7490"/>
</LocList>
</BasicStmnt>
</StmntSeq>
</Branch>
<Branch CovItemId="B10" CovItemPrefix="my.PSM.unitTestPSM.MySQLManagerStub.java" Implct="true" Intrnl_Id="1498">
<Cond/>
<LocList/>
<StmntSeq Intrnl_Id="1499">
<LocList/>
</StmntSeq>
</Branch>
<Keyword EndOffset="7057" SrcFileId="12" StartOffset="7055"/>
<LocList>
<Loc EndOffset="7513" SrcFileId="12" StartOffset="7055"/>
</LocList>
</CondStmnt>
</StmntSeq>
</HierarchyLvl>
<HierarchyLvl HierarchyLvlId="2944" HierarchyLvlTypeId="16" Intrnl_Id="1500" Name="createClassTable">
<Header>
<Loc EndOffset="7563" SrcFileId="12" StartOffset="7522"/>
</Header>
<LocList>
<Loc EndOffset="7629" SrcFileId="12" StartOffset="7522"/>
</LocList>
<StmntSeq Intrnl_Id="1501">
<LocList>
<Loc EndOffset="7625" SrcFileId="12" StartOffset="7616"/>
</LocList>
<BasicStmnt CovItemId="S116" CovItemPrefix="my.PSM.unitTestPSM.MySQLManagerStub.java" Intrnl_Id="1502">
<LocList>
<Loc EndOffset="7625" SrcFileId="12" StartOffset="7616"/>
</LocList>
</BasicStmnt>
</StmntSeq>
</HierarchyLvl>
</HierarchyLvl>
<HierarchyLvl HierarchyLvlId="2970" HierarchyLvlTypeId="15" Intrnl_Id="1503" Name="appControllerTest">
<Header>
<Loc EndOffset="338" SrcFileId="13" StartOffset="308"/>
</Header>
<LocList>
<Loc EndOffset="11029" SrcFileId="13" StartOffset="308"/>
</LocList>
<HierarchyLvl HierarchyLvlId="2946" HierarchyLvlTypeId="16" Intrnl_Id="1504" Name="runBeforeAllTest">
<Header>
<Loc EndOffset="522" SrcFileId="13" StartOffset="482"/>
</Header>
<LocList>
<Loc EndOffset="1044" SrcFileId="13" StartOffset="482"/>
</LocList>
<StmntSeq Intrnl_Id="1505">
<LocList>
<Loc EndOffset="610" SrcFileId="13" StartOffset="584"/>
<Loc EndOffset="650" SrcFileId="13" StartOffset="614"/>
<Loc EndOffset="730" SrcFileId="13" StartOffset="681"/>
<Loc EndOffset="795" SrcFileId="13" StartOffset="762"/>
<Loc EndOffset="855" SrcFileId="13" StartOffset="799"/>
<Loc EndOffset="963" SrcFileId="13" StartOffset="886"/>
<Loc EndOffset="1040" SrcFileId="13" StartOffset="998"/>
</LocList>
<BasicStmnt CovItemId="S1" CovItemPrefix="my.PSM.unitTestPSM.appControllerTest.java" Intrnl_Id="1506">
<LocList>
<Loc EndOffset="610" SrcFileId="13" StartOffset="584"/>
</LocList>
</BasicStmnt>
<BasicStmnt CovItemId="S2" CovItemPrefix="my.PSM.unitTestPSM.appControllerTest.java" Intrnl_Id="1507">
<LocList>
<Loc EndOffset="650" SrcFileId="13" StartOffset="614"/>
</LocList>
</BasicStmnt>
<BasicStmnt CovItemId="S3" CovItemPrefix="my.PSM.unitTestPSM.appControllerTest.java" Intrnl_Id="1508">
<LocList>
<Loc EndOffset="730" SrcFileId="13" StartOffset="681"/>
</LocList>
</BasicStmnt>
<BasicStmnt CovItemId="S4" CovItemPrefix="my.PSM.unitTestPSM.appControllerTest.java" Intrnl_Id="1509">
<LocList>
<Loc EndOffset="795" SrcFileId="13" StartOffset="762"/>
</LocList>
</BasicStmnt>
<BasicStmnt CovItemId="S5" CovItemPrefix="my.PSM.unitTestPSM.appControllerTest.java" Intrnl_Id="1510">
<LocList>
<Loc EndOffset="855" SrcFileId="13" StartOffset="799"/>
</LocList>
</BasicStmnt>
<BasicStmnt CovItemId="S6" CovItemPrefix="my.PSM.unitTestPSM.appControllerTest.java" Intrnl_Id="1511">
<LocList>
<Loc EndOffset="963" SrcFileId="13" StartOffset="886"/>
</LocList>
</BasicStmnt>
<BasicStmnt CovItemId="S7" CovItemPrefix="my.PSM.unitTestPSM.appControllerTest.java" Intrnl_Id="1512">
<LocList>
<Loc EndOffset="1040" SrcFileId="13" StartOffset="998"/>
</LocList>
</BasicStmnt>
</StmntSeq>
</HierarchyLvl>
<HierarchyLvl HierarchyLvlId="2947" HierarchyLvlTypeId="16" Intrnl_Id="1513" Name="runAfterAllTest">
<Header>
<Loc EndOffset="1085" SrcFileId="13" StartOffset="1047"/>
</Header>
<LocList>
<Loc EndOffset="1144" SrcFileId="13" StartOffset="1047"/>
</LocList>
<StmntSeq Intrnl_Id="1514">
<LocList>
<Loc EndOffset="1101" SrcFileId="13" StartOffset="1090"/>
<Loc EndOffset="1120" SrcFileId="13" StartOffset="1105"/>
<Loc EndOffset="1140" SrcFileId="13" StartOffset="1124"/>
</LocList>
<BasicStmnt CovItemId="S8" CovItemPrefix="my.PSM.unitTestPSM.appControllerTest.java" Intrnl_Id="1515">
<LocList>
<Loc EndOffset="1101" SrcFileId="13" StartOffset="1090"/>
</LocList>
</BasicStmnt>
<BasicStmnt CovItemId="S9" CovItemPrefix="my.PSM.unitTestPSM.appControllerTest.java" Intrnl_Id="1516">
<LocList>
<Loc EndOffset="1120" SrcFileId="13" StartOffset="1105"/>
</LocList>
</BasicStmnt>
<BasicStmnt CovItemId="S10" CovItemPrefix="my.PSM.unitTestPSM.appControllerTest.java" Intrnl_Id="1517">
<LocList>
<Loc EndOffset="1140" SrcFileId="13" StartOffset="1124"/>
</LocList>
</BasicStmnt>
</StmntSeq>
</HierarchyLvl>
<HierarchyLvl HierarchyLvlId="2948" HierarchyLvlTypeId="16" Intrnl_Id="1518" Name="testMyMain">
<Header>
<Loc EndOffset="1179" SrcFileId="13" StartOffset="1147"/>
</Header>
<LocList>
<Loc EndOffset="1528" SrcFileId="13" StartOffset="1147"/>
</LocList>
<StmntSeq Intrnl_Id="1519">
<LocList>
<Loc EndOffset="1237" SrcFileId="13" StartOffset="1209"/>
<Loc EndOffset="1267" SrcFileId="13" StartOffset="1241"/>
<Loc EndOffset="1295" SrcFileId="13" StartOffset="1271"/>
<Loc EndOffset="1314" SrcFileId="13" StartOffset="1301"/>
<Loc EndOffset="1409" SrcFileId="13" StartOffset="1373"/>
<Loc EndOffset="1447" SrcFileId="13" StartOffset="1413"/>
<Loc EndOffset="1490" SrcFileId="13" StartOffset="1451"/>
<Loc EndOffset="1524" SrcFileId="13" StartOffset="1494"/>
</LocList>
<BasicStmnt CovItemId="S11" CovItemPrefix="my.PSM.unitTestPSM.appControllerTest.java" Intrnl_Id="1520">
<LocList>
<Loc EndOffset="1237" SrcFileId="13" StartOffset="1209"/>
</LocList>
</BasicStmnt>
<BasicStmnt CovItemId="S12" CovItemPrefix="my.PSM.unitTestPSM.appControllerTest.java" Intrnl_Id="1521">
<LocList>
<Loc EndOffset="1267" SrcFileId="13" StartOffset="1241"/>
</LocList>
</BasicStmnt>
<BasicStmnt CovItemId="S13" CovItemPrefix="my.PSM.unitTestPSM.appControllerTest.java" Intrnl_Id="1522">
<LocList>
<Loc EndOffset="1295" SrcFileId="13" StartOffset="1271"/>
</LocList>
</BasicStmnt>
<BasicStmnt CovItemId="S14" CovItemPrefix="my.PSM.unitTestPSM.appControllerTest.java" Intrnl_Id="1523">
<LocList>
<Loc EndOffset="1314" SrcFileId="13" StartOffset="1301"/>
</LocList>
</BasicStmnt>
<BasicStmnt CovItemId="S15" CovItemPrefix="my.PSM.unitTestPSM.appControllerTest.java" Intrnl_Id="1524">
<LocList>
<Loc EndOffset="1409" SrcFileId="13" StartOffset="1373"/>
</LocList>
</BasicStmnt>
<BasicStmnt CovItemId="S16" CovItemPrefix="my.PSM.unitTestPSM.appControllerTest.java" Intrnl_Id="1525">
<LocList>
<Loc EndOffset="1447" SrcFileId="13" StartOffset="1413"/>
</LocList>
</BasicStmnt>
<BasicStmnt CovItemId="S17" CovItemPrefix="my.PSM.unitTestPSM.appControllerTest.java" Intrnl_Id="1526">
<LocList>
<Loc EndOffset="1490" SrcFileId="13" StartOffset="1451"/>
</LocList>
</BasicStmnt>
<BasicStmnt CovItemId="S18" CovItemPrefix="my.PSM.unitTestPSM.appControllerTest.java" Intrnl_Id="1527">
<LocList>
<Loc EndOffset="1524" SrcFileId="13" StartOffset="1494"/>
</LocList>
</BasicStmnt>
</StmntSeq>
</HierarchyLvl>
<HierarchyLvl HierarchyLvlId="2949" HierarchyLvlTypeId="16" Intrnl_Id="1528" Name="testAppMainMenu">
<Header>
<Loc EndOffset="1570" SrcFileId="13" StartOffset="1533"/>
</Header>
<LocList>
<Loc EndOffset="1726" SrcFileId="13" StartOffset="1533"/>
</LocList>
<StmntSeq Intrnl_Id="1529">
<LocList>
<Loc EndOffset="1621" SrcFileId="13" StartOffset="1599"/>
<Loc EndOffset="1647" SrcFileId="13" StartOffset="1629"/>
<Loc EndOffset="1722" SrcFileId="13" StartOffset="1691"/>
</LocList>
<BasicStmnt CovItemId="S19" CovItemPrefix="my.PSM.unitTestPSM.appControllerTest.java" Intrnl_Id="1530">
<LocList>
<Loc EndOffset="1621" SrcFileId="13" StartOffset="1599"/>
</LocList>
</BasicStmnt>
<BasicStmnt CovItemId="S20" CovItemPrefix="my.PSM.unitTestPSM.appControllerTest.java" Intrnl_Id="1531">
<LocList>
<Loc EndOffset="1647" SrcFileId="13" StartOffset="1629"/>
</LocList>
</BasicStmnt>
<BasicStmnt CovItemId="S21" CovItemPrefix="my.PSM.unitTestPSM.appControllerTest.java" Intrnl_Id="1532">
<LocList>
<Loc EndOffset="1722" SrcFileId="13" StartOffset="1691"/>
</LocList>
</BasicStmnt>
</StmntSeq>
</HierarchyLvl>
<HierarchyLvl HierarchyLvlId="2950" HierarchyLvlTypeId="16" Intrnl_Id="1533" Name="testAppMainMenu02">
<Header>
<Loc EndOffset="1768" SrcFileId="13" StartOffset="1729"/>
</Header>
<LocList>
<Loc EndOffset="1924" SrcFileId="13" StartOffset="1729"/>
</LocList>
<StmntSeq Intrnl_Id="1534">
<LocList>
<Loc EndOffset="1821" SrcFileId="13" StartOffset="1797"/>
<Loc EndOffset="1847" SrcFileId="13" StartOffset="1829"/>
<Loc EndOffset="1920" SrcFileId="13" StartOffset="1890"/>
</LocList>
<BasicStmnt CovItemId="S22" CovItemPrefix="my.PSM.unitTestPSM.appControllerTest.java" Intrnl_Id="1535">
<LocList>
<Loc EndOffset="1821" SrcFileId="13" StartOffset="1797"/>
</LocList>
</BasicStmnt>
<BasicStmnt CovItemId="S23" CovItemPrefix="my.PSM.unitTestPSM.appControllerTest.java" Intrnl_Id="1536">
<LocList>
<Loc EndOffset="1847" SrcFileId="13" StartOffset="1829"/>
</LocList>
</BasicStmnt>
<BasicStmnt CovItemId="S24" CovItemPrefix="my.PSM.unitTestPSM.appControllerTest.java" Intrnl_Id="1537">
<LocList>
<Loc EndOffset="1920" SrcFileId="13" StartOffset="1890"/>
</LocList>
</BasicStmnt>
</StmntSeq>
</HierarchyLvl>
<HierarchyLvl HierarchyLvlId="2951" HierarchyLvlTypeId="16" Intrnl_Id="1538" Name="testAppMainMenu03">
<Header>
<Loc EndOffset="1966" SrcFileId="13" StartOffset="1927"/>
</Header>
<LocList>
<Loc EndOffset="2128" SrcFileId="13" StartOffset="1927"/>
</LocList>
<StmntSeq Intrnl_Id="1539">
<LocList>
<Loc EndOffset="2017" SrcFileId="13" StartOffset="1995"/>
<Loc EndOffset="2043" SrcFileId="13" StartOffset="2025"/>
<Loc EndOffset="2124" SrcFileId="13" StartOffset="2090"/>
</LocList>
<BasicStmnt CovItemId="S25" CovItemPrefix="my.PSM.unitTestPSM.appControllerTest.java" Intrnl_Id="1540">
<LocList>
<Loc EndOffset="2017" SrcFileId="13" StartOffset="1995"/>
</LocList>
</BasicStmnt>
<BasicStmnt CovItemId="S26" CovItemPrefix="my.PSM.unitTestPSM.appControllerTest.java" Intrnl_Id="1541">
<LocList>
<Loc EndOffset="2043" SrcFileId="13" StartOffset="2025"/>
</LocList>
</BasicStmnt>
<BasicStmnt CovItemId="S27" CovItemPrefix="my.PSM.unitTestPSM.appControllerTest.java" Intrnl_Id="1542">
<LocList>
<Loc EndOffset="2124" SrcFileId="13" StartOffset="2090"/>
</LocList>
</BasicStmnt>
</StmntSeq>
</HierarchyLvl>
<HierarchyLvl HierarchyLvlId="2952" HierarchyLvlTypeId="16" Intrnl_Id="1543" Name="testSetupSched">
<Header>
<Loc EndOffset="2167" SrcFileId="13" StartOffset="2131"/>
</Header>
<LocList>
<Loc EndOffset="3634" SrcFileId="13" StartOffset="2131"/>
</LocList>
<StmntSeq Intrnl_Id="1544">
<LocList>
<Loc EndOffset="2225" SrcFileId="13" StartOffset="2201"/>
<Loc EndOffset="2402" SrcFileId="13" StartOffset="2229"/>
<Loc EndOffset="2427" SrcFileId="13" StartOffset="2410"/>
<Loc EndOffset="2546" SrcFileId="13" StartOffset="2495"/>
<Loc EndOffset="2624" SrcFileId="13" StartOffset="2550"/>
<Loc EndOffset="2682" SrcFileId="13" StartOffset="2628"/>
<Loc EndOffset="2746" SrcFileId="13" StartOffset="2686"/>
<Loc EndOffset="2817" SrcFileId="13" StartOffset="2750"/>
<Loc EndOffset="2886" SrcFileId="13" StartOffset="2821"/>
<Loc EndOffset="2948" SrcFileId="13" StartOffset="2890"/>
<Loc EndOffset="3008" SrcFileId="13" StartOffset="2952"/>
<Loc EndOffset="3073" SrcFileId="13" StartOffset="3012"/>
<Loc EndOffset="3136" SrcFileId="13" StartOffset="3077"/>
<Loc EndOffset="3198" SrcFileId="13" StartOffset="3140"/>
<Loc EndOffset="3258" SrcFileId="13" StartOffset="3202"/>
<Loc EndOffset="3323" SrcFileId="13" StartOffset="3262"/>
<Loc EndOffset="3386" SrcFileId="13" StartOffset="3327"/>
<Loc EndOffset="3448" SrcFileId="13" StartOffset="3390"/>
<Loc EndOffset="3508" SrcFileId="13" StartOffset="3452"/>
<Loc EndOffset="3570" SrcFileId="13" StartOffset="3512"/>
<Loc EndOffset="3630" SrcFileId="13" StartOffset="3574"/>
</LocList>
<BasicStmnt CovItemId="S28" CovItemPrefix="my.PSM.unitTestPSM.appControllerTest.java" Intrnl_Id="1545">
<LocList>
<Loc EndOffset="2225" SrcFileId="13" StartOffset="2201"/>
</LocList>
</BasicStmnt>
<BasicStmnt CovItemId="S29" CovItemPrefix="my.PSM.unitTestPSM.appControllerTest.java" Intrnl_Id="1546">
<LocList>
<Loc EndOffset="2402" SrcFileId="13" StartOffset="2229"/>
</LocList>
</BasicStmnt>
<BasicStmnt CovItemId="S30" CovItemPrefix="my.PSM.unitTestPSM.appControllerTest.java" Intrnl_Id="1547">
<LocList>
<Loc EndOffset="2427" SrcFileId="13" StartOffset="2410"/>
</LocList>
</BasicStmnt>
<BasicStmnt CovItemId="S31" CovItemPrefix="my.PSM.unitTestPSM.appControllerTest.java" Intrnl_Id="1548">
<LocList>
<Loc EndOffset="2546" SrcFileId="13" StartOffset="2495"/>
</LocList>
</BasicStmnt>
<BasicStmnt CovItemId="S32" CovItemPrefix="my.PSM.unitTestPSM.appControllerTest.java" Intrnl_Id="1549">
<LocList>
<Loc EndOffset="2624" SrcFileId="13" StartOffset="2550"/>
</LocList>
</BasicStmnt>
<BasicStmnt CovItemId="S33" CovItemPrefix="my.PSM.unitTestPSM.appControllerTest.java" Intrnl_Id="1550">
<LocList>
<Loc EndOffset="2682" SrcFileId="13" StartOffset="2628"/>
</LocList>
</BasicStmnt>
<BasicStmnt CovItemId="S34" CovItemPrefix="my.PSM.unitTestPSM.appControllerTest.java" Intrnl_Id="1551">
<LocList>
<Loc EndOffset="2746" SrcFileId="13" StartOffset="2686"/>
</LocList>
</BasicStmnt>
<BasicStmnt CovItemId="S35" CovItemPrefix="my.PSM.unitTestPSM.appControllerTest.java" Intrnl_Id="1552">
<LocList>
<Loc EndOffset="2817" SrcFileId="13" StartOffset="2750"/>
</LocList>
</BasicStmnt>
<BasicStmnt CovItemId="S36" CovItemPrefix="my.PSM.unitTestPSM.appControllerTest.java" Intrnl_Id="1553">
<LocList>
<Loc EndOffset="2886" SrcFileId="13" StartOffset="2821"/>
</LocList>
</BasicStmnt>
<BasicStmnt CovItemId="S37" CovItemPrefix="my.PSM.unitTestPSM.appControllerTest.java" Intrnl_Id="1554">
<LocList>
<Loc EndOffset="2948" SrcFileId="13" StartOffset="2890"/>
</LocList>
</BasicStmnt>
<BasicStmnt CovItemId="S38" CovItemPrefix="my.PSM.unitTestPSM.appControllerTest.java" Intrnl_Id="1555">
<LocList>
<Loc EndOffset="3008" SrcFileId="13" StartOffset="2952"/>
</LocList>
</BasicStmnt>
<BasicStmnt CovItemId="S39" CovItemPrefix="my.PSM.unitTestPSM.appControllerTest.java" Intrnl_Id="1556">
<LocList>
<Loc EndOffset="3073" SrcFileId="13" StartOffset="3012"/>
</LocList>
</BasicStmnt>
<BasicStmnt CovItemId="S40" CovItemPrefix="my.PSM.unitTestPSM.appControllerTest.java" Intrnl_Id="1557">
<LocList>
<Loc EndOffset="3136" SrcFileId="13" StartOffset="3077"/>
</LocList>
</BasicStmnt>
<BasicStmnt CovItemId="S41" CovItemPrefix="my.PSM.unitTestPSM.appControllerTest.java" Intrnl_Id="1558">
<LocList>
<Loc EndOffset="3198" SrcFileId="13" StartOffset="3140"/>
</LocList>
</BasicStmnt>
<BasicStmnt CovItemId="S42" CovItemPrefix="my.PSM.unitTestPSM.appControllerTest.java" Intrnl_Id="1559">
<LocList>
<Loc EndOffset="3258" SrcFileId="13" StartOffset="3202"/>
</LocList>
</BasicStmnt>
<BasicStmnt CovItemId="S43" CovItemPrefix="my.PSM.unitTestPSM.appControllerTest.java" Intrnl_Id="1560">
<LocList>
<Loc EndOffset="3323" SrcFileId="13" StartOffset="3262"/>
</LocList>
</BasicStmnt>
<BasicStmnt CovItemId="S44" CovItemPrefix="my.PSM.unitTestPSM.appControllerTest.java" Intrnl_Id="1561">
<LocList>
<Loc EndOffset="3386" SrcFileId="13" StartOffset="3327"/>
</LocList>
</BasicStmnt>
<BasicStmnt CovItemId="S45" CovItemPrefix="my.PSM.unitTestPSM.appControllerTest.java" Intrnl_Id="1562">
<LocList>
<Loc EndOffset="3448" SrcFileId="13" StartOffset="3390"/>
</LocList>
</BasicStmnt>
<BasicStmnt CovItemId="S46" CovItemPrefix="my.PSM.unitTestPSM.appControllerTest.java" Intrnl_Id="1563">
<LocList>
<Loc EndOffset="3508" SrcFileId="13" StartOffset="3452"/>
</LocList>
</BasicStmnt>
<BasicStmnt CovItemId="S47" CovItemPrefix="my.PSM.unitTestPSM.appControllerTest.java" Intrnl_Id="1564">
<LocList>
<Loc EndOffset="3570" SrcFileId="13" StartOffset="3512"/>
</LocList>
</BasicStmnt>
<BasicStmnt CovItemId="S48" CovItemPrefix="my.PSM.unitTestPSM.appControllerTest.java" Intrnl_Id="1565">
<LocList>
<Loc EndOffset="3630" SrcFileId="13" StartOffset="3574"/>
</LocList>
</BasicStmnt>
</StmntSeq>
</HierarchyLvl>
<HierarchyLvl HierarchyLvlId="2953" HierarchyLvlTypeId="16" Intrnl_Id="1566" Name="testAppEditSched">
<Header>
<Loc EndOffset="3677" SrcFileId="13" StartOffset="3639"/>
</Header>
<LocList>
<Loc EndOffset="4988" SrcFileId="13" StartOffset="3639"/>
</LocList>
<StmntSeq Intrnl_Id="1567">
<LocList>
<Loc EndOffset="3768" SrcFileId="13" StartOffset="3741"/>
<Loc EndOffset="3824" SrcFileId="13" StartOffset="3800"/>
<Loc EndOffset="4001" SrcFileId="13" StartOffset="3828"/>
<Loc EndOffset="4036" SrcFileId="13" StartOffset="4017"/>
<Loc EndOffset="4171" SrcFileId="13" StartOffset="4104"/>
<Loc EndOffset="4240" SrcFileId="13" StartOffset="4175"/>
<Loc EndOffset="4302" SrcFileId="13" StartOffset="4244"/>
<Loc EndOffset="4362" SrcFileId="13" StartOffset="4306"/>
<Loc EndOffset="4427" SrcFileId="13" StartOffset="4366"/>
<Loc EndOffset="4490" SrcFileId="13" StartOffset="4431"/>
<Loc EndOffset="4552" SrcFileId="13" StartOffset="4494"/>
<Loc EndOffset="4612" SrcFileId="13" StartOffset="4556"/>
<Loc EndOffset="4677" SrcFileId="13" StartOffset="4616"/>
<Loc EndOffset="4740" SrcFileId="13" StartOffset="4681"/>
<Loc EndOffset="4802" SrcFileId="13" StartOffset="4744"/>
<Loc EndOffset="4862" SrcFileId="13" StartOffset="4806"/>
<Loc EndOffset="4924" SrcFileId="13" StartOffset="4866"/>
<Loc EndOffset="4984" SrcFileId="13" StartOffset="4928"/>
</LocList>
<BasicStmnt CovItemId="S49" CovItemPrefix="my.PSM.unitTestPSM.appControllerTest.java" Intrnl_Id="1568">
<LocList>
<Loc EndOffset="3768" SrcFileId="13" StartOffset="3741"/>
</LocList>
</BasicStmnt>
<BasicStmnt CovItemId="S50" CovItemPrefix="my.PSM.unitTestPSM.appControllerTest.java" Intrnl_Id="1569">
<LocList>
<Loc EndOffset="3824" SrcFileId="13" StartOffset="3800"/>
</LocList>
</BasicStmnt>
<BasicStmnt CovItemId="S51" CovItemPrefix="my.PSM.unitTestPSM.appControllerTest.java" Intrnl_Id="1570">
<LocList>
<Loc EndOffset="4001" SrcFileId="13" StartOffset="3828"/>
</LocList>
</BasicStmnt>
<BasicStmnt CovItemId="S52" CovItemPrefix="my.PSM.unitTestPSM.appControllerTest.java" Intrnl_Id="1571">
<LocList>
<Loc EndOffset="4036" SrcFileId="13" StartOffset="4017"/>
</LocList>
</BasicStmnt>
<BasicStmnt CovItemId="S53" CovItemPrefix="my.PSM.unitTestPSM.appControllerTest.java" Intrnl_Id="1572">
<LocList>
<Loc EndOffset="4171" SrcFileId="13" StartOffset="4104"/>
</LocList>
</BasicStmnt>
<BasicStmnt CovItemId="S54" CovItemPrefix="my.PSM.unitTestPSM.appControllerTest.java" Intrnl_Id="1573">
<LocList>
<Loc EndOffset="4240" SrcFileId="13" StartOffset="4175"/>
</LocList>
</BasicStmnt>
<BasicStmnt CovItemId="S55" CovItemPrefix="my.PSM.unitTestPSM.appControllerTest.java" Intrnl_Id="1574">
<LocList>
<Loc EndOffset="4302" SrcFileId="13" StartOffset="4244"/>
</LocList>
</BasicStmnt>
<BasicStmnt CovItemId="S56" CovItemPrefix="my.PSM.unitTestPSM.appControllerTest.java" Intrnl_Id="1575">
<LocList>
<Loc EndOffset="4362" SrcFileId="13" StartOffset="4306"/>
</LocList>
</BasicStmnt>
<BasicStmnt CovItemId="S57" CovItemPrefix="my.PSM.unitTestPSM.appControllerTest.java" Intrnl_Id="1576">
<LocList>
<Loc EndOffset="4427" SrcFileId="13" StartOffset="4366"/>
</LocList>
</BasicStmnt>
<BasicStmnt CovItemId="S58" CovItemPrefix="my.PSM.unitTestPSM.appControllerTest.java" Intrnl_Id="1577">
<LocList>
<Loc EndOffset="4490" SrcFileId="13" StartOffset="4431"/>
</LocList>
</BasicStmnt>
<BasicStmnt CovItemId="S59" CovItemPrefix="my.PSM.unitTestPSM.appControllerTest.java" Intrnl_Id="1578">
<LocList>
<Loc EndOffset="4552" SrcFileId="13" StartOffset="4494"/>
</LocList>
</BasicStmnt>
<BasicStmnt CovItemId="S60" CovItemPrefix="my.PSM.unitTestPSM.appControllerTest.java" Intrnl_Id="1579">
<LocList>
<Loc EndOffset="4612" SrcFileId="13" StartOffset="4556"/>
</LocList>
</BasicStmnt>
<BasicStmnt CovItemId="S61" CovItemPrefix="my.PSM.unitTestPSM.appControllerTest.java" Intrnl_Id="1580">
<LocList>
<Loc EndOffset="4677" SrcFileId="13" StartOffset="4616"/>
</LocList>
</BasicStmnt>
<BasicStmnt CovItemId="S62" CovItemPrefix="my.PSM.unitTestPSM.appControllerTest.java" Intrnl_Id="1581">
<LocList>
<Loc EndOffset="4740" SrcFileId="13" StartOffset="4681"/>
</LocList>
</BasicStmnt>
<BasicStmnt CovItemId="S63" CovItemPrefix="my.PSM.unitTestPSM.appControllerTest.java" Intrnl_Id="1582">
<LocList>
<Loc EndOffset="4802" SrcFileId="13" StartOffset="4744"/>
</LocList>
</BasicStmnt>
<BasicStmnt CovItemId="S64" CovItemPrefix="my.PSM.unitTestPSM.appControllerTest.java" Intrnl_Id="1583">
<LocList>
<Loc EndOffset="4862" SrcFileId="13" StartOffset="4806"/>
</LocList>
</BasicStmnt>
<BasicStmnt CovItemId="S65" CovItemPrefix="my.PSM.unitTestPSM.appControllerTest.java" Intrnl_Id="1584">
<LocList>
<Loc EndOffset="4924" SrcFileId="13" StartOffset="4866"/>
</LocList>
</BasicStmnt>
<BasicStmnt CovItemId="S66" CovItemPrefix="my.PSM.unitTestPSM.appControllerTest.java" Intrnl_Id="1585">
<LocList>
<Loc EndOffset="4984" SrcFileId="13" StartOffset="4928"/>
</LocList>
</BasicStmnt>
</StmntSeq>
</HierarchyLvl>
<HierarchyLvl HierarchyLvlId="2954" HierarchyLvlTypeId="16" Intrnl_Id="1586" Name="testAppLogin">
<Header>
<Loc EndOffset="5027" SrcFileId="13" StartOffset="4993"/>
</Header>
<LocList>
<Loc EndOffset="5348" SrcFileId="13" StartOffset="4993"/>
</LocList>
<StmntSeq Intrnl_Id="1587">
<LocList>
<Loc EndOffset="5085" SrcFileId="13" StartOffset="5057"/>
<Loc EndOffset="5115" SrcFileId="13" StartOffset="5089"/>
<Loc EndOffset="5138" SrcFileId="13" StartOffset="5123"/>
<Loc EndOffset="5252" SrcFileId="13" StartOffset="5215"/>
<Loc EndOffset="5299" SrcFileId="13" StartOffset="5256"/>
<Loc EndOffset="5344" SrcFileId="13" StartOffset="5303"/>
</LocList>
<BasicStmnt CovItemId="S67" CovItemPrefix="my.PSM.unitTestPSM.appControllerTest.java" Intrnl_Id="1588">
<LocList>
<Loc EndOffset="5085" SrcFileId="13" StartOffset="5057"/>
</LocList>
</BasicStmnt>
<BasicStmnt CovItemId="S68" CovItemPrefix="my.PSM.unitTestPSM.appControllerTest.java" Intrnl_Id="1589">
<LocList>
<Loc EndOffset="5115" SrcFileId="13" StartOffset="5089"/>
</LocList>
</BasicStmnt>
<BasicStmnt CovItemId="S69" CovItemPrefix="my.PSM.unitTestPSM.appControllerTest.java" Intrnl_Id="1590">
<LocList>
<Loc EndOffset="5138" SrcFileId="13" StartOffset="5123"/>
</LocList>
</BasicStmnt>
<BasicStmnt CovItemId="S70" CovItemPrefix="my.PSM.unitTestPSM.appControllerTest.java" Intrnl_Id="1591">
<LocList>
<Loc EndOffset="5252" SrcFileId="13" StartOffset="5215"/>
</LocList>
</BasicStmnt>
<BasicStmnt CovItemId="S71" CovItemPrefix="my.PSM.unitTestPSM.appControllerTest.java" Intrnl_Id="1592">
<LocList>
<Loc EndOffset="5299" SrcFileId="13" StartOffset="5256"/>
</LocList>
</BasicStmnt>
<BasicStmnt CovItemId="S72" CovItemPrefix="my.PSM.unitTestPSM.appControllerTest.java" Intrnl_Id="1593">
<LocList>
<Loc EndOffset="5344" SrcFileId="13" StartOffset="5303"/>
</LocList>
</BasicStmnt>
</StmntSeq>
</HierarchyLvl>
<HierarchyLvl HierarchyLvlId="2955" HierarchyLvlTypeId="16" Intrnl_Id="1594" Name="testAppLogin02">
<Header>
<Loc EndOffset="5389" SrcFileId="13" StartOffset="5353"/>
</Header>
<LocList>
<Loc EndOffset="5759" SrcFileId="13" StartOffset="5353"/>
</LocList>
<StmntSeq Intrnl_Id="1595">
<LocList>
<Loc EndOffset="5448" SrcFileId="13" StartOffset="5419"/>
<Loc EndOffset="5482" SrcFileId="13" StartOffset="5452"/>
<Loc EndOffset="5505" SrcFileId="13" StartOffset="5490"/>
<Loc EndOffset="5634" SrcFileId="13" StartOffset="5595"/>
<Loc EndOffset="5672" SrcFileId="13" StartOffset="5638"/>
<Loc EndOffset="5713" SrcFileId="13" StartOffset="5676"/>
<Loc EndOffset="5755" SrcFileId="13" StartOffset="5717"/>
</LocList>
<BasicStmnt CovItemId="S73" CovItemPrefix="my.PSM.unitTestPSM.appControllerTest.java" Intrnl_Id="1596">
<LocList>
<Loc EndOffset="5448" SrcFileId="13" StartOffset="5419"/>
</LocList>
</BasicStmnt>
<BasicStmnt CovItemId="S74" CovItemPrefix="my.PSM.unitTestPSM.appControllerTest.java" Intrnl_Id="1597">
<LocList>
<Loc EndOffset="5482" SrcFileId="13" StartOffset="5452"/>
</LocList>
</BasicStmnt>
<BasicStmnt CovItemId="S75" CovItemPrefix="my.PSM.unitTestPSM.appControllerTest.java" Intrnl_Id="1598">
<LocList>
<Loc EndOffset="5505" SrcFileId="13" StartOffset="5490"/>
</LocList>
</BasicStmnt>
<BasicStmnt CovItemId="S76" CovItemPrefix="my.PSM.unitTestPSM.appControllerTest.java" Intrnl_Id="1599">
<LocList>
<Loc EndOffset="5634" SrcFileId="13" StartOffset="5595"/>
</LocList>
</BasicStmnt>
<BasicStmnt CovItemId="S77" CovItemPrefix="my.PSM.unitTestPSM.appControllerTest.java" Intrnl_Id="1600">
<LocList>
<Loc EndOffset="5672" SrcFileId="13" StartOffset="5638"/>
</LocList>
</BasicStmnt>
<BasicStmnt CovItemId="S78" CovItemPrefix="my.PSM.unitTestPSM.appControllerTest.java" Intrnl_Id="1601">
<LocList>
<Loc EndOffset="5713" SrcFileId="13" StartOffset="5676"/>
</LocList>
</BasicStmnt>
<BasicStmnt CovItemId="S79" CovItemPrefix="my.PSM.unitTestPSM.appControllerTest.java" Intrnl_Id="1602">
<LocList>
<Loc EndOffset="5755" SrcFileId="13" StartOffset="5717"/>
</LocList>
</BasicStmnt>
</StmntSeq>
</HierarchyLvl>
<HierarchyLvl HierarchyLvlId="2956" HierarchyLvlTypeId="16" Intrnl_Id="1603" Name="testCheckClear">
<Header>
<Loc EndOffset="5798" SrcFileId="13" StartOffset="5762"/>
</Header>
<LocList>
<Loc EndOffset="5931" SrcFileId="13" StartOffset="5762"/>
</LocList>
<StmntSeq Intrnl_Id="1604">
<LocList>
<Loc EndOffset="5923" SrcFileId="13" StartOffset="5887"/>
</LocList>
<BasicStmnt CovItemId="S80" CovItemPrefix="my.PSM.unitTestPSM.appControllerTest.java" Intrnl_Id="1605">
<LocList>
<Loc EndOffset="5923" SrcFileId="13" StartOffset="5887"/>
</LocList>
</BasicStmnt>
</StmntSeq>
</HierarchyLvl>
<HierarchyLvl HierarchyLvlId="2957" HierarchyLvlTypeId="16" Intrnl_Id="1606" Name="testCheckClear02">
<Header>
<Loc EndOffset="5975" SrcFileId="13" StartOffset="5937"/>
</Header>
<LocList>
<Loc EndOffset="6487" SrcFileId="13" StartOffset="5937"/>
</LocList>
<StmntSeq Intrnl_Id="1607">
<LocList>
<Loc EndOffset="6217" SrcFileId="13" StartOffset="6039"/>
<Loc EndOffset="6403" SrcFileId="13" StartOffset="6221"/>
<Loc EndOffset="6483" SrcFileId="13" StartOffset="6447"/>
</LocList>
<BasicStmnt CovItemId="S81" CovItemPrefix="my.PSM.unitTestPSM.appControllerTest.java" Intrnl_Id="1608">
<LocList>
<Loc EndOffset="6217" SrcFileId="13" StartOffset="6039"/>
</LocList>
</BasicStmnt>
<BasicStmnt CovItemId="S82" CovItemPrefix="my.PSM.unitTestPSM.appControllerTest.java" Intrnl_Id="1609">
<LocList>
<Loc EndOffset="6403" SrcFileId="13" StartOffset="6221"/>
</LocList>
</BasicStmnt>
<BasicStmnt CovItemId="S83" CovItemPrefix="my.PSM.unitTestPSM.appControllerTest.java" Intrnl_Id="1610">
<LocList>
<Loc EndOffset="6483" SrcFileId="13" StartOffset="6447"/>
</LocList>
</BasicStmnt>
</StmntSeq>
</HierarchyLvl>
<HierarchyLvl HierarchyLvlId="2958" HierarchyLvlTypeId="16" Intrnl_Id="1611" Name="testCheckClear03">
<Header>
<Loc EndOffset="6530" SrcFileId="13" StartOffset="6492"/>
</Header>
<LocList>
<Loc EndOffset="7059" SrcFileId="13" StartOffset="6492"/>
</LocList>
<StmntSeq Intrnl_Id="1612">
<LocList>
<Loc EndOffset="6775" SrcFileId="13" StartOffset="6597"/>
<Loc EndOffset="6961" SrcFileId="13" StartOffset="6779"/>
<Loc EndOffset="7051" SrcFileId="13" StartOffset="7006"/>
</LocList>
<BasicStmnt CovItemId="S84" CovItemPrefix="my.PSM.unitTestPSM.appControllerTest.java" Intrnl_Id="1613">
<LocList>
<Loc EndOffset="6775" SrcFileId="13" StartOffset="6597"/>
</LocList>
</BasicStmnt>
<BasicStmnt CovItemId="S85" CovItemPrefix="my.PSM.unitTestPSM.appControllerTest.java" Intrnl_Id="1614">
<LocList>
<Loc EndOffset="6961" SrcFileId="13" StartOffset="6779"/>
</LocList>
</BasicStmnt>
<BasicStmnt CovItemId="S86" CovItemPrefix="my.PSM.unitTestPSM.appControllerTest.java" Intrnl_Id="1615">
<LocList>
<Loc EndOffset="7051" SrcFileId="13" StartOffset="7006"/>
</LocList>
</BasicStmnt>
</StmntSeq>
</HierarchyLvl>
<HierarchyLvl HierarchyLvlId="2959" HierarchyLvlTypeId="16" Intrnl_Id="1616" Name="testGetData">
<Header>
<Loc EndOffset="7097" SrcFileId="13" StartOffset="7064"/>
</Header>
<LocList>
<Loc EndOffset="8289" SrcFileId="13" StartOffset="7064"/>
</LocList>
<StmntSeq Intrnl_Id="1617">
<LocList>
<Loc EndOffset="7339" SrcFileId="13" StartOffset="7161"/>
<Loc EndOffset="7365" SrcFileId="13" StartOffset="7347"/>
<Loc EndOffset="7516" SrcFileId="13" StartOffset="7457"/>
<Loc EndOffset="7559" SrcFileId="13" StartOffset="7520"/>
<Loc EndOffset="7611" SrcFileId="13" StartOffset="7563"/>
<Loc EndOffset="7667" SrcFileId="13" StartOffset="7615"/>
<Loc EndOffset="7721" SrcFileId="13" StartOffset="7671"/>
<Loc EndOffset="7768" SrcFileId="13" StartOffset="7725"/>
<Loc EndOffset="7813" SrcFileId="13" StartOffset="7772"/>
<Loc EndOffset="7863" SrcFileId="13" StartOffset="7817"/>
<Loc EndOffset="7911" SrcFileId="13" StartOffset="7867"/>
<Loc EndOffset="7958" SrcFileId="13" StartOffset="7915"/>
<Loc EndOffset="8003" SrcFileId="13" StartOffset="7962"/>
<Loc EndOffset="8053" SrcFileId="13" StartOffset="8007"/>
<Loc EndOffset="8101" SrcFileId="13" StartOffset="8057"/>
<Loc EndOffset="8148" SrcFileId="13" StartOffset="8105"/>
<Loc EndOffset="8193" SrcFileId="13" StartOffset="8152"/>
<Loc EndOffset="8240" SrcFileId="13" StartOffset="8197"/>
<Loc EndOffset="8285" SrcFileId="13" StartOffset="8244"/>
</LocList>
<BasicStmnt CovItemId="S87" CovItemPrefix="my.PSM.unitTestPSM.appControllerTest.java" Intrnl_Id="1618">
<LocList>
<Loc EndOffset="7339" SrcFileId="13" StartOffset="7161"/>
</LocList>
</BasicStmnt>
<BasicStmnt CovItemId="S88" CovItemPrefix="my.PSM.unitTestPSM.appControllerTest.java" Intrnl_Id="1619">
<LocList>
<Loc EndOffset="7365" SrcFileId="13" StartOffset="7347"/>
</LocList>
</BasicStmnt>
<BasicStmnt CovItemId="S89" CovItemPrefix="my.PSM.unitTestPSM.appControllerTest.java" Intrnl_Id="1620">
<LocList>
<Loc EndOffset="7516" SrcFileId="13" StartOffset="7457"/>
</LocList>
</BasicStmnt>
<BasicStmnt CovItemId="S90" CovItemPrefix="my.PSM.unitTestPSM.appControllerTest.java" Intrnl_Id="1621">
<LocList>
<Loc EndOffset="7559" SrcFileId="13" StartOffset="7520"/>
</LocList>
</BasicStmnt>
<BasicStmnt CovItemId="S91" CovItemPrefix="my.PSM.unitTestPSM.appControllerTest.java" Intrnl_Id="1622">
<LocList>
<Loc EndOffset="7611" SrcFileId="13" StartOffset="7563"/>
</LocList>
</BasicStmnt>
<BasicStmnt CovItemId="S92" CovItemPrefix="my.PSM.unitTestPSM.appControllerTest.java" Intrnl_Id="1623">
<LocList>
<Loc EndOffset="7667" SrcFileId="13" StartOffset="7615"/>
</LocList>
</BasicStmnt>
<BasicStmnt CovItemId="S93" CovItemPrefix="my.PSM.unitTestPSM.appControllerTest.java" Intrnl_Id="1624">
<LocList>
<Loc EndOffset="7721" SrcFileId="13" StartOffset="7671"/>
</LocList>
</BasicStmnt>
<BasicStmnt CovItemId="S94" CovItemPrefix="my.PSM.unitTestPSM.appControllerTest.java" Intrnl_Id="1625">
<LocList>
<Loc EndOffset="7768" SrcFileId="13" StartOffset="7725"/>
</LocList>
</BasicStmnt>
<BasicStmnt CovItemId="S95" CovItemPrefix="my.PSM.unitTestPSM.appControllerTest.java" Intrnl_Id="1626">
<LocList>
<Loc EndOffset="7813" SrcFileId="13" StartOffset="7772"/>
</LocList>
</BasicStmnt>
<BasicStmnt CovItemId="S96" CovItemPrefix="my.PSM.unitTestPSM.appControllerTest.java" Intrnl_Id="1627">
<LocList>
<Loc EndOffset="7863" SrcFileId="13" StartOffset="7817"/>
</LocList>
</BasicStmnt>
<BasicStmnt CovItemId="S97" CovItemPrefix="my.PSM.unitTestPSM.appControllerTest.java" Intrnl_Id="1628">
<LocList>
<Loc EndOffset="7911" SrcFileId="13" StartOffset="7867"/>
</LocList>
</BasicStmnt>
<BasicStmnt CovItemId="S98" CovItemPrefix="my.PSM.unitTestPSM.appControllerTest.java" Intrnl_Id="1629">
<LocList>
<Loc EndOffset="7958" SrcFileId="13" StartOffset="7915"/>
</LocList>
</BasicStmnt>
<BasicStmnt CovItemId="S99" CovItemPrefix="my.PSM.unitTestPSM.appControllerTest.java" Intrnl_Id="1630">
<LocList>
<Loc EndOffset="8003" SrcFileId="13" StartOffset="7962"/>
</LocList>
</BasicStmnt>
<BasicStmnt CovItemId="S100" CovItemPrefix="my.PSM.unitTestPSM.appControllerTest.java" Intrnl_Id="1631">
<LocList>
<Loc EndOffset="8053" SrcFileId="13" StartOffset="8007"/>
</LocList>
</BasicStmnt>
<BasicStmnt CovItemId="S101" CovItemPrefix="my.PSM.unitTestPSM.appControllerTest.java" Intrnl_Id="1632">
<LocList>
<Loc EndOffset="8101" SrcFileId="13" StartOffset="8057"/>
</LocList>
</BasicStmnt>
<BasicStmnt CovItemId="S102" CovItemPrefix="my.PSM.unitTestPSM.appControllerTest.java" Intrnl_Id="1633">
<LocList>
<Loc EndOffset="8148" SrcFileId="13" StartOffset="8105"/>
</LocList>
</BasicStmnt>
<BasicStmnt CovItemId="S103" CovItemPrefix="my.PSM.unitTestPSM.appControllerTest.java" Intrnl_Id="1634">
<LocList>
<Loc EndOffset="8193" SrcFileId="13" StartOffset="8152"/>
</LocList>
</BasicStmnt>
<BasicStmnt CovItemId="S104" CovItemPrefix="my.PSM.unitTestPSM.appControllerTest.java" Intrnl_Id="1635">
<LocList>
<Loc EndOffset="8240" SrcFileId="13" StartOffset="8197"/>
</LocList>
</BasicStmnt>
<BasicStmnt CovItemId="S105" CovItemPrefix="my.PSM.unitTestPSM.appControllerTest.java" Intrnl_Id="1636">
<LocList>
<Loc EndOffset="8285" SrcFileId="13" StartOffset="8244"/>
</LocList>
</BasicStmnt>
</StmntSeq>
</HierarchyLvl>
<HierarchyLvl HierarchyLvlId="2960" HierarchyLvlTypeId="16" Intrnl_Id="1637" Name="testSleep">
<Header>
<Loc EndOffset="8325" SrcFileId="13" StartOffset="8294"/>
</Header>
<LocList>
<Loc EndOffset="8512" SrcFileId="13" StartOffset="8294"/>
</LocList>
<StmntSeq Intrnl_Id="1638">
<LocList>
<Loc EndOffset="8371" SrcFileId="13" StartOffset="8331"/>
<Loc EndOffset="8388" SrcFileId="13" StartOffset="8375"/>
<Loc EndOffset="8430" SrcFileId="13" StartOffset="8392"/>
<Loc EndOffset="8508" SrcFileId="13" StartOffset="8474"/>
</LocList>
<BasicStmnt CovItemId="S106" CovItemPrefix="my.PSM.unitTestPSM.appControllerTest.java" Intrnl_Id="1639">
<LocList>
<Loc EndOffset="8371" SrcFileId="13" StartOffset="8331"/>
</LocList>
</BasicStmnt>
<BasicStmnt CovItemId="S107" CovItemPrefix="my.PSM.unitTestPSM.appControllerTest.java" Intrnl_Id="1640">
<LocList>
<Loc EndOffset="8388" SrcFileId="13" StartOffset="8375"/>
</LocList>
</BasicStmnt>
<BasicStmnt CovItemId="S108" CovItemPrefix="my.PSM.unitTestPSM.appControllerTest.java" Intrnl_Id="1641">
<LocList>
<Loc EndOffset="8430" SrcFileId="13" StartOffset="8392"/>
</LocList>
</BasicStmnt>
<BasicStmnt CovItemId="S109" CovItemPrefix="my.PSM.unitTestPSM.appControllerTest.java" Intrnl_Id="1642">
<LocList>
<Loc EndOffset="8508" SrcFileId="13" StartOffset="8474"/>
</LocList>
</BasicStmnt>
</StmntSeq>
</HierarchyLvl>
<HierarchyLvl HierarchyLvlId="2961" HierarchyLvlTypeId="16" Intrnl_Id="1643" Name="testLogIn">
<Header>
<Loc EndOffset="8548" SrcFileId="13" StartOffset="8517"/>
</Header>
<LocList>
<Loc EndOffset="8784" SrcFileId="13" StartOffset="8517"/>
</LocList>
<StmntSeq Intrnl_Id="1644">
<LocList>
<Loc EndOffset="8645" SrcFileId="13" StartOffset="8625"/>
<Loc EndOffset="8671" SrcFileId="13" StartOffset="8649"/>
<Loc EndOffset="8691" SrcFileId="13" StartOffset="8679"/>
<Loc EndOffset="8780" SrcFileId="13" StartOffset="8743"/>
</LocList>
<BasicStmnt CovItemId="S110" CovItemPrefix="my.PSM.unitTestPSM.appControllerTest.java" Intrnl_Id="1645">
<LocList>
<Loc EndOffset="8645" SrcFileId="13" StartOffset="8625"/>
</LocList>
</BasicStmnt>
<BasicStmnt CovItemId="S111" CovItemPrefix="my.PSM.unitTestPSM.appControllerTest.java" Intrnl_Id="1646">
<LocList>
<Loc EndOffset="8671" SrcFileId="13" StartOffset="8649"/>
</LocList>
</BasicStmnt>
<BasicStmnt CovItemId="S112" CovItemPrefix="my.PSM.unitTestPSM.appControllerTest.java" Intrnl_Id="1647">
<LocList>
<Loc EndOffset="8691" SrcFileId="13" StartOffset="8679"/>
</LocList>
</BasicStmnt>
<BasicStmnt CovItemId="S113" CovItemPrefix="my.PSM.unitTestPSM.appControllerTest.java" Intrnl_Id="1648">
<LocList>
<Loc EndOffset="8780" SrcFileId="13" StartOffset="8743"/>
</LocList>
</BasicStmnt>
</StmntSeq>
</HierarchyLvl>
<HierarchyLvl HierarchyLvlId="2962" HierarchyLvlTypeId="16" Intrnl_Id="1649" Name="testLogIn02">
<Header>
<Loc EndOffset="8822" SrcFileId="13" StartOffset="8789"/>
</Header>
<LocList>
<Loc EndOffset="9064" SrcFileId="13" StartOffset="8789"/>
</LocList>
<StmntSeq Intrnl_Id="1650">
<LocList>
<Loc EndOffset="8920" SrcFileId="13" StartOffset="8899"/>
<Loc EndOffset="8950" SrcFileId="13" StartOffset="8924"/>
<Loc EndOffset="8970" SrcFileId="13" StartOffset="8958"/>
<Loc EndOffset="9060" SrcFileId="13" StartOffset="9022"/>
</LocList>
<BasicStmnt CovItemId="S114" CovItemPrefix="my.PSM.unitTestPSM.appControllerTest.java" Intrnl_Id="1651">
<LocList>
<Loc EndOffset="8920" SrcFileId="13" StartOffset="8899"/>
</LocList>
</BasicStmnt>
<BasicStmnt CovItemId="S115" CovItemPrefix="my.PSM.unitTestPSM.appControllerTest.java" Intrnl_Id="1652">
<LocList>
<Loc EndOffset="8950" SrcFileId="13" StartOffset="8924"/>
</LocList>
</BasicStmnt>
<BasicStmnt CovItemId="S116" CovItemPrefix="my.PSM.unitTestPSM.appControllerTest.java" Intrnl_Id="1653">
<LocList>
<Loc EndOffset="8970" SrcFileId="13" StartOffset="8958"/>
</LocList>
</BasicStmnt>
<BasicStmnt CovItemId="S117" CovItemPrefix="my.PSM.unitTestPSM.appControllerTest.java" Intrnl_Id="1654">
<LocList>
<Loc EndOffset="9060" SrcFileId="13" StartOffset="9022"/>
</LocList>
</BasicStmnt>
</StmntSeq>
</HierarchyLvl>
<HierarchyLvl HierarchyLvlId="2963" HierarchyLvlTypeId="16" Intrnl_Id="1655" Name="testTimerParser">
<Header>
<Loc EndOffset="9106" SrcFileId="13" StartOffset="9069"/>
</Header>
<LocList>
<Loc EndOffset="9251" SrcFileId="13" StartOffset="9069"/>
</LocList>
<StmntSeq Intrnl_Id="1656">
<LocList>
<Loc EndOffset="9137" SrcFileId="13" StartOffset="9112"/>
<Loc EndOffset="9247" SrcFileId="13" StartOffset="9183"/>
</LocList>
<BasicStmnt CovItemId="S118" CovItemPrefix="my.PSM.unitTestPSM.appControllerTest.java" Intrnl_Id="1657">
<LocList>
<Loc EndOffset="9137" SrcFileId="13" StartOffset="9112"/>
</LocList>
</BasicStmnt>
<BasicStmnt CovItemId="S119" CovItemPrefix="my.PSM.unitTestPSM.appControllerTest.java" Intrnl_Id="1658">
<LocList>
<Loc EndOffset="9247" SrcFileId="13" StartOffset="9183"/>
</LocList>
</BasicStmnt>
</StmntSeq>
</HierarchyLvl>
<HierarchyLvl HierarchyLvlId="2964" HierarchyLvlTypeId="16" Intrnl_Id="1659" Name="testDateParser">
<Header>
<Loc EndOffset="9295" SrcFileId="13" StartOffset="9259"/>
</Header>
<LocList>
<Loc EndOffset="9526" SrcFileId="13" StartOffset="9259"/>
</LocList>
<StmntSeq Intrnl_Id="1660">
<LocList>
<Loc EndOffset="9328" SrcFileId="13" StartOffset="9301"/>
<Loc EndOffset="9426" SrcFileId="13" StartOffset="9382"/>
<Loc EndOffset="9474" SrcFileId="13" StartOffset="9430"/>
<Loc EndOffset="9522" SrcFileId="13" StartOffset="9478"/>
</LocList>
<BasicStmnt CovItemId="S120" CovItemPrefix="my.PSM.unitTestPSM.appControllerTest.java" Intrnl_Id="1661">
<LocList>
<Loc EndOffset="9328" SrcFileId="13" StartOffset="9301"/>
</LocList>
</BasicStmnt>
<BasicStmnt CovItemId="S121" CovItemPrefix="my.PSM.unitTestPSM.appControllerTest.java" Intrnl_Id="1662">
<LocList>
<Loc EndOffset="9426" SrcFileId="13" StartOffset="9382"/>
</LocList>
</BasicStmnt>
<BasicStmnt CovItemId="S122" CovItemPrefix="my.PSM.unitTestPSM.appControllerTest.java" Intrnl_Id="1663">
<LocList>
<Loc EndOffset="9474" SrcFileId="13" StartOffset="9430"/>
</LocList>
</BasicStmnt>
<BasicStmnt CovItemId="S123" CovItemPrefix="my.PSM.unitTestPSM.appControllerTest.java" Intrnl_Id="1664">
<LocList>
<Loc EndOffset="9522" SrcFileId="13" StartOffset="9478"/>
</LocList>
</BasicStmnt>
</StmntSeq>
</HierarchyLvl>
<HierarchyLvl HierarchyLvlId="2965" HierarchyLvlTypeId="16" Intrnl_Id="1665" Name="testGetEndTime">
<Header>
<Loc EndOffset="9567" SrcFileId="13" StartOffset="9531"/>
</Header>
<LocList>
<Loc EndOffset="9806" SrcFileId="13" StartOffset="9531"/>
</LocList>
<StmntSeq Intrnl_Id="1666">
<LocList>
<Loc EndOffset="9673" SrcFileId="13" StartOffset="9573"/>
<Loc EndOffset="9802" SrcFileId="13" StartOffset="9728"/>
</LocList>
<BasicStmnt CovItemId="S124" CovItemPrefix="my.PSM.unitTestPSM.appControllerTest.java" Intrnl_Id="1667">
<LocList>
<Loc EndOffset="9673" SrcFileId="13" StartOffset="9573"/>
</LocList>
</BasicStmnt>
<BasicStmnt CovItemId="S125" CovItemPrefix="my.PSM.unitTestPSM.appControllerTest.java" Intrnl_Id="1668">
<LocList>
<Loc EndOffset="9802" SrcFileId="13" StartOffset="9728"/>
</LocList>
</BasicStmnt>
</StmntSeq>
</HierarchyLvl>
<HierarchyLvl HierarchyLvlId="2966" HierarchyLvlTypeId="16" Intrnl_Id="1669" Name="testGet15BeforeEnd">
<Header>
<Loc EndOffset="9851" SrcFileId="13" StartOffset="9811"/>
</Header>
<LocList>
<Loc EndOffset="10094" SrcFileId="13" StartOffset="9811"/>
</LocList>
<StmntSeq Intrnl_Id="1670">
<LocList>
<Loc EndOffset="9957" SrcFileId="13" StartOffset="9857"/>
<Loc EndOffset="10090" SrcFileId="13" StartOffset="10012"/>
</LocList>
<BasicStmnt CovItemId="S126" CovItemPrefix="my.PSM.unitTestPSM.appControllerTest.java" Intrnl_Id="1671">
<LocList>
<Loc EndOffset="9957" SrcFileId="13" StartOffset="9857"/>
</LocList>
</BasicStmnt>
<BasicStmnt CovItemId="S127" CovItemPrefix="my.PSM.unitTestPSM.appControllerTest.java" Intrnl_Id="1672">
<LocList>
<Loc EndOffset="10090" SrcFileId="13" StartOffset="10012"/>
</LocList>
</BasicStmnt>
</StmntSeq>
</HierarchyLvl>
<HierarchyLvl HierarchyLvlId="2967" HierarchyLvlTypeId="16" Intrnl_Id="1673" Name="testGet15BeforeEnd02">
<Header>
<Loc EndOffset="10141" SrcFileId="13" StartOffset="10099"/>
</Header>
<LocList>
<Loc EndOffset="10384" SrcFileId="13" StartOffset="10099"/>
</LocList>
<StmntSeq Intrnl_Id="1674">
<LocList>
<Loc EndOffset="10247" SrcFileId="13" StartOffset="10147"/>
<Loc EndOffset="10380" SrcFileId="13" StartOffset="10302"/>
</LocList>
<BasicStmnt CovItemId="S128" CovItemPrefix="my.PSM.unitTestPSM.appControllerTest.java" Intrnl_Id="1675">
<LocList>
<Loc EndOffset="10247" SrcFileId="13" StartOffset="10147"/>
</LocList>
</BasicStmnt>
<BasicStmnt CovItemId="S129" CovItemPrefix="my.PSM.unitTestPSM.appControllerTest.java" Intrnl_Id="1676">
<LocList>
<Loc EndOffset="10380" SrcFileId="13" StartOffset="10302"/>
</LocList>
</BasicStmnt>
</StmntSeq>
</HierarchyLvl>
<HierarchyLvl HierarchyLvlId="2968" HierarchyLvlTypeId="16" Intrnl_Id="1677" Name="testGet5BeforeEnd">
<Header>
<Loc EndOffset="10426" SrcFileId="13" StartOffset="10387"/>
</Header>
<LocList>
<Loc EndOffset="10724" SrcFileId="13" StartOffset="10387"/>
</LocList>
<StmntSeq Intrnl_Id="1678">
<LocList>
<Loc EndOffset="10472" SrcFileId="13" StartOffset="10432"/>
<Loc EndOffset="10525" SrcFileId="13" StartOffset="10476"/>
<Loc EndOffset="10588" SrcFileId="13" StartOffset="10529"/>
<Loc EndOffset="10720" SrcFileId="13" StartOffset="10643"/>
</LocList>
<BasicStmnt CovItemId="S130" CovItemPrefix="my.PSM.unitTestPSM.appControllerTest.java" Intrnl_Id="1679">
<LocList>
<Loc EndOffset="10472" SrcFileId="13" StartOffset="10432"/>
</LocList>
</BasicStmnt>
<BasicStmnt CovItemId="S131" CovItemPrefix="my.PSM.unitTestPSM.appControllerTest.java" Intrnl_Id="1680">
<LocList>
<Loc EndOffset="10525" SrcFileId="13" StartOffset="10476"/>
</LocList>
</BasicStmnt>
<BasicStmnt CovItemId="S132" CovItemPrefix="my.PSM.unitTestPSM.appControllerTest.java" Intrnl_Id="1681">
<LocList>
<Loc EndOffset="10588" SrcFileId="13" StartOffset="10529"/>
</LocList>
</BasicStmnt>
<BasicStmnt CovItemId="S133" CovItemPrefix="my.PSM.unitTestPSM.appControllerTest.java" Intrnl_Id="1682">
<LocList>
<Loc EndOffset="10720" SrcFileId="13" StartOffset="10643"/>
</LocList>
</BasicStmnt>
</StmntSeq>
</HierarchyLvl>
<HierarchyLvl HierarchyLvlId="2969" HierarchyLvlTypeId="16" Intrnl_Id="1683" Name="testGet5BeforeEnd02">
<Header>
<Loc EndOffset="10770" SrcFileId="13" StartOffset="10729"/>
</Header>
<LocList>
<Loc EndOffset="11026" SrcFileId="13" StartOffset="10729"/>
</LocList>
<StmntSeq Intrnl_Id="1684">
<LocList>
<Loc EndOffset="10816" SrcFileId="13" StartOffset="10776"/>
<Loc EndOffset="10891" SrcFileId="13" StartOffset="10820"/>
<Loc EndOffset="11022" SrcFileId="13" StartOffset="10946"/>
</LocList>
<BasicStmnt CovItemId="S134" CovItemPrefix="my.PSM.unitTestPSM.appControllerTest.java" Intrnl_Id="1685">
<LocList>
<Loc EndOffset="10816" SrcFileId="13" StartOffset="10776"/>
</LocList>
</BasicStmnt>
<BasicStmnt CovItemId="S135" CovItemPrefix="my.PSM.unitTestPSM.appControllerTest.java" Intrnl_Id="1686">
<LocList>
<Loc EndOffset="10891" SrcFileId="13" StartOffset="10820"/>
</LocList>
</BasicStmnt>
<BasicStmnt CovItemId="S136" CovItemPrefix="my.PSM.unitTestPSM.appControllerTest.java" Intrnl_Id="1687">
<LocList>
<Loc EndOffset="11022" SrcFileId="13" StartOffset="10946"/>
</LocList>
</BasicStmnt>
</StmntSeq>
</HierarchyLvl>
</HierarchyLvl>
</HierarchyLvl>
</HierarchyLvl>
</HierarchyLvl>
</HierarchyLvl>
</MASTRoot>
</TestSessionContainer>
