<?xml version="1.0" encoding="UTF-8"?><TestSessionContainer xmlns="http://www.codecover.org/xml/testsession-container" Date="1467901280132" TestSessionContainerId="23c9893e-e230-4276-b194-01cd6aa32742" version="1.0">
<SrcFileList>
<SrcFile Content="package my.PSM.unitTestPSM;&#13;&#10;&#13;&#10;import static org.junit.Assert.*;&#13;&#10;&#13;&#10;import java.util.Calendar;&#13;&#10;import java.util.GregorianCalendar;&#13;&#10;import java.lang.System;&#13;&#10;&#13;&#10;import my.PSM.PSM_Logic.appController;&#13;&#10;&#13;&#10;import org.junit.After;&#13;&#10;import org.junit.Assert;&#13;&#10;import org.junit.Before;&#13;&#10;import org.junit.Test;&#13;&#10;&#13;&#10;&#13;&#10;public class appControllerTest {&#13;&#10;&#9;private appController app; //tested class&#13;&#10;&#9;private InterfaceFacadeStub iFacade; //stub&#13;&#10;&#9;private DataStoreFacadeStub dataStub; //stub&#13;&#10;&#13;&#10;&#9;@Before&#13;&#10;&#9;public void runBeforeAllTest(){&#13;&#10;&#9;&#9;//--Makes sure all dependent classes used are stubbed&#13;&#10;&#9;&#9;app = new appController();&#13;&#10;&#9;&#9;iFacade = new InterfaceFacadeStub(); //stubbed interface facade&#13;&#10;&#9;&#9;dataStub = new DataStoreFacadeStub(&quot;user&quot;, &quot;pw&quot;); //stubbed date store facade&#13;&#10;&#9;&#9;app.setDataStoreFacade(dataStub);&#13;&#10;&#9;&#9;app.setAuthenticate(new AuthenticateStub(&quot;user&quot;, &quot;pw&quot;)); //inject authenticate stub&#13;&#10;&#9;&#9;InterfaceControllerStub interfaceStub = new InterfaceControllerStub(iFacade); //stubbed interface Controller&#13;&#10;&#9;&#9;app.setInterfaceController(interfaceStub);&#13;&#10;&#9;}&#13;&#10;&#9;@After&#13;&#10;&#9;public void runAfterAllTest(){&#13;&#10;&#9;&#9;app = null;&#13;&#10;&#9;&#9;iFacade = null;&#13;&#10;&#9;&#9;dataStub = null;&#13;&#10;&#9;}&#13;&#10;&#9;@Test&#13;&#10;&#9;public void testMyMain() {&#13;&#10;&#9;&#9;//--Mimic User Input&#13;&#10;&#9;&#9;iFacade.setUsername(&quot;user&quot;);&#13;&#10;&#9;&#9;iFacade.setPassword(&quot;pw&quot;);&#13;&#10;&#9;&#9;iFacade.setLogout(true);&#13;&#10;&#13;&#10;&#9;&#9;app.myMain();&#13;&#10;&#9;&#9;&#13;&#10;&#9;&#9;//--Expect to be logged out when method returns&#13;&#10;&#9;&#9;assertEquals(app.getUser(), &quot;user&quot;);&#13;&#10;&#9;&#9;assertEquals(app.getPass(), &quot;pw&quot;);&#13;&#10;&#9;&#9;assertEquals(app.getLoggedIn(), false);&#13;&#10;&#9;&#9;assertTrue(app.isLogoutSel());&#13;&#10;&#9;}&#13;&#10;&#13;&#10;&#9;@Test&#13;&#10;&#9;public void testAppMainMenu(){&#13;&#10;&#9;&#9;//--Mimic user input&#13;&#10;&#9;&#9;iFacade.setEdit(true);&#13;&#10;&#9;&#9;&#13;&#10;&#9;&#9;app.appMainMenu();&#13;&#10;&#9;&#9;&#13;&#10;&#9;&#9;//--Expect edSchedSel to be true&#13;&#10;&#9;&#9;assertTrue(app.isEdSchedSel());&#13;&#10;&#9;}&#13;&#10;&#9;@Test&#13;&#10;&#9;public void testAppMainMenu02(){&#13;&#10;&#9;&#9;//--Mimic user input&#13;&#10;&#9;&#9;iFacade.setLogout(true);&#13;&#10;&#9;&#9;&#13;&#10;&#9;&#9;app.appMainMenu();&#13;&#10;&#9;&#9;&#13;&#10;&#9;&#9;//--Expect logoutSel to be true&#13;&#10;&#9;&#9;assertTrue(app.isLogoutSel());&#13;&#10;&#9;}&#13;&#10;&#9;@Test&#13;&#10;&#9;public void testAppMainMenu03(){&#13;&#10;&#9;&#9;//--Mimic user input&#13;&#10;&#9;&#9;iFacade.setInit(true);&#13;&#10;&#9;&#9;&#13;&#10;&#9;&#9;app.appMainMenu();&#13;&#10;&#9;&#9;&#13;&#10;&#9;&#9;//--Expect schedSetupSel to be true&#13;&#10;&#9;&#9;assertTrue(app.isSchedSetupSel());&#13;&#10;&#9;}&#13;&#10;&#9;@Test&#13;&#10;&#9;public void testSetupSched() {&#13;&#10;&#9;&#9;&#13;&#10;&#9;&#9;//--Mimic user input&#13;&#10;&#9;&#9;iFacade.setCourse(4072);&#13;&#10;&#9;&#9;iFacade.testHelper(&quot;CEN&quot;, &quot;Software Testing&quot;, &quot;Fall&quot;, &quot;06/15/16&quot;, &#13;&#10;&#9;&#9;&#9;&#9;&quot;07/15/16&quot;, null, null, &quot;04:30&quot;, &quot;06:15&quot;, null, null,&#13;&#10;&#9;&#9;&#9;&#9;&quot;04:30&quot;, &quot;06:15&quot;, null, null, null, null);&#13;&#10;&#9;&#9;&#13;&#10;&#9;&#9;app.setupSched();&#13;&#10;&#9;&#9;&#13;&#10;&#9;&#9;//--Expect the mimicked user input to be in the database&#13;&#10;&#9;&#9;Assert.assertTrue(dataStub.courses.contains(4072));&#13;&#10;&#9;&#9;Assert.assertEquals(dataStub.defCourseName.get(4072), &quot;Software Testing&quot;);&#13;&#10;&#9;&#9;Assert.assertEquals(dataStub.defSub.get(4072), &quot;CEN&quot;);&#13;&#10;&#9;&#9;Assert.assertEquals(dataStub.defSemester.get(4072), &quot;Fall&quot;);&#13;&#10;&#9;&#9;Assert.assertEquals(dataStub.defCourseStart.get(4072), &quot;06/15/16&quot;);&#13;&#10;&#9;&#9;Assert.assertEquals(dataStub.defCourseEnd.get(4072), &quot;07/15/16&quot;);&#13;&#10;&#9;&#9;Assert.assertEquals(dataStub.defMonStart.get(4072), null);&#13;&#10;&#9;&#9;Assert.assertEquals(dataStub.defMonEnd.get(4072), null);&#13;&#10;&#9;&#9;Assert.assertEquals(dataStub.defTueStart.get(4072), &quot;04:30&quot;);&#13;&#10;&#9;&#9;Assert.assertEquals(dataStub.defTueEnd.get(4072), &quot;06:15&quot;);&#13;&#10;&#9;&#9;Assert.assertEquals(dataStub.defWedStart.get(4072), null);&#13;&#10;&#9;&#9;Assert.assertEquals(dataStub.defWedEnd.get(4072), null);&#13;&#10;&#9;&#9;Assert.assertEquals(dataStub.defThuStart.get(4072), &quot;04:30&quot;);&#13;&#10;&#9;&#9;Assert.assertEquals(dataStub.defThuEnd.get(4072), &quot;06:15&quot;);&#13;&#10;&#9;&#9;Assert.assertEquals(dataStub.defFriStart.get(4072), null);&#13;&#10;&#9;&#9;Assert.assertEquals(dataStub.defFriEnd.get(4072), null);&#13;&#10;&#9;&#9;Assert.assertEquals(dataStub.defSatStart.get(4072), null);&#13;&#10;&#9;&#9;Assert.assertEquals(dataStub.defSatEnd.get(4072), null);&#13;&#10;&#9;}&#13;&#10;&#13;&#10;&#9;@Test&#13;&#10;&#9;public void testAppEditSched() {&#13;&#10;&#9;&#9;//--Precondition: Database has the course with ID 4072&#13;&#10;&#9;&#9;dataStub.courses.add(4072);&#13;&#10;&#9;&#9;&#13;&#10;&#9;&#9;//--Mimic user input&#13;&#10;&#9;&#9;iFacade.setCourse(4072);&#13;&#10;&#9;&#9;iFacade.testHelper(&quot;CEN&quot;, &quot;Software Testing&quot;, &quot;Fall&quot;, &quot;06/15/16&quot;, &#13;&#10;&#9;&#9;&#9;&#9;&quot;07/15/16&quot;, null, null, &quot;04:30&quot;, &quot;06:15&quot;, null, null,&#13;&#10;&#9;&#9;&#9;&#9;&quot;04:30&quot;, &quot;06:15&quot;, null, null, null, null);&#13;&#10;&#9;&#9;//--&#13;&#10;&#9;&#9;&#13;&#10;&#9;&#9;app.appEditSched();&#13;&#10;&#9;&#9;&#13;&#10;&#9;&#9;//--Expect the mimicked user input to be in the database&#13;&#10;&#9;&#9;Assert.assertEquals(dataStub.defCourseStart.get(4072), &quot;06/15/16&quot;);&#13;&#10;&#9;&#9;Assert.assertEquals(dataStub.defCourseEnd.get(4072), &quot;07/15/16&quot;);&#13;&#10;&#9;&#9;Assert.assertEquals(dataStub.defMonStart.get(4072), null);&#13;&#10;&#9;&#9;Assert.assertEquals(dataStub.defMonEnd.get(4072), null);&#13;&#10;&#9;&#9;Assert.assertEquals(dataStub.defTueStart.get(4072), &quot;04:30&quot;);&#13;&#10;&#9;&#9;Assert.assertEquals(dataStub.defTueEnd.get(4072), &quot;06:15&quot;);&#13;&#10;&#9;&#9;Assert.assertEquals(dataStub.defWedStart.get(4072), null);&#13;&#10;&#9;&#9;Assert.assertEquals(dataStub.defWedEnd.get(4072), null);&#13;&#10;&#9;&#9;Assert.assertEquals(dataStub.defThuStart.get(4072), &quot;04:30&quot;);&#13;&#10;&#9;&#9;Assert.assertEquals(dataStub.defThuEnd.get(4072), &quot;06:15&quot;);&#13;&#10;&#9;&#9;Assert.assertEquals(dataStub.defFriStart.get(4072), null);&#13;&#10;&#9;&#9;Assert.assertEquals(dataStub.defFriEnd.get(4072), null);&#13;&#10;&#9;&#9;Assert.assertEquals(dataStub.defSatStart.get(4072), null);&#13;&#10;&#9;&#9;Assert.assertEquals(dataStub.defSatEnd.get(4072), null);&#13;&#10;&#9;}&#13;&#10;&#13;&#10;&#9;@Test&#13;&#10;&#9;public void testAppLogin() {&#13;&#10;&#9;&#9;//--Mimic User Input&#13;&#10;&#9;&#9;iFacade.setUsername(&quot;user&quot;);&#13;&#10;&#9;&#9;iFacade.setPassword(&quot;pw&quot;);&#13;&#10;&#9;&#9;&#13;&#10;&#9;&#9;app.appLogin();&#13;&#10;&#9;&#9;&#13;&#10;&#9;&#9;//--Expect to successfully login. And the state of app to change.&#13;&#10;&#9;&#9;Assert.assertTrue(app.getLoggedIn());&#13;&#10;&#9;&#9;Assert.assertEquals(app.getUser(), &quot;user&quot;);&#13;&#10;&#9;&#9;Assert.assertEquals(app.getPass(), &quot;pw&quot;);&#13;&#10;&#9;}&#13;&#10;&#13;&#10;&#9;@Test&#13;&#10;&#9;public void testAppLogin02() {&#13;&#10;&#9;&#9;//--Mimic User Input&#13;&#10;&#9;&#9;iFacade.setUsername(&quot;Peter&quot;);&#13;&#10;&#9;&#9;iFacade.setPassword(&quot;Clarke&quot;);&#13;&#10;&#9;&#9;&#13;&#10;&#9;&#9;app.appLogin();&#13;&#10;&#9;&#9;&#13;&#10;&#9;&#9;//--Expect to unsuccessfully login. And method returns from 3 failed attempts.&#13;&#10;&#9;&#9;assertEquals(app.getLoggedIn(), false);&#13;&#10;&#9;&#9;assertEquals(app.getCounter(), 3);&#13;&#10;&#9;&#9;assertEquals(app.getUser(), &quot;Peter&quot;);&#13;&#10;&#9;&#9;assertEquals(app.getPass(), &quot;Clarke&quot;);&#13;&#10;&#9;}&#13;&#10;&#9;@Test&#13;&#10;&#9;public void testCheckClear() {&#13;&#10;&#9;&#9;//--Precondition: database is empty&#13;&#10;&#9;&#9;&#13;&#10;&#9;&#9;//--Expect the method to return true&#13;&#10;&#9;&#9;Assert.assertTrue(app.checkClear());&#13;&#10;&#9;&#9;&#13;&#10;&#9;}&#13;&#10;&#9;&#13;&#10;&#9;@Test&#13;&#10;&#9;public void testCheckClear02() {&#13;&#10;&#9;&#9;//--Precondition: database contains the following info&#13;&#10;&#9;&#9;dataStub.testHelper(4072, &quot;CEN&quot;, &quot;Software Testing&quot;, &quot;SummerA&quot;, &quot;01/15/16&quot;, &quot;04/31/16&quot;, null, null, &#13;&#10;&#9;&#9;&#9;&#9;&quot;04:30&quot;, &quot;06:15&quot;, null, null, &quot;04:30&quot;, &quot;06:15&quot;, null, null, null, null);&#13;&#10;&#9;&#9;dataStub.testHelper(4010, &quot;CEN&quot;, &quot;Software Engineering&quot;, &quot;SummerA&quot;, &quot;01/15/16&quot;, &quot;04/28/16&quot;, null, null, &#13;&#10;&#9;&#9;&#9;&#9;&quot;04:30&quot;, &quot;06:15&quot;, null, null, &quot;04:30&quot;, &quot;06:15&quot;, null, null, null, null);&#13;&#10;&#9;&#9;//--Expect the method to return true&#13;&#10;&#9;&#9;Assert.assertTrue(app.checkClear());&#13;&#10;&#9;}&#13;&#10;&#13;&#10;&#9;@Test&#13;&#10;&#9;public void testCheckClear03() {&#13;&#10;&#9;&#9;//--Precondition: database is contains the following info&#13;&#10;&#9;&#9;dataStub.testHelper(4072, &quot;CEN&quot;, &quot;Software Testing&quot;, &quot;SummerA&quot;, &quot;04/31/16&quot;, &quot;07/31/16&quot;, null, null, &#13;&#10;&#9;&#9;&#9;&#9;&quot;04:30&quot;, &quot;06:15&quot;, null, null, &quot;04:30&quot;, &quot;06:15&quot;, null, null, null, null);&#13;&#10;&#9;&#9;dataStub.testHelper(4010, &quot;CEN&quot;, &quot;Software Engineering&quot;, &quot;SummerA&quot;, &quot;04/28/16&quot;, &quot;07/28/16&quot;, null, null, &#13;&#10;&#9;&#9;&#9;&#9;&quot;04:30&quot;, &quot;06:15&quot;, null, null, &quot;04:30&quot;, &quot;06:15&quot;, null, null, null, null);&#13;&#10;&#9;&#9;//--Expect the method to return false&#13;&#10;&#9;&#9;Assert.assertEquals(app.checkClear(), false);&#13;&#10;&#9;&#9;&#13;&#10;&#9;}&#13;&#10;&#13;&#10;&#9;@Test&#13;&#10;&#9;public void testGetData() {&#13;&#10;&#9;&#9;//--Precondition: Database contains the following info&#13;&#10;&#9;&#9;dataStub.testHelper(4072, &quot;CEN&quot;, &quot;Software Testing&quot;, &quot;SummerA&quot;, &quot;06/15/16&quot;, &quot;07/15/16&quot;, null, null, &#13;&#10;&#9;&#9;&#9;&#9;&quot;04:30&quot;, &quot;06:15&quot;, null, null, &quot;04:30&quot;, &quot;06:15&quot;, null, null, null, null);&#13;&#10;&#9;&#9;&#13;&#10;&#9;&#9;app.getData(4072);&#13;&#10;&#9;&#9;&#13;&#10;&#9;&#9;//--Expect the fields of app to change to the corresponding data in the database&#13;&#10;&#9;&#9;Assert.assertEquals(app.defCourseName, &quot;Software Testing&quot;);&#13;&#10;&#9;&#9;Assert.assertEquals(app.defSub, &quot;CEN&quot;);&#13;&#10;&#9;&#9;Assert.assertEquals(app.defSemester, &quot;SummerA&quot;);&#13;&#10;&#9;&#9;Assert.assertEquals(app.defCourseStart, &quot;06/15/16&quot;);&#13;&#10;&#9;&#9;Assert.assertEquals(app.defCourseEnd, &quot;07/15/16&quot;);&#13;&#10;&#9;&#9;Assert.assertEquals(app.defMonStart, null);&#13;&#10;&#9;&#9;Assert.assertEquals(app.defMonEnd, null);&#13;&#10;&#9;&#9;Assert.assertEquals(app.defTueStart, &quot;04:30&quot;);&#13;&#10;&#9;&#9;Assert.assertEquals(app.defTueEnd, &quot;06:15&quot;);&#13;&#10;&#9;&#9;Assert.assertEquals(app.defWedStart, null);&#13;&#10;&#9;&#9;Assert.assertEquals(app.defWedEnd, null);&#13;&#10;&#9;&#9;Assert.assertEquals(app.defThuStart, &quot;04:30&quot;);&#13;&#10;&#9;&#9;Assert.assertEquals(app.defThuEnd, &quot;06:15&quot;);&#13;&#10;&#9;&#9;Assert.assertEquals(app.defFriStart, null);&#13;&#10;&#9;&#9;Assert.assertEquals(app.defFriEnd, null);&#13;&#10;&#9;&#9;Assert.assertEquals(app.defSatStart, null);&#13;&#10;&#9;&#9;Assert.assertEquals(app.defSatEnd, null);&#13;&#10;&#9;}&#13;&#10;&#13;&#10;&#9;@Test&#13;&#10;&#9;public void testSleep() {&#13;&#10;&#9;&#9;long begin = System.currentTimeMillis();&#13;&#10;&#9;&#9;app.sleep(5);&#13;&#10;&#9;&#9;long end = System.currentTimeMillis();&#13;&#10;&#9;&#9;&#13;&#10;&#9;&#9;//Expect time elapsed to be 5ms.&#13;&#10;&#9;&#9;Assert.assertEquals(end-begin, 5);&#13;&#10;&#9;}&#13;&#10;&#13;&#10;&#9;@Test&#13;&#10;&#9;public void testLogIn() {&#13;&#10;&#9;&#9;//--Precondition: The state of app has the correct user credentials&#13;&#10;&#9;&#9;app.setUser(&quot;user&quot;);&#13;&#10;&#9;&#9;app.setPassword(&quot;pw&quot;);&#13;&#10;&#9;&#9;&#13;&#10;&#9;&#9;app.LogIn();&#13;&#10;&#9;&#9;&#13;&#10;&#9;&#9;//--Expect the loggedin field to be true&#13;&#10;&#9;&#9;Assert.assertTrue(app.getLoggedIn());&#13;&#10;&#9;}&#13;&#10;&#13;&#10;&#9;@Test&#13;&#10;&#9;public void testLogIn02() {&#13;&#10;&#9;&#9;//--Precondition: The state of app has the correct user credentials&#13;&#10;&#9;&#9;app.setUser(&quot;peter&quot;);&#13;&#10;&#9;&#9;app.setPassword(&quot;clarke&quot;);&#13;&#10;&#9;&#9;&#13;&#10;&#9;&#9;app.LogIn();&#13;&#10;&#9;&#9;&#13;&#10;&#9;&#9;//--Expect the loggedin field to be true&#13;&#10;&#9;&#9;Assert.assertFalse(app.getLoggedIn());&#13;&#10;&#9;}&#13;&#10;&#13;&#10;&#9;@Test&#13;&#10;&#9;public void testTimerParser() {&#13;&#10;&#9;&#9;app.timerParser(&quot;04:35&quot;);&#13;&#10;&#9;&#9;&#13;&#10;&#9;&#9;//--Expect the hr = 4 and min = 35&#13;&#10;&#9;&#9;Assert.assertTrue(app.returnHr() == 4 &amp;&amp; app.returnMin() == 35);&#13;&#10;&#9;}&#13;&#10;&#13;&#10;&#9;&#13;&#10;&#9;@Test&#13;&#10;&#9;public void testDateParser() {&#13;&#10;&#9;&#9;app.dateParser(&quot;06/31/16&quot;);&#13;&#10;&#9;&#9;&#13;&#10;&#9;&#9;//--Expect month = 6, date = 31, year = 16&#13;&#10;&#9;&#9;Assert.assertEquals(app.getClearYear(), 16);&#13;&#10;&#9;&#9;Assert.assertEquals(app.getClearMonth(), 6);&#13;&#10;&#9;&#9;Assert.assertEquals(app.getClearDate(), 31);&#13;&#10;&#9;}&#13;&#10;&#13;&#10;&#9;@Test&#13;&#10;&#9;public void testGetEndTime() {&#13;&#10;&#9;&#9;Calendar date = new GregorianCalendar(Calendar.YEAR, Calendar.MONTH, Calendar.DATE, &#13;&#10;&#9;&#9;&#9;&#9;4, 29, 1);&#13;&#10;&#9;&#9;&#13;&#10;&#9;&#9;//--Expect a date that has hr = 4, min = 29&#13;&#10;&#9;&#9;assertEquals(app.getEndTime(4, 30).toString().substring(11, 16), &quot;04:29&quot;);&#13;&#10;&#9;}&#13;&#10;&#13;&#10;&#9;@Test&#13;&#10;&#9;public void testGet15BeforeEnd() {&#13;&#10;&#9;&#9;Calendar date = new GregorianCalendar(Calendar.YEAR, Calendar.MONTH, Calendar.DATE, &#13;&#10;&#9;&#9;&#9;&#9;4, 15, 1);&#13;&#10;&#9;&#9;&#13;&#10;&#9;&#9;//--Expect a date that has hr = 4, min = 15&#13;&#10;&#9;&#9;assertEquals(app.get15BeforeEnd(4, 30).toString().substring(11, 16), &quot;04:15&quot;);&#13;&#10;&#9;}&#13;&#10;&#13;&#10;&#9;@Test&#13;&#10;&#9;public void testGet15BeforeEnd02() {&#13;&#10;&#9;&#9;Calendar date = new GregorianCalendar(Calendar.YEAR, Calendar.MONTH, Calendar.DATE, &#13;&#10;&#9;&#9;&#9;&#9;3, 55, 1);&#13;&#10;&#9;&#9;&#13;&#10;&#9;&#9;//--Expect a date that has hr = 3, min = 55&#13;&#10;&#9;&#9;assertEquals(app.get15BeforeEnd(4, 10).toString().substring(11, 16), &quot;03:55&quot;);&#13;&#10;&#9;}&#13;&#10;&#9;@Test&#13;&#10;&#9;public void testGet5BeforeEnd() {&#13;&#10;&#9;&#9;Calendar date = new GregorianCalendar();&#13;&#10;&#9;&#9;date.setTimeInMillis(System.currentTimeMillis());&#13;&#10;&#9;&#9;date.set(date.YEAR, date.MONTH, date.DATE, &#13;&#10;&#9;&#9;&#9;&#9;4, 25, 1);&#13;&#10;&#9;&#9;&#13;&#10;&#9;&#9;//--Expect a date that has hr = 4, min = 25&#13;&#10;&#9;&#9;assertEquals(app.get5BeforeEnd(4, 30).toString().substring(11, 16), &quot;04:25&quot;);&#13;&#10;&#9;}&#13;&#10;&#13;&#10;&#9;@Test&#13;&#10;&#9;public void testGet5BeforeEnd02() {&#13;&#10;&#9;&#9;Calendar date = new GregorianCalendar();&#13;&#10;&#9;&#9;date.set(Calendar.YEAR, Calendar.MONTH, Calendar.DATE, &#13;&#10;&#9;&#9;&#9;&#9;3, 58, 1);&#13;&#10;&#9;&#9;&#13;&#10;&#9;&#9;//--Expect a date that has hr = 3, min = 58&#13;&#10;&#9;&#9;assertEquals(app.get5BeforeEnd(4, 3).toString().substring(11, 16), &quot;03:58&quot;);&#13;&#10;&#9;}&#13;&#10;}&#13;&#10;" Filename="appControllerTest.java" Intrnl_Id="1"/>
<SrcFile Content="package my.PSM.unitTestPSM;&#13;&#10;&#13;&#10;import java.util.ArrayList;&#13;&#10;import java.util.HashMap;&#13;&#10;&#13;&#10;import my.PSM.PSM_Storage.MySQLManager;&#13;&#10;&#13;&#10;public class MySQLManagerStub extends MySQLManager {&#13;&#10;&#13;&#10;&#9;private String correctUser;&#13;&#10;&#9;private String correctPass;&#13;&#10;&#9;private boolean isConnected;&#13;&#10;&#13;&#10;&#9;/* Mimic functionality of database with hashmaps*/&#13;&#10;&#9;public ArrayList&lt;Integer&gt; courses = new ArrayList&lt;Integer&gt;();&#13;&#10;&#9;public HashMap&lt;Integer, String&gt; defSub = new HashMap&lt;Integer, String&gt;();&#13;&#10;&#9;public HashMap&lt;Integer, String&gt; defSemester = new HashMap&lt;Integer, String&gt;();&#13;&#10;&#9;public HashMap&lt;Integer, String&gt; defCourseName = new HashMap&lt;Integer, String&gt;();&#13;&#10;&#9;public HashMap&lt;Integer, String&gt; defCourseStart = new HashMap&lt;Integer, String&gt;();&#13;&#10;&#9;public HashMap&lt;Integer, String&gt; defCourseEnd = new HashMap&lt;Integer, String&gt;();&#13;&#10;&#9;public HashMap&lt;Integer, String&gt; defMonStart = new HashMap&lt;Integer, String&gt;();&#13;&#10;&#9;public HashMap&lt;Integer, String&gt; defMonEnd = new HashMap&lt;Integer, String&gt;();&#13;&#10;&#9;public HashMap&lt;Integer, String&gt; defTueStart = new HashMap&lt;Integer, String&gt;();&#13;&#10;&#9;public HashMap&lt;Integer, String&gt; defTueEnd = new HashMap&lt;Integer, String&gt;();&#13;&#10;&#9;public HashMap&lt;Integer, String&gt; defWedStart = new HashMap&lt;Integer, String&gt;();&#13;&#10;&#9;public HashMap&lt;Integer, String&gt; defWedEnd = new HashMap&lt;Integer, String&gt;();&#13;&#10;&#9;public HashMap&lt;Integer, String&gt; defThuStart = new HashMap&lt;Integer, String&gt;();&#13;&#10;&#9;public HashMap&lt;Integer, String&gt; defThuEnd = new HashMap&lt;Integer, String&gt;();&#13;&#10;&#9;public HashMap&lt;Integer, String&gt; defFriStart = new HashMap&lt;Integer, String&gt;();&#13;&#10;&#9;public HashMap&lt;Integer, String&gt; defFriEnd = new HashMap&lt;Integer, String&gt;();&#13;&#10;&#9;public HashMap&lt;Integer, String&gt; defSatStart = new HashMap&lt;Integer, String&gt;();&#13;&#10;&#9;public HashMap&lt;Integer, String&gt; defSatEnd = new HashMap&lt;Integer, String&gt;();&#13;&#10;&#13;&#10;&#9;/**&#13;&#10;&#9; * This method is used to setup the &quot;database&quot; before applying test cases.&#13;&#10;&#9; * &#13;&#10;&#9; * &#13;&#10;&#9; */&#13;&#10;&#9;public void testHelper(int courseID, String courseSubj, String courseName, String semester, String startDate,&#13;&#10;&#9;&#9;&#9;String endDate, String startMon, String endMon, String startTue, String endTue, String startWed,&#13;&#10;&#9;&#9;&#9;String endWed, String startThu, String endThu, String startFri, String endFri, String startSat,&#13;&#10;&#9;&#9;&#9;String endSat) {&#13;&#10;&#9;&#9;courses.add(courseID);&#13;&#10;&#9;&#9;defSub.put(courseID, courseSubj);&#13;&#10;&#9;&#9;defCourseName.put(courseID, courseName);&#13;&#10;&#9;&#9;defSemester.put(courseID, semester);&#13;&#10;&#9;&#9;defCourseStart.put(courseID, startDate);&#13;&#10;&#9;&#9;defCourseEnd.put(courseID, endDate);&#13;&#10;&#9;&#9;defMonStart.put(courseID, startMon);&#13;&#10;&#9;&#9;defMonEnd.put(courseID, endMon);&#13;&#10;&#9;&#9;defTueStart.put(courseID, startTue);&#13;&#10;&#9;&#9;defTueEnd.put(courseID, endTue);&#13;&#10;&#9;&#9;defWedStart.put(courseID, startWed);&#13;&#10;&#9;&#9;defWedEnd.put(courseID, endWed);&#13;&#10;&#9;&#9;defThuStart.put(courseID, startThu);&#13;&#10;&#9;&#9;defThuEnd.put(courseID, endThu);&#13;&#10;&#9;&#9;defFriStart.put(courseID, startFri);&#13;&#10;&#9;&#9;defFriEnd.put(courseID, endFri);&#13;&#10;&#9;&#9;defSatStart.put(courseID, startSat);&#13;&#10;&#9;&#9;defSatEnd.put(courseID, endSat);&#13;&#10;&#9;}&#13;&#10;&#13;&#10;&#9;/**&#13;&#10;&#9; * This method will initiliaze a database with credentials corresponding to&#13;&#10;&#9; * the parameters&#13;&#10;&#9; * &#13;&#10;&#9; * @param username&#13;&#10;&#9; * @param password&#13;&#10;&#9; */&#13;&#10;&#9;public MySQLManagerStub(String username, String password) {&#13;&#10;&#9;&#9;correctUser = username;&#13;&#10;&#9;&#9;correctPass = password;&#13;&#10;&#9;&#9;isConnected = false;&#13;&#10;&#9;}&#13;&#10;&#13;&#10;&#9;@Override&#13;&#10;&#9;public int connect(String db, String user, String pw) {&#13;&#10;&#9;&#9;if (correctUser.equals(user) &amp;&amp; correctPass.equals(pw)) {&#13;&#10;&#9;&#9;&#9;isConnected = true;&#13;&#10;&#9;&#9;&#9;return 0;&#13;&#10;&#9;&#9;} else {&#13;&#10;&#9;&#9;&#9;isConnected = false;&#13;&#10;&#9;&#9;&#9;return -1;&#13;&#10;&#9;&#9;}&#13;&#10;&#9;}&#13;&#10;&#13;&#10;&#9;@Override&#13;&#10;&#9;public int connect(String user, String pw) {&#13;&#10;&#9;&#9;if (correctUser.equals(user) &amp;&amp; correctPass.equals(pw)) {&#13;&#10;&#9;&#9;&#9;isConnected = true;&#13;&#10;&#9;&#9;&#9;return 0;&#13;&#10;&#9;&#9;} else {&#13;&#10;&#9;&#9;&#9;isConnected = false;&#13;&#10;&#9;&#9;&#9;return -1;&#13;&#10;&#9;&#9;}&#13;&#10;&#9;}&#13;&#10;&#13;&#10;&#9;@Override&#13;&#10;&#9;public int disconnect() {&#13;&#10;&#9;&#9;isConnected = false;&#13;&#10;&#9;&#9;return 0;&#13;&#10;&#9;}&#13;&#10;&#13;&#10;&#9;@Override&#13;&#10;&#9;public int fetchCourseID(int courseID) {&#13;&#10;&#9;&#9;if (courses.contains(courseID))&#13;&#10;&#9;&#9;&#9;return courseID;&#13;&#10;&#9;&#9;else&#13;&#10;&#9;&#9;&#9;return -1;&#13;&#10;&#9;}&#13;&#10;&#13;&#10;&#9;@Override&#13;&#10;&#9;public ArrayList&lt;String&gt; getEndDates() {&#13;&#10;&#9;&#9;ArrayList&lt;String&gt; endDates = new ArrayList&lt;String&gt;();&#13;&#10;&#9;&#9;endDates.addAll(defCourseEnd.values());&#13;&#10;&#9;&#9;return endDates;&#13;&#10;&#9;}&#13;&#10;&#13;&#10;&#9;@Override&#13;&#10;&#9;public ArrayList&lt;Integer&gt; getCourses() {&#13;&#10;&#9;&#9;return courses;&#13;&#10;&#9;}&#13;&#10;&#13;&#10;&#9;@Override&#13;&#10;&#9;public String fetchCourseSubj(int courseID) {&#13;&#10;&#9;&#9;return defSub.get(courseID);&#13;&#10;&#9;}&#13;&#10;&#13;&#10;&#9;@Override&#13;&#10;&#9;public String fetchCourseName(int courseID) {&#13;&#10;&#9;&#9;return defCourseName.get(courseID);&#13;&#10;&#9;}&#13;&#10;&#13;&#10;&#9;@Override&#13;&#10;&#9;public String fetchCourseSemester(int courseID) {&#13;&#10;&#9;&#9;return defSemester.get(courseID);&#13;&#10;&#9;}&#13;&#10;&#13;&#10;&#9;@Override&#13;&#10;&#9;public String fetchCourseStart(int courseID) {&#13;&#10;&#9;&#9;return defCourseStart.get(courseID);&#13;&#10;&#9;}&#13;&#10;&#13;&#10;&#9;@Override&#13;&#10;&#9;public String fetchCourseEnd(int courseID) {&#13;&#10;&#9;&#9;return defCourseEnd.get(courseID);&#13;&#10;&#9;}&#13;&#10;&#13;&#10;&#9;@Override&#13;&#10;&#9;public String fetchStartMon(int courseID) {&#13;&#10;&#9;&#9;return defMonStart.get(courseID);&#13;&#10;&#9;}&#13;&#10;&#13;&#10;&#9;@Override&#13;&#10;&#9;public String fetchEndMon(int courseID) {&#13;&#10;&#9;&#9;return defMonEnd.get(courseID);&#13;&#10;&#9;}&#13;&#10;&#13;&#10;&#9;@Override&#13;&#10;&#9;public String fetchStartTue(int courseID) {&#13;&#10;&#9;&#9;return defTueStart.get(courseID);&#13;&#10;&#9;}&#13;&#10;&#13;&#10;&#9;@Override&#13;&#10;&#9;public String fetchEndTue(int courseID) {&#13;&#10;&#9;&#9;return defTueEnd.get(courseID);&#13;&#10;&#9;}&#13;&#10;&#13;&#10;&#9;@Override&#13;&#10;&#9;public String fetchStartWed(int courseID) {&#13;&#10;&#9;&#9;return defWedStart.get(courseID);&#13;&#10;&#9;}&#13;&#10;&#13;&#10;&#9;@Override&#13;&#10;&#9;public String fetchEndWed(int courseID) {&#13;&#10;&#9;&#9;return defWedEnd.get(courseID);&#13;&#10;&#9;}&#13;&#10;&#13;&#10;&#9;@Override&#13;&#10;&#9;public String fetchStartThu(int courseID) {&#13;&#10;&#9;&#9;return defThuStart.get(courseID);&#13;&#10;&#9;}&#13;&#10;&#13;&#10;&#9;@Override&#13;&#10;&#9;public String fetchEndThu(int courseID) {&#13;&#10;&#9;&#9;return defThuEnd.get(courseID);&#13;&#10;&#9;}&#13;&#10;&#13;&#10;&#9;@Override&#13;&#10;&#9;public String fetchStartFri(int courseID) {&#13;&#10;&#9;&#9;return defFriStart.get(courseID);&#13;&#10;&#9;}&#13;&#10;&#13;&#10;&#9;@Override&#13;&#10;&#9;public String fetchEndFri(int courseID) {&#13;&#10;&#9;&#9;return defFriEnd.get(courseID);&#13;&#10;&#9;}&#13;&#10;&#13;&#10;&#9;@Override&#13;&#10;&#9;public String fetchStartSat(int courseID) {&#13;&#10;&#9;&#9;return defSatStart.get(courseID);&#13;&#10;&#9;}&#13;&#10;&#13;&#10;&#9;@Override&#13;&#10;&#9;public String fetchEndSat(int courseID) {&#13;&#10;&#9;&#9;return defSatEnd.get(courseID);&#13;&#10;&#9;}&#13;&#10;&#13;&#10;&#9;@Override&#13;&#10;&#9;public int storeClassInfo(int courseID, String courseSubj, String courseName, String semester) {&#13;&#10;&#9;&#9;courses.add(courseID);&#13;&#10;&#9;&#9;defSub.put(courseID, courseSubj);&#13;&#10;&#9;&#9;defCourseName.put(courseID, courseName);&#13;&#10;&#9;&#9;defSemester.put(courseID, semester);&#13;&#10;&#9;&#9;return 0;&#13;&#10;&#9;}&#13;&#10;&#13;&#10;&#9;@Override&#13;&#10;&#9;public int storeClassSched(int courseID, String startDate, String endDate, String startMon, String endMon,&#13;&#10;&#9;&#9;&#9;String startTue, String endTue, String startWed, String endWed, String startThu, String endThu,&#13;&#10;&#9;&#9;&#9;String startFri, String endFri, String startSat, String endSat) {&#13;&#10;&#9;&#9;if (courses.contains(courseID)) {&#13;&#10;&#9;&#9;&#9;defCourseStart.put(courseID, startDate);&#13;&#10;&#9;&#9;&#9;defCourseEnd.put(courseID, endDate);&#13;&#10;&#9;&#9;&#9;defMonStart.put(courseID, startMon);&#13;&#10;&#9;&#9;&#9;defMonEnd.put(courseID, endMon);&#13;&#10;&#9;&#9;&#9;defTueStart.put(courseID, startTue);&#13;&#10;&#9;&#9;&#9;defTueEnd.put(courseID, endTue);&#13;&#10;&#9;&#9;&#9;defWedStart.put(courseID, startWed);&#13;&#10;&#9;&#9;&#9;defWedEnd.put(courseID, endWed);&#13;&#10;&#9;&#9;&#9;defThuStart.put(courseID, startThu);&#13;&#10;&#9;&#9;&#9;defThuEnd.put(courseID, endThu);&#13;&#10;&#9;&#9;&#9;defFriStart.put(courseID, startFri);&#13;&#10;&#9;&#9;&#9;defFriEnd.put(courseID, endFri);&#13;&#10;&#9;&#9;&#9;defSatStart.put(courseID, startSat);&#13;&#10;&#9;&#9;&#9;defSatEnd.put(courseID, endSat);&#13;&#10;&#9;&#9;}&#13;&#10;&#9;&#9;return 0;&#13;&#10;&#9;}&#13;&#10;&#13;&#10;&#9;@Override&#13;&#10;&#9;public void clearDatabase() {&#13;&#10;&#9;&#9;if (isConnected) {&#13;&#10;&#9;&#9;&#9;courses.clear();&#13;&#10;&#9;&#9;&#9;defSub.clear();&#13;&#10;&#9;&#9;&#9;defCourseName.clear();&#13;&#10;&#9;&#9;&#9;defSemester.clear();&#13;&#10;&#9;&#9;&#9;defCourseStart.clear();&#13;&#10;&#9;&#9;&#9;defCourseEnd.clear();&#13;&#10;&#9;&#9;&#9;defMonStart.clear();&#13;&#10;&#9;&#9;&#9;defMonEnd.clear();&#13;&#10;&#9;&#9;&#9;defTueStart.clear();&#13;&#10;&#9;&#9;&#9;defTueEnd.clear();&#13;&#10;&#9;&#9;&#9;defWedStart.clear();&#13;&#10;&#9;&#9;&#9;defWedEnd.clear();&#13;&#10;&#9;&#9;&#9;defThuStart.clear();&#13;&#10;&#9;&#9;&#9;defThuEnd.clear();&#13;&#10;&#9;&#9;&#9;defFriStart.clear();&#13;&#10;&#9;&#9;&#9;defFriEnd.clear();&#13;&#10;&#9;&#9;&#9;defSatStart.clear();&#13;&#10;&#9;&#9;&#9;defSatEnd.clear();&#13;&#10;&#9;&#9;}&#13;&#10;&#9;}&#13;&#10;&#13;&#10;&#9;@Override&#13;&#10;&#9;public int createClassTable() {&#13;&#10;&#9;&#9;// Precondition: the database is connected.&#13;&#10;&#9;&#9;return 0;&#13;&#10;&#9;}&#13;&#10;&#13;&#10;}" Filename="MySQLManagerStub.java" Intrnl_Id="2"/>
<SrcFile Content="package my.PSM.unitTestPSM;&#13;&#10;&#13;&#10;import my.PSM.PSM_Interface.InterfaceFacade;&#13;&#10;&#13;&#10;public class InterfaceFacadeStub extends InterfaceFacade {&#13;&#10;&#13;&#10;&#9;private static int course;&#13;&#10;&#9;private String username;&#13;&#10;&#9;private String password;&#13;&#10;&#9;private boolean ack;&#13;&#10;&#9;&#13;&#10;&#9;private boolean edit;&#13;&#10;&#9;private boolean logout;&#13;&#10;&#9;private boolean init;&#13;&#10;&#9;&#13;&#10;&#9;public static String defSub = &quot;&quot;;&#13;&#10;&#9;public static String defSemester = &quot;&quot;;&#13;&#10;    public static String defCourseName = &quot;&quot;;&#13;&#10;    public String defCourseStart = &quot;&quot;;&#13;&#10;    public static String defCourseEnd = &quot;&quot;;&#13;&#10;    public static String defMonStart = &quot;&quot;;&#13;&#10;    public static String defMonEnd = &quot;&quot;;&#13;&#10;    public static String defTueStart = &quot;&quot;;&#13;&#10;    public static String defTueEnd = &quot;&quot;;&#13;&#10;    public static String defWedStart = &quot;&quot;;&#13;&#10;    public static String defWedEnd = &quot;&quot;;&#13;&#10;    public static String defThuStart = &quot;&quot;;&#13;&#10;    public static String defThuEnd = &quot;&quot;;&#13;&#10;    public static String defFriStart = &quot;&quot;;&#13;&#10;    public static String defFriEnd = &quot;&quot;;&#13;&#10;    public static String defSatStart = &quot;&quot;;&#13;&#10;    public static String defSatEnd = &quot;&quot;;&#13;&#10;    &#13;&#10;&#9;public InterfaceFacadeStub() {&#13;&#10;&#9;&#9;super();&#13;&#10;&#9;&#9;username = &quot;&quot;;&#13;&#10;&#9;&#9;password = &quot;&quot;;&#13;&#10;&#9;}&#13;&#10;&#13;&#10;&#9;public void testHelper( String courseSubj, String courseName, String semester,&#13;&#10;            String startDate, String endDate, String startMon, String endMon,&#13;&#10;            String startTue, String endTue, String startWed, String endWed, String startThu, String endThu, &#13;&#10;            String startFri, String endFri, String startSat, String endSat){&#13;&#10;&#9;&#9;defSub = courseSubj;&#13;&#10;&#9;&#9;defCourseName = courseName;&#13;&#10;&#9;&#9;defSemester = semester;&#13;&#10;&#9;&#9;defCourseStart = startDate;&#13;&#10;&#9;&#9;defCourseEnd = endDate;&#13;&#10;&#9;&#9;defMonStart = startMon;&#13;&#10;&#9;&#9;defMonEnd = endMon;&#13;&#10;&#9;&#9;defTueStart = startTue;&#13;&#10;&#9;&#9;defTueEnd = endTue;&#13;&#10;&#9;&#9;defWedStart = startWed;&#13;&#10;&#9;&#9;defWedEnd = endWed;&#13;&#10;&#9;&#9;defThuStart = startThu;&#13;&#10;&#9;&#9;defThuEnd = endThu;&#13;&#10;&#9;&#9;defFriStart = startFri;&#13;&#10;&#9;&#9;defFriEnd = endFri;&#13;&#10;&#9;&#9;defSatStart = startSat;&#13;&#10;&#9;&#9;defSatEnd = endSat;&#13;&#10;&#9;}&#13;&#10;&#9;public void setEdit(boolean edit) {&#13;&#10;&#9;&#9;this.edit = edit;&#13;&#10;&#9;}&#13;&#10;&#13;&#10;&#9;public void setLogout(boolean logout) {&#13;&#10;&#9;&#9;this.logout = logout;&#13;&#10;&#9;}&#13;&#10;&#13;&#10;&#9;public void setInit(boolean init) {&#13;&#10;&#9;&#9;this.init = init;&#13;&#10;&#9;}&#13;&#10;&#9;public void setUsername(String u){&#13;&#10;&#9;&#9;username = u;&#13;&#10;&#9;}&#13;&#10;&#9;public void setPassword(String p){&#13;&#10;&#9;&#9;password = p;&#13;&#10;&#9;}&#13;&#10;&#9;@Override&#13;&#10;&#9;public void lockedOut(){&#13;&#10;&#9;&#9;//do nothing&#13;&#10;&#9;}&#13;&#10;&#9;@Override&#13;&#10;&#9;public void logoutConfirmation(){&#13;&#10;&#9;&#9;//do nothing&#13;&#10;&#9;}&#13;&#10;&#9;@Override&#13;&#10;&#9;public void launchLogout(){&#13;&#10;&#9;&#9;//do nothing&#13;&#10;&#9;}&#13;&#10;&#9;@Override&#13;&#10;&#9;public void incorrectLogin(){&#13;&#10;&#9;&#9;//do nothing&#13;&#10;&#9;}&#13;&#10;&#9;@Override&#13;&#10;&#9;public void launchInitial(){&#13;&#10;&#9;&#9;//do nothing&#13;&#10;&#9;}&#13;&#10;&#9;@Override&#13;&#10;&#9;public void launchEdit(int courseID, String courseSubj, String courseName, String semester,&#13;&#10;            String startDate, String endDate, String startMon, String endMon,&#13;&#10;            String startTue, String endTue, String startWed, String endWed, String startThu, String endThu, &#13;&#10;            String startFri, String endFri, String startSat, String endSat){&#13;&#10;&#9;&#9;//do nothing&#13;&#10;&#9;}&#13;&#10;&#9;@Override&#13;&#10;&#9;public void launchCourse(){&#13;&#10;&#9;&#9;//do nothing&#13;&#10;&#9;}&#13;&#10;&#9;@Override&#13;&#10;&#9;public void launchLoginForm(){&#13;&#10;&#9;&#9;//do nothing&#13;&#10;&#9;}&#13;&#10;&#9;@Override&#13;&#10;&#9;public void launchMenu(){&#13;&#10;&#9;&#9;//do nothing&#13;&#10;&#9;}&#13;&#10;&#9;@Override&#13;&#10;&#9;public boolean menuDataRec(){&#13;&#10;&#9;&#9;return true;&#13;&#10;&#9;}&#13;&#10;&#9;@Override&#13;&#10;&#9;public void setMenuDataRec(boolean bool){&#13;&#10;&#9;&#9;//do nothing&#13;&#10;&#9;}&#13;&#10;&#9;@Override&#13;&#10;&#9;public boolean schedDataRec(){&#13;&#10;&#9;&#9;return true;&#13;&#10;&#9;}&#13;&#10;&#9;@Override&#13;&#10;&#9;public void setSchedDataRec(boolean bool){&#13;&#10;&#9;&#9;//do nothing&#13;&#10;&#9;}&#13;&#10;&#9;@Override&#13;&#10;&#9;public boolean courseSelected(){&#13;&#10;&#9;&#9;return true;&#13;&#10;&#9;}&#13;&#10;&#9;@Override&#13;&#10;&#9;public void setCourseSelected(boolean bool){&#13;&#10;&#9;&#9;//true&#13;&#10;&#9;}&#13;&#10;&#9;@Override&#13;&#10;&#9;public int getSelection(){&#13;&#10;&#9;&#9;return course;&#13;&#10;&#9;}&#13;&#10;&#9;public void setCourse(int courseID){&#13;&#10;&#9;&#9;course = courseID;&#13;&#10;&#9;}&#13;&#10;&#9;@Override&#13;&#10;&#9;public boolean psDataRec(){&#13;&#10;&#9;&#9;return true;&#13;&#10;&#9;}&#13;&#10;&#9;@Override&#13;&#10;&#9;public void setPsDataRec(boolean bool){&#13;&#10;&#9;&#9;//do nothing&#13;&#10;&#9;}&#13;&#10;&#9;@Override&#13;&#10;&#9;public boolean dataReceived(){&#13;&#10;&#9;&#9;return true;&#13;&#10;&#9;}&#13;&#10;&#9;@Override&#13;&#10;&#9;public void setLogDataRec(boolean bool){&#13;&#10;&#9;&#9;//do nothing&#13;&#10;&#9;}&#13;&#10;&#9;&#13;&#10;&#9;@Override&#13;&#10;&#9;public String getUsername(){&#13;&#10;&#9;&#9;return username;&#13;&#10;&#9;}&#13;&#10;&#9;@Override&#13;&#10;&#9;public String getPassword(){&#13;&#10;&#9;&#9;return password;&#13;&#10;&#9;}&#13;&#10;&#9;@Override&#13;&#10;&#9;public boolean getAck(){&#13;&#10;&#9;&#9;return true;&#13;&#10;&#9;}&#13;&#10;&#9;@Override&#13;&#10;&#9;public boolean editSchedSelected(){&#13;&#10;&#9;&#9;return edit;&#13;&#10;&#9;}&#13;&#10;&#9;@Override&#13;&#10;&#9;public boolean InitSetupSelected(){&#13;&#10;&#9;&#9;return init;&#13;&#10;&#9;}&#13;&#10;&#9;@Override&#13;&#10;&#9;public boolean logoutSelected(){&#13;&#10;&#9;&#9;return logout;&#13;&#10;&#9;}&#13;&#10;&#9;public void setDefSub(String defSub) {&#13;&#10;&#9;&#9;this.defSub = defSub;&#13;&#10;&#9;}&#13;&#10;&#13;&#10;&#9;public void setDefSemester(String defSemester) {&#13;&#10;&#9;&#9;this.defSemester = defSemester;&#13;&#10;&#9;}&#13;&#10;&#13;&#10;&#9;public void setDefCourseName(String defCourseName) {&#13;&#10;&#9;&#9;this.defCourseName = defCourseName;&#13;&#10;&#9;}&#13;&#10;&#9;public void setDefCourseStart(String defCourseStart) {&#13;&#10;&#9;&#9;this.defCourseStart = defCourseStart;&#13;&#10;&#9;}&#13;&#10;&#13;&#10;&#9;public void setDefCourseEnd(String defCourseEnd) {&#13;&#10;&#9;&#9;this.defCourseEnd = defCourseEnd;&#13;&#10;&#9;}&#13;&#10;&#13;&#10;&#9;public void setDefMonStart(String defMonStart) {&#13;&#10;&#9;&#9;this.defMonStart = defMonStart;&#13;&#10;&#9;}&#13;&#10;&#13;&#10;&#9;public void setDefMonEnd(String defMonEnd) {&#13;&#10;&#9;&#9;this.defMonEnd = defMonEnd;&#13;&#10;&#9;}&#13;&#10;&#13;&#10;&#9;public void setDefTueStart(String defTueStart) {&#13;&#10;&#9;&#9;this.defTueStart = defTueStart;&#13;&#10;&#9;}&#13;&#10;&#13;&#10;&#9;public void setDefTueEnd(String defTueEnd) {&#13;&#10;&#9;&#9;this.defTueEnd = defTueEnd;&#13;&#10;&#9;}&#13;&#10;&#13;&#10;&#9;public void setDefWedStart(String defWedStart) {&#13;&#10;&#9;&#9;this.defWedStart = defWedStart;&#13;&#10;&#9;}&#13;&#10;&#13;&#10;&#9;public void setDefWedEnd(String defWedEnd) {&#13;&#10;&#9;&#9;this.defWedEnd = defWedEnd;&#13;&#10;&#9;}&#13;&#10;&#13;&#10;&#9;public void setDefThuStart(String defThuStart) {&#13;&#10;&#9;&#9;this.defThuStart = defThuStart;&#13;&#10;&#9;}&#13;&#10;&#13;&#10;&#9;public void setDefThuEnd(String defThuEnd) {&#13;&#10;&#9;&#9;this.defThuEnd = defThuEnd;&#13;&#10;&#9;}&#13;&#10;&#13;&#10;&#9;public void setDefFriStart(String defFriStart) {&#13;&#10;&#9;&#9;this.defFriStart = defFriStart;&#13;&#10;&#9;}&#13;&#10;&#13;&#10;&#9;public void setDefFriEnd(String defFriEnd) {&#13;&#10;&#9;&#9;this.defFriEnd = defFriEnd;&#13;&#10;&#9;}&#13;&#10;&#13;&#10;&#9;public void setDefSatStart(String defSatStart) {&#13;&#10;&#9;&#9;this.defSatStart = defSatStart;&#13;&#10;&#9;}&#13;&#10;&#13;&#10;&#9;public void setDefSatEnd(String defSatEnd) {&#13;&#10;&#9;&#9;this.defSatEnd = defSatEnd;&#13;&#10;&#9;}&#13;&#10;&#9;@Override&#13;&#10;&#9;public String getNewCourseStart(){ &#13;&#10;&#9;&#9;return defCourseStart;&#13;&#10;&#9;}&#13;&#10;&#9;@Override&#13;&#10;&#9;public String getpNewCourseStart(){ &#13;&#10;&#9;&#9;return defCourseStart;&#13;&#10;&#9;}&#13;&#10;&#9;&#13;&#10;&#9;@Override&#13;&#10;&#9;public int getDefCourseID() {&#13;&#10;&#9;&#9;return course;&#13;&#10;&#9;}&#13;&#10;&#9;@Override&#13;&#10;&#9;public String getpNewCourseEnd() {&#13;&#10;&#9;&#9;return defCourseEnd;&#13;&#10;&#9;}&#13;&#10;&#9;@Override&#13;&#10;&#9;public String getpNewMonStart() {&#13;&#10;&#9;&#9;return defMonStart;&#13;&#10;&#9;}&#13;&#10;&#9;@Override&#13;&#10;&#9;public String getpNewTueStart() {&#13;&#10;&#9;&#9;return defTueStart;&#13;&#10;&#9;}&#13;&#10;&#9;@Override&#13;&#10;&#9;public String getpNewTueEnd() {&#13;&#10;&#9;&#9;return defTueEnd;&#13;&#10;&#9;}&#13;&#10;&#9;@Override&#13;&#10;&#9;public String getpNewThuEnd() {&#13;&#10;&#9;&#9;return defThuEnd;&#13;&#10;&#9;}&#13;&#10;&#9;@Override&#13;&#10;&#9;public String getpNewThuStart() {&#13;&#10;&#9;&#9;return defThuStart;&#13;&#10;&#9;}&#13;&#10;&#9;@Override&#13;&#10;&#9;public String getpNewWedEnd() {&#13;&#10;&#9;&#9;return defWedEnd;&#13;&#10;&#9;}&#13;&#10;&#9;@Override&#13;&#10;&#9;public String getpNewWedStart() {&#13;&#10;&#9;&#9;return defWedStart;&#13;&#10;&#9;}&#13;&#10;&#9;@Override&#13;&#10;&#9;public String getpNewFriEnd() {&#13;&#10;&#9;&#9;return defFriEnd;&#13;&#10;&#9;}&#13;&#10;&#9;@Override&#13;&#10;&#9;public String getpNewSatEnd() {&#13;&#10;&#9;&#9;return defSatEnd;&#13;&#10;&#9;}&#13;&#10;&#9;@Override&#13;&#10;&#9;public String getpNewSatStart() {&#13;&#10;&#9;&#9;return defSatStart;&#13;&#10;&#9;}&#13;&#10;&#9;@Override&#13;&#10;&#9;public String getpNewFriStart() {&#13;&#10;&#9;&#9;return defFriStart;&#13;&#10;&#9;}&#13;&#10;&#9;@Override&#13;&#10;&#9;public String getpNewMonEnd() {&#13;&#10;&#9;&#9;return defMonEnd;&#13;&#10;&#9;}&#13;&#10;&#9;@Override&#13;&#10;&#9;public int getNewCourseID() {&#13;&#10;&#9;&#9;return course;&#13;&#10;&#9;}&#13;&#10;&#9;@Override&#13;&#10;&#9;public String getNewSub() {&#13;&#10;&#9;&#9;return defSub;&#13;&#10;&#9;}&#13;&#10;&#9;@Override&#13;&#10;&#9;public String getNewCourseName() {&#13;&#10;&#9;&#9;return defCourseName;&#13;&#10;&#9;}&#13;&#10;&#9;@Override&#13;&#10;&#9;public String getNewSemester() {&#13;&#10;&#9;&#9;return defSemester;&#13;&#10;&#9;}&#13;&#10;&#9;@Override&#13;&#10;&#9;public String getNewCourseEnd() {&#13;&#10;&#9;&#9;return defCourseEnd;&#13;&#10;&#9;}&#13;&#10;&#9;@Override&#13;&#10;&#9;public String getNewMonStart() {&#13;&#10;&#9;&#9;return defMonStart;&#13;&#10;&#9;}&#13;&#10;&#9;@Override&#13;&#10;&#9;public String getNewTueStart() {&#13;&#10;&#9;&#9;return defTueStart;&#13;&#10;&#9;}&#13;&#10;&#9;@Override&#13;&#10;&#9;public String getNewTueEnd() {&#13;&#10;&#9;&#9;return defTueEnd;&#13;&#10;&#9;}&#13;&#10;&#9;@Override&#13;&#10;&#9;public String getNewThuEnd() {&#13;&#10;&#9;&#9;return defThuEnd;&#13;&#10;&#9;}&#13;&#10;&#9;@Override&#13;&#10;&#9;public String getNewThuStart() {&#13;&#10;&#9;&#9;return defThuStart;&#13;&#10;&#9;}&#13;&#10;&#9;@Override&#13;&#10;&#9;public String getNewWedEnd() {&#13;&#10;&#9;&#9;return defWedEnd;&#13;&#10;&#9;}&#13;&#10;&#9;@Override&#13;&#10;&#9;public String getNewWedStart() {&#13;&#10;&#9;&#9;return defWedStart;&#13;&#10;&#9;}&#13;&#10;&#9;@Override&#13;&#10;&#9;public String getNewFriEnd() {&#13;&#10;&#9;&#9;return defFriEnd;&#13;&#10;&#9;}&#13;&#10;&#9;@Override&#13;&#10;&#9;public String getNewSatEnd() {&#13;&#10;&#9;&#9;return defSatEnd;&#13;&#10;&#9;}&#13;&#10;&#9;@Override&#13;&#10;&#9;public String getNewSatStart() {&#13;&#10;&#9;&#9;return defSatStart;&#13;&#10;&#9;}&#13;&#10;&#9;@Override&#13;&#10;&#9;public String getNewFriStart() {&#13;&#10;&#9;&#9;return defFriStart;&#13;&#10;&#9;}&#13;&#10;&#9;@Override&#13;&#10;&#9;public String getNewMonEnd() {&#13;&#10;&#9;&#9;return defMonEnd;&#13;&#10;&#9;}&#13;&#10;}&#13;&#10;" Filename="InterfaceFacadeStub.java" Intrnl_Id="3"/>
<SrcFile Content="package my.PSM.unitTestPSM;&#13;&#10;&#13;&#10;import my.PSM.PSM_Interface.InterfaceFacade;&#13;&#10;import my.PSM.PSM_Logic.InterfaceController;&#13;&#10;&#13;&#10;public class InterfaceControllerStub extends InterfaceController {&#13;&#10;&#9;&#13;&#10;&#9;public InterfaceControllerStub(InterfaceFacade iFacade){&#13;&#10;&#9;&#9;facade = iFacade;&#13;&#10;&#9;}&#13;&#10;&#13;&#10;&#9;@Override&#13;&#10;    public void passwordLock()&#13;&#10;    {&#13;&#10;        //do nothing&#13;&#10;    }&#13;&#10;&#9;&#13;&#10;&#9;@Override&#13;&#10;    public void Initiate_Logout() &#13;&#10;    {&#13;&#10;        //do nothing&#13;&#10;     &#13;&#10;    }&#13;&#10;&#9;&#13;&#10;&#9;@Override&#13;&#10;    public void Initiate_IncorrectLogin()&#13;&#10;    {&#13;&#10;        &#13;&#10;        //do nothing&#13;&#10;        &#13;&#10;    }&#13;&#10;    &#13;&#10;&#9;@Override&#13;&#10;    public void Initiate_Schedule_Form() &#13;&#10;    {&#13;&#10;       &#13;&#10;       //do nothing&#13;&#10;    }&#13;&#10;&#13;&#10;&#9;@Override&#13;&#10;    public void Pre_Filled_Form(int courseID, String courseSubj, String courseName, String semester,&#13;&#10;            String startDate, String endDate, String startMon, String endMon,&#13;&#10;            String startTue, String endTue, String startWed, String endWed, String startThu, String endThu, &#13;&#10;            String startFri, String endFri, String startSat, String endSat) &#13;&#10;    {&#13;&#10;&#13;&#10;    &#13;&#10;        &#13;&#10;         //do nothing&#13;&#10;    }&#13;&#10;    &#13;&#10;&#9;@Override&#13;&#10;    public void Course_Select_Form(){&#13;&#10;        //do nothing&#13;&#10;    }&#13;&#10;&#9;&#13;&#10;&#9;@Override&#13;&#10;    public void Initiate_Login_Form() {&#13;&#10;&#13;&#10;        //do nothing&#13;&#10;&#13;&#10;    }&#13;&#10;&#13;&#10;&#9;@Override&#13;&#10;    public void Initiate_MainMenu() {&#13;&#10;        //do nothing&#13;&#10;&#13;&#10;    }&#13;&#10;}&#13;&#10;" Filename="InterfaceControllerStub.java" Intrnl_Id="4"/>
<SrcFile Content="package my.PSM.unitTestPSM;&#13;&#10;&#13;&#10;import java.util.ArrayList;&#13;&#10;import java.util.TreeMap;&#13;&#10;&#13;&#10;import my.PSM.PSM_Storage.DataStoreFacade;&#13;&#10;&#13;&#10;public class DataStoreFacadeStub extends DataStoreFacade {&#13;&#10;&#13;&#10;&#9;private String correctUser;&#13;&#10;&#9;private String correctPass;&#13;&#10;&#9;private String resultString = &quot;&quot;;&#13;&#10;&#9;&#13;&#10;&#9;private boolean isConnected;&#13;&#10;&#9;&#13;&#10;&#9;public ArrayList&lt;Integer&gt; courses = new ArrayList&lt;Integer&gt;();&#13;&#10;&#9;public TreeMap&lt;Integer, String&gt; defSub = new TreeMap&lt;Integer, String&gt;();&#13;&#10;    public TreeMap&lt;Integer, String&gt; defSemester = new TreeMap&lt;Integer, String&gt;();&#13;&#10;    public TreeMap&lt;Integer, String&gt; defCourseName = new TreeMap&lt;Integer, String&gt;();&#13;&#10;    public TreeMap&lt;Integer, String&gt; defCourseStart = new TreeMap&lt;Integer, String&gt;();&#13;&#10;    public TreeMap&lt;Integer, String&gt; defCourseEnd = new TreeMap&lt;Integer, String&gt;();&#13;&#10;    public TreeMap&lt;Integer, String&gt; defMonStart = new TreeMap&lt;Integer, String&gt;();&#13;&#10;    public TreeMap&lt;Integer, String&gt; defMonEnd = new TreeMap&lt;Integer, String&gt;();&#13;&#10;    public TreeMap&lt;Integer, String&gt; defTueStart = new TreeMap&lt;Integer, String&gt;();&#13;&#10;    public TreeMap&lt;Integer, String&gt; defTueEnd = new TreeMap&lt;Integer, String&gt;();&#13;&#10;    public TreeMap&lt;Integer, String&gt; defWedStart = new TreeMap&lt;Integer, String&gt;();&#13;&#10;    public TreeMap&lt;Integer, String&gt; defWedEnd = new TreeMap&lt;Integer, String&gt;();&#13;&#10;    public TreeMap&lt;Integer, String&gt; defThuStart = new TreeMap&lt;Integer, String&gt;();&#13;&#10;    public TreeMap&lt;Integer, String&gt; defThuEnd = new TreeMap&lt;Integer, String&gt;();&#13;&#10;    public TreeMap&lt;Integer, String&gt; defFriStart = new TreeMap&lt;Integer, String&gt;();&#13;&#10;    public TreeMap&lt;Integer, String&gt; defFriEnd = new TreeMap&lt;Integer, String&gt;();&#13;&#10;    public TreeMap&lt;Integer, String&gt; defSatStart = new TreeMap&lt;Integer, String&gt;();&#13;&#10;    public TreeMap&lt;Integer, String&gt; defSatEnd = new TreeMap&lt;Integer, String&gt;();&#13;&#10;    &#13;&#10;&#9;public DataStoreFacadeStub(String username, String password) {&#13;&#10;&#9;&#9;super();&#13;&#10;&#9;&#9;correctUser = username;&#13;&#10;&#9;&#9;correctPass = password;&#13;&#10;&#9;&#9;isConnected = false;&#13;&#10;&#9;}&#13;&#10;&#13;&#10;&#9;public void testHelper(int courseID, String courseSubj,&#13;&#10;&#9;&#9;&#9;String courseName, String semester, String startDate, String endDate,&#13;&#10;&#9;&#9;&#9;String startMon, String endMon, String startTue, String endTue,&#13;&#10;&#9;&#9;&#9;String startWed, String endWed, String startThu, String endThu,&#13;&#10;&#9;&#9;&#9;String startFri, String endFri, String startSat, String endSat){&#13;&#10;&#9;&#9;courses.add(courseID);&#13;&#10;&#9;&#9;defSub.put(courseID, courseSubj);&#13;&#10;&#9;&#9;defCourseName.put(courseID, courseName);&#13;&#10;&#9;&#9;defSemester.put(courseID, semester);&#13;&#10;&#9;&#9;defCourseStart.put(courseID, startDate);&#13;&#10;&#9;&#9;defCourseEnd.put(courseID, endDate);&#13;&#10;&#9;&#9;defMonStart.put(courseID, startMon);&#13;&#10;&#9;&#9;defMonEnd.put(courseID, endMon);&#13;&#10;&#9;&#9;defTueStart.put(courseID, startTue);&#13;&#10;&#9;&#9;defTueEnd.put(courseID, endTue);&#13;&#10;&#9;&#9;defWedStart.put(courseID, startWed);&#13;&#10;&#9;&#9;defWedEnd.put(courseID, endWed);&#13;&#10;&#9;&#9;defThuStart.put(courseID, startThu);&#13;&#10;&#9;&#9;defThuEnd.put(courseID, endThu);&#13;&#10;&#9;&#9;defFriStart.put(courseID, startFri);&#13;&#10;&#9;&#9;defFriEnd.put(courseID, endFri);&#13;&#10;&#9;&#9;defSatStart.put(courseID, startSat);&#13;&#10;&#9;&#9;defSatEnd.put(courseID, endSat);&#13;&#10;&#9;}&#13;&#10;&#9;public void setString(String s){&#13;&#10;&#9;&#9;resultString = s;&#13;&#10;&#9;}&#13;&#10;&#9;public String fetchCourses() {&#13;&#10;&#9;&#9;//return dbCon.fetchCourses();&#13;&#10;&#9;&#9;return resultString;&#13;&#10;&#9;}&#13;&#10;&#9;@Override&#13;&#10;&#9;public int connect(String user, String pw) {&#13;&#10;&#9;&#9;if(correctUser.equals(user) &amp;&amp; correctPass.equals(pw)){&#13;&#10;&#9;&#9;&#9;isConnected = true;&#13;&#10;&#9;&#9;&#9;return 0;&#13;&#10;&#9;&#9;}&#13;&#10;&#9;&#9;else{&#13;&#10;&#9;&#9;&#9;isConnected = false;&#13;&#10;&#9;&#9;&#9;return -1;&#13;&#10;&#9;&#9;}&#13;&#10;&#9;}&#13;&#10;&#13;&#10;&#9;@Override&#13;&#10;&#9;public int disconnect() {&#13;&#10;&#9;&#9;isConnected = false;&#13;&#10;&#9;&#9;return 0;&#13;&#10;&#9;}&#13;&#10;&#13;&#10;&#9;@Override&#13;&#10;&#9;public ArrayList&lt;String&gt; getEndDates() {&#13;&#10;&#9;&#9;ArrayList&lt;String&gt; endDates = new ArrayList&lt;String&gt;();&#13;&#10;&#9;&#9;endDates.addAll(defCourseEnd.values());&#13;&#10;&#9;&#9;return endDates;&#13;&#10;&#9;}&#13;&#10;&#13;&#10;&#9;@Override&#13;&#10;&#9;public ArrayList&lt;Integer&gt; getCourses() {&#13;&#10;&#9;&#9;return courses;&#13;&#10;&#9;}&#13;&#10;&#13;&#10;&#9;@Override&#13;&#10;&#9;public String fetchCourseSubj(int courseID) {&#13;&#10;&#9;&#9;return defSub.get(courseID);&#13;&#10;&#9;}&#13;&#10;&#13;&#10;&#9;@Override&#13;&#10;&#9;public String fetchCourseName(int courseID) {&#13;&#10;&#9;&#9;return defCourseName.get(courseID);&#13;&#10;&#9;}&#13;&#10;&#13;&#10;&#9;@Override&#13;&#10;&#9;public String fetchCourseSemester(int courseID) {&#13;&#10;&#9;&#9;return defSemester.get(courseID);&#13;&#10;&#9;}&#13;&#10;&#13;&#10;&#9;@Override&#13;&#10;&#9;public String fetchCourseStart(int courseID) {&#13;&#10;&#9;&#9;return defCourseStart.get(courseID);&#13;&#10;&#9;}&#13;&#10;&#13;&#10;&#9;@Override&#13;&#10;&#9;public String fetchCourseEnd(int courseID) {&#13;&#10;&#9;&#9;return defCourseEnd.get(courseID);&#13;&#10;&#9;}&#13;&#10;&#13;&#10;&#9;@Override&#13;&#10;&#9;public String fetchStartMon(int courseID) {&#13;&#10;&#9;&#9;return defMonStart.get(courseID);&#13;&#10;&#9;}&#13;&#10;&#13;&#10;&#9;@Override&#13;&#10;&#9;public String fetchEndMon(int courseID) {&#13;&#10;&#9;&#9;return defMonEnd.get(courseID);&#13;&#10;&#9;}&#13;&#10;&#13;&#10;&#9;@Override&#13;&#10;&#9;public String fetchStartTue(int courseID) {&#13;&#10;&#9;&#9;return defTueStart.get(courseID);&#13;&#10;&#9;}&#13;&#10;&#13;&#10;&#9;@Override&#13;&#10;&#9;public String fetchEndTue(int courseID) {&#13;&#10;&#9;&#9;return defTueEnd.get(courseID);&#13;&#10;&#9;}&#13;&#10;&#13;&#10;&#9;@Override&#13;&#10;&#9;public String fetchStartWed(int courseID) {&#13;&#10;&#9;&#9;return defWedStart.get(courseID);&#13;&#10;&#9;}&#13;&#10;&#13;&#10;&#9;@Override&#13;&#10;&#9;public String fetchEndWed(int courseID) {&#13;&#10;&#9;&#9;return defWedEnd.get(courseID);&#13;&#10;&#9;}&#13;&#10;&#13;&#10;&#9;@Override&#13;&#10;&#9;public String fetchStartThu(int courseID) {&#13;&#10;&#9;&#9;return defThuStart.get(courseID);&#13;&#10;&#9;}&#13;&#10;&#13;&#10;&#9;@Override&#13;&#10;&#9;public String fetchEndThu(int courseID) {&#13;&#10;&#9;&#9;return defThuEnd.get(courseID);&#13;&#10;&#9;}&#13;&#10;&#13;&#10;&#9;@Override&#13;&#10;&#9;public String fetchStartFri(int courseID) {&#13;&#10;&#9;&#9;return defFriStart.get(courseID);&#13;&#10;&#9;}&#13;&#10;&#13;&#10;&#9;@Override&#13;&#10;&#9;public String fetchEndFri(int courseID) {&#13;&#10;&#9;&#9;return defFriEnd.get(courseID);&#13;&#10;&#9;}&#13;&#10;&#13;&#10;&#9;@Override&#13;&#10;&#9;public String fetchStartSat(int courseID) {&#13;&#10;&#9;&#9;return defSatStart.get(courseID);&#13;&#10;&#9;}&#13;&#10;&#13;&#10;&#9;@Override&#13;&#10;&#9;public String fetchEndSat(int courseID) {&#13;&#10;&#9;&#9;return defSatEnd.get(courseID);&#13;&#10;&#9;}&#13;&#10;&#13;&#10;&#9;@Override&#13;&#10;&#9;public int storeClassInfo(int courseID, String courseSubj,&#13;&#10;&#9;&#9;&#9;String courseName, String semester) {&#13;&#10;&#9;&#9;courses.add(courseID);&#13;&#10;&#9;&#9;defSub.put(courseID, courseSubj);&#13;&#10;&#9;&#9;defCourseName.put(courseID, courseName);&#13;&#10;&#9;&#9;defSemester.put(courseID, semester);&#13;&#10;&#9;&#9;return 0;&#13;&#10;&#9;}&#13;&#10;&#13;&#10;&#9;@Override&#13;&#10;&#9;public int storeClassSched(int courseID, String startDate, String endDate,&#13;&#10;&#9;&#9;&#9;String startMon, String endMon, String startTue, String endTue,&#13;&#10;&#9;&#9;&#9;String startWed, String endWed, String startThu, String endThu,&#13;&#10;&#9;&#9;&#9;String startFri, String endFri, String startSat, String endSat) {&#13;&#10;&#9;&#9;if(courses.contains(courseID)){&#13;&#10;&#9;&#9;&#9;defCourseStart.put(courseID, startDate);&#13;&#10;&#9;&#9;&#9;defCourseEnd.put(courseID, endDate);&#13;&#10;&#9;&#9;&#9;defMonStart.put(courseID, startMon);&#13;&#10;&#9;&#9;&#9;defMonEnd.put(courseID, endMon);&#13;&#10;&#9;&#9;&#9;defTueStart.put(courseID, startTue);&#13;&#10;&#9;&#9;&#9;defTueEnd.put(courseID, endTue);&#13;&#10;&#9;&#9;&#9;defWedStart.put(courseID, startWed);&#13;&#10;&#9;&#9;&#9;defWedEnd.put(courseID, endWed);&#13;&#10;&#9;&#9;&#9;defThuStart.put(courseID, startThu);&#13;&#10;&#9;&#9;&#9;defThuEnd.put(courseID, endThu);&#13;&#10;&#9;&#9;&#9;defFriStart.put(courseID, startFri);&#13;&#10;&#9;&#9;&#9;defFriEnd.put(courseID, endFri);&#13;&#10;&#9;&#9;&#9;defSatStart.put(courseID, startSat);&#13;&#10;&#9;&#9;&#9;defSatEnd.put(courseID, endSat);&#13;&#10;&#9;&#9;&#9;return 0;&#13;&#10;&#9;&#9;}&#13;&#10;&#9;&#9;return -1;&#13;&#10;&#9;}&#13;&#10;&#13;&#10;&#9;@Override&#13;&#10;&#9;public void clearDatabase() {&#13;&#10;&#9;&#9;if(isConnected){&#13;&#10;&#9;&#9;&#9;courses.clear();&#13;&#10;&#9;&#9;&#9;defSub.clear();&#13;&#10;&#9;&#9;&#9;defCourseName.clear();&#13;&#10;&#9;&#9;&#9;defSemester.clear();&#13;&#10;&#9;&#9;&#9;defCourseStart.clear();&#13;&#10;&#9;&#9;&#9;defCourseEnd.clear();&#13;&#10;&#9;&#9;&#9;defMonStart.clear();&#13;&#10;&#9;&#9;&#9;defMonEnd.clear();&#13;&#10;&#9;&#9;&#9;defTueStart.clear();&#13;&#10;&#9;&#9;&#9;defTueEnd.clear();&#13;&#10;&#9;&#9;&#9;defWedStart.clear();&#13;&#10;&#9;&#9;&#9;defWedEnd.clear();&#13;&#10;&#9;&#9;&#9;defThuStart.clear();&#13;&#10;&#9;&#9;&#9;defThuEnd.clear();&#13;&#10;&#9;&#9;&#9;defFriStart.clear();&#13;&#10;&#9;&#9;&#9;defFriEnd.clear();&#13;&#10;&#9;&#9;&#9;defSatStart.clear();&#13;&#10;&#9;&#9;&#9;defSatEnd.clear();&#13;&#10;&#9;&#9;}&#13;&#10;&#9;}&#13;&#10;&#13;&#10;}&#13;&#10;" Filename="DataStoreFacadeStub.java" Intrnl_Id="5"/>
<SrcFile Content="package my.PSM.unitTestPSM;&#13;&#10;import static org.junit.Assert.*;&#13;&#10;&#13;&#10;import java.util.ArrayList;&#13;&#10;&#13;&#10;import my.PSM.PSM_Storage.DBConnection;&#13;&#10;&#13;&#10;import org.junit.Before;&#13;&#10;import org.junit.Test;&#13;&#10;&#13;&#10;public class DBConnectionTest {&#13;&#10;&#13;&#10;&#9;DBConnection db = new DBConnection();&#13;&#10;&#9;MySQLManagerStub stub = new MySQLManagerStub(&quot;user&quot;,&quot;pw&quot;);&#13;&#10;&#9;&#13;&#10;&#9;&#13;&#10;&#9;@Before&#13;&#10;&#9;public void runBefore(){&#13;&#10;&#9;&#9;stub.testHelper(4010, &quot;CEN&quot;, &quot;Software Engineering&quot;, &quot;Spring 2008&quot;, &quot;01-02-08&quot;, &quot;04-20-08&quot;, &quot;12:00&quot;, &quot;12:50&quot;, null, null, &quot;12:00&quot;, &quot;12:50&quot;, null, null, &quot;12:00&quot;, &quot;12:50&quot;, null, null);&#13;&#10;&#9;&#9;db.setMyManager(stub);&#13;&#10;&#9;}&#13;&#10;&#9;&#13;&#10;&#9;@Test&#13;&#10;&#9;public void testConnectStringStringString() {&#13;&#10;&#9;&#9;db.connect(&quot;jdbc:mysql://131.94.178.165:3306/mydb&quot;, &quot;user&quot;, &quot;pw&quot;);&#13;&#10;&#9;}&#13;&#10;&#13;&#10;&#9;@Test&#13;&#10;&#9;public void testConnectStringString() {&#13;&#10;&#9;&#9;db.connect(&quot;user&quot;, &quot;pw&quot;);&#13;&#10;&#9;}&#13;&#10;&#13;&#10;&#9;@Test&#13;&#10;&#9;public void testDisconnect() {&#13;&#10;&#9;&#9;db.disconnect();&#13;&#10;&#9;}&#13;&#10;&#13;&#10;&#9;@Test&#13;&#10;&#9;public void testFetchCourseID() {&#13;&#10;&#9;&#9;boolean flag = false;&#13;&#10;&#9;&#9;int course = 4010;&#13;&#10;&#9;&#9;//courses = courses + &quot;&quot;;&#13;&#10;&#9;&#9;if (course == db.fetchCourseID(4010)){&#13;&#10;&#9;&#9;&#9;flag = true;&#13;&#10;&#9;&#9;} else flag = false;&#13;&#10;&#9;&#9;assertEquals(true,flag);&#13;&#10;&#13;&#10;&#9;}&#13;&#10;&#13;&#10;&#9;@Test&#13;&#10;&#9;public void testGetEndDates() {&#13;&#10;&#9;&#9;db.getEndDates().size();&#13;&#10;&#9;&#9;assertEquals(true,true);&#13;&#10;&#9;}&#13;&#10;&#13;&#10;&#9;@Test&#13;&#10;&#9;public void testGetCourses() {&#13;&#10;&#9;&#9;ArrayList&lt;Integer&gt; courses = new ArrayList&lt;Integer&gt;();&#13;&#10;&#9;&#9;boolean flag = false;&#13;&#10;&#9;&#9;courses.add(0, 4010);&#13;&#10;&#9;&#9;int a = courses.size();&#13;&#10;&#9;&#9;int b = db.getEndDates().size();&#13;&#10;&#9;&#9;int max;&#13;&#10;&#9;&#9;if (a &gt;= b) {&#13;&#10;&#9;&#9;&#9;max = a;&#13;&#10;&#9;&#9;} else&#13;&#10;&#9;&#9;&#9;max = b;&#13;&#10;&#9;&#9;for (int i = 0; i &lt; max; i++) {&#13;&#10;&#9;&#9;&#9;if (courses.get(i) == (db.getCourses().get(i))) {&#13;&#10;&#9;&#9;&#9;&#9;// do nothing&#13;&#10;&#9;&#9;&#9;} else&#13;&#10;&#9;&#9;&#9;&#9;flag = false;&#13;&#10;&#9;&#9;}&#13;&#10;&#9;&#9;flag = true;&#13;&#10;&#9;&#9;assertEquals(true,flag);&#13;&#10;&#9;}&#13;&#10;&#13;&#10;&#9;@Test&#13;&#10;&#9;public void testFetchCourses() {&#13;&#10;&#9;&#9;boolean flag = false;&#13;&#10;&#9;&#9;String courses = &quot;4010,&quot;;&#13;&#10;&#9;&#9;//courses = courses + &quot;&quot;;&#13;&#10;&#9;&#9;if (courses.equalsIgnoreCase(db.fetchCourses())){&#13;&#10;&#9;&#9;&#9;flag = true;&#13;&#10;&#9;&#9;} else flag = false;&#13;&#10;&#9;&#9;assertEquals(true,flag);&#13;&#10;&#9;}&#13;&#10;&#13;&#10;&#9;@Test&#13;&#10;&#9;public void testFetchCourseSubj() {&#13;&#10;&#9;&#9;boolean flag = false;&#13;&#10;&#9;&#9;String subj = &quot;CEN&quot;;&#9;//based on ID&#13;&#10;&#9;&#9;if (subj.equalsIgnoreCase(db.fetchCourseSubj(4010))){&#13;&#10;&#9;&#9;&#9;flag = true;&#13;&#10;&#9;&#9;} else flag = false;&#13;&#10;&#9;&#9;assertEquals(true,flag);&#13;&#10;&#9;}&#13;&#10;&#13;&#10;&#9;@Test&#13;&#10;&#9;public void testFetchCourseName() {&#13;&#10;&#9;&#9;boolean flag = false;&#13;&#10;&#9;&#9;String courses = &quot;Software Engineering&quot;; //based on ID&#13;&#10;&#9;&#9;if (courses.equalsIgnoreCase(db.fetchCourseName(4010))){&#13;&#10;&#9;&#9;&#9;flag = true;&#13;&#10;&#9;&#9;} else flag = false;&#13;&#10;&#9;&#9;assertEquals(true,flag);&#13;&#10;&#9;}&#13;&#10;&#13;&#10;&#9;@Test&#13;&#10;&#9;public void testFetchCourseSemester() {&#13;&#10;&#9;&#9;boolean flag = false;&#13;&#10;&#9;&#9;String semester= &quot;Spring 2008&quot;; //based on ID&#13;&#10;&#9;&#9;if (semester.equalsIgnoreCase(db.fetchCourseSemester(4010))){&#13;&#10;&#9;&#9;&#9;flag = true;&#13;&#10;&#9;&#9;} else flag = false;&#13;&#10;&#9;&#9;assertEquals(true,flag);&#13;&#10;&#9;}&#13;&#10;&#13;&#10;&#9;@Test&#13;&#10;&#9;public void testFetchCourseStart() {&#13;&#10;&#9;&#9;boolean flag = false;&#13;&#10;&#9;&#9;String startDate= &quot;01-02-08&quot;; //based on ID&#13;&#10;&#9;&#9;if (startDate.equalsIgnoreCase(db.fetchCourseStart(4010))){&#13;&#10;&#9;&#9;&#9;flag = true;&#13;&#10;&#9;&#9;} else flag = false;&#13;&#10;&#9;&#9;assertEquals(true,flag);&#13;&#10;&#9;}&#13;&#10;&#13;&#10;&#9;@Test&#13;&#10;&#9;public void testFetchCourseEnd() {&#13;&#10;&#9;&#9;boolean flag = false;&#13;&#10;&#9;&#9;String endDate= &quot;04-20-08&quot;; //based on ID&#13;&#10;&#9;&#9;if (endDate.equalsIgnoreCase(db.fetchCourseEnd(4010))){&#13;&#10;&#9;&#9;&#9;flag = true;&#13;&#10;&#9;&#9;} else flag = false;&#13;&#10;&#9;&#9;assertEquals(true,flag);&#13;&#10;&#9;}&#13;&#10;&#13;&#10;&#9;@Test&#13;&#10;&#9;public void testFetchStartMon() {&#13;&#10;&#9;&#9;boolean flag = false;&#13;&#10;&#9;&#9;String startMon= &quot;12:00&quot;; //based on ID&#13;&#10;&#9;&#9;if (startMon.equalsIgnoreCase(db.fetchStartMon(4010))){&#13;&#10;&#9;&#9;&#9;flag = true;&#13;&#10;&#9;&#9;} else flag = false;&#13;&#10;&#9;&#9;assertEquals(true,flag);&#13;&#10;&#9;}&#13;&#10;&#13;&#10;&#9;@Test&#13;&#10;&#9;public void testFetchEndMon() {&#13;&#10;&#9;&#9;boolean flag = false;&#13;&#10;&#9;&#9;String endMon= &quot;12:50&quot;; //based on ID&#13;&#10;&#9;&#9;if (endMon.equalsIgnoreCase(db.fetchEndMon(4010))){&#13;&#10;&#9;&#9;&#9;flag = true;&#13;&#10;&#9;&#9;} else flag = false;&#13;&#10;&#9;&#9;assertEquals(true,flag);&#13;&#10;&#9;}&#13;&#10;&#13;&#10;&#9;@Test&#13;&#10;&#9;public void testFetchStartTue() {&#13;&#10;&#9;&#9;boolean flag = false;&#13;&#10;&#9;&#9;String startTue= null; //based on ID&#13;&#10;&#9;&#9;if (startTue == (db.fetchStartTue(4010))){&#13;&#10;&#9;&#9;&#9;flag = true;&#13;&#10;&#9;&#9;} else flag = false;&#13;&#10;&#9;&#9;assertEquals(true,flag);&#13;&#10;&#9;}&#13;&#10;&#13;&#10;&#9;@Test&#13;&#10;&#9;public void testFetchEndTue() {&#13;&#10;&#9;&#9;boolean flag = false;&#13;&#10;&#9;&#9;String endTue= null; //based on ID&#13;&#10;&#9;&#9;if (endTue == (db.fetchEndTue(4010))){&#13;&#10;&#9;&#9;&#9;flag = true;&#13;&#10;&#9;&#9;} else flag = false;&#13;&#10;&#9;&#9;assertEquals(true,flag);&#13;&#10;&#9;}&#13;&#10;&#13;&#10;&#9;@Test&#13;&#10;&#9;public void testFetchStartWed() {&#13;&#10;&#9;&#9;boolean flag = false;&#13;&#10;&#9;&#9;String startWed= &quot;12:00&quot;; //based on ID&#13;&#10;&#9;&#9;if (startWed.equalsIgnoreCase(db.fetchStartWed(4010))){&#13;&#10;&#9;&#9;&#9;flag = true;&#13;&#10;&#9;&#9;} else flag = false;&#13;&#10;&#9;&#9;assertEquals(true,flag);&#13;&#10;&#9;}&#13;&#10;&#13;&#10;&#9;@Test&#13;&#10;&#9;public void testFetchEndWed() {&#13;&#10;&#9;&#9;boolean flag = false;&#13;&#10;&#9;&#9;String endWed= &quot;12:50&quot;; //based on ID&#13;&#10;&#9;&#9;if (endWed.equalsIgnoreCase(db.fetchEndWed(4010))){&#13;&#10;&#9;&#9;&#9;flag = true;&#13;&#10;&#9;&#9;} else flag = false;&#13;&#10;&#9;&#9;assertEquals(true,flag);&#13;&#10;&#9;}&#13;&#10;&#13;&#10;&#9;@Test&#13;&#10;&#9;public void testFetchStartThu() {&#13;&#10;&#9;&#9;boolean flag = false;&#13;&#10;&#9;&#9;String startThu= null; //based on ID&#13;&#10;&#9;&#9;if (startThu == (db.fetchStartThu(4010))){&#13;&#10;&#9;&#9;&#9;flag = true;&#13;&#10;&#9;&#9;} else flag = false;&#13;&#10;&#9;&#9;assertEquals(true,flag);&#13;&#10;&#9;}&#13;&#10;&#13;&#10;&#9;@Test&#13;&#10;&#9;public void testFetchEndThu() {&#13;&#10;&#9;&#9;boolean flag = false;&#13;&#10;&#9;&#9;String endThu= null; //based on ID&#13;&#10;&#9;&#9;if (endThu == (db.fetchEndThu(4010))){&#13;&#10;&#9;&#9;&#9;flag = true;&#13;&#10;&#9;&#9;} else flag = false;&#13;&#10;&#9;&#9;assertEquals(true,flag);&#13;&#10;&#9;}&#13;&#10;&#13;&#10;&#9;@Test&#13;&#10;&#9;public void testFetchStartFri() {&#13;&#10;&#9;&#9;boolean flag = false;&#13;&#10;&#9;&#9;String startFri= &quot;12:00&quot;; //based on ID&#13;&#10;&#9;&#9;if (startFri.equalsIgnoreCase(db.fetchStartFri(4010))){&#13;&#10;&#9;&#9;&#9;flag = true;&#13;&#10;&#9;&#9;} else flag = false;&#13;&#10;&#9;&#9;assertEquals(true,flag);&#13;&#10;&#9;}&#13;&#10;&#13;&#10;&#9;@Test&#13;&#10;&#9;public void testFetchEndFri() {&#13;&#10;&#9;&#9;boolean flag = false;&#13;&#10;&#9;&#9;String endFri= &quot;12:50&quot;; //based on ID&#13;&#10;&#9;&#9;if (endFri.equalsIgnoreCase(db.fetchEndFri(4010))){&#13;&#10;&#9;&#9;&#9;flag = true;&#13;&#10;&#9;&#9;} else flag = false;&#13;&#10;&#9;&#9;assertEquals(true,flag);&#13;&#10;&#9;}&#13;&#10;&#13;&#10;&#9;@Test&#13;&#10;&#9;public void testFetchStartSat() {&#13;&#10;&#9;&#9;boolean flag = false;&#13;&#10;&#9;&#9;String startSat= null; //based on ID&#13;&#10;&#9;&#9;if (startSat == (db.fetchStartSat(4010))){&#13;&#10;&#9;&#9;&#9;flag = true;&#13;&#10;&#9;&#9;} else flag = false;&#13;&#10;&#9;&#9;assertEquals(true,flag);&#13;&#10;&#9;}&#13;&#10;&#13;&#10;&#9;@Test&#13;&#10;&#9;public void testFetchEndSat() {&#13;&#10;&#9;&#9;boolean flag = false;&#13;&#10;&#9;&#9;String endSat= null; //based on ID&#13;&#10;&#9;&#9;if (endSat == (db.fetchEndSat(4010))){&#13;&#10;&#9;&#9;&#9;flag = true;&#13;&#10;&#9;&#9;} else flag = false;&#13;&#10;&#9;&#9;assertEquals(true,flag);&#13;&#10;&#9;}&#13;&#10;&#13;&#10;&#9;@Test&#13;&#10;&#9;public void testStoreClassInfo() {&#13;&#10;&#9;&#9;db.storeClassInfo(4010, &quot;CEN&quot;, &quot;Software Testing&quot;, &quot;Fall 2016&quot;);&#13;&#10;&#9;&#9;assertEquals(true,stub.courses.contains(4010));&#13;&#10;&#9;&#9;assertEquals(&quot;Software Testing&quot;,stub.defCourseName.get(4010));&#13;&#10;&#9;&#9;assertEquals(&quot;CEN&quot;,stub.defSub.get(4010));&#13;&#10;&#9;&#9;assertEquals(&quot;Fall 2016&quot;,stub.defSemester.get(4010));&#13;&#10;&#9;}&#13;&#10;&#13;&#10;&#9;//@Test&#13;&#10;&#9;//public void testStoreClassSched() {&#13;&#10;&#9;&#9;//fail(&quot;Not yet implemented&quot;);&#13;&#10;&#9;//}&#13;&#10;&#13;&#10;&#9;//@Test&#13;&#10;&#9;//public void testClearDatabase() {&#13;&#10;&#9;&#9;//fail(&quot;Not yet implemented&quot;);&#13;&#10;&#9;//}&#13;&#10;&#13;&#10;&#9;//@Test&#13;&#10;&#9;//public void testCreateClassTable() {&#13;&#10;&#9;&#9;//fail(&quot;Not yet implemented&quot;);&#13;&#10;&#9;//}&#13;&#10;&#13;&#10;}&#13;&#10;" Filename="DBConnectionTest.java" Intrnl_Id="6"/>
<SrcFile Content="package my.PSM.unitTestPSM;&#13;&#10;&#13;&#10;import my.PSM.PSM_Logic.Authenticate;&#13;&#10;&#13;&#10;public class AuthenticateStub extends Authenticate {&#13;&#10;&#13;&#10;&#9;private String correctUser;&#13;&#10;&#9;private String correctPw;&#13;&#10;&#9;&#13;&#10;&#9;public AuthenticateStub(String user, String pw) {&#13;&#10;&#9;&#9;super(user, pw);&#13;&#10;&#9;&#9;correctUser = user;&#13;&#10;&#9;&#9;correctPw = pw;&#13;&#10;&#9;}&#13;&#10;&#9;public void setCorrectUser(String correctUser) {&#13;&#10;&#9;&#9;this.correctUser = correctUser;&#13;&#10;&#9;}&#13;&#10;&#13;&#10;&#9;public void setCorrectPw(String correctPw) {&#13;&#10;&#9;&#9;this.correctPw = correctPw;&#13;&#10;&#9;}&#13;&#10;&#13;&#10;&#9;@Override&#13;&#10;&#9;public boolean validate_Login() {&#13;&#10;&#9;&#9;return (correctUser.equals(username)) &amp;&amp; (correctPw.equals(password));&#13;&#10;&#9;}&#13;&#10;&#13;&#10;&#9;@Override&#13;&#10;&#9;public boolean logout() {&#13;&#10;&#9;&#9;return true;&#13;&#10;&#9;}&#13;&#10;&#9;&#13;&#10;&#9;&#13;&#10;}&#13;&#10;" Filename="AuthenticateStub.java" Intrnl_Id="7"/>
<SrcFile Content="package my.PSM.subsystemTestPSM;&#13;&#10;&#13;&#10;import static org.junit.Assert.*;&#13;&#10;&#13;&#10;import org.junit.After;&#13;&#10;import org.junit.Before;&#13;&#10;import org.junit.Test;&#13;&#10;&#13;&#10;import my.PSM.PSM_Logic.LogicFacade;&#13;&#10;&#13;&#10;public class logicTest {&#13;&#10;&#9;&#13;&#10;    LogicFacade logicFacade;&#13;&#10;    DataStoreFacadeStub data;&#13;&#10;&#9;@Before&#13;&#10;&#9;public void setUp() throws Exception {&#13;&#10;&#9;&#9;data = new DataStoreFacadeStub(&quot;user&quot;, &quot;pw&quot;);&#13;&#10;    &#9;logicFacade = new LogicFacade(data);&#13;&#10;&#9;&#9;&#13;&#10;&#9;}&#13;&#10;&#13;&#10;&#9;@After&#13;&#10;&#9;public void tearDown() throws Exception {&#13;&#10;&#9;&#9;logicFacade = null;&#13;&#10;&#9;}&#13;&#10;&#13;&#10;&#9;@Test&#13;&#10;&#9;public void testfetchcourse() {&#13;&#10;&#9;&#9;data.testHelper(4072, &quot;CEN&quot;, &quot;Software Testing&quot;, &quot;SummerA&quot;, &quot;06/15/16&quot;, &quot;07/15/16&quot;, null, null, &quot;4:30&quot;, &quot;6:15&quot;, null, null, null, null, null, null, null, null);&#13;&#10;&#9;&#9;data.testHelper(3530, &quot;CEN&quot;, &quot;Software Testing&quot;, &quot;SummerA&quot;, &quot;06/15/16&quot;, &quot;07/15/16&quot;, null, null, &quot;4:30&quot;, &quot;6:15&quot;, null, null, null, null, null, null, null, null);&#13;&#10;&#9;&#9;((DataStoreFacadeStub)data).setString(&quot;4072,3530,&quot;);&#13;&#10;&#9;&#9;String s=logicFacade.fetchCourses();&#13;&#10;&#9;   &#13;&#10;&#9;&#9;assertEquals(s, &quot;4072,3530,&quot;);&#13;&#10;&#9;&#9;&#13;&#10;&#9;&#9;&#13;&#10;&#9;}&#13;&#10;&#9;&#13;&#10;&#9;@Test&#13;&#10;&#9;public void testfetchcourse02(){&#13;&#10;&#9;&#9;((DataStoreFacadeStub)data).setString(&quot;&quot;);&#13;&#10;&#9;&#9;String s=logicFacade.fetchCourses();&#13;&#10;&#9;   &#13;&#10;&#9;&#9;assertEquals(s, &quot;&quot;);&#13;&#10;&#9;}&#13;&#10;&#9;@Test&#13;&#10;&#9;public void testfetchcourse01(){&#13;&#10;&#9;&#9;data.testHelper(4072, &quot;CEN&quot;, &quot;Software Testing&quot;, &quot;SummerA&quot;, &quot;06/15/16&quot;, &quot;07/15/16&quot;, null, null, &quot;4:30&quot;, &quot;6:15&quot;, null, null, null, null, null, null, null, null);&#13;&#10;&#9;&#9;((DataStoreFacadeStub)data).setString(&quot;4072,&quot;);&#13;&#10;&#9;&#9;String s=logicFacade.fetchCourses();&#13;&#10;&#9;   &#13;&#10;&#9;&#9;assertEquals(s, &quot;4072,&quot;);&#13;&#10;&#9;}&#13;&#10;&#13;&#10;}&#13;&#10;&#13;&#10;" Filename="logicTest.java" Intrnl_Id="8"/>
<SrcFile Content="package my.PSM.PSM_Storage;&#13;&#10;&#13;&#10;import java.sql.Connection;&#13;&#10;import java.sql.DriverManager;&#13;&#10;import java.sql.ResultSet;&#13;&#10;import java.sql.Statement;&#13;&#10;import java.util.ArrayList;&#13;&#10;&#13;&#10;public class MySQLManager {&#13;&#10;&#9;private Connection myCon;&#13;&#10;&#9;private String marcosDb;&#13;&#10;&#9;&#13;&#10;&#9;public MySQLManager(){&#13;&#10;&#9;&#9;myCon = null;&#13;&#10;&#9;&#9;marcosDb = &quot;jdbc:mysql://127.0.0.1:3306/mydb&quot;;&#13;&#10;&#9;}&#13;&#10;&#9;&#13;&#10;&#9;public int connect(String db, String user, String pw){&#13;&#10;&#9;&#9;try{&#13;&#10;&#9;           // DriverManager.getDriver(&quot;com.mysql.jdbc.Driver&quot;);&#13;&#10;&#9;            Class.forName(&quot;com.mysql.jdbc.Driver&quot;);&#13;&#10;&#9;            myCon = DriverManager.getConnection(db,user,pw);&#13;&#10;&#9;        } &#13;&#10;&#9;        // Launch Message Window Here&#13;&#10;&#9;        catch (Exception e){&#13;&#10;&#9;            e.printStackTrace();&#13;&#10;&#9;            return -1;              // -1 = Fail State&#13;&#10;&#9;        }&#13;&#10;&#9;        &#13;&#10;&#9;        return 0;&#13;&#10;&#9;}&#13;&#10;&#9;&#13;&#10;&#9;public int connect(String user,String pw){&#13;&#10;&#9;&#9;return connect(marcosDb, user, pw);&#13;&#10;&#9;}&#13;&#10;&#9;&#13;&#10;&#9;public int disconnect()&#13;&#10;    {&#13;&#10;        if(myCon != null){&#13;&#10;            try{&#13;&#10;                myCon.close();&#13;&#10;               &#13;&#10;            }&#13;&#10;            catch(Exception e){&#13;&#10;                e.printStackTrace();&#13;&#10;                return -1;&#13;&#10;            }&#13;&#10;        }&#13;&#10;        return 0;&#13;&#10;    }&#13;&#10;&#9;public int fetchCourseID(int courseID)&#13;&#10;    {&#13;&#10;        // SELECT * FROM example WHERE name='Sandy Smith'&#13;&#10;        try{&#13;&#10;            Statement s = myCon.createStatement();          &#13;&#10;            // System.out.println(&quot;SELECT course_id FROM class100 WHERE course_id = &quot; +courseID +&quot;;&quot;);&#13;&#10;            s.executeQuery(&quot;SELECT course_id FROM class100 WHERE course_id = &quot; +courseID +&quot;;&quot;);&#13;&#10;            ResultSet res = s.getResultSet();&#13;&#10;            res.next();             // Move to first row!&#13;&#10;            return res.getInt(&quot;course_id&quot;);&#13;&#10;                   &#13;&#10;        }&#13;&#10;        catch(Exception e){&#13;&#10;            e.printStackTrace();&#13;&#10;            return -1;&#13;&#10;        }&#13;&#10;       &#13;&#10;    }&#13;&#10;&#9;&#13;&#10;&#9;public ArrayList&lt;String&gt; getEndDates(){&#13;&#10;&#9;&#9;ArrayList&lt;String&gt; endDates = new ArrayList&lt;String&gt;();&#13;&#10;        &#13;&#10;        try{&#13;&#10;            Statement s = myCon.createStatement();&#13;&#10;            s.executeQuery(&quot;SELECT end_date FROM class100&quot;);&#13;&#10;            ResultSet res = s.getResultSet();&#13;&#10;            &#13;&#10;            while(res.next())&#13;&#10;            {&#13;&#10;                endDates.add(res.getString(&quot;end_date&quot;));       &#13;&#10;            }&#13;&#10;            &#13;&#10;            &#13;&#10;        }&#13;&#10;        catch(Exception e)&#13;&#10;        {&#13;&#10;            e.printStackTrace();&#13;&#10;        }&#13;&#10;        &#13;&#10;        return endDates;&#13;&#10;&#9;}&#13;&#10;&#9;&#13;&#10;&#9;public ArrayList&lt;Integer&gt; getCourses(){&#13;&#10;&#9;&#9;ArrayList&lt;Integer&gt; courseList = new ArrayList&lt;Integer&gt;();&#13;&#10;        try{&#13;&#10;            Statement s = myCon.createStatement();&#13;&#10;            s.executeQuery(&quot;SELECT course_id FROM class100&quot;);&#13;&#10;            ResultSet res = s.getResultSet();&#13;&#10;            &#13;&#10;            while(res.next())&#13;&#10;            {&#13;&#10;                courseList.add(res.getInt(&quot;course_id&quot;));       &#13;&#10;            }&#13;&#10;            &#13;&#10;            &#13;&#10;        }&#13;&#10;        catch(Exception e)&#13;&#10;        {&#13;&#10;            e.printStackTrace();&#13;&#10;        }&#9;&#13;&#10;        return courseList;&#13;&#10;&#9;}&#13;&#10;&#9;&#13;&#10;&#9;public String fetchCourseSubj(int courseID)&#13;&#10;    {&#13;&#10;        // SELECT * FROM example WHERE name='Sandy Smith'&#13;&#10;        try{&#13;&#10;            Statement s = myCon.createStatement();          &#13;&#10;            // System.out.println(&quot;SELECT course_id FROM class100 WHERE course_id = &quot; +courseID +&quot;;&quot;);&#13;&#10;            s.executeQuery(&quot;SELECT course_subject FROM class100 WHERE course_id = &quot; +courseID +&quot;;&quot;);&#13;&#10;            ResultSet res = s.getResultSet();&#13;&#10;            res.next();             // Move to first row!&#13;&#10;            return res.getString(&quot;course_subject&quot;);&#13;&#10;                   &#13;&#10;        }&#13;&#10;        catch(Exception e){&#13;&#10;            e.printStackTrace();&#13;&#10;            return null;&#13;&#10;        }&#13;&#10;       &#13;&#10;    }&#13;&#10;    &#13;&#10;    public String fetchCourseName(int courseID)&#13;&#10;    {&#13;&#10;        // SELECT * FROM example WHERE name='Sandy Smith'&#13;&#10;        try{&#13;&#10;            Statement s = myCon.createStatement();          &#13;&#10;            // System.out.println(&quot;SELECT course_id FROM class100 WHERE course_id = &quot; +courseID +&quot;;&quot;);&#13;&#10;            s.executeQuery(&quot;SELECT course_name FROM class100 WHERE course_id = &quot; +courseID +&quot;;&quot;);&#13;&#10;            ResultSet res = s.getResultSet();&#13;&#10;            res.next();             // Move to first row!&#13;&#10;            return res.getString(&quot;course_name&quot;);&#13;&#10;                   &#13;&#10;        }&#13;&#10;        catch(Exception e){&#13;&#10;            e.printStackTrace();&#13;&#10;            return null;&#13;&#10;        }&#13;&#10;       &#13;&#10;    }&#13;&#10;    &#13;&#10;    public String fetchCourseSemester(int courseID)&#13;&#10;    {&#13;&#10;        // SELECT * FROM example WHERE name='Sandy Smith'&#13;&#10;        try{&#13;&#10;            Statement s = myCon.createStatement();          &#13;&#10;            // System.out.println(&quot;SELECT course_id FROM class100 WHERE course_id = &quot; +courseID +&quot;;&quot;);&#13;&#10;            s.executeQuery(&quot;SELECT semester FROM class100 WHERE course_id = &quot; +courseID +&quot;;&quot;);&#13;&#10;            ResultSet res = s.getResultSet();&#13;&#10;            res.next();             // Move to first row!&#13;&#10;            return res.getString(&quot;semester&quot;);&#13;&#10;                   &#13;&#10;        }&#13;&#10;        catch(Exception e){&#13;&#10;            e.printStackTrace();&#13;&#10;            return null;&#13;&#10;        }&#13;&#10;       &#13;&#10;    }&#13;&#10;    &#13;&#10;    public String fetchCourseStart(int courseID)&#13;&#10;    {&#13;&#10;        // SELECT * FROM example WHERE name='Sandy Smith'&#13;&#10;        try{&#13;&#10;            Statement s = myCon.createStatement();          &#13;&#10;            // System.out.println(&quot;SELECT course_id FROM class100 WHERE course_id = &quot; +courseID +&quot;;&quot;);&#13;&#10;            s.executeQuery(&quot;SELECT start_date FROM class100 WHERE course_id = &quot; +courseID +&quot;;&quot;);&#13;&#10;            ResultSet res = s.getResultSet();&#13;&#10;            res.next();             // Move to first row!&#13;&#10;            return res.getString(&quot;start_date&quot;);&#13;&#10;                   &#13;&#10;        }&#13;&#10;        catch(Exception e){&#13;&#10;            e.printStackTrace();&#13;&#10;            return null;&#13;&#10;        }&#13;&#10;       &#13;&#10;    }&#13;&#10;    &#13;&#10;    public String fetchCourseEnd(int courseID)&#13;&#10;    {&#13;&#10;        // SELECT * FROM example WHERE name='Sandy Smith'&#13;&#10;       &#13;&#10;        try{&#13;&#10;            Statement s = myCon.createStatement();          &#13;&#10;            // System.out.println(&quot;SELECT course_id FROM class100 WHERE course_id = &quot; +courseID +&quot;;&quot;);&#13;&#10;            s.executeQuery(&quot;SELECT end_date FROM class100 WHERE course_id = &quot; +courseID +&quot;;&quot;);&#13;&#10;            ResultSet res = s.getResultSet();&#13;&#10;            res.next();  &#13;&#10;            &#13;&#10;            String courseEnd = res.getString(&quot;end_date&quot;);// Move to first row!&#13;&#10;            return courseEnd;&#13;&#10;        }&#13;&#10;        catch(Exception e){&#13;&#10;            e.printStackTrace();&#13;&#10;            return null;&#13;&#10;        }&#13;&#10;       &#13;&#10;    }&#13;&#10;    &#13;&#10;    public String fetchStartMon(int courseID)&#13;&#10;    {&#13;&#10;        try{&#13;&#10;            Statement s = myCon.createStatement();&#13;&#10;            s.executeQuery(&quot;SELECT start_mon FROM Class100 WHERE course_id = &quot; +courseID +&quot;;&quot;);&#13;&#10;            ResultSet res = s.getResultSet();&#13;&#10;            res.next();&#13;&#10;            return res.getString(&quot;start_mon&quot;);&#13;&#10;            // hh:mm&#13;&#10;        }&#13;&#10;        catch(Exception e)&#13;&#10;        {&#13;&#10;            e.printStackTrace();&#13;&#10;            &#13;&#10;            return null;&#13;&#10;        }&#13;&#10;    }&#13;&#10;    &#13;&#10;    public String fetchEndMon(int courseID)&#13;&#10;    {&#13;&#10;        try{&#13;&#10;            Statement s = myCon.createStatement();&#13;&#10;            s.executeQuery(&quot;SELECT end_mon FROM Class100 WHERE course_id = &quot; +courseID +&quot;;&quot;);&#13;&#10;            ResultSet res = s.getResultSet();&#13;&#10;            res.next();&#13;&#10;            return res.getString(&quot;end_mon&quot;);&#13;&#10;            &#13;&#10;        }&#13;&#10;        catch(Exception e)&#13;&#10;        {&#13;&#10;            e.printStackTrace();&#13;&#10;            return null;&#13;&#10;        }&#13;&#10;    }&#13;&#10;    &#13;&#10;    public String fetchStartTue(int courseID)&#13;&#10;    {&#13;&#10;        try{&#13;&#10;            Statement s = myCon.createStatement();&#13;&#10;            s.executeQuery(&quot;SELECT start_tue FROM Class100 WHERE course_id = &quot; +courseID +&quot;;&quot;);&#13;&#10;            ResultSet res = s.getResultSet();&#13;&#10;            res.next();&#13;&#10;            return res.getString(&quot;start_tue&quot;);&#13;&#10;            &#13;&#10;        }&#13;&#10;        catch(Exception e)&#13;&#10;        {&#13;&#10;            e.printStackTrace();&#13;&#10;            &#13;&#10;            return &quot;&quot;;&#13;&#10;        }&#13;&#10;    }&#13;&#10;    &#13;&#10;    public String fetchEndTue(int courseID)&#13;&#10;    {&#13;&#10;        try{&#13;&#10;            Statement s = myCon.createStatement();&#13;&#10;            s.executeQuery(&quot;SELECT end_tue FROM Class100 WHERE course_id = &quot; +courseID +&quot;;&quot;);&#13;&#10;            ResultSet res = s.getResultSet();&#13;&#10;            res.next();&#13;&#10;            return res.getString(&quot;end_tue&quot;);&#13;&#10;            &#13;&#10;        }&#13;&#10;        catch(Exception e)&#13;&#10;        {&#13;&#10;            e.printStackTrace();&#13;&#10;            return null;&#13;&#10;        }&#13;&#10;    }&#13;&#10;&#13;&#10;    public String fetchStartWed(int courseID)&#13;&#10;    {&#13;&#10;        try{&#13;&#10;            Statement s = myCon.createStatement();&#13;&#10;            s.executeQuery(&quot;SELECT start_wed FROM Class100 WHERE course_id = &quot; +courseID +&quot;;&quot;);&#13;&#10;            ResultSet res = s.getResultSet();&#13;&#10;            res.next();&#13;&#10;            return res.getString(&quot;start_wed&quot;);&#13;&#10;            &#13;&#10;        }&#13;&#10;        catch(Exception e)&#13;&#10;        {&#13;&#10;            e.printStackTrace();&#13;&#10;            return null;&#13;&#10;        }&#13;&#10;    }&#13;&#10;    &#13;&#10;    public String fetchEndWed(int courseID)&#13;&#10;    {&#13;&#10;        try{&#13;&#10;            Statement s = myCon.createStatement();&#13;&#10;            s.executeQuery(&quot;SELECT end_wed FROM Class100 WHERE course_id = &quot; +courseID +&quot;;&quot;);&#13;&#10;            ResultSet res = s.getResultSet();&#13;&#10;            res.next();&#13;&#10;            return res.getString(&quot;end_wed&quot;);&#13;&#10;            &#13;&#10;        }&#13;&#10;        catch(Exception e)&#13;&#10;        {&#13;&#10;            e.printStackTrace();&#13;&#10;            return null;&#13;&#10;        }&#13;&#10;    }&#13;&#10;    &#13;&#10;    &#13;&#10;        public String fetchStartThu(int courseID)&#13;&#10;    {&#13;&#10;        try{&#13;&#10;            Statement s = myCon.createStatement();&#13;&#10;            s.executeQuery(&quot;SELECT start_thu FROM Class100 WHERE course_id = &quot; +courseID +&quot;;&quot;);&#13;&#10;            ResultSet res = s.getResultSet();&#13;&#10;            res.next();&#13;&#10;            return res.getString(&quot;start_thu&quot;);&#13;&#10;            &#13;&#10;        }&#13;&#10;        catch(Exception e)&#13;&#10;        {&#13;&#10;            e.printStackTrace();&#13;&#10;            return null;&#13;&#10;        }&#13;&#10;    }&#13;&#10;    &#13;&#10;    public String fetchEndThu(int courseID)&#13;&#10;    {&#13;&#10;        try{&#13;&#10;            Statement s = myCon.createStatement();&#13;&#10;            s.executeQuery(&quot;SELECT end_thu FROM Class100 WHERE course_id = &quot; +courseID +&quot;;&quot;);&#13;&#10;            ResultSet res = s.getResultSet();&#13;&#10;            res.next();&#13;&#10;            return res.getString(&quot;end_thu&quot;);&#13;&#10;            &#13;&#10;        }&#13;&#10;        catch(Exception e)&#13;&#10;        {&#13;&#10;            e.printStackTrace();&#13;&#10;            return null;&#13;&#10;        }&#13;&#10;    }&#13;&#10;    &#13;&#10;    public String fetchStartFri(int courseID)&#13;&#10;    {&#13;&#10;        try{&#13;&#10;            Statement s = myCon.createStatement();&#13;&#10;            s.executeQuery(&quot;SELECT start_fri FROM Class100 WHERE course_id = &quot; +courseID +&quot;;&quot;);&#13;&#10;            ResultSet res = s.getResultSet();&#13;&#10;            res.next();&#13;&#10;            return res.getString(&quot;start_fri&quot;);&#13;&#10;            &#13;&#10;        }&#13;&#10;        catch(Exception e)&#13;&#10;        {&#13;&#10;            e.printStackTrace();&#13;&#10;            return null;&#13;&#10;        }&#13;&#10;    }&#13;&#10;    &#13;&#10;    public String fetchEndFri(int courseID)&#13;&#10;    {&#13;&#10;        try{&#13;&#10;            Statement s = myCon.createStatement();&#13;&#10;            s.executeQuery(&quot;SELECT end_fri FROM Class100 WHERE course_id = &quot; +courseID +&quot;;&quot;);&#13;&#10;            ResultSet res = s.getResultSet();&#13;&#10;            res.next();&#13;&#10;            return res.getString(&quot;end_fri&quot;);&#13;&#10;            &#13;&#10;        }&#13;&#10;        catch(Exception e)&#13;&#10;        {&#13;&#10;            e.printStackTrace();&#13;&#10;            return null;&#13;&#10;        }&#13;&#10;    }&#13;&#10;    &#13;&#10;    &#13;&#10;        public String fetchStartSat(int courseID)&#13;&#10;    {&#13;&#10;        try{&#13;&#10;            Statement s = myCon.createStatement();&#13;&#10;            ResultSet res = s.executeQuery(&quot;SELECT start_sat FROM Class100 WHERE course_id = &quot; +courseID +&quot;;&quot;);&#13;&#10;            &#13;&#10;            res.next();&#13;&#10;            return res.getString(&quot;start_sat&quot;);&#13;&#10;            &#13;&#10;        }&#13;&#10;        catch(Exception e)&#13;&#10;        {&#13;&#10;            e.printStackTrace();&#13;&#10;            return null;&#13;&#10;        }&#13;&#10;    }&#13;&#10;    &#13;&#10;    public String fetchEndSat(int courseID)&#13;&#10;    {&#13;&#10;        &#13;&#10;        try{&#13;&#10;            Statement s = myCon.createStatement();&#13;&#10;            &#13;&#10;            ResultSet res = s.executeQuery(&quot;SELECT end_sat FROM Class100 WHERE course_id = &quot; +courseID +&quot;;&quot;);&#13;&#10;            &#13;&#10;            res.next();&#13;&#10;            String end = res.getString(&quot;end_sat&quot;);&#13;&#10;           &#13;&#10;            return end;&#13;&#10;        }&#13;&#10;        catch(Exception e)&#13;&#10;        {&#13;&#10;            e.printStackTrace();&#13;&#10;            return null;&#13;&#10;        }&#13;&#10;    }&#13;&#10;    &#13;&#10;    public int storeClassInfo(int courseID, String courseSubj, String courseName, String semester)&#13;&#10;    {&#13;&#10;        try{&#13;&#10;            Statement s = myCon.createStatement();&#13;&#10;           // System.out.println(&quot;INSERT INTO Class100 (course_id, course_subject, course_name, semester)&quot; +&#13;&#10;           //         &quot; VALUES ( &quot;+courseID +&quot;, '&quot; +courseSubj +&quot;', &quot; +courseName +&quot;', '&quot; +semester +&quot;')&quot;);&#13;&#10;            s.executeUpdate(&quot;INSERT INTO Class100 (course_id, course_subject, course_name, semester)&quot; +&#13;&#10;                    &quot; VALUES ( '&quot;+courseID +&quot;', '&quot; +courseSubj +&quot;', '&quot; +courseName +&quot;', '&quot; +semester +&quot;')&quot;);&#13;&#10;            &#13;&#10;&#13;&#10;        }&#13;&#10;        catch(Exception e){&#13;&#10;            e.printStackTrace();&#13;&#10;            return -1;&#13;&#10;        }&#13;&#10;        return 0;&#13;&#10;    }&#13;&#10;    &#13;&#10;    public int storeClassSched(int courseID, String startDate, String endDate, String startMon, String endMon,&#13;&#10;            String startTue, String endTue, String startWed, String endWed, String startThu, String endThu, &#13;&#10;            String startFri, String endFri, String startSat, String endSat)&#13;&#10;    {&#13;&#10;        try{&#13;&#10;            Statement s = myCon.createStatement();&#13;&#10;            s.executeUpdate(&quot;UPDATE Class100 SET &quot; +&#13;&#10;                    &quot;start_date = '&quot; +startDate +&quot;', end_date = '&quot; +endDate +&quot;', start_mon =  '&quot; &#13;&#10;                    +startMon +&quot;', end_mon = '&quot; +endMon + &quot;', start_tue = '&quot; +startTue +&quot;', end_tue = '&quot; +endTue &#13;&#10;                    +&quot;', start_wed = '&quot; +startWed +&quot;', end_wed = '&quot; +endWed +&quot;', start_thu =  '&quot; +startThu &#13;&#10;                    + &quot;', end_thu = '&quot; +endThu +&quot;', start_fri = '&quot; +startFri +&quot;', end_fri = '&quot; +endFri &#13;&#10;                    +&quot;', start_sat =  '&quot; +startSat +&quot;', end_sat = '&quot; +endSat&#13;&#10;                    +&quot;' WHERE course_id = '&quot; +courseID + &quot;';&quot;);&#13;&#10;        }&#13;&#10;        catch(Exception e){&#13;&#10;            e.printStackTrace();&#13;&#10;            return -1;&#13;&#10;        }&#13;&#10;        return 0;&#13;&#10;        &#13;&#10;    }&#13;&#10;    &#13;&#10;    public void clearDatabase()&#13;&#10;    {&#13;&#10;        try{&#13;&#10;            Statement s = myCon.createStatement();&#13;&#10;            s.execute(&quot;DELETE FROM class100;&quot;);&#13;&#10;        }&#13;&#10;        catch(Exception e)&#13;&#10;        {&#13;&#10;            e.printStackTrace();&#13;&#10;        }&#13;&#10;    }&#13;&#10;&#13;&#10;    public int createClassTable()&#13;&#10;    {&#13;&#10;       try{ &#13;&#10;        Statement s = myCon.createStatement();&#13;&#10;        int rowCount;&#13;&#10;        s.executeUpdate(&quot;DROP TABLE IF EXISTS Class100&quot;);&#13;&#10;        rowCount = s.executeUpdate(&#13;&#10;                        &quot;CREATE TABLE Class100(&quot;&#13;&#10;                            + &quot;course_id INT UNSIGNED NOT NULL,&quot;&#13;&#10;                            + &quot;course_subject VARCHAR (20),&quot;&#13;&#10;                            + &quot;course_name VARCHAR (20),&quot;&#13;&#10;                            + &quot;semester VARCHAR (20),&quot;&#13;&#10;                            + &quot;start_date VARCHAR (20),&quot;&#13;&#10;                            + &quot;end_date VARCHAR (20),&quot;&#13;&#10;//                            + &quot;am_or_pm VARCHAR (5),&quot;&#13;&#10;                            + &quot;start_mon VARCHAR (20),&quot;&#13;&#10;                            + &quot;end_mon VARCHAR (20),&quot;&#13;&#10;                            + &quot;start_tue VARCHAR (20),&quot;&#13;&#10;                            + &quot;end_tue VARCHAR (20),&quot;&#13;&#10;                            + &quot;start_wed VARCHAR (20),&quot;&#13;&#10;                            + &quot;end_wed VARCHAR (20),&quot;&#13;&#10;                            + &quot;start_thu VARCHAR (20),&quot;&#13;&#10;                            + &quot;end_thu VARCHAR (20),&quot;&#13;&#10;                            + &quot;start_fri VARCHAR (20),&quot;&#13;&#10;                            + &quot;end_fri VARCHAR (20),&quot;&#13;&#10;                            + &quot;start_sat VARCHAR (20),&quot;&#13;&#10;                            + &quot;end_sat VARCHAR (20),&quot;&#13;&#10;                            + &quot;PRIMARY KEY (course_id))&quot;);&#13;&#10;        s.close();&#13;&#10;       }&#13;&#10;       catch(Exception e){&#13;&#10;           e.printStackTrace();&#13;&#10;           return -1;&#13;&#10;       }&#13;&#10;       return 0;&#13;&#10;                       &#13;&#10;    }&#13;&#10;}&#13;&#10;" Filename="MySQLManager.java" Intrnl_Id="9"/>
<SrcFile Content="/*&#10; * To change this template, choose Tools | Templates&#10; * and open the template in the editor.&#10; */&#10;package my.PSM.PSM_Storage;&#10;&#10;import java.util.ArrayList;&#10;&#10;/**&#10; *&#10; * @author clarkep&#10; */&#10;public class DataStoreFacade {&#10;&#9;public DataStoreFacade(){&#10;&#9;&#9;&#10;&#9;}&#10;&#9;//DBConnection dbCon = new DBConnection();&#10;&#9;private static DBConnection myManager = new DBConnection();&#10;&#9;&#10;&#9;public DBConnection getCon(){&#10;&#9;&#9;return myManager;&#10;&#9;}&#10;&#9;public int connect(String username, String password) {&#9;&#10;&#9;&#9;//return dbCon.connect(username, password);&#10;&#9;&#9;return myManager.connect(username, password);&#10;&#9;}&#9;&#10;&#9;public int disconnect() {&#10;&#9;&#9;return myManager.disconnect();&#10;&#9;}&#9;&#10;&#9;&#10;&#9;public ArrayList&lt;String&gt; getEndDates() {&#10;&#9;&#9;return myManager.getEndDates();&#10;&#9;}&#10;&#9;public String fetchCourses() {&#10;&#9;&#9;//return dbCon.fetchCourses();&#10;&#9;&#9;return myManager.fetchCourses().toString();&#10;&#9;}&#10;&#9;public String fetchCourseSubj(int courseId) {&#10;&#9;&#9;//return dbCon.fetchCourseSubj(courseId);&#10;&#9;&#9;return myManager.fetchCourseSubj(courseId);&#10;&#9;}&#10;&#9;public String fetchCourseName(int courseId) {&#10;&#9;&#9;//return dbCon.fetchCourseName(courseId);&#10;&#9;&#9;return myManager.fetchCourseName(courseId);&#10;&#9;}&#10;&#9;public String fetchCourseSemester(int courseId) {&#10;&#9;&#9;//return dbCon.fetchCourseSemester(courseId);&#10;&#9;&#9;return myManager.fetchCourseSemester(courseId);&#10;&#9;}&#10;&#9;public String fetchCourseStart(int courseId) {&#10;&#9;&#9;//return dbCon.fetchCourseStart(courseId);&#10;&#9;&#9;return myManager.fetchCourseStart(courseId);&#10;&#9;}&#10;&#9;public String fetchCourseEnd(int courseId) {&#10;&#9;&#9;//return dbCon.fetchCourseEnd(courseId);&#10;&#9;&#9;return myManager.fetchCourseEnd(courseId);&#10;&#9;}&#10;&#9;public String fetchStartMon(int courseId) {&#10;&#9;&#9;//return dbCon.fetchStartMon(courseId);&#10;&#9;&#9;return myManager.fetchStartMon(courseId);&#10;&#9;}&#10;&#9;public String fetchEndMon(int courseId) {&#10;&#9;&#9;//return dbCon.fetchEndMon(courseId);&#10;&#9;&#9;return myManager.fetchEndMon(courseId);&#10;&#9;}&#10;&#9;public String fetchStartTue(int courseId) {&#10;&#9;&#9;//return dbCon.fetchStartTue(courseId);&#10;&#9;&#9;return myManager.fetchStartTue(courseId);&#10;&#9;}&#10;&#9;public String fetchEndTue(int courseId) {&#10;&#9;&#9;//return dbCon.fetchEndTue(courseId);&#10;&#9;&#9;return myManager.fetchEndTue(courseId);&#10;&#9;}&#10;&#9;public String fetchStartWed(int courseId) {&#10;&#9;&#9;//return dbCon.fetchStartWed(courseId);&#10;&#9;&#9;return myManager.fetchStartWed(courseId);&#10;&#9;}&#10;&#9;public String fetchEndWed(int courseId) {&#10;&#9;&#9;//return dbCon.fetchEndWed(courseId);&#10;&#9;&#9;return myManager.fetchEndWed(courseId);&#10;&#9;}&#10;&#9;public String fetchStartThu(int courseId) {&#10;&#9;&#9;//return dbCon.fetchStartThu(courseId);&#10;&#9;&#9;return myManager.fetchStartThu(courseId);&#10;&#9;}&#10;&#9;public String fetchEndThu(int courseId) {&#10;&#9;&#9;//return dbCon.fetchEndThu(courseId);&#10;&#9;&#9;return myManager.fetchEndThu(courseId);&#10;&#9;}&#10;&#9;public String fetchStartFri(int courseId) {&#10;&#9;&#9;//return dbCon.fetchStartFri(courseId);&#10;&#9;&#9;return myManager.fetchStartFri(courseId);&#10;&#9;}&#10;&#9;public String fetchEndFri(int courseId) {&#10;&#9;&#9;//return dbCon.fetchEndFri(courseId);&#10;&#9;&#9;return myManager.fetchEndFri(courseId);&#10;&#9;}&#10;&#9;public String fetchStartSat(int courseId) {&#10;&#9;&#9;//return dbCon.fetchStartSat(courseId);&#10;&#9;&#9;return myManager.fetchStartSat(courseId);&#10;&#9;}&#10;&#9;public String fetchEndSat(int courseId) {&#10;&#9;&#9;//return dbCon.fetchEndSat(courseId);&#10;&#9;&#9;return myManager.fetchEndSat(courseId);&#10;&#9;}&#10;&#9;public void clearDatabase() {&#10;&#9;&#9;myManager.clearDatabase();&#10;&#9;}&#10;&#9;public ArrayList&lt;Integer&gt; getCourses() {&#10;&#9;&#9;return myManager.getCourses();&#10;&#9;}&#10;&#9;public int storeClassInfo(int courseID, String courseSubj, String courseName, String semester)&#10;&#9;{&#10;&#9;&#9;return myManager.storeClassInfo(courseID, courseSubj, courseName, semester);&#10;&#9;}&#10;&#9;&#10;&#9;public int storeClassSched(int courseID, String startDate, String endDate, String startMon, String endMon,&#9;            String startTue, String endTue, String startWed, String endWed, String startThu, String endThu, &#10;&#9;            String startFri, String endFri, String startSat, String endSat)&#10;    {&#10;&#9;&#9;return myManager.storeClassSched(courseID, startDate, endDate, startMon, endMon, startTue, endTue, startWed, endWed, startThu, endThu, startFri, endFri, startSat, endSat);&#10;    }&#10;&#9;&#10;&#9;&#10;}&#10;&#9;&#9;&#10;" Filename="DataStoreFacade.java" Intrnl_Id="10"/>
<SrcFile Content="/*&#10; * DBConnection.java&#10; *&#10; * Created on April 7, 2008, 11:40 PM&#10; *&#10; &#10; */&#10;&#10;package my.PSM.PSM_Storage;&#10;&#10;import java.sql.Connection;&#10;import java.sql.DriverManager;&#10;import java.sql.SQLException;&#10;import java.sql.Statement;&#10;import java.sql.ResultSet;&#10;import java.util.ArrayList;&#10;&#10;/**&#10; * @author Luis&#10; */&#10;public class DBConnection&#10;{&#10;    private String username;&#10;    private String password;&#10;    private String dbAddr;&#10;    private String localDb = &quot;jdbc:mysql://localhost:3306/mydb&quot;;&#10;    private String result;&#10;    private String [] courses;&#10;    private MySQLManager myManager;&#10;    &#10;    public void setMyManager(MySQLManager myManager) {&#10;&#9;&#9;this.myManager = myManager;&#10;&#9;}&#10;&#10;&#9;/** Creates a new instance of DBConnection */&#10;    public DBConnection()&#10;    {&#10;    &#9;myManager = new MySQLManager();&#10;    }&#10;           &#10;    // Connect using known database address&#10;    public int connect(String db, String user, String pw)&#10;    {&#10;        dbAddr = db;&#10;        username = user;&#10;        password = pw;&#10;        return myManager.connect(db, user, pw);&#10;    }&#10;    &#10;    // Connect using local host as database address&#10;    public int connect(String user,String pw)&#10;    {&#10;        username = user;&#10;        password = pw;&#10;        &#10;        return myManager.connect(user, pw);&#10;    }&#10;    &#10;    public int disconnect()&#10;    {&#10;        return myManager.disconnect();&#10;    }&#10;     &#10;    public int fetchCourseID(int courseID)&#10;    {&#10;        // SELECT * FROM example WHERE name='Sandy Smith'&#10;        return myManager.fetchCourseID(courseID);  &#10;    }&#10;    &#10;    public ArrayList&lt;String&gt; getEndDates()&#10;    {&#10;        return myManager.getEndDates();&#10;    }&#10;    public ArrayList&lt;Integer&gt; getCourses()&#10;    {&#10;        return myManager.getCourses();&#10;    }&#10;    &#10;    public String fetchCourses()&#10;    {&#10;        // SELECT * FROM example WHERE name='Sandy Smith'&#10;    &#9;StringBuffer sb = new StringBuffer();          &#10;        // System.out.print(&quot;here&quot;);&#10;         // System.out.println(&quot;SELECT course_id FROM class100 WHERE course_id = &quot; +courseID +&quot;;&quot;);&#10;         ArrayList&lt;Integer&gt; list = myManager.getCourses();&#10;         for(int i = 0; i &lt; list.size(); i++)&#10;         {&#10;             &#10;             sb.append(list.get(i));&#10;             sb.append(&quot;,&quot;);&#10;                    &#10;         }   &#10;    &#9;result = sb.toString();&#10;        return result;&#10;        //String[] courses = result.split(&quot;,&quot;);&#10;       //return courses;&#10;    }&#10;    &#10;    public String fetchCourseSubj(int courseID)&#10;    {&#10;        // SELECT * FROM example WHERE name='Sandy Smith'&#10;        return myManager.fetchCourseSubj(courseID);&#10;       &#10;    }&#10;    &#10;    public String fetchCourseName(int courseID)&#10;    {&#10;        return myManager.fetchCourseName(courseID);&#10;       &#10;    }&#10;    &#10;    public String fetchCourseSemester(int courseID)&#10;    {&#10;        // SELECT * FROM example WHERE name='Sandy Smith'&#10;        return myManager.fetchCourseSemester(courseID);&#10;       &#10;    }&#10;    &#10;    public String fetchCourseStart(int courseID)&#10;    {&#10;        // SELECT * FROM example WHERE name='Sandy Smith'&#10;        return myManager.fetchCourseStart(courseID);&#10;       &#10;    }&#10;    &#10;    public String fetchCourseEnd(int courseID)&#10;    {&#10;        // SELECT * FROM example WHERE name='Sandy Smith'&#10;       &#10;        return myManager.fetchCourseEnd(courseID);&#10;       &#10;    }&#10;    &#10;    &#10;//    public String fetchAMPM(int courseID)&#10;//    {&#10;//        try{&#10;//            Statement s = myCon.createStatement();&#10;//            s.executeQuery(&quot;SELECT am_or_pm FROM class100 WHERE course_id = &quot; +courseID +&quot;;&quot;);&#10;//            ResultSet res = s.getResultSet();&#10;//            res.next();&#10;//            return res.getString(&quot;am_or_pm&quot;);&#10;//        }&#10;//        catch(Exception e)&#10;//        {&#10;//            e.printStackTrace();&#10;//            return null;&#10;//        }&#10;//    }&#10;    &#10;    public String fetchStartMon(int courseID)&#10;    {&#10;        return myManager.fetchStartMon(courseID);&#10;    }&#10;    &#10;    public String fetchEndMon(int courseID)&#10;    {&#10;        return myManager.fetchEndMon(courseID);&#10;    }&#10;    &#10;    public String fetchStartTue(int courseID)&#10;    {&#10;        return myManager.fetchStartTue(courseID);&#10;    }&#10;    &#10;    public String fetchEndTue(int courseID)&#10;    {&#10;        return myManager.fetchEndTue(courseID);&#10;    }&#10;    &#10;    public String fetchStartWed(int courseID)&#10;    {&#10;    &#9;return myManager.fetchStartWed(courseID);&#10;    }&#10;    &#10;    public String fetchEndWed(int courseID)&#10;    {&#10;    &#9;return myManager.fetchEndWed(courseID);&#10;    }&#10;    &#10;    &#10;    public String fetchStartThu(int courseID)&#10;    {&#10;        return myManager.fetchStartThu(courseID);&#10;    }&#10;    &#10;    public String fetchEndThu(int courseID)&#10;    {&#10;        return myManager.fetchEndThu(courseID);&#10;    }&#10;    &#10;    public String fetchStartFri(int courseID)&#10;    {&#10;    &#9;return myManager.fetchStartFri(courseID);&#10;    }&#10;    &#10;    public String fetchEndFri(int courseID)&#10;    {&#10;        return myManager.fetchEndFri(courseID);&#10;    }&#10;    &#10;    &#10;    public String fetchStartSat(int courseID)&#10;    {&#10;        return myManager.fetchStartSat(courseID);&#10;    }&#10;    &#10;    public String fetchEndSat(int courseID)&#10;    {&#10;        &#10;        return myManager.fetchEndSat(courseID);&#10;    }&#10;    &#10;    public int storeClassInfo(int courseID, String courseSubj, String courseName, String semester)&#10;    {&#10;        return myManager.storeClassInfo(courseID, courseSubj, courseName, semester);&#10;    }&#10;    &#10;    public int storeClassSched(int courseID, String startDate, String endDate, String startMon, String endMon,&#10;            String startTue, String endTue, String startWed, String endWed, String startThu, String endThu, &#10;            String startFri, String endFri, String startSat, String endSat)&#10;    {&#10;        return myManager.storeClassSched(courseID, startDate, endDate, startMon, endMon, startTue, endTue, startWed, endWed, startThu, endThu, startFri, endFri, startSat, endSat);&#10;        &#10;    }&#10;    &#10;    public void clearDatabase()&#10;    {&#10;        myManager.clearDatabase();&#10;    }&#10;    &#10;    public int createClassTable()&#10;    {&#10;       return myManager.createClassTable();&#10;                       &#10;    }&#10;    &#10;//    public void init()&#10;//    {&#10;//        try&#10;//        {&#10;//          myCon = DriverManager.getConnection(&quot;jdbc:mysql://localhost:3306/MyDatabase&quot;,&quot;root&quot;,&quot;luis2101&quot;);&#10;//        } catch (SQLException ex)&#10;//        {&#10;//            System.out.println(&quot;Cannot connect to Database&quot;);&#10;//            ex.printStackTrace();&#10;//        }&#10;//         &#10;//    }&#10;    &#10;}&#10;&#10;&#10;// Database Scripts:&#10;&#10;//CREATE TABLE Class1(&#10;//    course_id INT UNSIGNED NOT NULL,&#10;//    course_subject VARCHAR (20),&#10;//    course_name VARCHAR (20),&#10;//&#10;//    semester VARCHAR (20),&#10;//    start_date VARCHAR (20),&#10;//    end_date VARCHAR (20),&#10;//&#10;//    am_or_pm VARCHAR (5),&#10;//    start_mon VARCHAR (20),&#10;//    end_mon VARCHAR (20),&#10;//    start_tue VARCHAR (20),&#10;//    end_tue VARCHAR (20),&#10;//    start_wed VARCHAR (20),&#10;//    end_wed VARCHAR (20),&#10;//    start_thu VARCHAR (20),&#10;//    end_thu VARCHAR (20),&#10;//    start_fri VARCHAR (20),&#10;//    end_fri VARCHAR (20),&#10;//    start_sat VARCHAR (20),&#10;//    end_sat VARCHAR (20),&#10;//&#10;//&#10;//    PRIMARY KEY (course_id)&#10;//);&#10;&#10;//    INSERT INTO class1&#10;//        VALUES(4010,'CEN','Software Engineering','Spring 2008','01-02-08','04-20-08','am','12:00','12:50','null','null',&#10;//               '12:00','12:50','null','null','12:00','12:50','null','null')&#10;&#10;&#10;&#10;" Filename="DBConnection.java" Intrnl_Id="11"/>
<SrcFile Content="/*&#10; * ApplicationLogic.java&#10; *&#10; * Created on April 12, 2008, 11:03 AM&#10; *&#10; * To change this template, choose Tools | Template Manager&#10; * and open the template in the editor.&#10; */&#10;&#10;package my.PSM.PSM_Logic;&#10;&#10;import java.util.Timer;&#10;import java.util.TimerTask;&#10;import java.util.Date;&#10;import java.util.Calendar;&#10;import java.util.GregorianCalendar;&#10;import java.util.ArrayList;&#10;import java.lang.Thread;&#10;import java.util.logging.Level;&#10;import java.util.logging.Logger;&#10;&#10;import my.PSM.PSM_Storage.DataStoreFacade;&#10;&#10;/**&#10; *&#10; * @author lrizo002&#10; */&#10;public class appController {&#10;    &#10;    private static final long TENMIN = 600000;&#10;    &#10;    private static int hr;&#10;    private static int min;&#10;    private static Calendar autoClear = new GregorianCalendar();&#10;    private static Calendar setRun = new GregorianCalendar();&#10;    private static Calendar calendar = new GregorianCalendar();&#10;    private static Timer timer = new FutureTimer();&#10;    private static Date date = new Date();&#10;    private static Date date2 = new Date();&#10;    &#10;    public static String defSub = &quot;&quot;;&#10;    public static String defSemester = &quot;&quot;;&#10;    public static String defCourseName = &quot;&quot;;&#10;    public static String defCourseStart = &quot;&quot;;&#10;    public static String defCourseEnd = &quot;&quot;;&#10;    public static String defMonStart = &quot;&quot;;&#10;    public static String defMonEnd = &quot;&quot;;&#10;    public static String defTueStart = &quot;&quot;;&#10;    public static String defTueEnd = &quot;&quot;;&#10;    public static String defWedStart = &quot;&quot;;&#10;    public static String defWedEnd = &quot;&quot;;&#10;    public static String defThuStart = &quot;&quot;;&#10;    public static String defThuEnd = &quot;&quot;;&#10;    public static String defFriStart = &quot;&quot;;&#10;    public static String defFriEnd = &quot;&quot;;&#10;    public static String defSatStart = &quot;&quot;;&#10;    public static String defSatEnd = &quot;&quot;;&#10;    &#10;    private static String username;&#10;    private static String password;&#10;    private static boolean loggedin;&#10;    private static boolean dataReceived = false;&#10;    private static boolean edSchedSel = false;&#10;    public static boolean isEdSchedSel() {&#10;&#9;&#9;return edSchedSel;&#10;&#9;}&#10;&#10;&#9;public static boolean isSchedSetupSel() {&#10;&#9;&#9;return schedSetupSel;&#10;&#9;}&#10;&#10;&#9;public static boolean isLogoutSel() {&#10;&#9;&#9;return logoutSel;&#10;&#9;}&#10;&#10;&#10;&#9;private static boolean schedSetupSel = false;&#10;    private static boolean logoutSel = false;&#10;    &#10;    private static int clearDate, clearMonth, clearYear;&#10; &#10;&#10;&#9;private static int counter = 0;&#10;    &#10;    public static DataStoreFacade dataFacade = new DataStoreFacade();&#10;    private static InterfaceController ic = new InterfaceController();&#10;    private static Authenticate auth = new Authenticate();&#10;    private static int courseSel;&#10;    private static long classEnded = 0;&#10;       &#10;    &#10;    /** Creates a new instance of ApplicationLogic */&#10;    public appController() {&#10;        hr = min = 0;&#10;    }&#10;    &#10;    /* Set to the stubs when testing*/&#10;    public void setDataStoreFacade(DataStoreFacade temp){&#10;    &#9;dataFacade = temp;&#10;    }&#10;    public static void setInterfaceController(InterfaceController temp){&#10;    &#9;ic = temp;&#10;    }&#10;    public static void setAuthenticate(Authenticate temp){&#10;    &#9;auth = temp;&#10;    }&#10;    public void appMainMenu(){    &#10;        long newCurrentTime;&#10;        while(!dataReceived)&#10;        {&#10;            dataReceived = ic.facade.menuDataRec();&#10;            edSchedSel = ic.facade.editSchedSelected();&#10;            schedSetupSel = ic.facade.InitSetupSelected();&#10;            logoutSel = ic.facade.logoutSelected();&#10;            //System.out.println(&quot;Class end time: &quot; +classEnded);&#10;            //System.out.println(&quot;Current time: &quot; +System.currentTimeMillis());&#10;                    &#10;                    &#10;            if(classEnded != 0 &amp;&amp; System.currentTimeMillis() - classEnded &gt;= TENMIN)&#10;            {&#10;              //System.out.println(&quot;EXIT&quot;);&#10;            &#9;return;&#9;              &#10;        &#9;}&#10;            &#10;            sleep(500);&#10;        }&#10;        newCurrentTime = 0;&#10;        ic.facade.setMenuDataRec(false);&#10;        dataReceived = false;&#10;        &#10;       // db.disconnect();&#10;&#9;}&#10;    public void myMain(){&#10;    &#9;appLogin();&#10;    &#9;if(loggedin){&#10;    &#9;&#9;ic.Initiate_MainMenu();&#10;    &#9;&#9;if(checkClear())&#10;&#9;        {&#10;&#9;            dataFacade.clearDatabase();&#10;&#9;        }&#10;    &#9;&#9;checkTimes();&#10;&#9;    &#9;while(!logoutSel){&#10;&#9;    &#9;&#9;appMainMenu();&#10;&#9;&#9;    &#9;if(logoutSel)&#10;&#9;&#9;        {&#10;&#9;&#9;            // Logout &#10;&#9;&#9;            auth.logout();&#10;&#9;&#9;            ic.Initiate_Logout();&#10;&#9;&#9;&#10;&#9;&#9;        }&#10;&#9;&#9;        else if(edSchedSel)&#10;&#9;&#9;        {&#10;&#9;&#9;            appEditSched();&#10;&#9;&#9;        }&#10;&#9;&#9;        else if(schedSetupSel)&#10;&#9;&#9;        {&#10;&#9;&#9;            setupSched();&#10;&#9;&#9;        }&#10;&#9;    &#9;}&#10;    &#9;}&#10;    }&#10;    public void setUser(String user){&#10;    &#9;username = user;&#10;    }&#10;    public void setPassword(String pw){&#10;    &#9;password = pw;&#10;    }&#10;    public String getUser(){&#10;    &#9;return username;&#10;    }&#10;    public String getPass(){&#10;    &#9;return password;&#10;    }&#10;    public boolean getLoggedIn(){&#10;    &#9;return loggedin;&#10;    }&#10;    public static String fetchCourses(){&#10;    &#9;return dataFacade.fetchCourses();&#10;    }&#10;    public InterfaceController getIC(){&#10;    &#9;return ic;&#10;    }&#10;    public Calendar getSetRun(){&#10;    &#9;return setRun;&#10;    }&#10;    public static int getClearDate() {&#10; &#9;&#9;return clearDate;&#10; &#9;}&#10;&#10; &#9;public static int getClearMonth() {&#10; &#9;&#9;return clearMonth;&#10; &#9;}&#10;&#10; &#9;public static int getClearYear() {&#10; &#9;&#9;return clearYear;&#10; &#9;}&#10;&#10; &#9;public int getCounter(){&#10; &#9;&#9;return counter;&#10; &#9;}&#10;    public static void setupSched(){&#10;    &#9;ic.facade.launchInitial();&#10;        //Initial Schedule Setup&#10;        while(!ic.facade.schedDataRec())&#10;        {&#10;            dataReceived = ic.facade.schedDataRec();&#10;            sleep(300);&#10;        }&#10;        dataReceived = false;&#10;        ic.facade.setSchedDataRec(false);&#10;        &#10;        dataFacade.storeClassInfo(ic.facade.getNewCourseID(), ic.facade.getNewSub(), ic.facade.getNewCourseName(),ic.facade.getNewSemester());&#10;        dataFacade.storeClassSched(ic.facade.getNewCourseID(), ic.facade.getNewCourseStart(), ic.facade.getNewCourseEnd(), &#10;                ic.facade.getNewMonStart(), ic.facade.getNewMonEnd(), ic.facade.getNewTueStart(), ic.facade.getNewTueEnd(), &#10;                ic.facade.getNewWedStart(), ic.facade.getNewWedEnd(), ic.facade.getNewThuStart(), ic.facade.getNewThuEnd(), &#10;                ic.facade.getNewFriStart(), ic.facade.getNewFriEnd(), ic.facade.getNewSatStart(), ic.facade.getNewSatEnd());&#10;&#10;    }&#10;    public static void appEditSched(){&#10;    &#9; //Edit Schedule&#10;        ic.Course_Select_Form();&#10;&#10;        while(!dataReceived)&#10;        {&#10;            dataReceived = ic.facade.courseSelected();&#10;            sleep(300);&#10;         //   System.out.println(&quot;test&quot;);&#10;        }&#10;&#10;        ic.facade.setCourseSelected(false);&#10;        dataReceived = false;&#10;&#10;        courseSel = ic.facade.getSelection();&#10;        getData(courseSel);&#10;        &#10;        ic.Pre_Filled_Form(courseSel,defSub,defCourseName,defSemester,defCourseStart,&#10;                defCourseEnd,defMonStart,defMonEnd,defTueStart,defTueEnd,defWedStart,&#10;                defWedEnd,defThuStart,defThuEnd,defFriStart,defFriEnd,defSatStart,defSatEnd);&#10;        &#10;        while(!dataReceived)&#10;        {&#10;            dataReceived = ic.facade.psDataRec(); &#10;            sleep(300);&#10;        }&#10;        &#10;        dataReceived = false;&#10;        ic.facade.setPsDataRec(false);&#10;&#10;        //System.out.println(&quot;Save has been pressed&quot; +ic.edSched.newMonStart);&#10;&#10;        dataFacade.storeClassSched(ic.facade.getDefCourseID(), ic.facade.getpNewCourseStart(), ic.facade.getpNewCourseEnd(), &#10;                ic.facade.getpNewMonStart(), ic.facade.getpNewMonEnd(), ic.facade.getpNewTueStart(), ic.facade.getpNewTueEnd(), &#10;                ic.facade.getpNewWedStart(), ic.facade.getpNewWedEnd(), ic.facade.getpNewThuStart(), ic.facade.getpNewThuEnd(), &#10;                ic.facade.getpNewFriStart(), ic.facade.getpNewFriEnd(), ic.facade.getpNewSatStart(), ic.facade.getpNewSatEnd());&#10;&#10;&#10;    }&#10;    &#10;    public static void appLogin(){&#10;    &#9;while(!loggedin)&#10;        {           &#10;            ic.Initiate_Login_Form();            &#10;            &#10;             do&#10;             {&#10;                 dataReceived = ic.facade.dataReceived();&#10;                 sleep(300);&#10;                 &#10;             }while(!dataReceived);&#10;             ic.facade.setLogDataRec(false);&#10;             dataReceived = false;&#10;             username = ic.facade.getUsername();&#10;             password = ic.facade.getPassword();&#10;&#10;             &#10;             auth.setCredentials(username,password);&#10;             if(auth.validate_Login()){&#10;                 loggedin = true;&#10;                 auth.logout();&#10;                 dataFacade.connect(username,password);&#10;             }&#10;             &#10;               &#10;             if(!loggedin){&#10;                 ic.Initiate_IncorrectLogin();&#10;                 counter++;&#10;                 while(!dataReceived)&#10;                 {&#10;                     dataReceived = ic.facade.getAck();&#10;                     System.out.println(&quot;in&quot;);&#10;                 }&#10;                 dataReceived = false;&#10;                 ic.facade.setAck(false);&#10;                 &#10;             }&#10;             if(counter &gt;= 3){&#10;                &#10;                 ic.passwordLock();&#10;                 while(!dataReceived)&#10;                 {&#10;                     dataReceived = ic.facade.getAck();&#10;                     &#10;                 }&#10;                 return;&#10;             }&#10;        }&#10;    }&#10;    public static boolean checkClear()&#10;    {&#10;        ArrayList&lt;String&gt; endDates = dataFacade.getEndDates();&#10;        Calendar endCal = new GregorianCalendar();&#10;        Calendar now = Calendar.getInstance();&#10;        &#10;        for(int i = 0; i &lt; endDates.size(); i++)&#10;        {&#10;            dateParser(endDates.get(i));&#10;            &#10;            //System.out.println(&quot;Day : &quot; +clearDate);&#10;            //System.out.println(&quot;Month : &quot; +clearMonth);&#10;            //System.out.println(&quot;Year : &quot; +clearYear);&#10;&#10;            endCal.set(clearYear + 2000, clearMonth-1, clearDate);&#10;            if(now.compareTo(endCal) &lt;= 0)&#10;               return false;&#10;                &#10;        }&#10;        return true;&#10;                &#10;    }&#10;            &#10;    public static void checkTimes()&#10;    {&#10;        ArrayList&lt;Integer&gt; courseList = dataFacade.getCourses();&#10;        &#10;        Calendar tempC = new GregorianCalendar();&#10;        int currentDay = tempC.get(tempC.DAY_OF_WEEK);&#10;        tempC.setTimeInMillis(System.currentTimeMillis());&#10;        //System.out.println(&quot;Curr Day: &quot; +currentDay);&#10;        Date fifteenMin;&#10;        Date fiveMin;&#10;        Date endClass;&#10;        &#10;        for(int i = 0; i &lt; courseList.size(); i++)&#10;        {&#10;            boolean isNull = true;&#10;            getData(courseList.get(i).intValue());&#10;            Timer newTimer = new FutureTimer();&#10;            &#10;            if(currentDay == 2 &amp;&amp; defMonEnd.compareTo(&quot;&quot;) != 0)&#10;            {&#10;                timerParser(defMonEnd);&#10;                isNull = false;&#10;            }&#10;            else if(currentDay == 3 &amp;&amp; defTueEnd.compareTo(&quot;&quot;) != 0)&#10;            {&#10;                timerParser(defTueEnd);&#10;                isNull = false;&#10;            }&#10;            else if(currentDay == 4 &amp;&amp; defWedEnd.compareTo(&quot;&quot;) != 0)&#10;            {&#10;                timerParser(defWedEnd);&#10;                isNull = false;&#10;            }&#10;            else if(currentDay == 5 &amp;&amp; defThuEnd.compareTo(&quot;&quot;) != 0)&#10;            {&#10;                timerParser(defThuEnd);&#10;                isNull = false;&#10;            }&#10;            else if(currentDay == 6 &amp;&amp; defFriEnd.compareTo(&quot;&quot;) != 0)&#10;            {&#10;                timerParser(defFriEnd);&#10;                isNull = false;&#10;            }&#10;            &#10;            else if(currentDay == 7 &amp;&amp; defSatEnd.compareTo(&quot;&quot;) != 0)&#10;            {&#10;                &#10;                timerParser(defSatEnd);&#10;                isNull = false;&#10;            }&#10;            &#10;            &#10;            if(!isNull){&#10;                fiveMin = get5BeforeEnd(hr, min);&#10;                newTimer.schedule(popup5min, fiveMin);&#10;                fifteenMin = get15BeforeEnd(hr, min);              &#10;                newTimer.schedule(popup15min, fifteenMin);&#10;                endClass = getEndTime(hr, min);&#10;                newTimer.schedule(endofclass, endClass);&#10;            }&#10;        }   &#10;       &#10;    }&#10;    &#10;    public static void getData(int course)&#10;    {&#10;        defSub = dataFacade.fetchCourseSubj(course);&#10;        defSemester = dataFacade.fetchCourseSemester(course);&#10;        defCourseName = dataFacade.fetchCourseName(course);&#10;        defCourseStart = dataFacade.fetchCourseStart(course);&#10;        defCourseEnd = dataFacade.fetchCourseEnd(course);&#10;        defMonStart = dataFacade.fetchStartMon(course);&#10;        defMonEnd = dataFacade.fetchEndMon(course);&#10;        defTueStart = dataFacade.fetchStartTue(course);&#10;        defTueEnd = dataFacade.fetchEndTue(course);&#10;        defWedStart = dataFacade.fetchStartWed(course);&#10;        defWedEnd = dataFacade.fetchEndWed(course);&#10;        defThuStart = dataFacade.fetchStartThu(course);&#10;        defThuEnd = dataFacade.fetchEndThu(course);&#10;        defFriStart = dataFacade.fetchStartFri(course);&#10;        defFriEnd = dataFacade.fetchEndFri(course);&#10;        defSatStart = dataFacade.fetchStartSat(course);&#10;        defSatEnd = dataFacade.fetchEndSat(course);           &#10;    }&#10;    &#10;    &#10;    public static void sleep(int milli)&#10;    {&#10;          try { &#10;           Thread.sleep(milli);&#10;        } catch (InterruptedException ex) {&#10;           Logger.getLogger(appController.class.getName()).log(Level.SEVERE, null, ex);&#10;        }&#10;    }&#10;&#9;&#10;    public static void LogIn()&#10;    {      &#10;        if(dataFacade.connect(username,password) == 0)&#10;            loggedin = true;&#10;        else&#10;            loggedin = false;        &#10;    }&#10;    &#10;    public static DataStoreFacade getCon()&#10;    {&#10;        return dataFacade;&#10;    }&#10;    &#10;    &#10;    private static TimerTask dbClear = new TimerTask()&#10;    {&#10;        public void run()&#10;        {&#10;           dataFacade.clearDatabase();&#10;        }&#10;    };&#10;    &#10;    private static TimerTask popup15min = new TimerTask()&#10;    {&#10;        public void run()&#10;        {&#10;            ic.facade.FifteenMinWarning();&#10;        }&#10;    };&#10;&#9;&#10;    private static TimerTask popup5min = new TimerTask()&#10;    {&#10;        public void run()&#10;        {&#10;            ic.facade.FiveMinWarning();&#10;        }&#10;    };&#10;    &#10;    &#10;    private static TimerTask endofclass = new TimerTask()&#10;    {&#10;        public void run()&#10;        {&#10;            ic.facade.endClassWarning();&#10;            classEnded = System.currentTimeMillis();&#10;        }&#10;    };&#10;    &#10;    &#10;    private static TimerTask systemExit = new TimerTask()&#10;    {&#10;        public void run()&#10;        {&#10;            System.exit(0);&#10;        }&#10;    };&#10;    &#10;       &#10;    public void setTime(int year, int month, int date, int hours, int mins)&#10;    {&#10;        setRun.set(year, month, date, hours, mins);&#10;    }&#10;    &#10;    public Date getTime()&#10;    {&#10;        return setRun.getTime();&#10;    }&#10;    &#10;    public static long getTimeMillis()&#10;    {&#10;        return setRun.getTimeInMillis();&#10;    }&#10;    &#10;    public static void timerParser(String timer)&#10;    {&#10;        hr = Integer.parseInt(timer.substring(0,2));&#10;        min = Integer.parseInt(timer.substring(3,5));&#10;    }&#10;    public static void dateParser(String timer)&#10;    {&#10;        &#10;        clearMonth = Integer.parseInt(timer.substring(0,2));&#10;        clearDate = Integer.parseInt(timer.substring(3,5));&#10;        clearYear = Integer.parseInt(timer.substring(6,8));&#10;    }&#10;    &#10;    public int returnHr()&#10;    {&#10;        return hr;&#10;    }&#10;    &#10;    public int returnMin()&#10;    {&#10;        return min;&#10;    }&#10;    &#10;    public static Date getEndTime(int hrs, int mins)&#10;    {&#10;        int years, months, dates, dayOfWeek;&#10;        &#10;        Calendar tempC = new GregorianCalendar();&#10;        &#10;        tempC.setTimeInMillis(System.currentTimeMillis());&#10;        &#10;        years = tempC.get(tempC.YEAR);&#10;        months = tempC.get(tempC.MONTH);&#10;        dates = tempC.get(tempC.DATE);&#10;        dayOfWeek = tempC.get(tempC.DAY_OF_WEEK);&#10;        tempC.set(years, months, dates, hrs, mins - 1, 1);&#10;        // System.out.println(dayWeek);&#10;        return tempC.getTime();&#10;    }&#10;    &#10;    public static void setSemesterClear(int year, int month, int date, int hours, int mins)&#10;    {&#10;        autoClear.set(year, month, date, hours, mins);&#10;        date2 = autoClear.getTime();&#10;    }&#10;    &#10;    public Date getSemesterClear()&#10;    {&#10;        return autoClear.getTime();&#10;    }&#10;    &#10;    public static Date get15BeforeEnd(int hrs, int mins)&#10;    {&#10;        int years, months, dates, dayOfWeek; &#10;        &#10;        Calendar tempC = new GregorianCalendar();&#10;        &#10;        tempC.setTimeInMillis(System.currentTimeMillis());&#10;        &#10;        years = tempC.get(tempC.YEAR);&#10;        months = tempC.get(tempC.MONTH);&#10;        dates =  tempC.get(tempC.DATE);&#10;        dayOfWeek = tempC.get(tempC.DAY_OF_WEEK);&#10;        &#10;        tempC.set(years, months, dates, hrs, mins - 15, 1);&#10;        &#10;        return tempC.getTime();&#10;    }&#10;    &#10;    public static Date get5BeforeEnd(int hrs, int mins)&#10;    {&#10;        int years, months, dates, dayOfWeek;&#10;        &#10;        Calendar tempC = new GregorianCalendar();&#10;        &#10;        tempC.setTimeInMillis(System.currentTimeMillis());&#10;        &#10;        years = tempC.get(tempC.YEAR);&#10;        months = tempC.get(tempC.MONTH);&#10;        dates = tempC.get(tempC.DATE);&#10;        dayOfWeek = tempC.get(tempC.DAY_OF_WEEK);&#10;        tempC.set(years, months, dates, hrs, mins - 5, 1);&#10;        // System.out.println(dayWeek);&#10;        return tempC.getTime();&#10;    }&#10;    &#10;    public void autoExit()&#10;    {&#10;        timer.schedule(systemExit, date);&#10;    }&#10;    &#10;    public void autoClear()&#10;    {&#10;        timer.schedule(dbClear, date2);&#10;    }&#10;}&#10;" Filename="appController.java" Intrnl_Id="12"/>
<SrcFile Content="package my.PSM.PSM_Logic;&#13;&#10;&#13;&#10;import my.PSM.PSM_Interface.InterfaceFacade;&#13;&#10;&#13;&#10;public class PSM_app {&#13;&#10;&#13;&#10;&#9;public static void main(String[] args) {&#13;&#10;//      Calendar now = new GregorianCalendar();&#13;&#10;//      now.set(2008, 3, 15, 13, 29);&#13;&#10;//      date = now.getTime();&#13;&#10;//     &#13;&#10;&#9;   &#9;appController app = new appController();&#13;&#10;&#9;   &#9;InterfaceFacade fac = new InterfaceFacade();&#13;&#10;    &#9;fac.initiate(new LogicFacade(app.dataFacade));&#13;&#10;    &#9;app.getIC().setFacade(fac);&#13;&#10;&#9;   &#9;app.myMain();&#13;&#10;&#9;}&#13;&#10;&#13;&#10;}&#13;&#10;" Filename="PSM_app.java" Intrnl_Id="13"/>
<SrcFile Content="/*&#10; * To change this template, choose Tools | Templates&#10; * and open the template in the editor.&#10; */&#10;package my.PSM.PSM_Logic;&#10;&#10;import my.PSM.PSM_Storage.DataStoreFacade;&#10;&#10;/**&#10; *&#10; * @author clarkep&#10; */&#10;public class LogicFacade {&#10;    private appController app;&#10;    private Authenticate aut;&#10;    private FutureTimer futureTime;&#10;    private InterfaceController ic;&#10;    &#10;    public LogicFacade(DataStoreFacade dataFacade){&#10;    &#9;app = new appController();&#10;    &#9;app.setDataStoreFacade(dataFacade);&#10;    &#9;futureTime = new FutureTimer();&#10;    &#9;ic = new InterfaceController();&#10;    }&#10;    &#10;    public String fetchCourses(){&#10;    &#9;return appController.fetchCourses();&#10;    }&#10;}&#10;" Filename="LogicFacade.java" Intrnl_Id="14"/>
<SrcFile Content="package my.PSM.PSM_Logic;&#10;&#10;import my.PSM.PSM_Interface.InterfaceFacade;&#10;&#10;//&#10;//&#10;//  Generated by StarUML(tm) Java Add-In&#10;//&#10;//  @ Project : PSM - Professor Schedule Manager&#10;//  @ File Name : &#10;//  @ Date : 03/16/2008&#10;//  @ Author : &#10;//&#10;//&#10;&#10;public class InterfaceController {&#10;    public InterfaceFacade facade;&#10;    &#10;    public InterfaceController()&#10;    {&#10;        &#10;    }&#10;    public void setFacade(InterfaceFacade temp){&#10;    &#9;facade = temp;&#10;    }&#10;    public void passwordLock()&#10;    {&#10;        facade.lockedOut();&#10;    }&#10;    public void Initiate_Logout() &#10;    {&#10;        //System.out.print(&quot;lame&quot;);&#10;        &#10;         //logout.launchLogout();&#10;         facade.logoutConfirmation();&#10;     &#10;    }&#10;&#10;    public void Initiate_IncorrectLogin()&#10;    {&#10;        &#10;        facade.incorrectLogin();&#10;        //il.launchForm();&#10;        &#10;    }&#10;    &#10;    public void Initiate_Schedule_Form() &#10;    {&#10;       &#10;       facade.launchInitial();&#10;    }&#10;&#10;    public void Pre_Filled_Form(int courseID, String courseSubj, String courseName, String semester,&#10;            String startDate, String endDate, String startMon, String endMon,&#10;            String startTue, String endTue, String startWed, String endWed, String startThu, String endThu, &#10;            String startFri, String endFri, String startSat, String endSat) &#10;    {&#10;&#10;    &#10;        &#10;         facade.launchEdit(courseID, courseSubj, courseName, semester,&#10;            startDate, endDate, startMon, endMon, startTue, endTue, &#10;            startWed, endWed, startThu, endThu, startFri, endFri, startSat, endSat);&#10;    }&#10;    &#10;    public void Course_Select_Form(){&#10;        facade.launchCourse();&#10;    }&#10;    public void Initiate_Login_Form() {&#10;&#10;        facade.launchLoginForm();&#10;&#10;    }&#10;&#10;    public void Initiate_Message() {&#10;&#10;    }&#10;&#10;    public void Initiate_MainMenu() {&#10;        facade.launchMenu();&#10;&#10;    }&#10;}&#10;" Filename="InterfaceController.java" Intrnl_Id="15"/>
<SrcFile Content="/*&#13;&#10; * FutureTimer.java&#13;&#10; *&#13;&#10; * Created on April 17, 2008, 3:33 PM&#13;&#10; *&#13;&#10; * To change this template, choose Tools | Template Manager&#13;&#10; * and open the template in the editor.&#13;&#10; */&#13;&#10;&#13;&#10;package my.PSM.PSM_Logic;&#13;&#10;import java.util.Calendar;&#13;&#10;import java.util.GregorianCalendar;&#13;&#10;import java.util.Timer;&#13;&#10;import java.util.TimerTask;&#13;&#10;import java.util.Date;&#13;&#10;&#13;&#10;/**&#13;&#10; *&#13;&#10; * @author lrizo002&#13;&#10; */&#13;&#10;public class FutureTimer extends Timer {&#13;&#10;    &#13;&#10;    public void schedule(TimerTask task, Date myDate)&#13;&#10;    {&#13;&#10;       &#13;&#10;        Calendar cal = new GregorianCalendar();&#13;&#10;        cal.setTimeInMillis(System.currentTimeMillis());&#13;&#10;        Date currentDate = cal.getTime();&#13;&#10;        if (myDate.compareTo(currentDate) &lt; 0)&#13;&#10;            return;&#13;&#10;        &#13;&#10;        super.schedule(task, myDate); &#13;&#10;    }&#13;&#10;}&#13;&#10;" Filename="FutureTimer.java" Intrnl_Id="16"/>
<SrcFile Content="/*&#10; * Authenticate.java&#10; *&#10; * Created on April 8, 2008, 3:25 PM&#10; *&#10; * To change this template, choose Tools | Template Manager&#10; * and open the template in the editor.&#10; */&#10;&#10;package my.PSM.PSM_Logic;&#10;&#10;import my.PSM.PSM_Storage.DataStoreFacade;&#10;&#10;/**&#10; *&#10; * @author lrizo002&#10; */&#10;public class Authenticate {&#10;    &#10;    protected String username;&#10;    protected String password;&#10;    DataStoreFacade db;&#10;    /** Creates a new instance of Authenticate */&#10;    public Authenticate(){&#10;    &#9;db = new DataStoreFacade();&#10;    }&#10;    public Authenticate(String user, String pw) {&#10;        username = user;&#10;        password = pw;&#10;        db = new DataStoreFacade();&#10;        &#10;    }&#10;    public void setCredentials(String user, String pass){&#10;    &#9;username = user;&#10;    &#9;password = pass;&#10;    }&#10;    public boolean validate_Login()&#10;    {&#10;        int state; &#10;        state = db.connect(username,password);          // connect to default database&#10;        if(state == 0)&#10;            return true;&#10;        else&#10;            return false;   &#10;    }&#10;    &#10;    public boolean logout()&#10;    {&#10;        int state;&#10;        state = db.disconnect();&#10;        if(state == 0)&#10;            return true;&#10;        else&#10;            return false;&#10;    }&#10;    &#10;}&#10;" Filename="Authenticate.java" Intrnl_Id="17"/>
<SrcFile Content="/*&#10; * endOfClass.java&#10; *&#10; * Created on April 15, 2008, 1:17 PM&#10; */&#10;&#10;package my.PSM.PSM_Interface;&#10;&#10;/**&#10; *&#10; * @author  Kurt&#10; */&#10;public class endOfClass extends javax.swing.JFrame {&#10;    &#10;    /**&#10;&#9; * &#10;&#9; */&#10;&#9;private static final long serialVersionUID = 1L;&#10;&#9;/** Creates new form endOfClass */&#10;    public endOfClass() {&#10;        initComponents();&#10;    }&#10;    &#10;    /** This method is called from within the constructor to&#10;     * initialize the form.&#10;     * WARNING: Do NOT modify this code. The content of this method is&#10;     * always regenerated by the Form Editor.&#10;     */&#10;    // &lt;editor-fold defaultstate=&quot;collapsed&quot; desc=&quot;Generated Code&quot;&gt;//GEN-BEGIN:initComponents&#10;    private void initComponents() {&#10;&#10;        jLabel1 = new javax.swing.JLabel();&#10;        jButton1 = new javax.swing.JButton();&#10;&#10;        setDefaultCloseOperation(javax.swing.WindowConstants.EXIT_ON_CLOSE);&#10;&#10;        jLabel1.setFont(new java.awt.Font(&quot;Tahoma&quot;, 0, 12));&#10;        jLabel1.setHorizontalAlignment(javax.swing.SwingConstants.CENTER);&#10;        jLabel1.setText(&quot;End of Class Reached&quot;);&#10;        jLabel1.setBorder(javax.swing.BorderFactory.createTitledBorder(null, &quot;Warning&quot;, javax.swing.border.TitledBorder.DEFAULT_JUSTIFICATION, javax.swing.border.TitledBorder.TOP, new java.awt.Font(&quot;Tahoma&quot;, 1, 12), new java.awt.Color(0, 0, 255)));&#10;        jLabel1.setMaximumSize(new java.awt.Dimension(200, 100));&#10;        jLabel1.setMinimumSize(new java.awt.Dimension(100, 50));&#10;        jLabel1.setName(&quot;Message&quot;); // NOI18N&#10;        jLabel1.setOpaque(true);&#10;        jLabel1.setPreferredSize(new java.awt.Dimension(200, 50));&#10;&#10;        jButton1.setText(&quot;OK&quot;);&#10;&#10;        org.jdesktop.layout.GroupLayout layout = new org.jdesktop.layout.GroupLayout(getContentPane());&#10;        getContentPane().setLayout(layout);&#10;        layout.setHorizontalGroup(&#10;            layout.createParallelGroup(org.jdesktop.layout.GroupLayout.LEADING)&#10;            .add(0, 272, Short.MAX_VALUE)&#10;            .add(0, 272, Short.MAX_VALUE)&#10;            .add(layout.createParallelGroup(org.jdesktop.layout.GroupLayout.LEADING)&#10;                .add(layout.createSequentialGroup()&#10;                    .add(0, 0, Short.MAX_VALUE)&#10;                    .add(layout.createParallelGroup(org.jdesktop.layout.GroupLayout.LEADING)&#10;                        .add(jLabel1, org.jdesktop.layout.GroupLayout.PREFERRED_SIZE, org.jdesktop.layout.GroupLayout.DEFAULT_SIZE, org.jdesktop.layout.GroupLayout.PREFERRED_SIZE)&#10;                        .add(layout.createSequentialGroup()&#10;                            .add(75, 75, 75)&#10;                            .add(jButton1, org.jdesktop.layout.GroupLayout.PREFERRED_SIZE, 57, org.jdesktop.layout.GroupLayout.PREFERRED_SIZE)))&#10;                    .add(0, 0, Short.MAX_VALUE)))&#10;        );&#10;        layout.setVerticalGroup(&#10;            layout.createParallelGroup(org.jdesktop.layout.GroupLayout.LEADING)&#10;            .add(0, 169, Short.MAX_VALUE)&#10;            .add(0, 169, Short.MAX_VALUE)&#10;            .add(layout.createParallelGroup(org.jdesktop.layout.GroupLayout.LEADING)&#10;                .add(layout.createSequentialGroup()&#10;                    .add(0, 0, Short.MAX_VALUE)&#10;                    .add(jLabel1, org.jdesktop.layout.GroupLayout.PREFERRED_SIZE, org.jdesktop.layout.GroupLayout.DEFAULT_SIZE, org.jdesktop.layout.GroupLayout.PREFERRED_SIZE)&#10;                    .add(20, 20, 20)&#10;                    .add(jButton1)&#10;                    .add(0, 0, Short.MAX_VALUE)))&#10;        );&#10;&#10;        pack();&#10;    }// &lt;/editor-fold&gt;//GEN-END:initComponents&#10;    &#10;    /**&#10;     * @param args the command line arguments&#10;     */&#10;    public void launchEnd() {&#10;        java.awt.EventQueue.invokeLater(new Runnable() {&#10;            public void run() {&#10;                new endOfClass().setVisible(true);&#10;            }&#10;        });&#10;    }&#10;    &#10;    // Variables declaration - do not modify//GEN-BEGIN:variables&#10;    private javax.swing.JButton jButton1;&#10;    private javax.swing.JLabel jLabel1;&#10;    // End of variables declaration//GEN-END:variables&#10;    &#10;}&#10;" Filename="endOfClass.java" Intrnl_Id="18"/>
<SrcFile Content="/*&#13;&#10; * courseSelect2.java&#13;&#10; *&#13;&#10; * Created on April 13, 2008, 2:52 PM&#13;&#10; */&#13;&#10;&#13;&#10;package my.PSM.PSM_Interface;&#13;&#10;&#13;&#10;import my.PSM.PSM_Logic.LogicFacade;&#13;&#10;&#13;&#10;/**&#13;&#10; *&#13;&#10; * @author  Kurt&#13;&#10; */&#13;&#10;public class courseSelect extends javax.swing.JFrame {&#13;&#10;    &#13;&#10;    /**&#13;&#10;&#9; * &#13;&#10;&#9; */&#13;&#10;&#9;private static final long serialVersionUID = 1L;&#13;&#10;&#9;/** Creates new form courseSelect2 */&#13;&#10;   //DBConnection Data = new DBConnection();&#13;&#10;   &#13;&#10;   private static int selection;&#13;&#10;   private static boolean courseSelected;&#13;&#10;   private LogicFacade logicFacade;&#13;&#10;   public String [] listCourses;&#13;&#10;   &#13;&#10;   public courseSelect(LogicFacade lfacade) {&#13;&#10;&#9;   &#13;&#10;&#9;   /*These lines were most likely used to debug*/&#13;&#10;&#9;    logicFacade = lfacade;&#13;&#10;        String ans = lfacade.fetchCourses();&#13;&#10;        //System.out.println(&quot;Result from Fetch: &quot; +ans);&#13;&#10;        listCourses = ans.split(&quot;,&quot;);&#13;&#10;        initComponents();       &#13;&#10;    }&#13;&#10;    &#13;&#10;   public int getSelection()&#13;&#10;    {&#13;&#10;        return selection;&#13;&#10;    }&#13;&#10;   &#13;&#10;   public boolean courseSelected()&#13;&#10;    {&#13;&#10;        return courseSelected;&#13;&#10;    }&#13;&#10;    &#13;&#10;    public void setCourseSelected(boolean condition)&#13;&#10;    {&#13;&#10;        courseSelected = condition;&#13;&#10;    }&#13;&#10;    /** This method is called from within the constructor to&#13;&#10;     * initialize the form.&#13;&#10;     * WARNING: Do NOT modify this code. The content of this method is&#13;&#10;     * always regenerated by the Form Editor.&#13;&#10;     */&#13;&#10;    // &lt;editor-fold defaultstate=&quot;collapsed&quot; desc=&quot;Generated Code&quot;&gt;                          &#13;&#10;    @SuppressWarnings({ &quot;unchecked&quot;, &quot;rawtypes&quot; })&#13;&#10;&#9;private void initComponents() {&#13;&#10;&#13;&#10;        jPanel1 = new javax.swing.JPanel();&#13;&#10;        jComboBox1 = new javax.swing.JComboBox&lt;String&gt;();&#13;&#10;        jButton1 = new javax.swing.JButton();&#13;&#10;        jButton2 = new javax.swing.JButton();&#13;&#10;&#13;&#10;        setDefaultCloseOperation(javax.swing.WindowConstants.DO_NOTHING_ON_CLOSE);&#13;&#10;        setTitle(&quot;Please Choose&quot;);&#13;&#10;&#13;&#10;        jPanel1.setBorder(javax.swing.BorderFactory.createTitledBorder(null, &quot;Course Select&quot;, javax.swing.border.TitledBorder.DEFAULT_JUSTIFICATION, javax.swing.border.TitledBorder.DEFAULT_POSITION, new java.awt.Font(&quot;Tahoma&quot;, 1, 12), new java.awt.Color(0, 0, 255)));&#13;&#10;&#13;&#10;        jComboBox1.setFont(new java.awt.Font(&quot;Arial&quot;, 0, 11));&#13;&#10;        jComboBox1.setModel(new javax.swing.DefaultComboBoxModel(listCourses));&#13;&#10;        jComboBox1.addActionListener(new java.awt.event.ActionListener() {&#13;&#10;            public void actionPerformed(java.awt.event.ActionEvent evt) {&#13;&#10;                jComboBox1ActionPerformed(evt);&#13;&#10;            }&#13;&#10;        });&#13;&#10;&#13;&#10;        jButton1.setFont(new java.awt.Font(&quot;Arial&quot;, 0, 11));&#13;&#10;        jButton1.setText(&quot;Cancel&quot;);&#13;&#10;        jButton1.addActionListener(new java.awt.event.ActionListener() {&#13;&#10;            public void actionPerformed(java.awt.event.ActionEvent evt) {&#13;&#10;                jButton1ActionPerformed(evt);&#13;&#10;            }&#13;&#10;        });&#13;&#10;&#13;&#10;        jButton2.setFont(new java.awt.Font(&quot;Arial&quot;, 0, 11));&#13;&#10;        jButton2.setText(&quot;Edit&quot;);&#13;&#10;        jButton2.addActionListener(new java.awt.event.ActionListener() {&#13;&#10;            public void actionPerformed(java.awt.event.ActionEvent evt) {&#13;&#10;                jButton2ActionPerformed(evt);&#13;&#10;            }&#13;&#10;        });&#13;&#10;&#13;&#10;        org.jdesktop.layout.GroupLayout jPanel1Layout = new org.jdesktop.layout.GroupLayout(jPanel1);&#13;&#10;        jPanel1.setLayout(jPanel1Layout);&#13;&#10;        jPanel1Layout.setHorizontalGroup(&#13;&#10;            jPanel1Layout.createParallelGroup(org.jdesktop.layout.GroupLayout.LEADING)&#13;&#10;            .add(jPanel1Layout.createSequentialGroup()&#13;&#10;                .addContainerGap()&#13;&#10;                .add(jPanel1Layout.createParallelGroup(org.jdesktop.layout.GroupLayout.LEADING)&#13;&#10;                    .add(jPanel1Layout.createSequentialGroup()&#13;&#10;                        .add(jComboBox1, 0, 208, Short.MAX_VALUE)&#13;&#10;                        .addContainerGap())&#13;&#10;                    .add(org.jdesktop.layout.GroupLayout.TRAILING, jPanel1Layout.createSequentialGroup()&#13;&#10;                        .add(jButton2, org.jdesktop.layout.GroupLayout.PREFERRED_SIZE, 67, org.jdesktop.layout.GroupLayout.PREFERRED_SIZE)&#13;&#10;                        .addPreferredGap(org.jdesktop.layout.LayoutStyle.UNRELATED)&#13;&#10;                        .add(jButton1)&#13;&#10;                        .add(3, 3, 3))))&#13;&#10;        );&#13;&#10;        jPanel1Layout.setVerticalGroup(&#13;&#10;            jPanel1Layout.createParallelGroup(org.jdesktop.layout.GroupLayout.LEADING)&#13;&#10;            .add(jPanel1Layout.createSequentialGroup()&#13;&#10;                .add(33, 33, 33)&#13;&#10;                .add(jComboBox1, org.jdesktop.layout.GroupLayout.PREFERRED_SIZE, org.jdesktop.layout.GroupLayout.DEFAULT_SIZE, org.jdesktop.layout.GroupLayout.PREFERRED_SIZE)&#13;&#10;                .add(40, 40, 40)&#13;&#10;                .add(jPanel1Layout.createParallelGroup(org.jdesktop.layout.GroupLayout.BASELINE)&#13;&#10;                    .add(jButton2)&#13;&#10;                    .add(jButton1))&#13;&#10;                .addContainerGap(org.jdesktop.layout.GroupLayout.DEFAULT_SIZE, Short.MAX_VALUE))&#13;&#10;        );&#13;&#10;&#13;&#10;        org.jdesktop.layout.GroupLayout layout = new org.jdesktop.layout.GroupLayout(getContentPane());&#13;&#10;        getContentPane().setLayout(layout);&#13;&#10;        layout.setHorizontalGroup(&#13;&#10;            layout.createParallelGroup(org.jdesktop.layout.GroupLayout.LEADING)&#13;&#10;            .add(layout.createSequentialGroup()&#13;&#10;                .addContainerGap()&#13;&#10;                .add(jPanel1, org.jdesktop.layout.GroupLayout.DEFAULT_SIZE, org.jdesktop.layout.GroupLayout.DEFAULT_SIZE, Short.MAX_VALUE)&#13;&#10;                .addContainerGap())&#13;&#10;        );&#13;&#10;        layout.setVerticalGroup(&#13;&#10;            layout.createParallelGroup(org.jdesktop.layout.GroupLayout.LEADING)&#13;&#10;            .add(layout.createSequentialGroup()&#13;&#10;                .addContainerGap()&#13;&#10;                .add(jPanel1, org.jdesktop.layout.GroupLayout.DEFAULT_SIZE, org.jdesktop.layout.GroupLayout.DEFAULT_SIZE, Short.MAX_VALUE)&#13;&#10;                .addContainerGap())&#13;&#10;        );&#13;&#10;&#13;&#10;        pack();&#13;&#10;    }// &lt;/editor-fold&gt;                        &#13;&#10;&#13;&#10;    private void jComboBox1ActionPerformed(java.awt.event.ActionEvent evt) {                                           &#13;&#10;        // TODO add your handling code here:&#13;&#10;    }                                          &#13;&#10;&#13;&#10;    private void jButton1ActionPerformed(java.awt.event.ActionEvent evt) {                                         &#13;&#10;        dispose();&#13;&#10;    }                                        &#13;&#10;&#13;&#10;    private void jButton2ActionPerformed(java.awt.event.ActionEvent evt) {                                         &#13;&#10;        System.out.println(&quot;In Button2 ActionPerformed&quot;);&#13;&#10;        courseSelected = true;&#13;&#10;        selection = Integer.parseInt(jComboBox1.getSelectedItem().toString());&#13;&#10;        dispose();&#13;&#10;    }                                        &#13;&#10;    &#13;&#10;    /**&#13;&#10;     * @param args the command line arguments&#13;&#10;     */&#13;&#10;    public void launchCourse() {&#13;&#10;        java.awt.EventQueue.invokeLater(new Runnable() {&#13;&#10;            public void run() {&#13;&#10;                new courseSelect(logicFacade).setVisible(true);&#13;&#10;            }&#13;&#10;        });&#13;&#10;    }&#13;&#10;    &#13;&#10;    // Variables declaration - do not modify                     &#13;&#10;    private javax.swing.JButton jButton1;&#13;&#10;    private javax.swing.JButton jButton2;&#13;&#10;    @SuppressWarnings(&quot;rawtypes&quot;)&#13;&#10;&#9;private javax.swing.JComboBox jComboBox1;&#13;&#10;    private javax.swing.JPanel jPanel1;&#13;&#10;    // End of variables declaration                   &#13;&#10;    &#13;&#10;}&#13;&#10;" Filename="courseSelect.java" Intrnl_Id="19"/>
<SrcFile Content="/*&#10; * ScheduleSetupUI2.java&#10; *&#10; * Created on April 13, 2008, 2:41 PM&#10; */&#10;&#10;package my.PSM.PSM_Interface;&#10;&#10;/**&#10; *&#10; * @author  Kurt&#10; */&#10;public class ScheduleForm extends javax.swing.JFrame {&#10;    &#10;      /**&#10;&#9; * &#10;&#9; */&#10;&#9;private static final long serialVersionUID = 1L;&#10;&#9;private  int newCourseID;&#10;      private  String newSub;&#10;      private  String newSemester;&#10;      private  String newCourseName;&#10;      private  String newCourseStart;&#10;      private  String newCourseEnd;&#10;      private  String newMonStart;&#10;      private  String newMonEnd;&#10;      private  String newTueStart;&#10;      private  String newTueEnd;&#10;      private  String newWedStart;&#10;      private  String newWedEnd;&#10;      private  String newThuStart;&#10;      private  String newThuEnd;&#10;      private  String newFriStart;&#10;      private  String newFriEnd;&#10;      private  String newSatStart;&#10;      private  String newSatEnd;&#10;      &#10;      private  boolean dataReceived;&#10;     &#10;    &#10;    /** Creates new form ScheduleSetupUI2 */&#10;    public ScheduleForm() {&#10;        initComponents();&#10;    }&#10;    &#10;    public boolean dataRec()&#10;    {&#10;        return dataReceived;&#10;    }&#10;    public void setDataRec(boolean condition)&#10;    {&#10;        dataReceived = condition;       &#10;    }&#10;      &#10;      &#10;    /** This method is called from within the constructor to&#10;     * initialize the form.&#10;     * WARNING: Do NOT modify this code. The content of this method is&#10;     * always regenerated by the Form Editor.&#10;     */&#10;    // &lt;editor-fold defaultstate=&quot;collapsed&quot; desc=&quot;Generated Code&quot;&gt;//GEN-BEGIN:initComponents&#10;    @SuppressWarnings({ &quot;rawtypes&quot;, &quot;unchecked&quot; })&#10;&#9;private void initComponents() {&#10;&#10;        jButton2 = new javax.swing.JButton();&#10;        jButton1 = new javax.swing.JButton();&#10;        jPanel1 = new javax.swing.JPanel();&#10;        jLabel1 = new javax.swing.JLabel();&#10;        jComboBox1 = new javax.swing.JComboBox();&#10;        jLabel2 = new javax.swing.JLabel();&#10;        jLabel3 = new javax.swing.JLabel();&#10;        jLabel15 = new javax.swing.JLabel();&#10;        jLabel16 = new javax.swing.JLabel();&#10;        jTextField16 = new javax.swing.JTextField();&#10;        jTextField17 = new javax.swing.JTextField();&#10;        jPanel2 = new javax.swing.JPanel();&#10;        jLabel4 = new javax.swing.JLabel();&#10;        jLabel5 = new javax.swing.JLabel();&#10;        jLabel6 = new javax.swing.JLabel();&#10;        jTextField1 = new javax.swing.JTextField();&#10;        jTextField3 = new javax.swing.JTextField();&#10;        jTextField2 = new javax.swing.JTextField();&#10;        jLabel17 = new javax.swing.JLabel();&#10;        jPanel3 = new javax.swing.JPanel();&#10;        jLabel7 = new javax.swing.JLabel();&#10;        jLabel13 = new javax.swing.JLabel();&#10;        jLabel14 = new javax.swing.JLabel();&#10;        jLabel8 = new javax.swing.JLabel();&#10;        jLabel9 = new javax.swing.JLabel();&#10;        jLabel10 = new javax.swing.JLabel();&#10;        jLabel11 = new javax.swing.JLabel();&#10;        jLabel12 = new javax.swing.JLabel();&#10;        jLabel18 = new javax.swing.JLabel();&#10;        jTextField4 = new javax.swing.JTextField();&#10;        jTextField5 = new javax.swing.JTextField();&#10;        jTextField6 = new javax.swing.JTextField();&#10;        jTextField7 = new javax.swing.JTextField();&#10;        jTextField8 = new javax.swing.JTextField();&#10;        jTextField9 = new javax.swing.JTextField();&#10;        jTextField10 = new javax.swing.JTextField();&#10;        jTextField11 = new javax.swing.JTextField();&#10;        jTextField12 = new javax.swing.JTextField();&#10;        jTextField13 = new javax.swing.JTextField();&#10;        jTextField14 = new javax.swing.JTextField();&#10;        jTextField15 = new javax.swing.JTextField();&#10;&#10;        setDefaultCloseOperation(javax.swing.WindowConstants.DISPOSE_ON_CLOSE);&#10;        setTitle(&quot;Schedule Setup&quot;);&#10;        setCursor(new java.awt.Cursor(java.awt.Cursor.DEFAULT_CURSOR));&#10;&#10;        jButton2.setFont(new java.awt.Font(&quot;Arial&quot;, 0, 11));&#10;        jButton2.setText(&quot;Save&quot;);&#10;        jButton2.addActionListener(new java.awt.event.ActionListener() {&#10;            public void actionPerformed(java.awt.event.ActionEvent evt) {&#10;                jButton2ActionPerformed(evt);&#10;            }&#10;        });&#10;&#10;        jButton1.setFont(new java.awt.Font(&quot;Arial&quot;, 0, 11));&#10;        jButton1.setText(&quot;Cancel&quot;);&#10;        jButton1.addActionListener(new java.awt.event.ActionListener() {&#10;            public void actionPerformed(java.awt.event.ActionEvent evt) {&#10;                jButton1ActionPerformed(evt);&#10;            }&#10;        });&#10;&#10;        jPanel1.setBorder(javax.swing.BorderFactory.createTitledBorder(null, &quot;Semester Information&quot;, javax.swing.border.TitledBorder.DEFAULT_JUSTIFICATION, javax.swing.border.TitledBorder.DEFAULT_POSITION, new java.awt.Font(&quot;Tahoma&quot;, 1, 12), new java.awt.Color(0, 0, 255)));&#10;&#10;        jLabel1.setFont(new java.awt.Font(&quot;Arial&quot;, 0, 12));&#10;        jLabel1.setText(&quot;Semester:&quot;);&#10;&#10;        jComboBox1.setFont(new java.awt.Font(&quot;Arial&quot;, 0, 11));&#10;        jComboBox1.setModel(new javax.swing.DefaultComboBoxModel(new String[] { &quot;Select Semester&quot;, &quot;Fall&quot;, &quot;Spring&quot;, &quot;Summer A&quot;, &quot;Summer B&quot;, &quot;Summer C&quot; }));&#10;        jComboBox1.addActionListener(new java.awt.event.ActionListener() {&#10;            public void actionPerformed(java.awt.event.ActionEvent evt) {&#10;                jComboBox1ActionPerformed(evt);&#10;            }&#10;        });&#10;&#10;        jLabel2.setFont(new java.awt.Font(&quot;Arial&quot;, 0, 12));&#10;        jLabel2.setText(&quot;Start Date:&quot;);&#10;&#10;        jLabel3.setFont(new java.awt.Font(&quot;Arial&quot;, 0, 12));&#10;        jLabel3.setText(&quot;End Date:&quot;);&#10;&#10;        jLabel15.setFont(new java.awt.Font(&quot;Arial&quot;, 2, 10));&#10;        jLabel15.setText(&quot;(m/dd/yy)&quot;);&#10;&#10;        jLabel16.setFont(new java.awt.Font(&quot;Arial&quot;, 2, 10));&#10;        jLabel16.setText(&quot;(m/dd/yy)&quot;);&#10;&#10;        org.jdesktop.layout.GroupLayout jPanel1Layout = new org.jdesktop.layout.GroupLayout(jPanel1);&#10;        jPanel1.setLayout(jPanel1Layout);&#10;        jPanel1Layout.setHorizontalGroup(&#10;            jPanel1Layout.createParallelGroup(org.jdesktop.layout.GroupLayout.LEADING)&#10;            .add(jPanel1Layout.createSequentialGroup()&#10;                .addContainerGap()&#10;                .add(jPanel1Layout.createParallelGroup(org.jdesktop.layout.GroupLayout.LEADING)&#10;                    .add(jLabel1)&#10;                    .add(jLabel2))&#10;                .addPreferredGap(org.jdesktop.layout.LayoutStyle.RELATED)&#10;                .add(jPanel1Layout.createParallelGroup(org.jdesktop.layout.GroupLayout.LEADING)&#10;                    .add(jPanel1Layout.createSequentialGroup()&#10;                        .add(jTextField16, org.jdesktop.layout.GroupLayout.PREFERRED_SIZE, 88, org.jdesktop.layout.GroupLayout.PREFERRED_SIZE)&#10;                        .addPreferredGap(org.jdesktop.layout.LayoutStyle.UNRELATED)&#10;                        .add(jLabel15)&#10;                        .addPreferredGap(org.jdesktop.layout.LayoutStyle.RELATED, 67, Short.MAX_VALUE)&#10;                        .add(jLabel3)&#10;                        .addPreferredGap(org.jdesktop.layout.LayoutStyle.RELATED)&#10;                        .add(jTextField17, org.jdesktop.layout.GroupLayout.PREFERRED_SIZE, 100, org.jdesktop.layout.GroupLayout.PREFERRED_SIZE)&#10;                        .addPreferredGap(org.jdesktop.layout.LayoutStyle.UNRELATED)&#10;                        .add(jLabel16)&#10;                        .addContainerGap(41, Short.MAX_VALUE))&#10;                    .add(jPanel1Layout.createSequentialGroup()&#10;                        .add(jComboBox1, org.jdesktop.layout.GroupLayout.PREFERRED_SIZE, 105, org.jdesktop.layout.GroupLayout.PREFERRED_SIZE)&#10;                        .addContainerGap(351, Short.MAX_VALUE))))&#10;        );&#10;        jPanel1Layout.setVerticalGroup(&#10;            jPanel1Layout.createParallelGroup(org.jdesktop.layout.GroupLayout.LEADING)&#10;            .add(jPanel1Layout.createSequentialGroup()&#10;                .addContainerGap()&#10;                .add(jPanel1Layout.createParallelGroup(org.jdesktop.layout.GroupLayout.BASELINE)&#10;                    .add(jLabel1)&#10;                    .add(jComboBox1, org.jdesktop.layout.GroupLayout.PREFERRED_SIZE, org.jdesktop.layout.GroupLayout.DEFAULT_SIZE, org.jdesktop.layout.GroupLayout.PREFERRED_SIZE))&#10;                .addPreferredGap(org.jdesktop.layout.LayoutStyle.RELATED, 17, Short.MAX_VALUE)&#10;                .add(jPanel1Layout.createParallelGroup(org.jdesktop.layout.GroupLayout.BASELINE)&#10;                    .add(jLabel2)&#10;                    .add(jLabel15)&#10;                    .add(jLabel16)&#10;                    .add(jLabel3)&#10;                    .add(jTextField16, org.jdesktop.layout.GroupLayout.PREFERRED_SIZE, org.jdesktop.layout.GroupLayout.DEFAULT_SIZE, org.jdesktop.layout.GroupLayout.PREFERRED_SIZE)&#10;                    .add(jTextField17, org.jdesktop.layout.GroupLayout.PREFERRED_SIZE, org.jdesktop.layout.GroupLayout.DEFAULT_SIZE, org.jdesktop.layout.GroupLayout.PREFERRED_SIZE))&#10;                .add(11, 11, 11))&#10;        );&#10;&#10;        jPanel2.setBorder(javax.swing.BorderFactory.createTitledBorder(null, &quot;Class Information&quot;, javax.swing.border.TitledBorder.DEFAULT_JUSTIFICATION, javax.swing.border.TitledBorder.DEFAULT_POSITION, new java.awt.Font(&quot;Tahoma&quot;, 1, 12), new java.awt.Color(0, 0, 255)));&#10;&#10;        jLabel4.setFont(new java.awt.Font(&quot;Arial&quot;, 0, 12));&#10;        jLabel4.setText(&quot;Subject:&quot;);&#10;&#10;        jLabel5.setFont(new java.awt.Font(&quot;Arial&quot;, 0, 12));&#10;        jLabel5.setText(&quot;Course Name:&quot;);&#10;&#10;        jLabel6.setFont(new java.awt.Font(&quot;Arial&quot;, 0, 12));&#10;        jLabel6.setText(&quot;Course Number:&quot;);&#10;&#10;        jTextField1.addActionListener(new java.awt.event.ActionListener() {&#10;            public void actionPerformed(java.awt.event.ActionEvent evt) {&#10;                jTextField1ActionPerformed(evt);&#10;            }&#10;        });&#10;&#10;        jTextField2.addActionListener(new java.awt.event.ActionListener() {&#10;            public void actionPerformed(java.awt.event.ActionEvent evt) {&#10;                jTextField2ActionPerformed(evt);&#10;            }&#10;        });&#10;&#10;        jLabel17.setFont(new java.awt.Font(&quot;Arial&quot;, 2, 10));&#10;        jLabel17.setText(&quot;(XXX)&quot;);&#10;&#10;        org.jdesktop.layout.GroupLayout jPanel2Layout = new org.jdesktop.layout.GroupLayout(jPanel2);&#10;        jPanel2.setLayout(jPanel2Layout);&#10;        jPanel2Layout.setHorizontalGroup(&#10;            jPanel2Layout.createParallelGroup(org.jdesktop.layout.GroupLayout.LEADING)&#10;            .add(jPanel2Layout.createSequentialGroup()&#10;                .addContainerGap()&#10;                .add(jPanel2Layout.createParallelGroup(org.jdesktop.layout.GroupLayout.LEADING)&#10;                    .add(jPanel2Layout.createSequentialGroup()&#10;                        .add(jLabel4)&#10;                        .addPreferredGap(org.jdesktop.layout.LayoutStyle.UNRELATED)&#10;                        .add(jTextField1, org.jdesktop.layout.GroupLayout.PREFERRED_SIZE, 41, org.jdesktop.layout.GroupLayout.PREFERRED_SIZE)&#10;                        .addPreferredGap(org.jdesktop.layout.LayoutStyle.RELATED)&#10;                        .add(jLabel17)&#10;                        .addPreferredGap(org.jdesktop.layout.LayoutStyle.RELATED, 41, Short.MAX_VALUE)&#10;                        .add(jLabel6)&#10;                        .addPreferredGap(org.jdesktop.layout.LayoutStyle.UNRELATED)&#10;                        .add(jTextField3, org.jdesktop.layout.GroupLayout.PREFERRED_SIZE, 99, org.jdesktop.layout.GroupLayout.PREFERRED_SIZE))&#10;                    .add(jPanel2Layout.createSequentialGroup()&#10;                        .add(jLabel5)&#10;                        .addPreferredGap(org.jdesktop.layout.LayoutStyle.UNRELATED)&#10;                        .add(jTextField2, org.jdesktop.layout.GroupLayout.DEFAULT_SIZE, 277, Short.MAX_VALUE)))&#10;                .add(149, 149, 149))&#10;        );&#10;        jPanel2Layout.setVerticalGroup(&#10;            jPanel2Layout.createParallelGroup(org.jdesktop.layout.GroupLayout.LEADING)&#10;            .add(jPanel2Layout.createSequentialGroup()&#10;                .add(jPanel2Layout.createParallelGroup(org.jdesktop.layout.GroupLayout.BASELINE)&#10;                    .add(jLabel4)&#10;                    .add(jLabel6)&#10;                    .add(jTextField3, org.jdesktop.layout.GroupLayout.PREFERRED_SIZE, org.jdesktop.layout.GroupLayout.DEFAULT_SIZE, org.jdesktop.layout.GroupLayout.PREFERRED_SIZE)&#10;                    .add(jTextField1, org.jdesktop.layout.GroupLayout.PREFERRED_SIZE, org.jdesktop.layout.GroupLayout.DEFAULT_SIZE, org.jdesktop.layout.GroupLayout.PREFERRED_SIZE)&#10;                    .add(jLabel17))&#10;                .addPreferredGap(org.jdesktop.layout.LayoutStyle.RELATED)&#10;                .add(jPanel2Layout.createParallelGroup(org.jdesktop.layout.GroupLayout.BASELINE)&#10;                    .add(jLabel5)&#10;                    .add(jTextField2, org.jdesktop.layout.GroupLayout.PREFERRED_SIZE, org.jdesktop.layout.GroupLayout.DEFAULT_SIZE, org.jdesktop.layout.GroupLayout.PREFERRED_SIZE))&#10;                .addContainerGap())&#10;        );&#10;&#10;        jPanel3.setBorder(javax.swing.BorderFactory.createTitledBorder(null, &quot;Class Times&quot;, javax.swing.border.TitledBorder.DEFAULT_JUSTIFICATION, javax.swing.border.TitledBorder.DEFAULT_POSITION, new java.awt.Font(&quot;Tahoma&quot;, 1, 12), new java.awt.Color(0, 0, 255)));&#10;&#10;        jLabel7.setFont(new java.awt.Font(&quot;Arial&quot;, 0, 11));&#10;        jLabel7.setHorizontalAlignment(javax.swing.SwingConstants.CENTER);&#10;        jLabel7.setText(&quot;Monday&quot;);&#10;&#10;        jLabel13.setFont(new java.awt.Font(&quot;Arial&quot;, 0, 11));&#10;        jLabel13.setText(&quot;Start Time:&quot;);&#10;&#10;        jLabel14.setFont(new java.awt.Font(&quot;Arial&quot;, 0, 11));&#10;        jLabel14.setText(&quot;End Time:&quot;);&#10;&#10;        jLabel8.setFont(new java.awt.Font(&quot;Arial&quot;, 0, 11));&#10;        jLabel8.setText(&quot;Tuesday&quot;);&#10;&#10;        jLabel9.setFont(new java.awt.Font(&quot;Arial&quot;, 0, 11));&#10;        jLabel9.setText(&quot;Wednesday&quot;);&#10;&#10;        jLabel10.setFont(new java.awt.Font(&quot;Arial&quot;, 0, 11));&#10;        jLabel10.setText(&quot;Thursday&quot;);&#10;&#10;        jLabel11.setFont(new java.awt.Font(&quot;Arial&quot;, 0, 11));&#10;        jLabel11.setText(&quot;Friday&quot;);&#10;&#10;        jLabel12.setFont(new java.awt.Font(&quot;Arial&quot;, 0, 11));&#10;        jLabel12.setText(&quot;Saturday&quot;);&#10;&#10;        jLabel18.setFont(new java.awt.Font(&quot;Arial&quot;, 2, 11));&#10;        jLabel18.setText(&quot;(In Military Time hh:mm)&quot;);&#10;&#10;        jTextField7.addActionListener(new java.awt.event.ActionListener() {&#10;            public void actionPerformed(java.awt.event.ActionEvent evt) {&#10;                jTextField7ActionPerformed(evt);&#10;            }&#10;        });&#10;&#10;        jTextField9.addActionListener(new java.awt.event.ActionListener() {&#10;            public void actionPerformed(java.awt.event.ActionEvent evt) {&#10;                jTextField9ActionPerformed(evt);&#10;            }&#10;        });&#10;&#10;        jTextField10.addActionListener(new java.awt.event.ActionListener() {&#10;            public void actionPerformed(java.awt.event.ActionEvent evt) {&#10;                jTextField10ActionPerformed(evt);&#10;            }&#10;        });&#10;&#10;        jTextField11.addActionListener(new java.awt.event.ActionListener() {&#10;            public void actionPerformed(java.awt.event.ActionEvent evt) {&#10;                jTextField11ActionPerformed(evt);&#10;            }&#10;        });&#10;&#10;        jTextField12.addActionListener(new java.awt.event.ActionListener() {&#10;            public void actionPerformed(java.awt.event.ActionEvent evt) {&#10;                jTextField12ActionPerformed(evt);&#10;            }&#10;        });&#10;&#10;        jTextField13.addActionListener(new java.awt.event.ActionListener() {&#10;            public void actionPerformed(java.awt.event.ActionEvent evt) {&#10;                jTextField13ActionPerformed(evt);&#10;            }&#10;        });&#10;&#10;        jTextField14.addActionListener(new java.awt.event.ActionListener() {&#10;            public void actionPerformed(java.awt.event.ActionEvent evt) {&#10;                jTextField14ActionPerformed(evt);&#10;            }&#10;        });&#10;&#10;        jTextField15.addActionListener(new java.awt.event.ActionListener() {&#10;            public void actionPerformed(java.awt.event.ActionEvent evt) {&#10;                jTextField15ActionPerformed(evt);&#10;            }&#10;        });&#10;&#10;        org.jdesktop.layout.GroupLayout jPanel3Layout = new org.jdesktop.layout.GroupLayout(jPanel3);&#10;        jPanel3.setLayout(jPanel3Layout);&#10;        jPanel3Layout.setHorizontalGroup(&#10;            jPanel3Layout.createParallelGroup(org.jdesktop.layout.GroupLayout.LEADING)&#10;            .add(jPanel3Layout.createSequentialGroup()&#10;                .add(jPanel3Layout.createParallelGroup(org.jdesktop.layout.GroupLayout.LEADING)&#10;                    .add(jPanel3Layout.createSequentialGroup()&#10;                        .add(jPanel3Layout.createParallelGroup(org.jdesktop.layout.GroupLayout.LEADING)&#10;                            .add(jLabel13)&#10;                            .add(jLabel14))&#10;                        .addPreferredGap(org.jdesktop.layout.LayoutStyle.RELATED)&#10;                        .add(jPanel3Layout.createParallelGroup(org.jdesktop.layout.GroupLayout.CENTER)&#10;                            .add(jTextField10, org.jdesktop.layout.GroupLayout.PREFERRED_SIZE, 70, org.jdesktop.layout.GroupLayout.PREFERRED_SIZE)&#10;                            .add(jTextField5, org.jdesktop.layout.GroupLayout.DEFAULT_SIZE, 70, Short.MAX_VALUE)&#10;                            .add(jLabel7))&#10;                        .addPreferredGap(org.jdesktop.layout.LayoutStyle.RELATED)&#10;                        .add(jPanel3Layout.createParallelGroup(org.jdesktop.layout.GroupLayout.CENTER)&#10;                            .add(jTextField11, org.jdesktop.layout.GroupLayout.DEFAULT_SIZE, 73, Short.MAX_VALUE)&#10;                            .add(jLabel8)&#10;                            .add(jTextField6, org.jdesktop.layout.GroupLayout.PREFERRED_SIZE, 73, org.jdesktop.layout.GroupLayout.PREFERRED_SIZE))&#10;                        .addPreferredGap(org.jdesktop.layout.LayoutStyle.RELATED)&#10;                        .add(jPanel3Layout.createParallelGroup(org.jdesktop.layout.GroupLayout.CENTER)&#10;                            .add(jTextField12, org.jdesktop.layout.GroupLayout.DEFAULT_SIZE, 72, Short.MAX_VALUE)&#10;                            .add(jLabel9)&#10;                            .add(jTextField7, org.jdesktop.layout.GroupLayout.PREFERRED_SIZE, 72, org.jdesktop.layout.GroupLayout.PREFERRED_SIZE))&#10;                        .addPreferredGap(org.jdesktop.layout.LayoutStyle.RELATED)&#10;                        .add(jPanel3Layout.createParallelGroup(org.jdesktop.layout.GroupLayout.CENTER)&#10;                            .add(jTextField13, org.jdesktop.layout.GroupLayout.DEFAULT_SIZE, 70, Short.MAX_VALUE)&#10;                            .add(jLabel10)&#10;                            .add(jTextField8, org.jdesktop.layout.GroupLayout.PREFERRED_SIZE, 70, org.jdesktop.layout.GroupLayout.PREFERRED_SIZE))&#10;                        .addPreferredGap(org.jdesktop.layout.LayoutStyle.RELATED)&#10;                        .add(jPanel3Layout.createParallelGroup(org.jdesktop.layout.GroupLayout.CENTER)&#10;                            .add(jTextField14, org.jdesktop.layout.GroupLayout.DEFAULT_SIZE, 75, Short.MAX_VALUE)&#10;                            .add(jLabel11)&#10;                            .add(jTextField9, org.jdesktop.layout.GroupLayout.PREFERRED_SIZE, 75, org.jdesktop.layout.GroupLayout.PREFERRED_SIZE))&#10;                        .addPreferredGap(org.jdesktop.layout.LayoutStyle.RELATED)&#10;                        .add(jPanel3Layout.createParallelGroup(org.jdesktop.layout.GroupLayout.CENTER)&#10;                            .add(jTextField15, org.jdesktop.layout.GroupLayout.DEFAULT_SIZE, 72, Short.MAX_VALUE)&#10;                            .add(jLabel12)&#10;                            .add(jTextField4, org.jdesktop.layout.GroupLayout.PREFERRED_SIZE, 72, org.jdesktop.layout.GroupLayout.PREFERRED_SIZE)))&#10;                    .add(jPanel3Layout.createSequentialGroup()&#10;                        .addContainerGap()&#10;                        .add(jLabel18)))&#10;                .addContainerGap())&#10;        );&#10;        jPanel3Layout.setVerticalGroup(&#10;            jPanel3Layout.createParallelGroup(org.jdesktop.layout.GroupLayout.LEADING)&#10;            .add(jPanel3Layout.createSequentialGroup()&#10;                .add(jPanel3Layout.createParallelGroup(org.jdesktop.layout.GroupLayout.BASELINE)&#10;                    .add(jLabel7)&#10;                    .add(jLabel9)&#10;                    .add(jLabel10)&#10;                    .add(jLabel11)&#10;                    .add(jLabel12)&#10;                    .add(jLabel8))&#10;                .addPreferredGap(org.jdesktop.layout.LayoutStyle.RELATED)&#10;                .add(jPanel3Layout.createParallelGroup(org.jdesktop.layout.GroupLayout.BASELINE)&#10;                    .add(jLabel13)&#10;                    .add(jTextField5, org.jdesktop.layout.GroupLayout.PREFERRED_SIZE, org.jdesktop.layout.GroupLayout.DEFAULT_SIZE, org.jdesktop.layout.GroupLayout.PREFERRED_SIZE)&#10;                    .add(jTextField6, org.jdesktop.layout.GroupLayout.PREFERRED_SIZE, org.jdesktop.layout.GroupLayout.DEFAULT_SIZE, org.jdesktop.layout.GroupLayout.PREFERRED_SIZE)&#10;                    .add(jTextField7, org.jdesktop.layout.GroupLayout.PREFERRED_SIZE, org.jdesktop.layout.GroupLayout.DEFAULT_SIZE, org.jdesktop.layout.GroupLayout.PREFERRED_SIZE)&#10;                    .add(jTextField8, org.jdesktop.layout.GroupLayout.PREFERRED_SIZE, org.jdesktop.layout.GroupLayout.DEFAULT_SIZE, org.jdesktop.layout.GroupLayout.PREFERRED_SIZE)&#10;                    .add(jTextField9, org.jdesktop.layout.GroupLayout.PREFERRED_SIZE, org.jdesktop.layout.GroupLayout.DEFAULT_SIZE, org.jdesktop.layout.GroupLayout.PREFERRED_SIZE)&#10;                    .add(jTextField4, org.jdesktop.layout.GroupLayout.PREFERRED_SIZE, org.jdesktop.layout.GroupLayout.DEFAULT_SIZE, org.jdesktop.layout.GroupLayout.PREFERRED_SIZE))&#10;                .addPreferredGap(org.jdesktop.layout.LayoutStyle.RELATED)&#10;                .add(jLabel18)&#10;                .addPreferredGap(org.jdesktop.layout.LayoutStyle.RELATED)&#10;                .add(jPanel3Layout.createParallelGroup(org.jdesktop.layout.GroupLayout.BASELINE)&#10;                    .add(jLabel14)&#10;                    .add(jTextField15, org.jdesktop.layout.GroupLayout.PREFERRED_SIZE, org.jdesktop.layout.GroupLayout.DEFAULT_SIZE, org.jdesktop.layout.GroupLayout.PREFERRED_SIZE)&#10;                    .add(jTextField14, org.jdesktop.layout.GroupLayout.PREFERRED_SIZE, org.jdesktop.layout.GroupLayout.DEFAULT_SIZE, org.jdesktop.layout.GroupLayout.PREFERRED_SIZE)&#10;                    .add(jTextField13, org.jdesktop.layout.GroupLayout.PREFERRED_SIZE, org.jdesktop.layout.GroupLayout.DEFAULT_SIZE, org.jdesktop.layout.GroupLayout.PREFERRED_SIZE)&#10;                    .add(jTextField12, org.jdesktop.layout.GroupLayout.PREFERRED_SIZE, org.jdesktop.layout.GroupLayout.DEFAULT_SIZE, org.jdesktop.layout.GroupLayout.PREFERRED_SIZE)&#10;                    .add(jTextField11, org.jdesktop.layout.GroupLayout.PREFERRED_SIZE, org.jdesktop.layout.GroupLayout.DEFAULT_SIZE, org.jdesktop.layout.GroupLayout.PREFERRED_SIZE)&#10;                    .add(jTextField10, org.jdesktop.layout.GroupLayout.PREFERRED_SIZE, org.jdesktop.layout.GroupLayout.DEFAULT_SIZE, org.jdesktop.layout.GroupLayout.PREFERRED_SIZE))&#10;                .addContainerGap(org.jdesktop.layout.GroupLayout.DEFAULT_SIZE, Short.MAX_VALUE))&#10;        );&#10;&#10;        org.jdesktop.layout.GroupLayout layout = new org.jdesktop.layout.GroupLayout(getContentPane());&#10;        getContentPane().setLayout(layout);&#10;        layout.setHorizontalGroup(&#10;            layout.createParallelGroup(org.jdesktop.layout.GroupLayout.LEADING)&#10;            .add(layout.createSequentialGroup()&#10;                .addContainerGap()&#10;                .add(layout.createParallelGroup(org.jdesktop.layout.GroupLayout.LEADING)&#10;                    .add(org.jdesktop.layout.GroupLayout.TRAILING, layout.createSequentialGroup()&#10;                        .add(jButton2, org.jdesktop.layout.GroupLayout.PREFERRED_SIZE, 67, org.jdesktop.layout.GroupLayout.PREFERRED_SIZE)&#10;                        .addPreferredGap(org.jdesktop.layout.LayoutStyle.UNRELATED)&#10;                        .add(jButton1)&#10;                        .add(8, 8, 8))&#10;                    .add(jPanel1, org.jdesktop.layout.GroupLayout.DEFAULT_SIZE, org.jdesktop.layout.GroupLayout.DEFAULT_SIZE, Short.MAX_VALUE)&#10;                    .add(jPanel2, org.jdesktop.layout.GroupLayout.DEFAULT_SIZE, org.jdesktop.layout.GroupLayout.DEFAULT_SIZE, Short.MAX_VALUE)&#10;                    .add(jPanel3, org.jdesktop.layout.GroupLayout.DEFAULT_SIZE, org.jdesktop.layout.GroupLayout.DEFAULT_SIZE, Short.MAX_VALUE))&#10;                .addContainerGap())&#10;        );&#10;        layout.setVerticalGroup(&#10;            layout.createParallelGroup(org.jdesktop.layout.GroupLayout.LEADING)&#10;            .add(layout.createSequentialGroup()&#10;                .addContainerGap()&#10;                .add(jPanel1, org.jdesktop.layout.GroupLayout.PREFERRED_SIZE, org.jdesktop.layout.GroupLayout.DEFAULT_SIZE, org.jdesktop.layout.GroupLayout.PREFERRED_SIZE)&#10;                .add(18, 18, 18)&#10;                .add(jPanel2, org.jdesktop.layout.GroupLayout.PREFERRED_SIZE, org.jdesktop.layout.GroupLayout.DEFAULT_SIZE, org.jdesktop.layout.GroupLayout.PREFERRED_SIZE)&#10;                .addPreferredGap(org.jdesktop.layout.LayoutStyle.UNRELATED)&#10;                .add(jPanel3, org.jdesktop.layout.GroupLayout.DEFAULT_SIZE, org.jdesktop.layout.GroupLayout.DEFAULT_SIZE, Short.MAX_VALUE)&#10;                .addPreferredGap(org.jdesktop.layout.LayoutStyle.UNRELATED)&#10;                .add(layout.createParallelGroup(org.jdesktop.layout.GroupLayout.BASELINE)&#10;                    .add(jButton1)&#10;                    .add(jButton2))&#10;                .addContainerGap())&#10;        );&#10;&#10;        pack();&#10;    }// &lt;/editor-fold&gt;//GEN-END:initComponents&#10;&#10;    private void jButton2ActionPerformed(java.awt.event.ActionEvent evt) {//GEN-FIRST:event_jButton2ActionPerformed&#10;      &#10;        setNewCourseName(jTextField2.getText());&#10;        setNewCourseID(Integer.parseInt(jTextField3.getText()));&#10;        setNewSub(jTextField1.getText());&#10;        setNewSemester(jComboBox1.getSelectedItem().toString());&#10;        setNewCourseStart(jTextField16.getText());&#10;        setNewCourseEnd(jTextField17.getText());&#10;        setNewMonStart(jTextField5.getText());&#10;        setNewMonEnd(jTextField10.getText());&#10;        setNewTueStart(jTextField6.getText());&#10;        setNewTueEnd(jTextField11.getText());&#10;        setNewWedStart(jTextField7.getText());&#10;        setNewWedEnd(jTextField12.getText());&#10;        setNewThuStart(jTextField8.getText());&#10;        setNewThuEnd(jTextField13.getText());&#10;        setNewFriStart(jTextField9.getText());&#10;        setNewFriEnd(jTextField14.getText());&#10;        setNewSatStart(jTextField4.getText());&#10;        setNewSatEnd(jTextField15.getText());&#10;        &#10;        dataReceived = true;&#10;        dispose();&#10;    }//GEN-LAST:event_jButton2ActionPerformed&#10;&#10;    private void jButton1ActionPerformed(java.awt.event.ActionEvent evt) {//GEN-FIRST:event_jButton1ActionPerformed&#10;        dispose();&#10;    }//GEN-LAST:event_jButton1ActionPerformed&#10;&#10;    private void jComboBox1ActionPerformed(java.awt.event.ActionEvent evt) {//GEN-FIRST:event_jComboBox1ActionPerformed&#10;        // TODO add your handling code here:&#10;    }//GEN-LAST:event_jComboBox1ActionPerformed&#10;&#10;    private void jTextField1ActionPerformed(java.awt.event.ActionEvent evt) {//GEN-FIRST:event_jTextField1ActionPerformed&#10;        // TODO add your handling code here:&#10;    }//GEN-LAST:event_jTextField1ActionPerformed&#10;&#10;    private void jTextField2ActionPerformed(java.awt.event.ActionEvent evt) {//GEN-FIRST:event_jTextField2ActionPerformed&#10;        // TODO add your handling code here:&#10;    }//GEN-LAST:event_jTextField2ActionPerformed&#10;&#10;    private void jTextField7ActionPerformed(java.awt.event.ActionEvent evt) {//GEN-FIRST:event_jTextField7ActionPerformed&#10;        // TODO add your handling code here:&#10;    }//GEN-LAST:event_jTextField7ActionPerformed&#10;&#10;    private void jTextField9ActionPerformed(java.awt.event.ActionEvent evt) {//GEN-FIRST:event_jTextField9ActionPerformed&#10;        // TODO add your handling code here:&#10;    }//GEN-LAST:event_jTextField9ActionPerformed&#10;&#10;    private void jTextField10ActionPerformed(java.awt.event.ActionEvent evt) {//GEN-FIRST:event_jTextField10ActionPerformed&#10;        // TODO add your handling code here:&#10;    }//GEN-LAST:event_jTextField10ActionPerformed&#10;&#10;    private void jTextField11ActionPerformed(java.awt.event.ActionEvent evt) {//GEN-FIRST:event_jTextField11ActionPerformed&#10;        // TODO add your handling code here:&#10;    }//GEN-LAST:event_jTextField11ActionPerformed&#10;&#10;    private void jTextField12ActionPerformed(java.awt.event.ActionEvent evt) {//GEN-FIRST:event_jTextField12ActionPerformed&#10;        // TODO add your handling code here:&#10;    }//GEN-LAST:event_jTextField12ActionPerformed&#10;&#10;    private void jTextField13ActionPerformed(java.awt.event.ActionEvent evt) {//GEN-FIRST:event_jTextField13ActionPerformed&#10;        // TODO add your handling code here:&#10;    }//GEN-LAST:event_jTextField13ActionPerformed&#10;&#10;    private void jTextField14ActionPerformed(java.awt.event.ActionEvent evt) {//GEN-FIRST:event_jTextField14ActionPerformed&#10;        // TODO add your handling code here:&#10;    }//GEN-LAST:event_jTextField14ActionPerformed&#10;&#10;    private void jTextField15ActionPerformed(java.awt.event.ActionEvent evt) {//GEN-FIRST:event_jTextField15ActionPerformed&#10;        // TODO add your handling code here:&#10;    }//GEN-LAST:event_jTextField15ActionPerformed&#10;    &#10;    /**&#10;     * @param args the command line arguments&#10;     */&#10;    public void launchInitial() {&#10;        java.awt.EventQueue.invokeLater(new Runnable() {&#10;            public void run() {&#10;                new ScheduleForm().setVisible(true);&#10;            }&#10;        });&#10;    }&#10;    &#10;    public int getNewCourseID() {&#10;&#9;&#9;return newCourseID;&#10;&#9;}&#10;&#10;&#9;public  void setNewCourseID(int newCourseID) {&#10;&#9;&#9;this.newCourseID = newCourseID;&#10;&#9;}&#10;&#10;&#9;public  String getNewSub() {&#10;&#9;&#9;return newSub;&#10;&#9;}&#10;&#10;&#9;public  void setNewSub(String newSub) {&#10;&#9;&#9;this.newSub = newSub;&#10;&#9;}&#10;&#10;&#9;public  String getNewCourseName() {&#10;&#9;&#9;return newCourseName;&#10;&#9;}&#10;&#10;&#9;public  void setNewCourseName(String newCourseName) {&#10;&#9;&#9;this.newCourseName = newCourseName;&#10;&#9;}&#10;&#10;&#9;public  String getNewSemester() {&#10;&#9;&#9;return newSemester;&#10;&#9;}&#10;&#10;&#9;public  void setNewSemester(String newSemester) {&#10;&#9;&#9;this.newSemester = newSemester;&#10;&#9;}&#10;&#10;&#9;public  String getNewCourseEnd() {&#10;&#9;&#9;return newCourseEnd;&#10;&#9;}&#10;&#10;&#9;public  void setNewCourseEnd(String newCourseEnd) {&#10;&#9;&#9;this.newCourseEnd = newCourseEnd;&#10;&#9;}&#10;&#10;&#9;public  String getNewMonStart() {&#10;&#9;&#9;return newMonStart;&#10;&#9;}&#10;&#10;&#9;public  void setNewMonStart(String newMonStart) {&#10;&#9;&#9;this.newMonStart = newMonStart;&#10;&#9;}&#10;&#10;&#9;public  String getNewTueStart() {&#10;&#9;&#9;return newTueStart;&#10;&#9;}&#10;&#10;&#9;public  void setNewTueStart(String newTueStart) {&#10;&#9;&#9;this.newTueStart = newTueStart;&#10;&#9;}&#10;&#10;&#9;public String getNewTueEnd() {&#10;&#9;&#9;return newTueEnd;&#10;&#9;}&#10;&#10;&#9;public  void setNewTueEnd(String newTueEnd) {&#10;&#9;&#9;this.newTueEnd = newTueEnd;&#10;&#9;}&#10;&#10;&#9;public  String getNewThuEnd() {&#10;&#9;&#9;return newThuEnd;&#10;&#9;}&#10;&#10;&#9;public  void setNewThuEnd(String newThuEnd) {&#10;&#9;&#9;this.newThuEnd = newThuEnd;&#10;&#9;}&#10;&#10;&#9;public  String getNewThuStart() {&#10;&#9;&#9;return newThuStart;&#10;&#9;}&#10;&#10;&#9;public  void setNewThuStart(String newThuStart) {&#10;&#9;&#9;this.newThuStart = newThuStart;&#10;&#9;}&#10;&#10;&#9;public  String getNewWedEnd() {&#10;&#9;&#9;return newWedEnd;&#10;&#9;}&#10;&#10;&#9;public  void setNewWedEnd(String newWedEnd) {&#10;&#9;&#9;this.newWedEnd = newWedEnd;&#10;&#9;}&#10;&#10;&#9;public  String getNewWedStart() {&#10;&#9;&#9;return newWedStart;&#10;&#9;}&#10;&#10;&#9;public  void setNewWedStart(String newWedStart) {&#10;&#9;&#9;this.newWedStart = newWedStart;&#10;&#9;}&#10;&#10;&#9;public  String getNewFriEnd() {&#10;&#9;&#9;return newFriEnd;&#10;&#9;}&#10;&#10;&#9;public  void setNewFriEnd(String newFriEnd) {&#10;&#9;&#9;this.newFriEnd = newFriEnd;&#10;&#9;}&#10;&#10;&#9;public  String getNewSatEnd() {&#10;&#9;&#9;return newSatEnd;&#10;&#9;}&#10;&#10;&#9;public  void setNewSatEnd(String newSatEnd) {&#10;&#9;&#9;this.newSatEnd = newSatEnd;&#10;&#9;}&#10;&#10;&#9;public  String getNewSatStart() {&#10;&#9;&#9;return newSatStart;&#10;&#9;}&#10;&#10;&#9;public  void setNewSatStart(String newSatStart) {&#10;&#9;&#9;this.newSatStart = newSatStart;&#10;&#9;}&#10;&#10;&#9;public  String getNewFriStart() {&#10;&#9;&#9;return newFriStart;&#10;&#9;}&#10;&#10;&#9;public  void setNewFriStart(String newFriStart) {&#10;&#9;&#9;this.newFriStart = newFriStart;&#10;&#9;}&#10;&#10;&#9;public  String getNewMonEnd() {&#10;&#9;&#9;return newMonEnd;&#10;&#9;}&#10;&#10;&#9;public  void setNewMonEnd(String newMonEnd) {&#10;&#9;&#9;this.newMonEnd = newMonEnd;&#10;&#9;}&#10;&#10;&#9;public  String getNewCourseStart() {&#10;&#9;&#9;return newCourseStart;&#10;&#9;}&#10;&#10;&#9;public  void setNewCourseStart(String newCourseStart) {&#10;&#9;&#9;this.newCourseStart = newCourseStart;&#10;&#9;}&#10;&#10;&#9;// Variables declaration - do not modify//GEN-BEGIN:variables&#10;    private javax.swing.JButton jButton1;&#10;    private javax.swing.JButton jButton2;&#10;    @SuppressWarnings(&quot;rawtypes&quot;)&#10;&#9;private javax.swing.JComboBox jComboBox1;&#10;    private javax.swing.JLabel jLabel1;&#10;    private javax.swing.JLabel jLabel10;&#10;    private javax.swing.JLabel jLabel11;&#10;    private javax.swing.JLabel jLabel12;&#10;    private javax.swing.JLabel jLabel13;&#10;    private javax.swing.JLabel jLabel14;&#10;    private javax.swing.JLabel jLabel15;&#10;    private javax.swing.JLabel jLabel16;&#10;    private javax.swing.JLabel jLabel17;&#10;    private javax.swing.JLabel jLabel18;&#10;    private javax.swing.JLabel jLabel2;&#10;    private javax.swing.JLabel jLabel3;&#10;    private javax.swing.JLabel jLabel4;&#10;    private javax.swing.JLabel jLabel5;&#10;    private javax.swing.JLabel jLabel6;&#10;    private javax.swing.JLabel jLabel7;&#10;    private javax.swing.JLabel jLabel8;&#10;    private javax.swing.JLabel jLabel9;&#10;    private javax.swing.JPanel jPanel1;&#10;    private javax.swing.JPanel jPanel2;&#10;    private javax.swing.JPanel jPanel3;&#10;    private javax.swing.JTextField jTextField1;&#10;    private javax.swing.JTextField jTextField10;&#10;    private javax.swing.JTextField jTextField11;&#10;    private javax.swing.JTextField jTextField12;&#10;    private javax.swing.JTextField jTextField13;&#10;    private javax.swing.JTextField jTextField14;&#10;    private javax.swing.JTextField jTextField15;&#10;    private javax.swing.JTextField jTextField16;&#10;    private javax.swing.JTextField jTextField17;&#10;    private javax.swing.JTextField jTextField2;&#10;    private javax.swing.JTextField jTextField3;&#10;    private javax.swing.JTextField jTextField4;&#10;    private javax.swing.JTextField jTextField5;&#10;    private javax.swing.JTextField jTextField6;&#10;    private javax.swing.JTextField jTextField7;&#10;    private javax.swing.JTextField jTextField8;&#10;    private javax.swing.JTextField jTextField9;&#10;    // End of variables declaration//GEN-END:variables&#10;    &#10;}&#10;" Filename="ScheduleForm.java" Intrnl_Id="20"/>
<SrcFile Content="/*&#10; * EditScheduleSetupUI2.java&#10; *&#10; * Created on April 13, 2008, 2:44 PM&#10; */&#10;&#10;package my.PSM.PSM_Interface;&#10;&#10;/**&#10; *&#10; * @author  Kurt&#10; */&#10;public class PrefilledScheduleForm extends javax.swing.JFrame {&#10;    &#10;      /**&#10;&#9; * &#10;&#9; */&#10;&#9;private static final long serialVersionUID = 1L;&#10;&#9;private int defCourseID;&#10;        String defSub;&#10;        String defSemester;&#10;        String defCourseName;&#10;        String defCourseStart;&#10;        String defCourseEnd;&#10;        String defMonStart;&#10;        String defMonEnd;&#10;        String defTueStart;&#10;        String defTueEnd;&#10;        String defWedStart;&#10;        String defWedEnd;&#10;        String defThuStart;&#10;        String defThuEnd;&#10;        String defFriStart;&#10;        String defFriEnd;&#10;        String defSatStart;&#10;        String defSatEnd;&#10;      &#10;       int newCourseID;&#10;       String newSub;&#10;       String newSemester;&#10;       String newCourseName;&#10;      private  String newCourseStart;&#10;      private  String newCourseEnd;&#10;      private  String newMonStart;&#10;      private  String newMonEnd;&#10;      private  String newTueStart;&#10;      private  String newTueEnd;&#10;      private  String newWedStart;&#10;      private  String newWedEnd;&#10;      private  String newThuStart;&#10;      private  String newThuEnd;&#10;      private  String newFriStart;&#10;      private  String newFriEnd;&#10;      private  String newSatStart;&#10;      private  String newSatEnd;&#10;&#10;      &#10;       boolean dataReceived;&#10;        &#10;    /** Creates new form EditScheduleSetupUI2 */&#10;    public PrefilledScheduleForm() {&#10;        initComponents();&#10;        System.out.println(&quot;Initialized&quot;);&#10;    }&#10;    public boolean dataRec()&#10;    {&#10;        return dataReceived;&#10;    }&#10;    public void setDataRec(boolean condition)&#10;    {&#10;       &#10;        dataReceived = condition; &#10;        &#10;    }&#10;    &#10;    /** This method is called from within the constructor to&#10;     * initialize the form.&#10;     * WARNING: Do NOT modify this code. The content of this method is&#10;     * always regenerated by the Form Editor.&#10;     */&#10;    // &lt;editor-fold defaultstate=&quot;collapsed&quot; desc=&quot;Generated Code&quot;&gt;//GEN-BEGIN:initComponents&#10;    @SuppressWarnings({ &quot;rawtypes&quot;, &quot;unchecked&quot; })&#10;&#9;private void initComponents() {&#10;&#10;        jButton2 = new javax.swing.JButton();&#10;        jButton1 = new javax.swing.JButton();&#10;        jPanel1 = new javax.swing.JPanel();&#10;        jLabel1 = new javax.swing.JLabel();&#10;        jComboBox1 = new javax.swing.JComboBox();&#10;        jLabel2 = new javax.swing.JLabel();&#10;        jLabel3 = new javax.swing.JLabel();&#10;        jLabel15 = new javax.swing.JLabel();&#10;        jLabel16 = new javax.swing.JLabel();&#10;        jTextField16 = new javax.swing.JTextField(defCourseStart);&#10;        jTextField17 = new javax.swing.JTextField(defCourseEnd);&#10;        jPanel2 = new javax.swing.JPanel();&#10;        jLabel4 = new javax.swing.JLabel();&#10;        jLabel5 = new javax.swing.JLabel();&#10;        jLabel6 = new javax.swing.JLabel();&#10;        jTextField1 = new javax.swing.JTextField(defSub);&#10;        jTextField3 = new javax.swing.JTextField(Integer.toString(getDefCourseID()));&#10;        jTextField2 = new javax.swing.JTextField(defCourseName);&#10;        jLabel17 = new javax.swing.JLabel();&#10;        jPanel3 = new javax.swing.JPanel();&#10;        jLabel7 = new javax.swing.JLabel();&#10;        jLabel13 = new javax.swing.JLabel();&#10;        jLabel14 = new javax.swing.JLabel();&#10;        jLabel8 = new javax.swing.JLabel();&#10;        jLabel9 = new javax.swing.JLabel();&#10;        jLabel10 = new javax.swing.JLabel();&#10;        jLabel11 = new javax.swing.JLabel();&#10;        jLabel12 = new javax.swing.JLabel();&#10;        jLabel18 = new javax.swing.JLabel();&#10;        jTextField4 = new javax.swing.JTextField(defSatStart);&#10;        jTextField5 = new javax.swing.JTextField(defMonStart);&#10;        jTextField6 = new javax.swing.JTextField(defTueStart);&#10;        jTextField7 = new javax.swing.JTextField(defWedStart);&#10;        jTextField8 = new javax.swing.JTextField(defThuStart);&#10;        jTextField9 = new javax.swing.JTextField(defFriStart);&#10;        jTextField10 = new javax.swing.JTextField(defMonEnd);&#10;        jTextField11 = new javax.swing.JTextField(defTueEnd);&#10;        jTextField12 = new javax.swing.JTextField(defWedEnd);&#10;        jTextField13 = new javax.swing.JTextField(defThuEnd);&#10;        jTextField14 = new javax.swing.JTextField(defFriEnd);&#10;        jTextField15 = new javax.swing.JTextField(defSatEnd);&#10;&#10;        setDefaultCloseOperation(javax.swing.WindowConstants.DISPOSE_ON_CLOSE);&#10;        setTitle(&quot;Edit Schedule&quot;);&#10;&#10;        jButton2.setFont(new java.awt.Font(&quot;Arial&quot;, 0, 11));&#10;        jButton2.setText(&quot;Save&quot;);&#10;        jButton2.addActionListener(new java.awt.event.ActionListener() {&#10;            public void actionPerformed(java.awt.event.ActionEvent evt) {&#10;                jButton2ActionPerformed(evt);&#10;            }&#10;        });&#10;&#10;        jButton1.setFont(new java.awt.Font(&quot;Arial&quot;, 0, 11));&#10;        jButton1.setText(&quot;Cancel&quot;);&#10;        jButton1.addActionListener(new java.awt.event.ActionListener() {&#10;            public void actionPerformed(java.awt.event.ActionEvent evt) {&#10;                jButton1ActionPerformed(evt);&#10;            }&#10;        });&#10;&#10;        jPanel1.setBorder(javax.swing.BorderFactory.createTitledBorder(null, &quot;Semester Information&quot;, javax.swing.border.TitledBorder.DEFAULT_JUSTIFICATION, javax.swing.border.TitledBorder.DEFAULT_POSITION, new java.awt.Font(&quot;Tahoma&quot;, 1, 12), new java.awt.Color(0, 0, 255)));&#10;&#10;        jLabel1.setFont(new java.awt.Font(&quot;Arial&quot;, 0, 12));&#10;        jLabel1.setText(&quot;Semester:&quot;);&#10;&#10;        jComboBox1.setFont(new java.awt.Font(&quot;Arial&quot;, 0, 11));&#10;        jComboBox1.setModel(new javax.swing.DefaultComboBoxModel(new String[] { &quot;Select Semester&quot;, &quot;Fall&quot;, &quot;Spring&quot;, &quot;Summer A&quot;, &quot;Summer B&quot;, &quot;Summer C&quot; }));&#10;&#10;        jLabel2.setFont(new java.awt.Font(&quot;Arial&quot;, 0, 12));&#10;        jLabel2.setText(&quot;Start Date:&quot;);&#10;&#10;        jLabel3.setFont(new java.awt.Font(&quot;Arial&quot;, 0, 12));&#10;        jLabel3.setText(&quot;End Date:&quot;);&#10;&#10;        jLabel15.setFont(new java.awt.Font(&quot;Arial&quot;, 2, 10));&#10;        jLabel15.setText(&quot;(m/dd/yy)&quot;);&#10;&#10;        jLabel16.setFont(new java.awt.Font(&quot;Arial&quot;, 2, 10));&#10;        jLabel16.setText(&quot;(m/dd/yy)&quot;);&#10;&#10;        org.jdesktop.layout.GroupLayout jPanel1Layout = new org.jdesktop.layout.GroupLayout(jPanel1);&#10;        jPanel1.setLayout(jPanel1Layout);&#10;        jPanel1Layout.setHorizontalGroup(&#10;            jPanel1Layout.createParallelGroup(org.jdesktop.layout.GroupLayout.LEADING)&#10;            .add(jPanel1Layout.createSequentialGroup()&#10;                .addContainerGap()&#10;                .add(jPanel1Layout.createParallelGroup(org.jdesktop.layout.GroupLayout.LEADING)&#10;                    .add(jLabel1)&#10;                    .add(jLabel2))&#10;                .addPreferredGap(org.jdesktop.layout.LayoutStyle.RELATED)&#10;                .add(jPanel1Layout.createParallelGroup(org.jdesktop.layout.GroupLayout.LEADING)&#10;                    .add(jPanel1Layout.createSequentialGroup()&#10;                        .add(jTextField16, org.jdesktop.layout.GroupLayout.PREFERRED_SIZE, 94, org.jdesktop.layout.GroupLayout.PREFERRED_SIZE)&#10;                        .addPreferredGap(org.jdesktop.layout.LayoutStyle.RELATED)&#10;                        .add(jLabel15)&#10;                        .addPreferredGap(org.jdesktop.layout.LayoutStyle.RELATED, 67, Short.MAX_VALUE)&#10;                        .add(jLabel3)&#10;                        .addPreferredGap(org.jdesktop.layout.LayoutStyle.UNRELATED)&#10;                        .add(jTextField17, org.jdesktop.layout.GroupLayout.PREFERRED_SIZE, 94, org.jdesktop.layout.GroupLayout.PREFERRED_SIZE)&#10;                        .addPreferredGap(org.jdesktop.layout.LayoutStyle.UNRELATED)&#10;                        .add(jLabel16)&#10;                        .add(41, 41, 41))&#10;                    .add(jPanel1Layout.createSequentialGroup()&#10;                        .add(jComboBox1, org.jdesktop.layout.GroupLayout.PREFERRED_SIZE, 105, org.jdesktop.layout.GroupLayout.PREFERRED_SIZE)&#10;                        .addContainerGap(351, Short.MAX_VALUE))))&#10;        );&#10;        jPanel1Layout.setVerticalGroup(&#10;            jPanel1Layout.createParallelGroup(org.jdesktop.layout.GroupLayout.LEADING)&#10;            .add(jPanel1Layout.createSequentialGroup()&#10;                .addContainerGap()&#10;                .add(jPanel1Layout.createParallelGroup(org.jdesktop.layout.GroupLayout.BASELINE)&#10;                    .add(jLabel1)&#10;                    .add(jComboBox1, org.jdesktop.layout.GroupLayout.PREFERRED_SIZE, org.jdesktop.layout.GroupLayout.DEFAULT_SIZE, org.jdesktop.layout.GroupLayout.PREFERRED_SIZE))&#10;                .addPreferredGap(org.jdesktop.layout.LayoutStyle.RELATED, 17, Short.MAX_VALUE)&#10;                .add(jPanel1Layout.createParallelGroup(org.jdesktop.layout.GroupLayout.BASELINE)&#10;                    .add(jLabel2)&#10;                    .add(jLabel15)&#10;                    .add(jLabel16)&#10;                    .add(jLabel3)&#10;                    .add(jTextField16, org.jdesktop.layout.GroupLayout.PREFERRED_SIZE, org.jdesktop.layout.GroupLayout.DEFAULT_SIZE, org.jdesktop.layout.GroupLayout.PREFERRED_SIZE)&#10;                    .add(jTextField17, org.jdesktop.layout.GroupLayout.PREFERRED_SIZE, org.jdesktop.layout.GroupLayout.DEFAULT_SIZE, org.jdesktop.layout.GroupLayout.PREFERRED_SIZE))&#10;                .add(11, 11, 11))&#10;        );&#10;&#10;        jPanel2.setBorder(javax.swing.BorderFactory.createTitledBorder(null, &quot;Class Information&quot;, javax.swing.border.TitledBorder.DEFAULT_JUSTIFICATION, javax.swing.border.TitledBorder.DEFAULT_POSITION, new java.awt.Font(&quot;Tahoma&quot;, 1, 12), new java.awt.Color(0, 0, 255)));&#10;&#10;        jLabel4.setFont(new java.awt.Font(&quot;Arial&quot;, 0, 12));&#10;        jLabel4.setText(&quot;Subject:&quot;);&#10;&#10;        jLabel5.setFont(new java.awt.Font(&quot;Arial&quot;, 0, 12));&#10;        jLabel5.setText(&quot;Course Name:&quot;);&#10;&#10;        jLabel6.setFont(new java.awt.Font(&quot;Arial&quot;, 0, 12));&#10;        jLabel6.setText(&quot;Course Number:&quot;);&#10;&#10;        jTextField1.addActionListener(new java.awt.event.ActionListener() {&#10;            public void actionPerformed(java.awt.event.ActionEvent evt) {&#10;                jTextField1ActionPerformed(evt);&#10;            }&#10;        });&#10;&#10;        jTextField2.addActionListener(new java.awt.event.ActionListener() {&#10;            public void actionPerformed(java.awt.event.ActionEvent evt) {&#10;                jTextField2ActionPerformed(evt);&#10;            }&#10;        });&#10;&#10;        jLabel17.setFont(new java.awt.Font(&quot;Arial&quot;, 2, 10));&#10;        jLabel17.setText(&quot;(XXX)&quot;);&#10;&#10;        org.jdesktop.layout.GroupLayout jPanel2Layout = new org.jdesktop.layout.GroupLayout(jPanel2);&#10;        jPanel2.setLayout(jPanel2Layout);&#10;        jPanel2Layout.setHorizontalGroup(&#10;            jPanel2Layout.createParallelGroup(org.jdesktop.layout.GroupLayout.LEADING)&#10;            .add(jPanel2Layout.createSequentialGroup()&#10;                .addContainerGap()&#10;                .add(jPanel2Layout.createParallelGroup(org.jdesktop.layout.GroupLayout.LEADING)&#10;                    .add(jPanel2Layout.createSequentialGroup()&#10;                        .add(jLabel4)&#10;                        .addPreferredGap(org.jdesktop.layout.LayoutStyle.UNRELATED)&#10;                        .add(jTextField1, org.jdesktop.layout.GroupLayout.PREFERRED_SIZE, 41, org.jdesktop.layout.GroupLayout.PREFERRED_SIZE)&#10;                        .addPreferredGap(org.jdesktop.layout.LayoutStyle.RELATED)&#10;                        .add(jLabel17)&#10;                        .addPreferredGap(org.jdesktop.layout.LayoutStyle.RELATED, 41, Short.MAX_VALUE)&#10;                        .add(jLabel6)&#10;                        .addPreferredGap(org.jdesktop.layout.LayoutStyle.UNRELATED)&#10;                        .add(jTextField3, org.jdesktop.layout.GroupLayout.PREFERRED_SIZE, 99, org.jdesktop.layout.GroupLayout.PREFERRED_SIZE))&#10;                    .add(jPanel2Layout.createSequentialGroup()&#10;                        .add(jLabel5)&#10;                        .addPreferredGap(org.jdesktop.layout.LayoutStyle.UNRELATED)&#10;                        .add(jTextField2, org.jdesktop.layout.GroupLayout.DEFAULT_SIZE, 277, Short.MAX_VALUE)))&#10;                .add(149, 149, 149))&#10;        );&#10;        jPanel2Layout.setVerticalGroup(&#10;            jPanel2Layout.createParallelGroup(org.jdesktop.layout.GroupLayout.LEADING)&#10;            .add(jPanel2Layout.createSequentialGroup()&#10;                .add(jPanel2Layout.createParallelGroup(org.jdesktop.layout.GroupLayout.BASELINE)&#10;                    .add(jLabel4)&#10;                    .add(jLabel6)&#10;                    .add(jTextField3, org.jdesktop.layout.GroupLayout.PREFERRED_SIZE, org.jdesktop.layout.GroupLayout.DEFAULT_SIZE, org.jdesktop.layout.GroupLayout.PREFERRED_SIZE)&#10;                    .add(jTextField1, org.jdesktop.layout.GroupLayout.PREFERRED_SIZE, org.jdesktop.layout.GroupLayout.DEFAULT_SIZE, org.jdesktop.layout.GroupLayout.PREFERRED_SIZE)&#10;                    .add(jLabel17))&#10;                .addPreferredGap(org.jdesktop.layout.LayoutStyle.RELATED)&#10;                .add(jPanel2Layout.createParallelGroup(org.jdesktop.layout.GroupLayout.BASELINE)&#10;                    .add(jLabel5)&#10;                    .add(jTextField2, org.jdesktop.layout.GroupLayout.PREFERRED_SIZE, org.jdesktop.layout.GroupLayout.DEFAULT_SIZE, org.jdesktop.layout.GroupLayout.PREFERRED_SIZE))&#10;                .addContainerGap())&#10;        );&#10;&#10;        jPanel3.setBorder(javax.swing.BorderFactory.createTitledBorder(null, &quot;Class Times&quot;, javax.swing.border.TitledBorder.DEFAULT_JUSTIFICATION, javax.swing.border.TitledBorder.DEFAULT_POSITION, new java.awt.Font(&quot;Tahoma&quot;, 1, 12), new java.awt.Color(0, 0, 255)));&#10;&#10;        jLabel7.setFont(new java.awt.Font(&quot;Arial&quot;, 0, 11));&#10;        jLabel7.setHorizontalAlignment(javax.swing.SwingConstants.CENTER);&#10;        jLabel7.setText(&quot;Monday&quot;);&#10;&#10;        jLabel13.setFont(new java.awt.Font(&quot;Arial&quot;, 0, 11));&#10;        jLabel13.setText(&quot;Start Time:&quot;);&#10;&#10;        jLabel14.setFont(new java.awt.Font(&quot;Arial&quot;, 0, 11));&#10;        jLabel14.setText(&quot;End Time:&quot;);&#10;&#10;        jLabel8.setFont(new java.awt.Font(&quot;Arial&quot;, 0, 11));&#10;        jLabel8.setText(&quot;Tuesday&quot;);&#10;&#10;        jLabel9.setFont(new java.awt.Font(&quot;Arial&quot;, 0, 11));&#10;        jLabel9.setText(&quot;Wednesday&quot;);&#10;&#10;        jLabel10.setFont(new java.awt.Font(&quot;Arial&quot;, 0, 11));&#10;        jLabel10.setText(&quot;Thursday&quot;);&#10;&#10;        jLabel11.setFont(new java.awt.Font(&quot;Arial&quot;, 0, 11));&#10;        jLabel11.setText(&quot;Friday&quot;);&#10;&#10;        jLabel12.setFont(new java.awt.Font(&quot;Arial&quot;, 0, 11));&#10;        jLabel12.setText(&quot;Saturday&quot;);&#10;&#10;        jLabel18.setFont(new java.awt.Font(&quot;Arial&quot;, 2, 11));&#10;        jLabel18.setText(&quot;(In Military Time hh:mm)&quot;);&#10;&#10;        jTextField7.addActionListener(new java.awt.event.ActionListener() {&#10;            public void actionPerformed(java.awt.event.ActionEvent evt) {&#10;                jTextField7ActionPerformed(evt);&#10;            }&#10;        });&#10;&#10;        jTextField9.addActionListener(new java.awt.event.ActionListener() {&#10;            public void actionPerformed(java.awt.event.ActionEvent evt) {&#10;                jTextField9ActionPerformed(evt);&#10;            }&#10;        });&#10;&#10;        jTextField10.addActionListener(new java.awt.event.ActionListener() {&#10;            public void actionPerformed(java.awt.event.ActionEvent evt) {&#10;                jTextField10ActionPerformed(evt);&#10;            }&#10;        });&#10;&#10;        jTextField11.addActionListener(new java.awt.event.ActionListener() {&#10;            public void actionPerformed(java.awt.event.ActionEvent evt) {&#10;                jTextField11ActionPerformed(evt);&#10;            }&#10;        });&#10;&#10;        jTextField12.addActionListener(new java.awt.event.ActionListener() {&#10;            public void actionPerformed(java.awt.event.ActionEvent evt) {&#10;                jTextField12ActionPerformed(evt);&#10;            }&#10;        });&#10;&#10;        jTextField13.addActionListener(new java.awt.event.ActionListener() {&#10;            public void actionPerformed(java.awt.event.ActionEvent evt) {&#10;                jTextField13ActionPerformed(evt);&#10;            }&#10;        });&#10;&#10;        jTextField14.addActionListener(new java.awt.event.ActionListener() {&#10;            public void actionPerformed(java.awt.event.ActionEvent evt) {&#10;                jTextField14ActionPerformed(evt);&#10;            }&#10;        });&#10;&#10;        jTextField15.addActionListener(new java.awt.event.ActionListener() {&#10;            public void actionPerformed(java.awt.event.ActionEvent evt) {&#10;                jTextField15ActionPerformed(evt);&#10;            }&#10;        });&#10;&#10;        org.jdesktop.layout.GroupLayout jPanel3Layout = new org.jdesktop.layout.GroupLayout(jPanel3);&#10;        jPanel3.setLayout(jPanel3Layout);&#10;        jPanel3Layout.setHorizontalGroup(&#10;            jPanel3Layout.createParallelGroup(org.jdesktop.layout.GroupLayout.LEADING)&#10;            .add(jPanel3Layout.createSequentialGroup()&#10;                .add(jPanel3Layout.createParallelGroup(org.jdesktop.layout.GroupLayout.LEADING)&#10;                    .add(jPanel3Layout.createSequentialGroup()&#10;                        .add(jPanel3Layout.createParallelGroup(org.jdesktop.layout.GroupLayout.LEADING)&#10;                            .add(jLabel13)&#10;                            .add(jLabel14))&#10;                        .addPreferredGap(org.jdesktop.layout.LayoutStyle.RELATED)&#10;                        .add(jPanel3Layout.createParallelGroup(org.jdesktop.layout.GroupLayout.CENTER)&#10;                            .add(jTextField10, org.jdesktop.layout.GroupLayout.PREFERRED_SIZE, 70, org.jdesktop.layout.GroupLayout.PREFERRED_SIZE)&#10;                            .add(jTextField5, org.jdesktop.layout.GroupLayout.DEFAULT_SIZE, 70, Short.MAX_VALUE)&#10;                            .add(jLabel7))&#10;                        .addPreferredGap(org.jdesktop.layout.LayoutStyle.RELATED)&#10;                        .add(jPanel3Layout.createParallelGroup(org.jdesktop.layout.GroupLayout.CENTER)&#10;                            .add(jTextField11, org.jdesktop.layout.GroupLayout.DEFAULT_SIZE, 73, Short.MAX_VALUE)&#10;                            .add(jLabel8)&#10;                            .add(jTextField6, org.jdesktop.layout.GroupLayout.PREFERRED_SIZE, 73, org.jdesktop.layout.GroupLayout.PREFERRED_SIZE))&#10;                        .addPreferredGap(org.jdesktop.layout.LayoutStyle.RELATED)&#10;                        .add(jPanel3Layout.createParallelGroup(org.jdesktop.layout.GroupLayout.CENTER)&#10;                            .add(jTextField12, org.jdesktop.layout.GroupLayout.DEFAULT_SIZE, 72, Short.MAX_VALUE)&#10;                            .add(jLabel9)&#10;                            .add(jTextField7, org.jdesktop.layout.GroupLayout.PREFERRED_SIZE, 72, org.jdesktop.layout.GroupLayout.PREFERRED_SIZE))&#10;                        .addPreferredGap(org.jdesktop.layout.LayoutStyle.RELATED)&#10;                        .add(jPanel3Layout.createParallelGroup(org.jdesktop.layout.GroupLayout.CENTER)&#10;                            .add(jTextField13, org.jdesktop.layout.GroupLayout.DEFAULT_SIZE, 70, Short.MAX_VALUE)&#10;                            .add(jLabel10)&#10;                            .add(jTextField8, org.jdesktop.layout.GroupLayout.PREFERRED_SIZE, 70, org.jdesktop.layout.GroupLayout.PREFERRED_SIZE))&#10;                        .addPreferredGap(org.jdesktop.layout.LayoutStyle.RELATED)&#10;                        .add(jPanel3Layout.createParallelGroup(org.jdesktop.layout.GroupLayout.CENTER)&#10;                            .add(jTextField14, org.jdesktop.layout.GroupLayout.DEFAULT_SIZE, 75, Short.MAX_VALUE)&#10;                            .add(jLabel11)&#10;                            .add(jTextField9, org.jdesktop.layout.GroupLayout.PREFERRED_SIZE, 75, org.jdesktop.layout.GroupLayout.PREFERRED_SIZE))&#10;                        .addPreferredGap(org.jdesktop.layout.LayoutStyle.RELATED)&#10;                        .add(jPanel3Layout.createParallelGroup(org.jdesktop.layout.GroupLayout.CENTER)&#10;                            .add(jTextField15, org.jdesktop.layout.GroupLayout.DEFAULT_SIZE, 72, Short.MAX_VALUE)&#10;                            .add(jLabel12)&#10;                            .add(jTextField4, org.jdesktop.layout.GroupLayout.PREFERRED_SIZE, 72, org.jdesktop.layout.GroupLayout.PREFERRED_SIZE)))&#10;                    .add(jPanel3Layout.createSequentialGroup()&#10;                        .addContainerGap()&#10;                        .add(jLabel18)))&#10;                .addContainerGap())&#10;        );&#10;        jPanel3Layout.setVerticalGroup(&#10;            jPanel3Layout.createParallelGroup(org.jdesktop.layout.GroupLayout.LEADING)&#10;            .add(jPanel3Layout.createSequentialGroup()&#10;                .add(jPanel3Layout.createParallelGroup(org.jdesktop.layout.GroupLayout.BASELINE)&#10;                    .add(jLabel7)&#10;                    .add(jLabel9)&#10;                    .add(jLabel10)&#10;                    .add(jLabel11)&#10;                    .add(jLabel12)&#10;                    .add(jLabel8))&#10;                .addPreferredGap(org.jdesktop.layout.LayoutStyle.RELATED)&#10;                .add(jPanel3Layout.createParallelGroup(org.jdesktop.layout.GroupLayout.BASELINE)&#10;                    .add(jLabel13)&#10;                    .add(jTextField5, org.jdesktop.layout.GroupLayout.PREFERRED_SIZE, org.jdesktop.layout.GroupLayout.DEFAULT_SIZE, org.jdesktop.layout.GroupLayout.PREFERRED_SIZE)&#10;                    .add(jTextField6, org.jdesktop.layout.GroupLayout.PREFERRED_SIZE, org.jdesktop.layout.GroupLayout.DEFAULT_SIZE, org.jdesktop.layout.GroupLayout.PREFERRED_SIZE)&#10;                    .add(jTextField7, org.jdesktop.layout.GroupLayout.PREFERRED_SIZE, org.jdesktop.layout.GroupLayout.DEFAULT_SIZE, org.jdesktop.layout.GroupLayout.PREFERRED_SIZE)&#10;                    .add(jTextField8, org.jdesktop.layout.GroupLayout.PREFERRED_SIZE, org.jdesktop.layout.GroupLayout.DEFAULT_SIZE, org.jdesktop.layout.GroupLayout.PREFERRED_SIZE)&#10;                    .add(jTextField9, org.jdesktop.layout.GroupLayout.PREFERRED_SIZE, org.jdesktop.layout.GroupLayout.DEFAULT_SIZE, org.jdesktop.layout.GroupLayout.PREFERRED_SIZE)&#10;                    .add(jTextField4, org.jdesktop.layout.GroupLayout.PREFERRED_SIZE, org.jdesktop.layout.GroupLayout.DEFAULT_SIZE, org.jdesktop.layout.GroupLayout.PREFERRED_SIZE))&#10;                .addPreferredGap(org.jdesktop.layout.LayoutStyle.RELATED)&#10;                .add(jLabel18)&#10;                .addPreferredGap(org.jdesktop.layout.LayoutStyle.RELATED)&#10;                .add(jPanel3Layout.createParallelGroup(org.jdesktop.layout.GroupLayout.BASELINE)&#10;                    .add(jLabel14)&#10;                    .add(jTextField15, org.jdesktop.layout.GroupLayout.PREFERRED_SIZE, org.jdesktop.layout.GroupLayout.DEFAULT_SIZE, org.jdesktop.layout.GroupLayout.PREFERRED_SIZE)&#10;                    .add(jTextField14, org.jdesktop.layout.GroupLayout.PREFERRED_SIZE, org.jdesktop.layout.GroupLayout.DEFAULT_SIZE, org.jdesktop.layout.GroupLayout.PREFERRED_SIZE)&#10;                    .add(jTextField13, org.jdesktop.layout.GroupLayout.PREFERRED_SIZE, org.jdesktop.layout.GroupLayout.DEFAULT_SIZE, org.jdesktop.layout.GroupLayout.PREFERRED_SIZE)&#10;                    .add(jTextField12, org.jdesktop.layout.GroupLayout.PREFERRED_SIZE, org.jdesktop.layout.GroupLayout.DEFAULT_SIZE, org.jdesktop.layout.GroupLayout.PREFERRED_SIZE)&#10;                    .add(jTextField11, org.jdesktop.layout.GroupLayout.PREFERRED_SIZE, org.jdesktop.layout.GroupLayout.DEFAULT_SIZE, org.jdesktop.layout.GroupLayout.PREFERRED_SIZE)&#10;                    .add(jTextField10, org.jdesktop.layout.GroupLayout.PREFERRED_SIZE, org.jdesktop.layout.GroupLayout.DEFAULT_SIZE, org.jdesktop.layout.GroupLayout.PREFERRED_SIZE))&#10;                .addContainerGap(13, Short.MAX_VALUE))&#10;        );&#10;&#10;        org.jdesktop.layout.GroupLayout layout = new org.jdesktop.layout.GroupLayout(getContentPane());&#10;        getContentPane().setLayout(layout);&#10;        layout.setHorizontalGroup(&#10;            layout.createParallelGroup(org.jdesktop.layout.GroupLayout.LEADING)&#10;            .add(layout.createSequentialGroup()&#10;                .addContainerGap()&#10;                .add(layout.createParallelGroup(org.jdesktop.layout.GroupLayout.LEADING)&#10;                    .add(org.jdesktop.layout.GroupLayout.TRAILING, layout.createSequentialGroup()&#10;                        .add(jButton2, org.jdesktop.layout.GroupLayout.PREFERRED_SIZE, 67, org.jdesktop.layout.GroupLayout.PREFERRED_SIZE)&#10;                        .addPreferredGap(org.jdesktop.layout.LayoutStyle.UNRELATED)&#10;                        .add(jButton1)&#10;                        .add(8, 8, 8))&#10;                    .add(jPanel1, org.jdesktop.layout.GroupLayout.DEFAULT_SIZE, org.jdesktop.layout.GroupLayout.DEFAULT_SIZE, Short.MAX_VALUE)&#10;                    .add(jPanel2, org.jdesktop.layout.GroupLayout.DEFAULT_SIZE, org.jdesktop.layout.GroupLayout.DEFAULT_SIZE, Short.MAX_VALUE)&#10;                    .add(jPanel3, org.jdesktop.layout.GroupLayout.DEFAULT_SIZE, org.jdesktop.layout.GroupLayout.DEFAULT_SIZE, Short.MAX_VALUE))&#10;                .addContainerGap())&#10;        );&#10;        layout.setVerticalGroup(&#10;            layout.createParallelGroup(org.jdesktop.layout.GroupLayout.LEADING)&#10;            .add(layout.createSequentialGroup()&#10;                .addContainerGap()&#10;                .add(jPanel1, org.jdesktop.layout.GroupLayout.PREFERRED_SIZE, org.jdesktop.layout.GroupLayout.DEFAULT_SIZE, org.jdesktop.layout.GroupLayout.PREFERRED_SIZE)&#10;                .add(18, 18, 18)&#10;                .add(jPanel2, org.jdesktop.layout.GroupLayout.PREFERRED_SIZE, org.jdesktop.layout.GroupLayout.DEFAULT_SIZE, org.jdesktop.layout.GroupLayout.PREFERRED_SIZE)&#10;                .addPreferredGap(org.jdesktop.layout.LayoutStyle.UNRELATED)&#10;                .add(jPanel3, org.jdesktop.layout.GroupLayout.DEFAULT_SIZE, org.jdesktop.layout.GroupLayout.DEFAULT_SIZE, Short.MAX_VALUE)&#10;                .addPreferredGap(org.jdesktop.layout.LayoutStyle.UNRELATED)&#10;                .add(layout.createParallelGroup(org.jdesktop.layout.GroupLayout.BASELINE)&#10;                    .add(jButton1)&#10;                    .add(jButton2))&#10;                .addContainerGap())&#10;        );&#10;&#10;        pack();&#10;    }// &lt;/editor-fold&gt;//GEN-END:initComponents&#10;&#10;    private void jButton2ActionPerformed(java.awt.event.ActionEvent evt) {//GEN-FIRST:event_jButton2ActionPerformed&#10;       dataReceived = true;&#10;       &#10;      setNewCourseStart(jTextField16.getText());&#10;      setNewCourseEnd(jTextField17.getText());&#10;      setNewMonStart(jTextField5.getText());&#10;      setNewMonEnd(jTextField10.getText());&#10;      setNewTueStart(jTextField6.getText());&#10;      setNewTueEnd(jTextField11.getText());&#10;      setNewWedStart(jTextField7.getText());&#10;      setNewWedEnd(jTextField12.getText());&#10;      setNewThuStart(jTextField8.getText());&#10;      setNewThuEnd(jTextField13.getText());&#10;      setNewFriStart(jTextField9.getText());&#10;      setNewFriEnd(jTextField14.getText());&#10;      setNewSatStart(jTextField4.getText());&#10;      setNewSatEnd(jTextField15.getText());&#10;      &#10;      dispose();&#10;    }//GEN-LAST:event_jButton2ActionPerformed&#10;&#10;    private void jButton1ActionPerformed(java.awt.event.ActionEvent evt) {//GEN-FIRST:event_jButton1ActionPerformed&#10;        dispose();&#10;    }//GEN-LAST:event_jButton1ActionPerformed&#10;&#10;    private void jTextField1ActionPerformed(java.awt.event.ActionEvent evt) {//GEN-FIRST:event_jTextField1ActionPerformed&#10;        // TODO add your handling code here:&#10;    }//GEN-LAST:event_jTextField1ActionPerformed&#10;&#10;    private void jTextField2ActionPerformed(java.awt.event.ActionEvent evt) {//GEN-FIRST:event_jTextField2ActionPerformed&#10;        // TODO add your handling code here:&#10;    }//GEN-LAST:event_jTextField2ActionPerformed&#10;&#10;    private void jTextField7ActionPerformed(java.awt.event.ActionEvent evt) {//GEN-FIRST:event_jTextField7ActionPerformed&#10;        // TODO add your handling code here:&#10;    }//GEN-LAST:event_jTextField7ActionPerformed&#10;&#10;    private void jTextField9ActionPerformed(java.awt.event.ActionEvent evt) {//GEN-FIRST:event_jTextField9ActionPerformed&#10;        // TODO add your handling code here:&#10;    }//GEN-LAST:event_jTextField9ActionPerformed&#10;&#10;    private void jTextField10ActionPerformed(java.awt.event.ActionEvent evt) {//GEN-FIRST:event_jTextField10ActionPerformed&#10;        // TODO add your handling code here:&#10;    }//GEN-LAST:event_jTextField10ActionPerformed&#10;&#10;    private void jTextField11ActionPerformed(java.awt.event.ActionEvent evt) {//GEN-FIRST:event_jTextField11ActionPerformed&#10;        // TODO add your handling code here:&#10;    }//GEN-LAST:event_jTextField11ActionPerformed&#10;&#10;    private void jTextField12ActionPerformed(java.awt.event.ActionEvent evt) {//GEN-FIRST:event_jTextField12ActionPerformed&#10;        // TODO add your handling code here:&#10;    }//GEN-LAST:event_jTextField12ActionPerformed&#10;&#10;    private void jTextField13ActionPerformed(java.awt.event.ActionEvent evt) {//GEN-FIRST:event_jTextField13ActionPerformed&#10;        // TODO add your handling code here:&#10;    }//GEN-LAST:event_jTextField13ActionPerformed&#10;&#10;    private void jTextField14ActionPerformed(java.awt.event.ActionEvent evt) {//GEN-FIRST:event_jTextField14ActionPerformed&#10;        // TODO add your handling code here:&#10;    }//GEN-LAST:event_jTextField14ActionPerformed&#10;&#10;    private void jTextField15ActionPerformed(java.awt.event.ActionEvent evt) {//GEN-FIRST:event_jTextField15ActionPerformed&#10;        // TODO add your handling code here:&#10;    }//GEN-LAST:event_jTextField15ActionPerformed&#10;    &#10;    /**&#10;     * @param args the command line arguments&#10;     */&#10;    public void launchEdit(int courseID, String courseSubj, String courseName, String semester,&#10;            String startDate, String endDate, String startMon, String endMon,&#10;            String startTue, String endTue, String startWed, String endWed, String startThu, String endThu, &#10;            String startFri, String endFri, String startSat, String endSat) &#10;    {&#10;        setDefCourseID(courseID);&#10;        defSub = courseSubj;&#10;        defSemester = semester;&#10;        defCourseName = courseName;&#10;        defCourseStart = startDate;&#10;        defCourseEnd = endDate;&#10;        defMonStart = startMon;&#10;        defMonEnd = endMon;&#10;        defTueStart = startTue;&#10;        defTueEnd = endTue;&#10;        defWedStart = startWed;&#10;        defWedEnd = endWed;&#10;        defThuStart = startThu;&#10;        defThuEnd = endThu;&#10;        defFriStart = startFri;&#10;        defFriEnd = endFri;&#10;        defSatStart = startSat;&#10;        defSatEnd = endSat;&#10;        System.out.println(&quot;Course Name In Edit Sched: &quot; +defCourseName);&#10;        java.awt.EventQueue.invokeLater(new Runnable() {&#10;            public void run() {&#10;                new PrefilledScheduleForm().setVisible(true);&#10;            }&#10;        });&#10;    }&#10;    &#10;    public int getDefCourseID() {&#10;&#9;&#9;return defCourseID;&#10;&#9;}&#10;&#9;public void setDefCourseID(int defCourseID) {&#10;&#9;&#9;this.defCourseID = defCourseID;&#10;&#9;}&#10;&#10;&#9;public String getNewCourseEnd() {&#10;&#9;&#9;return newCourseEnd;&#10;&#9;}&#10;&#9;public void setNewCourseEnd(String newCourseEnd) {&#10;&#9;&#9;this.newCourseEnd = newCourseEnd;&#10;&#9;}&#10;&#10;&#9;public String getNewCourseStart() {&#10;&#9;&#9;return newCourseStart;&#10;&#9;}&#10;&#9;public void setNewCourseStart(String newCourseStart) {&#10;&#9;&#9;this.newCourseStart = newCourseStart;&#10;&#9;}&#10;&#10;&#9;public String getNewMonStart() {&#10;&#9;&#9;return newMonStart;&#10;&#9;}&#10;&#9;public void setNewMonStart(String newMonStart) {&#10;&#9;&#9;this.newMonStart = newMonStart;&#10;&#9;}&#10;&#10;&#9;public String getNewTueEnd() {&#10;&#9;&#9;return newTueEnd;&#10;&#9;}&#10;&#9;public void setNewTueEnd(String newTueEnd) {&#10;&#9;&#9;this.newTueEnd = newTueEnd;&#10;&#9;}&#10;&#10;&#9;public String getNewTueStart() {&#10;&#9;&#9;return newTueStart;&#10;&#9;}&#10;&#9;public void setNewTueStart(String newTueStart) {&#10;&#9;&#9;this.newTueStart = newTueStart;&#10;&#9;}&#10;&#10;&#9;public String getNewMonEnd() {&#10;&#9;&#9;return newMonEnd;&#10;&#9;}&#10;&#9;public void setNewMonEnd(String newMonEnd) {&#10;&#9;&#9;this.newMonEnd = newMonEnd;&#10;&#9;}&#10;&#10;&#9;public String getNewWedEnd() {&#10;&#9;&#9;return newWedEnd;&#10;&#9;}&#10;&#9;public void setNewWedEnd(String newWedEnd) {&#10;&#9;&#9;this.newWedEnd = newWedEnd;&#10;&#9;}&#10;&#10;&#9;public String getNewThuEnd() {&#10;&#9;&#9;return newThuEnd;&#10;&#9;}&#10;&#9;public void setNewThuEnd(String newThuEnd) {&#10;&#9;&#9;this.newThuEnd = newThuEnd;&#10;&#9;}&#10;&#10;&#9;public String getNewThuStart() {&#10;&#9;&#9;return newThuStart;&#10;&#9;}&#10;&#9;public void setNewThuStart(String newThuStart) {&#10;&#9;&#9;this.newThuStart = newThuStart;&#10;&#9;}&#10;&#10;&#9;public String getNewWedStart() {&#10;&#9;&#9;return newWedStart;&#10;&#9;}&#10;&#9;public void setNewWedStart(String newWedStart) {&#10;&#9;&#9;this.newWedStart = newWedStart;&#10;&#9;}&#10;&#10;&#9;public  String getNewFriStart() {&#10;&#9;&#9;return newFriStart;&#10;&#9;}&#10;&#9;public  void setNewFriStart(String newFriStart) {&#10;&#9;&#9;this.newFriStart = newFriStart;&#10;&#9;}&#10;&#10;&#9;public  String getNewSatEnd() {&#10;&#9;&#9;return newSatEnd;&#10;&#9;}&#10;&#9;public  void setNewSatEnd(String newSatEnd) {&#10;&#9;&#9;this.newSatEnd = newSatEnd;&#10;&#9;}&#10;&#10;&#9;public  String getNewFriEnd() {&#10;&#9;&#9;return newFriEnd;&#10;&#9;}&#10;&#9;public  void setNewFriEnd(String newFriEnd) {&#10;&#9;&#9;this.newFriEnd = newFriEnd;&#10;&#9;}&#10;&#10;&#9;public  String getNewSatStart() {&#10;&#9;&#9;return newSatStart;&#10;&#9;}&#10;&#9;public  void setNewSatStart(String newSatStart) {&#10;&#9;&#9;this.newSatStart = newSatStart;&#10;&#9;}&#10;&#10;&#9;// Variables declaration - do not modify//GEN-BEGIN:variables&#10;    private javax.swing.JButton jButton1;&#10;    private javax.swing.JButton jButton2;&#10;    @SuppressWarnings(&quot;rawtypes&quot;)&#10;&#9;private javax.swing.JComboBox jComboBox1;&#10;    private javax.swing.JLabel jLabel1;&#10;    private javax.swing.JLabel jLabel10;&#10;    private javax.swing.JLabel jLabel11;&#10;    private javax.swing.JLabel jLabel12;&#10;    private javax.swing.JLabel jLabel13;&#10;    private javax.swing.JLabel jLabel14;&#10;    private javax.swing.JLabel jLabel15;&#10;    private javax.swing.JLabel jLabel16;&#10;    private javax.swing.JLabel jLabel17;&#10;    private javax.swing.JLabel jLabel18;&#10;    private javax.swing.JLabel jLabel2;&#10;    private javax.swing.JLabel jLabel3;&#10;    private javax.swing.JLabel jLabel4;&#10;    private javax.swing.JLabel jLabel5;&#10;    private javax.swing.JLabel jLabel6;&#10;    private javax.swing.JLabel jLabel7;&#10;    private javax.swing.JLabel jLabel8;&#10;    private javax.swing.JLabel jLabel9;&#10;    private javax.swing.JPanel jPanel1;&#10;    private javax.swing.JPanel jPanel2;&#10;    private javax.swing.JPanel jPanel3;&#10;    private javax.swing.JTextField jTextField1;&#10;    private javax.swing.JTextField jTextField10;&#10;    private javax.swing.JTextField jTextField11;&#10;    private javax.swing.JTextField jTextField12;&#10;    private javax.swing.JTextField jTextField13;&#10;    private javax.swing.JTextField jTextField14;&#10;    private javax.swing.JTextField jTextField15;&#10;    private javax.swing.JTextField jTextField16;&#10;    private javax.swing.JTextField jTextField17;&#10;    private javax.swing.JTextField jTextField2;&#10;    private javax.swing.JTextField jTextField3;&#10;    private javax.swing.JTextField jTextField4;&#10;    private javax.swing.JTextField jTextField5;&#10;    private javax.swing.JTextField jTextField6;&#10;    private javax.swing.JTextField jTextField7;&#10;    private javax.swing.JTextField jTextField8;&#10;    private javax.swing.JTextField jTextField9;&#10;    // End of variables declaration//GEN-END:variables&#10;    &#10;}&#10;" Filename="PrefilledScheduleForm.java" Intrnl_Id="21"/>
<SrcFile Content="/*&#10; * Messages.java&#10; *&#10; * Created on April 15, 2008, 3:54 PM&#10; */&#10;&#10;package my.PSM.PSM_Interface;&#10;&#10;/**&#10; * &#10; * @author Kurt&#10; */&#10;public class Messages extends javax.swing.JFrame {&#10;&#9;/**&#10;&#9; * &#10;&#9; */&#10;&#9;private static final long serialVersionUID = 1L;&#10;&#9;private String m = &quot;&quot;;&#10;&#9;private boolean logout;&#10;&#9;private boolean incorrectLogin;&#10;&#9;public boolean ack;&#10;&#9;private boolean lockedOut;&#10;&#10;&#9;/** Creates new form Messages */&#10;&#9;public Messages() {&#10;&#9;&#9;initComponents();&#10;&#9;}&#10;&#10;&#9;public void lockedOut() {&#10;&#9;&#9;m = &quot;Too many tries. System Exiting.&quot;;&#10;&#9;&#9;lockedOut = true;&#10;&#9;&#9;launchPopup();&#10;&#9;}&#10;&#10;&#9;public void incorrectLogin() {&#10;&#9;&#9;incorrectLogin = true;&#10;&#9;&#9;m = &quot;Incorrect username/password&quot;;&#10;&#9;&#9;launchPopup();&#10;&#9;}&#10;&#10;&#9;public void FifteenMinWarning() {&#10;&#9;&#9;m = &quot;15 Minutes Left&quot;;&#10;&#9;&#9;launchPopup();&#10;&#9;}&#10;&#10;&#9;public void FiveMinWarning() {&#10;&#9;&#9;m = &quot;5 Minutes Left&quot;;&#10;&#9;&#9;launchPopup();&#10;&#9;}&#10;&#10;&#9;public void endClassWarning() {&#10;&#9;&#9;m = &quot;End of Class Reached&quot;;&#10;&#9;&#9;launchPopup();&#10;&#10;&#9;}&#10;&#10;&#9;public void logoutConfirmation() {&#10;&#9;&#9;m = &quot;You have sucessfully logged out.&quot;;&#10;&#9;&#9;logout = true;&#10;&#9;&#9;launchPopup();&#10;&#9;}&#10;&#10;&#9;/**&#10;&#9; * This method is called from within the constructor to initialize the form.&#10;&#9; * WARNING: Do NOT modify this code. The content of this method is always&#10;&#9; * regenerated by the Form Editor.&#10;&#9; */&#10;&#9;// &lt;editor-fold defaultstate=&quot;collapsed&quot;&#10;&#9;// desc=&quot;Generated Code&quot;&gt;//GEN-BEGIN:initComponents&#10;&#9;private void initComponents() {&#10;&#10;&#9;&#9;jLabel1 = new javax.swing.JLabel();&#10;&#9;&#9;jButton1 = new javax.swing.JButton();&#10;&#10;&#9;&#9;setDefaultCloseOperation(javax.swing.WindowConstants.EXIT_ON_CLOSE);&#10;&#9;&#9;setTitle(&quot;System Message&quot;);&#10;&#10;&#9;&#9;jLabel1.setFont(new java.awt.Font(&quot;Tahoma&quot;, 0, 12));&#10;&#9;&#9;jLabel1.setHorizontalAlignment(javax.swing.SwingConstants.CENTER);&#10;&#9;&#9;jLabel1.setText(m);&#10;&#9;&#9;jLabel1.setBorder(javax.swing.BorderFactory.createTitledBorder(null,&#10;&#9;&#9;&#9;&#9;&quot;Warning&quot;,&#10;&#9;&#9;&#9;&#9;javax.swing.border.TitledBorder.DEFAULT_JUSTIFICATION,&#10;&#9;&#9;&#9;&#9;javax.swing.border.TitledBorder.TOP, new java.awt.Font(&#10;&#9;&#9;&#9;&#9;&#9;&#9;&quot;Tahoma&quot;, 1, 12), new java.awt.Color(0, 0, 255)));&#10;&#9;&#9;jLabel1.setMaximumSize(new java.awt.Dimension(200, 100));&#10;&#9;&#9;jLabel1.setMinimumSize(new java.awt.Dimension(100, 50));&#10;&#9;&#9;jLabel1.setName(&quot;Message&quot;); // NOI18N&#10;&#9;&#9;jLabel1.setOpaque(true);&#10;&#9;&#9;jLabel1.setPreferredSize(new java.awt.Dimension(200, 50));&#10;&#10;&#9;&#9;jButton1.setText(&quot;OK&quot;);&#10;&#9;&#9;jButton1.addActionListener(new java.awt.event.ActionListener() {&#10;&#9;&#9;&#9;public void actionPerformed(java.awt.event.ActionEvent evt) {&#10;&#9;&#9;&#9;&#9;jButton1ActionPerformed(evt);&#10;&#9;&#9;&#9;}&#10;&#9;&#9;});&#10;&#10;&#9;&#9;org.jdesktop.layout.GroupLayout layout = new org.jdesktop.layout.GroupLayout(&#10;&#9;&#9;&#9;&#9;getContentPane());&#10;&#9;&#9;getContentPane().setLayout(layout);&#10;&#9;&#9;layout.setHorizontalGroup(layout&#10;&#9;&#9;&#9;&#9;.createParallelGroup(org.jdesktop.layout.GroupLayout.LEADING)&#10;&#9;&#9;&#9;&#9;.add(layout&#10;&#9;&#9;&#9;&#9;&#9;&#9;.createSequentialGroup()&#10;&#9;&#9;&#9;&#9;&#9;&#9;.add(layout&#10;&#9;&#9;&#9;&#9;&#9;&#9;&#9;&#9;.createParallelGroup(&#10;&#9;&#9;&#9;&#9;&#9;&#9;&#9;&#9;&#9;&#9;org.jdesktop.layout.GroupLayout.LEADING)&#10;&#9;&#9;&#9;&#9;&#9;&#9;&#9;&#9;.add(layout&#10;&#9;&#9;&#9;&#9;&#9;&#9;&#9;&#9;&#9;&#9;.createSequentialGroup()&#10;&#9;&#9;&#9;&#9;&#9;&#9;&#9;&#9;&#9;&#9;.add(26, 26, 26)&#10;&#9;&#9;&#9;&#9;&#9;&#9;&#9;&#9;&#9;&#9;.add(jLabel1,&#10;&#9;&#9;&#9;&#9;&#9;&#9;&#9;&#9;&#9;&#9;&#9;&#9;org.jdesktop.layout.GroupLayout.PREFERRED_SIZE,&#10;&#9;&#9;&#9;&#9;&#9;&#9;&#9;&#9;&#9;&#9;&#9;&#9;org.jdesktop.layout.GroupLayout.DEFAULT_SIZE,&#10;&#9;&#9;&#9;&#9;&#9;&#9;&#9;&#9;&#9;&#9;&#9;&#9;org.jdesktop.layout.GroupLayout.PREFERRED_SIZE))&#10;&#9;&#9;&#9;&#9;&#9;&#9;&#9;&#9;.add(layout&#10;&#9;&#9;&#9;&#9;&#9;&#9;&#9;&#9;&#9;&#9;.createSequentialGroup()&#10;&#9;&#9;&#9;&#9;&#9;&#9;&#9;&#9;&#9;&#9;.add(95, 95, 95)&#10;&#9;&#9;&#9;&#9;&#9;&#9;&#9;&#9;&#9;&#9;.add(jButton1,&#10;&#9;&#9;&#9;&#9;&#9;&#9;&#9;&#9;&#9;&#9;&#9;&#9;org.jdesktop.layout.GroupLayout.PREFERRED_SIZE,&#10;&#9;&#9;&#9;&#9;&#9;&#9;&#9;&#9;&#9;&#9;&#9;&#9;57,&#10;&#9;&#9;&#9;&#9;&#9;&#9;&#9;&#9;&#9;&#9;&#9;&#9;org.jdesktop.layout.GroupLayout.PREFERRED_SIZE)))&#10;&#9;&#9;&#9;&#9;&#9;&#9;.addContainerGap(&#10;&#9;&#9;&#9;&#9;&#9;&#9;&#9;&#9;org.jdesktop.layout.GroupLayout.DEFAULT_SIZE,&#10;&#9;&#9;&#9;&#9;&#9;&#9;&#9;&#9;Short.MAX_VALUE)));&#10;&#9;&#9;layout.setVerticalGroup(layout.createParallelGroup(&#10;&#9;&#9;&#9;&#9;org.jdesktop.layout.GroupLayout.LEADING).add(&#10;&#9;&#9;&#9;&#9;layout.createSequentialGroup()&#10;&#9;&#9;&#9;&#9;&#9;&#9;.add(39, 39, 39)&#10;&#9;&#9;&#9;&#9;&#9;&#9;.add(jLabel1,&#10;&#9;&#9;&#9;&#9;&#9;&#9;&#9;&#9;org.jdesktop.layout.GroupLayout.PREFERRED_SIZE,&#10;&#9;&#9;&#9;&#9;&#9;&#9;&#9;&#9;59,&#10;&#9;&#9;&#9;&#9;&#9;&#9;&#9;&#9;org.jdesktop.layout.GroupLayout.PREFERRED_SIZE)&#10;&#9;&#9;&#9;&#9;&#9;&#9;.add(18, 18, 18).add(jButton1)&#10;&#9;&#9;&#9;&#9;&#9;&#9;.addContainerGap(35, Short.MAX_VALUE)));&#10;&#10;&#9;&#9;pack();&#10;&#9;}// &lt;/editor-fold&gt;//GEN-END:initComponents&#10;&#10;&#9;private void jButton1ActionPerformed(java.awt.event.ActionEvent evt) {// GEN-FIRST:event_jButton1ActionPerformed&#10;&#9;&#9;if (logout) {&#10;&#9;&#9;&#9;System.exit(0);&#10;&#9;&#9;&#9;System.out.println(&quot;Close the program!&quot;);&#10;&#9;&#9;}&#10;&#9;&#9;if (incorrectLogin) {&#10;&#9;&#9;&#9;ack = true;&#10;&#9;&#9;}&#10;&#9;&#9;if (lockedOut) {&#10;&#9;&#9;&#9;ack = true;&#10;&#9;&#9;}&#10;&#9;&#9;dispose();&#10;&#10;&#9;}// GEN-LAST:event_jButton1ActionPerformed&#10;&#10;&#9;/**&#10;&#9; * @param args&#10;&#9; *            the command line arguments&#10;&#9; */&#10;&#9;public void launchPopup() {&#10;&#9;&#9;java.awt.EventQueue.invokeLater(new Runnable() {&#10;&#9;&#9;&#9;public void run() {&#10;&#9;&#9;&#9;&#9;new Messages().setVisible(true);&#10;&#9;&#9;&#9;}&#10;&#9;&#9;});&#10;&#9;}&#10;&#10;&#9;// Variables declaration - do not modify//GEN-BEGIN:variables&#10;&#9;private javax.swing.JButton jButton1;&#10;&#9;private javax.swing.JLabel jLabel1;&#10;&#9;// End of variables declaration//GEN-END:variables&#10;&#10;}&#10;" Filename="Messages.java" Intrnl_Id="22"/>
<SrcFile Content="/*&#10; * MainMenu2.java&#10; *&#10; * Created on April 13, 2008, 2:47 PM&#10; */&#10;&#10;package my.PSM.PSM_Interface;&#10;&#10;/**&#10; *&#10; * @author  Kurt&#10; */&#10;public class MainMenu extends javax.swing.JFrame {&#10;    &#10;    /**&#10;&#9; * &#10;&#9; */&#10;&#9;private static final long serialVersionUID = 1L;&#10;&#9;/** Creates new form MainMenu2 */&#10;    private static boolean dataRec;&#10;    private static boolean editSched;&#10;    private static boolean logout;&#10;    private static boolean initSetup;&#10;    public MainMenu() {&#10;        initComponents();&#10;    }&#10;    &#10;    /** This method is called from within the constructor to&#10;     * initialize the form.&#10;     * WARNING: Do NOT modify this code. The content of this method is&#10;     * always regenerated by the Form Editor.&#10;     */&#10;    // &lt;editor-fold defaultstate=&quot;collapsed&quot; desc=&quot;Generated Code&quot;&gt;//GEN-BEGIN:initComponents&#10;    private void initComponents()&#10;    {&#10;&#10;        jLabel5 = new javax.swing.JLabel();&#10;        jLabel7 = new javax.swing.JLabel();&#10;        jLabel2 = new javax.swing.JLabel();&#10;        jLabel3 = new javax.swing.JLabel();&#10;        jLabel4 = new javax.swing.JLabel();&#10;        jPanel2 = new javax.swing.JPanel();&#10;        jButton4 = new javax.swing.JButton();&#10;        jButton5 = new javax.swing.JButton();&#10;        jButton6 = new javax.swing.JButton();&#10;        jLabel1 = new javax.swing.JLabel();&#10;        jPanel3 = new javax.swing.JPanel();&#10;        jButton7 = new javax.swing.JButton();&#10;        jButton8 = new javax.swing.JButton();&#10;        jPanel1 = new javax.swing.JPanel();&#10;        jButton1 = new javax.swing.JButton();&#10;        jButton2 = new javax.swing.JButton();&#10;        jButton3 = new javax.swing.JButton();&#10;        jButton9 = new javax.swing.JButton();&#10;&#10;        setDefaultCloseOperation(javax.swing.WindowConstants.DO_NOTHING_ON_CLOSE);&#10;        setTitle(&quot;PSM Main Menu&quot;);&#10;&#10;        jLabel5.setFont(new java.awt.Font(&quot;Arial&quot;, 0, 12));&#10;        jLabel5.setText(&quot;Currently logged in as:&quot;);&#10;&#10;        jLabel7.setFont(new java.awt.Font(&quot;Arial&quot;, 2, 12));&#10;        jLabel7.setText(&quot;Peter Clarke&quot;);&#10;&#10;        jLabel2.setFont(new java.awt.Font(&quot;Arial&quot;, 1, 11));&#10;        jLabel2.setText(&quot;During initial login please select &quot;);&#10;&#10;        jLabel3.setFont(new java.awt.Font(&quot;Arial&quot;, 1, 11));&#10;        jLabel3.setText(&quot;Add Class Schedule on the right to&quot;);&#10;&#10;        jLabel4.setFont(new java.awt.Font(&quot;Arial&quot;, 1, 11));&#10;        jLabel4.setText(&quot; add a course.  &quot;);&#10;&#10;        jPanel2.setBorder(javax.swing.BorderFactory.createTitledBorder(null, &quot;Custom Day &quot;, javax.swing.border.TitledBorder.DEFAULT_JUSTIFICATION, javax.swing.border.TitledBorder.DEFAULT_POSITION, new java.awt.Font(&quot;Tahoma&quot;, 1, 12), new java.awt.Color(0, 0, 255)));&#10;&#10;        jButton4.setFont(new java.awt.Font(&quot;Arial&quot;, 0, 11));&#10;        jButton4.setText(&quot;Presentation Setup&quot;);&#10;&#10;        jButton5.setFont(new java.awt.Font(&quot;Arial&quot;, 0, 11));&#10;        jButton5.setText(&quot;Exam Setup&quot;);&#10;&#10;        jButton6.setFont(new java.awt.Font(&quot;Arial&quot;, 0, 11));&#10;        jButton6.setText(&quot;Single Day Setup&quot;);&#10;&#10;        org.jdesktop.layout.GroupLayout jPanel2Layout = new org.jdesktop.layout.GroupLayout(jPanel2);&#10;        jPanel2.setLayout(jPanel2Layout);&#10;        jPanel2Layout.setHorizontalGroup(&#10;            jPanel2Layout.createParallelGroup(org.jdesktop.layout.GroupLayout.LEADING)&#10;            .add(jPanel2Layout.createSequentialGroup()&#10;                .addContainerGap()&#10;                .add(jPanel2Layout.createParallelGroup(org.jdesktop.layout.GroupLayout.LEADING, false)&#10;                    .add(jButton5, org.jdesktop.layout.GroupLayout.DEFAULT_SIZE, org.jdesktop.layout.GroupLayout.DEFAULT_SIZE, Short.MAX_VALUE)&#10;                    .add(jButton6, org.jdesktop.layout.GroupLayout.DEFAULT_SIZE, org.jdesktop.layout.GroupLayout.DEFAULT_SIZE, Short.MAX_VALUE)&#10;                    .add(jButton4, org.jdesktop.layout.GroupLayout.PREFERRED_SIZE, 134, org.jdesktop.layout.GroupLayout.PREFERRED_SIZE))&#10;                .addContainerGap(21, Short.MAX_VALUE))&#10;        );&#10;        jPanel2Layout.setVerticalGroup(&#10;            jPanel2Layout.createParallelGroup(org.jdesktop.layout.GroupLayout.LEADING)&#10;            .add(jPanel2Layout.createSequentialGroup()&#10;                .add(jButton4)&#10;                .addPreferredGap(org.jdesktop.layout.LayoutStyle.RELATED)&#10;                .add(jButton5)&#10;                .addPreferredGap(org.jdesktop.layout.LayoutStyle.RELATED)&#10;                .add(jButton6)&#10;                .addContainerGap(org.jdesktop.layout.GroupLayout.DEFAULT_SIZE, Short.MAX_VALUE))&#10;        );&#10;&#10;        jLabel1.setFont(new java.awt.Font(&quot;Arial&quot;, 1, 11));&#10;        jLabel1.setText(&quot;Welcome Professor,&quot;);&#10;&#10;        jPanel3.setBorder(javax.swing.BorderFactory.createTitledBorder(null, &quot;Custom&quot;, javax.swing.border.TitledBorder.DEFAULT_JUSTIFICATION, javax.swing.border.TitledBorder.DEFAULT_POSITION, new java.awt.Font(&quot;Tahoma&quot;, 1, 12), new java.awt.Color(0, 0, 255)));&#10;&#10;        jButton7.setFont(new java.awt.Font(&quot;Arial&quot;, 0, 11));&#10;        jButton7.setText(&quot;Features&quot;);&#10;        jButton7.addActionListener(new java.awt.event.ActionListener()&#10;        {&#10;            public void actionPerformed(java.awt.event.ActionEvent evt)&#10;            {&#10;                jButton7ActionPerformed(evt);&#10;            }&#10;        });&#10;&#10;        jButton8.setFont(new java.awt.Font(&quot;Arial&quot;, 0, 11));&#10;        jButton8.setText(&quot;Alarms&quot;);&#10;&#10;        org.jdesktop.layout.GroupLayout jPanel3Layout = new org.jdesktop.layout.GroupLayout(jPanel3);&#10;        jPanel3.setLayout(jPanel3Layout);&#10;        jPanel3Layout.setHorizontalGroup(&#10;            jPanel3Layout.createParallelGroup(org.jdesktop.layout.GroupLayout.LEADING)&#10;            .add(jPanel3Layout.createSequentialGroup()&#10;                .addContainerGap()&#10;                .add(jButton7)&#10;                .addPreferredGap(org.jdesktop.layout.LayoutStyle.RELATED, 10, Short.MAX_VALUE)&#10;                .add(jButton8, org.jdesktop.layout.GroupLayout.PREFERRED_SIZE, 73, org.jdesktop.layout.GroupLayout.PREFERRED_SIZE)&#10;                .addContainerGap())&#10;        );&#10;        jPanel3Layout.setVerticalGroup(&#10;            jPanel3Layout.createParallelGroup(org.jdesktop.layout.GroupLayout.LEADING)&#10;            .add(jPanel3Layout.createSequentialGroup()&#10;                .add(jPanel3Layout.createParallelGroup(org.jdesktop.layout.GroupLayout.BASELINE)&#10;                    .add(jButton7)&#10;                    .add(jButton8))&#10;                .addContainerGap(org.jdesktop.layout.GroupLayout.DEFAULT_SIZE, Short.MAX_VALUE))&#10;        );&#10;&#10;        jPanel1.setBorder(javax.swing.BorderFactory.createTitledBorder(null, &quot;Scheduling Options&quot;, javax.swing.border.TitledBorder.DEFAULT_JUSTIFICATION, javax.swing.border.TitledBorder.DEFAULT_POSITION, new java.awt.Font(&quot;Tahoma&quot;, 1, 12), new java.awt.Color(0, 0, 255)));&#10;&#10;        jButton1.setFont(new java.awt.Font(&quot;Arial&quot;, 0, 11));&#10;        jButton1.setText(&quot;Add Class Schedule&quot;);&#10;        jButton1.addActionListener(new java.awt.event.ActionListener()&#10;        {&#10;            public void actionPerformed(java.awt.event.ActionEvent evt)&#10;            {&#10;                jButton1ActionPerformed(evt);&#10;            }&#10;        });&#10;&#10;        jButton2.setFont(new java.awt.Font(&quot;Arial&quot;, 0, 11));&#10;        jButton2.setText(&quot;Edit Schedule&quot;);&#10;        jButton2.addActionListener(new java.awt.event.ActionListener()&#10;        {&#10;            public void actionPerformed(java.awt.event.ActionEvent evt)&#10;            {&#10;                jButton2ActionPerformed(evt);&#10;            }&#10;        });&#10;&#10;        jButton3.setFont(new java.awt.Font(&quot;Arial&quot;, 0, 11));&#10;        jButton3.setText(&quot;Remove Schedule&quot;);&#10;        jButton3.addActionListener(new java.awt.event.ActionListener()&#10;        {&#10;            public void actionPerformed(java.awt.event.ActionEvent evt)&#10;            {&#10;                jButton3ActionPerformed(evt);&#10;            }&#10;        });&#10;&#10;        org.jdesktop.layout.GroupLayout jPanel1Layout = new org.jdesktop.layout.GroupLayout(jPanel1);&#10;        jPanel1.setLayout(jPanel1Layout);&#10;        jPanel1Layout.setHorizontalGroup(&#10;            jPanel1Layout.createParallelGroup(org.jdesktop.layout.GroupLayout.LEADING)&#10;            .add(jPanel1Layout.createSequentialGroup()&#10;                .addContainerGap()&#10;                .add(jPanel1Layout.createParallelGroup(org.jdesktop.layout.GroupLayout.LEADING)&#10;                    .add(org.jdesktop.layout.GroupLayout.CENTER, jButton1, org.jdesktop.layout.GroupLayout.DEFAULT_SIZE, 158, Short.MAX_VALUE)&#10;                    .add(org.jdesktop.layout.GroupLayout.TRAILING, jButton3, org.jdesktop.layout.GroupLayout.DEFAULT_SIZE, 158, Short.MAX_VALUE)&#10;                    .add(jButton2, org.jdesktop.layout.GroupLayout.DEFAULT_SIZE, 158, Short.MAX_VALUE))&#10;                .addContainerGap())&#10;        );&#10;        jPanel1Layout.setVerticalGroup(&#10;            jPanel1Layout.createParallelGroup(org.jdesktop.layout.GroupLayout.LEADING)&#10;            .add(jPanel1Layout.createSequentialGroup()&#10;                .add(jButton1)&#10;                .addPreferredGap(org.jdesktop.layout.LayoutStyle.RELATED)&#10;                .add(jButton2)&#10;                .addPreferredGap(org.jdesktop.layout.LayoutStyle.RELATED, 11, Short.MAX_VALUE)&#10;                .add(jButton3)&#10;                .addContainerGap())&#10;        );&#10;&#10;        jButton9.setFont(new java.awt.Font(&quot;Arial&quot;, 0, 11));&#10;        jButton9.setText(&quot;Logout&quot;);&#10;        jButton9.addActionListener(new java.awt.event.ActionListener()&#10;        {&#10;            public void actionPerformed(java.awt.event.ActionEvent evt)&#10;            {&#10;                jButton9ActionPerformed(evt);&#10;            }&#10;        });&#10;&#10;        org.jdesktop.layout.GroupLayout layout = new org.jdesktop.layout.GroupLayout(getContentPane());&#10;        getContentPane().setLayout(layout);&#10;        layout.setHorizontalGroup(&#10;            layout.createParallelGroup(org.jdesktop.layout.GroupLayout.LEADING)&#10;            .add(layout.createSequentialGroup()&#10;                .addContainerGap()&#10;                .add(layout.createParallelGroup(org.jdesktop.layout.GroupLayout.LEADING)&#10;                    .add(layout.createSequentialGroup()&#10;                        .add(jLabel5)&#10;                        .addPreferredGap(org.jdesktop.layout.LayoutStyle.RELATED)&#10;                        .add(jLabel7))&#10;                    .add(jPanel2, org.jdesktop.layout.GroupLayout.PREFERRED_SIZE, org.jdesktop.layout.GroupLayout.DEFAULT_SIZE, org.jdesktop.layout.GroupLayout.PREFERRED_SIZE)&#10;                    .add(jLabel1)&#10;                    .add(layout.createSequentialGroup()&#10;                        .add(10, 10, 10)&#10;                        .add(layout.createParallelGroup(org.jdesktop.layout.GroupLayout.LEADING)&#10;                            .add(jLabel3)&#10;                            .add(jLabel2)&#10;                            .add(jLabel4))))&#10;                .add(22, 22, 22)&#10;                .add(layout.createParallelGroup(org.jdesktop.layout.GroupLayout.LEADING)&#10;                    .add(org.jdesktop.layout.GroupLayout.TRAILING, jPanel3, org.jdesktop.layout.GroupLayout.DEFAULT_SIZE, org.jdesktop.layout.GroupLayout.DEFAULT_SIZE, Short.MAX_VALUE)&#10;                    .add(org.jdesktop.layout.GroupLayout.TRAILING, jPanel1, org.jdesktop.layout.GroupLayout.PREFERRED_SIZE, org.jdesktop.layout.GroupLayout.DEFAULT_SIZE, org.jdesktop.layout.GroupLayout.PREFERRED_SIZE))&#10;                .addContainerGap())&#10;            .add(layout.createSequentialGroup()&#10;                .add(316, 316, 316)&#10;                .add(jButton9, org.jdesktop.layout.GroupLayout.PREFERRED_SIZE, 100, org.jdesktop.layout.GroupLayout.PREFERRED_SIZE)&#10;                .add(13, 13, 13))&#10;        );&#10;        layout.setVerticalGroup(&#10;            layout.createParallelGroup(org.jdesktop.layout.GroupLayout.LEADING)&#10;            .add(layout.createSequentialGroup()&#10;                .addContainerGap()&#10;                .add(layout.createParallelGroup(org.jdesktop.layout.GroupLayout.LEADING)&#10;                    .add(jPanel1, org.jdesktop.layout.GroupLayout.PREFERRED_SIZE, org.jdesktop.layout.GroupLayout.DEFAULT_SIZE, org.jdesktop.layout.GroupLayout.PREFERRED_SIZE)&#10;                    .add(layout.createSequentialGroup()&#10;                        .add(layout.createParallelGroup(org.jdesktop.layout.GroupLayout.BASELINE)&#10;                            .add(jLabel5)&#10;                            .add(jLabel7))&#10;                        .addPreferredGap(org.jdesktop.layout.LayoutStyle.UNRELATED)&#10;                        .add(jLabel1)&#10;                        .addPreferredGap(org.jdesktop.layout.LayoutStyle.RELATED)&#10;                        .add(jLabel2)&#10;                        .addPreferredGap(org.jdesktop.layout.LayoutStyle.RELATED)&#10;                        .add(jLabel3, org.jdesktop.layout.GroupLayout.PREFERRED_SIZE, 14, org.jdesktop.layout.GroupLayout.PREFERRED_SIZE)&#10;                        .addPreferredGap(org.jdesktop.layout.LayoutStyle.RELATED)&#10;                        .add(jLabel4)))&#10;                .addPreferredGap(org.jdesktop.layout.LayoutStyle.RELATED)&#10;                .add(layout.createParallelGroup(org.jdesktop.layout.GroupLayout.LEADING, false)&#10;                    .add(org.jdesktop.layout.GroupLayout.TRAILING, layout.createSequentialGroup()&#10;                        .add(jPanel3, org.jdesktop.layout.GroupLayout.PREFERRED_SIZE, org.jdesktop.layout.GroupLayout.DEFAULT_SIZE, org.jdesktop.layout.GroupLayout.PREFERRED_SIZE)&#10;                        .addPreferredGap(org.jdesktop.layout.LayoutStyle.RELATED, org.jdesktop.layout.GroupLayout.DEFAULT_SIZE, Short.MAX_VALUE)&#10;                        .add(jButton9))&#10;                    .add(jPanel2, org.jdesktop.layout.GroupLayout.PREFERRED_SIZE, org.jdesktop.layout.GroupLayout.DEFAULT_SIZE, org.jdesktop.layout.GroupLayout.PREFERRED_SIZE))&#10;                .addContainerGap(38, Short.MAX_VALUE))&#10;        );&#10;&#10;        pack();&#10;    }// &lt;/editor-fold&gt;//GEN-END:initComponents&#10;&#10;    private void jButton7ActionPerformed(java.awt.event.ActionEvent evt) {//GEN-FIRST:event_jButton7ActionPerformed&#10;        // TODO add your handling code here:&#10;    }//GEN-LAST:event_jButton7ActionPerformed&#10;&#10;    private void jButton1ActionPerformed(java.awt.event.ActionEvent evt) {//GEN-FIRST:event_jButton1ActionPerformed&#10;        initSetup = true;&#10;        dataRec = true;&#10;    }//GEN-LAST:event_jButton1ActionPerformed&#10;&#10;    private void jButton2ActionPerformed(java.awt.event.ActionEvent evt) {//GEN-FIRST:event_jButton2ActionPerformed&#10;        editSched = true;&#10;        dataRec = true;&#10;    }//GEN-LAST:event_jButton2ActionPerformed&#10;&#10;    private void jButton9ActionPerformed(java.awt.event.ActionEvent evt) {//GEN-FIRST:event_jButton9ActionPerformed&#10;        //   IC.Initiate_Logout();&#10;        logout = true;&#10;        dataRec = true;&#10;    }//GEN-LAST:event_jButton9ActionPerformed&#10;&#10;    private void jButton3ActionPerformed(java.awt.event.ActionEvent evt)//GEN-FIRST:event_jButton3ActionPerformed&#10;    {//GEN-HEADEREND:event_jButton3ActionPerformed&#10;        // TODO add your handling code here:&#10;    }//GEN-LAST:event_jButton3ActionPerformed&#10;    &#10;    /**&#10;     * @param args the command line arguments&#10;     */&#10;    public void launchForm() {&#10;        java.awt.EventQueue.invokeLater(new Runnable() {&#10;            public void run() {&#10;                new MainMenu().setVisible(true);&#10;            }&#10;        });&#10;    }&#10;    &#10;    public void setdataRec(boolean condition)&#10;    {&#10;        dataRec = condition;&#10;    }&#10;    public boolean dataRec()&#10;    {&#10;        return dataRec;&#10;    }&#10;    &#10;    public boolean logoutSelected()&#10;    {&#10;        return logout;&#10;    }&#10;    &#10;    public boolean InitSetupSelected()&#10;    {&#10;        return initSetup;&#10;    }&#10;    &#10;    public boolean editSchedSelected()&#10;    {&#10;        return editSched;&#10;    }&#10;    &#10;    // Variables declaration - do not modify//GEN-BEGIN:variables&#10;    private javax.swing.JButton jButton1;&#10;    private javax.swing.JButton jButton2;&#10;    private javax.swing.JButton jButton3;&#10;    private javax.swing.JButton jButton4;&#10;    private javax.swing.JButton jButton5;&#10;    private javax.swing.JButton jButton6;&#10;    private javax.swing.JButton jButton7;&#10;    private javax.swing.JButton jButton8;&#10;    private javax.swing.JButton jButton9;&#10;    private javax.swing.JLabel jLabel1;&#10;    private javax.swing.JLabel jLabel2;&#10;    private javax.swing.JLabel jLabel3;&#10;    private javax.swing.JLabel jLabel4;&#10;    private javax.swing.JLabel jLabel5;&#10;    private javax.swing.JLabel jLabel7;&#10;    private javax.swing.JPanel jPanel1;&#10;    private javax.swing.JPanel jPanel2;&#10;    private javax.swing.JPanel jPanel3;&#10;    // End of variables declaration//GEN-END:variables&#10;    &#10;}&#10;" Filename="MainMenu.java" Intrnl_Id="23"/>
<SrcFile Content="/*&#10; * LogIn2.java&#10; *&#10; * Created on April 13, 2008, 3:00 PM&#10; */&#10;&#10;package my.PSM.PSM_Interface;&#10;&#10;/**&#10; *&#10; * @author  Kurt&#10; */&#10;public class LoginForm extends javax.swing.JFrame {&#10;    &#10;    /**&#10;&#9; * &#10;&#9; */&#10;&#9;private static final long serialVersionUID = 1L;&#10;&#9;private static boolean dataRec;&#10;    private static String username;&#10;    private static String password;&#10;    private static char[] tmp;&#10;&#10;    private static int tmpLength;&#10;    public LoginForm() {&#10;        initComponents();&#10;    }&#10;    &#10;    /** This method is called from within the constructor to&#10;     * initialize the form.&#10;     * WARNING: Do NOT modify this code. The content of this method is&#10;     * always regenerated by the Form Editor.&#10;     */&#10;    // &lt;editor-fold defaultstate=&quot;collapsed&quot; desc=&quot;Generated Code&quot;&gt;//GEN-BEGIN:initComponents&#10;    private void initComponents() {&#10;&#10;        jPanel1 = new javax.swing.JPanel();&#10;        jButton1 = new javax.swing.JButton();&#10;        jButton2 = new javax.swing.JButton();&#10;        jLabel1 = new javax.swing.JLabel();&#10;        jTextField1 = new javax.swing.JTextField();&#10;        jLabel2 = new javax.swing.JLabel();&#10;        jPasswordField1 = new javax.swing.JPasswordField();&#10;&#10;        setDefaultCloseOperation(javax.swing.WindowConstants.EXIT_ON_CLOSE);&#10;        setTitle(&quot;PSM Login&quot;);&#10;&#10;        jPanel1.setBorder(javax.swing.BorderFactory.createTitledBorder(null, &quot;Login Information&quot;, javax.swing.border.TitledBorder.DEFAULT_JUSTIFICATION, javax.swing.border.TitledBorder.DEFAULT_POSITION, new java.awt.Font(&quot;Tahoma&quot;, 1, 12), new java.awt.Color(0, 0, 255)));&#10;&#10;        jButton1.setText(&quot;Login&quot;);&#10;        jButton1.addActionListener(new java.awt.event.ActionListener() {&#10;            public void actionPerformed(java.awt.event.ActionEvent evt) {&#10;                jButton1ActionPerformed(evt);&#10;            }&#10;        });&#10;&#10;        jButton2.setText(&quot;Cancel&quot;);&#10;        jButton2.addActionListener(new java.awt.event.ActionListener() {&#10;            public void actionPerformed(java.awt.event.ActionEvent evt) {&#10;                jButton2ActionPerformed(evt);&#10;            }&#10;        });&#10;&#10;        jLabel1.setFont(new java.awt.Font(&quot;Tahoma&quot;, 0, 12));&#10;        jLabel1.setText(&quot;Username:&quot;);&#10;&#10;        jTextField1.setMinimumSize(new java.awt.Dimension(6, 60));&#10;&#10;        jLabel2.setFont(new java.awt.Font(&quot;Tahoma&quot;, 0, 12));&#10;        jLabel2.setText(&quot;Password: &quot;);&#10;&#10;        org.jdesktop.layout.GroupLayout jPanel1Layout = new org.jdesktop.layout.GroupLayout(jPanel1);&#10;        jPanel1.setLayout(jPanel1Layout);&#10;        jPanel1Layout.setHorizontalGroup(&#10;            jPanel1Layout.createParallelGroup(org.jdesktop.layout.GroupLayout.LEADING)&#10;            .add(jPanel1Layout.createSequentialGroup()&#10;                .add(15, 15, 15)&#10;                .add(jLabel1)&#10;                .add(11, 11, 11)&#10;                .add(jTextField1, org.jdesktop.layout.GroupLayout.PREFERRED_SIZE, 141, org.jdesktop.layout.GroupLayout.PREFERRED_SIZE))&#10;            .add(jPanel1Layout.createSequentialGroup()&#10;                .add(15, 15, 15)&#10;                .add(jLabel2)&#10;                .add(10, 10, 10)&#10;                .add(jPasswordField1, org.jdesktop.layout.GroupLayout.PREFERRED_SIZE, 141, org.jdesktop.layout.GroupLayout.PREFERRED_SIZE))&#10;            .add(jPanel1Layout.createSequentialGroup()&#10;                .add(84, 84, 84)&#10;                .add(jButton1, org.jdesktop.layout.GroupLayout.PREFERRED_SIZE, 69, org.jdesktop.layout.GroupLayout.PREFERRED_SIZE)&#10;                .addPreferredGap(org.jdesktop.layout.LayoutStyle.RELATED)&#10;                .add(jButton2))&#10;        );&#10;        jPanel1Layout.setVerticalGroup(&#10;            jPanel1Layout.createParallelGroup(org.jdesktop.layout.GroupLayout.LEADING)&#10;            .add(jPanel1Layout.createSequentialGroup()&#10;                .add(5, 5, 5)&#10;                .add(jPanel1Layout.createParallelGroup(org.jdesktop.layout.GroupLayout.LEADING)&#10;                    .add(jPanel1Layout.createSequentialGroup()&#10;                        .add(2, 2, 2)&#10;                        .add(jLabel1))&#10;                    .add(jTextField1, org.jdesktop.layout.GroupLayout.PREFERRED_SIZE, org.jdesktop.layout.GroupLayout.DEFAULT_SIZE, org.jdesktop.layout.GroupLayout.PREFERRED_SIZE))&#10;                .add(20, 20, 20)&#10;                .add(jPanel1Layout.createParallelGroup(org.jdesktop.layout.GroupLayout.LEADING)&#10;                    .add(jPanel1Layout.createSequentialGroup()&#10;                        .add(2, 2, 2)&#10;                        .add(jLabel2))&#10;                    .add(jPasswordField1, org.jdesktop.layout.GroupLayout.PREFERRED_SIZE, org.jdesktop.layout.GroupLayout.DEFAULT_SIZE, org.jdesktop.layout.GroupLayout.PREFERRED_SIZE))&#10;                .add(20, 20, 20)&#10;                .add(jPanel1Layout.createParallelGroup(org.jdesktop.layout.GroupLayout.BASELINE)&#10;                    .add(jButton2)&#10;                    .add(jButton1)))&#10;        );&#10;&#10;        org.jdesktop.layout.GroupLayout layout = new org.jdesktop.layout.GroupLayout(getContentPane());&#10;        getContentPane().setLayout(layout);&#10;        layout.setHorizontalGroup(&#10;            layout.createParallelGroup(org.jdesktop.layout.GroupLayout.LEADING)&#10;            .add(layout.createSequentialGroup()&#10;                .addContainerGap()&#10;                .add(jPanel1, org.jdesktop.layout.GroupLayout.PREFERRED_SIZE, org.jdesktop.layout.GroupLayout.DEFAULT_SIZE, org.jdesktop.layout.GroupLayout.PREFERRED_SIZE)&#10;                .addContainerGap(org.jdesktop.layout.GroupLayout.DEFAULT_SIZE, Short.MAX_VALUE))&#10;        );&#10;        layout.setVerticalGroup(&#10;            layout.createParallelGroup(org.jdesktop.layout.GroupLayout.LEADING)&#10;            .add(layout.createSequentialGroup()&#10;                .addContainerGap()&#10;                .add(jPanel1, org.jdesktop.layout.GroupLayout.PREFERRED_SIZE, org.jdesktop.layout.GroupLayout.DEFAULT_SIZE, org.jdesktop.layout.GroupLayout.PREFERRED_SIZE)&#10;                .addContainerGap(org.jdesktop.layout.GroupLayout.DEFAULT_SIZE, Short.MAX_VALUE))&#10;        );&#10;&#10;        pack();&#10;    }// &lt;/editor-fold&gt;//GEN-END:initComponents&#10;&#10;    public boolean dataReceived()&#10;    {&#10;        return dataRec;&#10;    }&#10;    &#10;    public void setDataRec(boolean condition)&#10;    {&#10;        dataRec = condition;&#10;    }&#10;    private void jButton1ActionPerformed(java.awt.event.ActionEvent evt) {//GEN-FIRST:event_jButton1ActionPerformed&#10;        // TODO add your handling code here:&#10;        password = &quot;&quot;;&#10;        &#10;        &#10;        &#10;        username = jTextField1.getText();&#10;        tmpLength = jPasswordField1.getPassword().length;&#10;        tmp = new char[tmpLength];&#10;        &#10;        tmp = jPasswordField1.getPassword();&#10;        &#10;        for(int i = 0; i &lt; tmp.length; i++)&#10;            password = password + tmp[i];&#10;        &#10;        dataRec = true;&#10;        setVisible(false);&#10;        dispose();&#10;    }//GEN-LAST:event_jButton1ActionPerformed&#10;&#10;    private void jButton2ActionPerformed(java.awt.event.ActionEvent evt) {//GEN-FIRST:event_jButton2ActionPerformed&#10;        // TODO add your handling code here:&#10;        setVisible(false);&#10;        dispose();&#10;        System.exit(0);&#10;    }//GEN-LAST:event_jButton2ActionPerformed&#10;    &#10;    /**&#10;     * @param args the command line arguments&#10;     */&#10;       public void launchForm() {&#10;        java.awt.EventQueue.invokeLater(new Runnable() {&#10;            public void run() {&#10;                new LoginForm().setVisible(true);&#10;            }&#10;        });&#10;    }&#10;       public String getUsername()&#10;    {&#10;        return username;&#10;    }&#10;    &#10;    public String getPassword()&#10;    {&#10;        return password;&#10;    }&#10;    &#10;    // Variables declaration - do not modify//GEN-BEGIN:variables&#10;    private javax.swing.JButton jButton1;&#10;    private javax.swing.JButton jButton2;&#10;    private javax.swing.JLabel jLabel1;&#10;    private javax.swing.JLabel jLabel2;&#10;    private javax.swing.JPanel jPanel1;&#10;    private javax.swing.JPasswordField jPasswordField1;&#10;    private javax.swing.JTextField jTextField1;&#10;    // End of variables declaration//GEN-END:variables&#10;    &#10;}&#10;" Filename="LoginForm.java" Intrnl_Id="24"/>
<SrcFile Content="/*&#10; * LogOutConfirm2.java&#10; *&#10; * Created on April 13, 2008, 2:50 PM&#10; */&#10;&#10;package my.PSM.PSM_Interface;&#10;&#10;/**&#10; *&#10; * @author  Kurt&#10; */&#10;public class LogOutConfirm extends javax.swing.JFrame {&#10;    &#10;    /**&#10;&#9; * &#10;&#9; */&#10;&#9;private static final long serialVersionUID = 1L;&#10;&#9;/** Creates new form LogOutConfirm2 */&#10;    public LogOutConfirm() {&#10;        initComponents();&#10;    }&#10;    &#10;    /** This method is called from within the constructor to&#10;     * initialize the form.&#10;     * WARNING: Do NOT modify this code. The content of this method is&#10;     * always regenerated by the Form Editor.&#10;     */&#10;    // &lt;editor-fold defaultstate=&quot;collapsed&quot; desc=&quot;Generated Code&quot;&gt;//GEN-BEGIN:initComponents&#10;    private void initComponents() {&#10;&#10;        jLabel1 = new javax.swing.JLabel();&#10;        jButton1 = new javax.swing.JButton();&#10;&#10;        setDefaultCloseOperation(javax.swing.WindowConstants.DISPOSE_ON_CLOSE);&#10;        setTitle(&quot;Logged Out&quot;);&#10;&#10;        jLabel1.setFont(new java.awt.Font(&quot;Tahoma&quot;, 0, 12));&#10;        jLabel1.setHorizontalAlignment(javax.swing.SwingConstants.CENTER);&#10;        jLabel1.setText(&quot;You have successfully logged out&quot;);&#10;        jLabel1.setBorder(javax.swing.BorderFactory.createTitledBorder(null, &quot;System Message&quot;, javax.swing.border.TitledBorder.DEFAULT_JUSTIFICATION, javax.swing.border.TitledBorder.DEFAULT_POSITION, new java.awt.Font(&quot;Tahoma&quot;, 1, 12), new java.awt.Color(0, 0, 255)));&#10;&#10;        jButton1.setText(&quot;OK&quot;);&#10;        jButton1.addActionListener(new java.awt.event.ActionListener() {&#10;            public void actionPerformed(java.awt.event.ActionEvent evt) {&#10;                jButton1ActionPerformed(evt);&#10;            }&#10;        });&#10;&#10;        org.jdesktop.layout.GroupLayout layout = new org.jdesktop.layout.GroupLayout(getContentPane());&#10;        getContentPane().setLayout(layout);&#10;        layout.setHorizontalGroup(&#10;            layout.createParallelGroup(org.jdesktop.layout.GroupLayout.LEADING)&#10;            .add(0, 263, Short.MAX_VALUE)&#10;            .add(layout.createParallelGroup(org.jdesktop.layout.GroupLayout.LEADING)&#10;                .add(layout.createSequentialGroup()&#10;                    .add(0, 0, Short.MAX_VALUE)&#10;                    .add(layout.createParallelGroup(org.jdesktop.layout.GroupLayout.LEADING)&#10;                        .add(jLabel1, org.jdesktop.layout.GroupLayout.PREFERRED_SIZE, 228, org.jdesktop.layout.GroupLayout.PREFERRED_SIZE)&#10;                        .add(layout.createSequentialGroup()&#10;                            .add(85, 85, 85)&#10;                            .add(jButton1, org.jdesktop.layout.GroupLayout.PREFERRED_SIZE, 57, org.jdesktop.layout.GroupLayout.PREFERRED_SIZE)))&#10;                    .add(0, 0, Short.MAX_VALUE)))&#10;        );&#10;        layout.setVerticalGroup(&#10;            layout.createParallelGroup(org.jdesktop.layout.GroupLayout.LEADING)&#10;            .add(0, 152, Short.MAX_VALUE)&#10;            .add(layout.createParallelGroup(org.jdesktop.layout.GroupLayout.LEADING)&#10;                .add(layout.createSequentialGroup()&#10;                    .add(0, 0, Short.MAX_VALUE)&#10;                    .add(jLabel1, org.jdesktop.layout.GroupLayout.PREFERRED_SIZE, 63, org.jdesktop.layout.GroupLayout.PREFERRED_SIZE)&#10;                    .add(20, 20, 20)&#10;                    .add(jButton1)&#10;                    .add(0, 0, Short.MAX_VALUE)))&#10;        );&#10;&#10;        pack();&#10;    }// &lt;/editor-fold&gt;//GEN-END:initComponents&#10;&#10;    private void jButton1ActionPerformed(java.awt.event.ActionEvent evt) {//GEN-FIRST:event_jButton1ActionPerformed&#10;        // TODO add your handling code here:&#10;        setVisible(false);&#10;        System.exit(0);&#10;    }//GEN-LAST:event_jButton1ActionPerformed&#10;    &#10;    /**&#10;     * @param args the command line arguments&#10;     */&#10;    public void launchLogout() {&#10;        java.awt.EventQueue.invokeLater(new Runnable() {&#10;            public void run() {&#10;                new LogOutConfirm().setVisible(true);&#10;            }&#10;        });&#10;    }&#10;    &#10;    // Variables declaration - do not modify//GEN-BEGIN:variables&#10;    private javax.swing.JButton jButton1;&#10;    private javax.swing.JLabel jLabel1;&#10;    // End of variables declaration//GEN-END:variables&#10;    &#10;}&#10;" Filename="LogOutConfirm.java" Intrnl_Id="25"/>
<SrcFile Content="package my.PSM.PSM_Interface;&#13;&#10;&#13;&#10;import my.PSM.PSM_Logic.LogicFacade;&#13;&#10;&#13;&#10;public class InterfaceFacade {&#13;&#10;&#9;private courseSelect course;&#13;&#10;&#9;private LoginForm login;&#13;&#10;&#9;private LogOutConfirm logout;&#13;&#10;&#9;private MainMenu menu;&#13;&#10;&#9;private Messages message;&#13;&#10;&#9;private static PrefilledScheduleForm psForm;&#13;&#10;&#9;private static ScheduleForm sForm;&#13;&#10;&#9;&#13;&#10;&#9;public InterfaceFacade(){&#13;&#10;&#9;&#9;&#13;&#10;&#9;}&#13;&#10;&#9;public void initiate(LogicFacade lfacade){&#13;&#10;&#9;&#9;course = new courseSelect(lfacade);&#13;&#10;&#9;&#9;login = new LoginForm();&#13;&#10;&#9;&#9;logout = new LogOutConfirm();&#13;&#10;&#9;&#9;menu = new MainMenu();&#13;&#10;&#9;&#9;message = new Messages();&#13;&#10;&#9;&#9;psForm = new PrefilledScheduleForm();&#13;&#10;&#9;&#9;sForm = new ScheduleForm();&#13;&#10;&#9;}&#13;&#10;&#9;public void lockedOut(){&#13;&#10;&#9;&#9;message.lockedOut();&#13;&#10;&#9;}&#13;&#10;&#9;&#13;&#10;&#9;public void logoutConfirmation(){&#13;&#10;&#9;&#9;message.logoutConfirmation();&#13;&#10;&#9;}&#13;&#10;&#9;&#13;&#10;&#9;public void launchLogout(){&#13;&#10;&#9;&#9;logout.launchLogout();&#13;&#10;&#9;}&#13;&#10;&#9;&#13;&#10;&#9;public void incorrectLogin(){&#13;&#10;&#9;&#9;message.incorrectLogin();&#13;&#10;&#9;}&#13;&#10;&#9;&#13;&#10;&#9;public void launchInitial(){&#13;&#10;&#9;&#9;sForm.launchInitial();&#13;&#10;&#9;}&#13;&#10;&#9;&#13;&#10;&#9;public void launchEdit(int courseID, String courseSubj, String courseName, String semester,&#13;&#10;            String startDate, String endDate, String startMon, String endMon,&#13;&#10;            String startTue, String endTue, String startWed, String endWed, String startThu, String endThu, &#13;&#10;            String startFri, String endFri, String startSat, String endSat){&#13;&#10;&#9;&#9;psForm.launchEdit(courseID, courseSubj, courseName, semester, startDate, endDate, startMon, endMon, startTue, endTue, startWed, endWed, startThu, endThu, startFri, endFri, startSat, endSat);&#13;&#10;&#9;}&#13;&#10;&#9;&#13;&#10;&#9;public void launchCourse(){&#13;&#10;&#9;&#9;course.launchCourse();&#13;&#10;&#9;}&#13;&#10;&#9;&#13;&#10;&#9;public void launchLoginForm(){&#13;&#10;&#9;&#9;login.launchForm();&#13;&#10;&#9;}&#13;&#10;&#9;&#13;&#10;&#9;public void launchMenu(){&#13;&#10;&#9;&#9;menu.launchForm();&#13;&#10;&#9;}&#13;&#10;&#9;&#13;&#10;&#9;public boolean menuDataRec(){&#13;&#10;&#9;&#9;return menu.dataRec();&#13;&#10;&#9;}&#13;&#10;&#9;&#13;&#10;&#9;public boolean editSchedSelected(){&#13;&#10;&#9;&#9;return menu.editSchedSelected();&#13;&#10;&#9;}&#13;&#10;&#9;&#13;&#10;&#9;public boolean InitSetupSelected(){&#13;&#10;&#9;&#9;return menu.InitSetupSelected();&#13;&#10;&#9;}&#13;&#10;&#9;&#13;&#10;&#9;public boolean logoutSelected(){&#13;&#10;&#9;&#9;return menu.logoutSelected();&#13;&#10;&#9;}&#13;&#10;&#9;&#13;&#10;&#9;public void setMenuDataRec(boolean bool){&#13;&#10;&#9;&#9;menu.setdataRec(bool);&#13;&#10;&#9;}&#13;&#10;&#9;&#13;&#10;&#9;public boolean schedDataRec(){&#13;&#10;&#9;&#9;return sForm.dataRec();&#13;&#10;&#9;}&#13;&#10;&#9;&#13;&#10;&#9;public void setSchedDataRec(boolean bool){&#13;&#10;&#9;&#9;sForm.setDataRec(bool);&#13;&#10;&#9;}&#13;&#10;&#9;&#13;&#10;&#9;public int getDefCourseID() {&#13;&#10;&#9;&#9;return psForm.getDefCourseID();&#13;&#10;&#9;}&#13;&#10;&#13;&#10;&#9;public String getpNewCourseEnd() {&#13;&#10;&#9;&#9;return psForm.getNewCourseEnd();&#13;&#10;&#9;}&#13;&#10;&#13;&#10;&#9;public String getpNewMonStart() {&#13;&#10;&#9;&#9;return psForm.getNewMonStart();&#13;&#10;&#9;}&#13;&#10;&#13;&#10;&#9;public String getpNewTueStart() {&#13;&#10;&#9;&#9;return psForm.getNewTueStart();&#13;&#10;&#9;}&#13;&#10;&#13;&#10;&#9;public String getpNewTueEnd() {&#13;&#10;&#9;&#9;return psForm.getNewTueEnd();&#13;&#10;&#9;}&#13;&#10;&#13;&#10;&#9;public String getpNewThuEnd() {&#13;&#10;&#9;&#9;return psForm.getNewThuEnd();&#13;&#10;&#9;}&#13;&#10;&#13;&#10;&#9;public String getpNewThuStart() {&#13;&#10;&#9;&#9;return psForm.getNewThuStart();&#13;&#10;&#9;}&#13;&#10;&#13;&#10;&#9;public String getpNewWedEnd() {&#13;&#10;&#9;&#9;return psForm.getNewWedEnd();&#13;&#10;&#9;}&#13;&#10;&#13;&#10;&#9;public String getpNewWedStart() {&#13;&#10;&#9;&#9;return psForm.getNewWedStart();&#13;&#10;&#9;}&#13;&#10;&#13;&#10;&#9;public String getpNewFriEnd() {&#13;&#10;&#9;&#9;return psForm.getNewFriEnd();&#13;&#10;&#9;}&#13;&#10;&#13;&#10;&#9;public String getpNewSatEnd() {&#13;&#10;&#9;&#9;return psForm.getNewSatEnd();&#13;&#10;&#9;}&#13;&#10;&#13;&#10;&#9;public String getpNewSatStart() {&#13;&#10;&#9;&#9;return psForm.getNewSatStart();&#13;&#10;&#9;}&#13;&#10;&#13;&#10;&#9;public String getpNewFriStart() {&#13;&#10;&#9;&#9;return psForm.getNewFriStart();&#13;&#10;&#9;}&#13;&#10;&#13;&#10;&#9;public String getpNewMonEnd() {&#13;&#10;&#9;&#9;return psForm.getNewMonEnd();&#13;&#10;&#9;}&#13;&#10;&#9;&#13;&#10;&#9;public int getNewCourseID() {&#13;&#10;&#9;&#9;return sForm.getNewCourseID();&#13;&#10;&#9;}&#13;&#10;&#13;&#10;&#9;public String getNewSub() {&#13;&#10;&#9;&#9;return sForm.getNewSub();&#13;&#10;&#9;}&#13;&#10;&#13;&#10;&#9;public String getNewCourseName() {&#13;&#10;&#9;&#9;return sForm.getNewCourseName();&#13;&#10;&#9;}&#13;&#10;&#13;&#10;&#9;public String getNewSemester() {&#13;&#10;&#9;&#9;return sForm.getNewSemester();&#13;&#10;&#9;}&#13;&#10;&#9;&#13;&#10;&#9;public String getNewCourseEnd() {&#13;&#10;&#9;&#9;return sForm.getNewCourseEnd();&#13;&#10;&#9;}&#13;&#10;&#13;&#10;&#9;public String getNewMonStart() {&#13;&#10;&#9;&#9;return sForm.getNewMonStart();&#13;&#10;&#9;}&#13;&#10;&#13;&#10;&#9;public String getNewTueStart() {&#13;&#10;&#9;&#9;return sForm.getNewTueStart();&#13;&#10;&#9;}&#13;&#10;&#13;&#10;&#9;public String getNewTueEnd() {&#13;&#10;&#9;&#9;return sForm.getNewTueEnd();&#13;&#10;&#9;}&#13;&#10;&#13;&#10;&#9;public String getNewThuEnd() {&#13;&#10;&#9;&#9;return sForm.getNewThuEnd();&#13;&#10;&#9;}&#13;&#10;&#13;&#10;&#9;public String getNewThuStart() {&#13;&#10;&#9;&#9;return sForm.getNewThuStart();&#13;&#10;&#9;}&#13;&#10;&#13;&#10;&#9;public String getNewWedEnd() {&#13;&#10;&#9;&#9;return sForm.getNewWedEnd();&#13;&#10;&#9;}&#13;&#10;&#13;&#10;&#9;public String getNewWedStart() {&#13;&#10;&#9;&#9;return sForm.getNewWedStart();&#13;&#10;&#9;}&#13;&#10;&#13;&#10;&#9;public String getNewFriEnd() {&#13;&#10;&#9;&#9;return sForm.getNewFriEnd();&#13;&#10;&#9;}&#13;&#10;&#13;&#10;&#9;public String getNewSatEnd() {&#13;&#10;&#9;&#9;return sForm.getNewSatEnd();&#13;&#10;&#9;}&#13;&#10;&#13;&#10;&#9;public String getNewSatStart() {&#13;&#10;&#9;&#9;return sForm.getNewSatStart();&#13;&#10;&#9;}&#13;&#10;&#13;&#10;&#9;public String getNewFriStart() {&#13;&#10;&#9;&#9;return sForm.getNewFriStart();&#13;&#10;&#9;}&#13;&#10;&#13;&#10;&#9;public String getNewMonEnd() {&#13;&#10;&#9;&#9;return sForm.getNewMonEnd();&#13;&#10;&#9;}&#13;&#10;&#9;&#13;&#10;&#9;public boolean courseSelected(){&#13;&#10;&#9;&#9;return course.courseSelected();&#13;&#10;&#9;}&#13;&#10;&#9;&#13;&#10;&#9;public void setCourseSelected(boolean bool){&#13;&#10;&#9;&#9;course.setCourseSelected(bool);&#13;&#10;&#9;}&#13;&#10;&#9;&#13;&#10;&#9;public int getSelection(){&#13;&#10;&#9;&#9;return course.getSelection();&#13;&#10;&#9;}&#13;&#10;&#9;&#13;&#10;&#9;public boolean psDataRec(){&#13;&#10;&#9;&#9;return psForm.dataRec();&#13;&#10;&#9;}&#13;&#10;&#9;&#13;&#10;&#9;public void setPsDataRec(boolean bool){&#13;&#10;&#9;&#9;psForm.setDataRec(bool);&#13;&#10;&#9;}&#13;&#10;&#13;&#10;&#9;public String getNewCourseStart(){ &#13;&#10;&#9;&#9;return sForm.getNewCourseStart();&#13;&#10;&#9;}&#13;&#10;&#9;&#13;&#10;&#9;public String getpNewCourseStart(){ &#13;&#10;&#9;&#9;return psForm.getNewCourseStart();&#13;&#10;&#9;}&#13;&#10;&#9;&#13;&#10;&#9;public boolean dataReceived(){&#13;&#10;&#9;&#9;return login.dataReceived();&#13;&#10;&#9;}&#13;&#10;&#9;&#13;&#10;&#9;public void setLogDataRec(boolean bool){&#13;&#10;&#9;&#9;login.setDataRec(bool);&#13;&#10;&#9;}&#13;&#10;&#9;&#13;&#10;&#9;public String getUsername(){&#13;&#10;&#9;&#9;return login.getUsername();&#13;&#10;&#9;}&#13;&#10;&#9;&#13;&#10;&#9;public String getPassword(){&#13;&#10;&#9;&#9;return login.getPassword();&#13;&#10;&#9;}&#13;&#10;&#9;&#13;&#10;&#9;public void setAck(boolean bool){&#13;&#10;&#9;&#9;message.ack = bool;&#13;&#10;&#9;}&#13;&#10;&#9;&#13;&#10;&#9;public boolean getAck(){&#13;&#10;&#9;&#9;return message.ack;&#13;&#10;&#9;}&#13;&#10;&#9;&#13;&#10;&#9;public void FifteenMinWarning(){&#13;&#10;&#9;&#9;message.FifteenMinWarning();&#13;&#10;&#9;}&#13;&#10;&#9;&#13;&#10;&#9;public void FiveMinWarning(){&#13;&#10;&#9;&#9;message.FiveMinWarning();&#13;&#10;&#9;}&#13;&#10;&#9;&#13;&#10;&#9;public void endClassWarning(){&#13;&#10;&#9;&#9;message.endClassWarning();&#13;&#10;&#9;}&#13;&#10;&#9;&#13;&#10;&#9;&#13;&#10;}&#13;&#10;" Filename="InterfaceFacade.java" Intrnl_Id="26"/>
</SrcFileList>
<CritList>
<CritListEntry Name="org.codecover.model.utils.criteria.LoopCoverage" PluginName="org.codecover"/>
<CritListEntry Name="org.codecover.model.utils.criteria.ConditionCoverage" PluginName="org.codecover"/>
<CritListEntry Name="org.codecover.model.utils.criteria.BranchCoverage" PluginName="org.codecover"/>
<CritListEntry Name="org.codecover.model.utils.criteria.StatementCoverage" PluginName="org.codecover"/>
</CritList>
<BoolOpList>
<BoolOp Arity="2" Intrnl_Id="27" Name="conditional and (&amp;&amp;)">
<BoolAssgnmntBoolMapList>
<MapEntry BoolAssgnmnt="02" Value="false"/>
<MapEntry BoolAssgnmnt="10" Value="false"/>
<MapEntry BoolAssgnmnt="11" Value="true"/>
</BoolAssgnmntBoolMapList>
</BoolOp>
<BoolOp Arity="1" Intrnl_Id="28" Name="not (!)">
<BoolAssgnmntBoolMapList>
<MapEntry BoolAssgnmnt="1" Value="false"/>
<MapEntry BoolAssgnmnt="0" Value="true"/>
</BoolAssgnmntBoolMapList>
</BoolOp>
</BoolOpList>
<HierarchyLvlTypeList>
<HierarchyLvlType EnglishName="package" IntrnlName="package" Intrnl_Id="29"/>
<HierarchyLvlType EnglishName="anonymous class" IntrnlName="class" Intrnl_Id="30"/>
<HierarchyLvlType EnglishName="method" IntrnlName="method" Intrnl_Id="31"/>
<HierarchyLvlType EnglishName="class" IntrnlName="class" Intrnl_Id="32"/>
<HierarchyLvlType EnglishName="default package" IntrnlName="default package" Intrnl_Id="33"/>
</HierarchyLvlTypeList>
<MASTRoot>
<HierarchyLvl HierarchyLvlId="14847" HierarchyLvlTypeId="33" Intrnl_Id="34" Name="default package">
<Header/>
<LocList/>
<HierarchyLvl HierarchyLvlId="14846" HierarchyLvlTypeId="29" Intrnl_Id="35" Name="my">
<Header/>
<LocList/>
<HierarchyLvl HierarchyLvlId="14845" HierarchyLvlTypeId="29" Intrnl_Id="36" Name="PSM">
<Header/>
<LocList/>
<HierarchyLvl HierarchyLvlId="14840" HierarchyLvlTypeId="29" Intrnl_Id="37" Name="unitTestPSM">
<Header/>
<LocList/>
<HierarchyLvl HierarchyLvlId="14165" HierarchyLvlTypeId="32" Intrnl_Id="38" Name="appControllerTest">
<Header>
<Loc EndOffset="338" SrcFileId="1" StartOffset="308"/>
</Header>
<LocList>
<Loc EndOffset="11029" SrcFileId="1" StartOffset="308"/>
</LocList>
<HierarchyLvl HierarchyLvlId="14141" HierarchyLvlTypeId="31" Intrnl_Id="39" Name="runBeforeAllTest">
<Header>
<Loc EndOffset="522" SrcFileId="1" StartOffset="482"/>
</Header>
<LocList>
<Loc EndOffset="1044" SrcFileId="1" StartOffset="482"/>
</LocList>
<StmntSeq Intrnl_Id="40">
<LocList>
<Loc EndOffset="610" SrcFileId="1" StartOffset="584"/>
<Loc EndOffset="650" SrcFileId="1" StartOffset="614"/>
<Loc EndOffset="730" SrcFileId="1" StartOffset="681"/>
<Loc EndOffset="795" SrcFileId="1" StartOffset="762"/>
<Loc EndOffset="855" SrcFileId="1" StartOffset="799"/>
<Loc EndOffset="963" SrcFileId="1" StartOffset="886"/>
<Loc EndOffset="1040" SrcFileId="1" StartOffset="998"/>
</LocList>
<BasicStmnt CovItemId="S1" CovItemPrefix="my.PSM.unitTestPSM.appControllerTest.java" Intrnl_Id="41">
<LocList>
<Loc EndOffset="610" SrcFileId="1" StartOffset="584"/>
</LocList>
</BasicStmnt>
<BasicStmnt CovItemId="S2" CovItemPrefix="my.PSM.unitTestPSM.appControllerTest.java" Intrnl_Id="42">
<LocList>
<Loc EndOffset="650" SrcFileId="1" StartOffset="614"/>
</LocList>
</BasicStmnt>
<BasicStmnt CovItemId="S3" CovItemPrefix="my.PSM.unitTestPSM.appControllerTest.java" Intrnl_Id="43">
<LocList>
<Loc EndOffset="730" SrcFileId="1" StartOffset="681"/>
</LocList>
</BasicStmnt>
<BasicStmnt CovItemId="S4" CovItemPrefix="my.PSM.unitTestPSM.appControllerTest.java" Intrnl_Id="44">
<LocList>
<Loc EndOffset="795" SrcFileId="1" StartOffset="762"/>
</LocList>
</BasicStmnt>
<BasicStmnt CovItemId="S5" CovItemPrefix="my.PSM.unitTestPSM.appControllerTest.java" Intrnl_Id="45">
<LocList>
<Loc EndOffset="855" SrcFileId="1" StartOffset="799"/>
</LocList>
</BasicStmnt>
<BasicStmnt CovItemId="S6" CovItemPrefix="my.PSM.unitTestPSM.appControllerTest.java" Intrnl_Id="46">
<LocList>
<Loc EndOffset="963" SrcFileId="1" StartOffset="886"/>
</LocList>
</BasicStmnt>
<BasicStmnt CovItemId="S7" CovItemPrefix="my.PSM.unitTestPSM.appControllerTest.java" Intrnl_Id="47">
<LocList>
<Loc EndOffset="1040" SrcFileId="1" StartOffset="998"/>
</LocList>
</BasicStmnt>
</StmntSeq>
</HierarchyLvl>
<HierarchyLvl HierarchyLvlId="14142" HierarchyLvlTypeId="31" Intrnl_Id="48" Name="runAfterAllTest">
<Header>
<Loc EndOffset="1085" SrcFileId="1" StartOffset="1047"/>
</Header>
<LocList>
<Loc EndOffset="1144" SrcFileId="1" StartOffset="1047"/>
</LocList>
<StmntSeq Intrnl_Id="49">
<LocList>
<Loc EndOffset="1101" SrcFileId="1" StartOffset="1090"/>
<Loc EndOffset="1120" SrcFileId="1" StartOffset="1105"/>
<Loc EndOffset="1140" SrcFileId="1" StartOffset="1124"/>
</LocList>
<BasicStmnt CovItemId="S8" CovItemPrefix="my.PSM.unitTestPSM.appControllerTest.java" Intrnl_Id="50">
<LocList>
<Loc EndOffset="1101" SrcFileId="1" StartOffset="1090"/>
</LocList>
</BasicStmnt>
<BasicStmnt CovItemId="S9" CovItemPrefix="my.PSM.unitTestPSM.appControllerTest.java" Intrnl_Id="51">
<LocList>
<Loc EndOffset="1120" SrcFileId="1" StartOffset="1105"/>
</LocList>
</BasicStmnt>
<BasicStmnt CovItemId="S10" CovItemPrefix="my.PSM.unitTestPSM.appControllerTest.java" Intrnl_Id="52">
<LocList>
<Loc EndOffset="1140" SrcFileId="1" StartOffset="1124"/>
</LocList>
</BasicStmnt>
</StmntSeq>
</HierarchyLvl>
<HierarchyLvl HierarchyLvlId="14143" HierarchyLvlTypeId="31" Intrnl_Id="53" Name="testMyMain">
<Header>
<Loc EndOffset="1179" SrcFileId="1" StartOffset="1147"/>
</Header>
<LocList>
<Loc EndOffset="1528" SrcFileId="1" StartOffset="1147"/>
</LocList>
<StmntSeq Intrnl_Id="54">
<LocList>
<Loc EndOffset="1237" SrcFileId="1" StartOffset="1209"/>
<Loc EndOffset="1267" SrcFileId="1" StartOffset="1241"/>
<Loc EndOffset="1295" SrcFileId="1" StartOffset="1271"/>
<Loc EndOffset="1314" SrcFileId="1" StartOffset="1301"/>
<Loc EndOffset="1409" SrcFileId="1" StartOffset="1373"/>
<Loc EndOffset="1447" SrcFileId="1" StartOffset="1413"/>
<Loc EndOffset="1490" SrcFileId="1" StartOffset="1451"/>
<Loc EndOffset="1524" SrcFileId="1" StartOffset="1494"/>
</LocList>
<BasicStmnt CovItemId="S11" CovItemPrefix="my.PSM.unitTestPSM.appControllerTest.java" Intrnl_Id="55">
<LocList>
<Loc EndOffset="1237" SrcFileId="1" StartOffset="1209"/>
</LocList>
</BasicStmnt>
<BasicStmnt CovItemId="S12" CovItemPrefix="my.PSM.unitTestPSM.appControllerTest.java" Intrnl_Id="56">
<LocList>
<Loc EndOffset="1267" SrcFileId="1" StartOffset="1241"/>
</LocList>
</BasicStmnt>
<BasicStmnt CovItemId="S13" CovItemPrefix="my.PSM.unitTestPSM.appControllerTest.java" Intrnl_Id="57">
<LocList>
<Loc EndOffset="1295" SrcFileId="1" StartOffset="1271"/>
</LocList>
</BasicStmnt>
<BasicStmnt CovItemId="S14" CovItemPrefix="my.PSM.unitTestPSM.appControllerTest.java" Intrnl_Id="58">
<LocList>
<Loc EndOffset="1314" SrcFileId="1" StartOffset="1301"/>
</LocList>
</BasicStmnt>
<BasicStmnt CovItemId="S15" CovItemPrefix="my.PSM.unitTestPSM.appControllerTest.java" Intrnl_Id="59">
<LocList>
<Loc EndOffset="1409" SrcFileId="1" StartOffset="1373"/>
</LocList>
</BasicStmnt>
<BasicStmnt CovItemId="S16" CovItemPrefix="my.PSM.unitTestPSM.appControllerTest.java" Intrnl_Id="60">
<LocList>
<Loc EndOffset="1447" SrcFileId="1" StartOffset="1413"/>
</LocList>
</BasicStmnt>
<BasicStmnt CovItemId="S17" CovItemPrefix="my.PSM.unitTestPSM.appControllerTest.java" Intrnl_Id="61">
<LocList>
<Loc EndOffset="1490" SrcFileId="1" StartOffset="1451"/>
</LocList>
</BasicStmnt>
<BasicStmnt CovItemId="S18" CovItemPrefix="my.PSM.unitTestPSM.appControllerTest.java" Intrnl_Id="62">
<LocList>
<Loc EndOffset="1524" SrcFileId="1" StartOffset="1494"/>
</LocList>
</BasicStmnt>
</StmntSeq>
</HierarchyLvl>
<HierarchyLvl HierarchyLvlId="14144" HierarchyLvlTypeId="31" Intrnl_Id="63" Name="testAppMainMenu">
<Header>
<Loc EndOffset="1570" SrcFileId="1" StartOffset="1533"/>
</Header>
<LocList>
<Loc EndOffset="1726" SrcFileId="1" StartOffset="1533"/>
</LocList>
<StmntSeq Intrnl_Id="64">
<LocList>
<Loc EndOffset="1621" SrcFileId="1" StartOffset="1599"/>
<Loc EndOffset="1647" SrcFileId="1" StartOffset="1629"/>
<Loc EndOffset="1722" SrcFileId="1" StartOffset="1691"/>
</LocList>
<BasicStmnt CovItemId="S19" CovItemPrefix="my.PSM.unitTestPSM.appControllerTest.java" Intrnl_Id="65">
<LocList>
<Loc EndOffset="1621" SrcFileId="1" StartOffset="1599"/>
</LocList>
</BasicStmnt>
<BasicStmnt CovItemId="S20" CovItemPrefix="my.PSM.unitTestPSM.appControllerTest.java" Intrnl_Id="66">
<LocList>
<Loc EndOffset="1647" SrcFileId="1" StartOffset="1629"/>
</LocList>
</BasicStmnt>
<BasicStmnt CovItemId="S21" CovItemPrefix="my.PSM.unitTestPSM.appControllerTest.java" Intrnl_Id="67">
<LocList>
<Loc EndOffset="1722" SrcFileId="1" StartOffset="1691"/>
</LocList>
</BasicStmnt>
</StmntSeq>
</HierarchyLvl>
<HierarchyLvl HierarchyLvlId="14145" HierarchyLvlTypeId="31" Intrnl_Id="68" Name="testAppMainMenu02">
<Header>
<Loc EndOffset="1768" SrcFileId="1" StartOffset="1729"/>
</Header>
<LocList>
<Loc EndOffset="1924" SrcFileId="1" StartOffset="1729"/>
</LocList>
<StmntSeq Intrnl_Id="69">
<LocList>
<Loc EndOffset="1821" SrcFileId="1" StartOffset="1797"/>
<Loc EndOffset="1847" SrcFileId="1" StartOffset="1829"/>
<Loc EndOffset="1920" SrcFileId="1" StartOffset="1890"/>
</LocList>
<BasicStmnt CovItemId="S22" CovItemPrefix="my.PSM.unitTestPSM.appControllerTest.java" Intrnl_Id="70">
<LocList>
<Loc EndOffset="1821" SrcFileId="1" StartOffset="1797"/>
</LocList>
</BasicStmnt>
<BasicStmnt CovItemId="S23" CovItemPrefix="my.PSM.unitTestPSM.appControllerTest.java" Intrnl_Id="71">
<LocList>
<Loc EndOffset="1847" SrcFileId="1" StartOffset="1829"/>
</LocList>
</BasicStmnt>
<BasicStmnt CovItemId="S24" CovItemPrefix="my.PSM.unitTestPSM.appControllerTest.java" Intrnl_Id="72">
<LocList>
<Loc EndOffset="1920" SrcFileId="1" StartOffset="1890"/>
</LocList>
</BasicStmnt>
</StmntSeq>
</HierarchyLvl>
<HierarchyLvl HierarchyLvlId="14146" HierarchyLvlTypeId="31" Intrnl_Id="73" Name="testAppMainMenu03">
<Header>
<Loc EndOffset="1966" SrcFileId="1" StartOffset="1927"/>
</Header>
<LocList>
<Loc EndOffset="2128" SrcFileId="1" StartOffset="1927"/>
</LocList>
<StmntSeq Intrnl_Id="74">
<LocList>
<Loc EndOffset="2017" SrcFileId="1" StartOffset="1995"/>
<Loc EndOffset="2043" SrcFileId="1" StartOffset="2025"/>
<Loc EndOffset="2124" SrcFileId="1" StartOffset="2090"/>
</LocList>
<BasicStmnt CovItemId="S25" CovItemPrefix="my.PSM.unitTestPSM.appControllerTest.java" Intrnl_Id="75">
<LocList>
<Loc EndOffset="2017" SrcFileId="1" StartOffset="1995"/>
</LocList>
</BasicStmnt>
<BasicStmnt CovItemId="S26" CovItemPrefix="my.PSM.unitTestPSM.appControllerTest.java" Intrnl_Id="76">
<LocList>
<Loc EndOffset="2043" SrcFileId="1" StartOffset="2025"/>
</LocList>
</BasicStmnt>
<BasicStmnt CovItemId="S27" CovItemPrefix="my.PSM.unitTestPSM.appControllerTest.java" Intrnl_Id="77">
<LocList>
<Loc EndOffset="2124" SrcFileId="1" StartOffset="2090"/>
</LocList>
</BasicStmnt>
</StmntSeq>
</HierarchyLvl>
<HierarchyLvl HierarchyLvlId="14147" HierarchyLvlTypeId="31" Intrnl_Id="78" Name="testSetupSched">
<Header>
<Loc EndOffset="2167" SrcFileId="1" StartOffset="2131"/>
</Header>
<LocList>
<Loc EndOffset="3634" SrcFileId="1" StartOffset="2131"/>
</LocList>
<StmntSeq Intrnl_Id="79">
<LocList>
<Loc EndOffset="2225" SrcFileId="1" StartOffset="2201"/>
<Loc EndOffset="2402" SrcFileId="1" StartOffset="2229"/>
<Loc EndOffset="2427" SrcFileId="1" StartOffset="2410"/>
<Loc EndOffset="2546" SrcFileId="1" StartOffset="2495"/>
<Loc EndOffset="2624" SrcFileId="1" StartOffset="2550"/>
<Loc EndOffset="2682" SrcFileId="1" StartOffset="2628"/>
<Loc EndOffset="2746" SrcFileId="1" StartOffset="2686"/>
<Loc EndOffset="2817" SrcFileId="1" StartOffset="2750"/>
<Loc EndOffset="2886" SrcFileId="1" StartOffset="2821"/>
<Loc EndOffset="2948" SrcFileId="1" StartOffset="2890"/>
<Loc EndOffset="3008" SrcFileId="1" StartOffset="2952"/>
<Loc EndOffset="3073" SrcFileId="1" StartOffset="3012"/>
<Loc EndOffset="3136" SrcFileId="1" StartOffset="3077"/>
<Loc EndOffset="3198" SrcFileId="1" StartOffset="3140"/>
<Loc EndOffset="3258" SrcFileId="1" StartOffset="3202"/>
<Loc EndOffset="3323" SrcFileId="1" StartOffset="3262"/>
<Loc EndOffset="3386" SrcFileId="1" StartOffset="3327"/>
<Loc EndOffset="3448" SrcFileId="1" StartOffset="3390"/>
<Loc EndOffset="3508" SrcFileId="1" StartOffset="3452"/>
<Loc EndOffset="3570" SrcFileId="1" StartOffset="3512"/>
<Loc EndOffset="3630" SrcFileId="1" StartOffset="3574"/>
</LocList>
<BasicStmnt CovItemId="S28" CovItemPrefix="my.PSM.unitTestPSM.appControllerTest.java" Intrnl_Id="80">
<LocList>
<Loc EndOffset="2225" SrcFileId="1" StartOffset="2201"/>
</LocList>
</BasicStmnt>
<BasicStmnt CovItemId="S29" CovItemPrefix="my.PSM.unitTestPSM.appControllerTest.java" Intrnl_Id="81">
<LocList>
<Loc EndOffset="2402" SrcFileId="1" StartOffset="2229"/>
</LocList>
</BasicStmnt>
<BasicStmnt CovItemId="S30" CovItemPrefix="my.PSM.unitTestPSM.appControllerTest.java" Intrnl_Id="82">
<LocList>
<Loc EndOffset="2427" SrcFileId="1" StartOffset="2410"/>
</LocList>
</BasicStmnt>
<BasicStmnt CovItemId="S31" CovItemPrefix="my.PSM.unitTestPSM.appControllerTest.java" Intrnl_Id="83">
<LocList>
<Loc EndOffset="2546" SrcFileId="1" StartOffset="2495"/>
</LocList>
</BasicStmnt>
<BasicStmnt CovItemId="S32" CovItemPrefix="my.PSM.unitTestPSM.appControllerTest.java" Intrnl_Id="84">
<LocList>
<Loc EndOffset="2624" SrcFileId="1" StartOffset="2550"/>
</LocList>
</BasicStmnt>
<BasicStmnt CovItemId="S33" CovItemPrefix="my.PSM.unitTestPSM.appControllerTest.java" Intrnl_Id="85">
<LocList>
<Loc EndOffset="2682" SrcFileId="1" StartOffset="2628"/>
</LocList>
</BasicStmnt>
<BasicStmnt CovItemId="S34" CovItemPrefix="my.PSM.unitTestPSM.appControllerTest.java" Intrnl_Id="86">
<LocList>
<Loc EndOffset="2746" SrcFileId="1" StartOffset="2686"/>
</LocList>
</BasicStmnt>
<BasicStmnt CovItemId="S35" CovItemPrefix="my.PSM.unitTestPSM.appControllerTest.java" Intrnl_Id="87">
<LocList>
<Loc EndOffset="2817" SrcFileId="1" StartOffset="2750"/>
</LocList>
</BasicStmnt>
<BasicStmnt CovItemId="S36" CovItemPrefix="my.PSM.unitTestPSM.appControllerTest.java" Intrnl_Id="88">
<LocList>
<Loc EndOffset="2886" SrcFileId="1" StartOffset="2821"/>
</LocList>
</BasicStmnt>
<BasicStmnt CovItemId="S37" CovItemPrefix="my.PSM.unitTestPSM.appControllerTest.java" Intrnl_Id="89">
<LocList>
<Loc EndOffset="2948" SrcFileId="1" StartOffset="2890"/>
</LocList>
</BasicStmnt>
<BasicStmnt CovItemId="S38" CovItemPrefix="my.PSM.unitTestPSM.appControllerTest.java" Intrnl_Id="90">
<LocList>
<Loc EndOffset="3008" SrcFileId="1" StartOffset="2952"/>
</LocList>
</BasicStmnt>
<BasicStmnt CovItemId="S39" CovItemPrefix="my.PSM.unitTestPSM.appControllerTest.java" Intrnl_Id="91">
<LocList>
<Loc EndOffset="3073" SrcFileId="1" StartOffset="3012"/>
</LocList>
</BasicStmnt>
<BasicStmnt CovItemId="S40" CovItemPrefix="my.PSM.unitTestPSM.appControllerTest.java" Intrnl_Id="92">
<LocList>
<Loc EndOffset="3136" SrcFileId="1" StartOffset="3077"/>
</LocList>
</BasicStmnt>
<BasicStmnt CovItemId="S41" CovItemPrefix="my.PSM.unitTestPSM.appControllerTest.java" Intrnl_Id="93">
<LocList>
<Loc EndOffset="3198" SrcFileId="1" StartOffset="3140"/>
</LocList>
</BasicStmnt>
<BasicStmnt CovItemId="S42" CovItemPrefix="my.PSM.unitTestPSM.appControllerTest.java" Intrnl_Id="94">
<LocList>
<Loc EndOffset="3258" SrcFileId="1" StartOffset="3202"/>
</LocList>
</BasicStmnt>
<BasicStmnt CovItemId="S43" CovItemPrefix="my.PSM.unitTestPSM.appControllerTest.java" Intrnl_Id="95">
<LocList>
<Loc EndOffset="3323" SrcFileId="1" StartOffset="3262"/>
</LocList>
</BasicStmnt>
<BasicStmnt CovItemId="S44" CovItemPrefix="my.PSM.unitTestPSM.appControllerTest.java" Intrnl_Id="96">
<LocList>
<Loc EndOffset="3386" SrcFileId="1" StartOffset="3327"/>
</LocList>
</BasicStmnt>
<BasicStmnt CovItemId="S45" CovItemPrefix="my.PSM.unitTestPSM.appControllerTest.java" Intrnl_Id="97">
<LocList>
<Loc EndOffset="3448" SrcFileId="1" StartOffset="3390"/>
</LocList>
</BasicStmnt>
<BasicStmnt CovItemId="S46" CovItemPrefix="my.PSM.unitTestPSM.appControllerTest.java" Intrnl_Id="98">
<LocList>
<Loc EndOffset="3508" SrcFileId="1" StartOffset="3452"/>
</LocList>
</BasicStmnt>
<BasicStmnt CovItemId="S47" CovItemPrefix="my.PSM.unitTestPSM.appControllerTest.java" Intrnl_Id="99">
<LocList>
<Loc EndOffset="3570" SrcFileId="1" StartOffset="3512"/>
</LocList>
</BasicStmnt>
<BasicStmnt CovItemId="S48" CovItemPrefix="my.PSM.unitTestPSM.appControllerTest.java" Intrnl_Id="100">
<LocList>
<Loc EndOffset="3630" SrcFileId="1" StartOffset="3574"/>
</LocList>
</BasicStmnt>
</StmntSeq>
</HierarchyLvl>
<HierarchyLvl HierarchyLvlId="14148" HierarchyLvlTypeId="31" Intrnl_Id="101" Name="testAppEditSched">
<Header>
<Loc EndOffset="3677" SrcFileId="1" StartOffset="3639"/>
</Header>
<LocList>
<Loc EndOffset="4988" SrcFileId="1" StartOffset="3639"/>
</LocList>
<StmntSeq Intrnl_Id="102">
<LocList>
<Loc EndOffset="3768" SrcFileId="1" StartOffset="3741"/>
<Loc EndOffset="3824" SrcFileId="1" StartOffset="3800"/>
<Loc EndOffset="4001" SrcFileId="1" StartOffset="3828"/>
<Loc EndOffset="4036" SrcFileId="1" StartOffset="4017"/>
<Loc EndOffset="4171" SrcFileId="1" StartOffset="4104"/>
<Loc EndOffset="4240" SrcFileId="1" StartOffset="4175"/>
<Loc EndOffset="4302" SrcFileId="1" StartOffset="4244"/>
<Loc EndOffset="4362" SrcFileId="1" StartOffset="4306"/>
<Loc EndOffset="4427" SrcFileId="1" StartOffset="4366"/>
<Loc EndOffset="4490" SrcFileId="1" StartOffset="4431"/>
<Loc EndOffset="4552" SrcFileId="1" StartOffset="4494"/>
<Loc EndOffset="4612" SrcFileId="1" StartOffset="4556"/>
<Loc EndOffset="4677" SrcFileId="1" StartOffset="4616"/>
<Loc EndOffset="4740" SrcFileId="1" StartOffset="4681"/>
<Loc EndOffset="4802" SrcFileId="1" StartOffset="4744"/>
<Loc EndOffset="4862" SrcFileId="1" StartOffset="4806"/>
<Loc EndOffset="4924" SrcFileId="1" StartOffset="4866"/>
<Loc EndOffset="4984" SrcFileId="1" StartOffset="4928"/>
</LocList>
<BasicStmnt CovItemId="S49" CovItemPrefix="my.PSM.unitTestPSM.appControllerTest.java" Intrnl_Id="103">
<LocList>
<Loc EndOffset="3768" SrcFileId="1" StartOffset="3741"/>
</LocList>
</BasicStmnt>
<BasicStmnt CovItemId="S50" CovItemPrefix="my.PSM.unitTestPSM.appControllerTest.java" Intrnl_Id="104">
<LocList>
<Loc EndOffset="3824" SrcFileId="1" StartOffset="3800"/>
</LocList>
</BasicStmnt>
<BasicStmnt CovItemId="S51" CovItemPrefix="my.PSM.unitTestPSM.appControllerTest.java" Intrnl_Id="105">
<LocList>
<Loc EndOffset="4001" SrcFileId="1" StartOffset="3828"/>
</LocList>
</BasicStmnt>
<BasicStmnt CovItemId="S52" CovItemPrefix="my.PSM.unitTestPSM.appControllerTest.java" Intrnl_Id="106">
<LocList>
<Loc EndOffset="4036" SrcFileId="1" StartOffset="4017"/>
</LocList>
</BasicStmnt>
<BasicStmnt CovItemId="S53" CovItemPrefix="my.PSM.unitTestPSM.appControllerTest.java" Intrnl_Id="107">
<LocList>
<Loc EndOffset="4171" SrcFileId="1" StartOffset="4104"/>
</LocList>
</BasicStmnt>
<BasicStmnt CovItemId="S54" CovItemPrefix="my.PSM.unitTestPSM.appControllerTest.java" Intrnl_Id="108">
<LocList>
<Loc EndOffset="4240" SrcFileId="1" StartOffset="4175"/>
</LocList>
</BasicStmnt>
<BasicStmnt CovItemId="S55" CovItemPrefix="my.PSM.unitTestPSM.appControllerTest.java" Intrnl_Id="109">
<LocList>
<Loc EndOffset="4302" SrcFileId="1" StartOffset="4244"/>
</LocList>
</BasicStmnt>
<BasicStmnt CovItemId="S56" CovItemPrefix="my.PSM.unitTestPSM.appControllerTest.java" Intrnl_Id="110">
<LocList>
<Loc EndOffset="4362" SrcFileId="1" StartOffset="4306"/>
</LocList>
</BasicStmnt>
<BasicStmnt CovItemId="S57" CovItemPrefix="my.PSM.unitTestPSM.appControllerTest.java" Intrnl_Id="111">
<LocList>
<Loc EndOffset="4427" SrcFileId="1" StartOffset="4366"/>
</LocList>
</BasicStmnt>
<BasicStmnt CovItemId="S58" CovItemPrefix="my.PSM.unitTestPSM.appControllerTest.java" Intrnl_Id="112">
<LocList>
<Loc EndOffset="4490" SrcFileId="1" StartOffset="4431"/>
</LocList>
</BasicStmnt>
<BasicStmnt CovItemId="S59" CovItemPrefix="my.PSM.unitTestPSM.appControllerTest.java" Intrnl_Id="113">
<LocList>
<Loc EndOffset="4552" SrcFileId="1" StartOffset="4494"/>
</LocList>
</BasicStmnt>
<BasicStmnt CovItemId="S60" CovItemPrefix="my.PSM.unitTestPSM.appControllerTest.java" Intrnl_Id="114">
<LocList>
<Loc EndOffset="4612" SrcFileId="1" StartOffset="4556"/>
</LocList>
</BasicStmnt>
<BasicStmnt CovItemId="S61" CovItemPrefix="my.PSM.unitTestPSM.appControllerTest.java" Intrnl_Id="115">
<LocList>
<Loc EndOffset="4677" SrcFileId="1" StartOffset="4616"/>
</LocList>
</BasicStmnt>
<BasicStmnt CovItemId="S62" CovItemPrefix="my.PSM.unitTestPSM.appControllerTest.java" Intrnl_Id="116">
<LocList>
<Loc EndOffset="4740" SrcFileId="1" StartOffset="4681"/>
</LocList>
</BasicStmnt>
<BasicStmnt CovItemId="S63" CovItemPrefix="my.PSM.unitTestPSM.appControllerTest.java" Intrnl_Id="117">
<LocList>
<Loc EndOffset="4802" SrcFileId="1" StartOffset="4744"/>
</LocList>
</BasicStmnt>
<BasicStmnt CovItemId="S64" CovItemPrefix="my.PSM.unitTestPSM.appControllerTest.java" Intrnl_Id="118">
<LocList>
<Loc EndOffset="4862" SrcFileId="1" StartOffset="4806"/>
</LocList>
</BasicStmnt>
<BasicStmnt CovItemId="S65" CovItemPrefix="my.PSM.unitTestPSM.appControllerTest.java" Intrnl_Id="119">
<LocList>
<Loc EndOffset="4924" SrcFileId="1" StartOffset="4866"/>
</LocList>
</BasicStmnt>
<BasicStmnt CovItemId="S66" CovItemPrefix="my.PSM.unitTestPSM.appControllerTest.java" Intrnl_Id="120">
<LocList>
<Loc EndOffset="4984" SrcFileId="1" StartOffset="4928"/>
</LocList>
</BasicStmnt>
</StmntSeq>
</HierarchyLvl>
<HierarchyLvl HierarchyLvlId="14149" HierarchyLvlTypeId="31" Intrnl_Id="121" Name="testAppLogin">
<Header>
<Loc EndOffset="5027" SrcFileId="1" StartOffset="4993"/>
</Header>
<LocList>
<Loc EndOffset="5348" SrcFileId="1" StartOffset="4993"/>
</LocList>
<StmntSeq Intrnl_Id="122">
<LocList>
<Loc EndOffset="5085" SrcFileId="1" StartOffset="5057"/>
<Loc EndOffset="5115" SrcFileId="1" StartOffset="5089"/>
<Loc EndOffset="5138" SrcFileId="1" StartOffset="5123"/>
<Loc EndOffset="5252" SrcFileId="1" StartOffset="5215"/>
<Loc EndOffset="5299" SrcFileId="1" StartOffset="5256"/>
<Loc EndOffset="5344" SrcFileId="1" StartOffset="5303"/>
</LocList>
<BasicStmnt CovItemId="S67" CovItemPrefix="my.PSM.unitTestPSM.appControllerTest.java" Intrnl_Id="123">
<LocList>
<Loc EndOffset="5085" SrcFileId="1" StartOffset="5057"/>
</LocList>
</BasicStmnt>
<BasicStmnt CovItemId="S68" CovItemPrefix="my.PSM.unitTestPSM.appControllerTest.java" Intrnl_Id="124">
<LocList>
<Loc EndOffset="5115" SrcFileId="1" StartOffset="5089"/>
</LocList>
</BasicStmnt>
<BasicStmnt CovItemId="S69" CovItemPrefix="my.PSM.unitTestPSM.appControllerTest.java" Intrnl_Id="125">
<LocList>
<Loc EndOffset="5138" SrcFileId="1" StartOffset="5123"/>
</LocList>
</BasicStmnt>
<BasicStmnt CovItemId="S70" CovItemPrefix="my.PSM.unitTestPSM.appControllerTest.java" Intrnl_Id="126">
<LocList>
<Loc EndOffset="5252" SrcFileId="1" StartOffset="5215"/>
</LocList>
</BasicStmnt>
<BasicStmnt CovItemId="S71" CovItemPrefix="my.PSM.unitTestPSM.appControllerTest.java" Intrnl_Id="127">
<LocList>
<Loc EndOffset="5299" SrcFileId="1" StartOffset="5256"/>
</LocList>
</BasicStmnt>
<BasicStmnt CovItemId="S72" CovItemPrefix="my.PSM.unitTestPSM.appControllerTest.java" Intrnl_Id="128">
<LocList>
<Loc EndOffset="5344" SrcFileId="1" StartOffset="5303"/>
</LocList>
</BasicStmnt>
</StmntSeq>
</HierarchyLvl>
<HierarchyLvl HierarchyLvlId="14150" HierarchyLvlTypeId="31" Intrnl_Id="129" Name="testAppLogin02">
<Header>
<Loc EndOffset="5389" SrcFileId="1" StartOffset="5353"/>
</Header>
<LocList>
<Loc EndOffset="5759" SrcFileId="1" StartOffset="5353"/>
</LocList>
<StmntSeq Intrnl_Id="130">
<LocList>
<Loc EndOffset="5448" SrcFileId="1" StartOffset="5419"/>
<Loc EndOffset="5482" SrcFileId="1" StartOffset="5452"/>
<Loc EndOffset="5505" SrcFileId="1" StartOffset="5490"/>
<Loc EndOffset="5634" SrcFileId="1" StartOffset="5595"/>
<Loc EndOffset="5672" SrcFileId="1" StartOffset="5638"/>
<Loc EndOffset="5713" SrcFileId="1" StartOffset="5676"/>
<Loc EndOffset="5755" SrcFileId="1" StartOffset="5717"/>
</LocList>
<BasicStmnt CovItemId="S73" CovItemPrefix="my.PSM.unitTestPSM.appControllerTest.java" Intrnl_Id="131">
<LocList>
<Loc EndOffset="5448" SrcFileId="1" StartOffset="5419"/>
</LocList>
</BasicStmnt>
<BasicStmnt CovItemId="S74" CovItemPrefix="my.PSM.unitTestPSM.appControllerTest.java" Intrnl_Id="132">
<LocList>
<Loc EndOffset="5482" SrcFileId="1" StartOffset="5452"/>
</LocList>
</BasicStmnt>
<BasicStmnt CovItemId="S75" CovItemPrefix="my.PSM.unitTestPSM.appControllerTest.java" Intrnl_Id="133">
<LocList>
<Loc EndOffset="5505" SrcFileId="1" StartOffset="5490"/>
</LocList>
</BasicStmnt>
<BasicStmnt CovItemId="S76" CovItemPrefix="my.PSM.unitTestPSM.appControllerTest.java" Intrnl_Id="134">
<LocList>
<Loc EndOffset="5634" SrcFileId="1" StartOffset="5595"/>
</LocList>
</BasicStmnt>
<BasicStmnt CovItemId="S77" CovItemPrefix="my.PSM.unitTestPSM.appControllerTest.java" Intrnl_Id="135">
<LocList>
<Loc EndOffset="5672" SrcFileId="1" StartOffset="5638"/>
</LocList>
</BasicStmnt>
<BasicStmnt CovItemId="S78" CovItemPrefix="my.PSM.unitTestPSM.appControllerTest.java" Intrnl_Id="136">
<LocList>
<Loc EndOffset="5713" SrcFileId="1" StartOffset="5676"/>
</LocList>
</BasicStmnt>
<BasicStmnt CovItemId="S79" CovItemPrefix="my.PSM.unitTestPSM.appControllerTest.java" Intrnl_Id="137">
<LocList>
<Loc EndOffset="5755" SrcFileId="1" StartOffset="5717"/>
</LocList>
</BasicStmnt>
</StmntSeq>
</HierarchyLvl>
<HierarchyLvl HierarchyLvlId="14151" HierarchyLvlTypeId="31" Intrnl_Id="138" Name="testCheckClear">
<Header>
<Loc EndOffset="5798" SrcFileId="1" StartOffset="5762"/>
</Header>
<LocList>
<Loc EndOffset="5931" SrcFileId="1" StartOffset="5762"/>
</LocList>
<StmntSeq Intrnl_Id="139">
<LocList>
<Loc EndOffset="5923" SrcFileId="1" StartOffset="5887"/>
</LocList>
<BasicStmnt CovItemId="S80" CovItemPrefix="my.PSM.unitTestPSM.appControllerTest.java" Intrnl_Id="140">
<LocList>
<Loc EndOffset="5923" SrcFileId="1" StartOffset="5887"/>
</LocList>
</BasicStmnt>
</StmntSeq>
</HierarchyLvl>
<HierarchyLvl HierarchyLvlId="14152" HierarchyLvlTypeId="31" Intrnl_Id="141" Name="testCheckClear02">
<Header>
<Loc EndOffset="5975" SrcFileId="1" StartOffset="5937"/>
</Header>
<LocList>
<Loc EndOffset="6487" SrcFileId="1" StartOffset="5937"/>
</LocList>
<StmntSeq Intrnl_Id="142">
<LocList>
<Loc EndOffset="6217" SrcFileId="1" StartOffset="6039"/>
<Loc EndOffset="6403" SrcFileId="1" StartOffset="6221"/>
<Loc EndOffset="6483" SrcFileId="1" StartOffset="6447"/>
</LocList>
<BasicStmnt CovItemId="S81" CovItemPrefix="my.PSM.unitTestPSM.appControllerTest.java" Intrnl_Id="143">
<LocList>
<Loc EndOffset="6217" SrcFileId="1" StartOffset="6039"/>
</LocList>
</BasicStmnt>
<BasicStmnt CovItemId="S82" CovItemPrefix="my.PSM.unitTestPSM.appControllerTest.java" Intrnl_Id="144">
<LocList>
<Loc EndOffset="6403" SrcFileId="1" StartOffset="6221"/>
</LocList>
</BasicStmnt>
<BasicStmnt CovItemId="S83" CovItemPrefix="my.PSM.unitTestPSM.appControllerTest.java" Intrnl_Id="145">
<LocList>
<Loc EndOffset="6483" SrcFileId="1" StartOffset="6447"/>
</LocList>
</BasicStmnt>
</StmntSeq>
</HierarchyLvl>
<HierarchyLvl HierarchyLvlId="14153" HierarchyLvlTypeId="31" Intrnl_Id="146" Name="testCheckClear03">
<Header>
<Loc EndOffset="6530" SrcFileId="1" StartOffset="6492"/>
</Header>
<LocList>
<Loc EndOffset="7059" SrcFileId="1" StartOffset="6492"/>
</LocList>
<StmntSeq Intrnl_Id="147">
<LocList>
<Loc EndOffset="6775" SrcFileId="1" StartOffset="6597"/>
<Loc EndOffset="6961" SrcFileId="1" StartOffset="6779"/>
<Loc EndOffset="7051" SrcFileId="1" StartOffset="7006"/>
</LocList>
<BasicStmnt CovItemId="S84" CovItemPrefix="my.PSM.unitTestPSM.appControllerTest.java" Intrnl_Id="148">
<LocList>
<Loc EndOffset="6775" SrcFileId="1" StartOffset="6597"/>
</LocList>
</BasicStmnt>
<BasicStmnt CovItemId="S85" CovItemPrefix="my.PSM.unitTestPSM.appControllerTest.java" Intrnl_Id="149">
<LocList>
<Loc EndOffset="6961" SrcFileId="1" StartOffset="6779"/>
</LocList>
</BasicStmnt>
<BasicStmnt CovItemId="S86" CovItemPrefix="my.PSM.unitTestPSM.appControllerTest.java" Intrnl_Id="150">
<LocList>
<Loc EndOffset="7051" SrcFileId="1" StartOffset="7006"/>
</LocList>
</BasicStmnt>
</StmntSeq>
</HierarchyLvl>
<HierarchyLvl HierarchyLvlId="14154" HierarchyLvlTypeId="31" Intrnl_Id="151" Name="testGetData">
<Header>
<Loc EndOffset="7097" SrcFileId="1" StartOffset="7064"/>
</Header>
<LocList>
<Loc EndOffset="8289" SrcFileId="1" StartOffset="7064"/>
</LocList>
<StmntSeq Intrnl_Id="152">
<LocList>
<Loc EndOffset="7339" SrcFileId="1" StartOffset="7161"/>
<Loc EndOffset="7365" SrcFileId="1" StartOffset="7347"/>
<Loc EndOffset="7516" SrcFileId="1" StartOffset="7457"/>
<Loc EndOffset="7559" SrcFileId="1" StartOffset="7520"/>
<Loc EndOffset="7611" SrcFileId="1" StartOffset="7563"/>
<Loc EndOffset="7667" SrcFileId="1" StartOffset="7615"/>
<Loc EndOffset="7721" SrcFileId="1" StartOffset="7671"/>
<Loc EndOffset="7768" SrcFileId="1" StartOffset="7725"/>
<Loc EndOffset="7813" SrcFileId="1" StartOffset="7772"/>
<Loc EndOffset="7863" SrcFileId="1" StartOffset="7817"/>
<Loc EndOffset="7911" SrcFileId="1" StartOffset="7867"/>
<Loc EndOffset="7958" SrcFileId="1" StartOffset="7915"/>
<Loc EndOffset="8003" SrcFileId="1" StartOffset="7962"/>
<Loc EndOffset="8053" SrcFileId="1" StartOffset="8007"/>
<Loc EndOffset="8101" SrcFileId="1" StartOffset="8057"/>
<Loc EndOffset="8148" SrcFileId="1" StartOffset="8105"/>
<Loc EndOffset="8193" SrcFileId="1" StartOffset="8152"/>
<Loc EndOffset="8240" SrcFileId="1" StartOffset="8197"/>
<Loc EndOffset="8285" SrcFileId="1" StartOffset="8244"/>
</LocList>
<BasicStmnt CovItemId="S87" CovItemPrefix="my.PSM.unitTestPSM.appControllerTest.java" Intrnl_Id="153">
<LocList>
<Loc EndOffset="7339" SrcFileId="1" StartOffset="7161"/>
</LocList>
</BasicStmnt>
<BasicStmnt CovItemId="S88" CovItemPrefix="my.PSM.unitTestPSM.appControllerTest.java" Intrnl_Id="154">
<LocList>
<Loc EndOffset="7365" SrcFileId="1" StartOffset="7347"/>
</LocList>
</BasicStmnt>
<BasicStmnt CovItemId="S89" CovItemPrefix="my.PSM.unitTestPSM.appControllerTest.java" Intrnl_Id="155">
<LocList>
<Loc EndOffset="7516" SrcFileId="1" StartOffset="7457"/>
</LocList>
</BasicStmnt>
<BasicStmnt CovItemId="S90" CovItemPrefix="my.PSM.unitTestPSM.appControllerTest.java" Intrnl_Id="156">
<LocList>
<Loc EndOffset="7559" SrcFileId="1" StartOffset="7520"/>
</LocList>
</BasicStmnt>
<BasicStmnt CovItemId="S91" CovItemPrefix="my.PSM.unitTestPSM.appControllerTest.java" Intrnl_Id="157">
<LocList>
<Loc EndOffset="7611" SrcFileId="1" StartOffset="7563"/>
</LocList>
</BasicStmnt>
<BasicStmnt CovItemId="S92" CovItemPrefix="my.PSM.unitTestPSM.appControllerTest.java" Intrnl_Id="158">
<LocList>
<Loc EndOffset="7667" SrcFileId="1" StartOffset="7615"/>
</LocList>
</BasicStmnt>
<BasicStmnt CovItemId="S93" CovItemPrefix="my.PSM.unitTestPSM.appControllerTest.java" Intrnl_Id="159">
<LocList>
<Loc EndOffset="7721" SrcFileId="1" StartOffset="7671"/>
</LocList>
</BasicStmnt>
<BasicStmnt CovItemId="S94" CovItemPrefix="my.PSM.unitTestPSM.appControllerTest.java" Intrnl_Id="160">
<LocList>
<Loc EndOffset="7768" SrcFileId="1" StartOffset="7725"/>
</LocList>
</BasicStmnt>
<BasicStmnt CovItemId="S95" CovItemPrefix="my.PSM.unitTestPSM.appControllerTest.java" Intrnl_Id="161">
<LocList>
<Loc EndOffset="7813" SrcFileId="1" StartOffset="7772"/>
</LocList>
</BasicStmnt>
<BasicStmnt CovItemId="S96" CovItemPrefix="my.PSM.unitTestPSM.appControllerTest.java" Intrnl_Id="162">
<LocList>
<Loc EndOffset="7863" SrcFileId="1" StartOffset="7817"/>
</LocList>
</BasicStmnt>
<BasicStmnt CovItemId="S97" CovItemPrefix="my.PSM.unitTestPSM.appControllerTest.java" Intrnl_Id="163">
<LocList>
<Loc EndOffset="7911" SrcFileId="1" StartOffset="7867"/>
</LocList>
</BasicStmnt>
<BasicStmnt CovItemId="S98" CovItemPrefix="my.PSM.unitTestPSM.appControllerTest.java" Intrnl_Id="164">
<LocList>
<Loc EndOffset="7958" SrcFileId="1" StartOffset="7915"/>
</LocList>
</BasicStmnt>
<BasicStmnt CovItemId="S99" CovItemPrefix="my.PSM.unitTestPSM.appControllerTest.java" Intrnl_Id="165">
<LocList>
<Loc EndOffset="8003" SrcFileId="1" StartOffset="7962"/>
</LocList>
</BasicStmnt>
<BasicStmnt CovItemId="S100" CovItemPrefix="my.PSM.unitTestPSM.appControllerTest.java" Intrnl_Id="166">
<LocList>
<Loc EndOffset="8053" SrcFileId="1" StartOffset="8007"/>
</LocList>
</BasicStmnt>
<BasicStmnt CovItemId="S101" CovItemPrefix="my.PSM.unitTestPSM.appControllerTest.java" Intrnl_Id="167">
<LocList>
<Loc EndOffset="8101" SrcFileId="1" StartOffset="8057"/>
</LocList>
</BasicStmnt>
<BasicStmnt CovItemId="S102" CovItemPrefix="my.PSM.unitTestPSM.appControllerTest.java" Intrnl_Id="168">
<LocList>
<Loc EndOffset="8148" SrcFileId="1" StartOffset="8105"/>
</LocList>
</BasicStmnt>
<BasicStmnt CovItemId="S103" CovItemPrefix="my.PSM.unitTestPSM.appControllerTest.java" Intrnl_Id="169">
<LocList>
<Loc EndOffset="8193" SrcFileId="1" StartOffset="8152"/>
</LocList>
</BasicStmnt>
<BasicStmnt CovItemId="S104" CovItemPrefix="my.PSM.unitTestPSM.appControllerTest.java" Intrnl_Id="170">
<LocList>
<Loc EndOffset="8240" SrcFileId="1" StartOffset="8197"/>
</LocList>
</BasicStmnt>
<BasicStmnt CovItemId="S105" CovItemPrefix="my.PSM.unitTestPSM.appControllerTest.java" Intrnl_Id="171">
<LocList>
<Loc EndOffset="8285" SrcFileId="1" StartOffset="8244"/>
</LocList>
</BasicStmnt>
</StmntSeq>
</HierarchyLvl>
<HierarchyLvl HierarchyLvlId="14155" HierarchyLvlTypeId="31" Intrnl_Id="172" Name="testSleep">
<Header>
<Loc EndOffset="8325" SrcFileId="1" StartOffset="8294"/>
</Header>
<LocList>
<Loc EndOffset="8512" SrcFileId="1" StartOffset="8294"/>
</LocList>
<StmntSeq Intrnl_Id="173">
<LocList>
<Loc EndOffset="8371" SrcFileId="1" StartOffset="8331"/>
<Loc EndOffset="8388" SrcFileId="1" StartOffset="8375"/>
<Loc EndOffset="8430" SrcFileId="1" StartOffset="8392"/>
<Loc EndOffset="8508" SrcFileId="1" StartOffset="8474"/>
</LocList>
<BasicStmnt CovItemId="S106" CovItemPrefix="my.PSM.unitTestPSM.appControllerTest.java" Intrnl_Id="174">
<LocList>
<Loc EndOffset="8371" SrcFileId="1" StartOffset="8331"/>
</LocList>
</BasicStmnt>
<BasicStmnt CovItemId="S107" CovItemPrefix="my.PSM.unitTestPSM.appControllerTest.java" Intrnl_Id="175">
<LocList>
<Loc EndOffset="8388" SrcFileId="1" StartOffset="8375"/>
</LocList>
</BasicStmnt>
<BasicStmnt CovItemId="S108" CovItemPrefix="my.PSM.unitTestPSM.appControllerTest.java" Intrnl_Id="176">
<LocList>
<Loc EndOffset="8430" SrcFileId="1" StartOffset="8392"/>
</LocList>
</BasicStmnt>
<BasicStmnt CovItemId="S109" CovItemPrefix="my.PSM.unitTestPSM.appControllerTest.java" Intrnl_Id="177">
<LocList>
<Loc EndOffset="8508" SrcFileId="1" StartOffset="8474"/>
</LocList>
</BasicStmnt>
</StmntSeq>
</HierarchyLvl>
<HierarchyLvl HierarchyLvlId="14156" HierarchyLvlTypeId="31" Intrnl_Id="178" Name="testLogIn">
<Header>
<Loc EndOffset="8548" SrcFileId="1" StartOffset="8517"/>
</Header>
<LocList>
<Loc EndOffset="8784" SrcFileId="1" StartOffset="8517"/>
</LocList>
<StmntSeq Intrnl_Id="179">
<LocList>
<Loc EndOffset="8645" SrcFileId="1" StartOffset="8625"/>
<Loc EndOffset="8671" SrcFileId="1" StartOffset="8649"/>
<Loc EndOffset="8691" SrcFileId="1" StartOffset="8679"/>
<Loc EndOffset="8780" SrcFileId="1" StartOffset="8743"/>
</LocList>
<BasicStmnt CovItemId="S110" CovItemPrefix="my.PSM.unitTestPSM.appControllerTest.java" Intrnl_Id="180">
<LocList>
<Loc EndOffset="8645" SrcFileId="1" StartOffset="8625"/>
</LocList>
</BasicStmnt>
<BasicStmnt CovItemId="S111" CovItemPrefix="my.PSM.unitTestPSM.appControllerTest.java" Intrnl_Id="181">
<LocList>
<Loc EndOffset="8671" SrcFileId="1" StartOffset="8649"/>
</LocList>
</BasicStmnt>
<BasicStmnt CovItemId="S112" CovItemPrefix="my.PSM.unitTestPSM.appControllerTest.java" Intrnl_Id="182">
<LocList>
<Loc EndOffset="8691" SrcFileId="1" StartOffset="8679"/>
</LocList>
</BasicStmnt>
<BasicStmnt CovItemId="S113" CovItemPrefix="my.PSM.unitTestPSM.appControllerTest.java" Intrnl_Id="183">
<LocList>
<Loc EndOffset="8780" SrcFileId="1" StartOffset="8743"/>
</LocList>
</BasicStmnt>
</StmntSeq>
</HierarchyLvl>
<HierarchyLvl HierarchyLvlId="14157" HierarchyLvlTypeId="31" Intrnl_Id="184" Name="testLogIn02">
<Header>
<Loc EndOffset="8822" SrcFileId="1" StartOffset="8789"/>
</Header>
<LocList>
<Loc EndOffset="9064" SrcFileId="1" StartOffset="8789"/>
</LocList>
<StmntSeq Intrnl_Id="185">
<LocList>
<Loc EndOffset="8920" SrcFileId="1" StartOffset="8899"/>
<Loc EndOffset="8950" SrcFileId="1" StartOffset="8924"/>
<Loc EndOffset="8970" SrcFileId="1" StartOffset="8958"/>
<Loc EndOffset="9060" SrcFileId="1" StartOffset="9022"/>
</LocList>
<BasicStmnt CovItemId="S114" CovItemPrefix="my.PSM.unitTestPSM.appControllerTest.java" Intrnl_Id="186">
<LocList>
<Loc EndOffset="8920" SrcFileId="1" StartOffset="8899"/>
</LocList>
</BasicStmnt>
<BasicStmnt CovItemId="S115" CovItemPrefix="my.PSM.unitTestPSM.appControllerTest.java" Intrnl_Id="187">
<LocList>
<Loc EndOffset="8950" SrcFileId="1" StartOffset="8924"/>
</LocList>
</BasicStmnt>
<BasicStmnt CovItemId="S116" CovItemPrefix="my.PSM.unitTestPSM.appControllerTest.java" Intrnl_Id="188">
<LocList>
<Loc EndOffset="8970" SrcFileId="1" StartOffset="8958"/>
</LocList>
</BasicStmnt>
<BasicStmnt CovItemId="S117" CovItemPrefix="my.PSM.unitTestPSM.appControllerTest.java" Intrnl_Id="189">
<LocList>
<Loc EndOffset="9060" SrcFileId="1" StartOffset="9022"/>
</LocList>
</BasicStmnt>
</StmntSeq>
</HierarchyLvl>
<HierarchyLvl HierarchyLvlId="14158" HierarchyLvlTypeId="31" Intrnl_Id="190" Name="testTimerParser">
<Header>
<Loc EndOffset="9106" SrcFileId="1" StartOffset="9069"/>
</Header>
<LocList>
<Loc EndOffset="9251" SrcFileId="1" StartOffset="9069"/>
</LocList>
<StmntSeq Intrnl_Id="191">
<LocList>
<Loc EndOffset="9137" SrcFileId="1" StartOffset="9112"/>
<Loc EndOffset="9247" SrcFileId="1" StartOffset="9183"/>
</LocList>
<BasicStmnt CovItemId="S118" CovItemPrefix="my.PSM.unitTestPSM.appControllerTest.java" Intrnl_Id="192">
<LocList>
<Loc EndOffset="9137" SrcFileId="1" StartOffset="9112"/>
</LocList>
</BasicStmnt>
<BasicStmnt CovItemId="S119" CovItemPrefix="my.PSM.unitTestPSM.appControllerTest.java" Intrnl_Id="193">
<LocList>
<Loc EndOffset="9247" SrcFileId="1" StartOffset="9183"/>
</LocList>
</BasicStmnt>
</StmntSeq>
</HierarchyLvl>
<HierarchyLvl HierarchyLvlId="14159" HierarchyLvlTypeId="31" Intrnl_Id="194" Name="testDateParser">
<Header>
<Loc EndOffset="9295" SrcFileId="1" StartOffset="9259"/>
</Header>
<LocList>
<Loc EndOffset="9526" SrcFileId="1" StartOffset="9259"/>
</LocList>
<StmntSeq Intrnl_Id="195">
<LocList>
<Loc EndOffset="9328" SrcFileId="1" StartOffset="9301"/>
<Loc EndOffset="9426" SrcFileId="1" StartOffset="9382"/>
<Loc EndOffset="9474" SrcFileId="1" StartOffset="9430"/>
<Loc EndOffset="9522" SrcFileId="1" StartOffset="9478"/>
</LocList>
<BasicStmnt CovItemId="S120" CovItemPrefix="my.PSM.unitTestPSM.appControllerTest.java" Intrnl_Id="196">
<LocList>
<Loc EndOffset="9328" SrcFileId="1" StartOffset="9301"/>
</LocList>
</BasicStmnt>
<BasicStmnt CovItemId="S121" CovItemPrefix="my.PSM.unitTestPSM.appControllerTest.java" Intrnl_Id="197">
<LocList>
<Loc EndOffset="9426" SrcFileId="1" StartOffset="9382"/>
</LocList>
</BasicStmnt>
<BasicStmnt CovItemId="S122" CovItemPrefix="my.PSM.unitTestPSM.appControllerTest.java" Intrnl_Id="198">
<LocList>
<Loc EndOffset="9474" SrcFileId="1" StartOffset="9430"/>
</LocList>
</BasicStmnt>
<BasicStmnt CovItemId="S123" CovItemPrefix="my.PSM.unitTestPSM.appControllerTest.java" Intrnl_Id="199">
<LocList>
<Loc EndOffset="9522" SrcFileId="1" StartOffset="9478"/>
</LocList>
</BasicStmnt>
</StmntSeq>
</HierarchyLvl>
<HierarchyLvl HierarchyLvlId="14160" HierarchyLvlTypeId="31" Intrnl_Id="200" Name="testGetEndTime">
<Header>
<Loc EndOffset="9567" SrcFileId="1" StartOffset="9531"/>
</Header>
<LocList>
<Loc EndOffset="9806" SrcFileId="1" StartOffset="9531"/>
</LocList>
<StmntSeq Intrnl_Id="201">
<LocList>
<Loc EndOffset="9673" SrcFileId="1" StartOffset="9573"/>
<Loc EndOffset="9802" SrcFileId="1" StartOffset="9728"/>
</LocList>
<BasicStmnt CovItemId="S124" CovItemPrefix="my.PSM.unitTestPSM.appControllerTest.java" Intrnl_Id="202">
<LocList>
<Loc EndOffset="9673" SrcFileId="1" StartOffset="9573"/>
</LocList>
</BasicStmnt>
<BasicStmnt CovItemId="S125" CovItemPrefix="my.PSM.unitTestPSM.appControllerTest.java" Intrnl_Id="203">
<LocList>
<Loc EndOffset="9802" SrcFileId="1" StartOffset="9728"/>
</LocList>
</BasicStmnt>
</StmntSeq>
</HierarchyLvl>
<HierarchyLvl HierarchyLvlId="14161" HierarchyLvlTypeId="31" Intrnl_Id="204" Name="testGet15BeforeEnd">
<Header>
<Loc EndOffset="9851" SrcFileId="1" StartOffset="9811"/>
</Header>
<LocList>
<Loc EndOffset="10094" SrcFileId="1" StartOffset="9811"/>
</LocList>
<StmntSeq Intrnl_Id="205">
<LocList>
<Loc EndOffset="9957" SrcFileId="1" StartOffset="9857"/>
<Loc EndOffset="10090" SrcFileId="1" StartOffset="10012"/>
</LocList>
<BasicStmnt CovItemId="S126" CovItemPrefix="my.PSM.unitTestPSM.appControllerTest.java" Intrnl_Id="206">
<LocList>
<Loc EndOffset="9957" SrcFileId="1" StartOffset="9857"/>
</LocList>
</BasicStmnt>
<BasicStmnt CovItemId="S127" CovItemPrefix="my.PSM.unitTestPSM.appControllerTest.java" Intrnl_Id="207">
<LocList>
<Loc EndOffset="10090" SrcFileId="1" StartOffset="10012"/>
</LocList>
</BasicStmnt>
</StmntSeq>
</HierarchyLvl>
<HierarchyLvl HierarchyLvlId="14162" HierarchyLvlTypeId="31" Intrnl_Id="208" Name="testGet15BeforeEnd02">
<Header>
<Loc EndOffset="10141" SrcFileId="1" StartOffset="10099"/>
</Header>
<LocList>
<Loc EndOffset="10384" SrcFileId="1" StartOffset="10099"/>
</LocList>
<StmntSeq Intrnl_Id="209">
<LocList>
<Loc EndOffset="10247" SrcFileId="1" StartOffset="10147"/>
<Loc EndOffset="10380" SrcFileId="1" StartOffset="10302"/>
</LocList>
<BasicStmnt CovItemId="S128" CovItemPrefix="my.PSM.unitTestPSM.appControllerTest.java" Intrnl_Id="210">
<LocList>
<Loc EndOffset="10247" SrcFileId="1" StartOffset="10147"/>
</LocList>
</BasicStmnt>
<BasicStmnt CovItemId="S129" CovItemPrefix="my.PSM.unitTestPSM.appControllerTest.java" Intrnl_Id="211">
<LocList>
<Loc EndOffset="10380" SrcFileId="1" StartOffset="10302"/>
</LocList>
</BasicStmnt>
</StmntSeq>
</HierarchyLvl>
<HierarchyLvl HierarchyLvlId="14163" HierarchyLvlTypeId="31" Intrnl_Id="212" Name="testGet5BeforeEnd">
<Header>
<Loc EndOffset="10426" SrcFileId="1" StartOffset="10387"/>
</Header>
<LocList>
<Loc EndOffset="10724" SrcFileId="1" StartOffset="10387"/>
</LocList>
<StmntSeq Intrnl_Id="213">
<LocList>
<Loc EndOffset="10472" SrcFileId="1" StartOffset="10432"/>
<Loc EndOffset="10525" SrcFileId="1" StartOffset="10476"/>
<Loc EndOffset="10588" SrcFileId="1" StartOffset="10529"/>
<Loc EndOffset="10720" SrcFileId="1" StartOffset="10643"/>
</LocList>
<BasicStmnt CovItemId="S130" CovItemPrefix="my.PSM.unitTestPSM.appControllerTest.java" Intrnl_Id="214">
<LocList>
<Loc EndOffset="10472" SrcFileId="1" StartOffset="10432"/>
</LocList>
</BasicStmnt>
<BasicStmnt CovItemId="S131" CovItemPrefix="my.PSM.unitTestPSM.appControllerTest.java" Intrnl_Id="215">
<LocList>
<Loc EndOffset="10525" SrcFileId="1" StartOffset="10476"/>
</LocList>
</BasicStmnt>
<BasicStmnt CovItemId="S132" CovItemPrefix="my.PSM.unitTestPSM.appControllerTest.java" Intrnl_Id="216">
<LocList>
<Loc EndOffset="10588" SrcFileId="1" StartOffset="10529"/>
</LocList>
</BasicStmnt>
<BasicStmnt CovItemId="S133" CovItemPrefix="my.PSM.unitTestPSM.appControllerTest.java" Intrnl_Id="217">
<LocList>
<Loc EndOffset="10720" SrcFileId="1" StartOffset="10643"/>
</LocList>
</BasicStmnt>
</StmntSeq>
</HierarchyLvl>
<HierarchyLvl HierarchyLvlId="14164" HierarchyLvlTypeId="31" Intrnl_Id="218" Name="testGet5BeforeEnd02">
<Header>
<Loc EndOffset="10770" SrcFileId="1" StartOffset="10729"/>
</Header>
<LocList>
<Loc EndOffset="11026" SrcFileId="1" StartOffset="10729"/>
</LocList>
<StmntSeq Intrnl_Id="219">
<LocList>
<Loc EndOffset="10816" SrcFileId="1" StartOffset="10776"/>
<Loc EndOffset="10891" SrcFileId="1" StartOffset="10820"/>
<Loc EndOffset="11022" SrcFileId="1" StartOffset="10946"/>
</LocList>
<BasicStmnt CovItemId="S134" CovItemPrefix="my.PSM.unitTestPSM.appControllerTest.java" Intrnl_Id="220">
<LocList>
<Loc EndOffset="10816" SrcFileId="1" StartOffset="10776"/>
</LocList>
</BasicStmnt>
<BasicStmnt CovItemId="S135" CovItemPrefix="my.PSM.unitTestPSM.appControllerTest.java" Intrnl_Id="221">
<LocList>
<Loc EndOffset="10891" SrcFileId="1" StartOffset="10820"/>
</LocList>
</BasicStmnt>
<BasicStmnt CovItemId="S136" CovItemPrefix="my.PSM.unitTestPSM.appControllerTest.java" Intrnl_Id="222">
<LocList>
<Loc EndOffset="11022" SrcFileId="1" StartOffset="10946"/>
</LocList>
</BasicStmnt>
</StmntSeq>
</HierarchyLvl>
</HierarchyLvl>
<HierarchyLvl HierarchyLvlId="14195" HierarchyLvlTypeId="32" Intrnl_Id="223" Name="MySQLManagerStub">
<Header>
<Loc EndOffset="182" SrcFileId="2" StartOffset="132"/>
</Header>
<LocList>
<Loc EndOffset="7634" SrcFileId="2" StartOffset="132"/>
</LocList>
<StmntSeq Intrnl_Id="224">
<LocList>
<Loc EndOffset="396" SrcFileId="2" StartOffset="335"/>
<Loc EndOffset="471" SrcFileId="2" StartOffset="399"/>
<Loc EndOffset="551" SrcFileId="2" StartOffset="474"/>
<Loc EndOffset="633" SrcFileId="2" StartOffset="554"/>
<Loc EndOffset="716" SrcFileId="2" StartOffset="636"/>
<Loc EndOffset="797" SrcFileId="2" StartOffset="719"/>
<Loc EndOffset="877" SrcFileId="2" StartOffset="800"/>
<Loc EndOffset="955" SrcFileId="2" StartOffset="880"/>
<Loc EndOffset="1035" SrcFileId="2" StartOffset="958"/>
<Loc EndOffset="1113" SrcFileId="2" StartOffset="1038"/>
<Loc EndOffset="1193" SrcFileId="2" StartOffset="1116"/>
<Loc EndOffset="1271" SrcFileId="2" StartOffset="1196"/>
<Loc EndOffset="1351" SrcFileId="2" StartOffset="1274"/>
<Loc EndOffset="1429" SrcFileId="2" StartOffset="1354"/>
<Loc EndOffset="1509" SrcFileId="2" StartOffset="1432"/>
<Loc EndOffset="1587" SrcFileId="2" StartOffset="1512"/>
<Loc EndOffset="1667" SrcFileId="2" StartOffset="1590"/>
<Loc EndOffset="1745" SrcFileId="2" StartOffset="1670"/>
</LocList>
<BasicStmnt CovItemId="S1" CovItemPrefix="my.PSM.unitTestPSM.MySQLManagerStub.java" Intrnl_Id="225">
<LocList>
<Loc EndOffset="396" SrcFileId="2" StartOffset="335"/>
</LocList>
</BasicStmnt>
<BasicStmnt CovItemId="S2" CovItemPrefix="my.PSM.unitTestPSM.MySQLManagerStub.java" Intrnl_Id="226">
<LocList>
<Loc EndOffset="471" SrcFileId="2" StartOffset="399"/>
</LocList>
</BasicStmnt>
<BasicStmnt CovItemId="S3" CovItemPrefix="my.PSM.unitTestPSM.MySQLManagerStub.java" Intrnl_Id="227">
<LocList>
<Loc EndOffset="551" SrcFileId="2" StartOffset="474"/>
</LocList>
</BasicStmnt>
<BasicStmnt CovItemId="S4" CovItemPrefix="my.PSM.unitTestPSM.MySQLManagerStub.java" Intrnl_Id="228">
<LocList>
<Loc EndOffset="633" SrcFileId="2" StartOffset="554"/>
</LocList>
</BasicStmnt>
<BasicStmnt CovItemId="S5" CovItemPrefix="my.PSM.unitTestPSM.MySQLManagerStub.java" Intrnl_Id="229">
<LocList>
<Loc EndOffset="716" SrcFileId="2" StartOffset="636"/>
</LocList>
</BasicStmnt>
<BasicStmnt CovItemId="S6" CovItemPrefix="my.PSM.unitTestPSM.MySQLManagerStub.java" Intrnl_Id="230">
<LocList>
<Loc EndOffset="797" SrcFileId="2" StartOffset="719"/>
</LocList>
</BasicStmnt>
<BasicStmnt CovItemId="S7" CovItemPrefix="my.PSM.unitTestPSM.MySQLManagerStub.java" Intrnl_Id="231">
<LocList>
<Loc EndOffset="877" SrcFileId="2" StartOffset="800"/>
</LocList>
</BasicStmnt>
<BasicStmnt CovItemId="S8" CovItemPrefix="my.PSM.unitTestPSM.MySQLManagerStub.java" Intrnl_Id="232">
<LocList>
<Loc EndOffset="955" SrcFileId="2" StartOffset="880"/>
</LocList>
</BasicStmnt>
<BasicStmnt CovItemId="S9" CovItemPrefix="my.PSM.unitTestPSM.MySQLManagerStub.java" Intrnl_Id="233">
<LocList>
<Loc EndOffset="1035" SrcFileId="2" StartOffset="958"/>
</LocList>
</BasicStmnt>
<BasicStmnt CovItemId="S10" CovItemPrefix="my.PSM.unitTestPSM.MySQLManagerStub.java" Intrnl_Id="234">
<LocList>
<Loc EndOffset="1113" SrcFileId="2" StartOffset="1038"/>
</LocList>
</BasicStmnt>
<BasicStmnt CovItemId="S11" CovItemPrefix="my.PSM.unitTestPSM.MySQLManagerStub.java" Intrnl_Id="235">
<LocList>
<Loc EndOffset="1193" SrcFileId="2" StartOffset="1116"/>
</LocList>
</BasicStmnt>
<BasicStmnt CovItemId="S12" CovItemPrefix="my.PSM.unitTestPSM.MySQLManagerStub.java" Intrnl_Id="236">
<LocList>
<Loc EndOffset="1271" SrcFileId="2" StartOffset="1196"/>
</LocList>
</BasicStmnt>
<BasicStmnt CovItemId="S13" CovItemPrefix="my.PSM.unitTestPSM.MySQLManagerStub.java" Intrnl_Id="237">
<LocList>
<Loc EndOffset="1351" SrcFileId="2" StartOffset="1274"/>
</LocList>
</BasicStmnt>
<BasicStmnt CovItemId="S14" CovItemPrefix="my.PSM.unitTestPSM.MySQLManagerStub.java" Intrnl_Id="238">
<LocList>
<Loc EndOffset="1429" SrcFileId="2" StartOffset="1354"/>
</LocList>
</BasicStmnt>
<BasicStmnt CovItemId="S15" CovItemPrefix="my.PSM.unitTestPSM.MySQLManagerStub.java" Intrnl_Id="239">
<LocList>
<Loc EndOffset="1509" SrcFileId="2" StartOffset="1432"/>
</LocList>
</BasicStmnt>
<BasicStmnt CovItemId="S16" CovItemPrefix="my.PSM.unitTestPSM.MySQLManagerStub.java" Intrnl_Id="240">
<LocList>
<Loc EndOffset="1587" SrcFileId="2" StartOffset="1512"/>
</LocList>
</BasicStmnt>
<BasicStmnt CovItemId="S17" CovItemPrefix="my.PSM.unitTestPSM.MySQLManagerStub.java" Intrnl_Id="241">
<LocList>
<Loc EndOffset="1667" SrcFileId="2" StartOffset="1590"/>
</LocList>
</BasicStmnt>
<BasicStmnt CovItemId="S18" CovItemPrefix="my.PSM.unitTestPSM.MySQLManagerStub.java" Intrnl_Id="242">
<LocList>
<Loc EndOffset="1745" SrcFileId="2" StartOffset="1670"/>
</LocList>
</BasicStmnt>
</StmntSeq>
<HierarchyLvl HierarchyLvlId="14166" HierarchyLvlTypeId="31" Intrnl_Id="243" Name="testHelper">
<Header>
<Loc EndOffset="2180" SrcFileId="2" StartOffset="1851"/>
</Header>
<LocList>
<Loc EndOffset="2873" SrcFileId="2" StartOffset="1851"/>
</LocList>
<StmntSeq Intrnl_Id="244">
<LocList>
<Loc EndOffset="2208" SrcFileId="2" StartOffset="2186"/>
<Loc EndOffset="2245" SrcFileId="2" StartOffset="2212"/>
<Loc EndOffset="2289" SrcFileId="2" StartOffset="2249"/>
<Loc EndOffset="2329" SrcFileId="2" StartOffset="2293"/>
<Loc EndOffset="2373" SrcFileId="2" StartOffset="2333"/>
<Loc EndOffset="2413" SrcFileId="2" StartOffset="2377"/>
<Loc EndOffset="2453" SrcFileId="2" StartOffset="2417"/>
<Loc EndOffset="2489" SrcFileId="2" StartOffset="2457"/>
<Loc EndOffset="2529" SrcFileId="2" StartOffset="2493"/>
<Loc EndOffset="2565" SrcFileId="2" StartOffset="2533"/>
<Loc EndOffset="2605" SrcFileId="2" StartOffset="2569"/>
<Loc EndOffset="2641" SrcFileId="2" StartOffset="2609"/>
<Loc EndOffset="2681" SrcFileId="2" StartOffset="2645"/>
<Loc EndOffset="2717" SrcFileId="2" StartOffset="2685"/>
<Loc EndOffset="2757" SrcFileId="2" StartOffset="2721"/>
<Loc EndOffset="2793" SrcFileId="2" StartOffset="2761"/>
<Loc EndOffset="2833" SrcFileId="2" StartOffset="2797"/>
<Loc EndOffset="2869" SrcFileId="2" StartOffset="2837"/>
</LocList>
<BasicStmnt CovItemId="S19" CovItemPrefix="my.PSM.unitTestPSM.MySQLManagerStub.java" Intrnl_Id="245">
<LocList>
<Loc EndOffset="2208" SrcFileId="2" StartOffset="2186"/>
</LocList>
</BasicStmnt>
<BasicStmnt CovItemId="S20" CovItemPrefix="my.PSM.unitTestPSM.MySQLManagerStub.java" Intrnl_Id="246">
<LocList>
<Loc EndOffset="2245" SrcFileId="2" StartOffset="2212"/>
</LocList>
</BasicStmnt>
<BasicStmnt CovItemId="S21" CovItemPrefix="my.PSM.unitTestPSM.MySQLManagerStub.java" Intrnl_Id="247">
<LocList>
<Loc EndOffset="2289" SrcFileId="2" StartOffset="2249"/>
</LocList>
</BasicStmnt>
<BasicStmnt CovItemId="S22" CovItemPrefix="my.PSM.unitTestPSM.MySQLManagerStub.java" Intrnl_Id="248">
<LocList>
<Loc EndOffset="2329" SrcFileId="2" StartOffset="2293"/>
</LocList>
</BasicStmnt>
<BasicStmnt CovItemId="S23" CovItemPrefix="my.PSM.unitTestPSM.MySQLManagerStub.java" Intrnl_Id="249">
<LocList>
<Loc EndOffset="2373" SrcFileId="2" StartOffset="2333"/>
</LocList>
</BasicStmnt>
<BasicStmnt CovItemId="S24" CovItemPrefix="my.PSM.unitTestPSM.MySQLManagerStub.java" Intrnl_Id="250">
<LocList>
<Loc EndOffset="2413" SrcFileId="2" StartOffset="2377"/>
</LocList>
</BasicStmnt>
<BasicStmnt CovItemId="S25" CovItemPrefix="my.PSM.unitTestPSM.MySQLManagerStub.java" Intrnl_Id="251">
<LocList>
<Loc EndOffset="2453" SrcFileId="2" StartOffset="2417"/>
</LocList>
</BasicStmnt>
<BasicStmnt CovItemId="S26" CovItemPrefix="my.PSM.unitTestPSM.MySQLManagerStub.java" Intrnl_Id="252">
<LocList>
<Loc EndOffset="2489" SrcFileId="2" StartOffset="2457"/>
</LocList>
</BasicStmnt>
<BasicStmnt CovItemId="S27" CovItemPrefix="my.PSM.unitTestPSM.MySQLManagerStub.java" Intrnl_Id="253">
<LocList>
<Loc EndOffset="2529" SrcFileId="2" StartOffset="2493"/>
</LocList>
</BasicStmnt>
<BasicStmnt CovItemId="S28" CovItemPrefix="my.PSM.unitTestPSM.MySQLManagerStub.java" Intrnl_Id="254">
<LocList>
<Loc EndOffset="2565" SrcFileId="2" StartOffset="2533"/>
</LocList>
</BasicStmnt>
<BasicStmnt CovItemId="S29" CovItemPrefix="my.PSM.unitTestPSM.MySQLManagerStub.java" Intrnl_Id="255">
<LocList>
<Loc EndOffset="2605" SrcFileId="2" StartOffset="2569"/>
</LocList>
</BasicStmnt>
<BasicStmnt CovItemId="S30" CovItemPrefix="my.PSM.unitTestPSM.MySQLManagerStub.java" Intrnl_Id="256">
<LocList>
<Loc EndOffset="2641" SrcFileId="2" StartOffset="2609"/>
</LocList>
</BasicStmnt>
<BasicStmnt CovItemId="S31" CovItemPrefix="my.PSM.unitTestPSM.MySQLManagerStub.java" Intrnl_Id="257">
<LocList>
<Loc EndOffset="2681" SrcFileId="2" StartOffset="2645"/>
</LocList>
</BasicStmnt>
<BasicStmnt CovItemId="S32" CovItemPrefix="my.PSM.unitTestPSM.MySQLManagerStub.java" Intrnl_Id="258">
<LocList>
<Loc EndOffset="2717" SrcFileId="2" StartOffset="2685"/>
</LocList>
</BasicStmnt>
<BasicStmnt CovItemId="S33" CovItemPrefix="my.PSM.unitTestPSM.MySQLManagerStub.java" Intrnl_Id="259">
<LocList>
<Loc EndOffset="2757" SrcFileId="2" StartOffset="2721"/>
</LocList>
</BasicStmnt>
<BasicStmnt CovItemId="S34" CovItemPrefix="my.PSM.unitTestPSM.MySQLManagerStub.java" Intrnl_Id="260">
<LocList>
<Loc EndOffset="2793" SrcFileId="2" StartOffset="2761"/>
</LocList>
</BasicStmnt>
<BasicStmnt CovItemId="S35" CovItemPrefix="my.PSM.unitTestPSM.MySQLManagerStub.java" Intrnl_Id="261">
<LocList>
<Loc EndOffset="2833" SrcFileId="2" StartOffset="2797"/>
</LocList>
</BasicStmnt>
<BasicStmnt CovItemId="S36" CovItemPrefix="my.PSM.unitTestPSM.MySQLManagerStub.java" Intrnl_Id="262">
<LocList>
<Loc EndOffset="2869" SrcFileId="2" StartOffset="2837"/>
</LocList>
</BasicStmnt>
</StmntSeq>
</HierarchyLvl>
<HierarchyLvl HierarchyLvlId="14167" HierarchyLvlTypeId="31" Intrnl_Id="263" Name="MySQLManagerStub">
<Header>
<Loc EndOffset="3093" SrcFileId="2" StartOffset="3036"/>
</Header>
<LocList>
<Loc EndOffset="3177" SrcFileId="2" StartOffset="3036"/>
</LocList>
<StmntSeq Intrnl_Id="264">
<LocList>
<Loc EndOffset="3122" SrcFileId="2" StartOffset="3099"/>
<Loc EndOffset="3149" SrcFileId="2" StartOffset="3126"/>
<Loc EndOffset="3173" SrcFileId="2" StartOffset="3153"/>
</LocList>
<BasicStmnt CovItemId="S37" CovItemPrefix="my.PSM.unitTestPSM.MySQLManagerStub.java" Intrnl_Id="265">
<LocList>
<Loc EndOffset="3122" SrcFileId="2" StartOffset="3099"/>
</LocList>
</BasicStmnt>
<BasicStmnt CovItemId="S38" CovItemPrefix="my.PSM.unitTestPSM.MySQLManagerStub.java" Intrnl_Id="266">
<LocList>
<Loc EndOffset="3149" SrcFileId="2" StartOffset="3126"/>
</LocList>
</BasicStmnt>
<BasicStmnt CovItemId="S39" CovItemPrefix="my.PSM.unitTestPSM.MySQLManagerStub.java" Intrnl_Id="267">
<LocList>
<Loc EndOffset="3173" SrcFileId="2" StartOffset="3153"/>
</LocList>
</BasicStmnt>
</StmntSeq>
</HierarchyLvl>
<HierarchyLvl HierarchyLvlId="14168" HierarchyLvlTypeId="31" Intrnl_Id="268" Name="connect">
<Header>
<Loc EndOffset="3247" SrcFileId="2" StartOffset="3182"/>
</Header>
<LocList>
<Loc EndOffset="3409" SrcFileId="2" StartOffset="3182"/>
</LocList>
<StmntSeq Intrnl_Id="269">
<LocList>
<Loc EndOffset="3405" SrcFileId="2" StartOffset="3253"/>
</LocList>
<CondStmnt CovItemId="S40" CovItemPrefix="my.PSM.unitTestPSM.MySQLManagerStub.java" Intrnl_Id="270">
<Branch CovItemId="B1" CovItemPrefix="my.PSM.unitTestPSM.MySQLManagerStub.java" Implct="false" Intrnl_Id="271">
<Cond/>
<LocList>
<Loc EndOffset="3353" SrcFileId="2" StartOffset="3309"/>
</LocList>
<StmntSeq Intrnl_Id="272">
<LocList>
<Loc EndOffset="3334" SrcFileId="2" StartOffset="3315"/>
<Loc EndOffset="3348" SrcFileId="2" StartOffset="3339"/>
</LocList>
<BasicStmnt CovItemId="S41" CovItemPrefix="my.PSM.unitTestPSM.MySQLManagerStub.java" Intrnl_Id="273">
<LocList>
<Loc EndOffset="3334" SrcFileId="2" StartOffset="3315"/>
</LocList>
</BasicStmnt>
<BasicStmnt CovItemId="S42" CovItemPrefix="my.PSM.unitTestPSM.MySQLManagerStub.java" Intrnl_Id="274">
<LocList>
<Loc EndOffset="3348" SrcFileId="2" StartOffset="3339"/>
</LocList>
</BasicStmnt>
</StmntSeq>
</Branch>
<Branch CovItemId="B2" CovItemPrefix="my.PSM.unitTestPSM.MySQLManagerStub.java" Implct="false" Intrnl_Id="275">
<Cond>
<Loc EndOffset="3358" SrcFileId="2" StartOffset="3354"/>
</Cond>
<LocList>
<Loc EndOffset="3405" SrcFileId="2" StartOffset="3359"/>
</LocList>
<StmntSeq Intrnl_Id="276">
<LocList>
<Loc EndOffset="3385" SrcFileId="2" StartOffset="3365"/>
<Loc EndOffset="3400" SrcFileId="2" StartOffset="3390"/>
</LocList>
<BasicStmnt CovItemId="S43" CovItemPrefix="my.PSM.unitTestPSM.MySQLManagerStub.java" Intrnl_Id="277">
<LocList>
<Loc EndOffset="3385" SrcFileId="2" StartOffset="3365"/>
</LocList>
</BasicStmnt>
<BasicStmnt CovItemId="S44" CovItemPrefix="my.PSM.unitTestPSM.MySQLManagerStub.java" Intrnl_Id="278">
<LocList>
<Loc EndOffset="3400" SrcFileId="2" StartOffset="3390"/>
</LocList>
</BasicStmnt>
</StmntSeq>
</Branch>
<Keyword EndOffset="3255" SrcFileId="2" StartOffset="3253"/>
<LocList>
<Loc EndOffset="3405" SrcFileId="2" StartOffset="3253"/>
</LocList>
<RootTerm CovItemId="C1" CovItemPrefix="my.PSM.unitTestPSM.MySQLManagerStub.java" Intrnl_Id="279">
<OpTerm BooleanOpId="27" Intrnl_Id="280">
<BasicBoolTerm Intrnl_Id="281">
<LocList>
<Loc EndOffset="3281" SrcFileId="2" StartOffset="3257"/>
</LocList>
</BasicBoolTerm>
<BasicBoolTerm Intrnl_Id="282">
<LocList>
<Loc EndOffset="3307" SrcFileId="2" StartOffset="3285"/>
</LocList>
</BasicBoolTerm>
<LocList>
<Loc EndOffset="3284" SrcFileId="2" StartOffset="3282"/>
</LocList>
</OpTerm>
</RootTerm>
</CondStmnt>
</StmntSeq>
</HierarchyLvl>
<HierarchyLvl HierarchyLvlId="14169" HierarchyLvlTypeId="31" Intrnl_Id="283" Name="connect">
<Header>
<Loc EndOffset="3468" SrcFileId="2" StartOffset="3414"/>
</Header>
<LocList>
<Loc EndOffset="3630" SrcFileId="2" StartOffset="3414"/>
</LocList>
<StmntSeq Intrnl_Id="284">
<LocList>
<Loc EndOffset="3626" SrcFileId="2" StartOffset="3474"/>
</LocList>
<CondStmnt CovItemId="S45" CovItemPrefix="my.PSM.unitTestPSM.MySQLManagerStub.java" Intrnl_Id="285">
<Branch CovItemId="B3" CovItemPrefix="my.PSM.unitTestPSM.MySQLManagerStub.java" Implct="false" Intrnl_Id="286">
<Cond/>
<LocList>
<Loc EndOffset="3574" SrcFileId="2" StartOffset="3530"/>
</LocList>
<StmntSeq Intrnl_Id="287">
<LocList>
<Loc EndOffset="3555" SrcFileId="2" StartOffset="3536"/>
<Loc EndOffset="3569" SrcFileId="2" StartOffset="3560"/>
</LocList>
<BasicStmnt CovItemId="S46" CovItemPrefix="my.PSM.unitTestPSM.MySQLManagerStub.java" Intrnl_Id="288">
<LocList>
<Loc EndOffset="3555" SrcFileId="2" StartOffset="3536"/>
</LocList>
</BasicStmnt>
<BasicStmnt CovItemId="S47" CovItemPrefix="my.PSM.unitTestPSM.MySQLManagerStub.java" Intrnl_Id="289">
<LocList>
<Loc EndOffset="3569" SrcFileId="2" StartOffset="3560"/>
</LocList>
</BasicStmnt>
</StmntSeq>
</Branch>
<Branch CovItemId="B4" CovItemPrefix="my.PSM.unitTestPSM.MySQLManagerStub.java" Implct="false" Intrnl_Id="290">
<Cond>
<Loc EndOffset="3579" SrcFileId="2" StartOffset="3575"/>
</Cond>
<LocList>
<Loc EndOffset="3626" SrcFileId="2" StartOffset="3580"/>
</LocList>
<StmntSeq Intrnl_Id="291">
<LocList>
<Loc EndOffset="3606" SrcFileId="2" StartOffset="3586"/>
<Loc EndOffset="3621" SrcFileId="2" StartOffset="3611"/>
</LocList>
<BasicStmnt CovItemId="S48" CovItemPrefix="my.PSM.unitTestPSM.MySQLManagerStub.java" Intrnl_Id="292">
<LocList>
<Loc EndOffset="3606" SrcFileId="2" StartOffset="3586"/>
</LocList>
</BasicStmnt>
<BasicStmnt CovItemId="S49" CovItemPrefix="my.PSM.unitTestPSM.MySQLManagerStub.java" Intrnl_Id="293">
<LocList>
<Loc EndOffset="3621" SrcFileId="2" StartOffset="3611"/>
</LocList>
</BasicStmnt>
</StmntSeq>
</Branch>
<Keyword EndOffset="3476" SrcFileId="2" StartOffset="3474"/>
<LocList>
<Loc EndOffset="3626" SrcFileId="2" StartOffset="3474"/>
</LocList>
<RootTerm CovItemId="C2" CovItemPrefix="my.PSM.unitTestPSM.MySQLManagerStub.java" Intrnl_Id="294">
<OpTerm BooleanOpId="27" Intrnl_Id="295">
<BasicBoolTerm Intrnl_Id="296">
<LocList>
<Loc EndOffset="3502" SrcFileId="2" StartOffset="3478"/>
</LocList>
</BasicBoolTerm>
<BasicBoolTerm Intrnl_Id="297">
<LocList>
<Loc EndOffset="3528" SrcFileId="2" StartOffset="3506"/>
</LocList>
</BasicBoolTerm>
<LocList>
<Loc EndOffset="3505" SrcFileId="2" StartOffset="3503"/>
</LocList>
</OpTerm>
</RootTerm>
</CondStmnt>
</StmntSeq>
</HierarchyLvl>
<HierarchyLvl HierarchyLvlId="14170" HierarchyLvlTypeId="31" Intrnl_Id="298" Name="disconnect">
<Header>
<Loc EndOffset="3670" SrcFileId="2" StartOffset="3635"/>
</Header>
<LocList>
<Loc EndOffset="3713" SrcFileId="2" StartOffset="3635"/>
</LocList>
<StmntSeq Intrnl_Id="299">
<LocList>
<Loc EndOffset="3696" SrcFileId="2" StartOffset="3676"/>
<Loc EndOffset="3709" SrcFileId="2" StartOffset="3700"/>
</LocList>
<BasicStmnt CovItemId="S50" CovItemPrefix="my.PSM.unitTestPSM.MySQLManagerStub.java" Intrnl_Id="300">
<LocList>
<Loc EndOffset="3696" SrcFileId="2" StartOffset="3676"/>
</LocList>
</BasicStmnt>
<BasicStmnt CovItemId="S51" CovItemPrefix="my.PSM.unitTestPSM.MySQLManagerStub.java" Intrnl_Id="301">
<LocList>
<Loc EndOffset="3709" SrcFileId="2" StartOffset="3700"/>
</LocList>
</BasicStmnt>
</StmntSeq>
</HierarchyLvl>
<HierarchyLvl HierarchyLvlId="14171" HierarchyLvlTypeId="31" Intrnl_Id="302" Name="fetchCourseID">
<Header>
<Loc EndOffset="3768" SrcFileId="2" StartOffset="3718"/>
</Header>
<LocList>
<Loc EndOffset="3853" SrcFileId="2" StartOffset="3718"/>
</LocList>
<StmntSeq Intrnl_Id="303">
<LocList>
<Loc EndOffset="3849" SrcFileId="2" StartOffset="3774"/>
</LocList>
<CondStmnt CovItemId="S52" CovItemPrefix="my.PSM.unitTestPSM.MySQLManagerStub.java" Intrnl_Id="304">
<Branch CovItemId="B5" CovItemPrefix="my.PSM.unitTestPSM.MySQLManagerStub.java" Implct="false" Intrnl_Id="305">
<Cond/>
<LocList>
<Loc EndOffset="3826" SrcFileId="2" StartOffset="3810"/>
</LocList>
<StmntSeq Intrnl_Id="306">
<LocList>
<Loc EndOffset="3826" SrcFileId="2" StartOffset="3810"/>
</LocList>
<BasicStmnt CovItemId="S53" CovItemPrefix="my.PSM.unitTestPSM.MySQLManagerStub.java" Intrnl_Id="307">
<LocList>
<Loc EndOffset="3826" SrcFileId="2" StartOffset="3810"/>
</LocList>
</BasicStmnt>
</StmntSeq>
</Branch>
<Branch CovItemId="B6" CovItemPrefix="my.PSM.unitTestPSM.MySQLManagerStub.java" Implct="false" Intrnl_Id="308">
<Cond>
<Loc EndOffset="3834" SrcFileId="2" StartOffset="3830"/>
</Cond>
<LocList>
<Loc EndOffset="3849" SrcFileId="2" StartOffset="3839"/>
</LocList>
<StmntSeq Intrnl_Id="309">
<LocList>
<Loc EndOffset="3849" SrcFileId="2" StartOffset="3839"/>
</LocList>
<BasicStmnt CovItemId="S54" CovItemPrefix="my.PSM.unitTestPSM.MySQLManagerStub.java" Intrnl_Id="310">
<LocList>
<Loc EndOffset="3849" SrcFileId="2" StartOffset="3839"/>
</LocList>
</BasicStmnt>
</StmntSeq>
</Branch>
<Keyword EndOffset="3776" SrcFileId="2" StartOffset="3774"/>
<LocList>
<Loc EndOffset="3849" SrcFileId="2" StartOffset="3774"/>
</LocList>
<RootTerm CovItemId="C3" CovItemPrefix="my.PSM.unitTestPSM.MySQLManagerStub.java" Intrnl_Id="311">
<BasicBoolTerm Intrnl_Id="312">
<LocList>
<Loc EndOffset="3804" SrcFileId="2" StartOffset="3778"/>
</LocList>
</BasicBoolTerm>
</RootTerm>
</CondStmnt>
</StmntSeq>
</HierarchyLvl>
<HierarchyLvl HierarchyLvlId="14172" HierarchyLvlTypeId="31" Intrnl_Id="313" Name="getEndDates">
<Header>
<Loc EndOffset="3908" SrcFileId="2" StartOffset="3858"/>
</Header>
<LocList>
<Loc EndOffset="4034" SrcFileId="2" StartOffset="3858"/>
</LocList>
<StmntSeq Intrnl_Id="314">
<LocList>
<Loc EndOffset="3967" SrcFileId="2" StartOffset="3914"/>
<Loc EndOffset="4010" SrcFileId="2" StartOffset="3971"/>
<Loc EndOffset="4030" SrcFileId="2" StartOffset="4014"/>
</LocList>
<BasicStmnt CovItemId="S55" CovItemPrefix="my.PSM.unitTestPSM.MySQLManagerStub.java" Intrnl_Id="315">
<LocList>
<Loc EndOffset="3967" SrcFileId="2" StartOffset="3914"/>
</LocList>
</BasicStmnt>
<BasicStmnt CovItemId="S56" CovItemPrefix="my.PSM.unitTestPSM.MySQLManagerStub.java" Intrnl_Id="316">
<LocList>
<Loc EndOffset="4010" SrcFileId="2" StartOffset="3971"/>
</LocList>
</BasicStmnt>
<BasicStmnt CovItemId="S57" CovItemPrefix="my.PSM.unitTestPSM.MySQLManagerStub.java" Intrnl_Id="317">
<LocList>
<Loc EndOffset="4030" SrcFileId="2" StartOffset="4014"/>
</LocList>
</BasicStmnt>
</StmntSeq>
</HierarchyLvl>
<HierarchyLvl HierarchyLvlId="14173" HierarchyLvlTypeId="31" Intrnl_Id="318" Name="getCourses">
<Header>
<Loc EndOffset="4089" SrcFileId="2" StartOffset="4039"/>
</Header>
<LocList>
<Loc EndOffset="4114" SrcFileId="2" StartOffset="4039"/>
</LocList>
<StmntSeq Intrnl_Id="319">
<LocList>
<Loc EndOffset="4110" SrcFileId="2" StartOffset="4095"/>
</LocList>
<BasicStmnt CovItemId="S58" CovItemPrefix="my.PSM.unitTestPSM.MySQLManagerStub.java" Intrnl_Id="320">
<LocList>
<Loc EndOffset="4110" SrcFileId="2" StartOffset="4095"/>
</LocList>
</BasicStmnt>
</StmntSeq>
</HierarchyLvl>
<HierarchyLvl HierarchyLvlId="14174" HierarchyLvlTypeId="31" Intrnl_Id="321" Name="fetchCourseSubj">
<Header>
<Loc EndOffset="4174" SrcFileId="2" StartOffset="4119"/>
</Header>
<LocList>
<Loc EndOffset="4212" SrcFileId="2" StartOffset="4119"/>
</LocList>
<StmntSeq Intrnl_Id="322">
<LocList>
<Loc EndOffset="4208" SrcFileId="2" StartOffset="4180"/>
</LocList>
<BasicStmnt CovItemId="S59" CovItemPrefix="my.PSM.unitTestPSM.MySQLManagerStub.java" Intrnl_Id="323">
<LocList>
<Loc EndOffset="4208" SrcFileId="2" StartOffset="4180"/>
</LocList>
</BasicStmnt>
</StmntSeq>
</HierarchyLvl>
<HierarchyLvl HierarchyLvlId="14175" HierarchyLvlTypeId="31" Intrnl_Id="324" Name="fetchCourseName">
<Header>
<Loc EndOffset="4272" SrcFileId="2" StartOffset="4217"/>
</Header>
<LocList>
<Loc EndOffset="4317" SrcFileId="2" StartOffset="4217"/>
</LocList>
<StmntSeq Intrnl_Id="325">
<LocList>
<Loc EndOffset="4313" SrcFileId="2" StartOffset="4278"/>
</LocList>
<BasicStmnt CovItemId="S60" CovItemPrefix="my.PSM.unitTestPSM.MySQLManagerStub.java" Intrnl_Id="326">
<LocList>
<Loc EndOffset="4313" SrcFileId="2" StartOffset="4278"/>
</LocList>
</BasicStmnt>
</StmntSeq>
</HierarchyLvl>
<HierarchyLvl HierarchyLvlId="14176" HierarchyLvlTypeId="31" Intrnl_Id="327" Name="fetchCourseSemester">
<Header>
<Loc EndOffset="4381" SrcFileId="2" StartOffset="4322"/>
</Header>
<LocList>
<Loc EndOffset="4424" SrcFileId="2" StartOffset="4322"/>
</LocList>
<StmntSeq Intrnl_Id="328">
<LocList>
<Loc EndOffset="4420" SrcFileId="2" StartOffset="4387"/>
</LocList>
<BasicStmnt CovItemId="S61" CovItemPrefix="my.PSM.unitTestPSM.MySQLManagerStub.java" Intrnl_Id="329">
<LocList>
<Loc EndOffset="4420" SrcFileId="2" StartOffset="4387"/>
</LocList>
</BasicStmnt>
</StmntSeq>
</HierarchyLvl>
<HierarchyLvl HierarchyLvlId="14177" HierarchyLvlTypeId="31" Intrnl_Id="330" Name="fetchCourseStart">
<Header>
<Loc EndOffset="4485" SrcFileId="2" StartOffset="4429"/>
</Header>
<LocList>
<Loc EndOffset="4531" SrcFileId="2" StartOffset="4429"/>
</LocList>
<StmntSeq Intrnl_Id="331">
<LocList>
<Loc EndOffset="4527" SrcFileId="2" StartOffset="4491"/>
</LocList>
<BasicStmnt CovItemId="S62" CovItemPrefix="my.PSM.unitTestPSM.MySQLManagerStub.java" Intrnl_Id="332">
<LocList>
<Loc EndOffset="4527" SrcFileId="2" StartOffset="4491"/>
</LocList>
</BasicStmnt>
</StmntSeq>
</HierarchyLvl>
<HierarchyLvl HierarchyLvlId="14178" HierarchyLvlTypeId="31" Intrnl_Id="333" Name="fetchCourseEnd">
<Header>
<Loc EndOffset="4590" SrcFileId="2" StartOffset="4536"/>
</Header>
<LocList>
<Loc EndOffset="4634" SrcFileId="2" StartOffset="4536"/>
</LocList>
<StmntSeq Intrnl_Id="334">
<LocList>
<Loc EndOffset="4630" SrcFileId="2" StartOffset="4596"/>
</LocList>
<BasicStmnt CovItemId="S63" CovItemPrefix="my.PSM.unitTestPSM.MySQLManagerStub.java" Intrnl_Id="335">
<LocList>
<Loc EndOffset="4630" SrcFileId="2" StartOffset="4596"/>
</LocList>
</BasicStmnt>
</StmntSeq>
</HierarchyLvl>
<HierarchyLvl HierarchyLvlId="14179" HierarchyLvlTypeId="31" Intrnl_Id="336" Name="fetchStartMon">
<Header>
<Loc EndOffset="4692" SrcFileId="2" StartOffset="4639"/>
</Header>
<LocList>
<Loc EndOffset="4735" SrcFileId="2" StartOffset="4639"/>
</LocList>
<StmntSeq Intrnl_Id="337">
<LocList>
<Loc EndOffset="4731" SrcFileId="2" StartOffset="4698"/>
</LocList>
<BasicStmnt CovItemId="S64" CovItemPrefix="my.PSM.unitTestPSM.MySQLManagerStub.java" Intrnl_Id="338">
<LocList>
<Loc EndOffset="4731" SrcFileId="2" StartOffset="4698"/>
</LocList>
</BasicStmnt>
</StmntSeq>
</HierarchyLvl>
<HierarchyLvl HierarchyLvlId="14180" HierarchyLvlTypeId="31" Intrnl_Id="339" Name="fetchEndMon">
<Header>
<Loc EndOffset="4791" SrcFileId="2" StartOffset="4740"/>
</Header>
<LocList>
<Loc EndOffset="4832" SrcFileId="2" StartOffset="4740"/>
</LocList>
<StmntSeq Intrnl_Id="340">
<LocList>
<Loc EndOffset="4828" SrcFileId="2" StartOffset="4797"/>
</LocList>
<BasicStmnt CovItemId="S65" CovItemPrefix="my.PSM.unitTestPSM.MySQLManagerStub.java" Intrnl_Id="341">
<LocList>
<Loc EndOffset="4828" SrcFileId="2" StartOffset="4797"/>
</LocList>
</BasicStmnt>
</StmntSeq>
</HierarchyLvl>
<HierarchyLvl HierarchyLvlId="14181" HierarchyLvlTypeId="31" Intrnl_Id="342" Name="fetchStartTue">
<Header>
<Loc EndOffset="4890" SrcFileId="2" StartOffset="4837"/>
</Header>
<LocList>
<Loc EndOffset="4933" SrcFileId="2" StartOffset="4837"/>
</LocList>
<StmntSeq Intrnl_Id="343">
<LocList>
<Loc EndOffset="4929" SrcFileId="2" StartOffset="4896"/>
</LocList>
<BasicStmnt CovItemId="S66" CovItemPrefix="my.PSM.unitTestPSM.MySQLManagerStub.java" Intrnl_Id="344">
<LocList>
<Loc EndOffset="4929" SrcFileId="2" StartOffset="4896"/>
</LocList>
</BasicStmnt>
</StmntSeq>
</HierarchyLvl>
<HierarchyLvl HierarchyLvlId="14182" HierarchyLvlTypeId="31" Intrnl_Id="345" Name="fetchEndTue">
<Header>
<Loc EndOffset="4989" SrcFileId="2" StartOffset="4938"/>
</Header>
<LocList>
<Loc EndOffset="5030" SrcFileId="2" StartOffset="4938"/>
</LocList>
<StmntSeq Intrnl_Id="346">
<LocList>
<Loc EndOffset="5026" SrcFileId="2" StartOffset="4995"/>
</LocList>
<BasicStmnt CovItemId="S67" CovItemPrefix="my.PSM.unitTestPSM.MySQLManagerStub.java" Intrnl_Id="347">
<LocList>
<Loc EndOffset="5026" SrcFileId="2" StartOffset="4995"/>
</LocList>
</BasicStmnt>
</StmntSeq>
</HierarchyLvl>
<HierarchyLvl HierarchyLvlId="14183" HierarchyLvlTypeId="31" Intrnl_Id="348" Name="fetchStartWed">
<Header>
<Loc EndOffset="5088" SrcFileId="2" StartOffset="5035"/>
</Header>
<LocList>
<Loc EndOffset="5131" SrcFileId="2" StartOffset="5035"/>
</LocList>
<StmntSeq Intrnl_Id="349">
<LocList>
<Loc EndOffset="5127" SrcFileId="2" StartOffset="5094"/>
</LocList>
<BasicStmnt CovItemId="S68" CovItemPrefix="my.PSM.unitTestPSM.MySQLManagerStub.java" Intrnl_Id="350">
<LocList>
<Loc EndOffset="5127" SrcFileId="2" StartOffset="5094"/>
</LocList>
</BasicStmnt>
</StmntSeq>
</HierarchyLvl>
<HierarchyLvl HierarchyLvlId="14184" HierarchyLvlTypeId="31" Intrnl_Id="351" Name="fetchEndWed">
<Header>
<Loc EndOffset="5187" SrcFileId="2" StartOffset="5136"/>
</Header>
<LocList>
<Loc EndOffset="5228" SrcFileId="2" StartOffset="5136"/>
</LocList>
<StmntSeq Intrnl_Id="352">
<LocList>
<Loc EndOffset="5224" SrcFileId="2" StartOffset="5193"/>
</LocList>
<BasicStmnt CovItemId="S69" CovItemPrefix="my.PSM.unitTestPSM.MySQLManagerStub.java" Intrnl_Id="353">
<LocList>
<Loc EndOffset="5224" SrcFileId="2" StartOffset="5193"/>
</LocList>
</BasicStmnt>
</StmntSeq>
</HierarchyLvl>
<HierarchyLvl HierarchyLvlId="14185" HierarchyLvlTypeId="31" Intrnl_Id="354" Name="fetchStartThu">
<Header>
<Loc EndOffset="5286" SrcFileId="2" StartOffset="5233"/>
</Header>
<LocList>
<Loc EndOffset="5329" SrcFileId="2" StartOffset="5233"/>
</LocList>
<StmntSeq Intrnl_Id="355">
<LocList>
<Loc EndOffset="5325" SrcFileId="2" StartOffset="5292"/>
</LocList>
<BasicStmnt CovItemId="S70" CovItemPrefix="my.PSM.unitTestPSM.MySQLManagerStub.java" Intrnl_Id="356">
<LocList>
<Loc EndOffset="5325" SrcFileId="2" StartOffset="5292"/>
</LocList>
</BasicStmnt>
</StmntSeq>
</HierarchyLvl>
<HierarchyLvl HierarchyLvlId="14186" HierarchyLvlTypeId="31" Intrnl_Id="357" Name="fetchEndThu">
<Header>
<Loc EndOffset="5385" SrcFileId="2" StartOffset="5334"/>
</Header>
<LocList>
<Loc EndOffset="5426" SrcFileId="2" StartOffset="5334"/>
</LocList>
<StmntSeq Intrnl_Id="358">
<LocList>
<Loc EndOffset="5422" SrcFileId="2" StartOffset="5391"/>
</LocList>
<BasicStmnt CovItemId="S71" CovItemPrefix="my.PSM.unitTestPSM.MySQLManagerStub.java" Intrnl_Id="359">
<LocList>
<Loc EndOffset="5422" SrcFileId="2" StartOffset="5391"/>
</LocList>
</BasicStmnt>
</StmntSeq>
</HierarchyLvl>
<HierarchyLvl HierarchyLvlId="14187" HierarchyLvlTypeId="31" Intrnl_Id="360" Name="fetchStartFri">
<Header>
<Loc EndOffset="5484" SrcFileId="2" StartOffset="5431"/>
</Header>
<LocList>
<Loc EndOffset="5527" SrcFileId="2" StartOffset="5431"/>
</LocList>
<StmntSeq Intrnl_Id="361">
<LocList>
<Loc EndOffset="5523" SrcFileId="2" StartOffset="5490"/>
</LocList>
<BasicStmnt CovItemId="S72" CovItemPrefix="my.PSM.unitTestPSM.MySQLManagerStub.java" Intrnl_Id="362">
<LocList>
<Loc EndOffset="5523" SrcFileId="2" StartOffset="5490"/>
</LocList>
</BasicStmnt>
</StmntSeq>
</HierarchyLvl>
<HierarchyLvl HierarchyLvlId="14188" HierarchyLvlTypeId="31" Intrnl_Id="363" Name="fetchEndFri">
<Header>
<Loc EndOffset="5583" SrcFileId="2" StartOffset="5532"/>
</Header>
<LocList>
<Loc EndOffset="5624" SrcFileId="2" StartOffset="5532"/>
</LocList>
<StmntSeq Intrnl_Id="364">
<LocList>
<Loc EndOffset="5620" SrcFileId="2" StartOffset="5589"/>
</LocList>
<BasicStmnt CovItemId="S73" CovItemPrefix="my.PSM.unitTestPSM.MySQLManagerStub.java" Intrnl_Id="365">
<LocList>
<Loc EndOffset="5620" SrcFileId="2" StartOffset="5589"/>
</LocList>
</BasicStmnt>
</StmntSeq>
</HierarchyLvl>
<HierarchyLvl HierarchyLvlId="14189" HierarchyLvlTypeId="31" Intrnl_Id="366" Name="fetchStartSat">
<Header>
<Loc EndOffset="5682" SrcFileId="2" StartOffset="5629"/>
</Header>
<LocList>
<Loc EndOffset="5725" SrcFileId="2" StartOffset="5629"/>
</LocList>
<StmntSeq Intrnl_Id="367">
<LocList>
<Loc EndOffset="5721" SrcFileId="2" StartOffset="5688"/>
</LocList>
<BasicStmnt CovItemId="S74" CovItemPrefix="my.PSM.unitTestPSM.MySQLManagerStub.java" Intrnl_Id="368">
<LocList>
<Loc EndOffset="5721" SrcFileId="2" StartOffset="5688"/>
</LocList>
</BasicStmnt>
</StmntSeq>
</HierarchyLvl>
<HierarchyLvl HierarchyLvlId="14190" HierarchyLvlTypeId="31" Intrnl_Id="369" Name="fetchEndSat">
<Header>
<Loc EndOffset="5781" SrcFileId="2" StartOffset="5730"/>
</Header>
<LocList>
<Loc EndOffset="5822" SrcFileId="2" StartOffset="5730"/>
</LocList>
<StmntSeq Intrnl_Id="370">
<LocList>
<Loc EndOffset="5818" SrcFileId="2" StartOffset="5787"/>
</LocList>
<BasicStmnt CovItemId="S75" CovItemPrefix="my.PSM.unitTestPSM.MySQLManagerStub.java" Intrnl_Id="371">
<LocList>
<Loc EndOffset="5818" SrcFileId="2" StartOffset="5787"/>
</LocList>
</BasicStmnt>
</StmntSeq>
</HierarchyLvl>
<HierarchyLvl HierarchyLvlId="14191" HierarchyLvlTypeId="31" Intrnl_Id="372" Name="storeClassInfo">
<Header>
<Loc EndOffset="5933" SrcFileId="2" StartOffset="5827"/>
</Header>
<LocList>
<Loc EndOffset="6099" SrcFileId="2" StartOffset="5827"/>
</LocList>
<StmntSeq Intrnl_Id="373">
<LocList>
<Loc EndOffset="5961" SrcFileId="2" StartOffset="5939"/>
<Loc EndOffset="5998" SrcFileId="2" StartOffset="5965"/>
<Loc EndOffset="6042" SrcFileId="2" StartOffset="6002"/>
<Loc EndOffset="6082" SrcFileId="2" StartOffset="6046"/>
<Loc EndOffset="6095" SrcFileId="2" StartOffset="6086"/>
</LocList>
<BasicStmnt CovItemId="S76" CovItemPrefix="my.PSM.unitTestPSM.MySQLManagerStub.java" Intrnl_Id="374">
<LocList>
<Loc EndOffset="5961" SrcFileId="2" StartOffset="5939"/>
</LocList>
</BasicStmnt>
<BasicStmnt CovItemId="S77" CovItemPrefix="my.PSM.unitTestPSM.MySQLManagerStub.java" Intrnl_Id="375">
<LocList>
<Loc EndOffset="5998" SrcFileId="2" StartOffset="5965"/>
</LocList>
</BasicStmnt>
<BasicStmnt CovItemId="S78" CovItemPrefix="my.PSM.unitTestPSM.MySQLManagerStub.java" Intrnl_Id="376">
<LocList>
<Loc EndOffset="6042" SrcFileId="2" StartOffset="6002"/>
</LocList>
</BasicStmnt>
<BasicStmnt CovItemId="S79" CovItemPrefix="my.PSM.unitTestPSM.MySQLManagerStub.java" Intrnl_Id="377">
<LocList>
<Loc EndOffset="6082" SrcFileId="2" StartOffset="6046"/>
</LocList>
</BasicStmnt>
<BasicStmnt CovItemId="S80" CovItemPrefix="my.PSM.unitTestPSM.MySQLManagerStub.java" Intrnl_Id="378">
<LocList>
<Loc EndOffset="6095" SrcFileId="2" StartOffset="6086"/>
</LocList>
</BasicStmnt>
</StmntSeq>
</HierarchyLvl>
<HierarchyLvl HierarchyLvlId="14192" HierarchyLvlTypeId="31" Intrnl_Id="379" Name="storeClassSched">
<Header>
<Loc EndOffset="6390" SrcFileId="2" StartOffset="6104"/>
</Header>
<LocList>
<Loc EndOffset="7005" SrcFileId="2" StartOffset="6104"/>
</LocList>
<StmntSeq Intrnl_Id="380">
<LocList>
<Loc EndOffset="6988" SrcFileId="2" StartOffset="6396"/>
<Loc EndOffset="7001" SrcFileId="2" StartOffset="6992"/>
</LocList>
<CondStmnt CovItemId="S81" CovItemPrefix="my.PSM.unitTestPSM.MySQLManagerStub.java" Intrnl_Id="381">
<Branch CovItemId="B7" CovItemPrefix="my.PSM.unitTestPSM.MySQLManagerStub.java" Implct="false" Intrnl_Id="382">
<Cond/>
<LocList>
<Loc EndOffset="6988" SrcFileId="2" StartOffset="6428"/>
</LocList>
<StmntSeq Intrnl_Id="383">
<LocList>
<Loc EndOffset="6474" SrcFileId="2" StartOffset="6434"/>
<Loc EndOffset="6515" SrcFileId="2" StartOffset="6479"/>
<Loc EndOffset="6556" SrcFileId="2" StartOffset="6520"/>
<Loc EndOffset="6593" SrcFileId="2" StartOffset="6561"/>
<Loc EndOffset="6634" SrcFileId="2" StartOffset="6598"/>
<Loc EndOffset="6671" SrcFileId="2" StartOffset="6639"/>
<Loc EndOffset="6712" SrcFileId="2" StartOffset="6676"/>
<Loc EndOffset="6749" SrcFileId="2" StartOffset="6717"/>
<Loc EndOffset="6790" SrcFileId="2" StartOffset="6754"/>
<Loc EndOffset="6827" SrcFileId="2" StartOffset="6795"/>
<Loc EndOffset="6868" SrcFileId="2" StartOffset="6832"/>
<Loc EndOffset="6905" SrcFileId="2" StartOffset="6873"/>
<Loc EndOffset="6946" SrcFileId="2" StartOffset="6910"/>
<Loc EndOffset="6983" SrcFileId="2" StartOffset="6951"/>
</LocList>
<BasicStmnt CovItemId="S82" CovItemPrefix="my.PSM.unitTestPSM.MySQLManagerStub.java" Intrnl_Id="384">
<LocList>
<Loc EndOffset="6474" SrcFileId="2" StartOffset="6434"/>
</LocList>
</BasicStmnt>
<BasicStmnt CovItemId="S83" CovItemPrefix="my.PSM.unitTestPSM.MySQLManagerStub.java" Intrnl_Id="385">
<LocList>
<Loc EndOffset="6515" SrcFileId="2" StartOffset="6479"/>
</LocList>
</BasicStmnt>
<BasicStmnt CovItemId="S84" CovItemPrefix="my.PSM.unitTestPSM.MySQLManagerStub.java" Intrnl_Id="386">
<LocList>
<Loc EndOffset="6556" SrcFileId="2" StartOffset="6520"/>
</LocList>
</BasicStmnt>
<BasicStmnt CovItemId="S85" CovItemPrefix="my.PSM.unitTestPSM.MySQLManagerStub.java" Intrnl_Id="387">
<LocList>
<Loc EndOffset="6593" SrcFileId="2" StartOffset="6561"/>
</LocList>
</BasicStmnt>
<BasicStmnt CovItemId="S86" CovItemPrefix="my.PSM.unitTestPSM.MySQLManagerStub.java" Intrnl_Id="388">
<LocList>
<Loc EndOffset="6634" SrcFileId="2" StartOffset="6598"/>
</LocList>
</BasicStmnt>
<BasicStmnt CovItemId="S87" CovItemPrefix="my.PSM.unitTestPSM.MySQLManagerStub.java" Intrnl_Id="389">
<LocList>
<Loc EndOffset="6671" SrcFileId="2" StartOffset="6639"/>
</LocList>
</BasicStmnt>
<BasicStmnt CovItemId="S88" CovItemPrefix="my.PSM.unitTestPSM.MySQLManagerStub.java" Intrnl_Id="390">
<LocList>
<Loc EndOffset="6712" SrcFileId="2" StartOffset="6676"/>
</LocList>
</BasicStmnt>
<BasicStmnt CovItemId="S89" CovItemPrefix="my.PSM.unitTestPSM.MySQLManagerStub.java" Intrnl_Id="391">
<LocList>
<Loc EndOffset="6749" SrcFileId="2" StartOffset="6717"/>
</LocList>
</BasicStmnt>
<BasicStmnt CovItemId="S90" CovItemPrefix="my.PSM.unitTestPSM.MySQLManagerStub.java" Intrnl_Id="392">
<LocList>
<Loc EndOffset="6790" SrcFileId="2" StartOffset="6754"/>
</LocList>
</BasicStmnt>
<BasicStmnt CovItemId="S91" CovItemPrefix="my.PSM.unitTestPSM.MySQLManagerStub.java" Intrnl_Id="393">
<LocList>
<Loc EndOffset="6827" SrcFileId="2" StartOffset="6795"/>
</LocList>
</BasicStmnt>
<BasicStmnt CovItemId="S92" CovItemPrefix="my.PSM.unitTestPSM.MySQLManagerStub.java" Intrnl_Id="394">
<LocList>
<Loc EndOffset="6868" SrcFileId="2" StartOffset="6832"/>
</LocList>
</BasicStmnt>
<BasicStmnt CovItemId="S93" CovItemPrefix="my.PSM.unitTestPSM.MySQLManagerStub.java" Intrnl_Id="395">
<LocList>
<Loc EndOffset="6905" SrcFileId="2" StartOffset="6873"/>
</LocList>
</BasicStmnt>
<BasicStmnt CovItemId="S94" CovItemPrefix="my.PSM.unitTestPSM.MySQLManagerStub.java" Intrnl_Id="396">
<LocList>
<Loc EndOffset="6946" SrcFileId="2" StartOffset="6910"/>
</LocList>
</BasicStmnt>
<BasicStmnt CovItemId="S95" CovItemPrefix="my.PSM.unitTestPSM.MySQLManagerStub.java" Intrnl_Id="397">
<LocList>
<Loc EndOffset="6983" SrcFileId="2" StartOffset="6951"/>
</LocList>
</BasicStmnt>
</StmntSeq>
</Branch>
<Branch CovItemId="B8" CovItemPrefix="my.PSM.unitTestPSM.MySQLManagerStub.java" Implct="true" Intrnl_Id="398">
<Cond/>
<LocList/>
<StmntSeq Intrnl_Id="399">
<LocList/>
</StmntSeq>
</Branch>
<Keyword EndOffset="6398" SrcFileId="2" StartOffset="6396"/>
<LocList>
<Loc EndOffset="6988" SrcFileId="2" StartOffset="6396"/>
</LocList>
<RootTerm CovItemId="C4" CovItemPrefix="my.PSM.unitTestPSM.MySQLManagerStub.java" Intrnl_Id="400">
<BasicBoolTerm Intrnl_Id="401">
<LocList>
<Loc EndOffset="6426" SrcFileId="2" StartOffset="6400"/>
</LocList>
</BasicBoolTerm>
</RootTerm>
</CondStmnt>
<BasicStmnt CovItemId="S96" CovItemPrefix="my.PSM.unitTestPSM.MySQLManagerStub.java" Intrnl_Id="402">
<LocList>
<Loc EndOffset="7001" SrcFileId="2" StartOffset="6992"/>
</LocList>
</BasicStmnt>
</StmntSeq>
</HierarchyLvl>
<HierarchyLvl HierarchyLvlId="14193" HierarchyLvlTypeId="31" Intrnl_Id="403" Name="clearDatabase">
<Header>
<Loc EndOffset="7049" SrcFileId="2" StartOffset="7010"/>
</Header>
<LocList>
<Loc EndOffset="7517" SrcFileId="2" StartOffset="7010"/>
</LocList>
<StmntSeq Intrnl_Id="404">
<LocList>
<Loc EndOffset="7513" SrcFileId="2" StartOffset="7055"/>
</LocList>
<CondStmnt CovItemId="S97" CovItemPrefix="my.PSM.unitTestPSM.MySQLManagerStub.java" Intrnl_Id="405">
<Branch CovItemId="B9" CovItemPrefix="my.PSM.unitTestPSM.MySQLManagerStub.java" Implct="false" Intrnl_Id="406">
<Cond/>
<LocList>
<Loc EndOffset="7513" SrcFileId="2" StartOffset="7072"/>
</LocList>
<StmntSeq Intrnl_Id="407">
<LocList>
<Loc EndOffset="7094" SrcFileId="2" StartOffset="7078"/>
<Loc EndOffset="7114" SrcFileId="2" StartOffset="7099"/>
<Loc EndOffset="7141" SrcFileId="2" StartOffset="7119"/>
<Loc EndOffset="7166" SrcFileId="2" StartOffset="7146"/>
<Loc EndOffset="7194" SrcFileId="2" StartOffset="7171"/>
<Loc EndOffset="7220" SrcFileId="2" StartOffset="7199"/>
<Loc EndOffset="7245" SrcFileId="2" StartOffset="7225"/>
<Loc EndOffset="7268" SrcFileId="2" StartOffset="7250"/>
<Loc EndOffset="7293" SrcFileId="2" StartOffset="7273"/>
<Loc EndOffset="7316" SrcFileId="2" StartOffset="7298"/>
<Loc EndOffset="7341" SrcFileId="2" StartOffset="7321"/>
<Loc EndOffset="7364" SrcFileId="2" StartOffset="7346"/>
<Loc EndOffset="7389" SrcFileId="2" StartOffset="7369"/>
<Loc EndOffset="7412" SrcFileId="2" StartOffset="7394"/>
<Loc EndOffset="7437" SrcFileId="2" StartOffset="7417"/>
<Loc EndOffset="7460" SrcFileId="2" StartOffset="7442"/>
<Loc EndOffset="7485" SrcFileId="2" StartOffset="7465"/>
<Loc EndOffset="7508" SrcFileId="2" StartOffset="7490"/>
</LocList>
<BasicStmnt CovItemId="S98" CovItemPrefix="my.PSM.unitTestPSM.MySQLManagerStub.java" Intrnl_Id="408">
<LocList>
<Loc EndOffset="7094" SrcFileId="2" StartOffset="7078"/>
</LocList>
</BasicStmnt>
<BasicStmnt CovItemId="S99" CovItemPrefix="my.PSM.unitTestPSM.MySQLManagerStub.java" Intrnl_Id="409">
<LocList>
<Loc EndOffset="7114" SrcFileId="2" StartOffset="7099"/>
</LocList>
</BasicStmnt>
<BasicStmnt CovItemId="S100" CovItemPrefix="my.PSM.unitTestPSM.MySQLManagerStub.java" Intrnl_Id="410">
<LocList>
<Loc EndOffset="7141" SrcFileId="2" StartOffset="7119"/>
</LocList>
</BasicStmnt>
<BasicStmnt CovItemId="S101" CovItemPrefix="my.PSM.unitTestPSM.MySQLManagerStub.java" Intrnl_Id="411">
<LocList>
<Loc EndOffset="7166" SrcFileId="2" StartOffset="7146"/>
</LocList>
</BasicStmnt>
<BasicStmnt CovItemId="S102" CovItemPrefix="my.PSM.unitTestPSM.MySQLManagerStub.java" Intrnl_Id="412">
<LocList>
<Loc EndOffset="7194" SrcFileId="2" StartOffset="7171"/>
</LocList>
</BasicStmnt>
<BasicStmnt CovItemId="S103" CovItemPrefix="my.PSM.unitTestPSM.MySQLManagerStub.java" Intrnl_Id="413">
<LocList>
<Loc EndOffset="7220" SrcFileId="2" StartOffset="7199"/>
</LocList>
</BasicStmnt>
<BasicStmnt CovItemId="S104" CovItemPrefix="my.PSM.unitTestPSM.MySQLManagerStub.java" Intrnl_Id="414">
<LocList>
<Loc EndOffset="7245" SrcFileId="2" StartOffset="7225"/>
</LocList>
</BasicStmnt>
<BasicStmnt CovItemId="S105" CovItemPrefix="my.PSM.unitTestPSM.MySQLManagerStub.java" Intrnl_Id="415">
<LocList>
<Loc EndOffset="7268" SrcFileId="2" StartOffset="7250"/>
</LocList>
</BasicStmnt>
<BasicStmnt CovItemId="S106" CovItemPrefix="my.PSM.unitTestPSM.MySQLManagerStub.java" Intrnl_Id="416">
<LocList>
<Loc EndOffset="7293" SrcFileId="2" StartOffset="7273"/>
</LocList>
</BasicStmnt>
<BasicStmnt CovItemId="S107" CovItemPrefix="my.PSM.unitTestPSM.MySQLManagerStub.java" Intrnl_Id="417">
<LocList>
<Loc EndOffset="7316" SrcFileId="2" StartOffset="7298"/>
</LocList>
</BasicStmnt>
<BasicStmnt CovItemId="S108" CovItemPrefix="my.PSM.unitTestPSM.MySQLManagerStub.java" Intrnl_Id="418">
<LocList>
<Loc EndOffset="7341" SrcFileId="2" StartOffset="7321"/>
</LocList>
</BasicStmnt>
<BasicStmnt CovItemId="S109" CovItemPrefix="my.PSM.unitTestPSM.MySQLManagerStub.java" Intrnl_Id="419">
<LocList>
<Loc EndOffset="7364" SrcFileId="2" StartOffset="7346"/>
</LocList>
</BasicStmnt>
<BasicStmnt CovItemId="S110" CovItemPrefix="my.PSM.unitTestPSM.MySQLManagerStub.java" Intrnl_Id="420">
<LocList>
<Loc EndOffset="7389" SrcFileId="2" StartOffset="7369"/>
</LocList>
</BasicStmnt>
<BasicStmnt CovItemId="S111" CovItemPrefix="my.PSM.unitTestPSM.MySQLManagerStub.java" Intrnl_Id="421">
<LocList>
<Loc EndOffset="7412" SrcFileId="2" StartOffset="7394"/>
</LocList>
</BasicStmnt>
<BasicStmnt CovItemId="S112" CovItemPrefix="my.PSM.unitTestPSM.MySQLManagerStub.java" Intrnl_Id="422">
<LocList>
<Loc EndOffset="7437" SrcFileId="2" StartOffset="7417"/>
</LocList>
</BasicStmnt>
<BasicStmnt CovItemId="S113" CovItemPrefix="my.PSM.unitTestPSM.MySQLManagerStub.java" Intrnl_Id="423">
<LocList>
<Loc EndOffset="7460" SrcFileId="2" StartOffset="7442"/>
</LocList>
</BasicStmnt>
<BasicStmnt CovItemId="S114" CovItemPrefix="my.PSM.unitTestPSM.MySQLManagerStub.java" Intrnl_Id="424">
<LocList>
<Loc EndOffset="7485" SrcFileId="2" StartOffset="7465"/>
</LocList>
</BasicStmnt>
<BasicStmnt CovItemId="S115" CovItemPrefix="my.PSM.unitTestPSM.MySQLManagerStub.java" Intrnl_Id="425">
<LocList>
<Loc EndOffset="7508" SrcFileId="2" StartOffset="7490"/>
</LocList>
</BasicStmnt>
</StmntSeq>
</Branch>
<Branch CovItemId="B10" CovItemPrefix="my.PSM.unitTestPSM.MySQLManagerStub.java" Implct="true" Intrnl_Id="426">
<Cond/>
<LocList/>
<StmntSeq Intrnl_Id="427">
<LocList/>
</StmntSeq>
</Branch>
<Keyword EndOffset="7057" SrcFileId="2" StartOffset="7055"/>
<LocList>
<Loc EndOffset="7513" SrcFileId="2" StartOffset="7055"/>
</LocList>
<RootTerm CovItemId="C5" CovItemPrefix="my.PSM.unitTestPSM.MySQLManagerStub.java" Intrnl_Id="428">
<BasicBoolTerm Intrnl_Id="429">
<LocList>
<Loc EndOffset="7070" SrcFileId="2" StartOffset="7059"/>
</LocList>
</BasicBoolTerm>
</RootTerm>
</CondStmnt>
</StmntSeq>
</HierarchyLvl>
<HierarchyLvl HierarchyLvlId="14194" HierarchyLvlTypeId="31" Intrnl_Id="430" Name="createClassTable">
<Header>
<Loc EndOffset="7563" SrcFileId="2" StartOffset="7522"/>
</Header>
<LocList>
<Loc EndOffset="7629" SrcFileId="2" StartOffset="7522"/>
</LocList>
<StmntSeq Intrnl_Id="431">
<LocList>
<Loc EndOffset="7625" SrcFileId="2" StartOffset="7616"/>
</LocList>
<BasicStmnt CovItemId="S116" CovItemPrefix="my.PSM.unitTestPSM.MySQLManagerStub.java" Intrnl_Id="432">
<LocList>
<Loc EndOffset="7625" SrcFileId="2" StartOffset="7616"/>
</LocList>
</BasicStmnt>
</StmntSeq>
</HierarchyLvl>
</HierarchyLvl>
<HierarchyLvl HierarchyLvlId="14280" HierarchyLvlTypeId="32" Intrnl_Id="433" Name="InterfaceFacadeStub">
<Header>
<Loc EndOffset="135" SrcFileId="3" StartOffset="79"/>
</Header>
<LocList>
<Loc EndOffset="8302" SrcFileId="3" StartOffset="79"/>
</LocList>
<StmntSeq Intrnl_Id="434">
<LocList>
<Loc EndOffset="361" SrcFileId="3" StartOffset="328"/>
<Loc EndOffset="402" SrcFileId="3" StartOffset="364"/>
<Loc EndOffset="448" SrcFileId="3" StartOffset="408"/>
<Loc EndOffset="488" SrcFileId="3" StartOffset="454"/>
<Loc EndOffset="533" SrcFileId="3" StartOffset="494"/>
<Loc EndOffset="577" SrcFileId="3" StartOffset="539"/>
<Loc EndOffset="619" SrcFileId="3" StartOffset="583"/>
<Loc EndOffset="663" SrcFileId="3" StartOffset="625"/>
<Loc EndOffset="705" SrcFileId="3" StartOffset="669"/>
<Loc EndOffset="749" SrcFileId="3" StartOffset="711"/>
<Loc EndOffset="791" SrcFileId="3" StartOffset="755"/>
<Loc EndOffset="835" SrcFileId="3" StartOffset="797"/>
<Loc EndOffset="877" SrcFileId="3" StartOffset="841"/>
<Loc EndOffset="921" SrcFileId="3" StartOffset="883"/>
<Loc EndOffset="963" SrcFileId="3" StartOffset="927"/>
<Loc EndOffset="1007" SrcFileId="3" StartOffset="969"/>
<Loc EndOffset="1049" SrcFileId="3" StartOffset="1013"/>
</LocList>
<BasicStmnt CovItemId="S1" CovItemPrefix="my.PSM.unitTestPSM.InterfaceFacadeStub.java" Intrnl_Id="435">
<LocList>
<Loc EndOffset="361" SrcFileId="3" StartOffset="328"/>
</LocList>
</BasicStmnt>
<BasicStmnt CovItemId="S2" CovItemPrefix="my.PSM.unitTestPSM.InterfaceFacadeStub.java" Intrnl_Id="436">
<LocList>
<Loc EndOffset="402" SrcFileId="3" StartOffset="364"/>
</LocList>
</BasicStmnt>
<BasicStmnt CovItemId="S3" CovItemPrefix="my.PSM.unitTestPSM.InterfaceFacadeStub.java" Intrnl_Id="437">
<LocList>
<Loc EndOffset="448" SrcFileId="3" StartOffset="408"/>
</LocList>
</BasicStmnt>
<BasicStmnt CovItemId="S4" CovItemPrefix="my.PSM.unitTestPSM.InterfaceFacadeStub.java" Intrnl_Id="438">
<LocList>
<Loc EndOffset="488" SrcFileId="3" StartOffset="454"/>
</LocList>
</BasicStmnt>
<BasicStmnt CovItemId="S5" CovItemPrefix="my.PSM.unitTestPSM.InterfaceFacadeStub.java" Intrnl_Id="439">
<LocList>
<Loc EndOffset="533" SrcFileId="3" StartOffset="494"/>
</LocList>
</BasicStmnt>
<BasicStmnt CovItemId="S6" CovItemPrefix="my.PSM.unitTestPSM.InterfaceFacadeStub.java" Intrnl_Id="440">
<LocList>
<Loc EndOffset="577" SrcFileId="3" StartOffset="539"/>
</LocList>
</BasicStmnt>
<BasicStmnt CovItemId="S7" CovItemPrefix="my.PSM.unitTestPSM.InterfaceFacadeStub.java" Intrnl_Id="441">
<LocList>
<Loc EndOffset="619" SrcFileId="3" StartOffset="583"/>
</LocList>
</BasicStmnt>
<BasicStmnt CovItemId="S8" CovItemPrefix="my.PSM.unitTestPSM.InterfaceFacadeStub.java" Intrnl_Id="442">
<LocList>
<Loc EndOffset="663" SrcFileId="3" StartOffset="625"/>
</LocList>
</BasicStmnt>
<BasicStmnt CovItemId="S9" CovItemPrefix="my.PSM.unitTestPSM.InterfaceFacadeStub.java" Intrnl_Id="443">
<LocList>
<Loc EndOffset="705" SrcFileId="3" StartOffset="669"/>
</LocList>
</BasicStmnt>
<BasicStmnt CovItemId="S10" CovItemPrefix="my.PSM.unitTestPSM.InterfaceFacadeStub.java" Intrnl_Id="444">
<LocList>
<Loc EndOffset="749" SrcFileId="3" StartOffset="711"/>
</LocList>
</BasicStmnt>
<BasicStmnt CovItemId="S11" CovItemPrefix="my.PSM.unitTestPSM.InterfaceFacadeStub.java" Intrnl_Id="445">
<LocList>
<Loc EndOffset="791" SrcFileId="3" StartOffset="755"/>
</LocList>
</BasicStmnt>
<BasicStmnt CovItemId="S12" CovItemPrefix="my.PSM.unitTestPSM.InterfaceFacadeStub.java" Intrnl_Id="446">
<LocList>
<Loc EndOffset="835" SrcFileId="3" StartOffset="797"/>
</LocList>
</BasicStmnt>
<BasicStmnt CovItemId="S13" CovItemPrefix="my.PSM.unitTestPSM.InterfaceFacadeStub.java" Intrnl_Id="447">
<LocList>
<Loc EndOffset="877" SrcFileId="3" StartOffset="841"/>
</LocList>
</BasicStmnt>
<BasicStmnt CovItemId="S14" CovItemPrefix="my.PSM.unitTestPSM.InterfaceFacadeStub.java" Intrnl_Id="448">
<LocList>
<Loc EndOffset="921" SrcFileId="3" StartOffset="883"/>
</LocList>
</BasicStmnt>
<BasicStmnt CovItemId="S15" CovItemPrefix="my.PSM.unitTestPSM.InterfaceFacadeStub.java" Intrnl_Id="449">
<LocList>
<Loc EndOffset="963" SrcFileId="3" StartOffset="927"/>
</LocList>
</BasicStmnt>
<BasicStmnt CovItemId="S16" CovItemPrefix="my.PSM.unitTestPSM.InterfaceFacadeStub.java" Intrnl_Id="450">
<LocList>
<Loc EndOffset="1007" SrcFileId="3" StartOffset="969"/>
</LocList>
</BasicStmnt>
<BasicStmnt CovItemId="S17" CovItemPrefix="my.PSM.unitTestPSM.InterfaceFacadeStub.java" Intrnl_Id="451">
<LocList>
<Loc EndOffset="1049" SrcFileId="3" StartOffset="1013"/>
</LocList>
</BasicStmnt>
</StmntSeq>
<HierarchyLvl HierarchyLvlId="14196" HierarchyLvlTypeId="31" Intrnl_Id="452" Name="InterfaceFacadeStub">
<Header>
<Loc EndOffset="1086" SrcFileId="3" StartOffset="1058"/>
</Header>
<LocList>
<Loc EndOffset="1140" SrcFileId="3" StartOffset="1058"/>
</LocList>
<StmntSeq Intrnl_Id="453">
<LocList>
<Loc EndOffset="1100" SrcFileId="3" StartOffset="1092"/>
<Loc EndOffset="1118" SrcFileId="3" StartOffset="1104"/>
<Loc EndOffset="1136" SrcFileId="3" StartOffset="1122"/>
</LocList>
<BasicStmnt CovItemId="S18" CovItemPrefix="my.PSM.unitTestPSM.InterfaceFacadeStub.java" Intrnl_Id="454">
<LocList>
<Loc EndOffset="1100" SrcFileId="3" StartOffset="1092"/>
</LocList>
</BasicStmnt>
<BasicStmnt CovItemId="S19" CovItemPrefix="my.PSM.unitTestPSM.InterfaceFacadeStub.java" Intrnl_Id="455">
<LocList>
<Loc EndOffset="1118" SrcFileId="3" StartOffset="1104"/>
</LocList>
</BasicStmnt>
<BasicStmnt CovItemId="S20" CovItemPrefix="my.PSM.unitTestPSM.InterfaceFacadeStub.java" Intrnl_Id="456">
<LocList>
<Loc EndOffset="1136" SrcFileId="3" StartOffset="1122"/>
</LocList>
</BasicStmnt>
</StmntSeq>
</HierarchyLvl>
<HierarchyLvl HierarchyLvlId="14197" HierarchyLvlTypeId="31" Intrnl_Id="457" Name="testHelper">
<Header>
<Loc EndOffset="1489" SrcFileId="3" StartOffset="1145"/>
</Header>
<LocList>
<Loc EndOffset="1934" SrcFileId="3" StartOffset="1145"/>
</LocList>
<StmntSeq Intrnl_Id="458">
<LocList>
<Loc EndOffset="1514" SrcFileId="3" StartOffset="1494"/>
<Loc EndOffset="1545" SrcFileId="3" StartOffset="1518"/>
<Loc EndOffset="1572" SrcFileId="3" StartOffset="1549"/>
<Loc EndOffset="1603" SrcFileId="3" StartOffset="1576"/>
<Loc EndOffset="1630" SrcFileId="3" StartOffset="1607"/>
<Loc EndOffset="1657" SrcFileId="3" StartOffset="1634"/>
<Loc EndOffset="1680" SrcFileId="3" StartOffset="1661"/>
<Loc EndOffset="1707" SrcFileId="3" StartOffset="1684"/>
<Loc EndOffset="1730" SrcFileId="3" StartOffset="1711"/>
<Loc EndOffset="1757" SrcFileId="3" StartOffset="1734"/>
<Loc EndOffset="1780" SrcFileId="3" StartOffset="1761"/>
<Loc EndOffset="1807" SrcFileId="3" StartOffset="1784"/>
<Loc EndOffset="1830" SrcFileId="3" StartOffset="1811"/>
<Loc EndOffset="1857" SrcFileId="3" StartOffset="1834"/>
<Loc EndOffset="1880" SrcFileId="3" StartOffset="1861"/>
<Loc EndOffset="1907" SrcFileId="3" StartOffset="1884"/>
<Loc EndOffset="1930" SrcFileId="3" StartOffset="1911"/>
</LocList>
<BasicStmnt CovItemId="S21" CovItemPrefix="my.PSM.unitTestPSM.InterfaceFacadeStub.java" Intrnl_Id="459">
<LocList>
<Loc EndOffset="1514" SrcFileId="3" StartOffset="1494"/>
</LocList>
</BasicStmnt>
<BasicStmnt CovItemId="S22" CovItemPrefix="my.PSM.unitTestPSM.InterfaceFacadeStub.java" Intrnl_Id="460">
<LocList>
<Loc EndOffset="1545" SrcFileId="3" StartOffset="1518"/>
</LocList>
</BasicStmnt>
<BasicStmnt CovItemId="S23" CovItemPrefix="my.PSM.unitTestPSM.InterfaceFacadeStub.java" Intrnl_Id="461">
<LocList>
<Loc EndOffset="1572" SrcFileId="3" StartOffset="1549"/>
</LocList>
</BasicStmnt>
<BasicStmnt CovItemId="S24" CovItemPrefix="my.PSM.unitTestPSM.InterfaceFacadeStub.java" Intrnl_Id="462">
<LocList>
<Loc EndOffset="1603" SrcFileId="3" StartOffset="1576"/>
</LocList>
</BasicStmnt>
<BasicStmnt CovItemId="S25" CovItemPrefix="my.PSM.unitTestPSM.InterfaceFacadeStub.java" Intrnl_Id="463">
<LocList>
<Loc EndOffset="1630" SrcFileId="3" StartOffset="1607"/>
</LocList>
</BasicStmnt>
<BasicStmnt CovItemId="S26" CovItemPrefix="my.PSM.unitTestPSM.InterfaceFacadeStub.java" Intrnl_Id="464">
<LocList>
<Loc EndOffset="1657" SrcFileId="3" StartOffset="1634"/>
</LocList>
</BasicStmnt>
<BasicStmnt CovItemId="S27" CovItemPrefix="my.PSM.unitTestPSM.InterfaceFacadeStub.java" Intrnl_Id="465">
<LocList>
<Loc EndOffset="1680" SrcFileId="3" StartOffset="1661"/>
</LocList>
</BasicStmnt>
<BasicStmnt CovItemId="S28" CovItemPrefix="my.PSM.unitTestPSM.InterfaceFacadeStub.java" Intrnl_Id="466">
<LocList>
<Loc EndOffset="1707" SrcFileId="3" StartOffset="1684"/>
</LocList>
</BasicStmnt>
<BasicStmnt CovItemId="S29" CovItemPrefix="my.PSM.unitTestPSM.InterfaceFacadeStub.java" Intrnl_Id="467">
<LocList>
<Loc EndOffset="1730" SrcFileId="3" StartOffset="1711"/>
</LocList>
</BasicStmnt>
<BasicStmnt CovItemId="S30" CovItemPrefix="my.PSM.unitTestPSM.InterfaceFacadeStub.java" Intrnl_Id="468">
<LocList>
<Loc EndOffset="1757" SrcFileId="3" StartOffset="1734"/>
</LocList>
</BasicStmnt>
<BasicStmnt CovItemId="S31" CovItemPrefix="my.PSM.unitTestPSM.InterfaceFacadeStub.java" Intrnl_Id="469">
<LocList>
<Loc EndOffset="1780" SrcFileId="3" StartOffset="1761"/>
</LocList>
</BasicStmnt>
<BasicStmnt CovItemId="S32" CovItemPrefix="my.PSM.unitTestPSM.InterfaceFacadeStub.java" Intrnl_Id="470">
<LocList>
<Loc EndOffset="1807" SrcFileId="3" StartOffset="1784"/>
</LocList>
</BasicStmnt>
<BasicStmnt CovItemId="S33" CovItemPrefix="my.PSM.unitTestPSM.InterfaceFacadeStub.java" Intrnl_Id="471">
<LocList>
<Loc EndOffset="1830" SrcFileId="3" StartOffset="1811"/>
</LocList>
</BasicStmnt>
<BasicStmnt CovItemId="S34" CovItemPrefix="my.PSM.unitTestPSM.InterfaceFacadeStub.java" Intrnl_Id="472">
<LocList>
<Loc EndOffset="1857" SrcFileId="3" StartOffset="1834"/>
</LocList>
</BasicStmnt>
<BasicStmnt CovItemId="S35" CovItemPrefix="my.PSM.unitTestPSM.InterfaceFacadeStub.java" Intrnl_Id="473">
<LocList>
<Loc EndOffset="1880" SrcFileId="3" StartOffset="1861"/>
</LocList>
</BasicStmnt>
<BasicStmnt CovItemId="S36" CovItemPrefix="my.PSM.unitTestPSM.InterfaceFacadeStub.java" Intrnl_Id="474">
<LocList>
<Loc EndOffset="1907" SrcFileId="3" StartOffset="1884"/>
</LocList>
</BasicStmnt>
<BasicStmnt CovItemId="S37" CovItemPrefix="my.PSM.unitTestPSM.InterfaceFacadeStub.java" Intrnl_Id="475">
<LocList>
<Loc EndOffset="1930" SrcFileId="3" StartOffset="1911"/>
</LocList>
</BasicStmnt>
</StmntSeq>
</HierarchyLvl>
<HierarchyLvl HierarchyLvlId="14198" HierarchyLvlTypeId="31" Intrnl_Id="476" Name="setEdit">
<Header>
<Loc EndOffset="1970" SrcFileId="3" StartOffset="1937"/>
</Header>
<LocList>
<Loc EndOffset="1997" SrcFileId="3" StartOffset="1937"/>
</LocList>
<StmntSeq Intrnl_Id="477">
<LocList>
<Loc EndOffset="1993" SrcFileId="3" StartOffset="1976"/>
</LocList>
<BasicStmnt CovItemId="S38" CovItemPrefix="my.PSM.unitTestPSM.InterfaceFacadeStub.java" Intrnl_Id="478">
<LocList>
<Loc EndOffset="1993" SrcFileId="3" StartOffset="1976"/>
</LocList>
</BasicStmnt>
</StmntSeq>
</HierarchyLvl>
<HierarchyLvl HierarchyLvlId="14199" HierarchyLvlTypeId="31" Intrnl_Id="479" Name="setLogout">
<Header>
<Loc EndOffset="2039" SrcFileId="3" StartOffset="2002"/>
</Header>
<LocList>
<Loc EndOffset="2070" SrcFileId="3" StartOffset="2002"/>
</LocList>
<StmntSeq Intrnl_Id="480">
<LocList>
<Loc EndOffset="2066" SrcFileId="3" StartOffset="2045"/>
</LocList>
<BasicStmnt CovItemId="S39" CovItemPrefix="my.PSM.unitTestPSM.InterfaceFacadeStub.java" Intrnl_Id="481">
<LocList>
<Loc EndOffset="2066" SrcFileId="3" StartOffset="2045"/>
</LocList>
</BasicStmnt>
</StmntSeq>
</HierarchyLvl>
<HierarchyLvl HierarchyLvlId="14200" HierarchyLvlTypeId="31" Intrnl_Id="482" Name="setInit">
<Header>
<Loc EndOffset="2108" SrcFileId="3" StartOffset="2075"/>
</Header>
<LocList>
<Loc EndOffset="2135" SrcFileId="3" StartOffset="2075"/>
</LocList>
<StmntSeq Intrnl_Id="483">
<LocList>
<Loc EndOffset="2131" SrcFileId="3" StartOffset="2114"/>
</LocList>
<BasicStmnt CovItemId="S40" CovItemPrefix="my.PSM.unitTestPSM.InterfaceFacadeStub.java" Intrnl_Id="484">
<LocList>
<Loc EndOffset="2131" SrcFileId="3" StartOffset="2114"/>
</LocList>
</BasicStmnt>
</StmntSeq>
</HierarchyLvl>
<HierarchyLvl HierarchyLvlId="14201" HierarchyLvlTypeId="31" Intrnl_Id="485" Name="setUsername">
<Header>
<Loc EndOffset="2171" SrcFileId="3" StartOffset="2138"/>
</Header>
<LocList>
<Loc EndOffset="2193" SrcFileId="3" StartOffset="2138"/>
</LocList>
<StmntSeq Intrnl_Id="486">
<LocList>
<Loc EndOffset="2189" SrcFileId="3" StartOffset="2176"/>
</LocList>
<BasicStmnt CovItemId="S41" CovItemPrefix="my.PSM.unitTestPSM.InterfaceFacadeStub.java" Intrnl_Id="487">
<LocList>
<Loc EndOffset="2189" SrcFileId="3" StartOffset="2176"/>
</LocList>
</BasicStmnt>
</StmntSeq>
</HierarchyLvl>
<HierarchyLvl HierarchyLvlId="14202" HierarchyLvlTypeId="31" Intrnl_Id="488" Name="setPassword">
<Header>
<Loc EndOffset="2229" SrcFileId="3" StartOffset="2196"/>
</Header>
<LocList>
<Loc EndOffset="2251" SrcFileId="3" StartOffset="2196"/>
</LocList>
<StmntSeq Intrnl_Id="489">
<LocList>
<Loc EndOffset="2247" SrcFileId="3" StartOffset="2234"/>
</LocList>
<BasicStmnt CovItemId="S42" CovItemPrefix="my.PSM.unitTestPSM.InterfaceFacadeStub.java" Intrnl_Id="490">
<LocList>
<Loc EndOffset="2247" SrcFileId="3" StartOffset="2234"/>
</LocList>
</BasicStmnt>
</StmntSeq>
</HierarchyLvl>
<HierarchyLvl HierarchyLvlId="14203" HierarchyLvlTypeId="31" Intrnl_Id="491" Name="lockedOut">
<Header>
<Loc EndOffset="2289" SrcFileId="3" StartOffset="2254"/>
</Header>
<LocList>
<Loc EndOffset="2310" SrcFileId="3" StartOffset="2254"/>
</LocList>
</HierarchyLvl>
<HierarchyLvl HierarchyLvlId="14204" HierarchyLvlTypeId="31" Intrnl_Id="492" Name="logoutConfirmation">
<Header>
<Loc EndOffset="2357" SrcFileId="3" StartOffset="2313"/>
</Header>
<LocList>
<Loc EndOffset="2378" SrcFileId="3" StartOffset="2313"/>
</LocList>
</HierarchyLvl>
<HierarchyLvl HierarchyLvlId="14205" HierarchyLvlTypeId="31" Intrnl_Id="493" Name="launchLogout">
<Header>
<Loc EndOffset="2419" SrcFileId="3" StartOffset="2381"/>
</Header>
<LocList>
<Loc EndOffset="2440" SrcFileId="3" StartOffset="2381"/>
</LocList>
</HierarchyLvl>
<HierarchyLvl HierarchyLvlId="14206" HierarchyLvlTypeId="31" Intrnl_Id="494" Name="incorrectLogin">
<Header>
<Loc EndOffset="2483" SrcFileId="3" StartOffset="2443"/>
</Header>
<LocList>
<Loc EndOffset="2504" SrcFileId="3" StartOffset="2443"/>
</LocList>
</HierarchyLvl>
<HierarchyLvl HierarchyLvlId="14207" HierarchyLvlTypeId="31" Intrnl_Id="495" Name="launchInitial">
<Header>
<Loc EndOffset="2546" SrcFileId="3" StartOffset="2507"/>
</Header>
<LocList>
<Loc EndOffset="2567" SrcFileId="3" StartOffset="2507"/>
</LocList>
</HierarchyLvl>
<HierarchyLvl HierarchyLvlId="14208" HierarchyLvlTypeId="31" Intrnl_Id="496" Name="launchEdit">
<Header>
<Loc EndOffset="2939" SrcFileId="3" StartOffset="2570"/>
</Header>
<LocList>
<Loc EndOffset="2960" SrcFileId="3" StartOffset="2570"/>
</LocList>
</HierarchyLvl>
<HierarchyLvl HierarchyLvlId="14209" HierarchyLvlTypeId="31" Intrnl_Id="497" Name="launchCourse">
<Header>
<Loc EndOffset="3001" SrcFileId="3" StartOffset="2963"/>
</Header>
<LocList>
<Loc EndOffset="3022" SrcFileId="3" StartOffset="2963"/>
</LocList>
</HierarchyLvl>
<HierarchyLvl HierarchyLvlId="14210" HierarchyLvlTypeId="31" Intrnl_Id="498" Name="launchLoginForm">
<Header>
<Loc EndOffset="3066" SrcFileId="3" StartOffset="3025"/>
</Header>
<LocList>
<Loc EndOffset="3087" SrcFileId="3" StartOffset="3025"/>
</LocList>
</HierarchyLvl>
<HierarchyLvl HierarchyLvlId="14211" HierarchyLvlTypeId="31" Intrnl_Id="499" Name="launchMenu">
<Header>
<Loc EndOffset="3126" SrcFileId="3" StartOffset="3090"/>
</Header>
<LocList>
<Loc EndOffset="3147" SrcFileId="3" StartOffset="3090"/>
</LocList>
</HierarchyLvl>
<HierarchyLvl HierarchyLvlId="14212" HierarchyLvlTypeId="31" Intrnl_Id="500" Name="menuDataRec">
<Header>
<Loc EndOffset="3190" SrcFileId="3" StartOffset="3150"/>
</Header>
<LocList>
<Loc EndOffset="3211" SrcFileId="3" StartOffset="3150"/>
</LocList>
<StmntSeq Intrnl_Id="501">
<LocList>
<Loc EndOffset="3207" SrcFileId="3" StartOffset="3195"/>
</LocList>
<BasicStmnt CovItemId="S43" CovItemPrefix="my.PSM.unitTestPSM.InterfaceFacadeStub.java" Intrnl_Id="502">
<LocList>
<Loc EndOffset="3207" SrcFileId="3" StartOffset="3195"/>
</LocList>
</BasicStmnt>
</StmntSeq>
</HierarchyLvl>
<HierarchyLvl HierarchyLvlId="14213" HierarchyLvlTypeId="31" Intrnl_Id="503" Name="setMenuDataRec">
<Header>
<Loc EndOffset="3266" SrcFileId="3" StartOffset="3214"/>
</Header>
<LocList>
<Loc EndOffset="3287" SrcFileId="3" StartOffset="3214"/>
</LocList>
</HierarchyLvl>
<HierarchyLvl HierarchyLvlId="14214" HierarchyLvlTypeId="31" Intrnl_Id="504" Name="schedDataRec">
<Header>
<Loc EndOffset="3331" SrcFileId="3" StartOffset="3290"/>
</Header>
<LocList>
<Loc EndOffset="3352" SrcFileId="3" StartOffset="3290"/>
</LocList>
<StmntSeq Intrnl_Id="505">
<LocList>
<Loc EndOffset="3348" SrcFileId="3" StartOffset="3336"/>
</LocList>
<BasicStmnt CovItemId="S44" CovItemPrefix="my.PSM.unitTestPSM.InterfaceFacadeStub.java" Intrnl_Id="506">
<LocList>
<Loc EndOffset="3348" SrcFileId="3" StartOffset="3336"/>
</LocList>
</BasicStmnt>
</StmntSeq>
</HierarchyLvl>
<HierarchyLvl HierarchyLvlId="14215" HierarchyLvlTypeId="31" Intrnl_Id="507" Name="setSchedDataRec">
<Header>
<Loc EndOffset="3408" SrcFileId="3" StartOffset="3355"/>
</Header>
<LocList>
<Loc EndOffset="3429" SrcFileId="3" StartOffset="3355"/>
</LocList>
</HierarchyLvl>
<HierarchyLvl HierarchyLvlId="14216" HierarchyLvlTypeId="31" Intrnl_Id="508" Name="courseSelected">
<Header>
<Loc EndOffset="3475" SrcFileId="3" StartOffset="3432"/>
</Header>
<LocList>
<Loc EndOffset="3496" SrcFileId="3" StartOffset="3432"/>
</LocList>
<StmntSeq Intrnl_Id="509">
<LocList>
<Loc EndOffset="3492" SrcFileId="3" StartOffset="3480"/>
</LocList>
<BasicStmnt CovItemId="S45" CovItemPrefix="my.PSM.unitTestPSM.InterfaceFacadeStub.java" Intrnl_Id="510">
<LocList>
<Loc EndOffset="3492" SrcFileId="3" StartOffset="3480"/>
</LocList>
</BasicStmnt>
</StmntSeq>
</HierarchyLvl>
<HierarchyLvl HierarchyLvlId="14217" HierarchyLvlTypeId="31" Intrnl_Id="511" Name="setCourseSelected">
<Header>
<Loc EndOffset="3554" SrcFileId="3" StartOffset="3499"/>
</Header>
<LocList>
<Loc EndOffset="3569" SrcFileId="3" StartOffset="3499"/>
</LocList>
</HierarchyLvl>
<HierarchyLvl HierarchyLvlId="14218" HierarchyLvlTypeId="31" Intrnl_Id="512" Name="getSelection">
<Header>
<Loc EndOffset="3609" SrcFileId="3" StartOffset="3572"/>
</Header>
<LocList>
<Loc EndOffset="3632" SrcFileId="3" StartOffset="3572"/>
</LocList>
<StmntSeq Intrnl_Id="513">
<LocList>
<Loc EndOffset="3628" SrcFileId="3" StartOffset="3614"/>
</LocList>
<BasicStmnt CovItemId="S46" CovItemPrefix="my.PSM.unitTestPSM.InterfaceFacadeStub.java" Intrnl_Id="514">
<LocList>
<Loc EndOffset="3628" SrcFileId="3" StartOffset="3614"/>
</LocList>
</BasicStmnt>
</StmntSeq>
</HierarchyLvl>
<HierarchyLvl HierarchyLvlId="14219" HierarchyLvlTypeId="31" Intrnl_Id="515" Name="setCourse">
<Header>
<Loc EndOffset="3670" SrcFileId="3" StartOffset="3635"/>
</Header>
<LocList>
<Loc EndOffset="3697" SrcFileId="3" StartOffset="3635"/>
</LocList>
<StmntSeq Intrnl_Id="516">
<LocList>
<Loc EndOffset="3693" SrcFileId="3" StartOffset="3675"/>
</LocList>
<BasicStmnt CovItemId="S47" CovItemPrefix="my.PSM.unitTestPSM.InterfaceFacadeStub.java" Intrnl_Id="517">
<LocList>
<Loc EndOffset="3693" SrcFileId="3" StartOffset="3675"/>
</LocList>
</BasicStmnt>
</StmntSeq>
</HierarchyLvl>
<HierarchyLvl HierarchyLvlId="14220" HierarchyLvlTypeId="31" Intrnl_Id="518" Name="psDataRec">
<Header>
<Loc EndOffset="3738" SrcFileId="3" StartOffset="3700"/>
</Header>
<LocList>
<Loc EndOffset="3759" SrcFileId="3" StartOffset="3700"/>
</LocList>
<StmntSeq Intrnl_Id="519">
<LocList>
<Loc EndOffset="3755" SrcFileId="3" StartOffset="3743"/>
</LocList>
<BasicStmnt CovItemId="S48" CovItemPrefix="my.PSM.unitTestPSM.InterfaceFacadeStub.java" Intrnl_Id="520">
<LocList>
<Loc EndOffset="3755" SrcFileId="3" StartOffset="3743"/>
</LocList>
</BasicStmnt>
</StmntSeq>
</HierarchyLvl>
<HierarchyLvl HierarchyLvlId="14221" HierarchyLvlTypeId="31" Intrnl_Id="521" Name="setPsDataRec">
<Header>
<Loc EndOffset="3812" SrcFileId="3" StartOffset="3762"/>
</Header>
<LocList>
<Loc EndOffset="3833" SrcFileId="3" StartOffset="3762"/>
</LocList>
</HierarchyLvl>
<HierarchyLvl HierarchyLvlId="14222" HierarchyLvlTypeId="31" Intrnl_Id="522" Name="dataReceived">
<Header>
<Loc EndOffset="3877" SrcFileId="3" StartOffset="3836"/>
</Header>
<LocList>
<Loc EndOffset="3898" SrcFileId="3" StartOffset="3836"/>
</LocList>
<StmntSeq Intrnl_Id="523">
<LocList>
<Loc EndOffset="3894" SrcFileId="3" StartOffset="3882"/>
</LocList>
<BasicStmnt CovItemId="S49" CovItemPrefix="my.PSM.unitTestPSM.InterfaceFacadeStub.java" Intrnl_Id="524">
<LocList>
<Loc EndOffset="3894" SrcFileId="3" StartOffset="3882"/>
</LocList>
</BasicStmnt>
</StmntSeq>
</HierarchyLvl>
<HierarchyLvl HierarchyLvlId="14223" HierarchyLvlTypeId="31" Intrnl_Id="525" Name="setLogDataRec">
<Header>
<Loc EndOffset="3952" SrcFileId="3" StartOffset="3901"/>
</Header>
<LocList>
<Loc EndOffset="3973" SrcFileId="3" StartOffset="3901"/>
</LocList>
</HierarchyLvl>
<HierarchyLvl HierarchyLvlId="14224" HierarchyLvlTypeId="31" Intrnl_Id="526" Name="getUsername">
<Header>
<Loc EndOffset="4018" SrcFileId="3" StartOffset="3979"/>
</Header>
<LocList>
<Loc EndOffset="4043" SrcFileId="3" StartOffset="3979"/>
</LocList>
<StmntSeq Intrnl_Id="527">
<LocList>
<Loc EndOffset="4039" SrcFileId="3" StartOffset="4023"/>
</LocList>
<BasicStmnt CovItemId="S50" CovItemPrefix="my.PSM.unitTestPSM.InterfaceFacadeStub.java" Intrnl_Id="528">
<LocList>
<Loc EndOffset="4039" SrcFileId="3" StartOffset="4023"/>
</LocList>
</BasicStmnt>
</StmntSeq>
</HierarchyLvl>
<HierarchyLvl HierarchyLvlId="14225" HierarchyLvlTypeId="31" Intrnl_Id="529" Name="getPassword">
<Header>
<Loc EndOffset="4085" SrcFileId="3" StartOffset="4046"/>
</Header>
<LocList>
<Loc EndOffset="4110" SrcFileId="3" StartOffset="4046"/>
</LocList>
<StmntSeq Intrnl_Id="530">
<LocList>
<Loc EndOffset="4106" SrcFileId="3" StartOffset="4090"/>
</LocList>
<BasicStmnt CovItemId="S51" CovItemPrefix="my.PSM.unitTestPSM.InterfaceFacadeStub.java" Intrnl_Id="531">
<LocList>
<Loc EndOffset="4106" SrcFileId="3" StartOffset="4090"/>
</LocList>
</BasicStmnt>
</StmntSeq>
</HierarchyLvl>
<HierarchyLvl HierarchyLvlId="14226" HierarchyLvlTypeId="31" Intrnl_Id="532" Name="getAck">
<Header>
<Loc EndOffset="4148" SrcFileId="3" StartOffset="4113"/>
</Header>
<LocList>
<Loc EndOffset="4169" SrcFileId="3" StartOffset="4113"/>
</LocList>
<StmntSeq Intrnl_Id="533">
<LocList>
<Loc EndOffset="4165" SrcFileId="3" StartOffset="4153"/>
</LocList>
<BasicStmnt CovItemId="S52" CovItemPrefix="my.PSM.unitTestPSM.InterfaceFacadeStub.java" Intrnl_Id="534">
<LocList>
<Loc EndOffset="4165" SrcFileId="3" StartOffset="4153"/>
</LocList>
</BasicStmnt>
</StmntSeq>
</HierarchyLvl>
<HierarchyLvl HierarchyLvlId="14227" HierarchyLvlTypeId="31" Intrnl_Id="535" Name="editSchedSelected">
<Header>
<Loc EndOffset="4218" SrcFileId="3" StartOffset="4172"/>
</Header>
<LocList>
<Loc EndOffset="4239" SrcFileId="3" StartOffset="4172"/>
</LocList>
<StmntSeq Intrnl_Id="536">
<LocList>
<Loc EndOffset="4235" SrcFileId="3" StartOffset="4223"/>
</LocList>
<BasicStmnt CovItemId="S53" CovItemPrefix="my.PSM.unitTestPSM.InterfaceFacadeStub.java" Intrnl_Id="537">
<LocList>
<Loc EndOffset="4235" SrcFileId="3" StartOffset="4223"/>
</LocList>
</BasicStmnt>
</StmntSeq>
</HierarchyLvl>
<HierarchyLvl HierarchyLvlId="14228" HierarchyLvlTypeId="31" Intrnl_Id="538" Name="InitSetupSelected">
<Header>
<Loc EndOffset="4288" SrcFileId="3" StartOffset="4242"/>
</Header>
<LocList>
<Loc EndOffset="4309" SrcFileId="3" StartOffset="4242"/>
</LocList>
<StmntSeq Intrnl_Id="539">
<LocList>
<Loc EndOffset="4305" SrcFileId="3" StartOffset="4293"/>
</LocList>
<BasicStmnt CovItemId="S54" CovItemPrefix="my.PSM.unitTestPSM.InterfaceFacadeStub.java" Intrnl_Id="540">
<LocList>
<Loc EndOffset="4305" SrcFileId="3" StartOffset="4293"/>
</LocList>
</BasicStmnt>
</StmntSeq>
</HierarchyLvl>
<HierarchyLvl HierarchyLvlId="14229" HierarchyLvlTypeId="31" Intrnl_Id="541" Name="logoutSelected">
<Header>
<Loc EndOffset="4355" SrcFileId="3" StartOffset="4312"/>
</Header>
<LocList>
<Loc EndOffset="4378" SrcFileId="3" StartOffset="4312"/>
</LocList>
<StmntSeq Intrnl_Id="542">
<LocList>
<Loc EndOffset="4374" SrcFileId="3" StartOffset="4360"/>
</LocList>
<BasicStmnt CovItemId="S55" CovItemPrefix="my.PSM.unitTestPSM.InterfaceFacadeStub.java" Intrnl_Id="543">
<LocList>
<Loc EndOffset="4374" SrcFileId="3" StartOffset="4360"/>
</LocList>
</BasicStmnt>
</StmntSeq>
</HierarchyLvl>
<HierarchyLvl HierarchyLvlId="14230" HierarchyLvlTypeId="31" Intrnl_Id="544" Name="setDefSub">
<Header>
<Loc EndOffset="4417" SrcFileId="3" StartOffset="4381"/>
</Header>
<LocList>
<Loc EndOffset="4448" SrcFileId="3" StartOffset="4381"/>
</LocList>
<StmntSeq Intrnl_Id="545">
<LocList>
<Loc EndOffset="4444" SrcFileId="3" StartOffset="4423"/>
</LocList>
<BasicStmnt CovItemId="S56" CovItemPrefix="my.PSM.unitTestPSM.InterfaceFacadeStub.java" Intrnl_Id="546">
<LocList>
<Loc EndOffset="4444" SrcFileId="3" StartOffset="4423"/>
</LocList>
</BasicStmnt>
</StmntSeq>
</HierarchyLvl>
<HierarchyLvl HierarchyLvlId="14231" HierarchyLvlTypeId="31" Intrnl_Id="547" Name="setDefSemester">
<Header>
<Loc EndOffset="4499" SrcFileId="3" StartOffset="4453"/>
</Header>
<LocList>
<Loc EndOffset="4540" SrcFileId="3" StartOffset="4453"/>
</LocList>
<StmntSeq Intrnl_Id="548">
<LocList>
<Loc EndOffset="4536" SrcFileId="3" StartOffset="4505"/>
</LocList>
<BasicStmnt CovItemId="S57" CovItemPrefix="my.PSM.unitTestPSM.InterfaceFacadeStub.java" Intrnl_Id="549">
<LocList>
<Loc EndOffset="4536" SrcFileId="3" StartOffset="4505"/>
</LocList>
</BasicStmnt>
</StmntSeq>
</HierarchyLvl>
<HierarchyLvl HierarchyLvlId="14232" HierarchyLvlTypeId="31" Intrnl_Id="550" Name="setDefCourseName">
<Header>
<Loc EndOffset="4595" SrcFileId="3" StartOffset="4545"/>
</Header>
<LocList>
<Loc EndOffset="4640" SrcFileId="3" StartOffset="4545"/>
</LocList>
<StmntSeq Intrnl_Id="551">
<LocList>
<Loc EndOffset="4636" SrcFileId="3" StartOffset="4601"/>
</LocList>
<BasicStmnt CovItemId="S58" CovItemPrefix="my.PSM.unitTestPSM.InterfaceFacadeStub.java" Intrnl_Id="552">
<LocList>
<Loc EndOffset="4636" SrcFileId="3" StartOffset="4601"/>
</LocList>
</BasicStmnt>
</StmntSeq>
</HierarchyLvl>
<HierarchyLvl HierarchyLvlId="14233" HierarchyLvlTypeId="31" Intrnl_Id="553" Name="setDefCourseStart">
<Header>
<Loc EndOffset="4695" SrcFileId="3" StartOffset="4643"/>
</Header>
<LocList>
<Loc EndOffset="4742" SrcFileId="3" StartOffset="4643"/>
</LocList>
<StmntSeq Intrnl_Id="554">
<LocList>
<Loc EndOffset="4738" SrcFileId="3" StartOffset="4701"/>
</LocList>
<BasicStmnt CovItemId="S59" CovItemPrefix="my.PSM.unitTestPSM.InterfaceFacadeStub.java" Intrnl_Id="555">
<LocList>
<Loc EndOffset="4738" SrcFileId="3" StartOffset="4701"/>
</LocList>
</BasicStmnt>
</StmntSeq>
</HierarchyLvl>
<HierarchyLvl HierarchyLvlId="14234" HierarchyLvlTypeId="31" Intrnl_Id="556" Name="setDefCourseEnd">
<Header>
<Loc EndOffset="4795" SrcFileId="3" StartOffset="4747"/>
</Header>
<LocList>
<Loc EndOffset="4838" SrcFileId="3" StartOffset="4747"/>
</LocList>
<StmntSeq Intrnl_Id="557">
<LocList>
<Loc EndOffset="4834" SrcFileId="3" StartOffset="4801"/>
</LocList>
<BasicStmnt CovItemId="S60" CovItemPrefix="my.PSM.unitTestPSM.InterfaceFacadeStub.java" Intrnl_Id="558">
<LocList>
<Loc EndOffset="4834" SrcFileId="3" StartOffset="4801"/>
</LocList>
</BasicStmnt>
</StmntSeq>
</HierarchyLvl>
<HierarchyLvl HierarchyLvlId="14235" HierarchyLvlTypeId="31" Intrnl_Id="559" Name="setDefMonStart">
<Header>
<Loc EndOffset="4889" SrcFileId="3" StartOffset="4843"/>
</Header>
<LocList>
<Loc EndOffset="4930" SrcFileId="3" StartOffset="4843"/>
</LocList>
<StmntSeq Intrnl_Id="560">
<LocList>
<Loc EndOffset="4926" SrcFileId="3" StartOffset="4895"/>
</LocList>
<BasicStmnt CovItemId="S61" CovItemPrefix="my.PSM.unitTestPSM.InterfaceFacadeStub.java" Intrnl_Id="561">
<LocList>
<Loc EndOffset="4926" SrcFileId="3" StartOffset="4895"/>
</LocList>
</BasicStmnt>
</StmntSeq>
</HierarchyLvl>
<HierarchyLvl HierarchyLvlId="14236" HierarchyLvlTypeId="31" Intrnl_Id="562" Name="setDefMonEnd">
<Header>
<Loc EndOffset="4977" SrcFileId="3" StartOffset="4935"/>
</Header>
<LocList>
<Loc EndOffset="5014" SrcFileId="3" StartOffset="4935"/>
</LocList>
<StmntSeq Intrnl_Id="563">
<LocList>
<Loc EndOffset="5010" SrcFileId="3" StartOffset="4983"/>
</LocList>
<BasicStmnt CovItemId="S62" CovItemPrefix="my.PSM.unitTestPSM.InterfaceFacadeStub.java" Intrnl_Id="564">
<LocList>
<Loc EndOffset="5010" SrcFileId="3" StartOffset="4983"/>
</LocList>
</BasicStmnt>
</StmntSeq>
</HierarchyLvl>
<HierarchyLvl HierarchyLvlId="14237" HierarchyLvlTypeId="31" Intrnl_Id="565" Name="setDefTueStart">
<Header>
<Loc EndOffset="5065" SrcFileId="3" StartOffset="5019"/>
</Header>
<LocList>
<Loc EndOffset="5106" SrcFileId="3" StartOffset="5019"/>
</LocList>
<StmntSeq Intrnl_Id="566">
<LocList>
<Loc EndOffset="5102" SrcFileId="3" StartOffset="5071"/>
</LocList>
<BasicStmnt CovItemId="S63" CovItemPrefix="my.PSM.unitTestPSM.InterfaceFacadeStub.java" Intrnl_Id="567">
<LocList>
<Loc EndOffset="5102" SrcFileId="3" StartOffset="5071"/>
</LocList>
</BasicStmnt>
</StmntSeq>
</HierarchyLvl>
<HierarchyLvl HierarchyLvlId="14238" HierarchyLvlTypeId="31" Intrnl_Id="568" Name="setDefTueEnd">
<Header>
<Loc EndOffset="5153" SrcFileId="3" StartOffset="5111"/>
</Header>
<LocList>
<Loc EndOffset="5190" SrcFileId="3" StartOffset="5111"/>
</LocList>
<StmntSeq Intrnl_Id="569">
<LocList>
<Loc EndOffset="5186" SrcFileId="3" StartOffset="5159"/>
</LocList>
<BasicStmnt CovItemId="S64" CovItemPrefix="my.PSM.unitTestPSM.InterfaceFacadeStub.java" Intrnl_Id="570">
<LocList>
<Loc EndOffset="5186" SrcFileId="3" StartOffset="5159"/>
</LocList>
</BasicStmnt>
</StmntSeq>
</HierarchyLvl>
<HierarchyLvl HierarchyLvlId="14239" HierarchyLvlTypeId="31" Intrnl_Id="571" Name="setDefWedStart">
<Header>
<Loc EndOffset="5241" SrcFileId="3" StartOffset="5195"/>
</Header>
<LocList>
<Loc EndOffset="5282" SrcFileId="3" StartOffset="5195"/>
</LocList>
<StmntSeq Intrnl_Id="572">
<LocList>
<Loc EndOffset="5278" SrcFileId="3" StartOffset="5247"/>
</LocList>
<BasicStmnt CovItemId="S65" CovItemPrefix="my.PSM.unitTestPSM.InterfaceFacadeStub.java" Intrnl_Id="573">
<LocList>
<Loc EndOffset="5278" SrcFileId="3" StartOffset="5247"/>
</LocList>
</BasicStmnt>
</StmntSeq>
</HierarchyLvl>
<HierarchyLvl HierarchyLvlId="14240" HierarchyLvlTypeId="31" Intrnl_Id="574" Name="setDefWedEnd">
<Header>
<Loc EndOffset="5329" SrcFileId="3" StartOffset="5287"/>
</Header>
<LocList>
<Loc EndOffset="5366" SrcFileId="3" StartOffset="5287"/>
</LocList>
<StmntSeq Intrnl_Id="575">
<LocList>
<Loc EndOffset="5362" SrcFileId="3" StartOffset="5335"/>
</LocList>
<BasicStmnt CovItemId="S66" CovItemPrefix="my.PSM.unitTestPSM.InterfaceFacadeStub.java" Intrnl_Id="576">
<LocList>
<Loc EndOffset="5362" SrcFileId="3" StartOffset="5335"/>
</LocList>
</BasicStmnt>
</StmntSeq>
</HierarchyLvl>
<HierarchyLvl HierarchyLvlId="14241" HierarchyLvlTypeId="31" Intrnl_Id="577" Name="setDefThuStart">
<Header>
<Loc EndOffset="5417" SrcFileId="3" StartOffset="5371"/>
</Header>
<LocList>
<Loc EndOffset="5458" SrcFileId="3" StartOffset="5371"/>
</LocList>
<StmntSeq Intrnl_Id="578">
<LocList>
<Loc EndOffset="5454" SrcFileId="3" StartOffset="5423"/>
</LocList>
<BasicStmnt CovItemId="S67" CovItemPrefix="my.PSM.unitTestPSM.InterfaceFacadeStub.java" Intrnl_Id="579">
<LocList>
<Loc EndOffset="5454" SrcFileId="3" StartOffset="5423"/>
</LocList>
</BasicStmnt>
</StmntSeq>
</HierarchyLvl>
<HierarchyLvl HierarchyLvlId="14242" HierarchyLvlTypeId="31" Intrnl_Id="580" Name="setDefThuEnd">
<Header>
<Loc EndOffset="5505" SrcFileId="3" StartOffset="5463"/>
</Header>
<LocList>
<Loc EndOffset="5542" SrcFileId="3" StartOffset="5463"/>
</LocList>
<StmntSeq Intrnl_Id="581">
<LocList>
<Loc EndOffset="5538" SrcFileId="3" StartOffset="5511"/>
</LocList>
<BasicStmnt CovItemId="S68" CovItemPrefix="my.PSM.unitTestPSM.InterfaceFacadeStub.java" Intrnl_Id="582">
<LocList>
<Loc EndOffset="5538" SrcFileId="3" StartOffset="5511"/>
</LocList>
</BasicStmnt>
</StmntSeq>
</HierarchyLvl>
<HierarchyLvl HierarchyLvlId="14243" HierarchyLvlTypeId="31" Intrnl_Id="583" Name="setDefFriStart">
<Header>
<Loc EndOffset="5593" SrcFileId="3" StartOffset="5547"/>
</Header>
<LocList>
<Loc EndOffset="5634" SrcFileId="3" StartOffset="5547"/>
</LocList>
<StmntSeq Intrnl_Id="584">
<LocList>
<Loc EndOffset="5630" SrcFileId="3" StartOffset="5599"/>
</LocList>
<BasicStmnt CovItemId="S69" CovItemPrefix="my.PSM.unitTestPSM.InterfaceFacadeStub.java" Intrnl_Id="585">
<LocList>
<Loc EndOffset="5630" SrcFileId="3" StartOffset="5599"/>
</LocList>
</BasicStmnt>
</StmntSeq>
</HierarchyLvl>
<HierarchyLvl HierarchyLvlId="14244" HierarchyLvlTypeId="31" Intrnl_Id="586" Name="setDefFriEnd">
<Header>
<Loc EndOffset="5681" SrcFileId="3" StartOffset="5639"/>
</Header>
<LocList>
<Loc EndOffset="5718" SrcFileId="3" StartOffset="5639"/>
</LocList>
<StmntSeq Intrnl_Id="587">
<LocList>
<Loc EndOffset="5714" SrcFileId="3" StartOffset="5687"/>
</LocList>
<BasicStmnt CovItemId="S70" CovItemPrefix="my.PSM.unitTestPSM.InterfaceFacadeStub.java" Intrnl_Id="588">
<LocList>
<Loc EndOffset="5714" SrcFileId="3" StartOffset="5687"/>
</LocList>
</BasicStmnt>
</StmntSeq>
</HierarchyLvl>
<HierarchyLvl HierarchyLvlId="14245" HierarchyLvlTypeId="31" Intrnl_Id="589" Name="setDefSatStart">
<Header>
<Loc EndOffset="5769" SrcFileId="3" StartOffset="5723"/>
</Header>
<LocList>
<Loc EndOffset="5810" SrcFileId="3" StartOffset="5723"/>
</LocList>
<StmntSeq Intrnl_Id="590">
<LocList>
<Loc EndOffset="5806" SrcFileId="3" StartOffset="5775"/>
</LocList>
<BasicStmnt CovItemId="S71" CovItemPrefix="my.PSM.unitTestPSM.InterfaceFacadeStub.java" Intrnl_Id="591">
<LocList>
<Loc EndOffset="5806" SrcFileId="3" StartOffset="5775"/>
</LocList>
</BasicStmnt>
</StmntSeq>
</HierarchyLvl>
<HierarchyLvl HierarchyLvlId="14246" HierarchyLvlTypeId="31" Intrnl_Id="592" Name="setDefSatEnd">
<Header>
<Loc EndOffset="5857" SrcFileId="3" StartOffset="5815"/>
</Header>
<LocList>
<Loc EndOffset="5894" SrcFileId="3" StartOffset="5815"/>
</LocList>
<StmntSeq Intrnl_Id="593">
<LocList>
<Loc EndOffset="5890" SrcFileId="3" StartOffset="5863"/>
</LocList>
<BasicStmnt CovItemId="S72" CovItemPrefix="my.PSM.unitTestPSM.InterfaceFacadeStub.java" Intrnl_Id="594">
<LocList>
<Loc EndOffset="5890" SrcFileId="3" StartOffset="5863"/>
</LocList>
</BasicStmnt>
</StmntSeq>
</HierarchyLvl>
<HierarchyLvl HierarchyLvlId="14247" HierarchyLvlTypeId="31" Intrnl_Id="595" Name="getNewCourseStart">
<Header>
<Loc EndOffset="5942" SrcFileId="3" StartOffset="5897"/>
</Header>
<LocList>
<Loc EndOffset="5974" SrcFileId="3" StartOffset="5897"/>
</LocList>
<StmntSeq Intrnl_Id="596">
<LocList>
<Loc EndOffset="5970" SrcFileId="3" StartOffset="5948"/>
</LocList>
<BasicStmnt CovItemId="S73" CovItemPrefix="my.PSM.unitTestPSM.InterfaceFacadeStub.java" Intrnl_Id="597">
<LocList>
<Loc EndOffset="5970" SrcFileId="3" StartOffset="5948"/>
</LocList>
</BasicStmnt>
</StmntSeq>
</HierarchyLvl>
<HierarchyLvl HierarchyLvlId="14248" HierarchyLvlTypeId="31" Intrnl_Id="598" Name="getpNewCourseStart">
<Header>
<Loc EndOffset="6023" SrcFileId="3" StartOffset="5977"/>
</Header>
<LocList>
<Loc EndOffset="6055" SrcFileId="3" StartOffset="5977"/>
</LocList>
<StmntSeq Intrnl_Id="599">
<LocList>
<Loc EndOffset="6051" SrcFileId="3" StartOffset="6029"/>
</LocList>
<BasicStmnt CovItemId="S74" CovItemPrefix="my.PSM.unitTestPSM.InterfaceFacadeStub.java" Intrnl_Id="600">
<LocList>
<Loc EndOffset="6051" SrcFileId="3" StartOffset="6029"/>
</LocList>
</BasicStmnt>
</StmntSeq>
</HierarchyLvl>
<HierarchyLvl HierarchyLvlId="14249" HierarchyLvlTypeId="31" Intrnl_Id="601" Name="getDefCourseID">
<Header>
<Loc EndOffset="6100" SrcFileId="3" StartOffset="6061"/>
</Header>
<LocList>
<Loc EndOffset="6124" SrcFileId="3" StartOffset="6061"/>
</LocList>
<StmntSeq Intrnl_Id="602">
<LocList>
<Loc EndOffset="6120" SrcFileId="3" StartOffset="6106"/>
</LocList>
<BasicStmnt CovItemId="S75" CovItemPrefix="my.PSM.unitTestPSM.InterfaceFacadeStub.java" Intrnl_Id="603">
<LocList>
<Loc EndOffset="6120" SrcFileId="3" StartOffset="6106"/>
</LocList>
</BasicStmnt>
</StmntSeq>
</HierarchyLvl>
<HierarchyLvl HierarchyLvlId="14250" HierarchyLvlTypeId="31" Intrnl_Id="604" Name="getpNewCourseEnd">
<Header>
<Loc EndOffset="6171" SrcFileId="3" StartOffset="6127"/>
</Header>
<LocList>
<Loc EndOffset="6201" SrcFileId="3" StartOffset="6127"/>
</LocList>
<StmntSeq Intrnl_Id="605">
<LocList>
<Loc EndOffset="6197" SrcFileId="3" StartOffset="6177"/>
</LocList>
<BasicStmnt CovItemId="S76" CovItemPrefix="my.PSM.unitTestPSM.InterfaceFacadeStub.java" Intrnl_Id="606">
<LocList>
<Loc EndOffset="6197" SrcFileId="3" StartOffset="6177"/>
</LocList>
</BasicStmnt>
</StmntSeq>
</HierarchyLvl>
<HierarchyLvl HierarchyLvlId="14251" HierarchyLvlTypeId="31" Intrnl_Id="607" Name="getpNewMonStart">
<Header>
<Loc EndOffset="6247" SrcFileId="3" StartOffset="6204"/>
</Header>
<LocList>
<Loc EndOffset="6276" SrcFileId="3" StartOffset="6204"/>
</LocList>
<StmntSeq Intrnl_Id="608">
<LocList>
<Loc EndOffset="6272" SrcFileId="3" StartOffset="6253"/>
</LocList>
<BasicStmnt CovItemId="S77" CovItemPrefix="my.PSM.unitTestPSM.InterfaceFacadeStub.java" Intrnl_Id="609">
<LocList>
<Loc EndOffset="6272" SrcFileId="3" StartOffset="6253"/>
</LocList>
</BasicStmnt>
</StmntSeq>
</HierarchyLvl>
<HierarchyLvl HierarchyLvlId="14252" HierarchyLvlTypeId="31" Intrnl_Id="610" Name="getpNewTueStart">
<Header>
<Loc EndOffset="6322" SrcFileId="3" StartOffset="6279"/>
</Header>
<LocList>
<Loc EndOffset="6351" SrcFileId="3" StartOffset="6279"/>
</LocList>
<StmntSeq Intrnl_Id="611">
<LocList>
<Loc EndOffset="6347" SrcFileId="3" StartOffset="6328"/>
</LocList>
<BasicStmnt CovItemId="S78" CovItemPrefix="my.PSM.unitTestPSM.InterfaceFacadeStub.java" Intrnl_Id="612">
<LocList>
<Loc EndOffset="6347" SrcFileId="3" StartOffset="6328"/>
</LocList>
</BasicStmnt>
</StmntSeq>
</HierarchyLvl>
<HierarchyLvl HierarchyLvlId="14253" HierarchyLvlTypeId="31" Intrnl_Id="613" Name="getpNewTueEnd">
<Header>
<Loc EndOffset="6395" SrcFileId="3" StartOffset="6354"/>
</Header>
<LocList>
<Loc EndOffset="6422" SrcFileId="3" StartOffset="6354"/>
</LocList>
<StmntSeq Intrnl_Id="614">
<LocList>
<Loc EndOffset="6418" SrcFileId="3" StartOffset="6401"/>
</LocList>
<BasicStmnt CovItemId="S79" CovItemPrefix="my.PSM.unitTestPSM.InterfaceFacadeStub.java" Intrnl_Id="615">
<LocList>
<Loc EndOffset="6418" SrcFileId="3" StartOffset="6401"/>
</LocList>
</BasicStmnt>
</StmntSeq>
</HierarchyLvl>
<HierarchyLvl HierarchyLvlId="14254" HierarchyLvlTypeId="31" Intrnl_Id="616" Name="getpNewThuEnd">
<Header>
<Loc EndOffset="6466" SrcFileId="3" StartOffset="6425"/>
</Header>
<LocList>
<Loc EndOffset="6493" SrcFileId="3" StartOffset="6425"/>
</LocList>
<StmntSeq Intrnl_Id="617">
<LocList>
<Loc EndOffset="6489" SrcFileId="3" StartOffset="6472"/>
</LocList>
<BasicStmnt CovItemId="S80" CovItemPrefix="my.PSM.unitTestPSM.InterfaceFacadeStub.java" Intrnl_Id="618">
<LocList>
<Loc EndOffset="6489" SrcFileId="3" StartOffset="6472"/>
</LocList>
</BasicStmnt>
</StmntSeq>
</HierarchyLvl>
<HierarchyLvl HierarchyLvlId="14255" HierarchyLvlTypeId="31" Intrnl_Id="619" Name="getpNewThuStart">
<Header>
<Loc EndOffset="6539" SrcFileId="3" StartOffset="6496"/>
</Header>
<LocList>
<Loc EndOffset="6568" SrcFileId="3" StartOffset="6496"/>
</LocList>
<StmntSeq Intrnl_Id="620">
<LocList>
<Loc EndOffset="6564" SrcFileId="3" StartOffset="6545"/>
</LocList>
<BasicStmnt CovItemId="S81" CovItemPrefix="my.PSM.unitTestPSM.InterfaceFacadeStub.java" Intrnl_Id="621">
<LocList>
<Loc EndOffset="6564" SrcFileId="3" StartOffset="6545"/>
</LocList>
</BasicStmnt>
</StmntSeq>
</HierarchyLvl>
<HierarchyLvl HierarchyLvlId="14256" HierarchyLvlTypeId="31" Intrnl_Id="622" Name="getpNewWedEnd">
<Header>
<Loc EndOffset="6612" SrcFileId="3" StartOffset="6571"/>
</Header>
<LocList>
<Loc EndOffset="6639" SrcFileId="3" StartOffset="6571"/>
</LocList>
<StmntSeq Intrnl_Id="623">
<LocList>
<Loc EndOffset="6635" SrcFileId="3" StartOffset="6618"/>
</LocList>
<BasicStmnt CovItemId="S82" CovItemPrefix="my.PSM.unitTestPSM.InterfaceFacadeStub.java" Intrnl_Id="624">
<LocList>
<Loc EndOffset="6635" SrcFileId="3" StartOffset="6618"/>
</LocList>
</BasicStmnt>
</StmntSeq>
</HierarchyLvl>
<HierarchyLvl HierarchyLvlId="14257" HierarchyLvlTypeId="31" Intrnl_Id="625" Name="getpNewWedStart">
<Header>
<Loc EndOffset="6685" SrcFileId="3" StartOffset="6642"/>
</Header>
<LocList>
<Loc EndOffset="6714" SrcFileId="3" StartOffset="6642"/>
</LocList>
<StmntSeq Intrnl_Id="626">
<LocList>
<Loc EndOffset="6710" SrcFileId="3" StartOffset="6691"/>
</LocList>
<BasicStmnt CovItemId="S83" CovItemPrefix="my.PSM.unitTestPSM.InterfaceFacadeStub.java" Intrnl_Id="627">
<LocList>
<Loc EndOffset="6710" SrcFileId="3" StartOffset="6691"/>
</LocList>
</BasicStmnt>
</StmntSeq>
</HierarchyLvl>
<HierarchyLvl HierarchyLvlId="14258" HierarchyLvlTypeId="31" Intrnl_Id="628" Name="getpNewFriEnd">
<Header>
<Loc EndOffset="6758" SrcFileId="3" StartOffset="6717"/>
</Header>
<LocList>
<Loc EndOffset="6785" SrcFileId="3" StartOffset="6717"/>
</LocList>
<StmntSeq Intrnl_Id="629">
<LocList>
<Loc EndOffset="6781" SrcFileId="3" StartOffset="6764"/>
</LocList>
<BasicStmnt CovItemId="S84" CovItemPrefix="my.PSM.unitTestPSM.InterfaceFacadeStub.java" Intrnl_Id="630">
<LocList>
<Loc EndOffset="6781" SrcFileId="3" StartOffset="6764"/>
</LocList>
</BasicStmnt>
</StmntSeq>
</HierarchyLvl>
<HierarchyLvl HierarchyLvlId="14259" HierarchyLvlTypeId="31" Intrnl_Id="631" Name="getpNewSatEnd">
<Header>
<Loc EndOffset="6829" SrcFileId="3" StartOffset="6788"/>
</Header>
<LocList>
<Loc EndOffset="6856" SrcFileId="3" StartOffset="6788"/>
</LocList>
<StmntSeq Intrnl_Id="632">
<LocList>
<Loc EndOffset="6852" SrcFileId="3" StartOffset="6835"/>
</LocList>
<BasicStmnt CovItemId="S85" CovItemPrefix="my.PSM.unitTestPSM.InterfaceFacadeStub.java" Intrnl_Id="633">
<LocList>
<Loc EndOffset="6852" SrcFileId="3" StartOffset="6835"/>
</LocList>
</BasicStmnt>
</StmntSeq>
</HierarchyLvl>
<HierarchyLvl HierarchyLvlId="14260" HierarchyLvlTypeId="31" Intrnl_Id="634" Name="getpNewSatStart">
<Header>
<Loc EndOffset="6902" SrcFileId="3" StartOffset="6859"/>
</Header>
<LocList>
<Loc EndOffset="6931" SrcFileId="3" StartOffset="6859"/>
</LocList>
<StmntSeq Intrnl_Id="635">
<LocList>
<Loc EndOffset="6927" SrcFileId="3" StartOffset="6908"/>
</LocList>
<BasicStmnt CovItemId="S86" CovItemPrefix="my.PSM.unitTestPSM.InterfaceFacadeStub.java" Intrnl_Id="636">
<LocList>
<Loc EndOffset="6927" SrcFileId="3" StartOffset="6908"/>
</LocList>
</BasicStmnt>
</StmntSeq>
</HierarchyLvl>
<HierarchyLvl HierarchyLvlId="14261" HierarchyLvlTypeId="31" Intrnl_Id="637" Name="getpNewFriStart">
<Header>
<Loc EndOffset="6977" SrcFileId="3" StartOffset="6934"/>
</Header>
<LocList>
<Loc EndOffset="7006" SrcFileId="3" StartOffset="6934"/>
</LocList>
<StmntSeq Intrnl_Id="638">
<LocList>
<Loc EndOffset="7002" SrcFileId="3" StartOffset="6983"/>
</LocList>
<BasicStmnt CovItemId="S87" CovItemPrefix="my.PSM.unitTestPSM.InterfaceFacadeStub.java" Intrnl_Id="639">
<LocList>
<Loc EndOffset="7002" SrcFileId="3" StartOffset="6983"/>
</LocList>
</BasicStmnt>
</StmntSeq>
</HierarchyLvl>
<HierarchyLvl HierarchyLvlId="14262" HierarchyLvlTypeId="31" Intrnl_Id="640" Name="getpNewMonEnd">
<Header>
<Loc EndOffset="7050" SrcFileId="3" StartOffset="7009"/>
</Header>
<LocList>
<Loc EndOffset="7077" SrcFileId="3" StartOffset="7009"/>
</LocList>
<StmntSeq Intrnl_Id="641">
<LocList>
<Loc EndOffset="7073" SrcFileId="3" StartOffset="7056"/>
</LocList>
<BasicStmnt CovItemId="S88" CovItemPrefix="my.PSM.unitTestPSM.InterfaceFacadeStub.java" Intrnl_Id="642">
<LocList>
<Loc EndOffset="7073" SrcFileId="3" StartOffset="7056"/>
</LocList>
</BasicStmnt>
</StmntSeq>
</HierarchyLvl>
<HierarchyLvl HierarchyLvlId="14263" HierarchyLvlTypeId="31" Intrnl_Id="643" Name="getNewCourseID">
<Header>
<Loc EndOffset="7119" SrcFileId="3" StartOffset="7080"/>
</Header>
<LocList>
<Loc EndOffset="7143" SrcFileId="3" StartOffset="7080"/>
</LocList>
<StmntSeq Intrnl_Id="644">
<LocList>
<Loc EndOffset="7139" SrcFileId="3" StartOffset="7125"/>
</LocList>
<BasicStmnt CovItemId="S89" CovItemPrefix="my.PSM.unitTestPSM.InterfaceFacadeStub.java" Intrnl_Id="645">
<LocList>
<Loc EndOffset="7139" SrcFileId="3" StartOffset="7125"/>
</LocList>
</BasicStmnt>
</StmntSeq>
</HierarchyLvl>
<HierarchyLvl HierarchyLvlId="14264" HierarchyLvlTypeId="31" Intrnl_Id="646" Name="getNewSub">
<Header>
<Loc EndOffset="7183" SrcFileId="3" StartOffset="7146"/>
</Header>
<LocList>
<Loc EndOffset="7207" SrcFileId="3" StartOffset="7146"/>
</LocList>
<StmntSeq Intrnl_Id="647">
<LocList>
<Loc EndOffset="7203" SrcFileId="3" StartOffset="7189"/>
</LocList>
<BasicStmnt CovItemId="S90" CovItemPrefix="my.PSM.unitTestPSM.InterfaceFacadeStub.java" Intrnl_Id="648">
<LocList>
<Loc EndOffset="7203" SrcFileId="3" StartOffset="7189"/>
</LocList>
</BasicStmnt>
</StmntSeq>
</HierarchyLvl>
<HierarchyLvl HierarchyLvlId="14265" HierarchyLvlTypeId="31" Intrnl_Id="649" Name="getNewCourseName">
<Header>
<Loc EndOffset="7254" SrcFileId="3" StartOffset="7210"/>
</Header>
<LocList>
<Loc EndOffset="7285" SrcFileId="3" StartOffset="7210"/>
</LocList>
<StmntSeq Intrnl_Id="650">
<LocList>
<Loc EndOffset="7281" SrcFileId="3" StartOffset="7260"/>
</LocList>
<BasicStmnt CovItemId="S91" CovItemPrefix="my.PSM.unitTestPSM.InterfaceFacadeStub.java" Intrnl_Id="651">
<LocList>
<Loc EndOffset="7281" SrcFileId="3" StartOffset="7260"/>
</LocList>
</BasicStmnt>
</StmntSeq>
</HierarchyLvl>
<HierarchyLvl HierarchyLvlId="14266" HierarchyLvlTypeId="31" Intrnl_Id="652" Name="getNewSemester">
<Header>
<Loc EndOffset="7330" SrcFileId="3" StartOffset="7288"/>
</Header>
<LocList>
<Loc EndOffset="7359" SrcFileId="3" StartOffset="7288"/>
</LocList>
<StmntSeq Intrnl_Id="653">
<LocList>
<Loc EndOffset="7355" SrcFileId="3" StartOffset="7336"/>
</LocList>
<BasicStmnt CovItemId="S92" CovItemPrefix="my.PSM.unitTestPSM.InterfaceFacadeStub.java" Intrnl_Id="654">
<LocList>
<Loc EndOffset="7355" SrcFileId="3" StartOffset="7336"/>
</LocList>
</BasicStmnt>
</StmntSeq>
</HierarchyLvl>
<HierarchyLvl HierarchyLvlId="14267" HierarchyLvlTypeId="31" Intrnl_Id="655" Name="getNewCourseEnd">
<Header>
<Loc EndOffset="7405" SrcFileId="3" StartOffset="7362"/>
</Header>
<LocList>
<Loc EndOffset="7435" SrcFileId="3" StartOffset="7362"/>
</LocList>
<StmntSeq Intrnl_Id="656">
<LocList>
<Loc EndOffset="7431" SrcFileId="3" StartOffset="7411"/>
</LocList>
<BasicStmnt CovItemId="S93" CovItemPrefix="my.PSM.unitTestPSM.InterfaceFacadeStub.java" Intrnl_Id="657">
<LocList>
<Loc EndOffset="7431" SrcFileId="3" StartOffset="7411"/>
</LocList>
</BasicStmnt>
</StmntSeq>
</HierarchyLvl>
<HierarchyLvl HierarchyLvlId="14268" HierarchyLvlTypeId="31" Intrnl_Id="658" Name="getNewMonStart">
<Header>
<Loc EndOffset="7480" SrcFileId="3" StartOffset="7438"/>
</Header>
<LocList>
<Loc EndOffset="7509" SrcFileId="3" StartOffset="7438"/>
</LocList>
<StmntSeq Intrnl_Id="659">
<LocList>
<Loc EndOffset="7505" SrcFileId="3" StartOffset="7486"/>
</LocList>
<BasicStmnt CovItemId="S94" CovItemPrefix="my.PSM.unitTestPSM.InterfaceFacadeStub.java" Intrnl_Id="660">
<LocList>
<Loc EndOffset="7505" SrcFileId="3" StartOffset="7486"/>
</LocList>
</BasicStmnt>
</StmntSeq>
</HierarchyLvl>
<HierarchyLvl HierarchyLvlId="14269" HierarchyLvlTypeId="31" Intrnl_Id="661" Name="getNewTueStart">
<Header>
<Loc EndOffset="7554" SrcFileId="3" StartOffset="7512"/>
</Header>
<LocList>
<Loc EndOffset="7583" SrcFileId="3" StartOffset="7512"/>
</LocList>
<StmntSeq Intrnl_Id="662">
<LocList>
<Loc EndOffset="7579" SrcFileId="3" StartOffset="7560"/>
</LocList>
<BasicStmnt CovItemId="S95" CovItemPrefix="my.PSM.unitTestPSM.InterfaceFacadeStub.java" Intrnl_Id="663">
<LocList>
<Loc EndOffset="7579" SrcFileId="3" StartOffset="7560"/>
</LocList>
</BasicStmnt>
</StmntSeq>
</HierarchyLvl>
<HierarchyLvl HierarchyLvlId="14270" HierarchyLvlTypeId="31" Intrnl_Id="664" Name="getNewTueEnd">
<Header>
<Loc EndOffset="7626" SrcFileId="3" StartOffset="7586"/>
</Header>
<LocList>
<Loc EndOffset="7653" SrcFileId="3" StartOffset="7586"/>
</LocList>
<StmntSeq Intrnl_Id="665">
<LocList>
<Loc EndOffset="7649" SrcFileId="3" StartOffset="7632"/>
</LocList>
<BasicStmnt CovItemId="S96" CovItemPrefix="my.PSM.unitTestPSM.InterfaceFacadeStub.java" Intrnl_Id="666">
<LocList>
<Loc EndOffset="7649" SrcFileId="3" StartOffset="7632"/>
</LocList>
</BasicStmnt>
</StmntSeq>
</HierarchyLvl>
<HierarchyLvl HierarchyLvlId="14271" HierarchyLvlTypeId="31" Intrnl_Id="667" Name="getNewThuEnd">
<Header>
<Loc EndOffset="7696" SrcFileId="3" StartOffset="7656"/>
</Header>
<LocList>
<Loc EndOffset="7723" SrcFileId="3" StartOffset="7656"/>
</LocList>
<StmntSeq Intrnl_Id="668">
<LocList>
<Loc EndOffset="7719" SrcFileId="3" StartOffset="7702"/>
</LocList>
<BasicStmnt CovItemId="S97" CovItemPrefix="my.PSM.unitTestPSM.InterfaceFacadeStub.java" Intrnl_Id="669">
<LocList>
<Loc EndOffset="7719" SrcFileId="3" StartOffset="7702"/>
</LocList>
</BasicStmnt>
</StmntSeq>
</HierarchyLvl>
<HierarchyLvl HierarchyLvlId="14272" HierarchyLvlTypeId="31" Intrnl_Id="670" Name="getNewThuStart">
<Header>
<Loc EndOffset="7768" SrcFileId="3" StartOffset="7726"/>
</Header>
<LocList>
<Loc EndOffset="7797" SrcFileId="3" StartOffset="7726"/>
</LocList>
<StmntSeq Intrnl_Id="671">
<LocList>
<Loc EndOffset="7793" SrcFileId="3" StartOffset="7774"/>
</LocList>
<BasicStmnt CovItemId="S98" CovItemPrefix="my.PSM.unitTestPSM.InterfaceFacadeStub.java" Intrnl_Id="672">
<LocList>
<Loc EndOffset="7793" SrcFileId="3" StartOffset="7774"/>
</LocList>
</BasicStmnt>
</StmntSeq>
</HierarchyLvl>
<HierarchyLvl HierarchyLvlId="14273" HierarchyLvlTypeId="31" Intrnl_Id="673" Name="getNewWedEnd">
<Header>
<Loc EndOffset="7840" SrcFileId="3" StartOffset="7800"/>
</Header>
<LocList>
<Loc EndOffset="7867" SrcFileId="3" StartOffset="7800"/>
</LocList>
<StmntSeq Intrnl_Id="674">
<LocList>
<Loc EndOffset="7863" SrcFileId="3" StartOffset="7846"/>
</LocList>
<BasicStmnt CovItemId="S99" CovItemPrefix="my.PSM.unitTestPSM.InterfaceFacadeStub.java" Intrnl_Id="675">
<LocList>
<Loc EndOffset="7863" SrcFileId="3" StartOffset="7846"/>
</LocList>
</BasicStmnt>
</StmntSeq>
</HierarchyLvl>
<HierarchyLvl HierarchyLvlId="14274" HierarchyLvlTypeId="31" Intrnl_Id="676" Name="getNewWedStart">
<Header>
<Loc EndOffset="7912" SrcFileId="3" StartOffset="7870"/>
</Header>
<LocList>
<Loc EndOffset="7941" SrcFileId="3" StartOffset="7870"/>
</LocList>
<StmntSeq Intrnl_Id="677">
<LocList>
<Loc EndOffset="7937" SrcFileId="3" StartOffset="7918"/>
</LocList>
<BasicStmnt CovItemId="S100" CovItemPrefix="my.PSM.unitTestPSM.InterfaceFacadeStub.java" Intrnl_Id="678">
<LocList>
<Loc EndOffset="7937" SrcFileId="3" StartOffset="7918"/>
</LocList>
</BasicStmnt>
</StmntSeq>
</HierarchyLvl>
<HierarchyLvl HierarchyLvlId="14275" HierarchyLvlTypeId="31" Intrnl_Id="679" Name="getNewFriEnd">
<Header>
<Loc EndOffset="7984" SrcFileId="3" StartOffset="7944"/>
</Header>
<LocList>
<Loc EndOffset="8011" SrcFileId="3" StartOffset="7944"/>
</LocList>
<StmntSeq Intrnl_Id="680">
<LocList>
<Loc EndOffset="8007" SrcFileId="3" StartOffset="7990"/>
</LocList>
<BasicStmnt CovItemId="S101" CovItemPrefix="my.PSM.unitTestPSM.InterfaceFacadeStub.java" Intrnl_Id="681">
<LocList>
<Loc EndOffset="8007" SrcFileId="3" StartOffset="7990"/>
</LocList>
</BasicStmnt>
</StmntSeq>
</HierarchyLvl>
<HierarchyLvl HierarchyLvlId="14276" HierarchyLvlTypeId="31" Intrnl_Id="682" Name="getNewSatEnd">
<Header>
<Loc EndOffset="8054" SrcFileId="3" StartOffset="8014"/>
</Header>
<LocList>
<Loc EndOffset="8081" SrcFileId="3" StartOffset="8014"/>
</LocList>
<StmntSeq Intrnl_Id="683">
<LocList>
<Loc EndOffset="8077" SrcFileId="3" StartOffset="8060"/>
</LocList>
<BasicStmnt CovItemId="S102" CovItemPrefix="my.PSM.unitTestPSM.InterfaceFacadeStub.java" Intrnl_Id="684">
<LocList>
<Loc EndOffset="8077" SrcFileId="3" StartOffset="8060"/>
</LocList>
</BasicStmnt>
</StmntSeq>
</HierarchyLvl>
<HierarchyLvl HierarchyLvlId="14277" HierarchyLvlTypeId="31" Intrnl_Id="685" Name="getNewSatStart">
<Header>
<Loc EndOffset="8126" SrcFileId="3" StartOffset="8084"/>
</Header>
<LocList>
<Loc EndOffset="8155" SrcFileId="3" StartOffset="8084"/>
</LocList>
<StmntSeq Intrnl_Id="686">
<LocList>
<Loc EndOffset="8151" SrcFileId="3" StartOffset="8132"/>
</LocList>
<BasicStmnt CovItemId="S103" CovItemPrefix="my.PSM.unitTestPSM.InterfaceFacadeStub.java" Intrnl_Id="687">
<LocList>
<Loc EndOffset="8151" SrcFileId="3" StartOffset="8132"/>
</LocList>
</BasicStmnt>
</StmntSeq>
</HierarchyLvl>
<HierarchyLvl HierarchyLvlId="14278" HierarchyLvlTypeId="31" Intrnl_Id="688" Name="getNewFriStart">
<Header>
<Loc EndOffset="8200" SrcFileId="3" StartOffset="8158"/>
</Header>
<LocList>
<Loc EndOffset="8229" SrcFileId="3" StartOffset="8158"/>
</LocList>
<StmntSeq Intrnl_Id="689">
<LocList>
<Loc EndOffset="8225" SrcFileId="3" StartOffset="8206"/>
</LocList>
<BasicStmnt CovItemId="S104" CovItemPrefix="my.PSM.unitTestPSM.InterfaceFacadeStub.java" Intrnl_Id="690">
<LocList>
<Loc EndOffset="8225" SrcFileId="3" StartOffset="8206"/>
</LocList>
</BasicStmnt>
</StmntSeq>
</HierarchyLvl>
<HierarchyLvl HierarchyLvlId="14279" HierarchyLvlTypeId="31" Intrnl_Id="691" Name="getNewMonEnd">
<Header>
<Loc EndOffset="8272" SrcFileId="3" StartOffset="8232"/>
</Header>
<LocList>
<Loc EndOffset="8299" SrcFileId="3" StartOffset="8232"/>
</LocList>
<StmntSeq Intrnl_Id="692">
<LocList>
<Loc EndOffset="8295" SrcFileId="3" StartOffset="8278"/>
</LocList>
<BasicStmnt CovItemId="S105" CovItemPrefix="my.PSM.unitTestPSM.InterfaceFacadeStub.java" Intrnl_Id="693">
<LocList>
<Loc EndOffset="8295" SrcFileId="3" StartOffset="8278"/>
</LocList>
</BasicStmnt>
</StmntSeq>
</HierarchyLvl>
</HierarchyLvl>
<HierarchyLvl HierarchyLvlId="14290" HierarchyLvlTypeId="32" Intrnl_Id="694" Name="InterfaceControllerStub">
<Header>
<Loc EndOffset="189" SrcFileId="4" StartOffset="125"/>
</Header>
<LocList>
<Loc EndOffset="1373" SrcFileId="4" StartOffset="125"/>
</LocList>
<HierarchyLvl HierarchyLvlId="14281" HierarchyLvlTypeId="31" Intrnl_Id="695" Name="InterfaceControllerStub">
<Header>
<Loc EndOffset="252" SrcFileId="4" StartOffset="197"/>
</Header>
<LocList>
<Loc EndOffset="278" SrcFileId="4" StartOffset="197"/>
</LocList>
<StmntSeq Intrnl_Id="696">
<LocList>
<Loc EndOffset="274" SrcFileId="4" StartOffset="257"/>
</LocList>
<BasicStmnt CovItemId="S1" CovItemPrefix="my.PSM.unitTestPSM.InterfaceControllerStub.java" Intrnl_Id="697">
<LocList>
<Loc EndOffset="274" SrcFileId="4" StartOffset="257"/>
</LocList>
</BasicStmnt>
</StmntSeq>
</HierarchyLvl>
<HierarchyLvl HierarchyLvlId="14282" HierarchyLvlTypeId="31" Intrnl_Id="698" Name="passwordLock">
<Header>
<Loc EndOffset="324" SrcFileId="4" StartOffset="283"/>
</Header>
<LocList>
<Loc EndOffset="360" SrcFileId="4" StartOffset="283"/>
</LocList>
</HierarchyLvl>
<HierarchyLvl HierarchyLvlId="14283" HierarchyLvlTypeId="31" Intrnl_Id="699" Name="Initiate_Logout">
<Header>
<Loc EndOffset="410" SrcFileId="4" StartOffset="366"/>
</Header>
<LocList>
<Loc EndOffset="454" SrcFileId="4" StartOffset="366"/>
</LocList>
</HierarchyLvl>
<HierarchyLvl HierarchyLvlId="14284" HierarchyLvlTypeId="31" Intrnl_Id="700" Name="Initiate_IncorrectLogin">
<Header>
<Loc EndOffset="512" SrcFileId="4" StartOffset="460"/>
</Header>
<LocList>
<Loc EndOffset="568" SrcFileId="4" StartOffset="460"/>
</LocList>
</HierarchyLvl>
<HierarchyLvl HierarchyLvlId="14285" HierarchyLvlTypeId="31" Intrnl_Id="701" Name="Initiate_Schedule_Form">
<Header>
<Loc EndOffset="628" SrcFileId="4" StartOffset="577"/>
</Header>
<LocList>
<Loc EndOffset="673" SrcFileId="4" StartOffset="577"/>
</LocList>
</HierarchyLvl>
<HierarchyLvl HierarchyLvlId="14286" HierarchyLvlTypeId="31" Intrnl_Id="702" Name="Pre_Filled_Form">
<Header>
<Loc EndOffset="1055" SrcFileId="4" StartOffset="678"/>
</Header>
<LocList>
<Loc EndOffset="1111" SrcFileId="4" StartOffset="678"/>
</LocList>
</HierarchyLvl>
<HierarchyLvl HierarchyLvlId="14287" HierarchyLvlTypeId="31" Intrnl_Id="703" Name="Course_Select_Form">
<Header>
<Loc EndOffset="1167" SrcFileId="4" StartOffset="1120"/>
</Header>
<LocList>
<Loc EndOffset="1197" SrcFileId="4" StartOffset="1120"/>
</LocList>
</HierarchyLvl>
<HierarchyLvl HierarchyLvlId="14288" HierarchyLvlTypeId="31" Intrnl_Id="704" Name="Initiate_Login_Form">
<Header>
<Loc EndOffset="1251" SrcFileId="4" StartOffset="1203"/>
</Header>
<LocList>
<Loc EndOffset="1286" SrcFileId="4" StartOffset="1203"/>
</LocList>
</HierarchyLvl>
<HierarchyLvl HierarchyLvlId="14289" HierarchyLvlTypeId="31" Intrnl_Id="705" Name="Initiate_MainMenu">
<Header>
<Loc EndOffset="1337" SrcFileId="4" StartOffset="1291"/>
</Header>
<LocList>
<Loc EndOffset="1370" SrcFileId="4" StartOffset="1291"/>
</LocList>
</HierarchyLvl>
</HierarchyLvl>
<HierarchyLvl HierarchyLvlId="14319" HierarchyLvlTypeId="32" Intrnl_Id="706" Name="DataStoreFacadeStub">
<Header>
<Loc EndOffset="191" SrcFileId="5" StartOffset="135"/>
</Header>
<LocList>
<Loc EndOffset="7129" SrcFileId="5" StartOffset="135"/>
</LocList>
<StmntSeq Intrnl_Id="707">
<LocList>
<Loc EndOffset="291" SrcFileId="5" StartOffset="258"/>
<Loc EndOffset="392" SrcFileId="5" StartOffset="331"/>
<Loc EndOffset="467" SrcFileId="5" StartOffset="395"/>
<Loc EndOffset="550" SrcFileId="5" StartOffset="473"/>
<Loc EndOffset="635" SrcFileId="5" StartOffset="556"/>
<Loc EndOffset="721" SrcFileId="5" StartOffset="641"/>
<Loc EndOffset="805" SrcFileId="5" StartOffset="727"/>
<Loc EndOffset="888" SrcFileId="5" StartOffset="811"/>
<Loc EndOffset="969" SrcFileId="5" StartOffset="894"/>
<Loc EndOffset="1052" SrcFileId="5" StartOffset="975"/>
<Loc EndOffset="1133" SrcFileId="5" StartOffset="1058"/>
<Loc EndOffset="1216" SrcFileId="5" StartOffset="1139"/>
<Loc EndOffset="1297" SrcFileId="5" StartOffset="1222"/>
<Loc EndOffset="1380" SrcFileId="5" StartOffset="1303"/>
<Loc EndOffset="1461" SrcFileId="5" StartOffset="1386"/>
<Loc EndOffset="1544" SrcFileId="5" StartOffset="1467"/>
<Loc EndOffset="1625" SrcFileId="5" StartOffset="1550"/>
<Loc EndOffset="1708" SrcFileId="5" StartOffset="1631"/>
<Loc EndOffset="1789" SrcFileId="5" StartOffset="1714"/>
</LocList>
<BasicStmnt CovItemId="S1" CovItemPrefix="my.PSM.unitTestPSM.DataStoreFacadeStub.java" Intrnl_Id="708">
<LocList>
<Loc EndOffset="291" SrcFileId="5" StartOffset="258"/>
</LocList>
</BasicStmnt>
<BasicStmnt CovItemId="S2" CovItemPrefix="my.PSM.unitTestPSM.DataStoreFacadeStub.java" Intrnl_Id="709">
<LocList>
<Loc EndOffset="392" SrcFileId="5" StartOffset="331"/>
</LocList>
</BasicStmnt>
<BasicStmnt CovItemId="S3" CovItemPrefix="my.PSM.unitTestPSM.DataStoreFacadeStub.java" Intrnl_Id="710">
<LocList>
<Loc EndOffset="467" SrcFileId="5" StartOffset="395"/>
</LocList>
</BasicStmnt>
<BasicStmnt CovItemId="S4" CovItemPrefix="my.PSM.unitTestPSM.DataStoreFacadeStub.java" Intrnl_Id="711">
<LocList>
<Loc EndOffset="550" SrcFileId="5" StartOffset="473"/>
</LocList>
</BasicStmnt>
<BasicStmnt CovItemId="S5" CovItemPrefix="my.PSM.unitTestPSM.DataStoreFacadeStub.java" Intrnl_Id="712">
<LocList>
<Loc EndOffset="635" SrcFileId="5" StartOffset="556"/>
</LocList>
</BasicStmnt>
<BasicStmnt CovItemId="S6" CovItemPrefix="my.PSM.unitTestPSM.DataStoreFacadeStub.java" Intrnl_Id="713">
<LocList>
<Loc EndOffset="721" SrcFileId="5" StartOffset="641"/>
</LocList>
</BasicStmnt>
<BasicStmnt CovItemId="S7" CovItemPrefix="my.PSM.unitTestPSM.DataStoreFacadeStub.java" Intrnl_Id="714">
<LocList>
<Loc EndOffset="805" SrcFileId="5" StartOffset="727"/>
</LocList>
</BasicStmnt>
<BasicStmnt CovItemId="S8" CovItemPrefix="my.PSM.unitTestPSM.DataStoreFacadeStub.java" Intrnl_Id="715">
<LocList>
<Loc EndOffset="888" SrcFileId="5" StartOffset="811"/>
</LocList>
</BasicStmnt>
<BasicStmnt CovItemId="S9" CovItemPrefix="my.PSM.unitTestPSM.DataStoreFacadeStub.java" Intrnl_Id="716">
<LocList>
<Loc EndOffset="969" SrcFileId="5" StartOffset="894"/>
</LocList>
</BasicStmnt>
<BasicStmnt CovItemId="S10" CovItemPrefix="my.PSM.unitTestPSM.DataStoreFacadeStub.java" Intrnl_Id="717">
<LocList>
<Loc EndOffset="1052" SrcFileId="5" StartOffset="975"/>
</LocList>
</BasicStmnt>
<BasicStmnt CovItemId="S11" CovItemPrefix="my.PSM.unitTestPSM.DataStoreFacadeStub.java" Intrnl_Id="718">
<LocList>
<Loc EndOffset="1133" SrcFileId="5" StartOffset="1058"/>
</LocList>
</BasicStmnt>
<BasicStmnt CovItemId="S12" CovItemPrefix="my.PSM.unitTestPSM.DataStoreFacadeStub.java" Intrnl_Id="719">
<LocList>
<Loc EndOffset="1216" SrcFileId="5" StartOffset="1139"/>
</LocList>
</BasicStmnt>
<BasicStmnt CovItemId="S13" CovItemPrefix="my.PSM.unitTestPSM.DataStoreFacadeStub.java" Intrnl_Id="720">
<LocList>
<Loc EndOffset="1297" SrcFileId="5" StartOffset="1222"/>
</LocList>
</BasicStmnt>
<BasicStmnt CovItemId="S14" CovItemPrefix="my.PSM.unitTestPSM.DataStoreFacadeStub.java" Intrnl_Id="721">
<LocList>
<Loc EndOffset="1380" SrcFileId="5" StartOffset="1303"/>
</LocList>
</BasicStmnt>
<BasicStmnt CovItemId="S15" CovItemPrefix="my.PSM.unitTestPSM.DataStoreFacadeStub.java" Intrnl_Id="722">
<LocList>
<Loc EndOffset="1461" SrcFileId="5" StartOffset="1386"/>
</LocList>
</BasicStmnt>
<BasicStmnt CovItemId="S16" CovItemPrefix="my.PSM.unitTestPSM.DataStoreFacadeStub.java" Intrnl_Id="723">
<LocList>
<Loc EndOffset="1544" SrcFileId="5" StartOffset="1467"/>
</LocList>
</BasicStmnt>
<BasicStmnt CovItemId="S17" CovItemPrefix="my.PSM.unitTestPSM.DataStoreFacadeStub.java" Intrnl_Id="724">
<LocList>
<Loc EndOffset="1625" SrcFileId="5" StartOffset="1550"/>
</LocList>
</BasicStmnt>
<BasicStmnt CovItemId="S18" CovItemPrefix="my.PSM.unitTestPSM.DataStoreFacadeStub.java" Intrnl_Id="725">
<LocList>
<Loc EndOffset="1708" SrcFileId="5" StartOffset="1631"/>
</LocList>
</BasicStmnt>
<BasicStmnt CovItemId="S19" CovItemPrefix="my.PSM.unitTestPSM.DataStoreFacadeStub.java" Intrnl_Id="726">
<LocList>
<Loc EndOffset="1789" SrcFileId="5" StartOffset="1714"/>
</LocList>
</BasicStmnt>
</StmntSeq>
<HierarchyLvl HierarchyLvlId="14291" HierarchyLvlTypeId="31" Intrnl_Id="727" Name="DataStoreFacadeStub">
<Header>
<Loc EndOffset="1858" SrcFileId="5" StartOffset="1798"/>
</Header>
<LocList>
<Loc EndOffset="1954" SrcFileId="5" StartOffset="1798"/>
</LocList>
<StmntSeq Intrnl_Id="728">
<LocList>
<Loc EndOffset="1872" SrcFileId="5" StartOffset="1864"/>
<Loc EndOffset="1899" SrcFileId="5" StartOffset="1876"/>
<Loc EndOffset="1926" SrcFileId="5" StartOffset="1903"/>
<Loc EndOffset="1950" SrcFileId="5" StartOffset="1930"/>
</LocList>
<BasicStmnt CovItemId="S20" CovItemPrefix="my.PSM.unitTestPSM.DataStoreFacadeStub.java" Intrnl_Id="729">
<LocList>
<Loc EndOffset="1872" SrcFileId="5" StartOffset="1864"/>
</LocList>
</BasicStmnt>
<BasicStmnt CovItemId="S21" CovItemPrefix="my.PSM.unitTestPSM.DataStoreFacadeStub.java" Intrnl_Id="730">
<LocList>
<Loc EndOffset="1899" SrcFileId="5" StartOffset="1876"/>
</LocList>
</BasicStmnt>
<BasicStmnt CovItemId="S22" CovItemPrefix="my.PSM.unitTestPSM.DataStoreFacadeStub.java" Intrnl_Id="731">
<LocList>
<Loc EndOffset="1926" SrcFileId="5" StartOffset="1903"/>
</LocList>
</BasicStmnt>
<BasicStmnt CovItemId="S23" CovItemPrefix="my.PSM.unitTestPSM.DataStoreFacadeStub.java" Intrnl_Id="732">
<LocList>
<Loc EndOffset="1950" SrcFileId="5" StartOffset="1930"/>
</LocList>
</BasicStmnt>
</StmntSeq>
</HierarchyLvl>
<HierarchyLvl HierarchyLvlId="14292" HierarchyLvlTypeId="31" Intrnl_Id="733" Name="testHelper">
<Header>
<Loc EndOffset="2292" SrcFileId="5" StartOffset="1959"/>
</Header>
<LocList>
<Loc EndOffset="2984" SrcFileId="5" StartOffset="1959"/>
</LocList>
<StmntSeq Intrnl_Id="734">
<LocList>
<Loc EndOffset="2319" SrcFileId="5" StartOffset="2297"/>
<Loc EndOffset="2356" SrcFileId="5" StartOffset="2323"/>
<Loc EndOffset="2400" SrcFileId="5" StartOffset="2360"/>
<Loc EndOffset="2440" SrcFileId="5" StartOffset="2404"/>
<Loc EndOffset="2484" SrcFileId="5" StartOffset="2444"/>
<Loc EndOffset="2524" SrcFileId="5" StartOffset="2488"/>
<Loc EndOffset="2564" SrcFileId="5" StartOffset="2528"/>
<Loc EndOffset="2600" SrcFileId="5" StartOffset="2568"/>
<Loc EndOffset="2640" SrcFileId="5" StartOffset="2604"/>
<Loc EndOffset="2676" SrcFileId="5" StartOffset="2644"/>
<Loc EndOffset="2716" SrcFileId="5" StartOffset="2680"/>
<Loc EndOffset="2752" SrcFileId="5" StartOffset="2720"/>
<Loc EndOffset="2792" SrcFileId="5" StartOffset="2756"/>
<Loc EndOffset="2828" SrcFileId="5" StartOffset="2796"/>
<Loc EndOffset="2868" SrcFileId="5" StartOffset="2832"/>
<Loc EndOffset="2904" SrcFileId="5" StartOffset="2872"/>
<Loc EndOffset="2944" SrcFileId="5" StartOffset="2908"/>
<Loc EndOffset="2980" SrcFileId="5" StartOffset="2948"/>
</LocList>
<BasicStmnt CovItemId="S24" CovItemPrefix="my.PSM.unitTestPSM.DataStoreFacadeStub.java" Intrnl_Id="735">
<LocList>
<Loc EndOffset="2319" SrcFileId="5" StartOffset="2297"/>
</LocList>
</BasicStmnt>
<BasicStmnt CovItemId="S25" CovItemPrefix="my.PSM.unitTestPSM.DataStoreFacadeStub.java" Intrnl_Id="736">
<LocList>
<Loc EndOffset="2356" SrcFileId="5" StartOffset="2323"/>
</LocList>
</BasicStmnt>
<BasicStmnt CovItemId="S26" CovItemPrefix="my.PSM.unitTestPSM.DataStoreFacadeStub.java" Intrnl_Id="737">
<LocList>
<Loc EndOffset="2400" SrcFileId="5" StartOffset="2360"/>
</LocList>
</BasicStmnt>
<BasicStmnt CovItemId="S27" CovItemPrefix="my.PSM.unitTestPSM.DataStoreFacadeStub.java" Intrnl_Id="738">
<LocList>
<Loc EndOffset="2440" SrcFileId="5" StartOffset="2404"/>
</LocList>
</BasicStmnt>
<BasicStmnt CovItemId="S28" CovItemPrefix="my.PSM.unitTestPSM.DataStoreFacadeStub.java" Intrnl_Id="739">
<LocList>
<Loc EndOffset="2484" SrcFileId="5" StartOffset="2444"/>
</LocList>
</BasicStmnt>
<BasicStmnt CovItemId="S29" CovItemPrefix="my.PSM.unitTestPSM.DataStoreFacadeStub.java" Intrnl_Id="740">
<LocList>
<Loc EndOffset="2524" SrcFileId="5" StartOffset="2488"/>
</LocList>
</BasicStmnt>
<BasicStmnt CovItemId="S30" CovItemPrefix="my.PSM.unitTestPSM.DataStoreFacadeStub.java" Intrnl_Id="741">
<LocList>
<Loc EndOffset="2564" SrcFileId="5" StartOffset="2528"/>
</LocList>
</BasicStmnt>
<BasicStmnt CovItemId="S31" CovItemPrefix="my.PSM.unitTestPSM.DataStoreFacadeStub.java" Intrnl_Id="742">
<LocList>
<Loc EndOffset="2600" SrcFileId="5" StartOffset="2568"/>
</LocList>
</BasicStmnt>
<BasicStmnt CovItemId="S32" CovItemPrefix="my.PSM.unitTestPSM.DataStoreFacadeStub.java" Intrnl_Id="743">
<LocList>
<Loc EndOffset="2640" SrcFileId="5" StartOffset="2604"/>
</LocList>
</BasicStmnt>
<BasicStmnt CovItemId="S33" CovItemPrefix="my.PSM.unitTestPSM.DataStoreFacadeStub.java" Intrnl_Id="744">
<LocList>
<Loc EndOffset="2676" SrcFileId="5" StartOffset="2644"/>
</LocList>
</BasicStmnt>
<BasicStmnt CovItemId="S34" CovItemPrefix="my.PSM.unitTestPSM.DataStoreFacadeStub.java" Intrnl_Id="745">
<LocList>
<Loc EndOffset="2716" SrcFileId="5" StartOffset="2680"/>
</LocList>
</BasicStmnt>
<BasicStmnt CovItemId="S35" CovItemPrefix="my.PSM.unitTestPSM.DataStoreFacadeStub.java" Intrnl_Id="746">
<LocList>
<Loc EndOffset="2752" SrcFileId="5" StartOffset="2720"/>
</LocList>
</BasicStmnt>
<BasicStmnt CovItemId="S36" CovItemPrefix="my.PSM.unitTestPSM.DataStoreFacadeStub.java" Intrnl_Id="747">
<LocList>
<Loc EndOffset="2792" SrcFileId="5" StartOffset="2756"/>
</LocList>
</BasicStmnt>
<BasicStmnt CovItemId="S37" CovItemPrefix="my.PSM.unitTestPSM.DataStoreFacadeStub.java" Intrnl_Id="748">
<LocList>
<Loc EndOffset="2828" SrcFileId="5" StartOffset="2796"/>
</LocList>
</BasicStmnt>
<BasicStmnt CovItemId="S38" CovItemPrefix="my.PSM.unitTestPSM.DataStoreFacadeStub.java" Intrnl_Id="749">
<LocList>
<Loc EndOffset="2868" SrcFileId="5" StartOffset="2832"/>
</LocList>
</BasicStmnt>
<BasicStmnt CovItemId="S39" CovItemPrefix="my.PSM.unitTestPSM.DataStoreFacadeStub.java" Intrnl_Id="750">
<LocList>
<Loc EndOffset="2904" SrcFileId="5" StartOffset="2872"/>
</LocList>
</BasicStmnt>
<BasicStmnt CovItemId="S40" CovItemPrefix="my.PSM.unitTestPSM.DataStoreFacadeStub.java" Intrnl_Id="751">
<LocList>
<Loc EndOffset="2944" SrcFileId="5" StartOffset="2908"/>
</LocList>
</BasicStmnt>
<BasicStmnt CovItemId="S41" CovItemPrefix="my.PSM.unitTestPSM.DataStoreFacadeStub.java" Intrnl_Id="752">
<LocList>
<Loc EndOffset="2980" SrcFileId="5" StartOffset="2948"/>
</LocList>
</BasicStmnt>
</StmntSeq>
</HierarchyLvl>
<HierarchyLvl HierarchyLvlId="14293" HierarchyLvlTypeId="31" Intrnl_Id="753" Name="setString">
<Header>
<Loc EndOffset="3018" SrcFileId="5" StartOffset="2987"/>
</Header>
<LocList>
<Loc EndOffset="3044" SrcFileId="5" StartOffset="2987"/>
</LocList>
<StmntSeq Intrnl_Id="754">
<LocList>
<Loc EndOffset="3040" SrcFileId="5" StartOffset="3023"/>
</LocList>
<BasicStmnt CovItemId="S42" CovItemPrefix="my.PSM.unitTestPSM.DataStoreFacadeStub.java" Intrnl_Id="755">
<LocList>
<Loc EndOffset="3040" SrcFileId="5" StartOffset="3023"/>
</LocList>
</BasicStmnt>
</StmntSeq>
</HierarchyLvl>
<HierarchyLvl HierarchyLvlId="14294" HierarchyLvlTypeId="31" Intrnl_Id="756" Name="fetchCourses">
<Header>
<Loc EndOffset="3075" SrcFileId="5" StartOffset="3047"/>
</Header>
<LocList>
<Loc EndOffset="3139" SrcFileId="5" StartOffset="3047"/>
</LocList>
<StmntSeq Intrnl_Id="757">
<LocList>
<Loc EndOffset="3135" SrcFileId="5" StartOffset="3115"/>
</LocList>
<BasicStmnt CovItemId="S43" CovItemPrefix="my.PSM.unitTestPSM.DataStoreFacadeStub.java" Intrnl_Id="758">
<LocList>
<Loc EndOffset="3135" SrcFileId="5" StartOffset="3115"/>
</LocList>
</BasicStmnt>
</StmntSeq>
</HierarchyLvl>
<HierarchyLvl HierarchyLvlId="14295" HierarchyLvlTypeId="31" Intrnl_Id="759" Name="connect">
<Header>
<Loc EndOffset="3196" SrcFileId="5" StartOffset="3142"/>
</Header>
<LocList>
<Loc EndOffset="3358" SrcFileId="5" StartOffset="3142"/>
</LocList>
<StmntSeq Intrnl_Id="760">
<LocList>
<Loc EndOffset="3354" SrcFileId="5" StartOffset="3202"/>
</LocList>
<CondStmnt CovItemId="S44" CovItemPrefix="my.PSM.unitTestPSM.DataStoreFacadeStub.java" Intrnl_Id="761">
<Branch CovItemId="B1" CovItemPrefix="my.PSM.unitTestPSM.DataStoreFacadeStub.java" Implct="false" Intrnl_Id="762">
<Cond/>
<LocList>
<Loc EndOffset="3300" SrcFileId="5" StartOffset="3256"/>
</LocList>
<StmntSeq Intrnl_Id="763">
<LocList>
<Loc EndOffset="3281" SrcFileId="5" StartOffset="3262"/>
<Loc EndOffset="3295" SrcFileId="5" StartOffset="3286"/>
</LocList>
<BasicStmnt CovItemId="S45" CovItemPrefix="my.PSM.unitTestPSM.DataStoreFacadeStub.java" Intrnl_Id="764">
<LocList>
<Loc EndOffset="3281" SrcFileId="5" StartOffset="3262"/>
</LocList>
</BasicStmnt>
<BasicStmnt CovItemId="S46" CovItemPrefix="my.PSM.unitTestPSM.DataStoreFacadeStub.java" Intrnl_Id="765">
<LocList>
<Loc EndOffset="3295" SrcFileId="5" StartOffset="3286"/>
</LocList>
</BasicStmnt>
</StmntSeq>
</Branch>
<Branch CovItemId="B2" CovItemPrefix="my.PSM.unitTestPSM.DataStoreFacadeStub.java" Implct="false" Intrnl_Id="766">
<Cond>
<Loc EndOffset="3308" SrcFileId="5" StartOffset="3304"/>
</Cond>
<LocList>
<Loc EndOffset="3354" SrcFileId="5" StartOffset="3308"/>
</LocList>
<StmntSeq Intrnl_Id="767">
<LocList>
<Loc EndOffset="3334" SrcFileId="5" StartOffset="3314"/>
<Loc EndOffset="3349" SrcFileId="5" StartOffset="3339"/>
</LocList>
<BasicStmnt CovItemId="S47" CovItemPrefix="my.PSM.unitTestPSM.DataStoreFacadeStub.java" Intrnl_Id="768">
<LocList>
<Loc EndOffset="3334" SrcFileId="5" StartOffset="3314"/>
</LocList>
</BasicStmnt>
<BasicStmnt CovItemId="S48" CovItemPrefix="my.PSM.unitTestPSM.DataStoreFacadeStub.java" Intrnl_Id="769">
<LocList>
<Loc EndOffset="3349" SrcFileId="5" StartOffset="3339"/>
</LocList>
</BasicStmnt>
</StmntSeq>
</Branch>
<Keyword EndOffset="3204" SrcFileId="5" StartOffset="3202"/>
<LocList>
<Loc EndOffset="3354" SrcFileId="5" StartOffset="3202"/>
</LocList>
<RootTerm CovItemId="C1" CovItemPrefix="my.PSM.unitTestPSM.DataStoreFacadeStub.java" Intrnl_Id="770">
<OpTerm BooleanOpId="27" Intrnl_Id="771">
<BasicBoolTerm Intrnl_Id="772">
<LocList>
<Loc EndOffset="3229" SrcFileId="5" StartOffset="3205"/>
</LocList>
</BasicBoolTerm>
<BasicBoolTerm Intrnl_Id="773">
<LocList>
<Loc EndOffset="3255" SrcFileId="5" StartOffset="3233"/>
</LocList>
</BasicBoolTerm>
<LocList>
<Loc EndOffset="3232" SrcFileId="5" StartOffset="3230"/>
</LocList>
</OpTerm>
</RootTerm>
</CondStmnt>
</StmntSeq>
</HierarchyLvl>
<HierarchyLvl HierarchyLvlId="14296" HierarchyLvlTypeId="31" Intrnl_Id="774" Name="disconnect">
<Header>
<Loc EndOffset="3398" SrcFileId="5" StartOffset="3363"/>
</Header>
<LocList>
<Loc EndOffset="3441" SrcFileId="5" StartOffset="3363"/>
</LocList>
<StmntSeq Intrnl_Id="775">
<LocList>
<Loc EndOffset="3424" SrcFileId="5" StartOffset="3404"/>
<Loc EndOffset="3437" SrcFileId="5" StartOffset="3428"/>
</LocList>
<BasicStmnt CovItemId="S49" CovItemPrefix="my.PSM.unitTestPSM.DataStoreFacadeStub.java" Intrnl_Id="776">
<LocList>
<Loc EndOffset="3424" SrcFileId="5" StartOffset="3404"/>
</LocList>
</BasicStmnt>
<BasicStmnt CovItemId="S50" CovItemPrefix="my.PSM.unitTestPSM.DataStoreFacadeStub.java" Intrnl_Id="777">
<LocList>
<Loc EndOffset="3437" SrcFileId="5" StartOffset="3428"/>
</LocList>
</BasicStmnt>
</StmntSeq>
</HierarchyLvl>
<HierarchyLvl HierarchyLvlId="14297" HierarchyLvlTypeId="31" Intrnl_Id="778" Name="getEndDates">
<Header>
<Loc EndOffset="3496" SrcFileId="5" StartOffset="3446"/>
</Header>
<LocList>
<Loc EndOffset="3622" SrcFileId="5" StartOffset="3446"/>
</LocList>
<StmntSeq Intrnl_Id="779">
<LocList>
<Loc EndOffset="3555" SrcFileId="5" StartOffset="3502"/>
<Loc EndOffset="3598" SrcFileId="5" StartOffset="3559"/>
<Loc EndOffset="3618" SrcFileId="5" StartOffset="3602"/>
</LocList>
<BasicStmnt CovItemId="S51" CovItemPrefix="my.PSM.unitTestPSM.DataStoreFacadeStub.java" Intrnl_Id="780">
<LocList>
<Loc EndOffset="3555" SrcFileId="5" StartOffset="3502"/>
</LocList>
</BasicStmnt>
<BasicStmnt CovItemId="S52" CovItemPrefix="my.PSM.unitTestPSM.DataStoreFacadeStub.java" Intrnl_Id="781">
<LocList>
<Loc EndOffset="3598" SrcFileId="5" StartOffset="3559"/>
</LocList>
</BasicStmnt>
<BasicStmnt CovItemId="S53" CovItemPrefix="my.PSM.unitTestPSM.DataStoreFacadeStub.java" Intrnl_Id="782">
<LocList>
<Loc EndOffset="3618" SrcFileId="5" StartOffset="3602"/>
</LocList>
</BasicStmnt>
</StmntSeq>
</HierarchyLvl>
<HierarchyLvl HierarchyLvlId="14298" HierarchyLvlTypeId="31" Intrnl_Id="783" Name="getCourses">
<Header>
<Loc EndOffset="3677" SrcFileId="5" StartOffset="3627"/>
</Header>
<LocList>
<Loc EndOffset="3702" SrcFileId="5" StartOffset="3627"/>
</LocList>
<StmntSeq Intrnl_Id="784">
<LocList>
<Loc EndOffset="3698" SrcFileId="5" StartOffset="3683"/>
</LocList>
<BasicStmnt CovItemId="S54" CovItemPrefix="my.PSM.unitTestPSM.DataStoreFacadeStub.java" Intrnl_Id="785">
<LocList>
<Loc EndOffset="3698" SrcFileId="5" StartOffset="3683"/>
</LocList>
</BasicStmnt>
</StmntSeq>
</HierarchyLvl>
<HierarchyLvl HierarchyLvlId="14299" HierarchyLvlTypeId="31" Intrnl_Id="786" Name="fetchCourseSubj">
<Header>
<Loc EndOffset="3762" SrcFileId="5" StartOffset="3707"/>
</Header>
<LocList>
<Loc EndOffset="3800" SrcFileId="5" StartOffset="3707"/>
</LocList>
<StmntSeq Intrnl_Id="787">
<LocList>
<Loc EndOffset="3796" SrcFileId="5" StartOffset="3768"/>
</LocList>
<BasicStmnt CovItemId="S55" CovItemPrefix="my.PSM.unitTestPSM.DataStoreFacadeStub.java" Intrnl_Id="788">
<LocList>
<Loc EndOffset="3796" SrcFileId="5" StartOffset="3768"/>
</LocList>
</BasicStmnt>
</StmntSeq>
</HierarchyLvl>
<HierarchyLvl HierarchyLvlId="14300" HierarchyLvlTypeId="31" Intrnl_Id="789" Name="fetchCourseName">
<Header>
<Loc EndOffset="3860" SrcFileId="5" StartOffset="3805"/>
</Header>
<LocList>
<Loc EndOffset="3905" SrcFileId="5" StartOffset="3805"/>
</LocList>
<StmntSeq Intrnl_Id="790">
<LocList>
<Loc EndOffset="3901" SrcFileId="5" StartOffset="3866"/>
</LocList>
<BasicStmnt CovItemId="S56" CovItemPrefix="my.PSM.unitTestPSM.DataStoreFacadeStub.java" Intrnl_Id="791">
<LocList>
<Loc EndOffset="3901" SrcFileId="5" StartOffset="3866"/>
</LocList>
</BasicStmnt>
</StmntSeq>
</HierarchyLvl>
<HierarchyLvl HierarchyLvlId="14301" HierarchyLvlTypeId="31" Intrnl_Id="792" Name="fetchCourseSemester">
<Header>
<Loc EndOffset="3969" SrcFileId="5" StartOffset="3910"/>
</Header>
<LocList>
<Loc EndOffset="4012" SrcFileId="5" StartOffset="3910"/>
</LocList>
<StmntSeq Intrnl_Id="793">
<LocList>
<Loc EndOffset="4008" SrcFileId="5" StartOffset="3975"/>
</LocList>
<BasicStmnt CovItemId="S57" CovItemPrefix="my.PSM.unitTestPSM.DataStoreFacadeStub.java" Intrnl_Id="794">
<LocList>
<Loc EndOffset="4008" SrcFileId="5" StartOffset="3975"/>
</LocList>
</BasicStmnt>
</StmntSeq>
</HierarchyLvl>
<HierarchyLvl HierarchyLvlId="14302" HierarchyLvlTypeId="31" Intrnl_Id="795" Name="fetchCourseStart">
<Header>
<Loc EndOffset="4073" SrcFileId="5" StartOffset="4017"/>
</Header>
<LocList>
<Loc EndOffset="4119" SrcFileId="5" StartOffset="4017"/>
</LocList>
<StmntSeq Intrnl_Id="796">
<LocList>
<Loc EndOffset="4115" SrcFileId="5" StartOffset="4079"/>
</LocList>
<BasicStmnt CovItemId="S58" CovItemPrefix="my.PSM.unitTestPSM.DataStoreFacadeStub.java" Intrnl_Id="797">
<LocList>
<Loc EndOffset="4115" SrcFileId="5" StartOffset="4079"/>
</LocList>
</BasicStmnt>
</StmntSeq>
</HierarchyLvl>
<HierarchyLvl HierarchyLvlId="14303" HierarchyLvlTypeId="31" Intrnl_Id="798" Name="fetchCourseEnd">
<Header>
<Loc EndOffset="4178" SrcFileId="5" StartOffset="4124"/>
</Header>
<LocList>
<Loc EndOffset="4222" SrcFileId="5" StartOffset="4124"/>
</LocList>
<StmntSeq Intrnl_Id="799">
<LocList>
<Loc EndOffset="4218" SrcFileId="5" StartOffset="4184"/>
</LocList>
<BasicStmnt CovItemId="S59" CovItemPrefix="my.PSM.unitTestPSM.DataStoreFacadeStub.java" Intrnl_Id="800">
<LocList>
<Loc EndOffset="4218" SrcFileId="5" StartOffset="4184"/>
</LocList>
</BasicStmnt>
</StmntSeq>
</HierarchyLvl>
<HierarchyLvl HierarchyLvlId="14304" HierarchyLvlTypeId="31" Intrnl_Id="801" Name="fetchStartMon">
<Header>
<Loc EndOffset="4280" SrcFileId="5" StartOffset="4227"/>
</Header>
<LocList>
<Loc EndOffset="4323" SrcFileId="5" StartOffset="4227"/>
</LocList>
<StmntSeq Intrnl_Id="802">
<LocList>
<Loc EndOffset="4319" SrcFileId="5" StartOffset="4286"/>
</LocList>
<BasicStmnt CovItemId="S60" CovItemPrefix="my.PSM.unitTestPSM.DataStoreFacadeStub.java" Intrnl_Id="803">
<LocList>
<Loc EndOffset="4319" SrcFileId="5" StartOffset="4286"/>
</LocList>
</BasicStmnt>
</StmntSeq>
</HierarchyLvl>
<HierarchyLvl HierarchyLvlId="14305" HierarchyLvlTypeId="31" Intrnl_Id="804" Name="fetchEndMon">
<Header>
<Loc EndOffset="4379" SrcFileId="5" StartOffset="4328"/>
</Header>
<LocList>
<Loc EndOffset="4420" SrcFileId="5" StartOffset="4328"/>
</LocList>
<StmntSeq Intrnl_Id="805">
<LocList>
<Loc EndOffset="4416" SrcFileId="5" StartOffset="4385"/>
</LocList>
<BasicStmnt CovItemId="S61" CovItemPrefix="my.PSM.unitTestPSM.DataStoreFacadeStub.java" Intrnl_Id="806">
<LocList>
<Loc EndOffset="4416" SrcFileId="5" StartOffset="4385"/>
</LocList>
</BasicStmnt>
</StmntSeq>
</HierarchyLvl>
<HierarchyLvl HierarchyLvlId="14306" HierarchyLvlTypeId="31" Intrnl_Id="807" Name="fetchStartTue">
<Header>
<Loc EndOffset="4478" SrcFileId="5" StartOffset="4425"/>
</Header>
<LocList>
<Loc EndOffset="4521" SrcFileId="5" StartOffset="4425"/>
</LocList>
<StmntSeq Intrnl_Id="808">
<LocList>
<Loc EndOffset="4517" SrcFileId="5" StartOffset="4484"/>
</LocList>
<BasicStmnt CovItemId="S62" CovItemPrefix="my.PSM.unitTestPSM.DataStoreFacadeStub.java" Intrnl_Id="809">
<LocList>
<Loc EndOffset="4517" SrcFileId="5" StartOffset="4484"/>
</LocList>
</BasicStmnt>
</StmntSeq>
</HierarchyLvl>
<HierarchyLvl HierarchyLvlId="14307" HierarchyLvlTypeId="31" Intrnl_Id="810" Name="fetchEndTue">
<Header>
<Loc EndOffset="4577" SrcFileId="5" StartOffset="4526"/>
</Header>
<LocList>
<Loc EndOffset="4618" SrcFileId="5" StartOffset="4526"/>
</LocList>
<StmntSeq Intrnl_Id="811">
<LocList>
<Loc EndOffset="4614" SrcFileId="5" StartOffset="4583"/>
</LocList>
<BasicStmnt CovItemId="S63" CovItemPrefix="my.PSM.unitTestPSM.DataStoreFacadeStub.java" Intrnl_Id="812">
<LocList>
<Loc EndOffset="4614" SrcFileId="5" StartOffset="4583"/>
</LocList>
</BasicStmnt>
</StmntSeq>
</HierarchyLvl>
<HierarchyLvl HierarchyLvlId="14308" HierarchyLvlTypeId="31" Intrnl_Id="813" Name="fetchStartWed">
<Header>
<Loc EndOffset="4676" SrcFileId="5" StartOffset="4623"/>
</Header>
<LocList>
<Loc EndOffset="4719" SrcFileId="5" StartOffset="4623"/>
</LocList>
<StmntSeq Intrnl_Id="814">
<LocList>
<Loc EndOffset="4715" SrcFileId="5" StartOffset="4682"/>
</LocList>
<BasicStmnt CovItemId="S64" CovItemPrefix="my.PSM.unitTestPSM.DataStoreFacadeStub.java" Intrnl_Id="815">
<LocList>
<Loc EndOffset="4715" SrcFileId="5" StartOffset="4682"/>
</LocList>
</BasicStmnt>
</StmntSeq>
</HierarchyLvl>
<HierarchyLvl HierarchyLvlId="14309" HierarchyLvlTypeId="31" Intrnl_Id="816" Name="fetchEndWed">
<Header>
<Loc EndOffset="4775" SrcFileId="5" StartOffset="4724"/>
</Header>
<LocList>
<Loc EndOffset="4816" SrcFileId="5" StartOffset="4724"/>
</LocList>
<StmntSeq Intrnl_Id="817">
<LocList>
<Loc EndOffset="4812" SrcFileId="5" StartOffset="4781"/>
</LocList>
<BasicStmnt CovItemId="S65" CovItemPrefix="my.PSM.unitTestPSM.DataStoreFacadeStub.java" Intrnl_Id="818">
<LocList>
<Loc EndOffset="4812" SrcFileId="5" StartOffset="4781"/>
</LocList>
</BasicStmnt>
</StmntSeq>
</HierarchyLvl>
<HierarchyLvl HierarchyLvlId="14310" HierarchyLvlTypeId="31" Intrnl_Id="819" Name="fetchStartThu">
<Header>
<Loc EndOffset="4874" SrcFileId="5" StartOffset="4821"/>
</Header>
<LocList>
<Loc EndOffset="4917" SrcFileId="5" StartOffset="4821"/>
</LocList>
<StmntSeq Intrnl_Id="820">
<LocList>
<Loc EndOffset="4913" SrcFileId="5" StartOffset="4880"/>
</LocList>
<BasicStmnt CovItemId="S66" CovItemPrefix="my.PSM.unitTestPSM.DataStoreFacadeStub.java" Intrnl_Id="821">
<LocList>
<Loc EndOffset="4913" SrcFileId="5" StartOffset="4880"/>
</LocList>
</BasicStmnt>
</StmntSeq>
</HierarchyLvl>
<HierarchyLvl HierarchyLvlId="14311" HierarchyLvlTypeId="31" Intrnl_Id="822" Name="fetchEndThu">
<Header>
<Loc EndOffset="4973" SrcFileId="5" StartOffset="4922"/>
</Header>
<LocList>
<Loc EndOffset="5014" SrcFileId="5" StartOffset="4922"/>
</LocList>
<StmntSeq Intrnl_Id="823">
<LocList>
<Loc EndOffset="5010" SrcFileId="5" StartOffset="4979"/>
</LocList>
<BasicStmnt CovItemId="S67" CovItemPrefix="my.PSM.unitTestPSM.DataStoreFacadeStub.java" Intrnl_Id="824">
<LocList>
<Loc EndOffset="5010" SrcFileId="5" StartOffset="4979"/>
</LocList>
</BasicStmnt>
</StmntSeq>
</HierarchyLvl>
<HierarchyLvl HierarchyLvlId="14312" HierarchyLvlTypeId="31" Intrnl_Id="825" Name="fetchStartFri">
<Header>
<Loc EndOffset="5072" SrcFileId="5" StartOffset="5019"/>
</Header>
<LocList>
<Loc EndOffset="5115" SrcFileId="5" StartOffset="5019"/>
</LocList>
<StmntSeq Intrnl_Id="826">
<LocList>
<Loc EndOffset="5111" SrcFileId="5" StartOffset="5078"/>
</LocList>
<BasicStmnt CovItemId="S68" CovItemPrefix="my.PSM.unitTestPSM.DataStoreFacadeStub.java" Intrnl_Id="827">
<LocList>
<Loc EndOffset="5111" SrcFileId="5" StartOffset="5078"/>
</LocList>
</BasicStmnt>
</StmntSeq>
</HierarchyLvl>
<HierarchyLvl HierarchyLvlId="14313" HierarchyLvlTypeId="31" Intrnl_Id="828" Name="fetchEndFri">
<Header>
<Loc EndOffset="5171" SrcFileId="5" StartOffset="5120"/>
</Header>
<LocList>
<Loc EndOffset="5212" SrcFileId="5" StartOffset="5120"/>
</LocList>
<StmntSeq Intrnl_Id="829">
<LocList>
<Loc EndOffset="5208" SrcFileId="5" StartOffset="5177"/>
</LocList>
<BasicStmnt CovItemId="S69" CovItemPrefix="my.PSM.unitTestPSM.DataStoreFacadeStub.java" Intrnl_Id="830">
<LocList>
<Loc EndOffset="5208" SrcFileId="5" StartOffset="5177"/>
</LocList>
</BasicStmnt>
</StmntSeq>
</HierarchyLvl>
<HierarchyLvl HierarchyLvlId="14314" HierarchyLvlTypeId="31" Intrnl_Id="831" Name="fetchStartSat">
<Header>
<Loc EndOffset="5270" SrcFileId="5" StartOffset="5217"/>
</Header>
<LocList>
<Loc EndOffset="5313" SrcFileId="5" StartOffset="5217"/>
</LocList>
<StmntSeq Intrnl_Id="832">
<LocList>
<Loc EndOffset="5309" SrcFileId="5" StartOffset="5276"/>
</LocList>
<BasicStmnt CovItemId="S70" CovItemPrefix="my.PSM.unitTestPSM.DataStoreFacadeStub.java" Intrnl_Id="833">
<LocList>
<Loc EndOffset="5309" SrcFileId="5" StartOffset="5276"/>
</LocList>
</BasicStmnt>
</StmntSeq>
</HierarchyLvl>
<HierarchyLvl HierarchyLvlId="14315" HierarchyLvlTypeId="31" Intrnl_Id="834" Name="fetchEndSat">
<Header>
<Loc EndOffset="5369" SrcFileId="5" StartOffset="5318"/>
</Header>
<LocList>
<Loc EndOffset="5410" SrcFileId="5" StartOffset="5318"/>
</LocList>
<StmntSeq Intrnl_Id="835">
<LocList>
<Loc EndOffset="5406" SrcFileId="5" StartOffset="5375"/>
</LocList>
<BasicStmnt CovItemId="S71" CovItemPrefix="my.PSM.unitTestPSM.DataStoreFacadeStub.java" Intrnl_Id="836">
<LocList>
<Loc EndOffset="5406" SrcFileId="5" StartOffset="5375"/>
</LocList>
</BasicStmnt>
</StmntSeq>
</HierarchyLvl>
<HierarchyLvl HierarchyLvlId="14316" HierarchyLvlTypeId="31" Intrnl_Id="837" Name="storeClassInfo">
<Header>
<Loc EndOffset="5525" SrcFileId="5" StartOffset="5415"/>
</Header>
<LocList>
<Loc EndOffset="5691" SrcFileId="5" StartOffset="5415"/>
</LocList>
<StmntSeq Intrnl_Id="838">
<LocList>
<Loc EndOffset="5553" SrcFileId="5" StartOffset="5531"/>
<Loc EndOffset="5590" SrcFileId="5" StartOffset="5557"/>
<Loc EndOffset="5634" SrcFileId="5" StartOffset="5594"/>
<Loc EndOffset="5674" SrcFileId="5" StartOffset="5638"/>
<Loc EndOffset="5687" SrcFileId="5" StartOffset="5678"/>
</LocList>
<BasicStmnt CovItemId="S72" CovItemPrefix="my.PSM.unitTestPSM.DataStoreFacadeStub.java" Intrnl_Id="839">
<LocList>
<Loc EndOffset="5553" SrcFileId="5" StartOffset="5531"/>
</LocList>
</BasicStmnt>
<BasicStmnt CovItemId="S73" CovItemPrefix="my.PSM.unitTestPSM.DataStoreFacadeStub.java" Intrnl_Id="840">
<LocList>
<Loc EndOffset="5590" SrcFileId="5" StartOffset="5557"/>
</LocList>
</BasicStmnt>
<BasicStmnt CovItemId="S74" CovItemPrefix="my.PSM.unitTestPSM.DataStoreFacadeStub.java" Intrnl_Id="841">
<LocList>
<Loc EndOffset="5634" SrcFileId="5" StartOffset="5594"/>
</LocList>
</BasicStmnt>
<BasicStmnt CovItemId="S75" CovItemPrefix="my.PSM.unitTestPSM.DataStoreFacadeStub.java" Intrnl_Id="842">
<LocList>
<Loc EndOffset="5674" SrcFileId="5" StartOffset="5638"/>
</LocList>
</BasicStmnt>
<BasicStmnt CovItemId="S76" CovItemPrefix="my.PSM.unitTestPSM.DataStoreFacadeStub.java" Intrnl_Id="843">
<LocList>
<Loc EndOffset="5687" SrcFileId="5" StartOffset="5678"/>
</LocList>
</BasicStmnt>
</StmntSeq>
</HierarchyLvl>
<HierarchyLvl HierarchyLvlId="14317" HierarchyLvlTypeId="31" Intrnl_Id="844" Name="storeClassSched">
<Header>
<Loc EndOffset="5986" SrcFileId="5" StartOffset="5696"/>
</Header>
<LocList>
<Loc EndOffset="6614" SrcFileId="5" StartOffset="5696"/>
</LocList>
<StmntSeq Intrnl_Id="845">
<LocList>
<Loc EndOffset="6596" SrcFileId="5" StartOffset="5992"/>
<Loc EndOffset="6610" SrcFileId="5" StartOffset="6600"/>
</LocList>
<CondStmnt CovItemId="S77" CovItemPrefix="my.PSM.unitTestPSM.DataStoreFacadeStub.java" Intrnl_Id="846">
<Branch CovItemId="B3" CovItemPrefix="my.PSM.unitTestPSM.DataStoreFacadeStub.java" Implct="false" Intrnl_Id="847">
<Cond/>
<LocList>
<Loc EndOffset="6596" SrcFileId="5" StartOffset="6022"/>
</LocList>
<StmntSeq Intrnl_Id="848">
<LocList>
<Loc EndOffset="6068" SrcFileId="5" StartOffset="6028"/>
<Loc EndOffset="6109" SrcFileId="5" StartOffset="6073"/>
<Loc EndOffset="6150" SrcFileId="5" StartOffset="6114"/>
<Loc EndOffset="6187" SrcFileId="5" StartOffset="6155"/>
<Loc EndOffset="6228" SrcFileId="5" StartOffset="6192"/>
<Loc EndOffset="6265" SrcFileId="5" StartOffset="6233"/>
<Loc EndOffset="6306" SrcFileId="5" StartOffset="6270"/>
<Loc EndOffset="6343" SrcFileId="5" StartOffset="6311"/>
<Loc EndOffset="6384" SrcFileId="5" StartOffset="6348"/>
<Loc EndOffset="6421" SrcFileId="5" StartOffset="6389"/>
<Loc EndOffset="6462" SrcFileId="5" StartOffset="6426"/>
<Loc EndOffset="6499" SrcFileId="5" StartOffset="6467"/>
<Loc EndOffset="6540" SrcFileId="5" StartOffset="6504"/>
<Loc EndOffset="6577" SrcFileId="5" StartOffset="6545"/>
<Loc EndOffset="6591" SrcFileId="5" StartOffset="6582"/>
</LocList>
<BasicStmnt CovItemId="S78" CovItemPrefix="my.PSM.unitTestPSM.DataStoreFacadeStub.java" Intrnl_Id="849">
<LocList>
<Loc EndOffset="6068" SrcFileId="5" StartOffset="6028"/>
</LocList>
</BasicStmnt>
<BasicStmnt CovItemId="S79" CovItemPrefix="my.PSM.unitTestPSM.DataStoreFacadeStub.java" Intrnl_Id="850">
<LocList>
<Loc EndOffset="6109" SrcFileId="5" StartOffset="6073"/>
</LocList>
</BasicStmnt>
<BasicStmnt CovItemId="S80" CovItemPrefix="my.PSM.unitTestPSM.DataStoreFacadeStub.java" Intrnl_Id="851">
<LocList>
<Loc EndOffset="6150" SrcFileId="5" StartOffset="6114"/>
</LocList>
</BasicStmnt>
<BasicStmnt CovItemId="S81" CovItemPrefix="my.PSM.unitTestPSM.DataStoreFacadeStub.java" Intrnl_Id="852">
<LocList>
<Loc EndOffset="6187" SrcFileId="5" StartOffset="6155"/>
</LocList>
</BasicStmnt>
<BasicStmnt CovItemId="S82" CovItemPrefix="my.PSM.unitTestPSM.DataStoreFacadeStub.java" Intrnl_Id="853">
<LocList>
<Loc EndOffset="6228" SrcFileId="5" StartOffset="6192"/>
</LocList>
</BasicStmnt>
<BasicStmnt CovItemId="S83" CovItemPrefix="my.PSM.unitTestPSM.DataStoreFacadeStub.java" Intrnl_Id="854">
<LocList>
<Loc EndOffset="6265" SrcFileId="5" StartOffset="6233"/>
</LocList>
</BasicStmnt>
<BasicStmnt CovItemId="S84" CovItemPrefix="my.PSM.unitTestPSM.DataStoreFacadeStub.java" Intrnl_Id="855">
<LocList>
<Loc EndOffset="6306" SrcFileId="5" StartOffset="6270"/>
</LocList>
</BasicStmnt>
<BasicStmnt CovItemId="S85" CovItemPrefix="my.PSM.unitTestPSM.DataStoreFacadeStub.java" Intrnl_Id="856">
<LocList>
<Loc EndOffset="6343" SrcFileId="5" StartOffset="6311"/>
</LocList>
</BasicStmnt>
<BasicStmnt CovItemId="S86" CovItemPrefix="my.PSM.unitTestPSM.DataStoreFacadeStub.java" Intrnl_Id="857">
<LocList>
<Loc EndOffset="6384" SrcFileId="5" StartOffset="6348"/>
</LocList>
</BasicStmnt>
<BasicStmnt CovItemId="S87" CovItemPrefix="my.PSM.unitTestPSM.DataStoreFacadeStub.java" Intrnl_Id="858">
<LocList>
<Loc EndOffset="6421" SrcFileId="5" StartOffset="6389"/>
</LocList>
</BasicStmnt>
<BasicStmnt CovItemId="S88" CovItemPrefix="my.PSM.unitTestPSM.DataStoreFacadeStub.java" Intrnl_Id="859">
<LocList>
<Loc EndOffset="6462" SrcFileId="5" StartOffset="6426"/>
</LocList>
</BasicStmnt>
<BasicStmnt CovItemId="S89" CovItemPrefix="my.PSM.unitTestPSM.DataStoreFacadeStub.java" Intrnl_Id="860">
<LocList>
<Loc EndOffset="6499" SrcFileId="5" StartOffset="6467"/>
</LocList>
</BasicStmnt>
<BasicStmnt CovItemId="S90" CovItemPrefix="my.PSM.unitTestPSM.DataStoreFacadeStub.java" Intrnl_Id="861">
<LocList>
<Loc EndOffset="6540" SrcFileId="5" StartOffset="6504"/>
</LocList>
</BasicStmnt>
<BasicStmnt CovItemId="S91" CovItemPrefix="my.PSM.unitTestPSM.DataStoreFacadeStub.java" Intrnl_Id="862">
<LocList>
<Loc EndOffset="6577" SrcFileId="5" StartOffset="6545"/>
</LocList>
</BasicStmnt>
<BasicStmnt CovItemId="S92" CovItemPrefix="my.PSM.unitTestPSM.DataStoreFacadeStub.java" Intrnl_Id="863">
<LocList>
<Loc EndOffset="6591" SrcFileId="5" StartOffset="6582"/>
</LocList>
</BasicStmnt>
</StmntSeq>
</Branch>
<Branch CovItemId="B4" CovItemPrefix="my.PSM.unitTestPSM.DataStoreFacadeStub.java" Implct="true" Intrnl_Id="864">
<Cond/>
<LocList/>
<StmntSeq Intrnl_Id="865">
<LocList/>
</StmntSeq>
</Branch>
<Keyword EndOffset="5994" SrcFileId="5" StartOffset="5992"/>
<LocList>
<Loc EndOffset="6596" SrcFileId="5" StartOffset="5992"/>
</LocList>
<RootTerm CovItemId="C2" CovItemPrefix="my.PSM.unitTestPSM.DataStoreFacadeStub.java" Intrnl_Id="866">
<BasicBoolTerm Intrnl_Id="867">
<LocList>
<Loc EndOffset="6021" SrcFileId="5" StartOffset="5995"/>
</LocList>
</BasicBoolTerm>
</RootTerm>
</CondStmnt>
<BasicStmnt CovItemId="S93" CovItemPrefix="my.PSM.unitTestPSM.DataStoreFacadeStub.java" Intrnl_Id="868">
<LocList>
<Loc EndOffset="6610" SrcFileId="5" StartOffset="6600"/>
</LocList>
</BasicStmnt>
</StmntSeq>
</HierarchyLvl>
<HierarchyLvl HierarchyLvlId="14318" HierarchyLvlTypeId="31" Intrnl_Id="869" Name="clearDatabase">
<Header>
<Loc EndOffset="6658" SrcFileId="5" StartOffset="6619"/>
</Header>
<LocList>
<Loc EndOffset="7124" SrcFileId="5" StartOffset="6619"/>
</LocList>
<StmntSeq Intrnl_Id="870">
<LocList>
<Loc EndOffset="7120" SrcFileId="5" StartOffset="6664"/>
</LocList>
<CondStmnt CovItemId="S94" CovItemPrefix="my.PSM.unitTestPSM.DataStoreFacadeStub.java" Intrnl_Id="871">
<Branch CovItemId="B5" CovItemPrefix="my.PSM.unitTestPSM.DataStoreFacadeStub.java" Implct="false" Intrnl_Id="872">
<Cond/>
<LocList>
<Loc EndOffset="7120" SrcFileId="5" StartOffset="6679"/>
</LocList>
<StmntSeq Intrnl_Id="873">
<LocList>
<Loc EndOffset="6701" SrcFileId="5" StartOffset="6685"/>
<Loc EndOffset="6721" SrcFileId="5" StartOffset="6706"/>
<Loc EndOffset="6748" SrcFileId="5" StartOffset="6726"/>
<Loc EndOffset="6773" SrcFileId="5" StartOffset="6753"/>
<Loc EndOffset="6801" SrcFileId="5" StartOffset="6778"/>
<Loc EndOffset="6827" SrcFileId="5" StartOffset="6806"/>
<Loc EndOffset="6852" SrcFileId="5" StartOffset="6832"/>
<Loc EndOffset="6875" SrcFileId="5" StartOffset="6857"/>
<Loc EndOffset="6900" SrcFileId="5" StartOffset="6880"/>
<Loc EndOffset="6923" SrcFileId="5" StartOffset="6905"/>
<Loc EndOffset="6948" SrcFileId="5" StartOffset="6928"/>
<Loc EndOffset="6971" SrcFileId="5" StartOffset="6953"/>
<Loc EndOffset="6996" SrcFileId="5" StartOffset="6976"/>
<Loc EndOffset="7019" SrcFileId="5" StartOffset="7001"/>
<Loc EndOffset="7044" SrcFileId="5" StartOffset="7024"/>
<Loc EndOffset="7067" SrcFileId="5" StartOffset="7049"/>
<Loc EndOffset="7092" SrcFileId="5" StartOffset="7072"/>
<Loc EndOffset="7115" SrcFileId="5" StartOffset="7097"/>
</LocList>
<BasicStmnt CovItemId="S95" CovItemPrefix="my.PSM.unitTestPSM.DataStoreFacadeStub.java" Intrnl_Id="874">
<LocList>
<Loc EndOffset="6701" SrcFileId="5" StartOffset="6685"/>
</LocList>
</BasicStmnt>
<BasicStmnt CovItemId="S96" CovItemPrefix="my.PSM.unitTestPSM.DataStoreFacadeStub.java" Intrnl_Id="875">
<LocList>
<Loc EndOffset="6721" SrcFileId="5" StartOffset="6706"/>
</LocList>
</BasicStmnt>
<BasicStmnt CovItemId="S97" CovItemPrefix="my.PSM.unitTestPSM.DataStoreFacadeStub.java" Intrnl_Id="876">
<LocList>
<Loc EndOffset="6748" SrcFileId="5" StartOffset="6726"/>
</LocList>
</BasicStmnt>
<BasicStmnt CovItemId="S98" CovItemPrefix="my.PSM.unitTestPSM.DataStoreFacadeStub.java" Intrnl_Id="877">
<LocList>
<Loc EndOffset="6773" SrcFileId="5" StartOffset="6753"/>
</LocList>
</BasicStmnt>
<BasicStmnt CovItemId="S99" CovItemPrefix="my.PSM.unitTestPSM.DataStoreFacadeStub.java" Intrnl_Id="878">
<LocList>
<Loc EndOffset="6801" SrcFileId="5" StartOffset="6778"/>
</LocList>
</BasicStmnt>
<BasicStmnt CovItemId="S100" CovItemPrefix="my.PSM.unitTestPSM.DataStoreFacadeStub.java" Intrnl_Id="879">
<LocList>
<Loc EndOffset="6827" SrcFileId="5" StartOffset="6806"/>
</LocList>
</BasicStmnt>
<BasicStmnt CovItemId="S101" CovItemPrefix="my.PSM.unitTestPSM.DataStoreFacadeStub.java" Intrnl_Id="880">
<LocList>
<Loc EndOffset="6852" SrcFileId="5" StartOffset="6832"/>
</LocList>
</BasicStmnt>
<BasicStmnt CovItemId="S102" CovItemPrefix="my.PSM.unitTestPSM.DataStoreFacadeStub.java" Intrnl_Id="881">
<LocList>
<Loc EndOffset="6875" SrcFileId="5" StartOffset="6857"/>
</LocList>
</BasicStmnt>
<BasicStmnt CovItemId="S103" CovItemPrefix="my.PSM.unitTestPSM.DataStoreFacadeStub.java" Intrnl_Id="882">
<LocList>
<Loc EndOffset="6900" SrcFileId="5" StartOffset="6880"/>
</LocList>
</BasicStmnt>
<BasicStmnt CovItemId="S104" CovItemPrefix="my.PSM.unitTestPSM.DataStoreFacadeStub.java" Intrnl_Id="883">
<LocList>
<Loc EndOffset="6923" SrcFileId="5" StartOffset="6905"/>
</LocList>
</BasicStmnt>
<BasicStmnt CovItemId="S105" CovItemPrefix="my.PSM.unitTestPSM.DataStoreFacadeStub.java" Intrnl_Id="884">
<LocList>
<Loc EndOffset="6948" SrcFileId="5" StartOffset="6928"/>
</LocList>
</BasicStmnt>
<BasicStmnt CovItemId="S106" CovItemPrefix="my.PSM.unitTestPSM.DataStoreFacadeStub.java" Intrnl_Id="885">
<LocList>
<Loc EndOffset="6971" SrcFileId="5" StartOffset="6953"/>
</LocList>
</BasicStmnt>
<BasicStmnt CovItemId="S107" CovItemPrefix="my.PSM.unitTestPSM.DataStoreFacadeStub.java" Intrnl_Id="886">
<LocList>
<Loc EndOffset="6996" SrcFileId="5" StartOffset="6976"/>
</LocList>
</BasicStmnt>
<BasicStmnt CovItemId="S108" CovItemPrefix="my.PSM.unitTestPSM.DataStoreFacadeStub.java" Intrnl_Id="887">
<LocList>
<Loc EndOffset="7019" SrcFileId="5" StartOffset="7001"/>
</LocList>
</BasicStmnt>
<BasicStmnt CovItemId="S109" CovItemPrefix="my.PSM.unitTestPSM.DataStoreFacadeStub.java" Intrnl_Id="888">
<LocList>
<Loc EndOffset="7044" SrcFileId="5" StartOffset="7024"/>
</LocList>
</BasicStmnt>
<BasicStmnt CovItemId="S110" CovItemPrefix="my.PSM.unitTestPSM.DataStoreFacadeStub.java" Intrnl_Id="889">
<LocList>
<Loc EndOffset="7067" SrcFileId="5" StartOffset="7049"/>
</LocList>
</BasicStmnt>
<BasicStmnt CovItemId="S111" CovItemPrefix="my.PSM.unitTestPSM.DataStoreFacadeStub.java" Intrnl_Id="890">
<LocList>
<Loc EndOffset="7092" SrcFileId="5" StartOffset="7072"/>
</LocList>
</BasicStmnt>
<BasicStmnt CovItemId="S112" CovItemPrefix="my.PSM.unitTestPSM.DataStoreFacadeStub.java" Intrnl_Id="891">
<LocList>
<Loc EndOffset="7115" SrcFileId="5" StartOffset="7097"/>
</LocList>
</BasicStmnt>
</StmntSeq>
</Branch>
<Branch CovItemId="B6" CovItemPrefix="my.PSM.unitTestPSM.DataStoreFacadeStub.java" Implct="true" Intrnl_Id="892">
<Cond/>
<LocList/>
<StmntSeq Intrnl_Id="893">
<LocList/>
</StmntSeq>
</Branch>
<Keyword EndOffset="6666" SrcFileId="5" StartOffset="6664"/>
<LocList>
<Loc EndOffset="7120" SrcFileId="5" StartOffset="6664"/>
</LocList>
<RootTerm CovItemId="C3" CovItemPrefix="my.PSM.unitTestPSM.DataStoreFacadeStub.java" Intrnl_Id="894">
<BasicBoolTerm Intrnl_Id="895">
<LocList>
<Loc EndOffset="6678" SrcFileId="5" StartOffset="6667"/>
</LocList>
</BasicBoolTerm>
</RootTerm>
</CondStmnt>
</StmntSeq>
</HierarchyLvl>
</HierarchyLvl>
<HierarchyLvl HierarchyLvlId="14346" HierarchyLvlTypeId="32" Intrnl_Id="896" Name="DBConnectionTest">
<Header>
<Loc EndOffset="221" SrcFileId="6" StartOffset="192"/>
</Header>
<LocList>
<Loc EndOffset="6639" SrcFileId="6" StartOffset="192"/>
</LocList>
<StmntSeq Intrnl_Id="897">
<LocList>
<Loc EndOffset="265" SrcFileId="6" StartOffset="228"/>
<Loc EndOffset="326" SrcFileId="6" StartOffset="268"/>
</LocList>
<BasicStmnt CovItemId="S1" CovItemPrefix="my.PSM.unitTestPSM.DBConnectionTest.java" Intrnl_Id="898">
<LocList>
<Loc EndOffset="265" SrcFileId="6" StartOffset="228"/>
</LocList>
</BasicStmnt>
<BasicStmnt CovItemId="S2" CovItemPrefix="my.PSM.unitTestPSM.DBConnectionTest.java" Intrnl_Id="899">
<LocList>
<Loc EndOffset="326" SrcFileId="6" StartOffset="268"/>
</LocList>
</BasicStmnt>
</StmntSeq>
<HierarchyLvl HierarchyLvlId="14320" HierarchyLvlTypeId="31" Intrnl_Id="900" Name="runBefore">
<Header>
<Loc EndOffset="368" SrcFileId="6" StartOffset="335"/>
</Header>
<LocList>
<Loc EndOffset="585" SrcFileId="6" StartOffset="335"/>
</LocList>
<StmntSeq Intrnl_Id="901">
<LocList>
<Loc EndOffset="555" SrcFileId="6" StartOffset="373"/>
<Loc EndOffset="581" SrcFileId="6" StartOffset="559"/>
</LocList>
<BasicStmnt CovItemId="S3" CovItemPrefix="my.PSM.unitTestPSM.DBConnectionTest.java" Intrnl_Id="902">
<LocList>
<Loc EndOffset="555" SrcFileId="6" StartOffset="373"/>
</LocList>
</BasicStmnt>
<BasicStmnt CovItemId="S4" CovItemPrefix="my.PSM.unitTestPSM.DBConnectionTest.java" Intrnl_Id="903">
<LocList>
<Loc EndOffset="581" SrcFileId="6" StartOffset="559"/>
</LocList>
</BasicStmnt>
</StmntSeq>
</HierarchyLvl>
<HierarchyLvl HierarchyLvlId="14321" HierarchyLvlTypeId="31" Intrnl_Id="904" Name="testConnectStringStringString">
<Header>
<Loc EndOffset="642" SrcFileId="6" StartOffset="591"/>
</Header>
<LocList>
<Loc EndOffset="718" SrcFileId="6" StartOffset="591"/>
</LocList>
<StmntSeq Intrnl_Id="905">
<LocList>
<Loc EndOffset="714" SrcFileId="6" StartOffset="648"/>
</LocList>
<BasicStmnt CovItemId="S5" CovItemPrefix="my.PSM.unitTestPSM.DBConnectionTest.java" Intrnl_Id="906">
<LocList>
<Loc EndOffset="714" SrcFileId="6" StartOffset="648"/>
</LocList>
</BasicStmnt>
</StmntSeq>
</HierarchyLvl>
<HierarchyLvl HierarchyLvlId="14322" HierarchyLvlTypeId="31" Intrnl_Id="907" Name="testConnectStringString">
<Header>
<Loc EndOffset="768" SrcFileId="6" StartOffset="723"/>
</Header>
<LocList>
<Loc EndOffset="803" SrcFileId="6" StartOffset="723"/>
</LocList>
<StmntSeq Intrnl_Id="908">
<LocList>
<Loc EndOffset="799" SrcFileId="6" StartOffset="774"/>
</LocList>
<BasicStmnt CovItemId="S6" CovItemPrefix="my.PSM.unitTestPSM.DBConnectionTest.java" Intrnl_Id="909">
<LocList>
<Loc EndOffset="799" SrcFileId="6" StartOffset="774"/>
</LocList>
</BasicStmnt>
</StmntSeq>
</HierarchyLvl>
<HierarchyLvl HierarchyLvlId="14323" HierarchyLvlTypeId="31" Intrnl_Id="910" Name="testDisconnect">
<Header>
<Loc EndOffset="844" SrcFileId="6" StartOffset="808"/>
</Header>
<LocList>
<Loc EndOffset="870" SrcFileId="6" StartOffset="808"/>
</LocList>
<StmntSeq Intrnl_Id="911">
<LocList>
<Loc EndOffset="866" SrcFileId="6" StartOffset="850"/>
</LocList>
<BasicStmnt CovItemId="S7" CovItemPrefix="my.PSM.unitTestPSM.DBConnectionTest.java" Intrnl_Id="912">
<LocList>
<Loc EndOffset="866" SrcFileId="6" StartOffset="850"/>
</LocList>
</BasicStmnt>
</StmntSeq>
</HierarchyLvl>
<HierarchyLvl HierarchyLvlId="14324" HierarchyLvlTypeId="31" Intrnl_Id="913" Name="testFetchCourseID">
<Header>
<Loc EndOffset="914" SrcFileId="6" StartOffset="875"/>
</Header>
<LocList>
<Loc EndOffset="1109" SrcFileId="6" StartOffset="875"/>
</LocList>
<StmntSeq Intrnl_Id="914">
<LocList>
<Loc EndOffset="941" SrcFileId="6" StartOffset="920"/>
<Loc EndOffset="963" SrcFileId="6" StartOffset="945"/>
<Loc EndOffset="1075" SrcFileId="6" StartOffset="996"/>
<Loc EndOffset="1103" SrcFileId="6" StartOffset="1079"/>
</LocList>
<BasicStmnt CovItemId="S8" CovItemPrefix="my.PSM.unitTestPSM.DBConnectionTest.java" Intrnl_Id="915">
<LocList>
<Loc EndOffset="941" SrcFileId="6" StartOffset="920"/>
</LocList>
</BasicStmnt>
<BasicStmnt CovItemId="S9" CovItemPrefix="my.PSM.unitTestPSM.DBConnectionTest.java" Intrnl_Id="916">
<LocList>
<Loc EndOffset="963" SrcFileId="6" StartOffset="945"/>
</LocList>
</BasicStmnt>
<CondStmnt CovItemId="S10" CovItemPrefix="my.PSM.unitTestPSM.DBConnectionTest.java" Intrnl_Id="917">
<Branch CovItemId="B1" CovItemPrefix="my.PSM.unitTestPSM.DBConnectionTest.java" Implct="false" Intrnl_Id="918">
<Cond/>
<LocList>
<Loc EndOffset="1056" SrcFileId="6" StartOffset="1033"/>
</LocList>
<StmntSeq Intrnl_Id="919">
<LocList>
<Loc EndOffset="1051" SrcFileId="6" StartOffset="1039"/>
</LocList>
<BasicStmnt CovItemId="S11" CovItemPrefix="my.PSM.unitTestPSM.DBConnectionTest.java" Intrnl_Id="920">
<LocList>
<Loc EndOffset="1051" SrcFileId="6" StartOffset="1039"/>
</LocList>
</BasicStmnt>
</StmntSeq>
</Branch>
<Branch CovItemId="B2" CovItemPrefix="my.PSM.unitTestPSM.DBConnectionTest.java" Implct="false" Intrnl_Id="921">
<Cond>
<Loc EndOffset="1061" SrcFileId="6" StartOffset="1057"/>
</Cond>
<LocList>
<Loc EndOffset="1075" SrcFileId="6" StartOffset="1062"/>
</LocList>
<StmntSeq Intrnl_Id="922">
<LocList>
<Loc EndOffset="1075" SrcFileId="6" StartOffset="1062"/>
</LocList>
<BasicStmnt CovItemId="S12" CovItemPrefix="my.PSM.unitTestPSM.DBConnectionTest.java" Intrnl_Id="923">
<LocList>
<Loc EndOffset="1075" SrcFileId="6" StartOffset="1062"/>
</LocList>
</BasicStmnt>
</StmntSeq>
</Branch>
<Keyword EndOffset="998" SrcFileId="6" StartOffset="996"/>
<LocList>
<Loc EndOffset="1075" SrcFileId="6" StartOffset="996"/>
</LocList>
<RootTerm CovItemId="C1" CovItemPrefix="my.PSM.unitTestPSM.DBConnectionTest.java" Intrnl_Id="924">
<BasicBoolTerm Intrnl_Id="925">
<LocList>
<Loc EndOffset="1032" SrcFileId="6" StartOffset="1000"/>
</LocList>
</BasicBoolTerm>
</RootTerm>
</CondStmnt>
<BasicStmnt CovItemId="S13" CovItemPrefix="my.PSM.unitTestPSM.DBConnectionTest.java" Intrnl_Id="926">
<LocList>
<Loc EndOffset="1103" SrcFileId="6" StartOffset="1079"/>
</LocList>
</BasicStmnt>
</StmntSeq>
</HierarchyLvl>
<HierarchyLvl HierarchyLvlId="14325" HierarchyLvlTypeId="31" Intrnl_Id="927" Name="testGetEndDates">
<Header>
<Loc EndOffset="1151" SrcFileId="6" StartOffset="1114"/>
</Header>
<LocList>
<Loc EndOffset="1213" SrcFileId="6" StartOffset="1114"/>
</LocList>
<StmntSeq Intrnl_Id="928">
<LocList>
<Loc EndOffset="1181" SrcFileId="6" StartOffset="1157"/>
<Loc EndOffset="1209" SrcFileId="6" StartOffset="1185"/>
</LocList>
<BasicStmnt CovItemId="S14" CovItemPrefix="my.PSM.unitTestPSM.DBConnectionTest.java" Intrnl_Id="929">
<LocList>
<Loc EndOffset="1181" SrcFileId="6" StartOffset="1157"/>
</LocList>
</BasicStmnt>
<BasicStmnt CovItemId="S15" CovItemPrefix="my.PSM.unitTestPSM.DBConnectionTest.java" Intrnl_Id="930">
<LocList>
<Loc EndOffset="1209" SrcFileId="6" StartOffset="1185"/>
</LocList>
</BasicStmnt>
</StmntSeq>
</HierarchyLvl>
<HierarchyLvl HierarchyLvlId="14326" HierarchyLvlTypeId="31" Intrnl_Id="931" Name="testGetCourses">
<Header>
<Loc EndOffset="1254" SrcFileId="6" StartOffset="1218"/>
</Header>
<LocList>
<Loc EndOffset="1683" SrcFileId="6" StartOffset="1218"/>
</LocList>
<StmntSeq Intrnl_Id="932">
<LocList>
<Loc EndOffset="1314" SrcFileId="6" StartOffset="1260"/>
<Loc EndOffset="1339" SrcFileId="6" StartOffset="1318"/>
<Loc EndOffset="1364" SrcFileId="6" StartOffset="1343"/>
<Loc EndOffset="1391" SrcFileId="6" StartOffset="1368"/>
<Loc EndOffset="1427" SrcFileId="6" StartOffset="1395"/>
<Loc EndOffset="1492" SrcFileId="6" StartOffset="1443"/>
<Loc EndOffset="1635" SrcFileId="6" StartOffset="1496"/>
<Loc EndOffset="1651" SrcFileId="6" StartOffset="1639"/>
<Loc EndOffset="1679" SrcFileId="6" StartOffset="1655"/>
</LocList>
<BasicStmnt CovItemId="S16" CovItemPrefix="my.PSM.unitTestPSM.DBConnectionTest.java" Intrnl_Id="933">
<LocList>
<Loc EndOffset="1314" SrcFileId="6" StartOffset="1260"/>
</LocList>
</BasicStmnt>
<BasicStmnt CovItemId="S17" CovItemPrefix="my.PSM.unitTestPSM.DBConnectionTest.java" Intrnl_Id="934">
<LocList>
<Loc EndOffset="1339" SrcFileId="6" StartOffset="1318"/>
</LocList>
</BasicStmnt>
<BasicStmnt CovItemId="S18" CovItemPrefix="my.PSM.unitTestPSM.DBConnectionTest.java" Intrnl_Id="935">
<LocList>
<Loc EndOffset="1364" SrcFileId="6" StartOffset="1343"/>
</LocList>
</BasicStmnt>
<BasicStmnt CovItemId="S19" CovItemPrefix="my.PSM.unitTestPSM.DBConnectionTest.java" Intrnl_Id="936">
<LocList>
<Loc EndOffset="1391" SrcFileId="6" StartOffset="1368"/>
</LocList>
</BasicStmnt>
<BasicStmnt CovItemId="S20" CovItemPrefix="my.PSM.unitTestPSM.DBConnectionTest.java" Intrnl_Id="937">
<LocList>
<Loc EndOffset="1427" SrcFileId="6" StartOffset="1395"/>
</LocList>
</BasicStmnt>
<CondStmnt CovItemId="S21" CovItemPrefix="my.PSM.unitTestPSM.DBConnectionTest.java" Intrnl_Id="938">
<Branch CovItemId="B3" CovItemPrefix="my.PSM.unitTestPSM.DBConnectionTest.java" Implct="false" Intrnl_Id="939">
<Cond/>
<LocList>
<Loc EndOffset="1474" SrcFileId="6" StartOffset="1455"/>
</LocList>
<StmntSeq Intrnl_Id="940">
<LocList>
<Loc EndOffset="1469" SrcFileId="6" StartOffset="1461"/>
</LocList>
<BasicStmnt CovItemId="S22" CovItemPrefix="my.PSM.unitTestPSM.DBConnectionTest.java" Intrnl_Id="941">
<LocList>
<Loc EndOffset="1469" SrcFileId="6" StartOffset="1461"/>
</LocList>
</BasicStmnt>
</StmntSeq>
</Branch>
<Branch CovItemId="B4" CovItemPrefix="my.PSM.unitTestPSM.DBConnectionTest.java" Implct="false" Intrnl_Id="942">
<Cond>
<Loc EndOffset="1479" SrcFileId="6" StartOffset="1475"/>
</Cond>
<LocList>
<Loc EndOffset="1492" SrcFileId="6" StartOffset="1484"/>
</LocList>
<StmntSeq Intrnl_Id="943">
<LocList>
<Loc EndOffset="1492" SrcFileId="6" StartOffset="1484"/>
</LocList>
<BasicStmnt CovItemId="S23" CovItemPrefix="my.PSM.unitTestPSM.DBConnectionTest.java" Intrnl_Id="944">
<LocList>
<Loc EndOffset="1492" SrcFileId="6" StartOffset="1484"/>
</LocList>
</BasicStmnt>
</StmntSeq>
</Branch>
<Keyword EndOffset="1445" SrcFileId="6" StartOffset="1443"/>
<LocList>
<Loc EndOffset="1492" SrcFileId="6" StartOffset="1443"/>
</LocList>
<RootTerm CovItemId="C2" CovItemPrefix="my.PSM.unitTestPSM.DBConnectionTest.java" Intrnl_Id="945">
<BasicBoolTerm Intrnl_Id="946">
<LocList>
<Loc EndOffset="1453" SrcFileId="6" StartOffset="1447"/>
</LocList>
</BasicBoolTerm>
</RootTerm>
</CondStmnt>
<LoopStmnt CovItemId="S24" CovItemPrefix="my.PSM.unitTestPSM.DBConnectionTest.java" Intrnl_Id="947" MltplExecId="L1-2" MltplExecPrefix="my.PSM.unitTestPSM.DBConnectionTest.java" NvrExecId="L1-0" NvrExecPrefix="my.PSM.unitTestPSM.DBConnectionTest.java" OnceExecutedId="L1-1" OnceExecutedPrefix="my.PSM.unitTestPSM.DBConnectionTest.java" OptBodyExec="true">
<StmntSeq Intrnl_Id="948">
<LocList>
<Loc EndOffset="1630" SrcFileId="6" StartOffset="1532"/>
</LocList>
<CondStmnt CovItemId="S25" CovItemPrefix="my.PSM.unitTestPSM.DBConnectionTest.java" Intrnl_Id="949">
<Branch CovItemId="B5" CovItemPrefix="my.PSM.unitTestPSM.DBConnectionTest.java" Implct="false" Intrnl_Id="950">
<Cond/>
<LocList>
<Loc EndOffset="1606" SrcFileId="6" StartOffset="1580"/>
</LocList>
<StmntSeq Intrnl_Id="951">
<LocList/>
</StmntSeq>
</Branch>
<Branch CovItemId="B6" CovItemPrefix="my.PSM.unitTestPSM.DBConnectionTest.java" Implct="false" Intrnl_Id="952">
<Cond>
<Loc EndOffset="1611" SrcFileId="6" StartOffset="1607"/>
</Cond>
<LocList>
<Loc EndOffset="1630" SrcFileId="6" StartOffset="1617"/>
</LocList>
<StmntSeq Intrnl_Id="953">
<LocList>
<Loc EndOffset="1630" SrcFileId="6" StartOffset="1617"/>
</LocList>
<BasicStmnt CovItemId="S26" CovItemPrefix="my.PSM.unitTestPSM.DBConnectionTest.java" Intrnl_Id="954">
<LocList>
<Loc EndOffset="1630" SrcFileId="6" StartOffset="1617"/>
</LocList>
</BasicStmnt>
</StmntSeq>
</Branch>
<Keyword EndOffset="1534" SrcFileId="6" StartOffset="1532"/>
<LocList>
<Loc EndOffset="1630" SrcFileId="6" StartOffset="1532"/>
</LocList>
<RootTerm CovItemId="C4" CovItemPrefix="my.PSM.unitTestPSM.DBConnectionTest.java" Intrnl_Id="955">
<BasicBoolTerm Intrnl_Id="956">
<LocList>
<Loc EndOffset="1578" SrcFileId="6" StartOffset="1536"/>
</LocList>
</BasicBoolTerm>
</RootTerm>
</CondStmnt>
</StmntSeq>
<Keyword EndOffset="1499" SrcFileId="6" StartOffset="1496"/>
<LocList>
<Loc EndOffset="1635" SrcFileId="6" StartOffset="1496"/>
</LocList>
<RootTerm CovItemId="C3" CovItemPrefix="my.PSM.unitTestPSM.DBConnectionTest.java" Intrnl_Id="957">
<BasicBoolTerm Intrnl_Id="958">
<LocList>
<Loc EndOffset="1519" SrcFileId="6" StartOffset="1512"/>
</LocList>
</BasicBoolTerm>
</RootTerm>
</LoopStmnt>
<BasicStmnt CovItemId="S27" CovItemPrefix="my.PSM.unitTestPSM.DBConnectionTest.java" Intrnl_Id="959">
<LocList>
<Loc EndOffset="1651" SrcFileId="6" StartOffset="1639"/>
</LocList>
</BasicStmnt>
<BasicStmnt CovItemId="S28" CovItemPrefix="my.PSM.unitTestPSM.DBConnectionTest.java" Intrnl_Id="960">
<LocList>
<Loc EndOffset="1679" SrcFileId="6" StartOffset="1655"/>
</LocList>
</BasicStmnt>
</StmntSeq>
</HierarchyLvl>
<HierarchyLvl HierarchyLvlId="14327" HierarchyLvlTypeId="31" Intrnl_Id="961" Name="testFetchCourses">
<Header>
<Loc EndOffset="1726" SrcFileId="6" StartOffset="1688"/>
</Header>
<LocList>
<Loc EndOffset="1937" SrcFileId="6" StartOffset="1688"/>
</LocList>
<StmntSeq Intrnl_Id="962">
<LocList>
<Loc EndOffset="1753" SrcFileId="6" StartOffset="1732"/>
<Loc EndOffset="1782" SrcFileId="6" StartOffset="1757"/>
<Loc EndOffset="1905" SrcFileId="6" StartOffset="1815"/>
<Loc EndOffset="1933" SrcFileId="6" StartOffset="1909"/>
</LocList>
<BasicStmnt CovItemId="S29" CovItemPrefix="my.PSM.unitTestPSM.DBConnectionTest.java" Intrnl_Id="963">
<LocList>
<Loc EndOffset="1753" SrcFileId="6" StartOffset="1732"/>
</LocList>
</BasicStmnt>
<BasicStmnt CovItemId="S30" CovItemPrefix="my.PSM.unitTestPSM.DBConnectionTest.java" Intrnl_Id="964">
<LocList>
<Loc EndOffset="1782" SrcFileId="6" StartOffset="1757"/>
</LocList>
</BasicStmnt>
<CondStmnt CovItemId="S31" CovItemPrefix="my.PSM.unitTestPSM.DBConnectionTest.java" Intrnl_Id="965">
<Branch CovItemId="B7" CovItemPrefix="my.PSM.unitTestPSM.DBConnectionTest.java" Implct="false" Intrnl_Id="966">
<Cond/>
<LocList>
<Loc EndOffset="1886" SrcFileId="6" StartOffset="1863"/>
</LocList>
<StmntSeq Intrnl_Id="967">
<LocList>
<Loc EndOffset="1881" SrcFileId="6" StartOffset="1869"/>
</LocList>
<BasicStmnt CovItemId="S32" CovItemPrefix="my.PSM.unitTestPSM.DBConnectionTest.java" Intrnl_Id="968">
<LocList>
<Loc EndOffset="1881" SrcFileId="6" StartOffset="1869"/>
</LocList>
</BasicStmnt>
</StmntSeq>
</Branch>
<Branch CovItemId="B8" CovItemPrefix="my.PSM.unitTestPSM.DBConnectionTest.java" Implct="false" Intrnl_Id="969">
<Cond>
<Loc EndOffset="1891" SrcFileId="6" StartOffset="1887"/>
</Cond>
<LocList>
<Loc EndOffset="1905" SrcFileId="6" StartOffset="1892"/>
</LocList>
<StmntSeq Intrnl_Id="970">
<LocList>
<Loc EndOffset="1905" SrcFileId="6" StartOffset="1892"/>
</LocList>
<BasicStmnt CovItemId="S33" CovItemPrefix="my.PSM.unitTestPSM.DBConnectionTest.java" Intrnl_Id="971">
<LocList>
<Loc EndOffset="1905" SrcFileId="6" StartOffset="1892"/>
</LocList>
</BasicStmnt>
</StmntSeq>
</Branch>
<Keyword EndOffset="1817" SrcFileId="6" StartOffset="1815"/>
<LocList>
<Loc EndOffset="1905" SrcFileId="6" StartOffset="1815"/>
</LocList>
<RootTerm CovItemId="C5" CovItemPrefix="my.PSM.unitTestPSM.DBConnectionTest.java" Intrnl_Id="972">
<BasicBoolTerm Intrnl_Id="973">
<LocList>
<Loc EndOffset="1862" SrcFileId="6" StartOffset="1819"/>
</LocList>
</BasicBoolTerm>
</RootTerm>
</CondStmnt>
<BasicStmnt CovItemId="S34" CovItemPrefix="my.PSM.unitTestPSM.DBConnectionTest.java" Intrnl_Id="974">
<LocList>
<Loc EndOffset="1933" SrcFileId="6" StartOffset="1909"/>
</LocList>
</BasicStmnt>
</StmntSeq>
</HierarchyLvl>
<HierarchyLvl HierarchyLvlId="14328" HierarchyLvlTypeId="31" Intrnl_Id="975" Name="testFetchCourseSubj">
<Header>
<Loc EndOffset="1983" SrcFileId="6" StartOffset="1942"/>
</Header>
<LocList>
<Loc EndOffset="2178" SrcFileId="6" StartOffset="1942"/>
</LocList>
<StmntSeq Intrnl_Id="976">
<LocList>
<Loc EndOffset="2010" SrcFileId="6" StartOffset="1989"/>
<Loc EndOffset="2034" SrcFileId="6" StartOffset="2014"/>
<Loc EndOffset="2146" SrcFileId="6" StartOffset="2052"/>
<Loc EndOffset="2174" SrcFileId="6" StartOffset="2150"/>
</LocList>
<BasicStmnt CovItemId="S35" CovItemPrefix="my.PSM.unitTestPSM.DBConnectionTest.java" Intrnl_Id="977">
<LocList>
<Loc EndOffset="2010" SrcFileId="6" StartOffset="1989"/>
</LocList>
</BasicStmnt>
<BasicStmnt CovItemId="S36" CovItemPrefix="my.PSM.unitTestPSM.DBConnectionTest.java" Intrnl_Id="978">
<LocList>
<Loc EndOffset="2034" SrcFileId="6" StartOffset="2014"/>
</LocList>
</BasicStmnt>
<CondStmnt CovItemId="S37" CovItemPrefix="my.PSM.unitTestPSM.DBConnectionTest.java" Intrnl_Id="979">
<Branch CovItemId="B9" CovItemPrefix="my.PSM.unitTestPSM.DBConnectionTest.java" Implct="false" Intrnl_Id="980">
<Cond/>
<LocList>
<Loc EndOffset="2127" SrcFileId="6" StartOffset="2104"/>
</LocList>
<StmntSeq Intrnl_Id="981">
<LocList>
<Loc EndOffset="2122" SrcFileId="6" StartOffset="2110"/>
</LocList>
<BasicStmnt CovItemId="S38" CovItemPrefix="my.PSM.unitTestPSM.DBConnectionTest.java" Intrnl_Id="982">
<LocList>
<Loc EndOffset="2122" SrcFileId="6" StartOffset="2110"/>
</LocList>
</BasicStmnt>
</StmntSeq>
</Branch>
<Branch CovItemId="B10" CovItemPrefix="my.PSM.unitTestPSM.DBConnectionTest.java" Implct="false" Intrnl_Id="983">
<Cond>
<Loc EndOffset="2132" SrcFileId="6" StartOffset="2128"/>
</Cond>
<LocList>
<Loc EndOffset="2146" SrcFileId="6" StartOffset="2133"/>
</LocList>
<StmntSeq Intrnl_Id="984">
<LocList>
<Loc EndOffset="2146" SrcFileId="6" StartOffset="2133"/>
</LocList>
<BasicStmnt CovItemId="S39" CovItemPrefix="my.PSM.unitTestPSM.DBConnectionTest.java" Intrnl_Id="985">
<LocList>
<Loc EndOffset="2146" SrcFileId="6" StartOffset="2133"/>
</LocList>
</BasicStmnt>
</StmntSeq>
</Branch>
<Keyword EndOffset="2054" SrcFileId="6" StartOffset="2052"/>
<LocList>
<Loc EndOffset="2146" SrcFileId="6" StartOffset="2052"/>
</LocList>
<RootTerm CovItemId="C6" CovItemPrefix="my.PSM.unitTestPSM.DBConnectionTest.java" Intrnl_Id="986">
<BasicBoolTerm Intrnl_Id="987">
<LocList>
<Loc EndOffset="2103" SrcFileId="6" StartOffset="2056"/>
</LocList>
</BasicBoolTerm>
</RootTerm>
</CondStmnt>
<BasicStmnt CovItemId="S40" CovItemPrefix="my.PSM.unitTestPSM.DBConnectionTest.java" Intrnl_Id="988">
<LocList>
<Loc EndOffset="2174" SrcFileId="6" StartOffset="2150"/>
</LocList>
</BasicStmnt>
</StmntSeq>
</HierarchyLvl>
<HierarchyLvl HierarchyLvlId="14329" HierarchyLvlTypeId="31" Intrnl_Id="989" Name="testFetchCourseName">
<Header>
<Loc EndOffset="2224" SrcFileId="6" StartOffset="2183"/>
</Header>
<LocList>
<Loc EndOffset="2442" SrcFileId="6" StartOffset="2183"/>
</LocList>
<StmntSeq Intrnl_Id="990">
<LocList>
<Loc EndOffset="2251" SrcFileId="6" StartOffset="2230"/>
<Loc EndOffset="2295" SrcFileId="6" StartOffset="2255"/>
<Loc EndOffset="2410" SrcFileId="6" StartOffset="2313"/>
<Loc EndOffset="2438" SrcFileId="6" StartOffset="2414"/>
</LocList>
<BasicStmnt CovItemId="S41" CovItemPrefix="my.PSM.unitTestPSM.DBConnectionTest.java" Intrnl_Id="991">
<LocList>
<Loc EndOffset="2251" SrcFileId="6" StartOffset="2230"/>
</LocList>
</BasicStmnt>
<BasicStmnt CovItemId="S42" CovItemPrefix="my.PSM.unitTestPSM.DBConnectionTest.java" Intrnl_Id="992">
<LocList>
<Loc EndOffset="2295" SrcFileId="6" StartOffset="2255"/>
</LocList>
</BasicStmnt>
<CondStmnt CovItemId="S43" CovItemPrefix="my.PSM.unitTestPSM.DBConnectionTest.java" Intrnl_Id="993">
<Branch CovItemId="B11" CovItemPrefix="my.PSM.unitTestPSM.DBConnectionTest.java" Implct="false" Intrnl_Id="994">
<Cond/>
<LocList>
<Loc EndOffset="2391" SrcFileId="6" StartOffset="2368"/>
</LocList>
<StmntSeq Intrnl_Id="995">
<LocList>
<Loc EndOffset="2386" SrcFileId="6" StartOffset="2374"/>
</LocList>
<BasicStmnt CovItemId="S44" CovItemPrefix="my.PSM.unitTestPSM.DBConnectionTest.java" Intrnl_Id="996">
<LocList>
<Loc EndOffset="2386" SrcFileId="6" StartOffset="2374"/>
</LocList>
</BasicStmnt>
</StmntSeq>
</Branch>
<Branch CovItemId="B12" CovItemPrefix="my.PSM.unitTestPSM.DBConnectionTest.java" Implct="false" Intrnl_Id="997">
<Cond>
<Loc EndOffset="2396" SrcFileId="6" StartOffset="2392"/>
</Cond>
<LocList>
<Loc EndOffset="2410" SrcFileId="6" StartOffset="2397"/>
</LocList>
<StmntSeq Intrnl_Id="998">
<LocList>
<Loc EndOffset="2410" SrcFileId="6" StartOffset="2397"/>
</LocList>
<BasicStmnt CovItemId="S45" CovItemPrefix="my.PSM.unitTestPSM.DBConnectionTest.java" Intrnl_Id="999">
<LocList>
<Loc EndOffset="2410" SrcFileId="6" StartOffset="2397"/>
</LocList>
</BasicStmnt>
</StmntSeq>
</Branch>
<Keyword EndOffset="2315" SrcFileId="6" StartOffset="2313"/>
<LocList>
<Loc EndOffset="2410" SrcFileId="6" StartOffset="2313"/>
</LocList>
<RootTerm CovItemId="C7" CovItemPrefix="my.PSM.unitTestPSM.DBConnectionTest.java" Intrnl_Id="1000">
<BasicBoolTerm Intrnl_Id="1001">
<LocList>
<Loc EndOffset="2367" SrcFileId="6" StartOffset="2317"/>
</LocList>
</BasicBoolTerm>
</RootTerm>
</CondStmnt>
<BasicStmnt CovItemId="S46" CovItemPrefix="my.PSM.unitTestPSM.DBConnectionTest.java" Intrnl_Id="1002">
<LocList>
<Loc EndOffset="2438" SrcFileId="6" StartOffset="2414"/>
</LocList>
</BasicStmnt>
</StmntSeq>
</HierarchyLvl>
<HierarchyLvl HierarchyLvlId="14330" HierarchyLvlTypeId="31" Intrnl_Id="1003" Name="testFetchCourseSemester">
<Header>
<Loc EndOffset="2492" SrcFileId="6" StartOffset="2447"/>
</Header>
<LocList>
<Loc EndOffset="2706" SrcFileId="6" StartOffset="2447"/>
</LocList>
<StmntSeq Intrnl_Id="1004">
<LocList>
<Loc EndOffset="2519" SrcFileId="6" StartOffset="2498"/>
<Loc EndOffset="2554" SrcFileId="6" StartOffset="2523"/>
<Loc EndOffset="2674" SrcFileId="6" StartOffset="2572"/>
<Loc EndOffset="2702" SrcFileId="6" StartOffset="2678"/>
</LocList>
<BasicStmnt CovItemId="S47" CovItemPrefix="my.PSM.unitTestPSM.DBConnectionTest.java" Intrnl_Id="1005">
<LocList>
<Loc EndOffset="2519" SrcFileId="6" StartOffset="2498"/>
</LocList>
</BasicStmnt>
<BasicStmnt CovItemId="S48" CovItemPrefix="my.PSM.unitTestPSM.DBConnectionTest.java" Intrnl_Id="1006">
<LocList>
<Loc EndOffset="2554" SrcFileId="6" StartOffset="2523"/>
</LocList>
</BasicStmnt>
<CondStmnt CovItemId="S49" CovItemPrefix="my.PSM.unitTestPSM.DBConnectionTest.java" Intrnl_Id="1007">
<Branch CovItemId="B13" CovItemPrefix="my.PSM.unitTestPSM.DBConnectionTest.java" Implct="false" Intrnl_Id="1008">
<Cond/>
<LocList>
<Loc EndOffset="2655" SrcFileId="6" StartOffset="2632"/>
</LocList>
<StmntSeq Intrnl_Id="1009">
<LocList>
<Loc EndOffset="2650" SrcFileId="6" StartOffset="2638"/>
</LocList>
<BasicStmnt CovItemId="S50" CovItemPrefix="my.PSM.unitTestPSM.DBConnectionTest.java" Intrnl_Id="1010">
<LocList>
<Loc EndOffset="2650" SrcFileId="6" StartOffset="2638"/>
</LocList>
</BasicStmnt>
</StmntSeq>
</Branch>
<Branch CovItemId="B14" CovItemPrefix="my.PSM.unitTestPSM.DBConnectionTest.java" Implct="false" Intrnl_Id="1011">
<Cond>
<Loc EndOffset="2660" SrcFileId="6" StartOffset="2656"/>
</Cond>
<LocList>
<Loc EndOffset="2674" SrcFileId="6" StartOffset="2661"/>
</LocList>
<StmntSeq Intrnl_Id="1012">
<LocList>
<Loc EndOffset="2674" SrcFileId="6" StartOffset="2661"/>
</LocList>
<BasicStmnt CovItemId="S51" CovItemPrefix="my.PSM.unitTestPSM.DBConnectionTest.java" Intrnl_Id="1013">
<LocList>
<Loc EndOffset="2674" SrcFileId="6" StartOffset="2661"/>
</LocList>
</BasicStmnt>
</StmntSeq>
</Branch>
<Keyword EndOffset="2574" SrcFileId="6" StartOffset="2572"/>
<LocList>
<Loc EndOffset="2674" SrcFileId="6" StartOffset="2572"/>
</LocList>
<RootTerm CovItemId="C8" CovItemPrefix="my.PSM.unitTestPSM.DBConnectionTest.java" Intrnl_Id="1014">
<BasicBoolTerm Intrnl_Id="1015">
<LocList>
<Loc EndOffset="2631" SrcFileId="6" StartOffset="2576"/>
</LocList>
</BasicBoolTerm>
</RootTerm>
</CondStmnt>
<BasicStmnt CovItemId="S52" CovItemPrefix="my.PSM.unitTestPSM.DBConnectionTest.java" Intrnl_Id="1016">
<LocList>
<Loc EndOffset="2702" SrcFileId="6" StartOffset="2678"/>
</LocList>
</BasicStmnt>
</StmntSeq>
</HierarchyLvl>
<HierarchyLvl HierarchyLvlId="14331" HierarchyLvlTypeId="31" Intrnl_Id="1017" Name="testFetchCourseStart">
<Header>
<Loc EndOffset="2753" SrcFileId="6" StartOffset="2711"/>
</Header>
<LocList>
<Loc EndOffset="2963" SrcFileId="6" StartOffset="2711"/>
</LocList>
<StmntSeq Intrnl_Id="1018">
<LocList>
<Loc EndOffset="2780" SrcFileId="6" StartOffset="2759"/>
<Loc EndOffset="2813" SrcFileId="6" StartOffset="2784"/>
<Loc EndOffset="2931" SrcFileId="6" StartOffset="2831"/>
<Loc EndOffset="2959" SrcFileId="6" StartOffset="2935"/>
</LocList>
<BasicStmnt CovItemId="S53" CovItemPrefix="my.PSM.unitTestPSM.DBConnectionTest.java" Intrnl_Id="1019">
<LocList>
<Loc EndOffset="2780" SrcFileId="6" StartOffset="2759"/>
</LocList>
</BasicStmnt>
<BasicStmnt CovItemId="S54" CovItemPrefix="my.PSM.unitTestPSM.DBConnectionTest.java" Intrnl_Id="1020">
<LocList>
<Loc EndOffset="2813" SrcFileId="6" StartOffset="2784"/>
</LocList>
</BasicStmnt>
<CondStmnt CovItemId="S55" CovItemPrefix="my.PSM.unitTestPSM.DBConnectionTest.java" Intrnl_Id="1021">
<Branch CovItemId="B15" CovItemPrefix="my.PSM.unitTestPSM.DBConnectionTest.java" Implct="false" Intrnl_Id="1022">
<Cond/>
<LocList>
<Loc EndOffset="2912" SrcFileId="6" StartOffset="2889"/>
</LocList>
<StmntSeq Intrnl_Id="1023">
<LocList>
<Loc EndOffset="2907" SrcFileId="6" StartOffset="2895"/>
</LocList>
<BasicStmnt CovItemId="S56" CovItemPrefix="my.PSM.unitTestPSM.DBConnectionTest.java" Intrnl_Id="1024">
<LocList>
<Loc EndOffset="2907" SrcFileId="6" StartOffset="2895"/>
</LocList>
</BasicStmnt>
</StmntSeq>
</Branch>
<Branch CovItemId="B16" CovItemPrefix="my.PSM.unitTestPSM.DBConnectionTest.java" Implct="false" Intrnl_Id="1025">
<Cond>
<Loc EndOffset="2917" SrcFileId="6" StartOffset="2913"/>
</Cond>
<LocList>
<Loc EndOffset="2931" SrcFileId="6" StartOffset="2918"/>
</LocList>
<StmntSeq Intrnl_Id="1026">
<LocList>
<Loc EndOffset="2931" SrcFileId="6" StartOffset="2918"/>
</LocList>
<BasicStmnt CovItemId="S57" CovItemPrefix="my.PSM.unitTestPSM.DBConnectionTest.java" Intrnl_Id="1027">
<LocList>
<Loc EndOffset="2931" SrcFileId="6" StartOffset="2918"/>
</LocList>
</BasicStmnt>
</StmntSeq>
</Branch>
<Keyword EndOffset="2833" SrcFileId="6" StartOffset="2831"/>
<LocList>
<Loc EndOffset="2931" SrcFileId="6" StartOffset="2831"/>
</LocList>
<RootTerm CovItemId="C9" CovItemPrefix="my.PSM.unitTestPSM.DBConnectionTest.java" Intrnl_Id="1028">
<BasicBoolTerm Intrnl_Id="1029">
<LocList>
<Loc EndOffset="2888" SrcFileId="6" StartOffset="2835"/>
</LocList>
</BasicBoolTerm>
</RootTerm>
</CondStmnt>
<BasicStmnt CovItemId="S58" CovItemPrefix="my.PSM.unitTestPSM.DBConnectionTest.java" Intrnl_Id="1030">
<LocList>
<Loc EndOffset="2959" SrcFileId="6" StartOffset="2935"/>
</LocList>
</BasicStmnt>
</StmntSeq>
</HierarchyLvl>
<HierarchyLvl HierarchyLvlId="14332" HierarchyLvlTypeId="31" Intrnl_Id="1031" Name="testFetchCourseEnd">
<Header>
<Loc EndOffset="3008" SrcFileId="6" StartOffset="2968"/>
</Header>
<LocList>
<Loc EndOffset="3212" SrcFileId="6" StartOffset="2968"/>
</LocList>
<StmntSeq Intrnl_Id="1032">
<LocList>
<Loc EndOffset="3035" SrcFileId="6" StartOffset="3014"/>
<Loc EndOffset="3066" SrcFileId="6" StartOffset="3039"/>
<Loc EndOffset="3180" SrcFileId="6" StartOffset="3084"/>
<Loc EndOffset="3208" SrcFileId="6" StartOffset="3184"/>
</LocList>
<BasicStmnt CovItemId="S59" CovItemPrefix="my.PSM.unitTestPSM.DBConnectionTest.java" Intrnl_Id="1033">
<LocList>
<Loc EndOffset="3035" SrcFileId="6" StartOffset="3014"/>
</LocList>
</BasicStmnt>
<BasicStmnt CovItemId="S60" CovItemPrefix="my.PSM.unitTestPSM.DBConnectionTest.java" Intrnl_Id="1034">
<LocList>
<Loc EndOffset="3066" SrcFileId="6" StartOffset="3039"/>
</LocList>
</BasicStmnt>
<CondStmnt CovItemId="S61" CovItemPrefix="my.PSM.unitTestPSM.DBConnectionTest.java" Intrnl_Id="1035">
<Branch CovItemId="B17" CovItemPrefix="my.PSM.unitTestPSM.DBConnectionTest.java" Implct="false" Intrnl_Id="1036">
<Cond/>
<LocList>
<Loc EndOffset="3161" SrcFileId="6" StartOffset="3138"/>
</LocList>
<StmntSeq Intrnl_Id="1037">
<LocList>
<Loc EndOffset="3156" SrcFileId="6" StartOffset="3144"/>
</LocList>
<BasicStmnt CovItemId="S62" CovItemPrefix="my.PSM.unitTestPSM.DBConnectionTest.java" Intrnl_Id="1038">
<LocList>
<Loc EndOffset="3156" SrcFileId="6" StartOffset="3144"/>
</LocList>
</BasicStmnt>
</StmntSeq>
</Branch>
<Branch CovItemId="B18" CovItemPrefix="my.PSM.unitTestPSM.DBConnectionTest.java" Implct="false" Intrnl_Id="1039">
<Cond>
<Loc EndOffset="3166" SrcFileId="6" StartOffset="3162"/>
</Cond>
<LocList>
<Loc EndOffset="3180" SrcFileId="6" StartOffset="3167"/>
</LocList>
<StmntSeq Intrnl_Id="1040">
<LocList>
<Loc EndOffset="3180" SrcFileId="6" StartOffset="3167"/>
</LocList>
<BasicStmnt CovItemId="S63" CovItemPrefix="my.PSM.unitTestPSM.DBConnectionTest.java" Intrnl_Id="1041">
<LocList>
<Loc EndOffset="3180" SrcFileId="6" StartOffset="3167"/>
</LocList>
</BasicStmnt>
</StmntSeq>
</Branch>
<Keyword EndOffset="3086" SrcFileId="6" StartOffset="3084"/>
<LocList>
<Loc EndOffset="3180" SrcFileId="6" StartOffset="3084"/>
</LocList>
<RootTerm CovItemId="C10" CovItemPrefix="my.PSM.unitTestPSM.DBConnectionTest.java" Intrnl_Id="1042">
<BasicBoolTerm Intrnl_Id="1043">
<LocList>
<Loc EndOffset="3137" SrcFileId="6" StartOffset="3088"/>
</LocList>
</BasicBoolTerm>
</RootTerm>
</CondStmnt>
<BasicStmnt CovItemId="S64" CovItemPrefix="my.PSM.unitTestPSM.DBConnectionTest.java" Intrnl_Id="1044">
<LocList>
<Loc EndOffset="3208" SrcFileId="6" StartOffset="3184"/>
</LocList>
</BasicStmnt>
</StmntSeq>
</HierarchyLvl>
<HierarchyLvl HierarchyLvlId="14333" HierarchyLvlTypeId="31" Intrnl_Id="1045" Name="testFetchStartMon">
<Header>
<Loc EndOffset="3256" SrcFileId="6" StartOffset="3217"/>
</Header>
<LocList>
<Loc EndOffset="3458" SrcFileId="6" StartOffset="3217"/>
</LocList>
<StmntSeq Intrnl_Id="1046">
<LocList>
<Loc EndOffset="3283" SrcFileId="6" StartOffset="3262"/>
<Loc EndOffset="3312" SrcFileId="6" StartOffset="3287"/>
<Loc EndOffset="3426" SrcFileId="6" StartOffset="3330"/>
<Loc EndOffset="3454" SrcFileId="6" StartOffset="3430"/>
</LocList>
<BasicStmnt CovItemId="S65" CovItemPrefix="my.PSM.unitTestPSM.DBConnectionTest.java" Intrnl_Id="1047">
<LocList>
<Loc EndOffset="3283" SrcFileId="6" StartOffset="3262"/>
</LocList>
</BasicStmnt>
<BasicStmnt CovItemId="S66" CovItemPrefix="my.PSM.unitTestPSM.DBConnectionTest.java" Intrnl_Id="1048">
<LocList>
<Loc EndOffset="3312" SrcFileId="6" StartOffset="3287"/>
</LocList>
</BasicStmnt>
<CondStmnt CovItemId="S67" CovItemPrefix="my.PSM.unitTestPSM.DBConnectionTest.java" Intrnl_Id="1049">
<Branch CovItemId="B19" CovItemPrefix="my.PSM.unitTestPSM.DBConnectionTest.java" Implct="false" Intrnl_Id="1050">
<Cond/>
<LocList>
<Loc EndOffset="3407" SrcFileId="6" StartOffset="3384"/>
</LocList>
<StmntSeq Intrnl_Id="1051">
<LocList>
<Loc EndOffset="3402" SrcFileId="6" StartOffset="3390"/>
</LocList>
<BasicStmnt CovItemId="S68" CovItemPrefix="my.PSM.unitTestPSM.DBConnectionTest.java" Intrnl_Id="1052">
<LocList>
<Loc EndOffset="3402" SrcFileId="6" StartOffset="3390"/>
</LocList>
</BasicStmnt>
</StmntSeq>
</Branch>
<Branch CovItemId="B20" CovItemPrefix="my.PSM.unitTestPSM.DBConnectionTest.java" Implct="false" Intrnl_Id="1053">
<Cond>
<Loc EndOffset="3412" SrcFileId="6" StartOffset="3408"/>
</Cond>
<LocList>
<Loc EndOffset="3426" SrcFileId="6" StartOffset="3413"/>
</LocList>
<StmntSeq Intrnl_Id="1054">
<LocList>
<Loc EndOffset="3426" SrcFileId="6" StartOffset="3413"/>
</LocList>
<BasicStmnt CovItemId="S69" CovItemPrefix="my.PSM.unitTestPSM.DBConnectionTest.java" Intrnl_Id="1055">
<LocList>
<Loc EndOffset="3426" SrcFileId="6" StartOffset="3413"/>
</LocList>
</BasicStmnt>
</StmntSeq>
</Branch>
<Keyword EndOffset="3332" SrcFileId="6" StartOffset="3330"/>
<LocList>
<Loc EndOffset="3426" SrcFileId="6" StartOffset="3330"/>
</LocList>
<RootTerm CovItemId="C11" CovItemPrefix="my.PSM.unitTestPSM.DBConnectionTest.java" Intrnl_Id="1056">
<BasicBoolTerm Intrnl_Id="1057">
<LocList>
<Loc EndOffset="3383" SrcFileId="6" StartOffset="3334"/>
</LocList>
</BasicBoolTerm>
</RootTerm>
</CondStmnt>
<BasicStmnt CovItemId="S70" CovItemPrefix="my.PSM.unitTestPSM.DBConnectionTest.java" Intrnl_Id="1058">
<LocList>
<Loc EndOffset="3454" SrcFileId="6" StartOffset="3430"/>
</LocList>
</BasicStmnt>
</StmntSeq>
</HierarchyLvl>
<HierarchyLvl HierarchyLvlId="14334" HierarchyLvlTypeId="31" Intrnl_Id="1059" Name="testFetchEndMon">
<Header>
<Loc EndOffset="3500" SrcFileId="6" StartOffset="3463"/>
</Header>
<LocList>
<Loc EndOffset="3696" SrcFileId="6" StartOffset="3463"/>
</LocList>
<StmntSeq Intrnl_Id="1060">
<LocList>
<Loc EndOffset="3527" SrcFileId="6" StartOffset="3506"/>
<Loc EndOffset="3554" SrcFileId="6" StartOffset="3531"/>
<Loc EndOffset="3664" SrcFileId="6" StartOffset="3572"/>
<Loc EndOffset="3692" SrcFileId="6" StartOffset="3668"/>
</LocList>
<BasicStmnt CovItemId="S71" CovItemPrefix="my.PSM.unitTestPSM.DBConnectionTest.java" Intrnl_Id="1061">
<LocList>
<Loc EndOffset="3527" SrcFileId="6" StartOffset="3506"/>
</LocList>
</BasicStmnt>
<BasicStmnt CovItemId="S72" CovItemPrefix="my.PSM.unitTestPSM.DBConnectionTest.java" Intrnl_Id="1062">
<LocList>
<Loc EndOffset="3554" SrcFileId="6" StartOffset="3531"/>
</LocList>
</BasicStmnt>
<CondStmnt CovItemId="S73" CovItemPrefix="my.PSM.unitTestPSM.DBConnectionTest.java" Intrnl_Id="1063">
<Branch CovItemId="B21" CovItemPrefix="my.PSM.unitTestPSM.DBConnectionTest.java" Implct="false" Intrnl_Id="1064">
<Cond/>
<LocList>
<Loc EndOffset="3645" SrcFileId="6" StartOffset="3622"/>
</LocList>
<StmntSeq Intrnl_Id="1065">
<LocList>
<Loc EndOffset="3640" SrcFileId="6" StartOffset="3628"/>
</LocList>
<BasicStmnt CovItemId="S74" CovItemPrefix="my.PSM.unitTestPSM.DBConnectionTest.java" Intrnl_Id="1066">
<LocList>
<Loc EndOffset="3640" SrcFileId="6" StartOffset="3628"/>
</LocList>
</BasicStmnt>
</StmntSeq>
</Branch>
<Branch CovItemId="B22" CovItemPrefix="my.PSM.unitTestPSM.DBConnectionTest.java" Implct="false" Intrnl_Id="1067">
<Cond>
<Loc EndOffset="3650" SrcFileId="6" StartOffset="3646"/>
</Cond>
<LocList>
<Loc EndOffset="3664" SrcFileId="6" StartOffset="3651"/>
</LocList>
<StmntSeq Intrnl_Id="1068">
<LocList>
<Loc EndOffset="3664" SrcFileId="6" StartOffset="3651"/>
</LocList>
<BasicStmnt CovItemId="S75" CovItemPrefix="my.PSM.unitTestPSM.DBConnectionTest.java" Intrnl_Id="1069">
<LocList>
<Loc EndOffset="3664" SrcFileId="6" StartOffset="3651"/>
</LocList>
</BasicStmnt>
</StmntSeq>
</Branch>
<Keyword EndOffset="3574" SrcFileId="6" StartOffset="3572"/>
<LocList>
<Loc EndOffset="3664" SrcFileId="6" StartOffset="3572"/>
</LocList>
<RootTerm CovItemId="C12" CovItemPrefix="my.PSM.unitTestPSM.DBConnectionTest.java" Intrnl_Id="1070">
<BasicBoolTerm Intrnl_Id="1071">
<LocList>
<Loc EndOffset="3621" SrcFileId="6" StartOffset="3576"/>
</LocList>
</BasicBoolTerm>
</RootTerm>
</CondStmnt>
<BasicStmnt CovItemId="S76" CovItemPrefix="my.PSM.unitTestPSM.DBConnectionTest.java" Intrnl_Id="1072">
<LocList>
<Loc EndOffset="3692" SrcFileId="6" StartOffset="3668"/>
</LocList>
</BasicStmnt>
</StmntSeq>
</HierarchyLvl>
<HierarchyLvl HierarchyLvlId="14335" HierarchyLvlTypeId="31" Intrnl_Id="1073" Name="testFetchStartTue">
<Header>
<Loc EndOffset="3740" SrcFileId="6" StartOffset="3701"/>
</Header>
<LocList>
<Loc EndOffset="3926" SrcFileId="6" StartOffset="3701"/>
</LocList>
<StmntSeq Intrnl_Id="1074">
<LocList>
<Loc EndOffset="3767" SrcFileId="6" StartOffset="3746"/>
<Loc EndOffset="3793" SrcFileId="6" StartOffset="3771"/>
<Loc EndOffset="3894" SrcFileId="6" StartOffset="3811"/>
<Loc EndOffset="3922" SrcFileId="6" StartOffset="3898"/>
</LocList>
<BasicStmnt CovItemId="S77" CovItemPrefix="my.PSM.unitTestPSM.DBConnectionTest.java" Intrnl_Id="1075">
<LocList>
<Loc EndOffset="3767" SrcFileId="6" StartOffset="3746"/>
</LocList>
</BasicStmnt>
<BasicStmnt CovItemId="S78" CovItemPrefix="my.PSM.unitTestPSM.DBConnectionTest.java" Intrnl_Id="1076">
<LocList>
<Loc EndOffset="3793" SrcFileId="6" StartOffset="3771"/>
</LocList>
</BasicStmnt>
<CondStmnt CovItemId="S79" CovItemPrefix="my.PSM.unitTestPSM.DBConnectionTest.java" Intrnl_Id="1077">
<Branch CovItemId="B23" CovItemPrefix="my.PSM.unitTestPSM.DBConnectionTest.java" Implct="false" Intrnl_Id="1078">
<Cond/>
<LocList>
<Loc EndOffset="3875" SrcFileId="6" StartOffset="3852"/>
</LocList>
<StmntSeq Intrnl_Id="1079">
<LocList>
<Loc EndOffset="3870" SrcFileId="6" StartOffset="3858"/>
</LocList>
<BasicStmnt CovItemId="S80" CovItemPrefix="my.PSM.unitTestPSM.DBConnectionTest.java" Intrnl_Id="1080">
<LocList>
<Loc EndOffset="3870" SrcFileId="6" StartOffset="3858"/>
</LocList>
</BasicStmnt>
</StmntSeq>
</Branch>
<Branch CovItemId="B24" CovItemPrefix="my.PSM.unitTestPSM.DBConnectionTest.java" Implct="false" Intrnl_Id="1081">
<Cond>
<Loc EndOffset="3880" SrcFileId="6" StartOffset="3876"/>
</Cond>
<LocList>
<Loc EndOffset="3894" SrcFileId="6" StartOffset="3881"/>
</LocList>
<StmntSeq Intrnl_Id="1082">
<LocList>
<Loc EndOffset="3894" SrcFileId="6" StartOffset="3881"/>
</LocList>
<BasicStmnt CovItemId="S81" CovItemPrefix="my.PSM.unitTestPSM.DBConnectionTest.java" Intrnl_Id="1083">
<LocList>
<Loc EndOffset="3894" SrcFileId="6" StartOffset="3881"/>
</LocList>
</BasicStmnt>
</StmntSeq>
</Branch>
<Keyword EndOffset="3813" SrcFileId="6" StartOffset="3811"/>
<LocList>
<Loc EndOffset="3894" SrcFileId="6" StartOffset="3811"/>
</LocList>
<RootTerm CovItemId="C13" CovItemPrefix="my.PSM.unitTestPSM.DBConnectionTest.java" Intrnl_Id="1084">
<BasicBoolTerm Intrnl_Id="1085">
<LocList>
<Loc EndOffset="3851" SrcFileId="6" StartOffset="3815"/>
</LocList>
</BasicBoolTerm>
</RootTerm>
</CondStmnt>
<BasicStmnt CovItemId="S82" CovItemPrefix="my.PSM.unitTestPSM.DBConnectionTest.java" Intrnl_Id="1086">
<LocList>
<Loc EndOffset="3922" SrcFileId="6" StartOffset="3898"/>
</LocList>
</BasicStmnt>
</StmntSeq>
</HierarchyLvl>
<HierarchyLvl HierarchyLvlId="14336" HierarchyLvlTypeId="31" Intrnl_Id="1087" Name="testFetchEndTue">
<Header>
<Loc EndOffset="3968" SrcFileId="6" StartOffset="3931"/>
</Header>
<LocList>
<Loc EndOffset="4148" SrcFileId="6" StartOffset="3931"/>
</LocList>
<StmntSeq Intrnl_Id="1088">
<LocList>
<Loc EndOffset="3995" SrcFileId="6" StartOffset="3974"/>
<Loc EndOffset="4019" SrcFileId="6" StartOffset="3999"/>
<Loc EndOffset="4116" SrcFileId="6" StartOffset="4037"/>
<Loc EndOffset="4144" SrcFileId="6" StartOffset="4120"/>
</LocList>
<BasicStmnt CovItemId="S83" CovItemPrefix="my.PSM.unitTestPSM.DBConnectionTest.java" Intrnl_Id="1089">
<LocList>
<Loc EndOffset="3995" SrcFileId="6" StartOffset="3974"/>
</LocList>
</BasicStmnt>
<BasicStmnt CovItemId="S84" CovItemPrefix="my.PSM.unitTestPSM.DBConnectionTest.java" Intrnl_Id="1090">
<LocList>
<Loc EndOffset="4019" SrcFileId="6" StartOffset="3999"/>
</LocList>
</BasicStmnt>
<CondStmnt CovItemId="S85" CovItemPrefix="my.PSM.unitTestPSM.DBConnectionTest.java" Intrnl_Id="1091">
<Branch CovItemId="B25" CovItemPrefix="my.PSM.unitTestPSM.DBConnectionTest.java" Implct="false" Intrnl_Id="1092">
<Cond/>
<LocList>
<Loc EndOffset="4097" SrcFileId="6" StartOffset="4074"/>
</LocList>
<StmntSeq Intrnl_Id="1093">
<LocList>
<Loc EndOffset="4092" SrcFileId="6" StartOffset="4080"/>
</LocList>
<BasicStmnt CovItemId="S86" CovItemPrefix="my.PSM.unitTestPSM.DBConnectionTest.java" Intrnl_Id="1094">
<LocList>
<Loc EndOffset="4092" SrcFileId="6" StartOffset="4080"/>
</LocList>
</BasicStmnt>
</StmntSeq>
</Branch>
<Branch CovItemId="B26" CovItemPrefix="my.PSM.unitTestPSM.DBConnectionTest.java" Implct="false" Intrnl_Id="1095">
<Cond>
<Loc EndOffset="4102" SrcFileId="6" StartOffset="4098"/>
</Cond>
<LocList>
<Loc EndOffset="4116" SrcFileId="6" StartOffset="4103"/>
</LocList>
<StmntSeq Intrnl_Id="1096">
<LocList>
<Loc EndOffset="4116" SrcFileId="6" StartOffset="4103"/>
</LocList>
<BasicStmnt CovItemId="S87" CovItemPrefix="my.PSM.unitTestPSM.DBConnectionTest.java" Intrnl_Id="1097">
<LocList>
<Loc EndOffset="4116" SrcFileId="6" StartOffset="4103"/>
</LocList>
</BasicStmnt>
</StmntSeq>
</Branch>
<Keyword EndOffset="4039" SrcFileId="6" StartOffset="4037"/>
<LocList>
<Loc EndOffset="4116" SrcFileId="6" StartOffset="4037"/>
</LocList>
<RootTerm CovItemId="C14" CovItemPrefix="my.PSM.unitTestPSM.DBConnectionTest.java" Intrnl_Id="1098">
<BasicBoolTerm Intrnl_Id="1099">
<LocList>
<Loc EndOffset="4073" SrcFileId="6" StartOffset="4041"/>
</LocList>
</BasicBoolTerm>
</RootTerm>
</CondStmnt>
<BasicStmnt CovItemId="S88" CovItemPrefix="my.PSM.unitTestPSM.DBConnectionTest.java" Intrnl_Id="1100">
<LocList>
<Loc EndOffset="4144" SrcFileId="6" StartOffset="4120"/>
</LocList>
</BasicStmnt>
</StmntSeq>
</HierarchyLvl>
<HierarchyLvl HierarchyLvlId="14337" HierarchyLvlTypeId="31" Intrnl_Id="1101" Name="testFetchStartWed">
<Header>
<Loc EndOffset="4192" SrcFileId="6" StartOffset="4153"/>
</Header>
<LocList>
<Loc EndOffset="4394" SrcFileId="6" StartOffset="4153"/>
</LocList>
<StmntSeq Intrnl_Id="1102">
<LocList>
<Loc EndOffset="4219" SrcFileId="6" StartOffset="4198"/>
<Loc EndOffset="4248" SrcFileId="6" StartOffset="4223"/>
<Loc EndOffset="4362" SrcFileId="6" StartOffset="4266"/>
<Loc EndOffset="4390" SrcFileId="6" StartOffset="4366"/>
</LocList>
<BasicStmnt CovItemId="S89" CovItemPrefix="my.PSM.unitTestPSM.DBConnectionTest.java" Intrnl_Id="1103">
<LocList>
<Loc EndOffset="4219" SrcFileId="6" StartOffset="4198"/>
</LocList>
</BasicStmnt>
<BasicStmnt CovItemId="S90" CovItemPrefix="my.PSM.unitTestPSM.DBConnectionTest.java" Intrnl_Id="1104">
<LocList>
<Loc EndOffset="4248" SrcFileId="6" StartOffset="4223"/>
</LocList>
</BasicStmnt>
<CondStmnt CovItemId="S91" CovItemPrefix="my.PSM.unitTestPSM.DBConnectionTest.java" Intrnl_Id="1105">
<Branch CovItemId="B27" CovItemPrefix="my.PSM.unitTestPSM.DBConnectionTest.java" Implct="false" Intrnl_Id="1106">
<Cond/>
<LocList>
<Loc EndOffset="4343" SrcFileId="6" StartOffset="4320"/>
</LocList>
<StmntSeq Intrnl_Id="1107">
<LocList>
<Loc EndOffset="4338" SrcFileId="6" StartOffset="4326"/>
</LocList>
<BasicStmnt CovItemId="S92" CovItemPrefix="my.PSM.unitTestPSM.DBConnectionTest.java" Intrnl_Id="1108">
<LocList>
<Loc EndOffset="4338" SrcFileId="6" StartOffset="4326"/>
</LocList>
</BasicStmnt>
</StmntSeq>
</Branch>
<Branch CovItemId="B28" CovItemPrefix="my.PSM.unitTestPSM.DBConnectionTest.java" Implct="false" Intrnl_Id="1109">
<Cond>
<Loc EndOffset="4348" SrcFileId="6" StartOffset="4344"/>
</Cond>
<LocList>
<Loc EndOffset="4362" SrcFileId="6" StartOffset="4349"/>
</LocList>
<StmntSeq Intrnl_Id="1110">
<LocList>
<Loc EndOffset="4362" SrcFileId="6" StartOffset="4349"/>
</LocList>
<BasicStmnt CovItemId="S93" CovItemPrefix="my.PSM.unitTestPSM.DBConnectionTest.java" Intrnl_Id="1111">
<LocList>
<Loc EndOffset="4362" SrcFileId="6" StartOffset="4349"/>
</LocList>
</BasicStmnt>
</StmntSeq>
</Branch>
<Keyword EndOffset="4268" SrcFileId="6" StartOffset="4266"/>
<LocList>
<Loc EndOffset="4362" SrcFileId="6" StartOffset="4266"/>
</LocList>
<RootTerm CovItemId="C15" CovItemPrefix="my.PSM.unitTestPSM.DBConnectionTest.java" Intrnl_Id="1112">
<BasicBoolTerm Intrnl_Id="1113">
<LocList>
<Loc EndOffset="4319" SrcFileId="6" StartOffset="4270"/>
</LocList>
</BasicBoolTerm>
</RootTerm>
</CondStmnt>
<BasicStmnt CovItemId="S94" CovItemPrefix="my.PSM.unitTestPSM.DBConnectionTest.java" Intrnl_Id="1114">
<LocList>
<Loc EndOffset="4390" SrcFileId="6" StartOffset="4366"/>
</LocList>
</BasicStmnt>
</StmntSeq>
</HierarchyLvl>
<HierarchyLvl HierarchyLvlId="14338" HierarchyLvlTypeId="31" Intrnl_Id="1115" Name="testFetchEndWed">
<Header>
<Loc EndOffset="4436" SrcFileId="6" StartOffset="4399"/>
</Header>
<LocList>
<Loc EndOffset="4632" SrcFileId="6" StartOffset="4399"/>
</LocList>
<StmntSeq Intrnl_Id="1116">
<LocList>
<Loc EndOffset="4463" SrcFileId="6" StartOffset="4442"/>
<Loc EndOffset="4490" SrcFileId="6" StartOffset="4467"/>
<Loc EndOffset="4600" SrcFileId="6" StartOffset="4508"/>
<Loc EndOffset="4628" SrcFileId="6" StartOffset="4604"/>
</LocList>
<BasicStmnt CovItemId="S95" CovItemPrefix="my.PSM.unitTestPSM.DBConnectionTest.java" Intrnl_Id="1117">
<LocList>
<Loc EndOffset="4463" SrcFileId="6" StartOffset="4442"/>
</LocList>
</BasicStmnt>
<BasicStmnt CovItemId="S96" CovItemPrefix="my.PSM.unitTestPSM.DBConnectionTest.java" Intrnl_Id="1118">
<LocList>
<Loc EndOffset="4490" SrcFileId="6" StartOffset="4467"/>
</LocList>
</BasicStmnt>
<CondStmnt CovItemId="S97" CovItemPrefix="my.PSM.unitTestPSM.DBConnectionTest.java" Intrnl_Id="1119">
<Branch CovItemId="B29" CovItemPrefix="my.PSM.unitTestPSM.DBConnectionTest.java" Implct="false" Intrnl_Id="1120">
<Cond/>
<LocList>
<Loc EndOffset="4581" SrcFileId="6" StartOffset="4558"/>
</LocList>
<StmntSeq Intrnl_Id="1121">
<LocList>
<Loc EndOffset="4576" SrcFileId="6" StartOffset="4564"/>
</LocList>
<BasicStmnt CovItemId="S98" CovItemPrefix="my.PSM.unitTestPSM.DBConnectionTest.java" Intrnl_Id="1122">
<LocList>
<Loc EndOffset="4576" SrcFileId="6" StartOffset="4564"/>
</LocList>
</BasicStmnt>
</StmntSeq>
</Branch>
<Branch CovItemId="B30" CovItemPrefix="my.PSM.unitTestPSM.DBConnectionTest.java" Implct="false" Intrnl_Id="1123">
<Cond>
<Loc EndOffset="4586" SrcFileId="6" StartOffset="4582"/>
</Cond>
<LocList>
<Loc EndOffset="4600" SrcFileId="6" StartOffset="4587"/>
</LocList>
<StmntSeq Intrnl_Id="1124">
<LocList>
<Loc EndOffset="4600" SrcFileId="6" StartOffset="4587"/>
</LocList>
<BasicStmnt CovItemId="S99" CovItemPrefix="my.PSM.unitTestPSM.DBConnectionTest.java" Intrnl_Id="1125">
<LocList>
<Loc EndOffset="4600" SrcFileId="6" StartOffset="4587"/>
</LocList>
</BasicStmnt>
</StmntSeq>
</Branch>
<Keyword EndOffset="4510" SrcFileId="6" StartOffset="4508"/>
<LocList>
<Loc EndOffset="4600" SrcFileId="6" StartOffset="4508"/>
</LocList>
<RootTerm CovItemId="C16" CovItemPrefix="my.PSM.unitTestPSM.DBConnectionTest.java" Intrnl_Id="1126">
<BasicBoolTerm Intrnl_Id="1127">
<LocList>
<Loc EndOffset="4557" SrcFileId="6" StartOffset="4512"/>
</LocList>
</BasicBoolTerm>
</RootTerm>
</CondStmnt>
<BasicStmnt CovItemId="S100" CovItemPrefix="my.PSM.unitTestPSM.DBConnectionTest.java" Intrnl_Id="1128">
<LocList>
<Loc EndOffset="4628" SrcFileId="6" StartOffset="4604"/>
</LocList>
</BasicStmnt>
</StmntSeq>
</HierarchyLvl>
<HierarchyLvl HierarchyLvlId="14339" HierarchyLvlTypeId="31" Intrnl_Id="1129" Name="testFetchStartThu">
<Header>
<Loc EndOffset="4676" SrcFileId="6" StartOffset="4637"/>
</Header>
<LocList>
<Loc EndOffset="4862" SrcFileId="6" StartOffset="4637"/>
</LocList>
<StmntSeq Intrnl_Id="1130">
<LocList>
<Loc EndOffset="4703" SrcFileId="6" StartOffset="4682"/>
<Loc EndOffset="4729" SrcFileId="6" StartOffset="4707"/>
<Loc EndOffset="4830" SrcFileId="6" StartOffset="4747"/>
<Loc EndOffset="4858" SrcFileId="6" StartOffset="4834"/>
</LocList>
<BasicStmnt CovItemId="S101" CovItemPrefix="my.PSM.unitTestPSM.DBConnectionTest.java" Intrnl_Id="1131">
<LocList>
<Loc EndOffset="4703" SrcFileId="6" StartOffset="4682"/>
</LocList>
</BasicStmnt>
<BasicStmnt CovItemId="S102" CovItemPrefix="my.PSM.unitTestPSM.DBConnectionTest.java" Intrnl_Id="1132">
<LocList>
<Loc EndOffset="4729" SrcFileId="6" StartOffset="4707"/>
</LocList>
</BasicStmnt>
<CondStmnt CovItemId="S103" CovItemPrefix="my.PSM.unitTestPSM.DBConnectionTest.java" Intrnl_Id="1133">
<Branch CovItemId="B31" CovItemPrefix="my.PSM.unitTestPSM.DBConnectionTest.java" Implct="false" Intrnl_Id="1134">
<Cond/>
<LocList>
<Loc EndOffset="4811" SrcFileId="6" StartOffset="4788"/>
</LocList>
<StmntSeq Intrnl_Id="1135">
<LocList>
<Loc EndOffset="4806" SrcFileId="6" StartOffset="4794"/>
</LocList>
<BasicStmnt CovItemId="S104" CovItemPrefix="my.PSM.unitTestPSM.DBConnectionTest.java" Intrnl_Id="1136">
<LocList>
<Loc EndOffset="4806" SrcFileId="6" StartOffset="4794"/>
</LocList>
</BasicStmnt>
</StmntSeq>
</Branch>
<Branch CovItemId="B32" CovItemPrefix="my.PSM.unitTestPSM.DBConnectionTest.java" Implct="false" Intrnl_Id="1137">
<Cond>
<Loc EndOffset="4816" SrcFileId="6" StartOffset="4812"/>
</Cond>
<LocList>
<Loc EndOffset="4830" SrcFileId="6" StartOffset="4817"/>
</LocList>
<StmntSeq Intrnl_Id="1138">
<LocList>
<Loc EndOffset="4830" SrcFileId="6" StartOffset="4817"/>
</LocList>
<BasicStmnt CovItemId="S105" CovItemPrefix="my.PSM.unitTestPSM.DBConnectionTest.java" Intrnl_Id="1139">
<LocList>
<Loc EndOffset="4830" SrcFileId="6" StartOffset="4817"/>
</LocList>
</BasicStmnt>
</StmntSeq>
</Branch>
<Keyword EndOffset="4749" SrcFileId="6" StartOffset="4747"/>
<LocList>
<Loc EndOffset="4830" SrcFileId="6" StartOffset="4747"/>
</LocList>
<RootTerm CovItemId="C17" CovItemPrefix="my.PSM.unitTestPSM.DBConnectionTest.java" Intrnl_Id="1140">
<BasicBoolTerm Intrnl_Id="1141">
<LocList>
<Loc EndOffset="4787" SrcFileId="6" StartOffset="4751"/>
</LocList>
</BasicBoolTerm>
</RootTerm>
</CondStmnt>
<BasicStmnt CovItemId="S106" CovItemPrefix="my.PSM.unitTestPSM.DBConnectionTest.java" Intrnl_Id="1142">
<LocList>
<Loc EndOffset="4858" SrcFileId="6" StartOffset="4834"/>
</LocList>
</BasicStmnt>
</StmntSeq>
</HierarchyLvl>
<HierarchyLvl HierarchyLvlId="14340" HierarchyLvlTypeId="31" Intrnl_Id="1143" Name="testFetchEndThu">
<Header>
<Loc EndOffset="4904" SrcFileId="6" StartOffset="4867"/>
</Header>
<LocList>
<Loc EndOffset="5084" SrcFileId="6" StartOffset="4867"/>
</LocList>
<StmntSeq Intrnl_Id="1144">
<LocList>
<Loc EndOffset="4931" SrcFileId="6" StartOffset="4910"/>
<Loc EndOffset="4955" SrcFileId="6" StartOffset="4935"/>
<Loc EndOffset="5052" SrcFileId="6" StartOffset="4973"/>
<Loc EndOffset="5080" SrcFileId="6" StartOffset="5056"/>
</LocList>
<BasicStmnt CovItemId="S107" CovItemPrefix="my.PSM.unitTestPSM.DBConnectionTest.java" Intrnl_Id="1145">
<LocList>
<Loc EndOffset="4931" SrcFileId="6" StartOffset="4910"/>
</LocList>
</BasicStmnt>
<BasicStmnt CovItemId="S108" CovItemPrefix="my.PSM.unitTestPSM.DBConnectionTest.java" Intrnl_Id="1146">
<LocList>
<Loc EndOffset="4955" SrcFileId="6" StartOffset="4935"/>
</LocList>
</BasicStmnt>
<CondStmnt CovItemId="S109" CovItemPrefix="my.PSM.unitTestPSM.DBConnectionTest.java" Intrnl_Id="1147">
<Branch CovItemId="B33" CovItemPrefix="my.PSM.unitTestPSM.DBConnectionTest.java" Implct="false" Intrnl_Id="1148">
<Cond/>
<LocList>
<Loc EndOffset="5033" SrcFileId="6" StartOffset="5010"/>
</LocList>
<StmntSeq Intrnl_Id="1149">
<LocList>
<Loc EndOffset="5028" SrcFileId="6" StartOffset="5016"/>
</LocList>
<BasicStmnt CovItemId="S110" CovItemPrefix="my.PSM.unitTestPSM.DBConnectionTest.java" Intrnl_Id="1150">
<LocList>
<Loc EndOffset="5028" SrcFileId="6" StartOffset="5016"/>
</LocList>
</BasicStmnt>
</StmntSeq>
</Branch>
<Branch CovItemId="B34" CovItemPrefix="my.PSM.unitTestPSM.DBConnectionTest.java" Implct="false" Intrnl_Id="1151">
<Cond>
<Loc EndOffset="5038" SrcFileId="6" StartOffset="5034"/>
</Cond>
<LocList>
<Loc EndOffset="5052" SrcFileId="6" StartOffset="5039"/>
</LocList>
<StmntSeq Intrnl_Id="1152">
<LocList>
<Loc EndOffset="5052" SrcFileId="6" StartOffset="5039"/>
</LocList>
<BasicStmnt CovItemId="S111" CovItemPrefix="my.PSM.unitTestPSM.DBConnectionTest.java" Intrnl_Id="1153">
<LocList>
<Loc EndOffset="5052" SrcFileId="6" StartOffset="5039"/>
</LocList>
</BasicStmnt>
</StmntSeq>
</Branch>
<Keyword EndOffset="4975" SrcFileId="6" StartOffset="4973"/>
<LocList>
<Loc EndOffset="5052" SrcFileId="6" StartOffset="4973"/>
</LocList>
<RootTerm CovItemId="C18" CovItemPrefix="my.PSM.unitTestPSM.DBConnectionTest.java" Intrnl_Id="1154">
<BasicBoolTerm Intrnl_Id="1155">
<LocList>
<Loc EndOffset="5009" SrcFileId="6" StartOffset="4977"/>
</LocList>
</BasicBoolTerm>
</RootTerm>
</CondStmnt>
<BasicStmnt CovItemId="S112" CovItemPrefix="my.PSM.unitTestPSM.DBConnectionTest.java" Intrnl_Id="1156">
<LocList>
<Loc EndOffset="5080" SrcFileId="6" StartOffset="5056"/>
</LocList>
</BasicStmnt>
</StmntSeq>
</HierarchyLvl>
<HierarchyLvl HierarchyLvlId="14341" HierarchyLvlTypeId="31" Intrnl_Id="1157" Name="testFetchStartFri">
<Header>
<Loc EndOffset="5128" SrcFileId="6" StartOffset="5089"/>
</Header>
<LocList>
<Loc EndOffset="5330" SrcFileId="6" StartOffset="5089"/>
</LocList>
<StmntSeq Intrnl_Id="1158">
<LocList>
<Loc EndOffset="5155" SrcFileId="6" StartOffset="5134"/>
<Loc EndOffset="5184" SrcFileId="6" StartOffset="5159"/>
<Loc EndOffset="5298" SrcFileId="6" StartOffset="5202"/>
<Loc EndOffset="5326" SrcFileId="6" StartOffset="5302"/>
</LocList>
<BasicStmnt CovItemId="S113" CovItemPrefix="my.PSM.unitTestPSM.DBConnectionTest.java" Intrnl_Id="1159">
<LocList>
<Loc EndOffset="5155" SrcFileId="6" StartOffset="5134"/>
</LocList>
</BasicStmnt>
<BasicStmnt CovItemId="S114" CovItemPrefix="my.PSM.unitTestPSM.DBConnectionTest.java" Intrnl_Id="1160">
<LocList>
<Loc EndOffset="5184" SrcFileId="6" StartOffset="5159"/>
</LocList>
</BasicStmnt>
<CondStmnt CovItemId="S115" CovItemPrefix="my.PSM.unitTestPSM.DBConnectionTest.java" Intrnl_Id="1161">
<Branch CovItemId="B35" CovItemPrefix="my.PSM.unitTestPSM.DBConnectionTest.java" Implct="false" Intrnl_Id="1162">
<Cond/>
<LocList>
<Loc EndOffset="5279" SrcFileId="6" StartOffset="5256"/>
</LocList>
<StmntSeq Intrnl_Id="1163">
<LocList>
<Loc EndOffset="5274" SrcFileId="6" StartOffset="5262"/>
</LocList>
<BasicStmnt CovItemId="S116" CovItemPrefix="my.PSM.unitTestPSM.DBConnectionTest.java" Intrnl_Id="1164">
<LocList>
<Loc EndOffset="5274" SrcFileId="6" StartOffset="5262"/>
</LocList>
</BasicStmnt>
</StmntSeq>
</Branch>
<Branch CovItemId="B36" CovItemPrefix="my.PSM.unitTestPSM.DBConnectionTest.java" Implct="false" Intrnl_Id="1165">
<Cond>
<Loc EndOffset="5284" SrcFileId="6" StartOffset="5280"/>
</Cond>
<LocList>
<Loc EndOffset="5298" SrcFileId="6" StartOffset="5285"/>
</LocList>
<StmntSeq Intrnl_Id="1166">
<LocList>
<Loc EndOffset="5298" SrcFileId="6" StartOffset="5285"/>
</LocList>
<BasicStmnt CovItemId="S117" CovItemPrefix="my.PSM.unitTestPSM.DBConnectionTest.java" Intrnl_Id="1167">
<LocList>
<Loc EndOffset="5298" SrcFileId="6" StartOffset="5285"/>
</LocList>
</BasicStmnt>
</StmntSeq>
</Branch>
<Keyword EndOffset="5204" SrcFileId="6" StartOffset="5202"/>
<LocList>
<Loc EndOffset="5298" SrcFileId="6" StartOffset="5202"/>
</LocList>
<RootTerm CovItemId="C19" CovItemPrefix="my.PSM.unitTestPSM.DBConnectionTest.java" Intrnl_Id="1168">
<BasicBoolTerm Intrnl_Id="1169">
<LocList>
<Loc EndOffset="5255" SrcFileId="6" StartOffset="5206"/>
</LocList>
</BasicBoolTerm>
</RootTerm>
</CondStmnt>
<BasicStmnt CovItemId="S118" CovItemPrefix="my.PSM.unitTestPSM.DBConnectionTest.java" Intrnl_Id="1170">
<LocList>
<Loc EndOffset="5326" SrcFileId="6" StartOffset="5302"/>
</LocList>
</BasicStmnt>
</StmntSeq>
</HierarchyLvl>
<HierarchyLvl HierarchyLvlId="14342" HierarchyLvlTypeId="31" Intrnl_Id="1171" Name="testFetchEndFri">
<Header>
<Loc EndOffset="5372" SrcFileId="6" StartOffset="5335"/>
</Header>
<LocList>
<Loc EndOffset="5568" SrcFileId="6" StartOffset="5335"/>
</LocList>
<StmntSeq Intrnl_Id="1172">
<LocList>
<Loc EndOffset="5399" SrcFileId="6" StartOffset="5378"/>
<Loc EndOffset="5426" SrcFileId="6" StartOffset="5403"/>
<Loc EndOffset="5536" SrcFileId="6" StartOffset="5444"/>
<Loc EndOffset="5564" SrcFileId="6" StartOffset="5540"/>
</LocList>
<BasicStmnt CovItemId="S119" CovItemPrefix="my.PSM.unitTestPSM.DBConnectionTest.java" Intrnl_Id="1173">
<LocList>
<Loc EndOffset="5399" SrcFileId="6" StartOffset="5378"/>
</LocList>
</BasicStmnt>
<BasicStmnt CovItemId="S120" CovItemPrefix="my.PSM.unitTestPSM.DBConnectionTest.java" Intrnl_Id="1174">
<LocList>
<Loc EndOffset="5426" SrcFileId="6" StartOffset="5403"/>
</LocList>
</BasicStmnt>
<CondStmnt CovItemId="S121" CovItemPrefix="my.PSM.unitTestPSM.DBConnectionTest.java" Intrnl_Id="1175">
<Branch CovItemId="B37" CovItemPrefix="my.PSM.unitTestPSM.DBConnectionTest.java" Implct="false" Intrnl_Id="1176">
<Cond/>
<LocList>
<Loc EndOffset="5517" SrcFileId="6" StartOffset="5494"/>
</LocList>
<StmntSeq Intrnl_Id="1177">
<LocList>
<Loc EndOffset="5512" SrcFileId="6" StartOffset="5500"/>
</LocList>
<BasicStmnt CovItemId="S122" CovItemPrefix="my.PSM.unitTestPSM.DBConnectionTest.java" Intrnl_Id="1178">
<LocList>
<Loc EndOffset="5512" SrcFileId="6" StartOffset="5500"/>
</LocList>
</BasicStmnt>
</StmntSeq>
</Branch>
<Branch CovItemId="B38" CovItemPrefix="my.PSM.unitTestPSM.DBConnectionTest.java" Implct="false" Intrnl_Id="1179">
<Cond>
<Loc EndOffset="5522" SrcFileId="6" StartOffset="5518"/>
</Cond>
<LocList>
<Loc EndOffset="5536" SrcFileId="6" StartOffset="5523"/>
</LocList>
<StmntSeq Intrnl_Id="1180">
<LocList>
<Loc EndOffset="5536" SrcFileId="6" StartOffset="5523"/>
</LocList>
<BasicStmnt CovItemId="S123" CovItemPrefix="my.PSM.unitTestPSM.DBConnectionTest.java" Intrnl_Id="1181">
<LocList>
<Loc EndOffset="5536" SrcFileId="6" StartOffset="5523"/>
</LocList>
</BasicStmnt>
</StmntSeq>
</Branch>
<Keyword EndOffset="5446" SrcFileId="6" StartOffset="5444"/>
<LocList>
<Loc EndOffset="5536" SrcFileId="6" StartOffset="5444"/>
</LocList>
<RootTerm CovItemId="C20" CovItemPrefix="my.PSM.unitTestPSM.DBConnectionTest.java" Intrnl_Id="1182">
<BasicBoolTerm Intrnl_Id="1183">
<LocList>
<Loc EndOffset="5493" SrcFileId="6" StartOffset="5448"/>
</LocList>
</BasicBoolTerm>
</RootTerm>
</CondStmnt>
<BasicStmnt CovItemId="S124" CovItemPrefix="my.PSM.unitTestPSM.DBConnectionTest.java" Intrnl_Id="1184">
<LocList>
<Loc EndOffset="5564" SrcFileId="6" StartOffset="5540"/>
</LocList>
</BasicStmnt>
</StmntSeq>
</HierarchyLvl>
<HierarchyLvl HierarchyLvlId="14343" HierarchyLvlTypeId="31" Intrnl_Id="1185" Name="testFetchStartSat">
<Header>
<Loc EndOffset="5612" SrcFileId="6" StartOffset="5573"/>
</Header>
<LocList>
<Loc EndOffset="5798" SrcFileId="6" StartOffset="5573"/>
</LocList>
<StmntSeq Intrnl_Id="1186">
<LocList>
<Loc EndOffset="5639" SrcFileId="6" StartOffset="5618"/>
<Loc EndOffset="5665" SrcFileId="6" StartOffset="5643"/>
<Loc EndOffset="5766" SrcFileId="6" StartOffset="5683"/>
<Loc EndOffset="5794" SrcFileId="6" StartOffset="5770"/>
</LocList>
<BasicStmnt CovItemId="S125" CovItemPrefix="my.PSM.unitTestPSM.DBConnectionTest.java" Intrnl_Id="1187">
<LocList>
<Loc EndOffset="5639" SrcFileId="6" StartOffset="5618"/>
</LocList>
</BasicStmnt>
<BasicStmnt CovItemId="S126" CovItemPrefix="my.PSM.unitTestPSM.DBConnectionTest.java" Intrnl_Id="1188">
<LocList>
<Loc EndOffset="5665" SrcFileId="6" StartOffset="5643"/>
</LocList>
</BasicStmnt>
<CondStmnt CovItemId="S127" CovItemPrefix="my.PSM.unitTestPSM.DBConnectionTest.java" Intrnl_Id="1189">
<Branch CovItemId="B39" CovItemPrefix="my.PSM.unitTestPSM.DBConnectionTest.java" Implct="false" Intrnl_Id="1190">
<Cond/>
<LocList>
<Loc EndOffset="5747" SrcFileId="6" StartOffset="5724"/>
</LocList>
<StmntSeq Intrnl_Id="1191">
<LocList>
<Loc EndOffset="5742" SrcFileId="6" StartOffset="5730"/>
</LocList>
<BasicStmnt CovItemId="S128" CovItemPrefix="my.PSM.unitTestPSM.DBConnectionTest.java" Intrnl_Id="1192">
<LocList>
<Loc EndOffset="5742" SrcFileId="6" StartOffset="5730"/>
</LocList>
</BasicStmnt>
</StmntSeq>
</Branch>
<Branch CovItemId="B40" CovItemPrefix="my.PSM.unitTestPSM.DBConnectionTest.java" Implct="false" Intrnl_Id="1193">
<Cond>
<Loc EndOffset="5752" SrcFileId="6" StartOffset="5748"/>
</Cond>
<LocList>
<Loc EndOffset="5766" SrcFileId="6" StartOffset="5753"/>
</LocList>
<StmntSeq Intrnl_Id="1194">
<LocList>
<Loc EndOffset="5766" SrcFileId="6" StartOffset="5753"/>
</LocList>
<BasicStmnt CovItemId="S129" CovItemPrefix="my.PSM.unitTestPSM.DBConnectionTest.java" Intrnl_Id="1195">
<LocList>
<Loc EndOffset="5766" SrcFileId="6" StartOffset="5753"/>
</LocList>
</BasicStmnt>
</StmntSeq>
</Branch>
<Keyword EndOffset="5685" SrcFileId="6" StartOffset="5683"/>
<LocList>
<Loc EndOffset="5766" SrcFileId="6" StartOffset="5683"/>
</LocList>
<RootTerm CovItemId="C21" CovItemPrefix="my.PSM.unitTestPSM.DBConnectionTest.java" Intrnl_Id="1196">
<BasicBoolTerm Intrnl_Id="1197">
<LocList>
<Loc EndOffset="5723" SrcFileId="6" StartOffset="5687"/>
</LocList>
</BasicBoolTerm>
</RootTerm>
</CondStmnt>
<BasicStmnt CovItemId="S130" CovItemPrefix="my.PSM.unitTestPSM.DBConnectionTest.java" Intrnl_Id="1198">
<LocList>
<Loc EndOffset="5794" SrcFileId="6" StartOffset="5770"/>
</LocList>
</BasicStmnt>
</StmntSeq>
</HierarchyLvl>
<HierarchyLvl HierarchyLvlId="14344" HierarchyLvlTypeId="31" Intrnl_Id="1199" Name="testFetchEndSat">
<Header>
<Loc EndOffset="5840" SrcFileId="6" StartOffset="5803"/>
</Header>
<LocList>
<Loc EndOffset="6020" SrcFileId="6" StartOffset="5803"/>
</LocList>
<StmntSeq Intrnl_Id="1200">
<LocList>
<Loc EndOffset="5867" SrcFileId="6" StartOffset="5846"/>
<Loc EndOffset="5891" SrcFileId="6" StartOffset="5871"/>
<Loc EndOffset="5988" SrcFileId="6" StartOffset="5909"/>
<Loc EndOffset="6016" SrcFileId="6" StartOffset="5992"/>
</LocList>
<BasicStmnt CovItemId="S131" CovItemPrefix="my.PSM.unitTestPSM.DBConnectionTest.java" Intrnl_Id="1201">
<LocList>
<Loc EndOffset="5867" SrcFileId="6" StartOffset="5846"/>
</LocList>
</BasicStmnt>
<BasicStmnt CovItemId="S132" CovItemPrefix="my.PSM.unitTestPSM.DBConnectionTest.java" Intrnl_Id="1202">
<LocList>
<Loc EndOffset="5891" SrcFileId="6" StartOffset="5871"/>
</LocList>
</BasicStmnt>
<CondStmnt CovItemId="S133" CovItemPrefix="my.PSM.unitTestPSM.DBConnectionTest.java" Intrnl_Id="1203">
<Branch CovItemId="B41" CovItemPrefix="my.PSM.unitTestPSM.DBConnectionTest.java" Implct="false" Intrnl_Id="1204">
<Cond/>
<LocList>
<Loc EndOffset="5969" SrcFileId="6" StartOffset="5946"/>
</LocList>
<StmntSeq Intrnl_Id="1205">
<LocList>
<Loc EndOffset="5964" SrcFileId="6" StartOffset="5952"/>
</LocList>
<BasicStmnt CovItemId="S134" CovItemPrefix="my.PSM.unitTestPSM.DBConnectionTest.java" Intrnl_Id="1206">
<LocList>
<Loc EndOffset="5964" SrcFileId="6" StartOffset="5952"/>
</LocList>
</BasicStmnt>
</StmntSeq>
</Branch>
<Branch CovItemId="B42" CovItemPrefix="my.PSM.unitTestPSM.DBConnectionTest.java" Implct="false" Intrnl_Id="1207">
<Cond>
<Loc EndOffset="5974" SrcFileId="6" StartOffset="5970"/>
</Cond>
<LocList>
<Loc EndOffset="5988" SrcFileId="6" StartOffset="5975"/>
</LocList>
<StmntSeq Intrnl_Id="1208">
<LocList>
<Loc EndOffset="5988" SrcFileId="6" StartOffset="5975"/>
</LocList>
<BasicStmnt CovItemId="S135" CovItemPrefix="my.PSM.unitTestPSM.DBConnectionTest.java" Intrnl_Id="1209">
<LocList>
<Loc EndOffset="5988" SrcFileId="6" StartOffset="5975"/>
</LocList>
</BasicStmnt>
</StmntSeq>
</Branch>
<Keyword EndOffset="5911" SrcFileId="6" StartOffset="5909"/>
<LocList>
<Loc EndOffset="5988" SrcFileId="6" StartOffset="5909"/>
</LocList>
<RootTerm CovItemId="C22" CovItemPrefix="my.PSM.unitTestPSM.DBConnectionTest.java" Intrnl_Id="1210">
<BasicBoolTerm Intrnl_Id="1211">
<LocList>
<Loc EndOffset="5945" SrcFileId="6" StartOffset="5913"/>
</LocList>
</BasicBoolTerm>
</RootTerm>
</CondStmnt>
<BasicStmnt CovItemId="S136" CovItemPrefix="my.PSM.unitTestPSM.DBConnectionTest.java" Intrnl_Id="1212">
<LocList>
<Loc EndOffset="6016" SrcFileId="6" StartOffset="5992"/>
</LocList>
</BasicStmnt>
</StmntSeq>
</HierarchyLvl>
<HierarchyLvl HierarchyLvlId="14345" HierarchyLvlTypeId="31" Intrnl_Id="1213" Name="testStoreClassInfo">
<Header>
<Loc EndOffset="6065" SrcFileId="6" StartOffset="6025"/>
</Header>
<LocList>
<Loc EndOffset="6359" SrcFileId="6" StartOffset="6025"/>
</LocList>
<StmntSeq Intrnl_Id="1214">
<LocList>
<Loc EndOffset="6135" SrcFileId="6" StartOffset="6071"/>
<Loc EndOffset="6186" SrcFileId="6" StartOffset="6139"/>
<Loc EndOffset="6252" SrcFileId="6" StartOffset="6190"/>
<Loc EndOffset="6298" SrcFileId="6" StartOffset="6256"/>
<Loc EndOffset="6355" SrcFileId="6" StartOffset="6302"/>
</LocList>
<BasicStmnt CovItemId="S137" CovItemPrefix="my.PSM.unitTestPSM.DBConnectionTest.java" Intrnl_Id="1215">
<LocList>
<Loc EndOffset="6135" SrcFileId="6" StartOffset="6071"/>
</LocList>
</BasicStmnt>
<BasicStmnt CovItemId="S138" CovItemPrefix="my.PSM.unitTestPSM.DBConnectionTest.java" Intrnl_Id="1216">
<LocList>
<Loc EndOffset="6186" SrcFileId="6" StartOffset="6139"/>
</LocList>
</BasicStmnt>
<BasicStmnt CovItemId="S139" CovItemPrefix="my.PSM.unitTestPSM.DBConnectionTest.java" Intrnl_Id="1217">
<LocList>
<Loc EndOffset="6252" SrcFileId="6" StartOffset="6190"/>
</LocList>
</BasicStmnt>
<BasicStmnt CovItemId="S140" CovItemPrefix="my.PSM.unitTestPSM.DBConnectionTest.java" Intrnl_Id="1218">
<LocList>
<Loc EndOffset="6298" SrcFileId="6" StartOffset="6256"/>
</LocList>
</BasicStmnt>
<BasicStmnt CovItemId="S141" CovItemPrefix="my.PSM.unitTestPSM.DBConnectionTest.java" Intrnl_Id="1219">
<LocList>
<Loc EndOffset="6355" SrcFileId="6" StartOffset="6302"/>
</LocList>
</BasicStmnt>
</StmntSeq>
</HierarchyLvl>
</HierarchyLvl>
<HierarchyLvl HierarchyLvlId="14352" HierarchyLvlTypeId="32" Intrnl_Id="1220" Name="AuthenticateStub">
<Header>
<Loc EndOffset="122" SrcFileId="7" StartOffset="72"/>
</Header>
<LocList>
<Loc EndOffset="678" SrcFileId="7" StartOffset="72"/>
</LocList>
<HierarchyLvl HierarchyLvlId="14347" HierarchyLvlTypeId="31" Intrnl_Id="1221" Name="AuthenticateStub">
<Header>
<Loc EndOffset="237" SrcFileId="7" StartOffset="190"/>
</Header>
<LocList>
<Loc EndOffset="305" SrcFileId="7" StartOffset="190"/>
</LocList>
<StmntSeq Intrnl_Id="1222">
<LocList>
<Loc EndOffset="259" SrcFileId="7" StartOffset="243"/>
<Loc EndOffset="282" SrcFileId="7" StartOffset="263"/>
<Loc EndOffset="301" SrcFileId="7" StartOffset="286"/>
</LocList>
<BasicStmnt CovItemId="S1" CovItemPrefix="my.PSM.unitTestPSM.AuthenticateStub.java" Intrnl_Id="1223">
<LocList>
<Loc EndOffset="259" SrcFileId="7" StartOffset="243"/>
</LocList>
</BasicStmnt>
<BasicStmnt CovItemId="S2" CovItemPrefix="my.PSM.unitTestPSM.AuthenticateStub.java" Intrnl_Id="1224">
<LocList>
<Loc EndOffset="282" SrcFileId="7" StartOffset="263"/>
</LocList>
</BasicStmnt>
<BasicStmnt CovItemId="S3" CovItemPrefix="my.PSM.unitTestPSM.AuthenticateStub.java" Intrnl_Id="1225">
<LocList>
<Loc EndOffset="301" SrcFileId="7" StartOffset="286"/>
</LocList>
</BasicStmnt>
</StmntSeq>
</HierarchyLvl>
<HierarchyLvl HierarchyLvlId="14348" HierarchyLvlTypeId="31" Intrnl_Id="1226" Name="setCorrectUser">
<Header>
<Loc EndOffset="354" SrcFileId="7" StartOffset="308"/>
</Header>
<LocList>
<Loc EndOffset="395" SrcFileId="7" StartOffset="308"/>
</LocList>
<StmntSeq Intrnl_Id="1227">
<LocList>
<Loc EndOffset="391" SrcFileId="7" StartOffset="360"/>
</LocList>
<BasicStmnt CovItemId="S4" CovItemPrefix="my.PSM.unitTestPSM.AuthenticateStub.java" Intrnl_Id="1228">
<LocList>
<Loc EndOffset="391" SrcFileId="7" StartOffset="360"/>
</LocList>
</BasicStmnt>
</StmntSeq>
</HierarchyLvl>
<HierarchyLvl HierarchyLvlId="14349" HierarchyLvlTypeId="31" Intrnl_Id="1229" Name="setCorrectPw">
<Header>
<Loc EndOffset="442" SrcFileId="7" StartOffset="400"/>
</Header>
<LocList>
<Loc EndOffset="479" SrcFileId="7" StartOffset="400"/>
</LocList>
<StmntSeq Intrnl_Id="1230">
<LocList>
<Loc EndOffset="475" SrcFileId="7" StartOffset="448"/>
</LocList>
<BasicStmnt CovItemId="S5" CovItemPrefix="my.PSM.unitTestPSM.AuthenticateStub.java" Intrnl_Id="1231">
<LocList>
<Loc EndOffset="475" SrcFileId="7" StartOffset="448"/>
</LocList>
</BasicStmnt>
</StmntSeq>
</HierarchyLvl>
<HierarchyLvl HierarchyLvlId="14350" HierarchyLvlTypeId="31" Intrnl_Id="1232" Name="validate_Login">
<Header>
<Loc EndOffset="527" SrcFileId="7" StartOffset="484"/>
</Header>
<LocList>
<Loc EndOffset="607" SrcFileId="7" StartOffset="484"/>
</LocList>
<StmntSeq Intrnl_Id="1233">
<LocList>
<Loc EndOffset="603" SrcFileId="7" StartOffset="533"/>
</LocList>
<BasicStmnt CovItemId="S6" CovItemPrefix="my.PSM.unitTestPSM.AuthenticateStub.java" Intrnl_Id="1234">
<LocList>
<Loc EndOffset="603" SrcFileId="7" StartOffset="533"/>
</LocList>
</BasicStmnt>
</StmntSeq>
</HierarchyLvl>
<HierarchyLvl HierarchyLvlId="14351" HierarchyLvlTypeId="31" Intrnl_Id="1235" Name="logout">
<Header>
<Loc EndOffset="647" SrcFileId="7" StartOffset="612"/>
</Header>
<LocList>
<Loc EndOffset="669" SrcFileId="7" StartOffset="612"/>
</LocList>
<StmntSeq Intrnl_Id="1236">
<LocList>
<Loc EndOffset="665" SrcFileId="7" StartOffset="653"/>
</LocList>
<BasicStmnt CovItemId="S7" CovItemPrefix="my.PSM.unitTestPSM.AuthenticateStub.java" Intrnl_Id="1237">
<LocList>
<Loc EndOffset="665" SrcFileId="7" StartOffset="653"/>
</LocList>
</BasicStmnt>
</StmntSeq>
</HierarchyLvl>
</HierarchyLvl>
</HierarchyLvl>
<HierarchyLvl HierarchyLvlId="14841" HierarchyLvlTypeId="29" Intrnl_Id="1238" Name="subsystemTestPSM">
<Header/>
<LocList/>
<HierarchyLvl HierarchyLvlId="14358" HierarchyLvlTypeId="32" Intrnl_Id="1239" Name="logicTest">
<Header>
<Loc EndOffset="212" SrcFileId="8" StartOffset="190"/>
</Header>
<LocList>
<Loc EndOffset="1539" SrcFileId="8" StartOffset="190"/>
</LocList>
<HierarchyLvl HierarchyLvlId="14353" HierarchyLvlTypeId="31" Intrnl_Id="1240" Name="setUp">
<Header>
<Loc EndOffset="327" SrcFileId="8" StartOffset="281"/>
</Header>
<LocList>
<Loc EndOffset="429" SrcFileId="8" StartOffset="281"/>
</LocList>
<StmntSeq Intrnl_Id="1241">
<LocList>
<Loc EndOffset="378" SrcFileId="8" StartOffset="333"/>
<Loc EndOffset="421" SrcFileId="8" StartOffset="385"/>
</LocList>
<BasicStmnt CovItemId="S1" CovItemPrefix="my.PSM.subsystemTestPSM.logicTest.java" Intrnl_Id="1242">
<LocList>
<Loc EndOffset="378" SrcFileId="8" StartOffset="333"/>
</LocList>
</BasicStmnt>
<BasicStmnt CovItemId="S2" CovItemPrefix="my.PSM.subsystemTestPSM.logicTest.java" Intrnl_Id="1243">
<LocList>
<Loc EndOffset="421" SrcFileId="8" StartOffset="385"/>
</LocList>
</BasicStmnt>
</StmntSeq>
</HierarchyLvl>
<HierarchyLvl HierarchyLvlId="14354" HierarchyLvlTypeId="31" Intrnl_Id="1244" Name="tearDown">
<Header>
<Loc EndOffset="482" SrcFileId="8" StartOffset="434"/>
</Header>
<LocList>
<Loc EndOffset="511" SrcFileId="8" StartOffset="434"/>
</LocList>
<StmntSeq Intrnl_Id="1245">
<LocList>
<Loc EndOffset="507" SrcFileId="8" StartOffset="488"/>
</LocList>
<BasicStmnt CovItemId="S3" CovItemPrefix="my.PSM.subsystemTestPSM.logicTest.java" Intrnl_Id="1246">
<LocList>
<Loc EndOffset="507" SrcFileId="8" StartOffset="488"/>
</LocList>
</BasicStmnt>
</StmntSeq>
</HierarchyLvl>
<HierarchyLvl HierarchyLvlId="14355" HierarchyLvlTypeId="31" Intrnl_Id="1247" Name="testfetchcourse">
<Header>
<Loc EndOffset="553" SrcFileId="8" StartOffset="516"/>
</Header>
<LocList>
<Loc EndOffset="1031" SrcFileId="8" StartOffset="516"/>
</LocList>
<StmntSeq Intrnl_Id="1248">
<LocList>
<Loc EndOffset="719" SrcFileId="8" StartOffset="559"/>
<Loc EndOffset="883" SrcFileId="8" StartOffset="723"/>
<Loc EndOffset="939" SrcFileId="8" StartOffset="887"/>
<Loc EndOffset="979" SrcFileId="8" StartOffset="943"/>
<Loc EndOffset="1019" SrcFileId="8" StartOffset="989"/>
</LocList>
<BasicStmnt CovItemId="S4" CovItemPrefix="my.PSM.subsystemTestPSM.logicTest.java" Intrnl_Id="1249">
<LocList>
<Loc EndOffset="719" SrcFileId="8" StartOffset="559"/>
</LocList>
</BasicStmnt>
<BasicStmnt CovItemId="S5" CovItemPrefix="my.PSM.subsystemTestPSM.logicTest.java" Intrnl_Id="1250">
<LocList>
<Loc EndOffset="883" SrcFileId="8" StartOffset="723"/>
</LocList>
</BasicStmnt>
<BasicStmnt CovItemId="S6" CovItemPrefix="my.PSM.subsystemTestPSM.logicTest.java" Intrnl_Id="1251">
<LocList>
<Loc EndOffset="939" SrcFileId="8" StartOffset="887"/>
</LocList>
</BasicStmnt>
<BasicStmnt CovItemId="S7" CovItemPrefix="my.PSM.subsystemTestPSM.logicTest.java" Intrnl_Id="1252">
<LocList>
<Loc EndOffset="979" SrcFileId="8" StartOffset="943"/>
</LocList>
</BasicStmnt>
<BasicStmnt CovItemId="S8" CovItemPrefix="my.PSM.subsystemTestPSM.logicTest.java" Intrnl_Id="1253">
<LocList>
<Loc EndOffset="1019" SrcFileId="8" StartOffset="989"/>
</LocList>
</BasicStmnt>
</StmntSeq>
</HierarchyLvl>
<HierarchyLvl HierarchyLvlId="14356" HierarchyLvlTypeId="31" Intrnl_Id="1254" Name="testfetchcourse02">
<Header>
<Loc EndOffset="1076" SrcFileId="8" StartOffset="1037"/>
</Header>
<LocList>
<Loc EndOffset="1197" SrcFileId="8" StartOffset="1037"/>
</LocList>
<StmntSeq Intrnl_Id="1255">
<LocList>
<Loc EndOffset="1123" SrcFileId="8" StartOffset="1081"/>
<Loc EndOffset="1163" SrcFileId="8" StartOffset="1127"/>
<Loc EndOffset="1193" SrcFileId="8" StartOffset="1173"/>
</LocList>
<BasicStmnt CovItemId="S9" CovItemPrefix="my.PSM.subsystemTestPSM.logicTest.java" Intrnl_Id="1256">
<LocList>
<Loc EndOffset="1123" SrcFileId="8" StartOffset="1081"/>
</LocList>
</BasicStmnt>
<BasicStmnt CovItemId="S10" CovItemPrefix="my.PSM.subsystemTestPSM.logicTest.java" Intrnl_Id="1257">
<LocList>
<Loc EndOffset="1163" SrcFileId="8" StartOffset="1127"/>
</LocList>
</BasicStmnt>
<BasicStmnt CovItemId="S11" CovItemPrefix="my.PSM.subsystemTestPSM.logicTest.java" Intrnl_Id="1258">
<LocList>
<Loc EndOffset="1193" SrcFileId="8" StartOffset="1173"/>
</LocList>
</BasicStmnt>
</StmntSeq>
</HierarchyLvl>
<HierarchyLvl HierarchyLvlId="14357" HierarchyLvlTypeId="31" Intrnl_Id="1259" Name="testfetchcourse01">
<Header>
<Loc EndOffset="1239" SrcFileId="8" StartOffset="1200"/>
</Header>
<LocList>
<Loc EndOffset="1534" SrcFileId="8" StartOffset="1200"/>
</LocList>
<StmntSeq Intrnl_Id="1260">
<LocList>
<Loc EndOffset="1404" SrcFileId="8" StartOffset="1244"/>
<Loc EndOffset="1455" SrcFileId="8" StartOffset="1408"/>
<Loc EndOffset="1495" SrcFileId="8" StartOffset="1459"/>
<Loc EndOffset="1530" SrcFileId="8" StartOffset="1505"/>
</LocList>
<BasicStmnt CovItemId="S12" CovItemPrefix="my.PSM.subsystemTestPSM.logicTest.java" Intrnl_Id="1261">
<LocList>
<Loc EndOffset="1404" SrcFileId="8" StartOffset="1244"/>
</LocList>
</BasicStmnt>
<BasicStmnt CovItemId="S13" CovItemPrefix="my.PSM.subsystemTestPSM.logicTest.java" Intrnl_Id="1262">
<LocList>
<Loc EndOffset="1455" SrcFileId="8" StartOffset="1408"/>
</LocList>
</BasicStmnt>
<BasicStmnt CovItemId="S14" CovItemPrefix="my.PSM.subsystemTestPSM.logicTest.java" Intrnl_Id="1263">
<LocList>
<Loc EndOffset="1495" SrcFileId="8" StartOffset="1459"/>
</LocList>
</BasicStmnt>
<BasicStmnt CovItemId="S15" CovItemPrefix="my.PSM.subsystemTestPSM.logicTest.java" Intrnl_Id="1264">
<LocList>
<Loc EndOffset="1530" SrcFileId="8" StartOffset="1505"/>
</LocList>
</BasicStmnt>
</StmntSeq>
</HierarchyLvl>
</HierarchyLvl>
</HierarchyLvl>
<HierarchyLvl HierarchyLvlId="14842" HierarchyLvlTypeId="29" Intrnl_Id="1265" Name="PSM_Storage">
<Header/>
<LocList/>
<HierarchyLvl HierarchyLvlId="14387" HierarchyLvlTypeId="32" Intrnl_Id="1266" Name="MySQLManager">
<Header>
<Loc EndOffset="204" SrcFileId="9" StartOffset="179"/>
</Header>
<LocList>
<Loc EndOffset="16242" SrcFileId="9" StartOffset="179"/>
</LocList>
<HierarchyLvl HierarchyLvlId="14359" HierarchyLvlTypeId="31" Intrnl_Id="1267" Name="MySQLManager">
<Header>
<Loc EndOffset="288" SrcFileId="9" StartOffset="267"/>
</Header>
<LocList>
<Loc EndOffset="360" SrcFileId="9" StartOffset="267"/>
</LocList>
<StmntSeq Intrnl_Id="1268">
<LocList>
<Loc EndOffset="306" SrcFileId="9" StartOffset="293"/>
<Loc EndOffset="356" SrcFileId="9" StartOffset="310"/>
</LocList>
<BasicStmnt CovItemId="S1" CovItemPrefix="my.PSM.PSM_Storage.MySQLManager.java" Intrnl_Id="1269">
<LocList>
<Loc EndOffset="306" SrcFileId="9" StartOffset="293"/>
</LocList>
</BasicStmnt>
<BasicStmnt CovItemId="S2" CovItemPrefix="my.PSM.PSM_Storage.MySQLManager.java" Intrnl_Id="1270">
<LocList>
<Loc EndOffset="356" SrcFileId="9" StartOffset="310"/>
</LocList>
</BasicStmnt>
</StmntSeq>
</HierarchyLvl>
<HierarchyLvl HierarchyLvlId="14360" HierarchyLvlTypeId="31" Intrnl_Id="1271" Name="connect">
<Header>
<Loc EndOffset="419" SrcFileId="9" StartOffset="366"/>
</Header>
<LocList>
<Loc EndOffset="834" SrcFileId="9" StartOffset="366"/>
</LocList>
<StmntSeq Intrnl_Id="1272">
<LocList>
<Loc EndOffset="548" SrcFileId="9" StartOffset="509"/>
<Loc EndOffset="611" SrcFileId="9" StartOffset="563"/>
<Loc EndOffset="799" SrcFileId="9" StartOffset="424"/>
<Loc EndOffset="830" SrcFileId="9" StartOffset="821"/>
</LocList>
<BasicStmnt CovItemId="S4" CovItemPrefix="my.PSM.PSM_Storage.MySQLManager.java" Intrnl_Id="1273">
<LocList>
<Loc EndOffset="548" SrcFileId="9" StartOffset="509"/>
</LocList>
</BasicStmnt>
<BasicStmnt CovItemId="S5" CovItemPrefix="my.PSM.PSM_Storage.MySQLManager.java" Intrnl_Id="1274">
<LocList>
<Loc EndOffset="611" SrcFileId="9" StartOffset="563"/>
</LocList>
</BasicStmnt>
<CondStmnt CovItemId="S3" CovItemPrefix="my.PSM.PSM_Storage.MySQLManager.java" Intrnl_Id="1275">
<Branch CovItemId="B1" CovItemPrefix="my.PSM.PSM_Storage.MySQLManager.java" Implct="true" Intrnl_Id="1276">
<Cond/>
<LocList/>
<StmntSeq Intrnl_Id="1277">
<LocList/>
</StmntSeq>
</Branch>
<Branch CovItemId="B2" CovItemPrefix="my.PSM.PSM_Storage.MySQLManager.java" Implct="false" Intrnl_Id="1278">
<Cond>
<Loc EndOffset="694" SrcFileId="9" StartOffset="675"/>
</Cond>
<LocList>
<Loc EndOffset="799" SrcFileId="9" StartOffset="694"/>
</LocList>
<StmntSeq Intrnl_Id="1279">
<LocList>
<Loc EndOffset="730" SrcFileId="9" StartOffset="710"/>
<Loc EndOffset="755" SrcFileId="9" StartOffset="745"/>
</LocList>
<BasicStmnt CovItemId="S6" CovItemPrefix="my.PSM.PSM_Storage.MySQLManager.java" Intrnl_Id="1280">
<LocList>
<Loc EndOffset="730" SrcFileId="9" StartOffset="710"/>
</LocList>
</BasicStmnt>
<BasicStmnt CovItemId="S7" CovItemPrefix="my.PSM.PSM_Storage.MySQLManager.java" Intrnl_Id="1281">
<LocList>
<Loc EndOffset="755" SrcFileId="9" StartOffset="745"/>
</LocList>
</BasicStmnt>
</StmntSeq>
</Branch>
<Keyword EndOffset="427" SrcFileId="9" StartOffset="424"/>
<LocList>
<Loc EndOffset="799" SrcFileId="9" StartOffset="424"/>
</LocList>
</CondStmnt>
<BasicStmnt CovItemId="S8" CovItemPrefix="my.PSM.PSM_Storage.MySQLManager.java" Intrnl_Id="1282">
<LocList>
<Loc EndOffset="830" SrcFileId="9" StartOffset="821"/>
</LocList>
</BasicStmnt>
</StmntSeq>
</HierarchyLvl>
<HierarchyLvl HierarchyLvlId="14361" HierarchyLvlTypeId="31" Intrnl_Id="1283" Name="connect">
<Header>
<Loc EndOffset="881" SrcFileId="9" StartOffset="840"/>
</Header>
<LocList>
<Loc EndOffset="925" SrcFileId="9" StartOffset="840"/>
</LocList>
<StmntSeq Intrnl_Id="1284">
<LocList>
<Loc EndOffset="921" SrcFileId="9" StartOffset="886"/>
</LocList>
<BasicStmnt CovItemId="S9" CovItemPrefix="my.PSM.PSM_Storage.MySQLManager.java" Intrnl_Id="1285">
<LocList>
<Loc EndOffset="921" SrcFileId="9" StartOffset="886"/>
</LocList>
</BasicStmnt>
</StmntSeq>
</HierarchyLvl>
<HierarchyLvl HierarchyLvlId="14362" HierarchyLvlTypeId="31" Intrnl_Id="1286" Name="disconnect">
<Header>
<Loc EndOffset="954" SrcFileId="9" StartOffset="931"/>
</Header>
<LocList>
<Loc EndOffset="1222" SrcFileId="9" StartOffset="931"/>
</LocList>
<StmntSeq Intrnl_Id="1287">
<LocList>
<Loc EndOffset="1196" SrcFileId="9" StartOffset="971"/>
<Loc EndOffset="1215" SrcFileId="9" StartOffset="1206"/>
</LocList>
<CondStmnt CovItemId="S10" CovItemPrefix="my.PSM.PSM_Storage.MySQLManager.java" Intrnl_Id="1288">
<Branch CovItemId="B3" CovItemPrefix="my.PSM.PSM_Storage.MySQLManager.java" Implct="false" Intrnl_Id="1289">
<Cond/>
<LocList>
<Loc EndOffset="1196" SrcFileId="9" StartOffset="988"/>
</LocList>
<StmntSeq Intrnl_Id="1290">
<LocList>
<Loc EndOffset="1039" SrcFileId="9" StartOffset="1025"/>
<Loc EndOffset="1185" SrcFileId="9" StartOffset="1003"/>
</LocList>
<BasicStmnt CovItemId="S12" CovItemPrefix="my.PSM.PSM_Storage.MySQLManager.java" Intrnl_Id="1291">
<LocList>
<Loc EndOffset="1039" SrcFileId="9" StartOffset="1025"/>
</LocList>
</BasicStmnt>
<CondStmnt CovItemId="S11" CovItemPrefix="my.PSM.PSM_Storage.MySQLManager.java" Intrnl_Id="1292">
<Branch CovItemId="B5" CovItemPrefix="my.PSM.PSM_Storage.MySQLManager.java" Implct="true" Intrnl_Id="1293">
<Cond/>
<LocList/>
<StmntSeq Intrnl_Id="1294">
<LocList/>
</StmntSeq>
</Branch>
<Branch CovItemId="B6" CovItemPrefix="my.PSM.PSM_Storage.MySQLManager.java" Implct="false" Intrnl_Id="1295">
<Cond>
<Loc EndOffset="1103" SrcFileId="9" StartOffset="1085"/>
</Cond>
<LocList>
<Loc EndOffset="1185" SrcFileId="9" StartOffset="1103"/>
</LocList>
<StmntSeq Intrnl_Id="1296">
<LocList>
<Loc EndOffset="1142" SrcFileId="9" StartOffset="1122"/>
<Loc EndOffset="1170" SrcFileId="9" StartOffset="1160"/>
</LocList>
<BasicStmnt CovItemId="S13" CovItemPrefix="my.PSM.PSM_Storage.MySQLManager.java" Intrnl_Id="1297">
<LocList>
<Loc EndOffset="1142" SrcFileId="9" StartOffset="1122"/>
</LocList>
</BasicStmnt>
<BasicStmnt CovItemId="S14" CovItemPrefix="my.PSM.PSM_Storage.MySQLManager.java" Intrnl_Id="1298">
<LocList>
<Loc EndOffset="1170" SrcFileId="9" StartOffset="1160"/>
</LocList>
</BasicStmnt>
</StmntSeq>
</Branch>
<Keyword EndOffset="1006" SrcFileId="9" StartOffset="1003"/>
<LocList>
<Loc EndOffset="1185" SrcFileId="9" StartOffset="1003"/>
</LocList>
</CondStmnt>
</StmntSeq>
</Branch>
<Branch CovItemId="B4" CovItemPrefix="my.PSM.PSM_Storage.MySQLManager.java" Implct="true" Intrnl_Id="1299">
<Cond/>
<LocList/>
<StmntSeq Intrnl_Id="1300">
<LocList/>
</StmntSeq>
</Branch>
<Keyword EndOffset="973" SrcFileId="9" StartOffset="971"/>
<LocList>
<Loc EndOffset="1196" SrcFileId="9" StartOffset="971"/>
</LocList>
<RootTerm CovItemId="C1" CovItemPrefix="my.PSM.PSM_Storage.MySQLManager.java" Intrnl_Id="1301">
<BasicBoolTerm Intrnl_Id="1302">
<LocList>
<Loc EndOffset="987" SrcFileId="9" StartOffset="974"/>
</LocList>
</BasicBoolTerm>
</RootTerm>
</CondStmnt>
<BasicStmnt CovItemId="S15" CovItemPrefix="my.PSM.PSM_Storage.MySQLManager.java" Intrnl_Id="1303">
<LocList>
<Loc EndOffset="1215" SrcFileId="9" StartOffset="1206"/>
</LocList>
</BasicStmnt>
</StmntSeq>
</HierarchyLvl>
<HierarchyLvl HierarchyLvlId="14363" HierarchyLvlTypeId="31" Intrnl_Id="1304" Name="fetchCourseID">
<Header>
<Loc EndOffset="1263" SrcFileId="9" StartOffset="1225"/>
</Header>
<LocList>
<Loc EndOffset="1903" SrcFileId="9" StartOffset="1225"/>
</LocList>
<StmntSeq Intrnl_Id="1305">
<LocList>
<Loc EndOffset="1395" SrcFileId="9" StartOffset="1357"/>
<Loc EndOffset="1606" SrcFileId="9" StartOffset="1523"/>
<Loc EndOffset="1653" SrcFileId="9" StartOffset="1620"/>
<Loc EndOffset="1678" SrcFileId="9" StartOffset="1667"/>
<Loc EndOffset="1757" SrcFileId="9" StartOffset="1726"/>
<Loc EndOffset="1887" SrcFileId="9" StartOffset="1339"/>
</LocList>
<BasicStmnt CovItemId="S17" CovItemPrefix="my.PSM.PSM_Storage.MySQLManager.java" Intrnl_Id="1306">
<LocList>
<Loc EndOffset="1395" SrcFileId="9" StartOffset="1357"/>
</LocList>
</BasicStmnt>
<BasicStmnt CovItemId="S18" CovItemPrefix="my.PSM.PSM_Storage.MySQLManager.java" Intrnl_Id="1307">
<LocList>
<Loc EndOffset="1606" SrcFileId="9" StartOffset="1523"/>
</LocList>
</BasicStmnt>
<BasicStmnt CovItemId="S19" CovItemPrefix="my.PSM.PSM_Storage.MySQLManager.java" Intrnl_Id="1308">
<LocList>
<Loc EndOffset="1653" SrcFileId="9" StartOffset="1620"/>
</LocList>
</BasicStmnt>
<BasicStmnt CovItemId="S20" CovItemPrefix="my.PSM.PSM_Storage.MySQLManager.java" Intrnl_Id="1309">
<LocList>
<Loc EndOffset="1678" SrcFileId="9" StartOffset="1667"/>
</LocList>
</BasicStmnt>
<BasicStmnt CovItemId="S21" CovItemPrefix="my.PSM.PSM_Storage.MySQLManager.java" Intrnl_Id="1310">
<LocList>
<Loc EndOffset="1757" SrcFileId="9" StartOffset="1726"/>
</LocList>
</BasicStmnt>
<CondStmnt CovItemId="S16" CovItemPrefix="my.PSM.PSM_Storage.MySQLManager.java" Intrnl_Id="1311">
<Branch CovItemId="B7" CovItemPrefix="my.PSM.PSM_Storage.MySQLManager.java" Implct="true" Intrnl_Id="1312">
<Cond/>
<LocList/>
<StmntSeq Intrnl_Id="1313">
<LocList/>
</StmntSeq>
</Branch>
<Branch CovItemId="B8" CovItemPrefix="my.PSM.PSM_Storage.MySQLManager.java" Implct="false" Intrnl_Id="1314">
<Cond>
<Loc EndOffset="1817" SrcFileId="9" StartOffset="1799"/>
</Cond>
<LocList>
<Loc EndOffset="1887" SrcFileId="9" StartOffset="1817"/>
</LocList>
<StmntSeq Intrnl_Id="1315">
<LocList>
<Loc EndOffset="1852" SrcFileId="9" StartOffset="1832"/>
<Loc EndOffset="1876" SrcFileId="9" StartOffset="1866"/>
</LocList>
<BasicStmnt CovItemId="S22" CovItemPrefix="my.PSM.PSM_Storage.MySQLManager.java" Intrnl_Id="1316">
<LocList>
<Loc EndOffset="1852" SrcFileId="9" StartOffset="1832"/>
</LocList>
</BasicStmnt>
<BasicStmnt CovItemId="S23" CovItemPrefix="my.PSM.PSM_Storage.MySQLManager.java" Intrnl_Id="1317">
<LocList>
<Loc EndOffset="1876" SrcFileId="9" StartOffset="1866"/>
</LocList>
</BasicStmnt>
</StmntSeq>
</Branch>
<Keyword EndOffset="1342" SrcFileId="9" StartOffset="1339"/>
<LocList>
<Loc EndOffset="1887" SrcFileId="9" StartOffset="1339"/>
</LocList>
</CondStmnt>
</StmntSeq>
</HierarchyLvl>
<HierarchyLvl HierarchyLvlId="14364" HierarchyLvlTypeId="31" Intrnl_Id="1318" Name="getEndDates">
<Header>
<Loc EndOffset="1947" SrcFileId="9" StartOffset="1909"/>
</Header>
<LocList>
<Loc EndOffset="2493" SrcFileId="9" StartOffset="1909"/>
</LocList>
<StmntSeq Intrnl_Id="1319">
<LocList>
<Loc EndOffset="2005" SrcFileId="9" StartOffset="1952"/>
<Loc EndOffset="2081" SrcFileId="9" StartOffset="2043"/>
<Loc EndOffset="2143" SrcFileId="9" StartOffset="2095"/>
<Loc EndOffset="2190" SrcFileId="9" StartOffset="2157"/>
<Loc EndOffset="2330" SrcFileId="9" StartOffset="2218"/>
<Loc EndOffset="2453" SrcFileId="9" StartOffset="2025"/>
<Loc EndOffset="2489" SrcFileId="9" StartOffset="2473"/>
</LocList>
<BasicStmnt CovItemId="S24" CovItemPrefix="my.PSM.PSM_Storage.MySQLManager.java" Intrnl_Id="1320">
<LocList>
<Loc EndOffset="2005" SrcFileId="9" StartOffset="1952"/>
</LocList>
</BasicStmnt>
<BasicStmnt CovItemId="S26" CovItemPrefix="my.PSM.PSM_Storage.MySQLManager.java" Intrnl_Id="1321">
<LocList>
<Loc EndOffset="2081" SrcFileId="9" StartOffset="2043"/>
</LocList>
</BasicStmnt>
<BasicStmnt CovItemId="S27" CovItemPrefix="my.PSM.PSM_Storage.MySQLManager.java" Intrnl_Id="1322">
<LocList>
<Loc EndOffset="2143" SrcFileId="9" StartOffset="2095"/>
</LocList>
</BasicStmnt>
<BasicStmnt CovItemId="S28" CovItemPrefix="my.PSM.PSM_Storage.MySQLManager.java" Intrnl_Id="1323">
<LocList>
<Loc EndOffset="2190" SrcFileId="9" StartOffset="2157"/>
</LocList>
</BasicStmnt>
<LoopStmnt CovItemId="S29" CovItemPrefix="my.PSM.PSM_Storage.MySQLManager.java" Intrnl_Id="1324" MltplExecId="L1-2" MltplExecPrefix="my.PSM.PSM_Storage.MySQLManager.java" NvrExecId="L1-0" NvrExecPrefix="my.PSM.PSM_Storage.MySQLManager.java" OnceExecutedId="L1-1" OnceExecutedPrefix="my.PSM.PSM_Storage.MySQLManager.java" OptBodyExec="true">
<StmntSeq Intrnl_Id="1325">
<LocList>
<Loc EndOffset="2308" SrcFileId="9" StartOffset="2268"/>
</LocList>
<BasicStmnt CovItemId="S30" CovItemPrefix="my.PSM.PSM_Storage.MySQLManager.java" Intrnl_Id="1326">
<LocList>
<Loc EndOffset="2308" SrcFileId="9" StartOffset="2268"/>
</LocList>
</BasicStmnt>
</StmntSeq>
<Keyword EndOffset="2223" SrcFileId="9" StartOffset="2218"/>
<LocList>
<Loc EndOffset="2330" SrcFileId="9" StartOffset="2218"/>
</LocList>
<RootTerm CovItemId="C2" CovItemPrefix="my.PSM.PSM_Storage.MySQLManager.java" Intrnl_Id="1327">
<BasicBoolTerm Intrnl_Id="1328">
<LocList>
<Loc EndOffset="2234" SrcFileId="9" StartOffset="2224"/>
</LocList>
</BasicBoolTerm>
</RootTerm>
</LoopStmnt>
<CondStmnt CovItemId="S25" CovItemPrefix="my.PSM.PSM_Storage.MySQLManager.java" Intrnl_Id="1329">
<Branch CovItemId="B9" CovItemPrefix="my.PSM.PSM_Storage.MySQLManager.java" Implct="true" Intrnl_Id="1330">
<Cond/>
<LocList/>
<StmntSeq Intrnl_Id="1331">
<LocList/>
</StmntSeq>
</Branch>
<Branch CovItemId="B10" CovItemPrefix="my.PSM.PSM_Storage.MySQLManager.java" Implct="false" Intrnl_Id="1332">
<Cond>
<Loc EndOffset="2397" SrcFileId="9" StartOffset="2379"/>
</Cond>
<LocList>
<Loc EndOffset="2453" SrcFileId="9" StartOffset="2407"/>
</LocList>
<StmntSeq Intrnl_Id="1333">
<LocList>
<Loc EndOffset="2442" SrcFileId="9" StartOffset="2422"/>
</LocList>
<BasicStmnt CovItemId="S31" CovItemPrefix="my.PSM.PSM_Storage.MySQLManager.java" Intrnl_Id="1334">
<LocList>
<Loc EndOffset="2442" SrcFileId="9" StartOffset="2422"/>
</LocList>
</BasicStmnt>
</StmntSeq>
</Branch>
<Keyword EndOffset="2028" SrcFileId="9" StartOffset="2025"/>
<LocList>
<Loc EndOffset="2453" SrcFileId="9" StartOffset="2025"/>
</LocList>
</CondStmnt>
<BasicStmnt CovItemId="S32" CovItemPrefix="my.PSM.PSM_Storage.MySQLManager.java" Intrnl_Id="1335">
<LocList>
<Loc EndOffset="2489" SrcFileId="9" StartOffset="2473"/>
</LocList>
</BasicStmnt>
</StmntSeq>
</HierarchyLvl>
<HierarchyLvl HierarchyLvlId="14365" HierarchyLvlTypeId="31" Intrnl_Id="1336" Name="getCourses">
<Header>
<Loc EndOffset="2537" SrcFileId="9" StartOffset="2499"/>
</Header>
<LocList>
<Loc EndOffset="3071" SrcFileId="9" StartOffset="2499"/>
</LocList>
<StmntSeq Intrnl_Id="1337">
<LocList>
<Loc EndOffset="2599" SrcFileId="9" StartOffset="2542"/>
<Loc EndOffset="2665" SrcFileId="9" StartOffset="2627"/>
<Loc EndOffset="2728" SrcFileId="9" StartOffset="2679"/>
<Loc EndOffset="2775" SrcFileId="9" StartOffset="2742"/>
<Loc EndOffset="2915" SrcFileId="9" StartOffset="2803"/>
<Loc EndOffset="3038" SrcFileId="9" StartOffset="2609"/>
<Loc EndOffset="3067" SrcFileId="9" StartOffset="3049"/>
</LocList>
<BasicStmnt CovItemId="S33" CovItemPrefix="my.PSM.PSM_Storage.MySQLManager.java" Intrnl_Id="1338">
<LocList>
<Loc EndOffset="2599" SrcFileId="9" StartOffset="2542"/>
</LocList>
</BasicStmnt>
<BasicStmnt CovItemId="S35" CovItemPrefix="my.PSM.PSM_Storage.MySQLManager.java" Intrnl_Id="1339">
<LocList>
<Loc EndOffset="2665" SrcFileId="9" StartOffset="2627"/>
</LocList>
</BasicStmnt>
<BasicStmnt CovItemId="S36" CovItemPrefix="my.PSM.PSM_Storage.MySQLManager.java" Intrnl_Id="1340">
<LocList>
<Loc EndOffset="2728" SrcFileId="9" StartOffset="2679"/>
</LocList>
</BasicStmnt>
<BasicStmnt CovItemId="S37" CovItemPrefix="my.PSM.PSM_Storage.MySQLManager.java" Intrnl_Id="1341">
<LocList>
<Loc EndOffset="2775" SrcFileId="9" StartOffset="2742"/>
</LocList>
</BasicStmnt>
<LoopStmnt CovItemId="S38" CovItemPrefix="my.PSM.PSM_Storage.MySQLManager.java" Intrnl_Id="1342" MltplExecId="L2-2" MltplExecPrefix="my.PSM.PSM_Storage.MySQLManager.java" NvrExecId="L2-0" NvrExecPrefix="my.PSM.PSM_Storage.MySQLManager.java" OnceExecutedId="L2-1" OnceExecutedPrefix="my.PSM.PSM_Storage.MySQLManager.java" OptBodyExec="true">
<StmntSeq Intrnl_Id="1343">
<LocList>
<Loc EndOffset="2893" SrcFileId="9" StartOffset="2853"/>
</LocList>
<BasicStmnt CovItemId="S39" CovItemPrefix="my.PSM.PSM_Storage.MySQLManager.java" Intrnl_Id="1344">
<LocList>
<Loc EndOffset="2893" SrcFileId="9" StartOffset="2853"/>
</LocList>
</BasicStmnt>
</StmntSeq>
<Keyword EndOffset="2808" SrcFileId="9" StartOffset="2803"/>
<LocList>
<Loc EndOffset="2915" SrcFileId="9" StartOffset="2803"/>
</LocList>
<RootTerm CovItemId="C3" CovItemPrefix="my.PSM.PSM_Storage.MySQLManager.java" Intrnl_Id="1345">
<BasicBoolTerm Intrnl_Id="1346">
<LocList>
<Loc EndOffset="2819" SrcFileId="9" StartOffset="2809"/>
</LocList>
</BasicBoolTerm>
</RootTerm>
</LoopStmnt>
<CondStmnt CovItemId="S34" CovItemPrefix="my.PSM.PSM_Storage.MySQLManager.java" Intrnl_Id="1347">
<Branch CovItemId="B11" CovItemPrefix="my.PSM.PSM_Storage.MySQLManager.java" Implct="true" Intrnl_Id="1348">
<Cond/>
<LocList/>
<StmntSeq Intrnl_Id="1349">
<LocList/>
</StmntSeq>
</Branch>
<Branch CovItemId="B12" CovItemPrefix="my.PSM.PSM_Storage.MySQLManager.java" Implct="false" Intrnl_Id="1350">
<Cond>
<Loc EndOffset="2982" SrcFileId="9" StartOffset="2964"/>
</Cond>
<LocList>
<Loc EndOffset="3038" SrcFileId="9" StartOffset="2992"/>
</LocList>
<StmntSeq Intrnl_Id="1351">
<LocList>
<Loc EndOffset="3027" SrcFileId="9" StartOffset="3007"/>
</LocList>
<BasicStmnt CovItemId="S40" CovItemPrefix="my.PSM.PSM_Storage.MySQLManager.java" Intrnl_Id="1352">
<LocList>
<Loc EndOffset="3027" SrcFileId="9" StartOffset="3007"/>
</LocList>
</BasicStmnt>
</StmntSeq>
</Branch>
<Keyword EndOffset="2612" SrcFileId="9" StartOffset="2609"/>
<LocList>
<Loc EndOffset="3038" SrcFileId="9" StartOffset="2609"/>
</LocList>
</CondStmnt>
<BasicStmnt CovItemId="S41" CovItemPrefix="my.PSM.PSM_Storage.MySQLManager.java" Intrnl_Id="1353">
<LocList>
<Loc EndOffset="3067" SrcFileId="9" StartOffset="3049"/>
</LocList>
</BasicStmnt>
</StmntSeq>
</HierarchyLvl>
<HierarchyLvl HierarchyLvlId="14366" HierarchyLvlTypeId="31" Intrnl_Id="1354" Name="fetchCourseSubj">
<Header>
<Loc EndOffset="3120" SrcFileId="9" StartOffset="3077"/>
</Header>
<LocList>
<Loc EndOffset="3775" SrcFileId="9" StartOffset="3077"/>
</LocList>
<StmntSeq Intrnl_Id="1355">
<LocList>
<Loc EndOffset="3252" SrcFileId="9" StartOffset="3214"/>
<Loc EndOffset="3468" SrcFileId="9" StartOffset="3380"/>
<Loc EndOffset="3515" SrcFileId="9" StartOffset="3482"/>
<Loc EndOffset="3540" SrcFileId="9" StartOffset="3529"/>
<Loc EndOffset="3627" SrcFileId="9" StartOffset="3588"/>
<Loc EndOffset="3759" SrcFileId="9" StartOffset="3196"/>
</LocList>
<BasicStmnt CovItemId="S43" CovItemPrefix="my.PSM.PSM_Storage.MySQLManager.java" Intrnl_Id="1356">
<LocList>
<Loc EndOffset="3252" SrcFileId="9" StartOffset="3214"/>
</LocList>
</BasicStmnt>
<BasicStmnt CovItemId="S44" CovItemPrefix="my.PSM.PSM_Storage.MySQLManager.java" Intrnl_Id="1357">
<LocList>
<Loc EndOffset="3468" SrcFileId="9" StartOffset="3380"/>
</LocList>
</BasicStmnt>
<BasicStmnt CovItemId="S45" CovItemPrefix="my.PSM.PSM_Storage.MySQLManager.java" Intrnl_Id="1358">
<LocList>
<Loc EndOffset="3515" SrcFileId="9" StartOffset="3482"/>
</LocList>
</BasicStmnt>
<BasicStmnt CovItemId="S46" CovItemPrefix="my.PSM.PSM_Storage.MySQLManager.java" Intrnl_Id="1359">
<LocList>
<Loc EndOffset="3540" SrcFileId="9" StartOffset="3529"/>
</LocList>
</BasicStmnt>
<BasicStmnt CovItemId="S47" CovItemPrefix="my.PSM.PSM_Storage.MySQLManager.java" Intrnl_Id="1360">
<LocList>
<Loc EndOffset="3627" SrcFileId="9" StartOffset="3588"/>
</LocList>
</BasicStmnt>
<CondStmnt CovItemId="S42" CovItemPrefix="my.PSM.PSM_Storage.MySQLManager.java" Intrnl_Id="1361">
<Branch CovItemId="B13" CovItemPrefix="my.PSM.PSM_Storage.MySQLManager.java" Implct="true" Intrnl_Id="1362">
<Cond/>
<LocList/>
<StmntSeq Intrnl_Id="1363">
<LocList/>
</StmntSeq>
</Branch>
<Branch CovItemId="B14" CovItemPrefix="my.PSM.PSM_Storage.MySQLManager.java" Implct="false" Intrnl_Id="1364">
<Cond>
<Loc EndOffset="3687" SrcFileId="9" StartOffset="3669"/>
</Cond>
<LocList>
<Loc EndOffset="3759" SrcFileId="9" StartOffset="3687"/>
</LocList>
<StmntSeq Intrnl_Id="1365">
<LocList>
<Loc EndOffset="3722" SrcFileId="9" StartOffset="3702"/>
<Loc EndOffset="3748" SrcFileId="9" StartOffset="3736"/>
</LocList>
<BasicStmnt CovItemId="S48" CovItemPrefix="my.PSM.PSM_Storage.MySQLManager.java" Intrnl_Id="1366">
<LocList>
<Loc EndOffset="3722" SrcFileId="9" StartOffset="3702"/>
</LocList>
</BasicStmnt>
<BasicStmnt CovItemId="S49" CovItemPrefix="my.PSM.PSM_Storage.MySQLManager.java" Intrnl_Id="1367">
<LocList>
<Loc EndOffset="3748" SrcFileId="9" StartOffset="3736"/>
</LocList>
</BasicStmnt>
</StmntSeq>
</Branch>
<Keyword EndOffset="3199" SrcFileId="9" StartOffset="3196"/>
<LocList>
<Loc EndOffset="3759" SrcFileId="9" StartOffset="3196"/>
</LocList>
</CondStmnt>
</StmntSeq>
</HierarchyLvl>
<HierarchyLvl HierarchyLvlId="14367" HierarchyLvlTypeId="31" Intrnl_Id="1368" Name="fetchCourseName">
<Header>
<Loc EndOffset="3830" SrcFileId="9" StartOffset="3787"/>
</Header>
<LocList>
<Loc EndOffset="4479" SrcFileId="9" StartOffset="3787"/>
</LocList>
<StmntSeq Intrnl_Id="1369">
<LocList>
<Loc EndOffset="3962" SrcFileId="9" StartOffset="3924"/>
<Loc EndOffset="4175" SrcFileId="9" StartOffset="4090"/>
<Loc EndOffset="4222" SrcFileId="9" StartOffset="4189"/>
<Loc EndOffset="4247" SrcFileId="9" StartOffset="4236"/>
<Loc EndOffset="4331" SrcFileId="9" StartOffset="4295"/>
<Loc EndOffset="4463" SrcFileId="9" StartOffset="3906"/>
</LocList>
<BasicStmnt CovItemId="S51" CovItemPrefix="my.PSM.PSM_Storage.MySQLManager.java" Intrnl_Id="1370">
<LocList>
<Loc EndOffset="3962" SrcFileId="9" StartOffset="3924"/>
</LocList>
</BasicStmnt>
<BasicStmnt CovItemId="S52" CovItemPrefix="my.PSM.PSM_Storage.MySQLManager.java" Intrnl_Id="1371">
<LocList>
<Loc EndOffset="4175" SrcFileId="9" StartOffset="4090"/>
</LocList>
</BasicStmnt>
<BasicStmnt CovItemId="S53" CovItemPrefix="my.PSM.PSM_Storage.MySQLManager.java" Intrnl_Id="1372">
<LocList>
<Loc EndOffset="4222" SrcFileId="9" StartOffset="4189"/>
</LocList>
</BasicStmnt>
<BasicStmnt CovItemId="S54" CovItemPrefix="my.PSM.PSM_Storage.MySQLManager.java" Intrnl_Id="1373">
<LocList>
<Loc EndOffset="4247" SrcFileId="9" StartOffset="4236"/>
</LocList>
</BasicStmnt>
<BasicStmnt CovItemId="S55" CovItemPrefix="my.PSM.PSM_Storage.MySQLManager.java" Intrnl_Id="1374">
<LocList>
<Loc EndOffset="4331" SrcFileId="9" StartOffset="4295"/>
</LocList>
</BasicStmnt>
<CondStmnt CovItemId="S50" CovItemPrefix="my.PSM.PSM_Storage.MySQLManager.java" Intrnl_Id="1375">
<Branch CovItemId="B15" CovItemPrefix="my.PSM.PSM_Storage.MySQLManager.java" Implct="true" Intrnl_Id="1376">
<Cond/>
<LocList/>
<StmntSeq Intrnl_Id="1377">
<LocList/>
</StmntSeq>
</Branch>
<Branch CovItemId="B16" CovItemPrefix="my.PSM.PSM_Storage.MySQLManager.java" Implct="false" Intrnl_Id="1378">
<Cond>
<Loc EndOffset="4391" SrcFileId="9" StartOffset="4373"/>
</Cond>
<LocList>
<Loc EndOffset="4463" SrcFileId="9" StartOffset="4391"/>
</LocList>
<StmntSeq Intrnl_Id="1379">
<LocList>
<Loc EndOffset="4426" SrcFileId="9" StartOffset="4406"/>
<Loc EndOffset="4452" SrcFileId="9" StartOffset="4440"/>
</LocList>
<BasicStmnt CovItemId="S56" CovItemPrefix="my.PSM.PSM_Storage.MySQLManager.java" Intrnl_Id="1380">
<LocList>
<Loc EndOffset="4426" SrcFileId="9" StartOffset="4406"/>
</LocList>
</BasicStmnt>
<BasicStmnt CovItemId="S57" CovItemPrefix="my.PSM.PSM_Storage.MySQLManager.java" Intrnl_Id="1381">
<LocList>
<Loc EndOffset="4452" SrcFileId="9" StartOffset="4440"/>
</LocList>
</BasicStmnt>
</StmntSeq>
</Branch>
<Keyword EndOffset="3909" SrcFileId="9" StartOffset="3906"/>
<LocList>
<Loc EndOffset="4463" SrcFileId="9" StartOffset="3906"/>
</LocList>
</CondStmnt>
</StmntSeq>
</HierarchyLvl>
<HierarchyLvl HierarchyLvlId="14368" HierarchyLvlTypeId="31" Intrnl_Id="1382" Name="fetchCourseSemester">
<Header>
<Loc EndOffset="4538" SrcFileId="9" StartOffset="4491"/>
</Header>
<LocList>
<Loc EndOffset="5181" SrcFileId="9" StartOffset="4491"/>
</LocList>
<StmntSeq Intrnl_Id="1383">
<LocList>
<Loc EndOffset="4670" SrcFileId="9" StartOffset="4632"/>
<Loc EndOffset="4880" SrcFileId="9" StartOffset="4798"/>
<Loc EndOffset="4927" SrcFileId="9" StartOffset="4894"/>
<Loc EndOffset="4952" SrcFileId="9" StartOffset="4941"/>
<Loc EndOffset="5033" SrcFileId="9" StartOffset="5000"/>
<Loc EndOffset="5165" SrcFileId="9" StartOffset="4614"/>
</LocList>
<BasicStmnt CovItemId="S59" CovItemPrefix="my.PSM.PSM_Storage.MySQLManager.java" Intrnl_Id="1384">
<LocList>
<Loc EndOffset="4670" SrcFileId="9" StartOffset="4632"/>
</LocList>
</BasicStmnt>
<BasicStmnt CovItemId="S60" CovItemPrefix="my.PSM.PSM_Storage.MySQLManager.java" Intrnl_Id="1385">
<LocList>
<Loc EndOffset="4880" SrcFileId="9" StartOffset="4798"/>
</LocList>
</BasicStmnt>
<BasicStmnt CovItemId="S61" CovItemPrefix="my.PSM.PSM_Storage.MySQLManager.java" Intrnl_Id="1386">
<LocList>
<Loc EndOffset="4927" SrcFileId="9" StartOffset="4894"/>
</LocList>
</BasicStmnt>
<BasicStmnt CovItemId="S62" CovItemPrefix="my.PSM.PSM_Storage.MySQLManager.java" Intrnl_Id="1387">
<LocList>
<Loc EndOffset="4952" SrcFileId="9" StartOffset="4941"/>
</LocList>
</BasicStmnt>
<BasicStmnt CovItemId="S63" CovItemPrefix="my.PSM.PSM_Storage.MySQLManager.java" Intrnl_Id="1388">
<LocList>
<Loc EndOffset="5033" SrcFileId="9" StartOffset="5000"/>
</LocList>
</BasicStmnt>
<CondStmnt CovItemId="S58" CovItemPrefix="my.PSM.PSM_Storage.MySQLManager.java" Intrnl_Id="1389">
<Branch CovItemId="B17" CovItemPrefix="my.PSM.PSM_Storage.MySQLManager.java" Implct="true" Intrnl_Id="1390">
<Cond/>
<LocList/>
<StmntSeq Intrnl_Id="1391">
<LocList/>
</StmntSeq>
</Branch>
<Branch CovItemId="B18" CovItemPrefix="my.PSM.PSM_Storage.MySQLManager.java" Implct="false" Intrnl_Id="1392">
<Cond>
<Loc EndOffset="5093" SrcFileId="9" StartOffset="5075"/>
</Cond>
<LocList>
<Loc EndOffset="5165" SrcFileId="9" StartOffset="5093"/>
</LocList>
<StmntSeq Intrnl_Id="1393">
<LocList>
<Loc EndOffset="5128" SrcFileId="9" StartOffset="5108"/>
<Loc EndOffset="5154" SrcFileId="9" StartOffset="5142"/>
</LocList>
<BasicStmnt CovItemId="S64" CovItemPrefix="my.PSM.PSM_Storage.MySQLManager.java" Intrnl_Id="1394">
<LocList>
<Loc EndOffset="5128" SrcFileId="9" StartOffset="5108"/>
</LocList>
</BasicStmnt>
<BasicStmnt CovItemId="S65" CovItemPrefix="my.PSM.PSM_Storage.MySQLManager.java" Intrnl_Id="1395">
<LocList>
<Loc EndOffset="5154" SrcFileId="9" StartOffset="5142"/>
</LocList>
</BasicStmnt>
</StmntSeq>
</Branch>
<Keyword EndOffset="4617" SrcFileId="9" StartOffset="4614"/>
<LocList>
<Loc EndOffset="5165" SrcFileId="9" StartOffset="4614"/>
</LocList>
</CondStmnt>
</StmntSeq>
</HierarchyLvl>
<HierarchyLvl HierarchyLvlId="14369" HierarchyLvlTypeId="31" Intrnl_Id="1396" Name="fetchCourseStart">
<Header>
<Loc EndOffset="5237" SrcFileId="9" StartOffset="5193"/>
</Header>
<LocList>
<Loc EndOffset="5884" SrcFileId="9" StartOffset="5193"/>
</LocList>
<StmntSeq Intrnl_Id="1397">
<LocList>
<Loc EndOffset="5369" SrcFileId="9" StartOffset="5331"/>
<Loc EndOffset="5581" SrcFileId="9" StartOffset="5497"/>
<Loc EndOffset="5628" SrcFileId="9" StartOffset="5595"/>
<Loc EndOffset="5653" SrcFileId="9" StartOffset="5642"/>
<Loc EndOffset="5736" SrcFileId="9" StartOffset="5701"/>
<Loc EndOffset="5868" SrcFileId="9" StartOffset="5313"/>
</LocList>
<BasicStmnt CovItemId="S67" CovItemPrefix="my.PSM.PSM_Storage.MySQLManager.java" Intrnl_Id="1398">
<LocList>
<Loc EndOffset="5369" SrcFileId="9" StartOffset="5331"/>
</LocList>
</BasicStmnt>
<BasicStmnt CovItemId="S68" CovItemPrefix="my.PSM.PSM_Storage.MySQLManager.java" Intrnl_Id="1399">
<LocList>
<Loc EndOffset="5581" SrcFileId="9" StartOffset="5497"/>
</LocList>
</BasicStmnt>
<BasicStmnt CovItemId="S69" CovItemPrefix="my.PSM.PSM_Storage.MySQLManager.java" Intrnl_Id="1400">
<LocList>
<Loc EndOffset="5628" SrcFileId="9" StartOffset="5595"/>
</LocList>
</BasicStmnt>
<BasicStmnt CovItemId="S70" CovItemPrefix="my.PSM.PSM_Storage.MySQLManager.java" Intrnl_Id="1401">
<LocList>
<Loc EndOffset="5653" SrcFileId="9" StartOffset="5642"/>
</LocList>
</BasicStmnt>
<BasicStmnt CovItemId="S71" CovItemPrefix="my.PSM.PSM_Storage.MySQLManager.java" Intrnl_Id="1402">
<LocList>
<Loc EndOffset="5736" SrcFileId="9" StartOffset="5701"/>
</LocList>
</BasicStmnt>
<CondStmnt CovItemId="S66" CovItemPrefix="my.PSM.PSM_Storage.MySQLManager.java" Intrnl_Id="1403">
<Branch CovItemId="B19" CovItemPrefix="my.PSM.PSM_Storage.MySQLManager.java" Implct="true" Intrnl_Id="1404">
<Cond/>
<LocList/>
<StmntSeq Intrnl_Id="1405">
<LocList/>
</StmntSeq>
</Branch>
<Branch CovItemId="B20" CovItemPrefix="my.PSM.PSM_Storage.MySQLManager.java" Implct="false" Intrnl_Id="1406">
<Cond>
<Loc EndOffset="5796" SrcFileId="9" StartOffset="5778"/>
</Cond>
<LocList>
<Loc EndOffset="5868" SrcFileId="9" StartOffset="5796"/>
</LocList>
<StmntSeq Intrnl_Id="1407">
<LocList>
<Loc EndOffset="5831" SrcFileId="9" StartOffset="5811"/>
<Loc EndOffset="5857" SrcFileId="9" StartOffset="5845"/>
</LocList>
<BasicStmnt CovItemId="S72" CovItemPrefix="my.PSM.PSM_Storage.MySQLManager.java" Intrnl_Id="1408">
<LocList>
<Loc EndOffset="5831" SrcFileId="9" StartOffset="5811"/>
</LocList>
</BasicStmnt>
<BasicStmnt CovItemId="S73" CovItemPrefix="my.PSM.PSM_Storage.MySQLManager.java" Intrnl_Id="1409">
<LocList>
<Loc EndOffset="5857" SrcFileId="9" StartOffset="5845"/>
</LocList>
</BasicStmnt>
</StmntSeq>
</Branch>
<Keyword EndOffset="5316" SrcFileId="9" StartOffset="5313"/>
<LocList>
<Loc EndOffset="5868" SrcFileId="9" StartOffset="5313"/>
</LocList>
</CondStmnt>
</StmntSeq>
</HierarchyLvl>
<HierarchyLvl HierarchyLvlId="14370" HierarchyLvlTypeId="31" Intrnl_Id="1410" Name="fetchCourseEnd">
<Header>
<Loc EndOffset="5938" SrcFileId="9" StartOffset="5896"/>
</Header>
<LocList>
<Loc EndOffset="6615" SrcFileId="9" StartOffset="5896"/>
</LocList>
<StmntSeq Intrnl_Id="1411">
<LocList>
<Loc EndOffset="6079" SrcFileId="9" StartOffset="6041"/>
<Loc EndOffset="6289" SrcFileId="9" StartOffset="6207"/>
<Loc EndOffset="6336" SrcFileId="9" StartOffset="6303"/>
<Loc EndOffset="6361" SrcFileId="9" StartOffset="6350"/>
<Loc EndOffset="6436" SrcFileId="9" StartOffset="6391"/>
<Loc EndOffset="6488" SrcFileId="9" StartOffset="6471"/>
<Loc EndOffset="6599" SrcFileId="9" StartOffset="6023"/>
</LocList>
<BasicStmnt CovItemId="S75" CovItemPrefix="my.PSM.PSM_Storage.MySQLManager.java" Intrnl_Id="1412">
<LocList>
<Loc EndOffset="6079" SrcFileId="9" StartOffset="6041"/>
</LocList>
</BasicStmnt>
<BasicStmnt CovItemId="S76" CovItemPrefix="my.PSM.PSM_Storage.MySQLManager.java" Intrnl_Id="1413">
<LocList>
<Loc EndOffset="6289" SrcFileId="9" StartOffset="6207"/>
</LocList>
</BasicStmnt>
<BasicStmnt CovItemId="S77" CovItemPrefix="my.PSM.PSM_Storage.MySQLManager.java" Intrnl_Id="1414">
<LocList>
<Loc EndOffset="6336" SrcFileId="9" StartOffset="6303"/>
</LocList>
</BasicStmnt>
<BasicStmnt CovItemId="S78" CovItemPrefix="my.PSM.PSM_Storage.MySQLManager.java" Intrnl_Id="1415">
<LocList>
<Loc EndOffset="6361" SrcFileId="9" StartOffset="6350"/>
</LocList>
</BasicStmnt>
<BasicStmnt CovItemId="S79" CovItemPrefix="my.PSM.PSM_Storage.MySQLManager.java" Intrnl_Id="1416">
<LocList>
<Loc EndOffset="6436" SrcFileId="9" StartOffset="6391"/>
</LocList>
</BasicStmnt>
<BasicStmnt CovItemId="S80" CovItemPrefix="my.PSM.PSM_Storage.MySQLManager.java" Intrnl_Id="1417">
<LocList>
<Loc EndOffset="6488" SrcFileId="9" StartOffset="6471"/>
</LocList>
</BasicStmnt>
<CondStmnt CovItemId="S74" CovItemPrefix="my.PSM.PSM_Storage.MySQLManager.java" Intrnl_Id="1418">
<Branch CovItemId="B21" CovItemPrefix="my.PSM.PSM_Storage.MySQLManager.java" Implct="true" Intrnl_Id="1419">
<Cond/>
<LocList/>
<StmntSeq Intrnl_Id="1420">
<LocList/>
</StmntSeq>
</Branch>
<Branch CovItemId="B22" CovItemPrefix="my.PSM.PSM_Storage.MySQLManager.java" Implct="false" Intrnl_Id="1421">
<Cond>
<Loc EndOffset="6527" SrcFileId="9" StartOffset="6509"/>
</Cond>
<LocList>
<Loc EndOffset="6599" SrcFileId="9" StartOffset="6527"/>
</LocList>
<StmntSeq Intrnl_Id="1422">
<LocList>
<Loc EndOffset="6562" SrcFileId="9" StartOffset="6542"/>
<Loc EndOffset="6588" SrcFileId="9" StartOffset="6576"/>
</LocList>
<BasicStmnt CovItemId="S81" CovItemPrefix="my.PSM.PSM_Storage.MySQLManager.java" Intrnl_Id="1423">
<LocList>
<Loc EndOffset="6562" SrcFileId="9" StartOffset="6542"/>
</LocList>
</BasicStmnt>
<BasicStmnt CovItemId="S82" CovItemPrefix="my.PSM.PSM_Storage.MySQLManager.java" Intrnl_Id="1424">
<LocList>
<Loc EndOffset="6588" SrcFileId="9" StartOffset="6576"/>
</LocList>
</BasicStmnt>
</StmntSeq>
</Branch>
<Keyword EndOffset="6026" SrcFileId="9" StartOffset="6023"/>
<LocList>
<Loc EndOffset="6599" SrcFileId="9" StartOffset="6023"/>
</LocList>
</CondStmnt>
</StmntSeq>
</HierarchyLvl>
<HierarchyLvl HierarchyLvlId="14371" HierarchyLvlTypeId="31" Intrnl_Id="1425" Name="fetchStartMon">
<Header>
<Loc EndOffset="6668" SrcFileId="9" StartOffset="6627"/>
</Header>
<LocList>
<Loc EndOffset="7122" SrcFileId="9" StartOffset="6627"/>
</LocList>
<StmntSeq Intrnl_Id="1426">
<LocList>
<Loc EndOffset="6741" SrcFileId="9" StartOffset="6703"/>
<Loc EndOffset="6838" SrcFileId="9" StartOffset="6755"/>
<Loc EndOffset="6885" SrcFileId="9" StartOffset="6852"/>
<Loc EndOffset="6910" SrcFileId="9" StartOffset="6899"/>
<Loc EndOffset="6958" SrcFileId="9" StartOffset="6924"/>
<Loc EndOffset="7115" SrcFileId="9" StartOffset="6685"/>
</LocList>
<BasicStmnt CovItemId="S84" CovItemPrefix="my.PSM.PSM_Storage.MySQLManager.java" Intrnl_Id="1427">
<LocList>
<Loc EndOffset="6741" SrcFileId="9" StartOffset="6703"/>
</LocList>
</BasicStmnt>
<BasicStmnt CovItemId="S85" CovItemPrefix="my.PSM.PSM_Storage.MySQLManager.java" Intrnl_Id="1428">
<LocList>
<Loc EndOffset="6838" SrcFileId="9" StartOffset="6755"/>
</LocList>
</BasicStmnt>
<BasicStmnt CovItemId="S86" CovItemPrefix="my.PSM.PSM_Storage.MySQLManager.java" Intrnl_Id="1429">
<LocList>
<Loc EndOffset="6885" SrcFileId="9" StartOffset="6852"/>
</LocList>
</BasicStmnt>
<BasicStmnt CovItemId="S87" CovItemPrefix="my.PSM.PSM_Storage.MySQLManager.java" Intrnl_Id="1430">
<LocList>
<Loc EndOffset="6910" SrcFileId="9" StartOffset="6899"/>
</LocList>
</BasicStmnt>
<BasicStmnt CovItemId="S88" CovItemPrefix="my.PSM.PSM_Storage.MySQLManager.java" Intrnl_Id="1431">
<LocList>
<Loc EndOffset="6958" SrcFileId="9" StartOffset="6924"/>
</LocList>
</BasicStmnt>
<CondStmnt CovItemId="S83" CovItemPrefix="my.PSM.PSM_Storage.MySQLManager.java" Intrnl_Id="1432">
<Branch CovItemId="B23" CovItemPrefix="my.PSM.PSM_Storage.MySQLManager.java" Implct="true" Intrnl_Id="1433">
<Cond/>
<LocList/>
<StmntSeq Intrnl_Id="1434">
<LocList/>
</StmntSeq>
</Branch>
<Branch CovItemId="B24" CovItemPrefix="my.PSM.PSM_Storage.MySQLManager.java" Implct="false" Intrnl_Id="1435">
<Cond>
<Loc EndOffset="7019" SrcFileId="9" StartOffset="7001"/>
</Cond>
<LocList>
<Loc EndOffset="7115" SrcFileId="9" StartOffset="7029"/>
</LocList>
<StmntSeq Intrnl_Id="1436">
<LocList>
<Loc EndOffset="7064" SrcFileId="9" StartOffset="7044"/>
<Loc EndOffset="7104" SrcFileId="9" StartOffset="7092"/>
</LocList>
<BasicStmnt CovItemId="S89" CovItemPrefix="my.PSM.PSM_Storage.MySQLManager.java" Intrnl_Id="1437">
<LocList>
<Loc EndOffset="7064" SrcFileId="9" StartOffset="7044"/>
</LocList>
</BasicStmnt>
<BasicStmnt CovItemId="S90" CovItemPrefix="my.PSM.PSM_Storage.MySQLManager.java" Intrnl_Id="1438">
<LocList>
<Loc EndOffset="7104" SrcFileId="9" StartOffset="7092"/>
</LocList>
</BasicStmnt>
</StmntSeq>
</Branch>
<Keyword EndOffset="6688" SrcFileId="9" StartOffset="6685"/>
<LocList>
<Loc EndOffset="7115" SrcFileId="9" StartOffset="6685"/>
</LocList>
</CondStmnt>
</StmntSeq>
</HierarchyLvl>
<HierarchyLvl HierarchyLvlId="14372" HierarchyLvlTypeId="31" Intrnl_Id="1439" Name="fetchEndMon">
<Header>
<Loc EndOffset="7173" SrcFileId="9" StartOffset="7134"/>
</Header>
<LocList>
<Loc EndOffset="7601" SrcFileId="9" StartOffset="7134"/>
</LocList>
<StmntSeq Intrnl_Id="1440">
<LocList>
<Loc EndOffset="7246" SrcFileId="9" StartOffset="7208"/>
<Loc EndOffset="7341" SrcFileId="9" StartOffset="7260"/>
<Loc EndOffset="7388" SrcFileId="9" StartOffset="7355"/>
<Loc EndOffset="7413" SrcFileId="9" StartOffset="7402"/>
<Loc EndOffset="7459" SrcFileId="9" StartOffset="7427"/>
<Loc EndOffset="7594" SrcFileId="9" StartOffset="7190"/>
</LocList>
<BasicStmnt CovItemId="S92" CovItemPrefix="my.PSM.PSM_Storage.MySQLManager.java" Intrnl_Id="1441">
<LocList>
<Loc EndOffset="7246" SrcFileId="9" StartOffset="7208"/>
</LocList>
</BasicStmnt>
<BasicStmnt CovItemId="S93" CovItemPrefix="my.PSM.PSM_Storage.MySQLManager.java" Intrnl_Id="1442">
<LocList>
<Loc EndOffset="7341" SrcFileId="9" StartOffset="7260"/>
</LocList>
</BasicStmnt>
<BasicStmnt CovItemId="S94" CovItemPrefix="my.PSM.PSM_Storage.MySQLManager.java" Intrnl_Id="1443">
<LocList>
<Loc EndOffset="7388" SrcFileId="9" StartOffset="7355"/>
</LocList>
</BasicStmnt>
<BasicStmnt CovItemId="S95" CovItemPrefix="my.PSM.PSM_Storage.MySQLManager.java" Intrnl_Id="1444">
<LocList>
<Loc EndOffset="7413" SrcFileId="9" StartOffset="7402"/>
</LocList>
</BasicStmnt>
<BasicStmnt CovItemId="S96" CovItemPrefix="my.PSM.PSM_Storage.MySQLManager.java" Intrnl_Id="1445">
<LocList>
<Loc EndOffset="7459" SrcFileId="9" StartOffset="7427"/>
</LocList>
</BasicStmnt>
<CondStmnt CovItemId="S91" CovItemPrefix="my.PSM.PSM_Storage.MySQLManager.java" Intrnl_Id="1446">
<Branch CovItemId="B25" CovItemPrefix="my.PSM.PSM_Storage.MySQLManager.java" Implct="true" Intrnl_Id="1447">
<Cond/>
<LocList/>
<StmntSeq Intrnl_Id="1448">
<LocList/>
</StmntSeq>
</Branch>
<Branch CovItemId="B26" CovItemPrefix="my.PSM.PSM_Storage.MySQLManager.java" Implct="false" Intrnl_Id="1449">
<Cond>
<Loc EndOffset="7512" SrcFileId="9" StartOffset="7494"/>
</Cond>
<LocList>
<Loc EndOffset="7594" SrcFileId="9" StartOffset="7522"/>
</LocList>
<StmntSeq Intrnl_Id="1450">
<LocList>
<Loc EndOffset="7557" SrcFileId="9" StartOffset="7537"/>
<Loc EndOffset="7583" SrcFileId="9" StartOffset="7571"/>
</LocList>
<BasicStmnt CovItemId="S97" CovItemPrefix="my.PSM.PSM_Storage.MySQLManager.java" Intrnl_Id="1451">
<LocList>
<Loc EndOffset="7557" SrcFileId="9" StartOffset="7537"/>
</LocList>
</BasicStmnt>
<BasicStmnt CovItemId="S98" CovItemPrefix="my.PSM.PSM_Storage.MySQLManager.java" Intrnl_Id="1452">
<LocList>
<Loc EndOffset="7583" SrcFileId="9" StartOffset="7571"/>
</LocList>
</BasicStmnt>
</StmntSeq>
</Branch>
<Keyword EndOffset="7193" SrcFileId="9" StartOffset="7190"/>
<LocList>
<Loc EndOffset="7594" SrcFileId="9" StartOffset="7190"/>
</LocList>
</CondStmnt>
</StmntSeq>
</HierarchyLvl>
<HierarchyLvl HierarchyLvlId="14373" HierarchyLvlTypeId="31" Intrnl_Id="1453" Name="fetchStartTue">
<Header>
<Loc EndOffset="7654" SrcFileId="9" StartOffset="7613"/>
</Header>
<LocList>
<Loc EndOffset="8098" SrcFileId="9" StartOffset="7613"/>
</LocList>
<StmntSeq Intrnl_Id="1454">
<LocList>
<Loc EndOffset="7727" SrcFileId="9" StartOffset="7689"/>
<Loc EndOffset="7824" SrcFileId="9" StartOffset="7741"/>
<Loc EndOffset="7871" SrcFileId="9" StartOffset="7838"/>
<Loc EndOffset="7896" SrcFileId="9" StartOffset="7885"/>
<Loc EndOffset="7944" SrcFileId="9" StartOffset="7910"/>
<Loc EndOffset="8091" SrcFileId="9" StartOffset="7671"/>
</LocList>
<BasicStmnt CovItemId="S100" CovItemPrefix="my.PSM.PSM_Storage.MySQLManager.java" Intrnl_Id="1455">
<LocList>
<Loc EndOffset="7727" SrcFileId="9" StartOffset="7689"/>
</LocList>
</BasicStmnt>
<BasicStmnt CovItemId="S101" CovItemPrefix="my.PSM.PSM_Storage.MySQLManager.java" Intrnl_Id="1456">
<LocList>
<Loc EndOffset="7824" SrcFileId="9" StartOffset="7741"/>
</LocList>
</BasicStmnt>
<BasicStmnt CovItemId="S102" CovItemPrefix="my.PSM.PSM_Storage.MySQLManager.java" Intrnl_Id="1457">
<LocList>
<Loc EndOffset="7871" SrcFileId="9" StartOffset="7838"/>
</LocList>
</BasicStmnt>
<BasicStmnt CovItemId="S103" CovItemPrefix="my.PSM.PSM_Storage.MySQLManager.java" Intrnl_Id="1458">
<LocList>
<Loc EndOffset="7896" SrcFileId="9" StartOffset="7885"/>
</LocList>
</BasicStmnt>
<BasicStmnt CovItemId="S104" CovItemPrefix="my.PSM.PSM_Storage.MySQLManager.java" Intrnl_Id="1459">
<LocList>
<Loc EndOffset="7944" SrcFileId="9" StartOffset="7910"/>
</LocList>
</BasicStmnt>
<CondStmnt CovItemId="S99" CovItemPrefix="my.PSM.PSM_Storage.MySQLManager.java" Intrnl_Id="1460">
<Branch CovItemId="B27" CovItemPrefix="my.PSM.PSM_Storage.MySQLManager.java" Implct="true" Intrnl_Id="1461">
<Cond/>
<LocList/>
<StmntSeq Intrnl_Id="1462">
<LocList/>
</StmntSeq>
</Branch>
<Branch CovItemId="B28" CovItemPrefix="my.PSM.PSM_Storage.MySQLManager.java" Implct="false" Intrnl_Id="1463">
<Cond>
<Loc EndOffset="7997" SrcFileId="9" StartOffset="7979"/>
</Cond>
<LocList>
<Loc EndOffset="8091" SrcFileId="9" StartOffset="8007"/>
</LocList>
<StmntSeq Intrnl_Id="1464">
<LocList>
<Loc EndOffset="8042" SrcFileId="9" StartOffset="8022"/>
<Loc EndOffset="8080" SrcFileId="9" StartOffset="8070"/>
</LocList>
<BasicStmnt CovItemId="S105" CovItemPrefix="my.PSM.PSM_Storage.MySQLManager.java" Intrnl_Id="1465">
<LocList>
<Loc EndOffset="8042" SrcFileId="9" StartOffset="8022"/>
</LocList>
</BasicStmnt>
<BasicStmnt CovItemId="S106" CovItemPrefix="my.PSM.PSM_Storage.MySQLManager.java" Intrnl_Id="1466">
<LocList>
<Loc EndOffset="8080" SrcFileId="9" StartOffset="8070"/>
</LocList>
</BasicStmnt>
</StmntSeq>
</Branch>
<Keyword EndOffset="7674" SrcFileId="9" StartOffset="7671"/>
<LocList>
<Loc EndOffset="8091" SrcFileId="9" StartOffset="7671"/>
</LocList>
</CondStmnt>
</StmntSeq>
</HierarchyLvl>
<HierarchyLvl HierarchyLvlId="14374" HierarchyLvlTypeId="31" Intrnl_Id="1467" Name="fetchEndTue">
<Header>
<Loc EndOffset="8149" SrcFileId="9" StartOffset="8110"/>
</Header>
<LocList>
<Loc EndOffset="8577" SrcFileId="9" StartOffset="8110"/>
</LocList>
<StmntSeq Intrnl_Id="1468">
<LocList>
<Loc EndOffset="8222" SrcFileId="9" StartOffset="8184"/>
<Loc EndOffset="8317" SrcFileId="9" StartOffset="8236"/>
<Loc EndOffset="8364" SrcFileId="9" StartOffset="8331"/>
<Loc EndOffset="8389" SrcFileId="9" StartOffset="8378"/>
<Loc EndOffset="8435" SrcFileId="9" StartOffset="8403"/>
<Loc EndOffset="8570" SrcFileId="9" StartOffset="8166"/>
</LocList>
<BasicStmnt CovItemId="S108" CovItemPrefix="my.PSM.PSM_Storage.MySQLManager.java" Intrnl_Id="1469">
<LocList>
<Loc EndOffset="8222" SrcFileId="9" StartOffset="8184"/>
</LocList>
</BasicStmnt>
<BasicStmnt CovItemId="S109" CovItemPrefix="my.PSM.PSM_Storage.MySQLManager.java" Intrnl_Id="1470">
<LocList>
<Loc EndOffset="8317" SrcFileId="9" StartOffset="8236"/>
</LocList>
</BasicStmnt>
<BasicStmnt CovItemId="S110" CovItemPrefix="my.PSM.PSM_Storage.MySQLManager.java" Intrnl_Id="1471">
<LocList>
<Loc EndOffset="8364" SrcFileId="9" StartOffset="8331"/>
</LocList>
</BasicStmnt>
<BasicStmnt CovItemId="S111" CovItemPrefix="my.PSM.PSM_Storage.MySQLManager.java" Intrnl_Id="1472">
<LocList>
<Loc EndOffset="8389" SrcFileId="9" StartOffset="8378"/>
</LocList>
</BasicStmnt>
<BasicStmnt CovItemId="S112" CovItemPrefix="my.PSM.PSM_Storage.MySQLManager.java" Intrnl_Id="1473">
<LocList>
<Loc EndOffset="8435" SrcFileId="9" StartOffset="8403"/>
</LocList>
</BasicStmnt>
<CondStmnt CovItemId="S107" CovItemPrefix="my.PSM.PSM_Storage.MySQLManager.java" Intrnl_Id="1474">
<Branch CovItemId="B29" CovItemPrefix="my.PSM.PSM_Storage.MySQLManager.java" Implct="true" Intrnl_Id="1475">
<Cond/>
<LocList/>
<StmntSeq Intrnl_Id="1476">
<LocList/>
</StmntSeq>
</Branch>
<Branch CovItemId="B30" CovItemPrefix="my.PSM.PSM_Storage.MySQLManager.java" Implct="false" Intrnl_Id="1477">
<Cond>
<Loc EndOffset="8488" SrcFileId="9" StartOffset="8470"/>
</Cond>
<LocList>
<Loc EndOffset="8570" SrcFileId="9" StartOffset="8498"/>
</LocList>
<StmntSeq Intrnl_Id="1478">
<LocList>
<Loc EndOffset="8533" SrcFileId="9" StartOffset="8513"/>
<Loc EndOffset="8559" SrcFileId="9" StartOffset="8547"/>
</LocList>
<BasicStmnt CovItemId="S113" CovItemPrefix="my.PSM.PSM_Storage.MySQLManager.java" Intrnl_Id="1479">
<LocList>
<Loc EndOffset="8533" SrcFileId="9" StartOffset="8513"/>
</LocList>
</BasicStmnt>
<BasicStmnt CovItemId="S114" CovItemPrefix="my.PSM.PSM_Storage.MySQLManager.java" Intrnl_Id="1480">
<LocList>
<Loc EndOffset="8559" SrcFileId="9" StartOffset="8547"/>
</LocList>
</BasicStmnt>
</StmntSeq>
</Branch>
<Keyword EndOffset="8169" SrcFileId="9" StartOffset="8166"/>
<LocList>
<Loc EndOffset="8570" SrcFileId="9" StartOffset="8166"/>
</LocList>
</CondStmnt>
</StmntSeq>
</HierarchyLvl>
<HierarchyLvl HierarchyLvlId="14375" HierarchyLvlTypeId="31" Intrnl_Id="1481" Name="fetchStartWed">
<Header>
<Loc EndOffset="8626" SrcFileId="9" StartOffset="8585"/>
</Header>
<LocList>
<Loc EndOffset="9058" SrcFileId="9" StartOffset="8585"/>
</LocList>
<StmntSeq Intrnl_Id="1482">
<LocList>
<Loc EndOffset="8699" SrcFileId="9" StartOffset="8661"/>
<Loc EndOffset="8796" SrcFileId="9" StartOffset="8713"/>
<Loc EndOffset="8843" SrcFileId="9" StartOffset="8810"/>
<Loc EndOffset="8868" SrcFileId="9" StartOffset="8857"/>
<Loc EndOffset="8916" SrcFileId="9" StartOffset="8882"/>
<Loc EndOffset="9051" SrcFileId="9" StartOffset="8643"/>
</LocList>
<BasicStmnt CovItemId="S116" CovItemPrefix="my.PSM.PSM_Storage.MySQLManager.java" Intrnl_Id="1483">
<LocList>
<Loc EndOffset="8699" SrcFileId="9" StartOffset="8661"/>
</LocList>
</BasicStmnt>
<BasicStmnt CovItemId="S117" CovItemPrefix="my.PSM.PSM_Storage.MySQLManager.java" Intrnl_Id="1484">
<LocList>
<Loc EndOffset="8796" SrcFileId="9" StartOffset="8713"/>
</LocList>
</BasicStmnt>
<BasicStmnt CovItemId="S118" CovItemPrefix="my.PSM.PSM_Storage.MySQLManager.java" Intrnl_Id="1485">
<LocList>
<Loc EndOffset="8843" SrcFileId="9" StartOffset="8810"/>
</LocList>
</BasicStmnt>
<BasicStmnt CovItemId="S119" CovItemPrefix="my.PSM.PSM_Storage.MySQLManager.java" Intrnl_Id="1486">
<LocList>
<Loc EndOffset="8868" SrcFileId="9" StartOffset="8857"/>
</LocList>
</BasicStmnt>
<BasicStmnt CovItemId="S120" CovItemPrefix="my.PSM.PSM_Storage.MySQLManager.java" Intrnl_Id="1487">
<LocList>
<Loc EndOffset="8916" SrcFileId="9" StartOffset="8882"/>
</LocList>
</BasicStmnt>
<CondStmnt CovItemId="S115" CovItemPrefix="my.PSM.PSM_Storage.MySQLManager.java" Intrnl_Id="1488">
<Branch CovItemId="B31" CovItemPrefix="my.PSM.PSM_Storage.MySQLManager.java" Implct="true" Intrnl_Id="1489">
<Cond/>
<LocList/>
<StmntSeq Intrnl_Id="1490">
<LocList/>
</StmntSeq>
</Branch>
<Branch CovItemId="B32" CovItemPrefix="my.PSM.PSM_Storage.MySQLManager.java" Implct="false" Intrnl_Id="1491">
<Cond>
<Loc EndOffset="8969" SrcFileId="9" StartOffset="8951"/>
</Cond>
<LocList>
<Loc EndOffset="9051" SrcFileId="9" StartOffset="8979"/>
</LocList>
<StmntSeq Intrnl_Id="1492">
<LocList>
<Loc EndOffset="9014" SrcFileId="9" StartOffset="8994"/>
<Loc EndOffset="9040" SrcFileId="9" StartOffset="9028"/>
</LocList>
<BasicStmnt CovItemId="S121" CovItemPrefix="my.PSM.PSM_Storage.MySQLManager.java" Intrnl_Id="1493">
<LocList>
<Loc EndOffset="9014" SrcFileId="9" StartOffset="8994"/>
</LocList>
</BasicStmnt>
<BasicStmnt CovItemId="S122" CovItemPrefix="my.PSM.PSM_Storage.MySQLManager.java" Intrnl_Id="1494">
<LocList>
<Loc EndOffset="9040" SrcFileId="9" StartOffset="9028"/>
</LocList>
</BasicStmnt>
</StmntSeq>
</Branch>
<Keyword EndOffset="8646" SrcFileId="9" StartOffset="8643"/>
<LocList>
<Loc EndOffset="9051" SrcFileId="9" StartOffset="8643"/>
</LocList>
</CondStmnt>
</StmntSeq>
</HierarchyLvl>
<HierarchyLvl HierarchyLvlId="14376" HierarchyLvlTypeId="31" Intrnl_Id="1495" Name="fetchEndWed">
<Header>
<Loc EndOffset="9109" SrcFileId="9" StartOffset="9070"/>
</Header>
<LocList>
<Loc EndOffset="9537" SrcFileId="9" StartOffset="9070"/>
</LocList>
<StmntSeq Intrnl_Id="1496">
<LocList>
<Loc EndOffset="9182" SrcFileId="9" StartOffset="9144"/>
<Loc EndOffset="9277" SrcFileId="9" StartOffset="9196"/>
<Loc EndOffset="9324" SrcFileId="9" StartOffset="9291"/>
<Loc EndOffset="9349" SrcFileId="9" StartOffset="9338"/>
<Loc EndOffset="9395" SrcFileId="9" StartOffset="9363"/>
<Loc EndOffset="9530" SrcFileId="9" StartOffset="9126"/>
</LocList>
<BasicStmnt CovItemId="S124" CovItemPrefix="my.PSM.PSM_Storage.MySQLManager.java" Intrnl_Id="1497">
<LocList>
<Loc EndOffset="9182" SrcFileId="9" StartOffset="9144"/>
</LocList>
</BasicStmnt>
<BasicStmnt CovItemId="S125" CovItemPrefix="my.PSM.PSM_Storage.MySQLManager.java" Intrnl_Id="1498">
<LocList>
<Loc EndOffset="9277" SrcFileId="9" StartOffset="9196"/>
</LocList>
</BasicStmnt>
<BasicStmnt CovItemId="S126" CovItemPrefix="my.PSM.PSM_Storage.MySQLManager.java" Intrnl_Id="1499">
<LocList>
<Loc EndOffset="9324" SrcFileId="9" StartOffset="9291"/>
</LocList>
</BasicStmnt>
<BasicStmnt CovItemId="S127" CovItemPrefix="my.PSM.PSM_Storage.MySQLManager.java" Intrnl_Id="1500">
<LocList>
<Loc EndOffset="9349" SrcFileId="9" StartOffset="9338"/>
</LocList>
</BasicStmnt>
<BasicStmnt CovItemId="S128" CovItemPrefix="my.PSM.PSM_Storage.MySQLManager.java" Intrnl_Id="1501">
<LocList>
<Loc EndOffset="9395" SrcFileId="9" StartOffset="9363"/>
</LocList>
</BasicStmnt>
<CondStmnt CovItemId="S123" CovItemPrefix="my.PSM.PSM_Storage.MySQLManager.java" Intrnl_Id="1502">
<Branch CovItemId="B33" CovItemPrefix="my.PSM.PSM_Storage.MySQLManager.java" Implct="true" Intrnl_Id="1503">
<Cond/>
<LocList/>
<StmntSeq Intrnl_Id="1504">
<LocList/>
</StmntSeq>
</Branch>
<Branch CovItemId="B34" CovItemPrefix="my.PSM.PSM_Storage.MySQLManager.java" Implct="false" Intrnl_Id="1505">
<Cond>
<Loc EndOffset="9448" SrcFileId="9" StartOffset="9430"/>
</Cond>
<LocList>
<Loc EndOffset="9530" SrcFileId="9" StartOffset="9458"/>
</LocList>
<StmntSeq Intrnl_Id="1506">
<LocList>
<Loc EndOffset="9493" SrcFileId="9" StartOffset="9473"/>
<Loc EndOffset="9519" SrcFileId="9" StartOffset="9507"/>
</LocList>
<BasicStmnt CovItemId="S129" CovItemPrefix="my.PSM.PSM_Storage.MySQLManager.java" Intrnl_Id="1507">
<LocList>
<Loc EndOffset="9493" SrcFileId="9" StartOffset="9473"/>
</LocList>
</BasicStmnt>
<BasicStmnt CovItemId="S130" CovItemPrefix="my.PSM.PSM_Storage.MySQLManager.java" Intrnl_Id="1508">
<LocList>
<Loc EndOffset="9519" SrcFileId="9" StartOffset="9507"/>
</LocList>
</BasicStmnt>
</StmntSeq>
</Branch>
<Keyword EndOffset="9129" SrcFileId="9" StartOffset="9126"/>
<LocList>
<Loc EndOffset="9530" SrcFileId="9" StartOffset="9126"/>
</LocList>
</CondStmnt>
</StmntSeq>
</HierarchyLvl>
<HierarchyLvl HierarchyLvlId="14377" HierarchyLvlTypeId="31" Intrnl_Id="1509" Name="fetchStartThu">
<Header>
<Loc EndOffset="9600" SrcFileId="9" StartOffset="9559"/>
</Header>
<LocList>
<Loc EndOffset="10032" SrcFileId="9" StartOffset="9559"/>
</LocList>
<StmntSeq Intrnl_Id="1510">
<LocList>
<Loc EndOffset="9673" SrcFileId="9" StartOffset="9635"/>
<Loc EndOffset="9770" SrcFileId="9" StartOffset="9687"/>
<Loc EndOffset="9817" SrcFileId="9" StartOffset="9784"/>
<Loc EndOffset="9842" SrcFileId="9" StartOffset="9831"/>
<Loc EndOffset="9890" SrcFileId="9" StartOffset="9856"/>
<Loc EndOffset="10025" SrcFileId="9" StartOffset="9617"/>
</LocList>
<BasicStmnt CovItemId="S132" CovItemPrefix="my.PSM.PSM_Storage.MySQLManager.java" Intrnl_Id="1511">
<LocList>
<Loc EndOffset="9673" SrcFileId="9" StartOffset="9635"/>
</LocList>
</BasicStmnt>
<BasicStmnt CovItemId="S133" CovItemPrefix="my.PSM.PSM_Storage.MySQLManager.java" Intrnl_Id="1512">
<LocList>
<Loc EndOffset="9770" SrcFileId="9" StartOffset="9687"/>
</LocList>
</BasicStmnt>
<BasicStmnt CovItemId="S134" CovItemPrefix="my.PSM.PSM_Storage.MySQLManager.java" Intrnl_Id="1513">
<LocList>
<Loc EndOffset="9817" SrcFileId="9" StartOffset="9784"/>
</LocList>
</BasicStmnt>
<BasicStmnt CovItemId="S135" CovItemPrefix="my.PSM.PSM_Storage.MySQLManager.java" Intrnl_Id="1514">
<LocList>
<Loc EndOffset="9842" SrcFileId="9" StartOffset="9831"/>
</LocList>
</BasicStmnt>
<BasicStmnt CovItemId="S136" CovItemPrefix="my.PSM.PSM_Storage.MySQLManager.java" Intrnl_Id="1515">
<LocList>
<Loc EndOffset="9890" SrcFileId="9" StartOffset="9856"/>
</LocList>
</BasicStmnt>
<CondStmnt CovItemId="S131" CovItemPrefix="my.PSM.PSM_Storage.MySQLManager.java" Intrnl_Id="1516">
<Branch CovItemId="B35" CovItemPrefix="my.PSM.PSM_Storage.MySQLManager.java" Implct="true" Intrnl_Id="1517">
<Cond/>
<LocList/>
<StmntSeq Intrnl_Id="1518">
<LocList/>
</StmntSeq>
</Branch>
<Branch CovItemId="B36" CovItemPrefix="my.PSM.PSM_Storage.MySQLManager.java" Implct="false" Intrnl_Id="1519">
<Cond>
<Loc EndOffset="9943" SrcFileId="9" StartOffset="9925"/>
</Cond>
<LocList>
<Loc EndOffset="10025" SrcFileId="9" StartOffset="9953"/>
</LocList>
<StmntSeq Intrnl_Id="1520">
<LocList>
<Loc EndOffset="9988" SrcFileId="9" StartOffset="9968"/>
<Loc EndOffset="10014" SrcFileId="9" StartOffset="10002"/>
</LocList>
<BasicStmnt CovItemId="S137" CovItemPrefix="my.PSM.PSM_Storage.MySQLManager.java" Intrnl_Id="1521">
<LocList>
<Loc EndOffset="9988" SrcFileId="9" StartOffset="9968"/>
</LocList>
</BasicStmnt>
<BasicStmnt CovItemId="S138" CovItemPrefix="my.PSM.PSM_Storage.MySQLManager.java" Intrnl_Id="1522">
<LocList>
<Loc EndOffset="10014" SrcFileId="9" StartOffset="10002"/>
</LocList>
</BasicStmnt>
</StmntSeq>
</Branch>
<Keyword EndOffset="9620" SrcFileId="9" StartOffset="9617"/>
<LocList>
<Loc EndOffset="10025" SrcFileId="9" StartOffset="9617"/>
</LocList>
</CondStmnt>
</StmntSeq>
</HierarchyLvl>
<HierarchyLvl HierarchyLvlId="14378" HierarchyLvlTypeId="31" Intrnl_Id="1523" Name="fetchEndThu">
<Header>
<Loc EndOffset="10083" SrcFileId="9" StartOffset="10044"/>
</Header>
<LocList>
<Loc EndOffset="10511" SrcFileId="9" StartOffset="10044"/>
</LocList>
<StmntSeq Intrnl_Id="1524">
<LocList>
<Loc EndOffset="10156" SrcFileId="9" StartOffset="10118"/>
<Loc EndOffset="10251" SrcFileId="9" StartOffset="10170"/>
<Loc EndOffset="10298" SrcFileId="9" StartOffset="10265"/>
<Loc EndOffset="10323" SrcFileId="9" StartOffset="10312"/>
<Loc EndOffset="10369" SrcFileId="9" StartOffset="10337"/>
<Loc EndOffset="10504" SrcFileId="9" StartOffset="10100"/>
</LocList>
<BasicStmnt CovItemId="S140" CovItemPrefix="my.PSM.PSM_Storage.MySQLManager.java" Intrnl_Id="1525">
<LocList>
<Loc EndOffset="10156" SrcFileId="9" StartOffset="10118"/>
</LocList>
</BasicStmnt>
<BasicStmnt CovItemId="S141" CovItemPrefix="my.PSM.PSM_Storage.MySQLManager.java" Intrnl_Id="1526">
<LocList>
<Loc EndOffset="10251" SrcFileId="9" StartOffset="10170"/>
</LocList>
</BasicStmnt>
<BasicStmnt CovItemId="S142" CovItemPrefix="my.PSM.PSM_Storage.MySQLManager.java" Intrnl_Id="1527">
<LocList>
<Loc EndOffset="10298" SrcFileId="9" StartOffset="10265"/>
</LocList>
</BasicStmnt>
<BasicStmnt CovItemId="S143" CovItemPrefix="my.PSM.PSM_Storage.MySQLManager.java" Intrnl_Id="1528">
<LocList>
<Loc EndOffset="10323" SrcFileId="9" StartOffset="10312"/>
</LocList>
</BasicStmnt>
<BasicStmnt CovItemId="S144" CovItemPrefix="my.PSM.PSM_Storage.MySQLManager.java" Intrnl_Id="1529">
<LocList>
<Loc EndOffset="10369" SrcFileId="9" StartOffset="10337"/>
</LocList>
</BasicStmnt>
<CondStmnt CovItemId="S139" CovItemPrefix="my.PSM.PSM_Storage.MySQLManager.java" Intrnl_Id="1530">
<Branch CovItemId="B37" CovItemPrefix="my.PSM.PSM_Storage.MySQLManager.java" Implct="true" Intrnl_Id="1531">
<Cond/>
<LocList/>
<StmntSeq Intrnl_Id="1532">
<LocList/>
</StmntSeq>
</Branch>
<Branch CovItemId="B38" CovItemPrefix="my.PSM.PSM_Storage.MySQLManager.java" Implct="false" Intrnl_Id="1533">
<Cond>
<Loc EndOffset="10422" SrcFileId="9" StartOffset="10404"/>
</Cond>
<LocList>
<Loc EndOffset="10504" SrcFileId="9" StartOffset="10432"/>
</LocList>
<StmntSeq Intrnl_Id="1534">
<LocList>
<Loc EndOffset="10467" SrcFileId="9" StartOffset="10447"/>
<Loc EndOffset="10493" SrcFileId="9" StartOffset="10481"/>
</LocList>
<BasicStmnt CovItemId="S145" CovItemPrefix="my.PSM.PSM_Storage.MySQLManager.java" Intrnl_Id="1535">
<LocList>
<Loc EndOffset="10467" SrcFileId="9" StartOffset="10447"/>
</LocList>
</BasicStmnt>
<BasicStmnt CovItemId="S146" CovItemPrefix="my.PSM.PSM_Storage.MySQLManager.java" Intrnl_Id="1536">
<LocList>
<Loc EndOffset="10493" SrcFileId="9" StartOffset="10481"/>
</LocList>
</BasicStmnt>
</StmntSeq>
</Branch>
<Keyword EndOffset="10103" SrcFileId="9" StartOffset="10100"/>
<LocList>
<Loc EndOffset="10504" SrcFileId="9" StartOffset="10100"/>
</LocList>
</CondStmnt>
</StmntSeq>
</HierarchyLvl>
<HierarchyLvl HierarchyLvlId="14379" HierarchyLvlTypeId="31" Intrnl_Id="1537" Name="fetchStartFri">
<Header>
<Loc EndOffset="10564" SrcFileId="9" StartOffset="10523"/>
</Header>
<LocList>
<Loc EndOffset="10996" SrcFileId="9" StartOffset="10523"/>
</LocList>
<StmntSeq Intrnl_Id="1538">
<LocList>
<Loc EndOffset="10637" SrcFileId="9" StartOffset="10599"/>
<Loc EndOffset="10734" SrcFileId="9" StartOffset="10651"/>
<Loc EndOffset="10781" SrcFileId="9" StartOffset="10748"/>
<Loc EndOffset="10806" SrcFileId="9" StartOffset="10795"/>
<Loc EndOffset="10854" SrcFileId="9" StartOffset="10820"/>
<Loc EndOffset="10989" SrcFileId="9" StartOffset="10581"/>
</LocList>
<BasicStmnt CovItemId="S148" CovItemPrefix="my.PSM.PSM_Storage.MySQLManager.java" Intrnl_Id="1539">
<LocList>
<Loc EndOffset="10637" SrcFileId="9" StartOffset="10599"/>
</LocList>
</BasicStmnt>
<BasicStmnt CovItemId="S149" CovItemPrefix="my.PSM.PSM_Storage.MySQLManager.java" Intrnl_Id="1540">
<LocList>
<Loc EndOffset="10734" SrcFileId="9" StartOffset="10651"/>
</LocList>
</BasicStmnt>
<BasicStmnt CovItemId="S150" CovItemPrefix="my.PSM.PSM_Storage.MySQLManager.java" Intrnl_Id="1541">
<LocList>
<Loc EndOffset="10781" SrcFileId="9" StartOffset="10748"/>
</LocList>
</BasicStmnt>
<BasicStmnt CovItemId="S151" CovItemPrefix="my.PSM.PSM_Storage.MySQLManager.java" Intrnl_Id="1542">
<LocList>
<Loc EndOffset="10806" SrcFileId="9" StartOffset="10795"/>
</LocList>
</BasicStmnt>
<BasicStmnt CovItemId="S152" CovItemPrefix="my.PSM.PSM_Storage.MySQLManager.java" Intrnl_Id="1543">
<LocList>
<Loc EndOffset="10854" SrcFileId="9" StartOffset="10820"/>
</LocList>
</BasicStmnt>
<CondStmnt CovItemId="S147" CovItemPrefix="my.PSM.PSM_Storage.MySQLManager.java" Intrnl_Id="1544">
<Branch CovItemId="B39" CovItemPrefix="my.PSM.PSM_Storage.MySQLManager.java" Implct="true" Intrnl_Id="1545">
<Cond/>
<LocList/>
<StmntSeq Intrnl_Id="1546">
<LocList/>
</StmntSeq>
</Branch>
<Branch CovItemId="B40" CovItemPrefix="my.PSM.PSM_Storage.MySQLManager.java" Implct="false" Intrnl_Id="1547">
<Cond>
<Loc EndOffset="10907" SrcFileId="9" StartOffset="10889"/>
</Cond>
<LocList>
<Loc EndOffset="10989" SrcFileId="9" StartOffset="10917"/>
</LocList>
<StmntSeq Intrnl_Id="1548">
<LocList>
<Loc EndOffset="10952" SrcFileId="9" StartOffset="10932"/>
<Loc EndOffset="10978" SrcFileId="9" StartOffset="10966"/>
</LocList>
<BasicStmnt CovItemId="S153" CovItemPrefix="my.PSM.PSM_Storage.MySQLManager.java" Intrnl_Id="1549">
<LocList>
<Loc EndOffset="10952" SrcFileId="9" StartOffset="10932"/>
</LocList>
</BasicStmnt>
<BasicStmnt CovItemId="S154" CovItemPrefix="my.PSM.PSM_Storage.MySQLManager.java" Intrnl_Id="1550">
<LocList>
<Loc EndOffset="10978" SrcFileId="9" StartOffset="10966"/>
</LocList>
</BasicStmnt>
</StmntSeq>
</Branch>
<Keyword EndOffset="10584" SrcFileId="9" StartOffset="10581"/>
<LocList>
<Loc EndOffset="10989" SrcFileId="9" StartOffset="10581"/>
</LocList>
</CondStmnt>
</StmntSeq>
</HierarchyLvl>
<HierarchyLvl HierarchyLvlId="14380" HierarchyLvlTypeId="31" Intrnl_Id="1551" Name="fetchEndFri">
<Header>
<Loc EndOffset="11047" SrcFileId="9" StartOffset="11008"/>
</Header>
<LocList>
<Loc EndOffset="11475" SrcFileId="9" StartOffset="11008"/>
</LocList>
<StmntSeq Intrnl_Id="1552">
<LocList>
<Loc EndOffset="11120" SrcFileId="9" StartOffset="11082"/>
<Loc EndOffset="11215" SrcFileId="9" StartOffset="11134"/>
<Loc EndOffset="11262" SrcFileId="9" StartOffset="11229"/>
<Loc EndOffset="11287" SrcFileId="9" StartOffset="11276"/>
<Loc EndOffset="11333" SrcFileId="9" StartOffset="11301"/>
<Loc EndOffset="11468" SrcFileId="9" StartOffset="11064"/>
</LocList>
<BasicStmnt CovItemId="S156" CovItemPrefix="my.PSM.PSM_Storage.MySQLManager.java" Intrnl_Id="1553">
<LocList>
<Loc EndOffset="11120" SrcFileId="9" StartOffset="11082"/>
</LocList>
</BasicStmnt>
<BasicStmnt CovItemId="S157" CovItemPrefix="my.PSM.PSM_Storage.MySQLManager.java" Intrnl_Id="1554">
<LocList>
<Loc EndOffset="11215" SrcFileId="9" StartOffset="11134"/>
</LocList>
</BasicStmnt>
<BasicStmnt CovItemId="S158" CovItemPrefix="my.PSM.PSM_Storage.MySQLManager.java" Intrnl_Id="1555">
<LocList>
<Loc EndOffset="11262" SrcFileId="9" StartOffset="11229"/>
</LocList>
</BasicStmnt>
<BasicStmnt CovItemId="S159" CovItemPrefix="my.PSM.PSM_Storage.MySQLManager.java" Intrnl_Id="1556">
<LocList>
<Loc EndOffset="11287" SrcFileId="9" StartOffset="11276"/>
</LocList>
</BasicStmnt>
<BasicStmnt CovItemId="S160" CovItemPrefix="my.PSM.PSM_Storage.MySQLManager.java" Intrnl_Id="1557">
<LocList>
<Loc EndOffset="11333" SrcFileId="9" StartOffset="11301"/>
</LocList>
</BasicStmnt>
<CondStmnt CovItemId="S155" CovItemPrefix="my.PSM.PSM_Storage.MySQLManager.java" Intrnl_Id="1558">
<Branch CovItemId="B41" CovItemPrefix="my.PSM.PSM_Storage.MySQLManager.java" Implct="true" Intrnl_Id="1559">
<Cond/>
<LocList/>
<StmntSeq Intrnl_Id="1560">
<LocList/>
</StmntSeq>
</Branch>
<Branch CovItemId="B42" CovItemPrefix="my.PSM.PSM_Storage.MySQLManager.java" Implct="false" Intrnl_Id="1561">
<Cond>
<Loc EndOffset="11386" SrcFileId="9" StartOffset="11368"/>
</Cond>
<LocList>
<Loc EndOffset="11468" SrcFileId="9" StartOffset="11396"/>
</LocList>
<StmntSeq Intrnl_Id="1562">
<LocList>
<Loc EndOffset="11431" SrcFileId="9" StartOffset="11411"/>
<Loc EndOffset="11457" SrcFileId="9" StartOffset="11445"/>
</LocList>
<BasicStmnt CovItemId="S161" CovItemPrefix="my.PSM.PSM_Storage.MySQLManager.java" Intrnl_Id="1563">
<LocList>
<Loc EndOffset="11431" SrcFileId="9" StartOffset="11411"/>
</LocList>
</BasicStmnt>
<BasicStmnt CovItemId="S162" CovItemPrefix="my.PSM.PSM_Storage.MySQLManager.java" Intrnl_Id="1564">
<LocList>
<Loc EndOffset="11457" SrcFileId="9" StartOffset="11445"/>
</LocList>
</BasicStmnt>
</StmntSeq>
</Branch>
<Keyword EndOffset="11067" SrcFileId="9" StartOffset="11064"/>
<LocList>
<Loc EndOffset="11468" SrcFileId="9" StartOffset="11064"/>
</LocList>
</CondStmnt>
</StmntSeq>
</HierarchyLvl>
<HierarchyLvl HierarchyLvlId="14381" HierarchyLvlTypeId="31" Intrnl_Id="1565" Name="fetchStartSat">
<Header>
<Loc EndOffset="11538" SrcFileId="9" StartOffset="11497"/>
</Header>
<LocList>
<Loc EndOffset="11953" SrcFileId="9" StartOffset="11497"/>
</LocList>
<StmntSeq Intrnl_Id="1566">
<LocList>
<Loc EndOffset="11611" SrcFileId="9" StartOffset="11573"/>
<Loc EndOffset="11724" SrcFileId="9" StartOffset="11625"/>
<Loc EndOffset="11763" SrcFileId="9" StartOffset="11752"/>
<Loc EndOffset="11811" SrcFileId="9" StartOffset="11777"/>
<Loc EndOffset="11946" SrcFileId="9" StartOffset="11555"/>
</LocList>
<BasicStmnt CovItemId="S164" CovItemPrefix="my.PSM.PSM_Storage.MySQLManager.java" Intrnl_Id="1567">
<LocList>
<Loc EndOffset="11611" SrcFileId="9" StartOffset="11573"/>
</LocList>
</BasicStmnt>
<BasicStmnt CovItemId="S165" CovItemPrefix="my.PSM.PSM_Storage.MySQLManager.java" Intrnl_Id="1568">
<LocList>
<Loc EndOffset="11724" SrcFileId="9" StartOffset="11625"/>
</LocList>
</BasicStmnt>
<BasicStmnt CovItemId="S166" CovItemPrefix="my.PSM.PSM_Storage.MySQLManager.java" Intrnl_Id="1569">
<LocList>
<Loc EndOffset="11763" SrcFileId="9" StartOffset="11752"/>
</LocList>
</BasicStmnt>
<BasicStmnt CovItemId="S167" CovItemPrefix="my.PSM.PSM_Storage.MySQLManager.java" Intrnl_Id="1570">
<LocList>
<Loc EndOffset="11811" SrcFileId="9" StartOffset="11777"/>
</LocList>
</BasicStmnt>
<CondStmnt CovItemId="S163" CovItemPrefix="my.PSM.PSM_Storage.MySQLManager.java" Intrnl_Id="1571">
<Branch CovItemId="B43" CovItemPrefix="my.PSM.PSM_Storage.MySQLManager.java" Implct="true" Intrnl_Id="1572">
<Cond/>
<LocList/>
<StmntSeq Intrnl_Id="1573">
<LocList/>
</StmntSeq>
</Branch>
<Branch CovItemId="B44" CovItemPrefix="my.PSM.PSM_Storage.MySQLManager.java" Implct="false" Intrnl_Id="1574">
<Cond>
<Loc EndOffset="11864" SrcFileId="9" StartOffset="11846"/>
</Cond>
<LocList>
<Loc EndOffset="11946" SrcFileId="9" StartOffset="11874"/>
</LocList>
<StmntSeq Intrnl_Id="1575">
<LocList>
<Loc EndOffset="11909" SrcFileId="9" StartOffset="11889"/>
<Loc EndOffset="11935" SrcFileId="9" StartOffset="11923"/>
</LocList>
<BasicStmnt CovItemId="S168" CovItemPrefix="my.PSM.PSM_Storage.MySQLManager.java" Intrnl_Id="1576">
<LocList>
<Loc EndOffset="11909" SrcFileId="9" StartOffset="11889"/>
</LocList>
</BasicStmnt>
<BasicStmnt CovItemId="S169" CovItemPrefix="my.PSM.PSM_Storage.MySQLManager.java" Intrnl_Id="1577">
<LocList>
<Loc EndOffset="11935" SrcFileId="9" StartOffset="11923"/>
</LocList>
</BasicStmnt>
</StmntSeq>
</Branch>
<Keyword EndOffset="11558" SrcFileId="9" StartOffset="11555"/>
<LocList>
<Loc EndOffset="11946" SrcFileId="9" StartOffset="11555"/>
</LocList>
</CondStmnt>
</StmntSeq>
</HierarchyLvl>
<HierarchyLvl HierarchyLvlId="14382" HierarchyLvlTypeId="31" Intrnl_Id="1578" Name="fetchEndSat">
<Header>
<Loc EndOffset="12004" SrcFileId="9" StartOffset="11965"/>
</Header>
<LocList>
<Loc EndOffset="12469" SrcFileId="9" StartOffset="11965"/>
</LocList>
<StmntSeq Intrnl_Id="1579">
<LocList>
<Loc EndOffset="12087" SrcFileId="9" StartOffset="12049"/>
<Loc EndOffset="12212" SrcFileId="9" StartOffset="12115"/>
<Loc EndOffset="12251" SrcFileId="9" StartOffset="12240"/>
<Loc EndOffset="12303" SrcFileId="9" StartOffset="12265"/>
<Loc EndOffset="12341" SrcFileId="9" StartOffset="12330"/>
<Loc EndOffset="12462" SrcFileId="9" StartOffset="12031"/>
</LocList>
<BasicStmnt CovItemId="S171" CovItemPrefix="my.PSM.PSM_Storage.MySQLManager.java" Intrnl_Id="1580">
<LocList>
<Loc EndOffset="12087" SrcFileId="9" StartOffset="12049"/>
</LocList>
</BasicStmnt>
<BasicStmnt CovItemId="S172" CovItemPrefix="my.PSM.PSM_Storage.MySQLManager.java" Intrnl_Id="1581">
<LocList>
<Loc EndOffset="12212" SrcFileId="9" StartOffset="12115"/>
</LocList>
</BasicStmnt>
<BasicStmnt CovItemId="S173" CovItemPrefix="my.PSM.PSM_Storage.MySQLManager.java" Intrnl_Id="1582">
<LocList>
<Loc EndOffset="12251" SrcFileId="9" StartOffset="12240"/>
</LocList>
</BasicStmnt>
<BasicStmnt CovItemId="S174" CovItemPrefix="my.PSM.PSM_Storage.MySQLManager.java" Intrnl_Id="1583">
<LocList>
<Loc EndOffset="12303" SrcFileId="9" StartOffset="12265"/>
</LocList>
</BasicStmnt>
<BasicStmnt CovItemId="S175" CovItemPrefix="my.PSM.PSM_Storage.MySQLManager.java" Intrnl_Id="1584">
<LocList>
<Loc EndOffset="12341" SrcFileId="9" StartOffset="12330"/>
</LocList>
</BasicStmnt>
<CondStmnt CovItemId="S170" CovItemPrefix="my.PSM.PSM_Storage.MySQLManager.java" Intrnl_Id="1585">
<Branch CovItemId="B45" CovItemPrefix="my.PSM.PSM_Storage.MySQLManager.java" Implct="true" Intrnl_Id="1586">
<Cond/>
<LocList/>
<StmntSeq Intrnl_Id="1587">
<LocList/>
</StmntSeq>
</Branch>
<Branch CovItemId="B46" CovItemPrefix="my.PSM.PSM_Storage.MySQLManager.java" Implct="false" Intrnl_Id="1588">
<Cond>
<Loc EndOffset="12380" SrcFileId="9" StartOffset="12362"/>
</Cond>
<LocList>
<Loc EndOffset="12462" SrcFileId="9" StartOffset="12390"/>
</LocList>
<StmntSeq Intrnl_Id="1589">
<LocList>
<Loc EndOffset="12425" SrcFileId="9" StartOffset="12405"/>
<Loc EndOffset="12451" SrcFileId="9" StartOffset="12439"/>
</LocList>
<BasicStmnt CovItemId="S176" CovItemPrefix="my.PSM.PSM_Storage.MySQLManager.java" Intrnl_Id="1590">
<LocList>
<Loc EndOffset="12425" SrcFileId="9" StartOffset="12405"/>
</LocList>
</BasicStmnt>
<BasicStmnt CovItemId="S177" CovItemPrefix="my.PSM.PSM_Storage.MySQLManager.java" Intrnl_Id="1591">
<LocList>
<Loc EndOffset="12451" SrcFileId="9" StartOffset="12439"/>
</LocList>
</BasicStmnt>
</StmntSeq>
</Branch>
<Keyword EndOffset="12034" SrcFileId="9" StartOffset="12031"/>
<LocList>
<Loc EndOffset="12462" SrcFileId="9" StartOffset="12031"/>
</LocList>
</CondStmnt>
</StmntSeq>
</HierarchyLvl>
<HierarchyLvl HierarchyLvlId="14383" HierarchyLvlTypeId="31" Intrnl_Id="1592" Name="storeClassInfo">
<Header>
<Loc EndOffset="12575" SrcFileId="9" StartOffset="12481"/>
</Header>
<LocList>
<Loc EndOffset="13233" SrcFileId="9" StartOffset="12481"/>
</LocList>
<StmntSeq Intrnl_Id="1593">
<LocList>
<Loc EndOffset="12648" SrcFileId="9" StartOffset="12610"/>
<Loc EndOffset="13082" SrcFileId="9" StartOffset="12881"/>
<Loc EndOffset="13207" SrcFileId="9" StartOffset="12592"/>
<Loc EndOffset="13226" SrcFileId="9" StartOffset="13217"/>
</LocList>
<BasicStmnt CovItemId="S179" CovItemPrefix="my.PSM.PSM_Storage.MySQLManager.java" Intrnl_Id="1594">
<LocList>
<Loc EndOffset="12648" SrcFileId="9" StartOffset="12610"/>
</LocList>
</BasicStmnt>
<BasicStmnt CovItemId="S180" CovItemPrefix="my.PSM.PSM_Storage.MySQLManager.java" Intrnl_Id="1595">
<LocList>
<Loc EndOffset="13082" SrcFileId="9" StartOffset="12881"/>
</LocList>
</BasicStmnt>
<CondStmnt CovItemId="S178" CovItemPrefix="my.PSM.PSM_Storage.MySQLManager.java" Intrnl_Id="1596">
<Branch CovItemId="B47" CovItemPrefix="my.PSM.PSM_Storage.MySQLManager.java" Implct="true" Intrnl_Id="1597">
<Cond/>
<LocList/>
<StmntSeq Intrnl_Id="1598">
<LocList/>
</StmntSeq>
</Branch>
<Branch CovItemId="B48" CovItemPrefix="my.PSM.PSM_Storage.MySQLManager.java" Implct="false" Intrnl_Id="1599">
<Cond>
<Loc EndOffset="13137" SrcFileId="9" StartOffset="13119"/>
</Cond>
<LocList>
<Loc EndOffset="13207" SrcFileId="9" StartOffset="13137"/>
</LocList>
<StmntSeq Intrnl_Id="1600">
<LocList>
<Loc EndOffset="13172" SrcFileId="9" StartOffset="13152"/>
<Loc EndOffset="13196" SrcFileId="9" StartOffset="13186"/>
</LocList>
<BasicStmnt CovItemId="S181" CovItemPrefix="my.PSM.PSM_Storage.MySQLManager.java" Intrnl_Id="1601">
<LocList>
<Loc EndOffset="13172" SrcFileId="9" StartOffset="13152"/>
</LocList>
</BasicStmnt>
<BasicStmnt CovItemId="S182" CovItemPrefix="my.PSM.PSM_Storage.MySQLManager.java" Intrnl_Id="1602">
<LocList>
<Loc EndOffset="13196" SrcFileId="9" StartOffset="13186"/>
</LocList>
</BasicStmnt>
</StmntSeq>
</Branch>
<Keyword EndOffset="12595" SrcFileId="9" StartOffset="12592"/>
<LocList>
<Loc EndOffset="13207" SrcFileId="9" StartOffset="12592"/>
</LocList>
</CondStmnt>
<BasicStmnt CovItemId="S183" CovItemPrefix="my.PSM.PSM_Storage.MySQLManager.java" Intrnl_Id="1603">
<LocList>
<Loc EndOffset="13226" SrcFileId="9" StartOffset="13217"/>
</LocList>
</BasicStmnt>
</StmntSeq>
</HierarchyLvl>
<HierarchyLvl HierarchyLvlId="14384" HierarchyLvlTypeId="31" Intrnl_Id="1604" Name="storeClassSched">
<Header>
<Loc EndOffset="13538" SrcFileId="9" StartOffset="13245"/>
</Header>
<LocList>
<Loc EndOffset="14381" SrcFileId="9" StartOffset="13245"/>
</LocList>
<StmntSeq Intrnl_Id="1605">
<LocList>
<Loc EndOffset="13611" SrcFileId="9" StartOffset="13573"/>
<Loc EndOffset="14236" SrcFileId="9" StartOffset="13625"/>
<Loc EndOffset="14345" SrcFileId="9" StartOffset="13555"/>
<Loc EndOffset="14364" SrcFileId="9" StartOffset="14355"/>
</LocList>
<BasicStmnt CovItemId="S185" CovItemPrefix="my.PSM.PSM_Storage.MySQLManager.java" Intrnl_Id="1606">
<LocList>
<Loc EndOffset="13611" SrcFileId="9" StartOffset="13573"/>
</LocList>
</BasicStmnt>
<BasicStmnt CovItemId="S186" CovItemPrefix="my.PSM.PSM_Storage.MySQLManager.java" Intrnl_Id="1607">
<LocList>
<Loc EndOffset="14236" SrcFileId="9" StartOffset="13625"/>
</LocList>
</BasicStmnt>
<CondStmnt CovItemId="S184" CovItemPrefix="my.PSM.PSM_Storage.MySQLManager.java" Intrnl_Id="1608">
<Branch CovItemId="B49" CovItemPrefix="my.PSM.PSM_Storage.MySQLManager.java" Implct="true" Intrnl_Id="1609">
<Cond/>
<LocList/>
<StmntSeq Intrnl_Id="1610">
<LocList/>
</StmntSeq>
</Branch>
<Branch CovItemId="B50" CovItemPrefix="my.PSM.PSM_Storage.MySQLManager.java" Implct="false" Intrnl_Id="1611">
<Cond>
<Loc EndOffset="14275" SrcFileId="9" StartOffset="14257"/>
</Cond>
<LocList>
<Loc EndOffset="14345" SrcFileId="9" StartOffset="14275"/>
</LocList>
<StmntSeq Intrnl_Id="1612">
<LocList>
<Loc EndOffset="14310" SrcFileId="9" StartOffset="14290"/>
<Loc EndOffset="14334" SrcFileId="9" StartOffset="14324"/>
</LocList>
<BasicStmnt CovItemId="S187" CovItemPrefix="my.PSM.PSM_Storage.MySQLManager.java" Intrnl_Id="1613">
<LocList>
<Loc EndOffset="14310" SrcFileId="9" StartOffset="14290"/>
</LocList>
</BasicStmnt>
<BasicStmnt CovItemId="S188" CovItemPrefix="my.PSM.PSM_Storage.MySQLManager.java" Intrnl_Id="1614">
<LocList>
<Loc EndOffset="14334" SrcFileId="9" StartOffset="14324"/>
</LocList>
</BasicStmnt>
</StmntSeq>
</Branch>
<Keyword EndOffset="13558" SrcFileId="9" StartOffset="13555"/>
<LocList>
<Loc EndOffset="14345" SrcFileId="9" StartOffset="13555"/>
</LocList>
</CondStmnt>
<BasicStmnt CovItemId="S189" CovItemPrefix="my.PSM.PSM_Storage.MySQLManager.java" Intrnl_Id="1615">
<LocList>
<Loc EndOffset="14364" SrcFileId="9" StartOffset="14355"/>
</LocList>
</BasicStmnt>
</StmntSeq>
</HierarchyLvl>
<HierarchyLvl HierarchyLvlId="14385" HierarchyLvlTypeId="31" Intrnl_Id="1616" Name="clearDatabase">
<Header>
<Loc EndOffset="14420" SrcFileId="9" StartOffset="14393"/>
</Header>
<LocList>
<Loc EndOffset="14644" SrcFileId="9" StartOffset="14393"/>
</LocList>
<StmntSeq Intrnl_Id="1617">
<LocList>
<Loc EndOffset="14493" SrcFileId="9" StartOffset="14455"/>
<Loc EndOffset="14542" SrcFileId="9" StartOffset="14507"/>
<Loc EndOffset="14637" SrcFileId="9" StartOffset="14437"/>
</LocList>
<BasicStmnt CovItemId="S191" CovItemPrefix="my.PSM.PSM_Storage.MySQLManager.java" Intrnl_Id="1618">
<LocList>
<Loc EndOffset="14493" SrcFileId="9" StartOffset="14455"/>
</LocList>
</BasicStmnt>
<BasicStmnt CovItemId="S192" CovItemPrefix="my.PSM.PSM_Storage.MySQLManager.java" Intrnl_Id="1619">
<LocList>
<Loc EndOffset="14542" SrcFileId="9" StartOffset="14507"/>
</LocList>
</BasicStmnt>
<CondStmnt CovItemId="S190" CovItemPrefix="my.PSM.PSM_Storage.MySQLManager.java" Intrnl_Id="1620">
<Branch CovItemId="B51" CovItemPrefix="my.PSM.PSM_Storage.MySQLManager.java" Implct="true" Intrnl_Id="1621">
<Cond/>
<LocList/>
<StmntSeq Intrnl_Id="1622">
<LocList/>
</StmntSeq>
</Branch>
<Branch CovItemId="B52" CovItemPrefix="my.PSM.PSM_Storage.MySQLManager.java" Implct="false" Intrnl_Id="1623">
<Cond>
<Loc EndOffset="14581" SrcFileId="9" StartOffset="14563"/>
</Cond>
<LocList>
<Loc EndOffset="14637" SrcFileId="9" StartOffset="14591"/>
</LocList>
<StmntSeq Intrnl_Id="1624">
<LocList>
<Loc EndOffset="14626" SrcFileId="9" StartOffset="14606"/>
</LocList>
<BasicStmnt CovItemId="S193" CovItemPrefix="my.PSM.PSM_Storage.MySQLManager.java" Intrnl_Id="1625">
<LocList>
<Loc EndOffset="14626" SrcFileId="9" StartOffset="14606"/>
</LocList>
</BasicStmnt>
</StmntSeq>
</Branch>
<Keyword EndOffset="14440" SrcFileId="9" StartOffset="14437"/>
<LocList>
<Loc EndOffset="14637" SrcFileId="9" StartOffset="14437"/>
</LocList>
</CondStmnt>
</StmntSeq>
</HierarchyLvl>
<HierarchyLvl HierarchyLvlId="14386" HierarchyLvlTypeId="31" Intrnl_Id="1626" Name="createClassTable">
<Header>
<Loc EndOffset="14681" SrcFileId="9" StartOffset="14652"/>
</Header>
<LocList>
<Loc EndOffset="16239" SrcFileId="9" StartOffset="14652"/>
</LocList>
<StmntSeq Intrnl_Id="1627">
<LocList>
<Loc EndOffset="14750" SrcFileId="9" StartOffset="14712"/>
<Loc EndOffset="14832" SrcFileId="9" StartOffset="14783"/>
<Loc EndOffset="16065" SrcFileId="9" StartOffset="14842"/>
<Loc EndOffset="16085" SrcFileId="9" StartOffset="16075"/>
<Loc EndOffset="16189" SrcFileId="9" StartOffset="14697"/>
<Loc EndOffset="16207" SrcFileId="9" StartOffset="16198"/>
</LocList>
<BasicStmnt CovItemId="S195" CovItemPrefix="my.PSM.PSM_Storage.MySQLManager.java" Intrnl_Id="1628">
<LocList>
<Loc EndOffset="14750" SrcFileId="9" StartOffset="14712"/>
</LocList>
</BasicStmnt>
<BasicStmnt CovItemId="S196" CovItemPrefix="my.PSM.PSM_Storage.MySQLManager.java" Intrnl_Id="1629">
<LocList>
<Loc EndOffset="14832" SrcFileId="9" StartOffset="14783"/>
</LocList>
</BasicStmnt>
<BasicStmnt CovItemId="S197" CovItemPrefix="my.PSM.PSM_Storage.MySQLManager.java" Intrnl_Id="1630">
<LocList>
<Loc EndOffset="16065" SrcFileId="9" StartOffset="14842"/>
</LocList>
</BasicStmnt>
<BasicStmnt CovItemId="S198" CovItemPrefix="my.PSM.PSM_Storage.MySQLManager.java" Intrnl_Id="1631">
<LocList>
<Loc EndOffset="16085" SrcFileId="9" StartOffset="16075"/>
</LocList>
</BasicStmnt>
<CondStmnt CovItemId="S194" CovItemPrefix="my.PSM.PSM_Storage.MySQLManager.java" Intrnl_Id="1632">
<Branch CovItemId="B53" CovItemPrefix="my.PSM.PSM_Storage.MySQLManager.java" Implct="true" Intrnl_Id="1633">
<Cond/>
<LocList/>
<StmntSeq Intrnl_Id="1634">
<LocList/>
</StmntSeq>
</Branch>
<Branch CovItemId="B54" CovItemPrefix="my.PSM.PSM_Storage.MySQLManager.java" Implct="false" Intrnl_Id="1635">
<Cond>
<Loc EndOffset="16122" SrcFileId="9" StartOffset="16104"/>
</Cond>
<LocList>
<Loc EndOffset="16189" SrcFileId="9" StartOffset="16122"/>
</LocList>
<StmntSeq Intrnl_Id="1636">
<LocList>
<Loc EndOffset="16156" SrcFileId="9" StartOffset="16136"/>
<Loc EndOffset="16179" SrcFileId="9" StartOffset="16169"/>
</LocList>
<BasicStmnt CovItemId="S199" CovItemPrefix="my.PSM.PSM_Storage.MySQLManager.java" Intrnl_Id="1637">
<LocList>
<Loc EndOffset="16156" SrcFileId="9" StartOffset="16136"/>
</LocList>
</BasicStmnt>
<BasicStmnt CovItemId="S200" CovItemPrefix="my.PSM.PSM_Storage.MySQLManager.java" Intrnl_Id="1638">
<LocList>
<Loc EndOffset="16179" SrcFileId="9" StartOffset="16169"/>
</LocList>
</BasicStmnt>
</StmntSeq>
</Branch>
<Keyword EndOffset="14700" SrcFileId="9" StartOffset="14697"/>
<LocList>
<Loc EndOffset="16189" SrcFileId="9" StartOffset="14697"/>
</LocList>
</CondStmnt>
<BasicStmnt CovItemId="S201" CovItemPrefix="my.PSM.PSM_Storage.MySQLManager.java" Intrnl_Id="1639">
<LocList>
<Loc EndOffset="16207" SrcFileId="9" StartOffset="16198"/>
</LocList>
</BasicStmnt>
</StmntSeq>
</HierarchyLvl>
</HierarchyLvl>
<HierarchyLvl HierarchyLvlId="14415" HierarchyLvlTypeId="32" Intrnl_Id="1640" Name="DataStoreFacade">
<Header>
<Loc EndOffset="216" SrcFileId="10" StartOffset="188"/>
</Header>
<LocList>
<Loc EndOffset="3920" SrcFileId="10" StartOffset="188"/>
</LocList>
<StmntSeq Intrnl_Id="1641">
<LocList>
<Loc EndOffset="356" SrcFileId="10" StartOffset="297"/>
</LocList>
<BasicStmnt CovItemId="S1" CovItemPrefix="my.PSM.PSM_Storage.DataStoreFacade.java" Intrnl_Id="1642">
<LocList>
<Loc EndOffset="356" SrcFileId="10" StartOffset="297"/>
</LocList>
</BasicStmnt>
</StmntSeq>
<HierarchyLvl HierarchyLvlId="14388" HierarchyLvlTypeId="31" Intrnl_Id="1643" Name="DataStoreFacade">
<Header>
<Loc EndOffset="244" SrcFileId="10" StartOffset="220"/>
</Header>
<LocList>
<Loc EndOffset="251" SrcFileId="10" StartOffset="220"/>
</LocList>
</HierarchyLvl>
<HierarchyLvl HierarchyLvlId="14389" HierarchyLvlTypeId="31" Intrnl_Id="1644" Name="getCon">
<Header>
<Loc EndOffset="388" SrcFileId="10" StartOffset="360"/>
</Header>
<LocList>
<Loc EndOffset="412" SrcFileId="10" StartOffset="360"/>
</LocList>
<StmntSeq Intrnl_Id="1645">
<LocList>
<Loc EndOffset="409" SrcFileId="10" StartOffset="392"/>
</LocList>
<BasicStmnt CovItemId="S2" CovItemPrefix="my.PSM.PSM_Storage.DataStoreFacade.java" Intrnl_Id="1646">
<LocList>
<Loc EndOffset="409" SrcFileId="10" StartOffset="392"/>
</LocList>
</BasicStmnt>
</StmntSeq>
</HierarchyLvl>
<HierarchyLvl HierarchyLvlId="14390" HierarchyLvlTypeId="31" Intrnl_Id="1647" Name="connect">
<Header>
<Loc EndOffset="466" SrcFileId="10" StartOffset="414"/>
</Header>
<LocList>
<Loc EndOffset="566" SrcFileId="10" StartOffset="414"/>
</LocList>
<StmntSeq Intrnl_Id="1648">
<LocList>
<Loc EndOffset="563" SrcFileId="10" StartOffset="518"/>
</LocList>
<BasicStmnt CovItemId="S3" CovItemPrefix="my.PSM.PSM_Storage.DataStoreFacade.java" Intrnl_Id="1649">
<LocList>
<Loc EndOffset="563" SrcFileId="10" StartOffset="518"/>
</LocList>
</BasicStmnt>
</StmntSeq>
</HierarchyLvl>
<HierarchyLvl HierarchyLvlId="14391" HierarchyLvlTypeId="31" Intrnl_Id="1650" Name="disconnect">
<Header>
<Loc EndOffset="592" SrcFileId="10" StartOffset="569"/>
</Header>
<LocList>
<Loc EndOffset="630" SrcFileId="10" StartOffset="569"/>
</LocList>
<StmntSeq Intrnl_Id="1651">
<LocList>
<Loc EndOffset="627" SrcFileId="10" StartOffset="597"/>
</LocList>
<BasicStmnt CovItemId="S4" CovItemPrefix="my.PSM.PSM_Storage.DataStoreFacade.java" Intrnl_Id="1652">
<LocList>
<Loc EndOffset="627" SrcFileId="10" StartOffset="597"/>
</LocList>
</BasicStmnt>
</StmntSeq>
</HierarchyLvl>
<HierarchyLvl HierarchyLvlId="14392" HierarchyLvlTypeId="31" Intrnl_Id="1653" Name="getEndDates">
<Header>
<Loc EndOffset="673" SrcFileId="10" StartOffset="635"/>
</Header>
<LocList>
<Loc EndOffset="712" SrcFileId="10" StartOffset="635"/>
</LocList>
<StmntSeq Intrnl_Id="1654">
<LocList>
<Loc EndOffset="709" SrcFileId="10" StartOffset="678"/>
</LocList>
<BasicStmnt CovItemId="S5" CovItemPrefix="my.PSM.PSM_Storage.DataStoreFacade.java" Intrnl_Id="1655">
<LocList>
<Loc EndOffset="709" SrcFileId="10" StartOffset="678"/>
</LocList>
</BasicStmnt>
</StmntSeq>
</HierarchyLvl>
<HierarchyLvl HierarchyLvlId="14393" HierarchyLvlTypeId="31" Intrnl_Id="1656" Name="fetchCourses">
<Header>
<Loc EndOffset="742" SrcFileId="10" StartOffset="714"/>
</Header>
<LocList>
<Loc EndOffset="826" SrcFileId="10" StartOffset="714"/>
</LocList>
<StmntSeq Intrnl_Id="1657">
<LocList>
<Loc EndOffset="823" SrcFileId="10" StartOffset="780"/>
</LocList>
<BasicStmnt CovItemId="S6" CovItemPrefix="my.PSM.PSM_Storage.DataStoreFacade.java" Intrnl_Id="1658">
<LocList>
<Loc EndOffset="823" SrcFileId="10" StartOffset="780"/>
</LocList>
</BasicStmnt>
</StmntSeq>
</HierarchyLvl>
<HierarchyLvl HierarchyLvlId="14394" HierarchyLvlTypeId="31" Intrnl_Id="1659" Name="fetchCourseSubj">
<Header>
<Loc EndOffset="871" SrcFileId="10" StartOffset="828"/>
</Header>
<LocList>
<Loc EndOffset="966" SrcFileId="10" StartOffset="828"/>
</LocList>
<StmntSeq Intrnl_Id="1660">
<LocList>
<Loc EndOffset="963" SrcFileId="10" StartOffset="920"/>
</LocList>
<BasicStmnt CovItemId="S7" CovItemPrefix="my.PSM.PSM_Storage.DataStoreFacade.java" Intrnl_Id="1661">
<LocList>
<Loc EndOffset="963" SrcFileId="10" StartOffset="920"/>
</LocList>
</BasicStmnt>
</StmntSeq>
</HierarchyLvl>
<HierarchyLvl HierarchyLvlId="14395" HierarchyLvlTypeId="31" Intrnl_Id="1662" Name="fetchCourseName">
<Header>
<Loc EndOffset="1011" SrcFileId="10" StartOffset="968"/>
</Header>
<LocList>
<Loc EndOffset="1106" SrcFileId="10" StartOffset="968"/>
</LocList>
<StmntSeq Intrnl_Id="1663">
<LocList>
<Loc EndOffset="1103" SrcFileId="10" StartOffset="1060"/>
</LocList>
<BasicStmnt CovItemId="S8" CovItemPrefix="my.PSM.PSM_Storage.DataStoreFacade.java" Intrnl_Id="1664">
<LocList>
<Loc EndOffset="1103" SrcFileId="10" StartOffset="1060"/>
</LocList>
</BasicStmnt>
</StmntSeq>
</HierarchyLvl>
<HierarchyLvl HierarchyLvlId="14396" HierarchyLvlTypeId="31" Intrnl_Id="1665" Name="fetchCourseSemester">
<Header>
<Loc EndOffset="1155" SrcFileId="10" StartOffset="1108"/>
</Header>
<LocList>
<Loc EndOffset="1258" SrcFileId="10" StartOffset="1108"/>
</LocList>
<StmntSeq Intrnl_Id="1666">
<LocList>
<Loc EndOffset="1255" SrcFileId="10" StartOffset="1208"/>
</LocList>
<BasicStmnt CovItemId="S9" CovItemPrefix="my.PSM.PSM_Storage.DataStoreFacade.java" Intrnl_Id="1667">
<LocList>
<Loc EndOffset="1255" SrcFileId="10" StartOffset="1208"/>
</LocList>
</BasicStmnt>
</StmntSeq>
</HierarchyLvl>
<HierarchyLvl HierarchyLvlId="14397" HierarchyLvlTypeId="31" Intrnl_Id="1668" Name="fetchCourseStart">
<Header>
<Loc EndOffset="1304" SrcFileId="10" StartOffset="1260"/>
</Header>
<LocList>
<Loc EndOffset="1401" SrcFileId="10" StartOffset="1260"/>
</LocList>
<StmntSeq Intrnl_Id="1669">
<LocList>
<Loc EndOffset="1398" SrcFileId="10" StartOffset="1354"/>
</LocList>
<BasicStmnt CovItemId="S10" CovItemPrefix="my.PSM.PSM_Storage.DataStoreFacade.java" Intrnl_Id="1670">
<LocList>
<Loc EndOffset="1398" SrcFileId="10" StartOffset="1354"/>
</LocList>
</BasicStmnt>
</StmntSeq>
</HierarchyLvl>
<HierarchyLvl HierarchyLvlId="14398" HierarchyLvlTypeId="31" Intrnl_Id="1671" Name="fetchCourseEnd">
<Header>
<Loc EndOffset="1445" SrcFileId="10" StartOffset="1403"/>
</Header>
<LocList>
<Loc EndOffset="1538" SrcFileId="10" StartOffset="1403"/>
</LocList>
<StmntSeq Intrnl_Id="1672">
<LocList>
<Loc EndOffset="1535" SrcFileId="10" StartOffset="1493"/>
</LocList>
<BasicStmnt CovItemId="S11" CovItemPrefix="my.PSM.PSM_Storage.DataStoreFacade.java" Intrnl_Id="1673">
<LocList>
<Loc EndOffset="1535" SrcFileId="10" StartOffset="1493"/>
</LocList>
</BasicStmnt>
</StmntSeq>
</HierarchyLvl>
<HierarchyLvl HierarchyLvlId="14399" HierarchyLvlTypeId="31" Intrnl_Id="1674" Name="fetchStartMon">
<Header>
<Loc EndOffset="1581" SrcFileId="10" StartOffset="1540"/>
</Header>
<LocList>
<Loc EndOffset="1672" SrcFileId="10" StartOffset="1540"/>
</LocList>
<StmntSeq Intrnl_Id="1675">
<LocList>
<Loc EndOffset="1669" SrcFileId="10" StartOffset="1628"/>
</LocList>
<BasicStmnt CovItemId="S12" CovItemPrefix="my.PSM.PSM_Storage.DataStoreFacade.java" Intrnl_Id="1676">
<LocList>
<Loc EndOffset="1669" SrcFileId="10" StartOffset="1628"/>
</LocList>
</BasicStmnt>
</StmntSeq>
</HierarchyLvl>
<HierarchyLvl HierarchyLvlId="14400" HierarchyLvlTypeId="31" Intrnl_Id="1677" Name="fetchEndMon">
<Header>
<Loc EndOffset="1713" SrcFileId="10" StartOffset="1674"/>
</Header>
<LocList>
<Loc EndOffset="1800" SrcFileId="10" StartOffset="1674"/>
</LocList>
<StmntSeq Intrnl_Id="1678">
<LocList>
<Loc EndOffset="1797" SrcFileId="10" StartOffset="1758"/>
</LocList>
<BasicStmnt CovItemId="S13" CovItemPrefix="my.PSM.PSM_Storage.DataStoreFacade.java" Intrnl_Id="1679">
<LocList>
<Loc EndOffset="1797" SrcFileId="10" StartOffset="1758"/>
</LocList>
</BasicStmnt>
</StmntSeq>
</HierarchyLvl>
<HierarchyLvl HierarchyLvlId="14401" HierarchyLvlTypeId="31" Intrnl_Id="1680" Name="fetchStartTue">
<Header>
<Loc EndOffset="1843" SrcFileId="10" StartOffset="1802"/>
</Header>
<LocList>
<Loc EndOffset="1934" SrcFileId="10" StartOffset="1802"/>
</LocList>
<StmntSeq Intrnl_Id="1681">
<LocList>
<Loc EndOffset="1931" SrcFileId="10" StartOffset="1890"/>
</LocList>
<BasicStmnt CovItemId="S14" CovItemPrefix="my.PSM.PSM_Storage.DataStoreFacade.java" Intrnl_Id="1682">
<LocList>
<Loc EndOffset="1931" SrcFileId="10" StartOffset="1890"/>
</LocList>
</BasicStmnt>
</StmntSeq>
</HierarchyLvl>
<HierarchyLvl HierarchyLvlId="14402" HierarchyLvlTypeId="31" Intrnl_Id="1683" Name="fetchEndTue">
<Header>
<Loc EndOffset="1975" SrcFileId="10" StartOffset="1936"/>
</Header>
<LocList>
<Loc EndOffset="2062" SrcFileId="10" StartOffset="1936"/>
</LocList>
<StmntSeq Intrnl_Id="1684">
<LocList>
<Loc EndOffset="2059" SrcFileId="10" StartOffset="2020"/>
</LocList>
<BasicStmnt CovItemId="S15" CovItemPrefix="my.PSM.PSM_Storage.DataStoreFacade.java" Intrnl_Id="1685">
<LocList>
<Loc EndOffset="2059" SrcFileId="10" StartOffset="2020"/>
</LocList>
</BasicStmnt>
</StmntSeq>
</HierarchyLvl>
<HierarchyLvl HierarchyLvlId="14403" HierarchyLvlTypeId="31" Intrnl_Id="1686" Name="fetchStartWed">
<Header>
<Loc EndOffset="2105" SrcFileId="10" StartOffset="2064"/>
</Header>
<LocList>
<Loc EndOffset="2196" SrcFileId="10" StartOffset="2064"/>
</LocList>
<StmntSeq Intrnl_Id="1687">
<LocList>
<Loc EndOffset="2193" SrcFileId="10" StartOffset="2152"/>
</LocList>
<BasicStmnt CovItemId="S16" CovItemPrefix="my.PSM.PSM_Storage.DataStoreFacade.java" Intrnl_Id="1688">
<LocList>
<Loc EndOffset="2193" SrcFileId="10" StartOffset="2152"/>
</LocList>
</BasicStmnt>
</StmntSeq>
</HierarchyLvl>
<HierarchyLvl HierarchyLvlId="14404" HierarchyLvlTypeId="31" Intrnl_Id="1689" Name="fetchEndWed">
<Header>
<Loc EndOffset="2237" SrcFileId="10" StartOffset="2198"/>
</Header>
<LocList>
<Loc EndOffset="2324" SrcFileId="10" StartOffset="2198"/>
</LocList>
<StmntSeq Intrnl_Id="1690">
<LocList>
<Loc EndOffset="2321" SrcFileId="10" StartOffset="2282"/>
</LocList>
<BasicStmnt CovItemId="S17" CovItemPrefix="my.PSM.PSM_Storage.DataStoreFacade.java" Intrnl_Id="1691">
<LocList>
<Loc EndOffset="2321" SrcFileId="10" StartOffset="2282"/>
</LocList>
</BasicStmnt>
</StmntSeq>
</HierarchyLvl>
<HierarchyLvl HierarchyLvlId="14405" HierarchyLvlTypeId="31" Intrnl_Id="1692" Name="fetchStartThu">
<Header>
<Loc EndOffset="2367" SrcFileId="10" StartOffset="2326"/>
</Header>
<LocList>
<Loc EndOffset="2458" SrcFileId="10" StartOffset="2326"/>
</LocList>
<StmntSeq Intrnl_Id="1693">
<LocList>
<Loc EndOffset="2455" SrcFileId="10" StartOffset="2414"/>
</LocList>
<BasicStmnt CovItemId="S18" CovItemPrefix="my.PSM.PSM_Storage.DataStoreFacade.java" Intrnl_Id="1694">
<LocList>
<Loc EndOffset="2455" SrcFileId="10" StartOffset="2414"/>
</LocList>
</BasicStmnt>
</StmntSeq>
</HierarchyLvl>
<HierarchyLvl HierarchyLvlId="14406" HierarchyLvlTypeId="31" Intrnl_Id="1695" Name="fetchEndThu">
<Header>
<Loc EndOffset="2499" SrcFileId="10" StartOffset="2460"/>
</Header>
<LocList>
<Loc EndOffset="2586" SrcFileId="10" StartOffset="2460"/>
</LocList>
<StmntSeq Intrnl_Id="1696">
<LocList>
<Loc EndOffset="2583" SrcFileId="10" StartOffset="2544"/>
</LocList>
<BasicStmnt CovItemId="S19" CovItemPrefix="my.PSM.PSM_Storage.DataStoreFacade.java" Intrnl_Id="1697">
<LocList>
<Loc EndOffset="2583" SrcFileId="10" StartOffset="2544"/>
</LocList>
</BasicStmnt>
</StmntSeq>
</HierarchyLvl>
<HierarchyLvl HierarchyLvlId="14407" HierarchyLvlTypeId="31" Intrnl_Id="1698" Name="fetchStartFri">
<Header>
<Loc EndOffset="2629" SrcFileId="10" StartOffset="2588"/>
</Header>
<LocList>
<Loc EndOffset="2720" SrcFileId="10" StartOffset="2588"/>
</LocList>
<StmntSeq Intrnl_Id="1699">
<LocList>
<Loc EndOffset="2717" SrcFileId="10" StartOffset="2676"/>
</LocList>
<BasicStmnt CovItemId="S20" CovItemPrefix="my.PSM.PSM_Storage.DataStoreFacade.java" Intrnl_Id="1700">
<LocList>
<Loc EndOffset="2717" SrcFileId="10" StartOffset="2676"/>
</LocList>
</BasicStmnt>
</StmntSeq>
</HierarchyLvl>
<HierarchyLvl HierarchyLvlId="14408" HierarchyLvlTypeId="31" Intrnl_Id="1701" Name="fetchEndFri">
<Header>
<Loc EndOffset="2761" SrcFileId="10" StartOffset="2722"/>
</Header>
<LocList>
<Loc EndOffset="2848" SrcFileId="10" StartOffset="2722"/>
</LocList>
<StmntSeq Intrnl_Id="1702">
<LocList>
<Loc EndOffset="2845" SrcFileId="10" StartOffset="2806"/>
</LocList>
<BasicStmnt CovItemId="S21" CovItemPrefix="my.PSM.PSM_Storage.DataStoreFacade.java" Intrnl_Id="1703">
<LocList>
<Loc EndOffset="2845" SrcFileId="10" StartOffset="2806"/>
</LocList>
</BasicStmnt>
</StmntSeq>
</HierarchyLvl>
<HierarchyLvl HierarchyLvlId="14409" HierarchyLvlTypeId="31" Intrnl_Id="1704" Name="fetchStartSat">
<Header>
<Loc EndOffset="2891" SrcFileId="10" StartOffset="2850"/>
</Header>
<LocList>
<Loc EndOffset="2982" SrcFileId="10" StartOffset="2850"/>
</LocList>
<StmntSeq Intrnl_Id="1705">
<LocList>
<Loc EndOffset="2979" SrcFileId="10" StartOffset="2938"/>
</LocList>
<BasicStmnt CovItemId="S22" CovItemPrefix="my.PSM.PSM_Storage.DataStoreFacade.java" Intrnl_Id="1706">
<LocList>
<Loc EndOffset="2979" SrcFileId="10" StartOffset="2938"/>
</LocList>
</BasicStmnt>
</StmntSeq>
</HierarchyLvl>
<HierarchyLvl HierarchyLvlId="14410" HierarchyLvlTypeId="31" Intrnl_Id="1707" Name="fetchEndSat">
<Header>
<Loc EndOffset="3023" SrcFileId="10" StartOffset="2984"/>
</Header>
<LocList>
<Loc EndOffset="3110" SrcFileId="10" StartOffset="2984"/>
</LocList>
<StmntSeq Intrnl_Id="1708">
<LocList>
<Loc EndOffset="3107" SrcFileId="10" StartOffset="3068"/>
</LocList>
<BasicStmnt CovItemId="S23" CovItemPrefix="my.PSM.PSM_Storage.DataStoreFacade.java" Intrnl_Id="1709">
<LocList>
<Loc EndOffset="3107" SrcFileId="10" StartOffset="3068"/>
</LocList>
</BasicStmnt>
</StmntSeq>
</HierarchyLvl>
<HierarchyLvl HierarchyLvlId="14411" HierarchyLvlTypeId="31" Intrnl_Id="1710" Name="clearDatabase">
<Header>
<Loc EndOffset="3139" SrcFileId="10" StartOffset="3112"/>
</Header>
<LocList>
<Loc EndOffset="3173" SrcFileId="10" StartOffset="3112"/>
</LocList>
<StmntSeq Intrnl_Id="1711">
<LocList>
<Loc EndOffset="3170" SrcFileId="10" StartOffset="3144"/>
</LocList>
<BasicStmnt CovItemId="S24" CovItemPrefix="my.PSM.PSM_Storage.DataStoreFacade.java" Intrnl_Id="1712">
<LocList>
<Loc EndOffset="3170" SrcFileId="10" StartOffset="3144"/>
</LocList>
</BasicStmnt>
</StmntSeq>
</HierarchyLvl>
<HierarchyLvl HierarchyLvlId="14412" HierarchyLvlTypeId="31" Intrnl_Id="1713" Name="getCourses">
<Header>
<Loc EndOffset="3213" SrcFileId="10" StartOffset="3175"/>
</Header>
<LocList>
<Loc EndOffset="3251" SrcFileId="10" StartOffset="3175"/>
</LocList>
<StmntSeq Intrnl_Id="1714">
<LocList>
<Loc EndOffset="3248" SrcFileId="10" StartOffset="3218"/>
</LocList>
<BasicStmnt CovItemId="S25" CovItemPrefix="my.PSM.PSM_Storage.DataStoreFacade.java" Intrnl_Id="1715">
<LocList>
<Loc EndOffset="3248" SrcFileId="10" StartOffset="3218"/>
</LocList>
</BasicStmnt>
</StmntSeq>
</HierarchyLvl>
<HierarchyLvl HierarchyLvlId="14413" HierarchyLvlTypeId="31" Intrnl_Id="1716" Name="storeClassInfo">
<Header>
<Loc EndOffset="3347" SrcFileId="10" StartOffset="3253"/>
</Header>
<LocList>
<Loc EndOffset="3432" SrcFileId="10" StartOffset="3253"/>
</LocList>
<StmntSeq Intrnl_Id="1717">
<LocList>
<Loc EndOffset="3429" SrcFileId="10" StartOffset="3353"/>
</LocList>
<BasicStmnt CovItemId="S26" CovItemPrefix="my.PSM.PSM_Storage.DataStoreFacade.java" Intrnl_Id="1718">
<LocList>
<Loc EndOffset="3429" SrcFileId="10" StartOffset="3353"/>
</LocList>
</BasicStmnt>
</StmntSeq>
</HierarchyLvl>
<HierarchyLvl HierarchyLvlId="14414" HierarchyLvlTypeId="31" Intrnl_Id="1719" Name="storeClassSched">
<Header>
<Loc EndOffset="3728" SrcFileId="10" StartOffset="3436"/>
</Header>
<LocList>
<Loc EndOffset="3914" SrcFileId="10" StartOffset="3436"/>
</LocList>
<StmntSeq Intrnl_Id="1720">
<LocList>
<Loc EndOffset="3908" SrcFileId="10" StartOffset="3737"/>
</LocList>
<BasicStmnt CovItemId="S27" CovItemPrefix="my.PSM.PSM_Storage.DataStoreFacade.java" Intrnl_Id="1721">
<LocList>
<Loc EndOffset="3908" SrcFileId="10" StartOffset="3737"/>
</LocList>
</BasicStmnt>
</StmntSeq>
</HierarchyLvl>
</HierarchyLvl>
<HierarchyLvl HierarchyLvlId="14446" HierarchyLvlTypeId="32" Intrnl_Id="1722" Name="DBConnection">
<Header>
<Loc EndOffset="325" SrcFileId="11" StartOffset="300"/>
</Header>
<LocList>
<Loc EndOffset="6314" SrcFileId="11" StartOffset="300"/>
</LocList>
<StmntSeq Intrnl_Id="1723">
<LocList>
<Loc EndOffset="477" SrcFileId="11" StartOffset="417"/>
</LocList>
<BasicStmnt CovItemId="S1" CovItemPrefix="my.PSM.PSM_Storage.DBConnection.java" Intrnl_Id="1724">
<LocList>
<Loc EndOffset="477" SrcFileId="11" StartOffset="417"/>
</LocList>
</BasicStmnt>
</StmntSeq>
<HierarchyLvl HierarchyLvlId="14416" HierarchyLvlTypeId="31" Intrnl_Id="1725" Name="setMyManager">
<Header>
<Loc EndOffset="629" SrcFileId="11" StartOffset="581"/>
</Header>
<LocList>
<Loc EndOffset="664" SrcFileId="11" StartOffset="581"/>
</LocList>
<StmntSeq Intrnl_Id="1726">
<LocList>
<Loc EndOffset="661" SrcFileId="11" StartOffset="634"/>
</LocList>
<BasicStmnt CovItemId="S2" CovItemPrefix="my.PSM.PSM_Storage.DBConnection.java" Intrnl_Id="1727">
<LocList>
<Loc EndOffset="661" SrcFileId="11" StartOffset="634"/>
</LocList>
</BasicStmnt>
</StmntSeq>
</HierarchyLvl>
<HierarchyLvl HierarchyLvlId="14417" HierarchyLvlTypeId="31" Intrnl_Id="1728" Name="DBConnection">
<Header>
<Loc EndOffset="738" SrcFileId="11" StartOffset="717"/>
</Header>
<LocList>
<Loc EndOffset="787" SrcFileId="11" StartOffset="717"/>
</LocList>
<StmntSeq Intrnl_Id="1729">
<LocList>
<Loc EndOffset="781" SrcFileId="11" StartOffset="750"/>
</LocList>
<BasicStmnt CovItemId="S3" CovItemPrefix="my.PSM.PSM_Storage.DBConnection.java" Intrnl_Id="1730">
<LocList>
<Loc EndOffset="781" SrcFileId="11" StartOffset="750"/>
</LocList>
</BasicStmnt>
</StmntSeq>
</HierarchyLvl>
<HierarchyLvl HierarchyLvlId="14418" HierarchyLvlTypeId="31" Intrnl_Id="1731" Name="connect">
<Header>
<Loc EndOffset="901" SrcFileId="11" StartOffset="848"/>
</Header>
<LocList>
<Loc EndOffset="1030" SrcFileId="11" StartOffset="848"/>
</LocList>
<StmntSeq Intrnl_Id="1732">
<LocList>
<Loc EndOffset="928" SrcFileId="11" StartOffset="916"/>
<Loc EndOffset="953" SrcFileId="11" StartOffset="937"/>
<Loc EndOffset="976" SrcFileId="11" StartOffset="962"/>
<Loc EndOffset="1024" SrcFileId="11" StartOffset="985"/>
</LocList>
<BasicStmnt CovItemId="S4" CovItemPrefix="my.PSM.PSM_Storage.DBConnection.java" Intrnl_Id="1733">
<LocList>
<Loc EndOffset="928" SrcFileId="11" StartOffset="916"/>
</LocList>
</BasicStmnt>
<BasicStmnt CovItemId="S5" CovItemPrefix="my.PSM.PSM_Storage.DBConnection.java" Intrnl_Id="1734">
<LocList>
<Loc EndOffset="953" SrcFileId="11" StartOffset="937"/>
</LocList>
</BasicStmnt>
<BasicStmnt CovItemId="S6" CovItemPrefix="my.PSM.PSM_Storage.DBConnection.java" Intrnl_Id="1735">
<LocList>
<Loc EndOffset="976" SrcFileId="11" StartOffset="962"/>
</LocList>
</BasicStmnt>
<BasicStmnt CovItemId="S7" CovItemPrefix="my.PSM.PSM_Storage.DBConnection.java" Intrnl_Id="1736">
<LocList>
<Loc EndOffset="1024" SrcFileId="11" StartOffset="985"/>
</LocList>
</BasicStmnt>
</StmntSeq>
</HierarchyLvl>
<HierarchyLvl HierarchyLvlId="14419" HierarchyLvlTypeId="31" Intrnl_Id="1737" Name="connect">
<Header>
<Loc EndOffset="1133" SrcFileId="11" StartOffset="1092"/>
</Header>
<LocList>
<Loc EndOffset="1246" SrcFileId="11" StartOffset="1092"/>
</LocList>
<StmntSeq Intrnl_Id="1738">
<LocList>
<Loc EndOffset="1164" SrcFileId="11" StartOffset="1148"/>
<Loc EndOffset="1187" SrcFileId="11" StartOffset="1173"/>
<Loc EndOffset="1240" SrcFileId="11" StartOffset="1205"/>
</LocList>
<BasicStmnt CovItemId="S8" CovItemPrefix="my.PSM.PSM_Storage.DBConnection.java" Intrnl_Id="1739">
<LocList>
<Loc EndOffset="1164" SrcFileId="11" StartOffset="1148"/>
</LocList>
</BasicStmnt>
<BasicStmnt CovItemId="S9" CovItemPrefix="my.PSM.PSM_Storage.DBConnection.java" Intrnl_Id="1740">
<LocList>
<Loc EndOffset="1187" SrcFileId="11" StartOffset="1173"/>
</LocList>
</BasicStmnt>
<BasicStmnt CovItemId="S10" CovItemPrefix="my.PSM.PSM_Storage.DBConnection.java" Intrnl_Id="1741">
<LocList>
<Loc EndOffset="1240" SrcFileId="11" StartOffset="1205"/>
</LocList>
</BasicStmnt>
</StmntSeq>
</HierarchyLvl>
<HierarchyLvl HierarchyLvlId="14420" HierarchyLvlTypeId="31" Intrnl_Id="1742" Name="disconnect">
<Header>
<Loc EndOffset="1279" SrcFileId="11" StartOffset="1256"/>
</Header>
<LocList>
<Loc EndOffset="1330" SrcFileId="11" StartOffset="1256"/>
</LocList>
<StmntSeq Intrnl_Id="1743">
<LocList>
<Loc EndOffset="1324" SrcFileId="11" StartOffset="1294"/>
</LocList>
<BasicStmnt CovItemId="S11" CovItemPrefix="my.PSM.PSM_Storage.DBConnection.java" Intrnl_Id="1744">
<LocList>
<Loc EndOffset="1324" SrcFileId="11" StartOffset="1294"/>
</LocList>
</BasicStmnt>
</StmntSeq>
</HierarchyLvl>
<HierarchyLvl HierarchyLvlId="14421" HierarchyLvlTypeId="31" Intrnl_Id="1745" Name="fetchCourseID">
<Header>
<Loc EndOffset="1379" SrcFileId="11" StartOffset="1341"/>
</Header>
<LocList>
<Loc EndOffset="1501" SrcFileId="11" StartOffset="1341"/>
</LocList>
<StmntSeq Intrnl_Id="1746">
<LocList>
<Loc EndOffset="1493" SrcFileId="11" StartOffset="1452"/>
</LocList>
<BasicStmnt CovItemId="S12" CovItemPrefix="my.PSM.PSM_Storage.DBConnection.java" Intrnl_Id="1747">
<LocList>
<Loc EndOffset="1493" SrcFileId="11" StartOffset="1452"/>
</LocList>
</BasicStmnt>
</StmntSeq>
</HierarchyLvl>
<HierarchyLvl HierarchyLvlId="14422" HierarchyLvlTypeId="31" Intrnl_Id="1748" Name="getEndDates">
<Header>
<Loc EndOffset="1549" SrcFileId="11" StartOffset="1511"/>
</Header>
<LocList>
<Loc EndOffset="1601" SrcFileId="11" StartOffset="1511"/>
</LocList>
<StmntSeq Intrnl_Id="1749">
<LocList>
<Loc EndOffset="1595" SrcFileId="11" StartOffset="1564"/>
</LocList>
<BasicStmnt CovItemId="S13" CovItemPrefix="my.PSM.PSM_Storage.DBConnection.java" Intrnl_Id="1750">
<LocList>
<Loc EndOffset="1595" SrcFileId="11" StartOffset="1564"/>
</LocList>
</BasicStmnt>
</StmntSeq>
</HierarchyLvl>
<HierarchyLvl HierarchyLvlId="14423" HierarchyLvlTypeId="31" Intrnl_Id="1751" Name="getCourses">
<Header>
<Loc EndOffset="1644" SrcFileId="11" StartOffset="1606"/>
</Header>
<LocList>
<Loc EndOffset="1695" SrcFileId="11" StartOffset="1606"/>
</LocList>
<StmntSeq Intrnl_Id="1752">
<LocList>
<Loc EndOffset="1689" SrcFileId="11" StartOffset="1659"/>
</LocList>
<BasicStmnt CovItemId="S14" CovItemPrefix="my.PSM.PSM_Storage.DBConnection.java" Intrnl_Id="1753">
<LocList>
<Loc EndOffset="1689" SrcFileId="11" StartOffset="1659"/>
</LocList>
</BasicStmnt>
</StmntSeq>
</HierarchyLvl>
<HierarchyLvl HierarchyLvlId="14424" HierarchyLvlTypeId="31" Intrnl_Id="1754" Name="fetchCourses">
<Header>
<Loc EndOffset="1733" SrcFileId="11" StartOffset="1705"/>
</Header>
<LocList>
<Loc EndOffset="2349" SrcFileId="11" StartOffset="1705"/>
</LocList>
<StmntSeq Intrnl_Id="1755">
<LocList>
<Loc EndOffset="1840" SrcFileId="11" StartOffset="1803"/>
<Loc EndOffset="2046" SrcFileId="11" StartOffset="1997"/>
<Loc EndOffset="2215" SrcFileId="11" StartOffset="2056"/>
<Loc EndOffset="2247" SrcFileId="11" StartOffset="2224"/>
<Loc EndOffset="2270" SrcFileId="11" StartOffset="2256"/>
</LocList>
<BasicStmnt CovItemId="S15" CovItemPrefix="my.PSM.PSM_Storage.DBConnection.java" Intrnl_Id="1756">
<LocList>
<Loc EndOffset="1840" SrcFileId="11" StartOffset="1803"/>
</LocList>
</BasicStmnt>
<BasicStmnt CovItemId="S16" CovItemPrefix="my.PSM.PSM_Storage.DBConnection.java" Intrnl_Id="1757">
<LocList>
<Loc EndOffset="2046" SrcFileId="11" StartOffset="1997"/>
</LocList>
</BasicStmnt>
<LoopStmnt CovItemId="S17" CovItemPrefix="my.PSM.PSM_Storage.DBConnection.java" Intrnl_Id="1758" MltplExecId="L1-2" MltplExecPrefix="my.PSM.PSM_Storage.DBConnection.java" NvrExecId="L1-0" NvrExecPrefix="my.PSM.PSM_Storage.DBConnection.java" OnceExecutedId="L1-1" OnceExecutedPrefix="my.PSM.PSM_Storage.DBConnection.java" OptBodyExec="true">
<StmntSeq Intrnl_Id="1759">
<LocList>
<Loc EndOffset="2154" SrcFileId="11" StartOffset="2131"/>
<Loc EndOffset="2183" SrcFileId="11" StartOffset="2168"/>
</LocList>
<BasicStmnt CovItemId="S18" CovItemPrefix="my.PSM.PSM_Storage.DBConnection.java" Intrnl_Id="1760">
<LocList>
<Loc EndOffset="2154" SrcFileId="11" StartOffset="2131"/>
</LocList>
</BasicStmnt>
<BasicStmnt CovItemId="S19" CovItemPrefix="my.PSM.PSM_Storage.DBConnection.java" Intrnl_Id="1761">
<LocList>
<Loc EndOffset="2183" SrcFileId="11" StartOffset="2168"/>
</LocList>
</BasicStmnt>
</StmntSeq>
<Keyword EndOffset="2059" SrcFileId="11" StartOffset="2056"/>
<LocList>
<Loc EndOffset="2215" SrcFileId="11" StartOffset="2056"/>
</LocList>
<RootTerm CovItemId="C1" CovItemPrefix="my.PSM.PSM_Storage.DBConnection.java" Intrnl_Id="1762">
<BasicBoolTerm Intrnl_Id="1763">
<LocList>
<Loc EndOffset="2086" SrcFileId="11" StartOffset="2071"/>
</LocList>
</BasicBoolTerm>
</RootTerm>
</LoopStmnt>
<BasicStmnt CovItemId="S20" CovItemPrefix="my.PSM.PSM_Storage.DBConnection.java" Intrnl_Id="1764">
<LocList>
<Loc EndOffset="2247" SrcFileId="11" StartOffset="2224"/>
</LocList>
</BasicStmnt>
<BasicStmnt CovItemId="S21" CovItemPrefix="my.PSM.PSM_Storage.DBConnection.java" Intrnl_Id="1765">
<LocList>
<Loc EndOffset="2270" SrcFileId="11" StartOffset="2256"/>
</LocList>
</BasicStmnt>
</StmntSeq>
</HierarchyLvl>
<HierarchyLvl HierarchyLvlId="14425" HierarchyLvlTypeId="31" Intrnl_Id="1766" Name="fetchCourseSubj">
<Header>
<Loc EndOffset="2402" SrcFileId="11" StartOffset="2359"/>
</Header>
<LocList>
<Loc EndOffset="2532" SrcFileId="11" StartOffset="2359"/>
</LocList>
<StmntSeq Intrnl_Id="1767">
<LocList>
<Loc EndOffset="2518" SrcFileId="11" StartOffset="2475"/>
</LocList>
<BasicStmnt CovItemId="S22" CovItemPrefix="my.PSM.PSM_Storage.DBConnection.java" Intrnl_Id="1768">
<LocList>
<Loc EndOffset="2518" SrcFileId="11" StartOffset="2475"/>
</LocList>
</BasicStmnt>
</StmntSeq>
</HierarchyLvl>
<HierarchyLvl HierarchyLvlId="14426" HierarchyLvlTypeId="31" Intrnl_Id="1769" Name="fetchCourseName">
<Header>
<Loc EndOffset="2585" SrcFileId="11" StartOffset="2542"/>
</Header>
<LocList>
<Loc EndOffset="2657" SrcFileId="11" StartOffset="2542"/>
</LocList>
<StmntSeq Intrnl_Id="1770">
<LocList>
<Loc EndOffset="2643" SrcFileId="11" StartOffset="2600"/>
</LocList>
<BasicStmnt CovItemId="S23" CovItemPrefix="my.PSM.PSM_Storage.DBConnection.java" Intrnl_Id="1771">
<LocList>
<Loc EndOffset="2643" SrcFileId="11" StartOffset="2600"/>
</LocList>
</BasicStmnt>
</StmntSeq>
</HierarchyLvl>
<HierarchyLvl HierarchyLvlId="14427" HierarchyLvlTypeId="31" Intrnl_Id="1772" Name="fetchCourseSemester">
<Header>
<Loc EndOffset="2714" SrcFileId="11" StartOffset="2667"/>
</Header>
<LocList>
<Loc EndOffset="2848" SrcFileId="11" StartOffset="2667"/>
</LocList>
<StmntSeq Intrnl_Id="1773">
<LocList>
<Loc EndOffset="2834" SrcFileId="11" StartOffset="2787"/>
</LocList>
<BasicStmnt CovItemId="S24" CovItemPrefix="my.PSM.PSM_Storage.DBConnection.java" Intrnl_Id="1774">
<LocList>
<Loc EndOffset="2834" SrcFileId="11" StartOffset="2787"/>
</LocList>
</BasicStmnt>
</StmntSeq>
</HierarchyLvl>
<HierarchyLvl HierarchyLvlId="14428" HierarchyLvlTypeId="31" Intrnl_Id="1775" Name="fetchCourseStart">
<Header>
<Loc EndOffset="2902" SrcFileId="11" StartOffset="2858"/>
</Header>
<LocList>
<Loc EndOffset="3033" SrcFileId="11" StartOffset="2858"/>
</LocList>
<StmntSeq Intrnl_Id="1776">
<LocList>
<Loc EndOffset="3019" SrcFileId="11" StartOffset="2975"/>
</LocList>
<BasicStmnt CovItemId="S25" CovItemPrefix="my.PSM.PSM_Storage.DBConnection.java" Intrnl_Id="1777">
<LocList>
<Loc EndOffset="3019" SrcFileId="11" StartOffset="2975"/>
</LocList>
</BasicStmnt>
</StmntSeq>
</HierarchyLvl>
<HierarchyLvl HierarchyLvlId="14429" HierarchyLvlTypeId="31" Intrnl_Id="1778" Name="fetchCourseEnd">
<Header>
<Loc EndOffset="3085" SrcFileId="11" StartOffset="3043"/>
</Header>
<LocList>
<Loc EndOffset="3222" SrcFileId="11" StartOffset="3043"/>
</LocList>
<StmntSeq Intrnl_Id="1779">
<LocList>
<Loc EndOffset="3208" SrcFileId="11" StartOffset="3166"/>
</LocList>
<BasicStmnt CovItemId="S26" CovItemPrefix="my.PSM.PSM_Storage.DBConnection.java" Intrnl_Id="1780">
<LocList>
<Loc EndOffset="3208" SrcFileId="11" StartOffset="3166"/>
</LocList>
</BasicStmnt>
</StmntSeq>
</HierarchyLvl>
<HierarchyLvl HierarchyLvlId="14430" HierarchyLvlTypeId="31" Intrnl_Id="1781" Name="fetchStartMon">
<Header>
<Loc EndOffset="3757" SrcFileId="11" StartOffset="3716"/>
</Header>
<LocList>
<Loc EndOffset="3819" SrcFileId="11" StartOffset="3716"/>
</LocList>
<StmntSeq Intrnl_Id="1782">
<LocList>
<Loc EndOffset="3813" SrcFileId="11" StartOffset="3772"/>
</LocList>
<BasicStmnt CovItemId="S27" CovItemPrefix="my.PSM.PSM_Storage.DBConnection.java" Intrnl_Id="1783">
<LocList>
<Loc EndOffset="3813" SrcFileId="11" StartOffset="3772"/>
</LocList>
</BasicStmnt>
</StmntSeq>
</HierarchyLvl>
<HierarchyLvl HierarchyLvlId="14431" HierarchyLvlTypeId="31" Intrnl_Id="1784" Name="fetchEndMon">
<Header>
<Loc EndOffset="3868" SrcFileId="11" StartOffset="3829"/>
</Header>
<LocList>
<Loc EndOffset="3928" SrcFileId="11" StartOffset="3829"/>
</LocList>
<StmntSeq Intrnl_Id="1785">
<LocList>
<Loc EndOffset="3922" SrcFileId="11" StartOffset="3883"/>
</LocList>
<BasicStmnt CovItemId="S28" CovItemPrefix="my.PSM.PSM_Storage.DBConnection.java" Intrnl_Id="1786">
<LocList>
<Loc EndOffset="3922" SrcFileId="11" StartOffset="3883"/>
</LocList>
</BasicStmnt>
</StmntSeq>
</HierarchyLvl>
<HierarchyLvl HierarchyLvlId="14432" HierarchyLvlTypeId="31" Intrnl_Id="1787" Name="fetchStartTue">
<Header>
<Loc EndOffset="3979" SrcFileId="11" StartOffset="3938"/>
</Header>
<LocList>
<Loc EndOffset="4041" SrcFileId="11" StartOffset="3938"/>
</LocList>
<StmntSeq Intrnl_Id="1788">
<LocList>
<Loc EndOffset="4035" SrcFileId="11" StartOffset="3994"/>
</LocList>
<BasicStmnt CovItemId="S29" CovItemPrefix="my.PSM.PSM_Storage.DBConnection.java" Intrnl_Id="1789">
<LocList>
<Loc EndOffset="4035" SrcFileId="11" StartOffset="3994"/>
</LocList>
</BasicStmnt>
</StmntSeq>
</HierarchyLvl>
<HierarchyLvl HierarchyLvlId="14433" HierarchyLvlTypeId="31" Intrnl_Id="1790" Name="fetchEndTue">
<Header>
<Loc EndOffset="4090" SrcFileId="11" StartOffset="4051"/>
</Header>
<LocList>
<Loc EndOffset="4150" SrcFileId="11" StartOffset="4051"/>
</LocList>
<StmntSeq Intrnl_Id="1791">
<LocList>
<Loc EndOffset="4144" SrcFileId="11" StartOffset="4105"/>
</LocList>
<BasicStmnt CovItemId="S30" CovItemPrefix="my.PSM.PSM_Storage.DBConnection.java" Intrnl_Id="1792">
<LocList>
<Loc EndOffset="4144" SrcFileId="11" StartOffset="4105"/>
</LocList>
</BasicStmnt>
</StmntSeq>
</HierarchyLvl>
<HierarchyLvl HierarchyLvlId="14434" HierarchyLvlTypeId="31" Intrnl_Id="1793" Name="fetchStartWed">
<Header>
<Loc EndOffset="4201" SrcFileId="11" StartOffset="4160"/>
</Header>
<LocList>
<Loc EndOffset="4260" SrcFileId="11" StartOffset="4160"/>
</LocList>
<StmntSeq Intrnl_Id="1794">
<LocList>
<Loc EndOffset="4254" SrcFileId="11" StartOffset="4213"/>
</LocList>
<BasicStmnt CovItemId="S31" CovItemPrefix="my.PSM.PSM_Storage.DBConnection.java" Intrnl_Id="1795">
<LocList>
<Loc EndOffset="4254" SrcFileId="11" StartOffset="4213"/>
</LocList>
</BasicStmnt>
</StmntSeq>
</HierarchyLvl>
<HierarchyLvl HierarchyLvlId="14435" HierarchyLvlTypeId="31" Intrnl_Id="1796" Name="fetchEndWed">
<Header>
<Loc EndOffset="4309" SrcFileId="11" StartOffset="4270"/>
</Header>
<LocList>
<Loc EndOffset="4366" SrcFileId="11" StartOffset="4270"/>
</LocList>
<StmntSeq Intrnl_Id="1797">
<LocList>
<Loc EndOffset="4360" SrcFileId="11" StartOffset="4321"/>
</LocList>
<BasicStmnt CovItemId="S32" CovItemPrefix="my.PSM.PSM_Storage.DBConnection.java" Intrnl_Id="1798">
<LocList>
<Loc EndOffset="4360" SrcFileId="11" StartOffset="4321"/>
</LocList>
</BasicStmnt>
</StmntSeq>
</HierarchyLvl>
<HierarchyLvl HierarchyLvlId="14436" HierarchyLvlTypeId="31" Intrnl_Id="1799" Name="fetchStartThu">
<Header>
<Loc EndOffset="4422" SrcFileId="11" StartOffset="4381"/>
</Header>
<LocList>
<Loc EndOffset="4484" SrcFileId="11" StartOffset="4381"/>
</LocList>
<StmntSeq Intrnl_Id="1800">
<LocList>
<Loc EndOffset="4478" SrcFileId="11" StartOffset="4437"/>
</LocList>
<BasicStmnt CovItemId="S33" CovItemPrefix="my.PSM.PSM_Storage.DBConnection.java" Intrnl_Id="1801">
<LocList>
<Loc EndOffset="4478" SrcFileId="11" StartOffset="4437"/>
</LocList>
</BasicStmnt>
</StmntSeq>
</HierarchyLvl>
<HierarchyLvl HierarchyLvlId="14437" HierarchyLvlTypeId="31" Intrnl_Id="1802" Name="fetchEndThu">
<Header>
<Loc EndOffset="4533" SrcFileId="11" StartOffset="4494"/>
</Header>
<LocList>
<Loc EndOffset="4593" SrcFileId="11" StartOffset="4494"/>
</LocList>
<StmntSeq Intrnl_Id="1803">
<LocList>
<Loc EndOffset="4587" SrcFileId="11" StartOffset="4548"/>
</LocList>
<BasicStmnt CovItemId="S34" CovItemPrefix="my.PSM.PSM_Storage.DBConnection.java" Intrnl_Id="1804">
<LocList>
<Loc EndOffset="4587" SrcFileId="11" StartOffset="4548"/>
</LocList>
</BasicStmnt>
</StmntSeq>
</HierarchyLvl>
<HierarchyLvl HierarchyLvlId="14438" HierarchyLvlTypeId="31" Intrnl_Id="1805" Name="fetchStartFri">
<Header>
<Loc EndOffset="4644" SrcFileId="11" StartOffset="4603"/>
</Header>
<LocList>
<Loc EndOffset="4703" SrcFileId="11" StartOffset="4603"/>
</LocList>
<StmntSeq Intrnl_Id="1806">
<LocList>
<Loc EndOffset="4697" SrcFileId="11" StartOffset="4656"/>
</LocList>
<BasicStmnt CovItemId="S35" CovItemPrefix="my.PSM.PSM_Storage.DBConnection.java" Intrnl_Id="1807">
<LocList>
<Loc EndOffset="4697" SrcFileId="11" StartOffset="4656"/>
</LocList>
</BasicStmnt>
</StmntSeq>
</HierarchyLvl>
<HierarchyLvl HierarchyLvlId="14439" HierarchyLvlTypeId="31" Intrnl_Id="1808" Name="fetchEndFri">
<Header>
<Loc EndOffset="4752" SrcFileId="11" StartOffset="4713"/>
</Header>
<LocList>
<Loc EndOffset="4812" SrcFileId="11" StartOffset="4713"/>
</LocList>
<StmntSeq Intrnl_Id="1809">
<LocList>
<Loc EndOffset="4806" SrcFileId="11" StartOffset="4767"/>
</LocList>
<BasicStmnt CovItemId="S36" CovItemPrefix="my.PSM.PSM_Storage.DBConnection.java" Intrnl_Id="1810">
<LocList>
<Loc EndOffset="4806" SrcFileId="11" StartOffset="4767"/>
</LocList>
</BasicStmnt>
</StmntSeq>
</HierarchyLvl>
<HierarchyLvl HierarchyLvlId="14440" HierarchyLvlTypeId="31" Intrnl_Id="1811" Name="fetchStartSat">
<Header>
<Loc EndOffset="4868" SrcFileId="11" StartOffset="4827"/>
</Header>
<LocList>
<Loc EndOffset="4930" SrcFileId="11" StartOffset="4827"/>
</LocList>
<StmntSeq Intrnl_Id="1812">
<LocList>
<Loc EndOffset="4924" SrcFileId="11" StartOffset="4883"/>
</LocList>
<BasicStmnt CovItemId="S37" CovItemPrefix="my.PSM.PSM_Storage.DBConnection.java" Intrnl_Id="1813">
<LocList>
<Loc EndOffset="4924" SrcFileId="11" StartOffset="4883"/>
</LocList>
</BasicStmnt>
</StmntSeq>
</HierarchyLvl>
<HierarchyLvl HierarchyLvlId="14441" HierarchyLvlTypeId="31" Intrnl_Id="1814" Name="fetchEndSat">
<Header>
<Loc EndOffset="4979" SrcFileId="11" StartOffset="4940"/>
</Header>
<LocList>
<Loc EndOffset="5048" SrcFileId="11" StartOffset="4940"/>
</LocList>
<StmntSeq Intrnl_Id="1815">
<LocList>
<Loc EndOffset="5042" SrcFileId="11" StartOffset="5003"/>
</LocList>
<BasicStmnt CovItemId="S38" CovItemPrefix="my.PSM.PSM_Storage.DBConnection.java" Intrnl_Id="1816">
<LocList>
<Loc EndOffset="5042" SrcFileId="11" StartOffset="5003"/>
</LocList>
</BasicStmnt>
</StmntSeq>
</HierarchyLvl>
<HierarchyLvl HierarchyLvlId="14442" HierarchyLvlTypeId="31" Intrnl_Id="1817" Name="storeClassInfo">
<Header>
<Loc EndOffset="5152" SrcFileId="11" StartOffset="5058"/>
</Header>
<LocList>
<Loc EndOffset="5249" SrcFileId="11" StartOffset="5058"/>
</LocList>
<StmntSeq Intrnl_Id="1818">
<LocList>
<Loc EndOffset="5243" SrcFileId="11" StartOffset="5167"/>
</LocList>
<BasicStmnt CovItemId="S39" CovItemPrefix="my.PSM.PSM_Storage.DBConnection.java" Intrnl_Id="1819">
<LocList>
<Loc EndOffset="5243" SrcFileId="11" StartOffset="5167"/>
</LocList>
</BasicStmnt>
</StmntSeq>
</HierarchyLvl>
<HierarchyLvl HierarchyLvlId="14443" HierarchyLvlTypeId="31" Intrnl_Id="1820" Name="storeClassSched">
<Header>
<Loc EndOffset="5550" SrcFileId="11" StartOffset="5259"/>
</Header>
<LocList>
<Loc EndOffset="5751" SrcFileId="11" StartOffset="5259"/>
</LocList>
<StmntSeq Intrnl_Id="1821">
<LocList>
<Loc EndOffset="5736" SrcFileId="11" StartOffset="5565"/>
</LocList>
<BasicStmnt CovItemId="S40" CovItemPrefix="my.PSM.PSM_Storage.DBConnection.java" Intrnl_Id="1822">
<LocList>
<Loc EndOffset="5736" SrcFileId="11" StartOffset="5565"/>
</LocList>
</BasicStmnt>
</StmntSeq>
</HierarchyLvl>
<HierarchyLvl HierarchyLvlId="14444" HierarchyLvlTypeId="31" Intrnl_Id="1823" Name="clearDatabase">
<Header>
<Loc EndOffset="5788" SrcFileId="11" StartOffset="5761"/>
</Header>
<LocList>
<Loc EndOffset="5835" SrcFileId="11" StartOffset="5761"/>
</LocList>
<StmntSeq Intrnl_Id="1824">
<LocList>
<Loc EndOffset="5829" SrcFileId="11" StartOffset="5803"/>
</LocList>
<BasicStmnt CovItemId="S41" CovItemPrefix="my.PSM.PSM_Storage.DBConnection.java" Intrnl_Id="1825">
<LocList>
<Loc EndOffset="5829" SrcFileId="11" StartOffset="5803"/>
</LocList>
</BasicStmnt>
</StmntSeq>
</HierarchyLvl>
<HierarchyLvl HierarchyLvlId="14445" HierarchyLvlTypeId="31" Intrnl_Id="1826" Name="createClassTable">
<Header>
<Loc EndOffset="5874" SrcFileId="11" StartOffset="5845"/>
</Header>
<LocList>
<Loc EndOffset="5954" SrcFileId="11" StartOffset="5845"/>
</LocList>
<StmntSeq Intrnl_Id="1827">
<LocList>
<Loc EndOffset="5924" SrcFileId="11" StartOffset="5888"/>
</LocList>
<BasicStmnt CovItemId="S42" CovItemPrefix="my.PSM.PSM_Storage.DBConnection.java" Intrnl_Id="1828">
<LocList>
<Loc EndOffset="5924" SrcFileId="11" StartOffset="5888"/>
</LocList>
</BasicStmnt>
</StmntSeq>
</HierarchyLvl>
</HierarchyLvl>
</HierarchyLvl>
<HierarchyLvl HierarchyLvlId="14843" HierarchyLvlTypeId="29" Intrnl_Id="1829" Name="PSM_Logic">
<Header/>
<LocList/>
<HierarchyLvl HierarchyLvlId="14501" HierarchyLvlTypeId="32" Intrnl_Id="1830" Name="appController">
<Header>
<Loc EndOffset="563" SrcFileId="12" StartOffset="537"/>
</Header>
<LocList>
<Loc EndOffset="17391" SrcFileId="12" StartOffset="537"/>
</LocList>
<StmntSeq Intrnl_Id="1831">
<LocList>
<Loc EndOffset="617" SrcFileId="12" StartOffset="575"/>
<Loc EndOffset="742" SrcFileId="12" StartOffset="682"/>
<Loc EndOffset="804" SrcFileId="12" StartOffset="747"/>
<Loc EndOffset="868" SrcFileId="12" StartOffset="809"/>
<Loc EndOffset="920" SrcFileId="12" StartOffset="873"/>
<Loc EndOffset="963" SrcFileId="12" StartOffset="925"/>
<Loc EndOffset="1007" SrcFileId="12" StartOffset="968"/>
<Loc EndOffset="1050" SrcFileId="12" StartOffset="1017"/>
<Loc EndOffset="1093" SrcFileId="12" StartOffset="1055"/>
<Loc EndOffset="1138" SrcFileId="12" StartOffset="1098"/>
<Loc EndOffset="1184" SrcFileId="12" StartOffset="1143"/>
<Loc EndOffset="1228" SrcFileId="12" StartOffset="1189"/>
<Loc EndOffset="1271" SrcFileId="12" StartOffset="1233"/>
<Loc EndOffset="1312" SrcFileId="12" StartOffset="1276"/>
<Loc EndOffset="1355" SrcFileId="12" StartOffset="1317"/>
<Loc EndOffset="1396" SrcFileId="12" StartOffset="1360"/>
<Loc EndOffset="1439" SrcFileId="12" StartOffset="1401"/>
<Loc EndOffset="1480" SrcFileId="12" StartOffset="1444"/>
<Loc EndOffset="1523" SrcFileId="12" StartOffset="1485"/>
<Loc EndOffset="1564" SrcFileId="12" StartOffset="1528"/>
<Loc EndOffset="1607" SrcFileId="12" StartOffset="1569"/>
<Loc EndOffset="1648" SrcFileId="12" StartOffset="1612"/>
<Loc EndOffset="1691" SrcFileId="12" StartOffset="1653"/>
<Loc EndOffset="1732" SrcFileId="12" StartOffset="1696"/>
<Loc EndOffset="1895" SrcFileId="12" StartOffset="1851"/>
<Loc EndOffset="1942" SrcFileId="12" StartOffset="1900"/>
<Loc EndOffset="2192" SrcFileId="12" StartOffset="2147"/>
<Loc EndOffset="2238" SrcFileId="12" StartOffset="2197"/>
<Loc EndOffset="2336" SrcFileId="12" StartOffset="2305"/>
<Loc EndOffset="2411" SrcFileId="12" StartOffset="2346"/>
<Loc EndOffset="2482" SrcFileId="12" StartOffset="2416"/>
<Loc EndOffset="2541" SrcFileId="12" StartOffset="2487"/>
<Loc EndOffset="2615" SrcFileId="12" StartOffset="2580"/>
<Loc EndOffset="13601" SrcFileId="12" StartOffset="13566"/>
<Loc EndOffset="13714" SrcFileId="12" StartOffset="13713"/>
<Loc EndOffset="13762" SrcFileId="12" StartOffset="13724"/>
<Loc EndOffset="13879" SrcFileId="12" StartOffset="13878"/>
<Loc EndOffset="13923" SrcFileId="12" StartOffset="13886"/>
<Loc EndOffset="14037" SrcFileId="12" StartOffset="14036"/>
<Loc EndOffset="14090" SrcFileId="12" StartOffset="14052"/>
<Loc EndOffset="14258" SrcFileId="12" StartOffset="14257"/>
<Loc EndOffset="14311" SrcFileId="12" StartOffset="14273"/>
<Loc EndOffset="14413" SrcFileId="12" StartOffset="14412"/>
</LocList>
<BasicStmnt CovItemId="S1" CovItemPrefix="my.PSM.PSM_Logic.appController.java" Intrnl_Id="1832">
<LocList>
<Loc EndOffset="617" SrcFileId="12" StartOffset="575"/>
</LocList>
</BasicStmnt>
<BasicStmnt CovItemId="S2" CovItemPrefix="my.PSM.PSM_Logic.appController.java" Intrnl_Id="1833">
<LocList>
<Loc EndOffset="742" SrcFileId="12" StartOffset="682"/>
</LocList>
</BasicStmnt>
<BasicStmnt CovItemId="S3" CovItemPrefix="my.PSM.PSM_Logic.appController.java" Intrnl_Id="1834">
<LocList>
<Loc EndOffset="804" SrcFileId="12" StartOffset="747"/>
</LocList>
</BasicStmnt>
<BasicStmnt CovItemId="S4" CovItemPrefix="my.PSM.PSM_Logic.appController.java" Intrnl_Id="1835">
<LocList>
<Loc EndOffset="868" SrcFileId="12" StartOffset="809"/>
</LocList>
</BasicStmnt>
<BasicStmnt CovItemId="S5" CovItemPrefix="my.PSM.PSM_Logic.appController.java" Intrnl_Id="1836">
<LocList>
<Loc EndOffset="920" SrcFileId="12" StartOffset="873"/>
</LocList>
</BasicStmnt>
<BasicStmnt CovItemId="S6" CovItemPrefix="my.PSM.PSM_Logic.appController.java" Intrnl_Id="1837">
<LocList>
<Loc EndOffset="963" SrcFileId="12" StartOffset="925"/>
</LocList>
</BasicStmnt>
<BasicStmnt CovItemId="S7" CovItemPrefix="my.PSM.PSM_Logic.appController.java" Intrnl_Id="1838">
<LocList>
<Loc EndOffset="1007" SrcFileId="12" StartOffset="968"/>
</LocList>
</BasicStmnt>
<BasicStmnt CovItemId="S8" CovItemPrefix="my.PSM.PSM_Logic.appController.java" Intrnl_Id="1839">
<LocList>
<Loc EndOffset="1050" SrcFileId="12" StartOffset="1017"/>
</LocList>
</BasicStmnt>
<BasicStmnt CovItemId="S9" CovItemPrefix="my.PSM.PSM_Logic.appController.java" Intrnl_Id="1840">
<LocList>
<Loc EndOffset="1093" SrcFileId="12" StartOffset="1055"/>
</LocList>
</BasicStmnt>
<BasicStmnt CovItemId="S10" CovItemPrefix="my.PSM.PSM_Logic.appController.java" Intrnl_Id="1841">
<LocList>
<Loc EndOffset="1138" SrcFileId="12" StartOffset="1098"/>
</LocList>
</BasicStmnt>
<BasicStmnt CovItemId="S11" CovItemPrefix="my.PSM.PSM_Logic.appController.java" Intrnl_Id="1842">
<LocList>
<Loc EndOffset="1184" SrcFileId="12" StartOffset="1143"/>
</LocList>
</BasicStmnt>
<BasicStmnt CovItemId="S12" CovItemPrefix="my.PSM.PSM_Logic.appController.java" Intrnl_Id="1843">
<LocList>
<Loc EndOffset="1228" SrcFileId="12" StartOffset="1189"/>
</LocList>
</BasicStmnt>
<BasicStmnt CovItemId="S13" CovItemPrefix="my.PSM.PSM_Logic.appController.java" Intrnl_Id="1844">
<LocList>
<Loc EndOffset="1271" SrcFileId="12" StartOffset="1233"/>
</LocList>
</BasicStmnt>
<BasicStmnt CovItemId="S14" CovItemPrefix="my.PSM.PSM_Logic.appController.java" Intrnl_Id="1845">
<LocList>
<Loc EndOffset="1312" SrcFileId="12" StartOffset="1276"/>
</LocList>
</BasicStmnt>
<BasicStmnt CovItemId="S15" CovItemPrefix="my.PSM.PSM_Logic.appController.java" Intrnl_Id="1846">
<LocList>
<Loc EndOffset="1355" SrcFileId="12" StartOffset="1317"/>
</LocList>
</BasicStmnt>
<BasicStmnt CovItemId="S16" CovItemPrefix="my.PSM.PSM_Logic.appController.java" Intrnl_Id="1847">
<LocList>
<Loc EndOffset="1396" SrcFileId="12" StartOffset="1360"/>
</LocList>
</BasicStmnt>
<BasicStmnt CovItemId="S17" CovItemPrefix="my.PSM.PSM_Logic.appController.java" Intrnl_Id="1848">
<LocList>
<Loc EndOffset="1439" SrcFileId="12" StartOffset="1401"/>
</LocList>
</BasicStmnt>
<BasicStmnt CovItemId="S18" CovItemPrefix="my.PSM.PSM_Logic.appController.java" Intrnl_Id="1849">
<LocList>
<Loc EndOffset="1480" SrcFileId="12" StartOffset="1444"/>
</LocList>
</BasicStmnt>
<BasicStmnt CovItemId="S19" CovItemPrefix="my.PSM.PSM_Logic.appController.java" Intrnl_Id="1850">
<LocList>
<Loc EndOffset="1523" SrcFileId="12" StartOffset="1485"/>
</LocList>
</BasicStmnt>
<BasicStmnt CovItemId="S20" CovItemPrefix="my.PSM.PSM_Logic.appController.java" Intrnl_Id="1851">
<LocList>
<Loc EndOffset="1564" SrcFileId="12" StartOffset="1528"/>
</LocList>
</BasicStmnt>
<BasicStmnt CovItemId="S21" CovItemPrefix="my.PSM.PSM_Logic.appController.java" Intrnl_Id="1852">
<LocList>
<Loc EndOffset="1607" SrcFileId="12" StartOffset="1569"/>
</LocList>
</BasicStmnt>
<BasicStmnt CovItemId="S22" CovItemPrefix="my.PSM.PSM_Logic.appController.java" Intrnl_Id="1853">
<LocList>
<Loc EndOffset="1648" SrcFileId="12" StartOffset="1612"/>
</LocList>
</BasicStmnt>
<BasicStmnt CovItemId="S23" CovItemPrefix="my.PSM.PSM_Logic.appController.java" Intrnl_Id="1854">
<LocList>
<Loc EndOffset="1691" SrcFileId="12" StartOffset="1653"/>
</LocList>
</BasicStmnt>
<BasicStmnt CovItemId="S24" CovItemPrefix="my.PSM.PSM_Logic.appController.java" Intrnl_Id="1855">
<LocList>
<Loc EndOffset="1732" SrcFileId="12" StartOffset="1696"/>
</LocList>
</BasicStmnt>
<BasicStmnt CovItemId="S25" CovItemPrefix="my.PSM.PSM_Logic.appController.java" Intrnl_Id="1856">
<LocList>
<Loc EndOffset="1895" SrcFileId="12" StartOffset="1851"/>
</LocList>
</BasicStmnt>
<BasicStmnt CovItemId="S26" CovItemPrefix="my.PSM.PSM_Logic.appController.java" Intrnl_Id="1857">
<LocList>
<Loc EndOffset="1942" SrcFileId="12" StartOffset="1900"/>
</LocList>
</BasicStmnt>
<BasicStmnt CovItemId="S30" CovItemPrefix="my.PSM.PSM_Logic.appController.java" Intrnl_Id="1858">
<LocList>
<Loc EndOffset="2192" SrcFileId="12" StartOffset="2147"/>
</LocList>
</BasicStmnt>
<BasicStmnt CovItemId="S31" CovItemPrefix="my.PSM.PSM_Logic.appController.java" Intrnl_Id="1859">
<LocList>
<Loc EndOffset="2238" SrcFileId="12" StartOffset="2197"/>
</LocList>
</BasicStmnt>
<BasicStmnt CovItemId="S32" CovItemPrefix="my.PSM.PSM_Logic.appController.java" Intrnl_Id="1860">
<LocList>
<Loc EndOffset="2336" SrcFileId="12" StartOffset="2305"/>
</LocList>
</BasicStmnt>
<BasicStmnt CovItemId="S33" CovItemPrefix="my.PSM.PSM_Logic.appController.java" Intrnl_Id="1861">
<LocList>
<Loc EndOffset="2411" SrcFileId="12" StartOffset="2346"/>
</LocList>
</BasicStmnt>
<BasicStmnt CovItemId="S34" CovItemPrefix="my.PSM.PSM_Logic.appController.java" Intrnl_Id="1862">
<LocList>
<Loc EndOffset="2482" SrcFileId="12" StartOffset="2416"/>
</LocList>
</BasicStmnt>
<BasicStmnt CovItemId="S35" CovItemPrefix="my.PSM.PSM_Logic.appController.java" Intrnl_Id="1863">
<LocList>
<Loc EndOffset="2541" SrcFileId="12" StartOffset="2487"/>
</LocList>
</BasicStmnt>
<BasicStmnt CovItemId="S36" CovItemPrefix="my.PSM.PSM_Logic.appController.java" Intrnl_Id="1864">
<LocList>
<Loc EndOffset="2615" SrcFileId="12" StartOffset="2580"/>
</LocList>
</BasicStmnt>
<BasicStmnt CovItemId="S195" CovItemPrefix="my.PSM.PSM_Logic.appController.java" Intrnl_Id="1865">
<LocList>
<Loc EndOffset="13601" SrcFileId="12" StartOffset="13566"/>
<Loc EndOffset="13714" SrcFileId="12" StartOffset="13713"/>
</LocList>
</BasicStmnt>
<BasicStmnt CovItemId="S197" CovItemPrefix="my.PSM.PSM_Logic.appController.java" Intrnl_Id="1866">
<LocList>
<Loc EndOffset="13762" SrcFileId="12" StartOffset="13724"/>
<Loc EndOffset="13879" SrcFileId="12" StartOffset="13878"/>
</LocList>
</BasicStmnt>
<BasicStmnt CovItemId="S199" CovItemPrefix="my.PSM.PSM_Logic.appController.java" Intrnl_Id="1867">
<LocList>
<Loc EndOffset="13923" SrcFileId="12" StartOffset="13886"/>
<Loc EndOffset="14037" SrcFileId="12" StartOffset="14036"/>
</LocList>
</BasicStmnt>
<BasicStmnt CovItemId="S201" CovItemPrefix="my.PSM.PSM_Logic.appController.java" Intrnl_Id="1868">
<LocList>
<Loc EndOffset="14090" SrcFileId="12" StartOffset="14052"/>
<Loc EndOffset="14258" SrcFileId="12" StartOffset="14257"/>
</LocList>
</BasicStmnt>
<BasicStmnt CovItemId="S204" CovItemPrefix="my.PSM.PSM_Logic.appController.java" Intrnl_Id="1869">
<LocList>
<Loc EndOffset="14311" SrcFileId="12" StartOffset="14273"/>
<Loc EndOffset="14413" SrcFileId="12" StartOffset="14412"/>
</LocList>
</BasicStmnt>
</StmntSeq>
<HierarchyLvl HierarchyLvlId="14447" HierarchyLvlTypeId="31" Intrnl_Id="1870" Name="isEdSchedSel">
<Header>
<Loc EndOffset="1983" SrcFileId="12" StartOffset="1947"/>
</Header>
<LocList>
<Loc EndOffset="2009" SrcFileId="12" StartOffset="1947"/>
</LocList>
<StmntSeq Intrnl_Id="1871">
<LocList>
<Loc EndOffset="2006" SrcFileId="12" StartOffset="1988"/>
</LocList>
<BasicStmnt CovItemId="S27" CovItemPrefix="my.PSM.PSM_Logic.appController.java" Intrnl_Id="1872">
<LocList>
<Loc EndOffset="2006" SrcFileId="12" StartOffset="1988"/>
</LocList>
</BasicStmnt>
</StmntSeq>
</HierarchyLvl>
<HierarchyLvl HierarchyLvlId="14448" HierarchyLvlTypeId="31" Intrnl_Id="1873" Name="isSchedSetupSel">
<Header>
<Loc EndOffset="2051" SrcFileId="12" StartOffset="2012"/>
</Header>
<LocList>
<Loc EndOffset="2080" SrcFileId="12" StartOffset="2012"/>
</LocList>
<StmntSeq Intrnl_Id="1874">
<LocList>
<Loc EndOffset="2077" SrcFileId="12" StartOffset="2056"/>
</LocList>
<BasicStmnt CovItemId="S28" CovItemPrefix="my.PSM.PSM_Logic.appController.java" Intrnl_Id="1875">
<LocList>
<Loc EndOffset="2077" SrcFileId="12" StartOffset="2056"/>
</LocList>
</BasicStmnt>
</StmntSeq>
</HierarchyLvl>
<HierarchyLvl HierarchyLvlId="14449" HierarchyLvlTypeId="31" Intrnl_Id="1876" Name="isLogoutSel">
<Header>
<Loc EndOffset="2118" SrcFileId="12" StartOffset="2083"/>
</Header>
<LocList>
<Loc EndOffset="2143" SrcFileId="12" StartOffset="2083"/>
</LocList>
<StmntSeq Intrnl_Id="1877">
<LocList>
<Loc EndOffset="2140" SrcFileId="12" StartOffset="2123"/>
</LocList>
<BasicStmnt CovItemId="S29" CovItemPrefix="my.PSM.PSM_Logic.appController.java" Intrnl_Id="1878">
<LocList>
<Loc EndOffset="2140" SrcFileId="12" StartOffset="2123"/>
</LocList>
</BasicStmnt>
</StmntSeq>
</HierarchyLvl>
<HierarchyLvl HierarchyLvlId="14450" HierarchyLvlTypeId="31" Intrnl_Id="1879" Name="appController">
<Header>
<Loc EndOffset="2709" SrcFileId="12" StartOffset="2687"/>
</Header>
<LocList>
<Loc EndOffset="2739" SrcFileId="12" StartOffset="2687"/>
</LocList>
<StmntSeq Intrnl_Id="1880">
<LocList>
<Loc EndOffset="2733" SrcFileId="12" StartOffset="2720"/>
</LocList>
<BasicStmnt CovItemId="S37" CovItemPrefix="my.PSM.PSM_Logic.appController.java" Intrnl_Id="1881">
<LocList>
<Loc EndOffset="2733" SrcFileId="12" StartOffset="2720"/>
</LocList>
</BasicStmnt>
</StmntSeq>
</HierarchyLvl>
<HierarchyLvl HierarchyLvlId="14451" HierarchyLvlTypeId="31" Intrnl_Id="1882" Name="setDataStoreFacade">
<Header>
<Loc EndOffset="2840" SrcFileId="12" StartOffset="2788"/>
</Header>
<LocList>
<Loc EndOffset="2871" SrcFileId="12" StartOffset="2788"/>
</LocList>
<StmntSeq Intrnl_Id="1883">
<LocList>
<Loc EndOffset="2865" SrcFileId="12" StartOffset="2847"/>
</LocList>
<BasicStmnt CovItemId="S38" CovItemPrefix="my.PSM.PSM_Logic.appController.java" Intrnl_Id="1884">
<LocList>
<Loc EndOffset="2865" SrcFileId="12" StartOffset="2847"/>
</LocList>
</BasicStmnt>
</StmntSeq>
</HierarchyLvl>
<HierarchyLvl HierarchyLvlId="14452" HierarchyLvlTypeId="31" Intrnl_Id="1885" Name="setInterfaceController">
<Header>
<Loc EndOffset="2943" SrcFileId="12" StartOffset="2876"/>
</Header>
<LocList>
<Loc EndOffset="2966" SrcFileId="12" StartOffset="2876"/>
</LocList>
<StmntSeq Intrnl_Id="1886">
<LocList>
<Loc EndOffset="2960" SrcFileId="12" StartOffset="2950"/>
</LocList>
<BasicStmnt CovItemId="S39" CovItemPrefix="my.PSM.PSM_Logic.appController.java" Intrnl_Id="1887">
<LocList>
<Loc EndOffset="2960" SrcFileId="12" StartOffset="2950"/>
</LocList>
</BasicStmnt>
</StmntSeq>
</HierarchyLvl>
<HierarchyLvl HierarchyLvlId="14453" HierarchyLvlTypeId="31" Intrnl_Id="1888" Name="setAuthenticate">
<Header>
<Loc EndOffset="3024" SrcFileId="12" StartOffset="2971"/>
</Header>
<LocList>
<Loc EndOffset="3049" SrcFileId="12" StartOffset="2971"/>
</LocList>
<StmntSeq Intrnl_Id="1889">
<LocList>
<Loc EndOffset="3043" SrcFileId="12" StartOffset="3031"/>
</LocList>
<BasicStmnt CovItemId="S40" CovItemPrefix="my.PSM.PSM_Logic.appController.java" Intrnl_Id="1890">
<LocList>
<Loc EndOffset="3043" SrcFileId="12" StartOffset="3031"/>
</LocList>
</BasicStmnt>
</StmntSeq>
</HierarchyLvl>
<HierarchyLvl HierarchyLvlId="14454" HierarchyLvlTypeId="31" Intrnl_Id="1891" Name="appMainMenu">
<Header>
<Loc EndOffset="3079" SrcFileId="12" StartOffset="3054"/>
</Header>
<LocList>
<Loc EndOffset="3934" SrcFileId="12" StartOffset="3054"/>
</LocList>
<StmntSeq Intrnl_Id="1892">
<LocList>
<Loc EndOffset="3796" SrcFileId="12" StartOffset="3122"/>
<Loc EndOffset="3824" SrcFileId="12" StartOffset="3805"/>
<Loc EndOffset="3865" SrcFileId="12" StartOffset="3833"/>
<Loc EndOffset="3895" SrcFileId="12" StartOffset="3874"/>
</LocList>
<LoopStmnt CovItemId="S41" CovItemPrefix="my.PSM.PSM_Logic.appController.java" Intrnl_Id="1893" MltplExecId="L1-2" MltplExecPrefix="my.PSM.PSM_Logic.appController.java" NvrExecId="L1-0" NvrExecPrefix="my.PSM.PSM_Logic.appController.java" OnceExecutedId="L1-1" OnceExecutedPrefix="my.PSM.PSM_Logic.appController.java" OptBodyExec="true">
<StmntSeq Intrnl_Id="1894">
<LocList>
<Loc EndOffset="3204" SrcFileId="12" StartOffset="3165"/>
<Loc EndOffset="3260" SrcFileId="12" StartOffset="3217"/>
<Loc EndOffset="3319" SrcFileId="12" StartOffset="3273"/>
<Loc EndOffset="3371" SrcFileId="12" StartOffset="3332"/>
<Loc EndOffset="3749" SrcFileId="12" StartOffset="3572"/>
<Loc EndOffset="3786" SrcFileId="12" StartOffset="3775"/>
</LocList>
<BasicStmnt CovItemId="S42" CovItemPrefix="my.PSM.PSM_Logic.appController.java" Intrnl_Id="1895">
<LocList>
<Loc EndOffset="3204" SrcFileId="12" StartOffset="3165"/>
</LocList>
</BasicStmnt>
<BasicStmnt CovItemId="S43" CovItemPrefix="my.PSM.PSM_Logic.appController.java" Intrnl_Id="1896">
<LocList>
<Loc EndOffset="3260" SrcFileId="12" StartOffset="3217"/>
</LocList>
</BasicStmnt>
<BasicStmnt CovItemId="S44" CovItemPrefix="my.PSM.PSM_Logic.appController.java" Intrnl_Id="1897">
<LocList>
<Loc EndOffset="3319" SrcFileId="12" StartOffset="3273"/>
</LocList>
</BasicStmnt>
<BasicStmnt CovItemId="S45" CovItemPrefix="my.PSM.PSM_Logic.appController.java" Intrnl_Id="1898">
<LocList>
<Loc EndOffset="3371" SrcFileId="12" StartOffset="3332"/>
</LocList>
</BasicStmnt>
<CondStmnt CovItemId="S46" CovItemPrefix="my.PSM.PSM_Logic.appController.java" Intrnl_Id="1899">
<Branch CovItemId="B1" CovItemPrefix="my.PSM.PSM_Logic.appController.java" Implct="false" Intrnl_Id="1900">
<Cond/>
<LocList>
<Loc EndOffset="3749" SrcFileId="12" StartOffset="3657"/>
</LocList>
<StmntSeq Intrnl_Id="1901">
<LocList>
<Loc EndOffset="3723" SrcFileId="12" StartOffset="3716"/>
</LocList>
<BasicStmnt CovItemId="S47" CovItemPrefix="my.PSM.PSM_Logic.appController.java" Intrnl_Id="1902">
<LocList>
<Loc EndOffset="3723" SrcFileId="12" StartOffset="3716"/>
</LocList>
</BasicStmnt>
</StmntSeq>
</Branch>
<Branch CovItemId="B2" CovItemPrefix="my.PSM.PSM_Logic.appController.java" Implct="true" Intrnl_Id="1903">
<Cond/>
<LocList/>
<StmntSeq Intrnl_Id="1904">
<LocList/>
</StmntSeq>
</Branch>
<Keyword EndOffset="3574" SrcFileId="12" StartOffset="3572"/>
<LocList>
<Loc EndOffset="3749" SrcFileId="12" StartOffset="3572"/>
</LocList>
<RootTerm CovItemId="C2" CovItemPrefix="my.PSM.PSM_Logic.appController.java" Intrnl_Id="1905">
<OpTerm BooleanOpId="27" Intrnl_Id="1906">
<BasicBoolTerm Intrnl_Id="1907">
<LocList>
<Loc EndOffset="3590" SrcFileId="12" StartOffset="3575"/>
</LocList>
</BasicBoolTerm>
<BasicBoolTerm Intrnl_Id="1908">
<LocList>
<Loc EndOffset="3643" SrcFileId="12" StartOffset="3594"/>
</LocList>
</BasicBoolTerm>
<LocList>
<Loc EndOffset="3593" SrcFileId="12" StartOffset="3591"/>
</LocList>
</OpTerm>
</RootTerm>
</CondStmnt>
<BasicStmnt CovItemId="S48" CovItemPrefix="my.PSM.PSM_Logic.appController.java" Intrnl_Id="1909">
<LocList>
<Loc EndOffset="3786" SrcFileId="12" StartOffset="3775"/>
</LocList>
</BasicStmnt>
</StmntSeq>
<Keyword EndOffset="3127" SrcFileId="12" StartOffset="3122"/>
<LocList>
<Loc EndOffset="3796" SrcFileId="12" StartOffset="3122"/>
</LocList>
<RootTerm CovItemId="C1" CovItemPrefix="my.PSM.PSM_Logic.appController.java" Intrnl_Id="1910">
<OpTerm BooleanOpId="28" Intrnl_Id="1911">
<BasicBoolTerm Intrnl_Id="1912">
<LocList>
<Loc EndOffset="3141" SrcFileId="12" StartOffset="3129"/>
</LocList>
</BasicBoolTerm>
<LocList>
<Loc EndOffset="3129" SrcFileId="12" StartOffset="3128"/>
</LocList>
</OpTerm>
</RootTerm>
</LoopStmnt>
<BasicStmnt CovItemId="S49" CovItemPrefix="my.PSM.PSM_Logic.appController.java" Intrnl_Id="1913">
<LocList>
<Loc EndOffset="3824" SrcFileId="12" StartOffset="3805"/>
</LocList>
</BasicStmnt>
<BasicStmnt CovItemId="S50" CovItemPrefix="my.PSM.PSM_Logic.appController.java" Intrnl_Id="1914">
<LocList>
<Loc EndOffset="3865" SrcFileId="12" StartOffset="3833"/>
</LocList>
</BasicStmnt>
<BasicStmnt CovItemId="S51" CovItemPrefix="my.PSM.PSM_Logic.appController.java" Intrnl_Id="1915">
<LocList>
<Loc EndOffset="3895" SrcFileId="12" StartOffset="3874"/>
</LocList>
</BasicStmnt>
</StmntSeq>
</HierarchyLvl>
<HierarchyLvl HierarchyLvlId="14455" HierarchyLvlTypeId="31" Intrnl_Id="1916" Name="myMain">
<Header>
<Loc EndOffset="3959" SrcFileId="12" StartOffset="3939"/>
</Header>
<LocList>
<Loc EndOffset="4507" SrcFileId="12" StartOffset="3939"/>
</LocList>
<StmntSeq Intrnl_Id="1917">
<LocList>
<Loc EndOffset="3977" SrcFileId="12" StartOffset="3966"/>
<Loc EndOffset="4501" SrcFileId="12" StartOffset="3983"/>
</LocList>
<BasicStmnt CovItemId="S52" CovItemPrefix="my.PSM.PSM_Logic.appController.java" Intrnl_Id="1918">
<LocList>
<Loc EndOffset="3977" SrcFileId="12" StartOffset="3966"/>
</LocList>
</BasicStmnt>
<CondStmnt CovItemId="S53" CovItemPrefix="my.PSM.PSM_Logic.appController.java" Intrnl_Id="1919">
<Branch CovItemId="B3" CovItemPrefix="my.PSM.PSM_Logic.appController.java" Implct="false" Intrnl_Id="1920">
<Cond/>
<LocList>
<Loc EndOffset="4501" SrcFileId="12" StartOffset="3995"/>
</LocList>
<StmntSeq Intrnl_Id="1921">
<LocList>
<Loc EndOffset="4026" SrcFileId="12" StartOffset="4003"/>
<Loc EndOffset="4112" SrcFileId="12" StartOffset="4033"/>
<Loc EndOffset="4132" SrcFileId="12" StartOffset="4119"/>
<Loc EndOffset="4494" SrcFileId="12" StartOffset="4139"/>
</LocList>
<BasicStmnt CovItemId="S54" CovItemPrefix="my.PSM.PSM_Logic.appController.java" Intrnl_Id="1922">
<LocList>
<Loc EndOffset="4026" SrcFileId="12" StartOffset="4003"/>
</LocList>
</BasicStmnt>
<CondStmnt CovItemId="S55" CovItemPrefix="my.PSM.PSM_Logic.appController.java" Intrnl_Id="1923">
<Branch CovItemId="B5" CovItemPrefix="my.PSM.PSM_Logic.appController.java" Implct="false" Intrnl_Id="1924">
<Cond/>
<LocList>
<Loc EndOffset="4112" SrcFileId="12" StartOffset="4059"/>
</LocList>
<StmntSeq Intrnl_Id="1925">
<LocList>
<Loc EndOffset="4101" SrcFileId="12" StartOffset="4074"/>
</LocList>
<BasicStmnt CovItemId="S56" CovItemPrefix="my.PSM.PSM_Logic.appController.java" Intrnl_Id="1926">
<LocList>
<Loc EndOffset="4101" SrcFileId="12" StartOffset="4074"/>
</LocList>
</BasicStmnt>
</StmntSeq>
</Branch>
<Branch CovItemId="B6" CovItemPrefix="my.PSM.PSM_Logic.appController.java" Implct="true" Intrnl_Id="1927">
<Cond/>
<LocList/>
<StmntSeq Intrnl_Id="1928">
<LocList/>
</StmntSeq>
</Branch>
<Keyword EndOffset="4035" SrcFileId="12" StartOffset="4033"/>
<LocList>
<Loc EndOffset="4112" SrcFileId="12" StartOffset="4033"/>
</LocList>
<RootTerm CovItemId="C4" CovItemPrefix="my.PSM.PSM_Logic.appController.java" Intrnl_Id="1929">
<BasicBoolTerm Intrnl_Id="1930">
<LocList>
<Loc EndOffset="4048" SrcFileId="12" StartOffset="4036"/>
</LocList>
</BasicBoolTerm>
</RootTerm>
</CondStmnt>
<BasicStmnt CovItemId="S57" CovItemPrefix="my.PSM.PSM_Logic.appController.java" Intrnl_Id="1931">
<LocList>
<Loc EndOffset="4132" SrcFileId="12" StartOffset="4119"/>
</LocList>
</BasicStmnt>
<LoopStmnt CovItemId="S58" CovItemPrefix="my.PSM.PSM_Logic.appController.java" Intrnl_Id="1932" MltplExecId="L2-2" MltplExecPrefix="my.PSM.PSM_Logic.appController.java" NvrExecId="L2-0" NvrExecPrefix="my.PSM.PSM_Logic.appController.java" OnceExecutedId="L2-1" OnceExecutedPrefix="my.PSM.PSM_Logic.appController.java" OptBodyExec="true">
<StmntSeq Intrnl_Id="1933">
<LocList>
<Loc EndOffset="4179" SrcFileId="12" StartOffset="4165"/>
<Loc EndOffset="4486" SrcFileId="12" StartOffset="4187"/>
</LocList>
<BasicStmnt CovItemId="S59" CovItemPrefix="my.PSM.PSM_Logic.appController.java" Intrnl_Id="1934">
<LocList>
<Loc EndOffset="4179" SrcFileId="12" StartOffset="4165"/>
</LocList>
</BasicStmnt>
<CondStmnt CovItemId="S60" CovItemPrefix="my.PSM.PSM_Logic.appController.java" Intrnl_Id="1935">
<Branch CovItemId="B7" CovItemPrefix="my.PSM.PSM_Logic.appController.java" Implct="false" Intrnl_Id="1936">
<Cond/>
<LocList>
<Loc EndOffset="4317" SrcFileId="12" StartOffset="4211"/>
</LocList>
<StmntSeq Intrnl_Id="1937">
<LocList>
<Loc EndOffset="4266" SrcFileId="12" StartOffset="4252"/>
<Loc EndOffset="4302" SrcFileId="12" StartOffset="4281"/>
</LocList>
<BasicStmnt CovItemId="S61" CovItemPrefix="my.PSM.PSM_Logic.appController.java" Intrnl_Id="1938">
<LocList>
<Loc EndOffset="4266" SrcFileId="12" StartOffset="4252"/>
</LocList>
</BasicStmnt>
<BasicStmnt CovItemId="S62" CovItemPrefix="my.PSM.PSM_Logic.appController.java" Intrnl_Id="1939">
<LocList>
<Loc EndOffset="4302" SrcFileId="12" StartOffset="4281"/>
</LocList>
</BasicStmnt>
</StmntSeq>
</Branch>
<Branch CovItemId="B8" CovItemPrefix="my.PSM.PSM_Logic.appController.java" Implct="false" Intrnl_Id="1940">
<Cond>
<Loc EndOffset="4332" SrcFileId="12" StartOffset="4328"/>
</Cond>
<LocList>
<Loc EndOffset="4486" SrcFileId="12" StartOffset="4333"/>
</LocList>
<StmntSeq Intrnl_Id="1941">
<LocList>
<Loc EndOffset="4486" SrcFileId="12" StartOffset="4333"/>
</LocList>
<CondStmnt CovItemId="S63" CovItemPrefix="my.PSM.PSM_Logic.appController.java" Intrnl_Id="1942">
<Branch CovItemId="B9" CovItemPrefix="my.PSM.PSM_Logic.appController.java" Implct="false" Intrnl_Id="1943">
<Cond/>
<LocList>
<Loc EndOffset="4401" SrcFileId="12" StartOffset="4358"/>
</LocList>
<StmntSeq Intrnl_Id="1944">
<LocList>
<Loc EndOffset="4389" SrcFileId="12" StartOffset="4374"/>
</LocList>
<BasicStmnt CovItemId="S64" CovItemPrefix="my.PSM.PSM_Logic.appController.java" Intrnl_Id="1945">
<LocList>
<Loc EndOffset="4389" SrcFileId="12" StartOffset="4374"/>
</LocList>
</BasicStmnt>
</StmntSeq>
</Branch>
<Branch CovItemId="B10" CovItemPrefix="my.PSM.PSM_Logic.appController.java" Implct="false" Intrnl_Id="1946">
<Cond>
<Loc EndOffset="4416" SrcFileId="12" StartOffset="4412"/>
</Cond>
<LocList>
<Loc EndOffset="4486" SrcFileId="12" StartOffset="4417"/>
</LocList>
<StmntSeq Intrnl_Id="1947">
<LocList>
<Loc EndOffset="4486" SrcFileId="12" StartOffset="4417"/>
</LocList>
<CondStmnt CovItemId="S65" CovItemPrefix="my.PSM.PSM_Logic.appController.java" Intrnl_Id="1948">
<Branch CovItemId="B11" CovItemPrefix="my.PSM.PSM_Logic.appController.java" Implct="false" Intrnl_Id="1949">
<Cond/>
<LocList>
<Loc EndOffset="4486" SrcFileId="12" StartOffset="4445"/>
</LocList>
<StmntSeq Intrnl_Id="1950">
<LocList>
<Loc EndOffset="4474" SrcFileId="12" StartOffset="4461"/>
</LocList>
<BasicStmnt CovItemId="S66" CovItemPrefix="my.PSM.PSM_Logic.appController.java" Intrnl_Id="1951">
<LocList>
<Loc EndOffset="4474" SrcFileId="12" StartOffset="4461"/>
</LocList>
</BasicStmnt>
</StmntSeq>
</Branch>
<Branch CovItemId="B12" CovItemPrefix="my.PSM.PSM_Logic.appController.java" Implct="true" Intrnl_Id="1952">
<Cond/>
<LocList/>
<StmntSeq Intrnl_Id="1953">
<LocList/>
</StmntSeq>
</Branch>
<Keyword EndOffset="4419" SrcFileId="12" StartOffset="4417"/>
<LocList>
<Loc EndOffset="4486" SrcFileId="12" StartOffset="4417"/>
</LocList>
<RootTerm CovItemId="C8" CovItemPrefix="my.PSM.PSM_Logic.appController.java" Intrnl_Id="1954">
<BasicBoolTerm Intrnl_Id="1955">
<LocList>
<Loc EndOffset="4433" SrcFileId="12" StartOffset="4420"/>
</LocList>
</BasicBoolTerm>
</RootTerm>
</CondStmnt>
</StmntSeq>
</Branch>
<Keyword EndOffset="4335" SrcFileId="12" StartOffset="4333"/>
<LocList>
<Loc EndOffset="4486" SrcFileId="12" StartOffset="4333"/>
</LocList>
<RootTerm CovItemId="C7" CovItemPrefix="my.PSM.PSM_Logic.appController.java" Intrnl_Id="1956">
<BasicBoolTerm Intrnl_Id="1957">
<LocList>
<Loc EndOffset="4346" SrcFileId="12" StartOffset="4336"/>
</LocList>
</BasicBoolTerm>
</RootTerm>
</CondStmnt>
</StmntSeq>
</Branch>
<Keyword EndOffset="4189" SrcFileId="12" StartOffset="4187"/>
<LocList>
<Loc EndOffset="4486" SrcFileId="12" StartOffset="4187"/>
</LocList>
<RootTerm CovItemId="C6" CovItemPrefix="my.PSM.PSM_Logic.appController.java" Intrnl_Id="1958">
<BasicBoolTerm Intrnl_Id="1959">
<LocList>
<Loc EndOffset="4199" SrcFileId="12" StartOffset="4190"/>
</LocList>
</BasicBoolTerm>
</RootTerm>
</CondStmnt>
</StmntSeq>
<Keyword EndOffset="4144" SrcFileId="12" StartOffset="4139"/>
<LocList>
<Loc EndOffset="4494" SrcFileId="12" StartOffset="4139"/>
</LocList>
<RootTerm CovItemId="C5" CovItemPrefix="my.PSM.PSM_Logic.appController.java" Intrnl_Id="1960">
<OpTerm BooleanOpId="28" Intrnl_Id="1961">
<BasicBoolTerm Intrnl_Id="1962">
<LocList>
<Loc EndOffset="4155" SrcFileId="12" StartOffset="4146"/>
</LocList>
</BasicBoolTerm>
<LocList>
<Loc EndOffset="4146" SrcFileId="12" StartOffset="4145"/>
</LocList>
</OpTerm>
</RootTerm>
</LoopStmnt>
</StmntSeq>
</Branch>
<Branch CovItemId="B4" CovItemPrefix="my.PSM.PSM_Logic.appController.java" Implct="true" Intrnl_Id="1963">
<Cond/>
<LocList/>
<StmntSeq Intrnl_Id="1964">
<LocList/>
</StmntSeq>
</Branch>
<Keyword EndOffset="3985" SrcFileId="12" StartOffset="3983"/>
<LocList>
<Loc EndOffset="4501" SrcFileId="12" StartOffset="3983"/>
</LocList>
<RootTerm CovItemId="C3" CovItemPrefix="my.PSM.PSM_Logic.appController.java" Intrnl_Id="1965">
<BasicBoolTerm Intrnl_Id="1966">
<LocList>
<Loc EndOffset="3994" SrcFileId="12" StartOffset="3986"/>
</LocList>
</BasicBoolTerm>
</RootTerm>
</CondStmnt>
</StmntSeq>
</HierarchyLvl>
<HierarchyLvl HierarchyLvlId="14456" HierarchyLvlTypeId="31" Intrnl_Id="1967" Name="setUser">
<Header>
<Loc EndOffset="4544" SrcFileId="12" StartOffset="4512"/>
</Header>
<LocList>
<Loc EndOffset="4573" SrcFileId="12" StartOffset="4512"/>
</LocList>
<StmntSeq Intrnl_Id="1968">
<LocList>
<Loc EndOffset="4567" SrcFileId="12" StartOffset="4551"/>
</LocList>
<BasicStmnt CovItemId="S67" CovItemPrefix="my.PSM.PSM_Logic.appController.java" Intrnl_Id="1969">
<LocList>
<Loc EndOffset="4567" SrcFileId="12" StartOffset="4551"/>
</LocList>
</BasicStmnt>
</StmntSeq>
</HierarchyLvl>
<HierarchyLvl HierarchyLvlId="14457" HierarchyLvlTypeId="31" Intrnl_Id="1970" Name="setPassword">
<Header>
<Loc EndOffset="4612" SrcFileId="12" StartOffset="4578"/>
</Header>
<LocList>
<Loc EndOffset="4639" SrcFileId="12" StartOffset="4578"/>
</LocList>
<StmntSeq Intrnl_Id="1971">
<LocList>
<Loc EndOffset="4633" SrcFileId="12" StartOffset="4619"/>
</LocList>
<BasicStmnt CovItemId="S68" CovItemPrefix="my.PSM.PSM_Logic.appController.java" Intrnl_Id="1972">
<LocList>
<Loc EndOffset="4633" SrcFileId="12" StartOffset="4619"/>
</LocList>
</BasicStmnt>
</StmntSeq>
</HierarchyLvl>
<HierarchyLvl HierarchyLvlId="14458" HierarchyLvlTypeId="31" Intrnl_Id="1973" Name="getUser">
<Header>
<Loc EndOffset="4667" SrcFileId="12" StartOffset="4644"/>
</Header>
<LocList>
<Loc EndOffset="4696" SrcFileId="12" StartOffset="4644"/>
</LocList>
<StmntSeq Intrnl_Id="1974">
<LocList>
<Loc EndOffset="4690" SrcFileId="12" StartOffset="4674"/>
</LocList>
<BasicStmnt CovItemId="S69" CovItemPrefix="my.PSM.PSM_Logic.appController.java" Intrnl_Id="1975">
<LocList>
<Loc EndOffset="4690" SrcFileId="12" StartOffset="4674"/>
</LocList>
</BasicStmnt>
</StmntSeq>
</HierarchyLvl>
<HierarchyLvl HierarchyLvlId="14459" HierarchyLvlTypeId="31" Intrnl_Id="1976" Name="getPass">
<Header>
<Loc EndOffset="4724" SrcFileId="12" StartOffset="4701"/>
</Header>
<LocList>
<Loc EndOffset="4753" SrcFileId="12" StartOffset="4701"/>
</LocList>
<StmntSeq Intrnl_Id="1977">
<LocList>
<Loc EndOffset="4747" SrcFileId="12" StartOffset="4731"/>
</LocList>
<BasicStmnt CovItemId="S70" CovItemPrefix="my.PSM.PSM_Logic.appController.java" Intrnl_Id="1978">
<LocList>
<Loc EndOffset="4747" SrcFileId="12" StartOffset="4731"/>
</LocList>
</BasicStmnt>
</StmntSeq>
</HierarchyLvl>
<HierarchyLvl HierarchyLvlId="14460" HierarchyLvlTypeId="31" Intrnl_Id="1979" Name="getLoggedIn">
<Header>
<Loc EndOffset="4786" SrcFileId="12" StartOffset="4758"/>
</Header>
<LocList>
<Loc EndOffset="4815" SrcFileId="12" StartOffset="4758"/>
</LocList>
<StmntSeq Intrnl_Id="1980">
<LocList>
<Loc EndOffset="4809" SrcFileId="12" StartOffset="4793"/>
</LocList>
<BasicStmnt CovItemId="S71" CovItemPrefix="my.PSM.PSM_Logic.appController.java" Intrnl_Id="1981">
<LocList>
<Loc EndOffset="4809" SrcFileId="12" StartOffset="4793"/>
</LocList>
</BasicStmnt>
</StmntSeq>
</HierarchyLvl>
<HierarchyLvl HierarchyLvlId="14461" HierarchyLvlTypeId="31" Intrnl_Id="1982" Name="fetchCourses">
<Header>
<Loc EndOffset="4855" SrcFileId="12" StartOffset="4820"/>
</Header>
<LocList>
<Loc EndOffset="4901" SrcFileId="12" StartOffset="4820"/>
</LocList>
<StmntSeq Intrnl_Id="1983">
<LocList>
<Loc EndOffset="4895" SrcFileId="12" StartOffset="4862"/>
</LocList>
<BasicStmnt CovItemId="S72" CovItemPrefix="my.PSM.PSM_Logic.appController.java" Intrnl_Id="1984">
<LocList>
<Loc EndOffset="4895" SrcFileId="12" StartOffset="4862"/>
</LocList>
</BasicStmnt>
</StmntSeq>
</HierarchyLvl>
<HierarchyLvl HierarchyLvlId="14462" HierarchyLvlTypeId="31" Intrnl_Id="1985" Name="getIC">
<Header>
<Loc EndOffset="4940" SrcFileId="12" StartOffset="4906"/>
</Header>
<LocList>
<Loc EndOffset="4963" SrcFileId="12" StartOffset="4906"/>
</LocList>
<StmntSeq Intrnl_Id="1986">
<LocList>
<Loc EndOffset="4957" SrcFileId="12" StartOffset="4947"/>
</LocList>
<BasicStmnt CovItemId="S73" CovItemPrefix="my.PSM.PSM_Logic.appController.java" Intrnl_Id="1987">
<LocList>
<Loc EndOffset="4957" SrcFileId="12" StartOffset="4947"/>
</LocList>
</BasicStmnt>
</StmntSeq>
</HierarchyLvl>
<HierarchyLvl HierarchyLvlId="14463" HierarchyLvlTypeId="31" Intrnl_Id="1988" Name="getSetRun">
<Header>
<Loc EndOffset="4995" SrcFileId="12" StartOffset="4968"/>
</Header>
<LocList>
<Loc EndOffset="5022" SrcFileId="12" StartOffset="4968"/>
</LocList>
<StmntSeq Intrnl_Id="1989">
<LocList>
<Loc EndOffset="5016" SrcFileId="12" StartOffset="5002"/>
</LocList>
<BasicStmnt CovItemId="S74" CovItemPrefix="my.PSM.PSM_Logic.appController.java" Intrnl_Id="1990">
<LocList>
<Loc EndOffset="5016" SrcFileId="12" StartOffset="5002"/>
</LocList>
</BasicStmnt>
</StmntSeq>
</HierarchyLvl>
<HierarchyLvl HierarchyLvlId="14464" HierarchyLvlTypeId="31" Intrnl_Id="1991" Name="getClearDate">
<Header>
<Loc EndOffset="5059" SrcFileId="12" StartOffset="5027"/>
</Header>
<LocList>
<Loc EndOffset="5086" SrcFileId="12" StartOffset="5027"/>
</LocList>
<StmntSeq Intrnl_Id="1992">
<LocList>
<Loc EndOffset="5082" SrcFileId="12" StartOffset="5065"/>
</LocList>
<BasicStmnt CovItemId="S75" CovItemPrefix="my.PSM.PSM_Logic.appController.java" Intrnl_Id="1993">
<LocList>
<Loc EndOffset="5082" SrcFileId="12" StartOffset="5065"/>
</LocList>
</BasicStmnt>
</StmntSeq>
</HierarchyLvl>
<HierarchyLvl HierarchyLvlId="14465" HierarchyLvlTypeId="31" Intrnl_Id="1994" Name="getClearMonth">
<Header>
<Loc EndOffset="5123" SrcFileId="12" StartOffset="5090"/>
</Header>
<LocList>
<Loc EndOffset="5151" SrcFileId="12" StartOffset="5090"/>
</LocList>
<StmntSeq Intrnl_Id="1995">
<LocList>
<Loc EndOffset="5147" SrcFileId="12" StartOffset="5129"/>
</LocList>
<BasicStmnt CovItemId="S76" CovItemPrefix="my.PSM.PSM_Logic.appController.java" Intrnl_Id="1996">
<LocList>
<Loc EndOffset="5147" SrcFileId="12" StartOffset="5129"/>
</LocList>
</BasicStmnt>
</StmntSeq>
</HierarchyLvl>
<HierarchyLvl HierarchyLvlId="14466" HierarchyLvlTypeId="31" Intrnl_Id="1997" Name="getClearYear">
<Header>
<Loc EndOffset="5187" SrcFileId="12" StartOffset="5155"/>
</Header>
<LocList>
<Loc EndOffset="5214" SrcFileId="12" StartOffset="5155"/>
</LocList>
<StmntSeq Intrnl_Id="1998">
<LocList>
<Loc EndOffset="5210" SrcFileId="12" StartOffset="5193"/>
</LocList>
<BasicStmnt CovItemId="S77" CovItemPrefix="my.PSM.PSM_Logic.appController.java" Intrnl_Id="1999">
<LocList>
<Loc EndOffset="5210" SrcFileId="12" StartOffset="5193"/>
</LocList>
</BasicStmnt>
</StmntSeq>
</HierarchyLvl>
<HierarchyLvl HierarchyLvlId="14467" HierarchyLvlTypeId="31" Intrnl_Id="2000" Name="getCounter">
<Header>
<Loc EndOffset="5241" SrcFileId="12" StartOffset="5218"/>
</Header>
<LocList>
<Loc EndOffset="5265" SrcFileId="12" StartOffset="5218"/>
</LocList>
<StmntSeq Intrnl_Id="2001">
<LocList>
<Loc EndOffset="5261" SrcFileId="12" StartOffset="5246"/>
</LocList>
<BasicStmnt CovItemId="S78" CovItemPrefix="my.PSM.PSM_Logic.appController.java" Intrnl_Id="2002">
<LocList>
<Loc EndOffset="5261" SrcFileId="12" StartOffset="5246"/>
</LocList>
</BasicStmnt>
</StmntSeq>
</HierarchyLvl>
<HierarchyLvl HierarchyLvlId="14468" HierarchyLvlTypeId="31" Intrnl_Id="2003" Name="setupSched">
<Header>
<Loc EndOffset="5301" SrcFileId="12" StartOffset="5270"/>
</Header>
<LocList>
<Loc EndOffset="6235" SrcFileId="12" StartOffset="5270"/>
</LocList>
<StmntSeq Intrnl_Id="2004">
<LocList>
<Loc EndOffset="5334" SrcFileId="12" StartOffset="5308"/>
<Loc EndOffset="5505" SrcFileId="12" StartOffset="5376"/>
<Loc EndOffset="5535" SrcFileId="12" StartOffset="5514"/>
<Loc EndOffset="5577" SrcFileId="12" StartOffset="5544"/>
<Loc EndOffset="5729" SrcFileId="12" StartOffset="5595"/>
<Loc EndOffset="6228" SrcFileId="12" StartOffset="5738"/>
</LocList>
<BasicStmnt CovItemId="S79" CovItemPrefix="my.PSM.PSM_Logic.appController.java" Intrnl_Id="2005">
<LocList>
<Loc EndOffset="5334" SrcFileId="12" StartOffset="5308"/>
</LocList>
</BasicStmnt>
<LoopStmnt CovItemId="S80" CovItemPrefix="my.PSM.PSM_Logic.appController.java" Intrnl_Id="2006" MltplExecId="L3-2" MltplExecPrefix="my.PSM.PSM_Logic.appController.java" NvrExecId="L3-0" NvrExecPrefix="my.PSM.PSM_Logic.appController.java" OnceExecutedId="L3-1" OnceExecutedPrefix="my.PSM.PSM_Logic.appController.java" OptBodyExec="true">
<StmntSeq Intrnl_Id="2007">
<LocList>
<Loc EndOffset="5471" SrcFileId="12" StartOffset="5431"/>
<Loc EndOffset="5495" SrcFileId="12" StartOffset="5484"/>
</LocList>
<BasicStmnt CovItemId="S81" CovItemPrefix="my.PSM.PSM_Logic.appController.java" Intrnl_Id="2008">
<LocList>
<Loc EndOffset="5471" SrcFileId="12" StartOffset="5431"/>
</LocList>
</BasicStmnt>
<BasicStmnt CovItemId="S82" CovItemPrefix="my.PSM.PSM_Logic.appController.java" Intrnl_Id="2009">
<LocList>
<Loc EndOffset="5495" SrcFileId="12" StartOffset="5484"/>
</LocList>
</BasicStmnt>
</StmntSeq>
<Keyword EndOffset="5381" SrcFileId="12" StartOffset="5376"/>
<LocList>
<Loc EndOffset="5505" SrcFileId="12" StartOffset="5376"/>
</LocList>
<RootTerm CovItemId="C9" CovItemPrefix="my.PSM.PSM_Logic.appController.java" Intrnl_Id="2010">
<OpTerm BooleanOpId="28" Intrnl_Id="2011">
<BasicBoolTerm Intrnl_Id="2012">
<LocList>
<Loc EndOffset="5407" SrcFileId="12" StartOffset="5383"/>
</LocList>
</BasicBoolTerm>
<LocList>
<Loc EndOffset="5383" SrcFileId="12" StartOffset="5382"/>
</LocList>
</OpTerm>
</RootTerm>
</LoopStmnt>
<BasicStmnt CovItemId="S83" CovItemPrefix="my.PSM.PSM_Logic.appController.java" Intrnl_Id="2013">
<LocList>
<Loc EndOffset="5535" SrcFileId="12" StartOffset="5514"/>
</LocList>
</BasicStmnt>
<BasicStmnt CovItemId="S84" CovItemPrefix="my.PSM.PSM_Logic.appController.java" Intrnl_Id="2014">
<LocList>
<Loc EndOffset="5577" SrcFileId="12" StartOffset="5544"/>
</LocList>
</BasicStmnt>
<BasicStmnt CovItemId="S85" CovItemPrefix="my.PSM.PSM_Logic.appController.java" Intrnl_Id="2015">
<LocList>
<Loc EndOffset="5729" SrcFileId="12" StartOffset="5595"/>
</LocList>
</BasicStmnt>
<BasicStmnt CovItemId="S86" CovItemPrefix="my.PSM.PSM_Logic.appController.java" Intrnl_Id="2016">
<LocList>
<Loc EndOffset="6228" SrcFileId="12" StartOffset="5738"/>
</LocList>
</BasicStmnt>
</StmntSeq>
</HierarchyLvl>
<HierarchyLvl HierarchyLvlId="14469" HierarchyLvlTypeId="31" Intrnl_Id="2017" Name="appEditSched">
<Header>
<Loc EndOffset="6273" SrcFileId="12" StartOffset="6240"/>
</Header>
<LocList>
<Loc EndOffset="7738" SrcFileId="12" StartOffset="6240"/>
</LocList>
<StmntSeq Intrnl_Id="2018">
<LocList>
<Loc EndOffset="6329" SrcFileId="12" StartOffset="6305"/>
<Loc EndOffset="6500" SrcFileId="12" StartOffset="6339"/>
<Loc EndOffset="6545" SrcFileId="12" StartOffset="6510"/>
<Loc EndOffset="6575" SrcFileId="12" StartOffset="6554"/>
<Loc EndOffset="6622" SrcFileId="12" StartOffset="6585"/>
<Loc EndOffset="6650" SrcFileId="12" StartOffset="6631"/>
<Loc EndOffset="6925" SrcFileId="12" StartOffset="6668"/>
<Loc EndOffset="7058" SrcFileId="12" StartOffset="6943"/>
<Loc EndOffset="7097" SrcFileId="12" StartOffset="7076"/>
<Loc EndOffset="7136" SrcFileId="12" StartOffset="7106"/>
<Loc EndOffset="7730" SrcFileId="12" StartOffset="7226"/>
</LocList>
<BasicStmnt CovItemId="S87" CovItemPrefix="my.PSM.PSM_Logic.appController.java" Intrnl_Id="2019">
<LocList>
<Loc EndOffset="6329" SrcFileId="12" StartOffset="6305"/>
</LocList>
</BasicStmnt>
<LoopStmnt CovItemId="S88" CovItemPrefix="my.PSM.PSM_Logic.appController.java" Intrnl_Id="2020" MltplExecId="L4-2" MltplExecPrefix="my.PSM.PSM_Logic.appController.java" NvrExecId="L4-0" NvrExecPrefix="my.PSM.PSM_Logic.appController.java" OnceExecutedId="L4-1" OnceExecutedPrefix="my.PSM.PSM_Logic.appController.java" OptBodyExec="true">
<StmntSeq Intrnl_Id="2021">
<LocList>
<Loc EndOffset="6424" SrcFileId="12" StartOffset="6382"/>
<Loc EndOffset="6448" SrcFileId="12" StartOffset="6437"/>
</LocList>
<BasicStmnt CovItemId="S89" CovItemPrefix="my.PSM.PSM_Logic.appController.java" Intrnl_Id="2022">
<LocList>
<Loc EndOffset="6424" SrcFileId="12" StartOffset="6382"/>
</LocList>
</BasicStmnt>
<BasicStmnt CovItemId="S90" CovItemPrefix="my.PSM.PSM_Logic.appController.java" Intrnl_Id="2023">
<LocList>
<Loc EndOffset="6448" SrcFileId="12" StartOffset="6437"/>
</LocList>
</BasicStmnt>
</StmntSeq>
<Keyword EndOffset="6344" SrcFileId="12" StartOffset="6339"/>
<LocList>
<Loc EndOffset="6500" SrcFileId="12" StartOffset="6339"/>
</LocList>
<RootTerm CovItemId="C10" CovItemPrefix="my.PSM.PSM_Logic.appController.java" Intrnl_Id="2024">
<OpTerm BooleanOpId="28" Intrnl_Id="2025">
<BasicBoolTerm Intrnl_Id="2026">
<LocList>
<Loc EndOffset="6358" SrcFileId="12" StartOffset="6346"/>
</LocList>
</BasicBoolTerm>
<LocList>
<Loc EndOffset="6346" SrcFileId="12" StartOffset="6345"/>
</LocList>
</OpTerm>
</RootTerm>
</LoopStmnt>
<BasicStmnt CovItemId="S91" CovItemPrefix="my.PSM.PSM_Logic.appController.java" Intrnl_Id="2027">
<LocList>
<Loc EndOffset="6545" SrcFileId="12" StartOffset="6510"/>
</LocList>
</BasicStmnt>
<BasicStmnt CovItemId="S92" CovItemPrefix="my.PSM.PSM_Logic.appController.java" Intrnl_Id="2028">
<LocList>
<Loc EndOffset="6575" SrcFileId="12" StartOffset="6554"/>
</LocList>
</BasicStmnt>
<BasicStmnt CovItemId="S93" CovItemPrefix="my.PSM.PSM_Logic.appController.java" Intrnl_Id="2029">
<LocList>
<Loc EndOffset="6622" SrcFileId="12" StartOffset="6585"/>
</LocList>
</BasicStmnt>
<BasicStmnt CovItemId="S94" CovItemPrefix="my.PSM.PSM_Logic.appController.java" Intrnl_Id="2030">
<LocList>
<Loc EndOffset="6650" SrcFileId="12" StartOffset="6631"/>
</LocList>
</BasicStmnt>
<BasicStmnt CovItemId="S95" CovItemPrefix="my.PSM.PSM_Logic.appController.java" Intrnl_Id="2031">
<LocList>
<Loc EndOffset="6925" SrcFileId="12" StartOffset="6668"/>
</LocList>
</BasicStmnt>
<LoopStmnt CovItemId="S96" CovItemPrefix="my.PSM.PSM_Logic.appController.java" Intrnl_Id="2032" MltplExecId="L5-2" MltplExecPrefix="my.PSM.PSM_Logic.appController.java" NvrExecId="L5-0" NvrExecPrefix="my.PSM.PSM_Logic.appController.java" OnceExecutedId="L5-1" OnceExecutedPrefix="my.PSM.PSM_Logic.appController.java" OptBodyExec="true">
<StmntSeq Intrnl_Id="2033">
<LocList>
<Loc EndOffset="7023" SrcFileId="12" StartOffset="6986"/>
<Loc EndOffset="7048" SrcFileId="12" StartOffset="7037"/>
</LocList>
<BasicStmnt CovItemId="S97" CovItemPrefix="my.PSM.PSM_Logic.appController.java" Intrnl_Id="2034">
<LocList>
<Loc EndOffset="7023" SrcFileId="12" StartOffset="6986"/>
</LocList>
</BasicStmnt>
<BasicStmnt CovItemId="S98" CovItemPrefix="my.PSM.PSM_Logic.appController.java" Intrnl_Id="2035">
<LocList>
<Loc EndOffset="7048" SrcFileId="12" StartOffset="7037"/>
</LocList>
</BasicStmnt>
</StmntSeq>
<Keyword EndOffset="6948" SrcFileId="12" StartOffset="6943"/>
<LocList>
<Loc EndOffset="7058" SrcFileId="12" StartOffset="6943"/>
</LocList>
<RootTerm CovItemId="C11" CovItemPrefix="my.PSM.PSM_Logic.appController.java" Intrnl_Id="2036">
<OpTerm BooleanOpId="28" Intrnl_Id="2037">
<BasicBoolTerm Intrnl_Id="2038">
<LocList>
<Loc EndOffset="6962" SrcFileId="12" StartOffset="6950"/>
</LocList>
</BasicBoolTerm>
<LocList>
<Loc EndOffset="6950" SrcFileId="12" StartOffset="6949"/>
</LocList>
</OpTerm>
</RootTerm>
</LoopStmnt>
<BasicStmnt CovItemId="S99" CovItemPrefix="my.PSM.PSM_Logic.appController.java" Intrnl_Id="2039">
<LocList>
<Loc EndOffset="7097" SrcFileId="12" StartOffset="7076"/>
</LocList>
</BasicStmnt>
<BasicStmnt CovItemId="S100" CovItemPrefix="my.PSM.PSM_Logic.appController.java" Intrnl_Id="2040">
<LocList>
<Loc EndOffset="7136" SrcFileId="12" StartOffset="7106"/>
</LocList>
</BasicStmnt>
<BasicStmnt CovItemId="S101" CovItemPrefix="my.PSM.PSM_Logic.appController.java" Intrnl_Id="2041">
<LocList>
<Loc EndOffset="7730" SrcFileId="12" StartOffset="7226"/>
</LocList>
</BasicStmnt>
</StmntSeq>
</HierarchyLvl>
<HierarchyLvl HierarchyLvlId="14470" HierarchyLvlTypeId="31" Intrnl_Id="2042" Name="appLogin">
<Header>
<Loc EndOffset="7777" SrcFileId="12" StartOffset="7748"/>
</Header>
<LocList>
<Loc EndOffset="9199" SrcFileId="12" StartOffset="7748"/>
</LocList>
<StmntSeq Intrnl_Id="2043">
<LocList>
<Loc EndOffset="9193" SrcFileId="12" StartOffset="7784"/>
</LocList>
<LoopStmnt CovItemId="S102" CovItemPrefix="my.PSM.PSM_Logic.appController.java" Intrnl_Id="2044" MltplExecId="L6-2" MltplExecPrefix="my.PSM.PSM_Logic.appController.java" NvrExecId="L6-0" NvrExecPrefix="my.PSM.PSM_Logic.appController.java" OnceExecutedId="L6-1" OnceExecutedPrefix="my.PSM.PSM_Logic.appController.java" OptBodyExec="true">
<StmntSeq Intrnl_Id="2045">
<LocList>
<Loc EndOffset="7859" SrcFileId="12" StartOffset="7834"/>
<Loc EndOffset="8056" SrcFileId="12" StartOffset="7898"/>
<Loc EndOffset="8101" SrcFileId="12" StartOffset="8070"/>
<Loc EndOffset="8136" SrcFileId="12" StartOffset="8115"/>
<Loc EndOffset="8185" SrcFileId="12" StartOffset="8150"/>
<Loc EndOffset="8234" SrcFileId="12" StartOffset="8199"/>
<Loc EndOffset="8302" SrcFileId="12" StartOffset="8263"/>
<Loc EndOffset="8479" SrcFileId="12" StartOffset="8316"/>
<Loc EndOffset="8905" SrcFileId="12" StartOffset="8523"/>
<Loc EndOffset="9183" SrcFileId="12" StartOffset="8919"/>
</LocList>
<BasicStmnt CovItemId="S103" CovItemPrefix="my.PSM.PSM_Logic.appController.java" Intrnl_Id="2046">
<LocList>
<Loc EndOffset="7859" SrcFileId="12" StartOffset="7834"/>
</LocList>
</BasicStmnt>
<LoopStmnt CovItemId="S104" CovItemPrefix="my.PSM.PSM_Logic.appController.java" Intrnl_Id="2047" MltplExecId="L7-2" MltplExecPrefix="my.PSM.PSM_Logic.appController.java" NvrExecId="L7-0" NvrExecPrefix="my.PSM.PSM_Logic.appController.java" OnceExecutedId="L7-1" OnceExecutedPrefix="my.PSM.PSM_Logic.appController.java" OptBodyExec="false">
<StmntSeq Intrnl_Id="2048">
<LocList>
<Loc EndOffset="7973" SrcFileId="12" StartOffset="7933"/>
<Loc EndOffset="8002" SrcFileId="12" StartOffset="7991"/>
</LocList>
<BasicStmnt CovItemId="S105" CovItemPrefix="my.PSM.PSM_Logic.appController.java" Intrnl_Id="2049">
<LocList>
<Loc EndOffset="7973" SrcFileId="12" StartOffset="7933"/>
</LocList>
</BasicStmnt>
<BasicStmnt CovItemId="S106" CovItemPrefix="my.PSM.PSM_Logic.appController.java" Intrnl_Id="2050">
<LocList>
<Loc EndOffset="8002" SrcFileId="12" StartOffset="7991"/>
</LocList>
</BasicStmnt>
</StmntSeq>
<Keyword EndOffset="7900" SrcFileId="12" StartOffset="7898"/>
<LocList>
<Loc EndOffset="8056" SrcFileId="12" StartOffset="7898"/>
</LocList>
<RootTerm CovItemId="C13" CovItemPrefix="my.PSM.PSM_Logic.appController.java" Intrnl_Id="2051">
<OpTerm BooleanOpId="28" Intrnl_Id="2052">
<BasicBoolTerm Intrnl_Id="2053">
<LocList>
<Loc EndOffset="8054" SrcFileId="12" StartOffset="8042"/>
</LocList>
</BasicBoolTerm>
<LocList>
<Loc EndOffset="8042" SrcFileId="12" StartOffset="8041"/>
</LocList>
</OpTerm>
</RootTerm>
</LoopStmnt>
<BasicStmnt CovItemId="S107" CovItemPrefix="my.PSM.PSM_Logic.appController.java" Intrnl_Id="2054">
<LocList>
<Loc EndOffset="8101" SrcFileId="12" StartOffset="8070"/>
</LocList>
</BasicStmnt>
<BasicStmnt CovItemId="S108" CovItemPrefix="my.PSM.PSM_Logic.appController.java" Intrnl_Id="2055">
<LocList>
<Loc EndOffset="8136" SrcFileId="12" StartOffset="8115"/>
</LocList>
</BasicStmnt>
<BasicStmnt CovItemId="S109" CovItemPrefix="my.PSM.PSM_Logic.appController.java" Intrnl_Id="2056">
<LocList>
<Loc EndOffset="8185" SrcFileId="12" StartOffset="8150"/>
</LocList>
</BasicStmnt>
<BasicStmnt CovItemId="S110" CovItemPrefix="my.PSM.PSM_Logic.appController.java" Intrnl_Id="2057">
<LocList>
<Loc EndOffset="8234" SrcFileId="12" StartOffset="8199"/>
</LocList>
</BasicStmnt>
<BasicStmnt CovItemId="S111" CovItemPrefix="my.PSM.PSM_Logic.appController.java" Intrnl_Id="2058">
<LocList>
<Loc EndOffset="8302" SrcFileId="12" StartOffset="8263"/>
</LocList>
</BasicStmnt>
<CondStmnt CovItemId="S112" CovItemPrefix="my.PSM.PSM_Logic.appController.java" Intrnl_Id="2059">
<Branch CovItemId="B13" CovItemPrefix="my.PSM.PSM_Logic.appController.java" Implct="false" Intrnl_Id="2060">
<Cond/>
<LocList>
<Loc EndOffset="8479" SrcFileId="12" StartOffset="8341"/>
</LocList>
<StmntSeq Intrnl_Id="2061">
<LocList>
<Loc EndOffset="8376" SrcFileId="12" StartOffset="8360"/>
<Loc EndOffset="8408" SrcFileId="12" StartOffset="8394"/>
<Loc EndOffset="8464" SrcFileId="12" StartOffset="8426"/>
</LocList>
<BasicStmnt CovItemId="S113" CovItemPrefix="my.PSM.PSM_Logic.appController.java" Intrnl_Id="2062">
<LocList>
<Loc EndOffset="8376" SrcFileId="12" StartOffset="8360"/>
</LocList>
</BasicStmnt>
<BasicStmnt CovItemId="S114" CovItemPrefix="my.PSM.PSM_Logic.appController.java" Intrnl_Id="2063">
<LocList>
<Loc EndOffset="8408" SrcFileId="12" StartOffset="8394"/>
</LocList>
</BasicStmnt>
<BasicStmnt CovItemId="S115" CovItemPrefix="my.PSM.PSM_Logic.appController.java" Intrnl_Id="2064">
<LocList>
<Loc EndOffset="8464" SrcFileId="12" StartOffset="8426"/>
</LocList>
</BasicStmnt>
</StmntSeq>
</Branch>
<Branch CovItemId="B14" CovItemPrefix="my.PSM.PSM_Logic.appController.java" Implct="true" Intrnl_Id="2065">
<Cond/>
<LocList/>
<StmntSeq Intrnl_Id="2066">
<LocList/>
</StmntSeq>
</Branch>
<Keyword EndOffset="8318" SrcFileId="12" StartOffset="8316"/>
<LocList>
<Loc EndOffset="8479" SrcFileId="12" StartOffset="8316"/>
</LocList>
<RootTerm CovItemId="C14" CovItemPrefix="my.PSM.PSM_Logic.appController.java" Intrnl_Id="2067">
<BasicBoolTerm Intrnl_Id="2068">
<LocList>
<Loc EndOffset="8340" SrcFileId="12" StartOffset="8319"/>
</LocList>
</BasicBoolTerm>
</RootTerm>
</CondStmnt>
<CondStmnt CovItemId="S116" CovItemPrefix="my.PSM.PSM_Logic.appController.java" Intrnl_Id="2069">
<Branch CovItemId="B15" CovItemPrefix="my.PSM.PSM_Logic.appController.java" Implct="false" Intrnl_Id="2070">
<Cond/>
<LocList>
<Loc EndOffset="8905" SrcFileId="12" StartOffset="8536"/>
</LocList>
<StmntSeq Intrnl_Id="2071">
<LocList>
<Loc EndOffset="8584" SrcFileId="12" StartOffset="8555"/>
<Loc EndOffset="8612" SrcFileId="12" StartOffset="8602"/>
<Loc EndOffset="8791" SrcFileId="12" StartOffset="8630"/>
<Loc EndOffset="8830" SrcFileId="12" StartOffset="8809"/>
<Loc EndOffset="8872" SrcFileId="12" StartOffset="8848"/>
</LocList>
<BasicStmnt CovItemId="S117" CovItemPrefix="my.PSM.PSM_Logic.appController.java" Intrnl_Id="2072">
<LocList>
<Loc EndOffset="8584" SrcFileId="12" StartOffset="8555"/>
</LocList>
</BasicStmnt>
<BasicStmnt CovItemId="S118" CovItemPrefix="my.PSM.PSM_Logic.appController.java" Intrnl_Id="2073">
<LocList>
<Loc EndOffset="8612" SrcFileId="12" StartOffset="8602"/>
</LocList>
</BasicStmnt>
<LoopStmnt CovItemId="S119" CovItemPrefix="my.PSM.PSM_Logic.appController.java" Intrnl_Id="2074" MltplExecId="L8-2" MltplExecPrefix="my.PSM.PSM_Logic.appController.java" NvrExecId="L8-0" NvrExecPrefix="my.PSM.PSM_Logic.appController.java" OnceExecutedId="L8-1" OnceExecutedPrefix="my.PSM.PSM_Logic.appController.java" OptBodyExec="true">
<StmntSeq Intrnl_Id="2075">
<LocList>
<Loc EndOffset="8725" SrcFileId="12" StartOffset="8691"/>
<Loc EndOffset="8772" SrcFileId="12" StartOffset="8747"/>
</LocList>
<BasicStmnt CovItemId="S120" CovItemPrefix="my.PSM.PSM_Logic.appController.java" Intrnl_Id="2076">
<LocList>
<Loc EndOffset="8725" SrcFileId="12" StartOffset="8691"/>
</LocList>
</BasicStmnt>
<BasicStmnt CovItemId="S121" CovItemPrefix="my.PSM.PSM_Logic.appController.java" Intrnl_Id="2077">
<LocList>
<Loc EndOffset="8772" SrcFileId="12" StartOffset="8747"/>
</LocList>
</BasicStmnt>
</StmntSeq>
<Keyword EndOffset="8635" SrcFileId="12" StartOffset="8630"/>
<LocList>
<Loc EndOffset="8791" SrcFileId="12" StartOffset="8630"/>
</LocList>
<RootTerm CovItemId="C16" CovItemPrefix="my.PSM.PSM_Logic.appController.java" Intrnl_Id="2078">
<OpTerm BooleanOpId="28" Intrnl_Id="2079">
<BasicBoolTerm Intrnl_Id="2080">
<LocList>
<Loc EndOffset="8649" SrcFileId="12" StartOffset="8637"/>
</LocList>
</BasicBoolTerm>
<LocList>
<Loc EndOffset="8637" SrcFileId="12" StartOffset="8636"/>
</LocList>
</OpTerm>
</RootTerm>
</LoopStmnt>
<BasicStmnt CovItemId="S122" CovItemPrefix="my.PSM.PSM_Logic.appController.java" Intrnl_Id="2081">
<LocList>
<Loc EndOffset="8830" SrcFileId="12" StartOffset="8809"/>
</LocList>
</BasicStmnt>
<BasicStmnt CovItemId="S123" CovItemPrefix="my.PSM.PSM_Logic.appController.java" Intrnl_Id="2082">
<LocList>
<Loc EndOffset="8872" SrcFileId="12" StartOffset="8848"/>
</LocList>
</BasicStmnt>
</StmntSeq>
</Branch>
<Branch CovItemId="B16" CovItemPrefix="my.PSM.PSM_Logic.appController.java" Implct="true" Intrnl_Id="2083">
<Cond/>
<LocList/>
<StmntSeq Intrnl_Id="2084">
<LocList/>
</StmntSeq>
</Branch>
<Keyword EndOffset="8525" SrcFileId="12" StartOffset="8523"/>
<LocList>
<Loc EndOffset="8905" SrcFileId="12" StartOffset="8523"/>
</LocList>
<RootTerm CovItemId="C15" CovItemPrefix="my.PSM.PSM_Logic.appController.java" Intrnl_Id="2085">
<OpTerm BooleanOpId="28" Intrnl_Id="2086">
<BasicBoolTerm Intrnl_Id="2087">
<LocList>
<Loc EndOffset="8535" SrcFileId="12" StartOffset="8527"/>
</LocList>
</BasicBoolTerm>
<LocList>
<Loc EndOffset="8527" SrcFileId="12" StartOffset="8526"/>
</LocList>
</OpTerm>
</RootTerm>
</CondStmnt>
<CondStmnt CovItemId="S124" CovItemPrefix="my.PSM.PSM_Logic.appController.java" Intrnl_Id="2088">
<Branch CovItemId="B17" CovItemPrefix="my.PSM.PSM_Logic.appController.java" Implct="false" Intrnl_Id="2089">
<Cond/>
<LocList>
<Loc EndOffset="9183" SrcFileId="12" StartOffset="8935"/>
</LocList>
<StmntSeq Intrnl_Id="2090">
<LocList>
<Loc EndOffset="8989" SrcFileId="12" StartOffset="8971"/>
<Loc EndOffset="9143" SrcFileId="12" StartOffset="9007"/>
<Loc EndOffset="9168" SrcFileId="12" StartOffset="9161"/>
</LocList>
<BasicStmnt CovItemId="S125" CovItemPrefix="my.PSM.PSM_Logic.appController.java" Intrnl_Id="2091">
<LocList>
<Loc EndOffset="8989" SrcFileId="12" StartOffset="8971"/>
</LocList>
</BasicStmnt>
<LoopStmnt CovItemId="S126" CovItemPrefix="my.PSM.PSM_Logic.appController.java" Intrnl_Id="2092" MltplExecId="L9-2" MltplExecPrefix="my.PSM.PSM_Logic.appController.java" NvrExecId="L9-0" NvrExecPrefix="my.PSM.PSM_Logic.appController.java" OnceExecutedId="L9-1" OnceExecutedPrefix="my.PSM.PSM_Logic.appController.java" OptBodyExec="true">
<StmntSeq Intrnl_Id="2093">
<LocList>
<Loc EndOffset="9102" SrcFileId="12" StartOffset="9068"/>
</LocList>
<BasicStmnt CovItemId="S127" CovItemPrefix="my.PSM.PSM_Logic.appController.java" Intrnl_Id="2094">
<LocList>
<Loc EndOffset="9102" SrcFileId="12" StartOffset="9068"/>
</LocList>
</BasicStmnt>
</StmntSeq>
<Keyword EndOffset="9012" SrcFileId="12" StartOffset="9007"/>
<LocList>
<Loc EndOffset="9143" SrcFileId="12" StartOffset="9007"/>
</LocList>
<RootTerm CovItemId="C18" CovItemPrefix="my.PSM.PSM_Logic.appController.java" Intrnl_Id="2095">
<OpTerm BooleanOpId="28" Intrnl_Id="2096">
<BasicBoolTerm Intrnl_Id="2097">
<LocList>
<Loc EndOffset="9026" SrcFileId="12" StartOffset="9014"/>
</LocList>
</BasicBoolTerm>
<LocList>
<Loc EndOffset="9014" SrcFileId="12" StartOffset="9013"/>
</LocList>
</OpTerm>
</RootTerm>
</LoopStmnt>
<BasicStmnt CovItemId="S128" CovItemPrefix="my.PSM.PSM_Logic.appController.java" Intrnl_Id="2098">
<LocList>
<Loc EndOffset="9168" SrcFileId="12" StartOffset="9161"/>
</LocList>
</BasicStmnt>
</StmntSeq>
</Branch>
<Branch CovItemId="B18" CovItemPrefix="my.PSM.PSM_Logic.appController.java" Implct="true" Intrnl_Id="2099">
<Cond/>
<LocList/>
<StmntSeq Intrnl_Id="2100">
<LocList/>
</StmntSeq>
</Branch>
<Keyword EndOffset="8921" SrcFileId="12" StartOffset="8919"/>
<LocList>
<Loc EndOffset="9183" SrcFileId="12" StartOffset="8919"/>
</LocList>
<RootTerm CovItemId="C17" CovItemPrefix="my.PSM.PSM_Logic.appController.java" Intrnl_Id="2101">
<BasicBoolTerm Intrnl_Id="2102">
<LocList>
<Loc EndOffset="8934" SrcFileId="12" StartOffset="8922"/>
</LocList>
</BasicBoolTerm>
</RootTerm>
</CondStmnt>
</StmntSeq>
<Keyword EndOffset="7789" SrcFileId="12" StartOffset="7784"/>
<LocList>
<Loc EndOffset="9193" SrcFileId="12" StartOffset="7784"/>
</LocList>
<RootTerm CovItemId="C12" CovItemPrefix="my.PSM.PSM_Logic.appController.java" Intrnl_Id="2103">
<OpTerm BooleanOpId="28" Intrnl_Id="2104">
<BasicBoolTerm Intrnl_Id="2105">
<LocList>
<Loc EndOffset="7799" SrcFileId="12" StartOffset="7791"/>
</LocList>
</BasicBoolTerm>
<LocList>
<Loc EndOffset="7791" SrcFileId="12" StartOffset="7790"/>
</LocList>
</OpTerm>
</RootTerm>
</LoopStmnt>
</StmntSeq>
</HierarchyLvl>
<HierarchyLvl HierarchyLvlId="14471" HierarchyLvlTypeId="31" Intrnl_Id="2106" Name="checkClear">
<Header>
<Loc EndOffset="9238" SrcFileId="12" StartOffset="9204"/>
</Header>
<LocList>
<Loc EndOffset="9907" SrcFileId="12" StartOffset="9204"/>
</LocList>
<StmntSeq Intrnl_Id="2107">
<LocList>
<Loc EndOffset="9307" SrcFileId="12" StartOffset="9253"/>
<Loc EndOffset="9358" SrcFileId="12" StartOffset="9316"/>
<Loc EndOffset="9405" SrcFileId="12" StartOffset="9367"/>
<Loc EndOffset="9863" SrcFileId="12" StartOffset="9423"/>
<Loc EndOffset="9884" SrcFileId="12" StartOffset="9872"/>
</LocList>
<BasicStmnt CovItemId="S129" CovItemPrefix="my.PSM.PSM_Logic.appController.java" Intrnl_Id="2108">
<LocList>
<Loc EndOffset="9307" SrcFileId="12" StartOffset="9253"/>
</LocList>
</BasicStmnt>
<BasicStmnt CovItemId="S130" CovItemPrefix="my.PSM.PSM_Logic.appController.java" Intrnl_Id="2109">
<LocList>
<Loc EndOffset="9358" SrcFileId="12" StartOffset="9316"/>
</LocList>
</BasicStmnt>
<BasicStmnt CovItemId="S131" CovItemPrefix="my.PSM.PSM_Logic.appController.java" Intrnl_Id="2110">
<LocList>
<Loc EndOffset="9405" SrcFileId="12" StartOffset="9367"/>
</LocList>
</BasicStmnt>
<LoopStmnt CovItemId="S132" CovItemPrefix="my.PSM.PSM_Logic.appController.java" Intrnl_Id="2111" MltplExecId="L10-2" MltplExecPrefix="my.PSM.PSM_Logic.appController.java" NvrExecId="L10-0" NvrExecPrefix="my.PSM.PSM_Logic.appController.java" OnceExecutedId="L10-1" OnceExecutedPrefix="my.PSM.PSM_Logic.appController.java" OptBodyExec="true">
<StmntSeq Intrnl_Id="2112">
<LocList>
<Loc EndOffset="9514" SrcFileId="12" StartOffset="9486"/>
<Loc EndOffset="9764" SrcFileId="12" StartOffset="9710"/>
<Loc EndOffset="9836" SrcFileId="12" StartOffset="9777"/>
</LocList>
<BasicStmnt CovItemId="S133" CovItemPrefix="my.PSM.PSM_Logic.appController.java" Intrnl_Id="2113">
<LocList>
<Loc EndOffset="9514" SrcFileId="12" StartOffset="9486"/>
</LocList>
</BasicStmnt>
<BasicStmnt CovItemId="S134" CovItemPrefix="my.PSM.PSM_Logic.appController.java" Intrnl_Id="2114">
<LocList>
<Loc EndOffset="9764" SrcFileId="12" StartOffset="9710"/>
</LocList>
</BasicStmnt>
<CondStmnt CovItemId="S135" CovItemPrefix="my.PSM.PSM_Logic.appController.java" Intrnl_Id="2115">
<Branch CovItemId="B19" CovItemPrefix="my.PSM.PSM_Logic.appController.java" Implct="false" Intrnl_Id="2116">
<Cond/>
<LocList>
<Loc EndOffset="9836" SrcFileId="12" StartOffset="9823"/>
</LocList>
<StmntSeq Intrnl_Id="2117">
<LocList>
<Loc EndOffset="9836" SrcFileId="12" StartOffset="9823"/>
</LocList>
<BasicStmnt CovItemId="S136" CovItemPrefix="my.PSM.PSM_Logic.appController.java" Intrnl_Id="2118">
<LocList>
<Loc EndOffset="9836" SrcFileId="12" StartOffset="9823"/>
</LocList>
</BasicStmnt>
</StmntSeq>
</Branch>
<Branch CovItemId="B20" CovItemPrefix="my.PSM.PSM_Logic.appController.java" Implct="true" Intrnl_Id="2119">
<Cond/>
<LocList/>
<StmntSeq Intrnl_Id="2120">
<LocList/>
</StmntSeq>
</Branch>
<Keyword EndOffset="9779" SrcFileId="12" StartOffset="9777"/>
<LocList>
<Loc EndOffset="9836" SrcFileId="12" StartOffset="9777"/>
</LocList>
<RootTerm CovItemId="C20" CovItemPrefix="my.PSM.PSM_Logic.appController.java" Intrnl_Id="2121">
<BasicBoolTerm Intrnl_Id="2122">
<LocList>
<Loc EndOffset="9806" SrcFileId="12" StartOffset="9780"/>
</LocList>
</BasicBoolTerm>
</RootTerm>
</CondStmnt>
</StmntSeq>
<Keyword EndOffset="9426" SrcFileId="12" StartOffset="9423"/>
<LocList>
<Loc EndOffset="9863" SrcFileId="12" StartOffset="9423"/>
</LocList>
<RootTerm CovItemId="C19" CovItemPrefix="my.PSM.PSM_Logic.appController.java" Intrnl_Id="2123">
<BasicBoolTerm Intrnl_Id="2124">
<LocList>
<Loc EndOffset="9457" SrcFileId="12" StartOffset="9438"/>
</LocList>
</BasicBoolTerm>
</RootTerm>
</LoopStmnt>
<BasicStmnt CovItemId="S137" CovItemPrefix="my.PSM.PSM_Logic.appController.java" Intrnl_Id="2125">
<LocList>
<Loc EndOffset="9884" SrcFileId="12" StartOffset="9872"/>
</LocList>
</BasicStmnt>
</StmntSeq>
</HierarchyLvl>
<HierarchyLvl HierarchyLvlId="14472" HierarchyLvlTypeId="31" Intrnl_Id="2126" Name="checkTimes">
<Header>
<Loc EndOffset="9956" SrcFileId="12" StartOffset="9925"/>
</Header>
<LocList>
<Loc EndOffset="12011" SrcFileId="12" StartOffset="9925"/>
</LocList>
<StmntSeq Intrnl_Id="2127">
<LocList>
<Loc EndOffset="10027" SrcFileId="12" StartOffset="9971"/>
<Loc EndOffset="10086" SrcFileId="12" StartOffset="10045"/>
<Loc EndOffset="10141" SrcFileId="12" StartOffset="10095"/>
<Loc EndOffset="10200" SrcFileId="12" StartOffset="10150"/>
<Loc EndOffset="11994" SrcFileId="12" StartOffset="10344"/>
</LocList>
<BasicStmnt CovItemId="S138" CovItemPrefix="my.PSM.PSM_Logic.appController.java" Intrnl_Id="2128">
<LocList>
<Loc EndOffset="10027" SrcFileId="12" StartOffset="9971"/>
</LocList>
</BasicStmnt>
<BasicStmnt CovItemId="S139" CovItemPrefix="my.PSM.PSM_Logic.appController.java" Intrnl_Id="2129">
<LocList>
<Loc EndOffset="10086" SrcFileId="12" StartOffset="10045"/>
</LocList>
</BasicStmnt>
<BasicStmnt CovItemId="S140" CovItemPrefix="my.PSM.PSM_Logic.appController.java" Intrnl_Id="2130">
<LocList>
<Loc EndOffset="10141" SrcFileId="12" StartOffset="10095"/>
</LocList>
</BasicStmnt>
<BasicStmnt CovItemId="S141" CovItemPrefix="my.PSM.PSM_Logic.appController.java" Intrnl_Id="2131">
<LocList>
<Loc EndOffset="10200" SrcFileId="12" StartOffset="10150"/>
</LocList>
</BasicStmnt>
<LoopStmnt CovItemId="S142" CovItemPrefix="my.PSM.PSM_Logic.appController.java" Intrnl_Id="2132" MltplExecId="L11-2" MltplExecPrefix="my.PSM.PSM_Logic.appController.java" NvrExecId="L11-0" NvrExecPrefix="my.PSM.PSM_Logic.appController.java" OnceExecutedId="L11-1" OnceExecutedPrefix="my.PSM.PSM_Logic.appController.java" OptBodyExec="true">
<StmntSeq Intrnl_Id="2133">
<LocList>
<Loc EndOffset="10431" SrcFileId="12" StartOffset="10409"/>
<Loc EndOffset="10482" SrcFileId="12" StartOffset="10444"/>
<Loc EndOffset="10530" SrcFileId="12" StartOffset="10495"/>
<Loc EndOffset="11582" SrcFileId="12" StartOffset="10556"/>
<Loc EndOffset="11984" SrcFileId="12" StartOffset="11621"/>
</LocList>
<BasicStmnt CovItemId="S143" CovItemPrefix="my.PSM.PSM_Logic.appController.java" Intrnl_Id="2134">
<LocList>
<Loc EndOffset="10431" SrcFileId="12" StartOffset="10409"/>
</LocList>
</BasicStmnt>
<BasicStmnt CovItemId="S144" CovItemPrefix="my.PSM.PSM_Logic.appController.java" Intrnl_Id="2135">
<LocList>
<Loc EndOffset="10482" SrcFileId="12" StartOffset="10444"/>
</LocList>
</BasicStmnt>
<BasicStmnt CovItemId="S145" CovItemPrefix="my.PSM.PSM_Logic.appController.java" Intrnl_Id="2136">
<LocList>
<Loc EndOffset="10530" SrcFileId="12" StartOffset="10495"/>
</LocList>
</BasicStmnt>
<CondStmnt CovItemId="S146" CovItemPrefix="my.PSM.PSM_Logic.appController.java" Intrnl_Id="2137">
<Branch CovItemId="B21" CovItemPrefix="my.PSM.PSM_Logic.appController.java" Implct="false" Intrnl_Id="2138">
<Cond/>
<LocList>
<Loc EndOffset="10707" SrcFileId="12" StartOffset="10620"/>
</LocList>
<StmntSeq Intrnl_Id="2139">
<LocList>
<Loc EndOffset="10661" SrcFileId="12" StartOffset="10638"/>
<Loc EndOffset="10693" SrcFileId="12" StartOffset="10678"/>
</LocList>
<BasicStmnt CovItemId="S147" CovItemPrefix="my.PSM.PSM_Logic.appController.java" Intrnl_Id="2140">
<LocList>
<Loc EndOffset="10661" SrcFileId="12" StartOffset="10638"/>
</LocList>
</BasicStmnt>
<BasicStmnt CovItemId="S148" CovItemPrefix="my.PSM.PSM_Logic.appController.java" Intrnl_Id="2141">
<LocList>
<Loc EndOffset="10693" SrcFileId="12" StartOffset="10678"/>
</LocList>
</BasicStmnt>
</StmntSeq>
</Branch>
<Branch CovItemId="B22" CovItemPrefix="my.PSM.PSM_Logic.appController.java" Implct="false" Intrnl_Id="2142">
<Cond>
<Loc EndOffset="10724" SrcFileId="12" StartOffset="10720"/>
</Cond>
<LocList>
<Loc EndOffset="11582" SrcFileId="12" StartOffset="10725"/>
</LocList>
<StmntSeq Intrnl_Id="2143">
<LocList>
<Loc EndOffset="11582" SrcFileId="12" StartOffset="10725"/>
</LocList>
<CondStmnt CovItemId="S149" CovItemPrefix="my.PSM.PSM_Logic.appController.java" Intrnl_Id="2144">
<Branch CovItemId="B23" CovItemPrefix="my.PSM.PSM_Logic.appController.java" Implct="false" Intrnl_Id="2145">
<Cond/>
<LocList>
<Loc EndOffset="10876" SrcFileId="12" StartOffset="10789"/>
</LocList>
<StmntSeq Intrnl_Id="2146">
<LocList>
<Loc EndOffset="10830" SrcFileId="12" StartOffset="10807"/>
<Loc EndOffset="10862" SrcFileId="12" StartOffset="10847"/>
</LocList>
<BasicStmnt CovItemId="S150" CovItemPrefix="my.PSM.PSM_Logic.appController.java" Intrnl_Id="2147">
<LocList>
<Loc EndOffset="10830" SrcFileId="12" StartOffset="10807"/>
</LocList>
</BasicStmnt>
<BasicStmnt CovItemId="S151" CovItemPrefix="my.PSM.PSM_Logic.appController.java" Intrnl_Id="2148">
<LocList>
<Loc EndOffset="10862" SrcFileId="12" StartOffset="10847"/>
</LocList>
</BasicStmnt>
</StmntSeq>
</Branch>
<Branch CovItemId="B24" CovItemPrefix="my.PSM.PSM_Logic.appController.java" Implct="false" Intrnl_Id="2149">
<Cond>
<Loc EndOffset="10893" SrcFileId="12" StartOffset="10889"/>
</Cond>
<LocList>
<Loc EndOffset="11582" SrcFileId="12" StartOffset="10894"/>
</LocList>
<StmntSeq Intrnl_Id="2150">
<LocList>
<Loc EndOffset="11582" SrcFileId="12" StartOffset="10894"/>
</LocList>
<CondStmnt CovItemId="S152" CovItemPrefix="my.PSM.PSM_Logic.appController.java" Intrnl_Id="2151">
<Branch CovItemId="B25" CovItemPrefix="my.PSM.PSM_Logic.appController.java" Implct="false" Intrnl_Id="2152">
<Cond/>
<LocList>
<Loc EndOffset="11045" SrcFileId="12" StartOffset="10958"/>
</LocList>
<StmntSeq Intrnl_Id="2153">
<LocList>
<Loc EndOffset="10999" SrcFileId="12" StartOffset="10976"/>
<Loc EndOffset="11031" SrcFileId="12" StartOffset="11016"/>
</LocList>
<BasicStmnt CovItemId="S153" CovItemPrefix="my.PSM.PSM_Logic.appController.java" Intrnl_Id="2154">
<LocList>
<Loc EndOffset="10999" SrcFileId="12" StartOffset="10976"/>
</LocList>
</BasicStmnt>
<BasicStmnt CovItemId="S154" CovItemPrefix="my.PSM.PSM_Logic.appController.java" Intrnl_Id="2155">
<LocList>
<Loc EndOffset="11031" SrcFileId="12" StartOffset="11016"/>
</LocList>
</BasicStmnt>
</StmntSeq>
</Branch>
<Branch CovItemId="B26" CovItemPrefix="my.PSM.PSM_Logic.appController.java" Implct="false" Intrnl_Id="2156">
<Cond>
<Loc EndOffset="11062" SrcFileId="12" StartOffset="11058"/>
</Cond>
<LocList>
<Loc EndOffset="11582" SrcFileId="12" StartOffset="11063"/>
</LocList>
<StmntSeq Intrnl_Id="2157">
<LocList>
<Loc EndOffset="11582" SrcFileId="12" StartOffset="11063"/>
</LocList>
<CondStmnt CovItemId="S155" CovItemPrefix="my.PSM.PSM_Logic.appController.java" Intrnl_Id="2158">
<Branch CovItemId="B27" CovItemPrefix="my.PSM.PSM_Logic.appController.java" Implct="false" Intrnl_Id="2159">
<Cond/>
<LocList>
<Loc EndOffset="11214" SrcFileId="12" StartOffset="11127"/>
</LocList>
<StmntSeq Intrnl_Id="2160">
<LocList>
<Loc EndOffset="11168" SrcFileId="12" StartOffset="11145"/>
<Loc EndOffset="11200" SrcFileId="12" StartOffset="11185"/>
</LocList>
<BasicStmnt CovItemId="S156" CovItemPrefix="my.PSM.PSM_Logic.appController.java" Intrnl_Id="2161">
<LocList>
<Loc EndOffset="11168" SrcFileId="12" StartOffset="11145"/>
</LocList>
</BasicStmnt>
<BasicStmnt CovItemId="S157" CovItemPrefix="my.PSM.PSM_Logic.appController.java" Intrnl_Id="2162">
<LocList>
<Loc EndOffset="11200" SrcFileId="12" StartOffset="11185"/>
</LocList>
</BasicStmnt>
</StmntSeq>
</Branch>
<Branch CovItemId="B28" CovItemPrefix="my.PSM.PSM_Logic.appController.java" Implct="false" Intrnl_Id="2163">
<Cond>
<Loc EndOffset="11231" SrcFileId="12" StartOffset="11227"/>
</Cond>
<LocList>
<Loc EndOffset="11582" SrcFileId="12" StartOffset="11232"/>
</LocList>
<StmntSeq Intrnl_Id="2164">
<LocList>
<Loc EndOffset="11582" SrcFileId="12" StartOffset="11232"/>
</LocList>
<CondStmnt CovItemId="S158" CovItemPrefix="my.PSM.PSM_Logic.appController.java" Intrnl_Id="2165">
<Branch CovItemId="B29" CovItemPrefix="my.PSM.PSM_Logic.appController.java" Implct="false" Intrnl_Id="2166">
<Cond/>
<LocList>
<Loc EndOffset="11383" SrcFileId="12" StartOffset="11296"/>
</LocList>
<StmntSeq Intrnl_Id="2167">
<LocList>
<Loc EndOffset="11337" SrcFileId="12" StartOffset="11314"/>
<Loc EndOffset="11369" SrcFileId="12" StartOffset="11354"/>
</LocList>
<BasicStmnt CovItemId="S159" CovItemPrefix="my.PSM.PSM_Logic.appController.java" Intrnl_Id="2168">
<LocList>
<Loc EndOffset="11337" SrcFileId="12" StartOffset="11314"/>
</LocList>
</BasicStmnt>
<BasicStmnt CovItemId="S160" CovItemPrefix="my.PSM.PSM_Logic.appController.java" Intrnl_Id="2169">
<LocList>
<Loc EndOffset="11369" SrcFileId="12" StartOffset="11354"/>
</LocList>
</BasicStmnt>
</StmntSeq>
</Branch>
<Branch CovItemId="B30" CovItemPrefix="my.PSM.PSM_Logic.appController.java" Implct="false" Intrnl_Id="2170">
<Cond>
<Loc EndOffset="11413" SrcFileId="12" StartOffset="11409"/>
</Cond>
<LocList>
<Loc EndOffset="11582" SrcFileId="12" StartOffset="11414"/>
</LocList>
<StmntSeq Intrnl_Id="2171">
<LocList>
<Loc EndOffset="11582" SrcFileId="12" StartOffset="11414"/>
</LocList>
<CondStmnt CovItemId="S161" CovItemPrefix="my.PSM.PSM_Logic.appController.java" Intrnl_Id="2172">
<Branch CovItemId="B31" CovItemPrefix="my.PSM.PSM_Logic.appController.java" Implct="false" Intrnl_Id="2173">
<Cond/>
<LocList>
<Loc EndOffset="11582" SrcFileId="12" StartOffset="11478"/>
</LocList>
<StmntSeq Intrnl_Id="2174">
<LocList>
<Loc EndOffset="11536" SrcFileId="12" StartOffset="11513"/>
<Loc EndOffset="11568" SrcFileId="12" StartOffset="11553"/>
</LocList>
<BasicStmnt CovItemId="S162" CovItemPrefix="my.PSM.PSM_Logic.appController.java" Intrnl_Id="2175">
<LocList>
<Loc EndOffset="11536" SrcFileId="12" StartOffset="11513"/>
</LocList>
</BasicStmnt>
<BasicStmnt CovItemId="S163" CovItemPrefix="my.PSM.PSM_Logic.appController.java" Intrnl_Id="2176">
<LocList>
<Loc EndOffset="11568" SrcFileId="12" StartOffset="11553"/>
</LocList>
</BasicStmnt>
</StmntSeq>
</Branch>
<Branch CovItemId="B32" CovItemPrefix="my.PSM.PSM_Logic.appController.java" Implct="true" Intrnl_Id="2177">
<Cond/>
<LocList/>
<StmntSeq Intrnl_Id="2178">
<LocList/>
</StmntSeq>
</Branch>
<Keyword EndOffset="11416" SrcFileId="12" StartOffset="11414"/>
<LocList>
<Loc EndOffset="11582" SrcFileId="12" StartOffset="11414"/>
</LocList>
<RootTerm CovItemId="C27" CovItemPrefix="my.PSM.PSM_Logic.appController.java" Intrnl_Id="2179">
<OpTerm BooleanOpId="27" Intrnl_Id="2180">
<BasicBoolTerm Intrnl_Id="2181">
<LocList>
<Loc EndOffset="11432" SrcFileId="12" StartOffset="11417"/>
</LocList>
</BasicBoolTerm>
<BasicBoolTerm Intrnl_Id="2182">
<LocList>
<Loc EndOffset="11464" SrcFileId="12" StartOffset="11436"/>
</LocList>
</BasicBoolTerm>
<LocList>
<Loc EndOffset="11435" SrcFileId="12" StartOffset="11433"/>
</LocList>
</OpTerm>
</RootTerm>
</CondStmnt>
</StmntSeq>
</Branch>
<Keyword EndOffset="11234" SrcFileId="12" StartOffset="11232"/>
<LocList>
<Loc EndOffset="11582" SrcFileId="12" StartOffset="11232"/>
</LocList>
<RootTerm CovItemId="C26" CovItemPrefix="my.PSM.PSM_Logic.appController.java" Intrnl_Id="2183">
<OpTerm BooleanOpId="27" Intrnl_Id="2184">
<BasicBoolTerm Intrnl_Id="2185">
<LocList>
<Loc EndOffset="11250" SrcFileId="12" StartOffset="11235"/>
</LocList>
</BasicBoolTerm>
<BasicBoolTerm Intrnl_Id="2186">
<LocList>
<Loc EndOffset="11282" SrcFileId="12" StartOffset="11254"/>
</LocList>
</BasicBoolTerm>
<LocList>
<Loc EndOffset="11253" SrcFileId="12" StartOffset="11251"/>
</LocList>
</OpTerm>
</RootTerm>
</CondStmnt>
</StmntSeq>
</Branch>
<Keyword EndOffset="11065" SrcFileId="12" StartOffset="11063"/>
<LocList>
<Loc EndOffset="11582" SrcFileId="12" StartOffset="11063"/>
</LocList>
<RootTerm CovItemId="C25" CovItemPrefix="my.PSM.PSM_Logic.appController.java" Intrnl_Id="2187">
<OpTerm BooleanOpId="27" Intrnl_Id="2188">
<BasicBoolTerm Intrnl_Id="2189">
<LocList>
<Loc EndOffset="11081" SrcFileId="12" StartOffset="11066"/>
</LocList>
</BasicBoolTerm>
<BasicBoolTerm Intrnl_Id="2190">
<LocList>
<Loc EndOffset="11113" SrcFileId="12" StartOffset="11085"/>
</LocList>
</BasicBoolTerm>
<LocList>
<Loc EndOffset="11084" SrcFileId="12" StartOffset="11082"/>
</LocList>
</OpTerm>
</RootTerm>
</CondStmnt>
</StmntSeq>
</Branch>
<Keyword EndOffset="10896" SrcFileId="12" StartOffset="10894"/>
<LocList>
<Loc EndOffset="11582" SrcFileId="12" StartOffset="10894"/>
</LocList>
<RootTerm CovItemId="C24" CovItemPrefix="my.PSM.PSM_Logic.appController.java" Intrnl_Id="2191">
<OpTerm BooleanOpId="27" Intrnl_Id="2192">
<BasicBoolTerm Intrnl_Id="2193">
<LocList>
<Loc EndOffset="10912" SrcFileId="12" StartOffset="10897"/>
</LocList>
</BasicBoolTerm>
<BasicBoolTerm Intrnl_Id="2194">
<LocList>
<Loc EndOffset="10944" SrcFileId="12" StartOffset="10916"/>
</LocList>
</BasicBoolTerm>
<LocList>
<Loc EndOffset="10915" SrcFileId="12" StartOffset="10913"/>
</LocList>
</OpTerm>
</RootTerm>
</CondStmnt>
</StmntSeq>
</Branch>
<Keyword EndOffset="10727" SrcFileId="12" StartOffset="10725"/>
<LocList>
<Loc EndOffset="11582" SrcFileId="12" StartOffset="10725"/>
</LocList>
<RootTerm CovItemId="C23" CovItemPrefix="my.PSM.PSM_Logic.appController.java" Intrnl_Id="2195">
<OpTerm BooleanOpId="27" Intrnl_Id="2196">
<BasicBoolTerm Intrnl_Id="2197">
<LocList>
<Loc EndOffset="10743" SrcFileId="12" StartOffset="10728"/>
</LocList>
</BasicBoolTerm>
<BasicBoolTerm Intrnl_Id="2198">
<LocList>
<Loc EndOffset="10775" SrcFileId="12" StartOffset="10747"/>
</LocList>
</BasicBoolTerm>
<LocList>
<Loc EndOffset="10746" SrcFileId="12" StartOffset="10744"/>
</LocList>
</OpTerm>
</RootTerm>
</CondStmnt>
</StmntSeq>
</Branch>
<Keyword EndOffset="10558" SrcFileId="12" StartOffset="10556"/>
<LocList>
<Loc EndOffset="11582" SrcFileId="12" StartOffset="10556"/>
</LocList>
<RootTerm CovItemId="C22" CovItemPrefix="my.PSM.PSM_Logic.appController.java" Intrnl_Id="2199">
<OpTerm BooleanOpId="27" Intrnl_Id="2200">
<BasicBoolTerm Intrnl_Id="2201">
<LocList>
<Loc EndOffset="10574" SrcFileId="12" StartOffset="10559"/>
</LocList>
</BasicBoolTerm>
<BasicBoolTerm Intrnl_Id="2202">
<LocList>
<Loc EndOffset="10606" SrcFileId="12" StartOffset="10578"/>
</LocList>
</BasicBoolTerm>
<LocList>
<Loc EndOffset="10577" SrcFileId="12" StartOffset="10575"/>
</LocList>
</OpTerm>
</RootTerm>
</CondStmnt>
<CondStmnt CovItemId="S164" CovItemPrefix="my.PSM.PSM_Logic.appController.java" Intrnl_Id="2203">
<Branch CovItemId="B33" CovItemPrefix="my.PSM.PSM_Logic.appController.java" Implct="false" Intrnl_Id="2204">
<Cond/>
<LocList>
<Loc EndOffset="11984" SrcFileId="12" StartOffset="11632"/>
</LocList>
<StmntSeq Intrnl_Id="2205">
<LocList>
<Loc EndOffset="11683" SrcFileId="12" StartOffset="11650"/>
<Loc EndOffset="11738" SrcFileId="12" StartOffset="11700"/>
<Loc EndOffset="11792" SrcFileId="12" StartOffset="11755"/>
<Loc EndOffset="11865" SrcFileId="12" StartOffset="11823"/>
<Loc EndOffset="11913" SrcFileId="12" StartOffset="11882"/>
<Loc EndOffset="11970" SrcFileId="12" StartOffset="11930"/>
</LocList>
<BasicStmnt CovItemId="S165" CovItemPrefix="my.PSM.PSM_Logic.appController.java" Intrnl_Id="2206">
<LocList>
<Loc EndOffset="11683" SrcFileId="12" StartOffset="11650"/>
</LocList>
</BasicStmnt>
<BasicStmnt CovItemId="S166" CovItemPrefix="my.PSM.PSM_Logic.appController.java" Intrnl_Id="2207">
<LocList>
<Loc EndOffset="11738" SrcFileId="12" StartOffset="11700"/>
</LocList>
</BasicStmnt>
<BasicStmnt CovItemId="S167" CovItemPrefix="my.PSM.PSM_Logic.appController.java" Intrnl_Id="2208">
<LocList>
<Loc EndOffset="11792" SrcFileId="12" StartOffset="11755"/>
</LocList>
</BasicStmnt>
<BasicStmnt CovItemId="S168" CovItemPrefix="my.PSM.PSM_Logic.appController.java" Intrnl_Id="2209">
<LocList>
<Loc EndOffset="11865" SrcFileId="12" StartOffset="11823"/>
</LocList>
</BasicStmnt>
<BasicStmnt CovItemId="S169" CovItemPrefix="my.PSM.PSM_Logic.appController.java" Intrnl_Id="2210">
<LocList>
<Loc EndOffset="11913" SrcFileId="12" StartOffset="11882"/>
</LocList>
</BasicStmnt>
<BasicStmnt CovItemId="S170" CovItemPrefix="my.PSM.PSM_Logic.appController.java" Intrnl_Id="2211">
<LocList>
<Loc EndOffset="11970" SrcFileId="12" StartOffset="11930"/>
</LocList>
</BasicStmnt>
</StmntSeq>
</Branch>
<Branch CovItemId="B34" CovItemPrefix="my.PSM.PSM_Logic.appController.java" Implct="true" Intrnl_Id="2212">
<Cond/>
<LocList/>
<StmntSeq Intrnl_Id="2213">
<LocList/>
</StmntSeq>
</Branch>
<Keyword EndOffset="11623" SrcFileId="12" StartOffset="11621"/>
<LocList>
<Loc EndOffset="11984" SrcFileId="12" StartOffset="11621"/>
</LocList>
<RootTerm CovItemId="C28" CovItemPrefix="my.PSM.PSM_Logic.appController.java" Intrnl_Id="2214">
<OpTerm BooleanOpId="28" Intrnl_Id="2215">
<BasicBoolTerm Intrnl_Id="2216">
<LocList>
<Loc EndOffset="11631" SrcFileId="12" StartOffset="11625"/>
</LocList>
</BasicBoolTerm>
<LocList>
<Loc EndOffset="11625" SrcFileId="12" StartOffset="11624"/>
</LocList>
</OpTerm>
</RootTerm>
</CondStmnt>
</StmntSeq>
<Keyword EndOffset="10347" SrcFileId="12" StartOffset="10344"/>
<LocList>
<Loc EndOffset="11994" SrcFileId="12" StartOffset="10344"/>
</LocList>
<RootTerm CovItemId="C21" CovItemPrefix="my.PSM.PSM_Logic.appController.java" Intrnl_Id="2217">
<BasicBoolTerm Intrnl_Id="2218">
<LocList>
<Loc EndOffset="10380" SrcFileId="12" StartOffset="10359"/>
</LocList>
</BasicBoolTerm>
</RootTerm>
</LoopStmnt>
</StmntSeq>
</HierarchyLvl>
<HierarchyLvl HierarchyLvlId="14473" HierarchyLvlTypeId="31" Intrnl_Id="2219" Name="getData">
<Header>
<Loc EndOffset="12059" SrcFileId="12" StartOffset="12021"/>
</Header>
<LocList>
<Loc EndOffset="13025" SrcFileId="12" StartOffset="12021"/>
</LocList>
<StmntSeq Intrnl_Id="2220">
<LocList>
<Loc EndOffset="12118" SrcFileId="12" StartOffset="12074"/>
<Loc EndOffset="12180" SrcFileId="12" StartOffset="12127"/>
<Loc EndOffset="12240" SrcFileId="12" StartOffset="12189"/>
<Loc EndOffset="12302" SrcFileId="12" StartOffset="12249"/>
<Loc EndOffset="12360" SrcFileId="12" StartOffset="12311"/>
<Loc EndOffset="12416" SrcFileId="12" StartOffset="12369"/>
<Loc EndOffset="12468" SrcFileId="12" StartOffset="12425"/>
<Loc EndOffset="12524" SrcFileId="12" StartOffset="12477"/>
<Loc EndOffset="12576" SrcFileId="12" StartOffset="12533"/>
<Loc EndOffset="12632" SrcFileId="12" StartOffset="12585"/>
<Loc EndOffset="12684" SrcFileId="12" StartOffset="12641"/>
<Loc EndOffset="12740" SrcFileId="12" StartOffset="12693"/>
<Loc EndOffset="12792" SrcFileId="12" StartOffset="12749"/>
<Loc EndOffset="12848" SrcFileId="12" StartOffset="12801"/>
<Loc EndOffset="12900" SrcFileId="12" StartOffset="12857"/>
<Loc EndOffset="12956" SrcFileId="12" StartOffset="12909"/>
<Loc EndOffset="13008" SrcFileId="12" StartOffset="12965"/>
</LocList>
<BasicStmnt CovItemId="S171" CovItemPrefix="my.PSM.PSM_Logic.appController.java" Intrnl_Id="2221">
<LocList>
<Loc EndOffset="12118" SrcFileId="12" StartOffset="12074"/>
</LocList>
</BasicStmnt>
<BasicStmnt CovItemId="S172" CovItemPrefix="my.PSM.PSM_Logic.appController.java" Intrnl_Id="2222">
<LocList>
<Loc EndOffset="12180" SrcFileId="12" StartOffset="12127"/>
</LocList>
</BasicStmnt>
<BasicStmnt CovItemId="S173" CovItemPrefix="my.PSM.PSM_Logic.appController.java" Intrnl_Id="2223">
<LocList>
<Loc EndOffset="12240" SrcFileId="12" StartOffset="12189"/>
</LocList>
</BasicStmnt>
<BasicStmnt CovItemId="S174" CovItemPrefix="my.PSM.PSM_Logic.appController.java" Intrnl_Id="2224">
<LocList>
<Loc EndOffset="12302" SrcFileId="12" StartOffset="12249"/>
</LocList>
</BasicStmnt>
<BasicStmnt CovItemId="S175" CovItemPrefix="my.PSM.PSM_Logic.appController.java" Intrnl_Id="2225">
<LocList>
<Loc EndOffset="12360" SrcFileId="12" StartOffset="12311"/>
</LocList>
</BasicStmnt>
<BasicStmnt CovItemId="S176" CovItemPrefix="my.PSM.PSM_Logic.appController.java" Intrnl_Id="2226">
<LocList>
<Loc EndOffset="12416" SrcFileId="12" StartOffset="12369"/>
</LocList>
</BasicStmnt>
<BasicStmnt CovItemId="S177" CovItemPrefix="my.PSM.PSM_Logic.appController.java" Intrnl_Id="2227">
<LocList>
<Loc EndOffset="12468" SrcFileId="12" StartOffset="12425"/>
</LocList>
</BasicStmnt>
<BasicStmnt CovItemId="S178" CovItemPrefix="my.PSM.PSM_Logic.appController.java" Intrnl_Id="2228">
<LocList>
<Loc EndOffset="12524" SrcFileId="12" StartOffset="12477"/>
</LocList>
</BasicStmnt>
<BasicStmnt CovItemId="S179" CovItemPrefix="my.PSM.PSM_Logic.appController.java" Intrnl_Id="2229">
<LocList>
<Loc EndOffset="12576" SrcFileId="12" StartOffset="12533"/>
</LocList>
</BasicStmnt>
<BasicStmnt CovItemId="S180" CovItemPrefix="my.PSM.PSM_Logic.appController.java" Intrnl_Id="2230">
<LocList>
<Loc EndOffset="12632" SrcFileId="12" StartOffset="12585"/>
</LocList>
</BasicStmnt>
<BasicStmnt CovItemId="S181" CovItemPrefix="my.PSM.PSM_Logic.appController.java" Intrnl_Id="2231">
<LocList>
<Loc EndOffset="12684" SrcFileId="12" StartOffset="12641"/>
</LocList>
</BasicStmnt>
<BasicStmnt CovItemId="S182" CovItemPrefix="my.PSM.PSM_Logic.appController.java" Intrnl_Id="2232">
<LocList>
<Loc EndOffset="12740" SrcFileId="12" StartOffset="12693"/>
</LocList>
</BasicStmnt>
<BasicStmnt CovItemId="S183" CovItemPrefix="my.PSM.PSM_Logic.appController.java" Intrnl_Id="2233">
<LocList>
<Loc EndOffset="12792" SrcFileId="12" StartOffset="12749"/>
</LocList>
</BasicStmnt>
<BasicStmnt CovItemId="S184" CovItemPrefix="my.PSM.PSM_Logic.appController.java" Intrnl_Id="2234">
<LocList>
<Loc EndOffset="12848" SrcFileId="12" StartOffset="12801"/>
</LocList>
</BasicStmnt>
<BasicStmnt CovItemId="S185" CovItemPrefix="my.PSM.PSM_Logic.appController.java" Intrnl_Id="2235">
<LocList>
<Loc EndOffset="12900" SrcFileId="12" StartOffset="12857"/>
</LocList>
</BasicStmnt>
<BasicStmnt CovItemId="S186" CovItemPrefix="my.PSM.PSM_Logic.appController.java" Intrnl_Id="2236">
<LocList>
<Loc EndOffset="12956" SrcFileId="12" StartOffset="12909"/>
</LocList>
</BasicStmnt>
<BasicStmnt CovItemId="S187" CovItemPrefix="my.PSM.PSM_Logic.appController.java" Intrnl_Id="2237">
<LocList>
<Loc EndOffset="13008" SrcFileId="12" StartOffset="12965"/>
</LocList>
</BasicStmnt>
</StmntSeq>
</HierarchyLvl>
<HierarchyLvl HierarchyLvlId="14474" HierarchyLvlTypeId="31" Intrnl_Id="2238" Name="sleep">
<Header>
<Loc EndOffset="13075" SrcFileId="12" StartOffset="13040"/>
</Header>
<LocList>
<Loc EndOffset="13278" SrcFileId="12" StartOffset="13040"/>
</LocList>
<StmntSeq Intrnl_Id="2239">
<LocList>
<Loc EndOffset="13130" SrcFileId="12" StartOffset="13110"/>
<Loc EndOffset="13272" SrcFileId="12" StartOffset="13092"/>
</LocList>
<BasicStmnt CovItemId="S189" CovItemPrefix="my.PSM.PSM_Logic.appController.java" Intrnl_Id="2240">
<LocList>
<Loc EndOffset="13130" SrcFileId="12" StartOffset="13110"/>
</LocList>
</BasicStmnt>
<CondStmnt CovItemId="S188" CovItemPrefix="my.PSM.PSM_Logic.appController.java" Intrnl_Id="2241">
<Branch CovItemId="B35" CovItemPrefix="my.PSM.PSM_Logic.appController.java" Implct="true" Intrnl_Id="2242">
<Cond/>
<LocList/>
<StmntSeq Intrnl_Id="2243">
<LocList/>
</StmntSeq>
</Branch>
<Branch CovItemId="B36" CovItemPrefix="my.PSM.PSM_Logic.appController.java" Implct="false" Intrnl_Id="2244">
<Cond>
<Loc EndOffset="13172" SrcFileId="12" StartOffset="13141"/>
</Cond>
<LocList>
<Loc EndOffset="13272" SrcFileId="12" StartOffset="13173"/>
</LocList>
<StmntSeq Intrnl_Id="2245">
<LocList>
<Loc EndOffset="13262" SrcFileId="12" StartOffset="13186"/>
</LocList>
<BasicStmnt CovItemId="S190" CovItemPrefix="my.PSM.PSM_Logic.appController.java" Intrnl_Id="2246">
<LocList>
<Loc EndOffset="13262" SrcFileId="12" StartOffset="13186"/>
</LocList>
</BasicStmnt>
</StmntSeq>
</Branch>
<Keyword EndOffset="13095" SrcFileId="12" StartOffset="13092"/>
<LocList>
<Loc EndOffset="13272" SrcFileId="12" StartOffset="13092"/>
</LocList>
</CondStmnt>
</StmntSeq>
</HierarchyLvl>
<HierarchyLvl HierarchyLvlId="14475" HierarchyLvlTypeId="31" Intrnl_Id="2247" Name="LogIn">
<Header>
<Loc EndOffset="13311" SrcFileId="12" StartOffset="13285"/>
</Header>
<LocList>
<Loc EndOffset="13464" SrcFileId="12" StartOffset="13285"/>
</LocList>
<StmntSeq Intrnl_Id="2248">
<LocList>
<Loc EndOffset="13450" SrcFileId="12" StartOffset="13332"/>
</LocList>
<CondStmnt CovItemId="S191" CovItemPrefix="my.PSM.PSM_Logic.appController.java" Intrnl_Id="2249">
<Branch CovItemId="B37" CovItemPrefix="my.PSM.PSM_Logic.appController.java" Implct="false" Intrnl_Id="2250">
<Cond/>
<LocList>
<Loc EndOffset="13407" SrcFileId="12" StartOffset="13391"/>
</LocList>
<StmntSeq Intrnl_Id="2251">
<LocList>
<Loc EndOffset="13407" SrcFileId="12" StartOffset="13391"/>
</LocList>
<BasicStmnt CovItemId="S192" CovItemPrefix="my.PSM.PSM_Logic.appController.java" Intrnl_Id="2252">
<LocList>
<Loc EndOffset="13407" SrcFileId="12" StartOffset="13391"/>
</LocList>
</BasicStmnt>
</StmntSeq>
</Branch>
<Branch CovItemId="B38" CovItemPrefix="my.PSM.PSM_Logic.appController.java" Implct="false" Intrnl_Id="2253">
<Cond>
<Loc EndOffset="13420" SrcFileId="12" StartOffset="13416"/>
</Cond>
<LocList>
<Loc EndOffset="13450" SrcFileId="12" StartOffset="13433"/>
</LocList>
<StmntSeq Intrnl_Id="2254">
<LocList>
<Loc EndOffset="13450" SrcFileId="12" StartOffset="13433"/>
</LocList>
<BasicStmnt CovItemId="S193" CovItemPrefix="my.PSM.PSM_Logic.appController.java" Intrnl_Id="2255">
<LocList>
<Loc EndOffset="13450" SrcFileId="12" StartOffset="13433"/>
</LocList>
</BasicStmnt>
</StmntSeq>
</Branch>
<Keyword EndOffset="13334" SrcFileId="12" StartOffset="13332"/>
<LocList>
<Loc EndOffset="13450" SrcFileId="12" StartOffset="13332"/>
</LocList>
<RootTerm CovItemId="C29" CovItemPrefix="my.PSM.PSM_Logic.appController.java" Intrnl_Id="2256">
<BasicBoolTerm Intrnl_Id="2257">
<LocList>
<Loc EndOffset="13377" SrcFileId="12" StartOffset="13335"/>
</LocList>
</BasicBoolTerm>
</RootTerm>
</CondStmnt>
</StmntSeq>
</HierarchyLvl>
<HierarchyLvl HierarchyLvlId="14476" HierarchyLvlTypeId="31" Intrnl_Id="2258" Name="getCon">
<Header>
<Loc EndOffset="13512" SrcFileId="12" StartOffset="13474"/>
</Header>
<LocList>
<Loc EndOffset="13551" SrcFileId="12" StartOffset="13474"/>
</LocList>
<StmntSeq Intrnl_Id="2259">
<LocList>
<Loc EndOffset="13545" SrcFileId="12" StartOffset="13527"/>
</LocList>
<BasicStmnt CovItemId="S194" CovItemPrefix="my.PSM.PSM_Logic.appController.java" Intrnl_Id="2260">
<LocList>
<Loc EndOffset="13545" SrcFileId="12" StartOffset="13527"/>
</LocList>
</BasicStmnt>
</StmntSeq>
</HierarchyLvl>
<HierarchyLvl HierarchyLvlId="14478" HierarchyLvlTypeId="30" Intrnl_Id="2261" Name="TimerTask">
<Header>
<Loc EndOffset="13616" SrcFileId="12" StartOffset="13605"/>
</Header>
<LocList>
<Loc EndOffset="13713" SrcFileId="12" StartOffset="13601"/>
</LocList>
<HierarchyLvl HierarchyLvlId="14477" HierarchyLvlTypeId="31" Intrnl_Id="2262" Name="run">
<Header>
<Loc EndOffset="13648" SrcFileId="12" StartOffset="13631"/>
</Header>
<LocList>
<Loc EndOffset="13707" SrcFileId="12" StartOffset="13631"/>
</LocList>
<StmntSeq Intrnl_Id="2263">
<LocList>
<Loc EndOffset="13697" SrcFileId="12" StartOffset="13670"/>
</LocList>
<BasicStmnt CovItemId="S196" CovItemPrefix="my.PSM.PSM_Logic.appController.java" Intrnl_Id="2264">
<LocList>
<Loc EndOffset="13697" SrcFileId="12" StartOffset="13670"/>
</LocList>
</BasicStmnt>
</StmntSeq>
</HierarchyLvl>
</HierarchyLvl>
<HierarchyLvl HierarchyLvlId="14480" HierarchyLvlTypeId="30" Intrnl_Id="2265" Name="TimerTask">
<Header>
<Loc EndOffset="13777" SrcFileId="12" StartOffset="13766"/>
</Header>
<LocList>
<Loc EndOffset="13878" SrcFileId="12" StartOffset="13762"/>
</LocList>
<HierarchyLvl HierarchyLvlId="14479" HierarchyLvlTypeId="31" Intrnl_Id="2266" Name="run">
<Header>
<Loc EndOffset="13809" SrcFileId="12" StartOffset="13792"/>
</Header>
<LocList>
<Loc EndOffset="13872" SrcFileId="12" StartOffset="13792"/>
</LocList>
<StmntSeq Intrnl_Id="2267">
<LocList>
<Loc EndOffset="13862" SrcFileId="12" StartOffset="13832"/>
</LocList>
<BasicStmnt CovItemId="S198" CovItemPrefix="my.PSM.PSM_Logic.appController.java" Intrnl_Id="2268">
<LocList>
<Loc EndOffset="13862" SrcFileId="12" StartOffset="13832"/>
</LocList>
</BasicStmnt>
</StmntSeq>
</HierarchyLvl>
</HierarchyLvl>
<HierarchyLvl HierarchyLvlId="14482" HierarchyLvlTypeId="30" Intrnl_Id="2269" Name="TimerTask">
<Header>
<Loc EndOffset="13938" SrcFileId="12" StartOffset="13927"/>
</Header>
<LocList>
<Loc EndOffset="14036" SrcFileId="12" StartOffset="13923"/>
</LocList>
<HierarchyLvl HierarchyLvlId="14481" HierarchyLvlTypeId="31" Intrnl_Id="2270" Name="run">
<Header>
<Loc EndOffset="13970" SrcFileId="12" StartOffset="13953"/>
</Header>
<LocList>
<Loc EndOffset="14030" SrcFileId="12" StartOffset="13953"/>
</LocList>
<StmntSeq Intrnl_Id="2271">
<LocList>
<Loc EndOffset="14020" SrcFileId="12" StartOffset="13993"/>
</LocList>
<BasicStmnt CovItemId="S200" CovItemPrefix="my.PSM.PSM_Logic.appController.java" Intrnl_Id="2272">
<LocList>
<Loc EndOffset="14020" SrcFileId="12" StartOffset="13993"/>
</LocList>
</BasicStmnt>
</StmntSeq>
</HierarchyLvl>
</HierarchyLvl>
<HierarchyLvl HierarchyLvlId="14484" HierarchyLvlTypeId="30" Intrnl_Id="2273" Name="TimerTask">
<Header>
<Loc EndOffset="14105" SrcFileId="12" StartOffset="14094"/>
</Header>
<LocList>
<Loc EndOffset="14257" SrcFileId="12" StartOffset="14090"/>
</LocList>
<HierarchyLvl HierarchyLvlId="14483" HierarchyLvlTypeId="31" Intrnl_Id="2274" Name="run">
<Header>
<Loc EndOffset="14137" SrcFileId="12" StartOffset="14120"/>
</Header>
<LocList>
<Loc EndOffset="14251" SrcFileId="12" StartOffset="14120"/>
</LocList>
<StmntSeq Intrnl_Id="2275">
<LocList>
<Loc EndOffset="14188" SrcFileId="12" StartOffset="14160"/>
<Loc EndOffset="14241" SrcFileId="12" StartOffset="14201"/>
</LocList>
<BasicStmnt CovItemId="S202" CovItemPrefix="my.PSM.PSM_Logic.appController.java" Intrnl_Id="2276">
<LocList>
<Loc EndOffset="14188" SrcFileId="12" StartOffset="14160"/>
</LocList>
</BasicStmnt>
<BasicStmnt CovItemId="S203" CovItemPrefix="my.PSM.PSM_Logic.appController.java" Intrnl_Id="2277">
<LocList>
<Loc EndOffset="14241" SrcFileId="12" StartOffset="14201"/>
</LocList>
</BasicStmnt>
</StmntSeq>
</HierarchyLvl>
</HierarchyLvl>
<HierarchyLvl HierarchyLvlId="14486" HierarchyLvlTypeId="30" Intrnl_Id="2278" Name="TimerTask">
<Header>
<Loc EndOffset="14326" SrcFileId="12" StartOffset="14315"/>
</Header>
<LocList>
<Loc EndOffset="14412" SrcFileId="12" StartOffset="14311"/>
</LocList>
<HierarchyLvl HierarchyLvlId="14485" HierarchyLvlTypeId="31" Intrnl_Id="2279" Name="run">
<Header>
<Loc EndOffset="14358" SrcFileId="12" StartOffset="14341"/>
</Header>
<LocList>
<Loc EndOffset="14406" SrcFileId="12" StartOffset="14341"/>
</LocList>
<StmntSeq Intrnl_Id="2280">
<LocList>
<Loc EndOffset="14396" SrcFileId="12" StartOffset="14381"/>
</LocList>
<BasicStmnt CovItemId="S205" CovItemPrefix="my.PSM.PSM_Logic.appController.java" Intrnl_Id="2281">
<LocList>
<Loc EndOffset="14396" SrcFileId="12" StartOffset="14381"/>
</LocList>
</BasicStmnt>
</StmntSeq>
</HierarchyLvl>
</HierarchyLvl>
<HierarchyLvl HierarchyLvlId="14487" HierarchyLvlTypeId="31" Intrnl_Id="2282" Name="setTime">
<Header>
<Loc EndOffset="14502" SrcFileId="12" StartOffset="14431"/>
</Header>
<LocList>
<Loc EndOffset="14566" SrcFileId="12" StartOffset="14431"/>
</LocList>
<StmntSeq Intrnl_Id="2283">
<LocList>
<Loc EndOffset="14560" SrcFileId="12" StartOffset="14517"/>
</LocList>
<BasicStmnt CovItemId="S206" CovItemPrefix="my.PSM.PSM_Logic.appController.java" Intrnl_Id="2284">
<LocList>
<Loc EndOffset="14560" SrcFileId="12" StartOffset="14517"/>
</LocList>
</BasicStmnt>
</StmntSeq>
</HierarchyLvl>
<HierarchyLvl HierarchyLvlId="14488" HierarchyLvlTypeId="31" Intrnl_Id="2285" Name="getTime">
<Header>
<Loc EndOffset="14597" SrcFileId="12" StartOffset="14576"/>
</Header>
<LocList>
<Loc EndOffset="14642" SrcFileId="12" StartOffset="14576"/>
</LocList>
<StmntSeq Intrnl_Id="2286">
<LocList>
<Loc EndOffset="14636" SrcFileId="12" StartOffset="14612"/>
</LocList>
<BasicStmnt CovItemId="S207" CovItemPrefix="my.PSM.PSM_Logic.appController.java" Intrnl_Id="2287">
<LocList>
<Loc EndOffset="14636" SrcFileId="12" StartOffset="14612"/>
</LocList>
</BasicStmnt>
</StmntSeq>
</HierarchyLvl>
<HierarchyLvl HierarchyLvlId="14489" HierarchyLvlTypeId="31" Intrnl_Id="2288" Name="getTimeMillis">
<Header>
<Loc EndOffset="14686" SrcFileId="12" StartOffset="14652"/>
</Header>
<LocList>
<Loc EndOffset="14739" SrcFileId="12" StartOffset="14652"/>
</LocList>
<StmntSeq Intrnl_Id="2289">
<LocList>
<Loc EndOffset="14733" SrcFileId="12" StartOffset="14701"/>
</LocList>
<BasicStmnt CovItemId="S208" CovItemPrefix="my.PSM.PSM_Logic.appController.java" Intrnl_Id="2290">
<LocList>
<Loc EndOffset="14733" SrcFileId="12" StartOffset="14701"/>
</LocList>
</BasicStmnt>
</StmntSeq>
</HierarchyLvl>
<HierarchyLvl HierarchyLvlId="14490" HierarchyLvlTypeId="31" Intrnl_Id="2291" Name="timerParser">
<Header>
<Loc EndOffset="14793" SrcFileId="12" StartOffset="14749"/>
</Header>
<LocList>
<Loc EndOffset="14912" SrcFileId="12" StartOffset="14749"/>
</LocList>
<StmntSeq Intrnl_Id="2292">
<LocList>
<Loc EndOffset="14852" SrcFileId="12" StartOffset="14808"/>
<Loc EndOffset="14906" SrcFileId="12" StartOffset="14861"/>
</LocList>
<BasicStmnt CovItemId="S209" CovItemPrefix="my.PSM.PSM_Logic.appController.java" Intrnl_Id="2293">
<LocList>
<Loc EndOffset="14852" SrcFileId="12" StartOffset="14808"/>
</LocList>
</BasicStmnt>
<BasicStmnt CovItemId="S210" CovItemPrefix="my.PSM.PSM_Logic.appController.java" Intrnl_Id="2294">
<LocList>
<Loc EndOffset="14906" SrcFileId="12" StartOffset="14861"/>
</LocList>
</BasicStmnt>
</StmntSeq>
</HierarchyLvl>
<HierarchyLvl HierarchyLvlId="14491" HierarchyLvlTypeId="31" Intrnl_Id="2295" Name="dateParser">
<Header>
<Loc EndOffset="14960" SrcFileId="12" StartOffset="14917"/>
</Header>
<LocList>
<Loc EndOffset="15162" SrcFileId="12" StartOffset="14917"/>
</LocList>
<StmntSeq Intrnl_Id="2296">
<LocList>
<Loc EndOffset="15036" SrcFileId="12" StartOffset="14984"/>
<Loc EndOffset="15096" SrcFileId="12" StartOffset="15045"/>
<Loc EndOffset="15156" SrcFileId="12" StartOffset="15105"/>
</LocList>
<BasicStmnt CovItemId="S211" CovItemPrefix="my.PSM.PSM_Logic.appController.java" Intrnl_Id="2297">
<LocList>
<Loc EndOffset="15036" SrcFileId="12" StartOffset="14984"/>
</LocList>
</BasicStmnt>
<BasicStmnt CovItemId="S212" CovItemPrefix="my.PSM.PSM_Logic.appController.java" Intrnl_Id="2298">
<LocList>
<Loc EndOffset="15096" SrcFileId="12" StartOffset="15045"/>
</LocList>
</BasicStmnt>
<BasicStmnt CovItemId="S213" CovItemPrefix="my.PSM.PSM_Logic.appController.java" Intrnl_Id="2299">
<LocList>
<Loc EndOffset="15156" SrcFileId="12" StartOffset="15105"/>
</LocList>
</BasicStmnt>
</StmntSeq>
</HierarchyLvl>
<HierarchyLvl HierarchyLvlId="14492" HierarchyLvlTypeId="31" Intrnl_Id="2300" Name="returnHr">
<Header>
<Loc EndOffset="15193" SrcFileId="12" StartOffset="15172"/>
</Header>
<LocList>
<Loc EndOffset="15224" SrcFileId="12" StartOffset="15172"/>
</LocList>
<StmntSeq Intrnl_Id="2301">
<LocList>
<Loc EndOffset="15218" SrcFileId="12" StartOffset="15208"/>
</LocList>
<BasicStmnt CovItemId="S214" CovItemPrefix="my.PSM.PSM_Logic.appController.java" Intrnl_Id="2302">
<LocList>
<Loc EndOffset="15218" SrcFileId="12" StartOffset="15208"/>
</LocList>
</BasicStmnt>
</StmntSeq>
</HierarchyLvl>
<HierarchyLvl HierarchyLvlId="14493" HierarchyLvlTypeId="31" Intrnl_Id="2303" Name="returnMin">
<Header>
<Loc EndOffset="15256" SrcFileId="12" StartOffset="15234"/>
</Header>
<LocList>
<Loc EndOffset="15288" SrcFileId="12" StartOffset="15234"/>
</LocList>
<StmntSeq Intrnl_Id="2304">
<LocList>
<Loc EndOffset="15282" SrcFileId="12" StartOffset="15271"/>
</LocList>
<BasicStmnt CovItemId="S215" CovItemPrefix="my.PSM.PSM_Logic.appController.java" Intrnl_Id="2305">
<LocList>
<Loc EndOffset="15282" SrcFileId="12" StartOffset="15271"/>
</LocList>
</BasicStmnt>
</StmntSeq>
</HierarchyLvl>
<HierarchyLvl HierarchyLvlId="14494" HierarchyLvlTypeId="31" Intrnl_Id="2306" Name="getEndTime">
<Header>
<Loc EndOffset="15346" SrcFileId="12" StartOffset="15298"/>
</Header>
<LocList>
<Loc EndOffset="15839" SrcFileId="12" StartOffset="15298"/>
</LocList>
<StmntSeq Intrnl_Id="2307">
<LocList>
<Loc EndOffset="15456" SrcFileId="12" StartOffset="15415"/>
<Loc EndOffset="15524" SrcFileId="12" StartOffset="15474"/>
<Loc EndOffset="15572" SrcFileId="12" StartOffset="15542"/>
<Loc EndOffset="15613" SrcFileId="12" StartOffset="15581"/>
<Loc EndOffset="15652" SrcFileId="12" StartOffset="15622"/>
<Loc EndOffset="15702" SrcFileId="12" StartOffset="15661"/>
<Loc EndOffset="15761" SrcFileId="12" StartOffset="15711"/>
<Loc EndOffset="15833" SrcFileId="12" StartOffset="15810"/>
</LocList>
<BasicStmnt CovItemId="S216" CovItemPrefix="my.PSM.PSM_Logic.appController.java" Intrnl_Id="2308">
<LocList>
<Loc EndOffset="15456" SrcFileId="12" StartOffset="15415"/>
</LocList>
</BasicStmnt>
<BasicStmnt CovItemId="S217" CovItemPrefix="my.PSM.PSM_Logic.appController.java" Intrnl_Id="2309">
<LocList>
<Loc EndOffset="15524" SrcFileId="12" StartOffset="15474"/>
</LocList>
</BasicStmnt>
<BasicStmnt CovItemId="S218" CovItemPrefix="my.PSM.PSM_Logic.appController.java" Intrnl_Id="2310">
<LocList>
<Loc EndOffset="15572" SrcFileId="12" StartOffset="15542"/>
</LocList>
</BasicStmnt>
<BasicStmnt CovItemId="S219" CovItemPrefix="my.PSM.PSM_Logic.appController.java" Intrnl_Id="2311">
<LocList>
<Loc EndOffset="15613" SrcFileId="12" StartOffset="15581"/>
</LocList>
</BasicStmnt>
<BasicStmnt CovItemId="S220" CovItemPrefix="my.PSM.PSM_Logic.appController.java" Intrnl_Id="2312">
<LocList>
<Loc EndOffset="15652" SrcFileId="12" StartOffset="15622"/>
</LocList>
</BasicStmnt>
<BasicStmnt CovItemId="S221" CovItemPrefix="my.PSM.PSM_Logic.appController.java" Intrnl_Id="2313">
<LocList>
<Loc EndOffset="15702" SrcFileId="12" StartOffset="15661"/>
</LocList>
</BasicStmnt>
<BasicStmnt CovItemId="S222" CovItemPrefix="my.PSM.PSM_Logic.appController.java" Intrnl_Id="2314">
<LocList>
<Loc EndOffset="15761" SrcFileId="12" StartOffset="15711"/>
</LocList>
</BasicStmnt>
<BasicStmnt CovItemId="S223" CovItemPrefix="my.PSM.PSM_Logic.appController.java" Intrnl_Id="2315">
<LocList>
<Loc EndOffset="15833" SrcFileId="12" StartOffset="15810"/>
</LocList>
</BasicStmnt>
</StmntSeq>
</HierarchyLvl>
<HierarchyLvl HierarchyLvlId="14495" HierarchyLvlTypeId="31" Intrnl_Id="2316" Name="setSemesterClear">
<Header>
<Loc EndOffset="15936" SrcFileId="12" StartOffset="15849"/>
</Header>
<LocList>
<Loc EndOffset="16040" SrcFileId="12" StartOffset="15849"/>
</LocList>
<StmntSeq Intrnl_Id="2317">
<LocList>
<Loc EndOffset="15997" SrcFileId="12" StartOffset="15951"/>
<Loc EndOffset="16034" SrcFileId="12" StartOffset="16006"/>
</LocList>
<BasicStmnt CovItemId="S224" CovItemPrefix="my.PSM.PSM_Logic.appController.java" Intrnl_Id="2318">
<LocList>
<Loc EndOffset="15997" SrcFileId="12" StartOffset="15951"/>
</LocList>
</BasicStmnt>
<BasicStmnt CovItemId="S225" CovItemPrefix="my.PSM.PSM_Logic.appController.java" Intrnl_Id="2319">
<LocList>
<Loc EndOffset="16034" SrcFileId="12" StartOffset="16006"/>
</LocList>
</BasicStmnt>
</StmntSeq>
</HierarchyLvl>
<HierarchyLvl HierarchyLvlId="14496" HierarchyLvlTypeId="31" Intrnl_Id="2320" Name="getSemesterClear">
<Header>
<Loc EndOffset="16080" SrcFileId="12" StartOffset="16050"/>
</Header>
<LocList>
<Loc EndOffset="16128" SrcFileId="12" StartOffset="16050"/>
</LocList>
<StmntSeq Intrnl_Id="2321">
<LocList>
<Loc EndOffset="16122" SrcFileId="12" StartOffset="16095"/>
</LocList>
<BasicStmnt CovItemId="S226" CovItemPrefix="my.PSM.PSM_Logic.appController.java" Intrnl_Id="2322">
<LocList>
<Loc EndOffset="16122" SrcFileId="12" StartOffset="16095"/>
</LocList>
</BasicStmnt>
</StmntSeq>
</HierarchyLvl>
<HierarchyLvl HierarchyLvlId="14497" HierarchyLvlTypeId="31" Intrnl_Id="2323" Name="get15BeforeEnd">
<Header>
<Loc EndOffset="16190" SrcFileId="12" StartOffset="16138"/>
</Header>
<LocList>
<Loc EndOffset="16664" SrcFileId="12" StartOffset="16138"/>
</LocList>
<StmntSeq Intrnl_Id="2324">
<LocList>
<Loc EndOffset="16301" SrcFileId="12" StartOffset="16260"/>
<Loc EndOffset="16369" SrcFileId="12" StartOffset="16319"/>
<Loc EndOffset="16417" SrcFileId="12" StartOffset="16387"/>
<Loc EndOffset="16458" SrcFileId="12" StartOffset="16426"/>
<Loc EndOffset="16498" SrcFileId="12" StartOffset="16467"/>
<Loc EndOffset="16548" SrcFileId="12" StartOffset="16507"/>
<Loc EndOffset="16617" SrcFileId="12" StartOffset="16566"/>
<Loc EndOffset="16658" SrcFileId="12" StartOffset="16635"/>
</LocList>
<BasicStmnt CovItemId="S227" CovItemPrefix="my.PSM.PSM_Logic.appController.java" Intrnl_Id="2325">
<LocList>
<Loc EndOffset="16301" SrcFileId="12" StartOffset="16260"/>
</LocList>
</BasicStmnt>
<BasicStmnt CovItemId="S228" CovItemPrefix="my.PSM.PSM_Logic.appController.java" Intrnl_Id="2326">
<LocList>
<Loc EndOffset="16369" SrcFileId="12" StartOffset="16319"/>
</LocList>
</BasicStmnt>
<BasicStmnt CovItemId="S229" CovItemPrefix="my.PSM.PSM_Logic.appController.java" Intrnl_Id="2327">
<LocList>
<Loc EndOffset="16417" SrcFileId="12" StartOffset="16387"/>
</LocList>
</BasicStmnt>
<BasicStmnt CovItemId="S230" CovItemPrefix="my.PSM.PSM_Logic.appController.java" Intrnl_Id="2328">
<LocList>
<Loc EndOffset="16458" SrcFileId="12" StartOffset="16426"/>
</LocList>
</BasicStmnt>
<BasicStmnt CovItemId="S231" CovItemPrefix="my.PSM.PSM_Logic.appController.java" Intrnl_Id="2329">
<LocList>
<Loc EndOffset="16498" SrcFileId="12" StartOffset="16467"/>
</LocList>
</BasicStmnt>
<BasicStmnt CovItemId="S232" CovItemPrefix="my.PSM.PSM_Logic.appController.java" Intrnl_Id="2330">
<LocList>
<Loc EndOffset="16548" SrcFileId="12" StartOffset="16507"/>
</LocList>
</BasicStmnt>
<BasicStmnt CovItemId="S233" CovItemPrefix="my.PSM.PSM_Logic.appController.java" Intrnl_Id="2331">
<LocList>
<Loc EndOffset="16617" SrcFileId="12" StartOffset="16566"/>
</LocList>
</BasicStmnt>
<BasicStmnt CovItemId="S234" CovItemPrefix="my.PSM.PSM_Logic.appController.java" Intrnl_Id="2332">
<LocList>
<Loc EndOffset="16658" SrcFileId="12" StartOffset="16635"/>
</LocList>
</BasicStmnt>
</StmntSeq>
</HierarchyLvl>
<HierarchyLvl HierarchyLvlId="14498" HierarchyLvlTypeId="31" Intrnl_Id="2333" Name="get5BeforeEnd">
<Header>
<Loc EndOffset="16725" SrcFileId="12" StartOffset="16674"/>
</Header>
<LocList>
<Loc EndOffset="17218" SrcFileId="12" StartOffset="16674"/>
</LocList>
<StmntSeq Intrnl_Id="2334">
<LocList>
<Loc EndOffset="16835" SrcFileId="12" StartOffset="16794"/>
<Loc EndOffset="16903" SrcFileId="12" StartOffset="16853"/>
<Loc EndOffset="16951" SrcFileId="12" StartOffset="16921"/>
<Loc EndOffset="16992" SrcFileId="12" StartOffset="16960"/>
<Loc EndOffset="17031" SrcFileId="12" StartOffset="17001"/>
<Loc EndOffset="17081" SrcFileId="12" StartOffset="17040"/>
<Loc EndOffset="17140" SrcFileId="12" StartOffset="17090"/>
<Loc EndOffset="17212" SrcFileId="12" StartOffset="17189"/>
</LocList>
<BasicStmnt CovItemId="S235" CovItemPrefix="my.PSM.PSM_Logic.appController.java" Intrnl_Id="2335">
<LocList>
<Loc EndOffset="16835" SrcFileId="12" StartOffset="16794"/>
</LocList>
</BasicStmnt>
<BasicStmnt CovItemId="S236" CovItemPrefix="my.PSM.PSM_Logic.appController.java" Intrnl_Id="2336">
<LocList>
<Loc EndOffset="16903" SrcFileId="12" StartOffset="16853"/>
</LocList>
</BasicStmnt>
<BasicStmnt CovItemId="S237" CovItemPrefix="my.PSM.PSM_Logic.appController.java" Intrnl_Id="2337">
<LocList>
<Loc EndOffset="16951" SrcFileId="12" StartOffset="16921"/>
</LocList>
</BasicStmnt>
<BasicStmnt CovItemId="S238" CovItemPrefix="my.PSM.PSM_Logic.appController.java" Intrnl_Id="2338">
<LocList>
<Loc EndOffset="16992" SrcFileId="12" StartOffset="16960"/>
</LocList>
</BasicStmnt>
<BasicStmnt CovItemId="S239" CovItemPrefix="my.PSM.PSM_Logic.appController.java" Intrnl_Id="2339">
<LocList>
<Loc EndOffset="17031" SrcFileId="12" StartOffset="17001"/>
</LocList>
</BasicStmnt>
<BasicStmnt CovItemId="S240" CovItemPrefix="my.PSM.PSM_Logic.appController.java" Intrnl_Id="2340">
<LocList>
<Loc EndOffset="17081" SrcFileId="12" StartOffset="17040"/>
</LocList>
</BasicStmnt>
<BasicStmnt CovItemId="S241" CovItemPrefix="my.PSM.PSM_Logic.appController.java" Intrnl_Id="2341">
<LocList>
<Loc EndOffset="17140" SrcFileId="12" StartOffset="17090"/>
</LocList>
</BasicStmnt>
<BasicStmnt CovItemId="S242" CovItemPrefix="my.PSM.PSM_Logic.appController.java" Intrnl_Id="2342">
<LocList>
<Loc EndOffset="17212" SrcFileId="12" StartOffset="17189"/>
</LocList>
</BasicStmnt>
</StmntSeq>
</HierarchyLvl>
<HierarchyLvl HierarchyLvlId="14499" HierarchyLvlTypeId="31" Intrnl_Id="2343" Name="autoExit">
<Header>
<Loc EndOffset="17250" SrcFileId="12" StartOffset="17228"/>
</Header>
<LocList>
<Loc EndOffset="17304" SrcFileId="12" StartOffset="17228"/>
</LocList>
<StmntSeq Intrnl_Id="2344">
<LocList>
<Loc EndOffset="17298" SrcFileId="12" StartOffset="17265"/>
</LocList>
<BasicStmnt CovItemId="S243" CovItemPrefix="my.PSM.PSM_Logic.appController.java" Intrnl_Id="2345">
<LocList>
<Loc EndOffset="17298" SrcFileId="12" StartOffset="17265"/>
</LocList>
</BasicStmnt>
</StmntSeq>
</HierarchyLvl>
<HierarchyLvl HierarchyLvlId="14500" HierarchyLvlTypeId="31" Intrnl_Id="2346" Name="autoClear">
<Header>
<Loc EndOffset="17337" SrcFileId="12" StartOffset="17314"/>
</Header>
<LocList>
<Loc EndOffset="17389" SrcFileId="12" StartOffset="17314"/>
</LocList>
<StmntSeq Intrnl_Id="2347">
<LocList>
<Loc EndOffset="17383" SrcFileId="12" StartOffset="17352"/>
</LocList>
<BasicStmnt CovItemId="S244" CovItemPrefix="my.PSM.PSM_Logic.appController.java" Intrnl_Id="2348">
<LocList>
<Loc EndOffset="17383" SrcFileId="12" StartOffset="17352"/>
</LocList>
</BasicStmnt>
</StmntSeq>
</HierarchyLvl>
</HierarchyLvl>
<HierarchyLvl HierarchyLvlId="14503" HierarchyLvlTypeId="32" Intrnl_Id="2349" Name="PSM_app">
<Header>
<Loc EndOffset="97" SrcFileId="13" StartOffset="77"/>
</Header>
<LocList>
<Loc EndOffset="486" SrcFileId="13" StartOffset="77"/>
</LocList>
<HierarchyLvl HierarchyLvlId="14502" HierarchyLvlTypeId="31" Intrnl_Id="2350" Name="main">
<Header>
<Loc EndOffset="142" SrcFileId="13" StartOffset="104"/>
</Header>
<LocList>
<Loc EndOffset="481" SrcFileId="13" StartOffset="104"/>
</LocList>
<StmntSeq Intrnl_Id="2351">
<LocList>
<Loc EndOffset="319" SrcFileId="13" StartOffset="279"/>
<Loc EndOffset="370" SrcFileId="13" StartOffset="326"/>
<Loc EndOffset="423" SrcFileId="13" StartOffset="377"/>
<Loc EndOffset="457" SrcFileId="13" StartOffset="430"/>
<Loc EndOffset="477" SrcFileId="13" StartOffset="464"/>
</LocList>
<BasicStmnt CovItemId="S1" CovItemPrefix="my.PSM.PSM_Logic.PSM_app.java" Intrnl_Id="2352">
<LocList>
<Loc EndOffset="319" SrcFileId="13" StartOffset="279"/>
</LocList>
</BasicStmnt>
<BasicStmnt CovItemId="S2" CovItemPrefix="my.PSM.PSM_Logic.PSM_app.java" Intrnl_Id="2353">
<LocList>
<Loc EndOffset="370" SrcFileId="13" StartOffset="326"/>
</LocList>
</BasicStmnt>
<BasicStmnt CovItemId="S3" CovItemPrefix="my.PSM.PSM_Logic.PSM_app.java" Intrnl_Id="2354">
<LocList>
<Loc EndOffset="423" SrcFileId="13" StartOffset="377"/>
</LocList>
</BasicStmnt>
<BasicStmnt CovItemId="S4" CovItemPrefix="my.PSM.PSM_Logic.PSM_app.java" Intrnl_Id="2355">
<LocList>
<Loc EndOffset="457" SrcFileId="13" StartOffset="430"/>
</LocList>
</BasicStmnt>
<BasicStmnt CovItemId="S5" CovItemPrefix="my.PSM.PSM_Logic.PSM_app.java" Intrnl_Id="2356">
<LocList>
<Loc EndOffset="477" SrcFileId="13" StartOffset="464"/>
</LocList>
</BasicStmnt>
</StmntSeq>
</HierarchyLvl>
</HierarchyLvl>
<HierarchyLvl HierarchyLvlId="14506" HierarchyLvlTypeId="32" Intrnl_Id="2357" Name="LogicFacade">
<Header>
<Loc EndOffset="225" SrcFileId="14" StartOffset="201"/>
</Header>
<LocList>
<Loc EndOffset="659" SrcFileId="14" StartOffset="201"/>
</LocList>
<HierarchyLvl HierarchyLvlId="14504" HierarchyLvlTypeId="31" Intrnl_Id="2358" Name="LogicFacade">
<Header>
<Loc EndOffset="416" SrcFileId="14" StartOffset="370"/>
</Header>
<LocList>
<Loc EndOffset="570" SrcFileId="14" StartOffset="370"/>
</LocList>
<StmntSeq Intrnl_Id="2359">
<LocList>
<Loc EndOffset="449" SrcFileId="14" StartOffset="423"/>
<Loc EndOffset="490" SrcFileId="14" StartOffset="455"/>
<Loc EndOffset="527" SrcFileId="14" StartOffset="496"/>
<Loc EndOffset="564" SrcFileId="14" StartOffset="533"/>
</LocList>
<BasicStmnt CovItemId="S1" CovItemPrefix="my.PSM.PSM_Logic.LogicFacade.java" Intrnl_Id="2360">
<LocList>
<Loc EndOffset="449" SrcFileId="14" StartOffset="423"/>
</LocList>
</BasicStmnt>
<BasicStmnt CovItemId="S2" CovItemPrefix="my.PSM.PSM_Logic.LogicFacade.java" Intrnl_Id="2361">
<LocList>
<Loc EndOffset="490" SrcFileId="14" StartOffset="455"/>
</LocList>
</BasicStmnt>
<BasicStmnt CovItemId="S3" CovItemPrefix="my.PSM.PSM_Logic.LogicFacade.java" Intrnl_Id="2362">
<LocList>
<Loc EndOffset="527" SrcFileId="14" StartOffset="496"/>
</LocList>
</BasicStmnt>
<BasicStmnt CovItemId="S4" CovItemPrefix="my.PSM.PSM_Logic.LogicFacade.java" Intrnl_Id="2363">
<LocList>
<Loc EndOffset="564" SrcFileId="14" StartOffset="533"/>
</LocList>
</BasicStmnt>
</StmntSeq>
</HierarchyLvl>
<HierarchyLvl HierarchyLvlId="14505" HierarchyLvlTypeId="31" Intrnl_Id="2364" Name="fetchCourses">
<Header>
<Loc EndOffset="608" SrcFileId="14" StartOffset="580"/>
</Header>
<LocList>
<Loc EndOffset="657" SrcFileId="14" StartOffset="580"/>
</LocList>
<StmntSeq Intrnl_Id="2365">
<LocList>
<Loc EndOffset="651" SrcFileId="14" StartOffset="615"/>
</LocList>
<BasicStmnt CovItemId="S5" CovItemPrefix="my.PSM.PSM_Logic.LogicFacade.java" Intrnl_Id="2366">
<LocList>
<Loc EndOffset="651" SrcFileId="14" StartOffset="615"/>
</LocList>
</BasicStmnt>
</StmntSeq>
</HierarchyLvl>
</HierarchyLvl>
<HierarchyLvl HierarchyLvlId="14518" HierarchyLvlTypeId="32" Intrnl_Id="2367" Name="InterfaceController">
<Header>
<Loc EndOffset="270" SrcFileId="15" StartOffset="238"/>
</Header>
<LocList>
<Loc EndOffset="1815" SrcFileId="15" StartOffset="238"/>
</LocList>
<HierarchyLvl HierarchyLvlId="14507" HierarchyLvlTypeId="31" Intrnl_Id="2368" Name="InterfaceController">
<Header>
<Loc EndOffset="345" SrcFileId="15" StartOffset="317"/>
</Header>
<LocList>
<Loc EndOffset="366" SrcFileId="15" StartOffset="317"/>
</LocList>
</HierarchyLvl>
<HierarchyLvl HierarchyLvlId="14508" HierarchyLvlTypeId="31" Intrnl_Id="2369" Name="setFacade">
<Header>
<Loc EndOffset="414" SrcFileId="15" StartOffset="371"/>
</Header>
<LocList>
<Loc EndOffset="441" SrcFileId="15" StartOffset="371"/>
</LocList>
<StmntSeq Intrnl_Id="2370">
<LocList>
<Loc EndOffset="435" SrcFileId="15" StartOffset="421"/>
</LocList>
<BasicStmnt CovItemId="S1" CovItemPrefix="my.PSM.PSM_Logic.InterfaceController.java" Intrnl_Id="2371">
<LocList>
<Loc EndOffset="435" SrcFileId="15" StartOffset="421"/>
</LocList>
</BasicStmnt>
</StmntSeq>
</HierarchyLvl>
<HierarchyLvl HierarchyLvlId="14509" HierarchyLvlTypeId="31" Intrnl_Id="2372" Name="passwordLock">
<Header>
<Loc EndOffset="472" SrcFileId="15" StartOffset="446"/>
</Header>
<LocList>
<Loc EndOffset="512" SrcFileId="15" StartOffset="446"/>
</LocList>
<StmntSeq Intrnl_Id="2373">
<LocList>
<Loc EndOffset="506" SrcFileId="15" StartOffset="487"/>
</LocList>
<BasicStmnt CovItemId="S2" CovItemPrefix="my.PSM.PSM_Logic.InterfaceController.java" Intrnl_Id="2374">
<LocList>
<Loc EndOffset="506" SrcFileId="15" StartOffset="487"/>
</LocList>
</BasicStmnt>
</StmntSeq>
</HierarchyLvl>
<HierarchyLvl HierarchyLvlId="14510" HierarchyLvlTypeId="31" Intrnl_Id="2375" Name="Initiate_Logout">
<Header>
<Loc EndOffset="546" SrcFileId="15" StartOffset="517"/>
</Header>
<LocList>
<Loc EndOffset="682" SrcFileId="15" StartOffset="517"/>
</LocList>
<StmntSeq Intrnl_Id="2376">
<LocList>
<Loc EndOffset="670" SrcFileId="15" StartOffset="642"/>
</LocList>
<BasicStmnt CovItemId="S3" CovItemPrefix="my.PSM.PSM_Logic.InterfaceController.java" Intrnl_Id="2377">
<LocList>
<Loc EndOffset="670" SrcFileId="15" StartOffset="642"/>
</LocList>
</BasicStmnt>
</StmntSeq>
</HierarchyLvl>
<HierarchyLvl HierarchyLvlId="14511" HierarchyLvlTypeId="31" Intrnl_Id="2378" Name="Initiate_IncorrectLogin">
<Header>
<Loc EndOffset="725" SrcFileId="15" StartOffset="688"/>
</Header>
<LocList>
<Loc EndOffset="815" SrcFileId="15" StartOffset="688"/>
</LocList>
<StmntSeq Intrnl_Id="2379">
<LocList>
<Loc EndOffset="773" SrcFileId="15" StartOffset="749"/>
</LocList>
<BasicStmnt CovItemId="S4" CovItemPrefix="my.PSM.PSM_Logic.InterfaceController.java" Intrnl_Id="2380">
<LocList>
<Loc EndOffset="773" SrcFileId="15" StartOffset="749"/>
</LocList>
</BasicStmnt>
</StmntSeq>
</HierarchyLvl>
<HierarchyLvl HierarchyLvlId="14512" HierarchyLvlTypeId="31" Intrnl_Id="2381" Name="Initiate_Schedule_Form">
<Header>
<Loc EndOffset="861" SrcFileId="15" StartOffset="825"/>
</Header>
<LocList>
<Loc EndOffset="913" SrcFileId="15" StartOffset="825"/>
</LocList>
<StmntSeq Intrnl_Id="2382">
<LocList>
<Loc EndOffset="907" SrcFileId="15" StartOffset="884"/>
</LocList>
<BasicStmnt CovItemId="S5" CovItemPrefix="my.PSM.PSM_Logic.InterfaceController.java" Intrnl_Id="2383">
<LocList>
<Loc EndOffset="907" SrcFileId="15" StartOffset="884"/>
</LocList>
</BasicStmnt>
</StmntSeq>
</HierarchyLvl>
<HierarchyLvl HierarchyLvlId="14513" HierarchyLvlTypeId="31" Intrnl_Id="2384" Name="Pre_Filled_Form">
<Header>
<Loc EndOffset="1278" SrcFileId="15" StartOffset="919"/>
</Header>
<LocList>
<Loc EndOffset="1531" SrcFileId="15" StartOffset="919"/>
</LocList>
<StmntSeq Intrnl_Id="2385">
<LocList>
<Loc EndOffset="1525" SrcFileId="15" StartOffset="1310"/>
</LocList>
<BasicStmnt CovItemId="S6" CovItemPrefix="my.PSM.PSM_Logic.InterfaceController.java" Intrnl_Id="2386">
<LocList>
<Loc EndOffset="1525" SrcFileId="15" StartOffset="1310"/>
</LocList>
</BasicStmnt>
</StmntSeq>
</HierarchyLvl>
<HierarchyLvl HierarchyLvlId="14514" HierarchyLvlTypeId="31" Intrnl_Id="2387" Name="Course_Select_Form">
<Header>
<Loc EndOffset="1573" SrcFileId="15" StartOffset="1541"/>
</Header>
<LocList>
<Loc EndOffset="1611" SrcFileId="15" StartOffset="1541"/>
</LocList>
<StmntSeq Intrnl_Id="2388">
<LocList>
<Loc EndOffset="1605" SrcFileId="15" StartOffset="1583"/>
</LocList>
<BasicStmnt CovItemId="S7" CovItemPrefix="my.PSM.PSM_Logic.InterfaceController.java" Intrnl_Id="2389">
<LocList>
<Loc EndOffset="1605" SrcFileId="15" StartOffset="1583"/>
</LocList>
</BasicStmnt>
</StmntSeq>
</HierarchyLvl>
<HierarchyLvl HierarchyLvlId="14515" HierarchyLvlTypeId="31" Intrnl_Id="2390" Name="Initiate_Login_Form">
<Header>
<Loc EndOffset="1649" SrcFileId="15" StartOffset="1616"/>
</Header>
<LocList>
<Loc EndOffset="1693" SrcFileId="15" StartOffset="1616"/>
</LocList>
<StmntSeq Intrnl_Id="2391">
<LocList>
<Loc EndOffset="1686" SrcFileId="15" StartOffset="1661"/>
</LocList>
<BasicStmnt CovItemId="S8" CovItemPrefix="my.PSM.PSM_Logic.InterfaceController.java" Intrnl_Id="2392">
<LocList>
<Loc EndOffset="1686" SrcFileId="15" StartOffset="1661"/>
</LocList>
</BasicStmnt>
</StmntSeq>
</HierarchyLvl>
<HierarchyLvl HierarchyLvlId="14516" HierarchyLvlTypeId="31" Intrnl_Id="2393" Name="Initiate_Message">
<Header>
<Loc EndOffset="1729" SrcFileId="15" StartOffset="1699"/>
</Header>
<LocList>
<Loc EndOffset="1738" SrcFileId="15" StartOffset="1699"/>
</LocList>
</HierarchyLvl>
<HierarchyLvl HierarchyLvlId="14517" HierarchyLvlTypeId="31" Intrnl_Id="2394" Name="Initiate_MainMenu">
<Header>
<Loc EndOffset="1775" SrcFileId="15" StartOffset="1744"/>
</Header>
<LocList>
<Loc EndOffset="1813" SrcFileId="15" StartOffset="1744"/>
</LocList>
<StmntSeq Intrnl_Id="2395">
<LocList>
<Loc EndOffset="1806" SrcFileId="15" StartOffset="1786"/>
</LocList>
<BasicStmnt CovItemId="S9" CovItemPrefix="my.PSM.PSM_Logic.InterfaceController.java" Intrnl_Id="2396">
<LocList>
<Loc EndOffset="1806" SrcFileId="15" StartOffset="1786"/>
</LocList>
</BasicStmnt>
</StmntSeq>
</HierarchyLvl>
</HierarchyLvl>
<HierarchyLvl HierarchyLvlId="14520" HierarchyLvlTypeId="32" Intrnl_Id="2397" Name="FutureTimer">
<Header>
<Loc EndOffset="426" SrcFileId="16" StartOffset="388"/>
</Header>
<LocList>
<Loc EndOffset="784" SrcFileId="16" StartOffset="388"/>
</LocList>
<HierarchyLvl HierarchyLvlId="14519" HierarchyLvlTypeId="31" Intrnl_Id="2398" Name="schedule">
<Header>
<Loc EndOffset="489" SrcFileId="16" StartOffset="440"/>
</Header>
<LocList>
<Loc EndOffset="781" SrcFileId="16" StartOffset="440"/>
</LocList>
<StmntSeq Intrnl_Id="2399">
<LocList>
<Loc EndOffset="554" SrcFileId="16" StartOffset="515"/>
<Loc EndOffset="612" SrcFileId="16" StartOffset="564"/>
<Loc EndOffset="655" SrcFileId="16" StartOffset="622"/>
<Loc EndOffset="724" SrcFileId="16" StartOffset="665"/>
<Loc EndOffset="773" SrcFileId="16" StartOffset="744"/>
</LocList>
<BasicStmnt CovItemId="S1" CovItemPrefix="my.PSM.PSM_Logic.FutureTimer.java" Intrnl_Id="2400">
<LocList>
<Loc EndOffset="554" SrcFileId="16" StartOffset="515"/>
</LocList>
</BasicStmnt>
<BasicStmnt CovItemId="S2" CovItemPrefix="my.PSM.PSM_Logic.FutureTimer.java" Intrnl_Id="2401">
<LocList>
<Loc EndOffset="612" SrcFileId="16" StartOffset="564"/>
</LocList>
</BasicStmnt>
<BasicStmnt CovItemId="S3" CovItemPrefix="my.PSM.PSM_Logic.FutureTimer.java" Intrnl_Id="2402">
<LocList>
<Loc EndOffset="655" SrcFileId="16" StartOffset="622"/>
</LocList>
</BasicStmnt>
<CondStmnt CovItemId="S4" CovItemPrefix="my.PSM.PSM_Logic.FutureTimer.java" Intrnl_Id="2403">
<Branch CovItemId="B1" CovItemPrefix="my.PSM.PSM_Logic.FutureTimer.java" Implct="false" Intrnl_Id="2404">
<Cond/>
<LocList>
<Loc EndOffset="724" SrcFileId="16" StartOffset="717"/>
</LocList>
<StmntSeq Intrnl_Id="2405">
<LocList>
<Loc EndOffset="724" SrcFileId="16" StartOffset="717"/>
</LocList>
<BasicStmnt CovItemId="S5" CovItemPrefix="my.PSM.PSM_Logic.FutureTimer.java" Intrnl_Id="2406">
<LocList>
<Loc EndOffset="724" SrcFileId="16" StartOffset="717"/>
</LocList>
</BasicStmnt>
</StmntSeq>
</Branch>
<Branch CovItemId="B2" CovItemPrefix="my.PSM.PSM_Logic.FutureTimer.java" Implct="true" Intrnl_Id="2407">
<Cond/>
<LocList/>
<StmntSeq Intrnl_Id="2408">
<LocList/>
</StmntSeq>
</Branch>
<Keyword EndOffset="667" SrcFileId="16" StartOffset="665"/>
<LocList>
<Loc EndOffset="724" SrcFileId="16" StartOffset="665"/>
</LocList>
<RootTerm CovItemId="C1" CovItemPrefix="my.PSM.PSM_Logic.FutureTimer.java" Intrnl_Id="2409">
<BasicBoolTerm Intrnl_Id="2410">
<LocList>
<Loc EndOffset="702" SrcFileId="16" StartOffset="669"/>
</LocList>
</BasicBoolTerm>
</RootTerm>
</CondStmnt>
<BasicStmnt CovItemId="S6" CovItemPrefix="my.PSM.PSM_Logic.FutureTimer.java" Intrnl_Id="2411">
<LocList>
<Loc EndOffset="773" SrcFileId="16" StartOffset="744"/>
</LocList>
</BasicStmnt>
</StmntSeq>
</HierarchyLvl>
</HierarchyLvl>
<HierarchyLvl HierarchyLvlId="14526" HierarchyLvlTypeId="32" Intrnl_Id="2412" Name="Authenticate">
<Header>
<Loc EndOffset="299" SrcFileId="17" StartOffset="274"/>
</Header>
<LocList>
<Loc EndOffset="1201" SrcFileId="17" StartOffset="274"/>
</LocList>
<HierarchyLvl HierarchyLvlId="14521" HierarchyLvlTypeId="31" Intrnl_Id="2413" Name="Authenticate">
<Header>
<Loc EndOffset="468" SrcFileId="17" StartOffset="447"/>
</Header>
<LocList>
<Loc EndOffset="508" SrcFileId="17" StartOffset="447"/>
</LocList>
<StmntSeq Intrnl_Id="2414">
<LocList>
<Loc EndOffset="502" SrcFileId="17" StartOffset="475"/>
</LocList>
<BasicStmnt CovItemId="S1" CovItemPrefix="my.PSM.PSM_Logic.Authenticate.java" Intrnl_Id="2415">
<LocList>
<Loc EndOffset="502" SrcFileId="17" StartOffset="475"/>
</LocList>
</BasicStmnt>
</StmntSeq>
</HierarchyLvl>
<HierarchyLvl HierarchyLvlId="14522" HierarchyLvlTypeId="31" Intrnl_Id="2416" Name="Authenticate">
<Header>
<Loc EndOffset="556" SrcFileId="17" StartOffset="513"/>
</Header>
<LocList>
<Loc EndOffset="657" SrcFileId="17" StartOffset="513"/>
</LocList>
<StmntSeq Intrnl_Id="2417">
<LocList>
<Loc EndOffset="583" SrcFileId="17" StartOffset="567"/>
<Loc EndOffset="606" SrcFileId="17" StartOffset="592"/>
<Loc EndOffset="642" SrcFileId="17" StartOffset="615"/>
</LocList>
<BasicStmnt CovItemId="S2" CovItemPrefix="my.PSM.PSM_Logic.Authenticate.java" Intrnl_Id="2418">
<LocList>
<Loc EndOffset="583" SrcFileId="17" StartOffset="567"/>
</LocList>
</BasicStmnt>
<BasicStmnt CovItemId="S3" CovItemPrefix="my.PSM.PSM_Logic.Authenticate.java" Intrnl_Id="2419">
<LocList>
<Loc EndOffset="606" SrcFileId="17" StartOffset="592"/>
</LocList>
</BasicStmnt>
<BasicStmnt CovItemId="S4" CovItemPrefix="my.PSM.PSM_Logic.Authenticate.java" Intrnl_Id="2420">
<LocList>
<Loc EndOffset="642" SrcFileId="17" StartOffset="615"/>
</LocList>
</BasicStmnt>
</StmntSeq>
</HierarchyLvl>
<HierarchyLvl HierarchyLvlId="14523" HierarchyLvlTypeId="31" Intrnl_Id="2421" Name="setCredentials">
<Header>
<Loc EndOffset="714" SrcFileId="17" StartOffset="662"/>
</Header>
<LocList>
<Loc EndOffset="765" SrcFileId="17" StartOffset="662"/>
</LocList>
<StmntSeq Intrnl_Id="2422">
<LocList>
<Loc EndOffset="737" SrcFileId="17" StartOffset="721"/>
<Loc EndOffset="759" SrcFileId="17" StartOffset="743"/>
</LocList>
<BasicStmnt CovItemId="S5" CovItemPrefix="my.PSM.PSM_Logic.Authenticate.java" Intrnl_Id="2423">
<LocList>
<Loc EndOffset="737" SrcFileId="17" StartOffset="721"/>
</LocList>
</BasicStmnt>
<BasicStmnt CovItemId="S6" CovItemPrefix="my.PSM.PSM_Logic.Authenticate.java" Intrnl_Id="2424">
<LocList>
<Loc EndOffset="759" SrcFileId="17" StartOffset="743"/>
</LocList>
</BasicStmnt>
</StmntSeq>
</HierarchyLvl>
<HierarchyLvl HierarchyLvlId="14524" HierarchyLvlTypeId="31" Intrnl_Id="2425" Name="validate_Login">
<Header>
<Loc EndOffset="801" SrcFileId="17" StartOffset="770"/>
</Header>
<LocList>
<Loc EndOffset="1010" SrcFileId="17" StartOffset="770"/>
</LocList>
<StmntSeq Intrnl_Id="2426">
<LocList>
<Loc EndOffset="874" SrcFileId="17" StartOffset="836"/>
<Loc EndOffset="1001" SrcFileId="17" StartOffset="923"/>
</LocList>
<BasicStmnt CovItemId="S7" CovItemPrefix="my.PSM.PSM_Logic.Authenticate.java" Intrnl_Id="2427">
<LocList>
<Loc EndOffset="874" SrcFileId="17" StartOffset="836"/>
</LocList>
</BasicStmnt>
<CondStmnt CovItemId="S8" CovItemPrefix="my.PSM.PSM_Logic.Authenticate.java" Intrnl_Id="2428">
<Branch CovItemId="B1" CovItemPrefix="my.PSM.PSM_Logic.Authenticate.java" Implct="false" Intrnl_Id="2429">
<Cond/>
<LocList>
<Loc EndOffset="962" SrcFileId="17" StartOffset="950"/>
</LocList>
<StmntSeq Intrnl_Id="2430">
<LocList>
<Loc EndOffset="962" SrcFileId="17" StartOffset="950"/>
</LocList>
<BasicStmnt CovItemId="S9" CovItemPrefix="my.PSM.PSM_Logic.Authenticate.java" Intrnl_Id="2431">
<LocList>
<Loc EndOffset="962" SrcFileId="17" StartOffset="950"/>
</LocList>
</BasicStmnt>
</StmntSeq>
</Branch>
<Branch CovItemId="B2" CovItemPrefix="my.PSM.PSM_Logic.Authenticate.java" Implct="false" Intrnl_Id="2432">
<Cond>
<Loc EndOffset="975" SrcFileId="17" StartOffset="971"/>
</Cond>
<LocList>
<Loc EndOffset="1001" SrcFileId="17" StartOffset="988"/>
</LocList>
<StmntSeq Intrnl_Id="2433">
<LocList>
<Loc EndOffset="1001" SrcFileId="17" StartOffset="988"/>
</LocList>
<BasicStmnt CovItemId="S10" CovItemPrefix="my.PSM.PSM_Logic.Authenticate.java" Intrnl_Id="2434">
<LocList>
<Loc EndOffset="1001" SrcFileId="17" StartOffset="988"/>
</LocList>
</BasicStmnt>
</StmntSeq>
</Branch>
<Keyword EndOffset="925" SrcFileId="17" StartOffset="923"/>
<LocList>
<Loc EndOffset="1001" SrcFileId="17" StartOffset="923"/>
</LocList>
<RootTerm CovItemId="C1" CovItemPrefix="my.PSM.PSM_Logic.Authenticate.java" Intrnl_Id="2435">
<BasicBoolTerm Intrnl_Id="2436">
<LocList>
<Loc EndOffset="936" SrcFileId="17" StartOffset="926"/>
</LocList>
</BasicBoolTerm>
</RootTerm>
</CondStmnt>
</StmntSeq>
</HierarchyLvl>
<HierarchyLvl HierarchyLvlId="14525" HierarchyLvlTypeId="31" Intrnl_Id="2437" Name="logout">
<Header>
<Loc EndOffset="1043" SrcFileId="17" StartOffset="1020"/>
</Header>
<LocList>
<Loc EndOffset="1194" SrcFileId="17" StartOffset="1020"/>
</LocList>
<StmntSeq Intrnl_Id="2438">
<LocList>
<Loc EndOffset="1101" SrcFileId="17" StartOffset="1077"/>
<Loc EndOffset="1188" SrcFileId="17" StartOffset="1110"/>
</LocList>
<BasicStmnt CovItemId="S11" CovItemPrefix="my.PSM.PSM_Logic.Authenticate.java" Intrnl_Id="2439">
<LocList>
<Loc EndOffset="1101" SrcFileId="17" StartOffset="1077"/>
</LocList>
</BasicStmnt>
<CondStmnt CovItemId="S12" CovItemPrefix="my.PSM.PSM_Logic.Authenticate.java" Intrnl_Id="2440">
<Branch CovItemId="B3" CovItemPrefix="my.PSM.PSM_Logic.Authenticate.java" Implct="false" Intrnl_Id="2441">
<Cond/>
<LocList>
<Loc EndOffset="1149" SrcFileId="17" StartOffset="1137"/>
</LocList>
<StmntSeq Intrnl_Id="2442">
<LocList>
<Loc EndOffset="1149" SrcFileId="17" StartOffset="1137"/>
</LocList>
<BasicStmnt CovItemId="S13" CovItemPrefix="my.PSM.PSM_Logic.Authenticate.java" Intrnl_Id="2443">
<LocList>
<Loc EndOffset="1149" SrcFileId="17" StartOffset="1137"/>
</LocList>
</BasicStmnt>
</StmntSeq>
</Branch>
<Branch CovItemId="B4" CovItemPrefix="my.PSM.PSM_Logic.Authenticate.java" Implct="false" Intrnl_Id="2444">
<Cond>
<Loc EndOffset="1162" SrcFileId="17" StartOffset="1158"/>
</Cond>
<LocList>
<Loc EndOffset="1188" SrcFileId="17" StartOffset="1175"/>
</LocList>
<StmntSeq Intrnl_Id="2445">
<LocList>
<Loc EndOffset="1188" SrcFileId="17" StartOffset="1175"/>
</LocList>
<BasicStmnt CovItemId="S14" CovItemPrefix="my.PSM.PSM_Logic.Authenticate.java" Intrnl_Id="2446">
<LocList>
<Loc EndOffset="1188" SrcFileId="17" StartOffset="1175"/>
</LocList>
</BasicStmnt>
</StmntSeq>
</Branch>
<Keyword EndOffset="1112" SrcFileId="17" StartOffset="1110"/>
<LocList>
<Loc EndOffset="1188" SrcFileId="17" StartOffset="1110"/>
</LocList>
<RootTerm CovItemId="C2" CovItemPrefix="my.PSM.PSM_Logic.Authenticate.java" Intrnl_Id="2447">
<BasicBoolTerm Intrnl_Id="2448">
<LocList>
<Loc EndOffset="1123" SrcFileId="17" StartOffset="1113"/>
</LocList>
</BasicBoolTerm>
</RootTerm>
</CondStmnt>
</StmntSeq>
</HierarchyLvl>
</HierarchyLvl>
</HierarchyLvl>
<HierarchyLvl HierarchyLvlId="14844" HierarchyLvlTypeId="29" Intrnl_Id="2449" Name="PSM_Interface">
<Header/>
<LocList/>
<HierarchyLvl HierarchyLvlId="14532" HierarchyLvlTypeId="32" Intrnl_Id="2450" Name="endOfClass">
<Header>
<Loc EndOffset="177" SrcFileId="18" StartOffset="127"/>
</Header>
<LocList>
<Loc EndOffset="3965" SrcFileId="18" StartOffset="127"/>
</LocList>
<StmntSeq Intrnl_Id="2451">
<LocList>
<Loc EndOffset="252" SrcFileId="18" StartOffset="204"/>
</LocList>
<BasicStmnt CovItemId="S1" CovItemPrefix="my.PSM.PSM_Interface.endOfClass.java" Intrnl_Id="2452">
<LocList>
<Loc EndOffset="252" SrcFileId="18" StartOffset="204"/>
</LocList>
</BasicStmnt>
</StmntSeq>
<HierarchyLvl HierarchyLvlId="14527" HierarchyLvlTypeId="31" Intrnl_Id="2453" Name="endOfClass">
<Header>
<Loc EndOffset="312" SrcFileId="18" StartOffset="293"/>
</Header>
<LocList>
<Loc EndOffset="346" SrcFileId="18" StartOffset="293"/>
</LocList>
<StmntSeq Intrnl_Id="2454">
<LocList>
<Loc EndOffset="340" SrcFileId="18" StartOffset="323"/>
</LocList>
<BasicStmnt CovItemId="S2" CovItemPrefix="my.PSM.PSM_Interface.endOfClass.java" Intrnl_Id="2455">
<LocList>
<Loc EndOffset="340" SrcFileId="18" StartOffset="323"/>
</LocList>
</BasicStmnt>
</StmntSeq>
</HierarchyLvl>
<HierarchyLvl HierarchyLvlId="14528" HierarchyLvlTypeId="31" Intrnl_Id="2456" Name="initComponents">
<Header>
<Loc EndOffset="693" SrcFileId="18" StartOffset="664"/>
</Header>
<LocList>
<Loc EndOffset="3440" SrcFileId="18" StartOffset="664"/>
</LocList>
<StmntSeq Intrnl_Id="2457">
<LocList>
<Loc EndOffset="740" SrcFileId="18" StartOffset="705"/>
<Loc EndOffset="786" SrcFileId="18" StartOffset="749"/>
<Loc EndOffset="864" SrcFileId="18" StartOffset="796"/>
<Loc EndOffset="926" SrcFileId="18" StartOffset="874"/>
<Loc EndOffset="1001" SrcFileId="18" StartOffset="935"/>
<Loc EndOffset="1050" SrcFileId="18" StartOffset="1010"/>
<Loc EndOffset="1299" SrcFileId="18" StartOffset="1059"/>
<Loc EndOffset="1365" SrcFileId="18" StartOffset="1308"/>
<Loc EndOffset="1430" SrcFileId="18" StartOffset="1374"/>
<Loc EndOffset="1466" SrcFileId="18" StartOffset="1439"/>
<Loc EndOffset="1509" SrcFileId="18" StartOffset="1485"/>
<Loc EndOffset="1576" SrcFileId="18" StartOffset="1518"/>
<Loc EndOffset="1609" SrcFileId="18" StartOffset="1586"/>
<Loc EndOffset="1714" SrcFileId="18" StartOffset="1619"/>
<Loc EndOffset="1758" SrcFileId="18" StartOffset="1723"/>
<Loc EndOffset="2726" SrcFileId="18" StartOffset="1767"/>
<Loc EndOffset="3417" SrcFileId="18" StartOffset="2735"/>
<Loc EndOffset="3434" SrcFileId="18" StartOffset="3427"/>
</LocList>
<BasicStmnt CovItemId="S3" CovItemPrefix="my.PSM.PSM_Interface.endOfClass.java" Intrnl_Id="2458">
<LocList>
<Loc EndOffset="740" SrcFileId="18" StartOffset="705"/>
</LocList>
</BasicStmnt>
<BasicStmnt CovItemId="S4" CovItemPrefix="my.PSM.PSM_Interface.endOfClass.java" Intrnl_Id="2459">
<LocList>
<Loc EndOffset="786" SrcFileId="18" StartOffset="749"/>
</LocList>
</BasicStmnt>
<BasicStmnt CovItemId="S5" CovItemPrefix="my.PSM.PSM_Interface.endOfClass.java" Intrnl_Id="2460">
<LocList>
<Loc EndOffset="864" SrcFileId="18" StartOffset="796"/>
</LocList>
</BasicStmnt>
<BasicStmnt CovItemId="S6" CovItemPrefix="my.PSM.PSM_Interface.endOfClass.java" Intrnl_Id="2461">
<LocList>
<Loc EndOffset="926" SrcFileId="18" StartOffset="874"/>
</LocList>
</BasicStmnt>
<BasicStmnt CovItemId="S7" CovItemPrefix="my.PSM.PSM_Interface.endOfClass.java" Intrnl_Id="2462">
<LocList>
<Loc EndOffset="1001" SrcFileId="18" StartOffset="935"/>
</LocList>
</BasicStmnt>
<BasicStmnt CovItemId="S8" CovItemPrefix="my.PSM.PSM_Interface.endOfClass.java" Intrnl_Id="2463">
<LocList>
<Loc EndOffset="1050" SrcFileId="18" StartOffset="1010"/>
</LocList>
</BasicStmnt>
<BasicStmnt CovItemId="S9" CovItemPrefix="my.PSM.PSM_Interface.endOfClass.java" Intrnl_Id="2464">
<LocList>
<Loc EndOffset="1299" SrcFileId="18" StartOffset="1059"/>
</LocList>
</BasicStmnt>
<BasicStmnt CovItemId="S10" CovItemPrefix="my.PSM.PSM_Interface.endOfClass.java" Intrnl_Id="2465">
<LocList>
<Loc EndOffset="1365" SrcFileId="18" StartOffset="1308"/>
</LocList>
</BasicStmnt>
<BasicStmnt CovItemId="S11" CovItemPrefix="my.PSM.PSM_Interface.endOfClass.java" Intrnl_Id="2466">
<LocList>
<Loc EndOffset="1430" SrcFileId="18" StartOffset="1374"/>
</LocList>
</BasicStmnt>
<BasicStmnt CovItemId="S12" CovItemPrefix="my.PSM.PSM_Interface.endOfClass.java" Intrnl_Id="2467">
<LocList>
<Loc EndOffset="1466" SrcFileId="18" StartOffset="1439"/>
</LocList>
</BasicStmnt>
<BasicStmnt CovItemId="S13" CovItemPrefix="my.PSM.PSM_Interface.endOfClass.java" Intrnl_Id="2468">
<LocList>
<Loc EndOffset="1509" SrcFileId="18" StartOffset="1485"/>
</LocList>
</BasicStmnt>
<BasicStmnt CovItemId="S14" CovItemPrefix="my.PSM.PSM_Interface.endOfClass.java" Intrnl_Id="2469">
<LocList>
<Loc EndOffset="1576" SrcFileId="18" StartOffset="1518"/>
</LocList>
</BasicStmnt>
<BasicStmnt CovItemId="S15" CovItemPrefix="my.PSM.PSM_Interface.endOfClass.java" Intrnl_Id="2470">
<LocList>
<Loc EndOffset="1609" SrcFileId="18" StartOffset="1586"/>
</LocList>
</BasicStmnt>
<BasicStmnt CovItemId="S16" CovItemPrefix="my.PSM.PSM_Interface.endOfClass.java" Intrnl_Id="2471">
<LocList>
<Loc EndOffset="1714" SrcFileId="18" StartOffset="1619"/>
</LocList>
</BasicStmnt>
<BasicStmnt CovItemId="S17" CovItemPrefix="my.PSM.PSM_Interface.endOfClass.java" Intrnl_Id="2472">
<LocList>
<Loc EndOffset="1758" SrcFileId="18" StartOffset="1723"/>
</LocList>
</BasicStmnt>
<BasicStmnt CovItemId="S18" CovItemPrefix="my.PSM.PSM_Interface.endOfClass.java" Intrnl_Id="2473">
<LocList>
<Loc EndOffset="2726" SrcFileId="18" StartOffset="1767"/>
</LocList>
</BasicStmnt>
<BasicStmnt CovItemId="S19" CovItemPrefix="my.PSM.PSM_Interface.endOfClass.java" Intrnl_Id="2474">
<LocList>
<Loc EndOffset="3417" SrcFileId="18" StartOffset="2735"/>
</LocList>
</BasicStmnt>
<BasicStmnt CovItemId="S20" CovItemPrefix="my.PSM.PSM_Interface.endOfClass.java" Intrnl_Id="2475">
<LocList>
<Loc EndOffset="3434" SrcFileId="18" StartOffset="3427"/>
</LocList>
</BasicStmnt>
</StmntSeq>
</HierarchyLvl>
<HierarchyLvl HierarchyLvlId="14531" HierarchyLvlTypeId="31" Intrnl_Id="2476" Name="launchEnd">
<Header>
<Loc EndOffset="3576" SrcFileId="18" StartOffset="3553"/>
</Header>
<LocList>
<Loc EndOffset="3750" SrcFileId="18" StartOffset="3553"/>
</LocList>
<StmntSeq Intrnl_Id="2477">
<LocList>
<Loc EndOffset="3619" SrcFileId="18" StartOffset="3587"/>
<Loc EndOffset="3744" SrcFileId="18" StartOffset="3742"/>
</LocList>
<BasicStmnt CovItemId="S21" CovItemPrefix="my.PSM.PSM_Interface.endOfClass.java" Intrnl_Id="2478">
<LocList>
<Loc EndOffset="3619" SrcFileId="18" StartOffset="3587"/>
<Loc EndOffset="3744" SrcFileId="18" StartOffset="3742"/>
</LocList>
</BasicStmnt>
</StmntSeq>
<HierarchyLvl HierarchyLvlId="14530" HierarchyLvlTypeId="30" Intrnl_Id="2479" Name="Runnable">
<Header>
<Loc EndOffset="3633" SrcFileId="18" StartOffset="3623"/>
</Header>
<LocList>
<Loc EndOffset="3742" SrcFileId="18" StartOffset="3619"/>
</LocList>
<HierarchyLvl HierarchyLvlId="14529" HierarchyLvlTypeId="31" Intrnl_Id="2480" Name="run">
<Header>
<Loc EndOffset="3665" SrcFileId="18" StartOffset="3648"/>
</Header>
<LocList>
<Loc EndOffset="3732" SrcFileId="18" StartOffset="3648"/>
</LocList>
<StmntSeq Intrnl_Id="2481">
<LocList>
<Loc EndOffset="3718" SrcFileId="18" StartOffset="3684"/>
</LocList>
<BasicStmnt CovItemId="S22" CovItemPrefix="my.PSM.PSM_Interface.endOfClass.java" Intrnl_Id="2482">
<LocList>
<Loc EndOffset="3718" SrcFileId="18" StartOffset="3684"/>
</LocList>
</BasicStmnt>
</StmntSeq>
</HierarchyLvl>
</HierarchyLvl>
</HierarchyLvl>
</HierarchyLvl>
<HierarchyLvl HierarchyLvlId="14550" HierarchyLvlTypeId="32" Intrnl_Id="2483" Name="courseSelect">
<Header>
<Loc EndOffset="234" SrcFileId="19" StartOffset="182"/>
</Header>
<LocList>
<Loc EndOffset="7347" SrcFileId="19" StartOffset="182"/>
</LocList>
<StmntSeq Intrnl_Id="2484">
<LocList>
<Loc EndOffset="314" SrcFileId="19" StartOffset="266"/>
</LocList>
<BasicStmnt CovItemId="S1" CovItemPrefix="my.PSM.PSM_Interface.courseSelect.java" Intrnl_Id="2485">
<LocList>
<Loc EndOffset="314" SrcFileId="19" StartOffset="266"/>
</LocList>
</BasicStmnt>
</StmntSeq>
<HierarchyLvl HierarchyLvlId="14533" HierarchyLvlTypeId="31" Intrnl_Id="2486" Name="courseSelect">
<Header>
<Loc EndOffset="603" SrcFileId="19" StartOffset="563"/>
</Header>
<LocList>
<Loc EndOffset="877" SrcFileId="19" StartOffset="563"/>
</LocList>
<StmntSeq Intrnl_Id="2487">
<LocList>
<Loc EndOffset="692" SrcFileId="19" StartOffset="670"/>
<Loc EndOffset="738" SrcFileId="19" StartOffset="702"/>
<Loc EndOffset="836" SrcFileId="19" StartOffset="807"/>
<Loc EndOffset="863" SrcFileId="19" StartOffset="846"/>
</LocList>
<BasicStmnt CovItemId="S2" CovItemPrefix="my.PSM.PSM_Interface.courseSelect.java" Intrnl_Id="2488">
<LocList>
<Loc EndOffset="692" SrcFileId="19" StartOffset="670"/>
</LocList>
</BasicStmnt>
<BasicStmnt CovItemId="S3" CovItemPrefix="my.PSM.PSM_Interface.courseSelect.java" Intrnl_Id="2489">
<LocList>
<Loc EndOffset="738" SrcFileId="19" StartOffset="702"/>
</LocList>
</BasicStmnt>
<BasicStmnt CovItemId="S4" CovItemPrefix="my.PSM.PSM_Interface.courseSelect.java" Intrnl_Id="2490">
<LocList>
<Loc EndOffset="836" SrcFileId="19" StartOffset="807"/>
</LocList>
</BasicStmnt>
<BasicStmnt CovItemId="S5" CovItemPrefix="my.PSM.PSM_Interface.courseSelect.java" Intrnl_Id="2491">
<LocList>
<Loc EndOffset="863" SrcFileId="19" StartOffset="846"/>
</LocList>
</BasicStmnt>
</StmntSeq>
</HierarchyLvl>
<HierarchyLvl HierarchyLvlId="14534" HierarchyLvlTypeId="31" Intrnl_Id="2492" Name="getSelection">
<Header>
<Loc EndOffset="913" SrcFileId="19" StartOffset="888"/>
</Header>
<LocList>
<Loc EndOffset="954" SrcFileId="19" StartOffset="888"/>
</LocList>
<StmntSeq Intrnl_Id="2493">
<LocList>
<Loc EndOffset="947" SrcFileId="19" StartOffset="930"/>
</LocList>
<BasicStmnt CovItemId="S6" CovItemPrefix="my.PSM.PSM_Interface.courseSelect.java" Intrnl_Id="2494">
<LocList>
<Loc EndOffset="947" SrcFileId="19" StartOffset="930"/>
</LocList>
</BasicStmnt>
</StmntSeq>
</HierarchyLvl>
<HierarchyLvl HierarchyLvlId="14535" HierarchyLvlTypeId="31" Intrnl_Id="2495" Name="courseSelected">
<Header>
<Loc EndOffset="995" SrcFileId="19" StartOffset="964"/>
</Header>
<LocList>
<Loc EndOffset="1041" SrcFileId="19" StartOffset="964"/>
</LocList>
<StmntSeq Intrnl_Id="2496">
<LocList>
<Loc EndOffset="1034" SrcFileId="19" StartOffset="1012"/>
</LocList>
<BasicStmnt CovItemId="S7" CovItemPrefix="my.PSM.PSM_Interface.courseSelect.java" Intrnl_Id="2497">
<LocList>
<Loc EndOffset="1034" SrcFileId="19" StartOffset="1012"/>
</LocList>
</BasicStmnt>
</StmntSeq>
</HierarchyLvl>
<HierarchyLvl HierarchyLvlId="14536" HierarchyLvlTypeId="31" Intrnl_Id="2498" Name="setCourseSelected">
<Header>
<Loc EndOffset="1101" SrcFileId="19" StartOffset="1053"/>
</Header>
<LocList>
<Loc EndOffset="1152" SrcFileId="19" StartOffset="1053"/>
</LocList>
<StmntSeq Intrnl_Id="2499">
<LocList>
<Loc EndOffset="1145" SrcFileId="19" StartOffset="1118"/>
</LocList>
<BasicStmnt CovItemId="S8" CovItemPrefix="my.PSM.PSM_Interface.courseSelect.java" Intrnl_Id="2500">
<LocList>
<Loc EndOffset="1145" SrcFileId="19" StartOffset="1118"/>
</LocList>
</BasicStmnt>
</StmntSeq>
</HierarchyLvl>
<HierarchyLvl HierarchyLvlId="14543" HierarchyLvlTypeId="31" Intrnl_Id="2501" Name="initComponents">
<Header>
<Loc EndOffset="1550" SrcFileId="19" StartOffset="1472"/>
</Header>
<LocList>
<Loc EndOffset="5905" SrcFileId="19" StartOffset="1472"/>
</LocList>
<StmntSeq Intrnl_Id="2502">
<LocList>
<Loc EndOffset="1599" SrcFileId="19" StartOffset="1564"/>
<Loc EndOffset="1658" SrcFileId="19" StartOffset="1609"/>
<Loc EndOffset="1705" SrcFileId="19" StartOffset="1668"/>
<Loc EndOffset="1752" SrcFileId="19" StartOffset="1715"/>
<Loc EndOffset="1838" SrcFileId="19" StartOffset="1764"/>
<Loc EndOffset="1874" SrcFileId="19" StartOffset="1848"/>
<Loc EndOffset="2145" SrcFileId="19" StartOffset="1886"/>
<Loc EndOffset="2211" SrcFileId="19" StartOffset="2157"/>
<Loc EndOffset="2292" SrcFileId="19" StartOffset="2221"/>
<Loc EndOffset="2331" SrcFileId="19" StartOffset="2302"/>
<Loc EndOffset="2520" SrcFileId="19" StartOffset="2518"/>
<Loc EndOffset="2584" SrcFileId="19" StartOffset="2532"/>
<Loc EndOffset="2621" SrcFileId="19" StartOffset="2594"/>
<Loc EndOffset="2658" SrcFileId="19" StartOffset="2631"/>
<Loc EndOffset="2845" SrcFileId="19" StartOffset="2843"/>
<Loc EndOffset="2909" SrcFileId="19" StartOffset="2857"/>
<Loc EndOffset="2944" SrcFileId="19" StartOffset="2919"/>
<Loc EndOffset="2981" SrcFileId="19" StartOffset="2954"/>
<Loc EndOffset="3168" SrcFileId="19" StartOffset="3166"/>
<Loc EndOffset="3273" SrcFileId="19" StartOffset="3180"/>
<Loc EndOffset="3316" SrcFileId="19" StartOffset="3283"/>
<Loc EndOffset="4237" SrcFileId="19" StartOffset="3326"/>
<Loc EndOffset="4947" SrcFileId="19" StartOffset="4247"/>
<Loc EndOffset="5054" SrcFileId="19" StartOffset="4959"/>
<Loc EndOffset="5099" SrcFileId="19" StartOffset="5064"/>
<Loc EndOffset="5490" SrcFileId="19" StartOffset="5109"/>
<Loc EndOffset="5879" SrcFileId="19" StartOffset="5500"/>
<Loc EndOffset="5898" SrcFileId="19" StartOffset="5891"/>
</LocList>
<BasicStmnt CovItemId="S9" CovItemPrefix="my.PSM.PSM_Interface.courseSelect.java" Intrnl_Id="2503">
<LocList>
<Loc EndOffset="1599" SrcFileId="19" StartOffset="1564"/>
</LocList>
</BasicStmnt>
<BasicStmnt CovItemId="S10" CovItemPrefix="my.PSM.PSM_Interface.courseSelect.java" Intrnl_Id="2504">
<LocList>
<Loc EndOffset="1658" SrcFileId="19" StartOffset="1609"/>
</LocList>
</BasicStmnt>
<BasicStmnt CovItemId="S11" CovItemPrefix="my.PSM.PSM_Interface.courseSelect.java" Intrnl_Id="2505">
<LocList>
<Loc EndOffset="1705" SrcFileId="19" StartOffset="1668"/>
</LocList>
</BasicStmnt>
<BasicStmnt CovItemId="S12" CovItemPrefix="my.PSM.PSM_Interface.courseSelect.java" Intrnl_Id="2506">
<LocList>
<Loc EndOffset="1752" SrcFileId="19" StartOffset="1715"/>
</LocList>
</BasicStmnt>
<BasicStmnt CovItemId="S13" CovItemPrefix="my.PSM.PSM_Interface.courseSelect.java" Intrnl_Id="2507">
<LocList>
<Loc EndOffset="1838" SrcFileId="19" StartOffset="1764"/>
</LocList>
</BasicStmnt>
<BasicStmnt CovItemId="S14" CovItemPrefix="my.PSM.PSM_Interface.courseSelect.java" Intrnl_Id="2508">
<LocList>
<Loc EndOffset="1874" SrcFileId="19" StartOffset="1848"/>
</LocList>
</BasicStmnt>
<BasicStmnt CovItemId="S15" CovItemPrefix="my.PSM.PSM_Interface.courseSelect.java" Intrnl_Id="2509">
<LocList>
<Loc EndOffset="2145" SrcFileId="19" StartOffset="1886"/>
</LocList>
</BasicStmnt>
<BasicStmnt CovItemId="S16" CovItemPrefix="my.PSM.PSM_Interface.courseSelect.java" Intrnl_Id="2510">
<LocList>
<Loc EndOffset="2211" SrcFileId="19" StartOffset="2157"/>
</LocList>
</BasicStmnt>
<BasicStmnt CovItemId="S17" CovItemPrefix="my.PSM.PSM_Interface.courseSelect.java" Intrnl_Id="2511">
<LocList>
<Loc EndOffset="2292" SrcFileId="19" StartOffset="2221"/>
</LocList>
</BasicStmnt>
<BasicStmnt CovItemId="S18" CovItemPrefix="my.PSM.PSM_Interface.courseSelect.java" Intrnl_Id="2512">
<LocList>
<Loc EndOffset="2331" SrcFileId="19" StartOffset="2302"/>
<Loc EndOffset="2520" SrcFileId="19" StartOffset="2518"/>
</LocList>
</BasicStmnt>
<BasicStmnt CovItemId="S20" CovItemPrefix="my.PSM.PSM_Interface.courseSelect.java" Intrnl_Id="2513">
<LocList>
<Loc EndOffset="2584" SrcFileId="19" StartOffset="2532"/>
</LocList>
</BasicStmnt>
<BasicStmnt CovItemId="S21" CovItemPrefix="my.PSM.PSM_Interface.courseSelect.java" Intrnl_Id="2514">
<LocList>
<Loc EndOffset="2621" SrcFileId="19" StartOffset="2594"/>
</LocList>
</BasicStmnt>
<BasicStmnt CovItemId="S22" CovItemPrefix="my.PSM.PSM_Interface.courseSelect.java" Intrnl_Id="2515">
<LocList>
<Loc EndOffset="2658" SrcFileId="19" StartOffset="2631"/>
<Loc EndOffset="2845" SrcFileId="19" StartOffset="2843"/>
</LocList>
</BasicStmnt>
<BasicStmnt CovItemId="S24" CovItemPrefix="my.PSM.PSM_Interface.courseSelect.java" Intrnl_Id="2516">
<LocList>
<Loc EndOffset="2909" SrcFileId="19" StartOffset="2857"/>
</LocList>
</BasicStmnt>
<BasicStmnt CovItemId="S25" CovItemPrefix="my.PSM.PSM_Interface.courseSelect.java" Intrnl_Id="2517">
<LocList>
<Loc EndOffset="2944" SrcFileId="19" StartOffset="2919"/>
</LocList>
</BasicStmnt>
<BasicStmnt CovItemId="S26" CovItemPrefix="my.PSM.PSM_Interface.courseSelect.java" Intrnl_Id="2518">
<LocList>
<Loc EndOffset="2981" SrcFileId="19" StartOffset="2954"/>
<Loc EndOffset="3168" SrcFileId="19" StartOffset="3166"/>
</LocList>
</BasicStmnt>
<BasicStmnt CovItemId="S28" CovItemPrefix="my.PSM.PSM_Interface.courseSelect.java" Intrnl_Id="2519">
<LocList>
<Loc EndOffset="3273" SrcFileId="19" StartOffset="3180"/>
</LocList>
</BasicStmnt>
<BasicStmnt CovItemId="S29" CovItemPrefix="my.PSM.PSM_Interface.courseSelect.java" Intrnl_Id="2520">
<LocList>
<Loc EndOffset="3316" SrcFileId="19" StartOffset="3283"/>
</LocList>
</BasicStmnt>
<BasicStmnt CovItemId="S30" CovItemPrefix="my.PSM.PSM_Interface.courseSelect.java" Intrnl_Id="2521">
<LocList>
<Loc EndOffset="4237" SrcFileId="19" StartOffset="3326"/>
</LocList>
</BasicStmnt>
<BasicStmnt CovItemId="S31" CovItemPrefix="my.PSM.PSM_Interface.courseSelect.java" Intrnl_Id="2522">
<LocList>
<Loc EndOffset="4947" SrcFileId="19" StartOffset="4247"/>
</LocList>
</BasicStmnt>
<BasicStmnt CovItemId="S32" CovItemPrefix="my.PSM.PSM_Interface.courseSelect.java" Intrnl_Id="2523">
<LocList>
<Loc EndOffset="5054" SrcFileId="19" StartOffset="4959"/>
</LocList>
</BasicStmnt>
<BasicStmnt CovItemId="S33" CovItemPrefix="my.PSM.PSM_Interface.courseSelect.java" Intrnl_Id="2524">
<LocList>
<Loc EndOffset="5099" SrcFileId="19" StartOffset="5064"/>
</LocList>
</BasicStmnt>
<BasicStmnt CovItemId="S34" CovItemPrefix="my.PSM.PSM_Interface.courseSelect.java" Intrnl_Id="2525">
<LocList>
<Loc EndOffset="5490" SrcFileId="19" StartOffset="5109"/>
</LocList>
</BasicStmnt>
<BasicStmnt CovItemId="S35" CovItemPrefix="my.PSM.PSM_Interface.courseSelect.java" Intrnl_Id="2526">
<LocList>
<Loc EndOffset="5879" SrcFileId="19" StartOffset="5500"/>
</LocList>
</BasicStmnt>
<BasicStmnt CovItemId="S36" CovItemPrefix="my.PSM.PSM_Interface.courseSelect.java" Intrnl_Id="2527">
<LocList>
<Loc EndOffset="5898" SrcFileId="19" StartOffset="5891"/>
</LocList>
</BasicStmnt>
</StmntSeq>
<HierarchyLvl HierarchyLvlId="14538" HierarchyLvlTypeId="30" Intrnl_Id="2528" Name="java.awt.event.ActionListener">
<Header>
<Loc EndOffset="2366" SrcFileId="19" StartOffset="2335"/>
</Header>
<LocList>
<Loc EndOffset="2518" SrcFileId="19" StartOffset="2331"/>
</LocList>
<HierarchyLvl HierarchyLvlId="14537" HierarchyLvlTypeId="31" Intrnl_Id="2529" Name="actionPerformed">
<Header>
<Loc EndOffset="2441" SrcFileId="19" StartOffset="2382"/>
</Header>
<LocList>
<Loc EndOffset="2507" SrcFileId="19" StartOffset="2382"/>
</LocList>
<StmntSeq Intrnl_Id="2530">
<LocList>
<Loc EndOffset="2492" SrcFileId="19" StartOffset="2461"/>
</LocList>
<BasicStmnt CovItemId="S19" CovItemPrefix="my.PSM.PSM_Interface.courseSelect.java" Intrnl_Id="2531">
<LocList>
<Loc EndOffset="2492" SrcFileId="19" StartOffset="2461"/>
</LocList>
</BasicStmnt>
</StmntSeq>
</HierarchyLvl>
</HierarchyLvl>
<HierarchyLvl HierarchyLvlId="14540" HierarchyLvlTypeId="30" Intrnl_Id="2532" Name="java.awt.event.ActionListener">
<Header>
<Loc EndOffset="2693" SrcFileId="19" StartOffset="2662"/>
</Header>
<LocList>
<Loc EndOffset="2843" SrcFileId="19" StartOffset="2658"/>
</LocList>
<HierarchyLvl HierarchyLvlId="14539" HierarchyLvlTypeId="31" Intrnl_Id="2533" Name="actionPerformed">
<Header>
<Loc EndOffset="2768" SrcFileId="19" StartOffset="2709"/>
</Header>
<LocList>
<Loc EndOffset="2832" SrcFileId="19" StartOffset="2709"/>
</LocList>
<StmntSeq Intrnl_Id="2534">
<LocList>
<Loc EndOffset="2817" SrcFileId="19" StartOffset="2788"/>
</LocList>
<BasicStmnt CovItemId="S23" CovItemPrefix="my.PSM.PSM_Interface.courseSelect.java" Intrnl_Id="2535">
<LocList>
<Loc EndOffset="2817" SrcFileId="19" StartOffset="2788"/>
</LocList>
</BasicStmnt>
</StmntSeq>
</HierarchyLvl>
</HierarchyLvl>
<HierarchyLvl HierarchyLvlId="14542" HierarchyLvlTypeId="30" Intrnl_Id="2536" Name="java.awt.event.ActionListener">
<Header>
<Loc EndOffset="3016" SrcFileId="19" StartOffset="2985"/>
</Header>
<LocList>
<Loc EndOffset="3166" SrcFileId="19" StartOffset="2981"/>
</LocList>
<HierarchyLvl HierarchyLvlId="14541" HierarchyLvlTypeId="31" Intrnl_Id="2537" Name="actionPerformed">
<Header>
<Loc EndOffset="3091" SrcFileId="19" StartOffset="3032"/>
</Header>
<LocList>
<Loc EndOffset="3155" SrcFileId="19" StartOffset="3032"/>
</LocList>
<StmntSeq Intrnl_Id="2538">
<LocList>
<Loc EndOffset="3140" SrcFileId="19" StartOffset="3111"/>
</LocList>
<BasicStmnt CovItemId="S27" CovItemPrefix="my.PSM.PSM_Interface.courseSelect.java" Intrnl_Id="2539">
<LocList>
<Loc EndOffset="3140" SrcFileId="19" StartOffset="3111"/>
</LocList>
</BasicStmnt>
</StmntSeq>
</HierarchyLvl>
</HierarchyLvl>
</HierarchyLvl>
<HierarchyLvl HierarchyLvlId="14544" HierarchyLvlTypeId="31" Intrnl_Id="2540" Name="jComboBox1ActionPerformed">
<Header>
<Loc EndOffset="6024" SrcFileId="19" StartOffset="5954"/>
</Header>
<LocList>
<Loc EndOffset="6122" SrcFileId="19" StartOffset="5954"/>
</LocList>
</HierarchyLvl>
<HierarchyLvl HierarchyLvlId="14545" HierarchyLvlTypeId="31" Intrnl_Id="2541" Name="jButton1ActionPerformed">
<Header>
<Loc EndOffset="6240" SrcFileId="19" StartOffset="6172"/>
</Header>
<LocList>
<Loc EndOffset="6310" SrcFileId="19" StartOffset="6172"/>
</LocList>
<StmntSeq Intrnl_Id="2542">
<LocList>
<Loc EndOffset="6303" SrcFileId="19" StartOffset="6293"/>
</LocList>
<BasicStmnt CovItemId="S37" CovItemPrefix="my.PSM.PSM_Interface.courseSelect.java" Intrnl_Id="2543">
<LocList>
<Loc EndOffset="6303" SrcFileId="19" StartOffset="6293"/>
</LocList>
</BasicStmnt>
</StmntSeq>
</HierarchyLvl>
<HierarchyLvl HierarchyLvlId="14546" HierarchyLvlTypeId="31" Intrnl_Id="2544" Name="jButton2ActionPerformed">
<Header>
<Loc EndOffset="6426" SrcFileId="19" StartOffset="6358"/>
</Header>
<LocList>
<Loc EndOffset="6667" SrcFileId="19" StartOffset="6358"/>
</LocList>
<StmntSeq Intrnl_Id="2545">
<LocList>
<Loc EndOffset="6528" SrcFileId="19" StartOffset="6479"/>
<Loc EndOffset="6560" SrcFileId="19" StartOffset="6538"/>
<Loc EndOffset="6640" SrcFileId="19" StartOffset="6570"/>
<Loc EndOffset="6660" SrcFileId="19" StartOffset="6650"/>
</LocList>
<BasicStmnt CovItemId="S38" CovItemPrefix="my.PSM.PSM_Interface.courseSelect.java" Intrnl_Id="2546">
<LocList>
<Loc EndOffset="6528" SrcFileId="19" StartOffset="6479"/>
</LocList>
</BasicStmnt>
<BasicStmnt CovItemId="S39" CovItemPrefix="my.PSM.PSM_Interface.courseSelect.java" Intrnl_Id="2547">
<LocList>
<Loc EndOffset="6560" SrcFileId="19" StartOffset="6538"/>
</LocList>
</BasicStmnt>
<BasicStmnt CovItemId="S40" CovItemPrefix="my.PSM.PSM_Interface.courseSelect.java" Intrnl_Id="2548">
<LocList>
<Loc EndOffset="6640" SrcFileId="19" StartOffset="6570"/>
</LocList>
</BasicStmnt>
<BasicStmnt CovItemId="S41" CovItemPrefix="my.PSM.PSM_Interface.courseSelect.java" Intrnl_Id="2549">
<LocList>
<Loc EndOffset="6660" SrcFileId="19" StartOffset="6650"/>
</LocList>
</BasicStmnt>
</StmntSeq>
</HierarchyLvl>
<HierarchyLvl HierarchyLvlId="14549" HierarchyLvlTypeId="31" Intrnl_Id="2550" Name="launchCourse">
<Header>
<Loc EndOffset="6810" SrcFileId="19" StartOffset="6784"/>
</Header>
<LocList>
<Loc EndOffset="7003" SrcFileId="19" StartOffset="6784"/>
</LocList>
<StmntSeq Intrnl_Id="2551">
<LocList>
<Loc EndOffset="6854" SrcFileId="19" StartOffset="6822"/>
<Loc EndOffset="6996" SrcFileId="19" StartOffset="6994"/>
</LocList>
<BasicStmnt CovItemId="S42" CovItemPrefix="my.PSM.PSM_Interface.courseSelect.java" Intrnl_Id="2552">
<LocList>
<Loc EndOffset="6854" SrcFileId="19" StartOffset="6822"/>
<Loc EndOffset="6996" SrcFileId="19" StartOffset="6994"/>
</LocList>
</BasicStmnt>
</StmntSeq>
<HierarchyLvl HierarchyLvlId="14548" HierarchyLvlTypeId="30" Intrnl_Id="2553" Name="Runnable">
<Header>
<Loc EndOffset="6868" SrcFileId="19" StartOffset="6858"/>
</Header>
<LocList>
<Loc EndOffset="6994" SrcFileId="19" StartOffset="6854"/>
</LocList>
<HierarchyLvl HierarchyLvlId="14547" HierarchyLvlTypeId="31" Intrnl_Id="2554" Name="run">
<Header>
<Loc EndOffset="6901" SrcFileId="19" StartOffset="6884"/>
</Header>
<LocList>
<Loc EndOffset="6983" SrcFileId="19" StartOffset="6884"/>
</LocList>
<StmntSeq Intrnl_Id="2555">
<LocList>
<Loc EndOffset="6968" SrcFileId="19" StartOffset="6921"/>
</LocList>
<BasicStmnt CovItemId="S43" CovItemPrefix="my.PSM.PSM_Interface.courseSelect.java" Intrnl_Id="2556">
<LocList>
<Loc EndOffset="6968" SrcFileId="19" StartOffset="6921"/>
</LocList>
</BasicStmnt>
</StmntSeq>
</HierarchyLvl>
</HierarchyLvl>
</HierarchyLvl>
</HierarchyLvl>
<HierarchyLvl HierarchyLvlId="14633" HierarchyLvlTypeId="32" Intrnl_Id="2557" Name="ScheduleForm">
<Header>
<Loc EndOffset="185" SrcFileId="20" StartOffset="133"/>
</Header>
<LocList>
<Loc EndOffset="33838" SrcFileId="20" StartOffset="133"/>
</LocList>
<StmntSeq Intrnl_Id="2558">
<LocList>
<Loc EndOffset="262" SrcFileId="20" StartOffset="214"/>
</LocList>
<BasicStmnt CovItemId="S1" CovItemPrefix="my.PSM.PSM_Interface.ScheduleForm.java" Intrnl_Id="2559">
<LocList>
<Loc EndOffset="262" SrcFileId="20" StartOffset="214"/>
</LocList>
</BasicStmnt>
</StmntSeq>
<HierarchyLvl HierarchyLvlId="14551" HierarchyLvlTypeId="31" Intrnl_Id="2560" Name="ScheduleForm">
<Header>
<Loc EndOffset="999" SrcFileId="20" StartOffset="978"/>
</Header>
<LocList>
<Loc EndOffset="1033" SrcFileId="20" StartOffset="978"/>
</LocList>
<StmntSeq Intrnl_Id="2561">
<LocList>
<Loc EndOffset="1027" SrcFileId="20" StartOffset="1010"/>
</LocList>
<BasicStmnt CovItemId="S2" CovItemPrefix="my.PSM.PSM_Interface.ScheduleForm.java" Intrnl_Id="2562">
<LocList>
<Loc EndOffset="1027" SrcFileId="20" StartOffset="1010"/>
</LocList>
</BasicStmnt>
</StmntSeq>
</HierarchyLvl>
<HierarchyLvl HierarchyLvlId="14552" HierarchyLvlTypeId="31" Intrnl_Id="2563" Name="dataRec">
<Header>
<Loc EndOffset="1067" SrcFileId="20" StartOffset="1043"/>
</Header>
<LocList>
<Loc EndOffset="1108" SrcFileId="20" StartOffset="1043"/>
</LocList>
<StmntSeq Intrnl_Id="2564">
<LocList>
<Loc EndOffset="1102" SrcFileId="20" StartOffset="1082"/>
</LocList>
<BasicStmnt CovItemId="S3" CovItemPrefix="my.PSM.PSM_Interface.ScheduleForm.java" Intrnl_Id="2565">
<LocList>
<Loc EndOffset="1102" SrcFileId="20" StartOffset="1082"/>
</LocList>
</BasicStmnt>
</StmntSeq>
</HierarchyLvl>
<HierarchyLvl HierarchyLvlId="14553" HierarchyLvlTypeId="31" Intrnl_Id="2566" Name="setDataRec">
<Header>
<Loc EndOffset="1154" SrcFileId="20" StartOffset="1113"/>
</Header>
<LocList>
<Loc EndOffset="1207" SrcFileId="20" StartOffset="1113"/>
</LocList>
<StmntSeq Intrnl_Id="2567">
<LocList>
<Loc EndOffset="1194" SrcFileId="20" StartOffset="1169"/>
</LocList>
<BasicStmnt CovItemId="S4" CovItemPrefix="my.PSM.PSM_Interface.ScheduleForm.java" Intrnl_Id="2568">
<LocList>
<Loc EndOffset="1194" SrcFileId="20" StartOffset="1169"/>
</LocList>
</BasicStmnt>
</StmntSeq>
</HierarchyLvl>
<HierarchyLvl HierarchyLvlId="14580" HierarchyLvlTypeId="31" Intrnl_Id="2569" Name="initComponents">
<Header>
<Loc EndOffset="1611" SrcFileId="20" StartOffset="1534"/>
</Header>
<LocList>
<Loc EndOffset="25239" SrcFileId="20" StartOffset="1534"/>
</LocList>
<StmntSeq Intrnl_Id="2570">
<LocList>
<Loc EndOffset="1660" SrcFileId="20" StartOffset="1623"/>
<Loc EndOffset="1706" SrcFileId="20" StartOffset="1669"/>
<Loc EndOffset="1750" SrcFileId="20" StartOffset="1715"/>
<Loc EndOffset="1794" SrcFileId="20" StartOffset="1759"/>
<Loc EndOffset="1844" SrcFileId="20" StartOffset="1803"/>
<Loc EndOffset="1888" SrcFileId="20" StartOffset="1853"/>
<Loc EndOffset="1932" SrcFileId="20" StartOffset="1897"/>
<Loc EndOffset="1977" SrcFileId="20" StartOffset="1941"/>
<Loc EndOffset="2022" SrcFileId="20" StartOffset="1986"/>
<Loc EndOffset="2075" SrcFileId="20" StartOffset="2031"/>
<Loc EndOffset="2128" SrcFileId="20" StartOffset="2084"/>
<Loc EndOffset="2172" SrcFileId="20" StartOffset="2137"/>
<Loc EndOffset="2216" SrcFileId="20" StartOffset="2181"/>
<Loc EndOffset="2260" SrcFileId="20" StartOffset="2225"/>
<Loc EndOffset="2304" SrcFileId="20" StartOffset="2269"/>
<Loc EndOffset="2356" SrcFileId="20" StartOffset="2313"/>
<Loc EndOffset="2408" SrcFileId="20" StartOffset="2365"/>
<Loc EndOffset="2460" SrcFileId="20" StartOffset="2417"/>
<Loc EndOffset="2505" SrcFileId="20" StartOffset="2469"/>
<Loc EndOffset="2549" SrcFileId="20" StartOffset="2514"/>
<Loc EndOffset="2593" SrcFileId="20" StartOffset="2558"/>
<Loc EndOffset="2638" SrcFileId="20" StartOffset="2602"/>
<Loc EndOffset="2683" SrcFileId="20" StartOffset="2647"/>
<Loc EndOffset="2727" SrcFileId="20" StartOffset="2692"/>
<Loc EndOffset="2771" SrcFileId="20" StartOffset="2736"/>
<Loc EndOffset="2816" SrcFileId="20" StartOffset="2780"/>
<Loc EndOffset="2861" SrcFileId="20" StartOffset="2825"/>
<Loc EndOffset="2906" SrcFileId="20" StartOffset="2870"/>
<Loc EndOffset="2951" SrcFileId="20" StartOffset="2915"/>
<Loc EndOffset="3003" SrcFileId="20" StartOffset="2960"/>
<Loc EndOffset="3055" SrcFileId="20" StartOffset="3012"/>
<Loc EndOffset="3107" SrcFileId="20" StartOffset="3064"/>
<Loc EndOffset="3159" SrcFileId="20" StartOffset="3116"/>
<Loc EndOffset="3211" SrcFileId="20" StartOffset="3168"/>
<Loc EndOffset="3263" SrcFileId="20" StartOffset="3220"/>
<Loc EndOffset="3316" SrcFileId="20" StartOffset="3272"/>
<Loc EndOffset="3369" SrcFileId="20" StartOffset="3325"/>
<Loc EndOffset="3422" SrcFileId="20" StartOffset="3378"/>
<Loc EndOffset="3475" SrcFileId="20" StartOffset="3431"/>
<Loc EndOffset="3528" SrcFileId="20" StartOffset="3484"/>
<Loc EndOffset="3581" SrcFileId="20" StartOffset="3537"/>
<Loc EndOffset="3662" SrcFileId="20" StartOffset="3591"/>
<Loc EndOffset="3698" SrcFileId="20" StartOffset="3671"/>
<Loc EndOffset="3770" SrcFileId="20" StartOffset="3707"/>
<Loc EndOffset="3832" SrcFileId="20" StartOffset="3780"/>
<Loc EndOffset="3866" SrcFileId="20" StartOffset="3841"/>
<Loc EndOffset="3902" SrcFileId="20" StartOffset="3875"/>
<Loc EndOffset="4085" SrcFileId="20" StartOffset="4083"/>
<Loc EndOffset="4147" SrcFileId="20" StartOffset="4095"/>
<Loc EndOffset="4183" SrcFileId="20" StartOffset="4156"/>
<Loc EndOffset="4219" SrcFileId="20" StartOffset="4192"/>
<Loc EndOffset="4402" SrcFileId="20" StartOffset="4400"/>
<Loc EndOffset="4678" SrcFileId="20" StartOffset="4412"/>
<Loc EndOffset="4739" SrcFileId="20" StartOffset="4688"/>
<Loc EndOffset="4777" SrcFileId="20" StartOffset="4748"/>
<Loc EndOffset="4841" SrcFileId="20" StartOffset="4787"/>
<Loc EndOffset="4998" SrcFileId="20" StartOffset="4850"/>
<Loc EndOffset="5036" SrcFileId="20" StartOffset="5007"/>
<Loc EndOffset="5221" SrcFileId="20" StartOffset="5219"/>
<Loc EndOffset="5282" SrcFileId="20" StartOffset="5231"/>
<Loc EndOffset="5322" SrcFileId="20" StartOffset="5291"/>
<Loc EndOffset="5383" SrcFileId="20" StartOffset="5332"/>
<Loc EndOffset="5421" SrcFileId="20" StartOffset="5392"/>
<Loc EndOffset="5483" SrcFileId="20" StartOffset="5431"/>
<Loc EndOffset="5522" SrcFileId="20" StartOffset="5492"/>
<Loc EndOffset="5584" SrcFileId="20" StartOffset="5532"/>
<Loc EndOffset="5623" SrcFileId="20" StartOffset="5593"/>
<Loc EndOffset="5726" SrcFileId="20" StartOffset="5633"/>
<Loc EndOffset="5768" SrcFileId="20" StartOffset="5735"/>
<Loc EndOffset="7486" SrcFileId="20" StartOffset="5777"/>
<Loc EndOffset="8752" SrcFileId="20" StartOffset="7495"/>
<Loc EndOffset="9025" SrcFileId="20" StartOffset="8762"/>
<Loc EndOffset="9086" SrcFileId="20" StartOffset="9035"/>
<Loc EndOffset="9123" SrcFileId="20" StartOffset="9095"/>
<Loc EndOffset="9184" SrcFileId="20" StartOffset="9133"/>
<Loc EndOffset="9225" SrcFileId="20" StartOffset="9193"/>
<Loc EndOffset="9286" SrcFileId="20" StartOffset="9235"/>
<Loc EndOffset="9329" SrcFileId="20" StartOffset="9295"/>
<Loc EndOffset="9369" SrcFileId="20" StartOffset="9339"/>
<Loc EndOffset="9555" SrcFileId="20" StartOffset="9553"/>
<Loc EndOffset="9595" SrcFileId="20" StartOffset="9565"/>
<Loc EndOffset="9781" SrcFileId="20" StartOffset="9779"/>
<Loc EndOffset="9843" SrcFileId="20" StartOffset="9791"/>
<Loc EndOffset="9878" SrcFileId="20" StartOffset="9852"/>
<Loc EndOffset="9981" SrcFileId="20" StartOffset="9888"/>
<Loc EndOffset="10023" SrcFileId="20" StartOffset="9990"/>
<Loc EndOffset="11499" SrcFileId="20" StartOffset="10032"/>
<Loc EndOffset="12675" SrcFileId="20" StartOffset="11508"/>
<Loc EndOffset="12942" SrcFileId="20" StartOffset="12685"/>
<Loc EndOffset="13003" SrcFileId="20" StartOffset="12952"/>
<Loc EndOffset="13078" SrcFileId="20" StartOffset="13012"/>
<Loc EndOffset="13113" SrcFileId="20" StartOffset="13087"/>
<Loc EndOffset="13175" SrcFileId="20" StartOffset="13123"/>
<Loc EndOffset="13216" SrcFileId="20" StartOffset="13184"/>
<Loc EndOffset="13278" SrcFileId="20" StartOffset="13226"/>
<Loc EndOffset="13317" SrcFileId="20" StartOffset="13287"/>
<Loc EndOffset="13378" SrcFileId="20" StartOffset="13327"/>
<Loc EndOffset="13414" SrcFileId="20" StartOffset="13387"/>
<Loc EndOffset="13475" SrcFileId="20" StartOffset="13424"/>
<Loc EndOffset="13513" SrcFileId="20" StartOffset="13484"/>
<Loc EndOffset="13575" SrcFileId="20" StartOffset="13523"/>
<Loc EndOffset="13613" SrcFileId="20" StartOffset="13584"/>
<Loc EndOffset="13675" SrcFileId="20" StartOffset="13623"/>
<Loc EndOffset="13711" SrcFileId="20" StartOffset="13684"/>
<Loc EndOffset="13773" SrcFileId="20" StartOffset="13721"/>
<Loc EndOffset="13811" SrcFileId="20" StartOffset="13782"/>
<Loc EndOffset="13873" SrcFileId="20" StartOffset="13821"/>
<Loc EndOffset="13927" SrcFileId="20" StartOffset="13882"/>
<Loc EndOffset="13967" SrcFileId="20" StartOffset="13937"/>
<Loc EndOffset="14153" SrcFileId="20" StartOffset="14151"/>
<Loc EndOffset="14193" SrcFileId="20" StartOffset="14163"/>
<Loc EndOffset="14379" SrcFileId="20" StartOffset="14377"/>
<Loc EndOffset="14420" SrcFileId="20" StartOffset="14389"/>
<Loc EndOffset="14607" SrcFileId="20" StartOffset="14605"/>
<Loc EndOffset="14648" SrcFileId="20" StartOffset="14617"/>
<Loc EndOffset="14835" SrcFileId="20" StartOffset="14833"/>
<Loc EndOffset="14876" SrcFileId="20" StartOffset="14845"/>
<Loc EndOffset="15063" SrcFileId="20" StartOffset="15061"/>
<Loc EndOffset="15104" SrcFileId="20" StartOffset="15073"/>
<Loc EndOffset="15291" SrcFileId="20" StartOffset="15289"/>
<Loc EndOffset="15332" SrcFileId="20" StartOffset="15301"/>
<Loc EndOffset="15519" SrcFileId="20" StartOffset="15517"/>
<Loc EndOffset="15560" SrcFileId="20" StartOffset="15529"/>
<Loc EndOffset="15747" SrcFileId="20" StartOffset="15745"/>
<Loc EndOffset="15850" SrcFileId="20" StartOffset="15757"/>
<Loc EndOffset="15892" SrcFileId="20" StartOffset="15859"/>
<Loc EndOffset="19552" SrcFileId="20" StartOffset="15901"/>
<Loc EndOffset="22832" SrcFileId="20" StartOffset="19561"/>
<Loc EndOffset="22937" SrcFileId="20" StartOffset="22842"/>
<Loc EndOffset="22981" SrcFileId="20" StartOffset="22946"/>
<Loc EndOffset="24144" SrcFileId="20" StartOffset="22990"/>
<Loc EndOffset="25216" SrcFileId="20" StartOffset="24153"/>
<Loc EndOffset="25233" SrcFileId="20" StartOffset="25226"/>
</LocList>
<BasicStmnt CovItemId="S5" CovItemPrefix="my.PSM.PSM_Interface.ScheduleForm.java" Intrnl_Id="2571">
<LocList>
<Loc EndOffset="1660" SrcFileId="20" StartOffset="1623"/>
</LocList>
</BasicStmnt>
<BasicStmnt CovItemId="S6" CovItemPrefix="my.PSM.PSM_Interface.ScheduleForm.java" Intrnl_Id="2572">
<LocList>
<Loc EndOffset="1706" SrcFileId="20" StartOffset="1669"/>
</LocList>
</BasicStmnt>
<BasicStmnt CovItemId="S7" CovItemPrefix="my.PSM.PSM_Interface.ScheduleForm.java" Intrnl_Id="2573">
<LocList>
<Loc EndOffset="1750" SrcFileId="20" StartOffset="1715"/>
</LocList>
</BasicStmnt>
<BasicStmnt CovItemId="S8" CovItemPrefix="my.PSM.PSM_Interface.ScheduleForm.java" Intrnl_Id="2574">
<LocList>
<Loc EndOffset="1794" SrcFileId="20" StartOffset="1759"/>
</LocList>
</BasicStmnt>
<BasicStmnt CovItemId="S9" CovItemPrefix="my.PSM.PSM_Interface.ScheduleForm.java" Intrnl_Id="2575">
<LocList>
<Loc EndOffset="1844" SrcFileId="20" StartOffset="1803"/>
</LocList>
</BasicStmnt>
<BasicStmnt CovItemId="S10" CovItemPrefix="my.PSM.PSM_Interface.ScheduleForm.java" Intrnl_Id="2576">
<LocList>
<Loc EndOffset="1888" SrcFileId="20" StartOffset="1853"/>
</LocList>
</BasicStmnt>
<BasicStmnt CovItemId="S11" CovItemPrefix="my.PSM.PSM_Interface.ScheduleForm.java" Intrnl_Id="2577">
<LocList>
<Loc EndOffset="1932" SrcFileId="20" StartOffset="1897"/>
</LocList>
</BasicStmnt>
<BasicStmnt CovItemId="S12" CovItemPrefix="my.PSM.PSM_Interface.ScheduleForm.java" Intrnl_Id="2578">
<LocList>
<Loc EndOffset="1977" SrcFileId="20" StartOffset="1941"/>
</LocList>
</BasicStmnt>
<BasicStmnt CovItemId="S13" CovItemPrefix="my.PSM.PSM_Interface.ScheduleForm.java" Intrnl_Id="2579">
<LocList>
<Loc EndOffset="2022" SrcFileId="20" StartOffset="1986"/>
</LocList>
</BasicStmnt>
<BasicStmnt CovItemId="S14" CovItemPrefix="my.PSM.PSM_Interface.ScheduleForm.java" Intrnl_Id="2580">
<LocList>
<Loc EndOffset="2075" SrcFileId="20" StartOffset="2031"/>
</LocList>
</BasicStmnt>
<BasicStmnt CovItemId="S15" CovItemPrefix="my.PSM.PSM_Interface.ScheduleForm.java" Intrnl_Id="2581">
<LocList>
<Loc EndOffset="2128" SrcFileId="20" StartOffset="2084"/>
</LocList>
</BasicStmnt>
<BasicStmnt CovItemId="S16" CovItemPrefix="my.PSM.PSM_Interface.ScheduleForm.java" Intrnl_Id="2582">
<LocList>
<Loc EndOffset="2172" SrcFileId="20" StartOffset="2137"/>
</LocList>
</BasicStmnt>
<BasicStmnt CovItemId="S17" CovItemPrefix="my.PSM.PSM_Interface.ScheduleForm.java" Intrnl_Id="2583">
<LocList>
<Loc EndOffset="2216" SrcFileId="20" StartOffset="2181"/>
</LocList>
</BasicStmnt>
<BasicStmnt CovItemId="S18" CovItemPrefix="my.PSM.PSM_Interface.ScheduleForm.java" Intrnl_Id="2584">
<LocList>
<Loc EndOffset="2260" SrcFileId="20" StartOffset="2225"/>
</LocList>
</BasicStmnt>
<BasicStmnt CovItemId="S19" CovItemPrefix="my.PSM.PSM_Interface.ScheduleForm.java" Intrnl_Id="2585">
<LocList>
<Loc EndOffset="2304" SrcFileId="20" StartOffset="2269"/>
</LocList>
</BasicStmnt>
<BasicStmnt CovItemId="S20" CovItemPrefix="my.PSM.PSM_Interface.ScheduleForm.java" Intrnl_Id="2586">
<LocList>
<Loc EndOffset="2356" SrcFileId="20" StartOffset="2313"/>
</LocList>
</BasicStmnt>
<BasicStmnt CovItemId="S21" CovItemPrefix="my.PSM.PSM_Interface.ScheduleForm.java" Intrnl_Id="2587">
<LocList>
<Loc EndOffset="2408" SrcFileId="20" StartOffset="2365"/>
</LocList>
</BasicStmnt>
<BasicStmnt CovItemId="S22" CovItemPrefix="my.PSM.PSM_Interface.ScheduleForm.java" Intrnl_Id="2588">
<LocList>
<Loc EndOffset="2460" SrcFileId="20" StartOffset="2417"/>
</LocList>
</BasicStmnt>
<BasicStmnt CovItemId="S23" CovItemPrefix="my.PSM.PSM_Interface.ScheduleForm.java" Intrnl_Id="2589">
<LocList>
<Loc EndOffset="2505" SrcFileId="20" StartOffset="2469"/>
</LocList>
</BasicStmnt>
<BasicStmnt CovItemId="S24" CovItemPrefix="my.PSM.PSM_Interface.ScheduleForm.java" Intrnl_Id="2590">
<LocList>
<Loc EndOffset="2549" SrcFileId="20" StartOffset="2514"/>
</LocList>
</BasicStmnt>
<BasicStmnt CovItemId="S25" CovItemPrefix="my.PSM.PSM_Interface.ScheduleForm.java" Intrnl_Id="2591">
<LocList>
<Loc EndOffset="2593" SrcFileId="20" StartOffset="2558"/>
</LocList>
</BasicStmnt>
<BasicStmnt CovItemId="S26" CovItemPrefix="my.PSM.PSM_Interface.ScheduleForm.java" Intrnl_Id="2592">
<LocList>
<Loc EndOffset="2638" SrcFileId="20" StartOffset="2602"/>
</LocList>
</BasicStmnt>
<BasicStmnt CovItemId="S27" CovItemPrefix="my.PSM.PSM_Interface.ScheduleForm.java" Intrnl_Id="2593">
<LocList>
<Loc EndOffset="2683" SrcFileId="20" StartOffset="2647"/>
</LocList>
</BasicStmnt>
<BasicStmnt CovItemId="S28" CovItemPrefix="my.PSM.PSM_Interface.ScheduleForm.java" Intrnl_Id="2594">
<LocList>
<Loc EndOffset="2727" SrcFileId="20" StartOffset="2692"/>
</LocList>
</BasicStmnt>
<BasicStmnt CovItemId="S29" CovItemPrefix="my.PSM.PSM_Interface.ScheduleForm.java" Intrnl_Id="2595">
<LocList>
<Loc EndOffset="2771" SrcFileId="20" StartOffset="2736"/>
</LocList>
</BasicStmnt>
<BasicStmnt CovItemId="S30" CovItemPrefix="my.PSM.PSM_Interface.ScheduleForm.java" Intrnl_Id="2596">
<LocList>
<Loc EndOffset="2816" SrcFileId="20" StartOffset="2780"/>
</LocList>
</BasicStmnt>
<BasicStmnt CovItemId="S31" CovItemPrefix="my.PSM.PSM_Interface.ScheduleForm.java" Intrnl_Id="2597">
<LocList>
<Loc EndOffset="2861" SrcFileId="20" StartOffset="2825"/>
</LocList>
</BasicStmnt>
<BasicStmnt CovItemId="S32" CovItemPrefix="my.PSM.PSM_Interface.ScheduleForm.java" Intrnl_Id="2598">
<LocList>
<Loc EndOffset="2906" SrcFileId="20" StartOffset="2870"/>
</LocList>
</BasicStmnt>
<BasicStmnt CovItemId="S33" CovItemPrefix="my.PSM.PSM_Interface.ScheduleForm.java" Intrnl_Id="2599">
<LocList>
<Loc EndOffset="2951" SrcFileId="20" StartOffset="2915"/>
</LocList>
</BasicStmnt>
<BasicStmnt CovItemId="S34" CovItemPrefix="my.PSM.PSM_Interface.ScheduleForm.java" Intrnl_Id="2600">
<LocList>
<Loc EndOffset="3003" SrcFileId="20" StartOffset="2960"/>
</LocList>
</BasicStmnt>
<BasicStmnt CovItemId="S35" CovItemPrefix="my.PSM.PSM_Interface.ScheduleForm.java" Intrnl_Id="2601">
<LocList>
<Loc EndOffset="3055" SrcFileId="20" StartOffset="3012"/>
</LocList>
</BasicStmnt>
<BasicStmnt CovItemId="S36" CovItemPrefix="my.PSM.PSM_Interface.ScheduleForm.java" Intrnl_Id="2602">
<LocList>
<Loc EndOffset="3107" SrcFileId="20" StartOffset="3064"/>
</LocList>
</BasicStmnt>
<BasicStmnt CovItemId="S37" CovItemPrefix="my.PSM.PSM_Interface.ScheduleForm.java" Intrnl_Id="2603">
<LocList>
<Loc EndOffset="3159" SrcFileId="20" StartOffset="3116"/>
</LocList>
</BasicStmnt>
<BasicStmnt CovItemId="S38" CovItemPrefix="my.PSM.PSM_Interface.ScheduleForm.java" Intrnl_Id="2604">
<LocList>
<Loc EndOffset="3211" SrcFileId="20" StartOffset="3168"/>
</LocList>
</BasicStmnt>
<BasicStmnt CovItemId="S39" CovItemPrefix="my.PSM.PSM_Interface.ScheduleForm.java" Intrnl_Id="2605">
<LocList>
<Loc EndOffset="3263" SrcFileId="20" StartOffset="3220"/>
</LocList>
</BasicStmnt>
<BasicStmnt CovItemId="S40" CovItemPrefix="my.PSM.PSM_Interface.ScheduleForm.java" Intrnl_Id="2606">
<LocList>
<Loc EndOffset="3316" SrcFileId="20" StartOffset="3272"/>
</LocList>
</BasicStmnt>
<BasicStmnt CovItemId="S41" CovItemPrefix="my.PSM.PSM_Interface.ScheduleForm.java" Intrnl_Id="2607">
<LocList>
<Loc EndOffset="3369" SrcFileId="20" StartOffset="3325"/>
</LocList>
</BasicStmnt>
<BasicStmnt CovItemId="S42" CovItemPrefix="my.PSM.PSM_Interface.ScheduleForm.java" Intrnl_Id="2608">
<LocList>
<Loc EndOffset="3422" SrcFileId="20" StartOffset="3378"/>
</LocList>
</BasicStmnt>
<BasicStmnt CovItemId="S43" CovItemPrefix="my.PSM.PSM_Interface.ScheduleForm.java" Intrnl_Id="2609">
<LocList>
<Loc EndOffset="3475" SrcFileId="20" StartOffset="3431"/>
</LocList>
</BasicStmnt>
<BasicStmnt CovItemId="S44" CovItemPrefix="my.PSM.PSM_Interface.ScheduleForm.java" Intrnl_Id="2610">
<LocList>
<Loc EndOffset="3528" SrcFileId="20" StartOffset="3484"/>
</LocList>
</BasicStmnt>
<BasicStmnt CovItemId="S45" CovItemPrefix="my.PSM.PSM_Interface.ScheduleForm.java" Intrnl_Id="2611">
<LocList>
<Loc EndOffset="3581" SrcFileId="20" StartOffset="3537"/>
</LocList>
</BasicStmnt>
<BasicStmnt CovItemId="S46" CovItemPrefix="my.PSM.PSM_Interface.ScheduleForm.java" Intrnl_Id="2612">
<LocList>
<Loc EndOffset="3662" SrcFileId="20" StartOffset="3591"/>
</LocList>
</BasicStmnt>
<BasicStmnt CovItemId="S47" CovItemPrefix="my.PSM.PSM_Interface.ScheduleForm.java" Intrnl_Id="2613">
<LocList>
<Loc EndOffset="3698" SrcFileId="20" StartOffset="3671"/>
</LocList>
</BasicStmnt>
<BasicStmnt CovItemId="S48" CovItemPrefix="my.PSM.PSM_Interface.ScheduleForm.java" Intrnl_Id="2614">
<LocList>
<Loc EndOffset="3770" SrcFileId="20" StartOffset="3707"/>
</LocList>
</BasicStmnt>
<BasicStmnt CovItemId="S49" CovItemPrefix="my.PSM.PSM_Interface.ScheduleForm.java" Intrnl_Id="2615">
<LocList>
<Loc EndOffset="3832" SrcFileId="20" StartOffset="3780"/>
</LocList>
</BasicStmnt>
<BasicStmnt CovItemId="S50" CovItemPrefix="my.PSM.PSM_Interface.ScheduleForm.java" Intrnl_Id="2616">
<LocList>
<Loc EndOffset="3866" SrcFileId="20" StartOffset="3841"/>
</LocList>
</BasicStmnt>
<BasicStmnt CovItemId="S51" CovItemPrefix="my.PSM.PSM_Interface.ScheduleForm.java" Intrnl_Id="2617">
<LocList>
<Loc EndOffset="3902" SrcFileId="20" StartOffset="3875"/>
<Loc EndOffset="4085" SrcFileId="20" StartOffset="4083"/>
</LocList>
</BasicStmnt>
<BasicStmnt CovItemId="S53" CovItemPrefix="my.PSM.PSM_Interface.ScheduleForm.java" Intrnl_Id="2618">
<LocList>
<Loc EndOffset="4147" SrcFileId="20" StartOffset="4095"/>
</LocList>
</BasicStmnt>
<BasicStmnt CovItemId="S54" CovItemPrefix="my.PSM.PSM_Interface.ScheduleForm.java" Intrnl_Id="2619">
<LocList>
<Loc EndOffset="4183" SrcFileId="20" StartOffset="4156"/>
</LocList>
</BasicStmnt>
<BasicStmnt CovItemId="S55" CovItemPrefix="my.PSM.PSM_Interface.ScheduleForm.java" Intrnl_Id="2620">
<LocList>
<Loc EndOffset="4219" SrcFileId="20" StartOffset="4192"/>
<Loc EndOffset="4402" SrcFileId="20" StartOffset="4400"/>
</LocList>
</BasicStmnt>
<BasicStmnt CovItemId="S57" CovItemPrefix="my.PSM.PSM_Interface.ScheduleForm.java" Intrnl_Id="2621">
<LocList>
<Loc EndOffset="4678" SrcFileId="20" StartOffset="4412"/>
</LocList>
</BasicStmnt>
<BasicStmnt CovItemId="S58" CovItemPrefix="my.PSM.PSM_Interface.ScheduleForm.java" Intrnl_Id="2622">
<LocList>
<Loc EndOffset="4739" SrcFileId="20" StartOffset="4688"/>
</LocList>
</BasicStmnt>
<BasicStmnt CovItemId="S59" CovItemPrefix="my.PSM.PSM_Interface.ScheduleForm.java" Intrnl_Id="2623">
<LocList>
<Loc EndOffset="4777" SrcFileId="20" StartOffset="4748"/>
</LocList>
</BasicStmnt>
<BasicStmnt CovItemId="S60" CovItemPrefix="my.PSM.PSM_Interface.ScheduleForm.java" Intrnl_Id="2624">
<LocList>
<Loc EndOffset="4841" SrcFileId="20" StartOffset="4787"/>
</LocList>
</BasicStmnt>
<BasicStmnt CovItemId="S61" CovItemPrefix="my.PSM.PSM_Interface.ScheduleForm.java" Intrnl_Id="2625">
<LocList>
<Loc EndOffset="4998" SrcFileId="20" StartOffset="4850"/>
</LocList>
</BasicStmnt>
<BasicStmnt CovItemId="S62" CovItemPrefix="my.PSM.PSM_Interface.ScheduleForm.java" Intrnl_Id="2626">
<LocList>
<Loc EndOffset="5036" SrcFileId="20" StartOffset="5007"/>
<Loc EndOffset="5221" SrcFileId="20" StartOffset="5219"/>
</LocList>
</BasicStmnt>
<BasicStmnt CovItemId="S64" CovItemPrefix="my.PSM.PSM_Interface.ScheduleForm.java" Intrnl_Id="2627">
<LocList>
<Loc EndOffset="5282" SrcFileId="20" StartOffset="5231"/>
</LocList>
</BasicStmnt>
<BasicStmnt CovItemId="S65" CovItemPrefix="my.PSM.PSM_Interface.ScheduleForm.java" Intrnl_Id="2628">
<LocList>
<Loc EndOffset="5322" SrcFileId="20" StartOffset="5291"/>
</LocList>
</BasicStmnt>
<BasicStmnt CovItemId="S66" CovItemPrefix="my.PSM.PSM_Interface.ScheduleForm.java" Intrnl_Id="2629">
<LocList>
<Loc EndOffset="5383" SrcFileId="20" StartOffset="5332"/>
</LocList>
</BasicStmnt>
<BasicStmnt CovItemId="S67" CovItemPrefix="my.PSM.PSM_Interface.ScheduleForm.java" Intrnl_Id="2630">
<LocList>
<Loc EndOffset="5421" SrcFileId="20" StartOffset="5392"/>
</LocList>
</BasicStmnt>
<BasicStmnt CovItemId="S68" CovItemPrefix="my.PSM.PSM_Interface.ScheduleForm.java" Intrnl_Id="2631">
<LocList>
<Loc EndOffset="5483" SrcFileId="20" StartOffset="5431"/>
</LocList>
</BasicStmnt>
<BasicStmnt CovItemId="S69" CovItemPrefix="my.PSM.PSM_Interface.ScheduleForm.java" Intrnl_Id="2632">
<LocList>
<Loc EndOffset="5522" SrcFileId="20" StartOffset="5492"/>
</LocList>
</BasicStmnt>
<BasicStmnt CovItemId="S70" CovItemPrefix="my.PSM.PSM_Interface.ScheduleForm.java" Intrnl_Id="2633">
<LocList>
<Loc EndOffset="5584" SrcFileId="20" StartOffset="5532"/>
</LocList>
</BasicStmnt>
<BasicStmnt CovItemId="S71" CovItemPrefix="my.PSM.PSM_Interface.ScheduleForm.java" Intrnl_Id="2634">
<LocList>
<Loc EndOffset="5623" SrcFileId="20" StartOffset="5593"/>
</LocList>
</BasicStmnt>
<BasicStmnt CovItemId="S72" CovItemPrefix="my.PSM.PSM_Interface.ScheduleForm.java" Intrnl_Id="2635">
<LocList>
<Loc EndOffset="5726" SrcFileId="20" StartOffset="5633"/>
</LocList>
</BasicStmnt>
<BasicStmnt CovItemId="S73" CovItemPrefix="my.PSM.PSM_Interface.ScheduleForm.java" Intrnl_Id="2636">
<LocList>
<Loc EndOffset="5768" SrcFileId="20" StartOffset="5735"/>
</LocList>
</BasicStmnt>
<BasicStmnt CovItemId="S74" CovItemPrefix="my.PSM.PSM_Interface.ScheduleForm.java" Intrnl_Id="2637">
<LocList>
<Loc EndOffset="7486" SrcFileId="20" StartOffset="5777"/>
</LocList>
</BasicStmnt>
<BasicStmnt CovItemId="S75" CovItemPrefix="my.PSM.PSM_Interface.ScheduleForm.java" Intrnl_Id="2638">
<LocList>
<Loc EndOffset="8752" SrcFileId="20" StartOffset="7495"/>
</LocList>
</BasicStmnt>
<BasicStmnt CovItemId="S76" CovItemPrefix="my.PSM.PSM_Interface.ScheduleForm.java" Intrnl_Id="2639">
<LocList>
<Loc EndOffset="9025" SrcFileId="20" StartOffset="8762"/>
</LocList>
</BasicStmnt>
<BasicStmnt CovItemId="S77" CovItemPrefix="my.PSM.PSM_Interface.ScheduleForm.java" Intrnl_Id="2640">
<LocList>
<Loc EndOffset="9086" SrcFileId="20" StartOffset="9035"/>
</LocList>
</BasicStmnt>
<BasicStmnt CovItemId="S78" CovItemPrefix="my.PSM.PSM_Interface.ScheduleForm.java" Intrnl_Id="2641">
<LocList>
<Loc EndOffset="9123" SrcFileId="20" StartOffset="9095"/>
</LocList>
</BasicStmnt>
<BasicStmnt CovItemId="S79" CovItemPrefix="my.PSM.PSM_Interface.ScheduleForm.java" Intrnl_Id="2642">
<LocList>
<Loc EndOffset="9184" SrcFileId="20" StartOffset="9133"/>
</LocList>
</BasicStmnt>
<BasicStmnt CovItemId="S80" CovItemPrefix="my.PSM.PSM_Interface.ScheduleForm.java" Intrnl_Id="2643">
<LocList>
<Loc EndOffset="9225" SrcFileId="20" StartOffset="9193"/>
</LocList>
</BasicStmnt>
<BasicStmnt CovItemId="S81" CovItemPrefix="my.PSM.PSM_Interface.ScheduleForm.java" Intrnl_Id="2644">
<LocList>
<Loc EndOffset="9286" SrcFileId="20" StartOffset="9235"/>
</LocList>
</BasicStmnt>
<BasicStmnt CovItemId="S82" CovItemPrefix="my.PSM.PSM_Interface.ScheduleForm.java" Intrnl_Id="2645">
<LocList>
<Loc EndOffset="9329" SrcFileId="20" StartOffset="9295"/>
</LocList>
</BasicStmnt>
<BasicStmnt CovItemId="S83" CovItemPrefix="my.PSM.PSM_Interface.ScheduleForm.java" Intrnl_Id="2646">
<LocList>
<Loc EndOffset="9369" SrcFileId="20" StartOffset="9339"/>
<Loc EndOffset="9555" SrcFileId="20" StartOffset="9553"/>
</LocList>
</BasicStmnt>
<BasicStmnt CovItemId="S85" CovItemPrefix="my.PSM.PSM_Interface.ScheduleForm.java" Intrnl_Id="2647">
<LocList>
<Loc EndOffset="9595" SrcFileId="20" StartOffset="9565"/>
<Loc EndOffset="9781" SrcFileId="20" StartOffset="9779"/>
</LocList>
</BasicStmnt>
<BasicStmnt CovItemId="S87" CovItemPrefix="my.PSM.PSM_Interface.ScheduleForm.java" Intrnl_Id="2648">
<LocList>
<Loc EndOffset="9843" SrcFileId="20" StartOffset="9791"/>
</LocList>
</BasicStmnt>
<BasicStmnt CovItemId="S88" CovItemPrefix="my.PSM.PSM_Interface.ScheduleForm.java" Intrnl_Id="2649">
<LocList>
<Loc EndOffset="9878" SrcFileId="20" StartOffset="9852"/>
</LocList>
</BasicStmnt>
<BasicStmnt CovItemId="S89" CovItemPrefix="my.PSM.PSM_Interface.ScheduleForm.java" Intrnl_Id="2650">
<LocList>
<Loc EndOffset="9981" SrcFileId="20" StartOffset="9888"/>
</LocList>
</BasicStmnt>
<BasicStmnt CovItemId="S90" CovItemPrefix="my.PSM.PSM_Interface.ScheduleForm.java" Intrnl_Id="2651">
<LocList>
<Loc EndOffset="10023" SrcFileId="20" StartOffset="9990"/>
</LocList>
</BasicStmnt>
<BasicStmnt CovItemId="S91" CovItemPrefix="my.PSM.PSM_Interface.ScheduleForm.java" Intrnl_Id="2652">
<LocList>
<Loc EndOffset="11499" SrcFileId="20" StartOffset="10032"/>
</LocList>
</BasicStmnt>
<BasicStmnt CovItemId="S92" CovItemPrefix="my.PSM.PSM_Interface.ScheduleForm.java" Intrnl_Id="2653">
<LocList>
<Loc EndOffset="12675" SrcFileId="20" StartOffset="11508"/>
</LocList>
</BasicStmnt>
<BasicStmnt CovItemId="S93" CovItemPrefix="my.PSM.PSM_Interface.ScheduleForm.java" Intrnl_Id="2654">
<LocList>
<Loc EndOffset="12942" SrcFileId="20" StartOffset="12685"/>
</LocList>
</BasicStmnt>
<BasicStmnt CovItemId="S94" CovItemPrefix="my.PSM.PSM_Interface.ScheduleForm.java" Intrnl_Id="2655">
<LocList>
<Loc EndOffset="13003" SrcFileId="20" StartOffset="12952"/>
</LocList>
</BasicStmnt>
<BasicStmnt CovItemId="S95" CovItemPrefix="my.PSM.PSM_Interface.ScheduleForm.java" Intrnl_Id="2656">
<LocList>
<Loc EndOffset="13078" SrcFileId="20" StartOffset="13012"/>
</LocList>
</BasicStmnt>
<BasicStmnt CovItemId="S96" CovItemPrefix="my.PSM.PSM_Interface.ScheduleForm.java" Intrnl_Id="2657">
<LocList>
<Loc EndOffset="13113" SrcFileId="20" StartOffset="13087"/>
</LocList>
</BasicStmnt>
<BasicStmnt CovItemId="S97" CovItemPrefix="my.PSM.PSM_Interface.ScheduleForm.java" Intrnl_Id="2658">
<LocList>
<Loc EndOffset="13175" SrcFileId="20" StartOffset="13123"/>
</LocList>
</BasicStmnt>
<BasicStmnt CovItemId="S98" CovItemPrefix="my.PSM.PSM_Interface.ScheduleForm.java" Intrnl_Id="2659">
<LocList>
<Loc EndOffset="13216" SrcFileId="20" StartOffset="13184"/>
</LocList>
</BasicStmnt>
<BasicStmnt CovItemId="S99" CovItemPrefix="my.PSM.PSM_Interface.ScheduleForm.java" Intrnl_Id="2660">
<LocList>
<Loc EndOffset="13278" SrcFileId="20" StartOffset="13226"/>
</LocList>
</BasicStmnt>
<BasicStmnt CovItemId="S100" CovItemPrefix="my.PSM.PSM_Interface.ScheduleForm.java" Intrnl_Id="2661">
<LocList>
<Loc EndOffset="13317" SrcFileId="20" StartOffset="13287"/>
</LocList>
</BasicStmnt>
<BasicStmnt CovItemId="S101" CovItemPrefix="my.PSM.PSM_Interface.ScheduleForm.java" Intrnl_Id="2662">
<LocList>
<Loc EndOffset="13378" SrcFileId="20" StartOffset="13327"/>
</LocList>
</BasicStmnt>
<BasicStmnt CovItemId="S102" CovItemPrefix="my.PSM.PSM_Interface.ScheduleForm.java" Intrnl_Id="2663">
<LocList>
<Loc EndOffset="13414" SrcFileId="20" StartOffset="13387"/>
</LocList>
</BasicStmnt>
<BasicStmnt CovItemId="S103" CovItemPrefix="my.PSM.PSM_Interface.ScheduleForm.java" Intrnl_Id="2664">
<LocList>
<Loc EndOffset="13475" SrcFileId="20" StartOffset="13424"/>
</LocList>
</BasicStmnt>
<BasicStmnt CovItemId="S104" CovItemPrefix="my.PSM.PSM_Interface.ScheduleForm.java" Intrnl_Id="2665">
<LocList>
<Loc EndOffset="13513" SrcFileId="20" StartOffset="13484"/>
</LocList>
</BasicStmnt>
<BasicStmnt CovItemId="S105" CovItemPrefix="my.PSM.PSM_Interface.ScheduleForm.java" Intrnl_Id="2666">
<LocList>
<Loc EndOffset="13575" SrcFileId="20" StartOffset="13523"/>
</LocList>
</BasicStmnt>
<BasicStmnt CovItemId="S106" CovItemPrefix="my.PSM.PSM_Interface.ScheduleForm.java" Intrnl_Id="2667">
<LocList>
<Loc EndOffset="13613" SrcFileId="20" StartOffset="13584"/>
</LocList>
</BasicStmnt>
<BasicStmnt CovItemId="S107" CovItemPrefix="my.PSM.PSM_Interface.ScheduleForm.java" Intrnl_Id="2668">
<LocList>
<Loc EndOffset="13675" SrcFileId="20" StartOffset="13623"/>
</LocList>
</BasicStmnt>
<BasicStmnt CovItemId="S108" CovItemPrefix="my.PSM.PSM_Interface.ScheduleForm.java" Intrnl_Id="2669">
<LocList>
<Loc EndOffset="13711" SrcFileId="20" StartOffset="13684"/>
</LocList>
</BasicStmnt>
<BasicStmnt CovItemId="S109" CovItemPrefix="my.PSM.PSM_Interface.ScheduleForm.java" Intrnl_Id="2670">
<LocList>
<Loc EndOffset="13773" SrcFileId="20" StartOffset="13721"/>
</LocList>
</BasicStmnt>
<BasicStmnt CovItemId="S110" CovItemPrefix="my.PSM.PSM_Interface.ScheduleForm.java" Intrnl_Id="2671">
<LocList>
<Loc EndOffset="13811" SrcFileId="20" StartOffset="13782"/>
</LocList>
</BasicStmnt>
<BasicStmnt CovItemId="S111" CovItemPrefix="my.PSM.PSM_Interface.ScheduleForm.java" Intrnl_Id="2672">
<LocList>
<Loc EndOffset="13873" SrcFileId="20" StartOffset="13821"/>
</LocList>
</BasicStmnt>
<BasicStmnt CovItemId="S112" CovItemPrefix="my.PSM.PSM_Interface.ScheduleForm.java" Intrnl_Id="2673">
<LocList>
<Loc EndOffset="13927" SrcFileId="20" StartOffset="13882"/>
</LocList>
</BasicStmnt>
<BasicStmnt CovItemId="S113" CovItemPrefix="my.PSM.PSM_Interface.ScheduleForm.java" Intrnl_Id="2674">
<LocList>
<Loc EndOffset="13967" SrcFileId="20" StartOffset="13937"/>
<Loc EndOffset="14153" SrcFileId="20" StartOffset="14151"/>
</LocList>
</BasicStmnt>
<BasicStmnt CovItemId="S115" CovItemPrefix="my.PSM.PSM_Interface.ScheduleForm.java" Intrnl_Id="2675">
<LocList>
<Loc EndOffset="14193" SrcFileId="20" StartOffset="14163"/>
<Loc EndOffset="14379" SrcFileId="20" StartOffset="14377"/>
</LocList>
</BasicStmnt>
<BasicStmnt CovItemId="S117" CovItemPrefix="my.PSM.PSM_Interface.ScheduleForm.java" Intrnl_Id="2676">
<LocList>
<Loc EndOffset="14420" SrcFileId="20" StartOffset="14389"/>
<Loc EndOffset="14607" SrcFileId="20" StartOffset="14605"/>
</LocList>
</BasicStmnt>
<BasicStmnt CovItemId="S119" CovItemPrefix="my.PSM.PSM_Interface.ScheduleForm.java" Intrnl_Id="2677">
<LocList>
<Loc EndOffset="14648" SrcFileId="20" StartOffset="14617"/>
<Loc EndOffset="14835" SrcFileId="20" StartOffset="14833"/>
</LocList>
</BasicStmnt>
<BasicStmnt CovItemId="S121" CovItemPrefix="my.PSM.PSM_Interface.ScheduleForm.java" Intrnl_Id="2678">
<LocList>
<Loc EndOffset="14876" SrcFileId="20" StartOffset="14845"/>
<Loc EndOffset="15063" SrcFileId="20" StartOffset="15061"/>
</LocList>
</BasicStmnt>
<BasicStmnt CovItemId="S123" CovItemPrefix="my.PSM.PSM_Interface.ScheduleForm.java" Intrnl_Id="2679">
<LocList>
<Loc EndOffset="15104" SrcFileId="20" StartOffset="15073"/>
<Loc EndOffset="15291" SrcFileId="20" StartOffset="15289"/>
</LocList>
</BasicStmnt>
<BasicStmnt CovItemId="S125" CovItemPrefix="my.PSM.PSM_Interface.ScheduleForm.java" Intrnl_Id="2680">
<LocList>
<Loc EndOffset="15332" SrcFileId="20" StartOffset="15301"/>
<Loc EndOffset="15519" SrcFileId="20" StartOffset="15517"/>
</LocList>
</BasicStmnt>
<BasicStmnt CovItemId="S127" CovItemPrefix="my.PSM.PSM_Interface.ScheduleForm.java" Intrnl_Id="2681">
<LocList>
<Loc EndOffset="15560" SrcFileId="20" StartOffset="15529"/>
<Loc EndOffset="15747" SrcFileId="20" StartOffset="15745"/>
</LocList>
</BasicStmnt>
<BasicStmnt CovItemId="S129" CovItemPrefix="my.PSM.PSM_Interface.ScheduleForm.java" Intrnl_Id="2682">
<LocList>
<Loc EndOffset="15850" SrcFileId="20" StartOffset="15757"/>
</LocList>
</BasicStmnt>
<BasicStmnt CovItemId="S130" CovItemPrefix="my.PSM.PSM_Interface.ScheduleForm.java" Intrnl_Id="2683">
<LocList>
<Loc EndOffset="15892" SrcFileId="20" StartOffset="15859"/>
</LocList>
</BasicStmnt>
<BasicStmnt CovItemId="S131" CovItemPrefix="my.PSM.PSM_Interface.ScheduleForm.java" Intrnl_Id="2684">
<LocList>
<Loc EndOffset="19552" SrcFileId="20" StartOffset="15901"/>
</LocList>
</BasicStmnt>
<BasicStmnt CovItemId="S132" CovItemPrefix="my.PSM.PSM_Interface.ScheduleForm.java" Intrnl_Id="2685">
<LocList>
<Loc EndOffset="22832" SrcFileId="20" StartOffset="19561"/>
</LocList>
</BasicStmnt>
<BasicStmnt CovItemId="S133" CovItemPrefix="my.PSM.PSM_Interface.ScheduleForm.java" Intrnl_Id="2686">
<LocList>
<Loc EndOffset="22937" SrcFileId="20" StartOffset="22842"/>
</LocList>
</BasicStmnt>
<BasicStmnt CovItemId="S134" CovItemPrefix="my.PSM.PSM_Interface.ScheduleForm.java" Intrnl_Id="2687">
<LocList>
<Loc EndOffset="22981" SrcFileId="20" StartOffset="22946"/>
</LocList>
</BasicStmnt>
<BasicStmnt CovItemId="S135" CovItemPrefix="my.PSM.PSM_Interface.ScheduleForm.java" Intrnl_Id="2688">
<LocList>
<Loc EndOffset="24144" SrcFileId="20" StartOffset="22990"/>
</LocList>
</BasicStmnt>
<BasicStmnt CovItemId="S136" CovItemPrefix="my.PSM.PSM_Interface.ScheduleForm.java" Intrnl_Id="2689">
<LocList>
<Loc EndOffset="25216" SrcFileId="20" StartOffset="24153"/>
</LocList>
</BasicStmnt>
<BasicStmnt CovItemId="S137" CovItemPrefix="my.PSM.PSM_Interface.ScheduleForm.java" Intrnl_Id="2690">
<LocList>
<Loc EndOffset="25233" SrcFileId="20" StartOffset="25226"/>
</LocList>
</BasicStmnt>
</StmntSeq>
<HierarchyLvl HierarchyLvlId="14555" HierarchyLvlTypeId="30" Intrnl_Id="2691" Name="java.awt.event.ActionListener">
<Header>
<Loc EndOffset="3937" SrcFileId="20" StartOffset="3906"/>
</Header>
<LocList>
<Loc EndOffset="4083" SrcFileId="20" StartOffset="3902"/>
</LocList>
<HierarchyLvl HierarchyLvlId="14554" HierarchyLvlTypeId="31" Intrnl_Id="2692" Name="actionPerformed">
<Header>
<Loc EndOffset="4011" SrcFileId="20" StartOffset="3952"/>
</Header>
<LocList>
<Loc EndOffset="4073" SrcFileId="20" StartOffset="3952"/>
</LocList>
<StmntSeq Intrnl_Id="2693">
<LocList>
<Loc EndOffset="4059" SrcFileId="20" StartOffset="4030"/>
</LocList>
<BasicStmnt CovItemId="S52" CovItemPrefix="my.PSM.PSM_Interface.ScheduleForm.java" Intrnl_Id="2694">
<LocList>
<Loc EndOffset="4059" SrcFileId="20" StartOffset="4030"/>
</LocList>
</BasicStmnt>
</StmntSeq>
</HierarchyLvl>
</HierarchyLvl>
<HierarchyLvl HierarchyLvlId="14557" HierarchyLvlTypeId="30" Intrnl_Id="2695" Name="java.awt.event.ActionListener">
<Header>
<Loc EndOffset="4254" SrcFileId="20" StartOffset="4223"/>
</Header>
<LocList>
<Loc EndOffset="4400" SrcFileId="20" StartOffset="4219"/>
</LocList>
<HierarchyLvl HierarchyLvlId="14556" HierarchyLvlTypeId="31" Intrnl_Id="2696" Name="actionPerformed">
<Header>
<Loc EndOffset="4328" SrcFileId="20" StartOffset="4269"/>
</Header>
<LocList>
<Loc EndOffset="4390" SrcFileId="20" StartOffset="4269"/>
</LocList>
<StmntSeq Intrnl_Id="2697">
<LocList>
<Loc EndOffset="4376" SrcFileId="20" StartOffset="4347"/>
</LocList>
<BasicStmnt CovItemId="S56" CovItemPrefix="my.PSM.PSM_Interface.ScheduleForm.java" Intrnl_Id="2698">
<LocList>
<Loc EndOffset="4376" SrcFileId="20" StartOffset="4347"/>
</LocList>
</BasicStmnt>
</StmntSeq>
</HierarchyLvl>
</HierarchyLvl>
<HierarchyLvl HierarchyLvlId="14559" HierarchyLvlTypeId="30" Intrnl_Id="2699" Name="java.awt.event.ActionListener">
<Header>
<Loc EndOffset="5071" SrcFileId="20" StartOffset="5040"/>
</Header>
<LocList>
<Loc EndOffset="5219" SrcFileId="20" StartOffset="5036"/>
</LocList>
<HierarchyLvl HierarchyLvlId="14558" HierarchyLvlTypeId="31" Intrnl_Id="2700" Name="actionPerformed">
<Header>
<Loc EndOffset="5145" SrcFileId="20" StartOffset="5086"/>
</Header>
<LocList>
<Loc EndOffset="5209" SrcFileId="20" StartOffset="5086"/>
</LocList>
<StmntSeq Intrnl_Id="2701">
<LocList>
<Loc EndOffset="5195" SrcFileId="20" StartOffset="5164"/>
</LocList>
<BasicStmnt CovItemId="S63" CovItemPrefix="my.PSM.PSM_Interface.ScheduleForm.java" Intrnl_Id="2702">
<LocList>
<Loc EndOffset="5195" SrcFileId="20" StartOffset="5164"/>
</LocList>
</BasicStmnt>
</StmntSeq>
</HierarchyLvl>
</HierarchyLvl>
<HierarchyLvl HierarchyLvlId="14561" HierarchyLvlTypeId="30" Intrnl_Id="2703" Name="java.awt.event.ActionListener">
<Header>
<Loc EndOffset="9404" SrcFileId="20" StartOffset="9373"/>
</Header>
<LocList>
<Loc EndOffset="9553" SrcFileId="20" StartOffset="9369"/>
</LocList>
<HierarchyLvl HierarchyLvlId="14560" HierarchyLvlTypeId="31" Intrnl_Id="2704" Name="actionPerformed">
<Header>
<Loc EndOffset="9478" SrcFileId="20" StartOffset="9419"/>
</Header>
<LocList>
<Loc EndOffset="9543" SrcFileId="20" StartOffset="9419"/>
</LocList>
<StmntSeq Intrnl_Id="2705">
<LocList>
<Loc EndOffset="9529" SrcFileId="20" StartOffset="9497"/>
</LocList>
<BasicStmnt CovItemId="S84" CovItemPrefix="my.PSM.PSM_Interface.ScheduleForm.java" Intrnl_Id="2706">
<LocList>
<Loc EndOffset="9529" SrcFileId="20" StartOffset="9497"/>
</LocList>
</BasicStmnt>
</StmntSeq>
</HierarchyLvl>
</HierarchyLvl>
<HierarchyLvl HierarchyLvlId="14563" HierarchyLvlTypeId="30" Intrnl_Id="2707" Name="java.awt.event.ActionListener">
<Header>
<Loc EndOffset="9630" SrcFileId="20" StartOffset="9599"/>
</Header>
<LocList>
<Loc EndOffset="9779" SrcFileId="20" StartOffset="9595"/>
</LocList>
<HierarchyLvl HierarchyLvlId="14562" HierarchyLvlTypeId="31" Intrnl_Id="2708" Name="actionPerformed">
<Header>
<Loc EndOffset="9704" SrcFileId="20" StartOffset="9645"/>
</Header>
<LocList>
<Loc EndOffset="9769" SrcFileId="20" StartOffset="9645"/>
</LocList>
<StmntSeq Intrnl_Id="2709">
<LocList>
<Loc EndOffset="9755" SrcFileId="20" StartOffset="9723"/>
</LocList>
<BasicStmnt CovItemId="S86" CovItemPrefix="my.PSM.PSM_Interface.ScheduleForm.java" Intrnl_Id="2710">
<LocList>
<Loc EndOffset="9755" SrcFileId="20" StartOffset="9723"/>
</LocList>
</BasicStmnt>
</StmntSeq>
</HierarchyLvl>
</HierarchyLvl>
<HierarchyLvl HierarchyLvlId="14565" HierarchyLvlTypeId="30" Intrnl_Id="2711" Name="java.awt.event.ActionListener">
<Header>
<Loc EndOffset="14002" SrcFileId="20" StartOffset="13971"/>
</Header>
<LocList>
<Loc EndOffset="14151" SrcFileId="20" StartOffset="13967"/>
</LocList>
<HierarchyLvl HierarchyLvlId="14564" HierarchyLvlTypeId="31" Intrnl_Id="2712" Name="actionPerformed">
<Header>
<Loc EndOffset="14076" SrcFileId="20" StartOffset="14017"/>
</Header>
<LocList>
<Loc EndOffset="14141" SrcFileId="20" StartOffset="14017"/>
</LocList>
<StmntSeq Intrnl_Id="2713">
<LocList>
<Loc EndOffset="14127" SrcFileId="20" StartOffset="14095"/>
</LocList>
<BasicStmnt CovItemId="S114" CovItemPrefix="my.PSM.PSM_Interface.ScheduleForm.java" Intrnl_Id="2714">
<LocList>
<Loc EndOffset="14127" SrcFileId="20" StartOffset="14095"/>
</LocList>
</BasicStmnt>
</StmntSeq>
</HierarchyLvl>
</HierarchyLvl>
<HierarchyLvl HierarchyLvlId="14567" HierarchyLvlTypeId="30" Intrnl_Id="2715" Name="java.awt.event.ActionListener">
<Header>
<Loc EndOffset="14228" SrcFileId="20" StartOffset="14197"/>
</Header>
<LocList>
<Loc EndOffset="14377" SrcFileId="20" StartOffset="14193"/>
</LocList>
<HierarchyLvl HierarchyLvlId="14566" HierarchyLvlTypeId="31" Intrnl_Id="2716" Name="actionPerformed">
<Header>
<Loc EndOffset="14302" SrcFileId="20" StartOffset="14243"/>
</Header>
<LocList>
<Loc EndOffset="14367" SrcFileId="20" StartOffset="14243"/>
</LocList>
<StmntSeq Intrnl_Id="2717">
<LocList>
<Loc EndOffset="14353" SrcFileId="20" StartOffset="14321"/>
</LocList>
<BasicStmnt CovItemId="S116" CovItemPrefix="my.PSM.PSM_Interface.ScheduleForm.java" Intrnl_Id="2718">
<LocList>
<Loc EndOffset="14353" SrcFileId="20" StartOffset="14321"/>
</LocList>
</BasicStmnt>
</StmntSeq>
</HierarchyLvl>
</HierarchyLvl>
<HierarchyLvl HierarchyLvlId="14569" HierarchyLvlTypeId="30" Intrnl_Id="2719" Name="java.awt.event.ActionListener">
<Header>
<Loc EndOffset="14455" SrcFileId="20" StartOffset="14424"/>
</Header>
<LocList>
<Loc EndOffset="14605" SrcFileId="20" StartOffset="14420"/>
</LocList>
<HierarchyLvl HierarchyLvlId="14568" HierarchyLvlTypeId="31" Intrnl_Id="2720" Name="actionPerformed">
<Header>
<Loc EndOffset="14529" SrcFileId="20" StartOffset="14470"/>
</Header>
<LocList>
<Loc EndOffset="14595" SrcFileId="20" StartOffset="14470"/>
</LocList>
<StmntSeq Intrnl_Id="2721">
<LocList>
<Loc EndOffset="14581" SrcFileId="20" StartOffset="14548"/>
</LocList>
<BasicStmnt CovItemId="S118" CovItemPrefix="my.PSM.PSM_Interface.ScheduleForm.java" Intrnl_Id="2722">
<LocList>
<Loc EndOffset="14581" SrcFileId="20" StartOffset="14548"/>
</LocList>
</BasicStmnt>
</StmntSeq>
</HierarchyLvl>
</HierarchyLvl>
<HierarchyLvl HierarchyLvlId="14571" HierarchyLvlTypeId="30" Intrnl_Id="2723" Name="java.awt.event.ActionListener">
<Header>
<Loc EndOffset="14683" SrcFileId="20" StartOffset="14652"/>
</Header>
<LocList>
<Loc EndOffset="14833" SrcFileId="20" StartOffset="14648"/>
</LocList>
<HierarchyLvl HierarchyLvlId="14570" HierarchyLvlTypeId="31" Intrnl_Id="2724" Name="actionPerformed">
<Header>
<Loc EndOffset="14757" SrcFileId="20" StartOffset="14698"/>
</Header>
<LocList>
<Loc EndOffset="14823" SrcFileId="20" StartOffset="14698"/>
</LocList>
<StmntSeq Intrnl_Id="2725">
<LocList>
<Loc EndOffset="14809" SrcFileId="20" StartOffset="14776"/>
</LocList>
<BasicStmnt CovItemId="S120" CovItemPrefix="my.PSM.PSM_Interface.ScheduleForm.java" Intrnl_Id="2726">
<LocList>
<Loc EndOffset="14809" SrcFileId="20" StartOffset="14776"/>
</LocList>
</BasicStmnt>
</StmntSeq>
</HierarchyLvl>
</HierarchyLvl>
<HierarchyLvl HierarchyLvlId="14573" HierarchyLvlTypeId="30" Intrnl_Id="2727" Name="java.awt.event.ActionListener">
<Header>
<Loc EndOffset="14911" SrcFileId="20" StartOffset="14880"/>
</Header>
<LocList>
<Loc EndOffset="15061" SrcFileId="20" StartOffset="14876"/>
</LocList>
<HierarchyLvl HierarchyLvlId="14572" HierarchyLvlTypeId="31" Intrnl_Id="2728" Name="actionPerformed">
<Header>
<Loc EndOffset="14985" SrcFileId="20" StartOffset="14926"/>
</Header>
<LocList>
<Loc EndOffset="15051" SrcFileId="20" StartOffset="14926"/>
</LocList>
<StmntSeq Intrnl_Id="2729">
<LocList>
<Loc EndOffset="15037" SrcFileId="20" StartOffset="15004"/>
</LocList>
<BasicStmnt CovItemId="S122" CovItemPrefix="my.PSM.PSM_Interface.ScheduleForm.java" Intrnl_Id="2730">
<LocList>
<Loc EndOffset="15037" SrcFileId="20" StartOffset="15004"/>
</LocList>
</BasicStmnt>
</StmntSeq>
</HierarchyLvl>
</HierarchyLvl>
<HierarchyLvl HierarchyLvlId="14575" HierarchyLvlTypeId="30" Intrnl_Id="2731" Name="java.awt.event.ActionListener">
<Header>
<Loc EndOffset="15139" SrcFileId="20" StartOffset="15108"/>
</Header>
<LocList>
<Loc EndOffset="15289" SrcFileId="20" StartOffset="15104"/>
</LocList>
<HierarchyLvl HierarchyLvlId="14574" HierarchyLvlTypeId="31" Intrnl_Id="2732" Name="actionPerformed">
<Header>
<Loc EndOffset="15213" SrcFileId="20" StartOffset="15154"/>
</Header>
<LocList>
<Loc EndOffset="15279" SrcFileId="20" StartOffset="15154"/>
</LocList>
<StmntSeq Intrnl_Id="2733">
<LocList>
<Loc EndOffset="15265" SrcFileId="20" StartOffset="15232"/>
</LocList>
<BasicStmnt CovItemId="S124" CovItemPrefix="my.PSM.PSM_Interface.ScheduleForm.java" Intrnl_Id="2734">
<LocList>
<Loc EndOffset="15265" SrcFileId="20" StartOffset="15232"/>
</LocList>
</BasicStmnt>
</StmntSeq>
</HierarchyLvl>
</HierarchyLvl>
<HierarchyLvl HierarchyLvlId="14577" HierarchyLvlTypeId="30" Intrnl_Id="2735" Name="java.awt.event.ActionListener">
<Header>
<Loc EndOffset="15367" SrcFileId="20" StartOffset="15336"/>
</Header>
<LocList>
<Loc EndOffset="15517" SrcFileId="20" StartOffset="15332"/>
</LocList>
<HierarchyLvl HierarchyLvlId="14576" HierarchyLvlTypeId="31" Intrnl_Id="2736" Name="actionPerformed">
<Header>
<Loc EndOffset="15441" SrcFileId="20" StartOffset="15382"/>
</Header>
<LocList>
<Loc EndOffset="15507" SrcFileId="20" StartOffset="15382"/>
</LocList>
<StmntSeq Intrnl_Id="2737">
<LocList>
<Loc EndOffset="15493" SrcFileId="20" StartOffset="15460"/>
</LocList>
<BasicStmnt CovItemId="S126" CovItemPrefix="my.PSM.PSM_Interface.ScheduleForm.java" Intrnl_Id="2738">
<LocList>
<Loc EndOffset="15493" SrcFileId="20" StartOffset="15460"/>
</LocList>
</BasicStmnt>
</StmntSeq>
</HierarchyLvl>
</HierarchyLvl>
<HierarchyLvl HierarchyLvlId="14579" HierarchyLvlTypeId="30" Intrnl_Id="2739" Name="java.awt.event.ActionListener">
<Header>
<Loc EndOffset="15595" SrcFileId="20" StartOffset="15564"/>
</Header>
<LocList>
<Loc EndOffset="15745" SrcFileId="20" StartOffset="15560"/>
</LocList>
<HierarchyLvl HierarchyLvlId="14578" HierarchyLvlTypeId="31" Intrnl_Id="2740" Name="actionPerformed">
<Header>
<Loc EndOffset="15669" SrcFileId="20" StartOffset="15610"/>
</Header>
<LocList>
<Loc EndOffset="15735" SrcFileId="20" StartOffset="15610"/>
</LocList>
<StmntSeq Intrnl_Id="2741">
<LocList>
<Loc EndOffset="15721" SrcFileId="20" StartOffset="15688"/>
</LocList>
<BasicStmnt CovItemId="S128" CovItemPrefix="my.PSM.PSM_Interface.ScheduleForm.java" Intrnl_Id="2742">
<LocList>
<Loc EndOffset="15721" SrcFileId="20" StartOffset="15688"/>
</LocList>
</BasicStmnt>
</StmntSeq>
</HierarchyLvl>
</HierarchyLvl>
</HierarchyLvl>
<HierarchyLvl HierarchyLvlId="14581" HierarchyLvlTypeId="31" Intrnl_Id="2743" Name="jButton2ActionPerformed">
<Header>
<Loc EndOffset="25354" SrcFileId="20" StartOffset="25286"/>
</Header>
<LocList>
<Loc EndOffset="26346" SrcFileId="20" StartOffset="25286"/>
</LocList>
<StmntSeq Intrnl_Id="2744">
<LocList>
<Loc EndOffset="25453" SrcFileId="20" StartOffset="25413"/>
<Loc EndOffset="25518" SrcFileId="20" StartOffset="25462"/>
<Loc EndOffset="25560" SrcFileId="20" StartOffset="25527"/>
<Loc EndOffset="25625" SrcFileId="20" StartOffset="25569"/>
<Loc EndOffset="25676" SrcFileId="20" StartOffset="25634"/>
<Loc EndOffset="25725" SrcFileId="20" StartOffset="25685"/>
<Loc EndOffset="25772" SrcFileId="20" StartOffset="25734"/>
<Loc EndOffset="25818" SrcFileId="20" StartOffset="25781"/>
<Loc EndOffset="25865" SrcFileId="20" StartOffset="25827"/>
<Loc EndOffset="25911" SrcFileId="20" StartOffset="25874"/>
<Loc EndOffset="25958" SrcFileId="20" StartOffset="25920"/>
<Loc EndOffset="26004" SrcFileId="20" StartOffset="25967"/>
<Loc EndOffset="26051" SrcFileId="20" StartOffset="26013"/>
<Loc EndOffset="26097" SrcFileId="20" StartOffset="26060"/>
<Loc EndOffset="26144" SrcFileId="20" StartOffset="26106"/>
<Loc EndOffset="26190" SrcFileId="20" StartOffset="26153"/>
<Loc EndOffset="26237" SrcFileId="20" StartOffset="26199"/>
<Loc EndOffset="26283" SrcFileId="20" StartOffset="26246"/>
<Loc EndOffset="26321" SrcFileId="20" StartOffset="26301"/>
<Loc EndOffset="26340" SrcFileId="20" StartOffset="26330"/>
</LocList>
<BasicStmnt CovItemId="S138" CovItemPrefix="my.PSM.PSM_Interface.ScheduleForm.java" Intrnl_Id="2745">
<LocList>
<Loc EndOffset="25453" SrcFileId="20" StartOffset="25413"/>
</LocList>
</BasicStmnt>
<BasicStmnt CovItemId="S139" CovItemPrefix="my.PSM.PSM_Interface.ScheduleForm.java" Intrnl_Id="2746">
<LocList>
<Loc EndOffset="25518" SrcFileId="20" StartOffset="25462"/>
</LocList>
</BasicStmnt>
<BasicStmnt CovItemId="S140" CovItemPrefix="my.PSM.PSM_Interface.ScheduleForm.java" Intrnl_Id="2747">
<LocList>
<Loc EndOffset="25560" SrcFileId="20" StartOffset="25527"/>
</LocList>
</BasicStmnt>
<BasicStmnt CovItemId="S141" CovItemPrefix="my.PSM.PSM_Interface.ScheduleForm.java" Intrnl_Id="2748">
<LocList>
<Loc EndOffset="25625" SrcFileId="20" StartOffset="25569"/>
</LocList>
</BasicStmnt>
<BasicStmnt CovItemId="S142" CovItemPrefix="my.PSM.PSM_Interface.ScheduleForm.java" Intrnl_Id="2749">
<LocList>
<Loc EndOffset="25676" SrcFileId="20" StartOffset="25634"/>
</LocList>
</BasicStmnt>
<BasicStmnt CovItemId="S143" CovItemPrefix="my.PSM.PSM_Interface.ScheduleForm.java" Intrnl_Id="2750">
<LocList>
<Loc EndOffset="25725" SrcFileId="20" StartOffset="25685"/>
</LocList>
</BasicStmnt>
<BasicStmnt CovItemId="S144" CovItemPrefix="my.PSM.PSM_Interface.ScheduleForm.java" Intrnl_Id="2751">
<LocList>
<Loc EndOffset="25772" SrcFileId="20" StartOffset="25734"/>
</LocList>
</BasicStmnt>
<BasicStmnt CovItemId="S145" CovItemPrefix="my.PSM.PSM_Interface.ScheduleForm.java" Intrnl_Id="2752">
<LocList>
<Loc EndOffset="25818" SrcFileId="20" StartOffset="25781"/>
</LocList>
</BasicStmnt>
<BasicStmnt CovItemId="S146" CovItemPrefix="my.PSM.PSM_Interface.ScheduleForm.java" Intrnl_Id="2753">
<LocList>
<Loc EndOffset="25865" SrcFileId="20" StartOffset="25827"/>
</LocList>
</BasicStmnt>
<BasicStmnt CovItemId="S147" CovItemPrefix="my.PSM.PSM_Interface.ScheduleForm.java" Intrnl_Id="2754">
<LocList>
<Loc EndOffset="25911" SrcFileId="20" StartOffset="25874"/>
</LocList>
</BasicStmnt>
<BasicStmnt CovItemId="S148" CovItemPrefix="my.PSM.PSM_Interface.ScheduleForm.java" Intrnl_Id="2755">
<LocList>
<Loc EndOffset="25958" SrcFileId="20" StartOffset="25920"/>
</LocList>
</BasicStmnt>
<BasicStmnt CovItemId="S149" CovItemPrefix="my.PSM.PSM_Interface.ScheduleForm.java" Intrnl_Id="2756">
<LocList>
<Loc EndOffset="26004" SrcFileId="20" StartOffset="25967"/>
</LocList>
</BasicStmnt>
<BasicStmnt CovItemId="S150" CovItemPrefix="my.PSM.PSM_Interface.ScheduleForm.java" Intrnl_Id="2757">
<LocList>
<Loc EndOffset="26051" SrcFileId="20" StartOffset="26013"/>
</LocList>
</BasicStmnt>
<BasicStmnt CovItemId="S151" CovItemPrefix="my.PSM.PSM_Interface.ScheduleForm.java" Intrnl_Id="2758">
<LocList>
<Loc EndOffset="26097" SrcFileId="20" StartOffset="26060"/>
</LocList>
</BasicStmnt>
<BasicStmnt CovItemId="S152" CovItemPrefix="my.PSM.PSM_Interface.ScheduleForm.java" Intrnl_Id="2759">
<LocList>
<Loc EndOffset="26144" SrcFileId="20" StartOffset="26106"/>
</LocList>
</BasicStmnt>
<BasicStmnt CovItemId="S153" CovItemPrefix="my.PSM.PSM_Interface.ScheduleForm.java" Intrnl_Id="2760">
<LocList>
<Loc EndOffset="26190" SrcFileId="20" StartOffset="26153"/>
</LocList>
</BasicStmnt>
<BasicStmnt CovItemId="S154" CovItemPrefix="my.PSM.PSM_Interface.ScheduleForm.java" Intrnl_Id="2761">
<LocList>
<Loc EndOffset="26237" SrcFileId="20" StartOffset="26199"/>
</LocList>
</BasicStmnt>
<BasicStmnt CovItemId="S155" CovItemPrefix="my.PSM.PSM_Interface.ScheduleForm.java" Intrnl_Id="2762">
<LocList>
<Loc EndOffset="26283" SrcFileId="20" StartOffset="26246"/>
</LocList>
</BasicStmnt>
<BasicStmnt CovItemId="S156" CovItemPrefix="my.PSM.PSM_Interface.ScheduleForm.java" Intrnl_Id="2763">
<LocList>
<Loc EndOffset="26321" SrcFileId="20" StartOffset="26301"/>
</LocList>
</BasicStmnt>
<BasicStmnt CovItemId="S157" CovItemPrefix="my.PSM.PSM_Interface.ScheduleForm.java" Intrnl_Id="2764">
<LocList>
<Loc EndOffset="26340" SrcFileId="20" StartOffset="26330"/>
</LocList>
</BasicStmnt>
</StmntSeq>
</HierarchyLvl>
<HierarchyLvl HierarchyLvlId="14582" HierarchyLvlTypeId="31" Intrnl_Id="2765" Name="jButton1ActionPerformed">
<Header>
<Loc EndOffset="26460" SrcFileId="20" StartOffset="26392"/>
</Header>
<LocList>
<Loc EndOffset="26528" SrcFileId="20" StartOffset="26392"/>
</LocList>
<StmntSeq Intrnl_Id="2766">
<LocList>
<Loc EndOffset="26522" SrcFileId="20" StartOffset="26512"/>
</LocList>
<BasicStmnt CovItemId="S158" CovItemPrefix="my.PSM.PSM_Interface.ScheduleForm.java" Intrnl_Id="2767">
<LocList>
<Loc EndOffset="26522" SrcFileId="20" StartOffset="26512"/>
</LocList>
</BasicStmnt>
</StmntSeq>
</HierarchyLvl>
<HierarchyLvl HierarchyLvlId="14583" HierarchyLvlTypeId="31" Intrnl_Id="2768" Name="jComboBox1ActionPerformed">
<Header>
<Loc EndOffset="26644" SrcFileId="20" StartOffset="26574"/>
</Header>
<LocList>
<Loc EndOffset="26740" SrcFileId="20" StartOffset="26574"/>
</LocList>
</HierarchyLvl>
<HierarchyLvl HierarchyLvlId="14584" HierarchyLvlTypeId="31" Intrnl_Id="2769" Name="jTextField1ActionPerformed">
<Header>
<Loc EndOffset="26859" SrcFileId="20" StartOffset="26788"/>
</Header>
<LocList>
<Loc EndOffset="26956" SrcFileId="20" StartOffset="26788"/>
</LocList>
</HierarchyLvl>
<HierarchyLvl HierarchyLvlId="14585" HierarchyLvlTypeId="31" Intrnl_Id="2770" Name="jTextField2ActionPerformed">
<Header>
<Loc EndOffset="27076" SrcFileId="20" StartOffset="27005"/>
</Header>
<LocList>
<Loc EndOffset="27173" SrcFileId="20" StartOffset="27005"/>
</LocList>
</HierarchyLvl>
<HierarchyLvl HierarchyLvlId="14586" HierarchyLvlTypeId="31" Intrnl_Id="2771" Name="jTextField7ActionPerformed">
<Header>
<Loc EndOffset="27293" SrcFileId="20" StartOffset="27222"/>
</Header>
<LocList>
<Loc EndOffset="27390" SrcFileId="20" StartOffset="27222"/>
</LocList>
</HierarchyLvl>
<HierarchyLvl HierarchyLvlId="14587" HierarchyLvlTypeId="31" Intrnl_Id="2772" Name="jTextField9ActionPerformed">
<Header>
<Loc EndOffset="27510" SrcFileId="20" StartOffset="27439"/>
</Header>
<LocList>
<Loc EndOffset="27607" SrcFileId="20" StartOffset="27439"/>
</LocList>
</HierarchyLvl>
<HierarchyLvl HierarchyLvlId="14588" HierarchyLvlTypeId="31" Intrnl_Id="2773" Name="jTextField10ActionPerformed">
<Header>
<Loc EndOffset="27728" SrcFileId="20" StartOffset="27656"/>
</Header>
<LocList>
<Loc EndOffset="27826" SrcFileId="20" StartOffset="27656"/>
</LocList>
</HierarchyLvl>
<HierarchyLvl HierarchyLvlId="14589" HierarchyLvlTypeId="31" Intrnl_Id="2774" Name="jTextField11ActionPerformed">
<Header>
<Loc EndOffset="27948" SrcFileId="20" StartOffset="27876"/>
</Header>
<LocList>
<Loc EndOffset="28046" SrcFileId="20" StartOffset="27876"/>
</LocList>
</HierarchyLvl>
<HierarchyLvl HierarchyLvlId="14590" HierarchyLvlTypeId="31" Intrnl_Id="2775" Name="jTextField12ActionPerformed">
<Header>
<Loc EndOffset="28168" SrcFileId="20" StartOffset="28096"/>
</Header>
<LocList>
<Loc EndOffset="28266" SrcFileId="20" StartOffset="28096"/>
</LocList>
</HierarchyLvl>
<HierarchyLvl HierarchyLvlId="14591" HierarchyLvlTypeId="31" Intrnl_Id="2776" Name="jTextField13ActionPerformed">
<Header>
<Loc EndOffset="28388" SrcFileId="20" StartOffset="28316"/>
</Header>
<LocList>
<Loc EndOffset="28486" SrcFileId="20" StartOffset="28316"/>
</LocList>
</HierarchyLvl>
<HierarchyLvl HierarchyLvlId="14592" HierarchyLvlTypeId="31" Intrnl_Id="2777" Name="jTextField14ActionPerformed">
<Header>
<Loc EndOffset="28608" SrcFileId="20" StartOffset="28536"/>
</Header>
<LocList>
<Loc EndOffset="28706" SrcFileId="20" StartOffset="28536"/>
</LocList>
</HierarchyLvl>
<HierarchyLvl HierarchyLvlId="14593" HierarchyLvlTypeId="31" Intrnl_Id="2778" Name="jTextField15ActionPerformed">
<Header>
<Loc EndOffset="28828" SrcFileId="20" StartOffset="28756"/>
</Header>
<LocList>
<Loc EndOffset="28926" SrcFileId="20" StartOffset="28756"/>
</LocList>
</HierarchyLvl>
<HierarchyLvl HierarchyLvlId="14596" HierarchyLvlTypeId="31" Intrnl_Id="2779" Name="launchInitial">
<Header>
<Loc EndOffset="29069" SrcFileId="20" StartOffset="29042"/>
</Header>
<LocList>
<Loc EndOffset="29245" SrcFileId="20" StartOffset="29042"/>
</LocList>
<StmntSeq Intrnl_Id="2780">
<LocList>
<Loc EndOffset="29112" SrcFileId="20" StartOffset="29080"/>
<Loc EndOffset="29239" SrcFileId="20" StartOffset="29237"/>
</LocList>
<BasicStmnt CovItemId="S159" CovItemPrefix="my.PSM.PSM_Interface.ScheduleForm.java" Intrnl_Id="2781">
<LocList>
<Loc EndOffset="29112" SrcFileId="20" StartOffset="29080"/>
<Loc EndOffset="29239" SrcFileId="20" StartOffset="29237"/>
</LocList>
</BasicStmnt>
</StmntSeq>
<HierarchyLvl HierarchyLvlId="14595" HierarchyLvlTypeId="30" Intrnl_Id="2782" Name="Runnable">
<Header>
<Loc EndOffset="29126" SrcFileId="20" StartOffset="29116"/>
</Header>
<LocList>
<Loc EndOffset="29237" SrcFileId="20" StartOffset="29112"/>
</LocList>
<HierarchyLvl HierarchyLvlId="14594" HierarchyLvlTypeId="31" Intrnl_Id="2783" Name="run">
<Header>
<Loc EndOffset="29158" SrcFileId="20" StartOffset="29141"/>
</Header>
<LocList>
<Loc EndOffset="29227" SrcFileId="20" StartOffset="29141"/>
</LocList>
<StmntSeq Intrnl_Id="2784">
<LocList>
<Loc EndOffset="29213" SrcFileId="20" StartOffset="29177"/>
</LocList>
<BasicStmnt CovItemId="S160" CovItemPrefix="my.PSM.PSM_Interface.ScheduleForm.java" Intrnl_Id="2785">
<LocList>
<Loc EndOffset="29213" SrcFileId="20" StartOffset="29177"/>
</LocList>
</BasicStmnt>
</StmntSeq>
</HierarchyLvl>
</HierarchyLvl>
</HierarchyLvl>
<HierarchyLvl HierarchyLvlId="14597" HierarchyLvlTypeId="31" Intrnl_Id="2786" Name="getNewCourseID">
<Header>
<Loc EndOffset="29282" SrcFileId="20" StartOffset="29255"/>
</Header>
<LocList>
<Loc EndOffset="29309" SrcFileId="20" StartOffset="29255"/>
</LocList>
<StmntSeq Intrnl_Id="2787">
<LocList>
<Loc EndOffset="29306" SrcFileId="20" StartOffset="29287"/>
</LocList>
<BasicStmnt CovItemId="S161" CovItemPrefix="my.PSM.PSM_Interface.ScheduleForm.java" Intrnl_Id="2788">
<LocList>
<Loc EndOffset="29306" SrcFileId="20" StartOffset="29287"/>
</LocList>
</BasicStmnt>
</StmntSeq>
</HierarchyLvl>
<HierarchyLvl HierarchyLvlId="14598" HierarchyLvlTypeId="31" Intrnl_Id="2789" Name="setNewCourseID">
<Header>
<Loc EndOffset="29356" SrcFileId="20" StartOffset="29312"/>
</Header>
<LocList>
<Loc EndOffset="29395" SrcFileId="20" StartOffset="29312"/>
</LocList>
<StmntSeq Intrnl_Id="2790">
<LocList>
<Loc EndOffset="29392" SrcFileId="20" StartOffset="29361"/>
</LocList>
<BasicStmnt CovItemId="S162" CovItemPrefix="my.PSM.PSM_Interface.ScheduleForm.java" Intrnl_Id="2791">
<LocList>
<Loc EndOffset="29392" SrcFileId="20" StartOffset="29361"/>
</LocList>
</BasicStmnt>
</StmntSeq>
</HierarchyLvl>
<HierarchyLvl HierarchyLvlId="14599" HierarchyLvlTypeId="31" Intrnl_Id="2792" Name="getNewSub">
<Header>
<Loc EndOffset="29424" SrcFileId="20" StartOffset="29398"/>
</Header>
<LocList>
<Loc EndOffset="29446" SrcFileId="20" StartOffset="29398"/>
</LocList>
<StmntSeq Intrnl_Id="2793">
<LocList>
<Loc EndOffset="29443" SrcFileId="20" StartOffset="29429"/>
</LocList>
<BasicStmnt CovItemId="S163" CovItemPrefix="my.PSM.PSM_Interface.ScheduleForm.java" Intrnl_Id="2794">
<LocList>
<Loc EndOffset="29443" SrcFileId="20" StartOffset="29429"/>
</LocList>
</BasicStmnt>
</StmntSeq>
</HierarchyLvl>
<HierarchyLvl HierarchyLvlId="14600" HierarchyLvlTypeId="31" Intrnl_Id="2795" Name="setNewSub">
<Header>
<Loc EndOffset="29486" SrcFileId="20" StartOffset="29449"/>
</Header>
<LocList>
<Loc EndOffset="29515" SrcFileId="20" StartOffset="29449"/>
</LocList>
<StmntSeq Intrnl_Id="2796">
<LocList>
<Loc EndOffset="29512" SrcFileId="20" StartOffset="29491"/>
</LocList>
<BasicStmnt CovItemId="S164" CovItemPrefix="my.PSM.PSM_Interface.ScheduleForm.java" Intrnl_Id="2797">
<LocList>
<Loc EndOffset="29512" SrcFileId="20" StartOffset="29491"/>
</LocList>
</BasicStmnt>
</StmntSeq>
</HierarchyLvl>
<HierarchyLvl HierarchyLvlId="14601" HierarchyLvlTypeId="31" Intrnl_Id="2798" Name="getNewCourseName">
<Header>
<Loc EndOffset="29551" SrcFileId="20" StartOffset="29518"/>
</Header>
<LocList>
<Loc EndOffset="29580" SrcFileId="20" StartOffset="29518"/>
</LocList>
<StmntSeq Intrnl_Id="2799">
<LocList>
<Loc EndOffset="29577" SrcFileId="20" StartOffset="29556"/>
</LocList>
<BasicStmnt CovItemId="S165" CovItemPrefix="my.PSM.PSM_Interface.ScheduleForm.java" Intrnl_Id="2800">
<LocList>
<Loc EndOffset="29577" SrcFileId="20" StartOffset="29556"/>
</LocList>
</BasicStmnt>
</StmntSeq>
</HierarchyLvl>
<HierarchyLvl HierarchyLvlId="14602" HierarchyLvlTypeId="31" Intrnl_Id="2801" Name="setNewCourseName">
<Header>
<Loc EndOffset="29634" SrcFileId="20" StartOffset="29583"/>
</Header>
<LocList>
<Loc EndOffset="29677" SrcFileId="20" StartOffset="29583"/>
</LocList>
<StmntSeq Intrnl_Id="2802">
<LocList>
<Loc EndOffset="29674" SrcFileId="20" StartOffset="29639"/>
</LocList>
<BasicStmnt CovItemId="S166" CovItemPrefix="my.PSM.PSM_Interface.ScheduleForm.java" Intrnl_Id="2803">
<LocList>
<Loc EndOffset="29674" SrcFileId="20" StartOffset="29639"/>
</LocList>
</BasicStmnt>
</StmntSeq>
</HierarchyLvl>
<HierarchyLvl HierarchyLvlId="14603" HierarchyLvlTypeId="31" Intrnl_Id="2804" Name="getNewSemester">
<Header>
<Loc EndOffset="29711" SrcFileId="20" StartOffset="29680"/>
</Header>
<LocList>
<Loc EndOffset="29738" SrcFileId="20" StartOffset="29680"/>
</LocList>
<StmntSeq Intrnl_Id="2805">
<LocList>
<Loc EndOffset="29735" SrcFileId="20" StartOffset="29716"/>
</LocList>
<BasicStmnt CovItemId="S167" CovItemPrefix="my.PSM.PSM_Interface.ScheduleForm.java" Intrnl_Id="2806">
<LocList>
<Loc EndOffset="29735" SrcFileId="20" StartOffset="29716"/>
</LocList>
</BasicStmnt>
</StmntSeq>
</HierarchyLvl>
<HierarchyLvl HierarchyLvlId="14604" HierarchyLvlTypeId="31" Intrnl_Id="2807" Name="setNewSemester">
<Header>
<Loc EndOffset="29788" SrcFileId="20" StartOffset="29741"/>
</Header>
<LocList>
<Loc EndOffset="29827" SrcFileId="20" StartOffset="29741"/>
</LocList>
<StmntSeq Intrnl_Id="2808">
<LocList>
<Loc EndOffset="29824" SrcFileId="20" StartOffset="29793"/>
</LocList>
<BasicStmnt CovItemId="S168" CovItemPrefix="my.PSM.PSM_Interface.ScheduleForm.java" Intrnl_Id="2809">
<LocList>
<Loc EndOffset="29824" SrcFileId="20" StartOffset="29793"/>
</LocList>
</BasicStmnt>
</StmntSeq>
</HierarchyLvl>
<HierarchyLvl HierarchyLvlId="14605" HierarchyLvlTypeId="31" Intrnl_Id="2810" Name="getNewCourseEnd">
<Header>
<Loc EndOffset="29862" SrcFileId="20" StartOffset="29830"/>
</Header>
<LocList>
<Loc EndOffset="29890" SrcFileId="20" StartOffset="29830"/>
</LocList>
<StmntSeq Intrnl_Id="2811">
<LocList>
<Loc EndOffset="29887" SrcFileId="20" StartOffset="29867"/>
</LocList>
<BasicStmnt CovItemId="S169" CovItemPrefix="my.PSM.PSM_Interface.ScheduleForm.java" Intrnl_Id="2812">
<LocList>
<Loc EndOffset="29887" SrcFileId="20" StartOffset="29867"/>
</LocList>
</BasicStmnt>
</StmntSeq>
</HierarchyLvl>
<HierarchyLvl HierarchyLvlId="14606" HierarchyLvlTypeId="31" Intrnl_Id="2813" Name="setNewCourseEnd">
<Header>
<Loc EndOffset="29942" SrcFileId="20" StartOffset="29893"/>
</Header>
<LocList>
<Loc EndOffset="29983" SrcFileId="20" StartOffset="29893"/>
</LocList>
<StmntSeq Intrnl_Id="2814">
<LocList>
<Loc EndOffset="29980" SrcFileId="20" StartOffset="29947"/>
</LocList>
<BasicStmnt CovItemId="S170" CovItemPrefix="my.PSM.PSM_Interface.ScheduleForm.java" Intrnl_Id="2815">
<LocList>
<Loc EndOffset="29980" SrcFileId="20" StartOffset="29947"/>
</LocList>
</BasicStmnt>
</StmntSeq>
</HierarchyLvl>
<HierarchyLvl HierarchyLvlId="14607" HierarchyLvlTypeId="31" Intrnl_Id="2816" Name="getNewMonStart">
<Header>
<Loc EndOffset="30017" SrcFileId="20" StartOffset="29986"/>
</Header>
<LocList>
<Loc EndOffset="30044" SrcFileId="20" StartOffset="29986"/>
</LocList>
<StmntSeq Intrnl_Id="2817">
<LocList>
<Loc EndOffset="30041" SrcFileId="20" StartOffset="30022"/>
</LocList>
<BasicStmnt CovItemId="S171" CovItemPrefix="my.PSM.PSM_Interface.ScheduleForm.java" Intrnl_Id="2818">
<LocList>
<Loc EndOffset="30041" SrcFileId="20" StartOffset="30022"/>
</LocList>
</BasicStmnt>
</StmntSeq>
</HierarchyLvl>
<HierarchyLvl HierarchyLvlId="14608" HierarchyLvlTypeId="31" Intrnl_Id="2819" Name="setNewMonStart">
<Header>
<Loc EndOffset="30094" SrcFileId="20" StartOffset="30047"/>
</Header>
<LocList>
<Loc EndOffset="30133" SrcFileId="20" StartOffset="30047"/>
</LocList>
<StmntSeq Intrnl_Id="2820">
<LocList>
<Loc EndOffset="30130" SrcFileId="20" StartOffset="30099"/>
</LocList>
<BasicStmnt CovItemId="S172" CovItemPrefix="my.PSM.PSM_Interface.ScheduleForm.java" Intrnl_Id="2821">
<LocList>
<Loc EndOffset="30130" SrcFileId="20" StartOffset="30099"/>
</LocList>
</BasicStmnt>
</StmntSeq>
</HierarchyLvl>
<HierarchyLvl HierarchyLvlId="14609" HierarchyLvlTypeId="31" Intrnl_Id="2822" Name="getNewTueStart">
<Header>
<Loc EndOffset="30167" SrcFileId="20" StartOffset="30136"/>
</Header>
<LocList>
<Loc EndOffset="30194" SrcFileId="20" StartOffset="30136"/>
</LocList>
<StmntSeq Intrnl_Id="2823">
<LocList>
<Loc EndOffset="30191" SrcFileId="20" StartOffset="30172"/>
</LocList>
<BasicStmnt CovItemId="S173" CovItemPrefix="my.PSM.PSM_Interface.ScheduleForm.java" Intrnl_Id="2824">
<LocList>
<Loc EndOffset="30191" SrcFileId="20" StartOffset="30172"/>
</LocList>
</BasicStmnt>
</StmntSeq>
</HierarchyLvl>
<HierarchyLvl HierarchyLvlId="14610" HierarchyLvlTypeId="31" Intrnl_Id="2825" Name="setNewTueStart">
<Header>
<Loc EndOffset="30244" SrcFileId="20" StartOffset="30197"/>
</Header>
<LocList>
<Loc EndOffset="30283" SrcFileId="20" StartOffset="30197"/>
</LocList>
<StmntSeq Intrnl_Id="2826">
<LocList>
<Loc EndOffset="30280" SrcFileId="20" StartOffset="30249"/>
</LocList>
<BasicStmnt CovItemId="S174" CovItemPrefix="my.PSM.PSM_Interface.ScheduleForm.java" Intrnl_Id="2827">
<LocList>
<Loc EndOffset="30280" SrcFileId="20" StartOffset="30249"/>
</LocList>
</BasicStmnt>
</StmntSeq>
</HierarchyLvl>
<HierarchyLvl HierarchyLvlId="14611" HierarchyLvlTypeId="31" Intrnl_Id="2828" Name="getNewTueEnd">
<Header>
<Loc EndOffset="30314" SrcFileId="20" StartOffset="30286"/>
</Header>
<LocList>
<Loc EndOffset="30339" SrcFileId="20" StartOffset="30286"/>
</LocList>
<StmntSeq Intrnl_Id="2829">
<LocList>
<Loc EndOffset="30336" SrcFileId="20" StartOffset="30319"/>
</LocList>
<BasicStmnt CovItemId="S175" CovItemPrefix="my.PSM.PSM_Interface.ScheduleForm.java" Intrnl_Id="2830">
<LocList>
<Loc EndOffset="30336" SrcFileId="20" StartOffset="30319"/>
</LocList>
</BasicStmnt>
</StmntSeq>
</HierarchyLvl>
<HierarchyLvl HierarchyLvlId="14612" HierarchyLvlTypeId="31" Intrnl_Id="2831" Name="setNewTueEnd">
<Header>
<Loc EndOffset="30385" SrcFileId="20" StartOffset="30342"/>
</Header>
<LocList>
<Loc EndOffset="30420" SrcFileId="20" StartOffset="30342"/>
</LocList>
<StmntSeq Intrnl_Id="2832">
<LocList>
<Loc EndOffset="30417" SrcFileId="20" StartOffset="30390"/>
</LocList>
<BasicStmnt CovItemId="S176" CovItemPrefix="my.PSM.PSM_Interface.ScheduleForm.java" Intrnl_Id="2833">
<LocList>
<Loc EndOffset="30417" SrcFileId="20" StartOffset="30390"/>
</LocList>
</BasicStmnt>
</StmntSeq>
</HierarchyLvl>
<HierarchyLvl HierarchyLvlId="14613" HierarchyLvlTypeId="31" Intrnl_Id="2834" Name="getNewThuEnd">
<Header>
<Loc EndOffset="30452" SrcFileId="20" StartOffset="30423"/>
</Header>
<LocList>
<Loc EndOffset="30477" SrcFileId="20" StartOffset="30423"/>
</LocList>
<StmntSeq Intrnl_Id="2835">
<LocList>
<Loc EndOffset="30474" SrcFileId="20" StartOffset="30457"/>
</LocList>
<BasicStmnt CovItemId="S177" CovItemPrefix="my.PSM.PSM_Interface.ScheduleForm.java" Intrnl_Id="2836">
<LocList>
<Loc EndOffset="30474" SrcFileId="20" StartOffset="30457"/>
</LocList>
</BasicStmnt>
</StmntSeq>
</HierarchyLvl>
<HierarchyLvl HierarchyLvlId="14614" HierarchyLvlTypeId="31" Intrnl_Id="2837" Name="setNewThuEnd">
<Header>
<Loc EndOffset="30523" SrcFileId="20" StartOffset="30480"/>
</Header>
<LocList>
<Loc EndOffset="30558" SrcFileId="20" StartOffset="30480"/>
</LocList>
<StmntSeq Intrnl_Id="2838">
<LocList>
<Loc EndOffset="30555" SrcFileId="20" StartOffset="30528"/>
</LocList>
<BasicStmnt CovItemId="S178" CovItemPrefix="my.PSM.PSM_Interface.ScheduleForm.java" Intrnl_Id="2839">
<LocList>
<Loc EndOffset="30555" SrcFileId="20" StartOffset="30528"/>
</LocList>
</BasicStmnt>
</StmntSeq>
</HierarchyLvl>
<HierarchyLvl HierarchyLvlId="14615" HierarchyLvlTypeId="31" Intrnl_Id="2840" Name="getNewThuStart">
<Header>
<Loc EndOffset="30592" SrcFileId="20" StartOffset="30561"/>
</Header>
<LocList>
<Loc EndOffset="30619" SrcFileId="20" StartOffset="30561"/>
</LocList>
<StmntSeq Intrnl_Id="2841">
<LocList>
<Loc EndOffset="30616" SrcFileId="20" StartOffset="30597"/>
</LocList>
<BasicStmnt CovItemId="S179" CovItemPrefix="my.PSM.PSM_Interface.ScheduleForm.java" Intrnl_Id="2842">
<LocList>
<Loc EndOffset="30616" SrcFileId="20" StartOffset="30597"/>
</LocList>
</BasicStmnt>
</StmntSeq>
</HierarchyLvl>
<HierarchyLvl HierarchyLvlId="14616" HierarchyLvlTypeId="31" Intrnl_Id="2843" Name="setNewThuStart">
<Header>
<Loc EndOffset="30669" SrcFileId="20" StartOffset="30622"/>
</Header>
<LocList>
<Loc EndOffset="30708" SrcFileId="20" StartOffset="30622"/>
</LocList>
<StmntSeq Intrnl_Id="2844">
<LocList>
<Loc EndOffset="30705" SrcFileId="20" StartOffset="30674"/>
</LocList>
<BasicStmnt CovItemId="S180" CovItemPrefix="my.PSM.PSM_Interface.ScheduleForm.java" Intrnl_Id="2845">
<LocList>
<Loc EndOffset="30705" SrcFileId="20" StartOffset="30674"/>
</LocList>
</BasicStmnt>
</StmntSeq>
</HierarchyLvl>
<HierarchyLvl HierarchyLvlId="14617" HierarchyLvlTypeId="31" Intrnl_Id="2846" Name="getNewWedEnd">
<Header>
<Loc EndOffset="30740" SrcFileId="20" StartOffset="30711"/>
</Header>
<LocList>
<Loc EndOffset="30765" SrcFileId="20" StartOffset="30711"/>
</LocList>
<StmntSeq Intrnl_Id="2847">
<LocList>
<Loc EndOffset="30762" SrcFileId="20" StartOffset="30745"/>
</LocList>
<BasicStmnt CovItemId="S181" CovItemPrefix="my.PSM.PSM_Interface.ScheduleForm.java" Intrnl_Id="2848">
<LocList>
<Loc EndOffset="30762" SrcFileId="20" StartOffset="30745"/>
</LocList>
</BasicStmnt>
</StmntSeq>
</HierarchyLvl>
<HierarchyLvl HierarchyLvlId="14618" HierarchyLvlTypeId="31" Intrnl_Id="2849" Name="setNewWedEnd">
<Header>
<Loc EndOffset="30811" SrcFileId="20" StartOffset="30768"/>
</Header>
<LocList>
<Loc EndOffset="30846" SrcFileId="20" StartOffset="30768"/>
</LocList>
<StmntSeq Intrnl_Id="2850">
<LocList>
<Loc EndOffset="30843" SrcFileId="20" StartOffset="30816"/>
</LocList>
<BasicStmnt CovItemId="S182" CovItemPrefix="my.PSM.PSM_Interface.ScheduleForm.java" Intrnl_Id="2851">
<LocList>
<Loc EndOffset="30843" SrcFileId="20" StartOffset="30816"/>
</LocList>
</BasicStmnt>
</StmntSeq>
</HierarchyLvl>
<HierarchyLvl HierarchyLvlId="14619" HierarchyLvlTypeId="31" Intrnl_Id="2852" Name="getNewWedStart">
<Header>
<Loc EndOffset="30880" SrcFileId="20" StartOffset="30849"/>
</Header>
<LocList>
<Loc EndOffset="30907" SrcFileId="20" StartOffset="30849"/>
</LocList>
<StmntSeq Intrnl_Id="2853">
<LocList>
<Loc EndOffset="30904" SrcFileId="20" StartOffset="30885"/>
</LocList>
<BasicStmnt CovItemId="S183" CovItemPrefix="my.PSM.PSM_Interface.ScheduleForm.java" Intrnl_Id="2854">
<LocList>
<Loc EndOffset="30904" SrcFileId="20" StartOffset="30885"/>
</LocList>
</BasicStmnt>
</StmntSeq>
</HierarchyLvl>
<HierarchyLvl HierarchyLvlId="14620" HierarchyLvlTypeId="31" Intrnl_Id="2855" Name="setNewWedStart">
<Header>
<Loc EndOffset="30957" SrcFileId="20" StartOffset="30910"/>
</Header>
<LocList>
<Loc EndOffset="30996" SrcFileId="20" StartOffset="30910"/>
</LocList>
<StmntSeq Intrnl_Id="2856">
<LocList>
<Loc EndOffset="30993" SrcFileId="20" StartOffset="30962"/>
</LocList>
<BasicStmnt CovItemId="S184" CovItemPrefix="my.PSM.PSM_Interface.ScheduleForm.java" Intrnl_Id="2857">
<LocList>
<Loc EndOffset="30993" SrcFileId="20" StartOffset="30962"/>
</LocList>
</BasicStmnt>
</StmntSeq>
</HierarchyLvl>
<HierarchyLvl HierarchyLvlId="14621" HierarchyLvlTypeId="31" Intrnl_Id="2858" Name="getNewFriEnd">
<Header>
<Loc EndOffset="31028" SrcFileId="20" StartOffset="30999"/>
</Header>
<LocList>
<Loc EndOffset="31053" SrcFileId="20" StartOffset="30999"/>
</LocList>
<StmntSeq Intrnl_Id="2859">
<LocList>
<Loc EndOffset="31050" SrcFileId="20" StartOffset="31033"/>
</LocList>
<BasicStmnt CovItemId="S185" CovItemPrefix="my.PSM.PSM_Interface.ScheduleForm.java" Intrnl_Id="2860">
<LocList>
<Loc EndOffset="31050" SrcFileId="20" StartOffset="31033"/>
</LocList>
</BasicStmnt>
</StmntSeq>
</HierarchyLvl>
<HierarchyLvl HierarchyLvlId="14622" HierarchyLvlTypeId="31" Intrnl_Id="2861" Name="setNewFriEnd">
<Header>
<Loc EndOffset="31099" SrcFileId="20" StartOffset="31056"/>
</Header>
<LocList>
<Loc EndOffset="31134" SrcFileId="20" StartOffset="31056"/>
</LocList>
<StmntSeq Intrnl_Id="2862">
<LocList>
<Loc EndOffset="31131" SrcFileId="20" StartOffset="31104"/>
</LocList>
<BasicStmnt CovItemId="S186" CovItemPrefix="my.PSM.PSM_Interface.ScheduleForm.java" Intrnl_Id="2863">
<LocList>
<Loc EndOffset="31131" SrcFileId="20" StartOffset="31104"/>
</LocList>
</BasicStmnt>
</StmntSeq>
</HierarchyLvl>
<HierarchyLvl HierarchyLvlId="14623" HierarchyLvlTypeId="31" Intrnl_Id="2864" Name="getNewSatEnd">
<Header>
<Loc EndOffset="31166" SrcFileId="20" StartOffset="31137"/>
</Header>
<LocList>
<Loc EndOffset="31191" SrcFileId="20" StartOffset="31137"/>
</LocList>
<StmntSeq Intrnl_Id="2865">
<LocList>
<Loc EndOffset="31188" SrcFileId="20" StartOffset="31171"/>
</LocList>
<BasicStmnt CovItemId="S187" CovItemPrefix="my.PSM.PSM_Interface.ScheduleForm.java" Intrnl_Id="2866">
<LocList>
<Loc EndOffset="31188" SrcFileId="20" StartOffset="31171"/>
</LocList>
</BasicStmnt>
</StmntSeq>
</HierarchyLvl>
<HierarchyLvl HierarchyLvlId="14624" HierarchyLvlTypeId="31" Intrnl_Id="2867" Name="setNewSatEnd">
<Header>
<Loc EndOffset="31237" SrcFileId="20" StartOffset="31194"/>
</Header>
<LocList>
<Loc EndOffset="31272" SrcFileId="20" StartOffset="31194"/>
</LocList>
<StmntSeq Intrnl_Id="2868">
<LocList>
<Loc EndOffset="31269" SrcFileId="20" StartOffset="31242"/>
</LocList>
<BasicStmnt CovItemId="S188" CovItemPrefix="my.PSM.PSM_Interface.ScheduleForm.java" Intrnl_Id="2869">
<LocList>
<Loc EndOffset="31269" SrcFileId="20" StartOffset="31242"/>
</LocList>
</BasicStmnt>
</StmntSeq>
</HierarchyLvl>
<HierarchyLvl HierarchyLvlId="14625" HierarchyLvlTypeId="31" Intrnl_Id="2870" Name="getNewSatStart">
<Header>
<Loc EndOffset="31306" SrcFileId="20" StartOffset="31275"/>
</Header>
<LocList>
<Loc EndOffset="31333" SrcFileId="20" StartOffset="31275"/>
</LocList>
<StmntSeq Intrnl_Id="2871">
<LocList>
<Loc EndOffset="31330" SrcFileId="20" StartOffset="31311"/>
</LocList>
<BasicStmnt CovItemId="S189" CovItemPrefix="my.PSM.PSM_Interface.ScheduleForm.java" Intrnl_Id="2872">
<LocList>
<Loc EndOffset="31330" SrcFileId="20" StartOffset="31311"/>
</LocList>
</BasicStmnt>
</StmntSeq>
</HierarchyLvl>
<HierarchyLvl HierarchyLvlId="14626" HierarchyLvlTypeId="31" Intrnl_Id="2873" Name="setNewSatStart">
<Header>
<Loc EndOffset="31383" SrcFileId="20" StartOffset="31336"/>
</Header>
<LocList>
<Loc EndOffset="31422" SrcFileId="20" StartOffset="31336"/>
</LocList>
<StmntSeq Intrnl_Id="2874">
<LocList>
<Loc EndOffset="31419" SrcFileId="20" StartOffset="31388"/>
</LocList>
<BasicStmnt CovItemId="S190" CovItemPrefix="my.PSM.PSM_Interface.ScheduleForm.java" Intrnl_Id="2875">
<LocList>
<Loc EndOffset="31419" SrcFileId="20" StartOffset="31388"/>
</LocList>
</BasicStmnt>
</StmntSeq>
</HierarchyLvl>
<HierarchyLvl HierarchyLvlId="14627" HierarchyLvlTypeId="31" Intrnl_Id="2876" Name="getNewFriStart">
<Header>
<Loc EndOffset="31456" SrcFileId="20" StartOffset="31425"/>
</Header>
<LocList>
<Loc EndOffset="31483" SrcFileId="20" StartOffset="31425"/>
</LocList>
<StmntSeq Intrnl_Id="2877">
<LocList>
<Loc EndOffset="31480" SrcFileId="20" StartOffset="31461"/>
</LocList>
<BasicStmnt CovItemId="S191" CovItemPrefix="my.PSM.PSM_Interface.ScheduleForm.java" Intrnl_Id="2878">
<LocList>
<Loc EndOffset="31480" SrcFileId="20" StartOffset="31461"/>
</LocList>
</BasicStmnt>
</StmntSeq>
</HierarchyLvl>
<HierarchyLvl HierarchyLvlId="14628" HierarchyLvlTypeId="31" Intrnl_Id="2879" Name="setNewFriStart">
<Header>
<Loc EndOffset="31533" SrcFileId="20" StartOffset="31486"/>
</Header>
<LocList>
<Loc EndOffset="31572" SrcFileId="20" StartOffset="31486"/>
</LocList>
<StmntSeq Intrnl_Id="2880">
<LocList>
<Loc EndOffset="31569" SrcFileId="20" StartOffset="31538"/>
</LocList>
<BasicStmnt CovItemId="S192" CovItemPrefix="my.PSM.PSM_Interface.ScheduleForm.java" Intrnl_Id="2881">
<LocList>
<Loc EndOffset="31569" SrcFileId="20" StartOffset="31538"/>
</LocList>
</BasicStmnt>
</StmntSeq>
</HierarchyLvl>
<HierarchyLvl HierarchyLvlId="14629" HierarchyLvlTypeId="31" Intrnl_Id="2882" Name="getNewMonEnd">
<Header>
<Loc EndOffset="31604" SrcFileId="20" StartOffset="31575"/>
</Header>
<LocList>
<Loc EndOffset="31629" SrcFileId="20" StartOffset="31575"/>
</LocList>
<StmntSeq Intrnl_Id="2883">
<LocList>
<Loc EndOffset="31626" SrcFileId="20" StartOffset="31609"/>
</LocList>
<BasicStmnt CovItemId="S193" CovItemPrefix="my.PSM.PSM_Interface.ScheduleForm.java" Intrnl_Id="2884">
<LocList>
<Loc EndOffset="31626" SrcFileId="20" StartOffset="31609"/>
</LocList>
</BasicStmnt>
</StmntSeq>
</HierarchyLvl>
<HierarchyLvl HierarchyLvlId="14630" HierarchyLvlTypeId="31" Intrnl_Id="2885" Name="setNewMonEnd">
<Header>
<Loc EndOffset="31675" SrcFileId="20" StartOffset="31632"/>
</Header>
<LocList>
<Loc EndOffset="31710" SrcFileId="20" StartOffset="31632"/>
</LocList>
<StmntSeq Intrnl_Id="2886">
<LocList>
<Loc EndOffset="31707" SrcFileId="20" StartOffset="31680"/>
</LocList>
<BasicStmnt CovItemId="S194" CovItemPrefix="my.PSM.PSM_Interface.ScheduleForm.java" Intrnl_Id="2887">
<LocList>
<Loc EndOffset="31707" SrcFileId="20" StartOffset="31680"/>
</LocList>
</BasicStmnt>
</StmntSeq>
</HierarchyLvl>
<HierarchyLvl HierarchyLvlId="14631" HierarchyLvlTypeId="31" Intrnl_Id="2888" Name="getNewCourseStart">
<Header>
<Loc EndOffset="31747" SrcFileId="20" StartOffset="31713"/>
</Header>
<LocList>
<Loc EndOffset="31777" SrcFileId="20" StartOffset="31713"/>
</LocList>
<StmntSeq Intrnl_Id="2889">
<LocList>
<Loc EndOffset="31774" SrcFileId="20" StartOffset="31752"/>
</LocList>
<BasicStmnt CovItemId="S195" CovItemPrefix="my.PSM.PSM_Interface.ScheduleForm.java" Intrnl_Id="2890">
<LocList>
<Loc EndOffset="31774" SrcFileId="20" StartOffset="31752"/>
</LocList>
</BasicStmnt>
</StmntSeq>
</HierarchyLvl>
<HierarchyLvl HierarchyLvlId="14632" HierarchyLvlTypeId="31" Intrnl_Id="2891" Name="setNewCourseStart">
<Header>
<Loc EndOffset="31833" SrcFileId="20" StartOffset="31780"/>
</Header>
<LocList>
<Loc EndOffset="31878" SrcFileId="20" StartOffset="31780"/>
</LocList>
<StmntSeq Intrnl_Id="2892">
<LocList>
<Loc EndOffset="31875" SrcFileId="20" StartOffset="31838"/>
</LocList>
<BasicStmnt CovItemId="S196" CovItemPrefix="my.PSM.PSM_Interface.ScheduleForm.java" Intrnl_Id="2893">
<LocList>
<Loc EndOffset="31875" SrcFileId="20" StartOffset="31838"/>
</LocList>
</BasicStmnt>
</StmntSeq>
</HierarchyLvl>
</HierarchyLvl>
<HierarchyLvl HierarchyLvlId="14707" HierarchyLvlTypeId="32" Intrnl_Id="2894" Name="PrefilledScheduleForm">
<Header>
<Loc EndOffset="198" SrcFileId="21" StartOffset="137"/>
</Header>
<LocList>
<Loc EndOffset="34245" SrcFileId="21" StartOffset="137"/>
</LocList>
<StmntSeq Intrnl_Id="2895">
<LocList>
<Loc EndOffset="275" SrcFileId="21" StartOffset="227"/>
</LocList>
<BasicStmnt CovItemId="S1" CovItemPrefix="my.PSM.PSM_Interface.PrefilledScheduleForm.java" Intrnl_Id="2896">
<LocList>
<Loc EndOffset="275" SrcFileId="21" StartOffset="227"/>
</LocList>
</BasicStmnt>
</StmntSeq>
<HierarchyLvl HierarchyLvlId="14634" HierarchyLvlTypeId="31" Intrnl_Id="2897" Name="PrefilledScheduleForm">
<Header>
<Loc EndOffset="1487" SrcFileId="21" StartOffset="1457"/>
</Header>
<LocList>
<Loc EndOffset="1564" SrcFileId="21" StartOffset="1457"/>
</LocList>
<StmntSeq Intrnl_Id="2898">
<LocList>
<Loc EndOffset="1515" SrcFileId="21" StartOffset="1498"/>
<Loc EndOffset="1558" SrcFileId="21" StartOffset="1524"/>
</LocList>
<BasicStmnt CovItemId="S2" CovItemPrefix="my.PSM.PSM_Interface.PrefilledScheduleForm.java" Intrnl_Id="2899">
<LocList>
<Loc EndOffset="1515" SrcFileId="21" StartOffset="1498"/>
</LocList>
</BasicStmnt>
<BasicStmnt CovItemId="S3" CovItemPrefix="my.PSM.PSM_Interface.PrefilledScheduleForm.java" Intrnl_Id="2900">
<LocList>
<Loc EndOffset="1558" SrcFileId="21" StartOffset="1524"/>
</LocList>
</BasicStmnt>
</StmntSeq>
</HierarchyLvl>
<HierarchyLvl HierarchyLvlId="14635" HierarchyLvlTypeId="31" Intrnl_Id="2901" Name="dataRec">
<Header>
<Loc EndOffset="1593" SrcFileId="21" StartOffset="1569"/>
</Header>
<LocList>
<Loc EndOffset="1634" SrcFileId="21" StartOffset="1569"/>
</LocList>
<StmntSeq Intrnl_Id="2902">
<LocList>
<Loc EndOffset="1628" SrcFileId="21" StartOffset="1608"/>
</LocList>
<BasicStmnt CovItemId="S4" CovItemPrefix="my.PSM.PSM_Interface.PrefilledScheduleForm.java" Intrnl_Id="2903">
<LocList>
<Loc EndOffset="1628" SrcFileId="21" StartOffset="1608"/>
</LocList>
</BasicStmnt>
</StmntSeq>
</HierarchyLvl>
<HierarchyLvl HierarchyLvlId="14636" HierarchyLvlTypeId="31" Intrnl_Id="2904" Name="setDataRec">
<Header>
<Loc EndOffset="1680" SrcFileId="21" StartOffset="1639"/>
</Header>
<LocList>
<Loc EndOffset="1744" SrcFileId="21" StartOffset="1639"/>
</LocList>
<StmntSeq Intrnl_Id="2905">
<LocList>
<Loc EndOffset="1728" SrcFileId="21" StartOffset="1703"/>
</LocList>
<BasicStmnt CovItemId="S5" CovItemPrefix="my.PSM.PSM_Interface.PrefilledScheduleForm.java" Intrnl_Id="2906">
<LocList>
<Loc EndOffset="1728" SrcFileId="21" StartOffset="1703"/>
</LocList>
</BasicStmnt>
</StmntSeq>
</HierarchyLvl>
<HierarchyLvl HierarchyLvlId="14661" HierarchyLvlTypeId="31" Intrnl_Id="2907" Name="initComponents">
<Header>
<Loc EndOffset="2139" SrcFileId="21" StartOffset="2062"/>
</Header>
<LocList>
<Loc EndOffset="25606" SrcFileId="21" StartOffset="2062"/>
</LocList>
<StmntSeq Intrnl_Id="2908">
<LocList>
<Loc EndOffset="2188" SrcFileId="21" StartOffset="2151"/>
<Loc EndOffset="2234" SrcFileId="21" StartOffset="2197"/>
<Loc EndOffset="2278" SrcFileId="21" StartOffset="2243"/>
<Loc EndOffset="2322" SrcFileId="21" StartOffset="2287"/>
<Loc EndOffset="2372" SrcFileId="21" StartOffset="2331"/>
<Loc EndOffset="2416" SrcFileId="21" StartOffset="2381"/>
<Loc EndOffset="2460" SrcFileId="21" StartOffset="2425"/>
<Loc EndOffset="2505" SrcFileId="21" StartOffset="2469"/>
<Loc EndOffset="2550" SrcFileId="21" StartOffset="2514"/>
<Loc EndOffset="2617" SrcFileId="21" StartOffset="2559"/>
<Loc EndOffset="2682" SrcFileId="21" StartOffset="2626"/>
<Loc EndOffset="2726" SrcFileId="21" StartOffset="2691"/>
<Loc EndOffset="2770" SrcFileId="21" StartOffset="2735"/>
<Loc EndOffset="2814" SrcFileId="21" StartOffset="2779"/>
<Loc EndOffset="2858" SrcFileId="21" StartOffset="2823"/>
<Loc EndOffset="2916" SrcFileId="21" StartOffset="2867"/>
<Loc EndOffset="3002" SrcFileId="21" StartOffset="2925"/>
<Loc EndOffset="3067" SrcFileId="21" StartOffset="3011"/>
<Loc EndOffset="3112" SrcFileId="21" StartOffset="3076"/>
<Loc EndOffset="3156" SrcFileId="21" StartOffset="3121"/>
<Loc EndOffset="3200" SrcFileId="21" StartOffset="3165"/>
<Loc EndOffset="3245" SrcFileId="21" StartOffset="3209"/>
<Loc EndOffset="3290" SrcFileId="21" StartOffset="3254"/>
<Loc EndOffset="3334" SrcFileId="21" StartOffset="3299"/>
<Loc EndOffset="3378" SrcFileId="21" StartOffset="3343"/>
<Loc EndOffset="3423" SrcFileId="21" StartOffset="3387"/>
<Loc EndOffset="3468" SrcFileId="21" StartOffset="3432"/>
<Loc EndOffset="3513" SrcFileId="21" StartOffset="3477"/>
<Loc EndOffset="3558" SrcFileId="21" StartOffset="3522"/>
<Loc EndOffset="3621" SrcFileId="21" StartOffset="3567"/>
<Loc EndOffset="3684" SrcFileId="21" StartOffset="3630"/>
<Loc EndOffset="3747" SrcFileId="21" StartOffset="3693"/>
<Loc EndOffset="3810" SrcFileId="21" StartOffset="3756"/>
<Loc EndOffset="3873" SrcFileId="21" StartOffset="3819"/>
<Loc EndOffset="3936" SrcFileId="21" StartOffset="3882"/>
<Loc EndOffset="3998" SrcFileId="21" StartOffset="3945"/>
<Loc EndOffset="4060" SrcFileId="21" StartOffset="4007"/>
<Loc EndOffset="4122" SrcFileId="21" StartOffset="4069"/>
<Loc EndOffset="4184" SrcFileId="21" StartOffset="4131"/>
<Loc EndOffset="4246" SrcFileId="21" StartOffset="4193"/>
<Loc EndOffset="4308" SrcFileId="21" StartOffset="4255"/>
<Loc EndOffset="4389" SrcFileId="21" StartOffset="4318"/>
<Loc EndOffset="4424" SrcFileId="21" StartOffset="4398"/>
<Loc EndOffset="4486" SrcFileId="21" StartOffset="4434"/>
<Loc EndOffset="4520" SrcFileId="21" StartOffset="4495"/>
<Loc EndOffset="4556" SrcFileId="21" StartOffset="4529"/>
<Loc EndOffset="4739" SrcFileId="21" StartOffset="4737"/>
<Loc EndOffset="4801" SrcFileId="21" StartOffset="4749"/>
<Loc EndOffset="4837" SrcFileId="21" StartOffset="4810"/>
<Loc EndOffset="4873" SrcFileId="21" StartOffset="4846"/>
<Loc EndOffset="5056" SrcFileId="21" StartOffset="5054"/>
<Loc EndOffset="5332" SrcFileId="21" StartOffset="5066"/>
<Loc EndOffset="5393" SrcFileId="21" StartOffset="5342"/>
<Loc EndOffset="5431" SrcFileId="21" StartOffset="5402"/>
<Loc EndOffset="5495" SrcFileId="21" StartOffset="5441"/>
<Loc EndOffset="5652" SrcFileId="21" StartOffset="5504"/>
<Loc EndOffset="5713" SrcFileId="21" StartOffset="5662"/>
<Loc EndOffset="5753" SrcFileId="21" StartOffset="5722"/>
<Loc EndOffset="5814" SrcFileId="21" StartOffset="5763"/>
<Loc EndOffset="5852" SrcFileId="21" StartOffset="5823"/>
<Loc EndOffset="5914" SrcFileId="21" StartOffset="5862"/>
<Loc EndOffset="5953" SrcFileId="21" StartOffset="5923"/>
<Loc EndOffset="6015" SrcFileId="21" StartOffset="5963"/>
<Loc EndOffset="6054" SrcFileId="21" StartOffset="6024"/>
<Loc EndOffset="6157" SrcFileId="21" StartOffset="6064"/>
<Loc EndOffset="6199" SrcFileId="21" StartOffset="6166"/>
<Loc EndOffset="7895" SrcFileId="21" StartOffset="6208"/>
<Loc EndOffset="9161" SrcFileId="21" StartOffset="7904"/>
<Loc EndOffset="9434" SrcFileId="21" StartOffset="9171"/>
<Loc EndOffset="9495" SrcFileId="21" StartOffset="9444"/>
<Loc EndOffset="9532" SrcFileId="21" StartOffset="9504"/>
<Loc EndOffset="9593" SrcFileId="21" StartOffset="9542"/>
<Loc EndOffset="9634" SrcFileId="21" StartOffset="9602"/>
<Loc EndOffset="9695" SrcFileId="21" StartOffset="9644"/>
<Loc EndOffset="9738" SrcFileId="21" StartOffset="9704"/>
<Loc EndOffset="9778" SrcFileId="21" StartOffset="9748"/>
<Loc EndOffset="9964" SrcFileId="21" StartOffset="9962"/>
<Loc EndOffset="10004" SrcFileId="21" StartOffset="9974"/>
<Loc EndOffset="10190" SrcFileId="21" StartOffset="10188"/>
<Loc EndOffset="10252" SrcFileId="21" StartOffset="10200"/>
<Loc EndOffset="10287" SrcFileId="21" StartOffset="10261"/>
<Loc EndOffset="10390" SrcFileId="21" StartOffset="10297"/>
<Loc EndOffset="10432" SrcFileId="21" StartOffset="10399"/>
<Loc EndOffset="11908" SrcFileId="21" StartOffset="10441"/>
<Loc EndOffset="13084" SrcFileId="21" StartOffset="11917"/>
<Loc EndOffset="13351" SrcFileId="21" StartOffset="13094"/>
<Loc EndOffset="13412" SrcFileId="21" StartOffset="13361"/>
<Loc EndOffset="13487" SrcFileId="21" StartOffset="13421"/>
<Loc EndOffset="13522" SrcFileId="21" StartOffset="13496"/>
<Loc EndOffset="13584" SrcFileId="21" StartOffset="13532"/>
<Loc EndOffset="13625" SrcFileId="21" StartOffset="13593"/>
<Loc EndOffset="13687" SrcFileId="21" StartOffset="13635"/>
<Loc EndOffset="13726" SrcFileId="21" StartOffset="13696"/>
<Loc EndOffset="13787" SrcFileId="21" StartOffset="13736"/>
<Loc EndOffset="13823" SrcFileId="21" StartOffset="13796"/>
<Loc EndOffset="13884" SrcFileId="21" StartOffset="13833"/>
<Loc EndOffset="13922" SrcFileId="21" StartOffset="13893"/>
<Loc EndOffset="13984" SrcFileId="21" StartOffset="13932"/>
<Loc EndOffset="14022" SrcFileId="21" StartOffset="13993"/>
<Loc EndOffset="14084" SrcFileId="21" StartOffset="14032"/>
<Loc EndOffset="14120" SrcFileId="21" StartOffset="14093"/>
<Loc EndOffset="14182" SrcFileId="21" StartOffset="14130"/>
<Loc EndOffset="14220" SrcFileId="21" StartOffset="14191"/>
<Loc EndOffset="14282" SrcFileId="21" StartOffset="14230"/>
<Loc EndOffset="14336" SrcFileId="21" StartOffset="14291"/>
<Loc EndOffset="14376" SrcFileId="21" StartOffset="14346"/>
<Loc EndOffset="14562" SrcFileId="21" StartOffset="14560"/>
<Loc EndOffset="14602" SrcFileId="21" StartOffset="14572"/>
<Loc EndOffset="14788" SrcFileId="21" StartOffset="14786"/>
<Loc EndOffset="14829" SrcFileId="21" StartOffset="14798"/>
<Loc EndOffset="15016" SrcFileId="21" StartOffset="15014"/>
<Loc EndOffset="15057" SrcFileId="21" StartOffset="15026"/>
<Loc EndOffset="15244" SrcFileId="21" StartOffset="15242"/>
<Loc EndOffset="15285" SrcFileId="21" StartOffset="15254"/>
<Loc EndOffset="15472" SrcFileId="21" StartOffset="15470"/>
<Loc EndOffset="15513" SrcFileId="21" StartOffset="15482"/>
<Loc EndOffset="15700" SrcFileId="21" StartOffset="15698"/>
<Loc EndOffset="15741" SrcFileId="21" StartOffset="15710"/>
<Loc EndOffset="15928" SrcFileId="21" StartOffset="15926"/>
<Loc EndOffset="15969" SrcFileId="21" StartOffset="15938"/>
<Loc EndOffset="16156" SrcFileId="21" StartOffset="16154"/>
<Loc EndOffset="16259" SrcFileId="21" StartOffset="16166"/>
<Loc EndOffset="16301" SrcFileId="21" StartOffset="16268"/>
<Loc EndOffset="19961" SrcFileId="21" StartOffset="16310"/>
<Loc EndOffset="23199" SrcFileId="21" StartOffset="19970"/>
<Loc EndOffset="23304" SrcFileId="21" StartOffset="23209"/>
<Loc EndOffset="23348" SrcFileId="21" StartOffset="23313"/>
<Loc EndOffset="24511" SrcFileId="21" StartOffset="23357"/>
<Loc EndOffset="25583" SrcFileId="21" StartOffset="24520"/>
<Loc EndOffset="25600" SrcFileId="21" StartOffset="25593"/>
</LocList>
<BasicStmnt CovItemId="S6" CovItemPrefix="my.PSM.PSM_Interface.PrefilledScheduleForm.java" Intrnl_Id="2909">
<LocList>
<Loc EndOffset="2188" SrcFileId="21" StartOffset="2151"/>
</LocList>
</BasicStmnt>
<BasicStmnt CovItemId="S7" CovItemPrefix="my.PSM.PSM_Interface.PrefilledScheduleForm.java" Intrnl_Id="2910">
<LocList>
<Loc EndOffset="2234" SrcFileId="21" StartOffset="2197"/>
</LocList>
</BasicStmnt>
<BasicStmnt CovItemId="S8" CovItemPrefix="my.PSM.PSM_Interface.PrefilledScheduleForm.java" Intrnl_Id="2911">
<LocList>
<Loc EndOffset="2278" SrcFileId="21" StartOffset="2243"/>
</LocList>
</BasicStmnt>
<BasicStmnt CovItemId="S9" CovItemPrefix="my.PSM.PSM_Interface.PrefilledScheduleForm.java" Intrnl_Id="2912">
<LocList>
<Loc EndOffset="2322" SrcFileId="21" StartOffset="2287"/>
</LocList>
</BasicStmnt>
<BasicStmnt CovItemId="S10" CovItemPrefix="my.PSM.PSM_Interface.PrefilledScheduleForm.java" Intrnl_Id="2913">
<LocList>
<Loc EndOffset="2372" SrcFileId="21" StartOffset="2331"/>
</LocList>
</BasicStmnt>
<BasicStmnt CovItemId="S11" CovItemPrefix="my.PSM.PSM_Interface.PrefilledScheduleForm.java" Intrnl_Id="2914">
<LocList>
<Loc EndOffset="2416" SrcFileId="21" StartOffset="2381"/>
</LocList>
</BasicStmnt>
<BasicStmnt CovItemId="S12" CovItemPrefix="my.PSM.PSM_Interface.PrefilledScheduleForm.java" Intrnl_Id="2915">
<LocList>
<Loc EndOffset="2460" SrcFileId="21" StartOffset="2425"/>
</LocList>
</BasicStmnt>
<BasicStmnt CovItemId="S13" CovItemPrefix="my.PSM.PSM_Interface.PrefilledScheduleForm.java" Intrnl_Id="2916">
<LocList>
<Loc EndOffset="2505" SrcFileId="21" StartOffset="2469"/>
</LocList>
</BasicStmnt>
<BasicStmnt CovItemId="S14" CovItemPrefix="my.PSM.PSM_Interface.PrefilledScheduleForm.java" Intrnl_Id="2917">
<LocList>
<Loc EndOffset="2550" SrcFileId="21" StartOffset="2514"/>
</LocList>
</BasicStmnt>
<BasicStmnt CovItemId="S15" CovItemPrefix="my.PSM.PSM_Interface.PrefilledScheduleForm.java" Intrnl_Id="2918">
<LocList>
<Loc EndOffset="2617" SrcFileId="21" StartOffset="2559"/>
</LocList>
</BasicStmnt>
<BasicStmnt CovItemId="S16" CovItemPrefix="my.PSM.PSM_Interface.PrefilledScheduleForm.java" Intrnl_Id="2919">
<LocList>
<Loc EndOffset="2682" SrcFileId="21" StartOffset="2626"/>
</LocList>
</BasicStmnt>
<BasicStmnt CovItemId="S17" CovItemPrefix="my.PSM.PSM_Interface.PrefilledScheduleForm.java" Intrnl_Id="2920">
<LocList>
<Loc EndOffset="2726" SrcFileId="21" StartOffset="2691"/>
</LocList>
</BasicStmnt>
<BasicStmnt CovItemId="S18" CovItemPrefix="my.PSM.PSM_Interface.PrefilledScheduleForm.java" Intrnl_Id="2921">
<LocList>
<Loc EndOffset="2770" SrcFileId="21" StartOffset="2735"/>
</LocList>
</BasicStmnt>
<BasicStmnt CovItemId="S19" CovItemPrefix="my.PSM.PSM_Interface.PrefilledScheduleForm.java" Intrnl_Id="2922">
<LocList>
<Loc EndOffset="2814" SrcFileId="21" StartOffset="2779"/>
</LocList>
</BasicStmnt>
<BasicStmnt CovItemId="S20" CovItemPrefix="my.PSM.PSM_Interface.PrefilledScheduleForm.java" Intrnl_Id="2923">
<LocList>
<Loc EndOffset="2858" SrcFileId="21" StartOffset="2823"/>
</LocList>
</BasicStmnt>
<BasicStmnt CovItemId="S21" CovItemPrefix="my.PSM.PSM_Interface.PrefilledScheduleForm.java" Intrnl_Id="2924">
<LocList>
<Loc EndOffset="2916" SrcFileId="21" StartOffset="2867"/>
</LocList>
</BasicStmnt>
<BasicStmnt CovItemId="S22" CovItemPrefix="my.PSM.PSM_Interface.PrefilledScheduleForm.java" Intrnl_Id="2925">
<LocList>
<Loc EndOffset="3002" SrcFileId="21" StartOffset="2925"/>
</LocList>
</BasicStmnt>
<BasicStmnt CovItemId="S23" CovItemPrefix="my.PSM.PSM_Interface.PrefilledScheduleForm.java" Intrnl_Id="2926">
<LocList>
<Loc EndOffset="3067" SrcFileId="21" StartOffset="3011"/>
</LocList>
</BasicStmnt>
<BasicStmnt CovItemId="S24" CovItemPrefix="my.PSM.PSM_Interface.PrefilledScheduleForm.java" Intrnl_Id="2927">
<LocList>
<Loc EndOffset="3112" SrcFileId="21" StartOffset="3076"/>
</LocList>
</BasicStmnt>
<BasicStmnt CovItemId="S25" CovItemPrefix="my.PSM.PSM_Interface.PrefilledScheduleForm.java" Intrnl_Id="2928">
<LocList>
<Loc EndOffset="3156" SrcFileId="21" StartOffset="3121"/>
</LocList>
</BasicStmnt>
<BasicStmnt CovItemId="S26" CovItemPrefix="my.PSM.PSM_Interface.PrefilledScheduleForm.java" Intrnl_Id="2929">
<LocList>
<Loc EndOffset="3200" SrcFileId="21" StartOffset="3165"/>
</LocList>
</BasicStmnt>
<BasicStmnt CovItemId="S27" CovItemPrefix="my.PSM.PSM_Interface.PrefilledScheduleForm.java" Intrnl_Id="2930">
<LocList>
<Loc EndOffset="3245" SrcFileId="21" StartOffset="3209"/>
</LocList>
</BasicStmnt>
<BasicStmnt CovItemId="S28" CovItemPrefix="my.PSM.PSM_Interface.PrefilledScheduleForm.java" Intrnl_Id="2931">
<LocList>
<Loc EndOffset="3290" SrcFileId="21" StartOffset="3254"/>
</LocList>
</BasicStmnt>
<BasicStmnt CovItemId="S29" CovItemPrefix="my.PSM.PSM_Interface.PrefilledScheduleForm.java" Intrnl_Id="2932">
<LocList>
<Loc EndOffset="3334" SrcFileId="21" StartOffset="3299"/>
</LocList>
</BasicStmnt>
<BasicStmnt CovItemId="S30" CovItemPrefix="my.PSM.PSM_Interface.PrefilledScheduleForm.java" Intrnl_Id="2933">
<LocList>
<Loc EndOffset="3378" SrcFileId="21" StartOffset="3343"/>
</LocList>
</BasicStmnt>
<BasicStmnt CovItemId="S31" CovItemPrefix="my.PSM.PSM_Interface.PrefilledScheduleForm.java" Intrnl_Id="2934">
<LocList>
<Loc EndOffset="3423" SrcFileId="21" StartOffset="3387"/>
</LocList>
</BasicStmnt>
<BasicStmnt CovItemId="S32" CovItemPrefix="my.PSM.PSM_Interface.PrefilledScheduleForm.java" Intrnl_Id="2935">
<LocList>
<Loc EndOffset="3468" SrcFileId="21" StartOffset="3432"/>
</LocList>
</BasicStmnt>
<BasicStmnt CovItemId="S33" CovItemPrefix="my.PSM.PSM_Interface.PrefilledScheduleForm.java" Intrnl_Id="2936">
<LocList>
<Loc EndOffset="3513" SrcFileId="21" StartOffset="3477"/>
</LocList>
</BasicStmnt>
<BasicStmnt CovItemId="S34" CovItemPrefix="my.PSM.PSM_Interface.PrefilledScheduleForm.java" Intrnl_Id="2937">
<LocList>
<Loc EndOffset="3558" SrcFileId="21" StartOffset="3522"/>
</LocList>
</BasicStmnt>
<BasicStmnt CovItemId="S35" CovItemPrefix="my.PSM.PSM_Interface.PrefilledScheduleForm.java" Intrnl_Id="2938">
<LocList>
<Loc EndOffset="3621" SrcFileId="21" StartOffset="3567"/>
</LocList>
</BasicStmnt>
<BasicStmnt CovItemId="S36" CovItemPrefix="my.PSM.PSM_Interface.PrefilledScheduleForm.java" Intrnl_Id="2939">
<LocList>
<Loc EndOffset="3684" SrcFileId="21" StartOffset="3630"/>
</LocList>
</BasicStmnt>
<BasicStmnt CovItemId="S37" CovItemPrefix="my.PSM.PSM_Interface.PrefilledScheduleForm.java" Intrnl_Id="2940">
<LocList>
<Loc EndOffset="3747" SrcFileId="21" StartOffset="3693"/>
</LocList>
</BasicStmnt>
<BasicStmnt CovItemId="S38" CovItemPrefix="my.PSM.PSM_Interface.PrefilledScheduleForm.java" Intrnl_Id="2941">
<LocList>
<Loc EndOffset="3810" SrcFileId="21" StartOffset="3756"/>
</LocList>
</BasicStmnt>
<BasicStmnt CovItemId="S39" CovItemPrefix="my.PSM.PSM_Interface.PrefilledScheduleForm.java" Intrnl_Id="2942">
<LocList>
<Loc EndOffset="3873" SrcFileId="21" StartOffset="3819"/>
</LocList>
</BasicStmnt>
<BasicStmnt CovItemId="S40" CovItemPrefix="my.PSM.PSM_Interface.PrefilledScheduleForm.java" Intrnl_Id="2943">
<LocList>
<Loc EndOffset="3936" SrcFileId="21" StartOffset="3882"/>
</LocList>
</BasicStmnt>
<BasicStmnt CovItemId="S41" CovItemPrefix="my.PSM.PSM_Interface.PrefilledScheduleForm.java" Intrnl_Id="2944">
<LocList>
<Loc EndOffset="3998" SrcFileId="21" StartOffset="3945"/>
</LocList>
</BasicStmnt>
<BasicStmnt CovItemId="S42" CovItemPrefix="my.PSM.PSM_Interface.PrefilledScheduleForm.java" Intrnl_Id="2945">
<LocList>
<Loc EndOffset="4060" SrcFileId="21" StartOffset="4007"/>
</LocList>
</BasicStmnt>
<BasicStmnt CovItemId="S43" CovItemPrefix="my.PSM.PSM_Interface.PrefilledScheduleForm.java" Intrnl_Id="2946">
<LocList>
<Loc EndOffset="4122" SrcFileId="21" StartOffset="4069"/>
</LocList>
</BasicStmnt>
<BasicStmnt CovItemId="S44" CovItemPrefix="my.PSM.PSM_Interface.PrefilledScheduleForm.java" Intrnl_Id="2947">
<LocList>
<Loc EndOffset="4184" SrcFileId="21" StartOffset="4131"/>
</LocList>
</BasicStmnt>
<BasicStmnt CovItemId="S45" CovItemPrefix="my.PSM.PSM_Interface.PrefilledScheduleForm.java" Intrnl_Id="2948">
<LocList>
<Loc EndOffset="4246" SrcFileId="21" StartOffset="4193"/>
</LocList>
</BasicStmnt>
<BasicStmnt CovItemId="S46" CovItemPrefix="my.PSM.PSM_Interface.PrefilledScheduleForm.java" Intrnl_Id="2949">
<LocList>
<Loc EndOffset="4308" SrcFileId="21" StartOffset="4255"/>
</LocList>
</BasicStmnt>
<BasicStmnt CovItemId="S47" CovItemPrefix="my.PSM.PSM_Interface.PrefilledScheduleForm.java" Intrnl_Id="2950">
<LocList>
<Loc EndOffset="4389" SrcFileId="21" StartOffset="4318"/>
</LocList>
</BasicStmnt>
<BasicStmnt CovItemId="S48" CovItemPrefix="my.PSM.PSM_Interface.PrefilledScheduleForm.java" Intrnl_Id="2951">
<LocList>
<Loc EndOffset="4424" SrcFileId="21" StartOffset="4398"/>
</LocList>
</BasicStmnt>
<BasicStmnt CovItemId="S49" CovItemPrefix="my.PSM.PSM_Interface.PrefilledScheduleForm.java" Intrnl_Id="2952">
<LocList>
<Loc EndOffset="4486" SrcFileId="21" StartOffset="4434"/>
</LocList>
</BasicStmnt>
<BasicStmnt CovItemId="S50" CovItemPrefix="my.PSM.PSM_Interface.PrefilledScheduleForm.java" Intrnl_Id="2953">
<LocList>
<Loc EndOffset="4520" SrcFileId="21" StartOffset="4495"/>
</LocList>
</BasicStmnt>
<BasicStmnt CovItemId="S51" CovItemPrefix="my.PSM.PSM_Interface.PrefilledScheduleForm.java" Intrnl_Id="2954">
<LocList>
<Loc EndOffset="4556" SrcFileId="21" StartOffset="4529"/>
<Loc EndOffset="4739" SrcFileId="21" StartOffset="4737"/>
</LocList>
</BasicStmnt>
<BasicStmnt CovItemId="S53" CovItemPrefix="my.PSM.PSM_Interface.PrefilledScheduleForm.java" Intrnl_Id="2955">
<LocList>
<Loc EndOffset="4801" SrcFileId="21" StartOffset="4749"/>
</LocList>
</BasicStmnt>
<BasicStmnt CovItemId="S54" CovItemPrefix="my.PSM.PSM_Interface.PrefilledScheduleForm.java" Intrnl_Id="2956">
<LocList>
<Loc EndOffset="4837" SrcFileId="21" StartOffset="4810"/>
</LocList>
</BasicStmnt>
<BasicStmnt CovItemId="S55" CovItemPrefix="my.PSM.PSM_Interface.PrefilledScheduleForm.java" Intrnl_Id="2957">
<LocList>
<Loc EndOffset="4873" SrcFileId="21" StartOffset="4846"/>
<Loc EndOffset="5056" SrcFileId="21" StartOffset="5054"/>
</LocList>
</BasicStmnt>
<BasicStmnt CovItemId="S57" CovItemPrefix="my.PSM.PSM_Interface.PrefilledScheduleForm.java" Intrnl_Id="2958">
<LocList>
<Loc EndOffset="5332" SrcFileId="21" StartOffset="5066"/>
</LocList>
</BasicStmnt>
<BasicStmnt CovItemId="S58" CovItemPrefix="my.PSM.PSM_Interface.PrefilledScheduleForm.java" Intrnl_Id="2959">
<LocList>
<Loc EndOffset="5393" SrcFileId="21" StartOffset="5342"/>
</LocList>
</BasicStmnt>
<BasicStmnt CovItemId="S59" CovItemPrefix="my.PSM.PSM_Interface.PrefilledScheduleForm.java" Intrnl_Id="2960">
<LocList>
<Loc EndOffset="5431" SrcFileId="21" StartOffset="5402"/>
</LocList>
</BasicStmnt>
<BasicStmnt CovItemId="S60" CovItemPrefix="my.PSM.PSM_Interface.PrefilledScheduleForm.java" Intrnl_Id="2961">
<LocList>
<Loc EndOffset="5495" SrcFileId="21" StartOffset="5441"/>
</LocList>
</BasicStmnt>
<BasicStmnt CovItemId="S61" CovItemPrefix="my.PSM.PSM_Interface.PrefilledScheduleForm.java" Intrnl_Id="2962">
<LocList>
<Loc EndOffset="5652" SrcFileId="21" StartOffset="5504"/>
</LocList>
</BasicStmnt>
<BasicStmnt CovItemId="S62" CovItemPrefix="my.PSM.PSM_Interface.PrefilledScheduleForm.java" Intrnl_Id="2963">
<LocList>
<Loc EndOffset="5713" SrcFileId="21" StartOffset="5662"/>
</LocList>
</BasicStmnt>
<BasicStmnt CovItemId="S63" CovItemPrefix="my.PSM.PSM_Interface.PrefilledScheduleForm.java" Intrnl_Id="2964">
<LocList>
<Loc EndOffset="5753" SrcFileId="21" StartOffset="5722"/>
</LocList>
</BasicStmnt>
<BasicStmnt CovItemId="S64" CovItemPrefix="my.PSM.PSM_Interface.PrefilledScheduleForm.java" Intrnl_Id="2965">
<LocList>
<Loc EndOffset="5814" SrcFileId="21" StartOffset="5763"/>
</LocList>
</BasicStmnt>
<BasicStmnt CovItemId="S65" CovItemPrefix="my.PSM.PSM_Interface.PrefilledScheduleForm.java" Intrnl_Id="2966">
<LocList>
<Loc EndOffset="5852" SrcFileId="21" StartOffset="5823"/>
</LocList>
</BasicStmnt>
<BasicStmnt CovItemId="S66" CovItemPrefix="my.PSM.PSM_Interface.PrefilledScheduleForm.java" Intrnl_Id="2967">
<LocList>
<Loc EndOffset="5914" SrcFileId="21" StartOffset="5862"/>
</LocList>
</BasicStmnt>
<BasicStmnt CovItemId="S67" CovItemPrefix="my.PSM.PSM_Interface.PrefilledScheduleForm.java" Intrnl_Id="2968">
<LocList>
<Loc EndOffset="5953" SrcFileId="21" StartOffset="5923"/>
</LocList>
</BasicStmnt>
<BasicStmnt CovItemId="S68" CovItemPrefix="my.PSM.PSM_Interface.PrefilledScheduleForm.java" Intrnl_Id="2969">
<LocList>
<Loc EndOffset="6015" SrcFileId="21" StartOffset="5963"/>
</LocList>
</BasicStmnt>
<BasicStmnt CovItemId="S69" CovItemPrefix="my.PSM.PSM_Interface.PrefilledScheduleForm.java" Intrnl_Id="2970">
<LocList>
<Loc EndOffset="6054" SrcFileId="21" StartOffset="6024"/>
</LocList>
</BasicStmnt>
<BasicStmnt CovItemId="S70" CovItemPrefix="my.PSM.PSM_Interface.PrefilledScheduleForm.java" Intrnl_Id="2971">
<LocList>
<Loc EndOffset="6157" SrcFileId="21" StartOffset="6064"/>
</LocList>
</BasicStmnt>
<BasicStmnt CovItemId="S71" CovItemPrefix="my.PSM.PSM_Interface.PrefilledScheduleForm.java" Intrnl_Id="2972">
<LocList>
<Loc EndOffset="6199" SrcFileId="21" StartOffset="6166"/>
</LocList>
</BasicStmnt>
<BasicStmnt CovItemId="S72" CovItemPrefix="my.PSM.PSM_Interface.PrefilledScheduleForm.java" Intrnl_Id="2973">
<LocList>
<Loc EndOffset="7895" SrcFileId="21" StartOffset="6208"/>
</LocList>
</BasicStmnt>
<BasicStmnt CovItemId="S73" CovItemPrefix="my.PSM.PSM_Interface.PrefilledScheduleForm.java" Intrnl_Id="2974">
<LocList>
<Loc EndOffset="9161" SrcFileId="21" StartOffset="7904"/>
</LocList>
</BasicStmnt>
<BasicStmnt CovItemId="S74" CovItemPrefix="my.PSM.PSM_Interface.PrefilledScheduleForm.java" Intrnl_Id="2975">
<LocList>
<Loc EndOffset="9434" SrcFileId="21" StartOffset="9171"/>
</LocList>
</BasicStmnt>
<BasicStmnt CovItemId="S75" CovItemPrefix="my.PSM.PSM_Interface.PrefilledScheduleForm.java" Intrnl_Id="2976">
<LocList>
<Loc EndOffset="9495" SrcFileId="21" StartOffset="9444"/>
</LocList>
</BasicStmnt>
<BasicStmnt CovItemId="S76" CovItemPrefix="my.PSM.PSM_Interface.PrefilledScheduleForm.java" Intrnl_Id="2977">
<LocList>
<Loc EndOffset="9532" SrcFileId="21" StartOffset="9504"/>
</LocList>
</BasicStmnt>
<BasicStmnt CovItemId="S77" CovItemPrefix="my.PSM.PSM_Interface.PrefilledScheduleForm.java" Intrnl_Id="2978">
<LocList>
<Loc EndOffset="9593" SrcFileId="21" StartOffset="9542"/>
</LocList>
</BasicStmnt>
<BasicStmnt CovItemId="S78" CovItemPrefix="my.PSM.PSM_Interface.PrefilledScheduleForm.java" Intrnl_Id="2979">
<LocList>
<Loc EndOffset="9634" SrcFileId="21" StartOffset="9602"/>
</LocList>
</BasicStmnt>
<BasicStmnt CovItemId="S79" CovItemPrefix="my.PSM.PSM_Interface.PrefilledScheduleForm.java" Intrnl_Id="2980">
<LocList>
<Loc EndOffset="9695" SrcFileId="21" StartOffset="9644"/>
</LocList>
</BasicStmnt>
<BasicStmnt CovItemId="S80" CovItemPrefix="my.PSM.PSM_Interface.PrefilledScheduleForm.java" Intrnl_Id="2981">
<LocList>
<Loc EndOffset="9738" SrcFileId="21" StartOffset="9704"/>
</LocList>
</BasicStmnt>
<BasicStmnt CovItemId="S81" CovItemPrefix="my.PSM.PSM_Interface.PrefilledScheduleForm.java" Intrnl_Id="2982">
<LocList>
<Loc EndOffset="9778" SrcFileId="21" StartOffset="9748"/>
<Loc EndOffset="9964" SrcFileId="21" StartOffset="9962"/>
</LocList>
</BasicStmnt>
<BasicStmnt CovItemId="S83" CovItemPrefix="my.PSM.PSM_Interface.PrefilledScheduleForm.java" Intrnl_Id="2983">
<LocList>
<Loc EndOffset="10004" SrcFileId="21" StartOffset="9974"/>
<Loc EndOffset="10190" SrcFileId="21" StartOffset="10188"/>
</LocList>
</BasicStmnt>
<BasicStmnt CovItemId="S85" CovItemPrefix="my.PSM.PSM_Interface.PrefilledScheduleForm.java" Intrnl_Id="2984">
<LocList>
<Loc EndOffset="10252" SrcFileId="21" StartOffset="10200"/>
</LocList>
</BasicStmnt>
<BasicStmnt CovItemId="S86" CovItemPrefix="my.PSM.PSM_Interface.PrefilledScheduleForm.java" Intrnl_Id="2985">
<LocList>
<Loc EndOffset="10287" SrcFileId="21" StartOffset="10261"/>
</LocList>
</BasicStmnt>
<BasicStmnt CovItemId="S87" CovItemPrefix="my.PSM.PSM_Interface.PrefilledScheduleForm.java" Intrnl_Id="2986">
<LocList>
<Loc EndOffset="10390" SrcFileId="21" StartOffset="10297"/>
</LocList>
</BasicStmnt>
<BasicStmnt CovItemId="S88" CovItemPrefix="my.PSM.PSM_Interface.PrefilledScheduleForm.java" Intrnl_Id="2987">
<LocList>
<Loc EndOffset="10432" SrcFileId="21" StartOffset="10399"/>
</LocList>
</BasicStmnt>
<BasicStmnt CovItemId="S89" CovItemPrefix="my.PSM.PSM_Interface.PrefilledScheduleForm.java" Intrnl_Id="2988">
<LocList>
<Loc EndOffset="11908" SrcFileId="21" StartOffset="10441"/>
</LocList>
</BasicStmnt>
<BasicStmnt CovItemId="S90" CovItemPrefix="my.PSM.PSM_Interface.PrefilledScheduleForm.java" Intrnl_Id="2989">
<LocList>
<Loc EndOffset="13084" SrcFileId="21" StartOffset="11917"/>
</LocList>
</BasicStmnt>
<BasicStmnt CovItemId="S91" CovItemPrefix="my.PSM.PSM_Interface.PrefilledScheduleForm.java" Intrnl_Id="2990">
<LocList>
<Loc EndOffset="13351" SrcFileId="21" StartOffset="13094"/>
</LocList>
</BasicStmnt>
<BasicStmnt CovItemId="S92" CovItemPrefix="my.PSM.PSM_Interface.PrefilledScheduleForm.java" Intrnl_Id="2991">
<LocList>
<Loc EndOffset="13412" SrcFileId="21" StartOffset="13361"/>
</LocList>
</BasicStmnt>
<BasicStmnt CovItemId="S93" CovItemPrefix="my.PSM.PSM_Interface.PrefilledScheduleForm.java" Intrnl_Id="2992">
<LocList>
<Loc EndOffset="13487" SrcFileId="21" StartOffset="13421"/>
</LocList>
</BasicStmnt>
<BasicStmnt CovItemId="S94" CovItemPrefix="my.PSM.PSM_Interface.PrefilledScheduleForm.java" Intrnl_Id="2993">
<LocList>
<Loc EndOffset="13522" SrcFileId="21" StartOffset="13496"/>
</LocList>
</BasicStmnt>
<BasicStmnt CovItemId="S95" CovItemPrefix="my.PSM.PSM_Interface.PrefilledScheduleForm.java" Intrnl_Id="2994">
<LocList>
<Loc EndOffset="13584" SrcFileId="21" StartOffset="13532"/>
</LocList>
</BasicStmnt>
<BasicStmnt CovItemId="S96" CovItemPrefix="my.PSM.PSM_Interface.PrefilledScheduleForm.java" Intrnl_Id="2995">
<LocList>
<Loc EndOffset="13625" SrcFileId="21" StartOffset="13593"/>
</LocList>
</BasicStmnt>
<BasicStmnt CovItemId="S97" CovItemPrefix="my.PSM.PSM_Interface.PrefilledScheduleForm.java" Intrnl_Id="2996">
<LocList>
<Loc EndOffset="13687" SrcFileId="21" StartOffset="13635"/>
</LocList>
</BasicStmnt>
<BasicStmnt CovItemId="S98" CovItemPrefix="my.PSM.PSM_Interface.PrefilledScheduleForm.java" Intrnl_Id="2997">
<LocList>
<Loc EndOffset="13726" SrcFileId="21" StartOffset="13696"/>
</LocList>
</BasicStmnt>
<BasicStmnt CovItemId="S99" CovItemPrefix="my.PSM.PSM_Interface.PrefilledScheduleForm.java" Intrnl_Id="2998">
<LocList>
<Loc EndOffset="13787" SrcFileId="21" StartOffset="13736"/>
</LocList>
</BasicStmnt>
<BasicStmnt CovItemId="S100" CovItemPrefix="my.PSM.PSM_Interface.PrefilledScheduleForm.java" Intrnl_Id="2999">
<LocList>
<Loc EndOffset="13823" SrcFileId="21" StartOffset="13796"/>
</LocList>
</BasicStmnt>
<BasicStmnt CovItemId="S101" CovItemPrefix="my.PSM.PSM_Interface.PrefilledScheduleForm.java" Intrnl_Id="3000">
<LocList>
<Loc EndOffset="13884" SrcFileId="21" StartOffset="13833"/>
</LocList>
</BasicStmnt>
<BasicStmnt CovItemId="S102" CovItemPrefix="my.PSM.PSM_Interface.PrefilledScheduleForm.java" Intrnl_Id="3001">
<LocList>
<Loc EndOffset="13922" SrcFileId="21" StartOffset="13893"/>
</LocList>
</BasicStmnt>
<BasicStmnt CovItemId="S103" CovItemPrefix="my.PSM.PSM_Interface.PrefilledScheduleForm.java" Intrnl_Id="3002">
<LocList>
<Loc EndOffset="13984" SrcFileId="21" StartOffset="13932"/>
</LocList>
</BasicStmnt>
<BasicStmnt CovItemId="S104" CovItemPrefix="my.PSM.PSM_Interface.PrefilledScheduleForm.java" Intrnl_Id="3003">
<LocList>
<Loc EndOffset="14022" SrcFileId="21" StartOffset="13993"/>
</LocList>
</BasicStmnt>
<BasicStmnt CovItemId="S105" CovItemPrefix="my.PSM.PSM_Interface.PrefilledScheduleForm.java" Intrnl_Id="3004">
<LocList>
<Loc EndOffset="14084" SrcFileId="21" StartOffset="14032"/>
</LocList>
</BasicStmnt>
<BasicStmnt CovItemId="S106" CovItemPrefix="my.PSM.PSM_Interface.PrefilledScheduleForm.java" Intrnl_Id="3005">
<LocList>
<Loc EndOffset="14120" SrcFileId="21" StartOffset="14093"/>
</LocList>
</BasicStmnt>
<BasicStmnt CovItemId="S107" CovItemPrefix="my.PSM.PSM_Interface.PrefilledScheduleForm.java" Intrnl_Id="3006">
<LocList>
<Loc EndOffset="14182" SrcFileId="21" StartOffset="14130"/>
</LocList>
</BasicStmnt>
<BasicStmnt CovItemId="S108" CovItemPrefix="my.PSM.PSM_Interface.PrefilledScheduleForm.java" Intrnl_Id="3007">
<LocList>
<Loc EndOffset="14220" SrcFileId="21" StartOffset="14191"/>
</LocList>
</BasicStmnt>
<BasicStmnt CovItemId="S109" CovItemPrefix="my.PSM.PSM_Interface.PrefilledScheduleForm.java" Intrnl_Id="3008">
<LocList>
<Loc EndOffset="14282" SrcFileId="21" StartOffset="14230"/>
</LocList>
</BasicStmnt>
<BasicStmnt CovItemId="S110" CovItemPrefix="my.PSM.PSM_Interface.PrefilledScheduleForm.java" Intrnl_Id="3009">
<LocList>
<Loc EndOffset="14336" SrcFileId="21" StartOffset="14291"/>
</LocList>
</BasicStmnt>
<BasicStmnt CovItemId="S111" CovItemPrefix="my.PSM.PSM_Interface.PrefilledScheduleForm.java" Intrnl_Id="3010">
<LocList>
<Loc EndOffset="14376" SrcFileId="21" StartOffset="14346"/>
<Loc EndOffset="14562" SrcFileId="21" StartOffset="14560"/>
</LocList>
</BasicStmnt>
<BasicStmnt CovItemId="S113" CovItemPrefix="my.PSM.PSM_Interface.PrefilledScheduleForm.java" Intrnl_Id="3011">
<LocList>
<Loc EndOffset="14602" SrcFileId="21" StartOffset="14572"/>
<Loc EndOffset="14788" SrcFileId="21" StartOffset="14786"/>
</LocList>
</BasicStmnt>
<BasicStmnt CovItemId="S115" CovItemPrefix="my.PSM.PSM_Interface.PrefilledScheduleForm.java" Intrnl_Id="3012">
<LocList>
<Loc EndOffset="14829" SrcFileId="21" StartOffset="14798"/>
<Loc EndOffset="15016" SrcFileId="21" StartOffset="15014"/>
</LocList>
</BasicStmnt>
<BasicStmnt CovItemId="S117" CovItemPrefix="my.PSM.PSM_Interface.PrefilledScheduleForm.java" Intrnl_Id="3013">
<LocList>
<Loc EndOffset="15057" SrcFileId="21" StartOffset="15026"/>
<Loc EndOffset="15244" SrcFileId="21" StartOffset="15242"/>
</LocList>
</BasicStmnt>
<BasicStmnt CovItemId="S119" CovItemPrefix="my.PSM.PSM_Interface.PrefilledScheduleForm.java" Intrnl_Id="3014">
<LocList>
<Loc EndOffset="15285" SrcFileId="21" StartOffset="15254"/>
<Loc EndOffset="15472" SrcFileId="21" StartOffset="15470"/>
</LocList>
</BasicStmnt>
<BasicStmnt CovItemId="S121" CovItemPrefix="my.PSM.PSM_Interface.PrefilledScheduleForm.java" Intrnl_Id="3015">
<LocList>
<Loc EndOffset="15513" SrcFileId="21" StartOffset="15482"/>
<Loc EndOffset="15700" SrcFileId="21" StartOffset="15698"/>
</LocList>
</BasicStmnt>
<BasicStmnt CovItemId="S123" CovItemPrefix="my.PSM.PSM_Interface.PrefilledScheduleForm.java" Intrnl_Id="3016">
<LocList>
<Loc EndOffset="15741" SrcFileId="21" StartOffset="15710"/>
<Loc EndOffset="15928" SrcFileId="21" StartOffset="15926"/>
</LocList>
</BasicStmnt>
<BasicStmnt CovItemId="S125" CovItemPrefix="my.PSM.PSM_Interface.PrefilledScheduleForm.java" Intrnl_Id="3017">
<LocList>
<Loc EndOffset="15969" SrcFileId="21" StartOffset="15938"/>
<Loc EndOffset="16156" SrcFileId="21" StartOffset="16154"/>
</LocList>
</BasicStmnt>
<BasicStmnt CovItemId="S127" CovItemPrefix="my.PSM.PSM_Interface.PrefilledScheduleForm.java" Intrnl_Id="3018">
<LocList>
<Loc EndOffset="16259" SrcFileId="21" StartOffset="16166"/>
</LocList>
</BasicStmnt>
<BasicStmnt CovItemId="S128" CovItemPrefix="my.PSM.PSM_Interface.PrefilledScheduleForm.java" Intrnl_Id="3019">
<LocList>
<Loc EndOffset="16301" SrcFileId="21" StartOffset="16268"/>
</LocList>
</BasicStmnt>
<BasicStmnt CovItemId="S129" CovItemPrefix="my.PSM.PSM_Interface.PrefilledScheduleForm.java" Intrnl_Id="3020">
<LocList>
<Loc EndOffset="19961" SrcFileId="21" StartOffset="16310"/>
</LocList>
</BasicStmnt>
<BasicStmnt CovItemId="S130" CovItemPrefix="my.PSM.PSM_Interface.PrefilledScheduleForm.java" Intrnl_Id="3021">
<LocList>
<Loc EndOffset="23199" SrcFileId="21" StartOffset="19970"/>
</LocList>
</BasicStmnt>
<BasicStmnt CovItemId="S131" CovItemPrefix="my.PSM.PSM_Interface.PrefilledScheduleForm.java" Intrnl_Id="3022">
<LocList>
<Loc EndOffset="23304" SrcFileId="21" StartOffset="23209"/>
</LocList>
</BasicStmnt>
<BasicStmnt CovItemId="S132" CovItemPrefix="my.PSM.PSM_Interface.PrefilledScheduleForm.java" Intrnl_Id="3023">
<LocList>
<Loc EndOffset="23348" SrcFileId="21" StartOffset="23313"/>
</LocList>
</BasicStmnt>
<BasicStmnt CovItemId="S133" CovItemPrefix="my.PSM.PSM_Interface.PrefilledScheduleForm.java" Intrnl_Id="3024">
<LocList>
<Loc EndOffset="24511" SrcFileId="21" StartOffset="23357"/>
</LocList>
</BasicStmnt>
<BasicStmnt CovItemId="S134" CovItemPrefix="my.PSM.PSM_Interface.PrefilledScheduleForm.java" Intrnl_Id="3025">
<LocList>
<Loc EndOffset="25583" SrcFileId="21" StartOffset="24520"/>
</LocList>
</BasicStmnt>
<BasicStmnt CovItemId="S135" CovItemPrefix="my.PSM.PSM_Interface.PrefilledScheduleForm.java" Intrnl_Id="3026">
<LocList>
<Loc EndOffset="25600" SrcFileId="21" StartOffset="25593"/>
</LocList>
</BasicStmnt>
</StmntSeq>
<HierarchyLvl HierarchyLvlId="14638" HierarchyLvlTypeId="30" Intrnl_Id="3027" Name="java.awt.event.ActionListener">
<Header>
<Loc EndOffset="4591" SrcFileId="21" StartOffset="4560"/>
</Header>
<LocList>
<Loc EndOffset="4737" SrcFileId="21" StartOffset="4556"/>
</LocList>
<HierarchyLvl HierarchyLvlId="14637" HierarchyLvlTypeId="31" Intrnl_Id="3028" Name="actionPerformed">
<Header>
<Loc EndOffset="4665" SrcFileId="21" StartOffset="4606"/>
</Header>
<LocList>
<Loc EndOffset="4727" SrcFileId="21" StartOffset="4606"/>
</LocList>
<StmntSeq Intrnl_Id="3029">
<LocList>
<Loc EndOffset="4713" SrcFileId="21" StartOffset="4684"/>
</LocList>
<BasicStmnt CovItemId="S52" CovItemPrefix="my.PSM.PSM_Interface.PrefilledScheduleForm.java" Intrnl_Id="3030">
<LocList>
<Loc EndOffset="4713" SrcFileId="21" StartOffset="4684"/>
</LocList>
</BasicStmnt>
</StmntSeq>
</HierarchyLvl>
</HierarchyLvl>
<HierarchyLvl HierarchyLvlId="14640" HierarchyLvlTypeId="30" Intrnl_Id="3031" Name="java.awt.event.ActionListener">
<Header>
<Loc EndOffset="4908" SrcFileId="21" StartOffset="4877"/>
</Header>
<LocList>
<Loc EndOffset="5054" SrcFileId="21" StartOffset="4873"/>
</LocList>
<HierarchyLvl HierarchyLvlId="14639" HierarchyLvlTypeId="31" Intrnl_Id="3032" Name="actionPerformed">
<Header>
<Loc EndOffset="4982" SrcFileId="21" StartOffset="4923"/>
</Header>
<LocList>
<Loc EndOffset="5044" SrcFileId="21" StartOffset="4923"/>
</LocList>
<StmntSeq Intrnl_Id="3033">
<LocList>
<Loc EndOffset="5030" SrcFileId="21" StartOffset="5001"/>
</LocList>
<BasicStmnt CovItemId="S56" CovItemPrefix="my.PSM.PSM_Interface.PrefilledScheduleForm.java" Intrnl_Id="3034">
<LocList>
<Loc EndOffset="5030" SrcFileId="21" StartOffset="5001"/>
</LocList>
</BasicStmnt>
</StmntSeq>
</HierarchyLvl>
</HierarchyLvl>
<HierarchyLvl HierarchyLvlId="14642" HierarchyLvlTypeId="30" Intrnl_Id="3035" Name="java.awt.event.ActionListener">
<Header>
<Loc EndOffset="9813" SrcFileId="21" StartOffset="9782"/>
</Header>
<LocList>
<Loc EndOffset="9962" SrcFileId="21" StartOffset="9778"/>
</LocList>
<HierarchyLvl HierarchyLvlId="14641" HierarchyLvlTypeId="31" Intrnl_Id="3036" Name="actionPerformed">
<Header>
<Loc EndOffset="9887" SrcFileId="21" StartOffset="9828"/>
</Header>
<LocList>
<Loc EndOffset="9952" SrcFileId="21" StartOffset="9828"/>
</LocList>
<StmntSeq Intrnl_Id="3037">
<LocList>
<Loc EndOffset="9938" SrcFileId="21" StartOffset="9906"/>
</LocList>
<BasicStmnt CovItemId="S82" CovItemPrefix="my.PSM.PSM_Interface.PrefilledScheduleForm.java" Intrnl_Id="3038">
<LocList>
<Loc EndOffset="9938" SrcFileId="21" StartOffset="9906"/>
</LocList>
</BasicStmnt>
</StmntSeq>
</HierarchyLvl>
</HierarchyLvl>
<HierarchyLvl HierarchyLvlId="14644" HierarchyLvlTypeId="30" Intrnl_Id="3039" Name="java.awt.event.ActionListener">
<Header>
<Loc EndOffset="10039" SrcFileId="21" StartOffset="10008"/>
</Header>
<LocList>
<Loc EndOffset="10188" SrcFileId="21" StartOffset="10004"/>
</LocList>
<HierarchyLvl HierarchyLvlId="14643" HierarchyLvlTypeId="31" Intrnl_Id="3040" Name="actionPerformed">
<Header>
<Loc EndOffset="10113" SrcFileId="21" StartOffset="10054"/>
</Header>
<LocList>
<Loc EndOffset="10178" SrcFileId="21" StartOffset="10054"/>
</LocList>
<StmntSeq Intrnl_Id="3041">
<LocList>
<Loc EndOffset="10164" SrcFileId="21" StartOffset="10132"/>
</LocList>
<BasicStmnt CovItemId="S84" CovItemPrefix="my.PSM.PSM_Interface.PrefilledScheduleForm.java" Intrnl_Id="3042">
<LocList>
<Loc EndOffset="10164" SrcFileId="21" StartOffset="10132"/>
</LocList>
</BasicStmnt>
</StmntSeq>
</HierarchyLvl>
</HierarchyLvl>
<HierarchyLvl HierarchyLvlId="14646" HierarchyLvlTypeId="30" Intrnl_Id="3043" Name="java.awt.event.ActionListener">
<Header>
<Loc EndOffset="14411" SrcFileId="21" StartOffset="14380"/>
</Header>
<LocList>
<Loc EndOffset="14560" SrcFileId="21" StartOffset="14376"/>
</LocList>
<HierarchyLvl HierarchyLvlId="14645" HierarchyLvlTypeId="31" Intrnl_Id="3044" Name="actionPerformed">
<Header>
<Loc EndOffset="14485" SrcFileId="21" StartOffset="14426"/>
</Header>
<LocList>
<Loc EndOffset="14550" SrcFileId="21" StartOffset="14426"/>
</LocList>
<StmntSeq Intrnl_Id="3045">
<LocList>
<Loc EndOffset="14536" SrcFileId="21" StartOffset="14504"/>
</LocList>
<BasicStmnt CovItemId="S112" CovItemPrefix="my.PSM.PSM_Interface.PrefilledScheduleForm.java" Intrnl_Id="3046">
<LocList>
<Loc EndOffset="14536" SrcFileId="21" StartOffset="14504"/>
</LocList>
</BasicStmnt>
</StmntSeq>
</HierarchyLvl>
</HierarchyLvl>
<HierarchyLvl HierarchyLvlId="14648" HierarchyLvlTypeId="30" Intrnl_Id="3047" Name="java.awt.event.ActionListener">
<Header>
<Loc EndOffset="14637" SrcFileId="21" StartOffset="14606"/>
</Header>
<LocList>
<Loc EndOffset="14786" SrcFileId="21" StartOffset="14602"/>
</LocList>
<HierarchyLvl HierarchyLvlId="14647" HierarchyLvlTypeId="31" Intrnl_Id="3048" Name="actionPerformed">
<Header>
<Loc EndOffset="14711" SrcFileId="21" StartOffset="14652"/>
</Header>
<LocList>
<Loc EndOffset="14776" SrcFileId="21" StartOffset="14652"/>
</LocList>
<StmntSeq Intrnl_Id="3049">
<LocList>
<Loc EndOffset="14762" SrcFileId="21" StartOffset="14730"/>
</LocList>
<BasicStmnt CovItemId="S114" CovItemPrefix="my.PSM.PSM_Interface.PrefilledScheduleForm.java" Intrnl_Id="3050">
<LocList>
<Loc EndOffset="14762" SrcFileId="21" StartOffset="14730"/>
</LocList>
</BasicStmnt>
</StmntSeq>
</HierarchyLvl>
</HierarchyLvl>
<HierarchyLvl HierarchyLvlId="14650" HierarchyLvlTypeId="30" Intrnl_Id="3051" Name="java.awt.event.ActionListener">
<Header>
<Loc EndOffset="14864" SrcFileId="21" StartOffset="14833"/>
</Header>
<LocList>
<Loc EndOffset="15014" SrcFileId="21" StartOffset="14829"/>
</LocList>
<HierarchyLvl HierarchyLvlId="14649" HierarchyLvlTypeId="31" Intrnl_Id="3052" Name="actionPerformed">
<Header>
<Loc EndOffset="14938" SrcFileId="21" StartOffset="14879"/>
</Header>
<LocList>
<Loc EndOffset="15004" SrcFileId="21" StartOffset="14879"/>
</LocList>
<StmntSeq Intrnl_Id="3053">
<LocList>
<Loc EndOffset="14990" SrcFileId="21" StartOffset="14957"/>
</LocList>
<BasicStmnt CovItemId="S116" CovItemPrefix="my.PSM.PSM_Interface.PrefilledScheduleForm.java" Intrnl_Id="3054">
<LocList>
<Loc EndOffset="14990" SrcFileId="21" StartOffset="14957"/>
</LocList>
</BasicStmnt>
</StmntSeq>
</HierarchyLvl>
</HierarchyLvl>
<HierarchyLvl HierarchyLvlId="14652" HierarchyLvlTypeId="30" Intrnl_Id="3055" Name="java.awt.event.ActionListener">
<Header>
<Loc EndOffset="15092" SrcFileId="21" StartOffset="15061"/>
</Header>
<LocList>
<Loc EndOffset="15242" SrcFileId="21" StartOffset="15057"/>
</LocList>
<HierarchyLvl HierarchyLvlId="14651" HierarchyLvlTypeId="31" Intrnl_Id="3056" Name="actionPerformed">
<Header>
<Loc EndOffset="15166" SrcFileId="21" StartOffset="15107"/>
</Header>
<LocList>
<Loc EndOffset="15232" SrcFileId="21" StartOffset="15107"/>
</LocList>
<StmntSeq Intrnl_Id="3057">
<LocList>
<Loc EndOffset="15218" SrcFileId="21" StartOffset="15185"/>
</LocList>
<BasicStmnt CovItemId="S118" CovItemPrefix="my.PSM.PSM_Interface.PrefilledScheduleForm.java" Intrnl_Id="3058">
<LocList>
<Loc EndOffset="15218" SrcFileId="21" StartOffset="15185"/>
</LocList>
</BasicStmnt>
</StmntSeq>
</HierarchyLvl>
</HierarchyLvl>
<HierarchyLvl HierarchyLvlId="14654" HierarchyLvlTypeId="30" Intrnl_Id="3059" Name="java.awt.event.ActionListener">
<Header>
<Loc EndOffset="15320" SrcFileId="21" StartOffset="15289"/>
</Header>
<LocList>
<Loc EndOffset="15470" SrcFileId="21" StartOffset="15285"/>
</LocList>
<HierarchyLvl HierarchyLvlId="14653" HierarchyLvlTypeId="31" Intrnl_Id="3060" Name="actionPerformed">
<Header>
<Loc EndOffset="15394" SrcFileId="21" StartOffset="15335"/>
</Header>
<LocList>
<Loc EndOffset="15460" SrcFileId="21" StartOffset="15335"/>
</LocList>
<StmntSeq Intrnl_Id="3061">
<LocList>
<Loc EndOffset="15446" SrcFileId="21" StartOffset="15413"/>
</LocList>
<BasicStmnt CovItemId="S120" CovItemPrefix="my.PSM.PSM_Interface.PrefilledScheduleForm.java" Intrnl_Id="3062">
<LocList>
<Loc EndOffset="15446" SrcFileId="21" StartOffset="15413"/>
</LocList>
</BasicStmnt>
</StmntSeq>
</HierarchyLvl>
</HierarchyLvl>
<HierarchyLvl HierarchyLvlId="14656" HierarchyLvlTypeId="30" Intrnl_Id="3063" Name="java.awt.event.ActionListener">
<Header>
<Loc EndOffset="15548" SrcFileId="21" StartOffset="15517"/>
</Header>
<LocList>
<Loc EndOffset="15698" SrcFileId="21" StartOffset="15513"/>
</LocList>
<HierarchyLvl HierarchyLvlId="14655" HierarchyLvlTypeId="31" Intrnl_Id="3064" Name="actionPerformed">
<Header>
<Loc EndOffset="15622" SrcFileId="21" StartOffset="15563"/>
</Header>
<LocList>
<Loc EndOffset="15688" SrcFileId="21" StartOffset="15563"/>
</LocList>
<StmntSeq Intrnl_Id="3065">
<LocList>
<Loc EndOffset="15674" SrcFileId="21" StartOffset="15641"/>
</LocList>
<BasicStmnt CovItemId="S122" CovItemPrefix="my.PSM.PSM_Interface.PrefilledScheduleForm.java" Intrnl_Id="3066">
<LocList>
<Loc EndOffset="15674" SrcFileId="21" StartOffset="15641"/>
</LocList>
</BasicStmnt>
</StmntSeq>
</HierarchyLvl>
</HierarchyLvl>
<HierarchyLvl HierarchyLvlId="14658" HierarchyLvlTypeId="30" Intrnl_Id="3067" Name="java.awt.event.ActionListener">
<Header>
<Loc EndOffset="15776" SrcFileId="21" StartOffset="15745"/>
</Header>
<LocList>
<Loc EndOffset="15926" SrcFileId="21" StartOffset="15741"/>
</LocList>
<HierarchyLvl HierarchyLvlId="14657" HierarchyLvlTypeId="31" Intrnl_Id="3068" Name="actionPerformed">
<Header>
<Loc EndOffset="15850" SrcFileId="21" StartOffset="15791"/>
</Header>
<LocList>
<Loc EndOffset="15916" SrcFileId="21" StartOffset="15791"/>
</LocList>
<StmntSeq Intrnl_Id="3069">
<LocList>
<Loc EndOffset="15902" SrcFileId="21" StartOffset="15869"/>
</LocList>
<BasicStmnt CovItemId="S124" CovItemPrefix="my.PSM.PSM_Interface.PrefilledScheduleForm.java" Intrnl_Id="3070">
<LocList>
<Loc EndOffset="15902" SrcFileId="21" StartOffset="15869"/>
</LocList>
</BasicStmnt>
</StmntSeq>
</HierarchyLvl>
</HierarchyLvl>
<HierarchyLvl HierarchyLvlId="14660" HierarchyLvlTypeId="30" Intrnl_Id="3071" Name="java.awt.event.ActionListener">
<Header>
<Loc EndOffset="16004" SrcFileId="21" StartOffset="15973"/>
</Header>
<LocList>
<Loc EndOffset="16154" SrcFileId="21" StartOffset="15969"/>
</LocList>
<HierarchyLvl HierarchyLvlId="14659" HierarchyLvlTypeId="31" Intrnl_Id="3072" Name="actionPerformed">
<Header>
<Loc EndOffset="16078" SrcFileId="21" StartOffset="16019"/>
</Header>
<LocList>
<Loc EndOffset="16144" SrcFileId="21" StartOffset="16019"/>
</LocList>
<StmntSeq Intrnl_Id="3073">
<LocList>
<Loc EndOffset="16130" SrcFileId="21" StartOffset="16097"/>
</LocList>
<BasicStmnt CovItemId="S126" CovItemPrefix="my.PSM.PSM_Interface.PrefilledScheduleForm.java" Intrnl_Id="3074">
<LocList>
<Loc EndOffset="16130" SrcFileId="21" StartOffset="16097"/>
</LocList>
</BasicStmnt>
</StmntSeq>
</HierarchyLvl>
</HierarchyLvl>
</HierarchyLvl>
<HierarchyLvl HierarchyLvlId="14662" HierarchyLvlTypeId="31" Intrnl_Id="3075" Name="jButton2ActionPerformed">
<Header>
<Loc EndOffset="25721" SrcFileId="21" StartOffset="25653"/>
</Header>
<LocList>
<Loc EndOffset="26460" SrcFileId="21" StartOffset="25653"/>
</LocList>
<StmntSeq Intrnl_Id="3076">
<LocList>
<Loc EndOffset="25792" SrcFileId="21" StartOffset="25772"/>
<Loc EndOffset="25849" SrcFileId="21" StartOffset="25807"/>
<Loc EndOffset="25896" SrcFileId="21" StartOffset="25856"/>
<Loc EndOffset="25941" SrcFileId="21" StartOffset="25903"/>
<Loc EndOffset="25985" SrcFileId="21" StartOffset="25948"/>
<Loc EndOffset="26030" SrcFileId="21" StartOffset="25992"/>
<Loc EndOffset="26074" SrcFileId="21" StartOffset="26037"/>
<Loc EndOffset="26119" SrcFileId="21" StartOffset="26081"/>
<Loc EndOffset="26163" SrcFileId="21" StartOffset="26126"/>
<Loc EndOffset="26208" SrcFileId="21" StartOffset="26170"/>
<Loc EndOffset="26252" SrcFileId="21" StartOffset="26215"/>
<Loc EndOffset="26297" SrcFileId="21" StartOffset="26259"/>
<Loc EndOffset="26341" SrcFileId="21" StartOffset="26304"/>
<Loc EndOffset="26386" SrcFileId="21" StartOffset="26348"/>
<Loc EndOffset="26430" SrcFileId="21" StartOffset="26393"/>
<Loc EndOffset="26454" SrcFileId="21" StartOffset="26444"/>
</LocList>
<BasicStmnt CovItemId="S136" CovItemPrefix="my.PSM.PSM_Interface.PrefilledScheduleForm.java" Intrnl_Id="3077">
<LocList>
<Loc EndOffset="25792" SrcFileId="21" StartOffset="25772"/>
</LocList>
</BasicStmnt>
<BasicStmnt CovItemId="S137" CovItemPrefix="my.PSM.PSM_Interface.PrefilledScheduleForm.java" Intrnl_Id="3078">
<LocList>
<Loc EndOffset="25849" SrcFileId="21" StartOffset="25807"/>
</LocList>
</BasicStmnt>
<BasicStmnt CovItemId="S138" CovItemPrefix="my.PSM.PSM_Interface.PrefilledScheduleForm.java" Intrnl_Id="3079">
<LocList>
<Loc EndOffset="25896" SrcFileId="21" StartOffset="25856"/>
</LocList>
</BasicStmnt>
<BasicStmnt CovItemId="S139" CovItemPrefix="my.PSM.PSM_Interface.PrefilledScheduleForm.java" Intrnl_Id="3080">
<LocList>
<Loc EndOffset="25941" SrcFileId="21" StartOffset="25903"/>
</LocList>
</BasicStmnt>
<BasicStmnt CovItemId="S140" CovItemPrefix="my.PSM.PSM_Interface.PrefilledScheduleForm.java" Intrnl_Id="3081">
<LocList>
<Loc EndOffset="25985" SrcFileId="21" StartOffset="25948"/>
</LocList>
</BasicStmnt>
<BasicStmnt CovItemId="S141" CovItemPrefix="my.PSM.PSM_Interface.PrefilledScheduleForm.java" Intrnl_Id="3082">
<LocList>
<Loc EndOffset="26030" SrcFileId="21" StartOffset="25992"/>
</LocList>
</BasicStmnt>
<BasicStmnt CovItemId="S142" CovItemPrefix="my.PSM.PSM_Interface.PrefilledScheduleForm.java" Intrnl_Id="3083">
<LocList>
<Loc EndOffset="26074" SrcFileId="21" StartOffset="26037"/>
</LocList>
</BasicStmnt>
<BasicStmnt CovItemId="S143" CovItemPrefix="my.PSM.PSM_Interface.PrefilledScheduleForm.java" Intrnl_Id="3084">
<LocList>
<Loc EndOffset="26119" SrcFileId="21" StartOffset="26081"/>
</LocList>
</BasicStmnt>
<BasicStmnt CovItemId="S144" CovItemPrefix="my.PSM.PSM_Interface.PrefilledScheduleForm.java" Intrnl_Id="3085">
<LocList>
<Loc EndOffset="26163" SrcFileId="21" StartOffset="26126"/>
</LocList>
</BasicStmnt>
<BasicStmnt CovItemId="S145" CovItemPrefix="my.PSM.PSM_Interface.PrefilledScheduleForm.java" Intrnl_Id="3086">
<LocList>
<Loc EndOffset="26208" SrcFileId="21" StartOffset="26170"/>
</LocList>
</BasicStmnt>
<BasicStmnt CovItemId="S146" CovItemPrefix="my.PSM.PSM_Interface.PrefilledScheduleForm.java" Intrnl_Id="3087">
<LocList>
<Loc EndOffset="26252" SrcFileId="21" StartOffset="26215"/>
</LocList>
</BasicStmnt>
<BasicStmnt CovItemId="S147" CovItemPrefix="my.PSM.PSM_Interface.PrefilledScheduleForm.java" Intrnl_Id="3088">
<LocList>
<Loc EndOffset="26297" SrcFileId="21" StartOffset="26259"/>
</LocList>
</BasicStmnt>
<BasicStmnt CovItemId="S148" CovItemPrefix="my.PSM.PSM_Interface.PrefilledScheduleForm.java" Intrnl_Id="3089">
<LocList>
<Loc EndOffset="26341" SrcFileId="21" StartOffset="26304"/>
</LocList>
</BasicStmnt>
<BasicStmnt CovItemId="S149" CovItemPrefix="my.PSM.PSM_Interface.PrefilledScheduleForm.java" Intrnl_Id="3090">
<LocList>
<Loc EndOffset="26386" SrcFileId="21" StartOffset="26348"/>
</LocList>
</BasicStmnt>
<BasicStmnt CovItemId="S150" CovItemPrefix="my.PSM.PSM_Interface.PrefilledScheduleForm.java" Intrnl_Id="3091">
<LocList>
<Loc EndOffset="26430" SrcFileId="21" StartOffset="26393"/>
</LocList>
</BasicStmnt>
<BasicStmnt CovItemId="S151" CovItemPrefix="my.PSM.PSM_Interface.PrefilledScheduleForm.java" Intrnl_Id="3092">
<LocList>
<Loc EndOffset="26454" SrcFileId="21" StartOffset="26444"/>
</LocList>
</BasicStmnt>
</StmntSeq>
</HierarchyLvl>
<HierarchyLvl HierarchyLvlId="14663" HierarchyLvlTypeId="31" Intrnl_Id="3093" Name="jButton1ActionPerformed">
<Header>
<Loc EndOffset="26574" SrcFileId="21" StartOffset="26506"/>
</Header>
<LocList>
<Loc EndOffset="26642" SrcFileId="21" StartOffset="26506"/>
</LocList>
<StmntSeq Intrnl_Id="3094">
<LocList>
<Loc EndOffset="26636" SrcFileId="21" StartOffset="26626"/>
</LocList>
<BasicStmnt CovItemId="S152" CovItemPrefix="my.PSM.PSM_Interface.PrefilledScheduleForm.java" Intrnl_Id="3095">
<LocList>
<Loc EndOffset="26636" SrcFileId="21" StartOffset="26626"/>
</LocList>
</BasicStmnt>
</StmntSeq>
</HierarchyLvl>
<HierarchyLvl HierarchyLvlId="14664" HierarchyLvlTypeId="31" Intrnl_Id="3096" Name="jTextField1ActionPerformed">
<Header>
<Loc EndOffset="26759" SrcFileId="21" StartOffset="26688"/>
</Header>
<LocList>
<Loc EndOffset="26856" SrcFileId="21" StartOffset="26688"/>
</LocList>
</HierarchyLvl>
<HierarchyLvl HierarchyLvlId="14665" HierarchyLvlTypeId="31" Intrnl_Id="3097" Name="jTextField2ActionPerformed">
<Header>
<Loc EndOffset="26976" SrcFileId="21" StartOffset="26905"/>
</Header>
<LocList>
<Loc EndOffset="27073" SrcFileId="21" StartOffset="26905"/>
</LocList>
</HierarchyLvl>
<HierarchyLvl HierarchyLvlId="14666" HierarchyLvlTypeId="31" Intrnl_Id="3098" Name="jTextField7ActionPerformed">
<Header>
<Loc EndOffset="27193" SrcFileId="21" StartOffset="27122"/>
</Header>
<LocList>
<Loc EndOffset="27290" SrcFileId="21" StartOffset="27122"/>
</LocList>
</HierarchyLvl>
<HierarchyLvl HierarchyLvlId="14667" HierarchyLvlTypeId="31" Intrnl_Id="3099" Name="jTextField9ActionPerformed">
<Header>
<Loc EndOffset="27410" SrcFileId="21" StartOffset="27339"/>
</Header>
<LocList>
<Loc EndOffset="27507" SrcFileId="21" StartOffset="27339"/>
</LocList>
</HierarchyLvl>
<HierarchyLvl HierarchyLvlId="14668" HierarchyLvlTypeId="31" Intrnl_Id="3100" Name="jTextField10ActionPerformed">
<Header>
<Loc EndOffset="27628" SrcFileId="21" StartOffset="27556"/>
</Header>
<LocList>
<Loc EndOffset="27726" SrcFileId="21" StartOffset="27556"/>
</LocList>
</HierarchyLvl>
<HierarchyLvl HierarchyLvlId="14669" HierarchyLvlTypeId="31" Intrnl_Id="3101" Name="jTextField11ActionPerformed">
<Header>
<Loc EndOffset="27848" SrcFileId="21" StartOffset="27776"/>
</Header>
<LocList>
<Loc EndOffset="27946" SrcFileId="21" StartOffset="27776"/>
</LocList>
</HierarchyLvl>
<HierarchyLvl HierarchyLvlId="14670" HierarchyLvlTypeId="31" Intrnl_Id="3102" Name="jTextField12ActionPerformed">
<Header>
<Loc EndOffset="28068" SrcFileId="21" StartOffset="27996"/>
</Header>
<LocList>
<Loc EndOffset="28166" SrcFileId="21" StartOffset="27996"/>
</LocList>
</HierarchyLvl>
<HierarchyLvl HierarchyLvlId="14671" HierarchyLvlTypeId="31" Intrnl_Id="3103" Name="jTextField13ActionPerformed">
<Header>
<Loc EndOffset="28288" SrcFileId="21" StartOffset="28216"/>
</Header>
<LocList>
<Loc EndOffset="28386" SrcFileId="21" StartOffset="28216"/>
</LocList>
</HierarchyLvl>
<HierarchyLvl HierarchyLvlId="14672" HierarchyLvlTypeId="31" Intrnl_Id="3104" Name="jTextField14ActionPerformed">
<Header>
<Loc EndOffset="28508" SrcFileId="21" StartOffset="28436"/>
</Header>
<LocList>
<Loc EndOffset="28606" SrcFileId="21" StartOffset="28436"/>
</LocList>
</HierarchyLvl>
<HierarchyLvl HierarchyLvlId="14673" HierarchyLvlTypeId="31" Intrnl_Id="3105" Name="jTextField15ActionPerformed">
<Header>
<Loc EndOffset="28728" SrcFileId="21" StartOffset="28656"/>
</Header>
<LocList>
<Loc EndOffset="28826" SrcFileId="21" StartOffset="28656"/>
</LocList>
</HierarchyLvl>
<HierarchyLvl HierarchyLvlId="14676" HierarchyLvlTypeId="31" Intrnl_Id="3106" Name="launchEdit">
<Header>
<Loc EndOffset="29296" SrcFileId="21" StartOffset="28942"/>
</Header>
<LocList>
<Loc EndOffset="30119" SrcFileId="21" StartOffset="28942"/>
</LocList>
<StmntSeq Intrnl_Id="3107">
<LocList>
<Loc EndOffset="29337" SrcFileId="21" StartOffset="29312"/>
<Loc EndOffset="29366" SrcFileId="21" StartOffset="29346"/>
<Loc EndOffset="29398" SrcFileId="21" StartOffset="29375"/>
<Loc EndOffset="29434" SrcFileId="21" StartOffset="29407"/>
<Loc EndOffset="29470" SrcFileId="21" StartOffset="29443"/>
<Loc EndOffset="29502" SrcFileId="21" StartOffset="29479"/>
<Loc EndOffset="29534" SrcFileId="21" StartOffset="29511"/>
<Loc EndOffset="29562" SrcFileId="21" StartOffset="29543"/>
<Loc EndOffset="29594" SrcFileId="21" StartOffset="29571"/>
<Loc EndOffset="29622" SrcFileId="21" StartOffset="29603"/>
<Loc EndOffset="29654" SrcFileId="21" StartOffset="29631"/>
<Loc EndOffset="29682" SrcFileId="21" StartOffset="29663"/>
<Loc EndOffset="29714" SrcFileId="21" StartOffset="29691"/>
<Loc EndOffset="29742" SrcFileId="21" StartOffset="29723"/>
<Loc EndOffset="29774" SrcFileId="21" StartOffset="29751"/>
<Loc EndOffset="29802" SrcFileId="21" StartOffset="29783"/>
<Loc EndOffset="29834" SrcFileId="21" StartOffset="29811"/>
<Loc EndOffset="29862" SrcFileId="21" StartOffset="29843"/>
<Loc EndOffset="29936" SrcFileId="21" StartOffset="29871"/>
<Loc EndOffset="29977" SrcFileId="21" StartOffset="29945"/>
<Loc EndOffset="30113" SrcFileId="21" StartOffset="30111"/>
</LocList>
<BasicStmnt CovItemId="S153" CovItemPrefix="my.PSM.PSM_Interface.PrefilledScheduleForm.java" Intrnl_Id="3108">
<LocList>
<Loc EndOffset="29337" SrcFileId="21" StartOffset="29312"/>
</LocList>
</BasicStmnt>
<BasicStmnt CovItemId="S154" CovItemPrefix="my.PSM.PSM_Interface.PrefilledScheduleForm.java" Intrnl_Id="3109">
<LocList>
<Loc EndOffset="29366" SrcFileId="21" StartOffset="29346"/>
</LocList>
</BasicStmnt>
<BasicStmnt CovItemId="S155" CovItemPrefix="my.PSM.PSM_Interface.PrefilledScheduleForm.java" Intrnl_Id="3110">
<LocList>
<Loc EndOffset="29398" SrcFileId="21" StartOffset="29375"/>
</LocList>
</BasicStmnt>
<BasicStmnt CovItemId="S156" CovItemPrefix="my.PSM.PSM_Interface.PrefilledScheduleForm.java" Intrnl_Id="3111">
<LocList>
<Loc EndOffset="29434" SrcFileId="21" StartOffset="29407"/>
</LocList>
</BasicStmnt>
<BasicStmnt CovItemId="S157" CovItemPrefix="my.PSM.PSM_Interface.PrefilledScheduleForm.java" Intrnl_Id="3112">
<LocList>
<Loc EndOffset="29470" SrcFileId="21" StartOffset="29443"/>
</LocList>
</BasicStmnt>
<BasicStmnt CovItemId="S158" CovItemPrefix="my.PSM.PSM_Interface.PrefilledScheduleForm.java" Intrnl_Id="3113">
<LocList>
<Loc EndOffset="29502" SrcFileId="21" StartOffset="29479"/>
</LocList>
</BasicStmnt>
<BasicStmnt CovItemId="S159" CovItemPrefix="my.PSM.PSM_Interface.PrefilledScheduleForm.java" Intrnl_Id="3114">
<LocList>
<Loc EndOffset="29534" SrcFileId="21" StartOffset="29511"/>
</LocList>
</BasicStmnt>
<BasicStmnt CovItemId="S160" CovItemPrefix="my.PSM.PSM_Interface.PrefilledScheduleForm.java" Intrnl_Id="3115">
<LocList>
<Loc EndOffset="29562" SrcFileId="21" StartOffset="29543"/>
</LocList>
</BasicStmnt>
<BasicStmnt CovItemId="S161" CovItemPrefix="my.PSM.PSM_Interface.PrefilledScheduleForm.java" Intrnl_Id="3116">
<LocList>
<Loc EndOffset="29594" SrcFileId="21" StartOffset="29571"/>
</LocList>
</BasicStmnt>
<BasicStmnt CovItemId="S162" CovItemPrefix="my.PSM.PSM_Interface.PrefilledScheduleForm.java" Intrnl_Id="3117">
<LocList>
<Loc EndOffset="29622" SrcFileId="21" StartOffset="29603"/>
</LocList>
</BasicStmnt>
<BasicStmnt CovItemId="S163" CovItemPrefix="my.PSM.PSM_Interface.PrefilledScheduleForm.java" Intrnl_Id="3118">
<LocList>
<Loc EndOffset="29654" SrcFileId="21" StartOffset="29631"/>
</LocList>
</BasicStmnt>
<BasicStmnt CovItemId="S164" CovItemPrefix="my.PSM.PSM_Interface.PrefilledScheduleForm.java" Intrnl_Id="3119">
<LocList>
<Loc EndOffset="29682" SrcFileId="21" StartOffset="29663"/>
</LocList>
</BasicStmnt>
<BasicStmnt CovItemId="S165" CovItemPrefix="my.PSM.PSM_Interface.PrefilledScheduleForm.java" Intrnl_Id="3120">
<LocList>
<Loc EndOffset="29714" SrcFileId="21" StartOffset="29691"/>
</LocList>
</BasicStmnt>
<BasicStmnt CovItemId="S166" CovItemPrefix="my.PSM.PSM_Interface.PrefilledScheduleForm.java" Intrnl_Id="3121">
<LocList>
<Loc EndOffset="29742" SrcFileId="21" StartOffset="29723"/>
</LocList>
</BasicStmnt>
<BasicStmnt CovItemId="S167" CovItemPrefix="my.PSM.PSM_Interface.PrefilledScheduleForm.java" Intrnl_Id="3122">
<LocList>
<Loc EndOffset="29774" SrcFileId="21" StartOffset="29751"/>
</LocList>
</BasicStmnt>
<BasicStmnt CovItemId="S168" CovItemPrefix="my.PSM.PSM_Interface.PrefilledScheduleForm.java" Intrnl_Id="3123">
<LocList>
<Loc EndOffset="29802" SrcFileId="21" StartOffset="29783"/>
</LocList>
</BasicStmnt>
<BasicStmnt CovItemId="S169" CovItemPrefix="my.PSM.PSM_Interface.PrefilledScheduleForm.java" Intrnl_Id="3124">
<LocList>
<Loc EndOffset="29834" SrcFileId="21" StartOffset="29811"/>
</LocList>
</BasicStmnt>
<BasicStmnt CovItemId="S170" CovItemPrefix="my.PSM.PSM_Interface.PrefilledScheduleForm.java" Intrnl_Id="3125">
<LocList>
<Loc EndOffset="29862" SrcFileId="21" StartOffset="29843"/>
</LocList>
</BasicStmnt>
<BasicStmnt CovItemId="S171" CovItemPrefix="my.PSM.PSM_Interface.PrefilledScheduleForm.java" Intrnl_Id="3126">
<LocList>
<Loc EndOffset="29936" SrcFileId="21" StartOffset="29871"/>
</LocList>
</BasicStmnt>
<BasicStmnt CovItemId="S172" CovItemPrefix="my.PSM.PSM_Interface.PrefilledScheduleForm.java" Intrnl_Id="3127">
<LocList>
<Loc EndOffset="29977" SrcFileId="21" StartOffset="29945"/>
<Loc EndOffset="30113" SrcFileId="21" StartOffset="30111"/>
</LocList>
</BasicStmnt>
</StmntSeq>
<HierarchyLvl HierarchyLvlId="14675" HierarchyLvlTypeId="30" Intrnl_Id="3128" Name="Runnable">
<Header>
<Loc EndOffset="29991" SrcFileId="21" StartOffset="29981"/>
</Header>
<LocList>
<Loc EndOffset="30111" SrcFileId="21" StartOffset="29977"/>
</LocList>
<HierarchyLvl HierarchyLvlId="14674" HierarchyLvlTypeId="31" Intrnl_Id="3129" Name="run">
<Header>
<Loc EndOffset="30023" SrcFileId="21" StartOffset="30006"/>
</Header>
<LocList>
<Loc EndOffset="30101" SrcFileId="21" StartOffset="30006"/>
</LocList>
<StmntSeq Intrnl_Id="3130">
<LocList>
<Loc EndOffset="30087" SrcFileId="21" StartOffset="30042"/>
</LocList>
<BasicStmnt CovItemId="S173" CovItemPrefix="my.PSM.PSM_Interface.PrefilledScheduleForm.java" Intrnl_Id="3131">
<LocList>
<Loc EndOffset="30087" SrcFileId="21" StartOffset="30042"/>
</LocList>
</BasicStmnt>
</StmntSeq>
</HierarchyLvl>
</HierarchyLvl>
</HierarchyLvl>
<HierarchyLvl HierarchyLvlId="14677" HierarchyLvlTypeId="31" Intrnl_Id="3132" Name="getDefCourseID">
<Header>
<Loc EndOffset="30156" SrcFileId="21" StartOffset="30129"/>
</Header>
<LocList>
<Loc EndOffset="30183" SrcFileId="21" StartOffset="30129"/>
</LocList>
<StmntSeq Intrnl_Id="3133">
<LocList>
<Loc EndOffset="30180" SrcFileId="21" StartOffset="30161"/>
</LocList>
<BasicStmnt CovItemId="S174" CovItemPrefix="my.PSM.PSM_Interface.PrefilledScheduleForm.java" Intrnl_Id="3134">
<LocList>
<Loc EndOffset="30180" SrcFileId="21" StartOffset="30161"/>
</LocList>
</BasicStmnt>
</StmntSeq>
</HierarchyLvl>
<HierarchyLvl HierarchyLvlId="14678" HierarchyLvlTypeId="31" Intrnl_Id="3135" Name="setDefCourseID">
<Header>
<Loc EndOffset="30228" SrcFileId="21" StartOffset="30185"/>
</Header>
<LocList>
<Loc EndOffset="30267" SrcFileId="21" StartOffset="30185"/>
</LocList>
<StmntSeq Intrnl_Id="3136">
<LocList>
<Loc EndOffset="30264" SrcFileId="21" StartOffset="30233"/>
</LocList>
<BasicStmnt CovItemId="S175" CovItemPrefix="my.PSM.PSM_Interface.PrefilledScheduleForm.java" Intrnl_Id="3137">
<LocList>
<Loc EndOffset="30264" SrcFileId="21" StartOffset="30233"/>
</LocList>
</BasicStmnt>
</StmntSeq>
</HierarchyLvl>
<HierarchyLvl HierarchyLvlId="14679" HierarchyLvlTypeId="31" Intrnl_Id="3138" Name="getNewCourseEnd">
<Header>
<Loc EndOffset="30301" SrcFileId="21" StartOffset="30270"/>
</Header>
<LocList>
<Loc EndOffset="30329" SrcFileId="21" StartOffset="30270"/>
</LocList>
<StmntSeq Intrnl_Id="3139">
<LocList>
<Loc EndOffset="30326" SrcFileId="21" StartOffset="30306"/>
</LocList>
<BasicStmnt CovItemId="S176" CovItemPrefix="my.PSM.PSM_Interface.PrefilledScheduleForm.java" Intrnl_Id="3140">
<LocList>
<Loc EndOffset="30326" SrcFileId="21" StartOffset="30306"/>
</LocList>
</BasicStmnt>
</StmntSeq>
</HierarchyLvl>
<HierarchyLvl HierarchyLvlId="14680" HierarchyLvlTypeId="31" Intrnl_Id="3141" Name="setNewCourseEnd">
<Header>
<Loc EndOffset="30379" SrcFileId="21" StartOffset="30331"/>
</Header>
<LocList>
<Loc EndOffset="30420" SrcFileId="21" StartOffset="30331"/>
</LocList>
<StmntSeq Intrnl_Id="3142">
<LocList>
<Loc EndOffset="30417" SrcFileId="21" StartOffset="30384"/>
</LocList>
<BasicStmnt CovItemId="S177" CovItemPrefix="my.PSM.PSM_Interface.PrefilledScheduleForm.java" Intrnl_Id="3143">
<LocList>
<Loc EndOffset="30417" SrcFileId="21" StartOffset="30384"/>
</LocList>
</BasicStmnt>
</StmntSeq>
</HierarchyLvl>
<HierarchyLvl HierarchyLvlId="14681" HierarchyLvlTypeId="31" Intrnl_Id="3144" Name="getNewCourseStart">
<Header>
<Loc EndOffset="30456" SrcFileId="21" StartOffset="30423"/>
</Header>
<LocList>
<Loc EndOffset="30486" SrcFileId="21" StartOffset="30423"/>
</LocList>
<StmntSeq Intrnl_Id="3145">
<LocList>
<Loc EndOffset="30483" SrcFileId="21" StartOffset="30461"/>
</LocList>
<BasicStmnt CovItemId="S178" CovItemPrefix="my.PSM.PSM_Interface.PrefilledScheduleForm.java" Intrnl_Id="3146">
<LocList>
<Loc EndOffset="30483" SrcFileId="21" StartOffset="30461"/>
</LocList>
</BasicStmnt>
</StmntSeq>
</HierarchyLvl>
<HierarchyLvl HierarchyLvlId="14682" HierarchyLvlTypeId="31" Intrnl_Id="3147" Name="setNewCourseStart">
<Header>
<Loc EndOffset="30540" SrcFileId="21" StartOffset="30488"/>
</Header>
<LocList>
<Loc EndOffset="30585" SrcFileId="21" StartOffset="30488"/>
</LocList>
<StmntSeq Intrnl_Id="3148">
<LocList>
<Loc EndOffset="30582" SrcFileId="21" StartOffset="30545"/>
</LocList>
<BasicStmnt CovItemId="S179" CovItemPrefix="my.PSM.PSM_Interface.PrefilledScheduleForm.java" Intrnl_Id="3149">
<LocList>
<Loc EndOffset="30582" SrcFileId="21" StartOffset="30545"/>
</LocList>
</BasicStmnt>
</StmntSeq>
</HierarchyLvl>
<HierarchyLvl HierarchyLvlId="14683" HierarchyLvlTypeId="31" Intrnl_Id="3150" Name="getNewMonStart">
<Header>
<Loc EndOffset="30618" SrcFileId="21" StartOffset="30588"/>
</Header>
<LocList>
<Loc EndOffset="30645" SrcFileId="21" StartOffset="30588"/>
</LocList>
<StmntSeq Intrnl_Id="3151">
<LocList>
<Loc EndOffset="30642" SrcFileId="21" StartOffset="30623"/>
</LocList>
<BasicStmnt CovItemId="S180" CovItemPrefix="my.PSM.PSM_Interface.PrefilledScheduleForm.java" Intrnl_Id="3152">
<LocList>
<Loc EndOffset="30642" SrcFileId="21" StartOffset="30623"/>
</LocList>
</BasicStmnt>
</StmntSeq>
</HierarchyLvl>
<HierarchyLvl HierarchyLvlId="14684" HierarchyLvlTypeId="31" Intrnl_Id="3153" Name="setNewMonStart">
<Header>
<Loc EndOffset="30693" SrcFileId="21" StartOffset="30647"/>
</Header>
<LocList>
<Loc EndOffset="30732" SrcFileId="21" StartOffset="30647"/>
</LocList>
<StmntSeq Intrnl_Id="3154">
<LocList>
<Loc EndOffset="30729" SrcFileId="21" StartOffset="30698"/>
</LocList>
<BasicStmnt CovItemId="S181" CovItemPrefix="my.PSM.PSM_Interface.PrefilledScheduleForm.java" Intrnl_Id="3155">
<LocList>
<Loc EndOffset="30729" SrcFileId="21" StartOffset="30698"/>
</LocList>
</BasicStmnt>
</StmntSeq>
</HierarchyLvl>
<HierarchyLvl HierarchyLvlId="14685" HierarchyLvlTypeId="31" Intrnl_Id="3156" Name="getNewTueEnd">
<Header>
<Loc EndOffset="30763" SrcFileId="21" StartOffset="30735"/>
</Header>
<LocList>
<Loc EndOffset="30788" SrcFileId="21" StartOffset="30735"/>
</LocList>
<StmntSeq Intrnl_Id="3157">
<LocList>
<Loc EndOffset="30785" SrcFileId="21" StartOffset="30768"/>
</LocList>
<BasicStmnt CovItemId="S182" CovItemPrefix="my.PSM.PSM_Interface.PrefilledScheduleForm.java" Intrnl_Id="3158">
<LocList>
<Loc EndOffset="30785" SrcFileId="21" StartOffset="30768"/>
</LocList>
</BasicStmnt>
</StmntSeq>
</HierarchyLvl>
<HierarchyLvl HierarchyLvlId="14686" HierarchyLvlTypeId="31" Intrnl_Id="3159" Name="setNewTueEnd">
<Header>
<Loc EndOffset="30832" SrcFileId="21" StartOffset="30790"/>
</Header>
<LocList>
<Loc EndOffset="30867" SrcFileId="21" StartOffset="30790"/>
</LocList>
<StmntSeq Intrnl_Id="3160">
<LocList>
<Loc EndOffset="30864" SrcFileId="21" StartOffset="30837"/>
</LocList>
<BasicStmnt CovItemId="S183" CovItemPrefix="my.PSM.PSM_Interface.PrefilledScheduleForm.java" Intrnl_Id="3161">
<LocList>
<Loc EndOffset="30864" SrcFileId="21" StartOffset="30837"/>
</LocList>
</BasicStmnt>
</StmntSeq>
</HierarchyLvl>
<HierarchyLvl HierarchyLvlId="14687" HierarchyLvlTypeId="31" Intrnl_Id="3162" Name="getNewTueStart">
<Header>
<Loc EndOffset="30900" SrcFileId="21" StartOffset="30870"/>
</Header>
<LocList>
<Loc EndOffset="30927" SrcFileId="21" StartOffset="30870"/>
</LocList>
<StmntSeq Intrnl_Id="3163">
<LocList>
<Loc EndOffset="30924" SrcFileId="21" StartOffset="30905"/>
</LocList>
<BasicStmnt CovItemId="S184" CovItemPrefix="my.PSM.PSM_Interface.PrefilledScheduleForm.java" Intrnl_Id="3164">
<LocList>
<Loc EndOffset="30924" SrcFileId="21" StartOffset="30905"/>
</LocList>
</BasicStmnt>
</StmntSeq>
</HierarchyLvl>
<HierarchyLvl HierarchyLvlId="14688" HierarchyLvlTypeId="31" Intrnl_Id="3165" Name="setNewTueStart">
<Header>
<Loc EndOffset="30975" SrcFileId="21" StartOffset="30929"/>
</Header>
<LocList>
<Loc EndOffset="31014" SrcFileId="21" StartOffset="30929"/>
</LocList>
<StmntSeq Intrnl_Id="3166">
<LocList>
<Loc EndOffset="31011" SrcFileId="21" StartOffset="30980"/>
</LocList>
<BasicStmnt CovItemId="S185" CovItemPrefix="my.PSM.PSM_Interface.PrefilledScheduleForm.java" Intrnl_Id="3167">
<LocList>
<Loc EndOffset="31011" SrcFileId="21" StartOffset="30980"/>
</LocList>
</BasicStmnt>
</StmntSeq>
</HierarchyLvl>
<HierarchyLvl HierarchyLvlId="14689" HierarchyLvlTypeId="31" Intrnl_Id="3168" Name="getNewMonEnd">
<Header>
<Loc EndOffset="31045" SrcFileId="21" StartOffset="31017"/>
</Header>
<LocList>
<Loc EndOffset="31070" SrcFileId="21" StartOffset="31017"/>
</LocList>
<StmntSeq Intrnl_Id="3169">
<LocList>
<Loc EndOffset="31067" SrcFileId="21" StartOffset="31050"/>
</LocList>
<BasicStmnt CovItemId="S186" CovItemPrefix="my.PSM.PSM_Interface.PrefilledScheduleForm.java" Intrnl_Id="3170">
<LocList>
<Loc EndOffset="31067" SrcFileId="21" StartOffset="31050"/>
</LocList>
</BasicStmnt>
</StmntSeq>
</HierarchyLvl>
<HierarchyLvl HierarchyLvlId="14690" HierarchyLvlTypeId="31" Intrnl_Id="3171" Name="setNewMonEnd">
<Header>
<Loc EndOffset="31114" SrcFileId="21" StartOffset="31072"/>
</Header>
<LocList>
<Loc EndOffset="31149" SrcFileId="21" StartOffset="31072"/>
</LocList>
<StmntSeq Intrnl_Id="3172">
<LocList>
<Loc EndOffset="31146" SrcFileId="21" StartOffset="31119"/>
</LocList>
<BasicStmnt CovItemId="S187" CovItemPrefix="my.PSM.PSM_Interface.PrefilledScheduleForm.java" Intrnl_Id="3173">
<LocList>
<Loc EndOffset="31146" SrcFileId="21" StartOffset="31119"/>
</LocList>
</BasicStmnt>
</StmntSeq>
</HierarchyLvl>
<HierarchyLvl HierarchyLvlId="14691" HierarchyLvlTypeId="31" Intrnl_Id="3174" Name="getNewWedEnd">
<Header>
<Loc EndOffset="31180" SrcFileId="21" StartOffset="31152"/>
</Header>
<LocList>
<Loc EndOffset="31205" SrcFileId="21" StartOffset="31152"/>
</LocList>
<StmntSeq Intrnl_Id="3175">
<LocList>
<Loc EndOffset="31202" SrcFileId="21" StartOffset="31185"/>
</LocList>
<BasicStmnt CovItemId="S188" CovItemPrefix="my.PSM.PSM_Interface.PrefilledScheduleForm.java" Intrnl_Id="3176">
<LocList>
<Loc EndOffset="31202" SrcFileId="21" StartOffset="31185"/>
</LocList>
</BasicStmnt>
</StmntSeq>
</HierarchyLvl>
<HierarchyLvl HierarchyLvlId="14692" HierarchyLvlTypeId="31" Intrnl_Id="3177" Name="setNewWedEnd">
<Header>
<Loc EndOffset="31249" SrcFileId="21" StartOffset="31207"/>
</Header>
<LocList>
<Loc EndOffset="31284" SrcFileId="21" StartOffset="31207"/>
</LocList>
<StmntSeq Intrnl_Id="3178">
<LocList>
<Loc EndOffset="31281" SrcFileId="21" StartOffset="31254"/>
</LocList>
<BasicStmnt CovItemId="S189" CovItemPrefix="my.PSM.PSM_Interface.PrefilledScheduleForm.java" Intrnl_Id="3179">
<LocList>
<Loc EndOffset="31281" SrcFileId="21" StartOffset="31254"/>
</LocList>
</BasicStmnt>
</StmntSeq>
</HierarchyLvl>
<HierarchyLvl HierarchyLvlId="14693" HierarchyLvlTypeId="31" Intrnl_Id="3180" Name="getNewThuEnd">
<Header>
<Loc EndOffset="31315" SrcFileId="21" StartOffset="31287"/>
</Header>
<LocList>
<Loc EndOffset="31340" SrcFileId="21" StartOffset="31287"/>
</LocList>
<StmntSeq Intrnl_Id="3181">
<LocList>
<Loc EndOffset="31337" SrcFileId="21" StartOffset="31320"/>
</LocList>
<BasicStmnt CovItemId="S190" CovItemPrefix="my.PSM.PSM_Interface.PrefilledScheduleForm.java" Intrnl_Id="3182">
<LocList>
<Loc EndOffset="31337" SrcFileId="21" StartOffset="31320"/>
</LocList>
</BasicStmnt>
</StmntSeq>
</HierarchyLvl>
<HierarchyLvl HierarchyLvlId="14694" HierarchyLvlTypeId="31" Intrnl_Id="3183" Name="setNewThuEnd">
<Header>
<Loc EndOffset="31384" SrcFileId="21" StartOffset="31342"/>
</Header>
<LocList>
<Loc EndOffset="31419" SrcFileId="21" StartOffset="31342"/>
</LocList>
<StmntSeq Intrnl_Id="3184">
<LocList>
<Loc EndOffset="31416" SrcFileId="21" StartOffset="31389"/>
</LocList>
<BasicStmnt CovItemId="S191" CovItemPrefix="my.PSM.PSM_Interface.PrefilledScheduleForm.java" Intrnl_Id="3185">
<LocList>
<Loc EndOffset="31416" SrcFileId="21" StartOffset="31389"/>
</LocList>
</BasicStmnt>
</StmntSeq>
</HierarchyLvl>
<HierarchyLvl HierarchyLvlId="14695" HierarchyLvlTypeId="31" Intrnl_Id="3186" Name="getNewThuStart">
<Header>
<Loc EndOffset="31452" SrcFileId="21" StartOffset="31422"/>
</Header>
<LocList>
<Loc EndOffset="31479" SrcFileId="21" StartOffset="31422"/>
</LocList>
<StmntSeq Intrnl_Id="3187">
<LocList>
<Loc EndOffset="31476" SrcFileId="21" StartOffset="31457"/>
</LocList>
<BasicStmnt CovItemId="S192" CovItemPrefix="my.PSM.PSM_Interface.PrefilledScheduleForm.java" Intrnl_Id="3188">
<LocList>
<Loc EndOffset="31476" SrcFileId="21" StartOffset="31457"/>
</LocList>
</BasicStmnt>
</StmntSeq>
</HierarchyLvl>
<HierarchyLvl HierarchyLvlId="14696" HierarchyLvlTypeId="31" Intrnl_Id="3189" Name="setNewThuStart">
<Header>
<Loc EndOffset="31527" SrcFileId="21" StartOffset="31481"/>
</Header>
<LocList>
<Loc EndOffset="31566" SrcFileId="21" StartOffset="31481"/>
</LocList>
<StmntSeq Intrnl_Id="3190">
<LocList>
<Loc EndOffset="31563" SrcFileId="21" StartOffset="31532"/>
</LocList>
<BasicStmnt CovItemId="S193" CovItemPrefix="my.PSM.PSM_Interface.PrefilledScheduleForm.java" Intrnl_Id="3191">
<LocList>
<Loc EndOffset="31563" SrcFileId="21" StartOffset="31532"/>
</LocList>
</BasicStmnt>
</StmntSeq>
</HierarchyLvl>
<HierarchyLvl HierarchyLvlId="14697" HierarchyLvlTypeId="31" Intrnl_Id="3192" Name="getNewWedStart">
<Header>
<Loc EndOffset="31599" SrcFileId="21" StartOffset="31569"/>
</Header>
<LocList>
<Loc EndOffset="31626" SrcFileId="21" StartOffset="31569"/>
</LocList>
<StmntSeq Intrnl_Id="3193">
<LocList>
<Loc EndOffset="31623" SrcFileId="21" StartOffset="31604"/>
</LocList>
<BasicStmnt CovItemId="S194" CovItemPrefix="my.PSM.PSM_Interface.PrefilledScheduleForm.java" Intrnl_Id="3194">
<LocList>
<Loc EndOffset="31623" SrcFileId="21" StartOffset="31604"/>
</LocList>
</BasicStmnt>
</StmntSeq>
</HierarchyLvl>
<HierarchyLvl HierarchyLvlId="14698" HierarchyLvlTypeId="31" Intrnl_Id="3195" Name="setNewWedStart">
<Header>
<Loc EndOffset="31674" SrcFileId="21" StartOffset="31628"/>
</Header>
<LocList>
<Loc EndOffset="31713" SrcFileId="21" StartOffset="31628"/>
</LocList>
<StmntSeq Intrnl_Id="3196">
<LocList>
<Loc EndOffset="31710" SrcFileId="21" StartOffset="31679"/>
</LocList>
<BasicStmnt CovItemId="S195" CovItemPrefix="my.PSM.PSM_Interface.PrefilledScheduleForm.java" Intrnl_Id="3197">
<LocList>
<Loc EndOffset="31710" SrcFileId="21" StartOffset="31679"/>
</LocList>
</BasicStmnt>
</StmntSeq>
</HierarchyLvl>
<HierarchyLvl HierarchyLvlId="14699" HierarchyLvlTypeId="31" Intrnl_Id="3198" Name="getNewFriStart">
<Header>
<Loc EndOffset="31747" SrcFileId="21" StartOffset="31716"/>
</Header>
<LocList>
<Loc EndOffset="31774" SrcFileId="21" StartOffset="31716"/>
</LocList>
<StmntSeq Intrnl_Id="3199">
<LocList>
<Loc EndOffset="31771" SrcFileId="21" StartOffset="31752"/>
</LocList>
<BasicStmnt CovItemId="S196" CovItemPrefix="my.PSM.PSM_Interface.PrefilledScheduleForm.java" Intrnl_Id="3200">
<LocList>
<Loc EndOffset="31771" SrcFileId="21" StartOffset="31752"/>
</LocList>
</BasicStmnt>
</StmntSeq>
</HierarchyLvl>
<HierarchyLvl HierarchyLvlId="14700" HierarchyLvlTypeId="31" Intrnl_Id="3201" Name="setNewFriStart">
<Header>
<Loc EndOffset="31823" SrcFileId="21" StartOffset="31776"/>
</Header>
<LocList>
<Loc EndOffset="31862" SrcFileId="21" StartOffset="31776"/>
</LocList>
<StmntSeq Intrnl_Id="3202">
<LocList>
<Loc EndOffset="31859" SrcFileId="21" StartOffset="31828"/>
</LocList>
<BasicStmnt CovItemId="S197" CovItemPrefix="my.PSM.PSM_Interface.PrefilledScheduleForm.java" Intrnl_Id="3203">
<LocList>
<Loc EndOffset="31859" SrcFileId="21" StartOffset="31828"/>
</LocList>
</BasicStmnt>
</StmntSeq>
</HierarchyLvl>
<HierarchyLvl HierarchyLvlId="14701" HierarchyLvlTypeId="31" Intrnl_Id="3204" Name="getNewSatEnd">
<Header>
<Loc EndOffset="31894" SrcFileId="21" StartOffset="31865"/>
</Header>
<LocList>
<Loc EndOffset="31919" SrcFileId="21" StartOffset="31865"/>
</LocList>
<StmntSeq Intrnl_Id="3205">
<LocList>
<Loc EndOffset="31916" SrcFileId="21" StartOffset="31899"/>
</LocList>
<BasicStmnt CovItemId="S198" CovItemPrefix="my.PSM.PSM_Interface.PrefilledScheduleForm.java" Intrnl_Id="3206">
<LocList>
<Loc EndOffset="31916" SrcFileId="21" StartOffset="31899"/>
</LocList>
</BasicStmnt>
</StmntSeq>
</HierarchyLvl>
<HierarchyLvl HierarchyLvlId="14702" HierarchyLvlTypeId="31" Intrnl_Id="3207" Name="setNewSatEnd">
<Header>
<Loc EndOffset="31964" SrcFileId="21" StartOffset="31921"/>
</Header>
<LocList>
<Loc EndOffset="31999" SrcFileId="21" StartOffset="31921"/>
</LocList>
<StmntSeq Intrnl_Id="3208">
<LocList>
<Loc EndOffset="31996" SrcFileId="21" StartOffset="31969"/>
</LocList>
<BasicStmnt CovItemId="S199" CovItemPrefix="my.PSM.PSM_Interface.PrefilledScheduleForm.java" Intrnl_Id="3209">
<LocList>
<Loc EndOffset="31996" SrcFileId="21" StartOffset="31969"/>
</LocList>
</BasicStmnt>
</StmntSeq>
</HierarchyLvl>
<HierarchyLvl HierarchyLvlId="14703" HierarchyLvlTypeId="31" Intrnl_Id="3210" Name="getNewFriEnd">
<Header>
<Loc EndOffset="32031" SrcFileId="21" StartOffset="32002"/>
</Header>
<LocList>
<Loc EndOffset="32056" SrcFileId="21" StartOffset="32002"/>
</LocList>
<StmntSeq Intrnl_Id="3211">
<LocList>
<Loc EndOffset="32053" SrcFileId="21" StartOffset="32036"/>
</LocList>
<BasicStmnt CovItemId="S200" CovItemPrefix="my.PSM.PSM_Interface.PrefilledScheduleForm.java" Intrnl_Id="3212">
<LocList>
<Loc EndOffset="32053" SrcFileId="21" StartOffset="32036"/>
</LocList>
</BasicStmnt>
</StmntSeq>
</HierarchyLvl>
<HierarchyLvl HierarchyLvlId="14704" HierarchyLvlTypeId="31" Intrnl_Id="3213" Name="setNewFriEnd">
<Header>
<Loc EndOffset="32101" SrcFileId="21" StartOffset="32058"/>
</Header>
<LocList>
<Loc EndOffset="32136" SrcFileId="21" StartOffset="32058"/>
</LocList>
<StmntSeq Intrnl_Id="3214">
<LocList>
<Loc EndOffset="32133" SrcFileId="21" StartOffset="32106"/>
</LocList>
<BasicStmnt CovItemId="S201" CovItemPrefix="my.PSM.PSM_Interface.PrefilledScheduleForm.java" Intrnl_Id="3215">
<LocList>
<Loc EndOffset="32133" SrcFileId="21" StartOffset="32106"/>
</LocList>
</BasicStmnt>
</StmntSeq>
</HierarchyLvl>
<HierarchyLvl HierarchyLvlId="14705" HierarchyLvlTypeId="31" Intrnl_Id="3216" Name="getNewSatStart">
<Header>
<Loc EndOffset="32170" SrcFileId="21" StartOffset="32139"/>
</Header>
<LocList>
<Loc EndOffset="32197" SrcFileId="21" StartOffset="32139"/>
</LocList>
<StmntSeq Intrnl_Id="3217">
<LocList>
<Loc EndOffset="32194" SrcFileId="21" StartOffset="32175"/>
</LocList>
<BasicStmnt CovItemId="S202" CovItemPrefix="my.PSM.PSM_Interface.PrefilledScheduleForm.java" Intrnl_Id="3218">
<LocList>
<Loc EndOffset="32194" SrcFileId="21" StartOffset="32175"/>
</LocList>
</BasicStmnt>
</StmntSeq>
</HierarchyLvl>
<HierarchyLvl HierarchyLvlId="14706" HierarchyLvlTypeId="31" Intrnl_Id="3219" Name="setNewSatStart">
<Header>
<Loc EndOffset="32246" SrcFileId="21" StartOffset="32199"/>
</Header>
<LocList>
<Loc EndOffset="32285" SrcFileId="21" StartOffset="32199"/>
</LocList>
<StmntSeq Intrnl_Id="3220">
<LocList>
<Loc EndOffset="32282" SrcFileId="21" StartOffset="32251"/>
</LocList>
<BasicStmnt CovItemId="S203" CovItemPrefix="my.PSM.PSM_Interface.PrefilledScheduleForm.java" Intrnl_Id="3221">
<LocList>
<Loc EndOffset="32282" SrcFileId="21" StartOffset="32251"/>
</LocList>
</BasicStmnt>
</StmntSeq>
</HierarchyLvl>
</HierarchyLvl>
<HierarchyLvl HierarchyLvlId="14722" HierarchyLvlTypeId="32" Intrnl_Id="3222" Name="Messages">
<Header>
<Loc EndOffset="173" SrcFileId="22" StartOffset="125"/>
</Header>
<LocList>
<Loc EndOffset="4628" SrcFileId="22" StartOffset="125"/>
</LocList>
<StmntSeq Intrnl_Id="3223">
<LocList>
<Loc EndOffset="240" SrcFileId="22" StartOffset="192"/>
<Loc EndOffset="264" SrcFileId="22" StartOffset="242"/>
</LocList>
<BasicStmnt CovItemId="S1" CovItemPrefix="my.PSM.PSM_Interface.Messages.java" Intrnl_Id="3224">
<LocList>
<Loc EndOffset="240" SrcFileId="22" StartOffset="192"/>
</LocList>
</BasicStmnt>
<BasicStmnt CovItemId="S2" CovItemPrefix="my.PSM.PSM_Interface.Messages.java" Intrnl_Id="3225">
<LocList>
<Loc EndOffset="264" SrcFileId="22" StartOffset="242"/>
</LocList>
</BasicStmnt>
</StmntSeq>
<HierarchyLvl HierarchyLvlId="14708" HierarchyLvlTypeId="31" Intrnl_Id="3226" Name="Messages">
<Header>
<Loc EndOffset="425" SrcFileId="22" StartOffset="408"/>
</Header>
<LocList>
<Loc EndOffset="450" SrcFileId="22" StartOffset="408"/>
</LocList>
<StmntSeq Intrnl_Id="3227">
<LocList>
<Loc EndOffset="447" SrcFileId="22" StartOffset="430"/>
</LocList>
<BasicStmnt CovItemId="S3" CovItemPrefix="my.PSM.PSM_Interface.Messages.java" Intrnl_Id="3228">
<LocList>
<Loc EndOffset="447" SrcFileId="22" StartOffset="430"/>
</LocList>
</BasicStmnt>
</StmntSeq>
</HierarchyLvl>
<HierarchyLvl HierarchyLvlId="14709" HierarchyLvlTypeId="31" Intrnl_Id="3229" Name="lockedOut">
<Header>
<Loc EndOffset="476" SrcFileId="22" StartOffset="453"/>
</Header>
<LocList>
<Loc EndOffset="559" SrcFileId="22" StartOffset="453"/>
</LocList>
<StmntSeq Intrnl_Id="3230">
<LocList>
<Loc EndOffset="519" SrcFileId="22" StartOffset="481"/>
<Loc EndOffset="539" SrcFileId="22" StartOffset="522"/>
<Loc EndOffset="556" SrcFileId="22" StartOffset="542"/>
</LocList>
<BasicStmnt CovItemId="S4" CovItemPrefix="my.PSM.PSM_Interface.Messages.java" Intrnl_Id="3231">
<LocList>
<Loc EndOffset="519" SrcFileId="22" StartOffset="481"/>
</LocList>
</BasicStmnt>
<BasicStmnt CovItemId="S5" CovItemPrefix="my.PSM.PSM_Interface.Messages.java" Intrnl_Id="3232">
<LocList>
<Loc EndOffset="539" SrcFileId="22" StartOffset="522"/>
</LocList>
</BasicStmnt>
<BasicStmnt CovItemId="S6" CovItemPrefix="my.PSM.PSM_Interface.Messages.java" Intrnl_Id="3233">
<LocList>
<Loc EndOffset="556" SrcFileId="22" StartOffset="542"/>
</LocList>
</BasicStmnt>
</StmntSeq>
</HierarchyLvl>
<HierarchyLvl HierarchyLvlId="14710" HierarchyLvlTypeId="31" Intrnl_Id="3234" Name="incorrectLogin">
<Header>
<Loc EndOffset="590" SrcFileId="22" StartOffset="562"/>
</Header>
<LocList>
<Loc EndOffset="674" SrcFileId="22" StartOffset="562"/>
</LocList>
<StmntSeq Intrnl_Id="3235">
<LocList>
<Loc EndOffset="617" SrcFileId="22" StartOffset="595"/>
<Loc EndOffset="654" SrcFileId="22" StartOffset="620"/>
<Loc EndOffset="671" SrcFileId="22" StartOffset="657"/>
</LocList>
<BasicStmnt CovItemId="S7" CovItemPrefix="my.PSM.PSM_Interface.Messages.java" Intrnl_Id="3236">
<LocList>
<Loc EndOffset="617" SrcFileId="22" StartOffset="595"/>
</LocList>
</BasicStmnt>
<BasicStmnt CovItemId="S8" CovItemPrefix="my.PSM.PSM_Interface.Messages.java" Intrnl_Id="3237">
<LocList>
<Loc EndOffset="654" SrcFileId="22" StartOffset="620"/>
</LocList>
</BasicStmnt>
<BasicStmnt CovItemId="S9" CovItemPrefix="my.PSM.PSM_Interface.Messages.java" Intrnl_Id="3238">
<LocList>
<Loc EndOffset="671" SrcFileId="22" StartOffset="657"/>
</LocList>
</BasicStmnt>
</StmntSeq>
</HierarchyLvl>
<HierarchyLvl HierarchyLvlId="14711" HierarchyLvlTypeId="31" Intrnl_Id="3239" Name="FifteenMinWarning">
<Header>
<Loc EndOffset="708" SrcFileId="22" StartOffset="677"/>
</Header>
<LocList>
<Loc EndOffset="755" SrcFileId="22" StartOffset="677"/>
</LocList>
<StmntSeq Intrnl_Id="3240">
<LocList>
<Loc EndOffset="735" SrcFileId="22" StartOffset="713"/>
<Loc EndOffset="752" SrcFileId="22" StartOffset="738"/>
</LocList>
<BasicStmnt CovItemId="S10" CovItemPrefix="my.PSM.PSM_Interface.Messages.java" Intrnl_Id="3241">
<LocList>
<Loc EndOffset="735" SrcFileId="22" StartOffset="713"/>
</LocList>
</BasicStmnt>
<BasicStmnt CovItemId="S11" CovItemPrefix="my.PSM.PSM_Interface.Messages.java" Intrnl_Id="3242">
<LocList>
<Loc EndOffset="752" SrcFileId="22" StartOffset="738"/>
</LocList>
</BasicStmnt>
</StmntSeq>
</HierarchyLvl>
<HierarchyLvl HierarchyLvlId="14712" HierarchyLvlTypeId="31" Intrnl_Id="3243" Name="FiveMinWarning">
<Header>
<Loc EndOffset="786" SrcFileId="22" StartOffset="758"/>
</Header>
<LocList>
<Loc EndOffset="832" SrcFileId="22" StartOffset="758"/>
</LocList>
<StmntSeq Intrnl_Id="3244">
<LocList>
<Loc EndOffset="812" SrcFileId="22" StartOffset="791"/>
<Loc EndOffset="829" SrcFileId="22" StartOffset="815"/>
</LocList>
<BasicStmnt CovItemId="S12" CovItemPrefix="my.PSM.PSM_Interface.Messages.java" Intrnl_Id="3245">
<LocList>
<Loc EndOffset="812" SrcFileId="22" StartOffset="791"/>
</LocList>
</BasicStmnt>
<BasicStmnt CovItemId="S13" CovItemPrefix="my.PSM.PSM_Interface.Messages.java" Intrnl_Id="3246">
<LocList>
<Loc EndOffset="829" SrcFileId="22" StartOffset="815"/>
</LocList>
</BasicStmnt>
</StmntSeq>
</HierarchyLvl>
<HierarchyLvl HierarchyLvlId="14713" HierarchyLvlTypeId="31" Intrnl_Id="3247" Name="endClassWarning">
<Header>
<Loc EndOffset="864" SrcFileId="22" StartOffset="835"/>
</Header>
<LocList>
<Loc EndOffset="917" SrcFileId="22" StartOffset="835"/>
</LocList>
<StmntSeq Intrnl_Id="3248">
<LocList>
<Loc EndOffset="896" SrcFileId="22" StartOffset="869"/>
<Loc EndOffset="913" SrcFileId="22" StartOffset="899"/>
</LocList>
<BasicStmnt CovItemId="S14" CovItemPrefix="my.PSM.PSM_Interface.Messages.java" Intrnl_Id="3249">
<LocList>
<Loc EndOffset="896" SrcFileId="22" StartOffset="869"/>
</LocList>
</BasicStmnt>
<BasicStmnt CovItemId="S15" CovItemPrefix="my.PSM.PSM_Interface.Messages.java" Intrnl_Id="3250">
<LocList>
<Loc EndOffset="913" SrcFileId="22" StartOffset="899"/>
</LocList>
</BasicStmnt>
</StmntSeq>
</HierarchyLvl>
<HierarchyLvl HierarchyLvlId="14714" HierarchyLvlTypeId="31" Intrnl_Id="3251" Name="logoutConfirmation">
<Header>
<Loc EndOffset="952" SrcFileId="22" StartOffset="920"/>
</Header>
<LocList>
<Loc EndOffset="1033" SrcFileId="22" StartOffset="920"/>
</LocList>
<StmntSeq Intrnl_Id="3252">
<LocList>
<Loc EndOffset="996" SrcFileId="22" StartOffset="957"/>
<Loc EndOffset="1013" SrcFileId="22" StartOffset="999"/>
<Loc EndOffset="1030" SrcFileId="22" StartOffset="1016"/>
</LocList>
<BasicStmnt CovItemId="S16" CovItemPrefix="my.PSM.PSM_Interface.Messages.java" Intrnl_Id="3253">
<LocList>
<Loc EndOffset="996" SrcFileId="22" StartOffset="957"/>
</LocList>
</BasicStmnt>
<BasicStmnt CovItemId="S17" CovItemPrefix="my.PSM.PSM_Interface.Messages.java" Intrnl_Id="3254">
<LocList>
<Loc EndOffset="1013" SrcFileId="22" StartOffset="999"/>
</LocList>
</BasicStmnt>
<BasicStmnt CovItemId="S18" CovItemPrefix="my.PSM.PSM_Interface.Messages.java" Intrnl_Id="3255">
<LocList>
<Loc EndOffset="1030" SrcFileId="22" StartOffset="1016"/>
</LocList>
</BasicStmnt>
</StmntSeq>
</HierarchyLvl>
<HierarchyLvl HierarchyLvlId="14717" HierarchyLvlTypeId="31" Intrnl_Id="3256" Name="initComponents">
<Header>
<Loc EndOffset="1359" SrcFileId="22" StartOffset="1330"/>
</Header>
<LocList>
<Loc EndOffset="3831" SrcFileId="22" StartOffset="1330"/>
</LocList>
<StmntSeq Intrnl_Id="3257">
<LocList>
<Loc EndOffset="1400" SrcFileId="22" StartOffset="1365"/>
<Loc EndOffset="1440" SrcFileId="22" StartOffset="1403"/>
<Loc EndOffset="1512" SrcFileId="22" StartOffset="1444"/>
<Loc EndOffset="1542" SrcFileId="22" StartOffset="1515"/>
<Loc EndOffset="1598" SrcFileId="22" StartOffset="1546"/>
<Loc EndOffset="1667" SrcFileId="22" StartOffset="1601"/>
<Loc EndOffset="1689" SrcFileId="22" StartOffset="1670"/>
<Loc EndOffset="1951" SrcFileId="22" StartOffset="1692"/>
<Loc EndOffset="2011" SrcFileId="22" StartOffset="1954"/>
<Loc EndOffset="2070" SrcFileId="22" StartOffset="2014"/>
<Loc EndOffset="2100" SrcFileId="22" StartOffset="2073"/>
<Loc EndOffset="2137" SrcFileId="22" StartOffset="2113"/>
<Loc EndOffset="2198" SrcFileId="22" StartOffset="2140"/>
<Loc EndOffset="2225" SrcFileId="22" StartOffset="2202"/>
<Loc EndOffset="2255" SrcFileId="22" StartOffset="2228"/>
<Loc EndOffset="2402" SrcFileId="22" StartOffset="2400"/>
<Loc EndOffset="2506" SrcFileId="22" StartOffset="2406"/>
<Loc EndOffset="2544" SrcFileId="22" StartOffset="2509"/>
<Loc EndOffset="3427" SrcFileId="22" StartOffset="2547"/>
<Loc EndOffset="3817" SrcFileId="22" StartOffset="3430"/>
<Loc EndOffset="3828" SrcFileId="22" StartOffset="3821"/>
</LocList>
<BasicStmnt CovItemId="S19" CovItemPrefix="my.PSM.PSM_Interface.Messages.java" Intrnl_Id="3258">
<LocList>
<Loc EndOffset="1400" SrcFileId="22" StartOffset="1365"/>
</LocList>
</BasicStmnt>
<BasicStmnt CovItemId="S20" CovItemPrefix="my.PSM.PSM_Interface.Messages.java" Intrnl_Id="3259">
<LocList>
<Loc EndOffset="1440" SrcFileId="22" StartOffset="1403"/>
</LocList>
</BasicStmnt>
<BasicStmnt CovItemId="S21" CovItemPrefix="my.PSM.PSM_Interface.Messages.java" Intrnl_Id="3260">
<LocList>
<Loc EndOffset="1512" SrcFileId="22" StartOffset="1444"/>
</LocList>
</BasicStmnt>
<BasicStmnt CovItemId="S22" CovItemPrefix="my.PSM.PSM_Interface.Messages.java" Intrnl_Id="3261">
<LocList>
<Loc EndOffset="1542" SrcFileId="22" StartOffset="1515"/>
</LocList>
</BasicStmnt>
<BasicStmnt CovItemId="S23" CovItemPrefix="my.PSM.PSM_Interface.Messages.java" Intrnl_Id="3262">
<LocList>
<Loc EndOffset="1598" SrcFileId="22" StartOffset="1546"/>
</LocList>
</BasicStmnt>
<BasicStmnt CovItemId="S24" CovItemPrefix="my.PSM.PSM_Interface.Messages.java" Intrnl_Id="3263">
<LocList>
<Loc EndOffset="1667" SrcFileId="22" StartOffset="1601"/>
</LocList>
</BasicStmnt>
<BasicStmnt CovItemId="S25" CovItemPrefix="my.PSM.PSM_Interface.Messages.java" Intrnl_Id="3264">
<LocList>
<Loc EndOffset="1689" SrcFileId="22" StartOffset="1670"/>
</LocList>
</BasicStmnt>
<BasicStmnt CovItemId="S26" CovItemPrefix="my.PSM.PSM_Interface.Messages.java" Intrnl_Id="3265">
<LocList>
<Loc EndOffset="1951" SrcFileId="22" StartOffset="1692"/>
</LocList>
</BasicStmnt>
<BasicStmnt CovItemId="S27" CovItemPrefix="my.PSM.PSM_Interface.Messages.java" Intrnl_Id="3266">
<LocList>
<Loc EndOffset="2011" SrcFileId="22" StartOffset="1954"/>
</LocList>
</BasicStmnt>
<BasicStmnt CovItemId="S28" CovItemPrefix="my.PSM.PSM_Interface.Messages.java" Intrnl_Id="3267">
<LocList>
<Loc EndOffset="2070" SrcFileId="22" StartOffset="2014"/>
</LocList>
</BasicStmnt>
<BasicStmnt CovItemId="S29" CovItemPrefix="my.PSM.PSM_Interface.Messages.java" Intrnl_Id="3268">
<LocList>
<Loc EndOffset="2100" SrcFileId="22" StartOffset="2073"/>
</LocList>
</BasicStmnt>
<BasicStmnt CovItemId="S30" CovItemPrefix="my.PSM.PSM_Interface.Messages.java" Intrnl_Id="3269">
<LocList>
<Loc EndOffset="2137" SrcFileId="22" StartOffset="2113"/>
</LocList>
</BasicStmnt>
<BasicStmnt CovItemId="S31" CovItemPrefix="my.PSM.PSM_Interface.Messages.java" Intrnl_Id="3270">
<LocList>
<Loc EndOffset="2198" SrcFileId="22" StartOffset="2140"/>
</LocList>
</BasicStmnt>
<BasicStmnt CovItemId="S32" CovItemPrefix="my.PSM.PSM_Interface.Messages.java" Intrnl_Id="3271">
<LocList>
<Loc EndOffset="2225" SrcFileId="22" StartOffset="2202"/>
</LocList>
</BasicStmnt>
<BasicStmnt CovItemId="S33" CovItemPrefix="my.PSM.PSM_Interface.Messages.java" Intrnl_Id="3272">
<LocList>
<Loc EndOffset="2255" SrcFileId="22" StartOffset="2228"/>
<Loc EndOffset="2402" SrcFileId="22" StartOffset="2400"/>
</LocList>
</BasicStmnt>
<BasicStmnt CovItemId="S35" CovItemPrefix="my.PSM.PSM_Interface.Messages.java" Intrnl_Id="3273">
<LocList>
<Loc EndOffset="2506" SrcFileId="22" StartOffset="2406"/>
</LocList>
</BasicStmnt>
<BasicStmnt CovItemId="S36" CovItemPrefix="my.PSM.PSM_Interface.Messages.java" Intrnl_Id="3274">
<LocList>
<Loc EndOffset="2544" SrcFileId="22" StartOffset="2509"/>
</LocList>
</BasicStmnt>
<BasicStmnt CovItemId="S37" CovItemPrefix="my.PSM.PSM_Interface.Messages.java" Intrnl_Id="3275">
<LocList>
<Loc EndOffset="3427" SrcFileId="22" StartOffset="2547"/>
</LocList>
</BasicStmnt>
<BasicStmnt CovItemId="S38" CovItemPrefix="my.PSM.PSM_Interface.Messages.java" Intrnl_Id="3276">
<LocList>
<Loc EndOffset="3817" SrcFileId="22" StartOffset="3430"/>
</LocList>
</BasicStmnt>
<BasicStmnt CovItemId="S39" CovItemPrefix="my.PSM.PSM_Interface.Messages.java" Intrnl_Id="3277">
<LocList>
<Loc EndOffset="3828" SrcFileId="22" StartOffset="3821"/>
</LocList>
</BasicStmnt>
</StmntSeq>
<HierarchyLvl HierarchyLvlId="14716" HierarchyLvlTypeId="30" Intrnl_Id="3278" Name="java.awt.event.ActionListener">
<Header>
<Loc EndOffset="2290" SrcFileId="22" StartOffset="2259"/>
</Header>
<LocList>
<Loc EndOffset="2400" SrcFileId="22" StartOffset="2255"/>
</LocList>
<HierarchyLvl HierarchyLvlId="14715" HierarchyLvlTypeId="31" Intrnl_Id="3279" Name="actionPerformed">
<Header>
<Loc EndOffset="2355" SrcFileId="22" StartOffset="2296"/>
</Header>
<LocList>
<Loc EndOffset="2396" SrcFileId="22" StartOffset="2296"/>
</LocList>
<StmntSeq Intrnl_Id="3280">
<LocList>
<Loc EndOffset="2391" SrcFileId="22" StartOffset="2362"/>
</LocList>
<BasicStmnt CovItemId="S34" CovItemPrefix="my.PSM.PSM_Interface.Messages.java" Intrnl_Id="3281">
<LocList>
<Loc EndOffset="2391" SrcFileId="22" StartOffset="2362"/>
</LocList>
</BasicStmnt>
</StmntSeq>
</HierarchyLvl>
</HierarchyLvl>
</HierarchyLvl>
<HierarchyLvl HierarchyLvlId="14718" HierarchyLvlTypeId="31" Intrnl_Id="3282" Name="jButton1ActionPerformed">
<Header>
<Loc EndOffset="3943" SrcFileId="22" StartOffset="3875"/>
</Header>
<LocList>
<Loc EndOffset="4169" SrcFileId="22" StartOffset="3875"/>
</LocList>
<StmntSeq Intrnl_Id="3283">
<LocList>
<Loc EndOffset="4071" SrcFileId="22" StartOffset="3990"/>
<Loc EndOffset="4114" SrcFileId="22" StartOffset="4074"/>
<Loc EndOffset="4152" SrcFileId="22" StartOffset="4117"/>
<Loc EndOffset="4165" SrcFileId="22" StartOffset="4155"/>
</LocList>
<CondStmnt CovItemId="S40" CovItemPrefix="my.PSM.PSM_Interface.Messages.java" Intrnl_Id="3284">
<Branch CovItemId="B1" CovItemPrefix="my.PSM.PSM_Interface.Messages.java" Implct="false" Intrnl_Id="3285">
<Cond/>
<LocList>
<Loc EndOffset="4071" SrcFileId="22" StartOffset="4002"/>
</LocList>
<StmntSeq Intrnl_Id="3286">
<LocList>
<Loc EndOffset="4022" SrcFileId="22" StartOffset="4007"/>
<Loc EndOffset="4067" SrcFileId="22" StartOffset="4026"/>
</LocList>
<BasicStmnt CovItemId="S41" CovItemPrefix="my.PSM.PSM_Interface.Messages.java" Intrnl_Id="3287">
<LocList>
<Loc EndOffset="4022" SrcFileId="22" StartOffset="4007"/>
</LocList>
</BasicStmnt>
<BasicStmnt CovItemId="S42" CovItemPrefix="my.PSM.PSM_Interface.Messages.java" Intrnl_Id="3288">
<LocList>
<Loc EndOffset="4067" SrcFileId="22" StartOffset="4026"/>
</LocList>
</BasicStmnt>
</StmntSeq>
</Branch>
<Branch CovItemId="B2" CovItemPrefix="my.PSM.PSM_Interface.Messages.java" Implct="true" Intrnl_Id="3289">
<Cond/>
<LocList/>
<StmntSeq Intrnl_Id="3290">
<LocList/>
</StmntSeq>
</Branch>
<Keyword EndOffset="3992" SrcFileId="22" StartOffset="3990"/>
<LocList>
<Loc EndOffset="4071" SrcFileId="22" StartOffset="3990"/>
</LocList>
<RootTerm CovItemId="C1" CovItemPrefix="my.PSM.PSM_Interface.Messages.java" Intrnl_Id="3291">
<BasicBoolTerm Intrnl_Id="3292">
<LocList>
<Loc EndOffset="4000" SrcFileId="22" StartOffset="3994"/>
</LocList>
</BasicBoolTerm>
</RootTerm>
</CondStmnt>
<CondStmnt CovItemId="S43" CovItemPrefix="my.PSM.PSM_Interface.Messages.java" Intrnl_Id="3293">
<Branch CovItemId="B3" CovItemPrefix="my.PSM.PSM_Interface.Messages.java" Implct="false" Intrnl_Id="3294">
<Cond/>
<LocList>
<Loc EndOffset="4114" SrcFileId="22" StartOffset="4094"/>
</LocList>
<StmntSeq Intrnl_Id="3295">
<LocList>
<Loc EndOffset="4110" SrcFileId="22" StartOffset="4099"/>
</LocList>
<BasicStmnt CovItemId="S44" CovItemPrefix="my.PSM.PSM_Interface.Messages.java" Intrnl_Id="3296">
<LocList>
<Loc EndOffset="4110" SrcFileId="22" StartOffset="4099"/>
</LocList>
</BasicStmnt>
</StmntSeq>
</Branch>
<Branch CovItemId="B4" CovItemPrefix="my.PSM.PSM_Interface.Messages.java" Implct="true" Intrnl_Id="3297">
<Cond/>
<LocList/>
<StmntSeq Intrnl_Id="3298">
<LocList/>
</StmntSeq>
</Branch>
<Keyword EndOffset="4076" SrcFileId="22" StartOffset="4074"/>
<LocList>
<Loc EndOffset="4114" SrcFileId="22" StartOffset="4074"/>
</LocList>
<RootTerm CovItemId="C2" CovItemPrefix="my.PSM.PSM_Interface.Messages.java" Intrnl_Id="3299">
<BasicBoolTerm Intrnl_Id="3300">
<LocList>
<Loc EndOffset="4092" SrcFileId="22" StartOffset="4078"/>
</LocList>
</BasicBoolTerm>
</RootTerm>
</CondStmnt>
<CondStmnt CovItemId="S45" CovItemPrefix="my.PSM.PSM_Interface.Messages.java" Intrnl_Id="3301">
<Branch CovItemId="B5" CovItemPrefix="my.PSM.PSM_Interface.Messages.java" Implct="false" Intrnl_Id="3302">
<Cond/>
<LocList>
<Loc EndOffset="4152" SrcFileId="22" StartOffset="4132"/>
</LocList>
<StmntSeq Intrnl_Id="3303">
<LocList>
<Loc EndOffset="4148" SrcFileId="22" StartOffset="4137"/>
</LocList>
<BasicStmnt CovItemId="S46" CovItemPrefix="my.PSM.PSM_Interface.Messages.java" Intrnl_Id="3304">
<LocList>
<Loc EndOffset="4148" SrcFileId="22" StartOffset="4137"/>
</LocList>
</BasicStmnt>
</StmntSeq>
</Branch>
<Branch CovItemId="B6" CovItemPrefix="my.PSM.PSM_Interface.Messages.java" Implct="true" Intrnl_Id="3305">
<Cond/>
<LocList/>
<StmntSeq Intrnl_Id="3306">
<LocList/>
</StmntSeq>
</Branch>
<Keyword EndOffset="4119" SrcFileId="22" StartOffset="4117"/>
<LocList>
<Loc EndOffset="4152" SrcFileId="22" StartOffset="4117"/>
</LocList>
<RootTerm CovItemId="C3" CovItemPrefix="my.PSM.PSM_Interface.Messages.java" Intrnl_Id="3307">
<BasicBoolTerm Intrnl_Id="3308">
<LocList>
<Loc EndOffset="4130" SrcFileId="22" StartOffset="4121"/>
</LocList>
</BasicBoolTerm>
</RootTerm>
</CondStmnt>
<BasicStmnt CovItemId="S47" CovItemPrefix="my.PSM.PSM_Interface.Messages.java" Intrnl_Id="3309">
<LocList>
<Loc EndOffset="4165" SrcFileId="22" StartOffset="4155"/>
</LocList>
</BasicStmnt>
</StmntSeq>
</HierarchyLvl>
<HierarchyLvl HierarchyLvlId="14721" HierarchyLvlTypeId="31" Intrnl_Id="3310" Name="launchPopup">
<Header>
<Loc EndOffset="4306" SrcFileId="22" StartOffset="4281"/>
</Header>
<LocList>
<Loc EndOffset="4433" SrcFileId="22" StartOffset="4281"/>
</LocList>
<StmntSeq Intrnl_Id="3311">
<LocList>
<Loc EndOffset="4343" SrcFileId="22" StartOffset="4311"/>
<Loc EndOffset="4430" SrcFileId="22" StartOffset="4428"/>
</LocList>
<BasicStmnt CovItemId="S48" CovItemPrefix="my.PSM.PSM_Interface.Messages.java" Intrnl_Id="3312">
<LocList>
<Loc EndOffset="4343" SrcFileId="22" StartOffset="4311"/>
<Loc EndOffset="4430" SrcFileId="22" StartOffset="4428"/>
</LocList>
</BasicStmnt>
</StmntSeq>
<HierarchyLvl HierarchyLvlId="14720" HierarchyLvlTypeId="30" Intrnl_Id="3313" Name="Runnable">
<Header>
<Loc EndOffset="4357" SrcFileId="22" StartOffset="4347"/>
</Header>
<LocList>
<Loc EndOffset="4428" SrcFileId="22" StartOffset="4343"/>
</LocList>
<HierarchyLvl HierarchyLvlId="14719" HierarchyLvlTypeId="31" Intrnl_Id="3314" Name="run">
<Header>
<Loc EndOffset="4380" SrcFileId="22" StartOffset="4363"/>
</Header>
<LocList>
<Loc EndOffset="4424" SrcFileId="22" StartOffset="4363"/>
</LocList>
<StmntSeq Intrnl_Id="3315">
<LocList>
<Loc EndOffset="4419" SrcFileId="22" StartOffset="4387"/>
</LocList>
<BasicStmnt CovItemId="S49" CovItemPrefix="my.PSM.PSM_Interface.Messages.java" Intrnl_Id="3316">
<LocList>
<Loc EndOffset="4419" SrcFileId="22" StartOffset="4387"/>
</LocList>
</BasicStmnt>
</StmntSeq>
</HierarchyLvl>
</HierarchyLvl>
</HierarchyLvl>
</HierarchyLvl>
<HierarchyLvl HierarchyLvlId="14748" HierarchyLvlTypeId="32" Intrnl_Id="3317" Name="MainMenu">
<Header>
<Loc EndOffset="174" SrcFileId="23" StartOffset="126"/>
</Header>
<LocList>
<Loc EndOffset="16292" SrcFileId="23" StartOffset="126"/>
</LocList>
<StmntSeq Intrnl_Id="3318">
<LocList>
<Loc EndOffset="249" SrcFileId="23" StartOffset="201"/>
</LocList>
<BasicStmnt CovItemId="S1" CovItemPrefix="my.PSM.PSM_Interface.MainMenu.java" Intrnl_Id="3319">
<LocList>
<Loc EndOffset="249" SrcFileId="23" StartOffset="201"/>
</LocList>
</BasicStmnt>
</StmntSeq>
<HierarchyLvl HierarchyLvlId="14723" HierarchyLvlTypeId="31" Intrnl_Id="3320" Name="MainMenu">
<Header>
<Loc EndOffset="453" SrcFileId="23" StartOffset="436"/>
</Header>
<LocList>
<Loc EndOffset="487" SrcFileId="23" StartOffset="436"/>
</LocList>
<StmntSeq Intrnl_Id="3321">
<LocList>
<Loc EndOffset="481" SrcFileId="23" StartOffset="464"/>
</LocList>
<BasicStmnt CovItemId="S2" CovItemPrefix="my.PSM.PSM_Interface.MainMenu.java" Intrnl_Id="3322">
<LocList>
<Loc EndOffset="481" SrcFileId="23" StartOffset="464"/>
</LocList>
</BasicStmnt>
</StmntSeq>
</HierarchyLvl>
<HierarchyLvl HierarchyLvlId="14734" HierarchyLvlTypeId="31" Intrnl_Id="3323" Name="initComponents">
<Header>
<Loc EndOffset="834" SrcFileId="23" StartOffset="805"/>
</Header>
<LocList>
<Loc EndOffset="13579" SrcFileId="23" StartOffset="805"/>
</LocList>
<StmntSeq Intrnl_Id="3324">
<LocList>
<Loc EndOffset="885" SrcFileId="23" StartOffset="850"/>
<Loc EndOffset="929" SrcFileId="23" StartOffset="894"/>
<Loc EndOffset="973" SrcFileId="23" StartOffset="938"/>
<Loc EndOffset="1017" SrcFileId="23" StartOffset="982"/>
<Loc EndOffset="1061" SrcFileId="23" StartOffset="1026"/>
<Loc EndOffset="1105" SrcFileId="23" StartOffset="1070"/>
<Loc EndOffset="1151" SrcFileId="23" StartOffset="1114"/>
<Loc EndOffset="1197" SrcFileId="23" StartOffset="1160"/>
<Loc EndOffset="1243" SrcFileId="23" StartOffset="1206"/>
<Loc EndOffset="1287" SrcFileId="23" StartOffset="1252"/>
<Loc EndOffset="1331" SrcFileId="23" StartOffset="1296"/>
<Loc EndOffset="1377" SrcFileId="23" StartOffset="1340"/>
<Loc EndOffset="1423" SrcFileId="23" StartOffset="1386"/>
<Loc EndOffset="1467" SrcFileId="23" StartOffset="1432"/>
<Loc EndOffset="1513" SrcFileId="23" StartOffset="1476"/>
<Loc EndOffset="1559" SrcFileId="23" StartOffset="1522"/>
<Loc EndOffset="1605" SrcFileId="23" StartOffset="1568"/>
<Loc EndOffset="1651" SrcFileId="23" StartOffset="1614"/>
<Loc EndOffset="1735" SrcFileId="23" StartOffset="1661"/>
<Loc EndOffset="1770" SrcFileId="23" StartOffset="1744"/>
<Loc EndOffset="1831" SrcFileId="23" StartOffset="1780"/>
<Loc EndOffset="1883" SrcFileId="23" StartOffset="1840"/>
<Loc EndOffset="1944" SrcFileId="23" StartOffset="1893"/>
<Loc EndOffset="1985" SrcFileId="23" StartOffset="1953"/>
<Loc EndOffset="2046" SrcFileId="23" StartOffset="1995"/>
<Loc EndOffset="2110" SrcFileId="23" StartOffset="2055"/>
<Loc EndOffset="2171" SrcFileId="23" StartOffset="2120"/>
<Loc EndOffset="2234" SrcFileId="23" StartOffset="2180"/>
<Loc EndOffset="2295" SrcFileId="23" StartOffset="2244"/>
<Loc EndOffset="2340" SrcFileId="23" StartOffset="2304"/>
<Loc EndOffset="2607" SrcFileId="23" StartOffset="2350"/>
<Loc EndOffset="2669" SrcFileId="23" StartOffset="2617"/>
<Loc EndOffset="2717" SrcFileId="23" StartOffset="2678"/>
<Loc EndOffset="2779" SrcFileId="23" StartOffset="2727"/>
<Loc EndOffset="2819" SrcFileId="23" StartOffset="2788"/>
<Loc EndOffset="2881" SrcFileId="23" StartOffset="2829"/>
<Loc EndOffset="2927" SrcFileId="23" StartOffset="2890"/>
<Loc EndOffset="3030" SrcFileId="23" StartOffset="2937"/>
<Loc EndOffset="3072" SrcFileId="23" StartOffset="3039"/>
<Loc EndOffset="3885" SrcFileId="23" StartOffset="3081"/>
<Loc EndOffset="4416" SrcFileId="23" StartOffset="3894"/>
<Loc EndOffset="4477" SrcFileId="23" StartOffset="4426"/>
<Loc EndOffset="4524" SrcFileId="23" StartOffset="4486"/>
<Loc EndOffset="4786" SrcFileId="23" StartOffset="4534"/>
<Loc EndOffset="4848" SrcFileId="23" StartOffset="4796"/>
<Loc EndOffset="4886" SrcFileId="23" StartOffset="4857"/>
<Loc EndOffset="4922" SrcFileId="23" StartOffset="4895"/>
<Loc EndOffset="5125" SrcFileId="23" StartOffset="5123"/>
<Loc EndOffset="5187" SrcFileId="23" StartOffset="5135"/>
<Loc EndOffset="5223" SrcFileId="23" StartOffset="5196"/>
<Loc EndOffset="5326" SrcFileId="23" StartOffset="5233"/>
<Loc EndOffset="5368" SrcFileId="23" StartOffset="5335"/>
<Loc EndOffset="5891" SrcFileId="23" StartOffset="5377"/>
<Loc EndOffset="6349" SrcFileId="23" StartOffset="5900"/>
<Loc EndOffset="6623" SrcFileId="23" StartOffset="6359"/>
<Loc EndOffset="6685" SrcFileId="23" StartOffset="6633"/>
<Loc EndOffset="6733" SrcFileId="23" StartOffset="6694"/>
<Loc EndOffset="6769" SrcFileId="23" StartOffset="6742"/>
<Loc EndOffset="6972" SrcFileId="23" StartOffset="6970"/>
<Loc EndOffset="7034" SrcFileId="23" StartOffset="6982"/>
<Loc EndOffset="7077" SrcFileId="23" StartOffset="7043"/>
<Loc EndOffset="7113" SrcFileId="23" StartOffset="7086"/>
<Loc EndOffset="7316" SrcFileId="23" StartOffset="7314"/>
<Loc EndOffset="7378" SrcFileId="23" StartOffset="7326"/>
<Loc EndOffset="7423" SrcFileId="23" StartOffset="7387"/>
<Loc EndOffset="7459" SrcFileId="23" StartOffset="7432"/>
<Loc EndOffset="7662" SrcFileId="23" StartOffset="7660"/>
<Loc EndOffset="7765" SrcFileId="23" StartOffset="7672"/>
<Loc EndOffset="7807" SrcFileId="23" StartOffset="7774"/>
<Loc EndOffset="8561" SrcFileId="23" StartOffset="7816"/>
<Loc EndOffset="9052" SrcFileId="23" StartOffset="8570"/>
<Loc EndOffset="9114" SrcFileId="23" StartOffset="9062"/>
<Loc EndOffset="9150" SrcFileId="23" StartOffset="9123"/>
<Loc EndOffset="9186" SrcFileId="23" StartOffset="9159"/>
<Loc EndOffset="9389" SrcFileId="23" StartOffset="9387"/>
<Loc EndOffset="9494" SrcFileId="23" StartOffset="9399"/>
<Loc EndOffset="9538" SrcFileId="23" StartOffset="9503"/>
<Loc EndOffset="11396" SrcFileId="23" StartOffset="9547"/>
<Loc EndOffset="13556" SrcFileId="23" StartOffset="11405"/>
<Loc EndOffset="13573" SrcFileId="23" StartOffset="13566"/>
</LocList>
<BasicStmnt CovItemId="S3" CovItemPrefix="my.PSM.PSM_Interface.MainMenu.java" Intrnl_Id="3325">
<LocList>
<Loc EndOffset="885" SrcFileId="23" StartOffset="850"/>
</LocList>
</BasicStmnt>
<BasicStmnt CovItemId="S4" CovItemPrefix="my.PSM.PSM_Interface.MainMenu.java" Intrnl_Id="3326">
<LocList>
<Loc EndOffset="929" SrcFileId="23" StartOffset="894"/>
</LocList>
</BasicStmnt>
<BasicStmnt CovItemId="S5" CovItemPrefix="my.PSM.PSM_Interface.MainMenu.java" Intrnl_Id="3327">
<LocList>
<Loc EndOffset="973" SrcFileId="23" StartOffset="938"/>
</LocList>
</BasicStmnt>
<BasicStmnt CovItemId="S6" CovItemPrefix="my.PSM.PSM_Interface.MainMenu.java" Intrnl_Id="3328">
<LocList>
<Loc EndOffset="1017" SrcFileId="23" StartOffset="982"/>
</LocList>
</BasicStmnt>
<BasicStmnt CovItemId="S7" CovItemPrefix="my.PSM.PSM_Interface.MainMenu.java" Intrnl_Id="3329">
<LocList>
<Loc EndOffset="1061" SrcFileId="23" StartOffset="1026"/>
</LocList>
</BasicStmnt>
<BasicStmnt CovItemId="S8" CovItemPrefix="my.PSM.PSM_Interface.MainMenu.java" Intrnl_Id="3330">
<LocList>
<Loc EndOffset="1105" SrcFileId="23" StartOffset="1070"/>
</LocList>
</BasicStmnt>
<BasicStmnt CovItemId="S9" CovItemPrefix="my.PSM.PSM_Interface.MainMenu.java" Intrnl_Id="3331">
<LocList>
<Loc EndOffset="1151" SrcFileId="23" StartOffset="1114"/>
</LocList>
</BasicStmnt>
<BasicStmnt CovItemId="S10" CovItemPrefix="my.PSM.PSM_Interface.MainMenu.java" Intrnl_Id="3332">
<LocList>
<Loc EndOffset="1197" SrcFileId="23" StartOffset="1160"/>
</LocList>
</BasicStmnt>
<BasicStmnt CovItemId="S11" CovItemPrefix="my.PSM.PSM_Interface.MainMenu.java" Intrnl_Id="3333">
<LocList>
<Loc EndOffset="1243" SrcFileId="23" StartOffset="1206"/>
</LocList>
</BasicStmnt>
<BasicStmnt CovItemId="S12" CovItemPrefix="my.PSM.PSM_Interface.MainMenu.java" Intrnl_Id="3334">
<LocList>
<Loc EndOffset="1287" SrcFileId="23" StartOffset="1252"/>
</LocList>
</BasicStmnt>
<BasicStmnt CovItemId="S13" CovItemPrefix="my.PSM.PSM_Interface.MainMenu.java" Intrnl_Id="3335">
<LocList>
<Loc EndOffset="1331" SrcFileId="23" StartOffset="1296"/>
</LocList>
</BasicStmnt>
<BasicStmnt CovItemId="S14" CovItemPrefix="my.PSM.PSM_Interface.MainMenu.java" Intrnl_Id="3336">
<LocList>
<Loc EndOffset="1377" SrcFileId="23" StartOffset="1340"/>
</LocList>
</BasicStmnt>
<BasicStmnt CovItemId="S15" CovItemPrefix="my.PSM.PSM_Interface.MainMenu.java" Intrnl_Id="3337">
<LocList>
<Loc EndOffset="1423" SrcFileId="23" StartOffset="1386"/>
</LocList>
</BasicStmnt>
<BasicStmnt CovItemId="S16" CovItemPrefix="my.PSM.PSM_Interface.MainMenu.java" Intrnl_Id="3338">
<LocList>
<Loc EndOffset="1467" SrcFileId="23" StartOffset="1432"/>
</LocList>
</BasicStmnt>
<BasicStmnt CovItemId="S17" CovItemPrefix="my.PSM.PSM_Interface.MainMenu.java" Intrnl_Id="3339">
<LocList>
<Loc EndOffset="1513" SrcFileId="23" StartOffset="1476"/>
</LocList>
</BasicStmnt>
<BasicStmnt CovItemId="S18" CovItemPrefix="my.PSM.PSM_Interface.MainMenu.java" Intrnl_Id="3340">
<LocList>
<Loc EndOffset="1559" SrcFileId="23" StartOffset="1522"/>
</LocList>
</BasicStmnt>
<BasicStmnt CovItemId="S19" CovItemPrefix="my.PSM.PSM_Interface.MainMenu.java" Intrnl_Id="3341">
<LocList>
<Loc EndOffset="1605" SrcFileId="23" StartOffset="1568"/>
</LocList>
</BasicStmnt>
<BasicStmnt CovItemId="S20" CovItemPrefix="my.PSM.PSM_Interface.MainMenu.java" Intrnl_Id="3342">
<LocList>
<Loc EndOffset="1651" SrcFileId="23" StartOffset="1614"/>
</LocList>
</BasicStmnt>
<BasicStmnt CovItemId="S21" CovItemPrefix="my.PSM.PSM_Interface.MainMenu.java" Intrnl_Id="3343">
<LocList>
<Loc EndOffset="1735" SrcFileId="23" StartOffset="1661"/>
</LocList>
</BasicStmnt>
<BasicStmnt CovItemId="S22" CovItemPrefix="my.PSM.PSM_Interface.MainMenu.java" Intrnl_Id="3344">
<LocList>
<Loc EndOffset="1770" SrcFileId="23" StartOffset="1744"/>
</LocList>
</BasicStmnt>
<BasicStmnt CovItemId="S23" CovItemPrefix="my.PSM.PSM_Interface.MainMenu.java" Intrnl_Id="3345">
<LocList>
<Loc EndOffset="1831" SrcFileId="23" StartOffset="1780"/>
</LocList>
</BasicStmnt>
<BasicStmnt CovItemId="S24" CovItemPrefix="my.PSM.PSM_Interface.MainMenu.java" Intrnl_Id="3346">
<LocList>
<Loc EndOffset="1883" SrcFileId="23" StartOffset="1840"/>
</LocList>
</BasicStmnt>
<BasicStmnt CovItemId="S25" CovItemPrefix="my.PSM.PSM_Interface.MainMenu.java" Intrnl_Id="3347">
<LocList>
<Loc EndOffset="1944" SrcFileId="23" StartOffset="1893"/>
</LocList>
</BasicStmnt>
<BasicStmnt CovItemId="S26" CovItemPrefix="my.PSM.PSM_Interface.MainMenu.java" Intrnl_Id="3348">
<LocList>
<Loc EndOffset="1985" SrcFileId="23" StartOffset="1953"/>
</LocList>
</BasicStmnt>
<BasicStmnt CovItemId="S27" CovItemPrefix="my.PSM.PSM_Interface.MainMenu.java" Intrnl_Id="3349">
<LocList>
<Loc EndOffset="2046" SrcFileId="23" StartOffset="1995"/>
</LocList>
</BasicStmnt>
<BasicStmnt CovItemId="S28" CovItemPrefix="my.PSM.PSM_Interface.MainMenu.java" Intrnl_Id="3350">
<LocList>
<Loc EndOffset="2110" SrcFileId="23" StartOffset="2055"/>
</LocList>
</BasicStmnt>
<BasicStmnt CovItemId="S29" CovItemPrefix="my.PSM.PSM_Interface.MainMenu.java" Intrnl_Id="3351">
<LocList>
<Loc EndOffset="2171" SrcFileId="23" StartOffset="2120"/>
</LocList>
</BasicStmnt>
<BasicStmnt CovItemId="S30" CovItemPrefix="my.PSM.PSM_Interface.MainMenu.java" Intrnl_Id="3352">
<LocList>
<Loc EndOffset="2234" SrcFileId="23" StartOffset="2180"/>
</LocList>
</BasicStmnt>
<BasicStmnt CovItemId="S31" CovItemPrefix="my.PSM.PSM_Interface.MainMenu.java" Intrnl_Id="3353">
<LocList>
<Loc EndOffset="2295" SrcFileId="23" StartOffset="2244"/>
</LocList>
</BasicStmnt>
<BasicStmnt CovItemId="S32" CovItemPrefix="my.PSM.PSM_Interface.MainMenu.java" Intrnl_Id="3354">
<LocList>
<Loc EndOffset="2340" SrcFileId="23" StartOffset="2304"/>
</LocList>
</BasicStmnt>
<BasicStmnt CovItemId="S33" CovItemPrefix="my.PSM.PSM_Interface.MainMenu.java" Intrnl_Id="3355">
<LocList>
<Loc EndOffset="2607" SrcFileId="23" StartOffset="2350"/>
</LocList>
</BasicStmnt>
<BasicStmnt CovItemId="S34" CovItemPrefix="my.PSM.PSM_Interface.MainMenu.java" Intrnl_Id="3356">
<LocList>
<Loc EndOffset="2669" SrcFileId="23" StartOffset="2617"/>
</LocList>
</BasicStmnt>
<BasicStmnt CovItemId="S35" CovItemPrefix="my.PSM.PSM_Interface.MainMenu.java" Intrnl_Id="3357">
<LocList>
<Loc EndOffset="2717" SrcFileId="23" StartOffset="2678"/>
</LocList>
</BasicStmnt>
<BasicStmnt CovItemId="S36" CovItemPrefix="my.PSM.PSM_Interface.MainMenu.java" Intrnl_Id="3358">
<LocList>
<Loc EndOffset="2779" SrcFileId="23" StartOffset="2727"/>
</LocList>
</BasicStmnt>
<BasicStmnt CovItemId="S37" CovItemPrefix="my.PSM.PSM_Interface.MainMenu.java" Intrnl_Id="3359">
<LocList>
<Loc EndOffset="2819" SrcFileId="23" StartOffset="2788"/>
</LocList>
</BasicStmnt>
<BasicStmnt CovItemId="S38" CovItemPrefix="my.PSM.PSM_Interface.MainMenu.java" Intrnl_Id="3360">
<LocList>
<Loc EndOffset="2881" SrcFileId="23" StartOffset="2829"/>
</LocList>
</BasicStmnt>
<BasicStmnt CovItemId="S39" CovItemPrefix="my.PSM.PSM_Interface.MainMenu.java" Intrnl_Id="3361">
<LocList>
<Loc EndOffset="2927" SrcFileId="23" StartOffset="2890"/>
</LocList>
</BasicStmnt>
<BasicStmnt CovItemId="S40" CovItemPrefix="my.PSM.PSM_Interface.MainMenu.java" Intrnl_Id="3362">
<LocList>
<Loc EndOffset="3030" SrcFileId="23" StartOffset="2937"/>
</LocList>
</BasicStmnt>
<BasicStmnt CovItemId="S41" CovItemPrefix="my.PSM.PSM_Interface.MainMenu.java" Intrnl_Id="3363">
<LocList>
<Loc EndOffset="3072" SrcFileId="23" StartOffset="3039"/>
</LocList>
</BasicStmnt>
<BasicStmnt CovItemId="S42" CovItemPrefix="my.PSM.PSM_Interface.MainMenu.java" Intrnl_Id="3364">
<LocList>
<Loc EndOffset="3885" SrcFileId="23" StartOffset="3081"/>
</LocList>
</BasicStmnt>
<BasicStmnt CovItemId="S43" CovItemPrefix="my.PSM.PSM_Interface.MainMenu.java" Intrnl_Id="3365">
<LocList>
<Loc EndOffset="4416" SrcFileId="23" StartOffset="3894"/>
</LocList>
</BasicStmnt>
<BasicStmnt CovItemId="S44" CovItemPrefix="my.PSM.PSM_Interface.MainMenu.java" Intrnl_Id="3366">
<LocList>
<Loc EndOffset="4477" SrcFileId="23" StartOffset="4426"/>
</LocList>
</BasicStmnt>
<BasicStmnt CovItemId="S45" CovItemPrefix="my.PSM.PSM_Interface.MainMenu.java" Intrnl_Id="3367">
<LocList>
<Loc EndOffset="4524" SrcFileId="23" StartOffset="4486"/>
</LocList>
</BasicStmnt>
<BasicStmnt CovItemId="S46" CovItemPrefix="my.PSM.PSM_Interface.MainMenu.java" Intrnl_Id="3368">
<LocList>
<Loc EndOffset="4786" SrcFileId="23" StartOffset="4534"/>
</LocList>
</BasicStmnt>
<BasicStmnt CovItemId="S47" CovItemPrefix="my.PSM.PSM_Interface.MainMenu.java" Intrnl_Id="3369">
<LocList>
<Loc EndOffset="4848" SrcFileId="23" StartOffset="4796"/>
</LocList>
</BasicStmnt>
<BasicStmnt CovItemId="S48" CovItemPrefix="my.PSM.PSM_Interface.MainMenu.java" Intrnl_Id="3370">
<LocList>
<Loc EndOffset="4886" SrcFileId="23" StartOffset="4857"/>
</LocList>
</BasicStmnt>
<BasicStmnt CovItemId="S49" CovItemPrefix="my.PSM.PSM_Interface.MainMenu.java" Intrnl_Id="3371">
<LocList>
<Loc EndOffset="4922" SrcFileId="23" StartOffset="4895"/>
<Loc EndOffset="5125" SrcFileId="23" StartOffset="5123"/>
</LocList>
</BasicStmnt>
<BasicStmnt CovItemId="S51" CovItemPrefix="my.PSM.PSM_Interface.MainMenu.java" Intrnl_Id="3372">
<LocList>
<Loc EndOffset="5187" SrcFileId="23" StartOffset="5135"/>
</LocList>
</BasicStmnt>
<BasicStmnt CovItemId="S52" CovItemPrefix="my.PSM.PSM_Interface.MainMenu.java" Intrnl_Id="3373">
<LocList>
<Loc EndOffset="5223" SrcFileId="23" StartOffset="5196"/>
</LocList>
</BasicStmnt>
<BasicStmnt CovItemId="S53" CovItemPrefix="my.PSM.PSM_Interface.MainMenu.java" Intrnl_Id="3374">
<LocList>
<Loc EndOffset="5326" SrcFileId="23" StartOffset="5233"/>
</LocList>
</BasicStmnt>
<BasicStmnt CovItemId="S54" CovItemPrefix="my.PSM.PSM_Interface.MainMenu.java" Intrnl_Id="3375">
<LocList>
<Loc EndOffset="5368" SrcFileId="23" StartOffset="5335"/>
</LocList>
</BasicStmnt>
<BasicStmnt CovItemId="S55" CovItemPrefix="my.PSM.PSM_Interface.MainMenu.java" Intrnl_Id="3376">
<LocList>
<Loc EndOffset="5891" SrcFileId="23" StartOffset="5377"/>
</LocList>
</BasicStmnt>
<BasicStmnt CovItemId="S56" CovItemPrefix="my.PSM.PSM_Interface.MainMenu.java" Intrnl_Id="3377">
<LocList>
<Loc EndOffset="6349" SrcFileId="23" StartOffset="5900"/>
</LocList>
</BasicStmnt>
<BasicStmnt CovItemId="S57" CovItemPrefix="my.PSM.PSM_Interface.MainMenu.java" Intrnl_Id="3378">
<LocList>
<Loc EndOffset="6623" SrcFileId="23" StartOffset="6359"/>
</LocList>
</BasicStmnt>
<BasicStmnt CovItemId="S58" CovItemPrefix="my.PSM.PSM_Interface.MainMenu.java" Intrnl_Id="3379">
<LocList>
<Loc EndOffset="6685" SrcFileId="23" StartOffset="6633"/>
</LocList>
</BasicStmnt>
<BasicStmnt CovItemId="S59" CovItemPrefix="my.PSM.PSM_Interface.MainMenu.java" Intrnl_Id="3380">
<LocList>
<Loc EndOffset="6733" SrcFileId="23" StartOffset="6694"/>
</LocList>
</BasicStmnt>
<BasicStmnt CovItemId="S60" CovItemPrefix="my.PSM.PSM_Interface.MainMenu.java" Intrnl_Id="3381">
<LocList>
<Loc EndOffset="6769" SrcFileId="23" StartOffset="6742"/>
<Loc EndOffset="6972" SrcFileId="23" StartOffset="6970"/>
</LocList>
</BasicStmnt>
<BasicStmnt CovItemId="S62" CovItemPrefix="my.PSM.PSM_Interface.MainMenu.java" Intrnl_Id="3382">
<LocList>
<Loc EndOffset="7034" SrcFileId="23" StartOffset="6982"/>
</LocList>
</BasicStmnt>
<BasicStmnt CovItemId="S63" CovItemPrefix="my.PSM.PSM_Interface.MainMenu.java" Intrnl_Id="3383">
<LocList>
<Loc EndOffset="7077" SrcFileId="23" StartOffset="7043"/>
</LocList>
</BasicStmnt>
<BasicStmnt CovItemId="S64" CovItemPrefix="my.PSM.PSM_Interface.MainMenu.java" Intrnl_Id="3384">
<LocList>
<Loc EndOffset="7113" SrcFileId="23" StartOffset="7086"/>
<Loc EndOffset="7316" SrcFileId="23" StartOffset="7314"/>
</LocList>
</BasicStmnt>
<BasicStmnt CovItemId="S66" CovItemPrefix="my.PSM.PSM_Interface.MainMenu.java" Intrnl_Id="3385">
<LocList>
<Loc EndOffset="7378" SrcFileId="23" StartOffset="7326"/>
</LocList>
</BasicStmnt>
<BasicStmnt CovItemId="S67" CovItemPrefix="my.PSM.PSM_Interface.MainMenu.java" Intrnl_Id="3386">
<LocList>
<Loc EndOffset="7423" SrcFileId="23" StartOffset="7387"/>
</LocList>
</BasicStmnt>
<BasicStmnt CovItemId="S68" CovItemPrefix="my.PSM.PSM_Interface.MainMenu.java" Intrnl_Id="3387">
<LocList>
<Loc EndOffset="7459" SrcFileId="23" StartOffset="7432"/>
<Loc EndOffset="7662" SrcFileId="23" StartOffset="7660"/>
</LocList>
</BasicStmnt>
<BasicStmnt CovItemId="S70" CovItemPrefix="my.PSM.PSM_Interface.MainMenu.java" Intrnl_Id="3388">
<LocList>
<Loc EndOffset="7765" SrcFileId="23" StartOffset="7672"/>
</LocList>
</BasicStmnt>
<BasicStmnt CovItemId="S71" CovItemPrefix="my.PSM.PSM_Interface.MainMenu.java" Intrnl_Id="3389">
<LocList>
<Loc EndOffset="7807" SrcFileId="23" StartOffset="7774"/>
</LocList>
</BasicStmnt>
<BasicStmnt CovItemId="S72" CovItemPrefix="my.PSM.PSM_Interface.MainMenu.java" Intrnl_Id="3390">
<LocList>
<Loc EndOffset="8561" SrcFileId="23" StartOffset="7816"/>
</LocList>
</BasicStmnt>
<BasicStmnt CovItemId="S73" CovItemPrefix="my.PSM.PSM_Interface.MainMenu.java" Intrnl_Id="3391">
<LocList>
<Loc EndOffset="9052" SrcFileId="23" StartOffset="8570"/>
</LocList>
</BasicStmnt>
<BasicStmnt CovItemId="S74" CovItemPrefix="my.PSM.PSM_Interface.MainMenu.java" Intrnl_Id="3392">
<LocList>
<Loc EndOffset="9114" SrcFileId="23" StartOffset="9062"/>
</LocList>
</BasicStmnt>
<BasicStmnt CovItemId="S75" CovItemPrefix="my.PSM.PSM_Interface.MainMenu.java" Intrnl_Id="3393">
<LocList>
<Loc EndOffset="9150" SrcFileId="23" StartOffset="9123"/>
</LocList>
</BasicStmnt>
<BasicStmnt CovItemId="S76" CovItemPrefix="my.PSM.PSM_Interface.MainMenu.java" Intrnl_Id="3394">
<LocList>
<Loc EndOffset="9186" SrcFileId="23" StartOffset="9159"/>
<Loc EndOffset="9389" SrcFileId="23" StartOffset="9387"/>
</LocList>
</BasicStmnt>
<BasicStmnt CovItemId="S78" CovItemPrefix="my.PSM.PSM_Interface.MainMenu.java" Intrnl_Id="3395">
<LocList>
<Loc EndOffset="9494" SrcFileId="23" StartOffset="9399"/>
</LocList>
</BasicStmnt>
<BasicStmnt CovItemId="S79" CovItemPrefix="my.PSM.PSM_Interface.MainMenu.java" Intrnl_Id="3396">
<LocList>
<Loc EndOffset="9538" SrcFileId="23" StartOffset="9503"/>
</LocList>
</BasicStmnt>
<BasicStmnt CovItemId="S80" CovItemPrefix="my.PSM.PSM_Interface.MainMenu.java" Intrnl_Id="3397">
<LocList>
<Loc EndOffset="11396" SrcFileId="23" StartOffset="9547"/>
</LocList>
</BasicStmnt>
<BasicStmnt CovItemId="S81" CovItemPrefix="my.PSM.PSM_Interface.MainMenu.java" Intrnl_Id="3398">
<LocList>
<Loc EndOffset="13556" SrcFileId="23" StartOffset="11405"/>
</LocList>
</BasicStmnt>
<BasicStmnt CovItemId="S82" CovItemPrefix="my.PSM.PSM_Interface.MainMenu.java" Intrnl_Id="3399">
<LocList>
<Loc EndOffset="13573" SrcFileId="23" StartOffset="13566"/>
</LocList>
</BasicStmnt>
</StmntSeq>
<HierarchyLvl HierarchyLvlId="14725" HierarchyLvlTypeId="30" Intrnl_Id="3400" Name="java.awt.event.ActionListener">
<Header>
<Loc EndOffset="4957" SrcFileId="23" StartOffset="4926"/>
</Header>
<LocList>
<Loc EndOffset="5123" SrcFileId="23" StartOffset="4922"/>
</LocList>
<HierarchyLvl HierarchyLvlId="14724" HierarchyLvlTypeId="31" Intrnl_Id="3401" Name="actionPerformed">
<Header>
<Loc EndOffset="5039" SrcFileId="23" StartOffset="4980"/>
</Header>
<LocList>
<Loc EndOffset="5113" SrcFileId="23" StartOffset="4980"/>
</LocList>
<StmntSeq Intrnl_Id="3402">
<LocList>
<Loc EndOffset="5099" SrcFileId="23" StartOffset="5070"/>
</LocList>
<BasicStmnt CovItemId="S50" CovItemPrefix="my.PSM.PSM_Interface.MainMenu.java" Intrnl_Id="3403">
<LocList>
<Loc EndOffset="5099" SrcFileId="23" StartOffset="5070"/>
</LocList>
</BasicStmnt>
</StmntSeq>
</HierarchyLvl>
</HierarchyLvl>
<HierarchyLvl HierarchyLvlId="14727" HierarchyLvlTypeId="30" Intrnl_Id="3404" Name="java.awt.event.ActionListener">
<Header>
<Loc EndOffset="6804" SrcFileId="23" StartOffset="6773"/>
</Header>
<LocList>
<Loc EndOffset="6970" SrcFileId="23" StartOffset="6769"/>
</LocList>
<HierarchyLvl HierarchyLvlId="14726" HierarchyLvlTypeId="31" Intrnl_Id="3405" Name="actionPerformed">
<Header>
<Loc EndOffset="6886" SrcFileId="23" StartOffset="6827"/>
</Header>
<LocList>
<Loc EndOffset="6960" SrcFileId="23" StartOffset="6827"/>
</LocList>
<StmntSeq Intrnl_Id="3406">
<LocList>
<Loc EndOffset="6946" SrcFileId="23" StartOffset="6917"/>
</LocList>
<BasicStmnt CovItemId="S61" CovItemPrefix="my.PSM.PSM_Interface.MainMenu.java" Intrnl_Id="3407">
<LocList>
<Loc EndOffset="6946" SrcFileId="23" StartOffset="6917"/>
</LocList>
</BasicStmnt>
</StmntSeq>
</HierarchyLvl>
</HierarchyLvl>
<HierarchyLvl HierarchyLvlId="14729" HierarchyLvlTypeId="30" Intrnl_Id="3408" Name="java.awt.event.ActionListener">
<Header>
<Loc EndOffset="7148" SrcFileId="23" StartOffset="7117"/>
</Header>
<LocList>
<Loc EndOffset="7314" SrcFileId="23" StartOffset="7113"/>
</LocList>
<HierarchyLvl HierarchyLvlId="14728" HierarchyLvlTypeId="31" Intrnl_Id="3409" Name="actionPerformed">
<Header>
<Loc EndOffset="7230" SrcFileId="23" StartOffset="7171"/>
</Header>
<LocList>
<Loc EndOffset="7304" SrcFileId="23" StartOffset="7171"/>
</LocList>
<StmntSeq Intrnl_Id="3410">
<LocList>
<Loc EndOffset="7290" SrcFileId="23" StartOffset="7261"/>
</LocList>
<BasicStmnt CovItemId="S65" CovItemPrefix="my.PSM.PSM_Interface.MainMenu.java" Intrnl_Id="3411">
<LocList>
<Loc EndOffset="7290" SrcFileId="23" StartOffset="7261"/>
</LocList>
</BasicStmnt>
</StmntSeq>
</HierarchyLvl>
</HierarchyLvl>
<HierarchyLvl HierarchyLvlId="14731" HierarchyLvlTypeId="30" Intrnl_Id="3412" Name="java.awt.event.ActionListener">
<Header>
<Loc EndOffset="7494" SrcFileId="23" StartOffset="7463"/>
</Header>
<LocList>
<Loc EndOffset="7660" SrcFileId="23" StartOffset="7459"/>
</LocList>
<HierarchyLvl HierarchyLvlId="14730" HierarchyLvlTypeId="31" Intrnl_Id="3413" Name="actionPerformed">
<Header>
<Loc EndOffset="7576" SrcFileId="23" StartOffset="7517"/>
</Header>
<LocList>
<Loc EndOffset="7650" SrcFileId="23" StartOffset="7517"/>
</LocList>
<StmntSeq Intrnl_Id="3414">
<LocList>
<Loc EndOffset="7636" SrcFileId="23" StartOffset="7607"/>
</LocList>
<BasicStmnt CovItemId="S69" CovItemPrefix="my.PSM.PSM_Interface.MainMenu.java" Intrnl_Id="3415">
<LocList>
<Loc EndOffset="7636" SrcFileId="23" StartOffset="7607"/>
</LocList>
</BasicStmnt>
</StmntSeq>
</HierarchyLvl>
</HierarchyLvl>
<HierarchyLvl HierarchyLvlId="14733" HierarchyLvlTypeId="30" Intrnl_Id="3416" Name="java.awt.event.ActionListener">
<Header>
<Loc EndOffset="9221" SrcFileId="23" StartOffset="9190"/>
</Header>
<LocList>
<Loc EndOffset="9387" SrcFileId="23" StartOffset="9186"/>
</LocList>
<HierarchyLvl HierarchyLvlId="14732" HierarchyLvlTypeId="31" Intrnl_Id="3417" Name="actionPerformed">
<Header>
<Loc EndOffset="9303" SrcFileId="23" StartOffset="9244"/>
</Header>
<LocList>
<Loc EndOffset="9377" SrcFileId="23" StartOffset="9244"/>
</LocList>
<StmntSeq Intrnl_Id="3418">
<LocList>
<Loc EndOffset="9363" SrcFileId="23" StartOffset="9334"/>
</LocList>
<BasicStmnt CovItemId="S77" CovItemPrefix="my.PSM.PSM_Interface.MainMenu.java" Intrnl_Id="3419">
<LocList>
<Loc EndOffset="9363" SrcFileId="23" StartOffset="9334"/>
</LocList>
</BasicStmnt>
</StmntSeq>
</HierarchyLvl>
</HierarchyLvl>
</HierarchyLvl>
<HierarchyLvl HierarchyLvlId="14735" HierarchyLvlTypeId="31" Intrnl_Id="3420" Name="jButton7ActionPerformed">
<Header>
<Loc EndOffset="13694" SrcFileId="23" StartOffset="13626"/>
</Header>
<LocList>
<Loc EndOffset="13788" SrcFileId="23" StartOffset="13626"/>
</LocList>
</HierarchyLvl>
<HierarchyLvl HierarchyLvlId="14736" HierarchyLvlTypeId="31" Intrnl_Id="3421" Name="jButton1ActionPerformed">
<Header>
<Loc EndOffset="13902" SrcFileId="23" StartOffset="13834"/>
</Header>
<LocList>
<Loc EndOffset="14001" SrcFileId="23" StartOffset="13834"/>
</LocList>
<StmntSeq Intrnl_Id="3422">
<LocList>
<Loc EndOffset="13971" SrcFileId="23" StartOffset="13954"/>
<Loc EndOffset="13995" SrcFileId="23" StartOffset="13980"/>
</LocList>
<BasicStmnt CovItemId="S83" CovItemPrefix="my.PSM.PSM_Interface.MainMenu.java" Intrnl_Id="3423">
<LocList>
<Loc EndOffset="13971" SrcFileId="23" StartOffset="13954"/>
</LocList>
</BasicStmnt>
<BasicStmnt CovItemId="S84" CovItemPrefix="my.PSM.PSM_Interface.MainMenu.java" Intrnl_Id="3424">
<LocList>
<Loc EndOffset="13995" SrcFileId="23" StartOffset="13980"/>
</LocList>
</BasicStmnt>
</StmntSeq>
</HierarchyLvl>
<HierarchyLvl HierarchyLvlId="14737" HierarchyLvlTypeId="31" Intrnl_Id="3425" Name="jButton2ActionPerformed">
<Header>
<Loc EndOffset="14115" SrcFileId="23" StartOffset="14047"/>
</Header>
<LocList>
<Loc EndOffset="14214" SrcFileId="23" StartOffset="14047"/>
</LocList>
<StmntSeq Intrnl_Id="3426">
<LocList>
<Loc EndOffset="14184" SrcFileId="23" StartOffset="14167"/>
<Loc EndOffset="14208" SrcFileId="23" StartOffset="14193"/>
</LocList>
<BasicStmnt CovItemId="S85" CovItemPrefix="my.PSM.PSM_Interface.MainMenu.java" Intrnl_Id="3427">
<LocList>
<Loc EndOffset="14184" SrcFileId="23" StartOffset="14167"/>
</LocList>
</BasicStmnt>
<BasicStmnt CovItemId="S86" CovItemPrefix="my.PSM.PSM_Interface.MainMenu.java" Intrnl_Id="3428">
<LocList>
<Loc EndOffset="14208" SrcFileId="23" StartOffset="14193"/>
</LocList>
</BasicStmnt>
</StmntSeq>
</HierarchyLvl>
<HierarchyLvl HierarchyLvlId="14738" HierarchyLvlTypeId="31" Intrnl_Id="3429" Name="jButton9ActionPerformed">
<Header>
<Loc EndOffset="14328" SrcFileId="23" StartOffset="14260"/>
</Header>
<LocList>
<Loc EndOffset="14459" SrcFileId="23" StartOffset="14260"/>
</LocList>
<StmntSeq Intrnl_Id="3430">
<LocList>
<Loc EndOffset="14429" SrcFileId="23" StartOffset="14415"/>
<Loc EndOffset="14453" SrcFileId="23" StartOffset="14438"/>
</LocList>
<BasicStmnt CovItemId="S87" CovItemPrefix="my.PSM.PSM_Interface.MainMenu.java" Intrnl_Id="3431">
<LocList>
<Loc EndOffset="14429" SrcFileId="23" StartOffset="14415"/>
</LocList>
</BasicStmnt>
<BasicStmnt CovItemId="S88" CovItemPrefix="my.PSM.PSM_Interface.MainMenu.java" Intrnl_Id="3432">
<LocList>
<Loc EndOffset="14453" SrcFileId="23" StartOffset="14438"/>
</LocList>
</BasicStmnt>
</StmntSeq>
</HierarchyLvl>
<HierarchyLvl HierarchyLvlId="14739" HierarchyLvlTypeId="31" Intrnl_Id="3433" Name="jButton3ActionPerformed">
<Header>
<Loc EndOffset="14573" SrcFileId="23" StartOffset="14505"/>
</Header>
<LocList>
<Loc EndOffset="14716" SrcFileId="23" StartOffset="14505"/>
</LocList>
</HierarchyLvl>
<HierarchyLvl HierarchyLvlId="14742" HierarchyLvlTypeId="31" Intrnl_Id="3434" Name="launchForm">
<Header>
<Loc EndOffset="14852" SrcFileId="23" StartOffset="14828"/>
</Header>
<LocList>
<Loc EndOffset="15024" SrcFileId="23" StartOffset="14828"/>
</LocList>
<StmntSeq Intrnl_Id="3435">
<LocList>
<Loc EndOffset="14895" SrcFileId="23" StartOffset="14863"/>
<Loc EndOffset="15018" SrcFileId="23" StartOffset="15016"/>
</LocList>
<BasicStmnt CovItemId="S89" CovItemPrefix="my.PSM.PSM_Interface.MainMenu.java" Intrnl_Id="3436">
<LocList>
<Loc EndOffset="14895" SrcFileId="23" StartOffset="14863"/>
<Loc EndOffset="15018" SrcFileId="23" StartOffset="15016"/>
</LocList>
</BasicStmnt>
</StmntSeq>
<HierarchyLvl HierarchyLvlId="14741" HierarchyLvlTypeId="30" Intrnl_Id="3437" Name="Runnable">
<Header>
<Loc EndOffset="14909" SrcFileId="23" StartOffset="14899"/>
</Header>
<LocList>
<Loc EndOffset="15016" SrcFileId="23" StartOffset="14895"/>
</LocList>
<HierarchyLvl HierarchyLvlId="14740" HierarchyLvlTypeId="31" Intrnl_Id="3438" Name="run">
<Header>
<Loc EndOffset="14941" SrcFileId="23" StartOffset="14924"/>
</Header>
<LocList>
<Loc EndOffset="15006" SrcFileId="23" StartOffset="14924"/>
</LocList>
<StmntSeq Intrnl_Id="3439">
<LocList>
<Loc EndOffset="14992" SrcFileId="23" StartOffset="14960"/>
</LocList>
<BasicStmnt CovItemId="S90" CovItemPrefix="my.PSM.PSM_Interface.MainMenu.java" Intrnl_Id="3440">
<LocList>
<Loc EndOffset="14992" SrcFileId="23" StartOffset="14960"/>
</LocList>
</BasicStmnt>
</StmntSeq>
</HierarchyLvl>
</HierarchyLvl>
</HierarchyLvl>
<HierarchyLvl HierarchyLvlId="14743" HierarchyLvlTypeId="31" Intrnl_Id="3441" Name="setdataRec">
<Header>
<Loc EndOffset="15075" SrcFileId="23" StartOffset="15034"/>
</Header>
<LocList>
<Loc EndOffset="15116" SrcFileId="23" StartOffset="15034"/>
</LocList>
<StmntSeq Intrnl_Id="3442">
<LocList>
<Loc EndOffset="15110" SrcFileId="23" StartOffset="15090"/>
</LocList>
<BasicStmnt CovItemId="S91" CovItemPrefix="my.PSM.PSM_Interface.MainMenu.java" Intrnl_Id="3443">
<LocList>
<Loc EndOffset="15110" SrcFileId="23" StartOffset="15090"/>
</LocList>
</BasicStmnt>
</StmntSeq>
</HierarchyLvl>
<HierarchyLvl HierarchyLvlId="14744" HierarchyLvlTypeId="31" Intrnl_Id="3444" Name="dataRec">
<Header>
<Loc EndOffset="15145" SrcFileId="23" StartOffset="15121"/>
</Header>
<LocList>
<Loc EndOffset="15181" SrcFileId="23" StartOffset="15121"/>
</LocList>
<StmntSeq Intrnl_Id="3445">
<LocList>
<Loc EndOffset="15175" SrcFileId="23" StartOffset="15160"/>
</LocList>
<BasicStmnt CovItemId="S92" CovItemPrefix="my.PSM.PSM_Interface.MainMenu.java" Intrnl_Id="3446">
<LocList>
<Loc EndOffset="15175" SrcFileId="23" StartOffset="15160"/>
</LocList>
</BasicStmnt>
</StmntSeq>
</HierarchyLvl>
<HierarchyLvl HierarchyLvlId="14745" HierarchyLvlTypeId="31" Intrnl_Id="3447" Name="logoutSelected">
<Header>
<Loc EndOffset="15222" SrcFileId="23" StartOffset="15191"/>
</Header>
<LocList>
<Loc EndOffset="15257" SrcFileId="23" StartOffset="15191"/>
</LocList>
<StmntSeq Intrnl_Id="3448">
<LocList>
<Loc EndOffset="15251" SrcFileId="23" StartOffset="15237"/>
</LocList>
<BasicStmnt CovItemId="S93" CovItemPrefix="my.PSM.PSM_Interface.MainMenu.java" Intrnl_Id="3449">
<LocList>
<Loc EndOffset="15251" SrcFileId="23" StartOffset="15237"/>
</LocList>
</BasicStmnt>
</StmntSeq>
</HierarchyLvl>
<HierarchyLvl HierarchyLvlId="14746" HierarchyLvlTypeId="31" Intrnl_Id="3450" Name="InitSetupSelected">
<Header>
<Loc EndOffset="15301" SrcFileId="23" StartOffset="15267"/>
</Header>
<LocList>
<Loc EndOffset="15339" SrcFileId="23" StartOffset="15267"/>
</LocList>
<StmntSeq Intrnl_Id="3451">
<LocList>
<Loc EndOffset="15333" SrcFileId="23" StartOffset="15316"/>
</LocList>
<BasicStmnt CovItemId="S94" CovItemPrefix="my.PSM.PSM_Interface.MainMenu.java" Intrnl_Id="3452">
<LocList>
<Loc EndOffset="15333" SrcFileId="23" StartOffset="15316"/>
</LocList>
</BasicStmnt>
</StmntSeq>
</HierarchyLvl>
<HierarchyLvl HierarchyLvlId="14747" HierarchyLvlTypeId="31" Intrnl_Id="3453" Name="editSchedSelected">
<Header>
<Loc EndOffset="15383" SrcFileId="23" StartOffset="15349"/>
</Header>
<LocList>
<Loc EndOffset="15421" SrcFileId="23" StartOffset="15349"/>
</LocList>
<StmntSeq Intrnl_Id="3454">
<LocList>
<Loc EndOffset="15415" SrcFileId="23" StartOffset="15398"/>
</LocList>
<BasicStmnt CovItemId="S95" CovItemPrefix="my.PSM.PSM_Interface.MainMenu.java" Intrnl_Id="3455">
<LocList>
<Loc EndOffset="15415" SrcFileId="23" StartOffset="15398"/>
</LocList>
</BasicStmnt>
</StmntSeq>
</HierarchyLvl>
</HierarchyLvl>
<HierarchyLvl HierarchyLvlId="14764" HierarchyLvlTypeId="32" Intrnl_Id="3456" Name="LoginForm">
<Header>
<Loc EndOffset="172" SrcFileId="24" StartOffset="123"/>
</Header>
<LocList>
<Loc EndOffset="7894" SrcFileId="24" StartOffset="123"/>
</LocList>
<StmntSeq Intrnl_Id="3457">
<LocList>
<Loc EndOffset="247" SrcFileId="24" StartOffset="199"/>
</LocList>
<BasicStmnt CovItemId="S1" CovItemPrefix="my.PSM.PSM_Interface.LoginForm.java" Intrnl_Id="3458">
<LocList>
<Loc EndOffset="247" SrcFileId="24" StartOffset="199"/>
</LocList>
</BasicStmnt>
</StmntSeq>
<HierarchyLvl HierarchyLvlId="14749" HierarchyLvlTypeId="31" Intrnl_Id="3459" Name="LoginForm">
<Header>
<Loc EndOffset="441" SrcFileId="24" StartOffset="423"/>
</Header>
<LocList>
<Loc EndOffset="475" SrcFileId="24" StartOffset="423"/>
</LocList>
<StmntSeq Intrnl_Id="3460">
<LocList>
<Loc EndOffset="469" SrcFileId="24" StartOffset="452"/>
</LocList>
<BasicStmnt CovItemId="S2" CovItemPrefix="my.PSM.PSM_Interface.LoginForm.java" Intrnl_Id="3461">
<LocList>
<Loc EndOffset="469" SrcFileId="24" StartOffset="452"/>
</LocList>
</BasicStmnt>
</StmntSeq>
</HierarchyLvl>
<HierarchyLvl HierarchyLvlId="14754" HierarchyLvlTypeId="31" Intrnl_Id="3462" Name="initComponents">
<Header>
<Loc EndOffset="822" SrcFileId="24" StartOffset="793"/>
</Header>
<LocList>
<Loc EndOffset="5933" SrcFileId="24" StartOffset="793"/>
</LocList>
<StmntSeq Intrnl_Id="3463">
<LocList>
<Loc EndOffset="869" SrcFileId="24" StartOffset="834"/>
<Loc EndOffset="915" SrcFileId="24" StartOffset="878"/>
<Loc EndOffset="961" SrcFileId="24" StartOffset="924"/>
<Loc EndOffset="1005" SrcFileId="24" StartOffset="970"/>
<Loc EndOffset="1057" SrcFileId="24" StartOffset="1014"/>
<Loc EndOffset="1101" SrcFileId="24" StartOffset="1066"/>
<Loc EndOffset="1161" SrcFileId="24" StartOffset="1110"/>
<Loc EndOffset="1239" SrcFileId="24" StartOffset="1171"/>
<Loc EndOffset="1270" SrcFileId="24" StartOffset="1248"/>
<Loc EndOffset="1543" SrcFileId="24" StartOffset="1280"/>
<Loc EndOffset="1579" SrcFileId="24" StartOffset="1553"/>
<Loc EndOffset="1615" SrcFileId="24" StartOffset="1588"/>
<Loc EndOffset="1798" SrcFileId="24" StartOffset="1796"/>
<Loc EndOffset="1835" SrcFileId="24" StartOffset="1808"/>
<Loc EndOffset="1871" SrcFileId="24" StartOffset="1844"/>
<Loc EndOffset="2054" SrcFileId="24" StartOffset="2052"/>
<Loc EndOffset="2116" SrcFileId="24" StartOffset="2064"/>
<Loc EndOffset="2154" SrcFileId="24" StartOffset="2125"/>
<Loc EndOffset="2222" SrcFileId="24" StartOffset="2164"/>
<Loc EndOffset="2284" SrcFileId="24" StartOffset="2232"/>
<Loc EndOffset="2323" SrcFileId="24" StartOffset="2293"/>
<Loc EndOffset="2426" SrcFileId="24" StartOffset="2333"/>
<Loc EndOffset="2468" SrcFileId="24" StartOffset="2435"/>
<Loc EndOffset="3511" SrcFileId="24" StartOffset="2477"/>
<Loc EndOffset="4807" SrcFileId="24" StartOffset="3520"/>
<Loc EndOffset="4912" SrcFileId="24" StartOffset="4817"/>
<Loc EndOffset="4956" SrcFileId="24" StartOffset="4921"/>
<Loc EndOffset="5434" SrcFileId="24" StartOffset="4965"/>
<Loc EndOffset="5910" SrcFileId="24" StartOffset="5443"/>
<Loc EndOffset="5927" SrcFileId="24" StartOffset="5920"/>
</LocList>
<BasicStmnt CovItemId="S3" CovItemPrefix="my.PSM.PSM_Interface.LoginForm.java" Intrnl_Id="3464">
<LocList>
<Loc EndOffset="869" SrcFileId="24" StartOffset="834"/>
</LocList>
</BasicStmnt>
<BasicStmnt CovItemId="S4" CovItemPrefix="my.PSM.PSM_Interface.LoginForm.java" Intrnl_Id="3465">
<LocList>
<Loc EndOffset="915" SrcFileId="24" StartOffset="878"/>
</LocList>
</BasicStmnt>
<BasicStmnt CovItemId="S5" CovItemPrefix="my.PSM.PSM_Interface.LoginForm.java" Intrnl_Id="3466">
<LocList>
<Loc EndOffset="961" SrcFileId="24" StartOffset="924"/>
</LocList>
</BasicStmnt>
<BasicStmnt CovItemId="S6" CovItemPrefix="my.PSM.PSM_Interface.LoginForm.java" Intrnl_Id="3467">
<LocList>
<Loc EndOffset="1005" SrcFileId="24" StartOffset="970"/>
</LocList>
</BasicStmnt>
<BasicStmnt CovItemId="S7" CovItemPrefix="my.PSM.PSM_Interface.LoginForm.java" Intrnl_Id="3468">
<LocList>
<Loc EndOffset="1057" SrcFileId="24" StartOffset="1014"/>
</LocList>
</BasicStmnt>
<BasicStmnt CovItemId="S8" CovItemPrefix="my.PSM.PSM_Interface.LoginForm.java" Intrnl_Id="3469">
<LocList>
<Loc EndOffset="1101" SrcFileId="24" StartOffset="1066"/>
</LocList>
</BasicStmnt>
<BasicStmnt CovItemId="S9" CovItemPrefix="my.PSM.PSM_Interface.LoginForm.java" Intrnl_Id="3470">
<LocList>
<Loc EndOffset="1161" SrcFileId="24" StartOffset="1110"/>
</LocList>
</BasicStmnt>
<BasicStmnt CovItemId="S10" CovItemPrefix="my.PSM.PSM_Interface.LoginForm.java" Intrnl_Id="3471">
<LocList>
<Loc EndOffset="1239" SrcFileId="24" StartOffset="1171"/>
</LocList>
</BasicStmnt>
<BasicStmnt CovItemId="S11" CovItemPrefix="my.PSM.PSM_Interface.LoginForm.java" Intrnl_Id="3472">
<LocList>
<Loc EndOffset="1270" SrcFileId="24" StartOffset="1248"/>
</LocList>
</BasicStmnt>
<BasicStmnt CovItemId="S12" CovItemPrefix="my.PSM.PSM_Interface.LoginForm.java" Intrnl_Id="3473">
<LocList>
<Loc EndOffset="1543" SrcFileId="24" StartOffset="1280"/>
</LocList>
</BasicStmnt>
<BasicStmnt CovItemId="S13" CovItemPrefix="my.PSM.PSM_Interface.LoginForm.java" Intrnl_Id="3474">
<LocList>
<Loc EndOffset="1579" SrcFileId="24" StartOffset="1553"/>
</LocList>
</BasicStmnt>
<BasicStmnt CovItemId="S14" CovItemPrefix="my.PSM.PSM_Interface.LoginForm.java" Intrnl_Id="3475">
<LocList>
<Loc EndOffset="1615" SrcFileId="24" StartOffset="1588"/>
<Loc EndOffset="1798" SrcFileId="24" StartOffset="1796"/>
</LocList>
</BasicStmnt>
<BasicStmnt CovItemId="S16" CovItemPrefix="my.PSM.PSM_Interface.LoginForm.java" Intrnl_Id="3476">
<LocList>
<Loc EndOffset="1835" SrcFileId="24" StartOffset="1808"/>
</LocList>
</BasicStmnt>
<BasicStmnt CovItemId="S17" CovItemPrefix="my.PSM.PSM_Interface.LoginForm.java" Intrnl_Id="3477">
<LocList>
<Loc EndOffset="1871" SrcFileId="24" StartOffset="1844"/>
<Loc EndOffset="2054" SrcFileId="24" StartOffset="2052"/>
</LocList>
</BasicStmnt>
<BasicStmnt CovItemId="S19" CovItemPrefix="my.PSM.PSM_Interface.LoginForm.java" Intrnl_Id="3478">
<LocList>
<Loc EndOffset="2116" SrcFileId="24" StartOffset="2064"/>
</LocList>
</BasicStmnt>
<BasicStmnt CovItemId="S20" CovItemPrefix="my.PSM.PSM_Interface.LoginForm.java" Intrnl_Id="3479">
<LocList>
<Loc EndOffset="2154" SrcFileId="24" StartOffset="2125"/>
</LocList>
</BasicStmnt>
<BasicStmnt CovItemId="S21" CovItemPrefix="my.PSM.PSM_Interface.LoginForm.java" Intrnl_Id="3480">
<LocList>
<Loc EndOffset="2222" SrcFileId="24" StartOffset="2164"/>
</LocList>
</BasicStmnt>
<BasicStmnt CovItemId="S22" CovItemPrefix="my.PSM.PSM_Interface.LoginForm.java" Intrnl_Id="3481">
<LocList>
<Loc EndOffset="2284" SrcFileId="24" StartOffset="2232"/>
</LocList>
</BasicStmnt>
<BasicStmnt CovItemId="S23" CovItemPrefix="my.PSM.PSM_Interface.LoginForm.java" Intrnl_Id="3482">
<LocList>
<Loc EndOffset="2323" SrcFileId="24" StartOffset="2293"/>
</LocList>
</BasicStmnt>
<BasicStmnt CovItemId="S24" CovItemPrefix="my.PSM.PSM_Interface.LoginForm.java" Intrnl_Id="3483">
<LocList>
<Loc EndOffset="2426" SrcFileId="24" StartOffset="2333"/>
</LocList>
</BasicStmnt>
<BasicStmnt CovItemId="S25" CovItemPrefix="my.PSM.PSM_Interface.LoginForm.java" Intrnl_Id="3484">
<LocList>
<Loc EndOffset="2468" SrcFileId="24" StartOffset="2435"/>
</LocList>
</BasicStmnt>
<BasicStmnt CovItemId="S26" CovItemPrefix="my.PSM.PSM_Interface.LoginForm.java" Intrnl_Id="3485">
<LocList>
<Loc EndOffset="3511" SrcFileId="24" StartOffset="2477"/>
</LocList>
</BasicStmnt>
<BasicStmnt CovItemId="S27" CovItemPrefix="my.PSM.PSM_Interface.LoginForm.java" Intrnl_Id="3486">
<LocList>
<Loc EndOffset="4807" SrcFileId="24" StartOffset="3520"/>
</LocList>
</BasicStmnt>
<BasicStmnt CovItemId="S28" CovItemPrefix="my.PSM.PSM_Interface.LoginForm.java" Intrnl_Id="3487">
<LocList>
<Loc EndOffset="4912" SrcFileId="24" StartOffset="4817"/>
</LocList>
</BasicStmnt>
<BasicStmnt CovItemId="S29" CovItemPrefix="my.PSM.PSM_Interface.LoginForm.java" Intrnl_Id="3488">
<LocList>
<Loc EndOffset="4956" SrcFileId="24" StartOffset="4921"/>
</LocList>
</BasicStmnt>
<BasicStmnt CovItemId="S30" CovItemPrefix="my.PSM.PSM_Interface.LoginForm.java" Intrnl_Id="3489">
<LocList>
<Loc EndOffset="5434" SrcFileId="24" StartOffset="4965"/>
</LocList>
</BasicStmnt>
<BasicStmnt CovItemId="S31" CovItemPrefix="my.PSM.PSM_Interface.LoginForm.java" Intrnl_Id="3490">
<LocList>
<Loc EndOffset="5910" SrcFileId="24" StartOffset="5443"/>
</LocList>
</BasicStmnt>
<BasicStmnt CovItemId="S32" CovItemPrefix="my.PSM.PSM_Interface.LoginForm.java" Intrnl_Id="3491">
<LocList>
<Loc EndOffset="5927" SrcFileId="24" StartOffset="5920"/>
</LocList>
</BasicStmnt>
</StmntSeq>
<HierarchyLvl HierarchyLvlId="14751" HierarchyLvlTypeId="30" Intrnl_Id="3492" Name="java.awt.event.ActionListener">
<Header>
<Loc EndOffset="1650" SrcFileId="24" StartOffset="1619"/>
</Header>
<LocList>
<Loc EndOffset="1796" SrcFileId="24" StartOffset="1615"/>
</LocList>
<HierarchyLvl HierarchyLvlId="14750" HierarchyLvlTypeId="31" Intrnl_Id="3493" Name="actionPerformed">
<Header>
<Loc EndOffset="1724" SrcFileId="24" StartOffset="1665"/>
</Header>
<LocList>
<Loc EndOffset="1786" SrcFileId="24" StartOffset="1665"/>
</LocList>
<StmntSeq Intrnl_Id="3494">
<LocList>
<Loc EndOffset="1772" SrcFileId="24" StartOffset="1743"/>
</LocList>
<BasicStmnt CovItemId="S15" CovItemPrefix="my.PSM.PSM_Interface.LoginForm.java" Intrnl_Id="3495">
<LocList>
<Loc EndOffset="1772" SrcFileId="24" StartOffset="1743"/>
</LocList>
</BasicStmnt>
</StmntSeq>
</HierarchyLvl>
</HierarchyLvl>
<HierarchyLvl HierarchyLvlId="14753" HierarchyLvlTypeId="30" Intrnl_Id="3496" Name="java.awt.event.ActionListener">
<Header>
<Loc EndOffset="1906" SrcFileId="24" StartOffset="1875"/>
</Header>
<LocList>
<Loc EndOffset="2052" SrcFileId="24" StartOffset="1871"/>
</LocList>
<HierarchyLvl HierarchyLvlId="14752" HierarchyLvlTypeId="31" Intrnl_Id="3497" Name="actionPerformed">
<Header>
<Loc EndOffset="1980" SrcFileId="24" StartOffset="1921"/>
</Header>
<LocList>
<Loc EndOffset="2042" SrcFileId="24" StartOffset="1921"/>
</LocList>
<StmntSeq Intrnl_Id="3498">
<LocList>
<Loc EndOffset="2028" SrcFileId="24" StartOffset="1999"/>
</LocList>
<BasicStmnt CovItemId="S18" CovItemPrefix="my.PSM.PSM_Interface.LoginForm.java" Intrnl_Id="3499">
<LocList>
<Loc EndOffset="2028" SrcFileId="24" StartOffset="1999"/>
</LocList>
</BasicStmnt>
</StmntSeq>
</HierarchyLvl>
</HierarchyLvl>
</HierarchyLvl>
<HierarchyLvl HierarchyLvlId="14755" HierarchyLvlTypeId="31" Intrnl_Id="3500" Name="dataReceived">
<Header>
<Loc EndOffset="6009" SrcFileId="24" StartOffset="5980"/>
</Header>
<LocList>
<Loc EndOffset="6045" SrcFileId="24" StartOffset="5980"/>
</LocList>
<StmntSeq Intrnl_Id="3501">
<LocList>
<Loc EndOffset="6039" SrcFileId="24" StartOffset="6024"/>
</LocList>
<BasicStmnt CovItemId="S33" CovItemPrefix="my.PSM.PSM_Interface.LoginForm.java" Intrnl_Id="3502">
<LocList>
<Loc EndOffset="6039" SrcFileId="24" StartOffset="6024"/>
</LocList>
</BasicStmnt>
</StmntSeq>
</HierarchyLvl>
<HierarchyLvl HierarchyLvlId="14756" HierarchyLvlTypeId="31" Intrnl_Id="3503" Name="setDataRec">
<Header>
<Loc EndOffset="6096" SrcFileId="24" StartOffset="6055"/>
</Header>
<LocList>
<Loc EndOffset="6137" SrcFileId="24" StartOffset="6055"/>
</LocList>
<StmntSeq Intrnl_Id="3504">
<LocList>
<Loc EndOffset="6131" SrcFileId="24" StartOffset="6111"/>
</LocList>
<BasicStmnt CovItemId="S34" CovItemPrefix="my.PSM.PSM_Interface.LoginForm.java" Intrnl_Id="3505">
<LocList>
<Loc EndOffset="6131" SrcFileId="24" StartOffset="6111"/>
</LocList>
</BasicStmnt>
</StmntSeq>
</HierarchyLvl>
<HierarchyLvl HierarchyLvlId="14757" HierarchyLvlTypeId="31" Intrnl_Id="3506" Name="jButton1ActionPerformed">
<Header>
<Loc EndOffset="6210" SrcFileId="24" StartOffset="6142"/>
</Header>
<LocList>
<Loc EndOffset="6717" SrcFileId="24" StartOffset="6142"/>
</LocList>
<StmntSeq Intrnl_Id="3507">
<LocList>
<Loc EndOffset="6321" SrcFileId="24" StartOffset="6307"/>
<Loc EndOffset="6390" SrcFileId="24" StartOffset="6357"/>
<Loc EndOffset="6448" SrcFileId="24" StartOffset="6399"/>
<Loc EndOffset="6483" SrcFileId="24" StartOffset="6457"/>
<Loc EndOffset="6537" SrcFileId="24" StartOffset="6501"/>
<Loc EndOffset="6632" SrcFileId="24" StartOffset="6555"/>
<Loc EndOffset="6665" SrcFileId="24" StartOffset="6650"/>
<Loc EndOffset="6692" SrcFileId="24" StartOffset="6674"/>
<Loc EndOffset="6711" SrcFileId="24" StartOffset="6701"/>
</LocList>
<BasicStmnt CovItemId="S35" CovItemPrefix="my.PSM.PSM_Interface.LoginForm.java" Intrnl_Id="3508">
<LocList>
<Loc EndOffset="6321" SrcFileId="24" StartOffset="6307"/>
</LocList>
</BasicStmnt>
<BasicStmnt CovItemId="S36" CovItemPrefix="my.PSM.PSM_Interface.LoginForm.java" Intrnl_Id="3509">
<LocList>
<Loc EndOffset="6390" SrcFileId="24" StartOffset="6357"/>
</LocList>
</BasicStmnt>
<BasicStmnt CovItemId="S37" CovItemPrefix="my.PSM.PSM_Interface.LoginForm.java" Intrnl_Id="3510">
<LocList>
<Loc EndOffset="6448" SrcFileId="24" StartOffset="6399"/>
</LocList>
</BasicStmnt>
<BasicStmnt CovItemId="S38" CovItemPrefix="my.PSM.PSM_Interface.LoginForm.java" Intrnl_Id="3511">
<LocList>
<Loc EndOffset="6483" SrcFileId="24" StartOffset="6457"/>
</LocList>
</BasicStmnt>
<BasicStmnt CovItemId="S39" CovItemPrefix="my.PSM.PSM_Interface.LoginForm.java" Intrnl_Id="3512">
<LocList>
<Loc EndOffset="6537" SrcFileId="24" StartOffset="6501"/>
</LocList>
</BasicStmnt>
<LoopStmnt CovItemId="S40" CovItemPrefix="my.PSM.PSM_Interface.LoginForm.java" Intrnl_Id="3513" MltplExecId="L1-2" MltplExecPrefix="my.PSM.PSM_Interface.LoginForm.java" NvrExecId="L1-0" NvrExecPrefix="my.PSM.PSM_Interface.LoginForm.java" OnceExecutedId="L1-1" OnceExecutedPrefix="my.PSM.PSM_Interface.LoginForm.java" OptBodyExec="true">
<StmntSeq Intrnl_Id="3514">
<LocList>
<Loc EndOffset="6632" SrcFileId="24" StartOffset="6603"/>
</LocList>
<BasicStmnt CovItemId="S41" CovItemPrefix="my.PSM.PSM_Interface.LoginForm.java" Intrnl_Id="3515">
<LocList>
<Loc EndOffset="6632" SrcFileId="24" StartOffset="6603"/>
</LocList>
</BasicStmnt>
</StmntSeq>
<Keyword EndOffset="6558" SrcFileId="24" StartOffset="6555"/>
<LocList>
<Loc EndOffset="6632" SrcFileId="24" StartOffset="6555"/>
</LocList>
<RootTerm CovItemId="C1" CovItemPrefix="my.PSM.PSM_Interface.LoginForm.java" Intrnl_Id="3516">
<BasicBoolTerm Intrnl_Id="3517">
<LocList>
<Loc EndOffset="6584" SrcFileId="24" StartOffset="6570"/>
</LocList>
</BasicBoolTerm>
</RootTerm>
</LoopStmnt>
<BasicStmnt CovItemId="S42" CovItemPrefix="my.PSM.PSM_Interface.LoginForm.java" Intrnl_Id="3518">
<LocList>
<Loc EndOffset="6665" SrcFileId="24" StartOffset="6650"/>
</LocList>
</BasicStmnt>
<BasicStmnt CovItemId="S43" CovItemPrefix="my.PSM.PSM_Interface.LoginForm.java" Intrnl_Id="3519">
<LocList>
<Loc EndOffset="6692" SrcFileId="24" StartOffset="6674"/>
</LocList>
</BasicStmnt>
<BasicStmnt CovItemId="S44" CovItemPrefix="my.PSM.PSM_Interface.LoginForm.java" Intrnl_Id="3520">
<LocList>
<Loc EndOffset="6711" SrcFileId="24" StartOffset="6701"/>
</LocList>
</BasicStmnt>
</StmntSeq>
</HierarchyLvl>
<HierarchyLvl HierarchyLvlId="14758" HierarchyLvlTypeId="31" Intrnl_Id="3521" Name="jButton2ActionPerformed">
<Header>
<Loc EndOffset="6831" SrcFileId="24" StartOffset="6763"/>
</Header>
<LocList>
<Loc EndOffset="6995" SrcFileId="24" StartOffset="6763"/>
</LocList>
<StmntSeq Intrnl_Id="3522">
<LocList>
<Loc EndOffset="6946" SrcFileId="24" StartOffset="6928"/>
<Loc EndOffset="6965" SrcFileId="24" StartOffset="6955"/>
<Loc EndOffset="6989" SrcFileId="24" StartOffset="6974"/>
</LocList>
<BasicStmnt CovItemId="S45" CovItemPrefix="my.PSM.PSM_Interface.LoginForm.java" Intrnl_Id="3523">
<LocList>
<Loc EndOffset="6946" SrcFileId="24" StartOffset="6928"/>
</LocList>
</BasicStmnt>
<BasicStmnt CovItemId="S46" CovItemPrefix="my.PSM.PSM_Interface.LoginForm.java" Intrnl_Id="3524">
<LocList>
<Loc EndOffset="6965" SrcFileId="24" StartOffset="6955"/>
</LocList>
</BasicStmnt>
<BasicStmnt CovItemId="S47" CovItemPrefix="my.PSM.PSM_Interface.LoginForm.java" Intrnl_Id="3525">
<LocList>
<Loc EndOffset="6989" SrcFileId="24" StartOffset="6974"/>
</LocList>
</BasicStmnt>
</StmntSeq>
</HierarchyLvl>
<HierarchyLvl HierarchyLvlId="14761" HierarchyLvlTypeId="31" Intrnl_Id="3526" Name="launchForm">
<Header>
<Loc EndOffset="7134" SrcFileId="24" StartOffset="7110"/>
</Header>
<LocList>
<Loc EndOffset="7307" SrcFileId="24" StartOffset="7110"/>
</LocList>
<StmntSeq Intrnl_Id="3527">
<LocList>
<Loc EndOffset="7177" SrcFileId="24" StartOffset="7145"/>
<Loc EndOffset="7301" SrcFileId="24" StartOffset="7299"/>
</LocList>
<BasicStmnt CovItemId="S48" CovItemPrefix="my.PSM.PSM_Interface.LoginForm.java" Intrnl_Id="3528">
<LocList>
<Loc EndOffset="7177" SrcFileId="24" StartOffset="7145"/>
<Loc EndOffset="7301" SrcFileId="24" StartOffset="7299"/>
</LocList>
</BasicStmnt>
</StmntSeq>
<HierarchyLvl HierarchyLvlId="14760" HierarchyLvlTypeId="30" Intrnl_Id="3529" Name="Runnable">
<Header>
<Loc EndOffset="7191" SrcFileId="24" StartOffset="7181"/>
</Header>
<LocList>
<Loc EndOffset="7299" SrcFileId="24" StartOffset="7177"/>
</LocList>
<HierarchyLvl HierarchyLvlId="14759" HierarchyLvlTypeId="31" Intrnl_Id="3530" Name="run">
<Header>
<Loc EndOffset="7223" SrcFileId="24" StartOffset="7206"/>
</Header>
<LocList>
<Loc EndOffset="7289" SrcFileId="24" StartOffset="7206"/>
</LocList>
<StmntSeq Intrnl_Id="3531">
<LocList>
<Loc EndOffset="7275" SrcFileId="24" StartOffset="7242"/>
</LocList>
<BasicStmnt CovItemId="S49" CovItemPrefix="my.PSM.PSM_Interface.LoginForm.java" Intrnl_Id="3532">
<LocList>
<Loc EndOffset="7275" SrcFileId="24" StartOffset="7242"/>
</LocList>
</BasicStmnt>
</StmntSeq>
</HierarchyLvl>
</HierarchyLvl>
</HierarchyLvl>
<HierarchyLvl HierarchyLvlId="14762" HierarchyLvlTypeId="31" Intrnl_Id="3533" Name="getUsername">
<Header>
<Loc EndOffset="7342" SrcFileId="24" StartOffset="7315"/>
</Header>
<LocList>
<Loc EndOffset="7379" SrcFileId="24" StartOffset="7315"/>
</LocList>
<StmntSeq Intrnl_Id="3534">
<LocList>
<Loc EndOffset="7373" SrcFileId="24" StartOffset="7357"/>
</LocList>
<BasicStmnt CovItemId="S50" CovItemPrefix="my.PSM.PSM_Interface.LoginForm.java" Intrnl_Id="3535">
<LocList>
<Loc EndOffset="7373" SrcFileId="24" StartOffset="7357"/>
</LocList>
</BasicStmnt>
</StmntSeq>
</HierarchyLvl>
<HierarchyLvl HierarchyLvlId="14763" HierarchyLvlTypeId="31" Intrnl_Id="3536" Name="getPassword">
<Header>
<Loc EndOffset="7416" SrcFileId="24" StartOffset="7389"/>
</Header>
<LocList>
<Loc EndOffset="7453" SrcFileId="24" StartOffset="7389"/>
</LocList>
<StmntSeq Intrnl_Id="3537">
<LocList>
<Loc EndOffset="7447" SrcFileId="24" StartOffset="7431"/>
</LocList>
<BasicStmnt CovItemId="S51" CovItemPrefix="my.PSM.PSM_Interface.LoginForm.java" Intrnl_Id="3538">
<LocList>
<Loc EndOffset="7447" SrcFileId="24" StartOffset="7431"/>
</LocList>
</BasicStmnt>
</StmntSeq>
</HierarchyLvl>
</HierarchyLvl>
<HierarchyLvl HierarchyLvlId="14773" HierarchyLvlTypeId="32" Intrnl_Id="3539" Name="LogOutConfirm">
<Header>
<Loc EndOffset="184" SrcFileId="25" StartOffset="131"/>
</Header>
<LocList>
<Loc EndOffset="4086" SrcFileId="25" StartOffset="131"/>
</LocList>
<StmntSeq Intrnl_Id="3540">
<LocList>
<Loc EndOffset="259" SrcFileId="25" StartOffset="211"/>
</LocList>
<BasicStmnt CovItemId="S1" CovItemPrefix="my.PSM.PSM_Interface.LogOutConfirm.java" Intrnl_Id="3541">
<LocList>
<Loc EndOffset="259" SrcFileId="25" StartOffset="211"/>
</LocList>
</BasicStmnt>
</StmntSeq>
<HierarchyLvl HierarchyLvlId="14765" HierarchyLvlTypeId="31" Intrnl_Id="3542" Name="LogOutConfirm">
<Header>
<Loc EndOffset="326" SrcFileId="25" StartOffset="304"/>
</Header>
<LocList>
<Loc EndOffset="360" SrcFileId="25" StartOffset="304"/>
</LocList>
<StmntSeq Intrnl_Id="3543">
<LocList>
<Loc EndOffset="354" SrcFileId="25" StartOffset="337"/>
</LocList>
<BasicStmnt CovItemId="S2" CovItemPrefix="my.PSM.PSM_Interface.LogOutConfirm.java" Intrnl_Id="3544">
<LocList>
<Loc EndOffset="354" SrcFileId="25" StartOffset="337"/>
</LocList>
</BasicStmnt>
</StmntSeq>
</HierarchyLvl>
<HierarchyLvl HierarchyLvlId="14768" HierarchyLvlTypeId="31" Intrnl_Id="3545" Name="initComponents">
<Header>
<Loc EndOffset="707" SrcFileId="25" StartOffset="678"/>
</Header>
<LocList>
<Loc EndOffset="3296" SrcFileId="25" StartOffset="678"/>
</LocList>
<StmntSeq Intrnl_Id="3546">
<LocList>
<Loc EndOffset="754" SrcFileId="25" StartOffset="719"/>
<Loc EndOffset="800" SrcFileId="25" StartOffset="763"/>
<Loc EndOffset="881" SrcFileId="25" StartOffset="810"/>
<Loc EndOffset="913" SrcFileId="25" StartOffset="890"/>
<Loc EndOffset="975" SrcFileId="25" StartOffset="923"/>
<Loc EndOffset="1050" SrcFileId="25" StartOffset="984"/>
<Loc EndOffset="1111" SrcFileId="25" StartOffset="1059"/>
<Loc EndOffset="1380" SrcFileId="25" StartOffset="1120"/>
<Loc EndOffset="1413" SrcFileId="25" StartOffset="1390"/>
<Loc EndOffset="1449" SrcFileId="25" StartOffset="1422"/>
<Loc EndOffset="1632" SrcFileId="25" StartOffset="1630"/>
<Loc EndOffset="1737" SrcFileId="25" StartOffset="1642"/>
<Loc EndOffset="1781" SrcFileId="25" StartOffset="1746"/>
<Loc EndOffset="2666" SrcFileId="25" StartOffset="1790"/>
<Loc EndOffset="3273" SrcFileId="25" StartOffset="2675"/>
<Loc EndOffset="3290" SrcFileId="25" StartOffset="3283"/>
</LocList>
<BasicStmnt CovItemId="S3" CovItemPrefix="my.PSM.PSM_Interface.LogOutConfirm.java" Intrnl_Id="3547">
<LocList>
<Loc EndOffset="754" SrcFileId="25" StartOffset="719"/>
</LocList>
</BasicStmnt>
<BasicStmnt CovItemId="S4" CovItemPrefix="my.PSM.PSM_Interface.LogOutConfirm.java" Intrnl_Id="3548">
<LocList>
<Loc EndOffset="800" SrcFileId="25" StartOffset="763"/>
</LocList>
</BasicStmnt>
<BasicStmnt CovItemId="S5" CovItemPrefix="my.PSM.PSM_Interface.LogOutConfirm.java" Intrnl_Id="3549">
<LocList>
<Loc EndOffset="881" SrcFileId="25" StartOffset="810"/>
</LocList>
</BasicStmnt>
<BasicStmnt CovItemId="S6" CovItemPrefix="my.PSM.PSM_Interface.LogOutConfirm.java" Intrnl_Id="3550">
<LocList>
<Loc EndOffset="913" SrcFileId="25" StartOffset="890"/>
</LocList>
</BasicStmnt>
<BasicStmnt CovItemId="S7" CovItemPrefix="my.PSM.PSM_Interface.LogOutConfirm.java" Intrnl_Id="3551">
<LocList>
<Loc EndOffset="975" SrcFileId="25" StartOffset="923"/>
</LocList>
</BasicStmnt>
<BasicStmnt CovItemId="S8" CovItemPrefix="my.PSM.PSM_Interface.LogOutConfirm.java" Intrnl_Id="3552">
<LocList>
<Loc EndOffset="1050" SrcFileId="25" StartOffset="984"/>
</LocList>
</BasicStmnt>
<BasicStmnt CovItemId="S9" CovItemPrefix="my.PSM.PSM_Interface.LogOutConfirm.java" Intrnl_Id="3553">
<LocList>
<Loc EndOffset="1111" SrcFileId="25" StartOffset="1059"/>
</LocList>
</BasicStmnt>
<BasicStmnt CovItemId="S10" CovItemPrefix="my.PSM.PSM_Interface.LogOutConfirm.java" Intrnl_Id="3554">
<LocList>
<Loc EndOffset="1380" SrcFileId="25" StartOffset="1120"/>
</LocList>
</BasicStmnt>
<BasicStmnt CovItemId="S11" CovItemPrefix="my.PSM.PSM_Interface.LogOutConfirm.java" Intrnl_Id="3555">
<LocList>
<Loc EndOffset="1413" SrcFileId="25" StartOffset="1390"/>
</LocList>
</BasicStmnt>
<BasicStmnt CovItemId="S12" CovItemPrefix="my.PSM.PSM_Interface.LogOutConfirm.java" Intrnl_Id="3556">
<LocList>
<Loc EndOffset="1449" SrcFileId="25" StartOffset="1422"/>
<Loc EndOffset="1632" SrcFileId="25" StartOffset="1630"/>
</LocList>
</BasicStmnt>
<BasicStmnt CovItemId="S14" CovItemPrefix="my.PSM.PSM_Interface.LogOutConfirm.java" Intrnl_Id="3557">
<LocList>
<Loc EndOffset="1737" SrcFileId="25" StartOffset="1642"/>
</LocList>
</BasicStmnt>
<BasicStmnt CovItemId="S15" CovItemPrefix="my.PSM.PSM_Interface.LogOutConfirm.java" Intrnl_Id="3558">
<LocList>
<Loc EndOffset="1781" SrcFileId="25" StartOffset="1746"/>
</LocList>
</BasicStmnt>
<BasicStmnt CovItemId="S16" CovItemPrefix="my.PSM.PSM_Interface.LogOutConfirm.java" Intrnl_Id="3559">
<LocList>
<Loc EndOffset="2666" SrcFileId="25" StartOffset="1790"/>
</LocList>
</BasicStmnt>
<BasicStmnt CovItemId="S17" CovItemPrefix="my.PSM.PSM_Interface.LogOutConfirm.java" Intrnl_Id="3560">
<LocList>
<Loc EndOffset="3273" SrcFileId="25" StartOffset="2675"/>
</LocList>
</BasicStmnt>
<BasicStmnt CovItemId="S18" CovItemPrefix="my.PSM.PSM_Interface.LogOutConfirm.java" Intrnl_Id="3561">
<LocList>
<Loc EndOffset="3290" SrcFileId="25" StartOffset="3283"/>
</LocList>
</BasicStmnt>
</StmntSeq>
<HierarchyLvl HierarchyLvlId="14767" HierarchyLvlTypeId="30" Intrnl_Id="3562" Name="java.awt.event.ActionListener">
<Header>
<Loc EndOffset="1484" SrcFileId="25" StartOffset="1453"/>
</Header>
<LocList>
<Loc EndOffset="1630" SrcFileId="25" StartOffset="1449"/>
</LocList>
<HierarchyLvl HierarchyLvlId="14766" HierarchyLvlTypeId="31" Intrnl_Id="3563" Name="actionPerformed">
<Header>
<Loc EndOffset="1558" SrcFileId="25" StartOffset="1499"/>
</Header>
<LocList>
<Loc EndOffset="1620" SrcFileId="25" StartOffset="1499"/>
</LocList>
<StmntSeq Intrnl_Id="3564">
<LocList>
<Loc EndOffset="1606" SrcFileId="25" StartOffset="1577"/>
</LocList>
<BasicStmnt CovItemId="S13" CovItemPrefix="my.PSM.PSM_Interface.LogOutConfirm.java" Intrnl_Id="3565">
<LocList>
<Loc EndOffset="1606" SrcFileId="25" StartOffset="1577"/>
</LocList>
</BasicStmnt>
</StmntSeq>
</HierarchyLvl>
</HierarchyLvl>
</HierarchyLvl>
<HierarchyLvl HierarchyLvlId="14769" HierarchyLvlTypeId="31" Intrnl_Id="3566" Name="jButton1ActionPerformed">
<Header>
<Loc EndOffset="3411" SrcFileId="25" StartOffset="3343"/>
</Header>
<LocList>
<Loc EndOffset="3556" SrcFileId="25" StartOffset="3343"/>
</LocList>
<StmntSeq Intrnl_Id="3567">
<LocList>
<Loc EndOffset="3526" SrcFileId="25" StartOffset="3508"/>
<Loc EndOffset="3550" SrcFileId="25" StartOffset="3535"/>
</LocList>
<BasicStmnt CovItemId="S19" CovItemPrefix="my.PSM.PSM_Interface.LogOutConfirm.java" Intrnl_Id="3568">
<LocList>
<Loc EndOffset="3526" SrcFileId="25" StartOffset="3508"/>
</LocList>
</BasicStmnt>
<BasicStmnt CovItemId="S20" CovItemPrefix="my.PSM.PSM_Interface.LogOutConfirm.java" Intrnl_Id="3569">
<LocList>
<Loc EndOffset="3550" SrcFileId="25" StartOffset="3535"/>
</LocList>
</BasicStmnt>
</StmntSeq>
</HierarchyLvl>
<HierarchyLvl HierarchyLvlId="14772" HierarchyLvlTypeId="31" Intrnl_Id="3570" Name="launchLogout">
<Header>
<Loc EndOffset="3694" SrcFileId="25" StartOffset="3668"/>
</Header>
<LocList>
<Loc EndOffset="3871" SrcFileId="25" StartOffset="3668"/>
</LocList>
<StmntSeq Intrnl_Id="3571">
<LocList>
<Loc EndOffset="3737" SrcFileId="25" StartOffset="3705"/>
<Loc EndOffset="3865" SrcFileId="25" StartOffset="3863"/>
</LocList>
<BasicStmnt CovItemId="S21" CovItemPrefix="my.PSM.PSM_Interface.LogOutConfirm.java" Intrnl_Id="3572">
<LocList>
<Loc EndOffset="3737" SrcFileId="25" StartOffset="3705"/>
<Loc EndOffset="3865" SrcFileId="25" StartOffset="3863"/>
</LocList>
</BasicStmnt>
</StmntSeq>
<HierarchyLvl HierarchyLvlId="14771" HierarchyLvlTypeId="30" Intrnl_Id="3573" Name="Runnable">
<Header>
<Loc EndOffset="3751" SrcFileId="25" StartOffset="3741"/>
</Header>
<LocList>
<Loc EndOffset="3863" SrcFileId="25" StartOffset="3737"/>
</LocList>
<HierarchyLvl HierarchyLvlId="14770" HierarchyLvlTypeId="31" Intrnl_Id="3574" Name="run">
<Header>
<Loc EndOffset="3783" SrcFileId="25" StartOffset="3766"/>
</Header>
<LocList>
<Loc EndOffset="3853" SrcFileId="25" StartOffset="3766"/>
</LocList>
<StmntSeq Intrnl_Id="3575">
<LocList>
<Loc EndOffset="3839" SrcFileId="25" StartOffset="3802"/>
</LocList>
<BasicStmnt CovItemId="S22" CovItemPrefix="my.PSM.PSM_Interface.LogOutConfirm.java" Intrnl_Id="3576">
<LocList>
<Loc EndOffset="3839" SrcFileId="25" StartOffset="3802"/>
</LocList>
</BasicStmnt>
</StmntSeq>
</HierarchyLvl>
</HierarchyLvl>
</HierarchyLvl>
</HierarchyLvl>
<HierarchyLvl HierarchyLvlId="14839" HierarchyLvlTypeId="32" Intrnl_Id="3577" Name="InterfaceFacade">
<Header>
<Loc EndOffset="101" SrcFileId="26" StartOffset="73"/>
</Header>
<LocList>
<Loc EndOffset="5713" SrcFileId="26" StartOffset="73"/>
</LocList>
<HierarchyLvl HierarchyLvlId="14774" HierarchyLvlTypeId="31" Intrnl_Id="3578" Name="InterfaceFacade">
<Header>
<Loc EndOffset="360" SrcFileId="26" StartOffset="336"/>
</Header>
<LocList>
<Loc EndOffset="369" SrcFileId="26" StartOffset="336"/>
</LocList>
</HierarchyLvl>
<HierarchyLvl HierarchyLvlId="14775" HierarchyLvlTypeId="31" Intrnl_Id="3579" Name="initiate">
<Header>
<Loc EndOffset="413" SrcFileId="26" StartOffset="372"/>
</Header>
<LocList>
<Loc EndOffset="645" SrcFileId="26" StartOffset="372"/>
</LocList>
<StmntSeq Intrnl_Id="3580">
<LocList>
<Loc EndOffset="453" SrcFileId="26" StartOffset="418"/>
<Loc EndOffset="481" SrcFileId="26" StartOffset="457"/>
<Loc EndOffset="514" SrcFileId="26" StartOffset="485"/>
<Loc EndOffset="540" SrcFileId="26" StartOffset="518"/>
<Loc EndOffset="569" SrcFileId="26" StartOffset="544"/>
<Loc EndOffset="610" SrcFileId="26" StartOffset="573"/>
<Loc EndOffset="641" SrcFileId="26" StartOffset="614"/>
</LocList>
<BasicStmnt CovItemId="S1" CovItemPrefix="my.PSM.PSM_Interface.InterfaceFacade.java" Intrnl_Id="3581">
<LocList>
<Loc EndOffset="453" SrcFileId="26" StartOffset="418"/>
</LocList>
</BasicStmnt>
<BasicStmnt CovItemId="S2" CovItemPrefix="my.PSM.PSM_Interface.InterfaceFacade.java" Intrnl_Id="3582">
<LocList>
<Loc EndOffset="481" SrcFileId="26" StartOffset="457"/>
</LocList>
</BasicStmnt>
<BasicStmnt CovItemId="S3" CovItemPrefix="my.PSM.PSM_Interface.InterfaceFacade.java" Intrnl_Id="3583">
<LocList>
<Loc EndOffset="514" SrcFileId="26" StartOffset="485"/>
</LocList>
</BasicStmnt>
<BasicStmnt CovItemId="S4" CovItemPrefix="my.PSM.PSM_Interface.InterfaceFacade.java" Intrnl_Id="3584">
<LocList>
<Loc EndOffset="540" SrcFileId="26" StartOffset="518"/>
</LocList>
</BasicStmnt>
<BasicStmnt CovItemId="S5" CovItemPrefix="my.PSM.PSM_Interface.InterfaceFacade.java" Intrnl_Id="3585">
<LocList>
<Loc EndOffset="569" SrcFileId="26" StartOffset="544"/>
</LocList>
</BasicStmnt>
<BasicStmnt CovItemId="S6" CovItemPrefix="my.PSM.PSM_Interface.InterfaceFacade.java" Intrnl_Id="3586">
<LocList>
<Loc EndOffset="610" SrcFileId="26" StartOffset="573"/>
</LocList>
</BasicStmnt>
<BasicStmnt CovItemId="S7" CovItemPrefix="my.PSM.PSM_Interface.InterfaceFacade.java" Intrnl_Id="3587">
<LocList>
<Loc EndOffset="641" SrcFileId="26" StartOffset="614"/>
</LocList>
</BasicStmnt>
</StmntSeq>
</HierarchyLvl>
<HierarchyLvl HierarchyLvlId="14776" HierarchyLvlTypeId="31" Intrnl_Id="3588" Name="lockedOut">
<Header>
<Loc EndOffset="671" SrcFileId="26" StartOffset="648"/>
</Header>
<LocList>
<Loc EndOffset="700" SrcFileId="26" StartOffset="648"/>
</LocList>
<StmntSeq Intrnl_Id="3589">
<LocList>
<Loc EndOffset="696" SrcFileId="26" StartOffset="676"/>
</LocList>
<BasicStmnt CovItemId="S8" CovItemPrefix="my.PSM.PSM_Interface.InterfaceFacade.java" Intrnl_Id="3590">
<LocList>
<Loc EndOffset="696" SrcFileId="26" StartOffset="676"/>
</LocList>
</BasicStmnt>
</StmntSeq>
</HierarchyLvl>
<HierarchyLvl HierarchyLvlId="14777" HierarchyLvlTypeId="31" Intrnl_Id="3591" Name="logoutConfirmation">
<Header>
<Loc EndOffset="738" SrcFileId="26" StartOffset="706"/>
</Header>
<LocList>
<Loc EndOffset="776" SrcFileId="26" StartOffset="706"/>
</LocList>
<StmntSeq Intrnl_Id="3592">
<LocList>
<Loc EndOffset="772" SrcFileId="26" StartOffset="743"/>
</LocList>
<BasicStmnt CovItemId="S9" CovItemPrefix="my.PSM.PSM_Interface.InterfaceFacade.java" Intrnl_Id="3593">
<LocList>
<Loc EndOffset="772" SrcFileId="26" StartOffset="743"/>
</LocList>
</BasicStmnt>
</StmntSeq>
</HierarchyLvl>
<HierarchyLvl HierarchyLvlId="14778" HierarchyLvlTypeId="31" Intrnl_Id="3594" Name="launchLogout">
<Header>
<Loc EndOffset="808" SrcFileId="26" StartOffset="782"/>
</Header>
<LocList>
<Loc EndOffset="839" SrcFileId="26" StartOffset="782"/>
</LocList>
<StmntSeq Intrnl_Id="3595">
<LocList>
<Loc EndOffset="835" SrcFileId="26" StartOffset="813"/>
</LocList>
<BasicStmnt CovItemId="S10" CovItemPrefix="my.PSM.PSM_Interface.InterfaceFacade.java" Intrnl_Id="3596">
<LocList>
<Loc EndOffset="835" SrcFileId="26" StartOffset="813"/>
</LocList>
</BasicStmnt>
</StmntSeq>
</HierarchyLvl>
<HierarchyLvl HierarchyLvlId="14779" HierarchyLvlTypeId="31" Intrnl_Id="3597" Name="incorrectLogin">
<Header>
<Loc EndOffset="873" SrcFileId="26" StartOffset="845"/>
</Header>
<LocList>
<Loc EndOffset="907" SrcFileId="26" StartOffset="845"/>
</LocList>
<StmntSeq Intrnl_Id="3598">
<LocList>
<Loc EndOffset="903" SrcFileId="26" StartOffset="878"/>
</LocList>
<BasicStmnt CovItemId="S11" CovItemPrefix="my.PSM.PSM_Interface.InterfaceFacade.java" Intrnl_Id="3599">
<LocList>
<Loc EndOffset="903" SrcFileId="26" StartOffset="878"/>
</LocList>
</BasicStmnt>
</StmntSeq>
</HierarchyLvl>
<HierarchyLvl HierarchyLvlId="14780" HierarchyLvlTypeId="31" Intrnl_Id="3600" Name="launchInitial">
<Header>
<Loc EndOffset="940" SrcFileId="26" StartOffset="913"/>
</Header>
<LocList>
<Loc EndOffset="971" SrcFileId="26" StartOffset="913"/>
</LocList>
<StmntSeq Intrnl_Id="3601">
<LocList>
<Loc EndOffset="967" SrcFileId="26" StartOffset="945"/>
</LocList>
<BasicStmnt CovItemId="S12" CovItemPrefix="my.PSM.PSM_Interface.InterfaceFacade.java" Intrnl_Id="3602">
<LocList>
<Loc EndOffset="967" SrcFileId="26" StartOffset="945"/>
</LocList>
</BasicStmnt>
</StmntSeq>
</HierarchyLvl>
<HierarchyLvl HierarchyLvlId="14781" HierarchyLvlTypeId="31" Intrnl_Id="3603" Name="launchEdit">
<Header>
<Loc EndOffset="1334" SrcFileId="26" StartOffset="977"/>
</Header>
<LocList>
<Loc EndOffset="1533" SrcFileId="26" StartOffset="977"/>
</LocList>
<StmntSeq Intrnl_Id="3604">
<LocList>
<Loc EndOffset="1529" SrcFileId="26" StartOffset="1339"/>
</LocList>
<BasicStmnt CovItemId="S13" CovItemPrefix="my.PSM.PSM_Interface.InterfaceFacade.java" Intrnl_Id="3605">
<LocList>
<Loc EndOffset="1529" SrcFileId="26" StartOffset="1339"/>
</LocList>
</BasicStmnt>
</StmntSeq>
</HierarchyLvl>
<HierarchyLvl HierarchyLvlId="14782" HierarchyLvlTypeId="31" Intrnl_Id="3606" Name="launchCourse">
<Header>
<Loc EndOffset="1565" SrcFileId="26" StartOffset="1539"/>
</Header>
<LocList>
<Loc EndOffset="1596" SrcFileId="26" StartOffset="1539"/>
</LocList>
<StmntSeq Intrnl_Id="3607">
<LocList>
<Loc EndOffset="1592" SrcFileId="26" StartOffset="1570"/>
</LocList>
<BasicStmnt CovItemId="S14" CovItemPrefix="my.PSM.PSM_Interface.InterfaceFacade.java" Intrnl_Id="3608">
<LocList>
<Loc EndOffset="1592" SrcFileId="26" StartOffset="1570"/>
</LocList>
</BasicStmnt>
</StmntSeq>
</HierarchyLvl>
<HierarchyLvl HierarchyLvlId="14783" HierarchyLvlTypeId="31" Intrnl_Id="3609" Name="launchLoginForm">
<Header>
<Loc EndOffset="1631" SrcFileId="26" StartOffset="1602"/>
</Header>
<LocList>
<Loc EndOffset="1659" SrcFileId="26" StartOffset="1602"/>
</LocList>
<StmntSeq Intrnl_Id="3610">
<LocList>
<Loc EndOffset="1655" SrcFileId="26" StartOffset="1636"/>
</LocList>
<BasicStmnt CovItemId="S15" CovItemPrefix="my.PSM.PSM_Interface.InterfaceFacade.java" Intrnl_Id="3611">
<LocList>
<Loc EndOffset="1655" SrcFileId="26" StartOffset="1636"/>
</LocList>
</BasicStmnt>
</StmntSeq>
</HierarchyLvl>
<HierarchyLvl HierarchyLvlId="14784" HierarchyLvlTypeId="31" Intrnl_Id="3612" Name="launchMenu">
<Header>
<Loc EndOffset="1689" SrcFileId="26" StartOffset="1665"/>
</Header>
<LocList>
<Loc EndOffset="1716" SrcFileId="26" StartOffset="1665"/>
</LocList>
<StmntSeq Intrnl_Id="3613">
<LocList>
<Loc EndOffset="1712" SrcFileId="26" StartOffset="1694"/>
</LocList>
<BasicStmnt CovItemId="S16" CovItemPrefix="my.PSM.PSM_Interface.InterfaceFacade.java" Intrnl_Id="3614">
<LocList>
<Loc EndOffset="1712" SrcFileId="26" StartOffset="1694"/>
</LocList>
</BasicStmnt>
</StmntSeq>
</HierarchyLvl>
<HierarchyLvl HierarchyLvlId="14785" HierarchyLvlTypeId="31" Intrnl_Id="3615" Name="menuDataRec">
<Header>
<Loc EndOffset="1750" SrcFileId="26" StartOffset="1722"/>
</Header>
<LocList>
<Loc EndOffset="1781" SrcFileId="26" StartOffset="1722"/>
</LocList>
<StmntSeq Intrnl_Id="3616">
<LocList>
<Loc EndOffset="1777" SrcFileId="26" StartOffset="1755"/>
</LocList>
<BasicStmnt CovItemId="S17" CovItemPrefix="my.PSM.PSM_Interface.InterfaceFacade.java" Intrnl_Id="3617">
<LocList>
<Loc EndOffset="1777" SrcFileId="26" StartOffset="1755"/>
</LocList>
</BasicStmnt>
</StmntSeq>
</HierarchyLvl>
<HierarchyLvl HierarchyLvlId="14786" HierarchyLvlTypeId="31" Intrnl_Id="3618" Name="editSchedSelected">
<Header>
<Loc EndOffset="1821" SrcFileId="26" StartOffset="1787"/>
</Header>
<LocList>
<Loc EndOffset="1862" SrcFileId="26" StartOffset="1787"/>
</LocList>
<StmntSeq Intrnl_Id="3619">
<LocList>
<Loc EndOffset="1858" SrcFileId="26" StartOffset="1826"/>
</LocList>
<BasicStmnt CovItemId="S18" CovItemPrefix="my.PSM.PSM_Interface.InterfaceFacade.java" Intrnl_Id="3620">
<LocList>
<Loc EndOffset="1858" SrcFileId="26" StartOffset="1826"/>
</LocList>
</BasicStmnt>
</StmntSeq>
</HierarchyLvl>
<HierarchyLvl HierarchyLvlId="14787" HierarchyLvlTypeId="31" Intrnl_Id="3621" Name="InitSetupSelected">
<Header>
<Loc EndOffset="1902" SrcFileId="26" StartOffset="1868"/>
</Header>
<LocList>
<Loc EndOffset="1943" SrcFileId="26" StartOffset="1868"/>
</LocList>
<StmntSeq Intrnl_Id="3622">
<LocList>
<Loc EndOffset="1939" SrcFileId="26" StartOffset="1907"/>
</LocList>
<BasicStmnt CovItemId="S19" CovItemPrefix="my.PSM.PSM_Interface.InterfaceFacade.java" Intrnl_Id="3623">
<LocList>
<Loc EndOffset="1939" SrcFileId="26" StartOffset="1907"/>
</LocList>
</BasicStmnt>
</StmntSeq>
</HierarchyLvl>
<HierarchyLvl HierarchyLvlId="14788" HierarchyLvlTypeId="31" Intrnl_Id="3624" Name="logoutSelected">
<Header>
<Loc EndOffset="1980" SrcFileId="26" StartOffset="1949"/>
</Header>
<LocList>
<Loc EndOffset="2018" SrcFileId="26" StartOffset="1949"/>
</LocList>
<StmntSeq Intrnl_Id="3625">
<LocList>
<Loc EndOffset="2014" SrcFileId="26" StartOffset="1985"/>
</LocList>
<BasicStmnt CovItemId="S20" CovItemPrefix="my.PSM.PSM_Interface.InterfaceFacade.java" Intrnl_Id="3626">
<LocList>
<Loc EndOffset="2014" SrcFileId="26" StartOffset="1985"/>
</LocList>
</BasicStmnt>
</StmntSeq>
</HierarchyLvl>
<HierarchyLvl HierarchyLvlId="14789" HierarchyLvlTypeId="31" Intrnl_Id="3627" Name="setMenuDataRec">
<Header>
<Loc EndOffset="2064" SrcFileId="26" StartOffset="2024"/>
</Header>
<LocList>
<Loc EndOffset="2095" SrcFileId="26" StartOffset="2024"/>
</LocList>
<StmntSeq Intrnl_Id="3628">
<LocList>
<Loc EndOffset="2091" SrcFileId="26" StartOffset="2069"/>
</LocList>
<BasicStmnt CovItemId="S21" CovItemPrefix="my.PSM.PSM_Interface.InterfaceFacade.java" Intrnl_Id="3629">
<LocList>
<Loc EndOffset="2091" SrcFileId="26" StartOffset="2069"/>
</LocList>
</BasicStmnt>
</StmntSeq>
</HierarchyLvl>
<HierarchyLvl HierarchyLvlId="14790" HierarchyLvlTypeId="31" Intrnl_Id="3630" Name="schedDataRec">
<Header>
<Loc EndOffset="2130" SrcFileId="26" StartOffset="2101"/>
</Header>
<LocList>
<Loc EndOffset="2162" SrcFileId="26" StartOffset="2101"/>
</LocList>
<StmntSeq Intrnl_Id="3631">
<LocList>
<Loc EndOffset="2158" SrcFileId="26" StartOffset="2135"/>
</LocList>
<BasicStmnt CovItemId="S22" CovItemPrefix="my.PSM.PSM_Interface.InterfaceFacade.java" Intrnl_Id="3632">
<LocList>
<Loc EndOffset="2158" SrcFileId="26" StartOffset="2135"/>
</LocList>
</BasicStmnt>
</StmntSeq>
</HierarchyLvl>
<HierarchyLvl HierarchyLvlId="14791" HierarchyLvlTypeId="31" Intrnl_Id="3633" Name="setSchedDataRec">
<Header>
<Loc EndOffset="2209" SrcFileId="26" StartOffset="2168"/>
</Header>
<LocList>
<Loc EndOffset="2241" SrcFileId="26" StartOffset="2168"/>
</LocList>
<StmntSeq Intrnl_Id="3634">
<LocList>
<Loc EndOffset="2237" SrcFileId="26" StartOffset="2214"/>
</LocList>
<BasicStmnt CovItemId="S23" CovItemPrefix="my.PSM.PSM_Interface.InterfaceFacade.java" Intrnl_Id="3635">
<LocList>
<Loc EndOffset="2237" SrcFileId="26" StartOffset="2214"/>
</LocList>
</BasicStmnt>
</StmntSeq>
</HierarchyLvl>
<HierarchyLvl HierarchyLvlId="14792" HierarchyLvlTypeId="31" Intrnl_Id="3636" Name="getDefCourseID">
<Header>
<Loc EndOffset="2274" SrcFileId="26" StartOffset="2247"/>
</Header>
<LocList>
<Loc EndOffset="2315" SrcFileId="26" StartOffset="2247"/>
</LocList>
<StmntSeq Intrnl_Id="3637">
<LocList>
<Loc EndOffset="2311" SrcFileId="26" StartOffset="2280"/>
</LocList>
<BasicStmnt CovItemId="S24" CovItemPrefix="my.PSM.PSM_Interface.InterfaceFacade.java" Intrnl_Id="3638">
<LocList>
<Loc EndOffset="2311" SrcFileId="26" StartOffset="2280"/>
</LocList>
</BasicStmnt>
</StmntSeq>
</HierarchyLvl>
<HierarchyLvl HierarchyLvlId="14793" HierarchyLvlTypeId="31" Intrnl_Id="3639" Name="getpNewCourseEnd">
<Header>
<Loc EndOffset="2352" SrcFileId="26" StartOffset="2320"/>
</Header>
<LocList>
<Loc EndOffset="2394" SrcFileId="26" StartOffset="2320"/>
</LocList>
<StmntSeq Intrnl_Id="3640">
<LocList>
<Loc EndOffset="2390" SrcFileId="26" StartOffset="2358"/>
</LocList>
<BasicStmnt CovItemId="S25" CovItemPrefix="my.PSM.PSM_Interface.InterfaceFacade.java" Intrnl_Id="3641">
<LocList>
<Loc EndOffset="2390" SrcFileId="26" StartOffset="2358"/>
</LocList>
</BasicStmnt>
</StmntSeq>
</HierarchyLvl>
<HierarchyLvl HierarchyLvlId="14794" HierarchyLvlTypeId="31" Intrnl_Id="3642" Name="getpNewMonStart">
<Header>
<Loc EndOffset="2430" SrcFileId="26" StartOffset="2399"/>
</Header>
<LocList>
<Loc EndOffset="2471" SrcFileId="26" StartOffset="2399"/>
</LocList>
<StmntSeq Intrnl_Id="3643">
<LocList>
<Loc EndOffset="2467" SrcFileId="26" StartOffset="2436"/>
</LocList>
<BasicStmnt CovItemId="S26" CovItemPrefix="my.PSM.PSM_Interface.InterfaceFacade.java" Intrnl_Id="3644">
<LocList>
<Loc EndOffset="2467" SrcFileId="26" StartOffset="2436"/>
</LocList>
</BasicStmnt>
</StmntSeq>
</HierarchyLvl>
<HierarchyLvl HierarchyLvlId="14795" HierarchyLvlTypeId="31" Intrnl_Id="3645" Name="getpNewTueStart">
<Header>
<Loc EndOffset="2507" SrcFileId="26" StartOffset="2476"/>
</Header>
<LocList>
<Loc EndOffset="2548" SrcFileId="26" StartOffset="2476"/>
</LocList>
<StmntSeq Intrnl_Id="3646">
<LocList>
<Loc EndOffset="2544" SrcFileId="26" StartOffset="2513"/>
</LocList>
<BasicStmnt CovItemId="S27" CovItemPrefix="my.PSM.PSM_Interface.InterfaceFacade.java" Intrnl_Id="3647">
<LocList>
<Loc EndOffset="2544" SrcFileId="26" StartOffset="2513"/>
</LocList>
</BasicStmnt>
</StmntSeq>
</HierarchyLvl>
<HierarchyLvl HierarchyLvlId="14796" HierarchyLvlTypeId="31" Intrnl_Id="3648" Name="getpNewTueEnd">
<Header>
<Loc EndOffset="2582" SrcFileId="26" StartOffset="2553"/>
</Header>
<LocList>
<Loc EndOffset="2621" SrcFileId="26" StartOffset="2553"/>
</LocList>
<StmntSeq Intrnl_Id="3649">
<LocList>
<Loc EndOffset="2617" SrcFileId="26" StartOffset="2588"/>
</LocList>
<BasicStmnt CovItemId="S28" CovItemPrefix="my.PSM.PSM_Interface.InterfaceFacade.java" Intrnl_Id="3650">
<LocList>
<Loc EndOffset="2617" SrcFileId="26" StartOffset="2588"/>
</LocList>
</BasicStmnt>
</StmntSeq>
</HierarchyLvl>
<HierarchyLvl HierarchyLvlId="14797" HierarchyLvlTypeId="31" Intrnl_Id="3651" Name="getpNewThuEnd">
<Header>
<Loc EndOffset="2655" SrcFileId="26" StartOffset="2626"/>
</Header>
<LocList>
<Loc EndOffset="2694" SrcFileId="26" StartOffset="2626"/>
</LocList>
<StmntSeq Intrnl_Id="3652">
<LocList>
<Loc EndOffset="2690" SrcFileId="26" StartOffset="2661"/>
</LocList>
<BasicStmnt CovItemId="S29" CovItemPrefix="my.PSM.PSM_Interface.InterfaceFacade.java" Intrnl_Id="3653">
<LocList>
<Loc EndOffset="2690" SrcFileId="26" StartOffset="2661"/>
</LocList>
</BasicStmnt>
</StmntSeq>
</HierarchyLvl>
<HierarchyLvl HierarchyLvlId="14798" HierarchyLvlTypeId="31" Intrnl_Id="3654" Name="getpNewThuStart">
<Header>
<Loc EndOffset="2730" SrcFileId="26" StartOffset="2699"/>
</Header>
<LocList>
<Loc EndOffset="2771" SrcFileId="26" StartOffset="2699"/>
</LocList>
<StmntSeq Intrnl_Id="3655">
<LocList>
<Loc EndOffset="2767" SrcFileId="26" StartOffset="2736"/>
</LocList>
<BasicStmnt CovItemId="S30" CovItemPrefix="my.PSM.PSM_Interface.InterfaceFacade.java" Intrnl_Id="3656">
<LocList>
<Loc EndOffset="2767" SrcFileId="26" StartOffset="2736"/>
</LocList>
</BasicStmnt>
</StmntSeq>
</HierarchyLvl>
<HierarchyLvl HierarchyLvlId="14799" HierarchyLvlTypeId="31" Intrnl_Id="3657" Name="getpNewWedEnd">
<Header>
<Loc EndOffset="2805" SrcFileId="26" StartOffset="2776"/>
</Header>
<LocList>
<Loc EndOffset="2844" SrcFileId="26" StartOffset="2776"/>
</LocList>
<StmntSeq Intrnl_Id="3658">
<LocList>
<Loc EndOffset="2840" SrcFileId="26" StartOffset="2811"/>
</LocList>
<BasicStmnt CovItemId="S31" CovItemPrefix="my.PSM.PSM_Interface.InterfaceFacade.java" Intrnl_Id="3659">
<LocList>
<Loc EndOffset="2840" SrcFileId="26" StartOffset="2811"/>
</LocList>
</BasicStmnt>
</StmntSeq>
</HierarchyLvl>
<HierarchyLvl HierarchyLvlId="14800" HierarchyLvlTypeId="31" Intrnl_Id="3660" Name="getpNewWedStart">
<Header>
<Loc EndOffset="2880" SrcFileId="26" StartOffset="2849"/>
</Header>
<LocList>
<Loc EndOffset="2921" SrcFileId="26" StartOffset="2849"/>
</LocList>
<StmntSeq Intrnl_Id="3661">
<LocList>
<Loc EndOffset="2917" SrcFileId="26" StartOffset="2886"/>
</LocList>
<BasicStmnt CovItemId="S32" CovItemPrefix="my.PSM.PSM_Interface.InterfaceFacade.java" Intrnl_Id="3662">
<LocList>
<Loc EndOffset="2917" SrcFileId="26" StartOffset="2886"/>
</LocList>
</BasicStmnt>
</StmntSeq>
</HierarchyLvl>
<HierarchyLvl HierarchyLvlId="14801" HierarchyLvlTypeId="31" Intrnl_Id="3663" Name="getpNewFriEnd">
<Header>
<Loc EndOffset="2955" SrcFileId="26" StartOffset="2926"/>
</Header>
<LocList>
<Loc EndOffset="2994" SrcFileId="26" StartOffset="2926"/>
</LocList>
<StmntSeq Intrnl_Id="3664">
<LocList>
<Loc EndOffset="2990" SrcFileId="26" StartOffset="2961"/>
</LocList>
<BasicStmnt CovItemId="S33" CovItemPrefix="my.PSM.PSM_Interface.InterfaceFacade.java" Intrnl_Id="3665">
<LocList>
<Loc EndOffset="2990" SrcFileId="26" StartOffset="2961"/>
</LocList>
</BasicStmnt>
</StmntSeq>
</HierarchyLvl>
<HierarchyLvl HierarchyLvlId="14802" HierarchyLvlTypeId="31" Intrnl_Id="3666" Name="getpNewSatEnd">
<Header>
<Loc EndOffset="3028" SrcFileId="26" StartOffset="2999"/>
</Header>
<LocList>
<Loc EndOffset="3067" SrcFileId="26" StartOffset="2999"/>
</LocList>
<StmntSeq Intrnl_Id="3667">
<LocList>
<Loc EndOffset="3063" SrcFileId="26" StartOffset="3034"/>
</LocList>
<BasicStmnt CovItemId="S34" CovItemPrefix="my.PSM.PSM_Interface.InterfaceFacade.java" Intrnl_Id="3668">
<LocList>
<Loc EndOffset="3063" SrcFileId="26" StartOffset="3034"/>
</LocList>
</BasicStmnt>
</StmntSeq>
</HierarchyLvl>
<HierarchyLvl HierarchyLvlId="14803" HierarchyLvlTypeId="31" Intrnl_Id="3669" Name="getpNewSatStart">
<Header>
<Loc EndOffset="3103" SrcFileId="26" StartOffset="3072"/>
</Header>
<LocList>
<Loc EndOffset="3144" SrcFileId="26" StartOffset="3072"/>
</LocList>
<StmntSeq Intrnl_Id="3670">
<LocList>
<Loc EndOffset="3140" SrcFileId="26" StartOffset="3109"/>
</LocList>
<BasicStmnt CovItemId="S35" CovItemPrefix="my.PSM.PSM_Interface.InterfaceFacade.java" Intrnl_Id="3671">
<LocList>
<Loc EndOffset="3140" SrcFileId="26" StartOffset="3109"/>
</LocList>
</BasicStmnt>
</StmntSeq>
</HierarchyLvl>
<HierarchyLvl HierarchyLvlId="14804" HierarchyLvlTypeId="31" Intrnl_Id="3672" Name="getpNewFriStart">
<Header>
<Loc EndOffset="3180" SrcFileId="26" StartOffset="3149"/>
</Header>
<LocList>
<Loc EndOffset="3221" SrcFileId="26" StartOffset="3149"/>
</LocList>
<StmntSeq Intrnl_Id="3673">
<LocList>
<Loc EndOffset="3217" SrcFileId="26" StartOffset="3186"/>
</LocList>
<BasicStmnt CovItemId="S36" CovItemPrefix="my.PSM.PSM_Interface.InterfaceFacade.java" Intrnl_Id="3674">
<LocList>
<Loc EndOffset="3217" SrcFileId="26" StartOffset="3186"/>
</LocList>
</BasicStmnt>
</StmntSeq>
</HierarchyLvl>
<HierarchyLvl HierarchyLvlId="14805" HierarchyLvlTypeId="31" Intrnl_Id="3675" Name="getpNewMonEnd">
<Header>
<Loc EndOffset="3255" SrcFileId="26" StartOffset="3226"/>
</Header>
<LocList>
<Loc EndOffset="3294" SrcFileId="26" StartOffset="3226"/>
</LocList>
<StmntSeq Intrnl_Id="3676">
<LocList>
<Loc EndOffset="3290" SrcFileId="26" StartOffset="3261"/>
</LocList>
<BasicStmnt CovItemId="S37" CovItemPrefix="my.PSM.PSM_Interface.InterfaceFacade.java" Intrnl_Id="3677">
<LocList>
<Loc EndOffset="3290" SrcFileId="26" StartOffset="3261"/>
</LocList>
</BasicStmnt>
</StmntSeq>
</HierarchyLvl>
<HierarchyLvl HierarchyLvlId="14806" HierarchyLvlTypeId="31" Intrnl_Id="3678" Name="getNewCourseID">
<Header>
<Loc EndOffset="3327" SrcFileId="26" StartOffset="3300"/>
</Header>
<LocList>
<Loc EndOffset="3367" SrcFileId="26" StartOffset="3300"/>
</LocList>
<StmntSeq Intrnl_Id="3679">
<LocList>
<Loc EndOffset="3363" SrcFileId="26" StartOffset="3333"/>
</LocList>
<BasicStmnt CovItemId="S38" CovItemPrefix="my.PSM.PSM_Interface.InterfaceFacade.java" Intrnl_Id="3680">
<LocList>
<Loc EndOffset="3363" SrcFileId="26" StartOffset="3333"/>
</LocList>
</BasicStmnt>
</StmntSeq>
</HierarchyLvl>
<HierarchyLvl HierarchyLvlId="14807" HierarchyLvlTypeId="31" Intrnl_Id="3681" Name="getNewSub">
<Header>
<Loc EndOffset="3397" SrcFileId="26" StartOffset="3372"/>
</Header>
<LocList>
<Loc EndOffset="3432" SrcFileId="26" StartOffset="3372"/>
</LocList>
<StmntSeq Intrnl_Id="3682">
<LocList>
<Loc EndOffset="3428" SrcFileId="26" StartOffset="3403"/>
</LocList>
<BasicStmnt CovItemId="S39" CovItemPrefix="my.PSM.PSM_Interface.InterfaceFacade.java" Intrnl_Id="3683">
<LocList>
<Loc EndOffset="3428" SrcFileId="26" StartOffset="3403"/>
</LocList>
</BasicStmnt>
</StmntSeq>
</HierarchyLvl>
<HierarchyLvl HierarchyLvlId="14808" HierarchyLvlTypeId="31" Intrnl_Id="3684" Name="getNewCourseName">
<Header>
<Loc EndOffset="3469" SrcFileId="26" StartOffset="3437"/>
</Header>
<LocList>
<Loc EndOffset="3511" SrcFileId="26" StartOffset="3437"/>
</LocList>
<StmntSeq Intrnl_Id="3685">
<LocList>
<Loc EndOffset="3507" SrcFileId="26" StartOffset="3475"/>
</LocList>
<BasicStmnt CovItemId="S40" CovItemPrefix="my.PSM.PSM_Interface.InterfaceFacade.java" Intrnl_Id="3686">
<LocList>
<Loc EndOffset="3507" SrcFileId="26" StartOffset="3475"/>
</LocList>
</BasicStmnt>
</StmntSeq>
</HierarchyLvl>
<HierarchyLvl HierarchyLvlId="14809" HierarchyLvlTypeId="31" Intrnl_Id="3687" Name="getNewSemester">
<Header>
<Loc EndOffset="3546" SrcFileId="26" StartOffset="3516"/>
</Header>
<LocList>
<Loc EndOffset="3586" SrcFileId="26" StartOffset="3516"/>
</LocList>
<StmntSeq Intrnl_Id="3688">
<LocList>
<Loc EndOffset="3582" SrcFileId="26" StartOffset="3552"/>
</LocList>
<BasicStmnt CovItemId="S41" CovItemPrefix="my.PSM.PSM_Interface.InterfaceFacade.java" Intrnl_Id="3689">
<LocList>
<Loc EndOffset="3582" SrcFileId="26" StartOffset="3552"/>
</LocList>
</BasicStmnt>
</StmntSeq>
</HierarchyLvl>
<HierarchyLvl HierarchyLvlId="14810" HierarchyLvlTypeId="31" Intrnl_Id="3690" Name="getNewCourseEnd">
<Header>
<Loc EndOffset="3623" SrcFileId="26" StartOffset="3592"/>
</Header>
<LocList>
<Loc EndOffset="3664" SrcFileId="26" StartOffset="3592"/>
</LocList>
<StmntSeq Intrnl_Id="3691">
<LocList>
<Loc EndOffset="3660" SrcFileId="26" StartOffset="3629"/>
</LocList>
<BasicStmnt CovItemId="S42" CovItemPrefix="my.PSM.PSM_Interface.InterfaceFacade.java" Intrnl_Id="3692">
<LocList>
<Loc EndOffset="3660" SrcFileId="26" StartOffset="3629"/>
</LocList>
</BasicStmnt>
</StmntSeq>
</HierarchyLvl>
<HierarchyLvl HierarchyLvlId="14811" HierarchyLvlTypeId="31" Intrnl_Id="3693" Name="getNewMonStart">
<Header>
<Loc EndOffset="3699" SrcFileId="26" StartOffset="3669"/>
</Header>
<LocList>
<Loc EndOffset="3739" SrcFileId="26" StartOffset="3669"/>
</LocList>
<StmntSeq Intrnl_Id="3694">
<LocList>
<Loc EndOffset="3735" SrcFileId="26" StartOffset="3705"/>
</LocList>
<BasicStmnt CovItemId="S43" CovItemPrefix="my.PSM.PSM_Interface.InterfaceFacade.java" Intrnl_Id="3695">
<LocList>
<Loc EndOffset="3735" SrcFileId="26" StartOffset="3705"/>
</LocList>
</BasicStmnt>
</StmntSeq>
</HierarchyLvl>
<HierarchyLvl HierarchyLvlId="14812" HierarchyLvlTypeId="31" Intrnl_Id="3696" Name="getNewTueStart">
<Header>
<Loc EndOffset="3774" SrcFileId="26" StartOffset="3744"/>
</Header>
<LocList>
<Loc EndOffset="3814" SrcFileId="26" StartOffset="3744"/>
</LocList>
<StmntSeq Intrnl_Id="3697">
<LocList>
<Loc EndOffset="3810" SrcFileId="26" StartOffset="3780"/>
</LocList>
<BasicStmnt CovItemId="S44" CovItemPrefix="my.PSM.PSM_Interface.InterfaceFacade.java" Intrnl_Id="3698">
<LocList>
<Loc EndOffset="3810" SrcFileId="26" StartOffset="3780"/>
</LocList>
</BasicStmnt>
</StmntSeq>
</HierarchyLvl>
<HierarchyLvl HierarchyLvlId="14813" HierarchyLvlTypeId="31" Intrnl_Id="3699" Name="getNewTueEnd">
<Header>
<Loc EndOffset="3847" SrcFileId="26" StartOffset="3819"/>
</Header>
<LocList>
<Loc EndOffset="3885" SrcFileId="26" StartOffset="3819"/>
</LocList>
<StmntSeq Intrnl_Id="3700">
<LocList>
<Loc EndOffset="3881" SrcFileId="26" StartOffset="3853"/>
</LocList>
<BasicStmnt CovItemId="S45" CovItemPrefix="my.PSM.PSM_Interface.InterfaceFacade.java" Intrnl_Id="3701">
<LocList>
<Loc EndOffset="3881" SrcFileId="26" StartOffset="3853"/>
</LocList>
</BasicStmnt>
</StmntSeq>
</HierarchyLvl>
<HierarchyLvl HierarchyLvlId="14814" HierarchyLvlTypeId="31" Intrnl_Id="3702" Name="getNewThuEnd">
<Header>
<Loc EndOffset="3918" SrcFileId="26" StartOffset="3890"/>
</Header>
<LocList>
<Loc EndOffset="3956" SrcFileId="26" StartOffset="3890"/>
</LocList>
<StmntSeq Intrnl_Id="3703">
<LocList>
<Loc EndOffset="3952" SrcFileId="26" StartOffset="3924"/>
</LocList>
<BasicStmnt CovItemId="S46" CovItemPrefix="my.PSM.PSM_Interface.InterfaceFacade.java" Intrnl_Id="3704">
<LocList>
<Loc EndOffset="3952" SrcFileId="26" StartOffset="3924"/>
</LocList>
</BasicStmnt>
</StmntSeq>
</HierarchyLvl>
<HierarchyLvl HierarchyLvlId="14815" HierarchyLvlTypeId="31" Intrnl_Id="3705" Name="getNewThuStart">
<Header>
<Loc EndOffset="3991" SrcFileId="26" StartOffset="3961"/>
</Header>
<LocList>
<Loc EndOffset="4031" SrcFileId="26" StartOffset="3961"/>
</LocList>
<StmntSeq Intrnl_Id="3706">
<LocList>
<Loc EndOffset="4027" SrcFileId="26" StartOffset="3997"/>
</LocList>
<BasicStmnt CovItemId="S47" CovItemPrefix="my.PSM.PSM_Interface.InterfaceFacade.java" Intrnl_Id="3707">
<LocList>
<Loc EndOffset="4027" SrcFileId="26" StartOffset="3997"/>
</LocList>
</BasicStmnt>
</StmntSeq>
</HierarchyLvl>
<HierarchyLvl HierarchyLvlId="14816" HierarchyLvlTypeId="31" Intrnl_Id="3708" Name="getNewWedEnd">
<Header>
<Loc EndOffset="4064" SrcFileId="26" StartOffset="4036"/>
</Header>
<LocList>
<Loc EndOffset="4102" SrcFileId="26" StartOffset="4036"/>
</LocList>
<StmntSeq Intrnl_Id="3709">
<LocList>
<Loc EndOffset="4098" SrcFileId="26" StartOffset="4070"/>
</LocList>
<BasicStmnt CovItemId="S48" CovItemPrefix="my.PSM.PSM_Interface.InterfaceFacade.java" Intrnl_Id="3710">
<LocList>
<Loc EndOffset="4098" SrcFileId="26" StartOffset="4070"/>
</LocList>
</BasicStmnt>
</StmntSeq>
</HierarchyLvl>
<HierarchyLvl HierarchyLvlId="14817" HierarchyLvlTypeId="31" Intrnl_Id="3711" Name="getNewWedStart">
<Header>
<Loc EndOffset="4137" SrcFileId="26" StartOffset="4107"/>
</Header>
<LocList>
<Loc EndOffset="4177" SrcFileId="26" StartOffset="4107"/>
</LocList>
<StmntSeq Intrnl_Id="3712">
<LocList>
<Loc EndOffset="4173" SrcFileId="26" StartOffset="4143"/>
</LocList>
<BasicStmnt CovItemId="S49" CovItemPrefix="my.PSM.PSM_Interface.InterfaceFacade.java" Intrnl_Id="3713">
<LocList>
<Loc EndOffset="4173" SrcFileId="26" StartOffset="4143"/>
</LocList>
</BasicStmnt>
</StmntSeq>
</HierarchyLvl>
<HierarchyLvl HierarchyLvlId="14818" HierarchyLvlTypeId="31" Intrnl_Id="3714" Name="getNewFriEnd">
<Header>
<Loc EndOffset="4210" SrcFileId="26" StartOffset="4182"/>
</Header>
<LocList>
<Loc EndOffset="4248" SrcFileId="26" StartOffset="4182"/>
</LocList>
<StmntSeq Intrnl_Id="3715">
<LocList>
<Loc EndOffset="4244" SrcFileId="26" StartOffset="4216"/>
</LocList>
<BasicStmnt CovItemId="S50" CovItemPrefix="my.PSM.PSM_Interface.InterfaceFacade.java" Intrnl_Id="3716">
<LocList>
<Loc EndOffset="4244" SrcFileId="26" StartOffset="4216"/>
</LocList>
</BasicStmnt>
</StmntSeq>
</HierarchyLvl>
<HierarchyLvl HierarchyLvlId="14819" HierarchyLvlTypeId="31" Intrnl_Id="3717" Name="getNewSatEnd">
<Header>
<Loc EndOffset="4281" SrcFileId="26" StartOffset="4253"/>
</Header>
<LocList>
<Loc EndOffset="4319" SrcFileId="26" StartOffset="4253"/>
</LocList>
<StmntSeq Intrnl_Id="3718">
<LocList>
<Loc EndOffset="4315" SrcFileId="26" StartOffset="4287"/>
</LocList>
<BasicStmnt CovItemId="S51" CovItemPrefix="my.PSM.PSM_Interface.InterfaceFacade.java" Intrnl_Id="3719">
<LocList>
<Loc EndOffset="4315" SrcFileId="26" StartOffset="4287"/>
</LocList>
</BasicStmnt>
</StmntSeq>
</HierarchyLvl>
<HierarchyLvl HierarchyLvlId="14820" HierarchyLvlTypeId="31" Intrnl_Id="3720" Name="getNewSatStart">
<Header>
<Loc EndOffset="4354" SrcFileId="26" StartOffset="4324"/>
</Header>
<LocList>
<Loc EndOffset="4394" SrcFileId="26" StartOffset="4324"/>
</LocList>
<StmntSeq Intrnl_Id="3721">
<LocList>
<Loc EndOffset="4390" SrcFileId="26" StartOffset="4360"/>
</LocList>
<BasicStmnt CovItemId="S52" CovItemPrefix="my.PSM.PSM_Interface.InterfaceFacade.java" Intrnl_Id="3722">
<LocList>
<Loc EndOffset="4390" SrcFileId="26" StartOffset="4360"/>
</LocList>
</BasicStmnt>
</StmntSeq>
</HierarchyLvl>
<HierarchyLvl HierarchyLvlId="14821" HierarchyLvlTypeId="31" Intrnl_Id="3723" Name="getNewFriStart">
<Header>
<Loc EndOffset="4429" SrcFileId="26" StartOffset="4399"/>
</Header>
<LocList>
<Loc EndOffset="4469" SrcFileId="26" StartOffset="4399"/>
</LocList>
<StmntSeq Intrnl_Id="3724">
<LocList>
<Loc EndOffset="4465" SrcFileId="26" StartOffset="4435"/>
</LocList>
<BasicStmnt CovItemId="S53" CovItemPrefix="my.PSM.PSM_Interface.InterfaceFacade.java" Intrnl_Id="3725">
<LocList>
<Loc EndOffset="4465" SrcFileId="26" StartOffset="4435"/>
</LocList>
</BasicStmnt>
</StmntSeq>
</HierarchyLvl>
<HierarchyLvl HierarchyLvlId="14822" HierarchyLvlTypeId="31" Intrnl_Id="3726" Name="getNewMonEnd">
<Header>
<Loc EndOffset="4502" SrcFileId="26" StartOffset="4474"/>
</Header>
<LocList>
<Loc EndOffset="4540" SrcFileId="26" StartOffset="4474"/>
</LocList>
<StmntSeq Intrnl_Id="3727">
<LocList>
<Loc EndOffset="4536" SrcFileId="26" StartOffset="4508"/>
</LocList>
<BasicStmnt CovItemId="S54" CovItemPrefix="my.PSM.PSM_Interface.InterfaceFacade.java" Intrnl_Id="3728">
<LocList>
<Loc EndOffset="4536" SrcFileId="26" StartOffset="4508"/>
</LocList>
</BasicStmnt>
</StmntSeq>
</HierarchyLvl>
<HierarchyLvl HierarchyLvlId="14823" HierarchyLvlTypeId="31" Intrnl_Id="3729" Name="courseSelected">
<Header>
<Loc EndOffset="4577" SrcFileId="26" StartOffset="4546"/>
</Header>
<LocList>
<Loc EndOffset="4617" SrcFileId="26" StartOffset="4546"/>
</LocList>
<StmntSeq Intrnl_Id="3730">
<LocList>
<Loc EndOffset="4613" SrcFileId="26" StartOffset="4582"/>
</LocList>
<BasicStmnt CovItemId="S55" CovItemPrefix="my.PSM.PSM_Interface.InterfaceFacade.java" Intrnl_Id="3731">
<LocList>
<Loc EndOffset="4613" SrcFileId="26" StartOffset="4582"/>
</LocList>
</BasicStmnt>
</StmntSeq>
</HierarchyLvl>
<HierarchyLvl HierarchyLvlId="14824" HierarchyLvlTypeId="31" Intrnl_Id="3732" Name="setCourseSelected">
<Header>
<Loc EndOffset="4666" SrcFileId="26" StartOffset="4623"/>
</Header>
<LocList>
<Loc EndOffset="4706" SrcFileId="26" StartOffset="4623"/>
</LocList>
<StmntSeq Intrnl_Id="3733">
<LocList>
<Loc EndOffset="4702" SrcFileId="26" StartOffset="4671"/>
</LocList>
<BasicStmnt CovItemId="S56" CovItemPrefix="my.PSM.PSM_Interface.InterfaceFacade.java" Intrnl_Id="3734">
<LocList>
<Loc EndOffset="4702" SrcFileId="26" StartOffset="4671"/>
</LocList>
</BasicStmnt>
</StmntSeq>
</HierarchyLvl>
<HierarchyLvl HierarchyLvlId="14825" HierarchyLvlTypeId="31" Intrnl_Id="3735" Name="getSelection">
<Header>
<Loc EndOffset="4737" SrcFileId="26" StartOffset="4712"/>
</Header>
<LocList>
<Loc EndOffset="4775" SrcFileId="26" StartOffset="4712"/>
</LocList>
<StmntSeq Intrnl_Id="3736">
<LocList>
<Loc EndOffset="4771" SrcFileId="26" StartOffset="4742"/>
</LocList>
<BasicStmnt CovItemId="S57" CovItemPrefix="my.PSM.PSM_Interface.InterfaceFacade.java" Intrnl_Id="3737">
<LocList>
<Loc EndOffset="4771" SrcFileId="26" StartOffset="4742"/>
</LocList>
</BasicStmnt>
</StmntSeq>
</HierarchyLvl>
<HierarchyLvl HierarchyLvlId="14826" HierarchyLvlTypeId="31" Intrnl_Id="3738" Name="psDataRec">
<Header>
<Loc EndOffset="4807" SrcFileId="26" StartOffset="4781"/>
</Header>
<LocList>
<Loc EndOffset="4840" SrcFileId="26" StartOffset="4781"/>
</LocList>
<StmntSeq Intrnl_Id="3739">
<LocList>
<Loc EndOffset="4836" SrcFileId="26" StartOffset="4812"/>
</LocList>
<BasicStmnt CovItemId="S58" CovItemPrefix="my.PSM.PSM_Interface.InterfaceFacade.java" Intrnl_Id="3740">
<LocList>
<Loc EndOffset="4836" SrcFileId="26" StartOffset="4812"/>
</LocList>
</BasicStmnt>
</StmntSeq>
</HierarchyLvl>
<HierarchyLvl HierarchyLvlId="14827" HierarchyLvlTypeId="31" Intrnl_Id="3741" Name="setPsDataRec">
<Header>
<Loc EndOffset="4884" SrcFileId="26" StartOffset="4846"/>
</Header>
<LocList>
<Loc EndOffset="4917" SrcFileId="26" StartOffset="4846"/>
</LocList>
<StmntSeq Intrnl_Id="3742">
<LocList>
<Loc EndOffset="4913" SrcFileId="26" StartOffset="4889"/>
</LocList>
<BasicStmnt CovItemId="S59" CovItemPrefix="my.PSM.PSM_Interface.InterfaceFacade.java" Intrnl_Id="3743">
<LocList>
<Loc EndOffset="4913" SrcFileId="26" StartOffset="4889"/>
</LocList>
</BasicStmnt>
</StmntSeq>
</HierarchyLvl>
<HierarchyLvl HierarchyLvlId="14828" HierarchyLvlTypeId="31" Intrnl_Id="3744" Name="getNewCourseStart">
<Header>
<Loc EndOffset="4955" SrcFileId="26" StartOffset="4922"/>
</Header>
<LocList>
<Loc EndOffset="4998" SrcFileId="26" StartOffset="4922"/>
</LocList>
<StmntSeq Intrnl_Id="3745">
<LocList>
<Loc EndOffset="4994" SrcFileId="26" StartOffset="4961"/>
</LocList>
<BasicStmnt CovItemId="S60" CovItemPrefix="my.PSM.PSM_Interface.InterfaceFacade.java" Intrnl_Id="3746">
<LocList>
<Loc EndOffset="4994" SrcFileId="26" StartOffset="4961"/>
</LocList>
</BasicStmnt>
</StmntSeq>
</HierarchyLvl>
<HierarchyLvl HierarchyLvlId="14829" HierarchyLvlTypeId="31" Intrnl_Id="3747" Name="getpNewCourseStart">
<Header>
<Loc EndOffset="5038" SrcFileId="26" StartOffset="5004"/>
</Header>
<LocList>
<Loc EndOffset="5082" SrcFileId="26" StartOffset="5004"/>
</LocList>
<StmntSeq Intrnl_Id="3748">
<LocList>
<Loc EndOffset="5078" SrcFileId="26" StartOffset="5044"/>
</LocList>
<BasicStmnt CovItemId="S61" CovItemPrefix="my.PSM.PSM_Interface.InterfaceFacade.java" Intrnl_Id="3749">
<LocList>
<Loc EndOffset="5078" SrcFileId="26" StartOffset="5044"/>
</LocList>
</BasicStmnt>
</StmntSeq>
</HierarchyLvl>
<HierarchyLvl HierarchyLvlId="14830" HierarchyLvlTypeId="31" Intrnl_Id="3750" Name="dataReceived">
<Header>
<Loc EndOffset="5117" SrcFileId="26" StartOffset="5088"/>
</Header>
<LocList>
<Loc EndOffset="5154" SrcFileId="26" StartOffset="5088"/>
</LocList>
<StmntSeq Intrnl_Id="3751">
<LocList>
<Loc EndOffset="5150" SrcFileId="26" StartOffset="5122"/>
</LocList>
<BasicStmnt CovItemId="S62" CovItemPrefix="my.PSM.PSM_Interface.InterfaceFacade.java" Intrnl_Id="3752">
<LocList>
<Loc EndOffset="5150" SrcFileId="26" StartOffset="5122"/>
</LocList>
</BasicStmnt>
</StmntSeq>
</HierarchyLvl>
<HierarchyLvl HierarchyLvlId="14831" HierarchyLvlTypeId="31" Intrnl_Id="3753" Name="setLogDataRec">
<Header>
<Loc EndOffset="5199" SrcFileId="26" StartOffset="5160"/>
</Header>
<LocList>
<Loc EndOffset="5231" SrcFileId="26" StartOffset="5160"/>
</LocList>
<StmntSeq Intrnl_Id="3754">
<LocList>
<Loc EndOffset="5227" SrcFileId="26" StartOffset="5204"/>
</LocList>
<BasicStmnt CovItemId="S63" CovItemPrefix="my.PSM.PSM_Interface.InterfaceFacade.java" Intrnl_Id="3755">
<LocList>
<Loc EndOffset="5227" SrcFileId="26" StartOffset="5204"/>
</LocList>
</BasicStmnt>
</StmntSeq>
</HierarchyLvl>
<HierarchyLvl HierarchyLvlId="14832" HierarchyLvlTypeId="31" Intrnl_Id="3756" Name="getUsername">
<Header>
<Loc EndOffset="5264" SrcFileId="26" StartOffset="5237"/>
</Header>
<LocList>
<Loc EndOffset="5300" SrcFileId="26" StartOffset="5237"/>
</LocList>
<StmntSeq Intrnl_Id="3757">
<LocList>
<Loc EndOffset="5296" SrcFileId="26" StartOffset="5269"/>
</LocList>
<BasicStmnt CovItemId="S64" CovItemPrefix="my.PSM.PSM_Interface.InterfaceFacade.java" Intrnl_Id="3758">
<LocList>
<Loc EndOffset="5296" SrcFileId="26" StartOffset="5269"/>
</LocList>
</BasicStmnt>
</StmntSeq>
</HierarchyLvl>
<HierarchyLvl HierarchyLvlId="14833" HierarchyLvlTypeId="31" Intrnl_Id="3759" Name="getPassword">
<Header>
<Loc EndOffset="5333" SrcFileId="26" StartOffset="5306"/>
</Header>
<LocList>
<Loc EndOffset="5369" SrcFileId="26" StartOffset="5306"/>
</LocList>
<StmntSeq Intrnl_Id="3760">
<LocList>
<Loc EndOffset="5365" SrcFileId="26" StartOffset="5338"/>
</LocList>
<BasicStmnt CovItemId="S65" CovItemPrefix="my.PSM.PSM_Interface.InterfaceFacade.java" Intrnl_Id="3761">
<LocList>
<Loc EndOffset="5365" SrcFileId="26" StartOffset="5338"/>
</LocList>
</BasicStmnt>
</StmntSeq>
</HierarchyLvl>
<HierarchyLvl HierarchyLvlId="14834" HierarchyLvlTypeId="31" Intrnl_Id="3762" Name="setAck">
<Header>
<Loc EndOffset="5407" SrcFileId="26" StartOffset="5375"/>
</Header>
<LocList>
<Loc EndOffset="5435" SrcFileId="26" StartOffset="5375"/>
</LocList>
<StmntSeq Intrnl_Id="3763">
<LocList>
<Loc EndOffset="5431" SrcFileId="26" StartOffset="5412"/>
</LocList>
<BasicStmnt CovItemId="S66" CovItemPrefix="my.PSM.PSM_Interface.InterfaceFacade.java" Intrnl_Id="3764">
<LocList>
<Loc EndOffset="5431" SrcFileId="26" StartOffset="5412"/>
</LocList>
</BasicStmnt>
</StmntSeq>
</HierarchyLvl>
<HierarchyLvl HierarchyLvlId="14835" HierarchyLvlTypeId="31" Intrnl_Id="3765" Name="getAck">
<Header>
<Loc EndOffset="5464" SrcFileId="26" StartOffset="5441"/>
</Header>
<LocList>
<Loc EndOffset="5492" SrcFileId="26" StartOffset="5441"/>
</LocList>
<StmntSeq Intrnl_Id="3766">
<LocList>
<Loc EndOffset="5488" SrcFileId="26" StartOffset="5469"/>
</LocList>
<BasicStmnt CovItemId="S67" CovItemPrefix="my.PSM.PSM_Interface.InterfaceFacade.java" Intrnl_Id="3767">
<LocList>
<Loc EndOffset="5488" SrcFileId="26" StartOffset="5469"/>
</LocList>
</BasicStmnt>
</StmntSeq>
</HierarchyLvl>
<HierarchyLvl HierarchyLvlId="14836" HierarchyLvlTypeId="31" Intrnl_Id="3768" Name="FifteenMinWarning">
<Header>
<Loc EndOffset="5529" SrcFileId="26" StartOffset="5498"/>
</Header>
<LocList>
<Loc EndOffset="5566" SrcFileId="26" StartOffset="5498"/>
</LocList>
<StmntSeq Intrnl_Id="3769">
<LocList>
<Loc EndOffset="5562" SrcFileId="26" StartOffset="5534"/>
</LocList>
<BasicStmnt CovItemId="S68" CovItemPrefix="my.PSM.PSM_Interface.InterfaceFacade.java" Intrnl_Id="3770">
<LocList>
<Loc EndOffset="5562" SrcFileId="26" StartOffset="5534"/>
</LocList>
</BasicStmnt>
</StmntSeq>
</HierarchyLvl>
<HierarchyLvl HierarchyLvlId="14837" HierarchyLvlTypeId="31" Intrnl_Id="3771" Name="FiveMinWarning">
<Header>
<Loc EndOffset="5600" SrcFileId="26" StartOffset="5572"/>
</Header>
<LocList>
<Loc EndOffset="5634" SrcFileId="26" StartOffset="5572"/>
</LocList>
<StmntSeq Intrnl_Id="3772">
<LocList>
<Loc EndOffset="5630" SrcFileId="26" StartOffset="5605"/>
</LocList>
<BasicStmnt CovItemId="S69" CovItemPrefix="my.PSM.PSM_Interface.InterfaceFacade.java" Intrnl_Id="3773">
<LocList>
<Loc EndOffset="5630" SrcFileId="26" StartOffset="5605"/>
</LocList>
</BasicStmnt>
</StmntSeq>
</HierarchyLvl>
<HierarchyLvl HierarchyLvlId="14838" HierarchyLvlTypeId="31" Intrnl_Id="3774" Name="endClassWarning">
<Header>
<Loc EndOffset="5669" SrcFileId="26" StartOffset="5640"/>
</Header>
<LocList>
<Loc EndOffset="5704" SrcFileId="26" StartOffset="5640"/>
</LocList>
<StmntSeq Intrnl_Id="3775">
<LocList>
<Loc EndOffset="5700" SrcFileId="26" StartOffset="5674"/>
</LocList>
<BasicStmnt CovItemId="S70" CovItemPrefix="my.PSM.PSM_Interface.InterfaceFacade.java" Intrnl_Id="3776">
<LocList>
<Loc EndOffset="5700" SrcFileId="26" StartOffset="5674"/>
</LocList>
</BasicStmnt>
</StmntSeq>
</HierarchyLvl>
</HierarchyLvl>
</HierarchyLvl>
</HierarchyLvl>
</HierarchyLvl>
</HierarchyLvl>
</MASTRoot>
</TestSessionContainer>
