<?xml version="1.0" encoding="UTF-8"?><TestSessionContainer xmlns="http://www.codecover.org/xml/testsession-container" Date="1467910312440" TestSessionContainerId="ddfe8a2a-d5c7-4520-97e5-2e0992c0f081" version="1.0">
<SrcFileList>
<SrcFile Content="package my.PSM.unitTestPSM;&#13;&#10;&#13;&#10;import static org.junit.Assert.*;&#13;&#10;&#13;&#10;import java.util.Calendar;&#13;&#10;import java.util.GregorianCalendar;&#13;&#10;import java.lang.System;&#13;&#10;&#13;&#10;import my.PSM.PSM_Logic.appController;&#13;&#10;&#13;&#10;import org.junit.After;&#13;&#10;import org.junit.Assert;&#13;&#10;import org.junit.Before;&#13;&#10;import org.junit.Test;&#13;&#10;&#13;&#10;&#13;&#10;public class appControllerTest {&#13;&#10;&#9;private appController app; //tested class&#13;&#10;&#9;private InterfaceFacadeStub iFacade; //stub&#13;&#10;&#9;private DataStoreFacadeStub dataStub; //stub&#13;&#10;&#13;&#10;&#9;@Before&#13;&#10;&#9;public void runBeforeAllTest(){&#13;&#10;&#9;&#9;//--Makes sure all dependent classes used are stubbed&#13;&#10;&#9;&#9;app = new appController();&#13;&#10;&#9;&#9;iFacade = new InterfaceFacadeStub(); //stubbed interface facade&#13;&#10;&#9;&#9;dataStub = new DataStoreFacadeStub(&quot;user&quot;, &quot;pw&quot;); //stubbed date store facade&#13;&#10;&#9;&#9;app.setDataStoreFacade(dataStub);&#13;&#10;&#9;&#9;app.setAuthenticate(new AuthenticateStub(&quot;user&quot;, &quot;pw&quot;)); //inject authenticate stub&#13;&#10;&#9;&#9;InterfaceControllerStub interfaceStub = new InterfaceControllerStub(iFacade); //stubbed interface Controller&#13;&#10;&#9;&#9;app.setInterfaceController(interfaceStub);&#13;&#10;&#9;}&#13;&#10;&#9;@After&#13;&#10;&#9;public void runAfterAllTest(){&#13;&#10;&#9;&#9;app = null;&#13;&#10;&#9;&#9;iFacade = null;&#13;&#10;&#9;&#9;dataStub = null;&#13;&#10;&#9;}&#13;&#10;&#9;@Test&#13;&#10;&#9;public void testMyMain() {&#13;&#10;&#9;&#9;//--Mimic User Input&#13;&#10;&#9;&#9;iFacade.setUsername(&quot;user&quot;);&#13;&#10;&#9;&#9;iFacade.setPassword(&quot;pw&quot;);&#13;&#10;&#9;&#9;iFacade.setLogout(true);&#13;&#10;&#13;&#10;&#9;&#9;app.myMain();&#13;&#10;&#9;&#9;&#13;&#10;&#9;&#9;//--Expect to be logged out when method returns&#13;&#10;&#9;&#9;assertEquals(app.getUser(), &quot;user&quot;);&#13;&#10;&#9;&#9;assertEquals(app.getPass(), &quot;pw&quot;);&#13;&#10;&#9;&#9;assertEquals(app.getLoggedIn(), false);&#13;&#10;&#9;&#9;assertTrue(app.isLogoutSel());&#13;&#10;&#9;}&#13;&#10;&#13;&#10;&#9;@Test&#13;&#10;&#9;public void testAppMainMenu(){&#13;&#10;&#9;&#9;//--Mimic user input&#13;&#10;&#9;&#9;iFacade.setEdit(true);&#13;&#10;&#9;&#9;&#13;&#10;&#9;&#9;app.appMainMenu();&#13;&#10;&#9;&#9;&#13;&#10;&#9;&#9;//--Expect edSchedSel to be true&#13;&#10;&#9;&#9;assertTrue(app.isEdSchedSel());&#13;&#10;&#9;}&#13;&#10;&#9;@Test&#13;&#10;&#9;public void testAppMainMenu02(){&#13;&#10;&#9;&#9;//--Mimic user input&#13;&#10;&#9;&#9;iFacade.setLogout(true);&#13;&#10;&#9;&#9;&#13;&#10;&#9;&#9;app.appMainMenu();&#13;&#10;&#9;&#9;&#13;&#10;&#9;&#9;//--Expect logoutSel to be true&#13;&#10;&#9;&#9;assertTrue(app.isLogoutSel());&#13;&#10;&#9;}&#13;&#10;&#9;@Test&#13;&#10;&#9;public void testAppMainMenu03(){&#13;&#10;&#9;&#9;//--Mimic user input&#13;&#10;&#9;&#9;iFacade.setInit(true);&#13;&#10;&#9;&#9;&#13;&#10;&#9;&#9;app.appMainMenu();&#13;&#10;&#9;&#9;&#13;&#10;&#9;&#9;//--Expect schedSetupSel to be true&#13;&#10;&#9;&#9;assertTrue(app.isSchedSetupSel());&#13;&#10;&#9;}&#13;&#10;&#9;@Test&#13;&#10;&#9;public void testSetupSched() {&#13;&#10;&#9;&#9;&#13;&#10;&#9;&#9;//--Mimic user input&#13;&#10;&#9;&#9;iFacade.setCourse(4072);&#13;&#10;&#9;&#9;iFacade.testHelper(&quot;CEN&quot;, &quot;Software Testing&quot;, &quot;Fall&quot;, &quot;06/15/16&quot;, &#13;&#10;&#9;&#9;&#9;&#9;&quot;07/15/16&quot;, null, null, &quot;04:30&quot;, &quot;06:15&quot;, null, null,&#13;&#10;&#9;&#9;&#9;&#9;&quot;04:30&quot;, &quot;06:15&quot;, null, null, null, null);&#13;&#10;&#9;&#9;&#13;&#10;&#9;&#9;app.setupSched();&#13;&#10;&#9;&#9;&#13;&#10;&#9;&#9;//--Expect the mimicked user input to be in the database&#13;&#10;&#9;&#9;Assert.assertTrue(dataStub.courses.contains(4072));&#13;&#10;&#9;&#9;Assert.assertEquals(dataStub.defCourseName.get(4072), &quot;Software Testing&quot;);&#13;&#10;&#9;&#9;Assert.assertEquals(dataStub.defSub.get(4072), &quot;CEN&quot;);&#13;&#10;&#9;&#9;Assert.assertEquals(dataStub.defSemester.get(4072), &quot;Fall&quot;);&#13;&#10;&#9;&#9;Assert.assertEquals(dataStub.defCourseStart.get(4072), &quot;06/15/16&quot;);&#13;&#10;&#9;&#9;Assert.assertEquals(dataStub.defCourseEnd.get(4072), &quot;07/15/16&quot;);&#13;&#10;&#9;&#9;Assert.assertEquals(dataStub.defMonStart.get(4072), null);&#13;&#10;&#9;&#9;Assert.assertEquals(dataStub.defMonEnd.get(4072), null);&#13;&#10;&#9;&#9;Assert.assertEquals(dataStub.defTueStart.get(4072), &quot;04:30&quot;);&#13;&#10;&#9;&#9;Assert.assertEquals(dataStub.defTueEnd.get(4072), &quot;06:15&quot;);&#13;&#10;&#9;&#9;Assert.assertEquals(dataStub.defWedStart.get(4072), null);&#13;&#10;&#9;&#9;Assert.assertEquals(dataStub.defWedEnd.get(4072), null);&#13;&#10;&#9;&#9;Assert.assertEquals(dataStub.defThuStart.get(4072), &quot;04:30&quot;);&#13;&#10;&#9;&#9;Assert.assertEquals(dataStub.defThuEnd.get(4072), &quot;06:15&quot;);&#13;&#10;&#9;&#9;Assert.assertEquals(dataStub.defFriStart.get(4072), null);&#13;&#10;&#9;&#9;Assert.assertEquals(dataStub.defFriEnd.get(4072), null);&#13;&#10;&#9;&#9;Assert.assertEquals(dataStub.defSatStart.get(4072), null);&#13;&#10;&#9;&#9;Assert.assertEquals(dataStub.defSatEnd.get(4072), null);&#13;&#10;&#9;}&#13;&#10;&#13;&#10;&#9;@Test&#13;&#10;&#9;public void testAppEditSched() {&#13;&#10;&#9;&#9;//--Precondition: Database has the course with ID 4072&#13;&#10;&#9;&#9;dataStub.courses.add(4072);&#13;&#10;&#9;&#9;&#13;&#10;&#9;&#9;//--Mimic user input&#13;&#10;&#9;&#9;iFacade.setCourse(4072);&#13;&#10;&#9;&#9;iFacade.testHelper(&quot;CEN&quot;, &quot;Software Testing&quot;, &quot;Fall&quot;, &quot;06/15/16&quot;, &#13;&#10;&#9;&#9;&#9;&#9;&quot;07/15/16&quot;, null, null, &quot;04:30&quot;, &quot;06:15&quot;, null, null,&#13;&#10;&#9;&#9;&#9;&#9;&quot;04:30&quot;, &quot;06:15&quot;, null, null, null, null);&#13;&#10;&#9;&#9;//--&#13;&#10;&#9;&#9;&#13;&#10;&#9;&#9;app.appEditSched();&#13;&#10;&#9;&#9;&#13;&#10;&#9;&#9;//--Expect the mimicked user input to be in the database&#13;&#10;&#9;&#9;Assert.assertEquals(dataStub.defCourseStart.get(4072), &quot;06/15/16&quot;);&#13;&#10;&#9;&#9;Assert.assertEquals(dataStub.defCourseEnd.get(4072), &quot;07/15/16&quot;);&#13;&#10;&#9;&#9;Assert.assertEquals(dataStub.defMonStart.get(4072), null);&#13;&#10;&#9;&#9;Assert.assertEquals(dataStub.defMonEnd.get(4072), null);&#13;&#10;&#9;&#9;Assert.assertEquals(dataStub.defTueStart.get(4072), &quot;04:30&quot;);&#13;&#10;&#9;&#9;Assert.assertEquals(dataStub.defTueEnd.get(4072), &quot;06:15&quot;);&#13;&#10;&#9;&#9;Assert.assertEquals(dataStub.defWedStart.get(4072), null);&#13;&#10;&#9;&#9;Assert.assertEquals(dataStub.defWedEnd.get(4072), null);&#13;&#10;&#9;&#9;Assert.assertEquals(dataStub.defThuStart.get(4072), &quot;04:30&quot;);&#13;&#10;&#9;&#9;Assert.assertEquals(dataStub.defThuEnd.get(4072), &quot;06:15&quot;);&#13;&#10;&#9;&#9;Assert.assertEquals(dataStub.defFriStart.get(4072), null);&#13;&#10;&#9;&#9;Assert.assertEquals(dataStub.defFriEnd.get(4072), null);&#13;&#10;&#9;&#9;Assert.assertEquals(dataStub.defSatStart.get(4072), null);&#13;&#10;&#9;&#9;Assert.assertEquals(dataStub.defSatEnd.get(4072), null);&#13;&#10;&#9;}&#13;&#10;&#13;&#10;&#9;@Test&#13;&#10;&#9;public void testAppLogin() {&#13;&#10;&#9;&#9;//--Mimic User Input&#13;&#10;&#9;&#9;iFacade.setUsername(&quot;user&quot;);&#13;&#10;&#9;&#9;iFacade.setPassword(&quot;pw&quot;);&#13;&#10;&#9;&#9;&#13;&#10;&#9;&#9;app.appLogin();&#13;&#10;&#9;&#9;&#13;&#10;&#9;&#9;//--Expect to successfully login. And the state of app to change.&#13;&#10;&#9;&#9;Assert.assertTrue(app.getLoggedIn());&#13;&#10;&#9;&#9;Assert.assertEquals(app.getUser(), &quot;user&quot;);&#13;&#10;&#9;&#9;Assert.assertEquals(app.getPass(), &quot;pw&quot;);&#13;&#10;&#9;}&#13;&#10;&#13;&#10;&#9;@Test&#13;&#10;&#9;public void testAppLogin02() {&#13;&#10;&#9;&#9;//--Mimic User Input&#13;&#10;&#9;&#9;iFacade.setUsername(&quot;Peter&quot;);&#13;&#10;&#9;&#9;iFacade.setPassword(&quot;Clarke&quot;);&#13;&#10;&#9;&#9;&#13;&#10;&#9;&#9;app.appLogin();&#13;&#10;&#9;&#9;&#13;&#10;&#9;&#9;//--Expect to unsuccessfully login. And method returns from 3 failed attempts.&#13;&#10;&#9;&#9;assertEquals(app.getLoggedIn(), false);&#13;&#10;&#9;&#9;assertEquals(app.getCounter(), 3);&#13;&#10;&#9;&#9;assertEquals(app.getUser(), &quot;Peter&quot;);&#13;&#10;&#9;&#9;assertEquals(app.getPass(), &quot;Clarke&quot;);&#13;&#10;&#9;}&#13;&#10;&#9;@Test&#13;&#10;&#9;public void testCheckClear() {&#13;&#10;&#9;&#9;//--Precondition: database is empty&#13;&#10;&#9;&#9;&#13;&#10;&#9;&#9;//--Expect the method to return true&#13;&#10;&#9;&#9;Assert.assertTrue(app.checkClear());&#13;&#10;&#9;&#9;&#13;&#10;&#9;}&#13;&#10;&#9;&#13;&#10;&#9;@Test&#13;&#10;&#9;public void testCheckClear02() {&#13;&#10;&#9;&#9;//--Precondition: database contains the following info&#13;&#10;&#9;&#9;dataStub.testHelper(4072, &quot;CEN&quot;, &quot;Software Testing&quot;, &quot;SummerA&quot;, &quot;01/15/16&quot;, &quot;04/31/16&quot;, null, null, &#13;&#10;&#9;&#9;&#9;&#9;&quot;04:30&quot;, &quot;06:15&quot;, null, null, &quot;04:30&quot;, &quot;06:15&quot;, null, null, null, null);&#13;&#10;&#9;&#9;dataStub.testHelper(4010, &quot;CEN&quot;, &quot;Software Engineering&quot;, &quot;SummerA&quot;, &quot;01/15/16&quot;, &quot;04/28/16&quot;, null, null, &#13;&#10;&#9;&#9;&#9;&#9;&quot;04:30&quot;, &quot;06:15&quot;, null, null, &quot;04:30&quot;, &quot;06:15&quot;, null, null, null, null);&#13;&#10;&#9;&#9;//--Expect the method to return true&#13;&#10;&#9;&#9;Assert.assertTrue(app.checkClear());&#13;&#10;&#9;}&#13;&#10;&#13;&#10;&#9;@Test&#13;&#10;&#9;public void testCheckClear03() {&#13;&#10;&#9;&#9;//--Precondition: database is contains the following info&#13;&#10;&#9;&#9;dataStub.testHelper(4072, &quot;CEN&quot;, &quot;Software Testing&quot;, &quot;SummerA&quot;, &quot;04/31/16&quot;, &quot;07/31/16&quot;, null, null, &#13;&#10;&#9;&#9;&#9;&#9;&quot;04:30&quot;, &quot;06:15&quot;, null, null, &quot;04:30&quot;, &quot;06:15&quot;, null, null, null, null);&#13;&#10;&#9;&#9;dataStub.testHelper(4010, &quot;CEN&quot;, &quot;Software Engineering&quot;, &quot;SummerA&quot;, &quot;04/28/16&quot;, &quot;07/28/16&quot;, null, null, &#13;&#10;&#9;&#9;&#9;&#9;&quot;04:30&quot;, &quot;06:15&quot;, null, null, &quot;04:30&quot;, &quot;06:15&quot;, null, null, null, null);&#13;&#10;&#9;&#9;//--Expect the method to return false&#13;&#10;&#9;&#9;Assert.assertEquals(app.checkClear(), false);&#13;&#10;&#9;&#9;&#13;&#10;&#9;}&#13;&#10;&#13;&#10;&#9;@Test&#13;&#10;&#9;public void testGetData() {&#13;&#10;&#9;&#9;//--Precondition: Database contains the following info&#13;&#10;&#9;&#9;dataStub.testHelper(4072, &quot;CEN&quot;, &quot;Software Testing&quot;, &quot;SummerA&quot;, &quot;06/15/16&quot;, &quot;07/15/16&quot;, null, null, &#13;&#10;&#9;&#9;&#9;&#9;&quot;04:30&quot;, &quot;06:15&quot;, null, null, &quot;04:30&quot;, &quot;06:15&quot;, null, null, null, null);&#13;&#10;&#9;&#9;&#13;&#10;&#9;&#9;app.getData(4072);&#13;&#10;&#9;&#9;&#13;&#10;&#9;&#9;//--Expect the fields of app to change to the corresponding data in the database&#13;&#10;&#9;&#9;Assert.assertEquals(app.defCourseName, &quot;Software Testing&quot;);&#13;&#10;&#9;&#9;Assert.assertEquals(app.defSub, &quot;CEN&quot;);&#13;&#10;&#9;&#9;Assert.assertEquals(app.defSemester, &quot;SummerA&quot;);&#13;&#10;&#9;&#9;Assert.assertEquals(app.defCourseStart, &quot;06/15/16&quot;);&#13;&#10;&#9;&#9;Assert.assertEquals(app.defCourseEnd, &quot;07/15/16&quot;);&#13;&#10;&#9;&#9;Assert.assertEquals(app.defMonStart, null);&#13;&#10;&#9;&#9;Assert.assertEquals(app.defMonEnd, null);&#13;&#10;&#9;&#9;Assert.assertEquals(app.defTueStart, &quot;04:30&quot;);&#13;&#10;&#9;&#9;Assert.assertEquals(app.defTueEnd, &quot;06:15&quot;);&#13;&#10;&#9;&#9;Assert.assertEquals(app.defWedStart, null);&#13;&#10;&#9;&#9;Assert.assertEquals(app.defWedEnd, null);&#13;&#10;&#9;&#9;Assert.assertEquals(app.defThuStart, &quot;04:30&quot;);&#13;&#10;&#9;&#9;Assert.assertEquals(app.defThuEnd, &quot;06:15&quot;);&#13;&#10;&#9;&#9;Assert.assertEquals(app.defFriStart, null);&#13;&#10;&#9;&#9;Assert.assertEquals(app.defFriEnd, null);&#13;&#10;&#9;&#9;Assert.assertEquals(app.defSatStart, null);&#13;&#10;&#9;&#9;Assert.assertEquals(app.defSatEnd, null);&#13;&#10;&#9;}&#13;&#10;&#13;&#10;&#9;@Test&#13;&#10;&#9;public void testSleep() {&#13;&#10;&#9;&#9;long begin = System.currentTimeMillis();&#13;&#10;&#9;&#9;app.sleep(5);&#13;&#10;&#9;&#9;long end = System.currentTimeMillis();&#13;&#10;&#9;&#9;&#13;&#10;&#9;&#9;//Expect time elapsed to be 5ms.&#13;&#10;&#9;&#9;Assert.assertEquals(end-begin, 5);&#13;&#10;&#9;}&#13;&#10;&#13;&#10;&#9;@Test&#13;&#10;&#9;public void testLogIn() {&#13;&#10;&#9;&#9;//--Precondition: The state of app has the correct user credentials&#13;&#10;&#9;&#9;app.setUser(&quot;user&quot;);&#13;&#10;&#9;&#9;app.setPassword(&quot;pw&quot;);&#13;&#10;&#9;&#9;&#13;&#10;&#9;&#9;app.LogIn();&#13;&#10;&#9;&#9;&#13;&#10;&#9;&#9;//--Expect the loggedin field to be true&#13;&#10;&#9;&#9;Assert.assertTrue(app.getLoggedIn());&#13;&#10;&#9;}&#13;&#10;&#13;&#10;&#9;@Test&#13;&#10;&#9;public void testLogIn02() {&#13;&#10;&#9;&#9;//--Precondition: The state of app has the correct user credentials&#13;&#10;&#9;&#9;app.setUser(&quot;peter&quot;);&#13;&#10;&#9;&#9;app.setPassword(&quot;clarke&quot;);&#13;&#10;&#9;&#9;&#13;&#10;&#9;&#9;app.LogIn();&#13;&#10;&#9;&#9;&#13;&#10;&#9;&#9;//--Expect the loggedin field to be true&#13;&#10;&#9;&#9;Assert.assertFalse(app.getLoggedIn());&#13;&#10;&#9;}&#13;&#10;&#13;&#10;&#9;@Test&#13;&#10;&#9;public void testTimerParser() {&#13;&#10;&#9;&#9;app.timerParser(&quot;04:35&quot;);&#13;&#10;&#9;&#9;&#13;&#10;&#9;&#9;//--Expect the hr = 4 and min = 35&#13;&#10;&#9;&#9;Assert.assertTrue(app.returnHr() == 4 &amp;&amp; app.returnMin() == 35);&#13;&#10;&#9;}&#13;&#10;&#13;&#10;&#9;&#13;&#10;&#9;@Test&#13;&#10;&#9;public void testDateParser() {&#13;&#10;&#9;&#9;app.dateParser(&quot;06/31/16&quot;);&#13;&#10;&#9;&#9;&#13;&#10;&#9;&#9;//--Expect month = 6, date = 31, year = 16&#13;&#10;&#9;&#9;Assert.assertEquals(app.getClearYear(), 16);&#13;&#10;&#9;&#9;Assert.assertEquals(app.getClearMonth(), 6);&#13;&#10;&#9;&#9;Assert.assertEquals(app.getClearDate(), 31);&#13;&#10;&#9;}&#13;&#10;&#13;&#10;&#9;@Test&#13;&#10;&#9;public void testGetEndTime() {&#13;&#10;&#9;&#9;//--Expect a date that has hr = 4, min = 29&#13;&#10;&#9;&#9;assertEquals(app.getEndTime(4, 30).toString().substring(11, 16), &quot;04:29&quot;);&#13;&#10;&#9;}&#13;&#10;&#13;&#10;&#9;@Test&#13;&#10;&#9;public void testGet15BeforeEnd() {&#13;&#10;&#9;&#9;//--Expect a date that has hr = 4, min = 15&#13;&#10;&#9;&#9;assertEquals(app.get15BeforeEnd(4, 30).toString().substring(11, 16), &quot;04:15&quot;);&#13;&#10;&#9;}&#13;&#10;&#13;&#10;&#9;@Test&#13;&#10;&#9;public void testGet15BeforeEnd02() {&#13;&#10;&#9;&#9;//--Expect a date that has hr = 3, min = 55&#13;&#10;&#9;&#9;assertEquals(app.get15BeforeEnd(4, 10).toString().substring(11, 16), &quot;03:55&quot;);&#13;&#10;&#9;}&#13;&#10;&#9;@Test&#13;&#10;&#9;public void testGet5BeforeEnd() {&#13;&#10;&#9;&#9;Calendar date = new GregorianCalendar();&#13;&#10;&#9;&#9;date.setTimeInMillis(System.currentTimeMillis());&#13;&#10;&#9;&#9;date.set(Calendar.YEAR, Calendar.MONTH, Calendar.DATE, &#13;&#10;&#9;&#9;&#9;&#9;4, 25, 1);&#13;&#10;&#9;&#9;&#13;&#10;&#9;&#9;//--Expect a date that has hr = 4, min = 25&#13;&#10;&#9;&#9;assertEquals(app.get5BeforeEnd(4, 30).toString().substring(11, 16), &quot;04:25&quot;);&#13;&#10;&#9;}&#13;&#10;&#13;&#10;&#9;@Test&#13;&#10;&#9;public void testGet5BeforeEnd02() {&#13;&#10;&#9;&#9;Calendar date = new GregorianCalendar();&#13;&#10;&#9;&#9;date.set(Calendar.YEAR, Calendar.MONTH, Calendar.DATE, &#13;&#10;&#9;&#9;&#9;&#9;3, 58, 1);&#13;&#10;&#9;&#9;&#13;&#10;&#9;&#9;//--Expect a date that has hr = 3, min = 58&#13;&#10;&#9;&#9;assertEquals(app.get5BeforeEnd(4, 3).toString().substring(11, 16), &quot;03:58&quot;);&#13;&#10;&#9;}&#13;&#10;}&#13;&#10;" Filename="appControllerTest.java" Intrnl_Id="1"/>
<SrcFile Content="package my.PSM.unitTestPSM;&#13;&#10;&#13;&#10;import java.util.ArrayList;&#13;&#10;import java.util.HashMap;&#13;&#10;&#13;&#10;import my.PSM.PSM_Storage.MySQLManager;&#13;&#10;&#13;&#10;public class MySQLManagerStub extends MySQLManager {&#13;&#10;&#13;&#10;&#9;private String correctUser;&#13;&#10;&#9;private String correctPass;&#13;&#10;&#9;private boolean isConnected;&#13;&#10;&#13;&#10;&#9;/* Mimic functionality of database with hashmaps*/&#13;&#10;&#9;public ArrayList&lt;Integer&gt; courses = new ArrayList&lt;Integer&gt;();&#13;&#10;&#9;public HashMap&lt;Integer, String&gt; defSub = new HashMap&lt;Integer, String&gt;();&#13;&#10;&#9;public HashMap&lt;Integer, String&gt; defSemester = new HashMap&lt;Integer, String&gt;();&#13;&#10;&#9;public HashMap&lt;Integer, String&gt; defCourseName = new HashMap&lt;Integer, String&gt;();&#13;&#10;&#9;public HashMap&lt;Integer, String&gt; defCourseStart = new HashMap&lt;Integer, String&gt;();&#13;&#10;&#9;public HashMap&lt;Integer, String&gt; defCourseEnd = new HashMap&lt;Integer, String&gt;();&#13;&#10;&#9;public HashMap&lt;Integer, String&gt; defMonStart = new HashMap&lt;Integer, String&gt;();&#13;&#10;&#9;public HashMap&lt;Integer, String&gt; defMonEnd = new HashMap&lt;Integer, String&gt;();&#13;&#10;&#9;public HashMap&lt;Integer, String&gt; defTueStart = new HashMap&lt;Integer, String&gt;();&#13;&#10;&#9;public HashMap&lt;Integer, String&gt; defTueEnd = new HashMap&lt;Integer, String&gt;();&#13;&#10;&#9;public HashMap&lt;Integer, String&gt; defWedStart = new HashMap&lt;Integer, String&gt;();&#13;&#10;&#9;public HashMap&lt;Integer, String&gt; defWedEnd = new HashMap&lt;Integer, String&gt;();&#13;&#10;&#9;public HashMap&lt;Integer, String&gt; defThuStart = new HashMap&lt;Integer, String&gt;();&#13;&#10;&#9;public HashMap&lt;Integer, String&gt; defThuEnd = new HashMap&lt;Integer, String&gt;();&#13;&#10;&#9;public HashMap&lt;Integer, String&gt; defFriStart = new HashMap&lt;Integer, String&gt;();&#13;&#10;&#9;public HashMap&lt;Integer, String&gt; defFriEnd = new HashMap&lt;Integer, String&gt;();&#13;&#10;&#9;public HashMap&lt;Integer, String&gt; defSatStart = new HashMap&lt;Integer, String&gt;();&#13;&#10;&#9;public HashMap&lt;Integer, String&gt; defSatEnd = new HashMap&lt;Integer, String&gt;();&#13;&#10;&#13;&#10;&#9;/**&#13;&#10;&#9; * This method is used to setup the &quot;database&quot; before applying test cases.&#13;&#10;&#9; * &#13;&#10;&#9; * &#13;&#10;&#9; */&#13;&#10;&#9;public void testHelper(int courseID, String courseSubj, String courseName, String semester, String startDate,&#13;&#10;&#9;&#9;&#9;String endDate, String startMon, String endMon, String startTue, String endTue, String startWed,&#13;&#10;&#9;&#9;&#9;String endWed, String startThu, String endThu, String startFri, String endFri, String startSat,&#13;&#10;&#9;&#9;&#9;String endSat) {&#13;&#10;&#9;&#9;courses.add(courseID);&#13;&#10;&#9;&#9;defSub.put(courseID, courseSubj);&#13;&#10;&#9;&#9;defCourseName.put(courseID, courseName);&#13;&#10;&#9;&#9;defSemester.put(courseID, semester);&#13;&#10;&#9;&#9;defCourseStart.put(courseID, startDate);&#13;&#10;&#9;&#9;defCourseEnd.put(courseID, endDate);&#13;&#10;&#9;&#9;defMonStart.put(courseID, startMon);&#13;&#10;&#9;&#9;defMonEnd.put(courseID, endMon);&#13;&#10;&#9;&#9;defTueStart.put(courseID, startTue);&#13;&#10;&#9;&#9;defTueEnd.put(courseID, endTue);&#13;&#10;&#9;&#9;defWedStart.put(courseID, startWed);&#13;&#10;&#9;&#9;defWedEnd.put(courseID, endWed);&#13;&#10;&#9;&#9;defThuStart.put(courseID, startThu);&#13;&#10;&#9;&#9;defThuEnd.put(courseID, endThu);&#13;&#10;&#9;&#9;defFriStart.put(courseID, startFri);&#13;&#10;&#9;&#9;defFriEnd.put(courseID, endFri);&#13;&#10;&#9;&#9;defSatStart.put(courseID, startSat);&#13;&#10;&#9;&#9;defSatEnd.put(courseID, endSat);&#13;&#10;&#9;}&#13;&#10;&#13;&#10;&#9;/**&#13;&#10;&#9; * This method will initiliaze a database with credentials corresponding to&#13;&#10;&#9; * the parameters&#13;&#10;&#9; * &#13;&#10;&#9; * @param username&#13;&#10;&#9; * @param password&#13;&#10;&#9; */&#13;&#10;&#9;public MySQLManagerStub(String username, String password) {&#13;&#10;&#9;&#9;correctUser = username;&#13;&#10;&#9;&#9;correctPass = password;&#13;&#10;&#9;&#9;isConnected = false;&#13;&#10;&#9;}&#13;&#10;&#13;&#10;&#9;@Override&#13;&#10;&#9;public int connect(String db, String user, String pw) {&#13;&#10;&#9;&#9;if (correctUser.equals(user) &amp;&amp; correctPass.equals(pw)) {&#13;&#10;&#9;&#9;&#9;isConnected = true;&#13;&#10;&#9;&#9;&#9;return 0;&#13;&#10;&#9;&#9;} else {&#13;&#10;&#9;&#9;&#9;isConnected = false;&#13;&#10;&#9;&#9;&#9;return -1;&#13;&#10;&#9;&#9;}&#13;&#10;&#9;}&#13;&#10;&#13;&#10;&#9;@Override&#13;&#10;&#9;public int connect(String user, String pw) {&#13;&#10;&#9;&#9;if (correctUser.equals(user) &amp;&amp; correctPass.equals(pw)) {&#13;&#10;&#9;&#9;&#9;isConnected = true;&#13;&#10;&#9;&#9;&#9;return 0;&#13;&#10;&#9;&#9;} else {&#13;&#10;&#9;&#9;&#9;isConnected = false;&#13;&#10;&#9;&#9;&#9;return -1;&#13;&#10;&#9;&#9;}&#13;&#10;&#9;}&#13;&#10;&#13;&#10;&#9;@Override&#13;&#10;&#9;public int disconnect() {&#13;&#10;&#9;&#9;isConnected = false;&#13;&#10;&#9;&#9;return 0;&#13;&#10;&#9;}&#13;&#10;&#13;&#10;&#9;@Override&#13;&#10;&#9;public int fetchCourseID(int courseID) {&#13;&#10;&#9;&#9;if (courses.contains(courseID))&#13;&#10;&#9;&#9;&#9;return courseID;&#13;&#10;&#9;&#9;else&#13;&#10;&#9;&#9;&#9;return -1;&#13;&#10;&#9;}&#13;&#10;&#13;&#10;&#9;@Override&#13;&#10;&#9;public ArrayList&lt;String&gt; getEndDates() {&#13;&#10;&#9;&#9;ArrayList&lt;String&gt; endDates = new ArrayList&lt;String&gt;();&#13;&#10;&#9;&#9;endDates.addAll(defCourseEnd.values());&#13;&#10;&#9;&#9;return endDates;&#13;&#10;&#9;}&#13;&#10;&#13;&#10;&#9;@Override&#13;&#10;&#9;public ArrayList&lt;Integer&gt; getCourses() {&#13;&#10;&#9;&#9;return courses;&#13;&#10;&#9;}&#13;&#10;&#13;&#10;&#9;@Override&#13;&#10;&#9;public String fetchCourseSubj(int courseID) {&#13;&#10;&#9;&#9;return defSub.get(courseID);&#13;&#10;&#9;}&#13;&#10;&#13;&#10;&#9;@Override&#13;&#10;&#9;public String fetchCourseName(int courseID) {&#13;&#10;&#9;&#9;return defCourseName.get(courseID);&#13;&#10;&#9;}&#13;&#10;&#13;&#10;&#9;@Override&#13;&#10;&#9;public String fetchCourseSemester(int courseID) {&#13;&#10;&#9;&#9;return defSemester.get(courseID);&#13;&#10;&#9;}&#13;&#10;&#13;&#10;&#9;@Override&#13;&#10;&#9;public String fetchCourseStart(int courseID) {&#13;&#10;&#9;&#9;return defCourseStart.get(courseID);&#13;&#10;&#9;}&#13;&#10;&#13;&#10;&#9;@Override&#13;&#10;&#9;public String fetchCourseEnd(int courseID) {&#13;&#10;&#9;&#9;return defCourseEnd.get(courseID);&#13;&#10;&#9;}&#13;&#10;&#13;&#10;&#9;@Override&#13;&#10;&#9;public String fetchStartMon(int courseID) {&#13;&#10;&#9;&#9;return defMonStart.get(courseID);&#13;&#10;&#9;}&#13;&#10;&#13;&#10;&#9;@Override&#13;&#10;&#9;public String fetchEndMon(int courseID) {&#13;&#10;&#9;&#9;return defMonEnd.get(courseID);&#13;&#10;&#9;}&#13;&#10;&#13;&#10;&#9;@Override&#13;&#10;&#9;public String fetchStartTue(int courseID) {&#13;&#10;&#9;&#9;return defTueStart.get(courseID);&#13;&#10;&#9;}&#13;&#10;&#13;&#10;&#9;@Override&#13;&#10;&#9;public String fetchEndTue(int courseID) {&#13;&#10;&#9;&#9;return defTueEnd.get(courseID);&#13;&#10;&#9;}&#13;&#10;&#13;&#10;&#9;@Override&#13;&#10;&#9;public String fetchStartWed(int courseID) {&#13;&#10;&#9;&#9;return defWedStart.get(courseID);&#13;&#10;&#9;}&#13;&#10;&#13;&#10;&#9;@Override&#13;&#10;&#9;public String fetchEndWed(int courseID) {&#13;&#10;&#9;&#9;return defWedEnd.get(courseID);&#13;&#10;&#9;}&#13;&#10;&#13;&#10;&#9;@Override&#13;&#10;&#9;public String fetchStartThu(int courseID) {&#13;&#10;&#9;&#9;return defThuStart.get(courseID);&#13;&#10;&#9;}&#13;&#10;&#13;&#10;&#9;@Override&#13;&#10;&#9;public String fetchEndThu(int courseID) {&#13;&#10;&#9;&#9;return defThuEnd.get(courseID);&#13;&#10;&#9;}&#13;&#10;&#13;&#10;&#9;@Override&#13;&#10;&#9;public String fetchStartFri(int courseID) {&#13;&#10;&#9;&#9;return defFriStart.get(courseID);&#13;&#10;&#9;}&#13;&#10;&#13;&#10;&#9;@Override&#13;&#10;&#9;public String fetchEndFri(int courseID) {&#13;&#10;&#9;&#9;return defFriEnd.get(courseID);&#13;&#10;&#9;}&#13;&#10;&#13;&#10;&#9;@Override&#13;&#10;&#9;public String fetchStartSat(int courseID) {&#13;&#10;&#9;&#9;return defSatStart.get(courseID);&#13;&#10;&#9;}&#13;&#10;&#13;&#10;&#9;@Override&#13;&#10;&#9;public String fetchEndSat(int courseID) {&#13;&#10;&#9;&#9;return defSatEnd.get(courseID);&#13;&#10;&#9;}&#13;&#10;&#13;&#10;&#9;@Override&#13;&#10;&#9;public int storeClassInfo(int courseID, String courseSubj, String courseName, String semester) {&#13;&#10;&#9;&#9;courses.add(courseID);&#13;&#10;&#9;&#9;defSub.put(courseID, courseSubj);&#13;&#10;&#9;&#9;defCourseName.put(courseID, courseName);&#13;&#10;&#9;&#9;defSemester.put(courseID, semester);&#13;&#10;&#9;&#9;return 0;&#13;&#10;&#9;}&#13;&#10;&#13;&#10;&#9;@Override&#13;&#10;&#9;public int storeClassSched(int courseID, String startDate, String endDate, String startMon, String endMon,&#13;&#10;&#9;&#9;&#9;String startTue, String endTue, String startWed, String endWed, String startThu, String endThu,&#13;&#10;&#9;&#9;&#9;String startFri, String endFri, String startSat, String endSat) {&#13;&#10;&#9;&#9;if (courses.contains(courseID)) {&#13;&#10;&#9;&#9;&#9;defCourseStart.put(courseID, startDate);&#13;&#10;&#9;&#9;&#9;defCourseEnd.put(courseID, endDate);&#13;&#10;&#9;&#9;&#9;defMonStart.put(courseID, startMon);&#13;&#10;&#9;&#9;&#9;defMonEnd.put(courseID, endMon);&#13;&#10;&#9;&#9;&#9;defTueStart.put(courseID, startTue);&#13;&#10;&#9;&#9;&#9;defTueEnd.put(courseID, endTue);&#13;&#10;&#9;&#9;&#9;defWedStart.put(courseID, startWed);&#13;&#10;&#9;&#9;&#9;defWedEnd.put(courseID, endWed);&#13;&#10;&#9;&#9;&#9;defThuStart.put(courseID, startThu);&#13;&#10;&#9;&#9;&#9;defThuEnd.put(courseID, endThu);&#13;&#10;&#9;&#9;&#9;defFriStart.put(courseID, startFri);&#13;&#10;&#9;&#9;&#9;defFriEnd.put(courseID, endFri);&#13;&#10;&#9;&#9;&#9;defSatStart.put(courseID, startSat);&#13;&#10;&#9;&#9;&#9;defSatEnd.put(courseID, endSat);&#13;&#10;&#9;&#9;}&#13;&#10;&#9;&#9;return 0;&#13;&#10;&#9;}&#13;&#10;&#13;&#10;&#9;@Override&#13;&#10;&#9;public void clearDatabase() {&#13;&#10;&#9;&#9;if (isConnected) {&#13;&#10;&#9;&#9;&#9;courses.clear();&#13;&#10;&#9;&#9;&#9;defSub.clear();&#13;&#10;&#9;&#9;&#9;defCourseName.clear();&#13;&#10;&#9;&#9;&#9;defSemester.clear();&#13;&#10;&#9;&#9;&#9;defCourseStart.clear();&#13;&#10;&#9;&#9;&#9;defCourseEnd.clear();&#13;&#10;&#9;&#9;&#9;defMonStart.clear();&#13;&#10;&#9;&#9;&#9;defMonEnd.clear();&#13;&#10;&#9;&#9;&#9;defTueStart.clear();&#13;&#10;&#9;&#9;&#9;defTueEnd.clear();&#13;&#10;&#9;&#9;&#9;defWedStart.clear();&#13;&#10;&#9;&#9;&#9;defWedEnd.clear();&#13;&#10;&#9;&#9;&#9;defThuStart.clear();&#13;&#10;&#9;&#9;&#9;defThuEnd.clear();&#13;&#10;&#9;&#9;&#9;defFriStart.clear();&#13;&#10;&#9;&#9;&#9;defFriEnd.clear();&#13;&#10;&#9;&#9;&#9;defSatStart.clear();&#13;&#10;&#9;&#9;&#9;defSatEnd.clear();&#13;&#10;&#9;&#9;}&#13;&#10;&#9;}&#13;&#10;&#13;&#10;&#9;@Override&#13;&#10;&#9;public int createClassTable() {&#13;&#10;&#9;&#9;// Precondition: the database is connected.&#13;&#10;&#9;&#9;return 0;&#13;&#10;&#9;}&#13;&#10;&#13;&#10;}" Filename="MySQLManagerStub.java" Intrnl_Id="2"/>
<SrcFile Content="package my.PSM.unitTestPSM;&#13;&#10;&#13;&#10;import my.PSM.PSM_Interface.InterfaceFacade;&#13;&#10;&#13;&#10;public class InterfaceFacadeStub extends InterfaceFacade {&#13;&#10;&#13;&#10;&#9;private int course;&#13;&#10;&#9;private String username;&#13;&#10;&#9;private String password;&#13;&#10;&#9;private boolean edit;&#13;&#10;&#9;private boolean logout;&#13;&#10;&#9;private boolean init;&#13;&#10;&#13;&#10;&#9;public String defSub = &quot;&quot;;&#13;&#10;&#9;public String defSemester = &quot;&quot;;&#13;&#10;&#9;public String defCourseName = &quot;&quot;;&#13;&#10;&#9;public String defCourseStart = &quot;&quot;;&#13;&#10;&#9;public String defCourseEnd = &quot;&quot;;&#13;&#10;&#9;public String defMonStart = &quot;&quot;;&#13;&#10;&#9;public String defMonEnd = &quot;&quot;;&#13;&#10;&#9;public String defTueStart = &quot;&quot;;&#13;&#10;&#9;public String defTueEnd = &quot;&quot;;&#13;&#10;&#9;public String defWedStart = &quot;&quot;;&#13;&#10;&#9;public String defWedEnd = &quot;&quot;;&#13;&#10;&#9;public String defThuStart = &quot;&quot;;&#13;&#10;&#9;public String defThuEnd = &quot;&quot;;&#13;&#10;&#9;public String defFriStart = &quot;&quot;;&#13;&#10;&#9;public String defFriEnd = &quot;&quot;;&#13;&#10;&#9;public String defSatStart = &quot;&quot;;&#13;&#10;&#9;public String defSatEnd = &quot;&quot;;&#13;&#10;&#13;&#10;&#9;public InterfaceFacadeStub() {&#13;&#10;&#9;&#9;super();&#13;&#10;&#9;&#9;username = &quot;&quot;;&#13;&#10;&#9;&#9;password = &quot;&quot;;&#13;&#10;&#9;}&#13;&#10;&#13;&#10;&#9;public void testHelper(String courseSubj, String courseName,&#13;&#10;&#9;&#9;&#9;String semester, String startDate, String endDate, String startMon,&#13;&#10;&#9;&#9;&#9;String endMon, String startTue, String endTue, String startWed,&#13;&#10;&#9;&#9;&#9;String endWed, String startThu, String endThu, String startFri,&#13;&#10;&#9;&#9;&#9;String endFri, String startSat, String endSat) {&#13;&#10;&#9;&#9;defSub = courseSubj;&#13;&#10;&#9;&#9;defCourseName = courseName;&#13;&#10;&#9;&#9;defSemester = semester;&#13;&#10;&#9;&#9;defCourseStart = startDate;&#13;&#10;&#9;&#9;defCourseEnd = endDate;&#13;&#10;&#9;&#9;defMonStart = startMon;&#13;&#10;&#9;&#9;defMonEnd = endMon;&#13;&#10;&#9;&#9;defTueStart = startTue;&#13;&#10;&#9;&#9;defTueEnd = endTue;&#13;&#10;&#9;&#9;defWedStart = startWed;&#13;&#10;&#9;&#9;defWedEnd = endWed;&#13;&#10;&#9;&#9;defThuStart = startThu;&#13;&#10;&#9;&#9;defThuEnd = endThu;&#13;&#10;&#9;&#9;defFriStart = startFri;&#13;&#10;&#9;&#9;defFriEnd = endFri;&#13;&#10;&#9;&#9;defSatStart = startSat;&#13;&#10;&#9;&#9;defSatEnd = endSat;&#13;&#10;&#9;}&#13;&#10;&#13;&#10;&#9;public void setEdit(boolean edit) {&#13;&#10;&#9;&#9;this.edit = edit;&#13;&#10;&#9;}&#13;&#10;&#13;&#10;&#9;public void setLogout(boolean logout) {&#13;&#10;&#9;&#9;this.logout = logout;&#13;&#10;&#9;}&#13;&#10;&#13;&#10;&#9;public void setInit(boolean init) {&#13;&#10;&#9;&#9;this.init = init;&#13;&#10;&#9;}&#13;&#10;&#13;&#10;&#9;public void setUsername(String u) {&#13;&#10;&#9;&#9;username = u;&#13;&#10;&#9;}&#13;&#10;&#13;&#10;&#9;public void setPassword(String p) {&#13;&#10;&#9;&#9;password = p;&#13;&#10;&#9;}&#13;&#10;&#13;&#10;&#9;@Override&#13;&#10;&#9;public void lockedOut() {&#13;&#10;&#9;&#9;// do nothing&#13;&#10;&#9;}&#13;&#10;&#13;&#10;&#9;@Override&#13;&#10;&#9;public void logoutConfirmation() {&#13;&#10;&#9;&#9;// do nothing&#13;&#10;&#9;}&#13;&#10;&#13;&#10;&#9;@Override&#13;&#10;&#9;public void launchLogout() {&#13;&#10;&#9;&#9;// do nothing&#13;&#10;&#9;}&#13;&#10;&#13;&#10;&#9;@Override&#13;&#10;&#9;public void incorrectLogin() {&#13;&#10;&#9;&#9;// do nothing&#13;&#10;&#9;}&#13;&#10;&#13;&#10;&#9;@Override&#13;&#10;&#9;public void launchInitial() {&#13;&#10;&#9;&#9;// do nothing&#13;&#10;&#9;}&#13;&#10;&#13;&#10;&#9;@Override&#13;&#10;&#9;public void launchEdit(int courseID, String courseSubj, String courseName,&#13;&#10;&#9;&#9;&#9;String semester, String startDate, String endDate, String startMon,&#13;&#10;&#9;&#9;&#9;String endMon, String startTue, String endTue, String startWed,&#13;&#10;&#9;&#9;&#9;String endWed, String startThu, String endThu, String startFri,&#13;&#10;&#9;&#9;&#9;String endFri, String startSat, String endSat) {&#13;&#10;&#9;&#9;// do nothing&#13;&#10;&#9;}&#13;&#10;&#13;&#10;&#9;@Override&#13;&#10;&#9;public void launchCourse() {&#13;&#10;&#9;&#9;// do nothing&#13;&#10;&#9;}&#13;&#10;&#13;&#10;&#9;@Override&#13;&#10;&#9;public void launchLoginForm() {&#13;&#10;&#9;&#9;// do nothing&#13;&#10;&#9;}&#13;&#10;&#13;&#10;&#9;@Override&#13;&#10;&#9;public void launchMenu() {&#13;&#10;&#9;&#9;// do nothing&#13;&#10;&#9;}&#13;&#10;&#13;&#10;&#9;@Override&#13;&#10;&#9;public boolean menuDataRec() {&#13;&#10;&#9;&#9;return true;&#13;&#10;&#9;}&#13;&#10;&#13;&#10;&#9;@Override&#13;&#10;&#9;public void setMenuDataRec(boolean bool) {&#13;&#10;&#9;&#9;// do nothing&#13;&#10;&#9;}&#13;&#10;&#13;&#10;&#9;@Override&#13;&#10;&#9;public boolean schedDataRec() {&#13;&#10;&#9;&#9;return true;&#13;&#10;&#9;}&#13;&#10;&#13;&#10;&#9;@Override&#13;&#10;&#9;public void setSchedDataRec(boolean bool) {&#13;&#10;&#9;&#9;// do nothing&#13;&#10;&#9;}&#13;&#10;&#13;&#10;&#9;@Override&#13;&#10;&#9;public boolean courseSelected() {&#13;&#10;&#9;&#9;return true;&#13;&#10;&#9;}&#13;&#10;&#13;&#10;&#9;@Override&#13;&#10;&#9;public void setCourseSelected(boolean bool) {&#13;&#10;&#9;&#9;// true&#13;&#10;&#9;}&#13;&#10;&#13;&#10;&#9;@Override&#13;&#10;&#9;public int getSelection() {&#13;&#10;&#9;&#9;return course;&#13;&#10;&#9;}&#13;&#10;&#13;&#10;&#9;public void setCourse(int courseID) {&#13;&#10;&#9;&#9;course = courseID;&#13;&#10;&#9;}&#13;&#10;&#13;&#10;&#9;@Override&#13;&#10;&#9;public boolean psDataRec() {&#13;&#10;&#9;&#9;return true;&#13;&#10;&#9;}&#13;&#10;&#13;&#10;&#9;@Override&#13;&#10;&#9;public void setPsDataRec(boolean bool) {&#13;&#10;&#9;&#9;// do nothing&#13;&#10;&#9;}&#13;&#10;&#13;&#10;&#9;@Override&#13;&#10;&#9;public boolean dataReceived() {&#13;&#10;&#9;&#9;return true;&#13;&#10;&#9;}&#13;&#10;&#13;&#10;&#9;@Override&#13;&#10;&#9;public void setLogDataRec(boolean bool) {&#13;&#10;&#9;&#9;// do nothing&#13;&#10;&#9;}&#13;&#10;&#13;&#10;&#9;@Override&#13;&#10;&#9;public String getUsername() {&#13;&#10;&#9;&#9;return username;&#13;&#10;&#9;}&#13;&#10;&#13;&#10;&#9;@Override&#13;&#10;&#9;public String getPassword() {&#13;&#10;&#9;&#9;return password;&#13;&#10;&#9;}&#13;&#10;&#13;&#10;&#9;@Override&#13;&#10;&#9;public void setAck(boolean bool){&#13;&#10;&#9;&#9;//do nothing&#13;&#10;&#9;}&#13;&#10;&#9;@Override&#13;&#10;&#9;public boolean getAck() {&#13;&#10;&#9;&#9;return true;&#13;&#10;&#9;}&#13;&#10;&#13;&#10;&#9;@Override&#13;&#10;&#9;public boolean editSchedSelected() {&#13;&#10;&#9;&#9;return edit;&#13;&#10;&#9;}&#13;&#10;&#13;&#10;&#9;@Override&#13;&#10;&#9;public boolean InitSetupSelected() {&#13;&#10;&#9;&#9;return init;&#13;&#10;&#9;}&#13;&#10;&#13;&#10;&#9;@Override&#13;&#10;&#9;public boolean logoutSelected() {&#13;&#10;&#9;&#9;return logout;&#13;&#10;&#9;}&#13;&#10;&#13;&#10;&#9;public void setDefSub(String defSub) {&#13;&#10;&#9;&#9;this.defSub = defSub;&#13;&#10;&#9;}&#13;&#10;&#13;&#10;&#9;public void setDefSemester(String defSemester) {&#13;&#10;&#9;&#9;this.defSemester = defSemester;&#13;&#10;&#9;}&#13;&#10;&#13;&#10;&#9;public void setDefCourseName(String defCourseName) {&#13;&#10;&#9;&#9;this.defCourseName = defCourseName;&#13;&#10;&#9;}&#13;&#10;&#13;&#10;&#9;public void setDefCourseStart(String defCourseStart) {&#13;&#10;&#9;&#9;this.defCourseStart = defCourseStart;&#13;&#10;&#9;}&#13;&#10;&#13;&#10;&#9;public void setDefCourseEnd(String defCourseEnd) {&#13;&#10;&#9;&#9;this.defCourseEnd = defCourseEnd;&#13;&#10;&#9;}&#13;&#10;&#13;&#10;&#9;public void setDefMonStart(String defMonStart) {&#13;&#10;&#9;&#9;this.defMonStart = defMonStart;&#13;&#10;&#9;}&#13;&#10;&#13;&#10;&#9;public void setDefMonEnd(String defMonEnd) {&#13;&#10;&#9;&#9;this.defMonEnd = defMonEnd;&#13;&#10;&#9;}&#13;&#10;&#13;&#10;&#9;public void setDefTueStart(String defTueStart) {&#13;&#10;&#9;&#9;this.defTueStart = defTueStart;&#13;&#10;&#9;}&#13;&#10;&#13;&#10;&#9;public void setDefTueEnd(String defTueEnd) {&#13;&#10;&#9;&#9;this.defTueEnd = defTueEnd;&#13;&#10;&#9;}&#13;&#10;&#13;&#10;&#9;public void setDefWedStart(String defWedStart) {&#13;&#10;&#9;&#9;this.defWedStart = defWedStart;&#13;&#10;&#9;}&#13;&#10;&#13;&#10;&#9;public void setDefWedEnd(String defWedEnd) {&#13;&#10;&#9;&#9;this.defWedEnd = defWedEnd;&#13;&#10;&#9;}&#13;&#10;&#13;&#10;&#9;public void setDefThuStart(String defThuStart) {&#13;&#10;&#9;&#9;this.defThuStart = defThuStart;&#13;&#10;&#9;}&#13;&#10;&#13;&#10;&#9;public void setDefThuEnd(String defThuEnd) {&#13;&#10;&#9;&#9;this.defThuEnd = defThuEnd;&#13;&#10;&#9;}&#13;&#10;&#13;&#10;&#9;public void setDefFriStart(String defFriStart) {&#13;&#10;&#9;&#9;this.defFriStart = defFriStart;&#13;&#10;&#9;}&#13;&#10;&#13;&#10;&#9;public void setDefFriEnd(String defFriEnd) {&#13;&#10;&#9;&#9;this.defFriEnd = defFriEnd;&#13;&#10;&#9;}&#13;&#10;&#13;&#10;&#9;public void setDefSatStart(String defSatStart) {&#13;&#10;&#9;&#9;this.defSatStart = defSatStart;&#13;&#10;&#9;}&#13;&#10;&#13;&#10;&#9;public void setDefSatEnd(String defSatEnd) {&#13;&#10;&#9;&#9;this.defSatEnd = defSatEnd;&#13;&#10;&#9;}&#13;&#10;&#13;&#10;&#9;@Override&#13;&#10;&#9;public String getNewCourseStart() {&#13;&#10;&#9;&#9;return defCourseStart;&#13;&#10;&#9;}&#13;&#10;&#13;&#10;&#9;@Override&#13;&#10;&#9;public String getpNewCourseStart() {&#13;&#10;&#9;&#9;return defCourseStart;&#13;&#10;&#9;}&#13;&#10;&#13;&#10;&#9;@Override&#13;&#10;&#9;public int getDefCourseID() {&#13;&#10;&#9;&#9;return course;&#13;&#10;&#9;}&#13;&#10;&#13;&#10;&#9;@Override&#13;&#10;&#9;public String getpNewCourseEnd() {&#13;&#10;&#9;&#9;return defCourseEnd;&#13;&#10;&#9;}&#13;&#10;&#13;&#10;&#9;@Override&#13;&#10;&#9;public String getpNewMonStart() {&#13;&#10;&#9;&#9;return defMonStart;&#13;&#10;&#9;}&#13;&#10;&#13;&#10;&#9;@Override&#13;&#10;&#9;public String getpNewTueStart() {&#13;&#10;&#9;&#9;return defTueStart;&#13;&#10;&#9;}&#13;&#10;&#13;&#10;&#9;@Override&#13;&#10;&#9;public String getpNewTueEnd() {&#13;&#10;&#9;&#9;return defTueEnd;&#13;&#10;&#9;}&#13;&#10;&#13;&#10;&#9;@Override&#13;&#10;&#9;public String getpNewThuEnd() {&#13;&#10;&#9;&#9;return defThuEnd;&#13;&#10;&#9;}&#13;&#10;&#13;&#10;&#9;@Override&#13;&#10;&#9;public String getpNewThuStart() {&#13;&#10;&#9;&#9;return defThuStart;&#13;&#10;&#9;}&#13;&#10;&#13;&#10;&#9;@Override&#13;&#10;&#9;public String getpNewWedEnd() {&#13;&#10;&#9;&#9;return defWedEnd;&#13;&#10;&#9;}&#13;&#10;&#13;&#10;&#9;@Override&#13;&#10;&#9;public String getpNewWedStart() {&#13;&#10;&#9;&#9;return defWedStart;&#13;&#10;&#9;}&#13;&#10;&#13;&#10;&#9;@Override&#13;&#10;&#9;public String getpNewFriEnd() {&#13;&#10;&#9;&#9;return defFriEnd;&#13;&#10;&#9;}&#13;&#10;&#13;&#10;&#9;@Override&#13;&#10;&#9;public String getpNewSatEnd() {&#13;&#10;&#9;&#9;return defSatEnd;&#13;&#10;&#9;}&#13;&#10;&#13;&#10;&#9;@Override&#13;&#10;&#9;public String getpNewSatStart() {&#13;&#10;&#9;&#9;return defSatStart;&#13;&#10;&#9;}&#13;&#10;&#13;&#10;&#9;@Override&#13;&#10;&#9;public String getpNewFriStart() {&#13;&#10;&#9;&#9;return defFriStart;&#13;&#10;&#9;}&#13;&#10;&#13;&#10;&#9;@Override&#13;&#10;&#9;public String getpNewMonEnd() {&#13;&#10;&#9;&#9;return defMonEnd;&#13;&#10;&#9;}&#13;&#10;&#13;&#10;&#9;@Override&#13;&#10;&#9;public int getNewCourseID() {&#13;&#10;&#9;&#9;return course;&#13;&#10;&#9;}&#13;&#10;&#13;&#10;&#9;@Override&#13;&#10;&#9;public String getNewSub() {&#13;&#10;&#9;&#9;return defSub;&#13;&#10;&#9;}&#13;&#10;&#13;&#10;&#9;@Override&#13;&#10;&#9;public String getNewCourseName() {&#13;&#10;&#9;&#9;return defCourseName;&#13;&#10;&#9;}&#13;&#10;&#13;&#10;&#9;@Override&#13;&#10;&#9;public String getNewSemester() {&#13;&#10;&#9;&#9;return defSemester;&#13;&#10;&#9;}&#13;&#10;&#13;&#10;&#9;@Override&#13;&#10;&#9;public String getNewCourseEnd() {&#13;&#10;&#9;&#9;return defCourseEnd;&#13;&#10;&#9;}&#13;&#10;&#13;&#10;&#9;@Override&#13;&#10;&#9;public String getNewMonStart() {&#13;&#10;&#9;&#9;return defMonStart;&#13;&#10;&#9;}&#13;&#10;&#13;&#10;&#9;@Override&#13;&#10;&#9;public String getNewTueStart() {&#13;&#10;&#9;&#9;return defTueStart;&#13;&#10;&#9;}&#13;&#10;&#13;&#10;&#9;@Override&#13;&#10;&#9;public String getNewTueEnd() {&#13;&#10;&#9;&#9;return defTueEnd;&#13;&#10;&#9;}&#13;&#10;&#13;&#10;&#9;@Override&#13;&#10;&#9;public String getNewThuEnd() {&#13;&#10;&#9;&#9;return defThuEnd;&#13;&#10;&#9;}&#13;&#10;&#13;&#10;&#9;@Override&#13;&#10;&#9;public String getNewThuStart() {&#13;&#10;&#9;&#9;return defThuStart;&#13;&#10;&#9;}&#13;&#10;&#13;&#10;&#9;@Override&#13;&#10;&#9;public String getNewWedEnd() {&#13;&#10;&#9;&#9;return defWedEnd;&#13;&#10;&#9;}&#13;&#10;&#13;&#10;&#9;@Override&#13;&#10;&#9;public String getNewWedStart() {&#13;&#10;&#9;&#9;return defWedStart;&#13;&#10;&#9;}&#13;&#10;&#13;&#10;&#9;@Override&#13;&#10;&#9;public String getNewFriEnd() {&#13;&#10;&#9;&#9;return defFriEnd;&#13;&#10;&#9;}&#13;&#10;&#13;&#10;&#9;@Override&#13;&#10;&#9;public String getNewSatEnd() {&#13;&#10;&#9;&#9;return defSatEnd;&#13;&#10;&#9;}&#13;&#10;&#13;&#10;&#9;@Override&#13;&#10;&#9;public String getNewSatStart() {&#13;&#10;&#9;&#9;return defSatStart;&#13;&#10;&#9;}&#13;&#10;&#13;&#10;&#9;@Override&#13;&#10;&#9;public String getNewFriStart() {&#13;&#10;&#9;&#9;return defFriStart;&#13;&#10;&#9;}&#13;&#10;&#13;&#10;&#9;@Override&#13;&#10;&#9;public String getNewMonEnd() {&#13;&#10;&#9;&#9;return defMonEnd;&#13;&#10;&#9;}&#13;&#10;&#9;&#13;&#10;}&#13;&#10;" Filename="InterfaceFacadeStub.java" Intrnl_Id="3"/>
<SrcFile Content="package my.PSM.unitTestPSM;&#13;&#10;&#13;&#10;import my.PSM.PSM_Interface.InterfaceFacade;&#13;&#10;import my.PSM.PSM_Logic.InterfaceController;&#13;&#10;&#13;&#10;public class InterfaceControllerStub extends InterfaceController {&#13;&#10;&#9;&#13;&#10;&#9;public InterfaceControllerStub(InterfaceFacade iFacade){&#13;&#10;&#9;&#9;facade = iFacade;&#13;&#10;&#9;}&#13;&#10;&#13;&#10;&#9;@Override&#13;&#10;    public void passwordLock()&#13;&#10;    {&#13;&#10;        //do nothing&#13;&#10;    }&#13;&#10;&#9;&#13;&#10;&#9;@Override&#13;&#10;    public void Initiate_Logout() &#13;&#10;    {&#13;&#10;        //do nothing&#13;&#10;     &#13;&#10;    }&#13;&#10;&#9;&#13;&#10;&#9;@Override&#13;&#10;    public void Initiate_IncorrectLogin()&#13;&#10;    {&#13;&#10;        &#13;&#10;        //do nothing&#13;&#10;        &#13;&#10;    }&#13;&#10;    &#13;&#10;&#9;@Override&#13;&#10;    public void Initiate_Schedule_Form() &#13;&#10;    {&#13;&#10;       &#13;&#10;       //do nothing&#13;&#10;    }&#13;&#10;&#13;&#10;&#9;@Override&#13;&#10;    public void Pre_Filled_Form(int courseID, String courseSubj, String courseName, String semester,&#13;&#10;            String startDate, String endDate, String startMon, String endMon,&#13;&#10;            String startTue, String endTue, String startWed, String endWed, String startThu, String endThu, &#13;&#10;            String startFri, String endFri, String startSat, String endSat) &#13;&#10;    {&#13;&#10;&#13;&#10;    &#13;&#10;        &#13;&#10;         //do nothing&#13;&#10;    }&#13;&#10;    &#13;&#10;&#9;@Override&#13;&#10;    public void Course_Select_Form(){&#13;&#10;        //do nothing&#13;&#10;    }&#13;&#10;&#9;&#13;&#10;&#9;@Override&#13;&#10;    public void Initiate_Login_Form() {&#13;&#10;&#13;&#10;        //do nothing&#13;&#10;&#13;&#10;    }&#13;&#10;&#13;&#10;&#9;@Override&#13;&#10;    public void Initiate_MainMenu() {&#13;&#10;        //do nothing&#13;&#10;&#13;&#10;    }&#13;&#10;}&#13;&#10;" Filename="InterfaceControllerStub.java" Intrnl_Id="4"/>
<SrcFile Content="package my.PSM.unitTestPSM;&#13;&#10;&#13;&#10;import java.util.ArrayList;&#13;&#10;import java.util.TreeMap;&#13;&#10;&#13;&#10;import my.PSM.PSM_Storage.DataStoreFacade;&#13;&#10;&#13;&#10;public class DataStoreFacadeStub extends DataStoreFacade {&#13;&#10;&#13;&#10;&#9;private String correctUser;&#13;&#10;&#9;private String correctPass;&#13;&#10;&#9;private String resultString = &quot;&quot;;&#13;&#10;&#9;&#13;&#10;&#9;private boolean isConnected;&#13;&#10;&#9;&#13;&#10;&#9;public ArrayList&lt;Integer&gt; courses = new ArrayList&lt;Integer&gt;();&#13;&#10;&#9;public TreeMap&lt;Integer, String&gt; defSub = new TreeMap&lt;Integer, String&gt;();&#13;&#10;    public TreeMap&lt;Integer, String&gt; defSemester = new TreeMap&lt;Integer, String&gt;();&#13;&#10;    public TreeMap&lt;Integer, String&gt; defCourseName = new TreeMap&lt;Integer, String&gt;();&#13;&#10;    public TreeMap&lt;Integer, String&gt; defCourseStart = new TreeMap&lt;Integer, String&gt;();&#13;&#10;    public TreeMap&lt;Integer, String&gt; defCourseEnd = new TreeMap&lt;Integer, String&gt;();&#13;&#10;    public TreeMap&lt;Integer, String&gt; defMonStart = new TreeMap&lt;Integer, String&gt;();&#13;&#10;    public TreeMap&lt;Integer, String&gt; defMonEnd = new TreeMap&lt;Integer, String&gt;();&#13;&#10;    public TreeMap&lt;Integer, String&gt; defTueStart = new TreeMap&lt;Integer, String&gt;();&#13;&#10;    public TreeMap&lt;Integer, String&gt; defTueEnd = new TreeMap&lt;Integer, String&gt;();&#13;&#10;    public TreeMap&lt;Integer, String&gt; defWedStart = new TreeMap&lt;Integer, String&gt;();&#13;&#10;    public TreeMap&lt;Integer, String&gt; defWedEnd = new TreeMap&lt;Integer, String&gt;();&#13;&#10;    public TreeMap&lt;Integer, String&gt; defThuStart = new TreeMap&lt;Integer, String&gt;();&#13;&#10;    public TreeMap&lt;Integer, String&gt; defThuEnd = new TreeMap&lt;Integer, String&gt;();&#13;&#10;    public TreeMap&lt;Integer, String&gt; defFriStart = new TreeMap&lt;Integer, String&gt;();&#13;&#10;    public TreeMap&lt;Integer, String&gt; defFriEnd = new TreeMap&lt;Integer, String&gt;();&#13;&#10;    public TreeMap&lt;Integer, String&gt; defSatStart = new TreeMap&lt;Integer, String&gt;();&#13;&#10;    public TreeMap&lt;Integer, String&gt; defSatEnd = new TreeMap&lt;Integer, String&gt;();&#13;&#10;    &#13;&#10;&#9;public DataStoreFacadeStub(String username, String password) {&#13;&#10;&#9;&#9;super();&#13;&#10;&#9;&#9;correctUser = username;&#13;&#10;&#9;&#9;correctPass = password;&#13;&#10;&#9;&#9;isConnected = false;&#13;&#10;&#9;}&#13;&#10;&#13;&#10;&#9;public void testHelper(int courseID, String courseSubj,&#13;&#10;&#9;&#9;&#9;String courseName, String semester, String startDate, String endDate,&#13;&#10;&#9;&#9;&#9;String startMon, String endMon, String startTue, String endTue,&#13;&#10;&#9;&#9;&#9;String startWed, String endWed, String startThu, String endThu,&#13;&#10;&#9;&#9;&#9;String startFri, String endFri, String startSat, String endSat){&#13;&#10;&#9;&#9;courses.add(courseID);&#13;&#10;&#9;&#9;defSub.put(courseID, courseSubj);&#13;&#10;&#9;&#9;defCourseName.put(courseID, courseName);&#13;&#10;&#9;&#9;defSemester.put(courseID, semester);&#13;&#10;&#9;&#9;defCourseStart.put(courseID, startDate);&#13;&#10;&#9;&#9;defCourseEnd.put(courseID, endDate);&#13;&#10;&#9;&#9;defMonStart.put(courseID, startMon);&#13;&#10;&#9;&#9;defMonEnd.put(courseID, endMon);&#13;&#10;&#9;&#9;defTueStart.put(courseID, startTue);&#13;&#10;&#9;&#9;defTueEnd.put(courseID, endTue);&#13;&#10;&#9;&#9;defWedStart.put(courseID, startWed);&#13;&#10;&#9;&#9;defWedEnd.put(courseID, endWed);&#13;&#10;&#9;&#9;defThuStart.put(courseID, startThu);&#13;&#10;&#9;&#9;defThuEnd.put(courseID, endThu);&#13;&#10;&#9;&#9;defFriStart.put(courseID, startFri);&#13;&#10;&#9;&#9;defFriEnd.put(courseID, endFri);&#13;&#10;&#9;&#9;defSatStart.put(courseID, startSat);&#13;&#10;&#9;&#9;defSatEnd.put(courseID, endSat);&#13;&#10;&#9;}&#13;&#10;&#9;public void setString(String s){&#13;&#10;&#9;&#9;resultString = s;&#13;&#10;&#9;}&#13;&#10;&#9;public String fetchCourses() {&#13;&#10;&#9;&#9;//return dbCon.fetchCourses();&#13;&#10;&#9;&#9;return resultString;&#13;&#10;&#9;}&#13;&#10;&#9;@Override&#13;&#10;&#9;public int connect(String user, String pw) {&#13;&#10;&#9;&#9;if(correctUser.equals(user) &amp;&amp; correctPass.equals(pw)){&#13;&#10;&#9;&#9;&#9;isConnected = true;&#13;&#10;&#9;&#9;&#9;return 0;&#13;&#10;&#9;&#9;}&#13;&#10;&#9;&#9;else{&#13;&#10;&#9;&#9;&#9;isConnected = false;&#13;&#10;&#9;&#9;&#9;return -1;&#13;&#10;&#9;&#9;}&#13;&#10;&#9;}&#13;&#10;&#13;&#10;&#9;@Override&#13;&#10;&#9;public int disconnect() {&#13;&#10;&#9;&#9;isConnected = false;&#13;&#10;&#9;&#9;return 0;&#13;&#10;&#9;}&#13;&#10;&#13;&#10;&#9;@Override&#13;&#10;&#9;public ArrayList&lt;String&gt; getEndDates() {&#13;&#10;&#9;&#9;ArrayList&lt;String&gt; endDates = new ArrayList&lt;String&gt;();&#13;&#10;&#9;&#9;endDates.addAll(defCourseEnd.values());&#13;&#10;&#9;&#9;return endDates;&#13;&#10;&#9;}&#13;&#10;&#13;&#10;&#9;@Override&#13;&#10;&#9;public ArrayList&lt;Integer&gt; getCourses() {&#13;&#10;&#9;&#9;return courses;&#13;&#10;&#9;}&#13;&#10;&#13;&#10;&#9;@Override&#13;&#10;&#9;public String fetchCourseSubj(int courseID) {&#13;&#10;&#9;&#9;return defSub.get(courseID);&#13;&#10;&#9;}&#13;&#10;&#13;&#10;&#9;@Override&#13;&#10;&#9;public String fetchCourseName(int courseID) {&#13;&#10;&#9;&#9;return defCourseName.get(courseID);&#13;&#10;&#9;}&#13;&#10;&#13;&#10;&#9;@Override&#13;&#10;&#9;public String fetchCourseSemester(int courseID) {&#13;&#10;&#9;&#9;return defSemester.get(courseID);&#13;&#10;&#9;}&#13;&#10;&#13;&#10;&#9;@Override&#13;&#10;&#9;public String fetchCourseStart(int courseID) {&#13;&#10;&#9;&#9;return defCourseStart.get(courseID);&#13;&#10;&#9;}&#13;&#10;&#13;&#10;&#9;@Override&#13;&#10;&#9;public String fetchCourseEnd(int courseID) {&#13;&#10;&#9;&#9;return defCourseEnd.get(courseID);&#13;&#10;&#9;}&#13;&#10;&#13;&#10;&#9;@Override&#13;&#10;&#9;public String fetchStartMon(int courseID) {&#13;&#10;&#9;&#9;return defMonStart.get(courseID);&#13;&#10;&#9;}&#13;&#10;&#13;&#10;&#9;@Override&#13;&#10;&#9;public String fetchEndMon(int courseID) {&#13;&#10;&#9;&#9;return defMonEnd.get(courseID);&#13;&#10;&#9;}&#13;&#10;&#13;&#10;&#9;@Override&#13;&#10;&#9;public String fetchStartTue(int courseID) {&#13;&#10;&#9;&#9;return defTueStart.get(courseID);&#13;&#10;&#9;}&#13;&#10;&#13;&#10;&#9;@Override&#13;&#10;&#9;public String fetchEndTue(int courseID) {&#13;&#10;&#9;&#9;return defTueEnd.get(courseID);&#13;&#10;&#9;}&#13;&#10;&#13;&#10;&#9;@Override&#13;&#10;&#9;public String fetchStartWed(int courseID) {&#13;&#10;&#9;&#9;return defWedStart.get(courseID);&#13;&#10;&#9;}&#13;&#10;&#13;&#10;&#9;@Override&#13;&#10;&#9;public String fetchEndWed(int courseID) {&#13;&#10;&#9;&#9;return defWedEnd.get(courseID);&#13;&#10;&#9;}&#13;&#10;&#13;&#10;&#9;@Override&#13;&#10;&#9;public String fetchStartThu(int courseID) {&#13;&#10;&#9;&#9;return defThuStart.get(courseID);&#13;&#10;&#9;}&#13;&#10;&#13;&#10;&#9;@Override&#13;&#10;&#9;public String fetchEndThu(int courseID) {&#13;&#10;&#9;&#9;return defThuEnd.get(courseID);&#13;&#10;&#9;}&#13;&#10;&#13;&#10;&#9;@Override&#13;&#10;&#9;public String fetchStartFri(int courseID) {&#13;&#10;&#9;&#9;return defFriStart.get(courseID);&#13;&#10;&#9;}&#13;&#10;&#13;&#10;&#9;@Override&#13;&#10;&#9;public String fetchEndFri(int courseID) {&#13;&#10;&#9;&#9;return defFriEnd.get(courseID);&#13;&#10;&#9;}&#13;&#10;&#13;&#10;&#9;@Override&#13;&#10;&#9;public String fetchStartSat(int courseID) {&#13;&#10;&#9;&#9;return defSatStart.get(courseID);&#13;&#10;&#9;}&#13;&#10;&#13;&#10;&#9;@Override&#13;&#10;&#9;public String fetchEndSat(int courseID) {&#13;&#10;&#9;&#9;return defSatEnd.get(courseID);&#13;&#10;&#9;}&#13;&#10;&#13;&#10;&#9;@Override&#13;&#10;&#9;public int storeClassInfo(int courseID, String courseSubj,&#13;&#10;&#9;&#9;&#9;String courseName, String semester) {&#13;&#10;&#9;&#9;courses.add(courseID);&#13;&#10;&#9;&#9;defSub.put(courseID, courseSubj);&#13;&#10;&#9;&#9;defCourseName.put(courseID, courseName);&#13;&#10;&#9;&#9;defSemester.put(courseID, semester);&#13;&#10;&#9;&#9;return 0;&#13;&#10;&#9;}&#13;&#10;&#13;&#10;&#9;@Override&#13;&#10;&#9;public int storeClassSched(int courseID, String startDate, String endDate,&#13;&#10;&#9;&#9;&#9;String startMon, String endMon, String startTue, String endTue,&#13;&#10;&#9;&#9;&#9;String startWed, String endWed, String startThu, String endThu,&#13;&#10;&#9;&#9;&#9;String startFri, String endFri, String startSat, String endSat) {&#13;&#10;&#9;&#9;if(courses.contains(courseID)){&#13;&#10;&#9;&#9;&#9;defCourseStart.put(courseID, startDate);&#13;&#10;&#9;&#9;&#9;defCourseEnd.put(courseID, endDate);&#13;&#10;&#9;&#9;&#9;defMonStart.put(courseID, startMon);&#13;&#10;&#9;&#9;&#9;defMonEnd.put(courseID, endMon);&#13;&#10;&#9;&#9;&#9;defTueStart.put(courseID, startTue);&#13;&#10;&#9;&#9;&#9;defTueEnd.put(courseID, endTue);&#13;&#10;&#9;&#9;&#9;defWedStart.put(courseID, startWed);&#13;&#10;&#9;&#9;&#9;defWedEnd.put(courseID, endWed);&#13;&#10;&#9;&#9;&#9;defThuStart.put(courseID, startThu);&#13;&#10;&#9;&#9;&#9;defThuEnd.put(courseID, endThu);&#13;&#10;&#9;&#9;&#9;defFriStart.put(courseID, startFri);&#13;&#10;&#9;&#9;&#9;defFriEnd.put(courseID, endFri);&#13;&#10;&#9;&#9;&#9;defSatStart.put(courseID, startSat);&#13;&#10;&#9;&#9;&#9;defSatEnd.put(courseID, endSat);&#13;&#10;&#9;&#9;&#9;return 0;&#13;&#10;&#9;&#9;}&#13;&#10;&#9;&#9;return -1;&#13;&#10;&#9;}&#13;&#10;&#13;&#10;&#9;@Override&#13;&#10;&#9;public void clearDatabase() {&#13;&#10;&#9;&#9;if(isConnected){&#13;&#10;&#9;&#9;&#9;courses.clear();&#13;&#10;&#9;&#9;&#9;defSub.clear();&#13;&#10;&#9;&#9;&#9;defCourseName.clear();&#13;&#10;&#9;&#9;&#9;defSemester.clear();&#13;&#10;&#9;&#9;&#9;defCourseStart.clear();&#13;&#10;&#9;&#9;&#9;defCourseEnd.clear();&#13;&#10;&#9;&#9;&#9;defMonStart.clear();&#13;&#10;&#9;&#9;&#9;defMonEnd.clear();&#13;&#10;&#9;&#9;&#9;defTueStart.clear();&#13;&#10;&#9;&#9;&#9;defTueEnd.clear();&#13;&#10;&#9;&#9;&#9;defWedStart.clear();&#13;&#10;&#9;&#9;&#9;defWedEnd.clear();&#13;&#10;&#9;&#9;&#9;defThuStart.clear();&#13;&#10;&#9;&#9;&#9;defThuEnd.clear();&#13;&#10;&#9;&#9;&#9;defFriStart.clear();&#13;&#10;&#9;&#9;&#9;defFriEnd.clear();&#13;&#10;&#9;&#9;&#9;defSatStart.clear();&#13;&#10;&#9;&#9;&#9;defSatEnd.clear();&#13;&#10;&#9;&#9;}&#13;&#10;&#9;}&#13;&#10;&#13;&#10;}&#13;&#10;" Filename="DataStoreFacadeStub.java" Intrnl_Id="5"/>
<SrcFile Content="package my.PSM.unitTestPSM;&#13;&#10;import static org.junit.Assert.*;&#13;&#10;&#13;&#10;import java.util.ArrayList;&#13;&#10;&#13;&#10;import my.PSM.PSM_Storage.DBConnection;&#13;&#10;&#13;&#10;import org.junit.Before;&#13;&#10;import org.junit.Test;&#13;&#10;&#13;&#10;public class DBConnectionTest {&#13;&#10;&#13;&#10;&#9;DBConnection db = new DBConnection();&#13;&#10;&#9;MySQLManagerStub stub = new MySQLManagerStub(&quot;user&quot;,&quot;pw&quot;);&#13;&#10;&#9;&#13;&#10;&#9;&#13;&#10;&#9;@Before&#13;&#10;&#9;public void runBefore(){&#13;&#10;&#9;&#9;stub.testHelper(4010, &quot;CEN&quot;, &quot;Software Engineering&quot;, &quot;Spring 2008&quot;, &quot;01-02-08&quot;, &quot;04-20-08&quot;, &quot;12:00&quot;, &quot;12:50&quot;, null, null, &quot;12:00&quot;, &quot;12:50&quot;, null, null, &quot;12:00&quot;, &quot;12:50&quot;, null, null);&#13;&#10;&#9;&#9;db.setMyManager(stub);&#13;&#10;&#9;}&#13;&#10;&#9;&#13;&#10;&#9;@Test&#13;&#10;&#9;public void testConnectStringStringString() {&#13;&#10;&#9;&#9;db.connect(&quot;jdbc:mysql://131.94.178.165:3306/mydb&quot;, &quot;user&quot;, &quot;pw&quot;);&#13;&#10;&#9;}&#13;&#10;&#13;&#10;&#9;@Test&#13;&#10;&#9;public void testConnectStringString() {&#13;&#10;&#9;&#9;db.connect(&quot;user&quot;, &quot;pw&quot;);&#13;&#10;&#9;}&#13;&#10;&#13;&#10;&#9;@Test&#13;&#10;&#9;public void testDisconnect() {&#13;&#10;&#9;&#9;db.disconnect();&#13;&#10;&#9;}&#13;&#10;&#13;&#10;&#9;@Test&#13;&#10;&#9;public void testFetchCourseID() {&#13;&#10;&#9;&#9;boolean flag = false;&#13;&#10;&#9;&#9;int course = 4010;&#13;&#10;&#9;&#9;//courses = courses + &quot;&quot;;&#13;&#10;&#9;&#9;if (course == db.fetchCourseID(4010)){&#13;&#10;&#9;&#9;&#9;flag = true;&#13;&#10;&#9;&#9;} else flag = false;&#13;&#10;&#9;&#9;assertEquals(true,flag);&#13;&#10;&#13;&#10;&#9;}&#13;&#10;&#13;&#10;&#9;@Test&#13;&#10;&#9;public void testGetEndDates() {&#13;&#10;&#9;&#9;db.getEndDates().size();&#13;&#10;&#9;&#9;assertEquals(true,true);&#13;&#10;&#9;}&#13;&#10;&#13;&#10;&#9;@Test&#13;&#10;&#9;public void testGetCourses() {&#13;&#10;&#9;&#9;ArrayList&lt;Integer&gt; courses = new ArrayList&lt;Integer&gt;();&#13;&#10;&#9;&#9;boolean flag = false;&#13;&#10;&#9;&#9;courses.add(0, 4010);&#13;&#10;&#9;&#9;int a = courses.size();&#13;&#10;&#9;&#9;int b = db.getEndDates().size();&#13;&#10;&#9;&#9;int max;&#13;&#10;&#9;&#9;if (a &gt;= b) {&#13;&#10;&#9;&#9;&#9;max = a;&#13;&#10;&#9;&#9;} else&#13;&#10;&#9;&#9;&#9;max = b;&#13;&#10;&#9;&#9;for (int i = 0; i &lt; max; i++) {&#13;&#10;&#9;&#9;&#9;if (courses.get(i) == (db.getCourses().get(i))) {&#13;&#10;&#9;&#9;&#9;&#9;// do nothing&#13;&#10;&#9;&#9;&#9;} else&#13;&#10;&#9;&#9;&#9;&#9;flag = false;&#13;&#10;&#9;&#9;}&#13;&#10;&#9;&#9;flag = true;&#13;&#10;&#9;&#9;assertEquals(true,flag);&#13;&#10;&#9;}&#13;&#10;&#13;&#10;&#9;@Test&#13;&#10;&#9;public void testFetchCourses() {&#13;&#10;&#9;&#9;boolean flag = false;&#13;&#10;&#9;&#9;String courses = &quot;4010,&quot;;&#13;&#10;&#9;&#9;//courses = courses + &quot;&quot;;&#13;&#10;&#9;&#9;if (courses.equalsIgnoreCase(db.fetchCourses())){&#13;&#10;&#9;&#9;&#9;flag = true;&#13;&#10;&#9;&#9;} else flag = false;&#13;&#10;&#9;&#9;assertEquals(true,flag);&#13;&#10;&#9;}&#13;&#10;&#13;&#10;&#9;@Test&#13;&#10;&#9;public void testFetchCourseSubj() {&#13;&#10;&#9;&#9;boolean flag = false;&#13;&#10;&#9;&#9;String subj = &quot;CEN&quot;;&#9;//based on ID&#13;&#10;&#9;&#9;if (subj.equalsIgnoreCase(db.fetchCourseSubj(4010))){&#13;&#10;&#9;&#9;&#9;flag = true;&#13;&#10;&#9;&#9;} else flag = false;&#13;&#10;&#9;&#9;assertEquals(true,flag);&#13;&#10;&#9;}&#13;&#10;&#13;&#10;&#9;@Test&#13;&#10;&#9;public void testFetchCourseName() {&#13;&#10;&#9;&#9;boolean flag = false;&#13;&#10;&#9;&#9;String courses = &quot;Software Engineering&quot;; //based on ID&#13;&#10;&#9;&#9;if (courses.equalsIgnoreCase(db.fetchCourseName(4010))){&#13;&#10;&#9;&#9;&#9;flag = true;&#13;&#10;&#9;&#9;} else flag = false;&#13;&#10;&#9;&#9;assertEquals(true,flag);&#13;&#10;&#9;}&#13;&#10;&#13;&#10;&#9;@Test&#13;&#10;&#9;public void testFetchCourseSemester() {&#13;&#10;&#9;&#9;boolean flag = false;&#13;&#10;&#9;&#9;String semester= &quot;Spring 2008&quot;; //based on ID&#13;&#10;&#9;&#9;if (semester.equalsIgnoreCase(db.fetchCourseSemester(4010))){&#13;&#10;&#9;&#9;&#9;flag = true;&#13;&#10;&#9;&#9;} else flag = false;&#13;&#10;&#9;&#9;assertEquals(true,flag);&#13;&#10;&#9;}&#13;&#10;&#13;&#10;&#9;@Test&#13;&#10;&#9;public void testFetchCourseStart() {&#13;&#10;&#9;&#9;boolean flag = false;&#13;&#10;&#9;&#9;String startDate= &quot;01-02-08&quot;; //based on ID&#13;&#10;&#9;&#9;if (startDate.equalsIgnoreCase(db.fetchCourseStart(4010))){&#13;&#10;&#9;&#9;&#9;flag = true;&#13;&#10;&#9;&#9;} else flag = false;&#13;&#10;&#9;&#9;assertEquals(true,flag);&#13;&#10;&#9;}&#13;&#10;&#13;&#10;&#9;@Test&#13;&#10;&#9;public void testFetchCourseEnd() {&#13;&#10;&#9;&#9;boolean flag = false;&#13;&#10;&#9;&#9;String endDate= &quot;04-20-08&quot;; //based on ID&#13;&#10;&#9;&#9;if (endDate.equalsIgnoreCase(db.fetchCourseEnd(4010))){&#13;&#10;&#9;&#9;&#9;flag = true;&#13;&#10;&#9;&#9;} else flag = false;&#13;&#10;&#9;&#9;assertEquals(true,flag);&#13;&#10;&#9;}&#13;&#10;&#13;&#10;&#9;@Test&#13;&#10;&#9;public void testFetchStartMon() {&#13;&#10;&#9;&#9;boolean flag = false;&#13;&#10;&#9;&#9;String startMon= &quot;12:00&quot;; //based on ID&#13;&#10;&#9;&#9;if (startMon.equalsIgnoreCase(db.fetchStartMon(4010))){&#13;&#10;&#9;&#9;&#9;flag = true;&#13;&#10;&#9;&#9;} else flag = false;&#13;&#10;&#9;&#9;assertEquals(true,flag);&#13;&#10;&#9;}&#13;&#10;&#13;&#10;&#9;@Test&#13;&#10;&#9;public void testFetchEndMon() {&#13;&#10;&#9;&#9;boolean flag = false;&#13;&#10;&#9;&#9;String endMon= &quot;12:50&quot;; //based on ID&#13;&#10;&#9;&#9;if (endMon.equalsIgnoreCase(db.fetchEndMon(4010))){&#13;&#10;&#9;&#9;&#9;flag = true;&#13;&#10;&#9;&#9;} else flag = false;&#13;&#10;&#9;&#9;assertEquals(true,flag);&#13;&#10;&#9;}&#13;&#10;&#13;&#10;&#9;@Test&#13;&#10;&#9;public void testFetchStartTue() {&#13;&#10;&#9;&#9;boolean flag = false;&#13;&#10;&#9;&#9;String startTue= null; //based on ID&#13;&#10;&#9;&#9;if (startTue == (db.fetchStartTue(4010))){&#13;&#10;&#9;&#9;&#9;flag = true;&#13;&#10;&#9;&#9;} else flag = false;&#13;&#10;&#9;&#9;assertEquals(true,flag);&#13;&#10;&#9;}&#13;&#10;&#13;&#10;&#9;@Test&#13;&#10;&#9;public void testFetchEndTue() {&#13;&#10;&#9;&#9;boolean flag = false;&#13;&#10;&#9;&#9;String endTue= null; //based on ID&#13;&#10;&#9;&#9;if (endTue == (db.fetchEndTue(4010))){&#13;&#10;&#9;&#9;&#9;flag = true;&#13;&#10;&#9;&#9;} else flag = false;&#13;&#10;&#9;&#9;assertEquals(true,flag);&#13;&#10;&#9;}&#13;&#10;&#13;&#10;&#9;@Test&#13;&#10;&#9;public void testFetchStartWed() {&#13;&#10;&#9;&#9;boolean flag = false;&#13;&#10;&#9;&#9;String startWed= &quot;12:00&quot;; //based on ID&#13;&#10;&#9;&#9;if (startWed.equalsIgnoreCase(db.fetchStartWed(4010))){&#13;&#10;&#9;&#9;&#9;flag = true;&#13;&#10;&#9;&#9;} else flag = false;&#13;&#10;&#9;&#9;assertEquals(true,flag);&#13;&#10;&#9;}&#13;&#10;&#13;&#10;&#9;@Test&#13;&#10;&#9;public void testFetchEndWed() {&#13;&#10;&#9;&#9;boolean flag = false;&#13;&#10;&#9;&#9;String endWed= &quot;12:50&quot;; //based on ID&#13;&#10;&#9;&#9;if (endWed.equalsIgnoreCase(db.fetchEndWed(4010))){&#13;&#10;&#9;&#9;&#9;flag = true;&#13;&#10;&#9;&#9;} else flag = false;&#13;&#10;&#9;&#9;assertEquals(true,flag);&#13;&#10;&#9;}&#13;&#10;&#13;&#10;&#9;@Test&#13;&#10;&#9;public void testFetchStartThu() {&#13;&#10;&#9;&#9;boolean flag = false;&#13;&#10;&#9;&#9;String startThu= null; //based on ID&#13;&#10;&#9;&#9;if (startThu == (db.fetchStartThu(4010))){&#13;&#10;&#9;&#9;&#9;flag = true;&#13;&#10;&#9;&#9;} else flag = false;&#13;&#10;&#9;&#9;assertEquals(true,flag);&#13;&#10;&#9;}&#13;&#10;&#13;&#10;&#9;@Test&#13;&#10;&#9;public void testFetchEndThu() {&#13;&#10;&#9;&#9;boolean flag = false;&#13;&#10;&#9;&#9;String endThu= null; //based on ID&#13;&#10;&#9;&#9;if (endThu == (db.fetchEndThu(4010))){&#13;&#10;&#9;&#9;&#9;flag = true;&#13;&#10;&#9;&#9;} else flag = false;&#13;&#10;&#9;&#9;assertEquals(true,flag);&#13;&#10;&#9;}&#13;&#10;&#13;&#10;&#9;@Test&#13;&#10;&#9;public void testFetchStartFri() {&#13;&#10;&#9;&#9;boolean flag = false;&#13;&#10;&#9;&#9;String startFri= &quot;12:00&quot;; //based on ID&#13;&#10;&#9;&#9;if (startFri.equalsIgnoreCase(db.fetchStartFri(4010))){&#13;&#10;&#9;&#9;&#9;flag = true;&#13;&#10;&#9;&#9;} else flag = false;&#13;&#10;&#9;&#9;assertEquals(true,flag);&#13;&#10;&#9;}&#13;&#10;&#13;&#10;&#9;@Test&#13;&#10;&#9;public void testFetchEndFri() {&#13;&#10;&#9;&#9;boolean flag = false;&#13;&#10;&#9;&#9;String endFri= &quot;12:50&quot;; //based on ID&#13;&#10;&#9;&#9;if (endFri.equalsIgnoreCase(db.fetchEndFri(4010))){&#13;&#10;&#9;&#9;&#9;flag = true;&#13;&#10;&#9;&#9;} else flag = false;&#13;&#10;&#9;&#9;assertEquals(true,flag);&#13;&#10;&#9;}&#13;&#10;&#13;&#10;&#9;@Test&#13;&#10;&#9;public void testFetchStartSat() {&#13;&#10;&#9;&#9;boolean flag = false;&#13;&#10;&#9;&#9;String startSat= null; //based on ID&#13;&#10;&#9;&#9;if (startSat == (db.fetchStartSat(4010))){&#13;&#10;&#9;&#9;&#9;flag = true;&#13;&#10;&#9;&#9;} else flag = false;&#13;&#10;&#9;&#9;assertEquals(true,flag);&#13;&#10;&#9;}&#13;&#10;&#13;&#10;&#9;@Test&#13;&#10;&#9;public void testFetchEndSat() {&#13;&#10;&#9;&#9;boolean flag = false;&#13;&#10;&#9;&#9;String endSat= null; //based on ID&#13;&#10;&#9;&#9;if (endSat == (db.fetchEndSat(4010))){&#13;&#10;&#9;&#9;&#9;flag = true;&#13;&#10;&#9;&#9;} else flag = false;&#13;&#10;&#9;&#9;assertEquals(true,flag);&#13;&#10;&#9;}&#13;&#10;&#13;&#10;&#9;@Test&#13;&#10;&#9;public void testStoreClassInfo() {&#13;&#10;&#9;&#9;db.storeClassInfo(4010, &quot;CEN&quot;, &quot;Software Testing&quot;, &quot;Fall 2016&quot;);&#13;&#10;&#9;&#9;assertEquals(true,stub.courses.contains(4010));&#13;&#10;&#9;&#9;assertEquals(&quot;Software Testing&quot;,stub.defCourseName.get(4010));&#13;&#10;&#9;&#9;assertEquals(&quot;CEN&quot;,stub.defSub.get(4010));&#13;&#10;&#9;&#9;assertEquals(&quot;Fall 2016&quot;,stub.defSemester.get(4010));&#13;&#10;&#9;}&#13;&#10;&#13;&#10;&#9;//@Test&#13;&#10;&#9;//public void testStoreClassSched() {&#13;&#10;&#9;&#9;//fail(&quot;Not yet implemented&quot;);&#13;&#10;&#9;//}&#13;&#10;&#13;&#10;&#9;//@Test&#13;&#10;&#9;//public void testClearDatabase() {&#13;&#10;&#9;&#9;//fail(&quot;Not yet implemented&quot;);&#13;&#10;&#9;//}&#13;&#10;&#13;&#10;&#9;//@Test&#13;&#10;&#9;//public void testCreateClassTable() {&#13;&#10;&#9;&#9;//fail(&quot;Not yet implemented&quot;);&#13;&#10;&#9;//}&#13;&#10;&#13;&#10;}&#13;&#10;" Filename="DBConnectionTest.java" Intrnl_Id="6"/>
<SrcFile Content="package my.PSM.unitTestPSM;&#13;&#10;&#13;&#10;import my.PSM.PSM_Logic.Authenticate;&#13;&#10;&#13;&#10;public class AuthenticateStub extends Authenticate {&#13;&#10;&#13;&#10;&#9;private String correctUser;&#13;&#10;&#9;private String correctPw;&#13;&#10;&#9;&#13;&#10;&#9;public AuthenticateStub(String user, String pw) {&#13;&#10;&#9;&#9;super(user, pw);&#13;&#10;&#9;&#9;correctUser = user;&#13;&#10;&#9;&#9;correctPw = pw;&#13;&#10;&#9;}&#13;&#10;&#9;public void setCorrectUser(String correctUser) {&#13;&#10;&#9;&#9;this.correctUser = correctUser;&#13;&#10;&#9;}&#13;&#10;&#13;&#10;&#9;public void setCorrectPw(String correctPw) {&#13;&#10;&#9;&#9;this.correctPw = correctPw;&#13;&#10;&#9;}&#13;&#10;&#13;&#10;&#9;@Override&#13;&#10;&#9;public boolean validate_Login() {&#13;&#10;&#9;&#9;return (correctUser.equals(username)) &amp;&amp; (correctPw.equals(password));&#13;&#10;&#9;}&#13;&#10;&#13;&#10;&#9;@Override&#13;&#10;&#9;public boolean logout() {&#13;&#10;&#9;&#9;return true;&#13;&#10;&#9;}&#13;&#10;&#9;&#13;&#10;&#9;&#13;&#10;}&#13;&#10;" Filename="AuthenticateStub.java" Intrnl_Id="7"/>
<SrcFile Content="package my.PSM.subsystemTestPSM;&#13;&#10;&#13;&#10;import static org.junit.Assert.*;&#13;&#10;&#13;&#10;import org.junit.After;&#13;&#10;import org.junit.Before;&#13;&#10;import org.junit.Test;&#13;&#10;&#13;&#10;import my.PSM.PSM_Logic.LogicFacade;&#13;&#10;&#13;&#10;public class logicTest {&#13;&#10;&#9;&#13;&#10;    LogicFacade logicFacade;&#13;&#10;    DataStoreFacadeStub data;&#13;&#10;&#9;@Before&#13;&#10;&#9;public void setUp() throws Exception {&#13;&#10;&#9;&#9;data = new DataStoreFacadeStub(&quot;user&quot;, &quot;pw&quot;);&#13;&#10;    &#9;logicFacade = new LogicFacade(data);&#13;&#10;&#9;&#9;&#13;&#10;&#9;}&#13;&#10;&#13;&#10;&#9;@After&#13;&#10;&#9;public void tearDown() throws Exception {&#13;&#10;&#9;&#9;logicFacade = null;&#13;&#10;&#9;}&#13;&#10;&#13;&#10;&#9;@Test&#13;&#10;&#9;public void testfetchcourse() {&#13;&#10;&#9;&#9;data.testHelper(4072, &quot;CEN&quot;, &quot;Software Testing&quot;, &quot;SummerA&quot;, &quot;06/15/16&quot;, &quot;07/15/16&quot;, null, null, &quot;4:30&quot;, &quot;6:15&quot;, null, null, null, null, null, null, null, null);&#13;&#10;&#9;&#9;data.testHelper(3530, &quot;CEN&quot;, &quot;Software Testing&quot;, &quot;SummerA&quot;, &quot;06/15/16&quot;, &quot;07/15/16&quot;, null, null, &quot;4:30&quot;, &quot;6:15&quot;, null, null, null, null, null, null, null, null);&#13;&#10;&#9;&#9;((DataStoreFacadeStub)data).setString(&quot;4072,3530,&quot;);&#13;&#10;&#9;&#9;String s=logicFacade.fetchCourses();&#13;&#10;&#9;   &#13;&#10;&#9;&#9;assertEquals(s, &quot;4072,3530,&quot;);&#13;&#10;&#9;&#9;&#13;&#10;&#9;&#9;&#13;&#10;&#9;}&#13;&#10;&#9;&#13;&#10;&#9;@Test&#13;&#10;&#9;public void testfetchcourse02(){&#13;&#10;&#9;&#9;((DataStoreFacadeStub)data).setString(&quot;&quot;);&#13;&#10;&#9;&#9;String s=logicFacade.fetchCourses();&#13;&#10;&#9;   &#13;&#10;&#9;&#9;assertEquals(s, &quot;&quot;);&#13;&#10;&#9;}&#13;&#10;&#9;@Test&#13;&#10;&#9;public void testfetchcourse01(){&#13;&#10;&#9;&#9;data.testHelper(4072, &quot;CEN&quot;, &quot;Software Testing&quot;, &quot;SummerA&quot;, &quot;06/15/16&quot;, &quot;07/15/16&quot;, null, null, &quot;4:30&quot;, &quot;6:15&quot;, null, null, null, null, null, null, null, null);&#13;&#10;&#9;&#9;((DataStoreFacadeStub)data).setString(&quot;4072,&quot;);&#13;&#10;&#9;&#9;String s=logicFacade.fetchCourses();&#13;&#10;&#9;   &#13;&#10;&#9;&#9;assertEquals(s, &quot;4072,&quot;);&#13;&#10;&#9;}&#13;&#10;&#13;&#10;}&#13;&#10;&#13;&#10;" Filename="logicTest.java" Intrnl_Id="8"/>
<SrcFile Content="package my.PSM.PSM_Storage;&#13;&#10;&#13;&#10;import java.sql.Connection;&#13;&#10;import java.sql.DriverManager;&#13;&#10;import java.sql.ResultSet;&#13;&#10;import java.sql.Statement;&#13;&#10;import java.util.ArrayList;&#13;&#10;&#13;&#10;public class MySQLManager {&#13;&#10;&#9;private Connection myCon;&#13;&#10;&#9;private String marcosDb;&#13;&#10;&#9;&#13;&#10;&#9;public MySQLManager(){&#13;&#10;&#9;&#9;myCon = null;&#13;&#10;&#9;&#9;marcosDb = &quot;jdbc:mysql://127.0.0.1:3306/mydb&quot;;&#13;&#10;&#9;}&#13;&#10;&#9;&#13;&#10;&#9;public int connect(String db, String user, String pw){&#13;&#10;&#9;&#9;try{&#13;&#10;&#9;           // DriverManager.getDriver(&quot;com.mysql.jdbc.Driver&quot;);&#13;&#10;&#9;            Class.forName(&quot;com.mysql.jdbc.Driver&quot;);&#13;&#10;&#9;            myCon = DriverManager.getConnection(db,user,pw);&#13;&#10;&#9;        } &#13;&#10;&#9;        // Launch Message Window Here&#13;&#10;&#9;        catch (Exception e){&#13;&#10;&#9;            e.printStackTrace();&#13;&#10;&#9;            return -1;              // -1 = Fail State&#13;&#10;&#9;        }&#13;&#10;&#9;        &#13;&#10;&#9;        return 0;&#13;&#10;&#9;}&#13;&#10;&#9;&#13;&#10;&#9;public int connect(String user,String pw){&#13;&#10;&#9;&#9;return connect(marcosDb, user, pw);&#13;&#10;&#9;}&#13;&#10;&#9;&#13;&#10;&#9;public int disconnect()&#13;&#10;    {&#13;&#10;        if(myCon != null){&#13;&#10;            try{&#13;&#10;                myCon.close();&#13;&#10;               &#13;&#10;            }&#13;&#10;            catch(Exception e){&#13;&#10;                e.printStackTrace();&#13;&#10;                return -1;&#13;&#10;            }&#13;&#10;        }&#13;&#10;        return 0;&#13;&#10;    }&#13;&#10;&#9;public int fetchCourseID(int courseID)&#13;&#10;    {&#13;&#10;        // SELECT * FROM example WHERE name='Sandy Smith'&#13;&#10;        try{&#13;&#10;            Statement s = myCon.createStatement();          &#13;&#10;            // System.out.println(&quot;SELECT course_id FROM class100 WHERE course_id = &quot; +courseID +&quot;;&quot;);&#13;&#10;            s.executeQuery(&quot;SELECT course_id FROM class100 WHERE course_id = &quot; +courseID +&quot;;&quot;);&#13;&#10;            ResultSet res = s.getResultSet();&#13;&#10;            res.next();             // Move to first row!&#13;&#10;            return res.getInt(&quot;course_id&quot;);&#13;&#10;                   &#13;&#10;        }&#13;&#10;        catch(Exception e){&#13;&#10;            e.printStackTrace();&#13;&#10;            return -1;&#13;&#10;        }&#13;&#10;       &#13;&#10;    }&#13;&#10;&#9;&#13;&#10;&#9;public ArrayList&lt;String&gt; getEndDates(){&#13;&#10;&#9;&#9;ArrayList&lt;String&gt; endDates = new ArrayList&lt;String&gt;();&#13;&#10;        &#13;&#10;        try{&#13;&#10;            Statement s = myCon.createStatement();&#13;&#10;            s.executeQuery(&quot;SELECT end_date FROM class100&quot;);&#13;&#10;            ResultSet res = s.getResultSet();&#13;&#10;            &#13;&#10;            while(res.next())&#13;&#10;            {&#13;&#10;                endDates.add(res.getString(&quot;end_date&quot;));       &#13;&#10;            }&#13;&#10;            &#13;&#10;            &#13;&#10;        }&#13;&#10;        catch(Exception e)&#13;&#10;        {&#13;&#10;            e.printStackTrace();&#13;&#10;        }&#13;&#10;        &#13;&#10;        return endDates;&#13;&#10;&#9;}&#13;&#10;&#9;&#13;&#10;&#9;public ArrayList&lt;Integer&gt; getCourses(){&#13;&#10;&#9;&#9;ArrayList&lt;Integer&gt; courseList = new ArrayList&lt;Integer&gt;();&#13;&#10;        try{&#13;&#10;            Statement s = myCon.createStatement();&#13;&#10;            s.executeQuery(&quot;SELECT course_id FROM class100&quot;);&#13;&#10;            ResultSet res = s.getResultSet();&#13;&#10;            &#13;&#10;            while(res.next())&#13;&#10;            {&#13;&#10;                courseList.add(res.getInt(&quot;course_id&quot;));       &#13;&#10;            }&#13;&#10;            &#13;&#10;            &#13;&#10;        }&#13;&#10;        catch(Exception e)&#13;&#10;        {&#13;&#10;            e.printStackTrace();&#13;&#10;        }&#9;&#13;&#10;        return courseList;&#13;&#10;&#9;}&#13;&#10;&#9;&#13;&#10;&#9;public String fetchCourseSubj(int courseID)&#13;&#10;    {&#13;&#10;        // SELECT * FROM example WHERE name='Sandy Smith'&#13;&#10;        try{&#13;&#10;            Statement s = myCon.createStatement();          &#13;&#10;            // System.out.println(&quot;SELECT course_id FROM class100 WHERE course_id = &quot; +courseID +&quot;;&quot;);&#13;&#10;            s.executeQuery(&quot;SELECT course_subject FROM class100 WHERE course_id = &quot; +courseID +&quot;;&quot;);&#13;&#10;            ResultSet res = s.getResultSet();&#13;&#10;            res.next();             // Move to first row!&#13;&#10;            return res.getString(&quot;course_subject&quot;);&#13;&#10;                   &#13;&#10;        }&#13;&#10;        catch(Exception e){&#13;&#10;            e.printStackTrace();&#13;&#10;            return null;&#13;&#10;        }&#13;&#10;       &#13;&#10;    }&#13;&#10;    &#13;&#10;    public String fetchCourseName(int courseID)&#13;&#10;    {&#13;&#10;        // SELECT * FROM example WHERE name='Sandy Smith'&#13;&#10;        try{&#13;&#10;            Statement s = myCon.createStatement();          &#13;&#10;            // System.out.println(&quot;SELECT course_id FROM class100 WHERE course_id = &quot; +courseID +&quot;;&quot;);&#13;&#10;            s.executeQuery(&quot;SELECT course_name FROM class100 WHERE course_id = &quot; +courseID +&quot;;&quot;);&#13;&#10;            ResultSet res = s.getResultSet();&#13;&#10;            res.next();             // Move to first row!&#13;&#10;            return res.getString(&quot;course_name&quot;);&#13;&#10;                   &#13;&#10;        }&#13;&#10;        catch(Exception e){&#13;&#10;            e.printStackTrace();&#13;&#10;            return null;&#13;&#10;        }&#13;&#10;       &#13;&#10;    }&#13;&#10;    &#13;&#10;    public String fetchCourseSemester(int courseID)&#13;&#10;    {&#13;&#10;        // SELECT * FROM example WHERE name='Sandy Smith'&#13;&#10;        try{&#13;&#10;            Statement s = myCon.createStatement();          &#13;&#10;            // System.out.println(&quot;SELECT course_id FROM class100 WHERE course_id = &quot; +courseID +&quot;;&quot;);&#13;&#10;            s.executeQuery(&quot;SELECT semester FROM class100 WHERE course_id = &quot; +courseID +&quot;;&quot;);&#13;&#10;            ResultSet res = s.getResultSet();&#13;&#10;            res.next();             // Move to first row!&#13;&#10;            return res.getString(&quot;semester&quot;);&#13;&#10;                   &#13;&#10;        }&#13;&#10;        catch(Exception e){&#13;&#10;            e.printStackTrace();&#13;&#10;            return null;&#13;&#10;        }&#13;&#10;       &#13;&#10;    }&#13;&#10;    &#13;&#10;    public String fetchCourseStart(int courseID)&#13;&#10;    {&#13;&#10;        // SELECT * FROM example WHERE name='Sandy Smith'&#13;&#10;        try{&#13;&#10;            Statement s = myCon.createStatement();          &#13;&#10;            // System.out.println(&quot;SELECT course_id FROM class100 WHERE course_id = &quot; +courseID +&quot;;&quot;);&#13;&#10;            s.executeQuery(&quot;SELECT start_date FROM class100 WHERE course_id = &quot; +courseID +&quot;;&quot;);&#13;&#10;            ResultSet res = s.getResultSet();&#13;&#10;            res.next();             // Move to first row!&#13;&#10;            return res.getString(&quot;start_date&quot;);&#13;&#10;                   &#13;&#10;        }&#13;&#10;        catch(Exception e){&#13;&#10;            e.printStackTrace();&#13;&#10;            return null;&#13;&#10;        }&#13;&#10;       &#13;&#10;    }&#13;&#10;    &#13;&#10;    public String fetchCourseEnd(int courseID)&#13;&#10;    {&#13;&#10;        // SELECT * FROM example WHERE name='Sandy Smith'&#13;&#10;       &#13;&#10;        try{&#13;&#10;            Statement s = myCon.createStatement();          &#13;&#10;            // System.out.println(&quot;SELECT course_id FROM class100 WHERE course_id = &quot; +courseID +&quot;;&quot;);&#13;&#10;            s.executeQuery(&quot;SELECT end_date FROM class100 WHERE course_id = &quot; +courseID +&quot;;&quot;);&#13;&#10;            ResultSet res = s.getResultSet();&#13;&#10;            res.next();  &#13;&#10;            &#13;&#10;            String courseEnd = res.getString(&quot;end_date&quot;);// Move to first row!&#13;&#10;            return courseEnd;&#13;&#10;        }&#13;&#10;        catch(Exception e){&#13;&#10;            e.printStackTrace();&#13;&#10;            return null;&#13;&#10;        }&#13;&#10;       &#13;&#10;    }&#13;&#10;    &#13;&#10;    public String fetchStartMon(int courseID)&#13;&#10;    {&#13;&#10;        try{&#13;&#10;            Statement s = myCon.createStatement();&#13;&#10;            s.executeQuery(&quot;SELECT start_mon FROM Class100 WHERE course_id = &quot; +courseID +&quot;;&quot;);&#13;&#10;            ResultSet res = s.getResultSet();&#13;&#10;            res.next();&#13;&#10;            return res.getString(&quot;start_mon&quot;);&#13;&#10;            // hh:mm&#13;&#10;        }&#13;&#10;        catch(Exception e)&#13;&#10;        {&#13;&#10;            e.printStackTrace();&#13;&#10;            &#13;&#10;            return null;&#13;&#10;        }&#13;&#10;    }&#13;&#10;    &#13;&#10;    public String fetchEndMon(int courseID)&#13;&#10;    {&#13;&#10;        try{&#13;&#10;            Statement s = myCon.createStatement();&#13;&#10;            s.executeQuery(&quot;SELECT end_mon FROM Class100 WHERE course_id = &quot; +courseID +&quot;;&quot;);&#13;&#10;            ResultSet res = s.getResultSet();&#13;&#10;            res.next();&#13;&#10;            return res.getString(&quot;end_mon&quot;);&#13;&#10;            &#13;&#10;        }&#13;&#10;        catch(Exception e)&#13;&#10;        {&#13;&#10;            e.printStackTrace();&#13;&#10;            return null;&#13;&#10;        }&#13;&#10;    }&#13;&#10;    &#13;&#10;    public String fetchStartTue(int courseID)&#13;&#10;    {&#13;&#10;        try{&#13;&#10;            Statement s = myCon.createStatement();&#13;&#10;            s.executeQuery(&quot;SELECT start_tue FROM Class100 WHERE course_id = &quot; +courseID +&quot;;&quot;);&#13;&#10;            ResultSet res = s.getResultSet();&#13;&#10;            res.next();&#13;&#10;            return res.getString(&quot;start_tue&quot;);&#13;&#10;            &#13;&#10;        }&#13;&#10;        catch(Exception e)&#13;&#10;        {&#13;&#10;            e.printStackTrace();&#13;&#10;            &#13;&#10;            return &quot;&quot;;&#13;&#10;        }&#13;&#10;    }&#13;&#10;    &#13;&#10;    public String fetchEndTue(int courseID)&#13;&#10;    {&#13;&#10;        try{&#13;&#10;            Statement s = myCon.createStatement();&#13;&#10;            s.executeQuery(&quot;SELECT end_tue FROM Class100 WHERE course_id = &quot; +courseID +&quot;;&quot;);&#13;&#10;            ResultSet res = s.getResultSet();&#13;&#10;            res.next();&#13;&#10;            return res.getString(&quot;end_tue&quot;);&#13;&#10;            &#13;&#10;        }&#13;&#10;        catch(Exception e)&#13;&#10;        {&#13;&#10;            e.printStackTrace();&#13;&#10;            return null;&#13;&#10;        }&#13;&#10;    }&#13;&#10;&#13;&#10;    public String fetchStartWed(int courseID)&#13;&#10;    {&#13;&#10;        try{&#13;&#10;            Statement s = myCon.createStatement();&#13;&#10;            s.executeQuery(&quot;SELECT start_wed FROM Class100 WHERE course_id = &quot; +courseID +&quot;;&quot;);&#13;&#10;            ResultSet res = s.getResultSet();&#13;&#10;            res.next();&#13;&#10;            return res.getString(&quot;start_wed&quot;);&#13;&#10;            &#13;&#10;        }&#13;&#10;        catch(Exception e)&#13;&#10;        {&#13;&#10;            e.printStackTrace();&#13;&#10;            return null;&#13;&#10;        }&#13;&#10;    }&#13;&#10;    &#13;&#10;    public String fetchEndWed(int courseID)&#13;&#10;    {&#13;&#10;        try{&#13;&#10;            Statement s = myCon.createStatement();&#13;&#10;            s.executeQuery(&quot;SELECT end_wed FROM Class100 WHERE course_id = &quot; +courseID +&quot;;&quot;);&#13;&#10;            ResultSet res = s.getResultSet();&#13;&#10;            res.next();&#13;&#10;            return res.getString(&quot;end_wed&quot;);&#13;&#10;            &#13;&#10;        }&#13;&#10;        catch(Exception e)&#13;&#10;        {&#13;&#10;            e.printStackTrace();&#13;&#10;            return null;&#13;&#10;        }&#13;&#10;    }&#13;&#10;    &#13;&#10;    &#13;&#10;        public String fetchStartThu(int courseID)&#13;&#10;    {&#13;&#10;        try{&#13;&#10;            Statement s = myCon.createStatement();&#13;&#10;            s.executeQuery(&quot;SELECT start_thu FROM Class100 WHERE course_id = &quot; +courseID +&quot;;&quot;);&#13;&#10;            ResultSet res = s.getResultSet();&#13;&#10;            res.next();&#13;&#10;            return res.getString(&quot;start_thu&quot;);&#13;&#10;            &#13;&#10;        }&#13;&#10;        catch(Exception e)&#13;&#10;        {&#13;&#10;            e.printStackTrace();&#13;&#10;            return null;&#13;&#10;        }&#13;&#10;    }&#13;&#10;    &#13;&#10;    public String fetchEndThu(int courseID)&#13;&#10;    {&#13;&#10;        try{&#13;&#10;            Statement s = myCon.createStatement();&#13;&#10;            s.executeQuery(&quot;SELECT end_thu FROM Class100 WHERE course_id = &quot; +courseID +&quot;;&quot;);&#13;&#10;            ResultSet res = s.getResultSet();&#13;&#10;            res.next();&#13;&#10;            return res.getString(&quot;end_thu&quot;);&#13;&#10;            &#13;&#10;        }&#13;&#10;        catch(Exception e)&#13;&#10;        {&#13;&#10;            e.printStackTrace();&#13;&#10;            return null;&#13;&#10;        }&#13;&#10;    }&#13;&#10;    &#13;&#10;    public String fetchStartFri(int courseID)&#13;&#10;    {&#13;&#10;        try{&#13;&#10;            Statement s = myCon.createStatement();&#13;&#10;            s.executeQuery(&quot;SELECT start_fri FROM Class100 WHERE course_id = &quot; +courseID +&quot;;&quot;);&#13;&#10;            ResultSet res = s.getResultSet();&#13;&#10;            res.next();&#13;&#10;            return res.getString(&quot;start_fri&quot;);&#13;&#10;            &#13;&#10;        }&#13;&#10;        catch(Exception e)&#13;&#10;        {&#13;&#10;            e.printStackTrace();&#13;&#10;            return null;&#13;&#10;        }&#13;&#10;    }&#13;&#10;    &#13;&#10;    public String fetchEndFri(int courseID)&#13;&#10;    {&#13;&#10;        try{&#13;&#10;            Statement s = myCon.createStatement();&#13;&#10;            s.executeQuery(&quot;SELECT end_fri FROM Class100 WHERE course_id = &quot; +courseID +&quot;;&quot;);&#13;&#10;            ResultSet res = s.getResultSet();&#13;&#10;            res.next();&#13;&#10;            return res.getString(&quot;end_fri&quot;);&#13;&#10;            &#13;&#10;        }&#13;&#10;        catch(Exception e)&#13;&#10;        {&#13;&#10;            e.printStackTrace();&#13;&#10;            return null;&#13;&#10;        }&#13;&#10;    }&#13;&#10;    &#13;&#10;    &#13;&#10;        public String fetchStartSat(int courseID)&#13;&#10;    {&#13;&#10;        try{&#13;&#10;            Statement s = myCon.createStatement();&#13;&#10;            ResultSet res = s.executeQuery(&quot;SELECT start_sat FROM Class100 WHERE course_id = &quot; +courseID +&quot;;&quot;);&#13;&#10;            &#13;&#10;            res.next();&#13;&#10;            return res.getString(&quot;start_sat&quot;);&#13;&#10;            &#13;&#10;        }&#13;&#10;        catch(Exception e)&#13;&#10;        {&#13;&#10;            e.printStackTrace();&#13;&#10;            return null;&#13;&#10;        }&#13;&#10;    }&#13;&#10;    &#13;&#10;    public String fetchEndSat(int courseID)&#13;&#10;    {&#13;&#10;        &#13;&#10;        try{&#13;&#10;            Statement s = myCon.createStatement();&#13;&#10;            &#13;&#10;            ResultSet res = s.executeQuery(&quot;SELECT end_sat FROM Class100 WHERE course_id = &quot; +courseID +&quot;;&quot;);&#13;&#10;            &#13;&#10;            res.next();&#13;&#10;            String end = res.getString(&quot;end_sat&quot;);&#13;&#10;           &#13;&#10;            return end;&#13;&#10;        }&#13;&#10;        catch(Exception e)&#13;&#10;        {&#13;&#10;            e.printStackTrace();&#13;&#10;            return null;&#13;&#10;        }&#13;&#10;    }&#13;&#10;    &#13;&#10;    public int storeClassInfo(int courseID, String courseSubj, String courseName, String semester)&#13;&#10;    {&#13;&#10;        try{&#13;&#10;            Statement s = myCon.createStatement();&#13;&#10;           // System.out.println(&quot;INSERT INTO Class100 (course_id, course_subject, course_name, semester)&quot; +&#13;&#10;           //         &quot; VALUES ( &quot;+courseID +&quot;, '&quot; +courseSubj +&quot;', &quot; +courseName +&quot;', '&quot; +semester +&quot;')&quot;);&#13;&#10;            s.executeUpdate(&quot;INSERT INTO Class100 (course_id, course_subject, course_name, semester)&quot; +&#13;&#10;                    &quot; VALUES ( '&quot;+courseID +&quot;', '&quot; +courseSubj +&quot;', '&quot; +courseName +&quot;', '&quot; +semester +&quot;')&quot;);&#13;&#10;            &#13;&#10;&#13;&#10;        }&#13;&#10;        catch(Exception e){&#13;&#10;            e.printStackTrace();&#13;&#10;            return -1;&#13;&#10;        }&#13;&#10;        return 0;&#13;&#10;    }&#13;&#10;    &#13;&#10;    public int storeClassSched(int courseID, String startDate, String endDate, String startMon, String endMon,&#13;&#10;            String startTue, String endTue, String startWed, String endWed, String startThu, String endThu, &#13;&#10;            String startFri, String endFri, String startSat, String endSat)&#13;&#10;    {&#13;&#10;        try{&#13;&#10;            Statement s = myCon.createStatement();&#13;&#10;            s.executeUpdate(&quot;UPDATE Class100 SET &quot; +&#13;&#10;                    &quot;start_date = '&quot; +startDate +&quot;', end_date = '&quot; +endDate +&quot;', start_mon =  '&quot; &#13;&#10;                    +startMon +&quot;', end_mon = '&quot; +endMon + &quot;', start_tue = '&quot; +startTue +&quot;', end_tue = '&quot; +endTue &#13;&#10;                    +&quot;', start_wed = '&quot; +startWed +&quot;', end_wed = '&quot; +endWed +&quot;', start_thu =  '&quot; +startThu &#13;&#10;                    + &quot;', end_thu = '&quot; +endThu +&quot;', start_fri = '&quot; +startFri +&quot;', end_fri = '&quot; +endFri &#13;&#10;                    +&quot;', start_sat =  '&quot; +startSat +&quot;', end_sat = '&quot; +endSat&#13;&#10;                    +&quot;' WHERE course_id = '&quot; +courseID + &quot;';&quot;);&#13;&#10;        }&#13;&#10;        catch(Exception e){&#13;&#10;            e.printStackTrace();&#13;&#10;            return -1;&#13;&#10;        }&#13;&#10;        return 0;&#13;&#10;        &#13;&#10;    }&#13;&#10;    &#13;&#10;    public void clearDatabase()&#13;&#10;    {&#13;&#10;        try{&#13;&#10;            Statement s = myCon.createStatement();&#13;&#10;            s.execute(&quot;DELETE FROM class100;&quot;);&#13;&#10;        }&#13;&#10;        catch(Exception e)&#13;&#10;        {&#13;&#10;            e.printStackTrace();&#13;&#10;        }&#13;&#10;    }&#13;&#10;&#13;&#10;    public int createClassTable()&#13;&#10;    {&#13;&#10;       try{ &#13;&#10;        Statement s = myCon.createStatement();&#13;&#10;        s.executeUpdate(&quot;DROP TABLE IF EXISTS Class100&quot;);&#13;&#10;        s.executeUpdate(&#13;&#10;                        &quot;CREATE TABLE Class100(&quot;&#13;&#10;                            + &quot;course_id INT UNSIGNED NOT NULL,&quot;&#13;&#10;                            + &quot;course_subject VARCHAR (20),&quot;&#13;&#10;                            + &quot;course_name VARCHAR (20),&quot;&#13;&#10;                            + &quot;semester VARCHAR (20),&quot;&#13;&#10;                            + &quot;start_date VARCHAR (20),&quot;&#13;&#10;                            + &quot;end_date VARCHAR (20),&quot;&#13;&#10;//                            + &quot;am_or_pm VARCHAR (5),&quot;&#13;&#10;                            + &quot;start_mon VARCHAR (20),&quot;&#13;&#10;                            + &quot;end_mon VARCHAR (20),&quot;&#13;&#10;                            + &quot;start_tue VARCHAR (20),&quot;&#13;&#10;                            + &quot;end_tue VARCHAR (20),&quot;&#13;&#10;                            + &quot;start_wed VARCHAR (20),&quot;&#13;&#10;                            + &quot;end_wed VARCHAR (20),&quot;&#13;&#10;                            + &quot;start_thu VARCHAR (20),&quot;&#13;&#10;                            + &quot;end_thu VARCHAR (20),&quot;&#13;&#10;                            + &quot;start_fri VARCHAR (20),&quot;&#13;&#10;                            + &quot;end_fri VARCHAR (20),&quot;&#13;&#10;                            + &quot;start_sat VARCHAR (20),&quot;&#13;&#10;                            + &quot;end_sat VARCHAR (20),&quot;&#13;&#10;                            + &quot;PRIMARY KEY (course_id))&quot;);&#13;&#10;        s.close();&#13;&#10;       }&#13;&#10;       catch(Exception e){&#13;&#10;           e.printStackTrace();&#13;&#10;           return -1;&#13;&#10;       }&#13;&#10;       return 0;&#13;&#10;                       &#13;&#10;    }&#13;&#10;}&#13;&#10;" Filename="MySQLManager.java" Intrnl_Id="9"/>
<SrcFile Content="/*&#10; * To change this template, choose Tools | Templates&#10; * and open the template in the editor.&#10; */&#10;package my.PSM.PSM_Storage;&#10;&#10;import java.util.ArrayList;&#10;&#10;/**&#10; *&#10; * @author clarkep&#10; */&#10;public class DataStoreFacade {&#10;&#9;public DataStoreFacade(){&#10;&#9;&#9;&#10;&#9;}&#10;&#9;//DBConnection dbCon = new DBConnection();&#10;&#9;private static DBConnection myManager = new DBConnection();&#10;&#9;&#10;&#9;public DBConnection getCon(){&#10;&#9;&#9;return myManager;&#10;&#9;}&#10;&#9;public int connect(String username, String password) {&#9;&#10;&#9;&#9;//return dbCon.connect(username, password);&#10;&#9;&#9;return myManager.connect(username, password);&#10;&#9;}&#9;&#10;&#9;public int disconnect() {&#10;&#9;&#9;return myManager.disconnect();&#10;&#9;}&#9;&#10;&#9;&#10;&#9;public ArrayList&lt;String&gt; getEndDates() {&#10;&#9;&#9;return myManager.getEndDates();&#10;&#9;}&#10;&#9;public String fetchCourses() {&#10;&#9;&#9;//return dbCon.fetchCourses();&#10;&#9;&#9;return myManager.fetchCourses().toString();&#10;&#9;}&#10;&#9;public String fetchCourseSubj(int courseId) {&#10;&#9;&#9;//return dbCon.fetchCourseSubj(courseId);&#10;&#9;&#9;return myManager.fetchCourseSubj(courseId);&#10;&#9;}&#10;&#9;public String fetchCourseName(int courseId) {&#10;&#9;&#9;//return dbCon.fetchCourseName(courseId);&#10;&#9;&#9;return myManager.fetchCourseName(courseId);&#10;&#9;}&#10;&#9;public String fetchCourseSemester(int courseId) {&#10;&#9;&#9;//return dbCon.fetchCourseSemester(courseId);&#10;&#9;&#9;return myManager.fetchCourseSemester(courseId);&#10;&#9;}&#10;&#9;public String fetchCourseStart(int courseId) {&#10;&#9;&#9;//return dbCon.fetchCourseStart(courseId);&#10;&#9;&#9;return myManager.fetchCourseStart(courseId);&#10;&#9;}&#10;&#9;public String fetchCourseEnd(int courseId) {&#10;&#9;&#9;//return dbCon.fetchCourseEnd(courseId);&#10;&#9;&#9;return myManager.fetchCourseEnd(courseId);&#10;&#9;}&#10;&#9;public String fetchStartMon(int courseId) {&#10;&#9;&#9;//return dbCon.fetchStartMon(courseId);&#10;&#9;&#9;return myManager.fetchStartMon(courseId);&#10;&#9;}&#10;&#9;public String fetchEndMon(int courseId) {&#10;&#9;&#9;//return dbCon.fetchEndMon(courseId);&#10;&#9;&#9;return myManager.fetchEndMon(courseId);&#10;&#9;}&#10;&#9;public String fetchStartTue(int courseId) {&#10;&#9;&#9;//return dbCon.fetchStartTue(courseId);&#10;&#9;&#9;return myManager.fetchStartTue(courseId);&#10;&#9;}&#10;&#9;public String fetchEndTue(int courseId) {&#10;&#9;&#9;//return dbCon.fetchEndTue(courseId);&#10;&#9;&#9;return myManager.fetchEndTue(courseId);&#10;&#9;}&#10;&#9;public String fetchStartWed(int courseId) {&#10;&#9;&#9;//return dbCon.fetchStartWed(courseId);&#10;&#9;&#9;return myManager.fetchStartWed(courseId);&#10;&#9;}&#10;&#9;public String fetchEndWed(int courseId) {&#10;&#9;&#9;//return dbCon.fetchEndWed(courseId);&#10;&#9;&#9;return myManager.fetchEndWed(courseId);&#10;&#9;}&#10;&#9;public String fetchStartThu(int courseId) {&#10;&#9;&#9;//return dbCon.fetchStartThu(courseId);&#10;&#9;&#9;return myManager.fetchStartThu(courseId);&#10;&#9;}&#10;&#9;public String fetchEndThu(int courseId) {&#10;&#9;&#9;//return dbCon.fetchEndThu(courseId);&#10;&#9;&#9;return myManager.fetchEndThu(courseId);&#10;&#9;}&#10;&#9;public String fetchStartFri(int courseId) {&#10;&#9;&#9;//return dbCon.fetchStartFri(courseId);&#10;&#9;&#9;return myManager.fetchStartFri(courseId);&#10;&#9;}&#10;&#9;public String fetchEndFri(int courseId) {&#10;&#9;&#9;//return dbCon.fetchEndFri(courseId);&#10;&#9;&#9;return myManager.fetchEndFri(courseId);&#10;&#9;}&#10;&#9;public String fetchStartSat(int courseId) {&#10;&#9;&#9;//return dbCon.fetchStartSat(courseId);&#10;&#9;&#9;return myManager.fetchStartSat(courseId);&#10;&#9;}&#10;&#9;public String fetchEndSat(int courseId) {&#10;&#9;&#9;//return dbCon.fetchEndSat(courseId);&#10;&#9;&#9;return myManager.fetchEndSat(courseId);&#10;&#9;}&#10;&#9;public void clearDatabase() {&#10;&#9;&#9;myManager.clearDatabase();&#10;&#9;}&#10;&#9;public ArrayList&lt;Integer&gt; getCourses() {&#10;&#9;&#9;return myManager.getCourses();&#10;&#9;}&#10;&#9;public int storeClassInfo(int courseID, String courseSubj, String courseName, String semester)&#10;&#9;{&#10;&#9;&#9;return myManager.storeClassInfo(courseID, courseSubj, courseName, semester);&#10;&#9;}&#10;&#9;&#10;&#9;public int storeClassSched(int courseID, String startDate, String endDate, String startMon, String endMon,&#9;            String startTue, String endTue, String startWed, String endWed, String startThu, String endThu, &#10;&#9;            String startFri, String endFri, String startSat, String endSat)&#10;    {&#10;&#9;&#9;return myManager.storeClassSched(courseID, startDate, endDate, startMon, endMon, startTue, endTue, startWed, endWed, startThu, endThu, startFri, endFri, startSat, endSat);&#10;    }&#10;&#9;&#10;&#9;&#10;}&#10;&#9;&#9;&#10;" Filename="DataStoreFacade.java" Intrnl_Id="10"/>
<SrcFile Content="/*&#10; * DBConnection.java&#10; *&#10; * Created on April 7, 2008, 11:40 PM&#10; *&#10; &#10; */&#10;&#10;package my.PSM.PSM_Storage;&#10;&#10;import java.util.ArrayList;&#10;&#10;/**&#10; * @author Luis&#10; */&#10;public class DBConnection&#10;{&#10;    private String result;&#10;    private MySQLManager myManager;&#10;    &#10;    public void setMyManager(MySQLManager myManager) {&#10;&#9;&#9;this.myManager = myManager;&#10;&#9;}&#10;&#10;&#9;/** Creates a new instance of DBConnection */&#10;    public DBConnection()&#10;    {&#10;    &#9;myManager = new MySQLManager();&#10;    }&#10;           &#10;    // Connect using known database address&#10;    public int connect(String db, String user, String pw)&#10;    {&#10;        return myManager.connect(db, user, pw);&#10;    }&#10;    &#10;    // Connect using local host as database address&#10;    public int connect(String user,String pw)&#10;    {&#10;        return myManager.connect(user, pw);&#10;    }&#10;    &#10;    public int disconnect()&#10;    {&#10;        return myManager.disconnect();&#10;    }&#10;     &#10;    public int fetchCourseID(int courseID)&#10;    {&#10;        // SELECT * FROM example WHERE name='Sandy Smith'&#10;        return myManager.fetchCourseID(courseID);  &#10;    }&#10;    &#10;    public ArrayList&lt;String&gt; getEndDates()&#10;    {&#10;        return myManager.getEndDates();&#10;    }&#10;    public ArrayList&lt;Integer&gt; getCourses()&#10;    {&#10;        return myManager.getCourses();&#10;    }&#10;    &#10;    public String fetchCourses()&#10;    {&#10;        // SELECT * FROM example WHERE name='Sandy Smith'&#10;    &#9;StringBuffer sb = new StringBuffer();          &#10;        // System.out.print(&quot;here&quot;);&#10;         // System.out.println(&quot;SELECT course_id FROM class100 WHERE course_id = &quot; +courseID +&quot;;&quot;);&#10;         ArrayList&lt;Integer&gt; list = myManager.getCourses();&#10;         for(int i = 0; i &lt; list.size(); i++)&#10;         {&#10;             &#10;             sb.append(list.get(i));&#10;             sb.append(&quot;,&quot;);&#10;                    &#10;         }   &#10;    &#9;result = sb.toString();&#10;        return result;&#10;        //String[] courses = result.split(&quot;,&quot;);&#10;       //return courses;&#10;    }&#10;    &#10;    public String fetchCourseSubj(int courseID)&#10;    {&#10;        // SELECT * FROM example WHERE name='Sandy Smith'&#10;        return myManager.fetchCourseSubj(courseID);&#10;       &#10;    }&#10;    &#10;    public String fetchCourseName(int courseID)&#10;    {&#10;        return myManager.fetchCourseName(courseID);&#10;       &#10;    }&#10;    &#10;    public String fetchCourseSemester(int courseID)&#10;    {&#10;        // SELECT * FROM example WHERE name='Sandy Smith'&#10;        return myManager.fetchCourseSemester(courseID);&#10;       &#10;    }&#10;    &#10;    public String fetchCourseStart(int courseID)&#10;    {&#10;        // SELECT * FROM example WHERE name='Sandy Smith'&#10;        return myManager.fetchCourseStart(courseID);&#10;       &#10;    }&#10;    &#10;    public String fetchCourseEnd(int courseID)&#10;    {&#10;        // SELECT * FROM example WHERE name='Sandy Smith'&#10;       &#10;        return myManager.fetchCourseEnd(courseID);&#10;       &#10;    }&#10;    &#10;    &#10;//    public String fetchAMPM(int courseID)&#10;//    {&#10;//        try{&#10;//            Statement s = myCon.createStatement();&#10;//            s.executeQuery(&quot;SELECT am_or_pm FROM class100 WHERE course_id = &quot; +courseID +&quot;;&quot;);&#10;//            ResultSet res = s.getResultSet();&#10;//            res.next();&#10;//            return res.getString(&quot;am_or_pm&quot;);&#10;//        }&#10;//        catch(Exception e)&#10;//        {&#10;//            e.printStackTrace();&#10;//            return null;&#10;//        }&#10;//    }&#10;    &#10;    public String fetchStartMon(int courseID)&#10;    {&#10;        return myManager.fetchStartMon(courseID);&#10;    }&#10;    &#10;    public String fetchEndMon(int courseID)&#10;    {&#10;        return myManager.fetchEndMon(courseID);&#10;    }&#10;    &#10;    public String fetchStartTue(int courseID)&#10;    {&#10;        return myManager.fetchStartTue(courseID);&#10;    }&#10;    &#10;    public String fetchEndTue(int courseID)&#10;    {&#10;        return myManager.fetchEndTue(courseID);&#10;    }&#10;    &#10;    public String fetchStartWed(int courseID)&#10;    {&#10;    &#9;return myManager.fetchStartWed(courseID);&#10;    }&#10;    &#10;    public String fetchEndWed(int courseID)&#10;    {&#10;    &#9;return myManager.fetchEndWed(courseID);&#10;    }&#10;    &#10;    &#10;    public String fetchStartThu(int courseID)&#10;    {&#10;        return myManager.fetchStartThu(courseID);&#10;    }&#10;    &#10;    public String fetchEndThu(int courseID)&#10;    {&#10;        return myManager.fetchEndThu(courseID);&#10;    }&#10;    &#10;    public String fetchStartFri(int courseID)&#10;    {&#10;    &#9;return myManager.fetchStartFri(courseID);&#10;    }&#10;    &#10;    public String fetchEndFri(int courseID)&#10;    {&#10;        return myManager.fetchEndFri(courseID);&#10;    }&#10;    &#10;    &#10;    public String fetchStartSat(int courseID)&#10;    {&#10;        return myManager.fetchStartSat(courseID);&#10;    }&#10;    &#10;    public String fetchEndSat(int courseID)&#10;    {&#10;        &#10;        return myManager.fetchEndSat(courseID);&#10;    }&#10;    &#10;    public int storeClassInfo(int courseID, String courseSubj, String courseName, String semester)&#10;    {&#10;        return myManager.storeClassInfo(courseID, courseSubj, courseName, semester);&#10;    }&#10;    &#10;    public int storeClassSched(int courseID, String startDate, String endDate, String startMon, String endMon,&#10;            String startTue, String endTue, String startWed, String endWed, String startThu, String endThu, &#10;            String startFri, String endFri, String startSat, String endSat)&#10;    {&#10;        return myManager.storeClassSched(courseID, startDate, endDate, startMon, endMon, startTue, endTue, startWed, endWed, startThu, endThu, startFri, endFri, startSat, endSat);&#10;        &#10;    }&#10;    &#10;    public void clearDatabase()&#10;    {&#10;        myManager.clearDatabase();&#10;    }&#10;    &#10;    public int createClassTable()&#10;    {&#10;       return myManager.createClassTable();&#10;                       &#10;    }&#10;    &#10;//    public void init()&#10;//    {&#10;//        try&#10;//        {&#10;//          myCon = DriverManager.getConnection(&quot;jdbc:mysql://localhost:3306/MyDatabase&quot;,&quot;root&quot;,&quot;luis2101&quot;);&#10;//        } catch (SQLException ex)&#10;//        {&#10;//            System.out.println(&quot;Cannot connect to Database&quot;);&#10;//            ex.printStackTrace();&#10;//        }&#10;//         &#10;//    }&#10;    &#10;}&#10;&#10;&#10;// Database Scripts:&#10;&#10;//CREATE TABLE Class1(&#10;//    course_id INT UNSIGNED NOT NULL,&#10;//    course_subject VARCHAR (20),&#10;//    course_name VARCHAR (20),&#10;//&#10;//    semester VARCHAR (20),&#10;//    start_date VARCHAR (20),&#10;//    end_date VARCHAR (20),&#10;//&#10;//    am_or_pm VARCHAR (5),&#10;//    start_mon VARCHAR (20),&#10;//    end_mon VARCHAR (20),&#10;//    start_tue VARCHAR (20),&#10;//    end_tue VARCHAR (20),&#10;//    start_wed VARCHAR (20),&#10;//    end_wed VARCHAR (20),&#10;//    start_thu VARCHAR (20),&#10;//    end_thu VARCHAR (20),&#10;//    start_fri VARCHAR (20),&#10;//    end_fri VARCHAR (20),&#10;//    start_sat VARCHAR (20),&#10;//    end_sat VARCHAR (20),&#10;//&#10;//&#10;//    PRIMARY KEY (course_id)&#10;//);&#10;&#10;//    INSERT INTO class1&#10;//        VALUES(4010,'CEN','Software Engineering','Spring 2008','01-02-08','04-20-08','am','12:00','12:50','null','null',&#10;//               '12:00','12:50','null','null','12:00','12:50','null','null')&#10;&#10;&#10;&#10;" Filename="DBConnection.java" Intrnl_Id="11"/>
<SrcFile Content="/*&#10; * ApplicationLogic.java&#10; *&#10; * Created on April 12, 2008, 11:03 AM&#10; *&#10; * To change this template, choose Tools | Template Manager&#10; * and open the template in the editor.&#10; */&#10;&#10;package my.PSM.PSM_Logic;&#10;&#10;import java.util.Timer;&#10;import java.util.TimerTask;&#10;import java.util.Date;&#10;import java.util.Calendar;&#10;import java.util.GregorianCalendar;&#10;import java.util.ArrayList;&#10;import java.lang.Thread;&#10;import java.util.logging.Level;&#10;import java.util.logging.Logger;&#10;&#10;import my.PSM.PSM_Storage.DataStoreFacade;&#10;&#10;/**&#10; *&#10; * @author lrizo002&#10; */&#10;public class appController {&#10;    &#10;&#9;private static final long TENMIN = 600000;&#10;    &#10;    private  int hr;&#10;    private  int min;&#10;    private  Calendar autoClear = new GregorianCalendar();&#10;    private  Calendar setRun = new GregorianCalendar();&#10;    private  Timer timer = new FutureTimer();&#10;    private  Date date = new Date();&#10;    private  Date date2 = new Date();&#10;    &#10;    public  String defSub = &quot;&quot;;&#10;    public  String defSemester = &quot;&quot;;&#10;    public  String defCourseName = &quot;&quot;;&#10;    public  String defCourseStart = &quot;&quot;;&#10;    public  String defCourseEnd = &quot;&quot;;&#10;    public  String defMonStart = &quot;&quot;;&#10;    public  String defMonEnd = &quot;&quot;;&#10;    public  String defTueStart = &quot;&quot;;&#10;    public  String defTueEnd = &quot;&quot;;&#10;    public  String defWedStart = &quot;&quot;;&#10;    public  String defWedEnd = &quot;&quot;;&#10;    public  String defThuStart = &quot;&quot;;&#10;    public  String defThuEnd = &quot;&quot;;&#10;    public  String defFriStart = &quot;&quot;;&#10;    public  String defFriEnd = &quot;&quot;;&#10;    public  String defSatStart = &quot;&quot;;&#10;    public  String defSatEnd = &quot;&quot;;&#10;    &#10;    private  String username;&#10;    private  String password;&#10;    private  boolean loggedin;&#10;    private  boolean dataReceived = false;&#10;    private  boolean edSchedSel = false;&#10;    public  boolean isEdSchedSel() {&#10;&#9;&#9;return edSchedSel;&#10;&#9;}&#10;&#10;&#9;public  boolean isSchedSetupSel() {&#10;&#9;&#9;return schedSetupSel;&#10;&#9;}&#10;&#10;&#9;public  boolean isLogoutSel() {&#10;&#9;&#9;return logoutSel;&#10;&#9;}&#10;&#10;&#10;&#9;private  boolean schedSetupSel = false;&#10;    private  boolean logoutSel = false;&#10;    &#10;    private  int clearDate, clearMonth, clearYear;&#10; &#10;&#10;&#9;private  int counter = 0;&#10;    &#10;    public DataStoreFacade dataFacade = new DataStoreFacade();&#10;    private  InterfaceController ic = new InterfaceController();&#10;    private  Authenticate auth = new Authenticate();&#10;    private  int courseSel;&#10;    private  long classEnded = 0;&#10;       &#10;    &#10;    /** Creates a new instance of ApplicationLogic */&#10;    public appController() {&#10;        hr = min = 0;&#10;    }&#10;    &#10;    /* Set to the stubs when testing*/&#10;    public void setDataStoreFacade(DataStoreFacade temp){&#10;    &#9;dataFacade = temp;&#10;    }&#10;    public  void setInterfaceController(InterfaceController temp){&#10;    &#9;ic = temp;&#10;    }&#10;    public  void setAuthenticate(Authenticate temp){&#10;    &#9;auth = temp;&#10;    }&#10;    public void appMainMenu(){    &#10;        while(!dataReceived)&#10;        {&#10;            dataReceived = ic.facade.menuDataRec();&#10;            edSchedSel = ic.facade.editSchedSelected();&#10;            schedSetupSel = ic.facade.InitSetupSelected();&#10;            logoutSel = ic.facade.logoutSelected();&#10;            //System.out.println(&quot;Class end time: &quot; +classEnded);&#10;            //System.out.println(&quot;Current time: &quot; +System.currentTimeMillis());&#10;                    &#10;                    &#10;            if(classEnded != 0 &amp;&amp; System.currentTimeMillis() - classEnded &gt;= TENMIN)&#10;            {&#10;              //System.out.println(&quot;EXIT&quot;);&#10;            &#9;return;&#9;              &#10;        &#9;}&#10;            &#10;            sleep(500);&#10;        }&#10;        ic.facade.setMenuDataRec(false);&#10;        dataReceived = false;&#10;        &#10;       // db.disconnect();&#10;&#9;}&#10;    public void myMain(){&#10;    &#9;appLogin();&#10;    &#9;if(loggedin){&#10;    &#9;&#9;ic.Initiate_MainMenu();&#10;    &#9;&#9;if(checkClear())&#10;&#9;        {&#10;&#9;            dataFacade.clearDatabase();&#10;&#9;        }&#10;    &#9;&#9;checkTimes();&#10;&#9;    &#9;while(!logoutSel){&#10;&#9;    &#9;&#9;appMainMenu();&#10;&#9;&#9;    &#9;if(logoutSel)&#10;&#9;&#9;        {&#10;&#9;&#9;            // Logout &#10;&#9;&#9;            auth.logout();&#10;&#9;&#9;            ic.Initiate_Logout();&#10;&#9;&#9;&#10;&#9;&#9;        }&#10;&#9;&#9;        else if(edSchedSel)&#10;&#9;&#9;        {&#10;&#9;&#9;            appEditSched();&#10;&#9;&#9;        }&#10;&#9;&#9;        else if(schedSetupSel)&#10;&#9;&#9;        {&#10;&#9;&#9;            setupSched();&#10;&#9;&#9;        }&#10;&#9;    &#9;}&#10;    &#9;}&#10;    }&#10;    public void setUser(String user){&#10;    &#9;username = user;&#10;    }&#10;    public void setPassword(String pw){&#10;    &#9;password = pw;&#10;    }&#10;    public String getUser(){&#10;    &#9;return username;&#10;    }&#10;    public String getPass(){&#10;    &#9;return password;&#10;    }&#10;    public boolean getLoggedIn(){&#10;    &#9;return loggedin;&#10;    }&#10;    public  String fetchCourses(){&#10;    &#9;return dataFacade.fetchCourses();&#10;    }&#10;    public InterfaceController getIC(){&#10;    &#9;return ic;&#10;    }&#10;    public Calendar getSetRun(){&#10;    &#9;return setRun;&#10;    }&#10;    public  int getClearDate() {&#10; &#9;&#9;return clearDate;&#10; &#9;}&#10;&#10; &#9;public  int getClearMonth() {&#10; &#9;&#9;return clearMonth;&#10; &#9;}&#10;&#10; &#9;public  int getClearYear() {&#10; &#9;&#9;return clearYear;&#10; &#9;}&#10;&#10; &#9;public int getCounter(){&#10; &#9;&#9;return counter;&#10; &#9;}&#10;    public  void setupSched(){&#10;    &#9;ic.facade.launchInitial();&#10;        //Initial Schedule Setup&#10;        while(!ic.facade.schedDataRec())&#10;        {&#10;            dataReceived = ic.facade.schedDataRec();&#10;            sleep(300);&#10;        }&#10;        dataReceived = false;&#10;        ic.facade.setSchedDataRec(false);&#10;        &#10;        dataFacade.storeClassInfo(ic.facade.getNewCourseID(), ic.facade.getNewSub(), ic.facade.getNewCourseName(),ic.facade.getNewSemester());&#10;        dataFacade.storeClassSched(ic.facade.getNewCourseID(), ic.facade.getNewCourseStart(), ic.facade.getNewCourseEnd(), &#10;                ic.facade.getNewMonStart(), ic.facade.getNewMonEnd(), ic.facade.getNewTueStart(), ic.facade.getNewTueEnd(), &#10;                ic.facade.getNewWedStart(), ic.facade.getNewWedEnd(), ic.facade.getNewThuStart(), ic.facade.getNewThuEnd(), &#10;                ic.facade.getNewFriStart(), ic.facade.getNewFriEnd(), ic.facade.getNewSatStart(), ic.facade.getNewSatEnd());&#10;&#10;    }&#10;    public  void appEditSched(){&#10;    &#9; //Edit Schedule&#10;        ic.Course_Select_Form();&#10;&#10;        while(!dataReceived)&#10;        {&#10;            dataReceived = ic.facade.courseSelected();&#10;            sleep(300);&#10;         //   System.out.println(&quot;test&quot;);&#10;        }&#10;&#10;        ic.facade.setCourseSelected(false);&#10;        dataReceived = false;&#10;&#10;        courseSel = ic.facade.getSelection();&#10;        getData(courseSel);&#10;        &#10;        ic.Pre_Filled_Form(courseSel,defSub,defCourseName,defSemester,defCourseStart,&#10;                defCourseEnd,defMonStart,defMonEnd,defTueStart,defTueEnd,defWedStart,&#10;                defWedEnd,defThuStart,defThuEnd,defFriStart,defFriEnd,defSatStart,defSatEnd);&#10;        &#10;        while(!dataReceived)&#10;        {&#10;            dataReceived = ic.facade.psDataRec(); &#10;            sleep(300);&#10;        }&#10;        &#10;        dataReceived = false;&#10;        ic.facade.setPsDataRec(false);&#10;&#10;        //System.out.println(&quot;Save has been pressed&quot; +ic.edSched.newMonStart);&#10;&#10;        dataFacade.storeClassSched(ic.facade.getDefCourseID(), ic.facade.getpNewCourseStart(), ic.facade.getpNewCourseEnd(), &#10;                ic.facade.getpNewMonStart(), ic.facade.getpNewMonEnd(), ic.facade.getpNewTueStart(), ic.facade.getpNewTueEnd(), &#10;                ic.facade.getpNewWedStart(), ic.facade.getpNewWedEnd(), ic.facade.getpNewThuStart(), ic.facade.getpNewThuEnd(), &#10;                ic.facade.getpNewFriStart(), ic.facade.getpNewFriEnd(), ic.facade.getpNewSatStart(), ic.facade.getpNewSatEnd());&#10;&#10;&#10;    }&#10;    &#10;    public  void appLogin(){&#10;    &#9;while(!loggedin)&#10;        {           &#10;            ic.Initiate_Login_Form();            &#10;            &#10;             do&#10;             {&#10;                 dataReceived = ic.facade.dataReceived();&#10;                 sleep(300);&#10;                 &#10;             }while(!dataReceived);&#10;             ic.facade.setLogDataRec(false);&#10;             dataReceived = false;&#10;             username = ic.facade.getUsername();&#10;             password = ic.facade.getPassword();&#10;&#10;             &#10;             auth.setCredentials(username,password);&#10;             if(auth.validate_Login()){&#10;                 loggedin = true;&#10;                 auth.logout();&#10;                 dataFacade.connect(username,password);&#10;             }&#10;             &#10;               &#10;             if(!loggedin){&#10;                 ic.Initiate_IncorrectLogin();&#10;                 counter++;&#10;                 while(!dataReceived)&#10;                 {&#10;                     dataReceived = ic.facade.getAck();&#10;                     System.out.println(&quot;in&quot;);&#10;                 }&#10;                 dataReceived = false;&#10;                 ic.facade.setAck(false);&#10;                 &#10;             }&#10;             if(counter &gt;= 3){&#10;                &#10;                 ic.passwordLock();&#10;                 while(!dataReceived)&#10;                 {&#10;                     dataReceived = ic.facade.getAck();&#10;                     &#10;                 }&#10;                 return;&#10;             }&#10;        }&#10;    }&#10;    public  boolean checkClear()&#10;    {&#10;        ArrayList&lt;String&gt; endDates = dataFacade.getEndDates();&#10;        Calendar endCal = new GregorianCalendar();&#10;        Calendar now = Calendar.getInstance();&#10;        &#10;        for(int i = 0; i &lt; endDates.size(); i++)&#10;        {&#10;            dateParser(endDates.get(i));&#10;            &#10;            //System.out.println(&quot;Day : &quot; +clearDate);&#10;            //System.out.println(&quot;Month : &quot; +clearMonth);&#10;            //System.out.println(&quot;Year : &quot; +clearYear);&#10;&#10;            endCal.set(clearYear + 2000, clearMonth-1, clearDate);&#10;            if(now.compareTo(endCal) &lt;= 0)&#10;               return false;&#10;                &#10;        }&#10;        return true;&#10;                &#10;    }&#10;            &#10;    public  void checkTimes()&#10;    {&#10;        ArrayList&lt;Integer&gt; courseList = dataFacade.getCourses();&#10;        &#10;        Calendar tempC = new GregorianCalendar();&#10;        int currentDay = tempC.get(Calendar.DAY_OF_WEEK);&#10;        tempC.setTimeInMillis(System.currentTimeMillis());&#10;        //System.out.println(&quot;Curr Day: &quot; +currentDay);&#10;        Date fifteenMin;&#10;        Date fiveMin;&#10;        Date endClass;&#10;        &#10;        for(int i = 0; i &lt; courseList.size(); i++)&#10;        {&#10;            boolean isNull = true;&#10;            getData(courseList.get(i).intValue());&#10;            Timer newTimer = new FutureTimer();&#10;            &#10;            if(currentDay == 2 &amp;&amp; defMonEnd.compareTo(&quot;&quot;) != 0)&#10;            {&#10;                timerParser(defMonEnd);&#10;                isNull = false;&#10;            }&#10;            else if(currentDay == 3 &amp;&amp; defTueEnd.compareTo(&quot;&quot;) != 0)&#10;            {&#10;                timerParser(defTueEnd);&#10;                isNull = false;&#10;            }&#10;            else if(currentDay == 4 &amp;&amp; defWedEnd.compareTo(&quot;&quot;) != 0)&#10;            {&#10;                timerParser(defWedEnd);&#10;                isNull = false;&#10;            }&#10;            else if(currentDay == 5 &amp;&amp; defThuEnd.compareTo(&quot;&quot;) != 0)&#10;            {&#10;                timerParser(defThuEnd);&#10;                isNull = false;&#10;            }&#10;            else if(currentDay == 6 &amp;&amp; defFriEnd.compareTo(&quot;&quot;) != 0)&#10;            {&#10;                timerParser(defFriEnd);&#10;                isNull = false;&#10;            }&#10;            &#10;            else if(currentDay == 7 &amp;&amp; defSatEnd.compareTo(&quot;&quot;) != 0)&#10;            {&#10;                &#10;                timerParser(defSatEnd);&#10;                isNull = false;&#10;            }&#10;            &#10;            &#10;            if(!isNull){&#10;                fiveMin = get5BeforeEnd(hr, min);&#10;                newTimer.schedule(popup5min, fiveMin);&#10;                fifteenMin = get15BeforeEnd(hr, min);              &#10;                newTimer.schedule(popup15min, fifteenMin);&#10;                endClass = getEndTime(hr, min);&#10;                newTimer.schedule(endofclass, endClass);&#10;            }&#10;        }   &#10;       &#10;    }&#10;    &#10;    public  void getData(int course)&#10;    {&#10;        defSub = dataFacade.fetchCourseSubj(course);&#10;        defSemester = dataFacade.fetchCourseSemester(course);&#10;        defCourseName = dataFacade.fetchCourseName(course);&#10;        defCourseStart = dataFacade.fetchCourseStart(course);&#10;        defCourseEnd = dataFacade.fetchCourseEnd(course);&#10;        defMonStart = dataFacade.fetchStartMon(course);&#10;        defMonEnd = dataFacade.fetchEndMon(course);&#10;        defTueStart = dataFacade.fetchStartTue(course);&#10;        defTueEnd = dataFacade.fetchEndTue(course);&#10;        defWedStart = dataFacade.fetchStartWed(course);&#10;        defWedEnd = dataFacade.fetchEndWed(course);&#10;        defThuStart = dataFacade.fetchStartThu(course);&#10;        defThuEnd = dataFacade.fetchEndThu(course);&#10;        defFriStart = dataFacade.fetchStartFri(course);&#10;        defFriEnd = dataFacade.fetchEndFri(course);&#10;        defSatStart = dataFacade.fetchStartSat(course);&#10;        defSatEnd = dataFacade.fetchEndSat(course);           &#10;    }&#10;    &#10;    &#10;    public  void sleep(int milli)&#10;    {&#10;          try { &#10;           Thread.sleep(milli);&#10;        } catch (InterruptedException ex) {&#10;           Logger.getLogger(appController.class.getName()).log(Level.SEVERE, null, ex);&#10;        }&#10;    }&#10;&#9;&#10;    public  void LogIn()&#10;    {      &#10;        if(dataFacade.connect(username,password) == 0)&#10;            loggedin = true;&#10;        else&#10;            loggedin = false;        &#10;    }&#10;    &#10;    public  DataStoreFacade getCon()&#10;    {&#10;        return dataFacade;&#10;    }&#10;    &#10;    &#10;    private  TimerTask dbClear = new TimerTask()&#10;    {&#10;        public void run()&#10;        {&#10;           dataFacade.clearDatabase();&#10;        }&#10;    };&#10;    &#10;    private  TimerTask popup15min = new TimerTask()&#10;    {&#10;        public void run()&#10;        {&#10;            ic.facade.FifteenMinWarning();&#10;        }&#10;    };&#10;&#9;&#10;    private  TimerTask popup5min = new TimerTask()&#10;    {&#10;        public void run()&#10;        {&#10;            ic.facade.FiveMinWarning();&#10;        }&#10;    };&#10;    &#10;    &#10;    private  TimerTask endofclass = new TimerTask()&#10;    {&#10;        public void run()&#10;        {&#10;            ic.facade.endClassWarning();&#10;            classEnded = System.currentTimeMillis();&#10;        }&#10;    };&#10;    &#10;    &#10;    private  TimerTask systemExit = new TimerTask()&#10;    {&#10;        public void run()&#10;        {&#10;            System.exit(0);&#10;        }&#10;    };&#10;    &#10;       &#10;    public void setTime(int year, int month, int date, int hours, int mins)&#10;    {&#10;        setRun.set(year, month, date, hours, mins);&#10;    }&#10;    &#10;    public Date getTime()&#10;    {&#10;        return setRun.getTime();&#10;    }&#10;    &#10;    public  long getTimeMillis()&#10;    {&#10;        return setRun.getTimeInMillis();&#10;    }&#10;    &#10;    public  void timerParser(String timer)&#10;    {&#10;        hr = Integer.parseInt(timer.substring(0,2));&#10;        min = Integer.parseInt(timer.substring(3,5));&#10;    }&#10;    public  void dateParser(String timer)&#10;    {&#10;        &#10;        clearMonth = Integer.parseInt(timer.substring(0,2));&#10;        clearDate = Integer.parseInt(timer.substring(3,5));&#10;        clearYear = Integer.parseInt(timer.substring(6,8));&#10;    }&#10;    &#10;    public int returnHr()&#10;    {&#10;        return hr;&#10;    }&#10;    &#10;    public int returnMin()&#10;    {&#10;        return min;&#10;    }&#10;    &#10;    public  Date getEndTime(int hrs, int mins)&#10;    {&#10;        int years, months, dates;&#10;        &#10;        Calendar tempC = new GregorianCalendar();&#10;        &#10;        tempC.setTimeInMillis(System.currentTimeMillis());&#10;        &#10;        years = tempC.get(Calendar.YEAR);&#10;        months = tempC.get(Calendar.MONTH);&#10;        dates = tempC.get(Calendar.DATE);&#10;        tempC.get(Calendar.DAY_OF_WEEK);&#10;        tempC.set(years, months, dates, hrs, mins - 1, 1);&#10;        // System.out.println(dayWeek);&#10;        return tempC.getTime();&#10;    }&#10;    &#10;    public  void setSemesterClear(int year, int month, int date, int hours, int mins)&#10;    {&#10;        autoClear.set(year, month, date, hours, mins);&#10;        date2 = autoClear.getTime();&#10;    }&#10;    &#10;    public Date getSemesterClear()&#10;    {&#10;        return autoClear.getTime();&#10;    }&#10;    &#10;    public  Date get15BeforeEnd(int hrs, int mins)&#10;    {&#10;        int years, months, dates; &#10;        &#10;        Calendar tempC = new GregorianCalendar();&#10;        &#10;        tempC.setTimeInMillis(System.currentTimeMillis());&#10;        &#10;        years = tempC.get(Calendar.YEAR);&#10;        months = tempC.get(Calendar.MONTH);&#10;        dates =  tempC.get(Calendar.DATE);&#10;        tempC.get(Calendar.DAY_OF_WEEK);&#10;        &#10;        tempC.set(years, months, dates, hrs, mins - 15, 1);&#10;        &#10;        return tempC.getTime();&#10;    }&#10;    &#10;    public  Date get5BeforeEnd(int hrs, int mins)&#10;    {&#10;        int years, months, dates;&#10;        &#10;        Calendar tempC = new GregorianCalendar();&#10;        &#10;        tempC.setTimeInMillis(System.currentTimeMillis());&#10;        &#10;        years = tempC.get(Calendar.YEAR);&#10;        months = tempC.get(Calendar.MONTH);&#10;        dates = tempC.get(Calendar.DATE);&#10;        tempC.get(Calendar.DAY_OF_WEEK);&#10;        tempC.set(years, months, dates, hrs, mins - 5, 1);&#10;        // System.out.println(dayWeek);&#10;        return tempC.getTime();&#10;    }&#10;    &#10;    public void autoExit()&#10;    {&#10;        timer.schedule(systemExit, date);&#10;    }&#10;    &#10;    public void autoClear()&#10;    {&#10;        timer.schedule(dbClear, date2);&#10;    }&#10;}&#10;" Filename="appController.java" Intrnl_Id="12"/>
<SrcFile Content="package my.PSM.PSM_Logic;&#13;&#10;&#13;&#10;import my.PSM.PSM_Interface.InterfaceFacade;&#13;&#10;&#13;&#10;public class PSM_app {&#13;&#10;&#13;&#10;&#9;public static void main(String[] args) {&#13;&#10;//      Calendar now = new GregorianCalendar();&#13;&#10;//      now.set(2008, 3, 15, 13, 29);&#13;&#10;//      date = now.getTime();&#13;&#10;//     &#13;&#10;&#9;   &#9;appController app = new appController();&#13;&#10;&#9;   &#9;InterfaceFacade fac = new InterfaceFacade();&#13;&#10;    &#9;fac.initiate(new LogicFacade(app.dataFacade));&#13;&#10;    &#9;app.getIC().setFacade(fac);&#13;&#10;&#9;   &#9;app.myMain();&#13;&#10;&#9;}&#13;&#10;&#13;&#10;}&#13;&#10;" Filename="PSM_app.java" Intrnl_Id="13"/>
<SrcFile Content="/*&#10; * To change this template, choose Tools | Templates&#10; * and open the template in the editor.&#10; */&#10;package my.PSM.PSM_Logic;&#10;&#10;import my.PSM.PSM_Storage.DataStoreFacade;&#10;&#10;/**&#10; *&#10; * @author clarkep&#10; */&#10;public class LogicFacade {&#10;    private appController app;&#10;    public LogicFacade(DataStoreFacade dataFacade){&#10;    &#9;app = new appController();&#10;    &#9;app.setDataStoreFacade(dataFacade);&#10;    }&#10;    &#10;    public String fetchCourses(){&#10;    &#9;return app.fetchCourses();&#10;    }&#10;}&#10;" Filename="LogicFacade.java" Intrnl_Id="14"/>
<SrcFile Content="package my.PSM.PSM_Logic;&#10;&#10;import my.PSM.PSM_Interface.InterfaceFacade;&#10;&#10;//&#10;//&#10;//  Generated by StarUML(tm) Java Add-In&#10;//&#10;//  @ Project : PSM - Professor Schedule Manager&#10;//  @ File Name : &#10;//  @ Date : 03/16/2008&#10;//  @ Author : &#10;//&#10;//&#10;&#10;public class InterfaceController {&#10;    public InterfaceFacade facade;&#10;    &#10;    public InterfaceController()&#10;    {&#10;        &#10;    }&#10;    public void setFacade(InterfaceFacade temp){&#10;    &#9;facade = temp;&#10;    }&#10;    public void passwordLock()&#10;    {&#10;        facade.lockedOut();&#10;    }&#10;    public void Initiate_Logout() &#10;    {&#10;        //System.out.print(&quot;lame&quot;);&#10;        &#10;         //logout.launchLogout();&#10;         facade.logoutConfirmation();&#10;     &#10;    }&#10;&#10;    public void Initiate_IncorrectLogin()&#10;    {&#10;        &#10;        facade.incorrectLogin();&#10;        //il.launchForm();&#10;        &#10;    }&#10;    &#10;    public void Initiate_Schedule_Form() &#10;    {&#10;       &#10;       facade.launchInitial();&#10;    }&#10;&#10;    public void Pre_Filled_Form(int courseID, String courseSubj, String courseName, String semester,&#10;            String startDate, String endDate, String startMon, String endMon,&#10;            String startTue, String endTue, String startWed, String endWed, String startThu, String endThu, &#10;            String startFri, String endFri, String startSat, String endSat) &#10;    {&#10;&#10;    &#10;        &#10;         facade.launchEdit(courseID, courseSubj, courseName, semester,&#10;            startDate, endDate, startMon, endMon, startTue, endTue, &#10;            startWed, endWed, startThu, endThu, startFri, endFri, startSat, endSat);&#10;    }&#10;    &#10;    public void Course_Select_Form(){&#10;        facade.launchCourse();&#10;    }&#10;    public void Initiate_Login_Form() {&#10;&#10;        facade.launchLoginForm();&#10;&#10;    }&#10;&#10;    public void Initiate_Message() {&#10;&#10;    }&#10;&#10;    public void Initiate_MainMenu() {&#10;        facade.launchMenu();&#10;&#10;    }&#10;}&#10;" Filename="InterfaceController.java" Intrnl_Id="15"/>
<SrcFile Content="/*&#13;&#10; * FutureTimer.java&#13;&#10; *&#13;&#10; * Created on April 17, 2008, 3:33 PM&#13;&#10; *&#13;&#10; * To change this template, choose Tools | Template Manager&#13;&#10; * and open the template in the editor.&#13;&#10; */&#13;&#10;&#13;&#10;package my.PSM.PSM_Logic;&#13;&#10;import java.util.Calendar;&#13;&#10;import java.util.GregorianCalendar;&#13;&#10;import java.util.Timer;&#13;&#10;import java.util.TimerTask;&#13;&#10;import java.util.Date;&#13;&#10;&#13;&#10;/**&#13;&#10; *&#13;&#10; * @author lrizo002&#13;&#10; */&#13;&#10;public class FutureTimer extends Timer {&#13;&#10;    &#13;&#10;    public void schedule(TimerTask task, Date myDate)&#13;&#10;    {&#13;&#10;       &#13;&#10;        Calendar cal = new GregorianCalendar();&#13;&#10;        cal.setTimeInMillis(System.currentTimeMillis());&#13;&#10;        Date currentDate = cal.getTime();&#13;&#10;        if (myDate.compareTo(currentDate) &lt; 0)&#13;&#10;            return;&#13;&#10;        &#13;&#10;        super.schedule(task, myDate); &#13;&#10;    }&#13;&#10;}&#13;&#10;" Filename="FutureTimer.java" Intrnl_Id="16"/>
<SrcFile Content="/*&#10; * Authenticate.java&#10; *&#10; * Created on April 8, 2008, 3:25 PM&#10; *&#10; * To change this template, choose Tools | Template Manager&#10; * and open the template in the editor.&#10; */&#10;&#10;package my.PSM.PSM_Logic;&#10;&#10;import my.PSM.PSM_Storage.DataStoreFacade;&#10;&#10;/**&#10; *&#10; * @author lrizo002&#10; */&#10;public class Authenticate {&#10;    &#10;    protected String username;&#10;    protected String password;&#10;    DataStoreFacade db;&#10;    /** Creates a new instance of Authenticate */&#10;    public Authenticate(){&#10;    &#9;db = new DataStoreFacade();&#10;    }&#10;    public Authenticate(String user, String pw) {&#10;        username = user;&#10;        password = pw;&#10;        db = new DataStoreFacade();&#10;        &#10;    }&#10;    public void setCredentials(String user, String pass){&#10;    &#9;username = user;&#10;    &#9;password = pass;&#10;    }&#10;    public boolean validate_Login()&#10;    {&#10;        int state; &#10;        state = db.connect(username,password);          // connect to default database&#10;        if(state == 0)&#10;            return true;&#10;        else&#10;            return false;   &#10;    }&#10;    &#10;    public boolean logout()&#10;    {&#10;        int state;&#10;        state = db.disconnect();&#10;        if(state == 0)&#10;            return true;&#10;        else&#10;            return false;&#10;    }&#10;    &#10;}&#10;" Filename="Authenticate.java" Intrnl_Id="17"/>
</SrcFileList>
<CritList>
<CritListEntry Name="org.codecover.model.utils.criteria.LoopCoverage" PluginName="org.codecover"/>
<CritListEntry Name="org.codecover.model.utils.criteria.ConditionCoverage" PluginName="org.codecover"/>
<CritListEntry Name="org.codecover.model.utils.criteria.BranchCoverage" PluginName="org.codecover"/>
<CritListEntry Name="org.codecover.model.utils.criteria.StatementCoverage" PluginName="org.codecover"/>
</CritList>
<BoolOpList>
<BoolOp Arity="2" Intrnl_Id="18" Name="conditional and (&amp;&amp;)">
<BoolAssgnmntBoolMapList>
<MapEntry BoolAssgnmnt="02" Value="false"/>
<MapEntry BoolAssgnmnt="10" Value="false"/>
<MapEntry BoolAssgnmnt="11" Value="true"/>
</BoolAssgnmntBoolMapList>
</BoolOp>
<BoolOp Arity="1" Intrnl_Id="19" Name="not (!)">
<BoolAssgnmntBoolMapList>
<MapEntry BoolAssgnmnt="1" Value="false"/>
<MapEntry BoolAssgnmnt="0" Value="true"/>
</BoolAssgnmntBoolMapList>
</BoolOp>
</BoolOpList>
<HierarchyLvlTypeList>
<HierarchyLvlType EnglishName="package" IntrnlName="package" Intrnl_Id="20"/>
<HierarchyLvlType EnglishName="anonymous class" IntrnlName="class" Intrnl_Id="21"/>
<HierarchyLvlType EnglishName="method" IntrnlName="method" Intrnl_Id="22"/>
<HierarchyLvlType EnglishName="class" IntrnlName="class" Intrnl_Id="23"/>
<HierarchyLvlType EnglishName="default package" IntrnlName="default package" Intrnl_Id="24"/>
</HierarchyLvlTypeList>
<MASTRoot>
<HierarchyLvl HierarchyLvlId="394" HierarchyLvlTypeId="24" Intrnl_Id="25" Name="default package">
<Header/>
<LocList/>
<HierarchyLvl HierarchyLvlId="393" HierarchyLvlTypeId="20" Intrnl_Id="26" Name="my">
<Header/>
<LocList/>
<HierarchyLvl HierarchyLvlId="392" HierarchyLvlTypeId="20" Intrnl_Id="27" Name="PSM">
<Header/>
<LocList/>
<HierarchyLvl HierarchyLvlId="388" HierarchyLvlTypeId="20" Intrnl_Id="28" Name="unitTestPSM">
<Header/>
<LocList/>
<HierarchyLvl HierarchyLvlId="25" HierarchyLvlTypeId="23" Intrnl_Id="29" Name="appControllerTest">
<Header>
<Loc EndOffset="338" SrcFileId="1" StartOffset="308"/>
</Header>
<LocList>
<Loc EndOffset="10717" SrcFileId="1" StartOffset="308"/>
</LocList>
<HierarchyLvl HierarchyLvlId="1" HierarchyLvlTypeId="22" Intrnl_Id="30" Name="runBeforeAllTest">
<Header>
<Loc EndOffset="522" SrcFileId="1" StartOffset="482"/>
</Header>
<LocList>
<Loc EndOffset="1044" SrcFileId="1" StartOffset="482"/>
</LocList>
<StmntSeq Intrnl_Id="31">
<LocList>
<Loc EndOffset="610" SrcFileId="1" StartOffset="584"/>
<Loc EndOffset="650" SrcFileId="1" StartOffset="614"/>
<Loc EndOffset="730" SrcFileId="1" StartOffset="681"/>
<Loc EndOffset="795" SrcFileId="1" StartOffset="762"/>
<Loc EndOffset="855" SrcFileId="1" StartOffset="799"/>
<Loc EndOffset="963" SrcFileId="1" StartOffset="886"/>
<Loc EndOffset="1040" SrcFileId="1" StartOffset="998"/>
</LocList>
<BasicStmnt CovItemId="S1" CovItemPrefix="my.PSM.unitTestPSM.appControllerTest.java" Intrnl_Id="32">
<LocList>
<Loc EndOffset="610" SrcFileId="1" StartOffset="584"/>
</LocList>
</BasicStmnt>
<BasicStmnt CovItemId="S2" CovItemPrefix="my.PSM.unitTestPSM.appControllerTest.java" Intrnl_Id="33">
<LocList>
<Loc EndOffset="650" SrcFileId="1" StartOffset="614"/>
</LocList>
</BasicStmnt>
<BasicStmnt CovItemId="S3" CovItemPrefix="my.PSM.unitTestPSM.appControllerTest.java" Intrnl_Id="34">
<LocList>
<Loc EndOffset="730" SrcFileId="1" StartOffset="681"/>
</LocList>
</BasicStmnt>
<BasicStmnt CovItemId="S4" CovItemPrefix="my.PSM.unitTestPSM.appControllerTest.java" Intrnl_Id="35">
<LocList>
<Loc EndOffset="795" SrcFileId="1" StartOffset="762"/>
</LocList>
</BasicStmnt>
<BasicStmnt CovItemId="S5" CovItemPrefix="my.PSM.unitTestPSM.appControllerTest.java" Intrnl_Id="36">
<LocList>
<Loc EndOffset="855" SrcFileId="1" StartOffset="799"/>
</LocList>
</BasicStmnt>
<BasicStmnt CovItemId="S6" CovItemPrefix="my.PSM.unitTestPSM.appControllerTest.java" Intrnl_Id="37">
<LocList>
<Loc EndOffset="963" SrcFileId="1" StartOffset="886"/>
</LocList>
</BasicStmnt>
<BasicStmnt CovItemId="S7" CovItemPrefix="my.PSM.unitTestPSM.appControllerTest.java" Intrnl_Id="38">
<LocList>
<Loc EndOffset="1040" SrcFileId="1" StartOffset="998"/>
</LocList>
</BasicStmnt>
</StmntSeq>
</HierarchyLvl>
<HierarchyLvl HierarchyLvlId="2" HierarchyLvlTypeId="22" Intrnl_Id="39" Name="runAfterAllTest">
<Header>
<Loc EndOffset="1085" SrcFileId="1" StartOffset="1047"/>
</Header>
<LocList>
<Loc EndOffset="1144" SrcFileId="1" StartOffset="1047"/>
</LocList>
<StmntSeq Intrnl_Id="40">
<LocList>
<Loc EndOffset="1101" SrcFileId="1" StartOffset="1090"/>
<Loc EndOffset="1120" SrcFileId="1" StartOffset="1105"/>
<Loc EndOffset="1140" SrcFileId="1" StartOffset="1124"/>
</LocList>
<BasicStmnt CovItemId="S8" CovItemPrefix="my.PSM.unitTestPSM.appControllerTest.java" Intrnl_Id="41">
<LocList>
<Loc EndOffset="1101" SrcFileId="1" StartOffset="1090"/>
</LocList>
</BasicStmnt>
<BasicStmnt CovItemId="S9" CovItemPrefix="my.PSM.unitTestPSM.appControllerTest.java" Intrnl_Id="42">
<LocList>
<Loc EndOffset="1120" SrcFileId="1" StartOffset="1105"/>
</LocList>
</BasicStmnt>
<BasicStmnt CovItemId="S10" CovItemPrefix="my.PSM.unitTestPSM.appControllerTest.java" Intrnl_Id="43">
<LocList>
<Loc EndOffset="1140" SrcFileId="1" StartOffset="1124"/>
</LocList>
</BasicStmnt>
</StmntSeq>
</HierarchyLvl>
<HierarchyLvl HierarchyLvlId="3" HierarchyLvlTypeId="22" Intrnl_Id="44" Name="testMyMain">
<Header>
<Loc EndOffset="1179" SrcFileId="1" StartOffset="1147"/>
</Header>
<LocList>
<Loc EndOffset="1528" SrcFileId="1" StartOffset="1147"/>
</LocList>
<StmntSeq Intrnl_Id="45">
<LocList>
<Loc EndOffset="1237" SrcFileId="1" StartOffset="1209"/>
<Loc EndOffset="1267" SrcFileId="1" StartOffset="1241"/>
<Loc EndOffset="1295" SrcFileId="1" StartOffset="1271"/>
<Loc EndOffset="1314" SrcFileId="1" StartOffset="1301"/>
<Loc EndOffset="1409" SrcFileId="1" StartOffset="1373"/>
<Loc EndOffset="1447" SrcFileId="1" StartOffset="1413"/>
<Loc EndOffset="1490" SrcFileId="1" StartOffset="1451"/>
<Loc EndOffset="1524" SrcFileId="1" StartOffset="1494"/>
</LocList>
<BasicStmnt CovItemId="S11" CovItemPrefix="my.PSM.unitTestPSM.appControllerTest.java" Intrnl_Id="46">
<LocList>
<Loc EndOffset="1237" SrcFileId="1" StartOffset="1209"/>
</LocList>
</BasicStmnt>
<BasicStmnt CovItemId="S12" CovItemPrefix="my.PSM.unitTestPSM.appControllerTest.java" Intrnl_Id="47">
<LocList>
<Loc EndOffset="1267" SrcFileId="1" StartOffset="1241"/>
</LocList>
</BasicStmnt>
<BasicStmnt CovItemId="S13" CovItemPrefix="my.PSM.unitTestPSM.appControllerTest.java" Intrnl_Id="48">
<LocList>
<Loc EndOffset="1295" SrcFileId="1" StartOffset="1271"/>
</LocList>
</BasicStmnt>
<BasicStmnt CovItemId="S14" CovItemPrefix="my.PSM.unitTestPSM.appControllerTest.java" Intrnl_Id="49">
<LocList>
<Loc EndOffset="1314" SrcFileId="1" StartOffset="1301"/>
</LocList>
</BasicStmnt>
<BasicStmnt CovItemId="S15" CovItemPrefix="my.PSM.unitTestPSM.appControllerTest.java" Intrnl_Id="50">
<LocList>
<Loc EndOffset="1409" SrcFileId="1" StartOffset="1373"/>
</LocList>
</BasicStmnt>
<BasicStmnt CovItemId="S16" CovItemPrefix="my.PSM.unitTestPSM.appControllerTest.java" Intrnl_Id="51">
<LocList>
<Loc EndOffset="1447" SrcFileId="1" StartOffset="1413"/>
</LocList>
</BasicStmnt>
<BasicStmnt CovItemId="S17" CovItemPrefix="my.PSM.unitTestPSM.appControllerTest.java" Intrnl_Id="52">
<LocList>
<Loc EndOffset="1490" SrcFileId="1" StartOffset="1451"/>
</LocList>
</BasicStmnt>
<BasicStmnt CovItemId="S18" CovItemPrefix="my.PSM.unitTestPSM.appControllerTest.java" Intrnl_Id="53">
<LocList>
<Loc EndOffset="1524" SrcFileId="1" StartOffset="1494"/>
</LocList>
</BasicStmnt>
</StmntSeq>
</HierarchyLvl>
<HierarchyLvl HierarchyLvlId="4" HierarchyLvlTypeId="22" Intrnl_Id="54" Name="testAppMainMenu">
<Header>
<Loc EndOffset="1570" SrcFileId="1" StartOffset="1533"/>
</Header>
<LocList>
<Loc EndOffset="1726" SrcFileId="1" StartOffset="1533"/>
</LocList>
<StmntSeq Intrnl_Id="55">
<LocList>
<Loc EndOffset="1621" SrcFileId="1" StartOffset="1599"/>
<Loc EndOffset="1647" SrcFileId="1" StartOffset="1629"/>
<Loc EndOffset="1722" SrcFileId="1" StartOffset="1691"/>
</LocList>
<BasicStmnt CovItemId="S19" CovItemPrefix="my.PSM.unitTestPSM.appControllerTest.java" Intrnl_Id="56">
<LocList>
<Loc EndOffset="1621" SrcFileId="1" StartOffset="1599"/>
</LocList>
</BasicStmnt>
<BasicStmnt CovItemId="S20" CovItemPrefix="my.PSM.unitTestPSM.appControllerTest.java" Intrnl_Id="57">
<LocList>
<Loc EndOffset="1647" SrcFileId="1" StartOffset="1629"/>
</LocList>
</BasicStmnt>
<BasicStmnt CovItemId="S21" CovItemPrefix="my.PSM.unitTestPSM.appControllerTest.java" Intrnl_Id="58">
<LocList>
<Loc EndOffset="1722" SrcFileId="1" StartOffset="1691"/>
</LocList>
</BasicStmnt>
</StmntSeq>
</HierarchyLvl>
<HierarchyLvl HierarchyLvlId="5" HierarchyLvlTypeId="22" Intrnl_Id="59" Name="testAppMainMenu02">
<Header>
<Loc EndOffset="1768" SrcFileId="1" StartOffset="1729"/>
</Header>
<LocList>
<Loc EndOffset="1924" SrcFileId="1" StartOffset="1729"/>
</LocList>
<StmntSeq Intrnl_Id="60">
<LocList>
<Loc EndOffset="1821" SrcFileId="1" StartOffset="1797"/>
<Loc EndOffset="1847" SrcFileId="1" StartOffset="1829"/>
<Loc EndOffset="1920" SrcFileId="1" StartOffset="1890"/>
</LocList>
<BasicStmnt CovItemId="S22" CovItemPrefix="my.PSM.unitTestPSM.appControllerTest.java" Intrnl_Id="61">
<LocList>
<Loc EndOffset="1821" SrcFileId="1" StartOffset="1797"/>
</LocList>
</BasicStmnt>
<BasicStmnt CovItemId="S23" CovItemPrefix="my.PSM.unitTestPSM.appControllerTest.java" Intrnl_Id="62">
<LocList>
<Loc EndOffset="1847" SrcFileId="1" StartOffset="1829"/>
</LocList>
</BasicStmnt>
<BasicStmnt CovItemId="S24" CovItemPrefix="my.PSM.unitTestPSM.appControllerTest.java" Intrnl_Id="63">
<LocList>
<Loc EndOffset="1920" SrcFileId="1" StartOffset="1890"/>
</LocList>
</BasicStmnt>
</StmntSeq>
</HierarchyLvl>
<HierarchyLvl HierarchyLvlId="6" HierarchyLvlTypeId="22" Intrnl_Id="64" Name="testAppMainMenu03">
<Header>
<Loc EndOffset="1966" SrcFileId="1" StartOffset="1927"/>
</Header>
<LocList>
<Loc EndOffset="2128" SrcFileId="1" StartOffset="1927"/>
</LocList>
<StmntSeq Intrnl_Id="65">
<LocList>
<Loc EndOffset="2017" SrcFileId="1" StartOffset="1995"/>
<Loc EndOffset="2043" SrcFileId="1" StartOffset="2025"/>
<Loc EndOffset="2124" SrcFileId="1" StartOffset="2090"/>
</LocList>
<BasicStmnt CovItemId="S25" CovItemPrefix="my.PSM.unitTestPSM.appControllerTest.java" Intrnl_Id="66">
<LocList>
<Loc EndOffset="2017" SrcFileId="1" StartOffset="1995"/>
</LocList>
</BasicStmnt>
<BasicStmnt CovItemId="S26" CovItemPrefix="my.PSM.unitTestPSM.appControllerTest.java" Intrnl_Id="67">
<LocList>
<Loc EndOffset="2043" SrcFileId="1" StartOffset="2025"/>
</LocList>
</BasicStmnt>
<BasicStmnt CovItemId="S27" CovItemPrefix="my.PSM.unitTestPSM.appControllerTest.java" Intrnl_Id="68">
<LocList>
<Loc EndOffset="2124" SrcFileId="1" StartOffset="2090"/>
</LocList>
</BasicStmnt>
</StmntSeq>
</HierarchyLvl>
<HierarchyLvl HierarchyLvlId="7" HierarchyLvlTypeId="22" Intrnl_Id="69" Name="testSetupSched">
<Header>
<Loc EndOffset="2167" SrcFileId="1" StartOffset="2131"/>
</Header>
<LocList>
<Loc EndOffset="3634" SrcFileId="1" StartOffset="2131"/>
</LocList>
<StmntSeq Intrnl_Id="70">
<LocList>
<Loc EndOffset="2225" SrcFileId="1" StartOffset="2201"/>
<Loc EndOffset="2402" SrcFileId="1" StartOffset="2229"/>
<Loc EndOffset="2427" SrcFileId="1" StartOffset="2410"/>
<Loc EndOffset="2546" SrcFileId="1" StartOffset="2495"/>
<Loc EndOffset="2624" SrcFileId="1" StartOffset="2550"/>
<Loc EndOffset="2682" SrcFileId="1" StartOffset="2628"/>
<Loc EndOffset="2746" SrcFileId="1" StartOffset="2686"/>
<Loc EndOffset="2817" SrcFileId="1" StartOffset="2750"/>
<Loc EndOffset="2886" SrcFileId="1" StartOffset="2821"/>
<Loc EndOffset="2948" SrcFileId="1" StartOffset="2890"/>
<Loc EndOffset="3008" SrcFileId="1" StartOffset="2952"/>
<Loc EndOffset="3073" SrcFileId="1" StartOffset="3012"/>
<Loc EndOffset="3136" SrcFileId="1" StartOffset="3077"/>
<Loc EndOffset="3198" SrcFileId="1" StartOffset="3140"/>
<Loc EndOffset="3258" SrcFileId="1" StartOffset="3202"/>
<Loc EndOffset="3323" SrcFileId="1" StartOffset="3262"/>
<Loc EndOffset="3386" SrcFileId="1" StartOffset="3327"/>
<Loc EndOffset="3448" SrcFileId="1" StartOffset="3390"/>
<Loc EndOffset="3508" SrcFileId="1" StartOffset="3452"/>
<Loc EndOffset="3570" SrcFileId="1" StartOffset="3512"/>
<Loc EndOffset="3630" SrcFileId="1" StartOffset="3574"/>
</LocList>
<BasicStmnt CovItemId="S28" CovItemPrefix="my.PSM.unitTestPSM.appControllerTest.java" Intrnl_Id="71">
<LocList>
<Loc EndOffset="2225" SrcFileId="1" StartOffset="2201"/>
</LocList>
</BasicStmnt>
<BasicStmnt CovItemId="S29" CovItemPrefix="my.PSM.unitTestPSM.appControllerTest.java" Intrnl_Id="72">
<LocList>
<Loc EndOffset="2402" SrcFileId="1" StartOffset="2229"/>
</LocList>
</BasicStmnt>
<BasicStmnt CovItemId="S30" CovItemPrefix="my.PSM.unitTestPSM.appControllerTest.java" Intrnl_Id="73">
<LocList>
<Loc EndOffset="2427" SrcFileId="1" StartOffset="2410"/>
</LocList>
</BasicStmnt>
<BasicStmnt CovItemId="S31" CovItemPrefix="my.PSM.unitTestPSM.appControllerTest.java" Intrnl_Id="74">
<LocList>
<Loc EndOffset="2546" SrcFileId="1" StartOffset="2495"/>
</LocList>
</BasicStmnt>
<BasicStmnt CovItemId="S32" CovItemPrefix="my.PSM.unitTestPSM.appControllerTest.java" Intrnl_Id="75">
<LocList>
<Loc EndOffset="2624" SrcFileId="1" StartOffset="2550"/>
</LocList>
</BasicStmnt>
<BasicStmnt CovItemId="S33" CovItemPrefix="my.PSM.unitTestPSM.appControllerTest.java" Intrnl_Id="76">
<LocList>
<Loc EndOffset="2682" SrcFileId="1" StartOffset="2628"/>
</LocList>
</BasicStmnt>
<BasicStmnt CovItemId="S34" CovItemPrefix="my.PSM.unitTestPSM.appControllerTest.java" Intrnl_Id="77">
<LocList>
<Loc EndOffset="2746" SrcFileId="1" StartOffset="2686"/>
</LocList>
</BasicStmnt>
<BasicStmnt CovItemId="S35" CovItemPrefix="my.PSM.unitTestPSM.appControllerTest.java" Intrnl_Id="78">
<LocList>
<Loc EndOffset="2817" SrcFileId="1" StartOffset="2750"/>
</LocList>
</BasicStmnt>
<BasicStmnt CovItemId="S36" CovItemPrefix="my.PSM.unitTestPSM.appControllerTest.java" Intrnl_Id="79">
<LocList>
<Loc EndOffset="2886" SrcFileId="1" StartOffset="2821"/>
</LocList>
</BasicStmnt>
<BasicStmnt CovItemId="S37" CovItemPrefix="my.PSM.unitTestPSM.appControllerTest.java" Intrnl_Id="80">
<LocList>
<Loc EndOffset="2948" SrcFileId="1" StartOffset="2890"/>
</LocList>
</BasicStmnt>
<BasicStmnt CovItemId="S38" CovItemPrefix="my.PSM.unitTestPSM.appControllerTest.java" Intrnl_Id="81">
<LocList>
<Loc EndOffset="3008" SrcFileId="1" StartOffset="2952"/>
</LocList>
</BasicStmnt>
<BasicStmnt CovItemId="S39" CovItemPrefix="my.PSM.unitTestPSM.appControllerTest.java" Intrnl_Id="82">
<LocList>
<Loc EndOffset="3073" SrcFileId="1" StartOffset="3012"/>
</LocList>
</BasicStmnt>
<BasicStmnt CovItemId="S40" CovItemPrefix="my.PSM.unitTestPSM.appControllerTest.java" Intrnl_Id="83">
<LocList>
<Loc EndOffset="3136" SrcFileId="1" StartOffset="3077"/>
</LocList>
</BasicStmnt>
<BasicStmnt CovItemId="S41" CovItemPrefix="my.PSM.unitTestPSM.appControllerTest.java" Intrnl_Id="84">
<LocList>
<Loc EndOffset="3198" SrcFileId="1" StartOffset="3140"/>
</LocList>
</BasicStmnt>
<BasicStmnt CovItemId="S42" CovItemPrefix="my.PSM.unitTestPSM.appControllerTest.java" Intrnl_Id="85">
<LocList>
<Loc EndOffset="3258" SrcFileId="1" StartOffset="3202"/>
</LocList>
</BasicStmnt>
<BasicStmnt CovItemId="S43" CovItemPrefix="my.PSM.unitTestPSM.appControllerTest.java" Intrnl_Id="86">
<LocList>
<Loc EndOffset="3323" SrcFileId="1" StartOffset="3262"/>
</LocList>
</BasicStmnt>
<BasicStmnt CovItemId="S44" CovItemPrefix="my.PSM.unitTestPSM.appControllerTest.java" Intrnl_Id="87">
<LocList>
<Loc EndOffset="3386" SrcFileId="1" StartOffset="3327"/>
</LocList>
</BasicStmnt>
<BasicStmnt CovItemId="S45" CovItemPrefix="my.PSM.unitTestPSM.appControllerTest.java" Intrnl_Id="88">
<LocList>
<Loc EndOffset="3448" SrcFileId="1" StartOffset="3390"/>
</LocList>
</BasicStmnt>
<BasicStmnt CovItemId="S46" CovItemPrefix="my.PSM.unitTestPSM.appControllerTest.java" Intrnl_Id="89">
<LocList>
<Loc EndOffset="3508" SrcFileId="1" StartOffset="3452"/>
</LocList>
</BasicStmnt>
<BasicStmnt CovItemId="S47" CovItemPrefix="my.PSM.unitTestPSM.appControllerTest.java" Intrnl_Id="90">
<LocList>
<Loc EndOffset="3570" SrcFileId="1" StartOffset="3512"/>
</LocList>
</BasicStmnt>
<BasicStmnt CovItemId="S48" CovItemPrefix="my.PSM.unitTestPSM.appControllerTest.java" Intrnl_Id="91">
<LocList>
<Loc EndOffset="3630" SrcFileId="1" StartOffset="3574"/>
</LocList>
</BasicStmnt>
</StmntSeq>
</HierarchyLvl>
<HierarchyLvl HierarchyLvlId="8" HierarchyLvlTypeId="22" Intrnl_Id="92" Name="testAppEditSched">
<Header>
<Loc EndOffset="3677" SrcFileId="1" StartOffset="3639"/>
</Header>
<LocList>
<Loc EndOffset="4988" SrcFileId="1" StartOffset="3639"/>
</LocList>
<StmntSeq Intrnl_Id="93">
<LocList>
<Loc EndOffset="3768" SrcFileId="1" StartOffset="3741"/>
<Loc EndOffset="3824" SrcFileId="1" StartOffset="3800"/>
<Loc EndOffset="4001" SrcFileId="1" StartOffset="3828"/>
<Loc EndOffset="4036" SrcFileId="1" StartOffset="4017"/>
<Loc EndOffset="4171" SrcFileId="1" StartOffset="4104"/>
<Loc EndOffset="4240" SrcFileId="1" StartOffset="4175"/>
<Loc EndOffset="4302" SrcFileId="1" StartOffset="4244"/>
<Loc EndOffset="4362" SrcFileId="1" StartOffset="4306"/>
<Loc EndOffset="4427" SrcFileId="1" StartOffset="4366"/>
<Loc EndOffset="4490" SrcFileId="1" StartOffset="4431"/>
<Loc EndOffset="4552" SrcFileId="1" StartOffset="4494"/>
<Loc EndOffset="4612" SrcFileId="1" StartOffset="4556"/>
<Loc EndOffset="4677" SrcFileId="1" StartOffset="4616"/>
<Loc EndOffset="4740" SrcFileId="1" StartOffset="4681"/>
<Loc EndOffset="4802" SrcFileId="1" StartOffset="4744"/>
<Loc EndOffset="4862" SrcFileId="1" StartOffset="4806"/>
<Loc EndOffset="4924" SrcFileId="1" StartOffset="4866"/>
<Loc EndOffset="4984" SrcFileId="1" StartOffset="4928"/>
</LocList>
<BasicStmnt CovItemId="S49" CovItemPrefix="my.PSM.unitTestPSM.appControllerTest.java" Intrnl_Id="94">
<LocList>
<Loc EndOffset="3768" SrcFileId="1" StartOffset="3741"/>
</LocList>
</BasicStmnt>
<BasicStmnt CovItemId="S50" CovItemPrefix="my.PSM.unitTestPSM.appControllerTest.java" Intrnl_Id="95">
<LocList>
<Loc EndOffset="3824" SrcFileId="1" StartOffset="3800"/>
</LocList>
</BasicStmnt>
<BasicStmnt CovItemId="S51" CovItemPrefix="my.PSM.unitTestPSM.appControllerTest.java" Intrnl_Id="96">
<LocList>
<Loc EndOffset="4001" SrcFileId="1" StartOffset="3828"/>
</LocList>
</BasicStmnt>
<BasicStmnt CovItemId="S52" CovItemPrefix="my.PSM.unitTestPSM.appControllerTest.java" Intrnl_Id="97">
<LocList>
<Loc EndOffset="4036" SrcFileId="1" StartOffset="4017"/>
</LocList>
</BasicStmnt>
<BasicStmnt CovItemId="S53" CovItemPrefix="my.PSM.unitTestPSM.appControllerTest.java" Intrnl_Id="98">
<LocList>
<Loc EndOffset="4171" SrcFileId="1" StartOffset="4104"/>
</LocList>
</BasicStmnt>
<BasicStmnt CovItemId="S54" CovItemPrefix="my.PSM.unitTestPSM.appControllerTest.java" Intrnl_Id="99">
<LocList>
<Loc EndOffset="4240" SrcFileId="1" StartOffset="4175"/>
</LocList>
</BasicStmnt>
<BasicStmnt CovItemId="S55" CovItemPrefix="my.PSM.unitTestPSM.appControllerTest.java" Intrnl_Id="100">
<LocList>
<Loc EndOffset="4302" SrcFileId="1" StartOffset="4244"/>
</LocList>
</BasicStmnt>
<BasicStmnt CovItemId="S56" CovItemPrefix="my.PSM.unitTestPSM.appControllerTest.java" Intrnl_Id="101">
<LocList>
<Loc EndOffset="4362" SrcFileId="1" StartOffset="4306"/>
</LocList>
</BasicStmnt>
<BasicStmnt CovItemId="S57" CovItemPrefix="my.PSM.unitTestPSM.appControllerTest.java" Intrnl_Id="102">
<LocList>
<Loc EndOffset="4427" SrcFileId="1" StartOffset="4366"/>
</LocList>
</BasicStmnt>
<BasicStmnt CovItemId="S58" CovItemPrefix="my.PSM.unitTestPSM.appControllerTest.java" Intrnl_Id="103">
<LocList>
<Loc EndOffset="4490" SrcFileId="1" StartOffset="4431"/>
</LocList>
</BasicStmnt>
<BasicStmnt CovItemId="S59" CovItemPrefix="my.PSM.unitTestPSM.appControllerTest.java" Intrnl_Id="104">
<LocList>
<Loc EndOffset="4552" SrcFileId="1" StartOffset="4494"/>
</LocList>
</BasicStmnt>
<BasicStmnt CovItemId="S60" CovItemPrefix="my.PSM.unitTestPSM.appControllerTest.java" Intrnl_Id="105">
<LocList>
<Loc EndOffset="4612" SrcFileId="1" StartOffset="4556"/>
</LocList>
</BasicStmnt>
<BasicStmnt CovItemId="S61" CovItemPrefix="my.PSM.unitTestPSM.appControllerTest.java" Intrnl_Id="106">
<LocList>
<Loc EndOffset="4677" SrcFileId="1" StartOffset="4616"/>
</LocList>
</BasicStmnt>
<BasicStmnt CovItemId="S62" CovItemPrefix="my.PSM.unitTestPSM.appControllerTest.java" Intrnl_Id="107">
<LocList>
<Loc EndOffset="4740" SrcFileId="1" StartOffset="4681"/>
</LocList>
</BasicStmnt>
<BasicStmnt CovItemId="S63" CovItemPrefix="my.PSM.unitTestPSM.appControllerTest.java" Intrnl_Id="108">
<LocList>
<Loc EndOffset="4802" SrcFileId="1" StartOffset="4744"/>
</LocList>
</BasicStmnt>
<BasicStmnt CovItemId="S64" CovItemPrefix="my.PSM.unitTestPSM.appControllerTest.java" Intrnl_Id="109">
<LocList>
<Loc EndOffset="4862" SrcFileId="1" StartOffset="4806"/>
</LocList>
</BasicStmnt>
<BasicStmnt CovItemId="S65" CovItemPrefix="my.PSM.unitTestPSM.appControllerTest.java" Intrnl_Id="110">
<LocList>
<Loc EndOffset="4924" SrcFileId="1" StartOffset="4866"/>
</LocList>
</BasicStmnt>
<BasicStmnt CovItemId="S66" CovItemPrefix="my.PSM.unitTestPSM.appControllerTest.java" Intrnl_Id="111">
<LocList>
<Loc EndOffset="4984" SrcFileId="1" StartOffset="4928"/>
</LocList>
</BasicStmnt>
</StmntSeq>
</HierarchyLvl>
<HierarchyLvl HierarchyLvlId="9" HierarchyLvlTypeId="22" Intrnl_Id="112" Name="testAppLogin">
<Header>
<Loc EndOffset="5027" SrcFileId="1" StartOffset="4993"/>
</Header>
<LocList>
<Loc EndOffset="5348" SrcFileId="1" StartOffset="4993"/>
</LocList>
<StmntSeq Intrnl_Id="113">
<LocList>
<Loc EndOffset="5085" SrcFileId="1" StartOffset="5057"/>
<Loc EndOffset="5115" SrcFileId="1" StartOffset="5089"/>
<Loc EndOffset="5138" SrcFileId="1" StartOffset="5123"/>
<Loc EndOffset="5252" SrcFileId="1" StartOffset="5215"/>
<Loc EndOffset="5299" SrcFileId="1" StartOffset="5256"/>
<Loc EndOffset="5344" SrcFileId="1" StartOffset="5303"/>
</LocList>
<BasicStmnt CovItemId="S67" CovItemPrefix="my.PSM.unitTestPSM.appControllerTest.java" Intrnl_Id="114">
<LocList>
<Loc EndOffset="5085" SrcFileId="1" StartOffset="5057"/>
</LocList>
</BasicStmnt>
<BasicStmnt CovItemId="S68" CovItemPrefix="my.PSM.unitTestPSM.appControllerTest.java" Intrnl_Id="115">
<LocList>
<Loc EndOffset="5115" SrcFileId="1" StartOffset="5089"/>
</LocList>
</BasicStmnt>
<BasicStmnt CovItemId="S69" CovItemPrefix="my.PSM.unitTestPSM.appControllerTest.java" Intrnl_Id="116">
<LocList>
<Loc EndOffset="5138" SrcFileId="1" StartOffset="5123"/>
</LocList>
</BasicStmnt>
<BasicStmnt CovItemId="S70" CovItemPrefix="my.PSM.unitTestPSM.appControllerTest.java" Intrnl_Id="117">
<LocList>
<Loc EndOffset="5252" SrcFileId="1" StartOffset="5215"/>
</LocList>
</BasicStmnt>
<BasicStmnt CovItemId="S71" CovItemPrefix="my.PSM.unitTestPSM.appControllerTest.java" Intrnl_Id="118">
<LocList>
<Loc EndOffset="5299" SrcFileId="1" StartOffset="5256"/>
</LocList>
</BasicStmnt>
<BasicStmnt CovItemId="S72" CovItemPrefix="my.PSM.unitTestPSM.appControllerTest.java" Intrnl_Id="119">
<LocList>
<Loc EndOffset="5344" SrcFileId="1" StartOffset="5303"/>
</LocList>
</BasicStmnt>
</StmntSeq>
</HierarchyLvl>
<HierarchyLvl HierarchyLvlId="10" HierarchyLvlTypeId="22" Intrnl_Id="120" Name="testAppLogin02">
<Header>
<Loc EndOffset="5389" SrcFileId="1" StartOffset="5353"/>
</Header>
<LocList>
<Loc EndOffset="5759" SrcFileId="1" StartOffset="5353"/>
</LocList>
<StmntSeq Intrnl_Id="121">
<LocList>
<Loc EndOffset="5448" SrcFileId="1" StartOffset="5419"/>
<Loc EndOffset="5482" SrcFileId="1" StartOffset="5452"/>
<Loc EndOffset="5505" SrcFileId="1" StartOffset="5490"/>
<Loc EndOffset="5634" SrcFileId="1" StartOffset="5595"/>
<Loc EndOffset="5672" SrcFileId="1" StartOffset="5638"/>
<Loc EndOffset="5713" SrcFileId="1" StartOffset="5676"/>
<Loc EndOffset="5755" SrcFileId="1" StartOffset="5717"/>
</LocList>
<BasicStmnt CovItemId="S73" CovItemPrefix="my.PSM.unitTestPSM.appControllerTest.java" Intrnl_Id="122">
<LocList>
<Loc EndOffset="5448" SrcFileId="1" StartOffset="5419"/>
</LocList>
</BasicStmnt>
<BasicStmnt CovItemId="S74" CovItemPrefix="my.PSM.unitTestPSM.appControllerTest.java" Intrnl_Id="123">
<LocList>
<Loc EndOffset="5482" SrcFileId="1" StartOffset="5452"/>
</LocList>
</BasicStmnt>
<BasicStmnt CovItemId="S75" CovItemPrefix="my.PSM.unitTestPSM.appControllerTest.java" Intrnl_Id="124">
<LocList>
<Loc EndOffset="5505" SrcFileId="1" StartOffset="5490"/>
</LocList>
</BasicStmnt>
<BasicStmnt CovItemId="S76" CovItemPrefix="my.PSM.unitTestPSM.appControllerTest.java" Intrnl_Id="125">
<LocList>
<Loc EndOffset="5634" SrcFileId="1" StartOffset="5595"/>
</LocList>
</BasicStmnt>
<BasicStmnt CovItemId="S77" CovItemPrefix="my.PSM.unitTestPSM.appControllerTest.java" Intrnl_Id="126">
<LocList>
<Loc EndOffset="5672" SrcFileId="1" StartOffset="5638"/>
</LocList>
</BasicStmnt>
<BasicStmnt CovItemId="S78" CovItemPrefix="my.PSM.unitTestPSM.appControllerTest.java" Intrnl_Id="127">
<LocList>
<Loc EndOffset="5713" SrcFileId="1" StartOffset="5676"/>
</LocList>
</BasicStmnt>
<BasicStmnt CovItemId="S79" CovItemPrefix="my.PSM.unitTestPSM.appControllerTest.java" Intrnl_Id="128">
<LocList>
<Loc EndOffset="5755" SrcFileId="1" StartOffset="5717"/>
</LocList>
</BasicStmnt>
</StmntSeq>
</HierarchyLvl>
<HierarchyLvl HierarchyLvlId="11" HierarchyLvlTypeId="22" Intrnl_Id="129" Name="testCheckClear">
<Header>
<Loc EndOffset="5798" SrcFileId="1" StartOffset="5762"/>
</Header>
<LocList>
<Loc EndOffset="5931" SrcFileId="1" StartOffset="5762"/>
</LocList>
<StmntSeq Intrnl_Id="130">
<LocList>
<Loc EndOffset="5923" SrcFileId="1" StartOffset="5887"/>
</LocList>
<BasicStmnt CovItemId="S80" CovItemPrefix="my.PSM.unitTestPSM.appControllerTest.java" Intrnl_Id="131">
<LocList>
<Loc EndOffset="5923" SrcFileId="1" StartOffset="5887"/>
</LocList>
</BasicStmnt>
</StmntSeq>
</HierarchyLvl>
<HierarchyLvl HierarchyLvlId="12" HierarchyLvlTypeId="22" Intrnl_Id="132" Name="testCheckClear02">
<Header>
<Loc EndOffset="5975" SrcFileId="1" StartOffset="5937"/>
</Header>
<LocList>
<Loc EndOffset="6487" SrcFileId="1" StartOffset="5937"/>
</LocList>
<StmntSeq Intrnl_Id="133">
<LocList>
<Loc EndOffset="6217" SrcFileId="1" StartOffset="6039"/>
<Loc EndOffset="6403" SrcFileId="1" StartOffset="6221"/>
<Loc EndOffset="6483" SrcFileId="1" StartOffset="6447"/>
</LocList>
<BasicStmnt CovItemId="S81" CovItemPrefix="my.PSM.unitTestPSM.appControllerTest.java" Intrnl_Id="134">
<LocList>
<Loc EndOffset="6217" SrcFileId="1" StartOffset="6039"/>
</LocList>
</BasicStmnt>
<BasicStmnt CovItemId="S82" CovItemPrefix="my.PSM.unitTestPSM.appControllerTest.java" Intrnl_Id="135">
<LocList>
<Loc EndOffset="6403" SrcFileId="1" StartOffset="6221"/>
</LocList>
</BasicStmnt>
<BasicStmnt CovItemId="S83" CovItemPrefix="my.PSM.unitTestPSM.appControllerTest.java" Intrnl_Id="136">
<LocList>
<Loc EndOffset="6483" SrcFileId="1" StartOffset="6447"/>
</LocList>
</BasicStmnt>
</StmntSeq>
</HierarchyLvl>
<HierarchyLvl HierarchyLvlId="13" HierarchyLvlTypeId="22" Intrnl_Id="137" Name="testCheckClear03">
<Header>
<Loc EndOffset="6530" SrcFileId="1" StartOffset="6492"/>
</Header>
<LocList>
<Loc EndOffset="7059" SrcFileId="1" StartOffset="6492"/>
</LocList>
<StmntSeq Intrnl_Id="138">
<LocList>
<Loc EndOffset="6775" SrcFileId="1" StartOffset="6597"/>
<Loc EndOffset="6961" SrcFileId="1" StartOffset="6779"/>
<Loc EndOffset="7051" SrcFileId="1" StartOffset="7006"/>
</LocList>
<BasicStmnt CovItemId="S84" CovItemPrefix="my.PSM.unitTestPSM.appControllerTest.java" Intrnl_Id="139">
<LocList>
<Loc EndOffset="6775" SrcFileId="1" StartOffset="6597"/>
</LocList>
</BasicStmnt>
<BasicStmnt CovItemId="S85" CovItemPrefix="my.PSM.unitTestPSM.appControllerTest.java" Intrnl_Id="140">
<LocList>
<Loc EndOffset="6961" SrcFileId="1" StartOffset="6779"/>
</LocList>
</BasicStmnt>
<BasicStmnt CovItemId="S86" CovItemPrefix="my.PSM.unitTestPSM.appControllerTest.java" Intrnl_Id="141">
<LocList>
<Loc EndOffset="7051" SrcFileId="1" StartOffset="7006"/>
</LocList>
</BasicStmnt>
</StmntSeq>
</HierarchyLvl>
<HierarchyLvl HierarchyLvlId="14" HierarchyLvlTypeId="22" Intrnl_Id="142" Name="testGetData">
<Header>
<Loc EndOffset="7097" SrcFileId="1" StartOffset="7064"/>
</Header>
<LocList>
<Loc EndOffset="8289" SrcFileId="1" StartOffset="7064"/>
</LocList>
<StmntSeq Intrnl_Id="143">
<LocList>
<Loc EndOffset="7339" SrcFileId="1" StartOffset="7161"/>
<Loc EndOffset="7365" SrcFileId="1" StartOffset="7347"/>
<Loc EndOffset="7516" SrcFileId="1" StartOffset="7457"/>
<Loc EndOffset="7559" SrcFileId="1" StartOffset="7520"/>
<Loc EndOffset="7611" SrcFileId="1" StartOffset="7563"/>
<Loc EndOffset="7667" SrcFileId="1" StartOffset="7615"/>
<Loc EndOffset="7721" SrcFileId="1" StartOffset="7671"/>
<Loc EndOffset="7768" SrcFileId="1" StartOffset="7725"/>
<Loc EndOffset="7813" SrcFileId="1" StartOffset="7772"/>
<Loc EndOffset="7863" SrcFileId="1" StartOffset="7817"/>
<Loc EndOffset="7911" SrcFileId="1" StartOffset="7867"/>
<Loc EndOffset="7958" SrcFileId="1" StartOffset="7915"/>
<Loc EndOffset="8003" SrcFileId="1" StartOffset="7962"/>
<Loc EndOffset="8053" SrcFileId="1" StartOffset="8007"/>
<Loc EndOffset="8101" SrcFileId="1" StartOffset="8057"/>
<Loc EndOffset="8148" SrcFileId="1" StartOffset="8105"/>
<Loc EndOffset="8193" SrcFileId="1" StartOffset="8152"/>
<Loc EndOffset="8240" SrcFileId="1" StartOffset="8197"/>
<Loc EndOffset="8285" SrcFileId="1" StartOffset="8244"/>
</LocList>
<BasicStmnt CovItemId="S87" CovItemPrefix="my.PSM.unitTestPSM.appControllerTest.java" Intrnl_Id="144">
<LocList>
<Loc EndOffset="7339" SrcFileId="1" StartOffset="7161"/>
</LocList>
</BasicStmnt>
<BasicStmnt CovItemId="S88" CovItemPrefix="my.PSM.unitTestPSM.appControllerTest.java" Intrnl_Id="145">
<LocList>
<Loc EndOffset="7365" SrcFileId="1" StartOffset="7347"/>
</LocList>
</BasicStmnt>
<BasicStmnt CovItemId="S89" CovItemPrefix="my.PSM.unitTestPSM.appControllerTest.java" Intrnl_Id="146">
<LocList>
<Loc EndOffset="7516" SrcFileId="1" StartOffset="7457"/>
</LocList>
</BasicStmnt>
<BasicStmnt CovItemId="S90" CovItemPrefix="my.PSM.unitTestPSM.appControllerTest.java" Intrnl_Id="147">
<LocList>
<Loc EndOffset="7559" SrcFileId="1" StartOffset="7520"/>
</LocList>
</BasicStmnt>
<BasicStmnt CovItemId="S91" CovItemPrefix="my.PSM.unitTestPSM.appControllerTest.java" Intrnl_Id="148">
<LocList>
<Loc EndOffset="7611" SrcFileId="1" StartOffset="7563"/>
</LocList>
</BasicStmnt>
<BasicStmnt CovItemId="S92" CovItemPrefix="my.PSM.unitTestPSM.appControllerTest.java" Intrnl_Id="149">
<LocList>
<Loc EndOffset="7667" SrcFileId="1" StartOffset="7615"/>
</LocList>
</BasicStmnt>
<BasicStmnt CovItemId="S93" CovItemPrefix="my.PSM.unitTestPSM.appControllerTest.java" Intrnl_Id="150">
<LocList>
<Loc EndOffset="7721" SrcFileId="1" StartOffset="7671"/>
</LocList>
</BasicStmnt>
<BasicStmnt CovItemId="S94" CovItemPrefix="my.PSM.unitTestPSM.appControllerTest.java" Intrnl_Id="151">
<LocList>
<Loc EndOffset="7768" SrcFileId="1" StartOffset="7725"/>
</LocList>
</BasicStmnt>
<BasicStmnt CovItemId="S95" CovItemPrefix="my.PSM.unitTestPSM.appControllerTest.java" Intrnl_Id="152">
<LocList>
<Loc EndOffset="7813" SrcFileId="1" StartOffset="7772"/>
</LocList>
</BasicStmnt>
<BasicStmnt CovItemId="S96" CovItemPrefix="my.PSM.unitTestPSM.appControllerTest.java" Intrnl_Id="153">
<LocList>
<Loc EndOffset="7863" SrcFileId="1" StartOffset="7817"/>
</LocList>
</BasicStmnt>
<BasicStmnt CovItemId="S97" CovItemPrefix="my.PSM.unitTestPSM.appControllerTest.java" Intrnl_Id="154">
<LocList>
<Loc EndOffset="7911" SrcFileId="1" StartOffset="7867"/>
</LocList>
</BasicStmnt>
<BasicStmnt CovItemId="S98" CovItemPrefix="my.PSM.unitTestPSM.appControllerTest.java" Intrnl_Id="155">
<LocList>
<Loc EndOffset="7958" SrcFileId="1" StartOffset="7915"/>
</LocList>
</BasicStmnt>
<BasicStmnt CovItemId="S99" CovItemPrefix="my.PSM.unitTestPSM.appControllerTest.java" Intrnl_Id="156">
<LocList>
<Loc EndOffset="8003" SrcFileId="1" StartOffset="7962"/>
</LocList>
</BasicStmnt>
<BasicStmnt CovItemId="S100" CovItemPrefix="my.PSM.unitTestPSM.appControllerTest.java" Intrnl_Id="157">
<LocList>
<Loc EndOffset="8053" SrcFileId="1" StartOffset="8007"/>
</LocList>
</BasicStmnt>
<BasicStmnt CovItemId="S101" CovItemPrefix="my.PSM.unitTestPSM.appControllerTest.java" Intrnl_Id="158">
<LocList>
<Loc EndOffset="8101" SrcFileId="1" StartOffset="8057"/>
</LocList>
</BasicStmnt>
<BasicStmnt CovItemId="S102" CovItemPrefix="my.PSM.unitTestPSM.appControllerTest.java" Intrnl_Id="159">
<LocList>
<Loc EndOffset="8148" SrcFileId="1" StartOffset="8105"/>
</LocList>
</BasicStmnt>
<BasicStmnt CovItemId="S103" CovItemPrefix="my.PSM.unitTestPSM.appControllerTest.java" Intrnl_Id="160">
<LocList>
<Loc EndOffset="8193" SrcFileId="1" StartOffset="8152"/>
</LocList>
</BasicStmnt>
<BasicStmnt CovItemId="S104" CovItemPrefix="my.PSM.unitTestPSM.appControllerTest.java" Intrnl_Id="161">
<LocList>
<Loc EndOffset="8240" SrcFileId="1" StartOffset="8197"/>
</LocList>
</BasicStmnt>
<BasicStmnt CovItemId="S105" CovItemPrefix="my.PSM.unitTestPSM.appControllerTest.java" Intrnl_Id="162">
<LocList>
<Loc EndOffset="8285" SrcFileId="1" StartOffset="8244"/>
</LocList>
</BasicStmnt>
</StmntSeq>
</HierarchyLvl>
<HierarchyLvl HierarchyLvlId="15" HierarchyLvlTypeId="22" Intrnl_Id="163" Name="testSleep">
<Header>
<Loc EndOffset="8325" SrcFileId="1" StartOffset="8294"/>
</Header>
<LocList>
<Loc EndOffset="8512" SrcFileId="1" StartOffset="8294"/>
</LocList>
<StmntSeq Intrnl_Id="164">
<LocList>
<Loc EndOffset="8371" SrcFileId="1" StartOffset="8331"/>
<Loc EndOffset="8388" SrcFileId="1" StartOffset="8375"/>
<Loc EndOffset="8430" SrcFileId="1" StartOffset="8392"/>
<Loc EndOffset="8508" SrcFileId="1" StartOffset="8474"/>
</LocList>
<BasicStmnt CovItemId="S106" CovItemPrefix="my.PSM.unitTestPSM.appControllerTest.java" Intrnl_Id="165">
<LocList>
<Loc EndOffset="8371" SrcFileId="1" StartOffset="8331"/>
</LocList>
</BasicStmnt>
<BasicStmnt CovItemId="S107" CovItemPrefix="my.PSM.unitTestPSM.appControllerTest.java" Intrnl_Id="166">
<LocList>
<Loc EndOffset="8388" SrcFileId="1" StartOffset="8375"/>
</LocList>
</BasicStmnt>
<BasicStmnt CovItemId="S108" CovItemPrefix="my.PSM.unitTestPSM.appControllerTest.java" Intrnl_Id="167">
<LocList>
<Loc EndOffset="8430" SrcFileId="1" StartOffset="8392"/>
</LocList>
</BasicStmnt>
<BasicStmnt CovItemId="S109" CovItemPrefix="my.PSM.unitTestPSM.appControllerTest.java" Intrnl_Id="168">
<LocList>
<Loc EndOffset="8508" SrcFileId="1" StartOffset="8474"/>
</LocList>
</BasicStmnt>
</StmntSeq>
</HierarchyLvl>
<HierarchyLvl HierarchyLvlId="16" HierarchyLvlTypeId="22" Intrnl_Id="169" Name="testLogIn">
<Header>
<Loc EndOffset="8548" SrcFileId="1" StartOffset="8517"/>
</Header>
<LocList>
<Loc EndOffset="8784" SrcFileId="1" StartOffset="8517"/>
</LocList>
<StmntSeq Intrnl_Id="170">
<LocList>
<Loc EndOffset="8645" SrcFileId="1" StartOffset="8625"/>
<Loc EndOffset="8671" SrcFileId="1" StartOffset="8649"/>
<Loc EndOffset="8691" SrcFileId="1" StartOffset="8679"/>
<Loc EndOffset="8780" SrcFileId="1" StartOffset="8743"/>
</LocList>
<BasicStmnt CovItemId="S110" CovItemPrefix="my.PSM.unitTestPSM.appControllerTest.java" Intrnl_Id="171">
<LocList>
<Loc EndOffset="8645" SrcFileId="1" StartOffset="8625"/>
</LocList>
</BasicStmnt>
<BasicStmnt CovItemId="S111" CovItemPrefix="my.PSM.unitTestPSM.appControllerTest.java" Intrnl_Id="172">
<LocList>
<Loc EndOffset="8671" SrcFileId="1" StartOffset="8649"/>
</LocList>
</BasicStmnt>
<BasicStmnt CovItemId="S112" CovItemPrefix="my.PSM.unitTestPSM.appControllerTest.java" Intrnl_Id="173">
<LocList>
<Loc EndOffset="8691" SrcFileId="1" StartOffset="8679"/>
</LocList>
</BasicStmnt>
<BasicStmnt CovItemId="S113" CovItemPrefix="my.PSM.unitTestPSM.appControllerTest.java" Intrnl_Id="174">
<LocList>
<Loc EndOffset="8780" SrcFileId="1" StartOffset="8743"/>
</LocList>
</BasicStmnt>
</StmntSeq>
</HierarchyLvl>
<HierarchyLvl HierarchyLvlId="17" HierarchyLvlTypeId="22" Intrnl_Id="175" Name="testLogIn02">
<Header>
<Loc EndOffset="8822" SrcFileId="1" StartOffset="8789"/>
</Header>
<LocList>
<Loc EndOffset="9064" SrcFileId="1" StartOffset="8789"/>
</LocList>
<StmntSeq Intrnl_Id="176">
<LocList>
<Loc EndOffset="8920" SrcFileId="1" StartOffset="8899"/>
<Loc EndOffset="8950" SrcFileId="1" StartOffset="8924"/>
<Loc EndOffset="8970" SrcFileId="1" StartOffset="8958"/>
<Loc EndOffset="9060" SrcFileId="1" StartOffset="9022"/>
</LocList>
<BasicStmnt CovItemId="S114" CovItemPrefix="my.PSM.unitTestPSM.appControllerTest.java" Intrnl_Id="177">
<LocList>
<Loc EndOffset="8920" SrcFileId="1" StartOffset="8899"/>
</LocList>
</BasicStmnt>
<BasicStmnt CovItemId="S115" CovItemPrefix="my.PSM.unitTestPSM.appControllerTest.java" Intrnl_Id="178">
<LocList>
<Loc EndOffset="8950" SrcFileId="1" StartOffset="8924"/>
</LocList>
</BasicStmnt>
<BasicStmnt CovItemId="S116" CovItemPrefix="my.PSM.unitTestPSM.appControllerTest.java" Intrnl_Id="179">
<LocList>
<Loc EndOffset="8970" SrcFileId="1" StartOffset="8958"/>
</LocList>
</BasicStmnt>
<BasicStmnt CovItemId="S117" CovItemPrefix="my.PSM.unitTestPSM.appControllerTest.java" Intrnl_Id="180">
<LocList>
<Loc EndOffset="9060" SrcFileId="1" StartOffset="9022"/>
</LocList>
</BasicStmnt>
</StmntSeq>
</HierarchyLvl>
<HierarchyLvl HierarchyLvlId="18" HierarchyLvlTypeId="22" Intrnl_Id="181" Name="testTimerParser">
<Header>
<Loc EndOffset="9106" SrcFileId="1" StartOffset="9069"/>
</Header>
<LocList>
<Loc EndOffset="9251" SrcFileId="1" StartOffset="9069"/>
</LocList>
<StmntSeq Intrnl_Id="182">
<LocList>
<Loc EndOffset="9137" SrcFileId="1" StartOffset="9112"/>
<Loc EndOffset="9247" SrcFileId="1" StartOffset="9183"/>
</LocList>
<BasicStmnt CovItemId="S118" CovItemPrefix="my.PSM.unitTestPSM.appControllerTest.java" Intrnl_Id="183">
<LocList>
<Loc EndOffset="9137" SrcFileId="1" StartOffset="9112"/>
</LocList>
</BasicStmnt>
<BasicStmnt CovItemId="S119" CovItemPrefix="my.PSM.unitTestPSM.appControllerTest.java" Intrnl_Id="184">
<LocList>
<Loc EndOffset="9247" SrcFileId="1" StartOffset="9183"/>
</LocList>
</BasicStmnt>
</StmntSeq>
</HierarchyLvl>
<HierarchyLvl HierarchyLvlId="19" HierarchyLvlTypeId="22" Intrnl_Id="185" Name="testDateParser">
<Header>
<Loc EndOffset="9295" SrcFileId="1" StartOffset="9259"/>
</Header>
<LocList>
<Loc EndOffset="9526" SrcFileId="1" StartOffset="9259"/>
</LocList>
<StmntSeq Intrnl_Id="186">
<LocList>
<Loc EndOffset="9328" SrcFileId="1" StartOffset="9301"/>
<Loc EndOffset="9426" SrcFileId="1" StartOffset="9382"/>
<Loc EndOffset="9474" SrcFileId="1" StartOffset="9430"/>
<Loc EndOffset="9522" SrcFileId="1" StartOffset="9478"/>
</LocList>
<BasicStmnt CovItemId="S120" CovItemPrefix="my.PSM.unitTestPSM.appControllerTest.java" Intrnl_Id="187">
<LocList>
<Loc EndOffset="9328" SrcFileId="1" StartOffset="9301"/>
</LocList>
</BasicStmnt>
<BasicStmnt CovItemId="S121" CovItemPrefix="my.PSM.unitTestPSM.appControllerTest.java" Intrnl_Id="188">
<LocList>
<Loc EndOffset="9426" SrcFileId="1" StartOffset="9382"/>
</LocList>
</BasicStmnt>
<BasicStmnt CovItemId="S122" CovItemPrefix="my.PSM.unitTestPSM.appControllerTest.java" Intrnl_Id="189">
<LocList>
<Loc EndOffset="9474" SrcFileId="1" StartOffset="9430"/>
</LocList>
</BasicStmnt>
<BasicStmnt CovItemId="S123" CovItemPrefix="my.PSM.unitTestPSM.appControllerTest.java" Intrnl_Id="190">
<LocList>
<Loc EndOffset="9522" SrcFileId="1" StartOffset="9478"/>
</LocList>
</BasicStmnt>
</StmntSeq>
</HierarchyLvl>
<HierarchyLvl HierarchyLvlId="20" HierarchyLvlTypeId="22" Intrnl_Id="191" Name="testGetEndTime">
<Header>
<Loc EndOffset="9567" SrcFileId="1" StartOffset="9531"/>
</Header>
<LocList>
<Loc EndOffset="9698" SrcFileId="1" StartOffset="9531"/>
</LocList>
<StmntSeq Intrnl_Id="192">
<LocList>
<Loc EndOffset="9694" SrcFileId="1" StartOffset="9620"/>
</LocList>
<BasicStmnt CovItemId="S124" CovItemPrefix="my.PSM.unitTestPSM.appControllerTest.java" Intrnl_Id="193">
<LocList>
<Loc EndOffset="9694" SrcFileId="1" StartOffset="9620"/>
</LocList>
</BasicStmnt>
</StmntSeq>
</HierarchyLvl>
<HierarchyLvl HierarchyLvlId="21" HierarchyLvlTypeId="22" Intrnl_Id="194" Name="testGet15BeforeEnd">
<Header>
<Loc EndOffset="9743" SrcFileId="1" StartOffset="9703"/>
</Header>
<LocList>
<Loc EndOffset="9878" SrcFileId="1" StartOffset="9703"/>
</LocList>
<StmntSeq Intrnl_Id="195">
<LocList>
<Loc EndOffset="9874" SrcFileId="1" StartOffset="9796"/>
</LocList>
<BasicStmnt CovItemId="S125" CovItemPrefix="my.PSM.unitTestPSM.appControllerTest.java" Intrnl_Id="196">
<LocList>
<Loc EndOffset="9874" SrcFileId="1" StartOffset="9796"/>
</LocList>
</BasicStmnt>
</StmntSeq>
</HierarchyLvl>
<HierarchyLvl HierarchyLvlId="22" HierarchyLvlTypeId="22" Intrnl_Id="197" Name="testGet15BeforeEnd02">
<Header>
<Loc EndOffset="9925" SrcFileId="1" StartOffset="9883"/>
</Header>
<LocList>
<Loc EndOffset="10060" SrcFileId="1" StartOffset="9883"/>
</LocList>
<StmntSeq Intrnl_Id="198">
<LocList>
<Loc EndOffset="10056" SrcFileId="1" StartOffset="9978"/>
</LocList>
<BasicStmnt CovItemId="S126" CovItemPrefix="my.PSM.unitTestPSM.appControllerTest.java" Intrnl_Id="199">
<LocList>
<Loc EndOffset="10056" SrcFileId="1" StartOffset="9978"/>
</LocList>
</BasicStmnt>
</StmntSeq>
</HierarchyLvl>
<HierarchyLvl HierarchyLvlId="23" HierarchyLvlTypeId="22" Intrnl_Id="200" Name="testGet5BeforeEnd">
<Header>
<Loc EndOffset="10102" SrcFileId="1" StartOffset="10063"/>
</Header>
<LocList>
<Loc EndOffset="10412" SrcFileId="1" StartOffset="10063"/>
</LocList>
<StmntSeq Intrnl_Id="201">
<LocList>
<Loc EndOffset="10148" SrcFileId="1" StartOffset="10108"/>
<Loc EndOffset="10201" SrcFileId="1" StartOffset="10152"/>
<Loc EndOffset="10276" SrcFileId="1" StartOffset="10205"/>
<Loc EndOffset="10408" SrcFileId="1" StartOffset="10331"/>
</LocList>
<BasicStmnt CovItemId="S127" CovItemPrefix="my.PSM.unitTestPSM.appControllerTest.java" Intrnl_Id="202">
<LocList>
<Loc EndOffset="10148" SrcFileId="1" StartOffset="10108"/>
</LocList>
</BasicStmnt>
<BasicStmnt CovItemId="S128" CovItemPrefix="my.PSM.unitTestPSM.appControllerTest.java" Intrnl_Id="203">
<LocList>
<Loc EndOffset="10201" SrcFileId="1" StartOffset="10152"/>
</LocList>
</BasicStmnt>
<BasicStmnt CovItemId="S129" CovItemPrefix="my.PSM.unitTestPSM.appControllerTest.java" Intrnl_Id="204">
<LocList>
<Loc EndOffset="10276" SrcFileId="1" StartOffset="10205"/>
</LocList>
</BasicStmnt>
<BasicStmnt CovItemId="S130" CovItemPrefix="my.PSM.unitTestPSM.appControllerTest.java" Intrnl_Id="205">
<LocList>
<Loc EndOffset="10408" SrcFileId="1" StartOffset="10331"/>
</LocList>
</BasicStmnt>
</StmntSeq>
</HierarchyLvl>
<HierarchyLvl HierarchyLvlId="24" HierarchyLvlTypeId="22" Intrnl_Id="206" Name="testGet5BeforeEnd02">
<Header>
<Loc EndOffset="10458" SrcFileId="1" StartOffset="10417"/>
</Header>
<LocList>
<Loc EndOffset="10714" SrcFileId="1" StartOffset="10417"/>
</LocList>
<StmntSeq Intrnl_Id="207">
<LocList>
<Loc EndOffset="10504" SrcFileId="1" StartOffset="10464"/>
<Loc EndOffset="10579" SrcFileId="1" StartOffset="10508"/>
<Loc EndOffset="10710" SrcFileId="1" StartOffset="10634"/>
</LocList>
<BasicStmnt CovItemId="S131" CovItemPrefix="my.PSM.unitTestPSM.appControllerTest.java" Intrnl_Id="208">
<LocList>
<Loc EndOffset="10504" SrcFileId="1" StartOffset="10464"/>
</LocList>
</BasicStmnt>
<BasicStmnt CovItemId="S132" CovItemPrefix="my.PSM.unitTestPSM.appControllerTest.java" Intrnl_Id="209">
<LocList>
<Loc EndOffset="10579" SrcFileId="1" StartOffset="10508"/>
</LocList>
</BasicStmnt>
<BasicStmnt CovItemId="S133" CovItemPrefix="my.PSM.unitTestPSM.appControllerTest.java" Intrnl_Id="210">
<LocList>
<Loc EndOffset="10710" SrcFileId="1" StartOffset="10634"/>
</LocList>
</BasicStmnt>
</StmntSeq>
</HierarchyLvl>
</HierarchyLvl>
<HierarchyLvl HierarchyLvlId="55" HierarchyLvlTypeId="23" Intrnl_Id="211" Name="MySQLManagerStub">
<Header>
<Loc EndOffset="182" SrcFileId="2" StartOffset="132"/>
</Header>
<LocList>
<Loc EndOffset="7634" SrcFileId="2" StartOffset="132"/>
</LocList>
<StmntSeq Intrnl_Id="212">
<LocList>
<Loc EndOffset="396" SrcFileId="2" StartOffset="335"/>
<Loc EndOffset="471" SrcFileId="2" StartOffset="399"/>
<Loc EndOffset="551" SrcFileId="2" StartOffset="474"/>
<Loc EndOffset="633" SrcFileId="2" StartOffset="554"/>
<Loc EndOffset="716" SrcFileId="2" StartOffset="636"/>
<Loc EndOffset="797" SrcFileId="2" StartOffset="719"/>
<Loc EndOffset="877" SrcFileId="2" StartOffset="800"/>
<Loc EndOffset="955" SrcFileId="2" StartOffset="880"/>
<Loc EndOffset="1035" SrcFileId="2" StartOffset="958"/>
<Loc EndOffset="1113" SrcFileId="2" StartOffset="1038"/>
<Loc EndOffset="1193" SrcFileId="2" StartOffset="1116"/>
<Loc EndOffset="1271" SrcFileId="2" StartOffset="1196"/>
<Loc EndOffset="1351" SrcFileId="2" StartOffset="1274"/>
<Loc EndOffset="1429" SrcFileId="2" StartOffset="1354"/>
<Loc EndOffset="1509" SrcFileId="2" StartOffset="1432"/>
<Loc EndOffset="1587" SrcFileId="2" StartOffset="1512"/>
<Loc EndOffset="1667" SrcFileId="2" StartOffset="1590"/>
<Loc EndOffset="1745" SrcFileId="2" StartOffset="1670"/>
</LocList>
<BasicStmnt CovItemId="S1" CovItemPrefix="my.PSM.unitTestPSM.MySQLManagerStub.java" Intrnl_Id="213">
<LocList>
<Loc EndOffset="396" SrcFileId="2" StartOffset="335"/>
</LocList>
</BasicStmnt>
<BasicStmnt CovItemId="S2" CovItemPrefix="my.PSM.unitTestPSM.MySQLManagerStub.java" Intrnl_Id="214">
<LocList>
<Loc EndOffset="471" SrcFileId="2" StartOffset="399"/>
</LocList>
</BasicStmnt>
<BasicStmnt CovItemId="S3" CovItemPrefix="my.PSM.unitTestPSM.MySQLManagerStub.java" Intrnl_Id="215">
<LocList>
<Loc EndOffset="551" SrcFileId="2" StartOffset="474"/>
</LocList>
</BasicStmnt>
<BasicStmnt CovItemId="S4" CovItemPrefix="my.PSM.unitTestPSM.MySQLManagerStub.java" Intrnl_Id="216">
<LocList>
<Loc EndOffset="633" SrcFileId="2" StartOffset="554"/>
</LocList>
</BasicStmnt>
<BasicStmnt CovItemId="S5" CovItemPrefix="my.PSM.unitTestPSM.MySQLManagerStub.java" Intrnl_Id="217">
<LocList>
<Loc EndOffset="716" SrcFileId="2" StartOffset="636"/>
</LocList>
</BasicStmnt>
<BasicStmnt CovItemId="S6" CovItemPrefix="my.PSM.unitTestPSM.MySQLManagerStub.java" Intrnl_Id="218">
<LocList>
<Loc EndOffset="797" SrcFileId="2" StartOffset="719"/>
</LocList>
</BasicStmnt>
<BasicStmnt CovItemId="S7" CovItemPrefix="my.PSM.unitTestPSM.MySQLManagerStub.java" Intrnl_Id="219">
<LocList>
<Loc EndOffset="877" SrcFileId="2" StartOffset="800"/>
</LocList>
</BasicStmnt>
<BasicStmnt CovItemId="S8" CovItemPrefix="my.PSM.unitTestPSM.MySQLManagerStub.java" Intrnl_Id="220">
<LocList>
<Loc EndOffset="955" SrcFileId="2" StartOffset="880"/>
</LocList>
</BasicStmnt>
<BasicStmnt CovItemId="S9" CovItemPrefix="my.PSM.unitTestPSM.MySQLManagerStub.java" Intrnl_Id="221">
<LocList>
<Loc EndOffset="1035" SrcFileId="2" StartOffset="958"/>
</LocList>
</BasicStmnt>
<BasicStmnt CovItemId="S10" CovItemPrefix="my.PSM.unitTestPSM.MySQLManagerStub.java" Intrnl_Id="222">
<LocList>
<Loc EndOffset="1113" SrcFileId="2" StartOffset="1038"/>
</LocList>
</BasicStmnt>
<BasicStmnt CovItemId="S11" CovItemPrefix="my.PSM.unitTestPSM.MySQLManagerStub.java" Intrnl_Id="223">
<LocList>
<Loc EndOffset="1193" SrcFileId="2" StartOffset="1116"/>
</LocList>
</BasicStmnt>
<BasicStmnt CovItemId="S12" CovItemPrefix="my.PSM.unitTestPSM.MySQLManagerStub.java" Intrnl_Id="224">
<LocList>
<Loc EndOffset="1271" SrcFileId="2" StartOffset="1196"/>
</LocList>
</BasicStmnt>
<BasicStmnt CovItemId="S13" CovItemPrefix="my.PSM.unitTestPSM.MySQLManagerStub.java" Intrnl_Id="225">
<LocList>
<Loc EndOffset="1351" SrcFileId="2" StartOffset="1274"/>
</LocList>
</BasicStmnt>
<BasicStmnt CovItemId="S14" CovItemPrefix="my.PSM.unitTestPSM.MySQLManagerStub.java" Intrnl_Id="226">
<LocList>
<Loc EndOffset="1429" SrcFileId="2" StartOffset="1354"/>
</LocList>
</BasicStmnt>
<BasicStmnt CovItemId="S15" CovItemPrefix="my.PSM.unitTestPSM.MySQLManagerStub.java" Intrnl_Id="227">
<LocList>
<Loc EndOffset="1509" SrcFileId="2" StartOffset="1432"/>
</LocList>
</BasicStmnt>
<BasicStmnt CovItemId="S16" CovItemPrefix="my.PSM.unitTestPSM.MySQLManagerStub.java" Intrnl_Id="228">
<LocList>
<Loc EndOffset="1587" SrcFileId="2" StartOffset="1512"/>
</LocList>
</BasicStmnt>
<BasicStmnt CovItemId="S17" CovItemPrefix="my.PSM.unitTestPSM.MySQLManagerStub.java" Intrnl_Id="229">
<LocList>
<Loc EndOffset="1667" SrcFileId="2" StartOffset="1590"/>
</LocList>
</BasicStmnt>
<BasicStmnt CovItemId="S18" CovItemPrefix="my.PSM.unitTestPSM.MySQLManagerStub.java" Intrnl_Id="230">
<LocList>
<Loc EndOffset="1745" SrcFileId="2" StartOffset="1670"/>
</LocList>
</BasicStmnt>
</StmntSeq>
<HierarchyLvl HierarchyLvlId="26" HierarchyLvlTypeId="22" Intrnl_Id="231" Name="testHelper">
<Header>
<Loc EndOffset="2180" SrcFileId="2" StartOffset="1851"/>
</Header>
<LocList>
<Loc EndOffset="2873" SrcFileId="2" StartOffset="1851"/>
</LocList>
<StmntSeq Intrnl_Id="232">
<LocList>
<Loc EndOffset="2208" SrcFileId="2" StartOffset="2186"/>
<Loc EndOffset="2245" SrcFileId="2" StartOffset="2212"/>
<Loc EndOffset="2289" SrcFileId="2" StartOffset="2249"/>
<Loc EndOffset="2329" SrcFileId="2" StartOffset="2293"/>
<Loc EndOffset="2373" SrcFileId="2" StartOffset="2333"/>
<Loc EndOffset="2413" SrcFileId="2" StartOffset="2377"/>
<Loc EndOffset="2453" SrcFileId="2" StartOffset="2417"/>
<Loc EndOffset="2489" SrcFileId="2" StartOffset="2457"/>
<Loc EndOffset="2529" SrcFileId="2" StartOffset="2493"/>
<Loc EndOffset="2565" SrcFileId="2" StartOffset="2533"/>
<Loc EndOffset="2605" SrcFileId="2" StartOffset="2569"/>
<Loc EndOffset="2641" SrcFileId="2" StartOffset="2609"/>
<Loc EndOffset="2681" SrcFileId="2" StartOffset="2645"/>
<Loc EndOffset="2717" SrcFileId="2" StartOffset="2685"/>
<Loc EndOffset="2757" SrcFileId="2" StartOffset="2721"/>
<Loc EndOffset="2793" SrcFileId="2" StartOffset="2761"/>
<Loc EndOffset="2833" SrcFileId="2" StartOffset="2797"/>
<Loc EndOffset="2869" SrcFileId="2" StartOffset="2837"/>
</LocList>
<BasicStmnt CovItemId="S19" CovItemPrefix="my.PSM.unitTestPSM.MySQLManagerStub.java" Intrnl_Id="233">
<LocList>
<Loc EndOffset="2208" SrcFileId="2" StartOffset="2186"/>
</LocList>
</BasicStmnt>
<BasicStmnt CovItemId="S20" CovItemPrefix="my.PSM.unitTestPSM.MySQLManagerStub.java" Intrnl_Id="234">
<LocList>
<Loc EndOffset="2245" SrcFileId="2" StartOffset="2212"/>
</LocList>
</BasicStmnt>
<BasicStmnt CovItemId="S21" CovItemPrefix="my.PSM.unitTestPSM.MySQLManagerStub.java" Intrnl_Id="235">
<LocList>
<Loc EndOffset="2289" SrcFileId="2" StartOffset="2249"/>
</LocList>
</BasicStmnt>
<BasicStmnt CovItemId="S22" CovItemPrefix="my.PSM.unitTestPSM.MySQLManagerStub.java" Intrnl_Id="236">
<LocList>
<Loc EndOffset="2329" SrcFileId="2" StartOffset="2293"/>
</LocList>
</BasicStmnt>
<BasicStmnt CovItemId="S23" CovItemPrefix="my.PSM.unitTestPSM.MySQLManagerStub.java" Intrnl_Id="237">
<LocList>
<Loc EndOffset="2373" SrcFileId="2" StartOffset="2333"/>
</LocList>
</BasicStmnt>
<BasicStmnt CovItemId="S24" CovItemPrefix="my.PSM.unitTestPSM.MySQLManagerStub.java" Intrnl_Id="238">
<LocList>
<Loc EndOffset="2413" SrcFileId="2" StartOffset="2377"/>
</LocList>
</BasicStmnt>
<BasicStmnt CovItemId="S25" CovItemPrefix="my.PSM.unitTestPSM.MySQLManagerStub.java" Intrnl_Id="239">
<LocList>
<Loc EndOffset="2453" SrcFileId="2" StartOffset="2417"/>
</LocList>
</BasicStmnt>
<BasicStmnt CovItemId="S26" CovItemPrefix="my.PSM.unitTestPSM.MySQLManagerStub.java" Intrnl_Id="240">
<LocList>
<Loc EndOffset="2489" SrcFileId="2" StartOffset="2457"/>
</LocList>
</BasicStmnt>
<BasicStmnt CovItemId="S27" CovItemPrefix="my.PSM.unitTestPSM.MySQLManagerStub.java" Intrnl_Id="241">
<LocList>
<Loc EndOffset="2529" SrcFileId="2" StartOffset="2493"/>
</LocList>
</BasicStmnt>
<BasicStmnt CovItemId="S28" CovItemPrefix="my.PSM.unitTestPSM.MySQLManagerStub.java" Intrnl_Id="242">
<LocList>
<Loc EndOffset="2565" SrcFileId="2" StartOffset="2533"/>
</LocList>
</BasicStmnt>
<BasicStmnt CovItemId="S29" CovItemPrefix="my.PSM.unitTestPSM.MySQLManagerStub.java" Intrnl_Id="243">
<LocList>
<Loc EndOffset="2605" SrcFileId="2" StartOffset="2569"/>
</LocList>
</BasicStmnt>
<BasicStmnt CovItemId="S30" CovItemPrefix="my.PSM.unitTestPSM.MySQLManagerStub.java" Intrnl_Id="244">
<LocList>
<Loc EndOffset="2641" SrcFileId="2" StartOffset="2609"/>
</LocList>
</BasicStmnt>
<BasicStmnt CovItemId="S31" CovItemPrefix="my.PSM.unitTestPSM.MySQLManagerStub.java" Intrnl_Id="245">
<LocList>
<Loc EndOffset="2681" SrcFileId="2" StartOffset="2645"/>
</LocList>
</BasicStmnt>
<BasicStmnt CovItemId="S32" CovItemPrefix="my.PSM.unitTestPSM.MySQLManagerStub.java" Intrnl_Id="246">
<LocList>
<Loc EndOffset="2717" SrcFileId="2" StartOffset="2685"/>
</LocList>
</BasicStmnt>
<BasicStmnt CovItemId="S33" CovItemPrefix="my.PSM.unitTestPSM.MySQLManagerStub.java" Intrnl_Id="247">
<LocList>
<Loc EndOffset="2757" SrcFileId="2" StartOffset="2721"/>
</LocList>
</BasicStmnt>
<BasicStmnt CovItemId="S34" CovItemPrefix="my.PSM.unitTestPSM.MySQLManagerStub.java" Intrnl_Id="248">
<LocList>
<Loc EndOffset="2793" SrcFileId="2" StartOffset="2761"/>
</LocList>
</BasicStmnt>
<BasicStmnt CovItemId="S35" CovItemPrefix="my.PSM.unitTestPSM.MySQLManagerStub.java" Intrnl_Id="249">
<LocList>
<Loc EndOffset="2833" SrcFileId="2" StartOffset="2797"/>
</LocList>
</BasicStmnt>
<BasicStmnt CovItemId="S36" CovItemPrefix="my.PSM.unitTestPSM.MySQLManagerStub.java" Intrnl_Id="250">
<LocList>
<Loc EndOffset="2869" SrcFileId="2" StartOffset="2837"/>
</LocList>
</BasicStmnt>
</StmntSeq>
</HierarchyLvl>
<HierarchyLvl HierarchyLvlId="27" HierarchyLvlTypeId="22" Intrnl_Id="251" Name="MySQLManagerStub">
<Header>
<Loc EndOffset="3093" SrcFileId="2" StartOffset="3036"/>
</Header>
<LocList>
<Loc EndOffset="3177" SrcFileId="2" StartOffset="3036"/>
</LocList>
<StmntSeq Intrnl_Id="252">
<LocList>
<Loc EndOffset="3122" SrcFileId="2" StartOffset="3099"/>
<Loc EndOffset="3149" SrcFileId="2" StartOffset="3126"/>
<Loc EndOffset="3173" SrcFileId="2" StartOffset="3153"/>
</LocList>
<BasicStmnt CovItemId="S37" CovItemPrefix="my.PSM.unitTestPSM.MySQLManagerStub.java" Intrnl_Id="253">
<LocList>
<Loc EndOffset="3122" SrcFileId="2" StartOffset="3099"/>
</LocList>
</BasicStmnt>
<BasicStmnt CovItemId="S38" CovItemPrefix="my.PSM.unitTestPSM.MySQLManagerStub.java" Intrnl_Id="254">
<LocList>
<Loc EndOffset="3149" SrcFileId="2" StartOffset="3126"/>
</LocList>
</BasicStmnt>
<BasicStmnt CovItemId="S39" CovItemPrefix="my.PSM.unitTestPSM.MySQLManagerStub.java" Intrnl_Id="255">
<LocList>
<Loc EndOffset="3173" SrcFileId="2" StartOffset="3153"/>
</LocList>
</BasicStmnt>
</StmntSeq>
</HierarchyLvl>
<HierarchyLvl HierarchyLvlId="28" HierarchyLvlTypeId="22" Intrnl_Id="256" Name="connect">
<Header>
<Loc EndOffset="3247" SrcFileId="2" StartOffset="3182"/>
</Header>
<LocList>
<Loc EndOffset="3409" SrcFileId="2" StartOffset="3182"/>
</LocList>
<StmntSeq Intrnl_Id="257">
<LocList>
<Loc EndOffset="3405" SrcFileId="2" StartOffset="3253"/>
</LocList>
<CondStmnt CovItemId="S40" CovItemPrefix="my.PSM.unitTestPSM.MySQLManagerStub.java" Intrnl_Id="258">
<Branch CovItemId="B1" CovItemPrefix="my.PSM.unitTestPSM.MySQLManagerStub.java" Implct="false" Intrnl_Id="259">
<Cond/>
<LocList>
<Loc EndOffset="3353" SrcFileId="2" StartOffset="3309"/>
</LocList>
<StmntSeq Intrnl_Id="260">
<LocList>
<Loc EndOffset="3334" SrcFileId="2" StartOffset="3315"/>
<Loc EndOffset="3348" SrcFileId="2" StartOffset="3339"/>
</LocList>
<BasicStmnt CovItemId="S41" CovItemPrefix="my.PSM.unitTestPSM.MySQLManagerStub.java" Intrnl_Id="261">
<LocList>
<Loc EndOffset="3334" SrcFileId="2" StartOffset="3315"/>
</LocList>
</BasicStmnt>
<BasicStmnt CovItemId="S42" CovItemPrefix="my.PSM.unitTestPSM.MySQLManagerStub.java" Intrnl_Id="262">
<LocList>
<Loc EndOffset="3348" SrcFileId="2" StartOffset="3339"/>
</LocList>
</BasicStmnt>
</StmntSeq>
</Branch>
<Branch CovItemId="B2" CovItemPrefix="my.PSM.unitTestPSM.MySQLManagerStub.java" Implct="false" Intrnl_Id="263">
<Cond>
<Loc EndOffset="3358" SrcFileId="2" StartOffset="3354"/>
</Cond>
<LocList>
<Loc EndOffset="3405" SrcFileId="2" StartOffset="3359"/>
</LocList>
<StmntSeq Intrnl_Id="264">
<LocList>
<Loc EndOffset="3385" SrcFileId="2" StartOffset="3365"/>
<Loc EndOffset="3400" SrcFileId="2" StartOffset="3390"/>
</LocList>
<BasicStmnt CovItemId="S43" CovItemPrefix="my.PSM.unitTestPSM.MySQLManagerStub.java" Intrnl_Id="265">
<LocList>
<Loc EndOffset="3385" SrcFileId="2" StartOffset="3365"/>
</LocList>
</BasicStmnt>
<BasicStmnt CovItemId="S44" CovItemPrefix="my.PSM.unitTestPSM.MySQLManagerStub.java" Intrnl_Id="266">
<LocList>
<Loc EndOffset="3400" SrcFileId="2" StartOffset="3390"/>
</LocList>
</BasicStmnt>
</StmntSeq>
</Branch>
<Keyword EndOffset="3255" SrcFileId="2" StartOffset="3253"/>
<LocList>
<Loc EndOffset="3405" SrcFileId="2" StartOffset="3253"/>
</LocList>
<RootTerm CovItemId="C1" CovItemPrefix="my.PSM.unitTestPSM.MySQLManagerStub.java" Intrnl_Id="267">
<OpTerm BooleanOpId="18" Intrnl_Id="268">
<BasicBoolTerm Intrnl_Id="269">
<LocList>
<Loc EndOffset="3281" SrcFileId="2" StartOffset="3257"/>
</LocList>
</BasicBoolTerm>
<BasicBoolTerm Intrnl_Id="270">
<LocList>
<Loc EndOffset="3307" SrcFileId="2" StartOffset="3285"/>
</LocList>
</BasicBoolTerm>
<LocList>
<Loc EndOffset="3284" SrcFileId="2" StartOffset="3282"/>
</LocList>
</OpTerm>
</RootTerm>
</CondStmnt>
</StmntSeq>
</HierarchyLvl>
<HierarchyLvl HierarchyLvlId="29" HierarchyLvlTypeId="22" Intrnl_Id="271" Name="connect">
<Header>
<Loc EndOffset="3468" SrcFileId="2" StartOffset="3414"/>
</Header>
<LocList>
<Loc EndOffset="3630" SrcFileId="2" StartOffset="3414"/>
</LocList>
<StmntSeq Intrnl_Id="272">
<LocList>
<Loc EndOffset="3626" SrcFileId="2" StartOffset="3474"/>
</LocList>
<CondStmnt CovItemId="S45" CovItemPrefix="my.PSM.unitTestPSM.MySQLManagerStub.java" Intrnl_Id="273">
<Branch CovItemId="B3" CovItemPrefix="my.PSM.unitTestPSM.MySQLManagerStub.java" Implct="false" Intrnl_Id="274">
<Cond/>
<LocList>
<Loc EndOffset="3574" SrcFileId="2" StartOffset="3530"/>
</LocList>
<StmntSeq Intrnl_Id="275">
<LocList>
<Loc EndOffset="3555" SrcFileId="2" StartOffset="3536"/>
<Loc EndOffset="3569" SrcFileId="2" StartOffset="3560"/>
</LocList>
<BasicStmnt CovItemId="S46" CovItemPrefix="my.PSM.unitTestPSM.MySQLManagerStub.java" Intrnl_Id="276">
<LocList>
<Loc EndOffset="3555" SrcFileId="2" StartOffset="3536"/>
</LocList>
</BasicStmnt>
<BasicStmnt CovItemId="S47" CovItemPrefix="my.PSM.unitTestPSM.MySQLManagerStub.java" Intrnl_Id="277">
<LocList>
<Loc EndOffset="3569" SrcFileId="2" StartOffset="3560"/>
</LocList>
</BasicStmnt>
</StmntSeq>
</Branch>
<Branch CovItemId="B4" CovItemPrefix="my.PSM.unitTestPSM.MySQLManagerStub.java" Implct="false" Intrnl_Id="278">
<Cond>
<Loc EndOffset="3579" SrcFileId="2" StartOffset="3575"/>
</Cond>
<LocList>
<Loc EndOffset="3626" SrcFileId="2" StartOffset="3580"/>
</LocList>
<StmntSeq Intrnl_Id="279">
<LocList>
<Loc EndOffset="3606" SrcFileId="2" StartOffset="3586"/>
<Loc EndOffset="3621" SrcFileId="2" StartOffset="3611"/>
</LocList>
<BasicStmnt CovItemId="S48" CovItemPrefix="my.PSM.unitTestPSM.MySQLManagerStub.java" Intrnl_Id="280">
<LocList>
<Loc EndOffset="3606" SrcFileId="2" StartOffset="3586"/>
</LocList>
</BasicStmnt>
<BasicStmnt CovItemId="S49" CovItemPrefix="my.PSM.unitTestPSM.MySQLManagerStub.java" Intrnl_Id="281">
<LocList>
<Loc EndOffset="3621" SrcFileId="2" StartOffset="3611"/>
</LocList>
</BasicStmnt>
</StmntSeq>
</Branch>
<Keyword EndOffset="3476" SrcFileId="2" StartOffset="3474"/>
<LocList>
<Loc EndOffset="3626" SrcFileId="2" StartOffset="3474"/>
</LocList>
<RootTerm CovItemId="C2" CovItemPrefix="my.PSM.unitTestPSM.MySQLManagerStub.java" Intrnl_Id="282">
<OpTerm BooleanOpId="18" Intrnl_Id="283">
<BasicBoolTerm Intrnl_Id="284">
<LocList>
<Loc EndOffset="3502" SrcFileId="2" StartOffset="3478"/>
</LocList>
</BasicBoolTerm>
<BasicBoolTerm Intrnl_Id="285">
<LocList>
<Loc EndOffset="3528" SrcFileId="2" StartOffset="3506"/>
</LocList>
</BasicBoolTerm>
<LocList>
<Loc EndOffset="3505" SrcFileId="2" StartOffset="3503"/>
</LocList>
</OpTerm>
</RootTerm>
</CondStmnt>
</StmntSeq>
</HierarchyLvl>
<HierarchyLvl HierarchyLvlId="30" HierarchyLvlTypeId="22" Intrnl_Id="286" Name="disconnect">
<Header>
<Loc EndOffset="3670" SrcFileId="2" StartOffset="3635"/>
</Header>
<LocList>
<Loc EndOffset="3713" SrcFileId="2" StartOffset="3635"/>
</LocList>
<StmntSeq Intrnl_Id="287">
<LocList>
<Loc EndOffset="3696" SrcFileId="2" StartOffset="3676"/>
<Loc EndOffset="3709" SrcFileId="2" StartOffset="3700"/>
</LocList>
<BasicStmnt CovItemId="S50" CovItemPrefix="my.PSM.unitTestPSM.MySQLManagerStub.java" Intrnl_Id="288">
<LocList>
<Loc EndOffset="3696" SrcFileId="2" StartOffset="3676"/>
</LocList>
</BasicStmnt>
<BasicStmnt CovItemId="S51" CovItemPrefix="my.PSM.unitTestPSM.MySQLManagerStub.java" Intrnl_Id="289">
<LocList>
<Loc EndOffset="3709" SrcFileId="2" StartOffset="3700"/>
</LocList>
</BasicStmnt>
</StmntSeq>
</HierarchyLvl>
<HierarchyLvl HierarchyLvlId="31" HierarchyLvlTypeId="22" Intrnl_Id="290" Name="fetchCourseID">
<Header>
<Loc EndOffset="3768" SrcFileId="2" StartOffset="3718"/>
</Header>
<LocList>
<Loc EndOffset="3853" SrcFileId="2" StartOffset="3718"/>
</LocList>
<StmntSeq Intrnl_Id="291">
<LocList>
<Loc EndOffset="3849" SrcFileId="2" StartOffset="3774"/>
</LocList>
<CondStmnt CovItemId="S52" CovItemPrefix="my.PSM.unitTestPSM.MySQLManagerStub.java" Intrnl_Id="292">
<Branch CovItemId="B5" CovItemPrefix="my.PSM.unitTestPSM.MySQLManagerStub.java" Implct="false" Intrnl_Id="293">
<Cond/>
<LocList>
<Loc EndOffset="3826" SrcFileId="2" StartOffset="3810"/>
</LocList>
<StmntSeq Intrnl_Id="294">
<LocList>
<Loc EndOffset="3826" SrcFileId="2" StartOffset="3810"/>
</LocList>
<BasicStmnt CovItemId="S53" CovItemPrefix="my.PSM.unitTestPSM.MySQLManagerStub.java" Intrnl_Id="295">
<LocList>
<Loc EndOffset="3826" SrcFileId="2" StartOffset="3810"/>
</LocList>
</BasicStmnt>
</StmntSeq>
</Branch>
<Branch CovItemId="B6" CovItemPrefix="my.PSM.unitTestPSM.MySQLManagerStub.java" Implct="false" Intrnl_Id="296">
<Cond>
<Loc EndOffset="3834" SrcFileId="2" StartOffset="3830"/>
</Cond>
<LocList>
<Loc EndOffset="3849" SrcFileId="2" StartOffset="3839"/>
</LocList>
<StmntSeq Intrnl_Id="297">
<LocList>
<Loc EndOffset="3849" SrcFileId="2" StartOffset="3839"/>
</LocList>
<BasicStmnt CovItemId="S54" CovItemPrefix="my.PSM.unitTestPSM.MySQLManagerStub.java" Intrnl_Id="298">
<LocList>
<Loc EndOffset="3849" SrcFileId="2" StartOffset="3839"/>
</LocList>
</BasicStmnt>
</StmntSeq>
</Branch>
<Keyword EndOffset="3776" SrcFileId="2" StartOffset="3774"/>
<LocList>
<Loc EndOffset="3849" SrcFileId="2" StartOffset="3774"/>
</LocList>
<RootTerm CovItemId="C3" CovItemPrefix="my.PSM.unitTestPSM.MySQLManagerStub.java" Intrnl_Id="299">
<BasicBoolTerm Intrnl_Id="300">
<LocList>
<Loc EndOffset="3804" SrcFileId="2" StartOffset="3778"/>
</LocList>
</BasicBoolTerm>
</RootTerm>
</CondStmnt>
</StmntSeq>
</HierarchyLvl>
<HierarchyLvl HierarchyLvlId="32" HierarchyLvlTypeId="22" Intrnl_Id="301" Name="getEndDates">
<Header>
<Loc EndOffset="3908" SrcFileId="2" StartOffset="3858"/>
</Header>
<LocList>
<Loc EndOffset="4034" SrcFileId="2" StartOffset="3858"/>
</LocList>
<StmntSeq Intrnl_Id="302">
<LocList>
<Loc EndOffset="3967" SrcFileId="2" StartOffset="3914"/>
<Loc EndOffset="4010" SrcFileId="2" StartOffset="3971"/>
<Loc EndOffset="4030" SrcFileId="2" StartOffset="4014"/>
</LocList>
<BasicStmnt CovItemId="S55" CovItemPrefix="my.PSM.unitTestPSM.MySQLManagerStub.java" Intrnl_Id="303">
<LocList>
<Loc EndOffset="3967" SrcFileId="2" StartOffset="3914"/>
</LocList>
</BasicStmnt>
<BasicStmnt CovItemId="S56" CovItemPrefix="my.PSM.unitTestPSM.MySQLManagerStub.java" Intrnl_Id="304">
<LocList>
<Loc EndOffset="4010" SrcFileId="2" StartOffset="3971"/>
</LocList>
</BasicStmnt>
<BasicStmnt CovItemId="S57" CovItemPrefix="my.PSM.unitTestPSM.MySQLManagerStub.java" Intrnl_Id="305">
<LocList>
<Loc EndOffset="4030" SrcFileId="2" StartOffset="4014"/>
</LocList>
</BasicStmnt>
</StmntSeq>
</HierarchyLvl>
<HierarchyLvl HierarchyLvlId="33" HierarchyLvlTypeId="22" Intrnl_Id="306" Name="getCourses">
<Header>
<Loc EndOffset="4089" SrcFileId="2" StartOffset="4039"/>
</Header>
<LocList>
<Loc EndOffset="4114" SrcFileId="2" StartOffset="4039"/>
</LocList>
<StmntSeq Intrnl_Id="307">
<LocList>
<Loc EndOffset="4110" SrcFileId="2" StartOffset="4095"/>
</LocList>
<BasicStmnt CovItemId="S58" CovItemPrefix="my.PSM.unitTestPSM.MySQLManagerStub.java" Intrnl_Id="308">
<LocList>
<Loc EndOffset="4110" SrcFileId="2" StartOffset="4095"/>
</LocList>
</BasicStmnt>
</StmntSeq>
</HierarchyLvl>
<HierarchyLvl HierarchyLvlId="34" HierarchyLvlTypeId="22" Intrnl_Id="309" Name="fetchCourseSubj">
<Header>
<Loc EndOffset="4174" SrcFileId="2" StartOffset="4119"/>
</Header>
<LocList>
<Loc EndOffset="4212" SrcFileId="2" StartOffset="4119"/>
</LocList>
<StmntSeq Intrnl_Id="310">
<LocList>
<Loc EndOffset="4208" SrcFileId="2" StartOffset="4180"/>
</LocList>
<BasicStmnt CovItemId="S59" CovItemPrefix="my.PSM.unitTestPSM.MySQLManagerStub.java" Intrnl_Id="311">
<LocList>
<Loc EndOffset="4208" SrcFileId="2" StartOffset="4180"/>
</LocList>
</BasicStmnt>
</StmntSeq>
</HierarchyLvl>
<HierarchyLvl HierarchyLvlId="35" HierarchyLvlTypeId="22" Intrnl_Id="312" Name="fetchCourseName">
<Header>
<Loc EndOffset="4272" SrcFileId="2" StartOffset="4217"/>
</Header>
<LocList>
<Loc EndOffset="4317" SrcFileId="2" StartOffset="4217"/>
</LocList>
<StmntSeq Intrnl_Id="313">
<LocList>
<Loc EndOffset="4313" SrcFileId="2" StartOffset="4278"/>
</LocList>
<BasicStmnt CovItemId="S60" CovItemPrefix="my.PSM.unitTestPSM.MySQLManagerStub.java" Intrnl_Id="314">
<LocList>
<Loc EndOffset="4313" SrcFileId="2" StartOffset="4278"/>
</LocList>
</BasicStmnt>
</StmntSeq>
</HierarchyLvl>
<HierarchyLvl HierarchyLvlId="36" HierarchyLvlTypeId="22" Intrnl_Id="315" Name="fetchCourseSemester">
<Header>
<Loc EndOffset="4381" SrcFileId="2" StartOffset="4322"/>
</Header>
<LocList>
<Loc EndOffset="4424" SrcFileId="2" StartOffset="4322"/>
</LocList>
<StmntSeq Intrnl_Id="316">
<LocList>
<Loc EndOffset="4420" SrcFileId="2" StartOffset="4387"/>
</LocList>
<BasicStmnt CovItemId="S61" CovItemPrefix="my.PSM.unitTestPSM.MySQLManagerStub.java" Intrnl_Id="317">
<LocList>
<Loc EndOffset="4420" SrcFileId="2" StartOffset="4387"/>
</LocList>
</BasicStmnt>
</StmntSeq>
</HierarchyLvl>
<HierarchyLvl HierarchyLvlId="37" HierarchyLvlTypeId="22" Intrnl_Id="318" Name="fetchCourseStart">
<Header>
<Loc EndOffset="4485" SrcFileId="2" StartOffset="4429"/>
</Header>
<LocList>
<Loc EndOffset="4531" SrcFileId="2" StartOffset="4429"/>
</LocList>
<StmntSeq Intrnl_Id="319">
<LocList>
<Loc EndOffset="4527" SrcFileId="2" StartOffset="4491"/>
</LocList>
<BasicStmnt CovItemId="S62" CovItemPrefix="my.PSM.unitTestPSM.MySQLManagerStub.java" Intrnl_Id="320">
<LocList>
<Loc EndOffset="4527" SrcFileId="2" StartOffset="4491"/>
</LocList>
</BasicStmnt>
</StmntSeq>
</HierarchyLvl>
<HierarchyLvl HierarchyLvlId="38" HierarchyLvlTypeId="22" Intrnl_Id="321" Name="fetchCourseEnd">
<Header>
<Loc EndOffset="4590" SrcFileId="2" StartOffset="4536"/>
</Header>
<LocList>
<Loc EndOffset="4634" SrcFileId="2" StartOffset="4536"/>
</LocList>
<StmntSeq Intrnl_Id="322">
<LocList>
<Loc EndOffset="4630" SrcFileId="2" StartOffset="4596"/>
</LocList>
<BasicStmnt CovItemId="S63" CovItemPrefix="my.PSM.unitTestPSM.MySQLManagerStub.java" Intrnl_Id="323">
<LocList>
<Loc EndOffset="4630" SrcFileId="2" StartOffset="4596"/>
</LocList>
</BasicStmnt>
</StmntSeq>
</HierarchyLvl>
<HierarchyLvl HierarchyLvlId="39" HierarchyLvlTypeId="22" Intrnl_Id="324" Name="fetchStartMon">
<Header>
<Loc EndOffset="4692" SrcFileId="2" StartOffset="4639"/>
</Header>
<LocList>
<Loc EndOffset="4735" SrcFileId="2" StartOffset="4639"/>
</LocList>
<StmntSeq Intrnl_Id="325">
<LocList>
<Loc EndOffset="4731" SrcFileId="2" StartOffset="4698"/>
</LocList>
<BasicStmnt CovItemId="S64" CovItemPrefix="my.PSM.unitTestPSM.MySQLManagerStub.java" Intrnl_Id="326">
<LocList>
<Loc EndOffset="4731" SrcFileId="2" StartOffset="4698"/>
</LocList>
</BasicStmnt>
</StmntSeq>
</HierarchyLvl>
<HierarchyLvl HierarchyLvlId="40" HierarchyLvlTypeId="22" Intrnl_Id="327" Name="fetchEndMon">
<Header>
<Loc EndOffset="4791" SrcFileId="2" StartOffset="4740"/>
</Header>
<LocList>
<Loc EndOffset="4832" SrcFileId="2" StartOffset="4740"/>
</LocList>
<StmntSeq Intrnl_Id="328">
<LocList>
<Loc EndOffset="4828" SrcFileId="2" StartOffset="4797"/>
</LocList>
<BasicStmnt CovItemId="S65" CovItemPrefix="my.PSM.unitTestPSM.MySQLManagerStub.java" Intrnl_Id="329">
<LocList>
<Loc EndOffset="4828" SrcFileId="2" StartOffset="4797"/>
</LocList>
</BasicStmnt>
</StmntSeq>
</HierarchyLvl>
<HierarchyLvl HierarchyLvlId="41" HierarchyLvlTypeId="22" Intrnl_Id="330" Name="fetchStartTue">
<Header>
<Loc EndOffset="4890" SrcFileId="2" StartOffset="4837"/>
</Header>
<LocList>
<Loc EndOffset="4933" SrcFileId="2" StartOffset="4837"/>
</LocList>
<StmntSeq Intrnl_Id="331">
<LocList>
<Loc EndOffset="4929" SrcFileId="2" StartOffset="4896"/>
</LocList>
<BasicStmnt CovItemId="S66" CovItemPrefix="my.PSM.unitTestPSM.MySQLManagerStub.java" Intrnl_Id="332">
<LocList>
<Loc EndOffset="4929" SrcFileId="2" StartOffset="4896"/>
</LocList>
</BasicStmnt>
</StmntSeq>
</HierarchyLvl>
<HierarchyLvl HierarchyLvlId="42" HierarchyLvlTypeId="22" Intrnl_Id="333" Name="fetchEndTue">
<Header>
<Loc EndOffset="4989" SrcFileId="2" StartOffset="4938"/>
</Header>
<LocList>
<Loc EndOffset="5030" SrcFileId="2" StartOffset="4938"/>
</LocList>
<StmntSeq Intrnl_Id="334">
<LocList>
<Loc EndOffset="5026" SrcFileId="2" StartOffset="4995"/>
</LocList>
<BasicStmnt CovItemId="S67" CovItemPrefix="my.PSM.unitTestPSM.MySQLManagerStub.java" Intrnl_Id="335">
<LocList>
<Loc EndOffset="5026" SrcFileId="2" StartOffset="4995"/>
</LocList>
</BasicStmnt>
</StmntSeq>
</HierarchyLvl>
<HierarchyLvl HierarchyLvlId="43" HierarchyLvlTypeId="22" Intrnl_Id="336" Name="fetchStartWed">
<Header>
<Loc EndOffset="5088" SrcFileId="2" StartOffset="5035"/>
</Header>
<LocList>
<Loc EndOffset="5131" SrcFileId="2" StartOffset="5035"/>
</LocList>
<StmntSeq Intrnl_Id="337">
<LocList>
<Loc EndOffset="5127" SrcFileId="2" StartOffset="5094"/>
</LocList>
<BasicStmnt CovItemId="S68" CovItemPrefix="my.PSM.unitTestPSM.MySQLManagerStub.java" Intrnl_Id="338">
<LocList>
<Loc EndOffset="5127" SrcFileId="2" StartOffset="5094"/>
</LocList>
</BasicStmnt>
</StmntSeq>
</HierarchyLvl>
<HierarchyLvl HierarchyLvlId="44" HierarchyLvlTypeId="22" Intrnl_Id="339" Name="fetchEndWed">
<Header>
<Loc EndOffset="5187" SrcFileId="2" StartOffset="5136"/>
</Header>
<LocList>
<Loc EndOffset="5228" SrcFileId="2" StartOffset="5136"/>
</LocList>
<StmntSeq Intrnl_Id="340">
<LocList>
<Loc EndOffset="5224" SrcFileId="2" StartOffset="5193"/>
</LocList>
<BasicStmnt CovItemId="S69" CovItemPrefix="my.PSM.unitTestPSM.MySQLManagerStub.java" Intrnl_Id="341">
<LocList>
<Loc EndOffset="5224" SrcFileId="2" StartOffset="5193"/>
</LocList>
</BasicStmnt>
</StmntSeq>
</HierarchyLvl>
<HierarchyLvl HierarchyLvlId="45" HierarchyLvlTypeId="22" Intrnl_Id="342" Name="fetchStartThu">
<Header>
<Loc EndOffset="5286" SrcFileId="2" StartOffset="5233"/>
</Header>
<LocList>
<Loc EndOffset="5329" SrcFileId="2" StartOffset="5233"/>
</LocList>
<StmntSeq Intrnl_Id="343">
<LocList>
<Loc EndOffset="5325" SrcFileId="2" StartOffset="5292"/>
</LocList>
<BasicStmnt CovItemId="S70" CovItemPrefix="my.PSM.unitTestPSM.MySQLManagerStub.java" Intrnl_Id="344">
<LocList>
<Loc EndOffset="5325" SrcFileId="2" StartOffset="5292"/>
</LocList>
</BasicStmnt>
</StmntSeq>
</HierarchyLvl>
<HierarchyLvl HierarchyLvlId="46" HierarchyLvlTypeId="22" Intrnl_Id="345" Name="fetchEndThu">
<Header>
<Loc EndOffset="5385" SrcFileId="2" StartOffset="5334"/>
</Header>
<LocList>
<Loc EndOffset="5426" SrcFileId="2" StartOffset="5334"/>
</LocList>
<StmntSeq Intrnl_Id="346">
<LocList>
<Loc EndOffset="5422" SrcFileId="2" StartOffset="5391"/>
</LocList>
<BasicStmnt CovItemId="S71" CovItemPrefix="my.PSM.unitTestPSM.MySQLManagerStub.java" Intrnl_Id="347">
<LocList>
<Loc EndOffset="5422" SrcFileId="2" StartOffset="5391"/>
</LocList>
</BasicStmnt>
</StmntSeq>
</HierarchyLvl>
<HierarchyLvl HierarchyLvlId="47" HierarchyLvlTypeId="22" Intrnl_Id="348" Name="fetchStartFri">
<Header>
<Loc EndOffset="5484" SrcFileId="2" StartOffset="5431"/>
</Header>
<LocList>
<Loc EndOffset="5527" SrcFileId="2" StartOffset="5431"/>
</LocList>
<StmntSeq Intrnl_Id="349">
<LocList>
<Loc EndOffset="5523" SrcFileId="2" StartOffset="5490"/>
</LocList>
<BasicStmnt CovItemId="S72" CovItemPrefix="my.PSM.unitTestPSM.MySQLManagerStub.java" Intrnl_Id="350">
<LocList>
<Loc EndOffset="5523" SrcFileId="2" StartOffset="5490"/>
</LocList>
</BasicStmnt>
</StmntSeq>
</HierarchyLvl>
<HierarchyLvl HierarchyLvlId="48" HierarchyLvlTypeId="22" Intrnl_Id="351" Name="fetchEndFri">
<Header>
<Loc EndOffset="5583" SrcFileId="2" StartOffset="5532"/>
</Header>
<LocList>
<Loc EndOffset="5624" SrcFileId="2" StartOffset="5532"/>
</LocList>
<StmntSeq Intrnl_Id="352">
<LocList>
<Loc EndOffset="5620" SrcFileId="2" StartOffset="5589"/>
</LocList>
<BasicStmnt CovItemId="S73" CovItemPrefix="my.PSM.unitTestPSM.MySQLManagerStub.java" Intrnl_Id="353">
<LocList>
<Loc EndOffset="5620" SrcFileId="2" StartOffset="5589"/>
</LocList>
</BasicStmnt>
</StmntSeq>
</HierarchyLvl>
<HierarchyLvl HierarchyLvlId="49" HierarchyLvlTypeId="22" Intrnl_Id="354" Name="fetchStartSat">
<Header>
<Loc EndOffset="5682" SrcFileId="2" StartOffset="5629"/>
</Header>
<LocList>
<Loc EndOffset="5725" SrcFileId="2" StartOffset="5629"/>
</LocList>
<StmntSeq Intrnl_Id="355">
<LocList>
<Loc EndOffset="5721" SrcFileId="2" StartOffset="5688"/>
</LocList>
<BasicStmnt CovItemId="S74" CovItemPrefix="my.PSM.unitTestPSM.MySQLManagerStub.java" Intrnl_Id="356">
<LocList>
<Loc EndOffset="5721" SrcFileId="2" StartOffset="5688"/>
</LocList>
</BasicStmnt>
</StmntSeq>
</HierarchyLvl>
<HierarchyLvl HierarchyLvlId="50" HierarchyLvlTypeId="22" Intrnl_Id="357" Name="fetchEndSat">
<Header>
<Loc EndOffset="5781" SrcFileId="2" StartOffset="5730"/>
</Header>
<LocList>
<Loc EndOffset="5822" SrcFileId="2" StartOffset="5730"/>
</LocList>
<StmntSeq Intrnl_Id="358">
<LocList>
<Loc EndOffset="5818" SrcFileId="2" StartOffset="5787"/>
</LocList>
<BasicStmnt CovItemId="S75" CovItemPrefix="my.PSM.unitTestPSM.MySQLManagerStub.java" Intrnl_Id="359">
<LocList>
<Loc EndOffset="5818" SrcFileId="2" StartOffset="5787"/>
</LocList>
</BasicStmnt>
</StmntSeq>
</HierarchyLvl>
<HierarchyLvl HierarchyLvlId="51" HierarchyLvlTypeId="22" Intrnl_Id="360" Name="storeClassInfo">
<Header>
<Loc EndOffset="5933" SrcFileId="2" StartOffset="5827"/>
</Header>
<LocList>
<Loc EndOffset="6099" SrcFileId="2" StartOffset="5827"/>
</LocList>
<StmntSeq Intrnl_Id="361">
<LocList>
<Loc EndOffset="5961" SrcFileId="2" StartOffset="5939"/>
<Loc EndOffset="5998" SrcFileId="2" StartOffset="5965"/>
<Loc EndOffset="6042" SrcFileId="2" StartOffset="6002"/>
<Loc EndOffset="6082" SrcFileId="2" StartOffset="6046"/>
<Loc EndOffset="6095" SrcFileId="2" StartOffset="6086"/>
</LocList>
<BasicStmnt CovItemId="S76" CovItemPrefix="my.PSM.unitTestPSM.MySQLManagerStub.java" Intrnl_Id="362">
<LocList>
<Loc EndOffset="5961" SrcFileId="2" StartOffset="5939"/>
</LocList>
</BasicStmnt>
<BasicStmnt CovItemId="S77" CovItemPrefix="my.PSM.unitTestPSM.MySQLManagerStub.java" Intrnl_Id="363">
<LocList>
<Loc EndOffset="5998" SrcFileId="2" StartOffset="5965"/>
</LocList>
</BasicStmnt>
<BasicStmnt CovItemId="S78" CovItemPrefix="my.PSM.unitTestPSM.MySQLManagerStub.java" Intrnl_Id="364">
<LocList>
<Loc EndOffset="6042" SrcFileId="2" StartOffset="6002"/>
</LocList>
</BasicStmnt>
<BasicStmnt CovItemId="S79" CovItemPrefix="my.PSM.unitTestPSM.MySQLManagerStub.java" Intrnl_Id="365">
<LocList>
<Loc EndOffset="6082" SrcFileId="2" StartOffset="6046"/>
</LocList>
</BasicStmnt>
<BasicStmnt CovItemId="S80" CovItemPrefix="my.PSM.unitTestPSM.MySQLManagerStub.java" Intrnl_Id="366">
<LocList>
<Loc EndOffset="6095" SrcFileId="2" StartOffset="6086"/>
</LocList>
</BasicStmnt>
</StmntSeq>
</HierarchyLvl>
<HierarchyLvl HierarchyLvlId="52" HierarchyLvlTypeId="22" Intrnl_Id="367" Name="storeClassSched">
<Header>
<Loc EndOffset="6390" SrcFileId="2" StartOffset="6104"/>
</Header>
<LocList>
<Loc EndOffset="7005" SrcFileId="2" StartOffset="6104"/>
</LocList>
<StmntSeq Intrnl_Id="368">
<LocList>
<Loc EndOffset="6988" SrcFileId="2" StartOffset="6396"/>
<Loc EndOffset="7001" SrcFileId="2" StartOffset="6992"/>
</LocList>
<CondStmnt CovItemId="S81" CovItemPrefix="my.PSM.unitTestPSM.MySQLManagerStub.java" Intrnl_Id="369">
<Branch CovItemId="B7" CovItemPrefix="my.PSM.unitTestPSM.MySQLManagerStub.java" Implct="false" Intrnl_Id="370">
<Cond/>
<LocList>
<Loc EndOffset="6988" SrcFileId="2" StartOffset="6428"/>
</LocList>
<StmntSeq Intrnl_Id="371">
<LocList>
<Loc EndOffset="6474" SrcFileId="2" StartOffset="6434"/>
<Loc EndOffset="6515" SrcFileId="2" StartOffset="6479"/>
<Loc EndOffset="6556" SrcFileId="2" StartOffset="6520"/>
<Loc EndOffset="6593" SrcFileId="2" StartOffset="6561"/>
<Loc EndOffset="6634" SrcFileId="2" StartOffset="6598"/>
<Loc EndOffset="6671" SrcFileId="2" StartOffset="6639"/>
<Loc EndOffset="6712" SrcFileId="2" StartOffset="6676"/>
<Loc EndOffset="6749" SrcFileId="2" StartOffset="6717"/>
<Loc EndOffset="6790" SrcFileId="2" StartOffset="6754"/>
<Loc EndOffset="6827" SrcFileId="2" StartOffset="6795"/>
<Loc EndOffset="6868" SrcFileId="2" StartOffset="6832"/>
<Loc EndOffset="6905" SrcFileId="2" StartOffset="6873"/>
<Loc EndOffset="6946" SrcFileId="2" StartOffset="6910"/>
<Loc EndOffset="6983" SrcFileId="2" StartOffset="6951"/>
</LocList>
<BasicStmnt CovItemId="S82" CovItemPrefix="my.PSM.unitTestPSM.MySQLManagerStub.java" Intrnl_Id="372">
<LocList>
<Loc EndOffset="6474" SrcFileId="2" StartOffset="6434"/>
</LocList>
</BasicStmnt>
<BasicStmnt CovItemId="S83" CovItemPrefix="my.PSM.unitTestPSM.MySQLManagerStub.java" Intrnl_Id="373">
<LocList>
<Loc EndOffset="6515" SrcFileId="2" StartOffset="6479"/>
</LocList>
</BasicStmnt>
<BasicStmnt CovItemId="S84" CovItemPrefix="my.PSM.unitTestPSM.MySQLManagerStub.java" Intrnl_Id="374">
<LocList>
<Loc EndOffset="6556" SrcFileId="2" StartOffset="6520"/>
</LocList>
</BasicStmnt>
<BasicStmnt CovItemId="S85" CovItemPrefix="my.PSM.unitTestPSM.MySQLManagerStub.java" Intrnl_Id="375">
<LocList>
<Loc EndOffset="6593" SrcFileId="2" StartOffset="6561"/>
</LocList>
</BasicStmnt>
<BasicStmnt CovItemId="S86" CovItemPrefix="my.PSM.unitTestPSM.MySQLManagerStub.java" Intrnl_Id="376">
<LocList>
<Loc EndOffset="6634" SrcFileId="2" StartOffset="6598"/>
</LocList>
</BasicStmnt>
<BasicStmnt CovItemId="S87" CovItemPrefix="my.PSM.unitTestPSM.MySQLManagerStub.java" Intrnl_Id="377">
<LocList>
<Loc EndOffset="6671" SrcFileId="2" StartOffset="6639"/>
</LocList>
</BasicStmnt>
<BasicStmnt CovItemId="S88" CovItemPrefix="my.PSM.unitTestPSM.MySQLManagerStub.java" Intrnl_Id="378">
<LocList>
<Loc EndOffset="6712" SrcFileId="2" StartOffset="6676"/>
</LocList>
</BasicStmnt>
<BasicStmnt CovItemId="S89" CovItemPrefix="my.PSM.unitTestPSM.MySQLManagerStub.java" Intrnl_Id="379">
<LocList>
<Loc EndOffset="6749" SrcFileId="2" StartOffset="6717"/>
</LocList>
</BasicStmnt>
<BasicStmnt CovItemId="S90" CovItemPrefix="my.PSM.unitTestPSM.MySQLManagerStub.java" Intrnl_Id="380">
<LocList>
<Loc EndOffset="6790" SrcFileId="2" StartOffset="6754"/>
</LocList>
</BasicStmnt>
<BasicStmnt CovItemId="S91" CovItemPrefix="my.PSM.unitTestPSM.MySQLManagerStub.java" Intrnl_Id="381">
<LocList>
<Loc EndOffset="6827" SrcFileId="2" StartOffset="6795"/>
</LocList>
</BasicStmnt>
<BasicStmnt CovItemId="S92" CovItemPrefix="my.PSM.unitTestPSM.MySQLManagerStub.java" Intrnl_Id="382">
<LocList>
<Loc EndOffset="6868" SrcFileId="2" StartOffset="6832"/>
</LocList>
</BasicStmnt>
<BasicStmnt CovItemId="S93" CovItemPrefix="my.PSM.unitTestPSM.MySQLManagerStub.java" Intrnl_Id="383">
<LocList>
<Loc EndOffset="6905" SrcFileId="2" StartOffset="6873"/>
</LocList>
</BasicStmnt>
<BasicStmnt CovItemId="S94" CovItemPrefix="my.PSM.unitTestPSM.MySQLManagerStub.java" Intrnl_Id="384">
<LocList>
<Loc EndOffset="6946" SrcFileId="2" StartOffset="6910"/>
</LocList>
</BasicStmnt>
<BasicStmnt CovItemId="S95" CovItemPrefix="my.PSM.unitTestPSM.MySQLManagerStub.java" Intrnl_Id="385">
<LocList>
<Loc EndOffset="6983" SrcFileId="2" StartOffset="6951"/>
</LocList>
</BasicStmnt>
</StmntSeq>
</Branch>
<Branch CovItemId="B8" CovItemPrefix="my.PSM.unitTestPSM.MySQLManagerStub.java" Implct="true" Intrnl_Id="386">
<Cond/>
<LocList/>
<StmntSeq Intrnl_Id="387">
<LocList/>
</StmntSeq>
</Branch>
<Keyword EndOffset="6398" SrcFileId="2" StartOffset="6396"/>
<LocList>
<Loc EndOffset="6988" SrcFileId="2" StartOffset="6396"/>
</LocList>
<RootTerm CovItemId="C4" CovItemPrefix="my.PSM.unitTestPSM.MySQLManagerStub.java" Intrnl_Id="388">
<BasicBoolTerm Intrnl_Id="389">
<LocList>
<Loc EndOffset="6426" SrcFileId="2" StartOffset="6400"/>
</LocList>
</BasicBoolTerm>
</RootTerm>
</CondStmnt>
<BasicStmnt CovItemId="S96" CovItemPrefix="my.PSM.unitTestPSM.MySQLManagerStub.java" Intrnl_Id="390">
<LocList>
<Loc EndOffset="7001" SrcFileId="2" StartOffset="6992"/>
</LocList>
</BasicStmnt>
</StmntSeq>
</HierarchyLvl>
<HierarchyLvl HierarchyLvlId="53" HierarchyLvlTypeId="22" Intrnl_Id="391" Name="clearDatabase">
<Header>
<Loc EndOffset="7049" SrcFileId="2" StartOffset="7010"/>
</Header>
<LocList>
<Loc EndOffset="7517" SrcFileId="2" StartOffset="7010"/>
</LocList>
<StmntSeq Intrnl_Id="392">
<LocList>
<Loc EndOffset="7513" SrcFileId="2" StartOffset="7055"/>
</LocList>
<CondStmnt CovItemId="S97" CovItemPrefix="my.PSM.unitTestPSM.MySQLManagerStub.java" Intrnl_Id="393">
<Branch CovItemId="B9" CovItemPrefix="my.PSM.unitTestPSM.MySQLManagerStub.java" Implct="false" Intrnl_Id="394">
<Cond/>
<LocList>
<Loc EndOffset="7513" SrcFileId="2" StartOffset="7072"/>
</LocList>
<StmntSeq Intrnl_Id="395">
<LocList>
<Loc EndOffset="7094" SrcFileId="2" StartOffset="7078"/>
<Loc EndOffset="7114" SrcFileId="2" StartOffset="7099"/>
<Loc EndOffset="7141" SrcFileId="2" StartOffset="7119"/>
<Loc EndOffset="7166" SrcFileId="2" StartOffset="7146"/>
<Loc EndOffset="7194" SrcFileId="2" StartOffset="7171"/>
<Loc EndOffset="7220" SrcFileId="2" StartOffset="7199"/>
<Loc EndOffset="7245" SrcFileId="2" StartOffset="7225"/>
<Loc EndOffset="7268" SrcFileId="2" StartOffset="7250"/>
<Loc EndOffset="7293" SrcFileId="2" StartOffset="7273"/>
<Loc EndOffset="7316" SrcFileId="2" StartOffset="7298"/>
<Loc EndOffset="7341" SrcFileId="2" StartOffset="7321"/>
<Loc EndOffset="7364" SrcFileId="2" StartOffset="7346"/>
<Loc EndOffset="7389" SrcFileId="2" StartOffset="7369"/>
<Loc EndOffset="7412" SrcFileId="2" StartOffset="7394"/>
<Loc EndOffset="7437" SrcFileId="2" StartOffset="7417"/>
<Loc EndOffset="7460" SrcFileId="2" StartOffset="7442"/>
<Loc EndOffset="7485" SrcFileId="2" StartOffset="7465"/>
<Loc EndOffset="7508" SrcFileId="2" StartOffset="7490"/>
</LocList>
<BasicStmnt CovItemId="S98" CovItemPrefix="my.PSM.unitTestPSM.MySQLManagerStub.java" Intrnl_Id="396">
<LocList>
<Loc EndOffset="7094" SrcFileId="2" StartOffset="7078"/>
</LocList>
</BasicStmnt>
<BasicStmnt CovItemId="S99" CovItemPrefix="my.PSM.unitTestPSM.MySQLManagerStub.java" Intrnl_Id="397">
<LocList>
<Loc EndOffset="7114" SrcFileId="2" StartOffset="7099"/>
</LocList>
</BasicStmnt>
<BasicStmnt CovItemId="S100" CovItemPrefix="my.PSM.unitTestPSM.MySQLManagerStub.java" Intrnl_Id="398">
<LocList>
<Loc EndOffset="7141" SrcFileId="2" StartOffset="7119"/>
</LocList>
</BasicStmnt>
<BasicStmnt CovItemId="S101" CovItemPrefix="my.PSM.unitTestPSM.MySQLManagerStub.java" Intrnl_Id="399">
<LocList>
<Loc EndOffset="7166" SrcFileId="2" StartOffset="7146"/>
</LocList>
</BasicStmnt>
<BasicStmnt CovItemId="S102" CovItemPrefix="my.PSM.unitTestPSM.MySQLManagerStub.java" Intrnl_Id="400">
<LocList>
<Loc EndOffset="7194" SrcFileId="2" StartOffset="7171"/>
</LocList>
</BasicStmnt>
<BasicStmnt CovItemId="S103" CovItemPrefix="my.PSM.unitTestPSM.MySQLManagerStub.java" Intrnl_Id="401">
<LocList>
<Loc EndOffset="7220" SrcFileId="2" StartOffset="7199"/>
</LocList>
</BasicStmnt>
<BasicStmnt CovItemId="S104" CovItemPrefix="my.PSM.unitTestPSM.MySQLManagerStub.java" Intrnl_Id="402">
<LocList>
<Loc EndOffset="7245" SrcFileId="2" StartOffset="7225"/>
</LocList>
</BasicStmnt>
<BasicStmnt CovItemId="S105" CovItemPrefix="my.PSM.unitTestPSM.MySQLManagerStub.java" Intrnl_Id="403">
<LocList>
<Loc EndOffset="7268" SrcFileId="2" StartOffset="7250"/>
</LocList>
</BasicStmnt>
<BasicStmnt CovItemId="S106" CovItemPrefix="my.PSM.unitTestPSM.MySQLManagerStub.java" Intrnl_Id="404">
<LocList>
<Loc EndOffset="7293" SrcFileId="2" StartOffset="7273"/>
</LocList>
</BasicStmnt>
<BasicStmnt CovItemId="S107" CovItemPrefix="my.PSM.unitTestPSM.MySQLManagerStub.java" Intrnl_Id="405">
<LocList>
<Loc EndOffset="7316" SrcFileId="2" StartOffset="7298"/>
</LocList>
</BasicStmnt>
<BasicStmnt CovItemId="S108" CovItemPrefix="my.PSM.unitTestPSM.MySQLManagerStub.java" Intrnl_Id="406">
<LocList>
<Loc EndOffset="7341" SrcFileId="2" StartOffset="7321"/>
</LocList>
</BasicStmnt>
<BasicStmnt CovItemId="S109" CovItemPrefix="my.PSM.unitTestPSM.MySQLManagerStub.java" Intrnl_Id="407">
<LocList>
<Loc EndOffset="7364" SrcFileId="2" StartOffset="7346"/>
</LocList>
</BasicStmnt>
<BasicStmnt CovItemId="S110" CovItemPrefix="my.PSM.unitTestPSM.MySQLManagerStub.java" Intrnl_Id="408">
<LocList>
<Loc EndOffset="7389" SrcFileId="2" StartOffset="7369"/>
</LocList>
</BasicStmnt>
<BasicStmnt CovItemId="S111" CovItemPrefix="my.PSM.unitTestPSM.MySQLManagerStub.java" Intrnl_Id="409">
<LocList>
<Loc EndOffset="7412" SrcFileId="2" StartOffset="7394"/>
</LocList>
</BasicStmnt>
<BasicStmnt CovItemId="S112" CovItemPrefix="my.PSM.unitTestPSM.MySQLManagerStub.java" Intrnl_Id="410">
<LocList>
<Loc EndOffset="7437" SrcFileId="2" StartOffset="7417"/>
</LocList>
</BasicStmnt>
<BasicStmnt CovItemId="S113" CovItemPrefix="my.PSM.unitTestPSM.MySQLManagerStub.java" Intrnl_Id="411">
<LocList>
<Loc EndOffset="7460" SrcFileId="2" StartOffset="7442"/>
</LocList>
</BasicStmnt>
<BasicStmnt CovItemId="S114" CovItemPrefix="my.PSM.unitTestPSM.MySQLManagerStub.java" Intrnl_Id="412">
<LocList>
<Loc EndOffset="7485" SrcFileId="2" StartOffset="7465"/>
</LocList>
</BasicStmnt>
<BasicStmnt CovItemId="S115" CovItemPrefix="my.PSM.unitTestPSM.MySQLManagerStub.java" Intrnl_Id="413">
<LocList>
<Loc EndOffset="7508" SrcFileId="2" StartOffset="7490"/>
</LocList>
</BasicStmnt>
</StmntSeq>
</Branch>
<Branch CovItemId="B10" CovItemPrefix="my.PSM.unitTestPSM.MySQLManagerStub.java" Implct="true" Intrnl_Id="414">
<Cond/>
<LocList/>
<StmntSeq Intrnl_Id="415">
<LocList/>
</StmntSeq>
</Branch>
<Keyword EndOffset="7057" SrcFileId="2" StartOffset="7055"/>
<LocList>
<Loc EndOffset="7513" SrcFileId="2" StartOffset="7055"/>
</LocList>
<RootTerm CovItemId="C5" CovItemPrefix="my.PSM.unitTestPSM.MySQLManagerStub.java" Intrnl_Id="416">
<BasicBoolTerm Intrnl_Id="417">
<LocList>
<Loc EndOffset="7070" SrcFileId="2" StartOffset="7059"/>
</LocList>
</BasicBoolTerm>
</RootTerm>
</CondStmnt>
</StmntSeq>
</HierarchyLvl>
<HierarchyLvl HierarchyLvlId="54" HierarchyLvlTypeId="22" Intrnl_Id="418" Name="createClassTable">
<Header>
<Loc EndOffset="7563" SrcFileId="2" StartOffset="7522"/>
</Header>
<LocList>
<Loc EndOffset="7629" SrcFileId="2" StartOffset="7522"/>
</LocList>
<StmntSeq Intrnl_Id="419">
<LocList>
<Loc EndOffset="7625" SrcFileId="2" StartOffset="7616"/>
</LocList>
<BasicStmnt CovItemId="S116" CovItemPrefix="my.PSM.unitTestPSM.MySQLManagerStub.java" Intrnl_Id="420">
<LocList>
<Loc EndOffset="7625" SrcFileId="2" StartOffset="7616"/>
</LocList>
</BasicStmnt>
</StmntSeq>
</HierarchyLvl>
</HierarchyLvl>
<HierarchyLvl HierarchyLvlId="141" HierarchyLvlTypeId="23" Intrnl_Id="421" Name="InterfaceFacadeStub">
<Header>
<Loc EndOffset="135" SrcFileId="3" StartOffset="79"/>
</Header>
<LocList>
<Loc EndOffset="8297" SrcFileId="3" StartOffset="79"/>
</LocList>
<StmntSeq Intrnl_Id="422">
<LocList>
<Loc EndOffset="320" SrcFileId="3" StartOffset="294"/>
<Loc EndOffset="354" SrcFileId="3" StartOffset="323"/>
<Loc EndOffset="390" SrcFileId="3" StartOffset="357"/>
<Loc EndOffset="427" SrcFileId="3" StartOffset="393"/>
<Loc EndOffset="462" SrcFileId="3" StartOffset="430"/>
<Loc EndOffset="496" SrcFileId="3" StartOffset="465"/>
<Loc EndOffset="528" SrcFileId="3" StartOffset="499"/>
<Loc EndOffset="562" SrcFileId="3" StartOffset="531"/>
<Loc EndOffset="594" SrcFileId="3" StartOffset="565"/>
<Loc EndOffset="628" SrcFileId="3" StartOffset="597"/>
<Loc EndOffset="660" SrcFileId="3" StartOffset="631"/>
<Loc EndOffset="694" SrcFileId="3" StartOffset="663"/>
<Loc EndOffset="726" SrcFileId="3" StartOffset="697"/>
<Loc EndOffset="760" SrcFileId="3" StartOffset="729"/>
<Loc EndOffset="792" SrcFileId="3" StartOffset="763"/>
<Loc EndOffset="826" SrcFileId="3" StartOffset="795"/>
<Loc EndOffset="858" SrcFileId="3" StartOffset="829"/>
</LocList>
<BasicStmnt CovItemId="S1" CovItemPrefix="my.PSM.unitTestPSM.InterfaceFacadeStub.java" Intrnl_Id="423">
<LocList>
<Loc EndOffset="320" SrcFileId="3" StartOffset="294"/>
</LocList>
</BasicStmnt>
<BasicStmnt CovItemId="S2" CovItemPrefix="my.PSM.unitTestPSM.InterfaceFacadeStub.java" Intrnl_Id="424">
<LocList>
<Loc EndOffset="354" SrcFileId="3" StartOffset="323"/>
</LocList>
</BasicStmnt>
<BasicStmnt CovItemId="S3" CovItemPrefix="my.PSM.unitTestPSM.InterfaceFacadeStub.java" Intrnl_Id="425">
<LocList>
<Loc EndOffset="390" SrcFileId="3" StartOffset="357"/>
</LocList>
</BasicStmnt>
<BasicStmnt CovItemId="S4" CovItemPrefix="my.PSM.unitTestPSM.InterfaceFacadeStub.java" Intrnl_Id="426">
<LocList>
<Loc EndOffset="427" SrcFileId="3" StartOffset="393"/>
</LocList>
</BasicStmnt>
<BasicStmnt CovItemId="S5" CovItemPrefix="my.PSM.unitTestPSM.InterfaceFacadeStub.java" Intrnl_Id="427">
<LocList>
<Loc EndOffset="462" SrcFileId="3" StartOffset="430"/>
</LocList>
</BasicStmnt>
<BasicStmnt CovItemId="S6" CovItemPrefix="my.PSM.unitTestPSM.InterfaceFacadeStub.java" Intrnl_Id="428">
<LocList>
<Loc EndOffset="496" SrcFileId="3" StartOffset="465"/>
</LocList>
</BasicStmnt>
<BasicStmnt CovItemId="S7" CovItemPrefix="my.PSM.unitTestPSM.InterfaceFacadeStub.java" Intrnl_Id="429">
<LocList>
<Loc EndOffset="528" SrcFileId="3" StartOffset="499"/>
</LocList>
</BasicStmnt>
<BasicStmnt CovItemId="S8" CovItemPrefix="my.PSM.unitTestPSM.InterfaceFacadeStub.java" Intrnl_Id="430">
<LocList>
<Loc EndOffset="562" SrcFileId="3" StartOffset="531"/>
</LocList>
</BasicStmnt>
<BasicStmnt CovItemId="S9" CovItemPrefix="my.PSM.unitTestPSM.InterfaceFacadeStub.java" Intrnl_Id="431">
<LocList>
<Loc EndOffset="594" SrcFileId="3" StartOffset="565"/>
</LocList>
</BasicStmnt>
<BasicStmnt CovItemId="S10" CovItemPrefix="my.PSM.unitTestPSM.InterfaceFacadeStub.java" Intrnl_Id="432">
<LocList>
<Loc EndOffset="628" SrcFileId="3" StartOffset="597"/>
</LocList>
</BasicStmnt>
<BasicStmnt CovItemId="S11" CovItemPrefix="my.PSM.unitTestPSM.InterfaceFacadeStub.java" Intrnl_Id="433">
<LocList>
<Loc EndOffset="660" SrcFileId="3" StartOffset="631"/>
</LocList>
</BasicStmnt>
<BasicStmnt CovItemId="S12" CovItemPrefix="my.PSM.unitTestPSM.InterfaceFacadeStub.java" Intrnl_Id="434">
<LocList>
<Loc EndOffset="694" SrcFileId="3" StartOffset="663"/>
</LocList>
</BasicStmnt>
<BasicStmnt CovItemId="S13" CovItemPrefix="my.PSM.unitTestPSM.InterfaceFacadeStub.java" Intrnl_Id="435">
<LocList>
<Loc EndOffset="726" SrcFileId="3" StartOffset="697"/>
</LocList>
</BasicStmnt>
<BasicStmnt CovItemId="S14" CovItemPrefix="my.PSM.unitTestPSM.InterfaceFacadeStub.java" Intrnl_Id="436">
<LocList>
<Loc EndOffset="760" SrcFileId="3" StartOffset="729"/>
</LocList>
</BasicStmnt>
<BasicStmnt CovItemId="S15" CovItemPrefix="my.PSM.unitTestPSM.InterfaceFacadeStub.java" Intrnl_Id="437">
<LocList>
<Loc EndOffset="792" SrcFileId="3" StartOffset="763"/>
</LocList>
</BasicStmnt>
<BasicStmnt CovItemId="S16" CovItemPrefix="my.PSM.unitTestPSM.InterfaceFacadeStub.java" Intrnl_Id="438">
<LocList>
<Loc EndOffset="826" SrcFileId="3" StartOffset="795"/>
</LocList>
</BasicStmnt>
<BasicStmnt CovItemId="S17" CovItemPrefix="my.PSM.unitTestPSM.InterfaceFacadeStub.java" Intrnl_Id="439">
<LocList>
<Loc EndOffset="858" SrcFileId="3" StartOffset="829"/>
</LocList>
</BasicStmnt>
</StmntSeq>
<HierarchyLvl HierarchyLvlId="56" HierarchyLvlTypeId="22" Intrnl_Id="440" Name="InterfaceFacadeStub">
<Header>
<Loc EndOffset="891" SrcFileId="3" StartOffset="863"/>
</Header>
<LocList>
<Loc EndOffset="945" SrcFileId="3" StartOffset="863"/>
</LocList>
<StmntSeq Intrnl_Id="441">
<LocList>
<Loc EndOffset="905" SrcFileId="3" StartOffset="897"/>
<Loc EndOffset="923" SrcFileId="3" StartOffset="909"/>
<Loc EndOffset="941" SrcFileId="3" StartOffset="927"/>
</LocList>
<BasicStmnt CovItemId="S18" CovItemPrefix="my.PSM.unitTestPSM.InterfaceFacadeStub.java" Intrnl_Id="442">
<LocList>
<Loc EndOffset="905" SrcFileId="3" StartOffset="897"/>
</LocList>
</BasicStmnt>
<BasicStmnt CovItemId="S19" CovItemPrefix="my.PSM.unitTestPSM.InterfaceFacadeStub.java" Intrnl_Id="443">
<LocList>
<Loc EndOffset="923" SrcFileId="3" StartOffset="909"/>
</LocList>
</BasicStmnt>
<BasicStmnt CovItemId="S20" CovItemPrefix="my.PSM.unitTestPSM.InterfaceFacadeStub.java" Intrnl_Id="444">
<LocList>
<Loc EndOffset="941" SrcFileId="3" StartOffset="927"/>
</LocList>
</BasicStmnt>
</StmntSeq>
</HierarchyLvl>
<HierarchyLvl HierarchyLvlId="57" HierarchyLvlTypeId="22" Intrnl_Id="445" Name="testHelper">
<Header>
<Loc EndOffset="1269" SrcFileId="3" StartOffset="950"/>
</Header>
<LocList>
<Loc EndOffset="1715" SrcFileId="3" StartOffset="950"/>
</LocList>
<StmntSeq Intrnl_Id="446">
<LocList>
<Loc EndOffset="1295" SrcFileId="3" StartOffset="1275"/>
<Loc EndOffset="1326" SrcFileId="3" StartOffset="1299"/>
<Loc EndOffset="1353" SrcFileId="3" StartOffset="1330"/>
<Loc EndOffset="1384" SrcFileId="3" StartOffset="1357"/>
<Loc EndOffset="1411" SrcFileId="3" StartOffset="1388"/>
<Loc EndOffset="1438" SrcFileId="3" StartOffset="1415"/>
<Loc EndOffset="1461" SrcFileId="3" StartOffset="1442"/>
<Loc EndOffset="1488" SrcFileId="3" StartOffset="1465"/>
<Loc EndOffset="1511" SrcFileId="3" StartOffset="1492"/>
<Loc EndOffset="1538" SrcFileId="3" StartOffset="1515"/>
<Loc EndOffset="1561" SrcFileId="3" StartOffset="1542"/>
<Loc EndOffset="1588" SrcFileId="3" StartOffset="1565"/>
<Loc EndOffset="1611" SrcFileId="3" StartOffset="1592"/>
<Loc EndOffset="1638" SrcFileId="3" StartOffset="1615"/>
<Loc EndOffset="1661" SrcFileId="3" StartOffset="1642"/>
<Loc EndOffset="1688" SrcFileId="3" StartOffset="1665"/>
<Loc EndOffset="1711" SrcFileId="3" StartOffset="1692"/>
</LocList>
<BasicStmnt CovItemId="S21" CovItemPrefix="my.PSM.unitTestPSM.InterfaceFacadeStub.java" Intrnl_Id="447">
<LocList>
<Loc EndOffset="1295" SrcFileId="3" StartOffset="1275"/>
</LocList>
</BasicStmnt>
<BasicStmnt CovItemId="S22" CovItemPrefix="my.PSM.unitTestPSM.InterfaceFacadeStub.java" Intrnl_Id="448">
<LocList>
<Loc EndOffset="1326" SrcFileId="3" StartOffset="1299"/>
</LocList>
</BasicStmnt>
<BasicStmnt CovItemId="S23" CovItemPrefix="my.PSM.unitTestPSM.InterfaceFacadeStub.java" Intrnl_Id="449">
<LocList>
<Loc EndOffset="1353" SrcFileId="3" StartOffset="1330"/>
</LocList>
</BasicStmnt>
<BasicStmnt CovItemId="S24" CovItemPrefix="my.PSM.unitTestPSM.InterfaceFacadeStub.java" Intrnl_Id="450">
<LocList>
<Loc EndOffset="1384" SrcFileId="3" StartOffset="1357"/>
</LocList>
</BasicStmnt>
<BasicStmnt CovItemId="S25" CovItemPrefix="my.PSM.unitTestPSM.InterfaceFacadeStub.java" Intrnl_Id="451">
<LocList>
<Loc EndOffset="1411" SrcFileId="3" StartOffset="1388"/>
</LocList>
</BasicStmnt>
<BasicStmnt CovItemId="S26" CovItemPrefix="my.PSM.unitTestPSM.InterfaceFacadeStub.java" Intrnl_Id="452">
<LocList>
<Loc EndOffset="1438" SrcFileId="3" StartOffset="1415"/>
</LocList>
</BasicStmnt>
<BasicStmnt CovItemId="S27" CovItemPrefix="my.PSM.unitTestPSM.InterfaceFacadeStub.java" Intrnl_Id="453">
<LocList>
<Loc EndOffset="1461" SrcFileId="3" StartOffset="1442"/>
</LocList>
</BasicStmnt>
<BasicStmnt CovItemId="S28" CovItemPrefix="my.PSM.unitTestPSM.InterfaceFacadeStub.java" Intrnl_Id="454">
<LocList>
<Loc EndOffset="1488" SrcFileId="3" StartOffset="1465"/>
</LocList>
</BasicStmnt>
<BasicStmnt CovItemId="S29" CovItemPrefix="my.PSM.unitTestPSM.InterfaceFacadeStub.java" Intrnl_Id="455">
<LocList>
<Loc EndOffset="1511" SrcFileId="3" StartOffset="1492"/>
</LocList>
</BasicStmnt>
<BasicStmnt CovItemId="S30" CovItemPrefix="my.PSM.unitTestPSM.InterfaceFacadeStub.java" Intrnl_Id="456">
<LocList>
<Loc EndOffset="1538" SrcFileId="3" StartOffset="1515"/>
</LocList>
</BasicStmnt>
<BasicStmnt CovItemId="S31" CovItemPrefix="my.PSM.unitTestPSM.InterfaceFacadeStub.java" Intrnl_Id="457">
<LocList>
<Loc EndOffset="1561" SrcFileId="3" StartOffset="1542"/>
</LocList>
</BasicStmnt>
<BasicStmnt CovItemId="S32" CovItemPrefix="my.PSM.unitTestPSM.InterfaceFacadeStub.java" Intrnl_Id="458">
<LocList>
<Loc EndOffset="1588" SrcFileId="3" StartOffset="1565"/>
</LocList>
</BasicStmnt>
<BasicStmnt CovItemId="S33" CovItemPrefix="my.PSM.unitTestPSM.InterfaceFacadeStub.java" Intrnl_Id="459">
<LocList>
<Loc EndOffset="1611" SrcFileId="3" StartOffset="1592"/>
</LocList>
</BasicStmnt>
<BasicStmnt CovItemId="S34" CovItemPrefix="my.PSM.unitTestPSM.InterfaceFacadeStub.java" Intrnl_Id="460">
<LocList>
<Loc EndOffset="1638" SrcFileId="3" StartOffset="1615"/>
</LocList>
</BasicStmnt>
<BasicStmnt CovItemId="S35" CovItemPrefix="my.PSM.unitTestPSM.InterfaceFacadeStub.java" Intrnl_Id="461">
<LocList>
<Loc EndOffset="1661" SrcFileId="3" StartOffset="1642"/>
</LocList>
</BasicStmnt>
<BasicStmnt CovItemId="S36" CovItemPrefix="my.PSM.unitTestPSM.InterfaceFacadeStub.java" Intrnl_Id="462">
<LocList>
<Loc EndOffset="1688" SrcFileId="3" StartOffset="1665"/>
</LocList>
</BasicStmnt>
<BasicStmnt CovItemId="S37" CovItemPrefix="my.PSM.unitTestPSM.InterfaceFacadeStub.java" Intrnl_Id="463">
<LocList>
<Loc EndOffset="1711" SrcFileId="3" StartOffset="1692"/>
</LocList>
</BasicStmnt>
</StmntSeq>
</HierarchyLvl>
<HierarchyLvl HierarchyLvlId="58" HierarchyLvlTypeId="22" Intrnl_Id="464" Name="setEdit">
<Header>
<Loc EndOffset="1753" SrcFileId="3" StartOffset="1720"/>
</Header>
<LocList>
<Loc EndOffset="1780" SrcFileId="3" StartOffset="1720"/>
</LocList>
<StmntSeq Intrnl_Id="465">
<LocList>
<Loc EndOffset="1776" SrcFileId="3" StartOffset="1759"/>
</LocList>
<BasicStmnt CovItemId="S38" CovItemPrefix="my.PSM.unitTestPSM.InterfaceFacadeStub.java" Intrnl_Id="466">
<LocList>
<Loc EndOffset="1776" SrcFileId="3" StartOffset="1759"/>
</LocList>
</BasicStmnt>
</StmntSeq>
</HierarchyLvl>
<HierarchyLvl HierarchyLvlId="59" HierarchyLvlTypeId="22" Intrnl_Id="467" Name="setLogout">
<Header>
<Loc EndOffset="1822" SrcFileId="3" StartOffset="1785"/>
</Header>
<LocList>
<Loc EndOffset="1853" SrcFileId="3" StartOffset="1785"/>
</LocList>
<StmntSeq Intrnl_Id="468">
<LocList>
<Loc EndOffset="1849" SrcFileId="3" StartOffset="1828"/>
</LocList>
<BasicStmnt CovItemId="S39" CovItemPrefix="my.PSM.unitTestPSM.InterfaceFacadeStub.java" Intrnl_Id="469">
<LocList>
<Loc EndOffset="1849" SrcFileId="3" StartOffset="1828"/>
</LocList>
</BasicStmnt>
</StmntSeq>
</HierarchyLvl>
<HierarchyLvl HierarchyLvlId="60" HierarchyLvlTypeId="22" Intrnl_Id="470" Name="setInit">
<Header>
<Loc EndOffset="1891" SrcFileId="3" StartOffset="1858"/>
</Header>
<LocList>
<Loc EndOffset="1918" SrcFileId="3" StartOffset="1858"/>
</LocList>
<StmntSeq Intrnl_Id="471">
<LocList>
<Loc EndOffset="1914" SrcFileId="3" StartOffset="1897"/>
</LocList>
<BasicStmnt CovItemId="S40" CovItemPrefix="my.PSM.unitTestPSM.InterfaceFacadeStub.java" Intrnl_Id="472">
<LocList>
<Loc EndOffset="1914" SrcFileId="3" StartOffset="1897"/>
</LocList>
</BasicStmnt>
</StmntSeq>
</HierarchyLvl>
<HierarchyLvl HierarchyLvlId="61" HierarchyLvlTypeId="22" Intrnl_Id="473" Name="setUsername">
<Header>
<Loc EndOffset="1956" SrcFileId="3" StartOffset="1923"/>
</Header>
<LocList>
<Loc EndOffset="1979" SrcFileId="3" StartOffset="1923"/>
</LocList>
<StmntSeq Intrnl_Id="474">
<LocList>
<Loc EndOffset="1975" SrcFileId="3" StartOffset="1962"/>
</LocList>
<BasicStmnt CovItemId="S41" CovItemPrefix="my.PSM.unitTestPSM.InterfaceFacadeStub.java" Intrnl_Id="475">
<LocList>
<Loc EndOffset="1975" SrcFileId="3" StartOffset="1962"/>
</LocList>
</BasicStmnt>
</StmntSeq>
</HierarchyLvl>
<HierarchyLvl HierarchyLvlId="62" HierarchyLvlTypeId="22" Intrnl_Id="476" Name="setPassword">
<Header>
<Loc EndOffset="2017" SrcFileId="3" StartOffset="1984"/>
</Header>
<LocList>
<Loc EndOffset="2040" SrcFileId="3" StartOffset="1984"/>
</LocList>
<StmntSeq Intrnl_Id="477">
<LocList>
<Loc EndOffset="2036" SrcFileId="3" StartOffset="2023"/>
</LocList>
<BasicStmnt CovItemId="S42" CovItemPrefix="my.PSM.unitTestPSM.InterfaceFacadeStub.java" Intrnl_Id="478">
<LocList>
<Loc EndOffset="2036" SrcFileId="3" StartOffset="2023"/>
</LocList>
</BasicStmnt>
</StmntSeq>
</HierarchyLvl>
<HierarchyLvl HierarchyLvlId="63" HierarchyLvlTypeId="22" Intrnl_Id="479" Name="lockedOut">
<Header>
<Loc EndOffset="2080" SrcFileId="3" StartOffset="2045"/>
</Header>
<LocList>
<Loc EndOffset="2103" SrcFileId="3" StartOffset="2045"/>
</LocList>
</HierarchyLvl>
<HierarchyLvl HierarchyLvlId="64" HierarchyLvlTypeId="22" Intrnl_Id="480" Name="logoutConfirmation">
<Header>
<Loc EndOffset="2152" SrcFileId="3" StartOffset="2108"/>
</Header>
<LocList>
<Loc EndOffset="2175" SrcFileId="3" StartOffset="2108"/>
</LocList>
</HierarchyLvl>
<HierarchyLvl HierarchyLvlId="65" HierarchyLvlTypeId="22" Intrnl_Id="481" Name="launchLogout">
<Header>
<Loc EndOffset="2218" SrcFileId="3" StartOffset="2180"/>
</Header>
<LocList>
<Loc EndOffset="2241" SrcFileId="3" StartOffset="2180"/>
</LocList>
</HierarchyLvl>
<HierarchyLvl HierarchyLvlId="66" HierarchyLvlTypeId="22" Intrnl_Id="482" Name="incorrectLogin">
<Header>
<Loc EndOffset="2286" SrcFileId="3" StartOffset="2246"/>
</Header>
<LocList>
<Loc EndOffset="2309" SrcFileId="3" StartOffset="2246"/>
</LocList>
</HierarchyLvl>
<HierarchyLvl HierarchyLvlId="67" HierarchyLvlTypeId="22" Intrnl_Id="483" Name="launchInitial">
<Header>
<Loc EndOffset="2353" SrcFileId="3" StartOffset="2314"/>
</Header>
<LocList>
<Loc EndOffset="2376" SrcFileId="3" StartOffset="2314"/>
</LocList>
</HierarchyLvl>
<HierarchyLvl HierarchyLvlId="68" HierarchyLvlTypeId="22" Intrnl_Id="484" Name="launchEdit">
<Header>
<Loc EndOffset="2726" SrcFileId="3" StartOffset="2381"/>
</Header>
<LocList>
<Loc EndOffset="2749" SrcFileId="3" StartOffset="2381"/>
</LocList>
</HierarchyLvl>
<HierarchyLvl HierarchyLvlId="69" HierarchyLvlTypeId="22" Intrnl_Id="485" Name="launchCourse">
<Header>
<Loc EndOffset="2792" SrcFileId="3" StartOffset="2754"/>
</Header>
<LocList>
<Loc EndOffset="2815" SrcFileId="3" StartOffset="2754"/>
</LocList>
</HierarchyLvl>
<HierarchyLvl HierarchyLvlId="70" HierarchyLvlTypeId="22" Intrnl_Id="486" Name="launchLoginForm">
<Header>
<Loc EndOffset="2861" SrcFileId="3" StartOffset="2820"/>
</Header>
<LocList>
<Loc EndOffset="2884" SrcFileId="3" StartOffset="2820"/>
</LocList>
</HierarchyLvl>
<HierarchyLvl HierarchyLvlId="71" HierarchyLvlTypeId="22" Intrnl_Id="487" Name="launchMenu">
<Header>
<Loc EndOffset="2925" SrcFileId="3" StartOffset="2889"/>
</Header>
<LocList>
<Loc EndOffset="2948" SrcFileId="3" StartOffset="2889"/>
</LocList>
</HierarchyLvl>
<HierarchyLvl HierarchyLvlId="72" HierarchyLvlTypeId="22" Intrnl_Id="488" Name="menuDataRec">
<Header>
<Loc EndOffset="2993" SrcFileId="3" StartOffset="2953"/>
</Header>
<LocList>
<Loc EndOffset="3015" SrcFileId="3" StartOffset="2953"/>
</LocList>
<StmntSeq Intrnl_Id="489">
<LocList>
<Loc EndOffset="3011" SrcFileId="3" StartOffset="2999"/>
</LocList>
<BasicStmnt CovItemId="S43" CovItemPrefix="my.PSM.unitTestPSM.InterfaceFacadeStub.java" Intrnl_Id="490">
<LocList>
<Loc EndOffset="3011" SrcFileId="3" StartOffset="2999"/>
</LocList>
</BasicStmnt>
</StmntSeq>
</HierarchyLvl>
<HierarchyLvl HierarchyLvlId="73" HierarchyLvlTypeId="22" Intrnl_Id="491" Name="setMenuDataRec">
<Header>
<Loc EndOffset="3072" SrcFileId="3" StartOffset="3020"/>
</Header>
<LocList>
<Loc EndOffset="3095" SrcFileId="3" StartOffset="3020"/>
</LocList>
</HierarchyLvl>
<HierarchyLvl HierarchyLvlId="74" HierarchyLvlTypeId="22" Intrnl_Id="492" Name="schedDataRec">
<Header>
<Loc EndOffset="3141" SrcFileId="3" StartOffset="3100"/>
</Header>
<LocList>
<Loc EndOffset="3163" SrcFileId="3" StartOffset="3100"/>
</LocList>
<StmntSeq Intrnl_Id="493">
<LocList>
<Loc EndOffset="3159" SrcFileId="3" StartOffset="3147"/>
</LocList>
<BasicStmnt CovItemId="S44" CovItemPrefix="my.PSM.unitTestPSM.InterfaceFacadeStub.java" Intrnl_Id="494">
<LocList>
<Loc EndOffset="3159" SrcFileId="3" StartOffset="3147"/>
</LocList>
</BasicStmnt>
</StmntSeq>
</HierarchyLvl>
<HierarchyLvl HierarchyLvlId="75" HierarchyLvlTypeId="22" Intrnl_Id="495" Name="setSchedDataRec">
<Header>
<Loc EndOffset="3221" SrcFileId="3" StartOffset="3168"/>
</Header>
<LocList>
<Loc EndOffset="3244" SrcFileId="3" StartOffset="3168"/>
</LocList>
</HierarchyLvl>
<HierarchyLvl HierarchyLvlId="76" HierarchyLvlTypeId="22" Intrnl_Id="496" Name="courseSelected">
<Header>
<Loc EndOffset="3292" SrcFileId="3" StartOffset="3249"/>
</Header>
<LocList>
<Loc EndOffset="3314" SrcFileId="3" StartOffset="3249"/>
</LocList>
<StmntSeq Intrnl_Id="497">
<LocList>
<Loc EndOffset="3310" SrcFileId="3" StartOffset="3298"/>
</LocList>
<BasicStmnt CovItemId="S45" CovItemPrefix="my.PSM.unitTestPSM.InterfaceFacadeStub.java" Intrnl_Id="498">
<LocList>
<Loc EndOffset="3310" SrcFileId="3" StartOffset="3298"/>
</LocList>
</BasicStmnt>
</StmntSeq>
</HierarchyLvl>
<HierarchyLvl HierarchyLvlId="77" HierarchyLvlTypeId="22" Intrnl_Id="499" Name="setCourseSelected">
<Header>
<Loc EndOffset="3374" SrcFileId="3" StartOffset="3319"/>
</Header>
<LocList>
<Loc EndOffset="3391" SrcFileId="3" StartOffset="3319"/>
</LocList>
</HierarchyLvl>
<HierarchyLvl HierarchyLvlId="78" HierarchyLvlTypeId="22" Intrnl_Id="500" Name="getSelection">
<Header>
<Loc EndOffset="3433" SrcFileId="3" StartOffset="3396"/>
</Header>
<LocList>
<Loc EndOffset="3457" SrcFileId="3" StartOffset="3396"/>
</LocList>
<StmntSeq Intrnl_Id="501">
<LocList>
<Loc EndOffset="3453" SrcFileId="3" StartOffset="3439"/>
</LocList>
<BasicStmnt CovItemId="S46" CovItemPrefix="my.PSM.unitTestPSM.InterfaceFacadeStub.java" Intrnl_Id="502">
<LocList>
<Loc EndOffset="3453" SrcFileId="3" StartOffset="3439"/>
</LocList>
</BasicStmnt>
</StmntSeq>
</HierarchyLvl>
<HierarchyLvl HierarchyLvlId="79" HierarchyLvlTypeId="22" Intrnl_Id="503" Name="setCourse">
<Header>
<Loc EndOffset="3497" SrcFileId="3" StartOffset="3462"/>
</Header>
<LocList>
<Loc EndOffset="3525" SrcFileId="3" StartOffset="3462"/>
</LocList>
<StmntSeq Intrnl_Id="504">
<LocList>
<Loc EndOffset="3521" SrcFileId="3" StartOffset="3503"/>
</LocList>
<BasicStmnt CovItemId="S47" CovItemPrefix="my.PSM.unitTestPSM.InterfaceFacadeStub.java" Intrnl_Id="505">
<LocList>
<Loc EndOffset="3521" SrcFileId="3" StartOffset="3503"/>
</LocList>
</BasicStmnt>
</StmntSeq>
</HierarchyLvl>
<HierarchyLvl HierarchyLvlId="80" HierarchyLvlTypeId="22" Intrnl_Id="506" Name="psDataRec">
<Header>
<Loc EndOffset="3568" SrcFileId="3" StartOffset="3530"/>
</Header>
<LocList>
<Loc EndOffset="3590" SrcFileId="3" StartOffset="3530"/>
</LocList>
<StmntSeq Intrnl_Id="507">
<LocList>
<Loc EndOffset="3586" SrcFileId="3" StartOffset="3574"/>
</LocList>
<BasicStmnt CovItemId="S48" CovItemPrefix="my.PSM.unitTestPSM.InterfaceFacadeStub.java" Intrnl_Id="508">
<LocList>
<Loc EndOffset="3586" SrcFileId="3" StartOffset="3574"/>
</LocList>
</BasicStmnt>
</StmntSeq>
</HierarchyLvl>
<HierarchyLvl HierarchyLvlId="81" HierarchyLvlTypeId="22" Intrnl_Id="509" Name="setPsDataRec">
<Header>
<Loc EndOffset="3645" SrcFileId="3" StartOffset="3595"/>
</Header>
<LocList>
<Loc EndOffset="3668" SrcFileId="3" StartOffset="3595"/>
</LocList>
</HierarchyLvl>
<HierarchyLvl HierarchyLvlId="82" HierarchyLvlTypeId="22" Intrnl_Id="510" Name="dataReceived">
<Header>
<Loc EndOffset="3714" SrcFileId="3" StartOffset="3673"/>
</Header>
<LocList>
<Loc EndOffset="3736" SrcFileId="3" StartOffset="3673"/>
</LocList>
<StmntSeq Intrnl_Id="511">
<LocList>
<Loc EndOffset="3732" SrcFileId="3" StartOffset="3720"/>
</LocList>
<BasicStmnt CovItemId="S49" CovItemPrefix="my.PSM.unitTestPSM.InterfaceFacadeStub.java" Intrnl_Id="512">
<LocList>
<Loc EndOffset="3732" SrcFileId="3" StartOffset="3720"/>
</LocList>
</BasicStmnt>
</StmntSeq>
</HierarchyLvl>
<HierarchyLvl HierarchyLvlId="83" HierarchyLvlTypeId="22" Intrnl_Id="513" Name="setLogDataRec">
<Header>
<Loc EndOffset="3792" SrcFileId="3" StartOffset="3741"/>
</Header>
<LocList>
<Loc EndOffset="3815" SrcFileId="3" StartOffset="3741"/>
</LocList>
</HierarchyLvl>
<HierarchyLvl HierarchyLvlId="84" HierarchyLvlTypeId="22" Intrnl_Id="514" Name="getUsername">
<Header>
<Loc EndOffset="3859" SrcFileId="3" StartOffset="3820"/>
</Header>
<LocList>
<Loc EndOffset="3885" SrcFileId="3" StartOffset="3820"/>
</LocList>
<StmntSeq Intrnl_Id="515">
<LocList>
<Loc EndOffset="3881" SrcFileId="3" StartOffset="3865"/>
</LocList>
<BasicStmnt CovItemId="S50" CovItemPrefix="my.PSM.unitTestPSM.InterfaceFacadeStub.java" Intrnl_Id="516">
<LocList>
<Loc EndOffset="3881" SrcFileId="3" StartOffset="3865"/>
</LocList>
</BasicStmnt>
</StmntSeq>
</HierarchyLvl>
<HierarchyLvl HierarchyLvlId="85" HierarchyLvlTypeId="22" Intrnl_Id="517" Name="getPassword">
<Header>
<Loc EndOffset="3929" SrcFileId="3" StartOffset="3890"/>
</Header>
<LocList>
<Loc EndOffset="3955" SrcFileId="3" StartOffset="3890"/>
</LocList>
<StmntSeq Intrnl_Id="518">
<LocList>
<Loc EndOffset="3951" SrcFileId="3" StartOffset="3935"/>
</LocList>
<BasicStmnt CovItemId="S51" CovItemPrefix="my.PSM.unitTestPSM.InterfaceFacadeStub.java" Intrnl_Id="519">
<LocList>
<Loc EndOffset="3951" SrcFileId="3" StartOffset="3935"/>
</LocList>
</BasicStmnt>
</StmntSeq>
</HierarchyLvl>
<HierarchyLvl HierarchyLvlId="86" HierarchyLvlTypeId="22" Intrnl_Id="520" Name="setAck">
<Header>
<Loc EndOffset="4004" SrcFileId="3" StartOffset="3960"/>
</Header>
<LocList>
<Loc EndOffset="4025" SrcFileId="3" StartOffset="3960"/>
</LocList>
</HierarchyLvl>
<HierarchyLvl HierarchyLvlId="87" HierarchyLvlTypeId="22" Intrnl_Id="521" Name="getAck">
<Header>
<Loc EndOffset="4063" SrcFileId="3" StartOffset="4028"/>
</Header>
<LocList>
<Loc EndOffset="4085" SrcFileId="3" StartOffset="4028"/>
</LocList>
<StmntSeq Intrnl_Id="522">
<LocList>
<Loc EndOffset="4081" SrcFileId="3" StartOffset="4069"/>
</LocList>
<BasicStmnt CovItemId="S52" CovItemPrefix="my.PSM.unitTestPSM.InterfaceFacadeStub.java" Intrnl_Id="523">
<LocList>
<Loc EndOffset="4081" SrcFileId="3" StartOffset="4069"/>
</LocList>
</BasicStmnt>
</StmntSeq>
</HierarchyLvl>
<HierarchyLvl HierarchyLvlId="88" HierarchyLvlTypeId="22" Intrnl_Id="524" Name="editSchedSelected">
<Header>
<Loc EndOffset="4136" SrcFileId="3" StartOffset="4090"/>
</Header>
<LocList>
<Loc EndOffset="4158" SrcFileId="3" StartOffset="4090"/>
</LocList>
<StmntSeq Intrnl_Id="525">
<LocList>
<Loc EndOffset="4154" SrcFileId="3" StartOffset="4142"/>
</LocList>
<BasicStmnt CovItemId="S53" CovItemPrefix="my.PSM.unitTestPSM.InterfaceFacadeStub.java" Intrnl_Id="526">
<LocList>
<Loc EndOffset="4154" SrcFileId="3" StartOffset="4142"/>
</LocList>
</BasicStmnt>
</StmntSeq>
</HierarchyLvl>
<HierarchyLvl HierarchyLvlId="89" HierarchyLvlTypeId="22" Intrnl_Id="527" Name="InitSetupSelected">
<Header>
<Loc EndOffset="4209" SrcFileId="3" StartOffset="4163"/>
</Header>
<LocList>
<Loc EndOffset="4231" SrcFileId="3" StartOffset="4163"/>
</LocList>
<StmntSeq Intrnl_Id="528">
<LocList>
<Loc EndOffset="4227" SrcFileId="3" StartOffset="4215"/>
</LocList>
<BasicStmnt CovItemId="S54" CovItemPrefix="my.PSM.unitTestPSM.InterfaceFacadeStub.java" Intrnl_Id="529">
<LocList>
<Loc EndOffset="4227" SrcFileId="3" StartOffset="4215"/>
</LocList>
</BasicStmnt>
</StmntSeq>
</HierarchyLvl>
<HierarchyLvl HierarchyLvlId="90" HierarchyLvlTypeId="22" Intrnl_Id="530" Name="logoutSelected">
<Header>
<Loc EndOffset="4279" SrcFileId="3" StartOffset="4236"/>
</Header>
<LocList>
<Loc EndOffset="4303" SrcFileId="3" StartOffset="4236"/>
</LocList>
<StmntSeq Intrnl_Id="531">
<LocList>
<Loc EndOffset="4299" SrcFileId="3" StartOffset="4285"/>
</LocList>
<BasicStmnt CovItemId="S55" CovItemPrefix="my.PSM.unitTestPSM.InterfaceFacadeStub.java" Intrnl_Id="532">
<LocList>
<Loc EndOffset="4299" SrcFileId="3" StartOffset="4285"/>
</LocList>
</BasicStmnt>
</StmntSeq>
</HierarchyLvl>
<HierarchyLvl HierarchyLvlId="91" HierarchyLvlTypeId="22" Intrnl_Id="533" Name="setDefSub">
<Header>
<Loc EndOffset="4344" SrcFileId="3" StartOffset="4308"/>
</Header>
<LocList>
<Loc EndOffset="4375" SrcFileId="3" StartOffset="4308"/>
</LocList>
<StmntSeq Intrnl_Id="534">
<LocList>
<Loc EndOffset="4371" SrcFileId="3" StartOffset="4350"/>
</LocList>
<BasicStmnt CovItemId="S56" CovItemPrefix="my.PSM.unitTestPSM.InterfaceFacadeStub.java" Intrnl_Id="535">
<LocList>
<Loc EndOffset="4371" SrcFileId="3" StartOffset="4350"/>
</LocList>
</BasicStmnt>
</StmntSeq>
</HierarchyLvl>
<HierarchyLvl HierarchyLvlId="92" HierarchyLvlTypeId="22" Intrnl_Id="536" Name="setDefSemester">
<Header>
<Loc EndOffset="4426" SrcFileId="3" StartOffset="4380"/>
</Header>
<LocList>
<Loc EndOffset="4467" SrcFileId="3" StartOffset="4380"/>
</LocList>
<StmntSeq Intrnl_Id="537">
<LocList>
<Loc EndOffset="4463" SrcFileId="3" StartOffset="4432"/>
</LocList>
<BasicStmnt CovItemId="S57" CovItemPrefix="my.PSM.unitTestPSM.InterfaceFacadeStub.java" Intrnl_Id="538">
<LocList>
<Loc EndOffset="4463" SrcFileId="3" StartOffset="4432"/>
</LocList>
</BasicStmnt>
</StmntSeq>
</HierarchyLvl>
<HierarchyLvl HierarchyLvlId="93" HierarchyLvlTypeId="22" Intrnl_Id="539" Name="setDefCourseName">
<Header>
<Loc EndOffset="4522" SrcFileId="3" StartOffset="4472"/>
</Header>
<LocList>
<Loc EndOffset="4567" SrcFileId="3" StartOffset="4472"/>
</LocList>
<StmntSeq Intrnl_Id="540">
<LocList>
<Loc EndOffset="4563" SrcFileId="3" StartOffset="4528"/>
</LocList>
<BasicStmnt CovItemId="S58" CovItemPrefix="my.PSM.unitTestPSM.InterfaceFacadeStub.java" Intrnl_Id="541">
<LocList>
<Loc EndOffset="4563" SrcFileId="3" StartOffset="4528"/>
</LocList>
</BasicStmnt>
</StmntSeq>
</HierarchyLvl>
<HierarchyLvl HierarchyLvlId="94" HierarchyLvlTypeId="22" Intrnl_Id="542" Name="setDefCourseStart">
<Header>
<Loc EndOffset="4624" SrcFileId="3" StartOffset="4572"/>
</Header>
<LocList>
<Loc EndOffset="4671" SrcFileId="3" StartOffset="4572"/>
</LocList>
<StmntSeq Intrnl_Id="543">
<LocList>
<Loc EndOffset="4667" SrcFileId="3" StartOffset="4630"/>
</LocList>
<BasicStmnt CovItemId="S59" CovItemPrefix="my.PSM.unitTestPSM.InterfaceFacadeStub.java" Intrnl_Id="544">
<LocList>
<Loc EndOffset="4667" SrcFileId="3" StartOffset="4630"/>
</LocList>
</BasicStmnt>
</StmntSeq>
</HierarchyLvl>
<HierarchyLvl HierarchyLvlId="95" HierarchyLvlTypeId="22" Intrnl_Id="545" Name="setDefCourseEnd">
<Header>
<Loc EndOffset="4724" SrcFileId="3" StartOffset="4676"/>
</Header>
<LocList>
<Loc EndOffset="4767" SrcFileId="3" StartOffset="4676"/>
</LocList>
<StmntSeq Intrnl_Id="546">
<LocList>
<Loc EndOffset="4763" SrcFileId="3" StartOffset="4730"/>
</LocList>
<BasicStmnt CovItemId="S60" CovItemPrefix="my.PSM.unitTestPSM.InterfaceFacadeStub.java" Intrnl_Id="547">
<LocList>
<Loc EndOffset="4763" SrcFileId="3" StartOffset="4730"/>
</LocList>
</BasicStmnt>
</StmntSeq>
</HierarchyLvl>
<HierarchyLvl HierarchyLvlId="96" HierarchyLvlTypeId="22" Intrnl_Id="548" Name="setDefMonStart">
<Header>
<Loc EndOffset="4818" SrcFileId="3" StartOffset="4772"/>
</Header>
<LocList>
<Loc EndOffset="4859" SrcFileId="3" StartOffset="4772"/>
</LocList>
<StmntSeq Intrnl_Id="549">
<LocList>
<Loc EndOffset="4855" SrcFileId="3" StartOffset="4824"/>
</LocList>
<BasicStmnt CovItemId="S61" CovItemPrefix="my.PSM.unitTestPSM.InterfaceFacadeStub.java" Intrnl_Id="550">
<LocList>
<Loc EndOffset="4855" SrcFileId="3" StartOffset="4824"/>
</LocList>
</BasicStmnt>
</StmntSeq>
</HierarchyLvl>
<HierarchyLvl HierarchyLvlId="97" HierarchyLvlTypeId="22" Intrnl_Id="551" Name="setDefMonEnd">
<Header>
<Loc EndOffset="4906" SrcFileId="3" StartOffset="4864"/>
</Header>
<LocList>
<Loc EndOffset="4943" SrcFileId="3" StartOffset="4864"/>
</LocList>
<StmntSeq Intrnl_Id="552">
<LocList>
<Loc EndOffset="4939" SrcFileId="3" StartOffset="4912"/>
</LocList>
<BasicStmnt CovItemId="S62" CovItemPrefix="my.PSM.unitTestPSM.InterfaceFacadeStub.java" Intrnl_Id="553">
<LocList>
<Loc EndOffset="4939" SrcFileId="3" StartOffset="4912"/>
</LocList>
</BasicStmnt>
</StmntSeq>
</HierarchyLvl>
<HierarchyLvl HierarchyLvlId="98" HierarchyLvlTypeId="22" Intrnl_Id="554" Name="setDefTueStart">
<Header>
<Loc EndOffset="4994" SrcFileId="3" StartOffset="4948"/>
</Header>
<LocList>
<Loc EndOffset="5035" SrcFileId="3" StartOffset="4948"/>
</LocList>
<StmntSeq Intrnl_Id="555">
<LocList>
<Loc EndOffset="5031" SrcFileId="3" StartOffset="5000"/>
</LocList>
<BasicStmnt CovItemId="S63" CovItemPrefix="my.PSM.unitTestPSM.InterfaceFacadeStub.java" Intrnl_Id="556">
<LocList>
<Loc EndOffset="5031" SrcFileId="3" StartOffset="5000"/>
</LocList>
</BasicStmnt>
</StmntSeq>
</HierarchyLvl>
<HierarchyLvl HierarchyLvlId="99" HierarchyLvlTypeId="22" Intrnl_Id="557" Name="setDefTueEnd">
<Header>
<Loc EndOffset="5082" SrcFileId="3" StartOffset="5040"/>
</Header>
<LocList>
<Loc EndOffset="5119" SrcFileId="3" StartOffset="5040"/>
</LocList>
<StmntSeq Intrnl_Id="558">
<LocList>
<Loc EndOffset="5115" SrcFileId="3" StartOffset="5088"/>
</LocList>
<BasicStmnt CovItemId="S64" CovItemPrefix="my.PSM.unitTestPSM.InterfaceFacadeStub.java" Intrnl_Id="559">
<LocList>
<Loc EndOffset="5115" SrcFileId="3" StartOffset="5088"/>
</LocList>
</BasicStmnt>
</StmntSeq>
</HierarchyLvl>
<HierarchyLvl HierarchyLvlId="100" HierarchyLvlTypeId="22" Intrnl_Id="560" Name="setDefWedStart">
<Header>
<Loc EndOffset="5170" SrcFileId="3" StartOffset="5124"/>
</Header>
<LocList>
<Loc EndOffset="5211" SrcFileId="3" StartOffset="5124"/>
</LocList>
<StmntSeq Intrnl_Id="561">
<LocList>
<Loc EndOffset="5207" SrcFileId="3" StartOffset="5176"/>
</LocList>
<BasicStmnt CovItemId="S65" CovItemPrefix="my.PSM.unitTestPSM.InterfaceFacadeStub.java" Intrnl_Id="562">
<LocList>
<Loc EndOffset="5207" SrcFileId="3" StartOffset="5176"/>
</LocList>
</BasicStmnt>
</StmntSeq>
</HierarchyLvl>
<HierarchyLvl HierarchyLvlId="101" HierarchyLvlTypeId="22" Intrnl_Id="563" Name="setDefWedEnd">
<Header>
<Loc EndOffset="5258" SrcFileId="3" StartOffset="5216"/>
</Header>
<LocList>
<Loc EndOffset="5295" SrcFileId="3" StartOffset="5216"/>
</LocList>
<StmntSeq Intrnl_Id="564">
<LocList>
<Loc EndOffset="5291" SrcFileId="3" StartOffset="5264"/>
</LocList>
<BasicStmnt CovItemId="S66" CovItemPrefix="my.PSM.unitTestPSM.InterfaceFacadeStub.java" Intrnl_Id="565">
<LocList>
<Loc EndOffset="5291" SrcFileId="3" StartOffset="5264"/>
</LocList>
</BasicStmnt>
</StmntSeq>
</HierarchyLvl>
<HierarchyLvl HierarchyLvlId="102" HierarchyLvlTypeId="22" Intrnl_Id="566" Name="setDefThuStart">
<Header>
<Loc EndOffset="5346" SrcFileId="3" StartOffset="5300"/>
</Header>
<LocList>
<Loc EndOffset="5387" SrcFileId="3" StartOffset="5300"/>
</LocList>
<StmntSeq Intrnl_Id="567">
<LocList>
<Loc EndOffset="5383" SrcFileId="3" StartOffset="5352"/>
</LocList>
<BasicStmnt CovItemId="S67" CovItemPrefix="my.PSM.unitTestPSM.InterfaceFacadeStub.java" Intrnl_Id="568">
<LocList>
<Loc EndOffset="5383" SrcFileId="3" StartOffset="5352"/>
</LocList>
</BasicStmnt>
</StmntSeq>
</HierarchyLvl>
<HierarchyLvl HierarchyLvlId="103" HierarchyLvlTypeId="22" Intrnl_Id="569" Name="setDefThuEnd">
<Header>
<Loc EndOffset="5434" SrcFileId="3" StartOffset="5392"/>
</Header>
<LocList>
<Loc EndOffset="5471" SrcFileId="3" StartOffset="5392"/>
</LocList>
<StmntSeq Intrnl_Id="570">
<LocList>
<Loc EndOffset="5467" SrcFileId="3" StartOffset="5440"/>
</LocList>
<BasicStmnt CovItemId="S68" CovItemPrefix="my.PSM.unitTestPSM.InterfaceFacadeStub.java" Intrnl_Id="571">
<LocList>
<Loc EndOffset="5467" SrcFileId="3" StartOffset="5440"/>
</LocList>
</BasicStmnt>
</StmntSeq>
</HierarchyLvl>
<HierarchyLvl HierarchyLvlId="104" HierarchyLvlTypeId="22" Intrnl_Id="572" Name="setDefFriStart">
<Header>
<Loc EndOffset="5522" SrcFileId="3" StartOffset="5476"/>
</Header>
<LocList>
<Loc EndOffset="5563" SrcFileId="3" StartOffset="5476"/>
</LocList>
<StmntSeq Intrnl_Id="573">
<LocList>
<Loc EndOffset="5559" SrcFileId="3" StartOffset="5528"/>
</LocList>
<BasicStmnt CovItemId="S69" CovItemPrefix="my.PSM.unitTestPSM.InterfaceFacadeStub.java" Intrnl_Id="574">
<LocList>
<Loc EndOffset="5559" SrcFileId="3" StartOffset="5528"/>
</LocList>
</BasicStmnt>
</StmntSeq>
</HierarchyLvl>
<HierarchyLvl HierarchyLvlId="105" HierarchyLvlTypeId="22" Intrnl_Id="575" Name="setDefFriEnd">
<Header>
<Loc EndOffset="5610" SrcFileId="3" StartOffset="5568"/>
</Header>
<LocList>
<Loc EndOffset="5647" SrcFileId="3" StartOffset="5568"/>
</LocList>
<StmntSeq Intrnl_Id="576">
<LocList>
<Loc EndOffset="5643" SrcFileId="3" StartOffset="5616"/>
</LocList>
<BasicStmnt CovItemId="S70" CovItemPrefix="my.PSM.unitTestPSM.InterfaceFacadeStub.java" Intrnl_Id="577">
<LocList>
<Loc EndOffset="5643" SrcFileId="3" StartOffset="5616"/>
</LocList>
</BasicStmnt>
</StmntSeq>
</HierarchyLvl>
<HierarchyLvl HierarchyLvlId="106" HierarchyLvlTypeId="22" Intrnl_Id="578" Name="setDefSatStart">
<Header>
<Loc EndOffset="5698" SrcFileId="3" StartOffset="5652"/>
</Header>
<LocList>
<Loc EndOffset="5739" SrcFileId="3" StartOffset="5652"/>
</LocList>
<StmntSeq Intrnl_Id="579">
<LocList>
<Loc EndOffset="5735" SrcFileId="3" StartOffset="5704"/>
</LocList>
<BasicStmnt CovItemId="S71" CovItemPrefix="my.PSM.unitTestPSM.InterfaceFacadeStub.java" Intrnl_Id="580">
<LocList>
<Loc EndOffset="5735" SrcFileId="3" StartOffset="5704"/>
</LocList>
</BasicStmnt>
</StmntSeq>
</HierarchyLvl>
<HierarchyLvl HierarchyLvlId="107" HierarchyLvlTypeId="22" Intrnl_Id="581" Name="setDefSatEnd">
<Header>
<Loc EndOffset="5786" SrcFileId="3" StartOffset="5744"/>
</Header>
<LocList>
<Loc EndOffset="5823" SrcFileId="3" StartOffset="5744"/>
</LocList>
<StmntSeq Intrnl_Id="582">
<LocList>
<Loc EndOffset="5819" SrcFileId="3" StartOffset="5792"/>
</LocList>
<BasicStmnt CovItemId="S72" CovItemPrefix="my.PSM.unitTestPSM.InterfaceFacadeStub.java" Intrnl_Id="583">
<LocList>
<Loc EndOffset="5819" SrcFileId="3" StartOffset="5792"/>
</LocList>
</BasicStmnt>
</StmntSeq>
</HierarchyLvl>
<HierarchyLvl HierarchyLvlId="108" HierarchyLvlTypeId="22" Intrnl_Id="584" Name="getNewCourseStart">
<Header>
<Loc EndOffset="5873" SrcFileId="3" StartOffset="5828"/>
</Header>
<LocList>
<Loc EndOffset="5905" SrcFileId="3" StartOffset="5828"/>
</LocList>
<StmntSeq Intrnl_Id="585">
<LocList>
<Loc EndOffset="5901" SrcFileId="3" StartOffset="5879"/>
</LocList>
<BasicStmnt CovItemId="S73" CovItemPrefix="my.PSM.unitTestPSM.InterfaceFacadeStub.java" Intrnl_Id="586">
<LocList>
<Loc EndOffset="5901" SrcFileId="3" StartOffset="5879"/>
</LocList>
</BasicStmnt>
</StmntSeq>
</HierarchyLvl>
<HierarchyLvl HierarchyLvlId="109" HierarchyLvlTypeId="22" Intrnl_Id="587" Name="getpNewCourseStart">
<Header>
<Loc EndOffset="5956" SrcFileId="3" StartOffset="5910"/>
</Header>
<LocList>
<Loc EndOffset="5988" SrcFileId="3" StartOffset="5910"/>
</LocList>
<StmntSeq Intrnl_Id="588">
<LocList>
<Loc EndOffset="5984" SrcFileId="3" StartOffset="5962"/>
</LocList>
<BasicStmnt CovItemId="S74" CovItemPrefix="my.PSM.unitTestPSM.InterfaceFacadeStub.java" Intrnl_Id="589">
<LocList>
<Loc EndOffset="5984" SrcFileId="3" StartOffset="5962"/>
</LocList>
</BasicStmnt>
</StmntSeq>
</HierarchyLvl>
<HierarchyLvl HierarchyLvlId="110" HierarchyLvlTypeId="22" Intrnl_Id="590" Name="getDefCourseID">
<Header>
<Loc EndOffset="6032" SrcFileId="3" StartOffset="5993"/>
</Header>
<LocList>
<Loc EndOffset="6056" SrcFileId="3" StartOffset="5993"/>
</LocList>
<StmntSeq Intrnl_Id="591">
<LocList>
<Loc EndOffset="6052" SrcFileId="3" StartOffset="6038"/>
</LocList>
<BasicStmnt CovItemId="S75" CovItemPrefix="my.PSM.unitTestPSM.InterfaceFacadeStub.java" Intrnl_Id="592">
<LocList>
<Loc EndOffset="6052" SrcFileId="3" StartOffset="6038"/>
</LocList>
</BasicStmnt>
</StmntSeq>
</HierarchyLvl>
<HierarchyLvl HierarchyLvlId="111" HierarchyLvlTypeId="22" Intrnl_Id="593" Name="getpNewCourseEnd">
<Header>
<Loc EndOffset="6105" SrcFileId="3" StartOffset="6061"/>
</Header>
<LocList>
<Loc EndOffset="6135" SrcFileId="3" StartOffset="6061"/>
</LocList>
<StmntSeq Intrnl_Id="594">
<LocList>
<Loc EndOffset="6131" SrcFileId="3" StartOffset="6111"/>
</LocList>
<BasicStmnt CovItemId="S76" CovItemPrefix="my.PSM.unitTestPSM.InterfaceFacadeStub.java" Intrnl_Id="595">
<LocList>
<Loc EndOffset="6131" SrcFileId="3" StartOffset="6111"/>
</LocList>
</BasicStmnt>
</StmntSeq>
</HierarchyLvl>
<HierarchyLvl HierarchyLvlId="112" HierarchyLvlTypeId="22" Intrnl_Id="596" Name="getpNewMonStart">
<Header>
<Loc EndOffset="6183" SrcFileId="3" StartOffset="6140"/>
</Header>
<LocList>
<Loc EndOffset="6212" SrcFileId="3" StartOffset="6140"/>
</LocList>
<StmntSeq Intrnl_Id="597">
<LocList>
<Loc EndOffset="6208" SrcFileId="3" StartOffset="6189"/>
</LocList>
<BasicStmnt CovItemId="S77" CovItemPrefix="my.PSM.unitTestPSM.InterfaceFacadeStub.java" Intrnl_Id="598">
<LocList>
<Loc EndOffset="6208" SrcFileId="3" StartOffset="6189"/>
</LocList>
</BasicStmnt>
</StmntSeq>
</HierarchyLvl>
<HierarchyLvl HierarchyLvlId="113" HierarchyLvlTypeId="22" Intrnl_Id="599" Name="getpNewTueStart">
<Header>
<Loc EndOffset="6260" SrcFileId="3" StartOffset="6217"/>
</Header>
<LocList>
<Loc EndOffset="6289" SrcFileId="3" StartOffset="6217"/>
</LocList>
<StmntSeq Intrnl_Id="600">
<LocList>
<Loc EndOffset="6285" SrcFileId="3" StartOffset="6266"/>
</LocList>
<BasicStmnt CovItemId="S78" CovItemPrefix="my.PSM.unitTestPSM.InterfaceFacadeStub.java" Intrnl_Id="601">
<LocList>
<Loc EndOffset="6285" SrcFileId="3" StartOffset="6266"/>
</LocList>
</BasicStmnt>
</StmntSeq>
</HierarchyLvl>
<HierarchyLvl HierarchyLvlId="114" HierarchyLvlTypeId="22" Intrnl_Id="602" Name="getpNewTueEnd">
<Header>
<Loc EndOffset="6335" SrcFileId="3" StartOffset="6294"/>
</Header>
<LocList>
<Loc EndOffset="6362" SrcFileId="3" StartOffset="6294"/>
</LocList>
<StmntSeq Intrnl_Id="603">
<LocList>
<Loc EndOffset="6358" SrcFileId="3" StartOffset="6341"/>
</LocList>
<BasicStmnt CovItemId="S79" CovItemPrefix="my.PSM.unitTestPSM.InterfaceFacadeStub.java" Intrnl_Id="604">
<LocList>
<Loc EndOffset="6358" SrcFileId="3" StartOffset="6341"/>
</LocList>
</BasicStmnt>
</StmntSeq>
</HierarchyLvl>
<HierarchyLvl HierarchyLvlId="115" HierarchyLvlTypeId="22" Intrnl_Id="605" Name="getpNewThuEnd">
<Header>
<Loc EndOffset="6408" SrcFileId="3" StartOffset="6367"/>
</Header>
<LocList>
<Loc EndOffset="6435" SrcFileId="3" StartOffset="6367"/>
</LocList>
<StmntSeq Intrnl_Id="606">
<LocList>
<Loc EndOffset="6431" SrcFileId="3" StartOffset="6414"/>
</LocList>
<BasicStmnt CovItemId="S80" CovItemPrefix="my.PSM.unitTestPSM.InterfaceFacadeStub.java" Intrnl_Id="607">
<LocList>
<Loc EndOffset="6431" SrcFileId="3" StartOffset="6414"/>
</LocList>
</BasicStmnt>
</StmntSeq>
</HierarchyLvl>
<HierarchyLvl HierarchyLvlId="116" HierarchyLvlTypeId="22" Intrnl_Id="608" Name="getpNewThuStart">
<Header>
<Loc EndOffset="6483" SrcFileId="3" StartOffset="6440"/>
</Header>
<LocList>
<Loc EndOffset="6512" SrcFileId="3" StartOffset="6440"/>
</LocList>
<StmntSeq Intrnl_Id="609">
<LocList>
<Loc EndOffset="6508" SrcFileId="3" StartOffset="6489"/>
</LocList>
<BasicStmnt CovItemId="S81" CovItemPrefix="my.PSM.unitTestPSM.InterfaceFacadeStub.java" Intrnl_Id="610">
<LocList>
<Loc EndOffset="6508" SrcFileId="3" StartOffset="6489"/>
</LocList>
</BasicStmnt>
</StmntSeq>
</HierarchyLvl>
<HierarchyLvl HierarchyLvlId="117" HierarchyLvlTypeId="22" Intrnl_Id="611" Name="getpNewWedEnd">
<Header>
<Loc EndOffset="6558" SrcFileId="3" StartOffset="6517"/>
</Header>
<LocList>
<Loc EndOffset="6585" SrcFileId="3" StartOffset="6517"/>
</LocList>
<StmntSeq Intrnl_Id="612">
<LocList>
<Loc EndOffset="6581" SrcFileId="3" StartOffset="6564"/>
</LocList>
<BasicStmnt CovItemId="S82" CovItemPrefix="my.PSM.unitTestPSM.InterfaceFacadeStub.java" Intrnl_Id="613">
<LocList>
<Loc EndOffset="6581" SrcFileId="3" StartOffset="6564"/>
</LocList>
</BasicStmnt>
</StmntSeq>
</HierarchyLvl>
<HierarchyLvl HierarchyLvlId="118" HierarchyLvlTypeId="22" Intrnl_Id="614" Name="getpNewWedStart">
<Header>
<Loc EndOffset="6633" SrcFileId="3" StartOffset="6590"/>
</Header>
<LocList>
<Loc EndOffset="6662" SrcFileId="3" StartOffset="6590"/>
</LocList>
<StmntSeq Intrnl_Id="615">
<LocList>
<Loc EndOffset="6658" SrcFileId="3" StartOffset="6639"/>
</LocList>
<BasicStmnt CovItemId="S83" CovItemPrefix="my.PSM.unitTestPSM.InterfaceFacadeStub.java" Intrnl_Id="616">
<LocList>
<Loc EndOffset="6658" SrcFileId="3" StartOffset="6639"/>
</LocList>
</BasicStmnt>
</StmntSeq>
</HierarchyLvl>
<HierarchyLvl HierarchyLvlId="119" HierarchyLvlTypeId="22" Intrnl_Id="617" Name="getpNewFriEnd">
<Header>
<Loc EndOffset="6708" SrcFileId="3" StartOffset="6667"/>
</Header>
<LocList>
<Loc EndOffset="6735" SrcFileId="3" StartOffset="6667"/>
</LocList>
<StmntSeq Intrnl_Id="618">
<LocList>
<Loc EndOffset="6731" SrcFileId="3" StartOffset="6714"/>
</LocList>
<BasicStmnt CovItemId="S84" CovItemPrefix="my.PSM.unitTestPSM.InterfaceFacadeStub.java" Intrnl_Id="619">
<LocList>
<Loc EndOffset="6731" SrcFileId="3" StartOffset="6714"/>
</LocList>
</BasicStmnt>
</StmntSeq>
</HierarchyLvl>
<HierarchyLvl HierarchyLvlId="120" HierarchyLvlTypeId="22" Intrnl_Id="620" Name="getpNewSatEnd">
<Header>
<Loc EndOffset="6781" SrcFileId="3" StartOffset="6740"/>
</Header>
<LocList>
<Loc EndOffset="6808" SrcFileId="3" StartOffset="6740"/>
</LocList>
<StmntSeq Intrnl_Id="621">
<LocList>
<Loc EndOffset="6804" SrcFileId="3" StartOffset="6787"/>
</LocList>
<BasicStmnt CovItemId="S85" CovItemPrefix="my.PSM.unitTestPSM.InterfaceFacadeStub.java" Intrnl_Id="622">
<LocList>
<Loc EndOffset="6804" SrcFileId="3" StartOffset="6787"/>
</LocList>
</BasicStmnt>
</StmntSeq>
</HierarchyLvl>
<HierarchyLvl HierarchyLvlId="121" HierarchyLvlTypeId="22" Intrnl_Id="623" Name="getpNewSatStart">
<Header>
<Loc EndOffset="6856" SrcFileId="3" StartOffset="6813"/>
</Header>
<LocList>
<Loc EndOffset="6885" SrcFileId="3" StartOffset="6813"/>
</LocList>
<StmntSeq Intrnl_Id="624">
<LocList>
<Loc EndOffset="6881" SrcFileId="3" StartOffset="6862"/>
</LocList>
<BasicStmnt CovItemId="S86" CovItemPrefix="my.PSM.unitTestPSM.InterfaceFacadeStub.java" Intrnl_Id="625">
<LocList>
<Loc EndOffset="6881" SrcFileId="3" StartOffset="6862"/>
</LocList>
</BasicStmnt>
</StmntSeq>
</HierarchyLvl>
<HierarchyLvl HierarchyLvlId="122" HierarchyLvlTypeId="22" Intrnl_Id="626" Name="getpNewFriStart">
<Header>
<Loc EndOffset="6933" SrcFileId="3" StartOffset="6890"/>
</Header>
<LocList>
<Loc EndOffset="6962" SrcFileId="3" StartOffset="6890"/>
</LocList>
<StmntSeq Intrnl_Id="627">
<LocList>
<Loc EndOffset="6958" SrcFileId="3" StartOffset="6939"/>
</LocList>
<BasicStmnt CovItemId="S87" CovItemPrefix="my.PSM.unitTestPSM.InterfaceFacadeStub.java" Intrnl_Id="628">
<LocList>
<Loc EndOffset="6958" SrcFileId="3" StartOffset="6939"/>
</LocList>
</BasicStmnt>
</StmntSeq>
</HierarchyLvl>
<HierarchyLvl HierarchyLvlId="123" HierarchyLvlTypeId="22" Intrnl_Id="629" Name="getpNewMonEnd">
<Header>
<Loc EndOffset="7008" SrcFileId="3" StartOffset="6967"/>
</Header>
<LocList>
<Loc EndOffset="7035" SrcFileId="3" StartOffset="6967"/>
</LocList>
<StmntSeq Intrnl_Id="630">
<LocList>
<Loc EndOffset="7031" SrcFileId="3" StartOffset="7014"/>
</LocList>
<BasicStmnt CovItemId="S88" CovItemPrefix="my.PSM.unitTestPSM.InterfaceFacadeStub.java" Intrnl_Id="631">
<LocList>
<Loc EndOffset="7031" SrcFileId="3" StartOffset="7014"/>
</LocList>
</BasicStmnt>
</StmntSeq>
</HierarchyLvl>
<HierarchyLvl HierarchyLvlId="124" HierarchyLvlTypeId="22" Intrnl_Id="632" Name="getNewCourseID">
<Header>
<Loc EndOffset="7079" SrcFileId="3" StartOffset="7040"/>
</Header>
<LocList>
<Loc EndOffset="7103" SrcFileId="3" StartOffset="7040"/>
</LocList>
<StmntSeq Intrnl_Id="633">
<LocList>
<Loc EndOffset="7099" SrcFileId="3" StartOffset="7085"/>
</LocList>
<BasicStmnt CovItemId="S89" CovItemPrefix="my.PSM.unitTestPSM.InterfaceFacadeStub.java" Intrnl_Id="634">
<LocList>
<Loc EndOffset="7099" SrcFileId="3" StartOffset="7085"/>
</LocList>
</BasicStmnt>
</StmntSeq>
</HierarchyLvl>
<HierarchyLvl HierarchyLvlId="125" HierarchyLvlTypeId="22" Intrnl_Id="635" Name="getNewSub">
<Header>
<Loc EndOffset="7145" SrcFileId="3" StartOffset="7108"/>
</Header>
<LocList>
<Loc EndOffset="7169" SrcFileId="3" StartOffset="7108"/>
</LocList>
<StmntSeq Intrnl_Id="636">
<LocList>
<Loc EndOffset="7165" SrcFileId="3" StartOffset="7151"/>
</LocList>
<BasicStmnt CovItemId="S90" CovItemPrefix="my.PSM.unitTestPSM.InterfaceFacadeStub.java" Intrnl_Id="637">
<LocList>
<Loc EndOffset="7165" SrcFileId="3" StartOffset="7151"/>
</LocList>
</BasicStmnt>
</StmntSeq>
</HierarchyLvl>
<HierarchyLvl HierarchyLvlId="126" HierarchyLvlTypeId="22" Intrnl_Id="638" Name="getNewCourseName">
<Header>
<Loc EndOffset="7218" SrcFileId="3" StartOffset="7174"/>
</Header>
<LocList>
<Loc EndOffset="7249" SrcFileId="3" StartOffset="7174"/>
</LocList>
<StmntSeq Intrnl_Id="639">
<LocList>
<Loc EndOffset="7245" SrcFileId="3" StartOffset="7224"/>
</LocList>
<BasicStmnt CovItemId="S91" CovItemPrefix="my.PSM.unitTestPSM.InterfaceFacadeStub.java" Intrnl_Id="640">
<LocList>
<Loc EndOffset="7245" SrcFileId="3" StartOffset="7224"/>
</LocList>
</BasicStmnt>
</StmntSeq>
</HierarchyLvl>
<HierarchyLvl HierarchyLvlId="127" HierarchyLvlTypeId="22" Intrnl_Id="641" Name="getNewSemester">
<Header>
<Loc EndOffset="7296" SrcFileId="3" StartOffset="7254"/>
</Header>
<LocList>
<Loc EndOffset="7325" SrcFileId="3" StartOffset="7254"/>
</LocList>
<StmntSeq Intrnl_Id="642">
<LocList>
<Loc EndOffset="7321" SrcFileId="3" StartOffset="7302"/>
</LocList>
<BasicStmnt CovItemId="S92" CovItemPrefix="my.PSM.unitTestPSM.InterfaceFacadeStub.java" Intrnl_Id="643">
<LocList>
<Loc EndOffset="7321" SrcFileId="3" StartOffset="7302"/>
</LocList>
</BasicStmnt>
</StmntSeq>
</HierarchyLvl>
<HierarchyLvl HierarchyLvlId="128" HierarchyLvlTypeId="22" Intrnl_Id="644" Name="getNewCourseEnd">
<Header>
<Loc EndOffset="7373" SrcFileId="3" StartOffset="7330"/>
</Header>
<LocList>
<Loc EndOffset="7403" SrcFileId="3" StartOffset="7330"/>
</LocList>
<StmntSeq Intrnl_Id="645">
<LocList>
<Loc EndOffset="7399" SrcFileId="3" StartOffset="7379"/>
</LocList>
<BasicStmnt CovItemId="S93" CovItemPrefix="my.PSM.unitTestPSM.InterfaceFacadeStub.java" Intrnl_Id="646">
<LocList>
<Loc EndOffset="7399" SrcFileId="3" StartOffset="7379"/>
</LocList>
</BasicStmnt>
</StmntSeq>
</HierarchyLvl>
<HierarchyLvl HierarchyLvlId="129" HierarchyLvlTypeId="22" Intrnl_Id="647" Name="getNewMonStart">
<Header>
<Loc EndOffset="7450" SrcFileId="3" StartOffset="7408"/>
</Header>
<LocList>
<Loc EndOffset="7479" SrcFileId="3" StartOffset="7408"/>
</LocList>
<StmntSeq Intrnl_Id="648">
<LocList>
<Loc EndOffset="7475" SrcFileId="3" StartOffset="7456"/>
</LocList>
<BasicStmnt CovItemId="S94" CovItemPrefix="my.PSM.unitTestPSM.InterfaceFacadeStub.java" Intrnl_Id="649">
<LocList>
<Loc EndOffset="7475" SrcFileId="3" StartOffset="7456"/>
</LocList>
</BasicStmnt>
</StmntSeq>
</HierarchyLvl>
<HierarchyLvl HierarchyLvlId="130" HierarchyLvlTypeId="22" Intrnl_Id="650" Name="getNewTueStart">
<Header>
<Loc EndOffset="7526" SrcFileId="3" StartOffset="7484"/>
</Header>
<LocList>
<Loc EndOffset="7555" SrcFileId="3" StartOffset="7484"/>
</LocList>
<StmntSeq Intrnl_Id="651">
<LocList>
<Loc EndOffset="7551" SrcFileId="3" StartOffset="7532"/>
</LocList>
<BasicStmnt CovItemId="S95" CovItemPrefix="my.PSM.unitTestPSM.InterfaceFacadeStub.java" Intrnl_Id="652">
<LocList>
<Loc EndOffset="7551" SrcFileId="3" StartOffset="7532"/>
</LocList>
</BasicStmnt>
</StmntSeq>
</HierarchyLvl>
<HierarchyLvl HierarchyLvlId="131" HierarchyLvlTypeId="22" Intrnl_Id="653" Name="getNewTueEnd">
<Header>
<Loc EndOffset="7600" SrcFileId="3" StartOffset="7560"/>
</Header>
<LocList>
<Loc EndOffset="7627" SrcFileId="3" StartOffset="7560"/>
</LocList>
<StmntSeq Intrnl_Id="654">
<LocList>
<Loc EndOffset="7623" SrcFileId="3" StartOffset="7606"/>
</LocList>
<BasicStmnt CovItemId="S96" CovItemPrefix="my.PSM.unitTestPSM.InterfaceFacadeStub.java" Intrnl_Id="655">
<LocList>
<Loc EndOffset="7623" SrcFileId="3" StartOffset="7606"/>
</LocList>
</BasicStmnt>
</StmntSeq>
</HierarchyLvl>
<HierarchyLvl HierarchyLvlId="132" HierarchyLvlTypeId="22" Intrnl_Id="656" Name="getNewThuEnd">
<Header>
<Loc EndOffset="7672" SrcFileId="3" StartOffset="7632"/>
</Header>
<LocList>
<Loc EndOffset="7699" SrcFileId="3" StartOffset="7632"/>
</LocList>
<StmntSeq Intrnl_Id="657">
<LocList>
<Loc EndOffset="7695" SrcFileId="3" StartOffset="7678"/>
</LocList>
<BasicStmnt CovItemId="S97" CovItemPrefix="my.PSM.unitTestPSM.InterfaceFacadeStub.java" Intrnl_Id="658">
<LocList>
<Loc EndOffset="7695" SrcFileId="3" StartOffset="7678"/>
</LocList>
</BasicStmnt>
</StmntSeq>
</HierarchyLvl>
<HierarchyLvl HierarchyLvlId="133" HierarchyLvlTypeId="22" Intrnl_Id="659" Name="getNewThuStart">
<Header>
<Loc EndOffset="7746" SrcFileId="3" StartOffset="7704"/>
</Header>
<LocList>
<Loc EndOffset="7775" SrcFileId="3" StartOffset="7704"/>
</LocList>
<StmntSeq Intrnl_Id="660">
<LocList>
<Loc EndOffset="7771" SrcFileId="3" StartOffset="7752"/>
</LocList>
<BasicStmnt CovItemId="S98" CovItemPrefix="my.PSM.unitTestPSM.InterfaceFacadeStub.java" Intrnl_Id="661">
<LocList>
<Loc EndOffset="7771" SrcFileId="3" StartOffset="7752"/>
</LocList>
</BasicStmnt>
</StmntSeq>
</HierarchyLvl>
<HierarchyLvl HierarchyLvlId="134" HierarchyLvlTypeId="22" Intrnl_Id="662" Name="getNewWedEnd">
<Header>
<Loc EndOffset="7820" SrcFileId="3" StartOffset="7780"/>
</Header>
<LocList>
<Loc EndOffset="7847" SrcFileId="3" StartOffset="7780"/>
</LocList>
<StmntSeq Intrnl_Id="663">
<LocList>
<Loc EndOffset="7843" SrcFileId="3" StartOffset="7826"/>
</LocList>
<BasicStmnt CovItemId="S99" CovItemPrefix="my.PSM.unitTestPSM.InterfaceFacadeStub.java" Intrnl_Id="664">
<LocList>
<Loc EndOffset="7843" SrcFileId="3" StartOffset="7826"/>
</LocList>
</BasicStmnt>
</StmntSeq>
</HierarchyLvl>
<HierarchyLvl HierarchyLvlId="135" HierarchyLvlTypeId="22" Intrnl_Id="665" Name="getNewWedStart">
<Header>
<Loc EndOffset="7894" SrcFileId="3" StartOffset="7852"/>
</Header>
<LocList>
<Loc EndOffset="7923" SrcFileId="3" StartOffset="7852"/>
</LocList>
<StmntSeq Intrnl_Id="666">
<LocList>
<Loc EndOffset="7919" SrcFileId="3" StartOffset="7900"/>
</LocList>
<BasicStmnt CovItemId="S100" CovItemPrefix="my.PSM.unitTestPSM.InterfaceFacadeStub.java" Intrnl_Id="667">
<LocList>
<Loc EndOffset="7919" SrcFileId="3" StartOffset="7900"/>
</LocList>
</BasicStmnt>
</StmntSeq>
</HierarchyLvl>
<HierarchyLvl HierarchyLvlId="136" HierarchyLvlTypeId="22" Intrnl_Id="668" Name="getNewFriEnd">
<Header>
<Loc EndOffset="7968" SrcFileId="3" StartOffset="7928"/>
</Header>
<LocList>
<Loc EndOffset="7995" SrcFileId="3" StartOffset="7928"/>
</LocList>
<StmntSeq Intrnl_Id="669">
<LocList>
<Loc EndOffset="7991" SrcFileId="3" StartOffset="7974"/>
</LocList>
<BasicStmnt CovItemId="S101" CovItemPrefix="my.PSM.unitTestPSM.InterfaceFacadeStub.java" Intrnl_Id="670">
<LocList>
<Loc EndOffset="7991" SrcFileId="3" StartOffset="7974"/>
</LocList>
</BasicStmnt>
</StmntSeq>
</HierarchyLvl>
<HierarchyLvl HierarchyLvlId="137" HierarchyLvlTypeId="22" Intrnl_Id="671" Name="getNewSatEnd">
<Header>
<Loc EndOffset="8040" SrcFileId="3" StartOffset="8000"/>
</Header>
<LocList>
<Loc EndOffset="8067" SrcFileId="3" StartOffset="8000"/>
</LocList>
<StmntSeq Intrnl_Id="672">
<LocList>
<Loc EndOffset="8063" SrcFileId="3" StartOffset="8046"/>
</LocList>
<BasicStmnt CovItemId="S102" CovItemPrefix="my.PSM.unitTestPSM.InterfaceFacadeStub.java" Intrnl_Id="673">
<LocList>
<Loc EndOffset="8063" SrcFileId="3" StartOffset="8046"/>
</LocList>
</BasicStmnt>
</StmntSeq>
</HierarchyLvl>
<HierarchyLvl HierarchyLvlId="138" HierarchyLvlTypeId="22" Intrnl_Id="674" Name="getNewSatStart">
<Header>
<Loc EndOffset="8114" SrcFileId="3" StartOffset="8072"/>
</Header>
<LocList>
<Loc EndOffset="8143" SrcFileId="3" StartOffset="8072"/>
</LocList>
<StmntSeq Intrnl_Id="675">
<LocList>
<Loc EndOffset="8139" SrcFileId="3" StartOffset="8120"/>
</LocList>
<BasicStmnt CovItemId="S103" CovItemPrefix="my.PSM.unitTestPSM.InterfaceFacadeStub.java" Intrnl_Id="676">
<LocList>
<Loc EndOffset="8139" SrcFileId="3" StartOffset="8120"/>
</LocList>
</BasicStmnt>
</StmntSeq>
</HierarchyLvl>
<HierarchyLvl HierarchyLvlId="139" HierarchyLvlTypeId="22" Intrnl_Id="677" Name="getNewFriStart">
<Header>
<Loc EndOffset="8190" SrcFileId="3" StartOffset="8148"/>
</Header>
<LocList>
<Loc EndOffset="8219" SrcFileId="3" StartOffset="8148"/>
</LocList>
<StmntSeq Intrnl_Id="678">
<LocList>
<Loc EndOffset="8215" SrcFileId="3" StartOffset="8196"/>
</LocList>
<BasicStmnt CovItemId="S104" CovItemPrefix="my.PSM.unitTestPSM.InterfaceFacadeStub.java" Intrnl_Id="679">
<LocList>
<Loc EndOffset="8215" SrcFileId="3" StartOffset="8196"/>
</LocList>
</BasicStmnt>
</StmntSeq>
</HierarchyLvl>
<HierarchyLvl HierarchyLvlId="140" HierarchyLvlTypeId="22" Intrnl_Id="680" Name="getNewMonEnd">
<Header>
<Loc EndOffset="8264" SrcFileId="3" StartOffset="8224"/>
</Header>
<LocList>
<Loc EndOffset="8291" SrcFileId="3" StartOffset="8224"/>
</LocList>
<StmntSeq Intrnl_Id="681">
<LocList>
<Loc EndOffset="8287" SrcFileId="3" StartOffset="8270"/>
</LocList>
<BasicStmnt CovItemId="S105" CovItemPrefix="my.PSM.unitTestPSM.InterfaceFacadeStub.java" Intrnl_Id="682">
<LocList>
<Loc EndOffset="8287" SrcFileId="3" StartOffset="8270"/>
</LocList>
</BasicStmnt>
</StmntSeq>
</HierarchyLvl>
</HierarchyLvl>
<HierarchyLvl HierarchyLvlId="151" HierarchyLvlTypeId="23" Intrnl_Id="683" Name="InterfaceControllerStub">
<Header>
<Loc EndOffset="189" SrcFileId="4" StartOffset="125"/>
</Header>
<LocList>
<Loc EndOffset="1373" SrcFileId="4" StartOffset="125"/>
</LocList>
<HierarchyLvl HierarchyLvlId="142" HierarchyLvlTypeId="22" Intrnl_Id="684" Name="InterfaceControllerStub">
<Header>
<Loc EndOffset="252" SrcFileId="4" StartOffset="197"/>
</Header>
<LocList>
<Loc EndOffset="278" SrcFileId="4" StartOffset="197"/>
</LocList>
<StmntSeq Intrnl_Id="685">
<LocList>
<Loc EndOffset="274" SrcFileId="4" StartOffset="257"/>
</LocList>
<BasicStmnt CovItemId="S1" CovItemPrefix="my.PSM.unitTestPSM.InterfaceControllerStub.java" Intrnl_Id="686">
<LocList>
<Loc EndOffset="274" SrcFileId="4" StartOffset="257"/>
</LocList>
</BasicStmnt>
</StmntSeq>
</HierarchyLvl>
<HierarchyLvl HierarchyLvlId="143" HierarchyLvlTypeId="22" Intrnl_Id="687" Name="passwordLock">
<Header>
<Loc EndOffset="324" SrcFileId="4" StartOffset="283"/>
</Header>
<LocList>
<Loc EndOffset="360" SrcFileId="4" StartOffset="283"/>
</LocList>
</HierarchyLvl>
<HierarchyLvl HierarchyLvlId="144" HierarchyLvlTypeId="22" Intrnl_Id="688" Name="Initiate_Logout">
<Header>
<Loc EndOffset="410" SrcFileId="4" StartOffset="366"/>
</Header>
<LocList>
<Loc EndOffset="454" SrcFileId="4" StartOffset="366"/>
</LocList>
</HierarchyLvl>
<HierarchyLvl HierarchyLvlId="145" HierarchyLvlTypeId="22" Intrnl_Id="689" Name="Initiate_IncorrectLogin">
<Header>
<Loc EndOffset="512" SrcFileId="4" StartOffset="460"/>
</Header>
<LocList>
<Loc EndOffset="568" SrcFileId="4" StartOffset="460"/>
</LocList>
</HierarchyLvl>
<HierarchyLvl HierarchyLvlId="146" HierarchyLvlTypeId="22" Intrnl_Id="690" Name="Initiate_Schedule_Form">
<Header>
<Loc EndOffset="628" SrcFileId="4" StartOffset="577"/>
</Header>
<LocList>
<Loc EndOffset="673" SrcFileId="4" StartOffset="577"/>
</LocList>
</HierarchyLvl>
<HierarchyLvl HierarchyLvlId="147" HierarchyLvlTypeId="22" Intrnl_Id="691" Name="Pre_Filled_Form">
<Header>
<Loc EndOffset="1055" SrcFileId="4" StartOffset="678"/>
</Header>
<LocList>
<Loc EndOffset="1111" SrcFileId="4" StartOffset="678"/>
</LocList>
</HierarchyLvl>
<HierarchyLvl HierarchyLvlId="148" HierarchyLvlTypeId="22" Intrnl_Id="692" Name="Course_Select_Form">
<Header>
<Loc EndOffset="1167" SrcFileId="4" StartOffset="1120"/>
</Header>
<LocList>
<Loc EndOffset="1197" SrcFileId="4" StartOffset="1120"/>
</LocList>
</HierarchyLvl>
<HierarchyLvl HierarchyLvlId="149" HierarchyLvlTypeId="22" Intrnl_Id="693" Name="Initiate_Login_Form">
<Header>
<Loc EndOffset="1251" SrcFileId="4" StartOffset="1203"/>
</Header>
<LocList>
<Loc EndOffset="1286" SrcFileId="4" StartOffset="1203"/>
</LocList>
</HierarchyLvl>
<HierarchyLvl HierarchyLvlId="150" HierarchyLvlTypeId="22" Intrnl_Id="694" Name="Initiate_MainMenu">
<Header>
<Loc EndOffset="1337" SrcFileId="4" StartOffset="1291"/>
</Header>
<LocList>
<Loc EndOffset="1370" SrcFileId="4" StartOffset="1291"/>
</LocList>
</HierarchyLvl>
</HierarchyLvl>
<HierarchyLvl HierarchyLvlId="180" HierarchyLvlTypeId="23" Intrnl_Id="695" Name="DataStoreFacadeStub">
<Header>
<Loc EndOffset="191" SrcFileId="5" StartOffset="135"/>
</Header>
<LocList>
<Loc EndOffset="7129" SrcFileId="5" StartOffset="135"/>
</LocList>
<StmntSeq Intrnl_Id="696">
<LocList>
<Loc EndOffset="291" SrcFileId="5" StartOffset="258"/>
<Loc EndOffset="392" SrcFileId="5" StartOffset="331"/>
<Loc EndOffset="467" SrcFileId="5" StartOffset="395"/>
<Loc EndOffset="550" SrcFileId="5" StartOffset="473"/>
<Loc EndOffset="635" SrcFileId="5" StartOffset="556"/>
<Loc EndOffset="721" SrcFileId="5" StartOffset="641"/>
<Loc EndOffset="805" SrcFileId="5" StartOffset="727"/>
<Loc EndOffset="888" SrcFileId="5" StartOffset="811"/>
<Loc EndOffset="969" SrcFileId="5" StartOffset="894"/>
<Loc EndOffset="1052" SrcFileId="5" StartOffset="975"/>
<Loc EndOffset="1133" SrcFileId="5" StartOffset="1058"/>
<Loc EndOffset="1216" SrcFileId="5" StartOffset="1139"/>
<Loc EndOffset="1297" SrcFileId="5" StartOffset="1222"/>
<Loc EndOffset="1380" SrcFileId="5" StartOffset="1303"/>
<Loc EndOffset="1461" SrcFileId="5" StartOffset="1386"/>
<Loc EndOffset="1544" SrcFileId="5" StartOffset="1467"/>
<Loc EndOffset="1625" SrcFileId="5" StartOffset="1550"/>
<Loc EndOffset="1708" SrcFileId="5" StartOffset="1631"/>
<Loc EndOffset="1789" SrcFileId="5" StartOffset="1714"/>
</LocList>
<BasicStmnt CovItemId="S1" CovItemPrefix="my.PSM.unitTestPSM.DataStoreFacadeStub.java" Intrnl_Id="697">
<LocList>
<Loc EndOffset="291" SrcFileId="5" StartOffset="258"/>
</LocList>
</BasicStmnt>
<BasicStmnt CovItemId="S2" CovItemPrefix="my.PSM.unitTestPSM.DataStoreFacadeStub.java" Intrnl_Id="698">
<LocList>
<Loc EndOffset="392" SrcFileId="5" StartOffset="331"/>
</LocList>
</BasicStmnt>
<BasicStmnt CovItemId="S3" CovItemPrefix="my.PSM.unitTestPSM.DataStoreFacadeStub.java" Intrnl_Id="699">
<LocList>
<Loc EndOffset="467" SrcFileId="5" StartOffset="395"/>
</LocList>
</BasicStmnt>
<BasicStmnt CovItemId="S4" CovItemPrefix="my.PSM.unitTestPSM.DataStoreFacadeStub.java" Intrnl_Id="700">
<LocList>
<Loc EndOffset="550" SrcFileId="5" StartOffset="473"/>
</LocList>
</BasicStmnt>
<BasicStmnt CovItemId="S5" CovItemPrefix="my.PSM.unitTestPSM.DataStoreFacadeStub.java" Intrnl_Id="701">
<LocList>
<Loc EndOffset="635" SrcFileId="5" StartOffset="556"/>
</LocList>
</BasicStmnt>
<BasicStmnt CovItemId="S6" CovItemPrefix="my.PSM.unitTestPSM.DataStoreFacadeStub.java" Intrnl_Id="702">
<LocList>
<Loc EndOffset="721" SrcFileId="5" StartOffset="641"/>
</LocList>
</BasicStmnt>
<BasicStmnt CovItemId="S7" CovItemPrefix="my.PSM.unitTestPSM.DataStoreFacadeStub.java" Intrnl_Id="703">
<LocList>
<Loc EndOffset="805" SrcFileId="5" StartOffset="727"/>
</LocList>
</BasicStmnt>
<BasicStmnt CovItemId="S8" CovItemPrefix="my.PSM.unitTestPSM.DataStoreFacadeStub.java" Intrnl_Id="704">
<LocList>
<Loc EndOffset="888" SrcFileId="5" StartOffset="811"/>
</LocList>
</BasicStmnt>
<BasicStmnt CovItemId="S9" CovItemPrefix="my.PSM.unitTestPSM.DataStoreFacadeStub.java" Intrnl_Id="705">
<LocList>
<Loc EndOffset="969" SrcFileId="5" StartOffset="894"/>
</LocList>
</BasicStmnt>
<BasicStmnt CovItemId="S10" CovItemPrefix="my.PSM.unitTestPSM.DataStoreFacadeStub.java" Intrnl_Id="706">
<LocList>
<Loc EndOffset="1052" SrcFileId="5" StartOffset="975"/>
</LocList>
</BasicStmnt>
<BasicStmnt CovItemId="S11" CovItemPrefix="my.PSM.unitTestPSM.DataStoreFacadeStub.java" Intrnl_Id="707">
<LocList>
<Loc EndOffset="1133" SrcFileId="5" StartOffset="1058"/>
</LocList>
</BasicStmnt>
<BasicStmnt CovItemId="S12" CovItemPrefix="my.PSM.unitTestPSM.DataStoreFacadeStub.java" Intrnl_Id="708">
<LocList>
<Loc EndOffset="1216" SrcFileId="5" StartOffset="1139"/>
</LocList>
</BasicStmnt>
<BasicStmnt CovItemId="S13" CovItemPrefix="my.PSM.unitTestPSM.DataStoreFacadeStub.java" Intrnl_Id="709">
<LocList>
<Loc EndOffset="1297" SrcFileId="5" StartOffset="1222"/>
</LocList>
</BasicStmnt>
<BasicStmnt CovItemId="S14" CovItemPrefix="my.PSM.unitTestPSM.DataStoreFacadeStub.java" Intrnl_Id="710">
<LocList>
<Loc EndOffset="1380" SrcFileId="5" StartOffset="1303"/>
</LocList>
</BasicStmnt>
<BasicStmnt CovItemId="S15" CovItemPrefix="my.PSM.unitTestPSM.DataStoreFacadeStub.java" Intrnl_Id="711">
<LocList>
<Loc EndOffset="1461" SrcFileId="5" StartOffset="1386"/>
</LocList>
</BasicStmnt>
<BasicStmnt CovItemId="S16" CovItemPrefix="my.PSM.unitTestPSM.DataStoreFacadeStub.java" Intrnl_Id="712">
<LocList>
<Loc EndOffset="1544" SrcFileId="5" StartOffset="1467"/>
</LocList>
</BasicStmnt>
<BasicStmnt CovItemId="S17" CovItemPrefix="my.PSM.unitTestPSM.DataStoreFacadeStub.java" Intrnl_Id="713">
<LocList>
<Loc EndOffset="1625" SrcFileId="5" StartOffset="1550"/>
</LocList>
</BasicStmnt>
<BasicStmnt CovItemId="S18" CovItemPrefix="my.PSM.unitTestPSM.DataStoreFacadeStub.java" Intrnl_Id="714">
<LocList>
<Loc EndOffset="1708" SrcFileId="5" StartOffset="1631"/>
</LocList>
</BasicStmnt>
<BasicStmnt CovItemId="S19" CovItemPrefix="my.PSM.unitTestPSM.DataStoreFacadeStub.java" Intrnl_Id="715">
<LocList>
<Loc EndOffset="1789" SrcFileId="5" StartOffset="1714"/>
</LocList>
</BasicStmnt>
</StmntSeq>
<HierarchyLvl HierarchyLvlId="152" HierarchyLvlTypeId="22" Intrnl_Id="716" Name="DataStoreFacadeStub">
<Header>
<Loc EndOffset="1858" SrcFileId="5" StartOffset="1798"/>
</Header>
<LocList>
<Loc EndOffset="1954" SrcFileId="5" StartOffset="1798"/>
</LocList>
<StmntSeq Intrnl_Id="717">
<LocList>
<Loc EndOffset="1872" SrcFileId="5" StartOffset="1864"/>
<Loc EndOffset="1899" SrcFileId="5" StartOffset="1876"/>
<Loc EndOffset="1926" SrcFileId="5" StartOffset="1903"/>
<Loc EndOffset="1950" SrcFileId="5" StartOffset="1930"/>
</LocList>
<BasicStmnt CovItemId="S20" CovItemPrefix="my.PSM.unitTestPSM.DataStoreFacadeStub.java" Intrnl_Id="718">
<LocList>
<Loc EndOffset="1872" SrcFileId="5" StartOffset="1864"/>
</LocList>
</BasicStmnt>
<BasicStmnt CovItemId="S21" CovItemPrefix="my.PSM.unitTestPSM.DataStoreFacadeStub.java" Intrnl_Id="719">
<LocList>
<Loc EndOffset="1899" SrcFileId="5" StartOffset="1876"/>
</LocList>
</BasicStmnt>
<BasicStmnt CovItemId="S22" CovItemPrefix="my.PSM.unitTestPSM.DataStoreFacadeStub.java" Intrnl_Id="720">
<LocList>
<Loc EndOffset="1926" SrcFileId="5" StartOffset="1903"/>
</LocList>
</BasicStmnt>
<BasicStmnt CovItemId="S23" CovItemPrefix="my.PSM.unitTestPSM.DataStoreFacadeStub.java" Intrnl_Id="721">
<LocList>
<Loc EndOffset="1950" SrcFileId="5" StartOffset="1930"/>
</LocList>
</BasicStmnt>
</StmntSeq>
</HierarchyLvl>
<HierarchyLvl HierarchyLvlId="153" HierarchyLvlTypeId="22" Intrnl_Id="722" Name="testHelper">
<Header>
<Loc EndOffset="2292" SrcFileId="5" StartOffset="1959"/>
</Header>
<LocList>
<Loc EndOffset="2984" SrcFileId="5" StartOffset="1959"/>
</LocList>
<StmntSeq Intrnl_Id="723">
<LocList>
<Loc EndOffset="2319" SrcFileId="5" StartOffset="2297"/>
<Loc EndOffset="2356" SrcFileId="5" StartOffset="2323"/>
<Loc EndOffset="2400" SrcFileId="5" StartOffset="2360"/>
<Loc EndOffset="2440" SrcFileId="5" StartOffset="2404"/>
<Loc EndOffset="2484" SrcFileId="5" StartOffset="2444"/>
<Loc EndOffset="2524" SrcFileId="5" StartOffset="2488"/>
<Loc EndOffset="2564" SrcFileId="5" StartOffset="2528"/>
<Loc EndOffset="2600" SrcFileId="5" StartOffset="2568"/>
<Loc EndOffset="2640" SrcFileId="5" StartOffset="2604"/>
<Loc EndOffset="2676" SrcFileId="5" StartOffset="2644"/>
<Loc EndOffset="2716" SrcFileId="5" StartOffset="2680"/>
<Loc EndOffset="2752" SrcFileId="5" StartOffset="2720"/>
<Loc EndOffset="2792" SrcFileId="5" StartOffset="2756"/>
<Loc EndOffset="2828" SrcFileId="5" StartOffset="2796"/>
<Loc EndOffset="2868" SrcFileId="5" StartOffset="2832"/>
<Loc EndOffset="2904" SrcFileId="5" StartOffset="2872"/>
<Loc EndOffset="2944" SrcFileId="5" StartOffset="2908"/>
<Loc EndOffset="2980" SrcFileId="5" StartOffset="2948"/>
</LocList>
<BasicStmnt CovItemId="S24" CovItemPrefix="my.PSM.unitTestPSM.DataStoreFacadeStub.java" Intrnl_Id="724">
<LocList>
<Loc EndOffset="2319" SrcFileId="5" StartOffset="2297"/>
</LocList>
</BasicStmnt>
<BasicStmnt CovItemId="S25" CovItemPrefix="my.PSM.unitTestPSM.DataStoreFacadeStub.java" Intrnl_Id="725">
<LocList>
<Loc EndOffset="2356" SrcFileId="5" StartOffset="2323"/>
</LocList>
</BasicStmnt>
<BasicStmnt CovItemId="S26" CovItemPrefix="my.PSM.unitTestPSM.DataStoreFacadeStub.java" Intrnl_Id="726">
<LocList>
<Loc EndOffset="2400" SrcFileId="5" StartOffset="2360"/>
</LocList>
</BasicStmnt>
<BasicStmnt CovItemId="S27" CovItemPrefix="my.PSM.unitTestPSM.DataStoreFacadeStub.java" Intrnl_Id="727">
<LocList>
<Loc EndOffset="2440" SrcFileId="5" StartOffset="2404"/>
</LocList>
</BasicStmnt>
<BasicStmnt CovItemId="S28" CovItemPrefix="my.PSM.unitTestPSM.DataStoreFacadeStub.java" Intrnl_Id="728">
<LocList>
<Loc EndOffset="2484" SrcFileId="5" StartOffset="2444"/>
</LocList>
</BasicStmnt>
<BasicStmnt CovItemId="S29" CovItemPrefix="my.PSM.unitTestPSM.DataStoreFacadeStub.java" Intrnl_Id="729">
<LocList>
<Loc EndOffset="2524" SrcFileId="5" StartOffset="2488"/>
</LocList>
</BasicStmnt>
<BasicStmnt CovItemId="S30" CovItemPrefix="my.PSM.unitTestPSM.DataStoreFacadeStub.java" Intrnl_Id="730">
<LocList>
<Loc EndOffset="2564" SrcFileId="5" StartOffset="2528"/>
</LocList>
</BasicStmnt>
<BasicStmnt CovItemId="S31" CovItemPrefix="my.PSM.unitTestPSM.DataStoreFacadeStub.java" Intrnl_Id="731">
<LocList>
<Loc EndOffset="2600" SrcFileId="5" StartOffset="2568"/>
</LocList>
</BasicStmnt>
<BasicStmnt CovItemId="S32" CovItemPrefix="my.PSM.unitTestPSM.DataStoreFacadeStub.java" Intrnl_Id="732">
<LocList>
<Loc EndOffset="2640" SrcFileId="5" StartOffset="2604"/>
</LocList>
</BasicStmnt>
<BasicStmnt CovItemId="S33" CovItemPrefix="my.PSM.unitTestPSM.DataStoreFacadeStub.java" Intrnl_Id="733">
<LocList>
<Loc EndOffset="2676" SrcFileId="5" StartOffset="2644"/>
</LocList>
</BasicStmnt>
<BasicStmnt CovItemId="S34" CovItemPrefix="my.PSM.unitTestPSM.DataStoreFacadeStub.java" Intrnl_Id="734">
<LocList>
<Loc EndOffset="2716" SrcFileId="5" StartOffset="2680"/>
</LocList>
</BasicStmnt>
<BasicStmnt CovItemId="S35" CovItemPrefix="my.PSM.unitTestPSM.DataStoreFacadeStub.java" Intrnl_Id="735">
<LocList>
<Loc EndOffset="2752" SrcFileId="5" StartOffset="2720"/>
</LocList>
</BasicStmnt>
<BasicStmnt CovItemId="S36" CovItemPrefix="my.PSM.unitTestPSM.DataStoreFacadeStub.java" Intrnl_Id="736">
<LocList>
<Loc EndOffset="2792" SrcFileId="5" StartOffset="2756"/>
</LocList>
</BasicStmnt>
<BasicStmnt CovItemId="S37" CovItemPrefix="my.PSM.unitTestPSM.DataStoreFacadeStub.java" Intrnl_Id="737">
<LocList>
<Loc EndOffset="2828" SrcFileId="5" StartOffset="2796"/>
</LocList>
</BasicStmnt>
<BasicStmnt CovItemId="S38" CovItemPrefix="my.PSM.unitTestPSM.DataStoreFacadeStub.java" Intrnl_Id="738">
<LocList>
<Loc EndOffset="2868" SrcFileId="5" StartOffset="2832"/>
</LocList>
</BasicStmnt>
<BasicStmnt CovItemId="S39" CovItemPrefix="my.PSM.unitTestPSM.DataStoreFacadeStub.java" Intrnl_Id="739">
<LocList>
<Loc EndOffset="2904" SrcFileId="5" StartOffset="2872"/>
</LocList>
</BasicStmnt>
<BasicStmnt CovItemId="S40" CovItemPrefix="my.PSM.unitTestPSM.DataStoreFacadeStub.java" Intrnl_Id="740">
<LocList>
<Loc EndOffset="2944" SrcFileId="5" StartOffset="2908"/>
</LocList>
</BasicStmnt>
<BasicStmnt CovItemId="S41" CovItemPrefix="my.PSM.unitTestPSM.DataStoreFacadeStub.java" Intrnl_Id="741">
<LocList>
<Loc EndOffset="2980" SrcFileId="5" StartOffset="2948"/>
</LocList>
</BasicStmnt>
</StmntSeq>
</HierarchyLvl>
<HierarchyLvl HierarchyLvlId="154" HierarchyLvlTypeId="22" Intrnl_Id="742" Name="setString">
<Header>
<Loc EndOffset="3018" SrcFileId="5" StartOffset="2987"/>
</Header>
<LocList>
<Loc EndOffset="3044" SrcFileId="5" StartOffset="2987"/>
</LocList>
<StmntSeq Intrnl_Id="743">
<LocList>
<Loc EndOffset="3040" SrcFileId="5" StartOffset="3023"/>
</LocList>
<BasicStmnt CovItemId="S42" CovItemPrefix="my.PSM.unitTestPSM.DataStoreFacadeStub.java" Intrnl_Id="744">
<LocList>
<Loc EndOffset="3040" SrcFileId="5" StartOffset="3023"/>
</LocList>
</BasicStmnt>
</StmntSeq>
</HierarchyLvl>
<HierarchyLvl HierarchyLvlId="155" HierarchyLvlTypeId="22" Intrnl_Id="745" Name="fetchCourses">
<Header>
<Loc EndOffset="3075" SrcFileId="5" StartOffset="3047"/>
</Header>
<LocList>
<Loc EndOffset="3139" SrcFileId="5" StartOffset="3047"/>
</LocList>
<StmntSeq Intrnl_Id="746">
<LocList>
<Loc EndOffset="3135" SrcFileId="5" StartOffset="3115"/>
</LocList>
<BasicStmnt CovItemId="S43" CovItemPrefix="my.PSM.unitTestPSM.DataStoreFacadeStub.java" Intrnl_Id="747">
<LocList>
<Loc EndOffset="3135" SrcFileId="5" StartOffset="3115"/>
</LocList>
</BasicStmnt>
</StmntSeq>
</HierarchyLvl>
<HierarchyLvl HierarchyLvlId="156" HierarchyLvlTypeId="22" Intrnl_Id="748" Name="connect">
<Header>
<Loc EndOffset="3196" SrcFileId="5" StartOffset="3142"/>
</Header>
<LocList>
<Loc EndOffset="3358" SrcFileId="5" StartOffset="3142"/>
</LocList>
<StmntSeq Intrnl_Id="749">
<LocList>
<Loc EndOffset="3354" SrcFileId="5" StartOffset="3202"/>
</LocList>
<CondStmnt CovItemId="S44" CovItemPrefix="my.PSM.unitTestPSM.DataStoreFacadeStub.java" Intrnl_Id="750">
<Branch CovItemId="B1" CovItemPrefix="my.PSM.unitTestPSM.DataStoreFacadeStub.java" Implct="false" Intrnl_Id="751">
<Cond/>
<LocList>
<Loc EndOffset="3300" SrcFileId="5" StartOffset="3256"/>
</LocList>
<StmntSeq Intrnl_Id="752">
<LocList>
<Loc EndOffset="3281" SrcFileId="5" StartOffset="3262"/>
<Loc EndOffset="3295" SrcFileId="5" StartOffset="3286"/>
</LocList>
<BasicStmnt CovItemId="S45" CovItemPrefix="my.PSM.unitTestPSM.DataStoreFacadeStub.java" Intrnl_Id="753">
<LocList>
<Loc EndOffset="3281" SrcFileId="5" StartOffset="3262"/>
</LocList>
</BasicStmnt>
<BasicStmnt CovItemId="S46" CovItemPrefix="my.PSM.unitTestPSM.DataStoreFacadeStub.java" Intrnl_Id="754">
<LocList>
<Loc EndOffset="3295" SrcFileId="5" StartOffset="3286"/>
</LocList>
</BasicStmnt>
</StmntSeq>
</Branch>
<Branch CovItemId="B2" CovItemPrefix="my.PSM.unitTestPSM.DataStoreFacadeStub.java" Implct="false" Intrnl_Id="755">
<Cond>
<Loc EndOffset="3308" SrcFileId="5" StartOffset="3304"/>
</Cond>
<LocList>
<Loc EndOffset="3354" SrcFileId="5" StartOffset="3308"/>
</LocList>
<StmntSeq Intrnl_Id="756">
<LocList>
<Loc EndOffset="3334" SrcFileId="5" StartOffset="3314"/>
<Loc EndOffset="3349" SrcFileId="5" StartOffset="3339"/>
</LocList>
<BasicStmnt CovItemId="S47" CovItemPrefix="my.PSM.unitTestPSM.DataStoreFacadeStub.java" Intrnl_Id="757">
<LocList>
<Loc EndOffset="3334" SrcFileId="5" StartOffset="3314"/>
</LocList>
</BasicStmnt>
<BasicStmnt CovItemId="S48" CovItemPrefix="my.PSM.unitTestPSM.DataStoreFacadeStub.java" Intrnl_Id="758">
<LocList>
<Loc EndOffset="3349" SrcFileId="5" StartOffset="3339"/>
</LocList>
</BasicStmnt>
</StmntSeq>
</Branch>
<Keyword EndOffset="3204" SrcFileId="5" StartOffset="3202"/>
<LocList>
<Loc EndOffset="3354" SrcFileId="5" StartOffset="3202"/>
</LocList>
<RootTerm CovItemId="C1" CovItemPrefix="my.PSM.unitTestPSM.DataStoreFacadeStub.java" Intrnl_Id="759">
<OpTerm BooleanOpId="18" Intrnl_Id="760">
<BasicBoolTerm Intrnl_Id="761">
<LocList>
<Loc EndOffset="3229" SrcFileId="5" StartOffset="3205"/>
</LocList>
</BasicBoolTerm>
<BasicBoolTerm Intrnl_Id="762">
<LocList>
<Loc EndOffset="3255" SrcFileId="5" StartOffset="3233"/>
</LocList>
</BasicBoolTerm>
<LocList>
<Loc EndOffset="3232" SrcFileId="5" StartOffset="3230"/>
</LocList>
</OpTerm>
</RootTerm>
</CondStmnt>
</StmntSeq>
</HierarchyLvl>
<HierarchyLvl HierarchyLvlId="157" HierarchyLvlTypeId="22" Intrnl_Id="763" Name="disconnect">
<Header>
<Loc EndOffset="3398" SrcFileId="5" StartOffset="3363"/>
</Header>
<LocList>
<Loc EndOffset="3441" SrcFileId="5" StartOffset="3363"/>
</LocList>
<StmntSeq Intrnl_Id="764">
<LocList>
<Loc EndOffset="3424" SrcFileId="5" StartOffset="3404"/>
<Loc EndOffset="3437" SrcFileId="5" StartOffset="3428"/>
</LocList>
<BasicStmnt CovItemId="S49" CovItemPrefix="my.PSM.unitTestPSM.DataStoreFacadeStub.java" Intrnl_Id="765">
<LocList>
<Loc EndOffset="3424" SrcFileId="5" StartOffset="3404"/>
</LocList>
</BasicStmnt>
<BasicStmnt CovItemId="S50" CovItemPrefix="my.PSM.unitTestPSM.DataStoreFacadeStub.java" Intrnl_Id="766">
<LocList>
<Loc EndOffset="3437" SrcFileId="5" StartOffset="3428"/>
</LocList>
</BasicStmnt>
</StmntSeq>
</HierarchyLvl>
<HierarchyLvl HierarchyLvlId="158" HierarchyLvlTypeId="22" Intrnl_Id="767" Name="getEndDates">
<Header>
<Loc EndOffset="3496" SrcFileId="5" StartOffset="3446"/>
</Header>
<LocList>
<Loc EndOffset="3622" SrcFileId="5" StartOffset="3446"/>
</LocList>
<StmntSeq Intrnl_Id="768">
<LocList>
<Loc EndOffset="3555" SrcFileId="5" StartOffset="3502"/>
<Loc EndOffset="3598" SrcFileId="5" StartOffset="3559"/>
<Loc EndOffset="3618" SrcFileId="5" StartOffset="3602"/>
</LocList>
<BasicStmnt CovItemId="S51" CovItemPrefix="my.PSM.unitTestPSM.DataStoreFacadeStub.java" Intrnl_Id="769">
<LocList>
<Loc EndOffset="3555" SrcFileId="5" StartOffset="3502"/>
</LocList>
</BasicStmnt>
<BasicStmnt CovItemId="S52" CovItemPrefix="my.PSM.unitTestPSM.DataStoreFacadeStub.java" Intrnl_Id="770">
<LocList>
<Loc EndOffset="3598" SrcFileId="5" StartOffset="3559"/>
</LocList>
</BasicStmnt>
<BasicStmnt CovItemId="S53" CovItemPrefix="my.PSM.unitTestPSM.DataStoreFacadeStub.java" Intrnl_Id="771">
<LocList>
<Loc EndOffset="3618" SrcFileId="5" StartOffset="3602"/>
</LocList>
</BasicStmnt>
</StmntSeq>
</HierarchyLvl>
<HierarchyLvl HierarchyLvlId="159" HierarchyLvlTypeId="22" Intrnl_Id="772" Name="getCourses">
<Header>
<Loc EndOffset="3677" SrcFileId="5" StartOffset="3627"/>
</Header>
<LocList>
<Loc EndOffset="3702" SrcFileId="5" StartOffset="3627"/>
</LocList>
<StmntSeq Intrnl_Id="773">
<LocList>
<Loc EndOffset="3698" SrcFileId="5" StartOffset="3683"/>
</LocList>
<BasicStmnt CovItemId="S54" CovItemPrefix="my.PSM.unitTestPSM.DataStoreFacadeStub.java" Intrnl_Id="774">
<LocList>
<Loc EndOffset="3698" SrcFileId="5" StartOffset="3683"/>
</LocList>
</BasicStmnt>
</StmntSeq>
</HierarchyLvl>
<HierarchyLvl HierarchyLvlId="160" HierarchyLvlTypeId="22" Intrnl_Id="775" Name="fetchCourseSubj">
<Header>
<Loc EndOffset="3762" SrcFileId="5" StartOffset="3707"/>
</Header>
<LocList>
<Loc EndOffset="3800" SrcFileId="5" StartOffset="3707"/>
</LocList>
<StmntSeq Intrnl_Id="776">
<LocList>
<Loc EndOffset="3796" SrcFileId="5" StartOffset="3768"/>
</LocList>
<BasicStmnt CovItemId="S55" CovItemPrefix="my.PSM.unitTestPSM.DataStoreFacadeStub.java" Intrnl_Id="777">
<LocList>
<Loc EndOffset="3796" SrcFileId="5" StartOffset="3768"/>
</LocList>
</BasicStmnt>
</StmntSeq>
</HierarchyLvl>
<HierarchyLvl HierarchyLvlId="161" HierarchyLvlTypeId="22" Intrnl_Id="778" Name="fetchCourseName">
<Header>
<Loc EndOffset="3860" SrcFileId="5" StartOffset="3805"/>
</Header>
<LocList>
<Loc EndOffset="3905" SrcFileId="5" StartOffset="3805"/>
</LocList>
<StmntSeq Intrnl_Id="779">
<LocList>
<Loc EndOffset="3901" SrcFileId="5" StartOffset="3866"/>
</LocList>
<BasicStmnt CovItemId="S56" CovItemPrefix="my.PSM.unitTestPSM.DataStoreFacadeStub.java" Intrnl_Id="780">
<LocList>
<Loc EndOffset="3901" SrcFileId="5" StartOffset="3866"/>
</LocList>
</BasicStmnt>
</StmntSeq>
</HierarchyLvl>
<HierarchyLvl HierarchyLvlId="162" HierarchyLvlTypeId="22" Intrnl_Id="781" Name="fetchCourseSemester">
<Header>
<Loc EndOffset="3969" SrcFileId="5" StartOffset="3910"/>
</Header>
<LocList>
<Loc EndOffset="4012" SrcFileId="5" StartOffset="3910"/>
</LocList>
<StmntSeq Intrnl_Id="782">
<LocList>
<Loc EndOffset="4008" SrcFileId="5" StartOffset="3975"/>
</LocList>
<BasicStmnt CovItemId="S57" CovItemPrefix="my.PSM.unitTestPSM.DataStoreFacadeStub.java" Intrnl_Id="783">
<LocList>
<Loc EndOffset="4008" SrcFileId="5" StartOffset="3975"/>
</LocList>
</BasicStmnt>
</StmntSeq>
</HierarchyLvl>
<HierarchyLvl HierarchyLvlId="163" HierarchyLvlTypeId="22" Intrnl_Id="784" Name="fetchCourseStart">
<Header>
<Loc EndOffset="4073" SrcFileId="5" StartOffset="4017"/>
</Header>
<LocList>
<Loc EndOffset="4119" SrcFileId="5" StartOffset="4017"/>
</LocList>
<StmntSeq Intrnl_Id="785">
<LocList>
<Loc EndOffset="4115" SrcFileId="5" StartOffset="4079"/>
</LocList>
<BasicStmnt CovItemId="S58" CovItemPrefix="my.PSM.unitTestPSM.DataStoreFacadeStub.java" Intrnl_Id="786">
<LocList>
<Loc EndOffset="4115" SrcFileId="5" StartOffset="4079"/>
</LocList>
</BasicStmnt>
</StmntSeq>
</HierarchyLvl>
<HierarchyLvl HierarchyLvlId="164" HierarchyLvlTypeId="22" Intrnl_Id="787" Name="fetchCourseEnd">
<Header>
<Loc EndOffset="4178" SrcFileId="5" StartOffset="4124"/>
</Header>
<LocList>
<Loc EndOffset="4222" SrcFileId="5" StartOffset="4124"/>
</LocList>
<StmntSeq Intrnl_Id="788">
<LocList>
<Loc EndOffset="4218" SrcFileId="5" StartOffset="4184"/>
</LocList>
<BasicStmnt CovItemId="S59" CovItemPrefix="my.PSM.unitTestPSM.DataStoreFacadeStub.java" Intrnl_Id="789">
<LocList>
<Loc EndOffset="4218" SrcFileId="5" StartOffset="4184"/>
</LocList>
</BasicStmnt>
</StmntSeq>
</HierarchyLvl>
<HierarchyLvl HierarchyLvlId="165" HierarchyLvlTypeId="22" Intrnl_Id="790" Name="fetchStartMon">
<Header>
<Loc EndOffset="4280" SrcFileId="5" StartOffset="4227"/>
</Header>
<LocList>
<Loc EndOffset="4323" SrcFileId="5" StartOffset="4227"/>
</LocList>
<StmntSeq Intrnl_Id="791">
<LocList>
<Loc EndOffset="4319" SrcFileId="5" StartOffset="4286"/>
</LocList>
<BasicStmnt CovItemId="S60" CovItemPrefix="my.PSM.unitTestPSM.DataStoreFacadeStub.java" Intrnl_Id="792">
<LocList>
<Loc EndOffset="4319" SrcFileId="5" StartOffset="4286"/>
</LocList>
</BasicStmnt>
</StmntSeq>
</HierarchyLvl>
<HierarchyLvl HierarchyLvlId="166" HierarchyLvlTypeId="22" Intrnl_Id="793" Name="fetchEndMon">
<Header>
<Loc EndOffset="4379" SrcFileId="5" StartOffset="4328"/>
</Header>
<LocList>
<Loc EndOffset="4420" SrcFileId="5" StartOffset="4328"/>
</LocList>
<StmntSeq Intrnl_Id="794">
<LocList>
<Loc EndOffset="4416" SrcFileId="5" StartOffset="4385"/>
</LocList>
<BasicStmnt CovItemId="S61" CovItemPrefix="my.PSM.unitTestPSM.DataStoreFacadeStub.java" Intrnl_Id="795">
<LocList>
<Loc EndOffset="4416" SrcFileId="5" StartOffset="4385"/>
</LocList>
</BasicStmnt>
</StmntSeq>
</HierarchyLvl>
<HierarchyLvl HierarchyLvlId="167" HierarchyLvlTypeId="22" Intrnl_Id="796" Name="fetchStartTue">
<Header>
<Loc EndOffset="4478" SrcFileId="5" StartOffset="4425"/>
</Header>
<LocList>
<Loc EndOffset="4521" SrcFileId="5" StartOffset="4425"/>
</LocList>
<StmntSeq Intrnl_Id="797">
<LocList>
<Loc EndOffset="4517" SrcFileId="5" StartOffset="4484"/>
</LocList>
<BasicStmnt CovItemId="S62" CovItemPrefix="my.PSM.unitTestPSM.DataStoreFacadeStub.java" Intrnl_Id="798">
<LocList>
<Loc EndOffset="4517" SrcFileId="5" StartOffset="4484"/>
</LocList>
</BasicStmnt>
</StmntSeq>
</HierarchyLvl>
<HierarchyLvl HierarchyLvlId="168" HierarchyLvlTypeId="22" Intrnl_Id="799" Name="fetchEndTue">
<Header>
<Loc EndOffset="4577" SrcFileId="5" StartOffset="4526"/>
</Header>
<LocList>
<Loc EndOffset="4618" SrcFileId="5" StartOffset="4526"/>
</LocList>
<StmntSeq Intrnl_Id="800">
<LocList>
<Loc EndOffset="4614" SrcFileId="5" StartOffset="4583"/>
</LocList>
<BasicStmnt CovItemId="S63" CovItemPrefix="my.PSM.unitTestPSM.DataStoreFacadeStub.java" Intrnl_Id="801">
<LocList>
<Loc EndOffset="4614" SrcFileId="5" StartOffset="4583"/>
</LocList>
</BasicStmnt>
</StmntSeq>
</HierarchyLvl>
<HierarchyLvl HierarchyLvlId="169" HierarchyLvlTypeId="22" Intrnl_Id="802" Name="fetchStartWed">
<Header>
<Loc EndOffset="4676" SrcFileId="5" StartOffset="4623"/>
</Header>
<LocList>
<Loc EndOffset="4719" SrcFileId="5" StartOffset="4623"/>
</LocList>
<StmntSeq Intrnl_Id="803">
<LocList>
<Loc EndOffset="4715" SrcFileId="5" StartOffset="4682"/>
</LocList>
<BasicStmnt CovItemId="S64" CovItemPrefix="my.PSM.unitTestPSM.DataStoreFacadeStub.java" Intrnl_Id="804">
<LocList>
<Loc EndOffset="4715" SrcFileId="5" StartOffset="4682"/>
</LocList>
</BasicStmnt>
</StmntSeq>
</HierarchyLvl>
<HierarchyLvl HierarchyLvlId="170" HierarchyLvlTypeId="22" Intrnl_Id="805" Name="fetchEndWed">
<Header>
<Loc EndOffset="4775" SrcFileId="5" StartOffset="4724"/>
</Header>
<LocList>
<Loc EndOffset="4816" SrcFileId="5" StartOffset="4724"/>
</LocList>
<StmntSeq Intrnl_Id="806">
<LocList>
<Loc EndOffset="4812" SrcFileId="5" StartOffset="4781"/>
</LocList>
<BasicStmnt CovItemId="S65" CovItemPrefix="my.PSM.unitTestPSM.DataStoreFacadeStub.java" Intrnl_Id="807">
<LocList>
<Loc EndOffset="4812" SrcFileId="5" StartOffset="4781"/>
</LocList>
</BasicStmnt>
</StmntSeq>
</HierarchyLvl>
<HierarchyLvl HierarchyLvlId="171" HierarchyLvlTypeId="22" Intrnl_Id="808" Name="fetchStartThu">
<Header>
<Loc EndOffset="4874" SrcFileId="5" StartOffset="4821"/>
</Header>
<LocList>
<Loc EndOffset="4917" SrcFileId="5" StartOffset="4821"/>
</LocList>
<StmntSeq Intrnl_Id="809">
<LocList>
<Loc EndOffset="4913" SrcFileId="5" StartOffset="4880"/>
</LocList>
<BasicStmnt CovItemId="S66" CovItemPrefix="my.PSM.unitTestPSM.DataStoreFacadeStub.java" Intrnl_Id="810">
<LocList>
<Loc EndOffset="4913" SrcFileId="5" StartOffset="4880"/>
</LocList>
</BasicStmnt>
</StmntSeq>
</HierarchyLvl>
<HierarchyLvl HierarchyLvlId="172" HierarchyLvlTypeId="22" Intrnl_Id="811" Name="fetchEndThu">
<Header>
<Loc EndOffset="4973" SrcFileId="5" StartOffset="4922"/>
</Header>
<LocList>
<Loc EndOffset="5014" SrcFileId="5" StartOffset="4922"/>
</LocList>
<StmntSeq Intrnl_Id="812">
<LocList>
<Loc EndOffset="5010" SrcFileId="5" StartOffset="4979"/>
</LocList>
<BasicStmnt CovItemId="S67" CovItemPrefix="my.PSM.unitTestPSM.DataStoreFacadeStub.java" Intrnl_Id="813">
<LocList>
<Loc EndOffset="5010" SrcFileId="5" StartOffset="4979"/>
</LocList>
</BasicStmnt>
</StmntSeq>
</HierarchyLvl>
<HierarchyLvl HierarchyLvlId="173" HierarchyLvlTypeId="22" Intrnl_Id="814" Name="fetchStartFri">
<Header>
<Loc EndOffset="5072" SrcFileId="5" StartOffset="5019"/>
</Header>
<LocList>
<Loc EndOffset="5115" SrcFileId="5" StartOffset="5019"/>
</LocList>
<StmntSeq Intrnl_Id="815">
<LocList>
<Loc EndOffset="5111" SrcFileId="5" StartOffset="5078"/>
</LocList>
<BasicStmnt CovItemId="S68" CovItemPrefix="my.PSM.unitTestPSM.DataStoreFacadeStub.java" Intrnl_Id="816">
<LocList>
<Loc EndOffset="5111" SrcFileId="5" StartOffset="5078"/>
</LocList>
</BasicStmnt>
</StmntSeq>
</HierarchyLvl>
<HierarchyLvl HierarchyLvlId="174" HierarchyLvlTypeId="22" Intrnl_Id="817" Name="fetchEndFri">
<Header>
<Loc EndOffset="5171" SrcFileId="5" StartOffset="5120"/>
</Header>
<LocList>
<Loc EndOffset="5212" SrcFileId="5" StartOffset="5120"/>
</LocList>
<StmntSeq Intrnl_Id="818">
<LocList>
<Loc EndOffset="5208" SrcFileId="5" StartOffset="5177"/>
</LocList>
<BasicStmnt CovItemId="S69" CovItemPrefix="my.PSM.unitTestPSM.DataStoreFacadeStub.java" Intrnl_Id="819">
<LocList>
<Loc EndOffset="5208" SrcFileId="5" StartOffset="5177"/>
</LocList>
</BasicStmnt>
</StmntSeq>
</HierarchyLvl>
<HierarchyLvl HierarchyLvlId="175" HierarchyLvlTypeId="22" Intrnl_Id="820" Name="fetchStartSat">
<Header>
<Loc EndOffset="5270" SrcFileId="5" StartOffset="5217"/>
</Header>
<LocList>
<Loc EndOffset="5313" SrcFileId="5" StartOffset="5217"/>
</LocList>
<StmntSeq Intrnl_Id="821">
<LocList>
<Loc EndOffset="5309" SrcFileId="5" StartOffset="5276"/>
</LocList>
<BasicStmnt CovItemId="S70" CovItemPrefix="my.PSM.unitTestPSM.DataStoreFacadeStub.java" Intrnl_Id="822">
<LocList>
<Loc EndOffset="5309" SrcFileId="5" StartOffset="5276"/>
</LocList>
</BasicStmnt>
</StmntSeq>
</HierarchyLvl>
<HierarchyLvl HierarchyLvlId="176" HierarchyLvlTypeId="22" Intrnl_Id="823" Name="fetchEndSat">
<Header>
<Loc EndOffset="5369" SrcFileId="5" StartOffset="5318"/>
</Header>
<LocList>
<Loc EndOffset="5410" SrcFileId="5" StartOffset="5318"/>
</LocList>
<StmntSeq Intrnl_Id="824">
<LocList>
<Loc EndOffset="5406" SrcFileId="5" StartOffset="5375"/>
</LocList>
<BasicStmnt CovItemId="S71" CovItemPrefix="my.PSM.unitTestPSM.DataStoreFacadeStub.java" Intrnl_Id="825">
<LocList>
<Loc EndOffset="5406" SrcFileId="5" StartOffset="5375"/>
</LocList>
</BasicStmnt>
</StmntSeq>
</HierarchyLvl>
<HierarchyLvl HierarchyLvlId="177" HierarchyLvlTypeId="22" Intrnl_Id="826" Name="storeClassInfo">
<Header>
<Loc EndOffset="5525" SrcFileId="5" StartOffset="5415"/>
</Header>
<LocList>
<Loc EndOffset="5691" SrcFileId="5" StartOffset="5415"/>
</LocList>
<StmntSeq Intrnl_Id="827">
<LocList>
<Loc EndOffset="5553" SrcFileId="5" StartOffset="5531"/>
<Loc EndOffset="5590" SrcFileId="5" StartOffset="5557"/>
<Loc EndOffset="5634" SrcFileId="5" StartOffset="5594"/>
<Loc EndOffset="5674" SrcFileId="5" StartOffset="5638"/>
<Loc EndOffset="5687" SrcFileId="5" StartOffset="5678"/>
</LocList>
<BasicStmnt CovItemId="S72" CovItemPrefix="my.PSM.unitTestPSM.DataStoreFacadeStub.java" Intrnl_Id="828">
<LocList>
<Loc EndOffset="5553" SrcFileId="5" StartOffset="5531"/>
</LocList>
</BasicStmnt>
<BasicStmnt CovItemId="S73" CovItemPrefix="my.PSM.unitTestPSM.DataStoreFacadeStub.java" Intrnl_Id="829">
<LocList>
<Loc EndOffset="5590" SrcFileId="5" StartOffset="5557"/>
</LocList>
</BasicStmnt>
<BasicStmnt CovItemId="S74" CovItemPrefix="my.PSM.unitTestPSM.DataStoreFacadeStub.java" Intrnl_Id="830">
<LocList>
<Loc EndOffset="5634" SrcFileId="5" StartOffset="5594"/>
</LocList>
</BasicStmnt>
<BasicStmnt CovItemId="S75" CovItemPrefix="my.PSM.unitTestPSM.DataStoreFacadeStub.java" Intrnl_Id="831">
<LocList>
<Loc EndOffset="5674" SrcFileId="5" StartOffset="5638"/>
</LocList>
</BasicStmnt>
<BasicStmnt CovItemId="S76" CovItemPrefix="my.PSM.unitTestPSM.DataStoreFacadeStub.java" Intrnl_Id="832">
<LocList>
<Loc EndOffset="5687" SrcFileId="5" StartOffset="5678"/>
</LocList>
</BasicStmnt>
</StmntSeq>
</HierarchyLvl>
<HierarchyLvl HierarchyLvlId="178" HierarchyLvlTypeId="22" Intrnl_Id="833" Name="storeClassSched">
<Header>
<Loc EndOffset="5986" SrcFileId="5" StartOffset="5696"/>
</Header>
<LocList>
<Loc EndOffset="6614" SrcFileId="5" StartOffset="5696"/>
</LocList>
<StmntSeq Intrnl_Id="834">
<LocList>
<Loc EndOffset="6596" SrcFileId="5" StartOffset="5992"/>
<Loc EndOffset="6610" SrcFileId="5" StartOffset="6600"/>
</LocList>
<CondStmnt CovItemId="S77" CovItemPrefix="my.PSM.unitTestPSM.DataStoreFacadeStub.java" Intrnl_Id="835">
<Branch CovItemId="B3" CovItemPrefix="my.PSM.unitTestPSM.DataStoreFacadeStub.java" Implct="false" Intrnl_Id="836">
<Cond/>
<LocList>
<Loc EndOffset="6596" SrcFileId="5" StartOffset="6022"/>
</LocList>
<StmntSeq Intrnl_Id="837">
<LocList>
<Loc EndOffset="6068" SrcFileId="5" StartOffset="6028"/>
<Loc EndOffset="6109" SrcFileId="5" StartOffset="6073"/>
<Loc EndOffset="6150" SrcFileId="5" StartOffset="6114"/>
<Loc EndOffset="6187" SrcFileId="5" StartOffset="6155"/>
<Loc EndOffset="6228" SrcFileId="5" StartOffset="6192"/>
<Loc EndOffset="6265" SrcFileId="5" StartOffset="6233"/>
<Loc EndOffset="6306" SrcFileId="5" StartOffset="6270"/>
<Loc EndOffset="6343" SrcFileId="5" StartOffset="6311"/>
<Loc EndOffset="6384" SrcFileId="5" StartOffset="6348"/>
<Loc EndOffset="6421" SrcFileId="5" StartOffset="6389"/>
<Loc EndOffset="6462" SrcFileId="5" StartOffset="6426"/>
<Loc EndOffset="6499" SrcFileId="5" StartOffset="6467"/>
<Loc EndOffset="6540" SrcFileId="5" StartOffset="6504"/>
<Loc EndOffset="6577" SrcFileId="5" StartOffset="6545"/>
<Loc EndOffset="6591" SrcFileId="5" StartOffset="6582"/>
</LocList>
<BasicStmnt CovItemId="S78" CovItemPrefix="my.PSM.unitTestPSM.DataStoreFacadeStub.java" Intrnl_Id="838">
<LocList>
<Loc EndOffset="6068" SrcFileId="5" StartOffset="6028"/>
</LocList>
</BasicStmnt>
<BasicStmnt CovItemId="S79" CovItemPrefix="my.PSM.unitTestPSM.DataStoreFacadeStub.java" Intrnl_Id="839">
<LocList>
<Loc EndOffset="6109" SrcFileId="5" StartOffset="6073"/>
</LocList>
</BasicStmnt>
<BasicStmnt CovItemId="S80" CovItemPrefix="my.PSM.unitTestPSM.DataStoreFacadeStub.java" Intrnl_Id="840">
<LocList>
<Loc EndOffset="6150" SrcFileId="5" StartOffset="6114"/>
</LocList>
</BasicStmnt>
<BasicStmnt CovItemId="S81" CovItemPrefix="my.PSM.unitTestPSM.DataStoreFacadeStub.java" Intrnl_Id="841">
<LocList>
<Loc EndOffset="6187" SrcFileId="5" StartOffset="6155"/>
</LocList>
</BasicStmnt>
<BasicStmnt CovItemId="S82" CovItemPrefix="my.PSM.unitTestPSM.DataStoreFacadeStub.java" Intrnl_Id="842">
<LocList>
<Loc EndOffset="6228" SrcFileId="5" StartOffset="6192"/>
</LocList>
</BasicStmnt>
<BasicStmnt CovItemId="S83" CovItemPrefix="my.PSM.unitTestPSM.DataStoreFacadeStub.java" Intrnl_Id="843">
<LocList>
<Loc EndOffset="6265" SrcFileId="5" StartOffset="6233"/>
</LocList>
</BasicStmnt>
<BasicStmnt CovItemId="S84" CovItemPrefix="my.PSM.unitTestPSM.DataStoreFacadeStub.java" Intrnl_Id="844">
<LocList>
<Loc EndOffset="6306" SrcFileId="5" StartOffset="6270"/>
</LocList>
</BasicStmnt>
<BasicStmnt CovItemId="S85" CovItemPrefix="my.PSM.unitTestPSM.DataStoreFacadeStub.java" Intrnl_Id="845">
<LocList>
<Loc EndOffset="6343" SrcFileId="5" StartOffset="6311"/>
</LocList>
</BasicStmnt>
<BasicStmnt CovItemId="S86" CovItemPrefix="my.PSM.unitTestPSM.DataStoreFacadeStub.java" Intrnl_Id="846">
<LocList>
<Loc EndOffset="6384" SrcFileId="5" StartOffset="6348"/>
</LocList>
</BasicStmnt>
<BasicStmnt CovItemId="S87" CovItemPrefix="my.PSM.unitTestPSM.DataStoreFacadeStub.java" Intrnl_Id="847">
<LocList>
<Loc EndOffset="6421" SrcFileId="5" StartOffset="6389"/>
</LocList>
</BasicStmnt>
<BasicStmnt CovItemId="S88" CovItemPrefix="my.PSM.unitTestPSM.DataStoreFacadeStub.java" Intrnl_Id="848">
<LocList>
<Loc EndOffset="6462" SrcFileId="5" StartOffset="6426"/>
</LocList>
</BasicStmnt>
<BasicStmnt CovItemId="S89" CovItemPrefix="my.PSM.unitTestPSM.DataStoreFacadeStub.java" Intrnl_Id="849">
<LocList>
<Loc EndOffset="6499" SrcFileId="5" StartOffset="6467"/>
</LocList>
</BasicStmnt>
<BasicStmnt CovItemId="S90" CovItemPrefix="my.PSM.unitTestPSM.DataStoreFacadeStub.java" Intrnl_Id="850">
<LocList>
<Loc EndOffset="6540" SrcFileId="5" StartOffset="6504"/>
</LocList>
</BasicStmnt>
<BasicStmnt CovItemId="S91" CovItemPrefix="my.PSM.unitTestPSM.DataStoreFacadeStub.java" Intrnl_Id="851">
<LocList>
<Loc EndOffset="6577" SrcFileId="5" StartOffset="6545"/>
</LocList>
</BasicStmnt>
<BasicStmnt CovItemId="S92" CovItemPrefix="my.PSM.unitTestPSM.DataStoreFacadeStub.java" Intrnl_Id="852">
<LocList>
<Loc EndOffset="6591" SrcFileId="5" StartOffset="6582"/>
</LocList>
</BasicStmnt>
</StmntSeq>
</Branch>
<Branch CovItemId="B4" CovItemPrefix="my.PSM.unitTestPSM.DataStoreFacadeStub.java" Implct="true" Intrnl_Id="853">
<Cond/>
<LocList/>
<StmntSeq Intrnl_Id="854">
<LocList/>
</StmntSeq>
</Branch>
<Keyword EndOffset="5994" SrcFileId="5" StartOffset="5992"/>
<LocList>
<Loc EndOffset="6596" SrcFileId="5" StartOffset="5992"/>
</LocList>
<RootTerm CovItemId="C2" CovItemPrefix="my.PSM.unitTestPSM.DataStoreFacadeStub.java" Intrnl_Id="855">
<BasicBoolTerm Intrnl_Id="856">
<LocList>
<Loc EndOffset="6021" SrcFileId="5" StartOffset="5995"/>
</LocList>
</BasicBoolTerm>
</RootTerm>
</CondStmnt>
<BasicStmnt CovItemId="S93" CovItemPrefix="my.PSM.unitTestPSM.DataStoreFacadeStub.java" Intrnl_Id="857">
<LocList>
<Loc EndOffset="6610" SrcFileId="5" StartOffset="6600"/>
</LocList>
</BasicStmnt>
</StmntSeq>
</HierarchyLvl>
<HierarchyLvl HierarchyLvlId="179" HierarchyLvlTypeId="22" Intrnl_Id="858" Name="clearDatabase">
<Header>
<Loc EndOffset="6658" SrcFileId="5" StartOffset="6619"/>
</Header>
<LocList>
<Loc EndOffset="7124" SrcFileId="5" StartOffset="6619"/>
</LocList>
<StmntSeq Intrnl_Id="859">
<LocList>
<Loc EndOffset="7120" SrcFileId="5" StartOffset="6664"/>
</LocList>
<CondStmnt CovItemId="S94" CovItemPrefix="my.PSM.unitTestPSM.DataStoreFacadeStub.java" Intrnl_Id="860">
<Branch CovItemId="B5" CovItemPrefix="my.PSM.unitTestPSM.DataStoreFacadeStub.java" Implct="false" Intrnl_Id="861">
<Cond/>
<LocList>
<Loc EndOffset="7120" SrcFileId="5" StartOffset="6679"/>
</LocList>
<StmntSeq Intrnl_Id="862">
<LocList>
<Loc EndOffset="6701" SrcFileId="5" StartOffset="6685"/>
<Loc EndOffset="6721" SrcFileId="5" StartOffset="6706"/>
<Loc EndOffset="6748" SrcFileId="5" StartOffset="6726"/>
<Loc EndOffset="6773" SrcFileId="5" StartOffset="6753"/>
<Loc EndOffset="6801" SrcFileId="5" StartOffset="6778"/>
<Loc EndOffset="6827" SrcFileId="5" StartOffset="6806"/>
<Loc EndOffset="6852" SrcFileId="5" StartOffset="6832"/>
<Loc EndOffset="6875" SrcFileId="5" StartOffset="6857"/>
<Loc EndOffset="6900" SrcFileId="5" StartOffset="6880"/>
<Loc EndOffset="6923" SrcFileId="5" StartOffset="6905"/>
<Loc EndOffset="6948" SrcFileId="5" StartOffset="6928"/>
<Loc EndOffset="6971" SrcFileId="5" StartOffset="6953"/>
<Loc EndOffset="6996" SrcFileId="5" StartOffset="6976"/>
<Loc EndOffset="7019" SrcFileId="5" StartOffset="7001"/>
<Loc EndOffset="7044" SrcFileId="5" StartOffset="7024"/>
<Loc EndOffset="7067" SrcFileId="5" StartOffset="7049"/>
<Loc EndOffset="7092" SrcFileId="5" StartOffset="7072"/>
<Loc EndOffset="7115" SrcFileId="5" StartOffset="7097"/>
</LocList>
<BasicStmnt CovItemId="S95" CovItemPrefix="my.PSM.unitTestPSM.DataStoreFacadeStub.java" Intrnl_Id="863">
<LocList>
<Loc EndOffset="6701" SrcFileId="5" StartOffset="6685"/>
</LocList>
</BasicStmnt>
<BasicStmnt CovItemId="S96" CovItemPrefix="my.PSM.unitTestPSM.DataStoreFacadeStub.java" Intrnl_Id="864">
<LocList>
<Loc EndOffset="6721" SrcFileId="5" StartOffset="6706"/>
</LocList>
</BasicStmnt>
<BasicStmnt CovItemId="S97" CovItemPrefix="my.PSM.unitTestPSM.DataStoreFacadeStub.java" Intrnl_Id="865">
<LocList>
<Loc EndOffset="6748" SrcFileId="5" StartOffset="6726"/>
</LocList>
</BasicStmnt>
<BasicStmnt CovItemId="S98" CovItemPrefix="my.PSM.unitTestPSM.DataStoreFacadeStub.java" Intrnl_Id="866">
<LocList>
<Loc EndOffset="6773" SrcFileId="5" StartOffset="6753"/>
</LocList>
</BasicStmnt>
<BasicStmnt CovItemId="S99" CovItemPrefix="my.PSM.unitTestPSM.DataStoreFacadeStub.java" Intrnl_Id="867">
<LocList>
<Loc EndOffset="6801" SrcFileId="5" StartOffset="6778"/>
</LocList>
</BasicStmnt>
<BasicStmnt CovItemId="S100" CovItemPrefix="my.PSM.unitTestPSM.DataStoreFacadeStub.java" Intrnl_Id="868">
<LocList>
<Loc EndOffset="6827" SrcFileId="5" StartOffset="6806"/>
</LocList>
</BasicStmnt>
<BasicStmnt CovItemId="S101" CovItemPrefix="my.PSM.unitTestPSM.DataStoreFacadeStub.java" Intrnl_Id="869">
<LocList>
<Loc EndOffset="6852" SrcFileId="5" StartOffset="6832"/>
</LocList>
</BasicStmnt>
<BasicStmnt CovItemId="S102" CovItemPrefix="my.PSM.unitTestPSM.DataStoreFacadeStub.java" Intrnl_Id="870">
<LocList>
<Loc EndOffset="6875" SrcFileId="5" StartOffset="6857"/>
</LocList>
</BasicStmnt>
<BasicStmnt CovItemId="S103" CovItemPrefix="my.PSM.unitTestPSM.DataStoreFacadeStub.java" Intrnl_Id="871">
<LocList>
<Loc EndOffset="6900" SrcFileId="5" StartOffset="6880"/>
</LocList>
</BasicStmnt>
<BasicStmnt CovItemId="S104" CovItemPrefix="my.PSM.unitTestPSM.DataStoreFacadeStub.java" Intrnl_Id="872">
<LocList>
<Loc EndOffset="6923" SrcFileId="5" StartOffset="6905"/>
</LocList>
</BasicStmnt>
<BasicStmnt CovItemId="S105" CovItemPrefix="my.PSM.unitTestPSM.DataStoreFacadeStub.java" Intrnl_Id="873">
<LocList>
<Loc EndOffset="6948" SrcFileId="5" StartOffset="6928"/>
</LocList>
</BasicStmnt>
<BasicStmnt CovItemId="S106" CovItemPrefix="my.PSM.unitTestPSM.DataStoreFacadeStub.java" Intrnl_Id="874">
<LocList>
<Loc EndOffset="6971" SrcFileId="5" StartOffset="6953"/>
</LocList>
</BasicStmnt>
<BasicStmnt CovItemId="S107" CovItemPrefix="my.PSM.unitTestPSM.DataStoreFacadeStub.java" Intrnl_Id="875">
<LocList>
<Loc EndOffset="6996" SrcFileId="5" StartOffset="6976"/>
</LocList>
</BasicStmnt>
<BasicStmnt CovItemId="S108" CovItemPrefix="my.PSM.unitTestPSM.DataStoreFacadeStub.java" Intrnl_Id="876">
<LocList>
<Loc EndOffset="7019" SrcFileId="5" StartOffset="7001"/>
</LocList>
</BasicStmnt>
<BasicStmnt CovItemId="S109" CovItemPrefix="my.PSM.unitTestPSM.DataStoreFacadeStub.java" Intrnl_Id="877">
<LocList>
<Loc EndOffset="7044" SrcFileId="5" StartOffset="7024"/>
</LocList>
</BasicStmnt>
<BasicStmnt CovItemId="S110" CovItemPrefix="my.PSM.unitTestPSM.DataStoreFacadeStub.java" Intrnl_Id="878">
<LocList>
<Loc EndOffset="7067" SrcFileId="5" StartOffset="7049"/>
</LocList>
</BasicStmnt>
<BasicStmnt CovItemId="S111" CovItemPrefix="my.PSM.unitTestPSM.DataStoreFacadeStub.java" Intrnl_Id="879">
<LocList>
<Loc EndOffset="7092" SrcFileId="5" StartOffset="7072"/>
</LocList>
</BasicStmnt>
<BasicStmnt CovItemId="S112" CovItemPrefix="my.PSM.unitTestPSM.DataStoreFacadeStub.java" Intrnl_Id="880">
<LocList>
<Loc EndOffset="7115" SrcFileId="5" StartOffset="7097"/>
</LocList>
</BasicStmnt>
</StmntSeq>
</Branch>
<Branch CovItemId="B6" CovItemPrefix="my.PSM.unitTestPSM.DataStoreFacadeStub.java" Implct="true" Intrnl_Id="881">
<Cond/>
<LocList/>
<StmntSeq Intrnl_Id="882">
<LocList/>
</StmntSeq>
</Branch>
<Keyword EndOffset="6666" SrcFileId="5" StartOffset="6664"/>
<LocList>
<Loc EndOffset="7120" SrcFileId="5" StartOffset="6664"/>
</LocList>
<RootTerm CovItemId="C3" CovItemPrefix="my.PSM.unitTestPSM.DataStoreFacadeStub.java" Intrnl_Id="883">
<BasicBoolTerm Intrnl_Id="884">
<LocList>
<Loc EndOffset="6678" SrcFileId="5" StartOffset="6667"/>
</LocList>
</BasicBoolTerm>
</RootTerm>
</CondStmnt>
</StmntSeq>
</HierarchyLvl>
</HierarchyLvl>
<HierarchyLvl HierarchyLvlId="207" HierarchyLvlTypeId="23" Intrnl_Id="885" Name="DBConnectionTest">
<Header>
<Loc EndOffset="221" SrcFileId="6" StartOffset="192"/>
</Header>
<LocList>
<Loc EndOffset="6639" SrcFileId="6" StartOffset="192"/>
</LocList>
<StmntSeq Intrnl_Id="886">
<LocList>
<Loc EndOffset="265" SrcFileId="6" StartOffset="228"/>
<Loc EndOffset="326" SrcFileId="6" StartOffset="268"/>
</LocList>
<BasicStmnt CovItemId="S1" CovItemPrefix="my.PSM.unitTestPSM.DBConnectionTest.java" Intrnl_Id="887">
<LocList>
<Loc EndOffset="265" SrcFileId="6" StartOffset="228"/>
</LocList>
</BasicStmnt>
<BasicStmnt CovItemId="S2" CovItemPrefix="my.PSM.unitTestPSM.DBConnectionTest.java" Intrnl_Id="888">
<LocList>
<Loc EndOffset="326" SrcFileId="6" StartOffset="268"/>
</LocList>
</BasicStmnt>
</StmntSeq>
<HierarchyLvl HierarchyLvlId="181" HierarchyLvlTypeId="22" Intrnl_Id="889" Name="runBefore">
<Header>
<Loc EndOffset="368" SrcFileId="6" StartOffset="335"/>
</Header>
<LocList>
<Loc EndOffset="585" SrcFileId="6" StartOffset="335"/>
</LocList>
<StmntSeq Intrnl_Id="890">
<LocList>
<Loc EndOffset="555" SrcFileId="6" StartOffset="373"/>
<Loc EndOffset="581" SrcFileId="6" StartOffset="559"/>
</LocList>
<BasicStmnt CovItemId="S3" CovItemPrefix="my.PSM.unitTestPSM.DBConnectionTest.java" Intrnl_Id="891">
<LocList>
<Loc EndOffset="555" SrcFileId="6" StartOffset="373"/>
</LocList>
</BasicStmnt>
<BasicStmnt CovItemId="S4" CovItemPrefix="my.PSM.unitTestPSM.DBConnectionTest.java" Intrnl_Id="892">
<LocList>
<Loc EndOffset="581" SrcFileId="6" StartOffset="559"/>
</LocList>
</BasicStmnt>
</StmntSeq>
</HierarchyLvl>
<HierarchyLvl HierarchyLvlId="182" HierarchyLvlTypeId="22" Intrnl_Id="893" Name="testConnectStringStringString">
<Header>
<Loc EndOffset="642" SrcFileId="6" StartOffset="591"/>
</Header>
<LocList>
<Loc EndOffset="718" SrcFileId="6" StartOffset="591"/>
</LocList>
<StmntSeq Intrnl_Id="894">
<LocList>
<Loc EndOffset="714" SrcFileId="6" StartOffset="648"/>
</LocList>
<BasicStmnt CovItemId="S5" CovItemPrefix="my.PSM.unitTestPSM.DBConnectionTest.java" Intrnl_Id="895">
<LocList>
<Loc EndOffset="714" SrcFileId="6" StartOffset="648"/>
</LocList>
</BasicStmnt>
</StmntSeq>
</HierarchyLvl>
<HierarchyLvl HierarchyLvlId="183" HierarchyLvlTypeId="22" Intrnl_Id="896" Name="testConnectStringString">
<Header>
<Loc EndOffset="768" SrcFileId="6" StartOffset="723"/>
</Header>
<LocList>
<Loc EndOffset="803" SrcFileId="6" StartOffset="723"/>
</LocList>
<StmntSeq Intrnl_Id="897">
<LocList>
<Loc EndOffset="799" SrcFileId="6" StartOffset="774"/>
</LocList>
<BasicStmnt CovItemId="S6" CovItemPrefix="my.PSM.unitTestPSM.DBConnectionTest.java" Intrnl_Id="898">
<LocList>
<Loc EndOffset="799" SrcFileId="6" StartOffset="774"/>
</LocList>
</BasicStmnt>
</StmntSeq>
</HierarchyLvl>
<HierarchyLvl HierarchyLvlId="184" HierarchyLvlTypeId="22" Intrnl_Id="899" Name="testDisconnect">
<Header>
<Loc EndOffset="844" SrcFileId="6" StartOffset="808"/>
</Header>
<LocList>
<Loc EndOffset="870" SrcFileId="6" StartOffset="808"/>
</LocList>
<StmntSeq Intrnl_Id="900">
<LocList>
<Loc EndOffset="866" SrcFileId="6" StartOffset="850"/>
</LocList>
<BasicStmnt CovItemId="S7" CovItemPrefix="my.PSM.unitTestPSM.DBConnectionTest.java" Intrnl_Id="901">
<LocList>
<Loc EndOffset="866" SrcFileId="6" StartOffset="850"/>
</LocList>
</BasicStmnt>
</StmntSeq>
</HierarchyLvl>
<HierarchyLvl HierarchyLvlId="185" HierarchyLvlTypeId="22" Intrnl_Id="902" Name="testFetchCourseID">
<Header>
<Loc EndOffset="914" SrcFileId="6" StartOffset="875"/>
</Header>
<LocList>
<Loc EndOffset="1109" SrcFileId="6" StartOffset="875"/>
</LocList>
<StmntSeq Intrnl_Id="903">
<LocList>
<Loc EndOffset="941" SrcFileId="6" StartOffset="920"/>
<Loc EndOffset="963" SrcFileId="6" StartOffset="945"/>
<Loc EndOffset="1075" SrcFileId="6" StartOffset="996"/>
<Loc EndOffset="1103" SrcFileId="6" StartOffset="1079"/>
</LocList>
<BasicStmnt CovItemId="S8" CovItemPrefix="my.PSM.unitTestPSM.DBConnectionTest.java" Intrnl_Id="904">
<LocList>
<Loc EndOffset="941" SrcFileId="6" StartOffset="920"/>
</LocList>
</BasicStmnt>
<BasicStmnt CovItemId="S9" CovItemPrefix="my.PSM.unitTestPSM.DBConnectionTest.java" Intrnl_Id="905">
<LocList>
<Loc EndOffset="963" SrcFileId="6" StartOffset="945"/>
</LocList>
</BasicStmnt>
<CondStmnt CovItemId="S10" CovItemPrefix="my.PSM.unitTestPSM.DBConnectionTest.java" Intrnl_Id="906">
<Branch CovItemId="B1" CovItemPrefix="my.PSM.unitTestPSM.DBConnectionTest.java" Implct="false" Intrnl_Id="907">
<Cond/>
<LocList>
<Loc EndOffset="1056" SrcFileId="6" StartOffset="1033"/>
</LocList>
<StmntSeq Intrnl_Id="908">
<LocList>
<Loc EndOffset="1051" SrcFileId="6" StartOffset="1039"/>
</LocList>
<BasicStmnt CovItemId="S11" CovItemPrefix="my.PSM.unitTestPSM.DBConnectionTest.java" Intrnl_Id="909">
<LocList>
<Loc EndOffset="1051" SrcFileId="6" StartOffset="1039"/>
</LocList>
</BasicStmnt>
</StmntSeq>
</Branch>
<Branch CovItemId="B2" CovItemPrefix="my.PSM.unitTestPSM.DBConnectionTest.java" Implct="false" Intrnl_Id="910">
<Cond>
<Loc EndOffset="1061" SrcFileId="6" StartOffset="1057"/>
</Cond>
<LocList>
<Loc EndOffset="1075" SrcFileId="6" StartOffset="1062"/>
</LocList>
<StmntSeq Intrnl_Id="911">
<LocList>
<Loc EndOffset="1075" SrcFileId="6" StartOffset="1062"/>
</LocList>
<BasicStmnt CovItemId="S12" CovItemPrefix="my.PSM.unitTestPSM.DBConnectionTest.java" Intrnl_Id="912">
<LocList>
<Loc EndOffset="1075" SrcFileId="6" StartOffset="1062"/>
</LocList>
</BasicStmnt>
</StmntSeq>
</Branch>
<Keyword EndOffset="998" SrcFileId="6" StartOffset="996"/>
<LocList>
<Loc EndOffset="1075" SrcFileId="6" StartOffset="996"/>
</LocList>
<RootTerm CovItemId="C1" CovItemPrefix="my.PSM.unitTestPSM.DBConnectionTest.java" Intrnl_Id="913">
<BasicBoolTerm Intrnl_Id="914">
<LocList>
<Loc EndOffset="1032" SrcFileId="6" StartOffset="1000"/>
</LocList>
</BasicBoolTerm>
</RootTerm>
</CondStmnt>
<BasicStmnt CovItemId="S13" CovItemPrefix="my.PSM.unitTestPSM.DBConnectionTest.java" Intrnl_Id="915">
<LocList>
<Loc EndOffset="1103" SrcFileId="6" StartOffset="1079"/>
</LocList>
</BasicStmnt>
</StmntSeq>
</HierarchyLvl>
<HierarchyLvl HierarchyLvlId="186" HierarchyLvlTypeId="22" Intrnl_Id="916" Name="testGetEndDates">
<Header>
<Loc EndOffset="1151" SrcFileId="6" StartOffset="1114"/>
</Header>
<LocList>
<Loc EndOffset="1213" SrcFileId="6" StartOffset="1114"/>
</LocList>
<StmntSeq Intrnl_Id="917">
<LocList>
<Loc EndOffset="1181" SrcFileId="6" StartOffset="1157"/>
<Loc EndOffset="1209" SrcFileId="6" StartOffset="1185"/>
</LocList>
<BasicStmnt CovItemId="S14" CovItemPrefix="my.PSM.unitTestPSM.DBConnectionTest.java" Intrnl_Id="918">
<LocList>
<Loc EndOffset="1181" SrcFileId="6" StartOffset="1157"/>
</LocList>
</BasicStmnt>
<BasicStmnt CovItemId="S15" CovItemPrefix="my.PSM.unitTestPSM.DBConnectionTest.java" Intrnl_Id="919">
<LocList>
<Loc EndOffset="1209" SrcFileId="6" StartOffset="1185"/>
</LocList>
</BasicStmnt>
</StmntSeq>
</HierarchyLvl>
<HierarchyLvl HierarchyLvlId="187" HierarchyLvlTypeId="22" Intrnl_Id="920" Name="testGetCourses">
<Header>
<Loc EndOffset="1254" SrcFileId="6" StartOffset="1218"/>
</Header>
<LocList>
<Loc EndOffset="1683" SrcFileId="6" StartOffset="1218"/>
</LocList>
<StmntSeq Intrnl_Id="921">
<LocList>
<Loc EndOffset="1314" SrcFileId="6" StartOffset="1260"/>
<Loc EndOffset="1339" SrcFileId="6" StartOffset="1318"/>
<Loc EndOffset="1364" SrcFileId="6" StartOffset="1343"/>
<Loc EndOffset="1391" SrcFileId="6" StartOffset="1368"/>
<Loc EndOffset="1427" SrcFileId="6" StartOffset="1395"/>
<Loc EndOffset="1492" SrcFileId="6" StartOffset="1443"/>
<Loc EndOffset="1635" SrcFileId="6" StartOffset="1496"/>
<Loc EndOffset="1651" SrcFileId="6" StartOffset="1639"/>
<Loc EndOffset="1679" SrcFileId="6" StartOffset="1655"/>
</LocList>
<BasicStmnt CovItemId="S16" CovItemPrefix="my.PSM.unitTestPSM.DBConnectionTest.java" Intrnl_Id="922">
<LocList>
<Loc EndOffset="1314" SrcFileId="6" StartOffset="1260"/>
</LocList>
</BasicStmnt>
<BasicStmnt CovItemId="S17" CovItemPrefix="my.PSM.unitTestPSM.DBConnectionTest.java" Intrnl_Id="923">
<LocList>
<Loc EndOffset="1339" SrcFileId="6" StartOffset="1318"/>
</LocList>
</BasicStmnt>
<BasicStmnt CovItemId="S18" CovItemPrefix="my.PSM.unitTestPSM.DBConnectionTest.java" Intrnl_Id="924">
<LocList>
<Loc EndOffset="1364" SrcFileId="6" StartOffset="1343"/>
</LocList>
</BasicStmnt>
<BasicStmnt CovItemId="S19" CovItemPrefix="my.PSM.unitTestPSM.DBConnectionTest.java" Intrnl_Id="925">
<LocList>
<Loc EndOffset="1391" SrcFileId="6" StartOffset="1368"/>
</LocList>
</BasicStmnt>
<BasicStmnt CovItemId="S20" CovItemPrefix="my.PSM.unitTestPSM.DBConnectionTest.java" Intrnl_Id="926">
<LocList>
<Loc EndOffset="1427" SrcFileId="6" StartOffset="1395"/>
</LocList>
</BasicStmnt>
<CondStmnt CovItemId="S21" CovItemPrefix="my.PSM.unitTestPSM.DBConnectionTest.java" Intrnl_Id="927">
<Branch CovItemId="B3" CovItemPrefix="my.PSM.unitTestPSM.DBConnectionTest.java" Implct="false" Intrnl_Id="928">
<Cond/>
<LocList>
<Loc EndOffset="1474" SrcFileId="6" StartOffset="1455"/>
</LocList>
<StmntSeq Intrnl_Id="929">
<LocList>
<Loc EndOffset="1469" SrcFileId="6" StartOffset="1461"/>
</LocList>
<BasicStmnt CovItemId="S22" CovItemPrefix="my.PSM.unitTestPSM.DBConnectionTest.java" Intrnl_Id="930">
<LocList>
<Loc EndOffset="1469" SrcFileId="6" StartOffset="1461"/>
</LocList>
</BasicStmnt>
</StmntSeq>
</Branch>
<Branch CovItemId="B4" CovItemPrefix="my.PSM.unitTestPSM.DBConnectionTest.java" Implct="false" Intrnl_Id="931">
<Cond>
<Loc EndOffset="1479" SrcFileId="6" StartOffset="1475"/>
</Cond>
<LocList>
<Loc EndOffset="1492" SrcFileId="6" StartOffset="1484"/>
</LocList>
<StmntSeq Intrnl_Id="932">
<LocList>
<Loc EndOffset="1492" SrcFileId="6" StartOffset="1484"/>
</LocList>
<BasicStmnt CovItemId="S23" CovItemPrefix="my.PSM.unitTestPSM.DBConnectionTest.java" Intrnl_Id="933">
<LocList>
<Loc EndOffset="1492" SrcFileId="6" StartOffset="1484"/>
</LocList>
</BasicStmnt>
</StmntSeq>
</Branch>
<Keyword EndOffset="1445" SrcFileId="6" StartOffset="1443"/>
<LocList>
<Loc EndOffset="1492" SrcFileId="6" StartOffset="1443"/>
</LocList>
<RootTerm CovItemId="C2" CovItemPrefix="my.PSM.unitTestPSM.DBConnectionTest.java" Intrnl_Id="934">
<BasicBoolTerm Intrnl_Id="935">
<LocList>
<Loc EndOffset="1453" SrcFileId="6" StartOffset="1447"/>
</LocList>
</BasicBoolTerm>
</RootTerm>
</CondStmnt>
<LoopStmnt CovItemId="S24" CovItemPrefix="my.PSM.unitTestPSM.DBConnectionTest.java" Intrnl_Id="936" MltplExecId="L1-2" MltplExecPrefix="my.PSM.unitTestPSM.DBConnectionTest.java" NvrExecId="L1-0" NvrExecPrefix="my.PSM.unitTestPSM.DBConnectionTest.java" OnceExecutedId="L1-1" OnceExecutedPrefix="my.PSM.unitTestPSM.DBConnectionTest.java" OptBodyExec="true">
<StmntSeq Intrnl_Id="937">
<LocList>
<Loc EndOffset="1630" SrcFileId="6" StartOffset="1532"/>
</LocList>
<CondStmnt CovItemId="S25" CovItemPrefix="my.PSM.unitTestPSM.DBConnectionTest.java" Intrnl_Id="938">
<Branch CovItemId="B5" CovItemPrefix="my.PSM.unitTestPSM.DBConnectionTest.java" Implct="false" Intrnl_Id="939">
<Cond/>
<LocList>
<Loc EndOffset="1606" SrcFileId="6" StartOffset="1580"/>
</LocList>
<StmntSeq Intrnl_Id="940">
<LocList/>
</StmntSeq>
</Branch>
<Branch CovItemId="B6" CovItemPrefix="my.PSM.unitTestPSM.DBConnectionTest.java" Implct="false" Intrnl_Id="941">
<Cond>
<Loc EndOffset="1611" SrcFileId="6" StartOffset="1607"/>
</Cond>
<LocList>
<Loc EndOffset="1630" SrcFileId="6" StartOffset="1617"/>
</LocList>
<StmntSeq Intrnl_Id="942">
<LocList>
<Loc EndOffset="1630" SrcFileId="6" StartOffset="1617"/>
</LocList>
<BasicStmnt CovItemId="S26" CovItemPrefix="my.PSM.unitTestPSM.DBConnectionTest.java" Intrnl_Id="943">
<LocList>
<Loc EndOffset="1630" SrcFileId="6" StartOffset="1617"/>
</LocList>
</BasicStmnt>
</StmntSeq>
</Branch>
<Keyword EndOffset="1534" SrcFileId="6" StartOffset="1532"/>
<LocList>
<Loc EndOffset="1630" SrcFileId="6" StartOffset="1532"/>
</LocList>
<RootTerm CovItemId="C4" CovItemPrefix="my.PSM.unitTestPSM.DBConnectionTest.java" Intrnl_Id="944">
<BasicBoolTerm Intrnl_Id="945">
<LocList>
<Loc EndOffset="1578" SrcFileId="6" StartOffset="1536"/>
</LocList>
</BasicBoolTerm>
</RootTerm>
</CondStmnt>
</StmntSeq>
<Keyword EndOffset="1499" SrcFileId="6" StartOffset="1496"/>
<LocList>
<Loc EndOffset="1635" SrcFileId="6" StartOffset="1496"/>
</LocList>
<RootTerm CovItemId="C3" CovItemPrefix="my.PSM.unitTestPSM.DBConnectionTest.java" Intrnl_Id="946">
<BasicBoolTerm Intrnl_Id="947">
<LocList>
<Loc EndOffset="1519" SrcFileId="6" StartOffset="1512"/>
</LocList>
</BasicBoolTerm>
</RootTerm>
</LoopStmnt>
<BasicStmnt CovItemId="S27" CovItemPrefix="my.PSM.unitTestPSM.DBConnectionTest.java" Intrnl_Id="948">
<LocList>
<Loc EndOffset="1651" SrcFileId="6" StartOffset="1639"/>
</LocList>
</BasicStmnt>
<BasicStmnt CovItemId="S28" CovItemPrefix="my.PSM.unitTestPSM.DBConnectionTest.java" Intrnl_Id="949">
<LocList>
<Loc EndOffset="1679" SrcFileId="6" StartOffset="1655"/>
</LocList>
</BasicStmnt>
</StmntSeq>
</HierarchyLvl>
<HierarchyLvl HierarchyLvlId="188" HierarchyLvlTypeId="22" Intrnl_Id="950" Name="testFetchCourses">
<Header>
<Loc EndOffset="1726" SrcFileId="6" StartOffset="1688"/>
</Header>
<LocList>
<Loc EndOffset="1937" SrcFileId="6" StartOffset="1688"/>
</LocList>
<StmntSeq Intrnl_Id="951">
<LocList>
<Loc EndOffset="1753" SrcFileId="6" StartOffset="1732"/>
<Loc EndOffset="1782" SrcFileId="6" StartOffset="1757"/>
<Loc EndOffset="1905" SrcFileId="6" StartOffset="1815"/>
<Loc EndOffset="1933" SrcFileId="6" StartOffset="1909"/>
</LocList>
<BasicStmnt CovItemId="S29" CovItemPrefix="my.PSM.unitTestPSM.DBConnectionTest.java" Intrnl_Id="952">
<LocList>
<Loc EndOffset="1753" SrcFileId="6" StartOffset="1732"/>
</LocList>
</BasicStmnt>
<BasicStmnt CovItemId="S30" CovItemPrefix="my.PSM.unitTestPSM.DBConnectionTest.java" Intrnl_Id="953">
<LocList>
<Loc EndOffset="1782" SrcFileId="6" StartOffset="1757"/>
</LocList>
</BasicStmnt>
<CondStmnt CovItemId="S31" CovItemPrefix="my.PSM.unitTestPSM.DBConnectionTest.java" Intrnl_Id="954">
<Branch CovItemId="B7" CovItemPrefix="my.PSM.unitTestPSM.DBConnectionTest.java" Implct="false" Intrnl_Id="955">
<Cond/>
<LocList>
<Loc EndOffset="1886" SrcFileId="6" StartOffset="1863"/>
</LocList>
<StmntSeq Intrnl_Id="956">
<LocList>
<Loc EndOffset="1881" SrcFileId="6" StartOffset="1869"/>
</LocList>
<BasicStmnt CovItemId="S32" CovItemPrefix="my.PSM.unitTestPSM.DBConnectionTest.java" Intrnl_Id="957">
<LocList>
<Loc EndOffset="1881" SrcFileId="6" StartOffset="1869"/>
</LocList>
</BasicStmnt>
</StmntSeq>
</Branch>
<Branch CovItemId="B8" CovItemPrefix="my.PSM.unitTestPSM.DBConnectionTest.java" Implct="false" Intrnl_Id="958">
<Cond>
<Loc EndOffset="1891" SrcFileId="6" StartOffset="1887"/>
</Cond>
<LocList>
<Loc EndOffset="1905" SrcFileId="6" StartOffset="1892"/>
</LocList>
<StmntSeq Intrnl_Id="959">
<LocList>
<Loc EndOffset="1905" SrcFileId="6" StartOffset="1892"/>
</LocList>
<BasicStmnt CovItemId="S33" CovItemPrefix="my.PSM.unitTestPSM.DBConnectionTest.java" Intrnl_Id="960">
<LocList>
<Loc EndOffset="1905" SrcFileId="6" StartOffset="1892"/>
</LocList>
</BasicStmnt>
</StmntSeq>
</Branch>
<Keyword EndOffset="1817" SrcFileId="6" StartOffset="1815"/>
<LocList>
<Loc EndOffset="1905" SrcFileId="6" StartOffset="1815"/>
</LocList>
<RootTerm CovItemId="C5" CovItemPrefix="my.PSM.unitTestPSM.DBConnectionTest.java" Intrnl_Id="961">
<BasicBoolTerm Intrnl_Id="962">
<LocList>
<Loc EndOffset="1862" SrcFileId="6" StartOffset="1819"/>
</LocList>
</BasicBoolTerm>
</RootTerm>
</CondStmnt>
<BasicStmnt CovItemId="S34" CovItemPrefix="my.PSM.unitTestPSM.DBConnectionTest.java" Intrnl_Id="963">
<LocList>
<Loc EndOffset="1933" SrcFileId="6" StartOffset="1909"/>
</LocList>
</BasicStmnt>
</StmntSeq>
</HierarchyLvl>
<HierarchyLvl HierarchyLvlId="189" HierarchyLvlTypeId="22" Intrnl_Id="964" Name="testFetchCourseSubj">
<Header>
<Loc EndOffset="1983" SrcFileId="6" StartOffset="1942"/>
</Header>
<LocList>
<Loc EndOffset="2178" SrcFileId="6" StartOffset="1942"/>
</LocList>
<StmntSeq Intrnl_Id="965">
<LocList>
<Loc EndOffset="2010" SrcFileId="6" StartOffset="1989"/>
<Loc EndOffset="2034" SrcFileId="6" StartOffset="2014"/>
<Loc EndOffset="2146" SrcFileId="6" StartOffset="2052"/>
<Loc EndOffset="2174" SrcFileId="6" StartOffset="2150"/>
</LocList>
<BasicStmnt CovItemId="S35" CovItemPrefix="my.PSM.unitTestPSM.DBConnectionTest.java" Intrnl_Id="966">
<LocList>
<Loc EndOffset="2010" SrcFileId="6" StartOffset="1989"/>
</LocList>
</BasicStmnt>
<BasicStmnt CovItemId="S36" CovItemPrefix="my.PSM.unitTestPSM.DBConnectionTest.java" Intrnl_Id="967">
<LocList>
<Loc EndOffset="2034" SrcFileId="6" StartOffset="2014"/>
</LocList>
</BasicStmnt>
<CondStmnt CovItemId="S37" CovItemPrefix="my.PSM.unitTestPSM.DBConnectionTest.java" Intrnl_Id="968">
<Branch CovItemId="B9" CovItemPrefix="my.PSM.unitTestPSM.DBConnectionTest.java" Implct="false" Intrnl_Id="969">
<Cond/>
<LocList>
<Loc EndOffset="2127" SrcFileId="6" StartOffset="2104"/>
</LocList>
<StmntSeq Intrnl_Id="970">
<LocList>
<Loc EndOffset="2122" SrcFileId="6" StartOffset="2110"/>
</LocList>
<BasicStmnt CovItemId="S38" CovItemPrefix="my.PSM.unitTestPSM.DBConnectionTest.java" Intrnl_Id="971">
<LocList>
<Loc EndOffset="2122" SrcFileId="6" StartOffset="2110"/>
</LocList>
</BasicStmnt>
</StmntSeq>
</Branch>
<Branch CovItemId="B10" CovItemPrefix="my.PSM.unitTestPSM.DBConnectionTest.java" Implct="false" Intrnl_Id="972">
<Cond>
<Loc EndOffset="2132" SrcFileId="6" StartOffset="2128"/>
</Cond>
<LocList>
<Loc EndOffset="2146" SrcFileId="6" StartOffset="2133"/>
</LocList>
<StmntSeq Intrnl_Id="973">
<LocList>
<Loc EndOffset="2146" SrcFileId="6" StartOffset="2133"/>
</LocList>
<BasicStmnt CovItemId="S39" CovItemPrefix="my.PSM.unitTestPSM.DBConnectionTest.java" Intrnl_Id="974">
<LocList>
<Loc EndOffset="2146" SrcFileId="6" StartOffset="2133"/>
</LocList>
</BasicStmnt>
</StmntSeq>
</Branch>
<Keyword EndOffset="2054" SrcFileId="6" StartOffset="2052"/>
<LocList>
<Loc EndOffset="2146" SrcFileId="6" StartOffset="2052"/>
</LocList>
<RootTerm CovItemId="C6" CovItemPrefix="my.PSM.unitTestPSM.DBConnectionTest.java" Intrnl_Id="975">
<BasicBoolTerm Intrnl_Id="976">
<LocList>
<Loc EndOffset="2103" SrcFileId="6" StartOffset="2056"/>
</LocList>
</BasicBoolTerm>
</RootTerm>
</CondStmnt>
<BasicStmnt CovItemId="S40" CovItemPrefix="my.PSM.unitTestPSM.DBConnectionTest.java" Intrnl_Id="977">
<LocList>
<Loc EndOffset="2174" SrcFileId="6" StartOffset="2150"/>
</LocList>
</BasicStmnt>
</StmntSeq>
</HierarchyLvl>
<HierarchyLvl HierarchyLvlId="190" HierarchyLvlTypeId="22" Intrnl_Id="978" Name="testFetchCourseName">
<Header>
<Loc EndOffset="2224" SrcFileId="6" StartOffset="2183"/>
</Header>
<LocList>
<Loc EndOffset="2442" SrcFileId="6" StartOffset="2183"/>
</LocList>
<StmntSeq Intrnl_Id="979">
<LocList>
<Loc EndOffset="2251" SrcFileId="6" StartOffset="2230"/>
<Loc EndOffset="2295" SrcFileId="6" StartOffset="2255"/>
<Loc EndOffset="2410" SrcFileId="6" StartOffset="2313"/>
<Loc EndOffset="2438" SrcFileId="6" StartOffset="2414"/>
</LocList>
<BasicStmnt CovItemId="S41" CovItemPrefix="my.PSM.unitTestPSM.DBConnectionTest.java" Intrnl_Id="980">
<LocList>
<Loc EndOffset="2251" SrcFileId="6" StartOffset="2230"/>
</LocList>
</BasicStmnt>
<BasicStmnt CovItemId="S42" CovItemPrefix="my.PSM.unitTestPSM.DBConnectionTest.java" Intrnl_Id="981">
<LocList>
<Loc EndOffset="2295" SrcFileId="6" StartOffset="2255"/>
</LocList>
</BasicStmnt>
<CondStmnt CovItemId="S43" CovItemPrefix="my.PSM.unitTestPSM.DBConnectionTest.java" Intrnl_Id="982">
<Branch CovItemId="B11" CovItemPrefix="my.PSM.unitTestPSM.DBConnectionTest.java" Implct="false" Intrnl_Id="983">
<Cond/>
<LocList>
<Loc EndOffset="2391" SrcFileId="6" StartOffset="2368"/>
</LocList>
<StmntSeq Intrnl_Id="984">
<LocList>
<Loc EndOffset="2386" SrcFileId="6" StartOffset="2374"/>
</LocList>
<BasicStmnt CovItemId="S44" CovItemPrefix="my.PSM.unitTestPSM.DBConnectionTest.java" Intrnl_Id="985">
<LocList>
<Loc EndOffset="2386" SrcFileId="6" StartOffset="2374"/>
</LocList>
</BasicStmnt>
</StmntSeq>
</Branch>
<Branch CovItemId="B12" CovItemPrefix="my.PSM.unitTestPSM.DBConnectionTest.java" Implct="false" Intrnl_Id="986">
<Cond>
<Loc EndOffset="2396" SrcFileId="6" StartOffset="2392"/>
</Cond>
<LocList>
<Loc EndOffset="2410" SrcFileId="6" StartOffset="2397"/>
</LocList>
<StmntSeq Intrnl_Id="987">
<LocList>
<Loc EndOffset="2410" SrcFileId="6" StartOffset="2397"/>
</LocList>
<BasicStmnt CovItemId="S45" CovItemPrefix="my.PSM.unitTestPSM.DBConnectionTest.java" Intrnl_Id="988">
<LocList>
<Loc EndOffset="2410" SrcFileId="6" StartOffset="2397"/>
</LocList>
</BasicStmnt>
</StmntSeq>
</Branch>
<Keyword EndOffset="2315" SrcFileId="6" StartOffset="2313"/>
<LocList>
<Loc EndOffset="2410" SrcFileId="6" StartOffset="2313"/>
</LocList>
<RootTerm CovItemId="C7" CovItemPrefix="my.PSM.unitTestPSM.DBConnectionTest.java" Intrnl_Id="989">
<BasicBoolTerm Intrnl_Id="990">
<LocList>
<Loc EndOffset="2367" SrcFileId="6" StartOffset="2317"/>
</LocList>
</BasicBoolTerm>
</RootTerm>
</CondStmnt>
<BasicStmnt CovItemId="S46" CovItemPrefix="my.PSM.unitTestPSM.DBConnectionTest.java" Intrnl_Id="991">
<LocList>
<Loc EndOffset="2438" SrcFileId="6" StartOffset="2414"/>
</LocList>
</BasicStmnt>
</StmntSeq>
</HierarchyLvl>
<HierarchyLvl HierarchyLvlId="191" HierarchyLvlTypeId="22" Intrnl_Id="992" Name="testFetchCourseSemester">
<Header>
<Loc EndOffset="2492" SrcFileId="6" StartOffset="2447"/>
</Header>
<LocList>
<Loc EndOffset="2706" SrcFileId="6" StartOffset="2447"/>
</LocList>
<StmntSeq Intrnl_Id="993">
<LocList>
<Loc EndOffset="2519" SrcFileId="6" StartOffset="2498"/>
<Loc EndOffset="2554" SrcFileId="6" StartOffset="2523"/>
<Loc EndOffset="2674" SrcFileId="6" StartOffset="2572"/>
<Loc EndOffset="2702" SrcFileId="6" StartOffset="2678"/>
</LocList>
<BasicStmnt CovItemId="S47" CovItemPrefix="my.PSM.unitTestPSM.DBConnectionTest.java" Intrnl_Id="994">
<LocList>
<Loc EndOffset="2519" SrcFileId="6" StartOffset="2498"/>
</LocList>
</BasicStmnt>
<BasicStmnt CovItemId="S48" CovItemPrefix="my.PSM.unitTestPSM.DBConnectionTest.java" Intrnl_Id="995">
<LocList>
<Loc EndOffset="2554" SrcFileId="6" StartOffset="2523"/>
</LocList>
</BasicStmnt>
<CondStmnt CovItemId="S49" CovItemPrefix="my.PSM.unitTestPSM.DBConnectionTest.java" Intrnl_Id="996">
<Branch CovItemId="B13" CovItemPrefix="my.PSM.unitTestPSM.DBConnectionTest.java" Implct="false" Intrnl_Id="997">
<Cond/>
<LocList>
<Loc EndOffset="2655" SrcFileId="6" StartOffset="2632"/>
</LocList>
<StmntSeq Intrnl_Id="998">
<LocList>
<Loc EndOffset="2650" SrcFileId="6" StartOffset="2638"/>
</LocList>
<BasicStmnt CovItemId="S50" CovItemPrefix="my.PSM.unitTestPSM.DBConnectionTest.java" Intrnl_Id="999">
<LocList>
<Loc EndOffset="2650" SrcFileId="6" StartOffset="2638"/>
</LocList>
</BasicStmnt>
</StmntSeq>
</Branch>
<Branch CovItemId="B14" CovItemPrefix="my.PSM.unitTestPSM.DBConnectionTest.java" Implct="false" Intrnl_Id="1000">
<Cond>
<Loc EndOffset="2660" SrcFileId="6" StartOffset="2656"/>
</Cond>
<LocList>
<Loc EndOffset="2674" SrcFileId="6" StartOffset="2661"/>
</LocList>
<StmntSeq Intrnl_Id="1001">
<LocList>
<Loc EndOffset="2674" SrcFileId="6" StartOffset="2661"/>
</LocList>
<BasicStmnt CovItemId="S51" CovItemPrefix="my.PSM.unitTestPSM.DBConnectionTest.java" Intrnl_Id="1002">
<LocList>
<Loc EndOffset="2674" SrcFileId="6" StartOffset="2661"/>
</LocList>
</BasicStmnt>
</StmntSeq>
</Branch>
<Keyword EndOffset="2574" SrcFileId="6" StartOffset="2572"/>
<LocList>
<Loc EndOffset="2674" SrcFileId="6" StartOffset="2572"/>
</LocList>
<RootTerm CovItemId="C8" CovItemPrefix="my.PSM.unitTestPSM.DBConnectionTest.java" Intrnl_Id="1003">
<BasicBoolTerm Intrnl_Id="1004">
<LocList>
<Loc EndOffset="2631" SrcFileId="6" StartOffset="2576"/>
</LocList>
</BasicBoolTerm>
</RootTerm>
</CondStmnt>
<BasicStmnt CovItemId="S52" CovItemPrefix="my.PSM.unitTestPSM.DBConnectionTest.java" Intrnl_Id="1005">
<LocList>
<Loc EndOffset="2702" SrcFileId="6" StartOffset="2678"/>
</LocList>
</BasicStmnt>
</StmntSeq>
</HierarchyLvl>
<HierarchyLvl HierarchyLvlId="192" HierarchyLvlTypeId="22" Intrnl_Id="1006" Name="testFetchCourseStart">
<Header>
<Loc EndOffset="2753" SrcFileId="6" StartOffset="2711"/>
</Header>
<LocList>
<Loc EndOffset="2963" SrcFileId="6" StartOffset="2711"/>
</LocList>
<StmntSeq Intrnl_Id="1007">
<LocList>
<Loc EndOffset="2780" SrcFileId="6" StartOffset="2759"/>
<Loc EndOffset="2813" SrcFileId="6" StartOffset="2784"/>
<Loc EndOffset="2931" SrcFileId="6" StartOffset="2831"/>
<Loc EndOffset="2959" SrcFileId="6" StartOffset="2935"/>
</LocList>
<BasicStmnt CovItemId="S53" CovItemPrefix="my.PSM.unitTestPSM.DBConnectionTest.java" Intrnl_Id="1008">
<LocList>
<Loc EndOffset="2780" SrcFileId="6" StartOffset="2759"/>
</LocList>
</BasicStmnt>
<BasicStmnt CovItemId="S54" CovItemPrefix="my.PSM.unitTestPSM.DBConnectionTest.java" Intrnl_Id="1009">
<LocList>
<Loc EndOffset="2813" SrcFileId="6" StartOffset="2784"/>
</LocList>
</BasicStmnt>
<CondStmnt CovItemId="S55" CovItemPrefix="my.PSM.unitTestPSM.DBConnectionTest.java" Intrnl_Id="1010">
<Branch CovItemId="B15" CovItemPrefix="my.PSM.unitTestPSM.DBConnectionTest.java" Implct="false" Intrnl_Id="1011">
<Cond/>
<LocList>
<Loc EndOffset="2912" SrcFileId="6" StartOffset="2889"/>
</LocList>
<StmntSeq Intrnl_Id="1012">
<LocList>
<Loc EndOffset="2907" SrcFileId="6" StartOffset="2895"/>
</LocList>
<BasicStmnt CovItemId="S56" CovItemPrefix="my.PSM.unitTestPSM.DBConnectionTest.java" Intrnl_Id="1013">
<LocList>
<Loc EndOffset="2907" SrcFileId="6" StartOffset="2895"/>
</LocList>
</BasicStmnt>
</StmntSeq>
</Branch>
<Branch CovItemId="B16" CovItemPrefix="my.PSM.unitTestPSM.DBConnectionTest.java" Implct="false" Intrnl_Id="1014">
<Cond>
<Loc EndOffset="2917" SrcFileId="6" StartOffset="2913"/>
</Cond>
<LocList>
<Loc EndOffset="2931" SrcFileId="6" StartOffset="2918"/>
</LocList>
<StmntSeq Intrnl_Id="1015">
<LocList>
<Loc EndOffset="2931" SrcFileId="6" StartOffset="2918"/>
</LocList>
<BasicStmnt CovItemId="S57" CovItemPrefix="my.PSM.unitTestPSM.DBConnectionTest.java" Intrnl_Id="1016">
<LocList>
<Loc EndOffset="2931" SrcFileId="6" StartOffset="2918"/>
</LocList>
</BasicStmnt>
</StmntSeq>
</Branch>
<Keyword EndOffset="2833" SrcFileId="6" StartOffset="2831"/>
<LocList>
<Loc EndOffset="2931" SrcFileId="6" StartOffset="2831"/>
</LocList>
<RootTerm CovItemId="C9" CovItemPrefix="my.PSM.unitTestPSM.DBConnectionTest.java" Intrnl_Id="1017">
<BasicBoolTerm Intrnl_Id="1018">
<LocList>
<Loc EndOffset="2888" SrcFileId="6" StartOffset="2835"/>
</LocList>
</BasicBoolTerm>
</RootTerm>
</CondStmnt>
<BasicStmnt CovItemId="S58" CovItemPrefix="my.PSM.unitTestPSM.DBConnectionTest.java" Intrnl_Id="1019">
<LocList>
<Loc EndOffset="2959" SrcFileId="6" StartOffset="2935"/>
</LocList>
</BasicStmnt>
</StmntSeq>
</HierarchyLvl>
<HierarchyLvl HierarchyLvlId="193" HierarchyLvlTypeId="22" Intrnl_Id="1020" Name="testFetchCourseEnd">
<Header>
<Loc EndOffset="3008" SrcFileId="6" StartOffset="2968"/>
</Header>
<LocList>
<Loc EndOffset="3212" SrcFileId="6" StartOffset="2968"/>
</LocList>
<StmntSeq Intrnl_Id="1021">
<LocList>
<Loc EndOffset="3035" SrcFileId="6" StartOffset="3014"/>
<Loc EndOffset="3066" SrcFileId="6" StartOffset="3039"/>
<Loc EndOffset="3180" SrcFileId="6" StartOffset="3084"/>
<Loc EndOffset="3208" SrcFileId="6" StartOffset="3184"/>
</LocList>
<BasicStmnt CovItemId="S59" CovItemPrefix="my.PSM.unitTestPSM.DBConnectionTest.java" Intrnl_Id="1022">
<LocList>
<Loc EndOffset="3035" SrcFileId="6" StartOffset="3014"/>
</LocList>
</BasicStmnt>
<BasicStmnt CovItemId="S60" CovItemPrefix="my.PSM.unitTestPSM.DBConnectionTest.java" Intrnl_Id="1023">
<LocList>
<Loc EndOffset="3066" SrcFileId="6" StartOffset="3039"/>
</LocList>
</BasicStmnt>
<CondStmnt CovItemId="S61" CovItemPrefix="my.PSM.unitTestPSM.DBConnectionTest.java" Intrnl_Id="1024">
<Branch CovItemId="B17" CovItemPrefix="my.PSM.unitTestPSM.DBConnectionTest.java" Implct="false" Intrnl_Id="1025">
<Cond/>
<LocList>
<Loc EndOffset="3161" SrcFileId="6" StartOffset="3138"/>
</LocList>
<StmntSeq Intrnl_Id="1026">
<LocList>
<Loc EndOffset="3156" SrcFileId="6" StartOffset="3144"/>
</LocList>
<BasicStmnt CovItemId="S62" CovItemPrefix="my.PSM.unitTestPSM.DBConnectionTest.java" Intrnl_Id="1027">
<LocList>
<Loc EndOffset="3156" SrcFileId="6" StartOffset="3144"/>
</LocList>
</BasicStmnt>
</StmntSeq>
</Branch>
<Branch CovItemId="B18" CovItemPrefix="my.PSM.unitTestPSM.DBConnectionTest.java" Implct="false" Intrnl_Id="1028">
<Cond>
<Loc EndOffset="3166" SrcFileId="6" StartOffset="3162"/>
</Cond>
<LocList>
<Loc EndOffset="3180" SrcFileId="6" StartOffset="3167"/>
</LocList>
<StmntSeq Intrnl_Id="1029">
<LocList>
<Loc EndOffset="3180" SrcFileId="6" StartOffset="3167"/>
</LocList>
<BasicStmnt CovItemId="S63" CovItemPrefix="my.PSM.unitTestPSM.DBConnectionTest.java" Intrnl_Id="1030">
<LocList>
<Loc EndOffset="3180" SrcFileId="6" StartOffset="3167"/>
</LocList>
</BasicStmnt>
</StmntSeq>
</Branch>
<Keyword EndOffset="3086" SrcFileId="6" StartOffset="3084"/>
<LocList>
<Loc EndOffset="3180" SrcFileId="6" StartOffset="3084"/>
</LocList>
<RootTerm CovItemId="C10" CovItemPrefix="my.PSM.unitTestPSM.DBConnectionTest.java" Intrnl_Id="1031">
<BasicBoolTerm Intrnl_Id="1032">
<LocList>
<Loc EndOffset="3137" SrcFileId="6" StartOffset="3088"/>
</LocList>
</BasicBoolTerm>
</RootTerm>
</CondStmnt>
<BasicStmnt CovItemId="S64" CovItemPrefix="my.PSM.unitTestPSM.DBConnectionTest.java" Intrnl_Id="1033">
<LocList>
<Loc EndOffset="3208" SrcFileId="6" StartOffset="3184"/>
</LocList>
</BasicStmnt>
</StmntSeq>
</HierarchyLvl>
<HierarchyLvl HierarchyLvlId="194" HierarchyLvlTypeId="22" Intrnl_Id="1034" Name="testFetchStartMon">
<Header>
<Loc EndOffset="3256" SrcFileId="6" StartOffset="3217"/>
</Header>
<LocList>
<Loc EndOffset="3458" SrcFileId="6" StartOffset="3217"/>
</LocList>
<StmntSeq Intrnl_Id="1035">
<LocList>
<Loc EndOffset="3283" SrcFileId="6" StartOffset="3262"/>
<Loc EndOffset="3312" SrcFileId="6" StartOffset="3287"/>
<Loc EndOffset="3426" SrcFileId="6" StartOffset="3330"/>
<Loc EndOffset="3454" SrcFileId="6" StartOffset="3430"/>
</LocList>
<BasicStmnt CovItemId="S65" CovItemPrefix="my.PSM.unitTestPSM.DBConnectionTest.java" Intrnl_Id="1036">
<LocList>
<Loc EndOffset="3283" SrcFileId="6" StartOffset="3262"/>
</LocList>
</BasicStmnt>
<BasicStmnt CovItemId="S66" CovItemPrefix="my.PSM.unitTestPSM.DBConnectionTest.java" Intrnl_Id="1037">
<LocList>
<Loc EndOffset="3312" SrcFileId="6" StartOffset="3287"/>
</LocList>
</BasicStmnt>
<CondStmnt CovItemId="S67" CovItemPrefix="my.PSM.unitTestPSM.DBConnectionTest.java" Intrnl_Id="1038">
<Branch CovItemId="B19" CovItemPrefix="my.PSM.unitTestPSM.DBConnectionTest.java" Implct="false" Intrnl_Id="1039">
<Cond/>
<LocList>
<Loc EndOffset="3407" SrcFileId="6" StartOffset="3384"/>
</LocList>
<StmntSeq Intrnl_Id="1040">
<LocList>
<Loc EndOffset="3402" SrcFileId="6" StartOffset="3390"/>
</LocList>
<BasicStmnt CovItemId="S68" CovItemPrefix="my.PSM.unitTestPSM.DBConnectionTest.java" Intrnl_Id="1041">
<LocList>
<Loc EndOffset="3402" SrcFileId="6" StartOffset="3390"/>
</LocList>
</BasicStmnt>
</StmntSeq>
</Branch>
<Branch CovItemId="B20" CovItemPrefix="my.PSM.unitTestPSM.DBConnectionTest.java" Implct="false" Intrnl_Id="1042">
<Cond>
<Loc EndOffset="3412" SrcFileId="6" StartOffset="3408"/>
</Cond>
<LocList>
<Loc EndOffset="3426" SrcFileId="6" StartOffset="3413"/>
</LocList>
<StmntSeq Intrnl_Id="1043">
<LocList>
<Loc EndOffset="3426" SrcFileId="6" StartOffset="3413"/>
</LocList>
<BasicStmnt CovItemId="S69" CovItemPrefix="my.PSM.unitTestPSM.DBConnectionTest.java" Intrnl_Id="1044">
<LocList>
<Loc EndOffset="3426" SrcFileId="6" StartOffset="3413"/>
</LocList>
</BasicStmnt>
</StmntSeq>
</Branch>
<Keyword EndOffset="3332" SrcFileId="6" StartOffset="3330"/>
<LocList>
<Loc EndOffset="3426" SrcFileId="6" StartOffset="3330"/>
</LocList>
<RootTerm CovItemId="C11" CovItemPrefix="my.PSM.unitTestPSM.DBConnectionTest.java" Intrnl_Id="1045">
<BasicBoolTerm Intrnl_Id="1046">
<LocList>
<Loc EndOffset="3383" SrcFileId="6" StartOffset="3334"/>
</LocList>
</BasicBoolTerm>
</RootTerm>
</CondStmnt>
<BasicStmnt CovItemId="S70" CovItemPrefix="my.PSM.unitTestPSM.DBConnectionTest.java" Intrnl_Id="1047">
<LocList>
<Loc EndOffset="3454" SrcFileId="6" StartOffset="3430"/>
</LocList>
</BasicStmnt>
</StmntSeq>
</HierarchyLvl>
<HierarchyLvl HierarchyLvlId="195" HierarchyLvlTypeId="22" Intrnl_Id="1048" Name="testFetchEndMon">
<Header>
<Loc EndOffset="3500" SrcFileId="6" StartOffset="3463"/>
</Header>
<LocList>
<Loc EndOffset="3696" SrcFileId="6" StartOffset="3463"/>
</LocList>
<StmntSeq Intrnl_Id="1049">
<LocList>
<Loc EndOffset="3527" SrcFileId="6" StartOffset="3506"/>
<Loc EndOffset="3554" SrcFileId="6" StartOffset="3531"/>
<Loc EndOffset="3664" SrcFileId="6" StartOffset="3572"/>
<Loc EndOffset="3692" SrcFileId="6" StartOffset="3668"/>
</LocList>
<BasicStmnt CovItemId="S71" CovItemPrefix="my.PSM.unitTestPSM.DBConnectionTest.java" Intrnl_Id="1050">
<LocList>
<Loc EndOffset="3527" SrcFileId="6" StartOffset="3506"/>
</LocList>
</BasicStmnt>
<BasicStmnt CovItemId="S72" CovItemPrefix="my.PSM.unitTestPSM.DBConnectionTest.java" Intrnl_Id="1051">
<LocList>
<Loc EndOffset="3554" SrcFileId="6" StartOffset="3531"/>
</LocList>
</BasicStmnt>
<CondStmnt CovItemId="S73" CovItemPrefix="my.PSM.unitTestPSM.DBConnectionTest.java" Intrnl_Id="1052">
<Branch CovItemId="B21" CovItemPrefix="my.PSM.unitTestPSM.DBConnectionTest.java" Implct="false" Intrnl_Id="1053">
<Cond/>
<LocList>
<Loc EndOffset="3645" SrcFileId="6" StartOffset="3622"/>
</LocList>
<StmntSeq Intrnl_Id="1054">
<LocList>
<Loc EndOffset="3640" SrcFileId="6" StartOffset="3628"/>
</LocList>
<BasicStmnt CovItemId="S74" CovItemPrefix="my.PSM.unitTestPSM.DBConnectionTest.java" Intrnl_Id="1055">
<LocList>
<Loc EndOffset="3640" SrcFileId="6" StartOffset="3628"/>
</LocList>
</BasicStmnt>
</StmntSeq>
</Branch>
<Branch CovItemId="B22" CovItemPrefix="my.PSM.unitTestPSM.DBConnectionTest.java" Implct="false" Intrnl_Id="1056">
<Cond>
<Loc EndOffset="3650" SrcFileId="6" StartOffset="3646"/>
</Cond>
<LocList>
<Loc EndOffset="3664" SrcFileId="6" StartOffset="3651"/>
</LocList>
<StmntSeq Intrnl_Id="1057">
<LocList>
<Loc EndOffset="3664" SrcFileId="6" StartOffset="3651"/>
</LocList>
<BasicStmnt CovItemId="S75" CovItemPrefix="my.PSM.unitTestPSM.DBConnectionTest.java" Intrnl_Id="1058">
<LocList>
<Loc EndOffset="3664" SrcFileId="6" StartOffset="3651"/>
</LocList>
</BasicStmnt>
</StmntSeq>
</Branch>
<Keyword EndOffset="3574" SrcFileId="6" StartOffset="3572"/>
<LocList>
<Loc EndOffset="3664" SrcFileId="6" StartOffset="3572"/>
</LocList>
<RootTerm CovItemId="C12" CovItemPrefix="my.PSM.unitTestPSM.DBConnectionTest.java" Intrnl_Id="1059">
<BasicBoolTerm Intrnl_Id="1060">
<LocList>
<Loc EndOffset="3621" SrcFileId="6" StartOffset="3576"/>
</LocList>
</BasicBoolTerm>
</RootTerm>
</CondStmnt>
<BasicStmnt CovItemId="S76" CovItemPrefix="my.PSM.unitTestPSM.DBConnectionTest.java" Intrnl_Id="1061">
<LocList>
<Loc EndOffset="3692" SrcFileId="6" StartOffset="3668"/>
</LocList>
</BasicStmnt>
</StmntSeq>
</HierarchyLvl>
<HierarchyLvl HierarchyLvlId="196" HierarchyLvlTypeId="22" Intrnl_Id="1062" Name="testFetchStartTue">
<Header>
<Loc EndOffset="3740" SrcFileId="6" StartOffset="3701"/>
</Header>
<LocList>
<Loc EndOffset="3926" SrcFileId="6" StartOffset="3701"/>
</LocList>
<StmntSeq Intrnl_Id="1063">
<LocList>
<Loc EndOffset="3767" SrcFileId="6" StartOffset="3746"/>
<Loc EndOffset="3793" SrcFileId="6" StartOffset="3771"/>
<Loc EndOffset="3894" SrcFileId="6" StartOffset="3811"/>
<Loc EndOffset="3922" SrcFileId="6" StartOffset="3898"/>
</LocList>
<BasicStmnt CovItemId="S77" CovItemPrefix="my.PSM.unitTestPSM.DBConnectionTest.java" Intrnl_Id="1064">
<LocList>
<Loc EndOffset="3767" SrcFileId="6" StartOffset="3746"/>
</LocList>
</BasicStmnt>
<BasicStmnt CovItemId="S78" CovItemPrefix="my.PSM.unitTestPSM.DBConnectionTest.java" Intrnl_Id="1065">
<LocList>
<Loc EndOffset="3793" SrcFileId="6" StartOffset="3771"/>
</LocList>
</BasicStmnt>
<CondStmnt CovItemId="S79" CovItemPrefix="my.PSM.unitTestPSM.DBConnectionTest.java" Intrnl_Id="1066">
<Branch CovItemId="B23" CovItemPrefix="my.PSM.unitTestPSM.DBConnectionTest.java" Implct="false" Intrnl_Id="1067">
<Cond/>
<LocList>
<Loc EndOffset="3875" SrcFileId="6" StartOffset="3852"/>
</LocList>
<StmntSeq Intrnl_Id="1068">
<LocList>
<Loc EndOffset="3870" SrcFileId="6" StartOffset="3858"/>
</LocList>
<BasicStmnt CovItemId="S80" CovItemPrefix="my.PSM.unitTestPSM.DBConnectionTest.java" Intrnl_Id="1069">
<LocList>
<Loc EndOffset="3870" SrcFileId="6" StartOffset="3858"/>
</LocList>
</BasicStmnt>
</StmntSeq>
</Branch>
<Branch CovItemId="B24" CovItemPrefix="my.PSM.unitTestPSM.DBConnectionTest.java" Implct="false" Intrnl_Id="1070">
<Cond>
<Loc EndOffset="3880" SrcFileId="6" StartOffset="3876"/>
</Cond>
<LocList>
<Loc EndOffset="3894" SrcFileId="6" StartOffset="3881"/>
</LocList>
<StmntSeq Intrnl_Id="1071">
<LocList>
<Loc EndOffset="3894" SrcFileId="6" StartOffset="3881"/>
</LocList>
<BasicStmnt CovItemId="S81" CovItemPrefix="my.PSM.unitTestPSM.DBConnectionTest.java" Intrnl_Id="1072">
<LocList>
<Loc EndOffset="3894" SrcFileId="6" StartOffset="3881"/>
</LocList>
</BasicStmnt>
</StmntSeq>
</Branch>
<Keyword EndOffset="3813" SrcFileId="6" StartOffset="3811"/>
<LocList>
<Loc EndOffset="3894" SrcFileId="6" StartOffset="3811"/>
</LocList>
<RootTerm CovItemId="C13" CovItemPrefix="my.PSM.unitTestPSM.DBConnectionTest.java" Intrnl_Id="1073">
<BasicBoolTerm Intrnl_Id="1074">
<LocList>
<Loc EndOffset="3851" SrcFileId="6" StartOffset="3815"/>
</LocList>
</BasicBoolTerm>
</RootTerm>
</CondStmnt>
<BasicStmnt CovItemId="S82" CovItemPrefix="my.PSM.unitTestPSM.DBConnectionTest.java" Intrnl_Id="1075">
<LocList>
<Loc EndOffset="3922" SrcFileId="6" StartOffset="3898"/>
</LocList>
</BasicStmnt>
</StmntSeq>
</HierarchyLvl>
<HierarchyLvl HierarchyLvlId="197" HierarchyLvlTypeId="22" Intrnl_Id="1076" Name="testFetchEndTue">
<Header>
<Loc EndOffset="3968" SrcFileId="6" StartOffset="3931"/>
</Header>
<LocList>
<Loc EndOffset="4148" SrcFileId="6" StartOffset="3931"/>
</LocList>
<StmntSeq Intrnl_Id="1077">
<LocList>
<Loc EndOffset="3995" SrcFileId="6" StartOffset="3974"/>
<Loc EndOffset="4019" SrcFileId="6" StartOffset="3999"/>
<Loc EndOffset="4116" SrcFileId="6" StartOffset="4037"/>
<Loc EndOffset="4144" SrcFileId="6" StartOffset="4120"/>
</LocList>
<BasicStmnt CovItemId="S83" CovItemPrefix="my.PSM.unitTestPSM.DBConnectionTest.java" Intrnl_Id="1078">
<LocList>
<Loc EndOffset="3995" SrcFileId="6" StartOffset="3974"/>
</LocList>
</BasicStmnt>
<BasicStmnt CovItemId="S84" CovItemPrefix="my.PSM.unitTestPSM.DBConnectionTest.java" Intrnl_Id="1079">
<LocList>
<Loc EndOffset="4019" SrcFileId="6" StartOffset="3999"/>
</LocList>
</BasicStmnt>
<CondStmnt CovItemId="S85" CovItemPrefix="my.PSM.unitTestPSM.DBConnectionTest.java" Intrnl_Id="1080">
<Branch CovItemId="B25" CovItemPrefix="my.PSM.unitTestPSM.DBConnectionTest.java" Implct="false" Intrnl_Id="1081">
<Cond/>
<LocList>
<Loc EndOffset="4097" SrcFileId="6" StartOffset="4074"/>
</LocList>
<StmntSeq Intrnl_Id="1082">
<LocList>
<Loc EndOffset="4092" SrcFileId="6" StartOffset="4080"/>
</LocList>
<BasicStmnt CovItemId="S86" CovItemPrefix="my.PSM.unitTestPSM.DBConnectionTest.java" Intrnl_Id="1083">
<LocList>
<Loc EndOffset="4092" SrcFileId="6" StartOffset="4080"/>
</LocList>
</BasicStmnt>
</StmntSeq>
</Branch>
<Branch CovItemId="B26" CovItemPrefix="my.PSM.unitTestPSM.DBConnectionTest.java" Implct="false" Intrnl_Id="1084">
<Cond>
<Loc EndOffset="4102" SrcFileId="6" StartOffset="4098"/>
</Cond>
<LocList>
<Loc EndOffset="4116" SrcFileId="6" StartOffset="4103"/>
</LocList>
<StmntSeq Intrnl_Id="1085">
<LocList>
<Loc EndOffset="4116" SrcFileId="6" StartOffset="4103"/>
</LocList>
<BasicStmnt CovItemId="S87" CovItemPrefix="my.PSM.unitTestPSM.DBConnectionTest.java" Intrnl_Id="1086">
<LocList>
<Loc EndOffset="4116" SrcFileId="6" StartOffset="4103"/>
</LocList>
</BasicStmnt>
</StmntSeq>
</Branch>
<Keyword EndOffset="4039" SrcFileId="6" StartOffset="4037"/>
<LocList>
<Loc EndOffset="4116" SrcFileId="6" StartOffset="4037"/>
</LocList>
<RootTerm CovItemId="C14" CovItemPrefix="my.PSM.unitTestPSM.DBConnectionTest.java" Intrnl_Id="1087">
<BasicBoolTerm Intrnl_Id="1088">
<LocList>
<Loc EndOffset="4073" SrcFileId="6" StartOffset="4041"/>
</LocList>
</BasicBoolTerm>
</RootTerm>
</CondStmnt>
<BasicStmnt CovItemId="S88" CovItemPrefix="my.PSM.unitTestPSM.DBConnectionTest.java" Intrnl_Id="1089">
<LocList>
<Loc EndOffset="4144" SrcFileId="6" StartOffset="4120"/>
</LocList>
</BasicStmnt>
</StmntSeq>
</HierarchyLvl>
<HierarchyLvl HierarchyLvlId="198" HierarchyLvlTypeId="22" Intrnl_Id="1090" Name="testFetchStartWed">
<Header>
<Loc EndOffset="4192" SrcFileId="6" StartOffset="4153"/>
</Header>
<LocList>
<Loc EndOffset="4394" SrcFileId="6" StartOffset="4153"/>
</LocList>
<StmntSeq Intrnl_Id="1091">
<LocList>
<Loc EndOffset="4219" SrcFileId="6" StartOffset="4198"/>
<Loc EndOffset="4248" SrcFileId="6" StartOffset="4223"/>
<Loc EndOffset="4362" SrcFileId="6" StartOffset="4266"/>
<Loc EndOffset="4390" SrcFileId="6" StartOffset="4366"/>
</LocList>
<BasicStmnt CovItemId="S89" CovItemPrefix="my.PSM.unitTestPSM.DBConnectionTest.java" Intrnl_Id="1092">
<LocList>
<Loc EndOffset="4219" SrcFileId="6" StartOffset="4198"/>
</LocList>
</BasicStmnt>
<BasicStmnt CovItemId="S90" CovItemPrefix="my.PSM.unitTestPSM.DBConnectionTest.java" Intrnl_Id="1093">
<LocList>
<Loc EndOffset="4248" SrcFileId="6" StartOffset="4223"/>
</LocList>
</BasicStmnt>
<CondStmnt CovItemId="S91" CovItemPrefix="my.PSM.unitTestPSM.DBConnectionTest.java" Intrnl_Id="1094">
<Branch CovItemId="B27" CovItemPrefix="my.PSM.unitTestPSM.DBConnectionTest.java" Implct="false" Intrnl_Id="1095">
<Cond/>
<LocList>
<Loc EndOffset="4343" SrcFileId="6" StartOffset="4320"/>
</LocList>
<StmntSeq Intrnl_Id="1096">
<LocList>
<Loc EndOffset="4338" SrcFileId="6" StartOffset="4326"/>
</LocList>
<BasicStmnt CovItemId="S92" CovItemPrefix="my.PSM.unitTestPSM.DBConnectionTest.java" Intrnl_Id="1097">
<LocList>
<Loc EndOffset="4338" SrcFileId="6" StartOffset="4326"/>
</LocList>
</BasicStmnt>
</StmntSeq>
</Branch>
<Branch CovItemId="B28" CovItemPrefix="my.PSM.unitTestPSM.DBConnectionTest.java" Implct="false" Intrnl_Id="1098">
<Cond>
<Loc EndOffset="4348" SrcFileId="6" StartOffset="4344"/>
</Cond>
<LocList>
<Loc EndOffset="4362" SrcFileId="6" StartOffset="4349"/>
</LocList>
<StmntSeq Intrnl_Id="1099">
<LocList>
<Loc EndOffset="4362" SrcFileId="6" StartOffset="4349"/>
</LocList>
<BasicStmnt CovItemId="S93" CovItemPrefix="my.PSM.unitTestPSM.DBConnectionTest.java" Intrnl_Id="1100">
<LocList>
<Loc EndOffset="4362" SrcFileId="6" StartOffset="4349"/>
</LocList>
</BasicStmnt>
</StmntSeq>
</Branch>
<Keyword EndOffset="4268" SrcFileId="6" StartOffset="4266"/>
<LocList>
<Loc EndOffset="4362" SrcFileId="6" StartOffset="4266"/>
</LocList>
<RootTerm CovItemId="C15" CovItemPrefix="my.PSM.unitTestPSM.DBConnectionTest.java" Intrnl_Id="1101">
<BasicBoolTerm Intrnl_Id="1102">
<LocList>
<Loc EndOffset="4319" SrcFileId="6" StartOffset="4270"/>
</LocList>
</BasicBoolTerm>
</RootTerm>
</CondStmnt>
<BasicStmnt CovItemId="S94" CovItemPrefix="my.PSM.unitTestPSM.DBConnectionTest.java" Intrnl_Id="1103">
<LocList>
<Loc EndOffset="4390" SrcFileId="6" StartOffset="4366"/>
</LocList>
</BasicStmnt>
</StmntSeq>
</HierarchyLvl>
<HierarchyLvl HierarchyLvlId="199" HierarchyLvlTypeId="22" Intrnl_Id="1104" Name="testFetchEndWed">
<Header>
<Loc EndOffset="4436" SrcFileId="6" StartOffset="4399"/>
</Header>
<LocList>
<Loc EndOffset="4632" SrcFileId="6" StartOffset="4399"/>
</LocList>
<StmntSeq Intrnl_Id="1105">
<LocList>
<Loc EndOffset="4463" SrcFileId="6" StartOffset="4442"/>
<Loc EndOffset="4490" SrcFileId="6" StartOffset="4467"/>
<Loc EndOffset="4600" SrcFileId="6" StartOffset="4508"/>
<Loc EndOffset="4628" SrcFileId="6" StartOffset="4604"/>
</LocList>
<BasicStmnt CovItemId="S95" CovItemPrefix="my.PSM.unitTestPSM.DBConnectionTest.java" Intrnl_Id="1106">
<LocList>
<Loc EndOffset="4463" SrcFileId="6" StartOffset="4442"/>
</LocList>
</BasicStmnt>
<BasicStmnt CovItemId="S96" CovItemPrefix="my.PSM.unitTestPSM.DBConnectionTest.java" Intrnl_Id="1107">
<LocList>
<Loc EndOffset="4490" SrcFileId="6" StartOffset="4467"/>
</LocList>
</BasicStmnt>
<CondStmnt CovItemId="S97" CovItemPrefix="my.PSM.unitTestPSM.DBConnectionTest.java" Intrnl_Id="1108">
<Branch CovItemId="B29" CovItemPrefix="my.PSM.unitTestPSM.DBConnectionTest.java" Implct="false" Intrnl_Id="1109">
<Cond/>
<LocList>
<Loc EndOffset="4581" SrcFileId="6" StartOffset="4558"/>
</LocList>
<StmntSeq Intrnl_Id="1110">
<LocList>
<Loc EndOffset="4576" SrcFileId="6" StartOffset="4564"/>
</LocList>
<BasicStmnt CovItemId="S98" CovItemPrefix="my.PSM.unitTestPSM.DBConnectionTest.java" Intrnl_Id="1111">
<LocList>
<Loc EndOffset="4576" SrcFileId="6" StartOffset="4564"/>
</LocList>
</BasicStmnt>
</StmntSeq>
</Branch>
<Branch CovItemId="B30" CovItemPrefix="my.PSM.unitTestPSM.DBConnectionTest.java" Implct="false" Intrnl_Id="1112">
<Cond>
<Loc EndOffset="4586" SrcFileId="6" StartOffset="4582"/>
</Cond>
<LocList>
<Loc EndOffset="4600" SrcFileId="6" StartOffset="4587"/>
</LocList>
<StmntSeq Intrnl_Id="1113">
<LocList>
<Loc EndOffset="4600" SrcFileId="6" StartOffset="4587"/>
</LocList>
<BasicStmnt CovItemId="S99" CovItemPrefix="my.PSM.unitTestPSM.DBConnectionTest.java" Intrnl_Id="1114">
<LocList>
<Loc EndOffset="4600" SrcFileId="6" StartOffset="4587"/>
</LocList>
</BasicStmnt>
</StmntSeq>
</Branch>
<Keyword EndOffset="4510" SrcFileId="6" StartOffset="4508"/>
<LocList>
<Loc EndOffset="4600" SrcFileId="6" StartOffset="4508"/>
</LocList>
<RootTerm CovItemId="C16" CovItemPrefix="my.PSM.unitTestPSM.DBConnectionTest.java" Intrnl_Id="1115">
<BasicBoolTerm Intrnl_Id="1116">
<LocList>
<Loc EndOffset="4557" SrcFileId="6" StartOffset="4512"/>
</LocList>
</BasicBoolTerm>
</RootTerm>
</CondStmnt>
<BasicStmnt CovItemId="S100" CovItemPrefix="my.PSM.unitTestPSM.DBConnectionTest.java" Intrnl_Id="1117">
<LocList>
<Loc EndOffset="4628" SrcFileId="6" StartOffset="4604"/>
</LocList>
</BasicStmnt>
</StmntSeq>
</HierarchyLvl>
<HierarchyLvl HierarchyLvlId="200" HierarchyLvlTypeId="22" Intrnl_Id="1118" Name="testFetchStartThu">
<Header>
<Loc EndOffset="4676" SrcFileId="6" StartOffset="4637"/>
</Header>
<LocList>
<Loc EndOffset="4862" SrcFileId="6" StartOffset="4637"/>
</LocList>
<StmntSeq Intrnl_Id="1119">
<LocList>
<Loc EndOffset="4703" SrcFileId="6" StartOffset="4682"/>
<Loc EndOffset="4729" SrcFileId="6" StartOffset="4707"/>
<Loc EndOffset="4830" SrcFileId="6" StartOffset="4747"/>
<Loc EndOffset="4858" SrcFileId="6" StartOffset="4834"/>
</LocList>
<BasicStmnt CovItemId="S101" CovItemPrefix="my.PSM.unitTestPSM.DBConnectionTest.java" Intrnl_Id="1120">
<LocList>
<Loc EndOffset="4703" SrcFileId="6" StartOffset="4682"/>
</LocList>
</BasicStmnt>
<BasicStmnt CovItemId="S102" CovItemPrefix="my.PSM.unitTestPSM.DBConnectionTest.java" Intrnl_Id="1121">
<LocList>
<Loc EndOffset="4729" SrcFileId="6" StartOffset="4707"/>
</LocList>
</BasicStmnt>
<CondStmnt CovItemId="S103" CovItemPrefix="my.PSM.unitTestPSM.DBConnectionTest.java" Intrnl_Id="1122">
<Branch CovItemId="B31" CovItemPrefix="my.PSM.unitTestPSM.DBConnectionTest.java" Implct="false" Intrnl_Id="1123">
<Cond/>
<LocList>
<Loc EndOffset="4811" SrcFileId="6" StartOffset="4788"/>
</LocList>
<StmntSeq Intrnl_Id="1124">
<LocList>
<Loc EndOffset="4806" SrcFileId="6" StartOffset="4794"/>
</LocList>
<BasicStmnt CovItemId="S104" CovItemPrefix="my.PSM.unitTestPSM.DBConnectionTest.java" Intrnl_Id="1125">
<LocList>
<Loc EndOffset="4806" SrcFileId="6" StartOffset="4794"/>
</LocList>
</BasicStmnt>
</StmntSeq>
</Branch>
<Branch CovItemId="B32" CovItemPrefix="my.PSM.unitTestPSM.DBConnectionTest.java" Implct="false" Intrnl_Id="1126">
<Cond>
<Loc EndOffset="4816" SrcFileId="6" StartOffset="4812"/>
</Cond>
<LocList>
<Loc EndOffset="4830" SrcFileId="6" StartOffset="4817"/>
</LocList>
<StmntSeq Intrnl_Id="1127">
<LocList>
<Loc EndOffset="4830" SrcFileId="6" StartOffset="4817"/>
</LocList>
<BasicStmnt CovItemId="S105" CovItemPrefix="my.PSM.unitTestPSM.DBConnectionTest.java" Intrnl_Id="1128">
<LocList>
<Loc EndOffset="4830" SrcFileId="6" StartOffset="4817"/>
</LocList>
</BasicStmnt>
</StmntSeq>
</Branch>
<Keyword EndOffset="4749" SrcFileId="6" StartOffset="4747"/>
<LocList>
<Loc EndOffset="4830" SrcFileId="6" StartOffset="4747"/>
</LocList>
<RootTerm CovItemId="C17" CovItemPrefix="my.PSM.unitTestPSM.DBConnectionTest.java" Intrnl_Id="1129">
<BasicBoolTerm Intrnl_Id="1130">
<LocList>
<Loc EndOffset="4787" SrcFileId="6" StartOffset="4751"/>
</LocList>
</BasicBoolTerm>
</RootTerm>
</CondStmnt>
<BasicStmnt CovItemId="S106" CovItemPrefix="my.PSM.unitTestPSM.DBConnectionTest.java" Intrnl_Id="1131">
<LocList>
<Loc EndOffset="4858" SrcFileId="6" StartOffset="4834"/>
</LocList>
</BasicStmnt>
</StmntSeq>
</HierarchyLvl>
<HierarchyLvl HierarchyLvlId="201" HierarchyLvlTypeId="22" Intrnl_Id="1132" Name="testFetchEndThu">
<Header>
<Loc EndOffset="4904" SrcFileId="6" StartOffset="4867"/>
</Header>
<LocList>
<Loc EndOffset="5084" SrcFileId="6" StartOffset="4867"/>
</LocList>
<StmntSeq Intrnl_Id="1133">
<LocList>
<Loc EndOffset="4931" SrcFileId="6" StartOffset="4910"/>
<Loc EndOffset="4955" SrcFileId="6" StartOffset="4935"/>
<Loc EndOffset="5052" SrcFileId="6" StartOffset="4973"/>
<Loc EndOffset="5080" SrcFileId="6" StartOffset="5056"/>
</LocList>
<BasicStmnt CovItemId="S107" CovItemPrefix="my.PSM.unitTestPSM.DBConnectionTest.java" Intrnl_Id="1134">
<LocList>
<Loc EndOffset="4931" SrcFileId="6" StartOffset="4910"/>
</LocList>
</BasicStmnt>
<BasicStmnt CovItemId="S108" CovItemPrefix="my.PSM.unitTestPSM.DBConnectionTest.java" Intrnl_Id="1135">
<LocList>
<Loc EndOffset="4955" SrcFileId="6" StartOffset="4935"/>
</LocList>
</BasicStmnt>
<CondStmnt CovItemId="S109" CovItemPrefix="my.PSM.unitTestPSM.DBConnectionTest.java" Intrnl_Id="1136">
<Branch CovItemId="B33" CovItemPrefix="my.PSM.unitTestPSM.DBConnectionTest.java" Implct="false" Intrnl_Id="1137">
<Cond/>
<LocList>
<Loc EndOffset="5033" SrcFileId="6" StartOffset="5010"/>
</LocList>
<StmntSeq Intrnl_Id="1138">
<LocList>
<Loc EndOffset="5028" SrcFileId="6" StartOffset="5016"/>
</LocList>
<BasicStmnt CovItemId="S110" CovItemPrefix="my.PSM.unitTestPSM.DBConnectionTest.java" Intrnl_Id="1139">
<LocList>
<Loc EndOffset="5028" SrcFileId="6" StartOffset="5016"/>
</LocList>
</BasicStmnt>
</StmntSeq>
</Branch>
<Branch CovItemId="B34" CovItemPrefix="my.PSM.unitTestPSM.DBConnectionTest.java" Implct="false" Intrnl_Id="1140">
<Cond>
<Loc EndOffset="5038" SrcFileId="6" StartOffset="5034"/>
</Cond>
<LocList>
<Loc EndOffset="5052" SrcFileId="6" StartOffset="5039"/>
</LocList>
<StmntSeq Intrnl_Id="1141">
<LocList>
<Loc EndOffset="5052" SrcFileId="6" StartOffset="5039"/>
</LocList>
<BasicStmnt CovItemId="S111" CovItemPrefix="my.PSM.unitTestPSM.DBConnectionTest.java" Intrnl_Id="1142">
<LocList>
<Loc EndOffset="5052" SrcFileId="6" StartOffset="5039"/>
</LocList>
</BasicStmnt>
</StmntSeq>
</Branch>
<Keyword EndOffset="4975" SrcFileId="6" StartOffset="4973"/>
<LocList>
<Loc EndOffset="5052" SrcFileId="6" StartOffset="4973"/>
</LocList>
<RootTerm CovItemId="C18" CovItemPrefix="my.PSM.unitTestPSM.DBConnectionTest.java" Intrnl_Id="1143">
<BasicBoolTerm Intrnl_Id="1144">
<LocList>
<Loc EndOffset="5009" SrcFileId="6" StartOffset="4977"/>
</LocList>
</BasicBoolTerm>
</RootTerm>
</CondStmnt>
<BasicStmnt CovItemId="S112" CovItemPrefix="my.PSM.unitTestPSM.DBConnectionTest.java" Intrnl_Id="1145">
<LocList>
<Loc EndOffset="5080" SrcFileId="6" StartOffset="5056"/>
</LocList>
</BasicStmnt>
</StmntSeq>
</HierarchyLvl>
<HierarchyLvl HierarchyLvlId="202" HierarchyLvlTypeId="22" Intrnl_Id="1146" Name="testFetchStartFri">
<Header>
<Loc EndOffset="5128" SrcFileId="6" StartOffset="5089"/>
</Header>
<LocList>
<Loc EndOffset="5330" SrcFileId="6" StartOffset="5089"/>
</LocList>
<StmntSeq Intrnl_Id="1147">
<LocList>
<Loc EndOffset="5155" SrcFileId="6" StartOffset="5134"/>
<Loc EndOffset="5184" SrcFileId="6" StartOffset="5159"/>
<Loc EndOffset="5298" SrcFileId="6" StartOffset="5202"/>
<Loc EndOffset="5326" SrcFileId="6" StartOffset="5302"/>
</LocList>
<BasicStmnt CovItemId="S113" CovItemPrefix="my.PSM.unitTestPSM.DBConnectionTest.java" Intrnl_Id="1148">
<LocList>
<Loc EndOffset="5155" SrcFileId="6" StartOffset="5134"/>
</LocList>
</BasicStmnt>
<BasicStmnt CovItemId="S114" CovItemPrefix="my.PSM.unitTestPSM.DBConnectionTest.java" Intrnl_Id="1149">
<LocList>
<Loc EndOffset="5184" SrcFileId="6" StartOffset="5159"/>
</LocList>
</BasicStmnt>
<CondStmnt CovItemId="S115" CovItemPrefix="my.PSM.unitTestPSM.DBConnectionTest.java" Intrnl_Id="1150">
<Branch CovItemId="B35" CovItemPrefix="my.PSM.unitTestPSM.DBConnectionTest.java" Implct="false" Intrnl_Id="1151">
<Cond/>
<LocList>
<Loc EndOffset="5279" SrcFileId="6" StartOffset="5256"/>
</LocList>
<StmntSeq Intrnl_Id="1152">
<LocList>
<Loc EndOffset="5274" SrcFileId="6" StartOffset="5262"/>
</LocList>
<BasicStmnt CovItemId="S116" CovItemPrefix="my.PSM.unitTestPSM.DBConnectionTest.java" Intrnl_Id="1153">
<LocList>
<Loc EndOffset="5274" SrcFileId="6" StartOffset="5262"/>
</LocList>
</BasicStmnt>
</StmntSeq>
</Branch>
<Branch CovItemId="B36" CovItemPrefix="my.PSM.unitTestPSM.DBConnectionTest.java" Implct="false" Intrnl_Id="1154">
<Cond>
<Loc EndOffset="5284" SrcFileId="6" StartOffset="5280"/>
</Cond>
<LocList>
<Loc EndOffset="5298" SrcFileId="6" StartOffset="5285"/>
</LocList>
<StmntSeq Intrnl_Id="1155">
<LocList>
<Loc EndOffset="5298" SrcFileId="6" StartOffset="5285"/>
</LocList>
<BasicStmnt CovItemId="S117" CovItemPrefix="my.PSM.unitTestPSM.DBConnectionTest.java" Intrnl_Id="1156">
<LocList>
<Loc EndOffset="5298" SrcFileId="6" StartOffset="5285"/>
</LocList>
</BasicStmnt>
</StmntSeq>
</Branch>
<Keyword EndOffset="5204" SrcFileId="6" StartOffset="5202"/>
<LocList>
<Loc EndOffset="5298" SrcFileId="6" StartOffset="5202"/>
</LocList>
<RootTerm CovItemId="C19" CovItemPrefix="my.PSM.unitTestPSM.DBConnectionTest.java" Intrnl_Id="1157">
<BasicBoolTerm Intrnl_Id="1158">
<LocList>
<Loc EndOffset="5255" SrcFileId="6" StartOffset="5206"/>
</LocList>
</BasicBoolTerm>
</RootTerm>
</CondStmnt>
<BasicStmnt CovItemId="S118" CovItemPrefix="my.PSM.unitTestPSM.DBConnectionTest.java" Intrnl_Id="1159">
<LocList>
<Loc EndOffset="5326" SrcFileId="6" StartOffset="5302"/>
</LocList>
</BasicStmnt>
</StmntSeq>
</HierarchyLvl>
<HierarchyLvl HierarchyLvlId="203" HierarchyLvlTypeId="22" Intrnl_Id="1160" Name="testFetchEndFri">
<Header>
<Loc EndOffset="5372" SrcFileId="6" StartOffset="5335"/>
</Header>
<LocList>
<Loc EndOffset="5568" SrcFileId="6" StartOffset="5335"/>
</LocList>
<StmntSeq Intrnl_Id="1161">
<LocList>
<Loc EndOffset="5399" SrcFileId="6" StartOffset="5378"/>
<Loc EndOffset="5426" SrcFileId="6" StartOffset="5403"/>
<Loc EndOffset="5536" SrcFileId="6" StartOffset="5444"/>
<Loc EndOffset="5564" SrcFileId="6" StartOffset="5540"/>
</LocList>
<BasicStmnt CovItemId="S119" CovItemPrefix="my.PSM.unitTestPSM.DBConnectionTest.java" Intrnl_Id="1162">
<LocList>
<Loc EndOffset="5399" SrcFileId="6" StartOffset="5378"/>
</LocList>
</BasicStmnt>
<BasicStmnt CovItemId="S120" CovItemPrefix="my.PSM.unitTestPSM.DBConnectionTest.java" Intrnl_Id="1163">
<LocList>
<Loc EndOffset="5426" SrcFileId="6" StartOffset="5403"/>
</LocList>
</BasicStmnt>
<CondStmnt CovItemId="S121" CovItemPrefix="my.PSM.unitTestPSM.DBConnectionTest.java" Intrnl_Id="1164">
<Branch CovItemId="B37" CovItemPrefix="my.PSM.unitTestPSM.DBConnectionTest.java" Implct="false" Intrnl_Id="1165">
<Cond/>
<LocList>
<Loc EndOffset="5517" SrcFileId="6" StartOffset="5494"/>
</LocList>
<StmntSeq Intrnl_Id="1166">
<LocList>
<Loc EndOffset="5512" SrcFileId="6" StartOffset="5500"/>
</LocList>
<BasicStmnt CovItemId="S122" CovItemPrefix="my.PSM.unitTestPSM.DBConnectionTest.java" Intrnl_Id="1167">
<LocList>
<Loc EndOffset="5512" SrcFileId="6" StartOffset="5500"/>
</LocList>
</BasicStmnt>
</StmntSeq>
</Branch>
<Branch CovItemId="B38" CovItemPrefix="my.PSM.unitTestPSM.DBConnectionTest.java" Implct="false" Intrnl_Id="1168">
<Cond>
<Loc EndOffset="5522" SrcFileId="6" StartOffset="5518"/>
</Cond>
<LocList>
<Loc EndOffset="5536" SrcFileId="6" StartOffset="5523"/>
</LocList>
<StmntSeq Intrnl_Id="1169">
<LocList>
<Loc EndOffset="5536" SrcFileId="6" StartOffset="5523"/>
</LocList>
<BasicStmnt CovItemId="S123" CovItemPrefix="my.PSM.unitTestPSM.DBConnectionTest.java" Intrnl_Id="1170">
<LocList>
<Loc EndOffset="5536" SrcFileId="6" StartOffset="5523"/>
</LocList>
</BasicStmnt>
</StmntSeq>
</Branch>
<Keyword EndOffset="5446" SrcFileId="6" StartOffset="5444"/>
<LocList>
<Loc EndOffset="5536" SrcFileId="6" StartOffset="5444"/>
</LocList>
<RootTerm CovItemId="C20" CovItemPrefix="my.PSM.unitTestPSM.DBConnectionTest.java" Intrnl_Id="1171">
<BasicBoolTerm Intrnl_Id="1172">
<LocList>
<Loc EndOffset="5493" SrcFileId="6" StartOffset="5448"/>
</LocList>
</BasicBoolTerm>
</RootTerm>
</CondStmnt>
<BasicStmnt CovItemId="S124" CovItemPrefix="my.PSM.unitTestPSM.DBConnectionTest.java" Intrnl_Id="1173">
<LocList>
<Loc EndOffset="5564" SrcFileId="6" StartOffset="5540"/>
</LocList>
</BasicStmnt>
</StmntSeq>
</HierarchyLvl>
<HierarchyLvl HierarchyLvlId="204" HierarchyLvlTypeId="22" Intrnl_Id="1174" Name="testFetchStartSat">
<Header>
<Loc EndOffset="5612" SrcFileId="6" StartOffset="5573"/>
</Header>
<LocList>
<Loc EndOffset="5798" SrcFileId="6" StartOffset="5573"/>
</LocList>
<StmntSeq Intrnl_Id="1175">
<LocList>
<Loc EndOffset="5639" SrcFileId="6" StartOffset="5618"/>
<Loc EndOffset="5665" SrcFileId="6" StartOffset="5643"/>
<Loc EndOffset="5766" SrcFileId="6" StartOffset="5683"/>
<Loc EndOffset="5794" SrcFileId="6" StartOffset="5770"/>
</LocList>
<BasicStmnt CovItemId="S125" CovItemPrefix="my.PSM.unitTestPSM.DBConnectionTest.java" Intrnl_Id="1176">
<LocList>
<Loc EndOffset="5639" SrcFileId="6" StartOffset="5618"/>
</LocList>
</BasicStmnt>
<BasicStmnt CovItemId="S126" CovItemPrefix="my.PSM.unitTestPSM.DBConnectionTest.java" Intrnl_Id="1177">
<LocList>
<Loc EndOffset="5665" SrcFileId="6" StartOffset="5643"/>
</LocList>
</BasicStmnt>
<CondStmnt CovItemId="S127" CovItemPrefix="my.PSM.unitTestPSM.DBConnectionTest.java" Intrnl_Id="1178">
<Branch CovItemId="B39" CovItemPrefix="my.PSM.unitTestPSM.DBConnectionTest.java" Implct="false" Intrnl_Id="1179">
<Cond/>
<LocList>
<Loc EndOffset="5747" SrcFileId="6" StartOffset="5724"/>
</LocList>
<StmntSeq Intrnl_Id="1180">
<LocList>
<Loc EndOffset="5742" SrcFileId="6" StartOffset="5730"/>
</LocList>
<BasicStmnt CovItemId="S128" CovItemPrefix="my.PSM.unitTestPSM.DBConnectionTest.java" Intrnl_Id="1181">
<LocList>
<Loc EndOffset="5742" SrcFileId="6" StartOffset="5730"/>
</LocList>
</BasicStmnt>
</StmntSeq>
</Branch>
<Branch CovItemId="B40" CovItemPrefix="my.PSM.unitTestPSM.DBConnectionTest.java" Implct="false" Intrnl_Id="1182">
<Cond>
<Loc EndOffset="5752" SrcFileId="6" StartOffset="5748"/>
</Cond>
<LocList>
<Loc EndOffset="5766" SrcFileId="6" StartOffset="5753"/>
</LocList>
<StmntSeq Intrnl_Id="1183">
<LocList>
<Loc EndOffset="5766" SrcFileId="6" StartOffset="5753"/>
</LocList>
<BasicStmnt CovItemId="S129" CovItemPrefix="my.PSM.unitTestPSM.DBConnectionTest.java" Intrnl_Id="1184">
<LocList>
<Loc EndOffset="5766" SrcFileId="6" StartOffset="5753"/>
</LocList>
</BasicStmnt>
</StmntSeq>
</Branch>
<Keyword EndOffset="5685" SrcFileId="6" StartOffset="5683"/>
<LocList>
<Loc EndOffset="5766" SrcFileId="6" StartOffset="5683"/>
</LocList>
<RootTerm CovItemId="C21" CovItemPrefix="my.PSM.unitTestPSM.DBConnectionTest.java" Intrnl_Id="1185">
<BasicBoolTerm Intrnl_Id="1186">
<LocList>
<Loc EndOffset="5723" SrcFileId="6" StartOffset="5687"/>
</LocList>
</BasicBoolTerm>
</RootTerm>
</CondStmnt>
<BasicStmnt CovItemId="S130" CovItemPrefix="my.PSM.unitTestPSM.DBConnectionTest.java" Intrnl_Id="1187">
<LocList>
<Loc EndOffset="5794" SrcFileId="6" StartOffset="5770"/>
</LocList>
</BasicStmnt>
</StmntSeq>
</HierarchyLvl>
<HierarchyLvl HierarchyLvlId="205" HierarchyLvlTypeId="22" Intrnl_Id="1188" Name="testFetchEndSat">
<Header>
<Loc EndOffset="5840" SrcFileId="6" StartOffset="5803"/>
</Header>
<LocList>
<Loc EndOffset="6020" SrcFileId="6" StartOffset="5803"/>
</LocList>
<StmntSeq Intrnl_Id="1189">
<LocList>
<Loc EndOffset="5867" SrcFileId="6" StartOffset="5846"/>
<Loc EndOffset="5891" SrcFileId="6" StartOffset="5871"/>
<Loc EndOffset="5988" SrcFileId="6" StartOffset="5909"/>
<Loc EndOffset="6016" SrcFileId="6" StartOffset="5992"/>
</LocList>
<BasicStmnt CovItemId="S131" CovItemPrefix="my.PSM.unitTestPSM.DBConnectionTest.java" Intrnl_Id="1190">
<LocList>
<Loc EndOffset="5867" SrcFileId="6" StartOffset="5846"/>
</LocList>
</BasicStmnt>
<BasicStmnt CovItemId="S132" CovItemPrefix="my.PSM.unitTestPSM.DBConnectionTest.java" Intrnl_Id="1191">
<LocList>
<Loc EndOffset="5891" SrcFileId="6" StartOffset="5871"/>
</LocList>
</BasicStmnt>
<CondStmnt CovItemId="S133" CovItemPrefix="my.PSM.unitTestPSM.DBConnectionTest.java" Intrnl_Id="1192">
<Branch CovItemId="B41" CovItemPrefix="my.PSM.unitTestPSM.DBConnectionTest.java" Implct="false" Intrnl_Id="1193">
<Cond/>
<LocList>
<Loc EndOffset="5969" SrcFileId="6" StartOffset="5946"/>
</LocList>
<StmntSeq Intrnl_Id="1194">
<LocList>
<Loc EndOffset="5964" SrcFileId="6" StartOffset="5952"/>
</LocList>
<BasicStmnt CovItemId="S134" CovItemPrefix="my.PSM.unitTestPSM.DBConnectionTest.java" Intrnl_Id="1195">
<LocList>
<Loc EndOffset="5964" SrcFileId="6" StartOffset="5952"/>
</LocList>
</BasicStmnt>
</StmntSeq>
</Branch>
<Branch CovItemId="B42" CovItemPrefix="my.PSM.unitTestPSM.DBConnectionTest.java" Implct="false" Intrnl_Id="1196">
<Cond>
<Loc EndOffset="5974" SrcFileId="6" StartOffset="5970"/>
</Cond>
<LocList>
<Loc EndOffset="5988" SrcFileId="6" StartOffset="5975"/>
</LocList>
<StmntSeq Intrnl_Id="1197">
<LocList>
<Loc EndOffset="5988" SrcFileId="6" StartOffset="5975"/>
</LocList>
<BasicStmnt CovItemId="S135" CovItemPrefix="my.PSM.unitTestPSM.DBConnectionTest.java" Intrnl_Id="1198">
<LocList>
<Loc EndOffset="5988" SrcFileId="6" StartOffset="5975"/>
</LocList>
</BasicStmnt>
</StmntSeq>
</Branch>
<Keyword EndOffset="5911" SrcFileId="6" StartOffset="5909"/>
<LocList>
<Loc EndOffset="5988" SrcFileId="6" StartOffset="5909"/>
</LocList>
<RootTerm CovItemId="C22" CovItemPrefix="my.PSM.unitTestPSM.DBConnectionTest.java" Intrnl_Id="1199">
<BasicBoolTerm Intrnl_Id="1200">
<LocList>
<Loc EndOffset="5945" SrcFileId="6" StartOffset="5913"/>
</LocList>
</BasicBoolTerm>
</RootTerm>
</CondStmnt>
<BasicStmnt CovItemId="S136" CovItemPrefix="my.PSM.unitTestPSM.DBConnectionTest.java" Intrnl_Id="1201">
<LocList>
<Loc EndOffset="6016" SrcFileId="6" StartOffset="5992"/>
</LocList>
</BasicStmnt>
</StmntSeq>
</HierarchyLvl>
<HierarchyLvl HierarchyLvlId="206" HierarchyLvlTypeId="22" Intrnl_Id="1202" Name="testStoreClassInfo">
<Header>
<Loc EndOffset="6065" SrcFileId="6" StartOffset="6025"/>
</Header>
<LocList>
<Loc EndOffset="6359" SrcFileId="6" StartOffset="6025"/>
</LocList>
<StmntSeq Intrnl_Id="1203">
<LocList>
<Loc EndOffset="6135" SrcFileId="6" StartOffset="6071"/>
<Loc EndOffset="6186" SrcFileId="6" StartOffset="6139"/>
<Loc EndOffset="6252" SrcFileId="6" StartOffset="6190"/>
<Loc EndOffset="6298" SrcFileId="6" StartOffset="6256"/>
<Loc EndOffset="6355" SrcFileId="6" StartOffset="6302"/>
</LocList>
<BasicStmnt CovItemId="S137" CovItemPrefix="my.PSM.unitTestPSM.DBConnectionTest.java" Intrnl_Id="1204">
<LocList>
<Loc EndOffset="6135" SrcFileId="6" StartOffset="6071"/>
</LocList>
</BasicStmnt>
<BasicStmnt CovItemId="S138" CovItemPrefix="my.PSM.unitTestPSM.DBConnectionTest.java" Intrnl_Id="1205">
<LocList>
<Loc EndOffset="6186" SrcFileId="6" StartOffset="6139"/>
</LocList>
</BasicStmnt>
<BasicStmnt CovItemId="S139" CovItemPrefix="my.PSM.unitTestPSM.DBConnectionTest.java" Intrnl_Id="1206">
<LocList>
<Loc EndOffset="6252" SrcFileId="6" StartOffset="6190"/>
</LocList>
</BasicStmnt>
<BasicStmnt CovItemId="S140" CovItemPrefix="my.PSM.unitTestPSM.DBConnectionTest.java" Intrnl_Id="1207">
<LocList>
<Loc EndOffset="6298" SrcFileId="6" StartOffset="6256"/>
</LocList>
</BasicStmnt>
<BasicStmnt CovItemId="S141" CovItemPrefix="my.PSM.unitTestPSM.DBConnectionTest.java" Intrnl_Id="1208">
<LocList>
<Loc EndOffset="6355" SrcFileId="6" StartOffset="6302"/>
</LocList>
</BasicStmnt>
</StmntSeq>
</HierarchyLvl>
</HierarchyLvl>
<HierarchyLvl HierarchyLvlId="213" HierarchyLvlTypeId="23" Intrnl_Id="1209" Name="AuthenticateStub">
<Header>
<Loc EndOffset="122" SrcFileId="7" StartOffset="72"/>
</Header>
<LocList>
<Loc EndOffset="678" SrcFileId="7" StartOffset="72"/>
</LocList>
<HierarchyLvl HierarchyLvlId="208" HierarchyLvlTypeId="22" Intrnl_Id="1210" Name="AuthenticateStub">
<Header>
<Loc EndOffset="237" SrcFileId="7" StartOffset="190"/>
</Header>
<LocList>
<Loc EndOffset="305" SrcFileId="7" StartOffset="190"/>
</LocList>
<StmntSeq Intrnl_Id="1211">
<LocList>
<Loc EndOffset="259" SrcFileId="7" StartOffset="243"/>
<Loc EndOffset="282" SrcFileId="7" StartOffset="263"/>
<Loc EndOffset="301" SrcFileId="7" StartOffset="286"/>
</LocList>
<BasicStmnt CovItemId="S1" CovItemPrefix="my.PSM.unitTestPSM.AuthenticateStub.java" Intrnl_Id="1212">
<LocList>
<Loc EndOffset="259" SrcFileId="7" StartOffset="243"/>
</LocList>
</BasicStmnt>
<BasicStmnt CovItemId="S2" CovItemPrefix="my.PSM.unitTestPSM.AuthenticateStub.java" Intrnl_Id="1213">
<LocList>
<Loc EndOffset="282" SrcFileId="7" StartOffset="263"/>
</LocList>
</BasicStmnt>
<BasicStmnt CovItemId="S3" CovItemPrefix="my.PSM.unitTestPSM.AuthenticateStub.java" Intrnl_Id="1214">
<LocList>
<Loc EndOffset="301" SrcFileId="7" StartOffset="286"/>
</LocList>
</BasicStmnt>
</StmntSeq>
</HierarchyLvl>
<HierarchyLvl HierarchyLvlId="209" HierarchyLvlTypeId="22" Intrnl_Id="1215" Name="setCorrectUser">
<Header>
<Loc EndOffset="354" SrcFileId="7" StartOffset="308"/>
</Header>
<LocList>
<Loc EndOffset="395" SrcFileId="7" StartOffset="308"/>
</LocList>
<StmntSeq Intrnl_Id="1216">
<LocList>
<Loc EndOffset="391" SrcFileId="7" StartOffset="360"/>
</LocList>
<BasicStmnt CovItemId="S4" CovItemPrefix="my.PSM.unitTestPSM.AuthenticateStub.java" Intrnl_Id="1217">
<LocList>
<Loc EndOffset="391" SrcFileId="7" StartOffset="360"/>
</LocList>
</BasicStmnt>
</StmntSeq>
</HierarchyLvl>
<HierarchyLvl HierarchyLvlId="210" HierarchyLvlTypeId="22" Intrnl_Id="1218" Name="setCorrectPw">
<Header>
<Loc EndOffset="442" SrcFileId="7" StartOffset="400"/>
</Header>
<LocList>
<Loc EndOffset="479" SrcFileId="7" StartOffset="400"/>
</LocList>
<StmntSeq Intrnl_Id="1219">
<LocList>
<Loc EndOffset="475" SrcFileId="7" StartOffset="448"/>
</LocList>
<BasicStmnt CovItemId="S5" CovItemPrefix="my.PSM.unitTestPSM.AuthenticateStub.java" Intrnl_Id="1220">
<LocList>
<Loc EndOffset="475" SrcFileId="7" StartOffset="448"/>
</LocList>
</BasicStmnt>
</StmntSeq>
</HierarchyLvl>
<HierarchyLvl HierarchyLvlId="211" HierarchyLvlTypeId="22" Intrnl_Id="1221" Name="validate_Login">
<Header>
<Loc EndOffset="527" SrcFileId="7" StartOffset="484"/>
</Header>
<LocList>
<Loc EndOffset="607" SrcFileId="7" StartOffset="484"/>
</LocList>
<StmntSeq Intrnl_Id="1222">
<LocList>
<Loc EndOffset="603" SrcFileId="7" StartOffset="533"/>
</LocList>
<BasicStmnt CovItemId="S6" CovItemPrefix="my.PSM.unitTestPSM.AuthenticateStub.java" Intrnl_Id="1223">
<LocList>
<Loc EndOffset="603" SrcFileId="7" StartOffset="533"/>
</LocList>
</BasicStmnt>
</StmntSeq>
</HierarchyLvl>
<HierarchyLvl HierarchyLvlId="212" HierarchyLvlTypeId="22" Intrnl_Id="1224" Name="logout">
<Header>
<Loc EndOffset="647" SrcFileId="7" StartOffset="612"/>
</Header>
<LocList>
<Loc EndOffset="669" SrcFileId="7" StartOffset="612"/>
</LocList>
<StmntSeq Intrnl_Id="1225">
<LocList>
<Loc EndOffset="665" SrcFileId="7" StartOffset="653"/>
</LocList>
<BasicStmnt CovItemId="S7" CovItemPrefix="my.PSM.unitTestPSM.AuthenticateStub.java" Intrnl_Id="1226">
<LocList>
<Loc EndOffset="665" SrcFileId="7" StartOffset="653"/>
</LocList>
</BasicStmnt>
</StmntSeq>
</HierarchyLvl>
</HierarchyLvl>
</HierarchyLvl>
<HierarchyLvl HierarchyLvlId="389" HierarchyLvlTypeId="20" Intrnl_Id="1227" Name="subsystemTestPSM">
<Header/>
<LocList/>
<HierarchyLvl HierarchyLvlId="219" HierarchyLvlTypeId="23" Intrnl_Id="1228" Name="logicTest">
<Header>
<Loc EndOffset="212" SrcFileId="8" StartOffset="190"/>
</Header>
<LocList>
<Loc EndOffset="1539" SrcFileId="8" StartOffset="190"/>
</LocList>
<HierarchyLvl HierarchyLvlId="214" HierarchyLvlTypeId="22" Intrnl_Id="1229" Name="setUp">
<Header>
<Loc EndOffset="327" SrcFileId="8" StartOffset="281"/>
</Header>
<LocList>
<Loc EndOffset="429" SrcFileId="8" StartOffset="281"/>
</LocList>
<StmntSeq Intrnl_Id="1230">
<LocList>
<Loc EndOffset="378" SrcFileId="8" StartOffset="333"/>
<Loc EndOffset="421" SrcFileId="8" StartOffset="385"/>
</LocList>
<BasicStmnt CovItemId="S1" CovItemPrefix="my.PSM.subsystemTestPSM.logicTest.java" Intrnl_Id="1231">
<LocList>
<Loc EndOffset="378" SrcFileId="8" StartOffset="333"/>
</LocList>
</BasicStmnt>
<BasicStmnt CovItemId="S2" CovItemPrefix="my.PSM.subsystemTestPSM.logicTest.java" Intrnl_Id="1232">
<LocList>
<Loc EndOffset="421" SrcFileId="8" StartOffset="385"/>
</LocList>
</BasicStmnt>
</StmntSeq>
</HierarchyLvl>
<HierarchyLvl HierarchyLvlId="215" HierarchyLvlTypeId="22" Intrnl_Id="1233" Name="tearDown">
<Header>
<Loc EndOffset="482" SrcFileId="8" StartOffset="434"/>
</Header>
<LocList>
<Loc EndOffset="511" SrcFileId="8" StartOffset="434"/>
</LocList>
<StmntSeq Intrnl_Id="1234">
<LocList>
<Loc EndOffset="507" SrcFileId="8" StartOffset="488"/>
</LocList>
<BasicStmnt CovItemId="S3" CovItemPrefix="my.PSM.subsystemTestPSM.logicTest.java" Intrnl_Id="1235">
<LocList>
<Loc EndOffset="507" SrcFileId="8" StartOffset="488"/>
</LocList>
</BasicStmnt>
</StmntSeq>
</HierarchyLvl>
<HierarchyLvl HierarchyLvlId="216" HierarchyLvlTypeId="22" Intrnl_Id="1236" Name="testfetchcourse">
<Header>
<Loc EndOffset="553" SrcFileId="8" StartOffset="516"/>
</Header>
<LocList>
<Loc EndOffset="1031" SrcFileId="8" StartOffset="516"/>
</LocList>
<StmntSeq Intrnl_Id="1237">
<LocList>
<Loc EndOffset="719" SrcFileId="8" StartOffset="559"/>
<Loc EndOffset="883" SrcFileId="8" StartOffset="723"/>
<Loc EndOffset="939" SrcFileId="8" StartOffset="887"/>
<Loc EndOffset="979" SrcFileId="8" StartOffset="943"/>
<Loc EndOffset="1019" SrcFileId="8" StartOffset="989"/>
</LocList>
<BasicStmnt CovItemId="S4" CovItemPrefix="my.PSM.subsystemTestPSM.logicTest.java" Intrnl_Id="1238">
<LocList>
<Loc EndOffset="719" SrcFileId="8" StartOffset="559"/>
</LocList>
</BasicStmnt>
<BasicStmnt CovItemId="S5" CovItemPrefix="my.PSM.subsystemTestPSM.logicTest.java" Intrnl_Id="1239">
<LocList>
<Loc EndOffset="883" SrcFileId="8" StartOffset="723"/>
</LocList>
</BasicStmnt>
<BasicStmnt CovItemId="S6" CovItemPrefix="my.PSM.subsystemTestPSM.logicTest.java" Intrnl_Id="1240">
<LocList>
<Loc EndOffset="939" SrcFileId="8" StartOffset="887"/>
</LocList>
</BasicStmnt>
<BasicStmnt CovItemId="S7" CovItemPrefix="my.PSM.subsystemTestPSM.logicTest.java" Intrnl_Id="1241">
<LocList>
<Loc EndOffset="979" SrcFileId="8" StartOffset="943"/>
</LocList>
</BasicStmnt>
<BasicStmnt CovItemId="S8" CovItemPrefix="my.PSM.subsystemTestPSM.logicTest.java" Intrnl_Id="1242">
<LocList>
<Loc EndOffset="1019" SrcFileId="8" StartOffset="989"/>
</LocList>
</BasicStmnt>
</StmntSeq>
</HierarchyLvl>
<HierarchyLvl HierarchyLvlId="217" HierarchyLvlTypeId="22" Intrnl_Id="1243" Name="testfetchcourse02">
<Header>
<Loc EndOffset="1076" SrcFileId="8" StartOffset="1037"/>
</Header>
<LocList>
<Loc EndOffset="1197" SrcFileId="8" StartOffset="1037"/>
</LocList>
<StmntSeq Intrnl_Id="1244">
<LocList>
<Loc EndOffset="1123" SrcFileId="8" StartOffset="1081"/>
<Loc EndOffset="1163" SrcFileId="8" StartOffset="1127"/>
<Loc EndOffset="1193" SrcFileId="8" StartOffset="1173"/>
</LocList>
<BasicStmnt CovItemId="S9" CovItemPrefix="my.PSM.subsystemTestPSM.logicTest.java" Intrnl_Id="1245">
<LocList>
<Loc EndOffset="1123" SrcFileId="8" StartOffset="1081"/>
</LocList>
</BasicStmnt>
<BasicStmnt CovItemId="S10" CovItemPrefix="my.PSM.subsystemTestPSM.logicTest.java" Intrnl_Id="1246">
<LocList>
<Loc EndOffset="1163" SrcFileId="8" StartOffset="1127"/>
</LocList>
</BasicStmnt>
<BasicStmnt CovItemId="S11" CovItemPrefix="my.PSM.subsystemTestPSM.logicTest.java" Intrnl_Id="1247">
<LocList>
<Loc EndOffset="1193" SrcFileId="8" StartOffset="1173"/>
</LocList>
</BasicStmnt>
</StmntSeq>
</HierarchyLvl>
<HierarchyLvl HierarchyLvlId="218" HierarchyLvlTypeId="22" Intrnl_Id="1248" Name="testfetchcourse01">
<Header>
<Loc EndOffset="1239" SrcFileId="8" StartOffset="1200"/>
</Header>
<LocList>
<Loc EndOffset="1534" SrcFileId="8" StartOffset="1200"/>
</LocList>
<StmntSeq Intrnl_Id="1249">
<LocList>
<Loc EndOffset="1404" SrcFileId="8" StartOffset="1244"/>
<Loc EndOffset="1455" SrcFileId="8" StartOffset="1408"/>
<Loc EndOffset="1495" SrcFileId="8" StartOffset="1459"/>
<Loc EndOffset="1530" SrcFileId="8" StartOffset="1505"/>
</LocList>
<BasicStmnt CovItemId="S12" CovItemPrefix="my.PSM.subsystemTestPSM.logicTest.java" Intrnl_Id="1250">
<LocList>
<Loc EndOffset="1404" SrcFileId="8" StartOffset="1244"/>
</LocList>
</BasicStmnt>
<BasicStmnt CovItemId="S13" CovItemPrefix="my.PSM.subsystemTestPSM.logicTest.java" Intrnl_Id="1251">
<LocList>
<Loc EndOffset="1455" SrcFileId="8" StartOffset="1408"/>
</LocList>
</BasicStmnt>
<BasicStmnt CovItemId="S14" CovItemPrefix="my.PSM.subsystemTestPSM.logicTest.java" Intrnl_Id="1252">
<LocList>
<Loc EndOffset="1495" SrcFileId="8" StartOffset="1459"/>
</LocList>
</BasicStmnt>
<BasicStmnt CovItemId="S15" CovItemPrefix="my.PSM.subsystemTestPSM.logicTest.java" Intrnl_Id="1253">
<LocList>
<Loc EndOffset="1530" SrcFileId="8" StartOffset="1505"/>
</LocList>
</BasicStmnt>
</StmntSeq>
</HierarchyLvl>
</HierarchyLvl>
</HierarchyLvl>
<HierarchyLvl HierarchyLvlId="390" HierarchyLvlTypeId="20" Intrnl_Id="1254" Name="PSM_Storage">
<Header/>
<LocList/>
<HierarchyLvl HierarchyLvlId="248" HierarchyLvlTypeId="23" Intrnl_Id="1255" Name="MySQLManager">
<Header>
<Loc EndOffset="204" SrcFileId="9" StartOffset="179"/>
</Header>
<LocList>
<Loc EndOffset="16208" SrcFileId="9" StartOffset="179"/>
</LocList>
<HierarchyLvl HierarchyLvlId="220" HierarchyLvlTypeId="22" Intrnl_Id="1256" Name="MySQLManager">
<Header>
<Loc EndOffset="288" SrcFileId="9" StartOffset="267"/>
</Header>
<LocList>
<Loc EndOffset="360" SrcFileId="9" StartOffset="267"/>
</LocList>
<StmntSeq Intrnl_Id="1257">
<LocList>
<Loc EndOffset="306" SrcFileId="9" StartOffset="293"/>
<Loc EndOffset="356" SrcFileId="9" StartOffset="310"/>
</LocList>
<BasicStmnt CovItemId="S1" CovItemPrefix="my.PSM.PSM_Storage.MySQLManager.java" Intrnl_Id="1258">
<LocList>
<Loc EndOffset="306" SrcFileId="9" StartOffset="293"/>
</LocList>
</BasicStmnt>
<BasicStmnt CovItemId="S2" CovItemPrefix="my.PSM.PSM_Storage.MySQLManager.java" Intrnl_Id="1259">
<LocList>
<Loc EndOffset="356" SrcFileId="9" StartOffset="310"/>
</LocList>
</BasicStmnt>
</StmntSeq>
</HierarchyLvl>
<HierarchyLvl HierarchyLvlId="221" HierarchyLvlTypeId="22" Intrnl_Id="1260" Name="connect">
<Header>
<Loc EndOffset="419" SrcFileId="9" StartOffset="366"/>
</Header>
<LocList>
<Loc EndOffset="834" SrcFileId="9" StartOffset="366"/>
</LocList>
<StmntSeq Intrnl_Id="1261">
<LocList>
<Loc EndOffset="548" SrcFileId="9" StartOffset="509"/>
<Loc EndOffset="611" SrcFileId="9" StartOffset="563"/>
<Loc EndOffset="799" SrcFileId="9" StartOffset="424"/>
<Loc EndOffset="830" SrcFileId="9" StartOffset="821"/>
</LocList>
<BasicStmnt CovItemId="S4" CovItemPrefix="my.PSM.PSM_Storage.MySQLManager.java" Intrnl_Id="1262">
<LocList>
<Loc EndOffset="548" SrcFileId="9" StartOffset="509"/>
</LocList>
</BasicStmnt>
<BasicStmnt CovItemId="S5" CovItemPrefix="my.PSM.PSM_Storage.MySQLManager.java" Intrnl_Id="1263">
<LocList>
<Loc EndOffset="611" SrcFileId="9" StartOffset="563"/>
</LocList>
</BasicStmnt>
<CondStmnt CovItemId="S3" CovItemPrefix="my.PSM.PSM_Storage.MySQLManager.java" Intrnl_Id="1264">
<Branch CovItemId="B1" CovItemPrefix="my.PSM.PSM_Storage.MySQLManager.java" Implct="true" Intrnl_Id="1265">
<Cond/>
<LocList/>
<StmntSeq Intrnl_Id="1266">
<LocList/>
</StmntSeq>
</Branch>
<Branch CovItemId="B2" CovItemPrefix="my.PSM.PSM_Storage.MySQLManager.java" Implct="false" Intrnl_Id="1267">
<Cond>
<Loc EndOffset="694" SrcFileId="9" StartOffset="675"/>
</Cond>
<LocList>
<Loc EndOffset="799" SrcFileId="9" StartOffset="694"/>
</LocList>
<StmntSeq Intrnl_Id="1268">
<LocList>
<Loc EndOffset="730" SrcFileId="9" StartOffset="710"/>
<Loc EndOffset="755" SrcFileId="9" StartOffset="745"/>
</LocList>
<BasicStmnt CovItemId="S6" CovItemPrefix="my.PSM.PSM_Storage.MySQLManager.java" Intrnl_Id="1269">
<LocList>
<Loc EndOffset="730" SrcFileId="9" StartOffset="710"/>
</LocList>
</BasicStmnt>
<BasicStmnt CovItemId="S7" CovItemPrefix="my.PSM.PSM_Storage.MySQLManager.java" Intrnl_Id="1270">
<LocList>
<Loc EndOffset="755" SrcFileId="9" StartOffset="745"/>
</LocList>
</BasicStmnt>
</StmntSeq>
</Branch>
<Keyword EndOffset="427" SrcFileId="9" StartOffset="424"/>
<LocList>
<Loc EndOffset="799" SrcFileId="9" StartOffset="424"/>
</LocList>
</CondStmnt>
<BasicStmnt CovItemId="S8" CovItemPrefix="my.PSM.PSM_Storage.MySQLManager.java" Intrnl_Id="1271">
<LocList>
<Loc EndOffset="830" SrcFileId="9" StartOffset="821"/>
</LocList>
</BasicStmnt>
</StmntSeq>
</HierarchyLvl>
<HierarchyLvl HierarchyLvlId="222" HierarchyLvlTypeId="22" Intrnl_Id="1272" Name="connect">
<Header>
<Loc EndOffset="881" SrcFileId="9" StartOffset="840"/>
</Header>
<LocList>
<Loc EndOffset="925" SrcFileId="9" StartOffset="840"/>
</LocList>
<StmntSeq Intrnl_Id="1273">
<LocList>
<Loc EndOffset="921" SrcFileId="9" StartOffset="886"/>
</LocList>
<BasicStmnt CovItemId="S9" CovItemPrefix="my.PSM.PSM_Storage.MySQLManager.java" Intrnl_Id="1274">
<LocList>
<Loc EndOffset="921" SrcFileId="9" StartOffset="886"/>
</LocList>
</BasicStmnt>
</StmntSeq>
</HierarchyLvl>
<HierarchyLvl HierarchyLvlId="223" HierarchyLvlTypeId="22" Intrnl_Id="1275" Name="disconnect">
<Header>
<Loc EndOffset="954" SrcFileId="9" StartOffset="931"/>
</Header>
<LocList>
<Loc EndOffset="1222" SrcFileId="9" StartOffset="931"/>
</LocList>
<StmntSeq Intrnl_Id="1276">
<LocList>
<Loc EndOffset="1196" SrcFileId="9" StartOffset="971"/>
<Loc EndOffset="1215" SrcFileId="9" StartOffset="1206"/>
</LocList>
<CondStmnt CovItemId="S10" CovItemPrefix="my.PSM.PSM_Storage.MySQLManager.java" Intrnl_Id="1277">
<Branch CovItemId="B3" CovItemPrefix="my.PSM.PSM_Storage.MySQLManager.java" Implct="false" Intrnl_Id="1278">
<Cond/>
<LocList>
<Loc EndOffset="1196" SrcFileId="9" StartOffset="988"/>
</LocList>
<StmntSeq Intrnl_Id="1279">
<LocList>
<Loc EndOffset="1039" SrcFileId="9" StartOffset="1025"/>
<Loc EndOffset="1185" SrcFileId="9" StartOffset="1003"/>
</LocList>
<BasicStmnt CovItemId="S12" CovItemPrefix="my.PSM.PSM_Storage.MySQLManager.java" Intrnl_Id="1280">
<LocList>
<Loc EndOffset="1039" SrcFileId="9" StartOffset="1025"/>
</LocList>
</BasicStmnt>
<CondStmnt CovItemId="S11" CovItemPrefix="my.PSM.PSM_Storage.MySQLManager.java" Intrnl_Id="1281">
<Branch CovItemId="B5" CovItemPrefix="my.PSM.PSM_Storage.MySQLManager.java" Implct="true" Intrnl_Id="1282">
<Cond/>
<LocList/>
<StmntSeq Intrnl_Id="1283">
<LocList/>
</StmntSeq>
</Branch>
<Branch CovItemId="B6" CovItemPrefix="my.PSM.PSM_Storage.MySQLManager.java" Implct="false" Intrnl_Id="1284">
<Cond>
<Loc EndOffset="1103" SrcFileId="9" StartOffset="1085"/>
</Cond>
<LocList>
<Loc EndOffset="1185" SrcFileId="9" StartOffset="1103"/>
</LocList>
<StmntSeq Intrnl_Id="1285">
<LocList>
<Loc EndOffset="1142" SrcFileId="9" StartOffset="1122"/>
<Loc EndOffset="1170" SrcFileId="9" StartOffset="1160"/>
</LocList>
<BasicStmnt CovItemId="S13" CovItemPrefix="my.PSM.PSM_Storage.MySQLManager.java" Intrnl_Id="1286">
<LocList>
<Loc EndOffset="1142" SrcFileId="9" StartOffset="1122"/>
</LocList>
</BasicStmnt>
<BasicStmnt CovItemId="S14" CovItemPrefix="my.PSM.PSM_Storage.MySQLManager.java" Intrnl_Id="1287">
<LocList>
<Loc EndOffset="1170" SrcFileId="9" StartOffset="1160"/>
</LocList>
</BasicStmnt>
</StmntSeq>
</Branch>
<Keyword EndOffset="1006" SrcFileId="9" StartOffset="1003"/>
<LocList>
<Loc EndOffset="1185" SrcFileId="9" StartOffset="1003"/>
</LocList>
</CondStmnt>
</StmntSeq>
</Branch>
<Branch CovItemId="B4" CovItemPrefix="my.PSM.PSM_Storage.MySQLManager.java" Implct="true" Intrnl_Id="1288">
<Cond/>
<LocList/>
<StmntSeq Intrnl_Id="1289">
<LocList/>
</StmntSeq>
</Branch>
<Keyword EndOffset="973" SrcFileId="9" StartOffset="971"/>
<LocList>
<Loc EndOffset="1196" SrcFileId="9" StartOffset="971"/>
</LocList>
<RootTerm CovItemId="C1" CovItemPrefix="my.PSM.PSM_Storage.MySQLManager.java" Intrnl_Id="1290">
<BasicBoolTerm Intrnl_Id="1291">
<LocList>
<Loc EndOffset="987" SrcFileId="9" StartOffset="974"/>
</LocList>
</BasicBoolTerm>
</RootTerm>
</CondStmnt>
<BasicStmnt CovItemId="S15" CovItemPrefix="my.PSM.PSM_Storage.MySQLManager.java" Intrnl_Id="1292">
<LocList>
<Loc EndOffset="1215" SrcFileId="9" StartOffset="1206"/>
</LocList>
</BasicStmnt>
</StmntSeq>
</HierarchyLvl>
<HierarchyLvl HierarchyLvlId="224" HierarchyLvlTypeId="22" Intrnl_Id="1293" Name="fetchCourseID">
<Header>
<Loc EndOffset="1263" SrcFileId="9" StartOffset="1225"/>
</Header>
<LocList>
<Loc EndOffset="1903" SrcFileId="9" StartOffset="1225"/>
</LocList>
<StmntSeq Intrnl_Id="1294">
<LocList>
<Loc EndOffset="1395" SrcFileId="9" StartOffset="1357"/>
<Loc EndOffset="1606" SrcFileId="9" StartOffset="1523"/>
<Loc EndOffset="1653" SrcFileId="9" StartOffset="1620"/>
<Loc EndOffset="1678" SrcFileId="9" StartOffset="1667"/>
<Loc EndOffset="1757" SrcFileId="9" StartOffset="1726"/>
<Loc EndOffset="1887" SrcFileId="9" StartOffset="1339"/>
</LocList>
<BasicStmnt CovItemId="S17" CovItemPrefix="my.PSM.PSM_Storage.MySQLManager.java" Intrnl_Id="1295">
<LocList>
<Loc EndOffset="1395" SrcFileId="9" StartOffset="1357"/>
</LocList>
</BasicStmnt>
<BasicStmnt CovItemId="S18" CovItemPrefix="my.PSM.PSM_Storage.MySQLManager.java" Intrnl_Id="1296">
<LocList>
<Loc EndOffset="1606" SrcFileId="9" StartOffset="1523"/>
</LocList>
</BasicStmnt>
<BasicStmnt CovItemId="S19" CovItemPrefix="my.PSM.PSM_Storage.MySQLManager.java" Intrnl_Id="1297">
<LocList>
<Loc EndOffset="1653" SrcFileId="9" StartOffset="1620"/>
</LocList>
</BasicStmnt>
<BasicStmnt CovItemId="S20" CovItemPrefix="my.PSM.PSM_Storage.MySQLManager.java" Intrnl_Id="1298">
<LocList>
<Loc EndOffset="1678" SrcFileId="9" StartOffset="1667"/>
</LocList>
</BasicStmnt>
<BasicStmnt CovItemId="S21" CovItemPrefix="my.PSM.PSM_Storage.MySQLManager.java" Intrnl_Id="1299">
<LocList>
<Loc EndOffset="1757" SrcFileId="9" StartOffset="1726"/>
</LocList>
</BasicStmnt>
<CondStmnt CovItemId="S16" CovItemPrefix="my.PSM.PSM_Storage.MySQLManager.java" Intrnl_Id="1300">
<Branch CovItemId="B7" CovItemPrefix="my.PSM.PSM_Storage.MySQLManager.java" Implct="true" Intrnl_Id="1301">
<Cond/>
<LocList/>
<StmntSeq Intrnl_Id="1302">
<LocList/>
</StmntSeq>
</Branch>
<Branch CovItemId="B8" CovItemPrefix="my.PSM.PSM_Storage.MySQLManager.java" Implct="false" Intrnl_Id="1303">
<Cond>
<Loc EndOffset="1817" SrcFileId="9" StartOffset="1799"/>
</Cond>
<LocList>
<Loc EndOffset="1887" SrcFileId="9" StartOffset="1817"/>
</LocList>
<StmntSeq Intrnl_Id="1304">
<LocList>
<Loc EndOffset="1852" SrcFileId="9" StartOffset="1832"/>
<Loc EndOffset="1876" SrcFileId="9" StartOffset="1866"/>
</LocList>
<BasicStmnt CovItemId="S22" CovItemPrefix="my.PSM.PSM_Storage.MySQLManager.java" Intrnl_Id="1305">
<LocList>
<Loc EndOffset="1852" SrcFileId="9" StartOffset="1832"/>
</LocList>
</BasicStmnt>
<BasicStmnt CovItemId="S23" CovItemPrefix="my.PSM.PSM_Storage.MySQLManager.java" Intrnl_Id="1306">
<LocList>
<Loc EndOffset="1876" SrcFileId="9" StartOffset="1866"/>
</LocList>
</BasicStmnt>
</StmntSeq>
</Branch>
<Keyword EndOffset="1342" SrcFileId="9" StartOffset="1339"/>
<LocList>
<Loc EndOffset="1887" SrcFileId="9" StartOffset="1339"/>
</LocList>
</CondStmnt>
</StmntSeq>
</HierarchyLvl>
<HierarchyLvl HierarchyLvlId="225" HierarchyLvlTypeId="22" Intrnl_Id="1307" Name="getEndDates">
<Header>
<Loc EndOffset="1947" SrcFileId="9" StartOffset="1909"/>
</Header>
<LocList>
<Loc EndOffset="2493" SrcFileId="9" StartOffset="1909"/>
</LocList>
<StmntSeq Intrnl_Id="1308">
<LocList>
<Loc EndOffset="2005" SrcFileId="9" StartOffset="1952"/>
<Loc EndOffset="2081" SrcFileId="9" StartOffset="2043"/>
<Loc EndOffset="2143" SrcFileId="9" StartOffset="2095"/>
<Loc EndOffset="2190" SrcFileId="9" StartOffset="2157"/>
<Loc EndOffset="2330" SrcFileId="9" StartOffset="2218"/>
<Loc EndOffset="2453" SrcFileId="9" StartOffset="2025"/>
<Loc EndOffset="2489" SrcFileId="9" StartOffset="2473"/>
</LocList>
<BasicStmnt CovItemId="S24" CovItemPrefix="my.PSM.PSM_Storage.MySQLManager.java" Intrnl_Id="1309">
<LocList>
<Loc EndOffset="2005" SrcFileId="9" StartOffset="1952"/>
</LocList>
</BasicStmnt>
<BasicStmnt CovItemId="S26" CovItemPrefix="my.PSM.PSM_Storage.MySQLManager.java" Intrnl_Id="1310">
<LocList>
<Loc EndOffset="2081" SrcFileId="9" StartOffset="2043"/>
</LocList>
</BasicStmnt>
<BasicStmnt CovItemId="S27" CovItemPrefix="my.PSM.PSM_Storage.MySQLManager.java" Intrnl_Id="1311">
<LocList>
<Loc EndOffset="2143" SrcFileId="9" StartOffset="2095"/>
</LocList>
</BasicStmnt>
<BasicStmnt CovItemId="S28" CovItemPrefix="my.PSM.PSM_Storage.MySQLManager.java" Intrnl_Id="1312">
<LocList>
<Loc EndOffset="2190" SrcFileId="9" StartOffset="2157"/>
</LocList>
</BasicStmnt>
<LoopStmnt CovItemId="S29" CovItemPrefix="my.PSM.PSM_Storage.MySQLManager.java" Intrnl_Id="1313" MltplExecId="L1-2" MltplExecPrefix="my.PSM.PSM_Storage.MySQLManager.java" NvrExecId="L1-0" NvrExecPrefix="my.PSM.PSM_Storage.MySQLManager.java" OnceExecutedId="L1-1" OnceExecutedPrefix="my.PSM.PSM_Storage.MySQLManager.java" OptBodyExec="true">
<StmntSeq Intrnl_Id="1314">
<LocList>
<Loc EndOffset="2308" SrcFileId="9" StartOffset="2268"/>
</LocList>
<BasicStmnt CovItemId="S30" CovItemPrefix="my.PSM.PSM_Storage.MySQLManager.java" Intrnl_Id="1315">
<LocList>
<Loc EndOffset="2308" SrcFileId="9" StartOffset="2268"/>
</LocList>
</BasicStmnt>
</StmntSeq>
<Keyword EndOffset="2223" SrcFileId="9" StartOffset="2218"/>
<LocList>
<Loc EndOffset="2330" SrcFileId="9" StartOffset="2218"/>
</LocList>
<RootTerm CovItemId="C2" CovItemPrefix="my.PSM.PSM_Storage.MySQLManager.java" Intrnl_Id="1316">
<BasicBoolTerm Intrnl_Id="1317">
<LocList>
<Loc EndOffset="2234" SrcFileId="9" StartOffset="2224"/>
</LocList>
</BasicBoolTerm>
</RootTerm>
</LoopStmnt>
<CondStmnt CovItemId="S25" CovItemPrefix="my.PSM.PSM_Storage.MySQLManager.java" Intrnl_Id="1318">
<Branch CovItemId="B9" CovItemPrefix="my.PSM.PSM_Storage.MySQLManager.java" Implct="true" Intrnl_Id="1319">
<Cond/>
<LocList/>
<StmntSeq Intrnl_Id="1320">
<LocList/>
</StmntSeq>
</Branch>
<Branch CovItemId="B10" CovItemPrefix="my.PSM.PSM_Storage.MySQLManager.java" Implct="false" Intrnl_Id="1321">
<Cond>
<Loc EndOffset="2397" SrcFileId="9" StartOffset="2379"/>
</Cond>
<LocList>
<Loc EndOffset="2453" SrcFileId="9" StartOffset="2407"/>
</LocList>
<StmntSeq Intrnl_Id="1322">
<LocList>
<Loc EndOffset="2442" SrcFileId="9" StartOffset="2422"/>
</LocList>
<BasicStmnt CovItemId="S31" CovItemPrefix="my.PSM.PSM_Storage.MySQLManager.java" Intrnl_Id="1323">
<LocList>
<Loc EndOffset="2442" SrcFileId="9" StartOffset="2422"/>
</LocList>
</BasicStmnt>
</StmntSeq>
</Branch>
<Keyword EndOffset="2028" SrcFileId="9" StartOffset="2025"/>
<LocList>
<Loc EndOffset="2453" SrcFileId="9" StartOffset="2025"/>
</LocList>
</CondStmnt>
<BasicStmnt CovItemId="S32" CovItemPrefix="my.PSM.PSM_Storage.MySQLManager.java" Intrnl_Id="1324">
<LocList>
<Loc EndOffset="2489" SrcFileId="9" StartOffset="2473"/>
</LocList>
</BasicStmnt>
</StmntSeq>
</HierarchyLvl>
<HierarchyLvl HierarchyLvlId="226" HierarchyLvlTypeId="22" Intrnl_Id="1325" Name="getCourses">
<Header>
<Loc EndOffset="2537" SrcFileId="9" StartOffset="2499"/>
</Header>
<LocList>
<Loc EndOffset="3071" SrcFileId="9" StartOffset="2499"/>
</LocList>
<StmntSeq Intrnl_Id="1326">
<LocList>
<Loc EndOffset="2599" SrcFileId="9" StartOffset="2542"/>
<Loc EndOffset="2665" SrcFileId="9" StartOffset="2627"/>
<Loc EndOffset="2728" SrcFileId="9" StartOffset="2679"/>
<Loc EndOffset="2775" SrcFileId="9" StartOffset="2742"/>
<Loc EndOffset="2915" SrcFileId="9" StartOffset="2803"/>
<Loc EndOffset="3038" SrcFileId="9" StartOffset="2609"/>
<Loc EndOffset="3067" SrcFileId="9" StartOffset="3049"/>
</LocList>
<BasicStmnt CovItemId="S33" CovItemPrefix="my.PSM.PSM_Storage.MySQLManager.java" Intrnl_Id="1327">
<LocList>
<Loc EndOffset="2599" SrcFileId="9" StartOffset="2542"/>
</LocList>
</BasicStmnt>
<BasicStmnt CovItemId="S35" CovItemPrefix="my.PSM.PSM_Storage.MySQLManager.java" Intrnl_Id="1328">
<LocList>
<Loc EndOffset="2665" SrcFileId="9" StartOffset="2627"/>
</LocList>
</BasicStmnt>
<BasicStmnt CovItemId="S36" CovItemPrefix="my.PSM.PSM_Storage.MySQLManager.java" Intrnl_Id="1329">
<LocList>
<Loc EndOffset="2728" SrcFileId="9" StartOffset="2679"/>
</LocList>
</BasicStmnt>
<BasicStmnt CovItemId="S37" CovItemPrefix="my.PSM.PSM_Storage.MySQLManager.java" Intrnl_Id="1330">
<LocList>
<Loc EndOffset="2775" SrcFileId="9" StartOffset="2742"/>
</LocList>
</BasicStmnt>
<LoopStmnt CovItemId="S38" CovItemPrefix="my.PSM.PSM_Storage.MySQLManager.java" Intrnl_Id="1331" MltplExecId="L2-2" MltplExecPrefix="my.PSM.PSM_Storage.MySQLManager.java" NvrExecId="L2-0" NvrExecPrefix="my.PSM.PSM_Storage.MySQLManager.java" OnceExecutedId="L2-1" OnceExecutedPrefix="my.PSM.PSM_Storage.MySQLManager.java" OptBodyExec="true">
<StmntSeq Intrnl_Id="1332">
<LocList>
<Loc EndOffset="2893" SrcFileId="9" StartOffset="2853"/>
</LocList>
<BasicStmnt CovItemId="S39" CovItemPrefix="my.PSM.PSM_Storage.MySQLManager.java" Intrnl_Id="1333">
<LocList>
<Loc EndOffset="2893" SrcFileId="9" StartOffset="2853"/>
</LocList>
</BasicStmnt>
</StmntSeq>
<Keyword EndOffset="2808" SrcFileId="9" StartOffset="2803"/>
<LocList>
<Loc EndOffset="2915" SrcFileId="9" StartOffset="2803"/>
</LocList>
<RootTerm CovItemId="C3" CovItemPrefix="my.PSM.PSM_Storage.MySQLManager.java" Intrnl_Id="1334">
<BasicBoolTerm Intrnl_Id="1335">
<LocList>
<Loc EndOffset="2819" SrcFileId="9" StartOffset="2809"/>
</LocList>
</BasicBoolTerm>
</RootTerm>
</LoopStmnt>
<CondStmnt CovItemId="S34" CovItemPrefix="my.PSM.PSM_Storage.MySQLManager.java" Intrnl_Id="1336">
<Branch CovItemId="B11" CovItemPrefix="my.PSM.PSM_Storage.MySQLManager.java" Implct="true" Intrnl_Id="1337">
<Cond/>
<LocList/>
<StmntSeq Intrnl_Id="1338">
<LocList/>
</StmntSeq>
</Branch>
<Branch CovItemId="B12" CovItemPrefix="my.PSM.PSM_Storage.MySQLManager.java" Implct="false" Intrnl_Id="1339">
<Cond>
<Loc EndOffset="2982" SrcFileId="9" StartOffset="2964"/>
</Cond>
<LocList>
<Loc EndOffset="3038" SrcFileId="9" StartOffset="2992"/>
</LocList>
<StmntSeq Intrnl_Id="1340">
<LocList>
<Loc EndOffset="3027" SrcFileId="9" StartOffset="3007"/>
</LocList>
<BasicStmnt CovItemId="S40" CovItemPrefix="my.PSM.PSM_Storage.MySQLManager.java" Intrnl_Id="1341">
<LocList>
<Loc EndOffset="3027" SrcFileId="9" StartOffset="3007"/>
</LocList>
</BasicStmnt>
</StmntSeq>
</Branch>
<Keyword EndOffset="2612" SrcFileId="9" StartOffset="2609"/>
<LocList>
<Loc EndOffset="3038" SrcFileId="9" StartOffset="2609"/>
</LocList>
</CondStmnt>
<BasicStmnt CovItemId="S41" CovItemPrefix="my.PSM.PSM_Storage.MySQLManager.java" Intrnl_Id="1342">
<LocList>
<Loc EndOffset="3067" SrcFileId="9" StartOffset="3049"/>
</LocList>
</BasicStmnt>
</StmntSeq>
</HierarchyLvl>
<HierarchyLvl HierarchyLvlId="227" HierarchyLvlTypeId="22" Intrnl_Id="1343" Name="fetchCourseSubj">
<Header>
<Loc EndOffset="3120" SrcFileId="9" StartOffset="3077"/>
</Header>
<LocList>
<Loc EndOffset="3775" SrcFileId="9" StartOffset="3077"/>
</LocList>
<StmntSeq Intrnl_Id="1344">
<LocList>
<Loc EndOffset="3252" SrcFileId="9" StartOffset="3214"/>
<Loc EndOffset="3468" SrcFileId="9" StartOffset="3380"/>
<Loc EndOffset="3515" SrcFileId="9" StartOffset="3482"/>
<Loc EndOffset="3540" SrcFileId="9" StartOffset="3529"/>
<Loc EndOffset="3627" SrcFileId="9" StartOffset="3588"/>
<Loc EndOffset="3759" SrcFileId="9" StartOffset="3196"/>
</LocList>
<BasicStmnt CovItemId="S43" CovItemPrefix="my.PSM.PSM_Storage.MySQLManager.java" Intrnl_Id="1345">
<LocList>
<Loc EndOffset="3252" SrcFileId="9" StartOffset="3214"/>
</LocList>
</BasicStmnt>
<BasicStmnt CovItemId="S44" CovItemPrefix="my.PSM.PSM_Storage.MySQLManager.java" Intrnl_Id="1346">
<LocList>
<Loc EndOffset="3468" SrcFileId="9" StartOffset="3380"/>
</LocList>
</BasicStmnt>
<BasicStmnt CovItemId="S45" CovItemPrefix="my.PSM.PSM_Storage.MySQLManager.java" Intrnl_Id="1347">
<LocList>
<Loc EndOffset="3515" SrcFileId="9" StartOffset="3482"/>
</LocList>
</BasicStmnt>
<BasicStmnt CovItemId="S46" CovItemPrefix="my.PSM.PSM_Storage.MySQLManager.java" Intrnl_Id="1348">
<LocList>
<Loc EndOffset="3540" SrcFileId="9" StartOffset="3529"/>
</LocList>
</BasicStmnt>
<BasicStmnt CovItemId="S47" CovItemPrefix="my.PSM.PSM_Storage.MySQLManager.java" Intrnl_Id="1349">
<LocList>
<Loc EndOffset="3627" SrcFileId="9" StartOffset="3588"/>
</LocList>
</BasicStmnt>
<CondStmnt CovItemId="S42" CovItemPrefix="my.PSM.PSM_Storage.MySQLManager.java" Intrnl_Id="1350">
<Branch CovItemId="B13" CovItemPrefix="my.PSM.PSM_Storage.MySQLManager.java" Implct="true" Intrnl_Id="1351">
<Cond/>
<LocList/>
<StmntSeq Intrnl_Id="1352">
<LocList/>
</StmntSeq>
</Branch>
<Branch CovItemId="B14" CovItemPrefix="my.PSM.PSM_Storage.MySQLManager.java" Implct="false" Intrnl_Id="1353">
<Cond>
<Loc EndOffset="3687" SrcFileId="9" StartOffset="3669"/>
</Cond>
<LocList>
<Loc EndOffset="3759" SrcFileId="9" StartOffset="3687"/>
</LocList>
<StmntSeq Intrnl_Id="1354">
<LocList>
<Loc EndOffset="3722" SrcFileId="9" StartOffset="3702"/>
<Loc EndOffset="3748" SrcFileId="9" StartOffset="3736"/>
</LocList>
<BasicStmnt CovItemId="S48" CovItemPrefix="my.PSM.PSM_Storage.MySQLManager.java" Intrnl_Id="1355">
<LocList>
<Loc EndOffset="3722" SrcFileId="9" StartOffset="3702"/>
</LocList>
</BasicStmnt>
<BasicStmnt CovItemId="S49" CovItemPrefix="my.PSM.PSM_Storage.MySQLManager.java" Intrnl_Id="1356">
<LocList>
<Loc EndOffset="3748" SrcFileId="9" StartOffset="3736"/>
</LocList>
</BasicStmnt>
</StmntSeq>
</Branch>
<Keyword EndOffset="3199" SrcFileId="9" StartOffset="3196"/>
<LocList>
<Loc EndOffset="3759" SrcFileId="9" StartOffset="3196"/>
</LocList>
</CondStmnt>
</StmntSeq>
</HierarchyLvl>
<HierarchyLvl HierarchyLvlId="228" HierarchyLvlTypeId="22" Intrnl_Id="1357" Name="fetchCourseName">
<Header>
<Loc EndOffset="3830" SrcFileId="9" StartOffset="3787"/>
</Header>
<LocList>
<Loc EndOffset="4479" SrcFileId="9" StartOffset="3787"/>
</LocList>
<StmntSeq Intrnl_Id="1358">
<LocList>
<Loc EndOffset="3962" SrcFileId="9" StartOffset="3924"/>
<Loc EndOffset="4175" SrcFileId="9" StartOffset="4090"/>
<Loc EndOffset="4222" SrcFileId="9" StartOffset="4189"/>
<Loc EndOffset="4247" SrcFileId="9" StartOffset="4236"/>
<Loc EndOffset="4331" SrcFileId="9" StartOffset="4295"/>
<Loc EndOffset="4463" SrcFileId="9" StartOffset="3906"/>
</LocList>
<BasicStmnt CovItemId="S51" CovItemPrefix="my.PSM.PSM_Storage.MySQLManager.java" Intrnl_Id="1359">
<LocList>
<Loc EndOffset="3962" SrcFileId="9" StartOffset="3924"/>
</LocList>
</BasicStmnt>
<BasicStmnt CovItemId="S52" CovItemPrefix="my.PSM.PSM_Storage.MySQLManager.java" Intrnl_Id="1360">
<LocList>
<Loc EndOffset="4175" SrcFileId="9" StartOffset="4090"/>
</LocList>
</BasicStmnt>
<BasicStmnt CovItemId="S53" CovItemPrefix="my.PSM.PSM_Storage.MySQLManager.java" Intrnl_Id="1361">
<LocList>
<Loc EndOffset="4222" SrcFileId="9" StartOffset="4189"/>
</LocList>
</BasicStmnt>
<BasicStmnt CovItemId="S54" CovItemPrefix="my.PSM.PSM_Storage.MySQLManager.java" Intrnl_Id="1362">
<LocList>
<Loc EndOffset="4247" SrcFileId="9" StartOffset="4236"/>
</LocList>
</BasicStmnt>
<BasicStmnt CovItemId="S55" CovItemPrefix="my.PSM.PSM_Storage.MySQLManager.java" Intrnl_Id="1363">
<LocList>
<Loc EndOffset="4331" SrcFileId="9" StartOffset="4295"/>
</LocList>
</BasicStmnt>
<CondStmnt CovItemId="S50" CovItemPrefix="my.PSM.PSM_Storage.MySQLManager.java" Intrnl_Id="1364">
<Branch CovItemId="B15" CovItemPrefix="my.PSM.PSM_Storage.MySQLManager.java" Implct="true" Intrnl_Id="1365">
<Cond/>
<LocList/>
<StmntSeq Intrnl_Id="1366">
<LocList/>
</StmntSeq>
</Branch>
<Branch CovItemId="B16" CovItemPrefix="my.PSM.PSM_Storage.MySQLManager.java" Implct="false" Intrnl_Id="1367">
<Cond>
<Loc EndOffset="4391" SrcFileId="9" StartOffset="4373"/>
</Cond>
<LocList>
<Loc EndOffset="4463" SrcFileId="9" StartOffset="4391"/>
</LocList>
<StmntSeq Intrnl_Id="1368">
<LocList>
<Loc EndOffset="4426" SrcFileId="9" StartOffset="4406"/>
<Loc EndOffset="4452" SrcFileId="9" StartOffset="4440"/>
</LocList>
<BasicStmnt CovItemId="S56" CovItemPrefix="my.PSM.PSM_Storage.MySQLManager.java" Intrnl_Id="1369">
<LocList>
<Loc EndOffset="4426" SrcFileId="9" StartOffset="4406"/>
</LocList>
</BasicStmnt>
<BasicStmnt CovItemId="S57" CovItemPrefix="my.PSM.PSM_Storage.MySQLManager.java" Intrnl_Id="1370">
<LocList>
<Loc EndOffset="4452" SrcFileId="9" StartOffset="4440"/>
</LocList>
</BasicStmnt>
</StmntSeq>
</Branch>
<Keyword EndOffset="3909" SrcFileId="9" StartOffset="3906"/>
<LocList>
<Loc EndOffset="4463" SrcFileId="9" StartOffset="3906"/>
</LocList>
</CondStmnt>
</StmntSeq>
</HierarchyLvl>
<HierarchyLvl HierarchyLvlId="229" HierarchyLvlTypeId="22" Intrnl_Id="1371" Name="fetchCourseSemester">
<Header>
<Loc EndOffset="4538" SrcFileId="9" StartOffset="4491"/>
</Header>
<LocList>
<Loc EndOffset="5181" SrcFileId="9" StartOffset="4491"/>
</LocList>
<StmntSeq Intrnl_Id="1372">
<LocList>
<Loc EndOffset="4670" SrcFileId="9" StartOffset="4632"/>
<Loc EndOffset="4880" SrcFileId="9" StartOffset="4798"/>
<Loc EndOffset="4927" SrcFileId="9" StartOffset="4894"/>
<Loc EndOffset="4952" SrcFileId="9" StartOffset="4941"/>
<Loc EndOffset="5033" SrcFileId="9" StartOffset="5000"/>
<Loc EndOffset="5165" SrcFileId="9" StartOffset="4614"/>
</LocList>
<BasicStmnt CovItemId="S59" CovItemPrefix="my.PSM.PSM_Storage.MySQLManager.java" Intrnl_Id="1373">
<LocList>
<Loc EndOffset="4670" SrcFileId="9" StartOffset="4632"/>
</LocList>
</BasicStmnt>
<BasicStmnt CovItemId="S60" CovItemPrefix="my.PSM.PSM_Storage.MySQLManager.java" Intrnl_Id="1374">
<LocList>
<Loc EndOffset="4880" SrcFileId="9" StartOffset="4798"/>
</LocList>
</BasicStmnt>
<BasicStmnt CovItemId="S61" CovItemPrefix="my.PSM.PSM_Storage.MySQLManager.java" Intrnl_Id="1375">
<LocList>
<Loc EndOffset="4927" SrcFileId="9" StartOffset="4894"/>
</LocList>
</BasicStmnt>
<BasicStmnt CovItemId="S62" CovItemPrefix="my.PSM.PSM_Storage.MySQLManager.java" Intrnl_Id="1376">
<LocList>
<Loc EndOffset="4952" SrcFileId="9" StartOffset="4941"/>
</LocList>
</BasicStmnt>
<BasicStmnt CovItemId="S63" CovItemPrefix="my.PSM.PSM_Storage.MySQLManager.java" Intrnl_Id="1377">
<LocList>
<Loc EndOffset="5033" SrcFileId="9" StartOffset="5000"/>
</LocList>
</BasicStmnt>
<CondStmnt CovItemId="S58" CovItemPrefix="my.PSM.PSM_Storage.MySQLManager.java" Intrnl_Id="1378">
<Branch CovItemId="B17" CovItemPrefix="my.PSM.PSM_Storage.MySQLManager.java" Implct="true" Intrnl_Id="1379">
<Cond/>
<LocList/>
<StmntSeq Intrnl_Id="1380">
<LocList/>
</StmntSeq>
</Branch>
<Branch CovItemId="B18" CovItemPrefix="my.PSM.PSM_Storage.MySQLManager.java" Implct="false" Intrnl_Id="1381">
<Cond>
<Loc EndOffset="5093" SrcFileId="9" StartOffset="5075"/>
</Cond>
<LocList>
<Loc EndOffset="5165" SrcFileId="9" StartOffset="5093"/>
</LocList>
<StmntSeq Intrnl_Id="1382">
<LocList>
<Loc EndOffset="5128" SrcFileId="9" StartOffset="5108"/>
<Loc EndOffset="5154" SrcFileId="9" StartOffset="5142"/>
</LocList>
<BasicStmnt CovItemId="S64" CovItemPrefix="my.PSM.PSM_Storage.MySQLManager.java" Intrnl_Id="1383">
<LocList>
<Loc EndOffset="5128" SrcFileId="9" StartOffset="5108"/>
</LocList>
</BasicStmnt>
<BasicStmnt CovItemId="S65" CovItemPrefix="my.PSM.PSM_Storage.MySQLManager.java" Intrnl_Id="1384">
<LocList>
<Loc EndOffset="5154" SrcFileId="9" StartOffset="5142"/>
</LocList>
</BasicStmnt>
</StmntSeq>
</Branch>
<Keyword EndOffset="4617" SrcFileId="9" StartOffset="4614"/>
<LocList>
<Loc EndOffset="5165" SrcFileId="9" StartOffset="4614"/>
</LocList>
</CondStmnt>
</StmntSeq>
</HierarchyLvl>
<HierarchyLvl HierarchyLvlId="230" HierarchyLvlTypeId="22" Intrnl_Id="1385" Name="fetchCourseStart">
<Header>
<Loc EndOffset="5237" SrcFileId="9" StartOffset="5193"/>
</Header>
<LocList>
<Loc EndOffset="5884" SrcFileId="9" StartOffset="5193"/>
</LocList>
<StmntSeq Intrnl_Id="1386">
<LocList>
<Loc EndOffset="5369" SrcFileId="9" StartOffset="5331"/>
<Loc EndOffset="5581" SrcFileId="9" StartOffset="5497"/>
<Loc EndOffset="5628" SrcFileId="9" StartOffset="5595"/>
<Loc EndOffset="5653" SrcFileId="9" StartOffset="5642"/>
<Loc EndOffset="5736" SrcFileId="9" StartOffset="5701"/>
<Loc EndOffset="5868" SrcFileId="9" StartOffset="5313"/>
</LocList>
<BasicStmnt CovItemId="S67" CovItemPrefix="my.PSM.PSM_Storage.MySQLManager.java" Intrnl_Id="1387">
<LocList>
<Loc EndOffset="5369" SrcFileId="9" StartOffset="5331"/>
</LocList>
</BasicStmnt>
<BasicStmnt CovItemId="S68" CovItemPrefix="my.PSM.PSM_Storage.MySQLManager.java" Intrnl_Id="1388">
<LocList>
<Loc EndOffset="5581" SrcFileId="9" StartOffset="5497"/>
</LocList>
</BasicStmnt>
<BasicStmnt CovItemId="S69" CovItemPrefix="my.PSM.PSM_Storage.MySQLManager.java" Intrnl_Id="1389">
<LocList>
<Loc EndOffset="5628" SrcFileId="9" StartOffset="5595"/>
</LocList>
</BasicStmnt>
<BasicStmnt CovItemId="S70" CovItemPrefix="my.PSM.PSM_Storage.MySQLManager.java" Intrnl_Id="1390">
<LocList>
<Loc EndOffset="5653" SrcFileId="9" StartOffset="5642"/>
</LocList>
</BasicStmnt>
<BasicStmnt CovItemId="S71" CovItemPrefix="my.PSM.PSM_Storage.MySQLManager.java" Intrnl_Id="1391">
<LocList>
<Loc EndOffset="5736" SrcFileId="9" StartOffset="5701"/>
</LocList>
</BasicStmnt>
<CondStmnt CovItemId="S66" CovItemPrefix="my.PSM.PSM_Storage.MySQLManager.java" Intrnl_Id="1392">
<Branch CovItemId="B19" CovItemPrefix="my.PSM.PSM_Storage.MySQLManager.java" Implct="true" Intrnl_Id="1393">
<Cond/>
<LocList/>
<StmntSeq Intrnl_Id="1394">
<LocList/>
</StmntSeq>
</Branch>
<Branch CovItemId="B20" CovItemPrefix="my.PSM.PSM_Storage.MySQLManager.java" Implct="false" Intrnl_Id="1395">
<Cond>
<Loc EndOffset="5796" SrcFileId="9" StartOffset="5778"/>
</Cond>
<LocList>
<Loc EndOffset="5868" SrcFileId="9" StartOffset="5796"/>
</LocList>
<StmntSeq Intrnl_Id="1396">
<LocList>
<Loc EndOffset="5831" SrcFileId="9" StartOffset="5811"/>
<Loc EndOffset="5857" SrcFileId="9" StartOffset="5845"/>
</LocList>
<BasicStmnt CovItemId="S72" CovItemPrefix="my.PSM.PSM_Storage.MySQLManager.java" Intrnl_Id="1397">
<LocList>
<Loc EndOffset="5831" SrcFileId="9" StartOffset="5811"/>
</LocList>
</BasicStmnt>
<BasicStmnt CovItemId="S73" CovItemPrefix="my.PSM.PSM_Storage.MySQLManager.java" Intrnl_Id="1398">
<LocList>
<Loc EndOffset="5857" SrcFileId="9" StartOffset="5845"/>
</LocList>
</BasicStmnt>
</StmntSeq>
</Branch>
<Keyword EndOffset="5316" SrcFileId="9" StartOffset="5313"/>
<LocList>
<Loc EndOffset="5868" SrcFileId="9" StartOffset="5313"/>
</LocList>
</CondStmnt>
</StmntSeq>
</HierarchyLvl>
<HierarchyLvl HierarchyLvlId="231" HierarchyLvlTypeId="22" Intrnl_Id="1399" Name="fetchCourseEnd">
<Header>
<Loc EndOffset="5938" SrcFileId="9" StartOffset="5896"/>
</Header>
<LocList>
<Loc EndOffset="6615" SrcFileId="9" StartOffset="5896"/>
</LocList>
<StmntSeq Intrnl_Id="1400">
<LocList>
<Loc EndOffset="6079" SrcFileId="9" StartOffset="6041"/>
<Loc EndOffset="6289" SrcFileId="9" StartOffset="6207"/>
<Loc EndOffset="6336" SrcFileId="9" StartOffset="6303"/>
<Loc EndOffset="6361" SrcFileId="9" StartOffset="6350"/>
<Loc EndOffset="6436" SrcFileId="9" StartOffset="6391"/>
<Loc EndOffset="6488" SrcFileId="9" StartOffset="6471"/>
<Loc EndOffset="6599" SrcFileId="9" StartOffset="6023"/>
</LocList>
<BasicStmnt CovItemId="S75" CovItemPrefix="my.PSM.PSM_Storage.MySQLManager.java" Intrnl_Id="1401">
<LocList>
<Loc EndOffset="6079" SrcFileId="9" StartOffset="6041"/>
</LocList>
</BasicStmnt>
<BasicStmnt CovItemId="S76" CovItemPrefix="my.PSM.PSM_Storage.MySQLManager.java" Intrnl_Id="1402">
<LocList>
<Loc EndOffset="6289" SrcFileId="9" StartOffset="6207"/>
</LocList>
</BasicStmnt>
<BasicStmnt CovItemId="S77" CovItemPrefix="my.PSM.PSM_Storage.MySQLManager.java" Intrnl_Id="1403">
<LocList>
<Loc EndOffset="6336" SrcFileId="9" StartOffset="6303"/>
</LocList>
</BasicStmnt>
<BasicStmnt CovItemId="S78" CovItemPrefix="my.PSM.PSM_Storage.MySQLManager.java" Intrnl_Id="1404">
<LocList>
<Loc EndOffset="6361" SrcFileId="9" StartOffset="6350"/>
</LocList>
</BasicStmnt>
<BasicStmnt CovItemId="S79" CovItemPrefix="my.PSM.PSM_Storage.MySQLManager.java" Intrnl_Id="1405">
<LocList>
<Loc EndOffset="6436" SrcFileId="9" StartOffset="6391"/>
</LocList>
</BasicStmnt>
<BasicStmnt CovItemId="S80" CovItemPrefix="my.PSM.PSM_Storage.MySQLManager.java" Intrnl_Id="1406">
<LocList>
<Loc EndOffset="6488" SrcFileId="9" StartOffset="6471"/>
</LocList>
</BasicStmnt>
<CondStmnt CovItemId="S74" CovItemPrefix="my.PSM.PSM_Storage.MySQLManager.java" Intrnl_Id="1407">
<Branch CovItemId="B21" CovItemPrefix="my.PSM.PSM_Storage.MySQLManager.java" Implct="true" Intrnl_Id="1408">
<Cond/>
<LocList/>
<StmntSeq Intrnl_Id="1409">
<LocList/>
</StmntSeq>
</Branch>
<Branch CovItemId="B22" CovItemPrefix="my.PSM.PSM_Storage.MySQLManager.java" Implct="false" Intrnl_Id="1410">
<Cond>
<Loc EndOffset="6527" SrcFileId="9" StartOffset="6509"/>
</Cond>
<LocList>
<Loc EndOffset="6599" SrcFileId="9" StartOffset="6527"/>
</LocList>
<StmntSeq Intrnl_Id="1411">
<LocList>
<Loc EndOffset="6562" SrcFileId="9" StartOffset="6542"/>
<Loc EndOffset="6588" SrcFileId="9" StartOffset="6576"/>
</LocList>
<BasicStmnt CovItemId="S81" CovItemPrefix="my.PSM.PSM_Storage.MySQLManager.java" Intrnl_Id="1412">
<LocList>
<Loc EndOffset="6562" SrcFileId="9" StartOffset="6542"/>
</LocList>
</BasicStmnt>
<BasicStmnt CovItemId="S82" CovItemPrefix="my.PSM.PSM_Storage.MySQLManager.java" Intrnl_Id="1413">
<LocList>
<Loc EndOffset="6588" SrcFileId="9" StartOffset="6576"/>
</LocList>
</BasicStmnt>
</StmntSeq>
</Branch>
<Keyword EndOffset="6026" SrcFileId="9" StartOffset="6023"/>
<LocList>
<Loc EndOffset="6599" SrcFileId="9" StartOffset="6023"/>
</LocList>
</CondStmnt>
</StmntSeq>
</HierarchyLvl>
<HierarchyLvl HierarchyLvlId="232" HierarchyLvlTypeId="22" Intrnl_Id="1414" Name="fetchStartMon">
<Header>
<Loc EndOffset="6668" SrcFileId="9" StartOffset="6627"/>
</Header>
<LocList>
<Loc EndOffset="7122" SrcFileId="9" StartOffset="6627"/>
</LocList>
<StmntSeq Intrnl_Id="1415">
<LocList>
<Loc EndOffset="6741" SrcFileId="9" StartOffset="6703"/>
<Loc EndOffset="6838" SrcFileId="9" StartOffset="6755"/>
<Loc EndOffset="6885" SrcFileId="9" StartOffset="6852"/>
<Loc EndOffset="6910" SrcFileId="9" StartOffset="6899"/>
<Loc EndOffset="6958" SrcFileId="9" StartOffset="6924"/>
<Loc EndOffset="7115" SrcFileId="9" StartOffset="6685"/>
</LocList>
<BasicStmnt CovItemId="S84" CovItemPrefix="my.PSM.PSM_Storage.MySQLManager.java" Intrnl_Id="1416">
<LocList>
<Loc EndOffset="6741" SrcFileId="9" StartOffset="6703"/>
</LocList>
</BasicStmnt>
<BasicStmnt CovItemId="S85" CovItemPrefix="my.PSM.PSM_Storage.MySQLManager.java" Intrnl_Id="1417">
<LocList>
<Loc EndOffset="6838" SrcFileId="9" StartOffset="6755"/>
</LocList>
</BasicStmnt>
<BasicStmnt CovItemId="S86" CovItemPrefix="my.PSM.PSM_Storage.MySQLManager.java" Intrnl_Id="1418">
<LocList>
<Loc EndOffset="6885" SrcFileId="9" StartOffset="6852"/>
</LocList>
</BasicStmnt>
<BasicStmnt CovItemId="S87" CovItemPrefix="my.PSM.PSM_Storage.MySQLManager.java" Intrnl_Id="1419">
<LocList>
<Loc EndOffset="6910" SrcFileId="9" StartOffset="6899"/>
</LocList>
</BasicStmnt>
<BasicStmnt CovItemId="S88" CovItemPrefix="my.PSM.PSM_Storage.MySQLManager.java" Intrnl_Id="1420">
<LocList>
<Loc EndOffset="6958" SrcFileId="9" StartOffset="6924"/>
</LocList>
</BasicStmnt>
<CondStmnt CovItemId="S83" CovItemPrefix="my.PSM.PSM_Storage.MySQLManager.java" Intrnl_Id="1421">
<Branch CovItemId="B23" CovItemPrefix="my.PSM.PSM_Storage.MySQLManager.java" Implct="true" Intrnl_Id="1422">
<Cond/>
<LocList/>
<StmntSeq Intrnl_Id="1423">
<LocList/>
</StmntSeq>
</Branch>
<Branch CovItemId="B24" CovItemPrefix="my.PSM.PSM_Storage.MySQLManager.java" Implct="false" Intrnl_Id="1424">
<Cond>
<Loc EndOffset="7019" SrcFileId="9" StartOffset="7001"/>
</Cond>
<LocList>
<Loc EndOffset="7115" SrcFileId="9" StartOffset="7029"/>
</LocList>
<StmntSeq Intrnl_Id="1425">
<LocList>
<Loc EndOffset="7064" SrcFileId="9" StartOffset="7044"/>
<Loc EndOffset="7104" SrcFileId="9" StartOffset="7092"/>
</LocList>
<BasicStmnt CovItemId="S89" CovItemPrefix="my.PSM.PSM_Storage.MySQLManager.java" Intrnl_Id="1426">
<LocList>
<Loc EndOffset="7064" SrcFileId="9" StartOffset="7044"/>
</LocList>
</BasicStmnt>
<BasicStmnt CovItemId="S90" CovItemPrefix="my.PSM.PSM_Storage.MySQLManager.java" Intrnl_Id="1427">
<LocList>
<Loc EndOffset="7104" SrcFileId="9" StartOffset="7092"/>
</LocList>
</BasicStmnt>
</StmntSeq>
</Branch>
<Keyword EndOffset="6688" SrcFileId="9" StartOffset="6685"/>
<LocList>
<Loc EndOffset="7115" SrcFileId="9" StartOffset="6685"/>
</LocList>
</CondStmnt>
</StmntSeq>
</HierarchyLvl>
<HierarchyLvl HierarchyLvlId="233" HierarchyLvlTypeId="22" Intrnl_Id="1428" Name="fetchEndMon">
<Header>
<Loc EndOffset="7173" SrcFileId="9" StartOffset="7134"/>
</Header>
<LocList>
<Loc EndOffset="7601" SrcFileId="9" StartOffset="7134"/>
</LocList>
<StmntSeq Intrnl_Id="1429">
<LocList>
<Loc EndOffset="7246" SrcFileId="9" StartOffset="7208"/>
<Loc EndOffset="7341" SrcFileId="9" StartOffset="7260"/>
<Loc EndOffset="7388" SrcFileId="9" StartOffset="7355"/>
<Loc EndOffset="7413" SrcFileId="9" StartOffset="7402"/>
<Loc EndOffset="7459" SrcFileId="9" StartOffset="7427"/>
<Loc EndOffset="7594" SrcFileId="9" StartOffset="7190"/>
</LocList>
<BasicStmnt CovItemId="S92" CovItemPrefix="my.PSM.PSM_Storage.MySQLManager.java" Intrnl_Id="1430">
<LocList>
<Loc EndOffset="7246" SrcFileId="9" StartOffset="7208"/>
</LocList>
</BasicStmnt>
<BasicStmnt CovItemId="S93" CovItemPrefix="my.PSM.PSM_Storage.MySQLManager.java" Intrnl_Id="1431">
<LocList>
<Loc EndOffset="7341" SrcFileId="9" StartOffset="7260"/>
</LocList>
</BasicStmnt>
<BasicStmnt CovItemId="S94" CovItemPrefix="my.PSM.PSM_Storage.MySQLManager.java" Intrnl_Id="1432">
<LocList>
<Loc EndOffset="7388" SrcFileId="9" StartOffset="7355"/>
</LocList>
</BasicStmnt>
<BasicStmnt CovItemId="S95" CovItemPrefix="my.PSM.PSM_Storage.MySQLManager.java" Intrnl_Id="1433">
<LocList>
<Loc EndOffset="7413" SrcFileId="9" StartOffset="7402"/>
</LocList>
</BasicStmnt>
<BasicStmnt CovItemId="S96" CovItemPrefix="my.PSM.PSM_Storage.MySQLManager.java" Intrnl_Id="1434">
<LocList>
<Loc EndOffset="7459" SrcFileId="9" StartOffset="7427"/>
</LocList>
</BasicStmnt>
<CondStmnt CovItemId="S91" CovItemPrefix="my.PSM.PSM_Storage.MySQLManager.java" Intrnl_Id="1435">
<Branch CovItemId="B25" CovItemPrefix="my.PSM.PSM_Storage.MySQLManager.java" Implct="true" Intrnl_Id="1436">
<Cond/>
<LocList/>
<StmntSeq Intrnl_Id="1437">
<LocList/>
</StmntSeq>
</Branch>
<Branch CovItemId="B26" CovItemPrefix="my.PSM.PSM_Storage.MySQLManager.java" Implct="false" Intrnl_Id="1438">
<Cond>
<Loc EndOffset="7512" SrcFileId="9" StartOffset="7494"/>
</Cond>
<LocList>
<Loc EndOffset="7594" SrcFileId="9" StartOffset="7522"/>
</LocList>
<StmntSeq Intrnl_Id="1439">
<LocList>
<Loc EndOffset="7557" SrcFileId="9" StartOffset="7537"/>
<Loc EndOffset="7583" SrcFileId="9" StartOffset="7571"/>
</LocList>
<BasicStmnt CovItemId="S97" CovItemPrefix="my.PSM.PSM_Storage.MySQLManager.java" Intrnl_Id="1440">
<LocList>
<Loc EndOffset="7557" SrcFileId="9" StartOffset="7537"/>
</LocList>
</BasicStmnt>
<BasicStmnt CovItemId="S98" CovItemPrefix="my.PSM.PSM_Storage.MySQLManager.java" Intrnl_Id="1441">
<LocList>
<Loc EndOffset="7583" SrcFileId="9" StartOffset="7571"/>
</LocList>
</BasicStmnt>
</StmntSeq>
</Branch>
<Keyword EndOffset="7193" SrcFileId="9" StartOffset="7190"/>
<LocList>
<Loc EndOffset="7594" SrcFileId="9" StartOffset="7190"/>
</LocList>
</CondStmnt>
</StmntSeq>
</HierarchyLvl>
<HierarchyLvl HierarchyLvlId="234" HierarchyLvlTypeId="22" Intrnl_Id="1442" Name="fetchStartTue">
<Header>
<Loc EndOffset="7654" SrcFileId="9" StartOffset="7613"/>
</Header>
<LocList>
<Loc EndOffset="8098" SrcFileId="9" StartOffset="7613"/>
</LocList>
<StmntSeq Intrnl_Id="1443">
<LocList>
<Loc EndOffset="7727" SrcFileId="9" StartOffset="7689"/>
<Loc EndOffset="7824" SrcFileId="9" StartOffset="7741"/>
<Loc EndOffset="7871" SrcFileId="9" StartOffset="7838"/>
<Loc EndOffset="7896" SrcFileId="9" StartOffset="7885"/>
<Loc EndOffset="7944" SrcFileId="9" StartOffset="7910"/>
<Loc EndOffset="8091" SrcFileId="9" StartOffset="7671"/>
</LocList>
<BasicStmnt CovItemId="S100" CovItemPrefix="my.PSM.PSM_Storage.MySQLManager.java" Intrnl_Id="1444">
<LocList>
<Loc EndOffset="7727" SrcFileId="9" StartOffset="7689"/>
</LocList>
</BasicStmnt>
<BasicStmnt CovItemId="S101" CovItemPrefix="my.PSM.PSM_Storage.MySQLManager.java" Intrnl_Id="1445">
<LocList>
<Loc EndOffset="7824" SrcFileId="9" StartOffset="7741"/>
</LocList>
</BasicStmnt>
<BasicStmnt CovItemId="S102" CovItemPrefix="my.PSM.PSM_Storage.MySQLManager.java" Intrnl_Id="1446">
<LocList>
<Loc EndOffset="7871" SrcFileId="9" StartOffset="7838"/>
</LocList>
</BasicStmnt>
<BasicStmnt CovItemId="S103" CovItemPrefix="my.PSM.PSM_Storage.MySQLManager.java" Intrnl_Id="1447">
<LocList>
<Loc EndOffset="7896" SrcFileId="9" StartOffset="7885"/>
</LocList>
</BasicStmnt>
<BasicStmnt CovItemId="S104" CovItemPrefix="my.PSM.PSM_Storage.MySQLManager.java" Intrnl_Id="1448">
<LocList>
<Loc EndOffset="7944" SrcFileId="9" StartOffset="7910"/>
</LocList>
</BasicStmnt>
<CondStmnt CovItemId="S99" CovItemPrefix="my.PSM.PSM_Storage.MySQLManager.java" Intrnl_Id="1449">
<Branch CovItemId="B27" CovItemPrefix="my.PSM.PSM_Storage.MySQLManager.java" Implct="true" Intrnl_Id="1450">
<Cond/>
<LocList/>
<StmntSeq Intrnl_Id="1451">
<LocList/>
</StmntSeq>
</Branch>
<Branch CovItemId="B28" CovItemPrefix="my.PSM.PSM_Storage.MySQLManager.java" Implct="false" Intrnl_Id="1452">
<Cond>
<Loc EndOffset="7997" SrcFileId="9" StartOffset="7979"/>
</Cond>
<LocList>
<Loc EndOffset="8091" SrcFileId="9" StartOffset="8007"/>
</LocList>
<StmntSeq Intrnl_Id="1453">
<LocList>
<Loc EndOffset="8042" SrcFileId="9" StartOffset="8022"/>
<Loc EndOffset="8080" SrcFileId="9" StartOffset="8070"/>
</LocList>
<BasicStmnt CovItemId="S105" CovItemPrefix="my.PSM.PSM_Storage.MySQLManager.java" Intrnl_Id="1454">
<LocList>
<Loc EndOffset="8042" SrcFileId="9" StartOffset="8022"/>
</LocList>
</BasicStmnt>
<BasicStmnt CovItemId="S106" CovItemPrefix="my.PSM.PSM_Storage.MySQLManager.java" Intrnl_Id="1455">
<LocList>
<Loc EndOffset="8080" SrcFileId="9" StartOffset="8070"/>
</LocList>
</BasicStmnt>
</StmntSeq>
</Branch>
<Keyword EndOffset="7674" SrcFileId="9" StartOffset="7671"/>
<LocList>
<Loc EndOffset="8091" SrcFileId="9" StartOffset="7671"/>
</LocList>
</CondStmnt>
</StmntSeq>
</HierarchyLvl>
<HierarchyLvl HierarchyLvlId="235" HierarchyLvlTypeId="22" Intrnl_Id="1456" Name="fetchEndTue">
<Header>
<Loc EndOffset="8149" SrcFileId="9" StartOffset="8110"/>
</Header>
<LocList>
<Loc EndOffset="8577" SrcFileId="9" StartOffset="8110"/>
</LocList>
<StmntSeq Intrnl_Id="1457">
<LocList>
<Loc EndOffset="8222" SrcFileId="9" StartOffset="8184"/>
<Loc EndOffset="8317" SrcFileId="9" StartOffset="8236"/>
<Loc EndOffset="8364" SrcFileId="9" StartOffset="8331"/>
<Loc EndOffset="8389" SrcFileId="9" StartOffset="8378"/>
<Loc EndOffset="8435" SrcFileId="9" StartOffset="8403"/>
<Loc EndOffset="8570" SrcFileId="9" StartOffset="8166"/>
</LocList>
<BasicStmnt CovItemId="S108" CovItemPrefix="my.PSM.PSM_Storage.MySQLManager.java" Intrnl_Id="1458">
<LocList>
<Loc EndOffset="8222" SrcFileId="9" StartOffset="8184"/>
</LocList>
</BasicStmnt>
<BasicStmnt CovItemId="S109" CovItemPrefix="my.PSM.PSM_Storage.MySQLManager.java" Intrnl_Id="1459">
<LocList>
<Loc EndOffset="8317" SrcFileId="9" StartOffset="8236"/>
</LocList>
</BasicStmnt>
<BasicStmnt CovItemId="S110" CovItemPrefix="my.PSM.PSM_Storage.MySQLManager.java" Intrnl_Id="1460">
<LocList>
<Loc EndOffset="8364" SrcFileId="9" StartOffset="8331"/>
</LocList>
</BasicStmnt>
<BasicStmnt CovItemId="S111" CovItemPrefix="my.PSM.PSM_Storage.MySQLManager.java" Intrnl_Id="1461">
<LocList>
<Loc EndOffset="8389" SrcFileId="9" StartOffset="8378"/>
</LocList>
</BasicStmnt>
<BasicStmnt CovItemId="S112" CovItemPrefix="my.PSM.PSM_Storage.MySQLManager.java" Intrnl_Id="1462">
<LocList>
<Loc EndOffset="8435" SrcFileId="9" StartOffset="8403"/>
</LocList>
</BasicStmnt>
<CondStmnt CovItemId="S107" CovItemPrefix="my.PSM.PSM_Storage.MySQLManager.java" Intrnl_Id="1463">
<Branch CovItemId="B29" CovItemPrefix="my.PSM.PSM_Storage.MySQLManager.java" Implct="true" Intrnl_Id="1464">
<Cond/>
<LocList/>
<StmntSeq Intrnl_Id="1465">
<LocList/>
</StmntSeq>
</Branch>
<Branch CovItemId="B30" CovItemPrefix="my.PSM.PSM_Storage.MySQLManager.java" Implct="false" Intrnl_Id="1466">
<Cond>
<Loc EndOffset="8488" SrcFileId="9" StartOffset="8470"/>
</Cond>
<LocList>
<Loc EndOffset="8570" SrcFileId="9" StartOffset="8498"/>
</LocList>
<StmntSeq Intrnl_Id="1467">
<LocList>
<Loc EndOffset="8533" SrcFileId="9" StartOffset="8513"/>
<Loc EndOffset="8559" SrcFileId="9" StartOffset="8547"/>
</LocList>
<BasicStmnt CovItemId="S113" CovItemPrefix="my.PSM.PSM_Storage.MySQLManager.java" Intrnl_Id="1468">
<LocList>
<Loc EndOffset="8533" SrcFileId="9" StartOffset="8513"/>
</LocList>
</BasicStmnt>
<BasicStmnt CovItemId="S114" CovItemPrefix="my.PSM.PSM_Storage.MySQLManager.java" Intrnl_Id="1469">
<LocList>
<Loc EndOffset="8559" SrcFileId="9" StartOffset="8547"/>
</LocList>
</BasicStmnt>
</StmntSeq>
</Branch>
<Keyword EndOffset="8169" SrcFileId="9" StartOffset="8166"/>
<LocList>
<Loc EndOffset="8570" SrcFileId="9" StartOffset="8166"/>
</LocList>
</CondStmnt>
</StmntSeq>
</HierarchyLvl>
<HierarchyLvl HierarchyLvlId="236" HierarchyLvlTypeId="22" Intrnl_Id="1470" Name="fetchStartWed">
<Header>
<Loc EndOffset="8626" SrcFileId="9" StartOffset="8585"/>
</Header>
<LocList>
<Loc EndOffset="9058" SrcFileId="9" StartOffset="8585"/>
</LocList>
<StmntSeq Intrnl_Id="1471">
<LocList>
<Loc EndOffset="8699" SrcFileId="9" StartOffset="8661"/>
<Loc EndOffset="8796" SrcFileId="9" StartOffset="8713"/>
<Loc EndOffset="8843" SrcFileId="9" StartOffset="8810"/>
<Loc EndOffset="8868" SrcFileId="9" StartOffset="8857"/>
<Loc EndOffset="8916" SrcFileId="9" StartOffset="8882"/>
<Loc EndOffset="9051" SrcFileId="9" StartOffset="8643"/>
</LocList>
<BasicStmnt CovItemId="S116" CovItemPrefix="my.PSM.PSM_Storage.MySQLManager.java" Intrnl_Id="1472">
<LocList>
<Loc EndOffset="8699" SrcFileId="9" StartOffset="8661"/>
</LocList>
</BasicStmnt>
<BasicStmnt CovItemId="S117" CovItemPrefix="my.PSM.PSM_Storage.MySQLManager.java" Intrnl_Id="1473">
<LocList>
<Loc EndOffset="8796" SrcFileId="9" StartOffset="8713"/>
</LocList>
</BasicStmnt>
<BasicStmnt CovItemId="S118" CovItemPrefix="my.PSM.PSM_Storage.MySQLManager.java" Intrnl_Id="1474">
<LocList>
<Loc EndOffset="8843" SrcFileId="9" StartOffset="8810"/>
</LocList>
</BasicStmnt>
<BasicStmnt CovItemId="S119" CovItemPrefix="my.PSM.PSM_Storage.MySQLManager.java" Intrnl_Id="1475">
<LocList>
<Loc EndOffset="8868" SrcFileId="9" StartOffset="8857"/>
</LocList>
</BasicStmnt>
<BasicStmnt CovItemId="S120" CovItemPrefix="my.PSM.PSM_Storage.MySQLManager.java" Intrnl_Id="1476">
<LocList>
<Loc EndOffset="8916" SrcFileId="9" StartOffset="8882"/>
</LocList>
</BasicStmnt>
<CondStmnt CovItemId="S115" CovItemPrefix="my.PSM.PSM_Storage.MySQLManager.java" Intrnl_Id="1477">
<Branch CovItemId="B31" CovItemPrefix="my.PSM.PSM_Storage.MySQLManager.java" Implct="true" Intrnl_Id="1478">
<Cond/>
<LocList/>
<StmntSeq Intrnl_Id="1479">
<LocList/>
</StmntSeq>
</Branch>
<Branch CovItemId="B32" CovItemPrefix="my.PSM.PSM_Storage.MySQLManager.java" Implct="false" Intrnl_Id="1480">
<Cond>
<Loc EndOffset="8969" SrcFileId="9" StartOffset="8951"/>
</Cond>
<LocList>
<Loc EndOffset="9051" SrcFileId="9" StartOffset="8979"/>
</LocList>
<StmntSeq Intrnl_Id="1481">
<LocList>
<Loc EndOffset="9014" SrcFileId="9" StartOffset="8994"/>
<Loc EndOffset="9040" SrcFileId="9" StartOffset="9028"/>
</LocList>
<BasicStmnt CovItemId="S121" CovItemPrefix="my.PSM.PSM_Storage.MySQLManager.java" Intrnl_Id="1482">
<LocList>
<Loc EndOffset="9014" SrcFileId="9" StartOffset="8994"/>
</LocList>
</BasicStmnt>
<BasicStmnt CovItemId="S122" CovItemPrefix="my.PSM.PSM_Storage.MySQLManager.java" Intrnl_Id="1483">
<LocList>
<Loc EndOffset="9040" SrcFileId="9" StartOffset="9028"/>
</LocList>
</BasicStmnt>
</StmntSeq>
</Branch>
<Keyword EndOffset="8646" SrcFileId="9" StartOffset="8643"/>
<LocList>
<Loc EndOffset="9051" SrcFileId="9" StartOffset="8643"/>
</LocList>
</CondStmnt>
</StmntSeq>
</HierarchyLvl>
<HierarchyLvl HierarchyLvlId="237" HierarchyLvlTypeId="22" Intrnl_Id="1484" Name="fetchEndWed">
<Header>
<Loc EndOffset="9109" SrcFileId="9" StartOffset="9070"/>
</Header>
<LocList>
<Loc EndOffset="9537" SrcFileId="9" StartOffset="9070"/>
</LocList>
<StmntSeq Intrnl_Id="1485">
<LocList>
<Loc EndOffset="9182" SrcFileId="9" StartOffset="9144"/>
<Loc EndOffset="9277" SrcFileId="9" StartOffset="9196"/>
<Loc EndOffset="9324" SrcFileId="9" StartOffset="9291"/>
<Loc EndOffset="9349" SrcFileId="9" StartOffset="9338"/>
<Loc EndOffset="9395" SrcFileId="9" StartOffset="9363"/>
<Loc EndOffset="9530" SrcFileId="9" StartOffset="9126"/>
</LocList>
<BasicStmnt CovItemId="S124" CovItemPrefix="my.PSM.PSM_Storage.MySQLManager.java" Intrnl_Id="1486">
<LocList>
<Loc EndOffset="9182" SrcFileId="9" StartOffset="9144"/>
</LocList>
</BasicStmnt>
<BasicStmnt CovItemId="S125" CovItemPrefix="my.PSM.PSM_Storage.MySQLManager.java" Intrnl_Id="1487">
<LocList>
<Loc EndOffset="9277" SrcFileId="9" StartOffset="9196"/>
</LocList>
</BasicStmnt>
<BasicStmnt CovItemId="S126" CovItemPrefix="my.PSM.PSM_Storage.MySQLManager.java" Intrnl_Id="1488">
<LocList>
<Loc EndOffset="9324" SrcFileId="9" StartOffset="9291"/>
</LocList>
</BasicStmnt>
<BasicStmnt CovItemId="S127" CovItemPrefix="my.PSM.PSM_Storage.MySQLManager.java" Intrnl_Id="1489">
<LocList>
<Loc EndOffset="9349" SrcFileId="9" StartOffset="9338"/>
</LocList>
</BasicStmnt>
<BasicStmnt CovItemId="S128" CovItemPrefix="my.PSM.PSM_Storage.MySQLManager.java" Intrnl_Id="1490">
<LocList>
<Loc EndOffset="9395" SrcFileId="9" StartOffset="9363"/>
</LocList>
</BasicStmnt>
<CondStmnt CovItemId="S123" CovItemPrefix="my.PSM.PSM_Storage.MySQLManager.java" Intrnl_Id="1491">
<Branch CovItemId="B33" CovItemPrefix="my.PSM.PSM_Storage.MySQLManager.java" Implct="true" Intrnl_Id="1492">
<Cond/>
<LocList/>
<StmntSeq Intrnl_Id="1493">
<LocList/>
</StmntSeq>
</Branch>
<Branch CovItemId="B34" CovItemPrefix="my.PSM.PSM_Storage.MySQLManager.java" Implct="false" Intrnl_Id="1494">
<Cond>
<Loc EndOffset="9448" SrcFileId="9" StartOffset="9430"/>
</Cond>
<LocList>
<Loc EndOffset="9530" SrcFileId="9" StartOffset="9458"/>
</LocList>
<StmntSeq Intrnl_Id="1495">
<LocList>
<Loc EndOffset="9493" SrcFileId="9" StartOffset="9473"/>
<Loc EndOffset="9519" SrcFileId="9" StartOffset="9507"/>
</LocList>
<BasicStmnt CovItemId="S129" CovItemPrefix="my.PSM.PSM_Storage.MySQLManager.java" Intrnl_Id="1496">
<LocList>
<Loc EndOffset="9493" SrcFileId="9" StartOffset="9473"/>
</LocList>
</BasicStmnt>
<BasicStmnt CovItemId="S130" CovItemPrefix="my.PSM.PSM_Storage.MySQLManager.java" Intrnl_Id="1497">
<LocList>
<Loc EndOffset="9519" SrcFileId="9" StartOffset="9507"/>
</LocList>
</BasicStmnt>
</StmntSeq>
</Branch>
<Keyword EndOffset="9129" SrcFileId="9" StartOffset="9126"/>
<LocList>
<Loc EndOffset="9530" SrcFileId="9" StartOffset="9126"/>
</LocList>
</CondStmnt>
</StmntSeq>
</HierarchyLvl>
<HierarchyLvl HierarchyLvlId="238" HierarchyLvlTypeId="22" Intrnl_Id="1498" Name="fetchStartThu">
<Header>
<Loc EndOffset="9600" SrcFileId="9" StartOffset="9559"/>
</Header>
<LocList>
<Loc EndOffset="10032" SrcFileId="9" StartOffset="9559"/>
</LocList>
<StmntSeq Intrnl_Id="1499">
<LocList>
<Loc EndOffset="9673" SrcFileId="9" StartOffset="9635"/>
<Loc EndOffset="9770" SrcFileId="9" StartOffset="9687"/>
<Loc EndOffset="9817" SrcFileId="9" StartOffset="9784"/>
<Loc EndOffset="9842" SrcFileId="9" StartOffset="9831"/>
<Loc EndOffset="9890" SrcFileId="9" StartOffset="9856"/>
<Loc EndOffset="10025" SrcFileId="9" StartOffset="9617"/>
</LocList>
<BasicStmnt CovItemId="S132" CovItemPrefix="my.PSM.PSM_Storage.MySQLManager.java" Intrnl_Id="1500">
<LocList>
<Loc EndOffset="9673" SrcFileId="9" StartOffset="9635"/>
</LocList>
</BasicStmnt>
<BasicStmnt CovItemId="S133" CovItemPrefix="my.PSM.PSM_Storage.MySQLManager.java" Intrnl_Id="1501">
<LocList>
<Loc EndOffset="9770" SrcFileId="9" StartOffset="9687"/>
</LocList>
</BasicStmnt>
<BasicStmnt CovItemId="S134" CovItemPrefix="my.PSM.PSM_Storage.MySQLManager.java" Intrnl_Id="1502">
<LocList>
<Loc EndOffset="9817" SrcFileId="9" StartOffset="9784"/>
</LocList>
</BasicStmnt>
<BasicStmnt CovItemId="S135" CovItemPrefix="my.PSM.PSM_Storage.MySQLManager.java" Intrnl_Id="1503">
<LocList>
<Loc EndOffset="9842" SrcFileId="9" StartOffset="9831"/>
</LocList>
</BasicStmnt>
<BasicStmnt CovItemId="S136" CovItemPrefix="my.PSM.PSM_Storage.MySQLManager.java" Intrnl_Id="1504">
<LocList>
<Loc EndOffset="9890" SrcFileId="9" StartOffset="9856"/>
</LocList>
</BasicStmnt>
<CondStmnt CovItemId="S131" CovItemPrefix="my.PSM.PSM_Storage.MySQLManager.java" Intrnl_Id="1505">
<Branch CovItemId="B35" CovItemPrefix="my.PSM.PSM_Storage.MySQLManager.java" Implct="true" Intrnl_Id="1506">
<Cond/>
<LocList/>
<StmntSeq Intrnl_Id="1507">
<LocList/>
</StmntSeq>
</Branch>
<Branch CovItemId="B36" CovItemPrefix="my.PSM.PSM_Storage.MySQLManager.java" Implct="false" Intrnl_Id="1508">
<Cond>
<Loc EndOffset="9943" SrcFileId="9" StartOffset="9925"/>
</Cond>
<LocList>
<Loc EndOffset="10025" SrcFileId="9" StartOffset="9953"/>
</LocList>
<StmntSeq Intrnl_Id="1509">
<LocList>
<Loc EndOffset="9988" SrcFileId="9" StartOffset="9968"/>
<Loc EndOffset="10014" SrcFileId="9" StartOffset="10002"/>
</LocList>
<BasicStmnt CovItemId="S137" CovItemPrefix="my.PSM.PSM_Storage.MySQLManager.java" Intrnl_Id="1510">
<LocList>
<Loc EndOffset="9988" SrcFileId="9" StartOffset="9968"/>
</LocList>
</BasicStmnt>
<BasicStmnt CovItemId="S138" CovItemPrefix="my.PSM.PSM_Storage.MySQLManager.java" Intrnl_Id="1511">
<LocList>
<Loc EndOffset="10014" SrcFileId="9" StartOffset="10002"/>
</LocList>
</BasicStmnt>
</StmntSeq>
</Branch>
<Keyword EndOffset="9620" SrcFileId="9" StartOffset="9617"/>
<LocList>
<Loc EndOffset="10025" SrcFileId="9" StartOffset="9617"/>
</LocList>
</CondStmnt>
</StmntSeq>
</HierarchyLvl>
<HierarchyLvl HierarchyLvlId="239" HierarchyLvlTypeId="22" Intrnl_Id="1512" Name="fetchEndThu">
<Header>
<Loc EndOffset="10083" SrcFileId="9" StartOffset="10044"/>
</Header>
<LocList>
<Loc EndOffset="10511" SrcFileId="9" StartOffset="10044"/>
</LocList>
<StmntSeq Intrnl_Id="1513">
<LocList>
<Loc EndOffset="10156" SrcFileId="9" StartOffset="10118"/>
<Loc EndOffset="10251" SrcFileId="9" StartOffset="10170"/>
<Loc EndOffset="10298" SrcFileId="9" StartOffset="10265"/>
<Loc EndOffset="10323" SrcFileId="9" StartOffset="10312"/>
<Loc EndOffset="10369" SrcFileId="9" StartOffset="10337"/>
<Loc EndOffset="10504" SrcFileId="9" StartOffset="10100"/>
</LocList>
<BasicStmnt CovItemId="S140" CovItemPrefix="my.PSM.PSM_Storage.MySQLManager.java" Intrnl_Id="1514">
<LocList>
<Loc EndOffset="10156" SrcFileId="9" StartOffset="10118"/>
</LocList>
</BasicStmnt>
<BasicStmnt CovItemId="S141" CovItemPrefix="my.PSM.PSM_Storage.MySQLManager.java" Intrnl_Id="1515">
<LocList>
<Loc EndOffset="10251" SrcFileId="9" StartOffset="10170"/>
</LocList>
</BasicStmnt>
<BasicStmnt CovItemId="S142" CovItemPrefix="my.PSM.PSM_Storage.MySQLManager.java" Intrnl_Id="1516">
<LocList>
<Loc EndOffset="10298" SrcFileId="9" StartOffset="10265"/>
</LocList>
</BasicStmnt>
<BasicStmnt CovItemId="S143" CovItemPrefix="my.PSM.PSM_Storage.MySQLManager.java" Intrnl_Id="1517">
<LocList>
<Loc EndOffset="10323" SrcFileId="9" StartOffset="10312"/>
</LocList>
</BasicStmnt>
<BasicStmnt CovItemId="S144" CovItemPrefix="my.PSM.PSM_Storage.MySQLManager.java" Intrnl_Id="1518">
<LocList>
<Loc EndOffset="10369" SrcFileId="9" StartOffset="10337"/>
</LocList>
</BasicStmnt>
<CondStmnt CovItemId="S139" CovItemPrefix="my.PSM.PSM_Storage.MySQLManager.java" Intrnl_Id="1519">
<Branch CovItemId="B37" CovItemPrefix="my.PSM.PSM_Storage.MySQLManager.java" Implct="true" Intrnl_Id="1520">
<Cond/>
<LocList/>
<StmntSeq Intrnl_Id="1521">
<LocList/>
</StmntSeq>
</Branch>
<Branch CovItemId="B38" CovItemPrefix="my.PSM.PSM_Storage.MySQLManager.java" Implct="false" Intrnl_Id="1522">
<Cond>
<Loc EndOffset="10422" SrcFileId="9" StartOffset="10404"/>
</Cond>
<LocList>
<Loc EndOffset="10504" SrcFileId="9" StartOffset="10432"/>
</LocList>
<StmntSeq Intrnl_Id="1523">
<LocList>
<Loc EndOffset="10467" SrcFileId="9" StartOffset="10447"/>
<Loc EndOffset="10493" SrcFileId="9" StartOffset="10481"/>
</LocList>
<BasicStmnt CovItemId="S145" CovItemPrefix="my.PSM.PSM_Storage.MySQLManager.java" Intrnl_Id="1524">
<LocList>
<Loc EndOffset="10467" SrcFileId="9" StartOffset="10447"/>
</LocList>
</BasicStmnt>
<BasicStmnt CovItemId="S146" CovItemPrefix="my.PSM.PSM_Storage.MySQLManager.java" Intrnl_Id="1525">
<LocList>
<Loc EndOffset="10493" SrcFileId="9" StartOffset="10481"/>
</LocList>
</BasicStmnt>
</StmntSeq>
</Branch>
<Keyword EndOffset="10103" SrcFileId="9" StartOffset="10100"/>
<LocList>
<Loc EndOffset="10504" SrcFileId="9" StartOffset="10100"/>
</LocList>
</CondStmnt>
</StmntSeq>
</HierarchyLvl>
<HierarchyLvl HierarchyLvlId="240" HierarchyLvlTypeId="22" Intrnl_Id="1526" Name="fetchStartFri">
<Header>
<Loc EndOffset="10564" SrcFileId="9" StartOffset="10523"/>
</Header>
<LocList>
<Loc EndOffset="10996" SrcFileId="9" StartOffset="10523"/>
</LocList>
<StmntSeq Intrnl_Id="1527">
<LocList>
<Loc EndOffset="10637" SrcFileId="9" StartOffset="10599"/>
<Loc EndOffset="10734" SrcFileId="9" StartOffset="10651"/>
<Loc EndOffset="10781" SrcFileId="9" StartOffset="10748"/>
<Loc EndOffset="10806" SrcFileId="9" StartOffset="10795"/>
<Loc EndOffset="10854" SrcFileId="9" StartOffset="10820"/>
<Loc EndOffset="10989" SrcFileId="9" StartOffset="10581"/>
</LocList>
<BasicStmnt CovItemId="S148" CovItemPrefix="my.PSM.PSM_Storage.MySQLManager.java" Intrnl_Id="1528">
<LocList>
<Loc EndOffset="10637" SrcFileId="9" StartOffset="10599"/>
</LocList>
</BasicStmnt>
<BasicStmnt CovItemId="S149" CovItemPrefix="my.PSM.PSM_Storage.MySQLManager.java" Intrnl_Id="1529">
<LocList>
<Loc EndOffset="10734" SrcFileId="9" StartOffset="10651"/>
</LocList>
</BasicStmnt>
<BasicStmnt CovItemId="S150" CovItemPrefix="my.PSM.PSM_Storage.MySQLManager.java" Intrnl_Id="1530">
<LocList>
<Loc EndOffset="10781" SrcFileId="9" StartOffset="10748"/>
</LocList>
</BasicStmnt>
<BasicStmnt CovItemId="S151" CovItemPrefix="my.PSM.PSM_Storage.MySQLManager.java" Intrnl_Id="1531">
<LocList>
<Loc EndOffset="10806" SrcFileId="9" StartOffset="10795"/>
</LocList>
</BasicStmnt>
<BasicStmnt CovItemId="S152" CovItemPrefix="my.PSM.PSM_Storage.MySQLManager.java" Intrnl_Id="1532">
<LocList>
<Loc EndOffset="10854" SrcFileId="9" StartOffset="10820"/>
</LocList>
</BasicStmnt>
<CondStmnt CovItemId="S147" CovItemPrefix="my.PSM.PSM_Storage.MySQLManager.java" Intrnl_Id="1533">
<Branch CovItemId="B39" CovItemPrefix="my.PSM.PSM_Storage.MySQLManager.java" Implct="true" Intrnl_Id="1534">
<Cond/>
<LocList/>
<StmntSeq Intrnl_Id="1535">
<LocList/>
</StmntSeq>
</Branch>
<Branch CovItemId="B40" CovItemPrefix="my.PSM.PSM_Storage.MySQLManager.java" Implct="false" Intrnl_Id="1536">
<Cond>
<Loc EndOffset="10907" SrcFileId="9" StartOffset="10889"/>
</Cond>
<LocList>
<Loc EndOffset="10989" SrcFileId="9" StartOffset="10917"/>
</LocList>
<StmntSeq Intrnl_Id="1537">
<LocList>
<Loc EndOffset="10952" SrcFileId="9" StartOffset="10932"/>
<Loc EndOffset="10978" SrcFileId="9" StartOffset="10966"/>
</LocList>
<BasicStmnt CovItemId="S153" CovItemPrefix="my.PSM.PSM_Storage.MySQLManager.java" Intrnl_Id="1538">
<LocList>
<Loc EndOffset="10952" SrcFileId="9" StartOffset="10932"/>
</LocList>
</BasicStmnt>
<BasicStmnt CovItemId="S154" CovItemPrefix="my.PSM.PSM_Storage.MySQLManager.java" Intrnl_Id="1539">
<LocList>
<Loc EndOffset="10978" SrcFileId="9" StartOffset="10966"/>
</LocList>
</BasicStmnt>
</StmntSeq>
</Branch>
<Keyword EndOffset="10584" SrcFileId="9" StartOffset="10581"/>
<LocList>
<Loc EndOffset="10989" SrcFileId="9" StartOffset="10581"/>
</LocList>
</CondStmnt>
</StmntSeq>
</HierarchyLvl>
<HierarchyLvl HierarchyLvlId="241" HierarchyLvlTypeId="22" Intrnl_Id="1540" Name="fetchEndFri">
<Header>
<Loc EndOffset="11047" SrcFileId="9" StartOffset="11008"/>
</Header>
<LocList>
<Loc EndOffset="11475" SrcFileId="9" StartOffset="11008"/>
</LocList>
<StmntSeq Intrnl_Id="1541">
<LocList>
<Loc EndOffset="11120" SrcFileId="9" StartOffset="11082"/>
<Loc EndOffset="11215" SrcFileId="9" StartOffset="11134"/>
<Loc EndOffset="11262" SrcFileId="9" StartOffset="11229"/>
<Loc EndOffset="11287" SrcFileId="9" StartOffset="11276"/>
<Loc EndOffset="11333" SrcFileId="9" StartOffset="11301"/>
<Loc EndOffset="11468" SrcFileId="9" StartOffset="11064"/>
</LocList>
<BasicStmnt CovItemId="S156" CovItemPrefix="my.PSM.PSM_Storage.MySQLManager.java" Intrnl_Id="1542">
<LocList>
<Loc EndOffset="11120" SrcFileId="9" StartOffset="11082"/>
</LocList>
</BasicStmnt>
<BasicStmnt CovItemId="S157" CovItemPrefix="my.PSM.PSM_Storage.MySQLManager.java" Intrnl_Id="1543">
<LocList>
<Loc EndOffset="11215" SrcFileId="9" StartOffset="11134"/>
</LocList>
</BasicStmnt>
<BasicStmnt CovItemId="S158" CovItemPrefix="my.PSM.PSM_Storage.MySQLManager.java" Intrnl_Id="1544">
<LocList>
<Loc EndOffset="11262" SrcFileId="9" StartOffset="11229"/>
</LocList>
</BasicStmnt>
<BasicStmnt CovItemId="S159" CovItemPrefix="my.PSM.PSM_Storage.MySQLManager.java" Intrnl_Id="1545">
<LocList>
<Loc EndOffset="11287" SrcFileId="9" StartOffset="11276"/>
</LocList>
</BasicStmnt>
<BasicStmnt CovItemId="S160" CovItemPrefix="my.PSM.PSM_Storage.MySQLManager.java" Intrnl_Id="1546">
<LocList>
<Loc EndOffset="11333" SrcFileId="9" StartOffset="11301"/>
</LocList>
</BasicStmnt>
<CondStmnt CovItemId="S155" CovItemPrefix="my.PSM.PSM_Storage.MySQLManager.java" Intrnl_Id="1547">
<Branch CovItemId="B41" CovItemPrefix="my.PSM.PSM_Storage.MySQLManager.java" Implct="true" Intrnl_Id="1548">
<Cond/>
<LocList/>
<StmntSeq Intrnl_Id="1549">
<LocList/>
</StmntSeq>
</Branch>
<Branch CovItemId="B42" CovItemPrefix="my.PSM.PSM_Storage.MySQLManager.java" Implct="false" Intrnl_Id="1550">
<Cond>
<Loc EndOffset="11386" SrcFileId="9" StartOffset="11368"/>
</Cond>
<LocList>
<Loc EndOffset="11468" SrcFileId="9" StartOffset="11396"/>
</LocList>
<StmntSeq Intrnl_Id="1551">
<LocList>
<Loc EndOffset="11431" SrcFileId="9" StartOffset="11411"/>
<Loc EndOffset="11457" SrcFileId="9" StartOffset="11445"/>
</LocList>
<BasicStmnt CovItemId="S161" CovItemPrefix="my.PSM.PSM_Storage.MySQLManager.java" Intrnl_Id="1552">
<LocList>
<Loc EndOffset="11431" SrcFileId="9" StartOffset="11411"/>
</LocList>
</BasicStmnt>
<BasicStmnt CovItemId="S162" CovItemPrefix="my.PSM.PSM_Storage.MySQLManager.java" Intrnl_Id="1553">
<LocList>
<Loc EndOffset="11457" SrcFileId="9" StartOffset="11445"/>
</LocList>
</BasicStmnt>
</StmntSeq>
</Branch>
<Keyword EndOffset="11067" SrcFileId="9" StartOffset="11064"/>
<LocList>
<Loc EndOffset="11468" SrcFileId="9" StartOffset="11064"/>
</LocList>
</CondStmnt>
</StmntSeq>
</HierarchyLvl>
<HierarchyLvl HierarchyLvlId="242" HierarchyLvlTypeId="22" Intrnl_Id="1554" Name="fetchStartSat">
<Header>
<Loc EndOffset="11538" SrcFileId="9" StartOffset="11497"/>
</Header>
<LocList>
<Loc EndOffset="11953" SrcFileId="9" StartOffset="11497"/>
</LocList>
<StmntSeq Intrnl_Id="1555">
<LocList>
<Loc EndOffset="11611" SrcFileId="9" StartOffset="11573"/>
<Loc EndOffset="11724" SrcFileId="9" StartOffset="11625"/>
<Loc EndOffset="11763" SrcFileId="9" StartOffset="11752"/>
<Loc EndOffset="11811" SrcFileId="9" StartOffset="11777"/>
<Loc EndOffset="11946" SrcFileId="9" StartOffset="11555"/>
</LocList>
<BasicStmnt CovItemId="S164" CovItemPrefix="my.PSM.PSM_Storage.MySQLManager.java" Intrnl_Id="1556">
<LocList>
<Loc EndOffset="11611" SrcFileId="9" StartOffset="11573"/>
</LocList>
</BasicStmnt>
<BasicStmnt CovItemId="S165" CovItemPrefix="my.PSM.PSM_Storage.MySQLManager.java" Intrnl_Id="1557">
<LocList>
<Loc EndOffset="11724" SrcFileId="9" StartOffset="11625"/>
</LocList>
</BasicStmnt>
<BasicStmnt CovItemId="S166" CovItemPrefix="my.PSM.PSM_Storage.MySQLManager.java" Intrnl_Id="1558">
<LocList>
<Loc EndOffset="11763" SrcFileId="9" StartOffset="11752"/>
</LocList>
</BasicStmnt>
<BasicStmnt CovItemId="S167" CovItemPrefix="my.PSM.PSM_Storage.MySQLManager.java" Intrnl_Id="1559">
<LocList>
<Loc EndOffset="11811" SrcFileId="9" StartOffset="11777"/>
</LocList>
</BasicStmnt>
<CondStmnt CovItemId="S163" CovItemPrefix="my.PSM.PSM_Storage.MySQLManager.java" Intrnl_Id="1560">
<Branch CovItemId="B43" CovItemPrefix="my.PSM.PSM_Storage.MySQLManager.java" Implct="true" Intrnl_Id="1561">
<Cond/>
<LocList/>
<StmntSeq Intrnl_Id="1562">
<LocList/>
</StmntSeq>
</Branch>
<Branch CovItemId="B44" CovItemPrefix="my.PSM.PSM_Storage.MySQLManager.java" Implct="false" Intrnl_Id="1563">
<Cond>
<Loc EndOffset="11864" SrcFileId="9" StartOffset="11846"/>
</Cond>
<LocList>
<Loc EndOffset="11946" SrcFileId="9" StartOffset="11874"/>
</LocList>
<StmntSeq Intrnl_Id="1564">
<LocList>
<Loc EndOffset="11909" SrcFileId="9" StartOffset="11889"/>
<Loc EndOffset="11935" SrcFileId="9" StartOffset="11923"/>
</LocList>
<BasicStmnt CovItemId="S168" CovItemPrefix="my.PSM.PSM_Storage.MySQLManager.java" Intrnl_Id="1565">
<LocList>
<Loc EndOffset="11909" SrcFileId="9" StartOffset="11889"/>
</LocList>
</BasicStmnt>
<BasicStmnt CovItemId="S169" CovItemPrefix="my.PSM.PSM_Storage.MySQLManager.java" Intrnl_Id="1566">
<LocList>
<Loc EndOffset="11935" SrcFileId="9" StartOffset="11923"/>
</LocList>
</BasicStmnt>
</StmntSeq>
</Branch>
<Keyword EndOffset="11558" SrcFileId="9" StartOffset="11555"/>
<LocList>
<Loc EndOffset="11946" SrcFileId="9" StartOffset="11555"/>
</LocList>
</CondStmnt>
</StmntSeq>
</HierarchyLvl>
<HierarchyLvl HierarchyLvlId="243" HierarchyLvlTypeId="22" Intrnl_Id="1567" Name="fetchEndSat">
<Header>
<Loc EndOffset="12004" SrcFileId="9" StartOffset="11965"/>
</Header>
<LocList>
<Loc EndOffset="12469" SrcFileId="9" StartOffset="11965"/>
</LocList>
<StmntSeq Intrnl_Id="1568">
<LocList>
<Loc EndOffset="12087" SrcFileId="9" StartOffset="12049"/>
<Loc EndOffset="12212" SrcFileId="9" StartOffset="12115"/>
<Loc EndOffset="12251" SrcFileId="9" StartOffset="12240"/>
<Loc EndOffset="12303" SrcFileId="9" StartOffset="12265"/>
<Loc EndOffset="12341" SrcFileId="9" StartOffset="12330"/>
<Loc EndOffset="12462" SrcFileId="9" StartOffset="12031"/>
</LocList>
<BasicStmnt CovItemId="S171" CovItemPrefix="my.PSM.PSM_Storage.MySQLManager.java" Intrnl_Id="1569">
<LocList>
<Loc EndOffset="12087" SrcFileId="9" StartOffset="12049"/>
</LocList>
</BasicStmnt>
<BasicStmnt CovItemId="S172" CovItemPrefix="my.PSM.PSM_Storage.MySQLManager.java" Intrnl_Id="1570">
<LocList>
<Loc EndOffset="12212" SrcFileId="9" StartOffset="12115"/>
</LocList>
</BasicStmnt>
<BasicStmnt CovItemId="S173" CovItemPrefix="my.PSM.PSM_Storage.MySQLManager.java" Intrnl_Id="1571">
<LocList>
<Loc EndOffset="12251" SrcFileId="9" StartOffset="12240"/>
</LocList>
</BasicStmnt>
<BasicStmnt CovItemId="S174" CovItemPrefix="my.PSM.PSM_Storage.MySQLManager.java" Intrnl_Id="1572">
<LocList>
<Loc EndOffset="12303" SrcFileId="9" StartOffset="12265"/>
</LocList>
</BasicStmnt>
<BasicStmnt CovItemId="S175" CovItemPrefix="my.PSM.PSM_Storage.MySQLManager.java" Intrnl_Id="1573">
<LocList>
<Loc EndOffset="12341" SrcFileId="9" StartOffset="12330"/>
</LocList>
</BasicStmnt>
<CondStmnt CovItemId="S170" CovItemPrefix="my.PSM.PSM_Storage.MySQLManager.java" Intrnl_Id="1574">
<Branch CovItemId="B45" CovItemPrefix="my.PSM.PSM_Storage.MySQLManager.java" Implct="true" Intrnl_Id="1575">
<Cond/>
<LocList/>
<StmntSeq Intrnl_Id="1576">
<LocList/>
</StmntSeq>
</Branch>
<Branch CovItemId="B46" CovItemPrefix="my.PSM.PSM_Storage.MySQLManager.java" Implct="false" Intrnl_Id="1577">
<Cond>
<Loc EndOffset="12380" SrcFileId="9" StartOffset="12362"/>
</Cond>
<LocList>
<Loc EndOffset="12462" SrcFileId="9" StartOffset="12390"/>
</LocList>
<StmntSeq Intrnl_Id="1578">
<LocList>
<Loc EndOffset="12425" SrcFileId="9" StartOffset="12405"/>
<Loc EndOffset="12451" SrcFileId="9" StartOffset="12439"/>
</LocList>
<BasicStmnt CovItemId="S176" CovItemPrefix="my.PSM.PSM_Storage.MySQLManager.java" Intrnl_Id="1579">
<LocList>
<Loc EndOffset="12425" SrcFileId="9" StartOffset="12405"/>
</LocList>
</BasicStmnt>
<BasicStmnt CovItemId="S177" CovItemPrefix="my.PSM.PSM_Storage.MySQLManager.java" Intrnl_Id="1580">
<LocList>
<Loc EndOffset="12451" SrcFileId="9" StartOffset="12439"/>
</LocList>
</BasicStmnt>
</StmntSeq>
</Branch>
<Keyword EndOffset="12034" SrcFileId="9" StartOffset="12031"/>
<LocList>
<Loc EndOffset="12462" SrcFileId="9" StartOffset="12031"/>
</LocList>
</CondStmnt>
</StmntSeq>
</HierarchyLvl>
<HierarchyLvl HierarchyLvlId="244" HierarchyLvlTypeId="22" Intrnl_Id="1581" Name="storeClassInfo">
<Header>
<Loc EndOffset="12575" SrcFileId="9" StartOffset="12481"/>
</Header>
<LocList>
<Loc EndOffset="13233" SrcFileId="9" StartOffset="12481"/>
</LocList>
<StmntSeq Intrnl_Id="1582">
<LocList>
<Loc EndOffset="12648" SrcFileId="9" StartOffset="12610"/>
<Loc EndOffset="13082" SrcFileId="9" StartOffset="12881"/>
<Loc EndOffset="13207" SrcFileId="9" StartOffset="12592"/>
<Loc EndOffset="13226" SrcFileId="9" StartOffset="13217"/>
</LocList>
<BasicStmnt CovItemId="S179" CovItemPrefix="my.PSM.PSM_Storage.MySQLManager.java" Intrnl_Id="1583">
<LocList>
<Loc EndOffset="12648" SrcFileId="9" StartOffset="12610"/>
</LocList>
</BasicStmnt>
<BasicStmnt CovItemId="S180" CovItemPrefix="my.PSM.PSM_Storage.MySQLManager.java" Intrnl_Id="1584">
<LocList>
<Loc EndOffset="13082" SrcFileId="9" StartOffset="12881"/>
</LocList>
</BasicStmnt>
<CondStmnt CovItemId="S178" CovItemPrefix="my.PSM.PSM_Storage.MySQLManager.java" Intrnl_Id="1585">
<Branch CovItemId="B47" CovItemPrefix="my.PSM.PSM_Storage.MySQLManager.java" Implct="true" Intrnl_Id="1586">
<Cond/>
<LocList/>
<StmntSeq Intrnl_Id="1587">
<LocList/>
</StmntSeq>
</Branch>
<Branch CovItemId="B48" CovItemPrefix="my.PSM.PSM_Storage.MySQLManager.java" Implct="false" Intrnl_Id="1588">
<Cond>
<Loc EndOffset="13137" SrcFileId="9" StartOffset="13119"/>
</Cond>
<LocList>
<Loc EndOffset="13207" SrcFileId="9" StartOffset="13137"/>
</LocList>
<StmntSeq Intrnl_Id="1589">
<LocList>
<Loc EndOffset="13172" SrcFileId="9" StartOffset="13152"/>
<Loc EndOffset="13196" SrcFileId="9" StartOffset="13186"/>
</LocList>
<BasicStmnt CovItemId="S181" CovItemPrefix="my.PSM.PSM_Storage.MySQLManager.java" Intrnl_Id="1590">
<LocList>
<Loc EndOffset="13172" SrcFileId="9" StartOffset="13152"/>
</LocList>
</BasicStmnt>
<BasicStmnt CovItemId="S182" CovItemPrefix="my.PSM.PSM_Storage.MySQLManager.java" Intrnl_Id="1591">
<LocList>
<Loc EndOffset="13196" SrcFileId="9" StartOffset="13186"/>
</LocList>
</BasicStmnt>
</StmntSeq>
</Branch>
<Keyword EndOffset="12595" SrcFileId="9" StartOffset="12592"/>
<LocList>
<Loc EndOffset="13207" SrcFileId="9" StartOffset="12592"/>
</LocList>
</CondStmnt>
<BasicStmnt CovItemId="S183" CovItemPrefix="my.PSM.PSM_Storage.MySQLManager.java" Intrnl_Id="1592">
<LocList>
<Loc EndOffset="13226" SrcFileId="9" StartOffset="13217"/>
</LocList>
</BasicStmnt>
</StmntSeq>
</HierarchyLvl>
<HierarchyLvl HierarchyLvlId="245" HierarchyLvlTypeId="22" Intrnl_Id="1593" Name="storeClassSched">
<Header>
<Loc EndOffset="13538" SrcFileId="9" StartOffset="13245"/>
</Header>
<LocList>
<Loc EndOffset="14381" SrcFileId="9" StartOffset="13245"/>
</LocList>
<StmntSeq Intrnl_Id="1594">
<LocList>
<Loc EndOffset="13611" SrcFileId="9" StartOffset="13573"/>
<Loc EndOffset="14236" SrcFileId="9" StartOffset="13625"/>
<Loc EndOffset="14345" SrcFileId="9" StartOffset="13555"/>
<Loc EndOffset="14364" SrcFileId="9" StartOffset="14355"/>
</LocList>
<BasicStmnt CovItemId="S185" CovItemPrefix="my.PSM.PSM_Storage.MySQLManager.java" Intrnl_Id="1595">
<LocList>
<Loc EndOffset="13611" SrcFileId="9" StartOffset="13573"/>
</LocList>
</BasicStmnt>
<BasicStmnt CovItemId="S186" CovItemPrefix="my.PSM.PSM_Storage.MySQLManager.java" Intrnl_Id="1596">
<LocList>
<Loc EndOffset="14236" SrcFileId="9" StartOffset="13625"/>
</LocList>
</BasicStmnt>
<CondStmnt CovItemId="S184" CovItemPrefix="my.PSM.PSM_Storage.MySQLManager.java" Intrnl_Id="1597">
<Branch CovItemId="B49" CovItemPrefix="my.PSM.PSM_Storage.MySQLManager.java" Implct="true" Intrnl_Id="1598">
<Cond/>
<LocList/>
<StmntSeq Intrnl_Id="1599">
<LocList/>
</StmntSeq>
</Branch>
<Branch CovItemId="B50" CovItemPrefix="my.PSM.PSM_Storage.MySQLManager.java" Implct="false" Intrnl_Id="1600">
<Cond>
<Loc EndOffset="14275" SrcFileId="9" StartOffset="14257"/>
</Cond>
<LocList>
<Loc EndOffset="14345" SrcFileId="9" StartOffset="14275"/>
</LocList>
<StmntSeq Intrnl_Id="1601">
<LocList>
<Loc EndOffset="14310" SrcFileId="9" StartOffset="14290"/>
<Loc EndOffset="14334" SrcFileId="9" StartOffset="14324"/>
</LocList>
<BasicStmnt CovItemId="S187" CovItemPrefix="my.PSM.PSM_Storage.MySQLManager.java" Intrnl_Id="1602">
<LocList>
<Loc EndOffset="14310" SrcFileId="9" StartOffset="14290"/>
</LocList>
</BasicStmnt>
<BasicStmnt CovItemId="S188" CovItemPrefix="my.PSM.PSM_Storage.MySQLManager.java" Intrnl_Id="1603">
<LocList>
<Loc EndOffset="14334" SrcFileId="9" StartOffset="14324"/>
</LocList>
</BasicStmnt>
</StmntSeq>
</Branch>
<Keyword EndOffset="13558" SrcFileId="9" StartOffset="13555"/>
<LocList>
<Loc EndOffset="14345" SrcFileId="9" StartOffset="13555"/>
</LocList>
</CondStmnt>
<BasicStmnt CovItemId="S189" CovItemPrefix="my.PSM.PSM_Storage.MySQLManager.java" Intrnl_Id="1604">
<LocList>
<Loc EndOffset="14364" SrcFileId="9" StartOffset="14355"/>
</LocList>
</BasicStmnt>
</StmntSeq>
</HierarchyLvl>
<HierarchyLvl HierarchyLvlId="246" HierarchyLvlTypeId="22" Intrnl_Id="1605" Name="clearDatabase">
<Header>
<Loc EndOffset="14420" SrcFileId="9" StartOffset="14393"/>
</Header>
<LocList>
<Loc EndOffset="14644" SrcFileId="9" StartOffset="14393"/>
</LocList>
<StmntSeq Intrnl_Id="1606">
<LocList>
<Loc EndOffset="14493" SrcFileId="9" StartOffset="14455"/>
<Loc EndOffset="14542" SrcFileId="9" StartOffset="14507"/>
<Loc EndOffset="14637" SrcFileId="9" StartOffset="14437"/>
</LocList>
<BasicStmnt CovItemId="S191" CovItemPrefix="my.PSM.PSM_Storage.MySQLManager.java" Intrnl_Id="1607">
<LocList>
<Loc EndOffset="14493" SrcFileId="9" StartOffset="14455"/>
</LocList>
</BasicStmnt>
<BasicStmnt CovItemId="S192" CovItemPrefix="my.PSM.PSM_Storage.MySQLManager.java" Intrnl_Id="1608">
<LocList>
<Loc EndOffset="14542" SrcFileId="9" StartOffset="14507"/>
</LocList>
</BasicStmnt>
<CondStmnt CovItemId="S190" CovItemPrefix="my.PSM.PSM_Storage.MySQLManager.java" Intrnl_Id="1609">
<Branch CovItemId="B51" CovItemPrefix="my.PSM.PSM_Storage.MySQLManager.java" Implct="true" Intrnl_Id="1610">
<Cond/>
<LocList/>
<StmntSeq Intrnl_Id="1611">
<LocList/>
</StmntSeq>
</Branch>
<Branch CovItemId="B52" CovItemPrefix="my.PSM.PSM_Storage.MySQLManager.java" Implct="false" Intrnl_Id="1612">
<Cond>
<Loc EndOffset="14581" SrcFileId="9" StartOffset="14563"/>
</Cond>
<LocList>
<Loc EndOffset="14637" SrcFileId="9" StartOffset="14591"/>
</LocList>
<StmntSeq Intrnl_Id="1613">
<LocList>
<Loc EndOffset="14626" SrcFileId="9" StartOffset="14606"/>
</LocList>
<BasicStmnt CovItemId="S193" CovItemPrefix="my.PSM.PSM_Storage.MySQLManager.java" Intrnl_Id="1614">
<LocList>
<Loc EndOffset="14626" SrcFileId="9" StartOffset="14606"/>
</LocList>
</BasicStmnt>
</StmntSeq>
</Branch>
<Keyword EndOffset="14440" SrcFileId="9" StartOffset="14437"/>
<LocList>
<Loc EndOffset="14637" SrcFileId="9" StartOffset="14437"/>
</LocList>
</CondStmnt>
</StmntSeq>
</HierarchyLvl>
<HierarchyLvl HierarchyLvlId="247" HierarchyLvlTypeId="22" Intrnl_Id="1615" Name="createClassTable">
<Header>
<Loc EndOffset="14681" SrcFileId="9" StartOffset="14652"/>
</Header>
<LocList>
<Loc EndOffset="16205" SrcFileId="9" StartOffset="14652"/>
</LocList>
<StmntSeq Intrnl_Id="1616">
<LocList>
<Loc EndOffset="14750" SrcFileId="9" StartOffset="14712"/>
<Loc EndOffset="14809" SrcFileId="9" StartOffset="14760"/>
<Loc EndOffset="16031" SrcFileId="9" StartOffset="14819"/>
<Loc EndOffset="16051" SrcFileId="9" StartOffset="16041"/>
<Loc EndOffset="16155" SrcFileId="9" StartOffset="14697"/>
<Loc EndOffset="16173" SrcFileId="9" StartOffset="16164"/>
</LocList>
<BasicStmnt CovItemId="S195" CovItemPrefix="my.PSM.PSM_Storage.MySQLManager.java" Intrnl_Id="1617">
<LocList>
<Loc EndOffset="14750" SrcFileId="9" StartOffset="14712"/>
</LocList>
</BasicStmnt>
<BasicStmnt CovItemId="S196" CovItemPrefix="my.PSM.PSM_Storage.MySQLManager.java" Intrnl_Id="1618">
<LocList>
<Loc EndOffset="14809" SrcFileId="9" StartOffset="14760"/>
</LocList>
</BasicStmnt>
<BasicStmnt CovItemId="S197" CovItemPrefix="my.PSM.PSM_Storage.MySQLManager.java" Intrnl_Id="1619">
<LocList>
<Loc EndOffset="16031" SrcFileId="9" StartOffset="14819"/>
</LocList>
</BasicStmnt>
<BasicStmnt CovItemId="S198" CovItemPrefix="my.PSM.PSM_Storage.MySQLManager.java" Intrnl_Id="1620">
<LocList>
<Loc EndOffset="16051" SrcFileId="9" StartOffset="16041"/>
</LocList>
</BasicStmnt>
<CondStmnt CovItemId="S194" CovItemPrefix="my.PSM.PSM_Storage.MySQLManager.java" Intrnl_Id="1621">
<Branch CovItemId="B53" CovItemPrefix="my.PSM.PSM_Storage.MySQLManager.java" Implct="true" Intrnl_Id="1622">
<Cond/>
<LocList/>
<StmntSeq Intrnl_Id="1623">
<LocList/>
</StmntSeq>
</Branch>
<Branch CovItemId="B54" CovItemPrefix="my.PSM.PSM_Storage.MySQLManager.java" Implct="false" Intrnl_Id="1624">
<Cond>
<Loc EndOffset="16088" SrcFileId="9" StartOffset="16070"/>
</Cond>
<LocList>
<Loc EndOffset="16155" SrcFileId="9" StartOffset="16088"/>
</LocList>
<StmntSeq Intrnl_Id="1625">
<LocList>
<Loc EndOffset="16122" SrcFileId="9" StartOffset="16102"/>
<Loc EndOffset="16145" SrcFileId="9" StartOffset="16135"/>
</LocList>
<BasicStmnt CovItemId="S199" CovItemPrefix="my.PSM.PSM_Storage.MySQLManager.java" Intrnl_Id="1626">
<LocList>
<Loc EndOffset="16122" SrcFileId="9" StartOffset="16102"/>
</LocList>
</BasicStmnt>
<BasicStmnt CovItemId="S200" CovItemPrefix="my.PSM.PSM_Storage.MySQLManager.java" Intrnl_Id="1627">
<LocList>
<Loc EndOffset="16145" SrcFileId="9" StartOffset="16135"/>
</LocList>
</BasicStmnt>
</StmntSeq>
</Branch>
<Keyword EndOffset="14700" SrcFileId="9" StartOffset="14697"/>
<LocList>
<Loc EndOffset="16155" SrcFileId="9" StartOffset="14697"/>
</LocList>
</CondStmnt>
<BasicStmnt CovItemId="S201" CovItemPrefix="my.PSM.PSM_Storage.MySQLManager.java" Intrnl_Id="1628">
<LocList>
<Loc EndOffset="16173" SrcFileId="9" StartOffset="16164"/>
</LocList>
</BasicStmnt>
</StmntSeq>
</HierarchyLvl>
</HierarchyLvl>
<HierarchyLvl HierarchyLvlId="276" HierarchyLvlTypeId="23" Intrnl_Id="1629" Name="DataStoreFacade">
<Header>
<Loc EndOffset="216" SrcFileId="10" StartOffset="188"/>
</Header>
<LocList>
<Loc EndOffset="3920" SrcFileId="10" StartOffset="188"/>
</LocList>
<StmntSeq Intrnl_Id="1630">
<LocList>
<Loc EndOffset="356" SrcFileId="10" StartOffset="297"/>
</LocList>
<BasicStmnt CovItemId="S1" CovItemPrefix="my.PSM.PSM_Storage.DataStoreFacade.java" Intrnl_Id="1631">
<LocList>
<Loc EndOffset="356" SrcFileId="10" StartOffset="297"/>
</LocList>
</BasicStmnt>
</StmntSeq>
<HierarchyLvl HierarchyLvlId="249" HierarchyLvlTypeId="22" Intrnl_Id="1632" Name="DataStoreFacade">
<Header>
<Loc EndOffset="244" SrcFileId="10" StartOffset="220"/>
</Header>
<LocList>
<Loc EndOffset="251" SrcFileId="10" StartOffset="220"/>
</LocList>
</HierarchyLvl>
<HierarchyLvl HierarchyLvlId="250" HierarchyLvlTypeId="22" Intrnl_Id="1633" Name="getCon">
<Header>
<Loc EndOffset="388" SrcFileId="10" StartOffset="360"/>
</Header>
<LocList>
<Loc EndOffset="412" SrcFileId="10" StartOffset="360"/>
</LocList>
<StmntSeq Intrnl_Id="1634">
<LocList>
<Loc EndOffset="409" SrcFileId="10" StartOffset="392"/>
</LocList>
<BasicStmnt CovItemId="S2" CovItemPrefix="my.PSM.PSM_Storage.DataStoreFacade.java" Intrnl_Id="1635">
<LocList>
<Loc EndOffset="409" SrcFileId="10" StartOffset="392"/>
</LocList>
</BasicStmnt>
</StmntSeq>
</HierarchyLvl>
<HierarchyLvl HierarchyLvlId="251" HierarchyLvlTypeId="22" Intrnl_Id="1636" Name="connect">
<Header>
<Loc EndOffset="466" SrcFileId="10" StartOffset="414"/>
</Header>
<LocList>
<Loc EndOffset="566" SrcFileId="10" StartOffset="414"/>
</LocList>
<StmntSeq Intrnl_Id="1637">
<LocList>
<Loc EndOffset="563" SrcFileId="10" StartOffset="518"/>
</LocList>
<BasicStmnt CovItemId="S3" CovItemPrefix="my.PSM.PSM_Storage.DataStoreFacade.java" Intrnl_Id="1638">
<LocList>
<Loc EndOffset="563" SrcFileId="10" StartOffset="518"/>
</LocList>
</BasicStmnt>
</StmntSeq>
</HierarchyLvl>
<HierarchyLvl HierarchyLvlId="252" HierarchyLvlTypeId="22" Intrnl_Id="1639" Name="disconnect">
<Header>
<Loc EndOffset="592" SrcFileId="10" StartOffset="569"/>
</Header>
<LocList>
<Loc EndOffset="630" SrcFileId="10" StartOffset="569"/>
</LocList>
<StmntSeq Intrnl_Id="1640">
<LocList>
<Loc EndOffset="627" SrcFileId="10" StartOffset="597"/>
</LocList>
<BasicStmnt CovItemId="S4" CovItemPrefix="my.PSM.PSM_Storage.DataStoreFacade.java" Intrnl_Id="1641">
<LocList>
<Loc EndOffset="627" SrcFileId="10" StartOffset="597"/>
</LocList>
</BasicStmnt>
</StmntSeq>
</HierarchyLvl>
<HierarchyLvl HierarchyLvlId="253" HierarchyLvlTypeId="22" Intrnl_Id="1642" Name="getEndDates">
<Header>
<Loc EndOffset="673" SrcFileId="10" StartOffset="635"/>
</Header>
<LocList>
<Loc EndOffset="712" SrcFileId="10" StartOffset="635"/>
</LocList>
<StmntSeq Intrnl_Id="1643">
<LocList>
<Loc EndOffset="709" SrcFileId="10" StartOffset="678"/>
</LocList>
<BasicStmnt CovItemId="S5" CovItemPrefix="my.PSM.PSM_Storage.DataStoreFacade.java" Intrnl_Id="1644">
<LocList>
<Loc EndOffset="709" SrcFileId="10" StartOffset="678"/>
</LocList>
</BasicStmnt>
</StmntSeq>
</HierarchyLvl>
<HierarchyLvl HierarchyLvlId="254" HierarchyLvlTypeId="22" Intrnl_Id="1645" Name="fetchCourses">
<Header>
<Loc EndOffset="742" SrcFileId="10" StartOffset="714"/>
</Header>
<LocList>
<Loc EndOffset="826" SrcFileId="10" StartOffset="714"/>
</LocList>
<StmntSeq Intrnl_Id="1646">
<LocList>
<Loc EndOffset="823" SrcFileId="10" StartOffset="780"/>
</LocList>
<BasicStmnt CovItemId="S6" CovItemPrefix="my.PSM.PSM_Storage.DataStoreFacade.java" Intrnl_Id="1647">
<LocList>
<Loc EndOffset="823" SrcFileId="10" StartOffset="780"/>
</LocList>
</BasicStmnt>
</StmntSeq>
</HierarchyLvl>
<HierarchyLvl HierarchyLvlId="255" HierarchyLvlTypeId="22" Intrnl_Id="1648" Name="fetchCourseSubj">
<Header>
<Loc EndOffset="871" SrcFileId="10" StartOffset="828"/>
</Header>
<LocList>
<Loc EndOffset="966" SrcFileId="10" StartOffset="828"/>
</LocList>
<StmntSeq Intrnl_Id="1649">
<LocList>
<Loc EndOffset="963" SrcFileId="10" StartOffset="920"/>
</LocList>
<BasicStmnt CovItemId="S7" CovItemPrefix="my.PSM.PSM_Storage.DataStoreFacade.java" Intrnl_Id="1650">
<LocList>
<Loc EndOffset="963" SrcFileId="10" StartOffset="920"/>
</LocList>
</BasicStmnt>
</StmntSeq>
</HierarchyLvl>
<HierarchyLvl HierarchyLvlId="256" HierarchyLvlTypeId="22" Intrnl_Id="1651" Name="fetchCourseName">
<Header>
<Loc EndOffset="1011" SrcFileId="10" StartOffset="968"/>
</Header>
<LocList>
<Loc EndOffset="1106" SrcFileId="10" StartOffset="968"/>
</LocList>
<StmntSeq Intrnl_Id="1652">
<LocList>
<Loc EndOffset="1103" SrcFileId="10" StartOffset="1060"/>
</LocList>
<BasicStmnt CovItemId="S8" CovItemPrefix="my.PSM.PSM_Storage.DataStoreFacade.java" Intrnl_Id="1653">
<LocList>
<Loc EndOffset="1103" SrcFileId="10" StartOffset="1060"/>
</LocList>
</BasicStmnt>
</StmntSeq>
</HierarchyLvl>
<HierarchyLvl HierarchyLvlId="257" HierarchyLvlTypeId="22" Intrnl_Id="1654" Name="fetchCourseSemester">
<Header>
<Loc EndOffset="1155" SrcFileId="10" StartOffset="1108"/>
</Header>
<LocList>
<Loc EndOffset="1258" SrcFileId="10" StartOffset="1108"/>
</LocList>
<StmntSeq Intrnl_Id="1655">
<LocList>
<Loc EndOffset="1255" SrcFileId="10" StartOffset="1208"/>
</LocList>
<BasicStmnt CovItemId="S9" CovItemPrefix="my.PSM.PSM_Storage.DataStoreFacade.java" Intrnl_Id="1656">
<LocList>
<Loc EndOffset="1255" SrcFileId="10" StartOffset="1208"/>
</LocList>
</BasicStmnt>
</StmntSeq>
</HierarchyLvl>
<HierarchyLvl HierarchyLvlId="258" HierarchyLvlTypeId="22" Intrnl_Id="1657" Name="fetchCourseStart">
<Header>
<Loc EndOffset="1304" SrcFileId="10" StartOffset="1260"/>
</Header>
<LocList>
<Loc EndOffset="1401" SrcFileId="10" StartOffset="1260"/>
</LocList>
<StmntSeq Intrnl_Id="1658">
<LocList>
<Loc EndOffset="1398" SrcFileId="10" StartOffset="1354"/>
</LocList>
<BasicStmnt CovItemId="S10" CovItemPrefix="my.PSM.PSM_Storage.DataStoreFacade.java" Intrnl_Id="1659">
<LocList>
<Loc EndOffset="1398" SrcFileId="10" StartOffset="1354"/>
</LocList>
</BasicStmnt>
</StmntSeq>
</HierarchyLvl>
<HierarchyLvl HierarchyLvlId="259" HierarchyLvlTypeId="22" Intrnl_Id="1660" Name="fetchCourseEnd">
<Header>
<Loc EndOffset="1445" SrcFileId="10" StartOffset="1403"/>
</Header>
<LocList>
<Loc EndOffset="1538" SrcFileId="10" StartOffset="1403"/>
</LocList>
<StmntSeq Intrnl_Id="1661">
<LocList>
<Loc EndOffset="1535" SrcFileId="10" StartOffset="1493"/>
</LocList>
<BasicStmnt CovItemId="S11" CovItemPrefix="my.PSM.PSM_Storage.DataStoreFacade.java" Intrnl_Id="1662">
<LocList>
<Loc EndOffset="1535" SrcFileId="10" StartOffset="1493"/>
</LocList>
</BasicStmnt>
</StmntSeq>
</HierarchyLvl>
<HierarchyLvl HierarchyLvlId="260" HierarchyLvlTypeId="22" Intrnl_Id="1663" Name="fetchStartMon">
<Header>
<Loc EndOffset="1581" SrcFileId="10" StartOffset="1540"/>
</Header>
<LocList>
<Loc EndOffset="1672" SrcFileId="10" StartOffset="1540"/>
</LocList>
<StmntSeq Intrnl_Id="1664">
<LocList>
<Loc EndOffset="1669" SrcFileId="10" StartOffset="1628"/>
</LocList>
<BasicStmnt CovItemId="S12" CovItemPrefix="my.PSM.PSM_Storage.DataStoreFacade.java" Intrnl_Id="1665">
<LocList>
<Loc EndOffset="1669" SrcFileId="10" StartOffset="1628"/>
</LocList>
</BasicStmnt>
</StmntSeq>
</HierarchyLvl>
<HierarchyLvl HierarchyLvlId="261" HierarchyLvlTypeId="22" Intrnl_Id="1666" Name="fetchEndMon">
<Header>
<Loc EndOffset="1713" SrcFileId="10" StartOffset="1674"/>
</Header>
<LocList>
<Loc EndOffset="1800" SrcFileId="10" StartOffset="1674"/>
</LocList>
<StmntSeq Intrnl_Id="1667">
<LocList>
<Loc EndOffset="1797" SrcFileId="10" StartOffset="1758"/>
</LocList>
<BasicStmnt CovItemId="S13" CovItemPrefix="my.PSM.PSM_Storage.DataStoreFacade.java" Intrnl_Id="1668">
<LocList>
<Loc EndOffset="1797" SrcFileId="10" StartOffset="1758"/>
</LocList>
</BasicStmnt>
</StmntSeq>
</HierarchyLvl>
<HierarchyLvl HierarchyLvlId="262" HierarchyLvlTypeId="22" Intrnl_Id="1669" Name="fetchStartTue">
<Header>
<Loc EndOffset="1843" SrcFileId="10" StartOffset="1802"/>
</Header>
<LocList>
<Loc EndOffset="1934" SrcFileId="10" StartOffset="1802"/>
</LocList>
<StmntSeq Intrnl_Id="1670">
<LocList>
<Loc EndOffset="1931" SrcFileId="10" StartOffset="1890"/>
</LocList>
<BasicStmnt CovItemId="S14" CovItemPrefix="my.PSM.PSM_Storage.DataStoreFacade.java" Intrnl_Id="1671">
<LocList>
<Loc EndOffset="1931" SrcFileId="10" StartOffset="1890"/>
</LocList>
</BasicStmnt>
</StmntSeq>
</HierarchyLvl>
<HierarchyLvl HierarchyLvlId="263" HierarchyLvlTypeId="22" Intrnl_Id="1672" Name="fetchEndTue">
<Header>
<Loc EndOffset="1975" SrcFileId="10" StartOffset="1936"/>
</Header>
<LocList>
<Loc EndOffset="2062" SrcFileId="10" StartOffset="1936"/>
</LocList>
<StmntSeq Intrnl_Id="1673">
<LocList>
<Loc EndOffset="2059" SrcFileId="10" StartOffset="2020"/>
</LocList>
<BasicStmnt CovItemId="S15" CovItemPrefix="my.PSM.PSM_Storage.DataStoreFacade.java" Intrnl_Id="1674">
<LocList>
<Loc EndOffset="2059" SrcFileId="10" StartOffset="2020"/>
</LocList>
</BasicStmnt>
</StmntSeq>
</HierarchyLvl>
<HierarchyLvl HierarchyLvlId="264" HierarchyLvlTypeId="22" Intrnl_Id="1675" Name="fetchStartWed">
<Header>
<Loc EndOffset="2105" SrcFileId="10" StartOffset="2064"/>
</Header>
<LocList>
<Loc EndOffset="2196" SrcFileId="10" StartOffset="2064"/>
</LocList>
<StmntSeq Intrnl_Id="1676">
<LocList>
<Loc EndOffset="2193" SrcFileId="10" StartOffset="2152"/>
</LocList>
<BasicStmnt CovItemId="S16" CovItemPrefix="my.PSM.PSM_Storage.DataStoreFacade.java" Intrnl_Id="1677">
<LocList>
<Loc EndOffset="2193" SrcFileId="10" StartOffset="2152"/>
</LocList>
</BasicStmnt>
</StmntSeq>
</HierarchyLvl>
<HierarchyLvl HierarchyLvlId="265" HierarchyLvlTypeId="22" Intrnl_Id="1678" Name="fetchEndWed">
<Header>
<Loc EndOffset="2237" SrcFileId="10" StartOffset="2198"/>
</Header>
<LocList>
<Loc EndOffset="2324" SrcFileId="10" StartOffset="2198"/>
</LocList>
<StmntSeq Intrnl_Id="1679">
<LocList>
<Loc EndOffset="2321" SrcFileId="10" StartOffset="2282"/>
</LocList>
<BasicStmnt CovItemId="S17" CovItemPrefix="my.PSM.PSM_Storage.DataStoreFacade.java" Intrnl_Id="1680">
<LocList>
<Loc EndOffset="2321" SrcFileId="10" StartOffset="2282"/>
</LocList>
</BasicStmnt>
</StmntSeq>
</HierarchyLvl>
<HierarchyLvl HierarchyLvlId="266" HierarchyLvlTypeId="22" Intrnl_Id="1681" Name="fetchStartThu">
<Header>
<Loc EndOffset="2367" SrcFileId="10" StartOffset="2326"/>
</Header>
<LocList>
<Loc EndOffset="2458" SrcFileId="10" StartOffset="2326"/>
</LocList>
<StmntSeq Intrnl_Id="1682">
<LocList>
<Loc EndOffset="2455" SrcFileId="10" StartOffset="2414"/>
</LocList>
<BasicStmnt CovItemId="S18" CovItemPrefix="my.PSM.PSM_Storage.DataStoreFacade.java" Intrnl_Id="1683">
<LocList>
<Loc EndOffset="2455" SrcFileId="10" StartOffset="2414"/>
</LocList>
</BasicStmnt>
</StmntSeq>
</HierarchyLvl>
<HierarchyLvl HierarchyLvlId="267" HierarchyLvlTypeId="22" Intrnl_Id="1684" Name="fetchEndThu">
<Header>
<Loc EndOffset="2499" SrcFileId="10" StartOffset="2460"/>
</Header>
<LocList>
<Loc EndOffset="2586" SrcFileId="10" StartOffset="2460"/>
</LocList>
<StmntSeq Intrnl_Id="1685">
<LocList>
<Loc EndOffset="2583" SrcFileId="10" StartOffset="2544"/>
</LocList>
<BasicStmnt CovItemId="S19" CovItemPrefix="my.PSM.PSM_Storage.DataStoreFacade.java" Intrnl_Id="1686">
<LocList>
<Loc EndOffset="2583" SrcFileId="10" StartOffset="2544"/>
</LocList>
</BasicStmnt>
</StmntSeq>
</HierarchyLvl>
<HierarchyLvl HierarchyLvlId="268" HierarchyLvlTypeId="22" Intrnl_Id="1687" Name="fetchStartFri">
<Header>
<Loc EndOffset="2629" SrcFileId="10" StartOffset="2588"/>
</Header>
<LocList>
<Loc EndOffset="2720" SrcFileId="10" StartOffset="2588"/>
</LocList>
<StmntSeq Intrnl_Id="1688">
<LocList>
<Loc EndOffset="2717" SrcFileId="10" StartOffset="2676"/>
</LocList>
<BasicStmnt CovItemId="S20" CovItemPrefix="my.PSM.PSM_Storage.DataStoreFacade.java" Intrnl_Id="1689">
<LocList>
<Loc EndOffset="2717" SrcFileId="10" StartOffset="2676"/>
</LocList>
</BasicStmnt>
</StmntSeq>
</HierarchyLvl>
<HierarchyLvl HierarchyLvlId="269" HierarchyLvlTypeId="22" Intrnl_Id="1690" Name="fetchEndFri">
<Header>
<Loc EndOffset="2761" SrcFileId="10" StartOffset="2722"/>
</Header>
<LocList>
<Loc EndOffset="2848" SrcFileId="10" StartOffset="2722"/>
</LocList>
<StmntSeq Intrnl_Id="1691">
<LocList>
<Loc EndOffset="2845" SrcFileId="10" StartOffset="2806"/>
</LocList>
<BasicStmnt CovItemId="S21" CovItemPrefix="my.PSM.PSM_Storage.DataStoreFacade.java" Intrnl_Id="1692">
<LocList>
<Loc EndOffset="2845" SrcFileId="10" StartOffset="2806"/>
</LocList>
</BasicStmnt>
</StmntSeq>
</HierarchyLvl>
<HierarchyLvl HierarchyLvlId="270" HierarchyLvlTypeId="22" Intrnl_Id="1693" Name="fetchStartSat">
<Header>
<Loc EndOffset="2891" SrcFileId="10" StartOffset="2850"/>
</Header>
<LocList>
<Loc EndOffset="2982" SrcFileId="10" StartOffset="2850"/>
</LocList>
<StmntSeq Intrnl_Id="1694">
<LocList>
<Loc EndOffset="2979" SrcFileId="10" StartOffset="2938"/>
</LocList>
<BasicStmnt CovItemId="S22" CovItemPrefix="my.PSM.PSM_Storage.DataStoreFacade.java" Intrnl_Id="1695">
<LocList>
<Loc EndOffset="2979" SrcFileId="10" StartOffset="2938"/>
</LocList>
</BasicStmnt>
</StmntSeq>
</HierarchyLvl>
<HierarchyLvl HierarchyLvlId="271" HierarchyLvlTypeId="22" Intrnl_Id="1696" Name="fetchEndSat">
<Header>
<Loc EndOffset="3023" SrcFileId="10" StartOffset="2984"/>
</Header>
<LocList>
<Loc EndOffset="3110" SrcFileId="10" StartOffset="2984"/>
</LocList>
<StmntSeq Intrnl_Id="1697">
<LocList>
<Loc EndOffset="3107" SrcFileId="10" StartOffset="3068"/>
</LocList>
<BasicStmnt CovItemId="S23" CovItemPrefix="my.PSM.PSM_Storage.DataStoreFacade.java" Intrnl_Id="1698">
<LocList>
<Loc EndOffset="3107" SrcFileId="10" StartOffset="3068"/>
</LocList>
</BasicStmnt>
</StmntSeq>
</HierarchyLvl>
<HierarchyLvl HierarchyLvlId="272" HierarchyLvlTypeId="22" Intrnl_Id="1699" Name="clearDatabase">
<Header>
<Loc EndOffset="3139" SrcFileId="10" StartOffset="3112"/>
</Header>
<LocList>
<Loc EndOffset="3173" SrcFileId="10" StartOffset="3112"/>
</LocList>
<StmntSeq Intrnl_Id="1700">
<LocList>
<Loc EndOffset="3170" SrcFileId="10" StartOffset="3144"/>
</LocList>
<BasicStmnt CovItemId="S24" CovItemPrefix="my.PSM.PSM_Storage.DataStoreFacade.java" Intrnl_Id="1701">
<LocList>
<Loc EndOffset="3170" SrcFileId="10" StartOffset="3144"/>
</LocList>
</BasicStmnt>
</StmntSeq>
</HierarchyLvl>
<HierarchyLvl HierarchyLvlId="273" HierarchyLvlTypeId="22" Intrnl_Id="1702" Name="getCourses">
<Header>
<Loc EndOffset="3213" SrcFileId="10" StartOffset="3175"/>
</Header>
<LocList>
<Loc EndOffset="3251" SrcFileId="10" StartOffset="3175"/>
</LocList>
<StmntSeq Intrnl_Id="1703">
<LocList>
<Loc EndOffset="3248" SrcFileId="10" StartOffset="3218"/>
</LocList>
<BasicStmnt CovItemId="S25" CovItemPrefix="my.PSM.PSM_Storage.DataStoreFacade.java" Intrnl_Id="1704">
<LocList>
<Loc EndOffset="3248" SrcFileId="10" StartOffset="3218"/>
</LocList>
</BasicStmnt>
</StmntSeq>
</HierarchyLvl>
<HierarchyLvl HierarchyLvlId="274" HierarchyLvlTypeId="22" Intrnl_Id="1705" Name="storeClassInfo">
<Header>
<Loc EndOffset="3347" SrcFileId="10" StartOffset="3253"/>
</Header>
<LocList>
<Loc EndOffset="3432" SrcFileId="10" StartOffset="3253"/>
</LocList>
<StmntSeq Intrnl_Id="1706">
<LocList>
<Loc EndOffset="3429" SrcFileId="10" StartOffset="3353"/>
</LocList>
<BasicStmnt CovItemId="S26" CovItemPrefix="my.PSM.PSM_Storage.DataStoreFacade.java" Intrnl_Id="1707">
<LocList>
<Loc EndOffset="3429" SrcFileId="10" StartOffset="3353"/>
</LocList>
</BasicStmnt>
</StmntSeq>
</HierarchyLvl>
<HierarchyLvl HierarchyLvlId="275" HierarchyLvlTypeId="22" Intrnl_Id="1708" Name="storeClassSched">
<Header>
<Loc EndOffset="3728" SrcFileId="10" StartOffset="3436"/>
</Header>
<LocList>
<Loc EndOffset="3914" SrcFileId="10" StartOffset="3436"/>
</LocList>
<StmntSeq Intrnl_Id="1709">
<LocList>
<Loc EndOffset="3908" SrcFileId="10" StartOffset="3737"/>
</LocList>
<BasicStmnt CovItemId="S27" CovItemPrefix="my.PSM.PSM_Storage.DataStoreFacade.java" Intrnl_Id="1710">
<LocList>
<Loc EndOffset="3908" SrcFileId="10" StartOffset="3737"/>
</LocList>
</BasicStmnt>
</StmntSeq>
</HierarchyLvl>
</HierarchyLvl>
<HierarchyLvl HierarchyLvlId="307" HierarchyLvlTypeId="23" Intrnl_Id="1711" Name="DBConnection">
<Header>
<Loc EndOffset="182" SrcFileId="11" StartOffset="157"/>
</Header>
<LocList>
<Loc EndOffset="5864" SrcFileId="11" StartOffset="157"/>
</LocList>
<HierarchyLvl HierarchyLvlId="277" HierarchyLvlTypeId="22" Intrnl_Id="1712" Name="setMyManager">
<Header>
<Loc EndOffset="305" SrcFileId="11" StartOffset="257"/>
</Header>
<LocList>
<Loc EndOffset="340" SrcFileId="11" StartOffset="257"/>
</LocList>
<StmntSeq Intrnl_Id="1713">
<LocList>
<Loc EndOffset="337" SrcFileId="11" StartOffset="310"/>
</LocList>
<BasicStmnt CovItemId="S1" CovItemPrefix="my.PSM.PSM_Storage.DBConnection.java" Intrnl_Id="1714">
<LocList>
<Loc EndOffset="337" SrcFileId="11" StartOffset="310"/>
</LocList>
</BasicStmnt>
</StmntSeq>
</HierarchyLvl>
<HierarchyLvl HierarchyLvlId="278" HierarchyLvlTypeId="22" Intrnl_Id="1715" Name="DBConnection">
<Header>
<Loc EndOffset="414" SrcFileId="11" StartOffset="393"/>
</Header>
<LocList>
<Loc EndOffset="463" SrcFileId="11" StartOffset="393"/>
</LocList>
<StmntSeq Intrnl_Id="1716">
<LocList>
<Loc EndOffset="457" SrcFileId="11" StartOffset="426"/>
</LocList>
<BasicStmnt CovItemId="S2" CovItemPrefix="my.PSM.PSM_Storage.DBConnection.java" Intrnl_Id="1717">
<LocList>
<Loc EndOffset="457" SrcFileId="11" StartOffset="426"/>
</LocList>
</BasicStmnt>
</StmntSeq>
</HierarchyLvl>
<HierarchyLvl HierarchyLvlId="279" HierarchyLvlTypeId="22" Intrnl_Id="1718" Name="connect">
<Header>
<Loc EndOffset="577" SrcFileId="11" StartOffset="524"/>
</Header>
<LocList>
<Loc EndOffset="637" SrcFileId="11" StartOffset="524"/>
</LocList>
<StmntSeq Intrnl_Id="1719">
<LocList>
<Loc EndOffset="631" SrcFileId="11" StartOffset="592"/>
</LocList>
<BasicStmnt CovItemId="S3" CovItemPrefix="my.PSM.PSM_Storage.DBConnection.java" Intrnl_Id="1720">
<LocList>
<Loc EndOffset="631" SrcFileId="11" StartOffset="592"/>
</LocList>
</BasicStmnt>
</StmntSeq>
</HierarchyLvl>
<HierarchyLvl HierarchyLvlId="280" HierarchyLvlTypeId="22" Intrnl_Id="1721" Name="connect">
<Header>
<Loc EndOffset="740" SrcFileId="11" StartOffset="699"/>
</Header>
<LocList>
<Loc EndOffset="796" SrcFileId="11" StartOffset="699"/>
</LocList>
<StmntSeq Intrnl_Id="1722">
<LocList>
<Loc EndOffset="790" SrcFileId="11" StartOffset="755"/>
</LocList>
<BasicStmnt CovItemId="S4" CovItemPrefix="my.PSM.PSM_Storage.DBConnection.java" Intrnl_Id="1723">
<LocList>
<Loc EndOffset="790" SrcFileId="11" StartOffset="755"/>
</LocList>
</BasicStmnt>
</StmntSeq>
</HierarchyLvl>
<HierarchyLvl HierarchyLvlId="281" HierarchyLvlTypeId="22" Intrnl_Id="1724" Name="disconnect">
<Header>
<Loc EndOffset="829" SrcFileId="11" StartOffset="806"/>
</Header>
<LocList>
<Loc EndOffset="880" SrcFileId="11" StartOffset="806"/>
</LocList>
<StmntSeq Intrnl_Id="1725">
<LocList>
<Loc EndOffset="874" SrcFileId="11" StartOffset="844"/>
</LocList>
<BasicStmnt CovItemId="S5" CovItemPrefix="my.PSM.PSM_Storage.DBConnection.java" Intrnl_Id="1726">
<LocList>
<Loc EndOffset="874" SrcFileId="11" StartOffset="844"/>
</LocList>
</BasicStmnt>
</StmntSeq>
</HierarchyLvl>
<HierarchyLvl HierarchyLvlId="282" HierarchyLvlTypeId="22" Intrnl_Id="1727" Name="fetchCourseID">
<Header>
<Loc EndOffset="929" SrcFileId="11" StartOffset="891"/>
</Header>
<LocList>
<Loc EndOffset="1051" SrcFileId="11" StartOffset="891"/>
</LocList>
<StmntSeq Intrnl_Id="1728">
<LocList>
<Loc EndOffset="1043" SrcFileId="11" StartOffset="1002"/>
</LocList>
<BasicStmnt CovItemId="S6" CovItemPrefix="my.PSM.PSM_Storage.DBConnection.java" Intrnl_Id="1729">
<LocList>
<Loc EndOffset="1043" SrcFileId="11" StartOffset="1002"/>
</LocList>
</BasicStmnt>
</StmntSeq>
</HierarchyLvl>
<HierarchyLvl HierarchyLvlId="283" HierarchyLvlTypeId="22" Intrnl_Id="1730" Name="getEndDates">
<Header>
<Loc EndOffset="1099" SrcFileId="11" StartOffset="1061"/>
</Header>
<LocList>
<Loc EndOffset="1151" SrcFileId="11" StartOffset="1061"/>
</LocList>
<StmntSeq Intrnl_Id="1731">
<LocList>
<Loc EndOffset="1145" SrcFileId="11" StartOffset="1114"/>
</LocList>
<BasicStmnt CovItemId="S7" CovItemPrefix="my.PSM.PSM_Storage.DBConnection.java" Intrnl_Id="1732">
<LocList>
<Loc EndOffset="1145" SrcFileId="11" StartOffset="1114"/>
</LocList>
</BasicStmnt>
</StmntSeq>
</HierarchyLvl>
<HierarchyLvl HierarchyLvlId="284" HierarchyLvlTypeId="22" Intrnl_Id="1733" Name="getCourses">
<Header>
<Loc EndOffset="1194" SrcFileId="11" StartOffset="1156"/>
</Header>
<LocList>
<Loc EndOffset="1245" SrcFileId="11" StartOffset="1156"/>
</LocList>
<StmntSeq Intrnl_Id="1734">
<LocList>
<Loc EndOffset="1239" SrcFileId="11" StartOffset="1209"/>
</LocList>
<BasicStmnt CovItemId="S8" CovItemPrefix="my.PSM.PSM_Storage.DBConnection.java" Intrnl_Id="1735">
<LocList>
<Loc EndOffset="1239" SrcFileId="11" StartOffset="1209"/>
</LocList>
</BasicStmnt>
</StmntSeq>
</HierarchyLvl>
<HierarchyLvl HierarchyLvlId="285" HierarchyLvlTypeId="22" Intrnl_Id="1736" Name="fetchCourses">
<Header>
<Loc EndOffset="1283" SrcFileId="11" StartOffset="1255"/>
</Header>
<LocList>
<Loc EndOffset="1899" SrcFileId="11" StartOffset="1255"/>
</LocList>
<StmntSeq Intrnl_Id="1737">
<LocList>
<Loc EndOffset="1390" SrcFileId="11" StartOffset="1353"/>
<Loc EndOffset="1596" SrcFileId="11" StartOffset="1547"/>
<Loc EndOffset="1765" SrcFileId="11" StartOffset="1606"/>
<Loc EndOffset="1797" SrcFileId="11" StartOffset="1774"/>
<Loc EndOffset="1820" SrcFileId="11" StartOffset="1806"/>
</LocList>
<BasicStmnt CovItemId="S9" CovItemPrefix="my.PSM.PSM_Storage.DBConnection.java" Intrnl_Id="1738">
<LocList>
<Loc EndOffset="1390" SrcFileId="11" StartOffset="1353"/>
</LocList>
</BasicStmnt>
<BasicStmnt CovItemId="S10" CovItemPrefix="my.PSM.PSM_Storage.DBConnection.java" Intrnl_Id="1739">
<LocList>
<Loc EndOffset="1596" SrcFileId="11" StartOffset="1547"/>
</LocList>
</BasicStmnt>
<LoopStmnt CovItemId="S11" CovItemPrefix="my.PSM.PSM_Storage.DBConnection.java" Intrnl_Id="1740" MltplExecId="L1-2" MltplExecPrefix="my.PSM.PSM_Storage.DBConnection.java" NvrExecId="L1-0" NvrExecPrefix="my.PSM.PSM_Storage.DBConnection.java" OnceExecutedId="L1-1" OnceExecutedPrefix="my.PSM.PSM_Storage.DBConnection.java" OptBodyExec="true">
<StmntSeq Intrnl_Id="1741">
<LocList>
<Loc EndOffset="1704" SrcFileId="11" StartOffset="1681"/>
<Loc EndOffset="1733" SrcFileId="11" StartOffset="1718"/>
</LocList>
<BasicStmnt CovItemId="S12" CovItemPrefix="my.PSM.PSM_Storage.DBConnection.java" Intrnl_Id="1742">
<LocList>
<Loc EndOffset="1704" SrcFileId="11" StartOffset="1681"/>
</LocList>
</BasicStmnt>
<BasicStmnt CovItemId="S13" CovItemPrefix="my.PSM.PSM_Storage.DBConnection.java" Intrnl_Id="1743">
<LocList>
<Loc EndOffset="1733" SrcFileId="11" StartOffset="1718"/>
</LocList>
</BasicStmnt>
</StmntSeq>
<Keyword EndOffset="1609" SrcFileId="11" StartOffset="1606"/>
<LocList>
<Loc EndOffset="1765" SrcFileId="11" StartOffset="1606"/>
</LocList>
<RootTerm CovItemId="C1" CovItemPrefix="my.PSM.PSM_Storage.DBConnection.java" Intrnl_Id="1744">
<BasicBoolTerm Intrnl_Id="1745">
<LocList>
<Loc EndOffset="1636" SrcFileId="11" StartOffset="1621"/>
</LocList>
</BasicBoolTerm>
</RootTerm>
</LoopStmnt>
<BasicStmnt CovItemId="S14" CovItemPrefix="my.PSM.PSM_Storage.DBConnection.java" Intrnl_Id="1746">
<LocList>
<Loc EndOffset="1797" SrcFileId="11" StartOffset="1774"/>
</LocList>
</BasicStmnt>
<BasicStmnt CovItemId="S15" CovItemPrefix="my.PSM.PSM_Storage.DBConnection.java" Intrnl_Id="1747">
<LocList>
<Loc EndOffset="1820" SrcFileId="11" StartOffset="1806"/>
</LocList>
</BasicStmnt>
</StmntSeq>
</HierarchyLvl>
<HierarchyLvl HierarchyLvlId="286" HierarchyLvlTypeId="22" Intrnl_Id="1748" Name="fetchCourseSubj">
<Header>
<Loc EndOffset="1952" SrcFileId="11" StartOffset="1909"/>
</Header>
<LocList>
<Loc EndOffset="2082" SrcFileId="11" StartOffset="1909"/>
</LocList>
<StmntSeq Intrnl_Id="1749">
<LocList>
<Loc EndOffset="2068" SrcFileId="11" StartOffset="2025"/>
</LocList>
<BasicStmnt CovItemId="S16" CovItemPrefix="my.PSM.PSM_Storage.DBConnection.java" Intrnl_Id="1750">
<LocList>
<Loc EndOffset="2068" SrcFileId="11" StartOffset="2025"/>
</LocList>
</BasicStmnt>
</StmntSeq>
</HierarchyLvl>
<HierarchyLvl HierarchyLvlId="287" HierarchyLvlTypeId="22" Intrnl_Id="1751" Name="fetchCourseName">
<Header>
<Loc EndOffset="2135" SrcFileId="11" StartOffset="2092"/>
</Header>
<LocList>
<Loc EndOffset="2207" SrcFileId="11" StartOffset="2092"/>
</LocList>
<StmntSeq Intrnl_Id="1752">
<LocList>
<Loc EndOffset="2193" SrcFileId="11" StartOffset="2150"/>
</LocList>
<BasicStmnt CovItemId="S17" CovItemPrefix="my.PSM.PSM_Storage.DBConnection.java" Intrnl_Id="1753">
<LocList>
<Loc EndOffset="2193" SrcFileId="11" StartOffset="2150"/>
</LocList>
</BasicStmnt>
</StmntSeq>
</HierarchyLvl>
<HierarchyLvl HierarchyLvlId="288" HierarchyLvlTypeId="22" Intrnl_Id="1754" Name="fetchCourseSemester">
<Header>
<Loc EndOffset="2264" SrcFileId="11" StartOffset="2217"/>
</Header>
<LocList>
<Loc EndOffset="2398" SrcFileId="11" StartOffset="2217"/>
</LocList>
<StmntSeq Intrnl_Id="1755">
<LocList>
<Loc EndOffset="2384" SrcFileId="11" StartOffset="2337"/>
</LocList>
<BasicStmnt CovItemId="S18" CovItemPrefix="my.PSM.PSM_Storage.DBConnection.java" Intrnl_Id="1756">
<LocList>
<Loc EndOffset="2384" SrcFileId="11" StartOffset="2337"/>
</LocList>
</BasicStmnt>
</StmntSeq>
</HierarchyLvl>
<HierarchyLvl HierarchyLvlId="289" HierarchyLvlTypeId="22" Intrnl_Id="1757" Name="fetchCourseStart">
<Header>
<Loc EndOffset="2452" SrcFileId="11" StartOffset="2408"/>
</Header>
<LocList>
<Loc EndOffset="2583" SrcFileId="11" StartOffset="2408"/>
</LocList>
<StmntSeq Intrnl_Id="1758">
<LocList>
<Loc EndOffset="2569" SrcFileId="11" StartOffset="2525"/>
</LocList>
<BasicStmnt CovItemId="S19" CovItemPrefix="my.PSM.PSM_Storage.DBConnection.java" Intrnl_Id="1759">
<LocList>
<Loc EndOffset="2569" SrcFileId="11" StartOffset="2525"/>
</LocList>
</BasicStmnt>
</StmntSeq>
</HierarchyLvl>
<HierarchyLvl HierarchyLvlId="290" HierarchyLvlTypeId="22" Intrnl_Id="1760" Name="fetchCourseEnd">
<Header>
<Loc EndOffset="2635" SrcFileId="11" StartOffset="2593"/>
</Header>
<LocList>
<Loc EndOffset="2772" SrcFileId="11" StartOffset="2593"/>
</LocList>
<StmntSeq Intrnl_Id="1761">
<LocList>
<Loc EndOffset="2758" SrcFileId="11" StartOffset="2716"/>
</LocList>
<BasicStmnt CovItemId="S20" CovItemPrefix="my.PSM.PSM_Storage.DBConnection.java" Intrnl_Id="1762">
<LocList>
<Loc EndOffset="2758" SrcFileId="11" StartOffset="2716"/>
</LocList>
</BasicStmnt>
</StmntSeq>
</HierarchyLvl>
<HierarchyLvl HierarchyLvlId="291" HierarchyLvlTypeId="22" Intrnl_Id="1763" Name="fetchStartMon">
<Header>
<Loc EndOffset="3307" SrcFileId="11" StartOffset="3266"/>
</Header>
<LocList>
<Loc EndOffset="3369" SrcFileId="11" StartOffset="3266"/>
</LocList>
<StmntSeq Intrnl_Id="1764">
<LocList>
<Loc EndOffset="3363" SrcFileId="11" StartOffset="3322"/>
</LocList>
<BasicStmnt CovItemId="S21" CovItemPrefix="my.PSM.PSM_Storage.DBConnection.java" Intrnl_Id="1765">
<LocList>
<Loc EndOffset="3363" SrcFileId="11" StartOffset="3322"/>
</LocList>
</BasicStmnt>
</StmntSeq>
</HierarchyLvl>
<HierarchyLvl HierarchyLvlId="292" HierarchyLvlTypeId="22" Intrnl_Id="1766" Name="fetchEndMon">
<Header>
<Loc EndOffset="3418" SrcFileId="11" StartOffset="3379"/>
</Header>
<LocList>
<Loc EndOffset="3478" SrcFileId="11" StartOffset="3379"/>
</LocList>
<StmntSeq Intrnl_Id="1767">
<LocList>
<Loc EndOffset="3472" SrcFileId="11" StartOffset="3433"/>
</LocList>
<BasicStmnt CovItemId="S22" CovItemPrefix="my.PSM.PSM_Storage.DBConnection.java" Intrnl_Id="1768">
<LocList>
<Loc EndOffset="3472" SrcFileId="11" StartOffset="3433"/>
</LocList>
</BasicStmnt>
</StmntSeq>
</HierarchyLvl>
<HierarchyLvl HierarchyLvlId="293" HierarchyLvlTypeId="22" Intrnl_Id="1769" Name="fetchStartTue">
<Header>
<Loc EndOffset="3529" SrcFileId="11" StartOffset="3488"/>
</Header>
<LocList>
<Loc EndOffset="3591" SrcFileId="11" StartOffset="3488"/>
</LocList>
<StmntSeq Intrnl_Id="1770">
<LocList>
<Loc EndOffset="3585" SrcFileId="11" StartOffset="3544"/>
</LocList>
<BasicStmnt CovItemId="S23" CovItemPrefix="my.PSM.PSM_Storage.DBConnection.java" Intrnl_Id="1771">
<LocList>
<Loc EndOffset="3585" SrcFileId="11" StartOffset="3544"/>
</LocList>
</BasicStmnt>
</StmntSeq>
</HierarchyLvl>
<HierarchyLvl HierarchyLvlId="294" HierarchyLvlTypeId="22" Intrnl_Id="1772" Name="fetchEndTue">
<Header>
<Loc EndOffset="3640" SrcFileId="11" StartOffset="3601"/>
</Header>
<LocList>
<Loc EndOffset="3700" SrcFileId="11" StartOffset="3601"/>
</LocList>
<StmntSeq Intrnl_Id="1773">
<LocList>
<Loc EndOffset="3694" SrcFileId="11" StartOffset="3655"/>
</LocList>
<BasicStmnt CovItemId="S24" CovItemPrefix="my.PSM.PSM_Storage.DBConnection.java" Intrnl_Id="1774">
<LocList>
<Loc EndOffset="3694" SrcFileId="11" StartOffset="3655"/>
</LocList>
</BasicStmnt>
</StmntSeq>
</HierarchyLvl>
<HierarchyLvl HierarchyLvlId="295" HierarchyLvlTypeId="22" Intrnl_Id="1775" Name="fetchStartWed">
<Header>
<Loc EndOffset="3751" SrcFileId="11" StartOffset="3710"/>
</Header>
<LocList>
<Loc EndOffset="3810" SrcFileId="11" StartOffset="3710"/>
</LocList>
<StmntSeq Intrnl_Id="1776">
<LocList>
<Loc EndOffset="3804" SrcFileId="11" StartOffset="3763"/>
</LocList>
<BasicStmnt CovItemId="S25" CovItemPrefix="my.PSM.PSM_Storage.DBConnection.java" Intrnl_Id="1777">
<LocList>
<Loc EndOffset="3804" SrcFileId="11" StartOffset="3763"/>
</LocList>
</BasicStmnt>
</StmntSeq>
</HierarchyLvl>
<HierarchyLvl HierarchyLvlId="296" HierarchyLvlTypeId="22" Intrnl_Id="1778" Name="fetchEndWed">
<Header>
<Loc EndOffset="3859" SrcFileId="11" StartOffset="3820"/>
</Header>
<LocList>
<Loc EndOffset="3916" SrcFileId="11" StartOffset="3820"/>
</LocList>
<StmntSeq Intrnl_Id="1779">
<LocList>
<Loc EndOffset="3910" SrcFileId="11" StartOffset="3871"/>
</LocList>
<BasicStmnt CovItemId="S26" CovItemPrefix="my.PSM.PSM_Storage.DBConnection.java" Intrnl_Id="1780">
<LocList>
<Loc EndOffset="3910" SrcFileId="11" StartOffset="3871"/>
</LocList>
</BasicStmnt>
</StmntSeq>
</HierarchyLvl>
<HierarchyLvl HierarchyLvlId="297" HierarchyLvlTypeId="22" Intrnl_Id="1781" Name="fetchStartThu">
<Header>
<Loc EndOffset="3972" SrcFileId="11" StartOffset="3931"/>
</Header>
<LocList>
<Loc EndOffset="4034" SrcFileId="11" StartOffset="3931"/>
</LocList>
<StmntSeq Intrnl_Id="1782">
<LocList>
<Loc EndOffset="4028" SrcFileId="11" StartOffset="3987"/>
</LocList>
<BasicStmnt CovItemId="S27" CovItemPrefix="my.PSM.PSM_Storage.DBConnection.java" Intrnl_Id="1783">
<LocList>
<Loc EndOffset="4028" SrcFileId="11" StartOffset="3987"/>
</LocList>
</BasicStmnt>
</StmntSeq>
</HierarchyLvl>
<HierarchyLvl HierarchyLvlId="298" HierarchyLvlTypeId="22" Intrnl_Id="1784" Name="fetchEndThu">
<Header>
<Loc EndOffset="4083" SrcFileId="11" StartOffset="4044"/>
</Header>
<LocList>
<Loc EndOffset="4143" SrcFileId="11" StartOffset="4044"/>
</LocList>
<StmntSeq Intrnl_Id="1785">
<LocList>
<Loc EndOffset="4137" SrcFileId="11" StartOffset="4098"/>
</LocList>
<BasicStmnt CovItemId="S28" CovItemPrefix="my.PSM.PSM_Storage.DBConnection.java" Intrnl_Id="1786">
<LocList>
<Loc EndOffset="4137" SrcFileId="11" StartOffset="4098"/>
</LocList>
</BasicStmnt>
</StmntSeq>
</HierarchyLvl>
<HierarchyLvl HierarchyLvlId="299" HierarchyLvlTypeId="22" Intrnl_Id="1787" Name="fetchStartFri">
<Header>
<Loc EndOffset="4194" SrcFileId="11" StartOffset="4153"/>
</Header>
<LocList>
<Loc EndOffset="4253" SrcFileId="11" StartOffset="4153"/>
</LocList>
<StmntSeq Intrnl_Id="1788">
<LocList>
<Loc EndOffset="4247" SrcFileId="11" StartOffset="4206"/>
</LocList>
<BasicStmnt CovItemId="S29" CovItemPrefix="my.PSM.PSM_Storage.DBConnection.java" Intrnl_Id="1789">
<LocList>
<Loc EndOffset="4247" SrcFileId="11" StartOffset="4206"/>
</LocList>
</BasicStmnt>
</StmntSeq>
</HierarchyLvl>
<HierarchyLvl HierarchyLvlId="300" HierarchyLvlTypeId="22" Intrnl_Id="1790" Name="fetchEndFri">
<Header>
<Loc EndOffset="4302" SrcFileId="11" StartOffset="4263"/>
</Header>
<LocList>
<Loc EndOffset="4362" SrcFileId="11" StartOffset="4263"/>
</LocList>
<StmntSeq Intrnl_Id="1791">
<LocList>
<Loc EndOffset="4356" SrcFileId="11" StartOffset="4317"/>
</LocList>
<BasicStmnt CovItemId="S30" CovItemPrefix="my.PSM.PSM_Storage.DBConnection.java" Intrnl_Id="1792">
<LocList>
<Loc EndOffset="4356" SrcFileId="11" StartOffset="4317"/>
</LocList>
</BasicStmnt>
</StmntSeq>
</HierarchyLvl>
<HierarchyLvl HierarchyLvlId="301" HierarchyLvlTypeId="22" Intrnl_Id="1793" Name="fetchStartSat">
<Header>
<Loc EndOffset="4418" SrcFileId="11" StartOffset="4377"/>
</Header>
<LocList>
<Loc EndOffset="4480" SrcFileId="11" StartOffset="4377"/>
</LocList>
<StmntSeq Intrnl_Id="1794">
<LocList>
<Loc EndOffset="4474" SrcFileId="11" StartOffset="4433"/>
</LocList>
<BasicStmnt CovItemId="S31" CovItemPrefix="my.PSM.PSM_Storage.DBConnection.java" Intrnl_Id="1795">
<LocList>
<Loc EndOffset="4474" SrcFileId="11" StartOffset="4433"/>
</LocList>
</BasicStmnt>
</StmntSeq>
</HierarchyLvl>
<HierarchyLvl HierarchyLvlId="302" HierarchyLvlTypeId="22" Intrnl_Id="1796" Name="fetchEndSat">
<Header>
<Loc EndOffset="4529" SrcFileId="11" StartOffset="4490"/>
</Header>
<LocList>
<Loc EndOffset="4598" SrcFileId="11" StartOffset="4490"/>
</LocList>
<StmntSeq Intrnl_Id="1797">
<LocList>
<Loc EndOffset="4592" SrcFileId="11" StartOffset="4553"/>
</LocList>
<BasicStmnt CovItemId="S32" CovItemPrefix="my.PSM.PSM_Storage.DBConnection.java" Intrnl_Id="1798">
<LocList>
<Loc EndOffset="4592" SrcFileId="11" StartOffset="4553"/>
</LocList>
</BasicStmnt>
</StmntSeq>
</HierarchyLvl>
<HierarchyLvl HierarchyLvlId="303" HierarchyLvlTypeId="22" Intrnl_Id="1799" Name="storeClassInfo">
<Header>
<Loc EndOffset="4702" SrcFileId="11" StartOffset="4608"/>
</Header>
<LocList>
<Loc EndOffset="4799" SrcFileId="11" StartOffset="4608"/>
</LocList>
<StmntSeq Intrnl_Id="1800">
<LocList>
<Loc EndOffset="4793" SrcFileId="11" StartOffset="4717"/>
</LocList>
<BasicStmnt CovItemId="S33" CovItemPrefix="my.PSM.PSM_Storage.DBConnection.java" Intrnl_Id="1801">
<LocList>
<Loc EndOffset="4793" SrcFileId="11" StartOffset="4717"/>
</LocList>
</BasicStmnt>
</StmntSeq>
</HierarchyLvl>
<HierarchyLvl HierarchyLvlId="304" HierarchyLvlTypeId="22" Intrnl_Id="1802" Name="storeClassSched">
<Header>
<Loc EndOffset="5100" SrcFileId="11" StartOffset="4809"/>
</Header>
<LocList>
<Loc EndOffset="5301" SrcFileId="11" StartOffset="4809"/>
</LocList>
<StmntSeq Intrnl_Id="1803">
<LocList>
<Loc EndOffset="5286" SrcFileId="11" StartOffset="5115"/>
</LocList>
<BasicStmnt CovItemId="S34" CovItemPrefix="my.PSM.PSM_Storage.DBConnection.java" Intrnl_Id="1804">
<LocList>
<Loc EndOffset="5286" SrcFileId="11" StartOffset="5115"/>
</LocList>
</BasicStmnt>
</StmntSeq>
</HierarchyLvl>
<HierarchyLvl HierarchyLvlId="305" HierarchyLvlTypeId="22" Intrnl_Id="1805" Name="clearDatabase">
<Header>
<Loc EndOffset="5338" SrcFileId="11" StartOffset="5311"/>
</Header>
<LocList>
<Loc EndOffset="5385" SrcFileId="11" StartOffset="5311"/>
</LocList>
<StmntSeq Intrnl_Id="1806">
<LocList>
<Loc EndOffset="5379" SrcFileId="11" StartOffset="5353"/>
</LocList>
<BasicStmnt CovItemId="S35" CovItemPrefix="my.PSM.PSM_Storage.DBConnection.java" Intrnl_Id="1807">
<LocList>
<Loc EndOffset="5379" SrcFileId="11" StartOffset="5353"/>
</LocList>
</BasicStmnt>
</StmntSeq>
</HierarchyLvl>
<HierarchyLvl HierarchyLvlId="306" HierarchyLvlTypeId="22" Intrnl_Id="1808" Name="createClassTable">
<Header>
<Loc EndOffset="5424" SrcFileId="11" StartOffset="5395"/>
</Header>
<LocList>
<Loc EndOffset="5504" SrcFileId="11" StartOffset="5395"/>
</LocList>
<StmntSeq Intrnl_Id="1809">
<LocList>
<Loc EndOffset="5474" SrcFileId="11" StartOffset="5438"/>
</LocList>
<BasicStmnt CovItemId="S36" CovItemPrefix="my.PSM.PSM_Storage.DBConnection.java" Intrnl_Id="1810">
<LocList>
<Loc EndOffset="5474" SrcFileId="11" StartOffset="5438"/>
</LocList>
</BasicStmnt>
</StmntSeq>
</HierarchyLvl>
</HierarchyLvl>
</HierarchyLvl>
<HierarchyLvl HierarchyLvlId="391" HierarchyLvlTypeId="20" Intrnl_Id="1811" Name="PSM_Logic">
<Header/>
<LocList/>
<HierarchyLvl HierarchyLvlId="362" HierarchyLvlTypeId="23" Intrnl_Id="1812" Name="appController">
<Header>
<Loc EndOffset="563" SrcFileId="12" StartOffset="537"/>
</Header>
<LocList>
<Loc EndOffset="16828" SrcFileId="12" StartOffset="537"/>
</LocList>
<StmntSeq Intrnl_Id="1813">
<LocList>
<Loc EndOffset="614" SrcFileId="12" StartOffset="572"/>
<Loc EndOffset="721" SrcFileId="12" StartOffset="667"/>
<Loc EndOffset="777" SrcFileId="12" StartOffset="726"/>
<Loc EndOffset="823" SrcFileId="12" StartOffset="782"/>
<Loc EndOffset="860" SrcFileId="12" StartOffset="828"/>
<Loc EndOffset="898" SrcFileId="12" StartOffset="865"/>
<Loc EndOffset="935" SrcFileId="12" StartOffset="908"/>
<Loc EndOffset="972" SrcFileId="12" StartOffset="940"/>
<Loc EndOffset="1011" SrcFileId="12" StartOffset="977"/>
<Loc EndOffset="1051" SrcFileId="12" StartOffset="1016"/>
<Loc EndOffset="1089" SrcFileId="12" StartOffset="1056"/>
<Loc EndOffset="1126" SrcFileId="12" StartOffset="1094"/>
<Loc EndOffset="1161" SrcFileId="12" StartOffset="1131"/>
<Loc EndOffset="1198" SrcFileId="12" StartOffset="1166"/>
<Loc EndOffset="1233" SrcFileId="12" StartOffset="1203"/>
<Loc EndOffset="1270" SrcFileId="12" StartOffset="1238"/>
<Loc EndOffset="1305" SrcFileId="12" StartOffset="1275"/>
<Loc EndOffset="1342" SrcFileId="12" StartOffset="1310"/>
<Loc EndOffset="1377" SrcFileId="12" StartOffset="1347"/>
<Loc EndOffset="1414" SrcFileId="12" StartOffset="1382"/>
<Loc EndOffset="1449" SrcFileId="12" StartOffset="1419"/>
<Loc EndOffset="1486" SrcFileId="12" StartOffset="1454"/>
<Loc EndOffset="1521" SrcFileId="12" StartOffset="1491"/>
<Loc EndOffset="1660" SrcFileId="12" StartOffset="1622"/>
<Loc EndOffset="1701" SrcFileId="12" StartOffset="1665"/>
<Loc EndOffset="1927" SrcFileId="12" StartOffset="1888"/>
<Loc EndOffset="1967" SrcFileId="12" StartOffset="1932"/>
<Loc EndOffset="2053" SrcFileId="12" StartOffset="2028"/>
<Loc EndOffset="2121" SrcFileId="12" StartOffset="2063"/>
<Loc EndOffset="2186" SrcFileId="12" StartOffset="2126"/>
<Loc EndOffset="2239" SrcFileId="12" StartOffset="2191"/>
<Loc EndOffset="2301" SrcFileId="12" StartOffset="2272"/>
<Loc EndOffset="13137" SrcFileId="12" StartOffset="13108"/>
<Loc EndOffset="13250" SrcFileId="12" StartOffset="13249"/>
<Loc EndOffset="13292" SrcFileId="12" StartOffset="13260"/>
<Loc EndOffset="13409" SrcFileId="12" StartOffset="13408"/>
<Loc EndOffset="13447" SrcFileId="12" StartOffset="13416"/>
<Loc EndOffset="13561" SrcFileId="12" StartOffset="13560"/>
<Loc EndOffset="13608" SrcFileId="12" StartOffset="13576"/>
<Loc EndOffset="13776" SrcFileId="12" StartOffset="13775"/>
<Loc EndOffset="13823" SrcFileId="12" StartOffset="13791"/>
<Loc EndOffset="13925" SrcFileId="12" StartOffset="13924"/>
</LocList>
<BasicStmnt CovItemId="S1" CovItemPrefix="my.PSM.PSM_Logic.appController.java" Intrnl_Id="1814">
<LocList>
<Loc EndOffset="614" SrcFileId="12" StartOffset="572"/>
</LocList>
</BasicStmnt>
<BasicStmnt CovItemId="S2" CovItemPrefix="my.PSM.PSM_Logic.appController.java" Intrnl_Id="1815">
<LocList>
<Loc EndOffset="721" SrcFileId="12" StartOffset="667"/>
</LocList>
</BasicStmnt>
<BasicStmnt CovItemId="S3" CovItemPrefix="my.PSM.PSM_Logic.appController.java" Intrnl_Id="1816">
<LocList>
<Loc EndOffset="777" SrcFileId="12" StartOffset="726"/>
</LocList>
</BasicStmnt>
<BasicStmnt CovItemId="S4" CovItemPrefix="my.PSM.PSM_Logic.appController.java" Intrnl_Id="1817">
<LocList>
<Loc EndOffset="823" SrcFileId="12" StartOffset="782"/>
</LocList>
</BasicStmnt>
<BasicStmnt CovItemId="S5" CovItemPrefix="my.PSM.PSM_Logic.appController.java" Intrnl_Id="1818">
<LocList>
<Loc EndOffset="860" SrcFileId="12" StartOffset="828"/>
</LocList>
</BasicStmnt>
<BasicStmnt CovItemId="S6" CovItemPrefix="my.PSM.PSM_Logic.appController.java" Intrnl_Id="1819">
<LocList>
<Loc EndOffset="898" SrcFileId="12" StartOffset="865"/>
</LocList>
</BasicStmnt>
<BasicStmnt CovItemId="S7" CovItemPrefix="my.PSM.PSM_Logic.appController.java" Intrnl_Id="1820">
<LocList>
<Loc EndOffset="935" SrcFileId="12" StartOffset="908"/>
</LocList>
</BasicStmnt>
<BasicStmnt CovItemId="S8" CovItemPrefix="my.PSM.PSM_Logic.appController.java" Intrnl_Id="1821">
<LocList>
<Loc EndOffset="972" SrcFileId="12" StartOffset="940"/>
</LocList>
</BasicStmnt>
<BasicStmnt CovItemId="S9" CovItemPrefix="my.PSM.PSM_Logic.appController.java" Intrnl_Id="1822">
<LocList>
<Loc EndOffset="1011" SrcFileId="12" StartOffset="977"/>
</LocList>
</BasicStmnt>
<BasicStmnt CovItemId="S10" CovItemPrefix="my.PSM.PSM_Logic.appController.java" Intrnl_Id="1823">
<LocList>
<Loc EndOffset="1051" SrcFileId="12" StartOffset="1016"/>
</LocList>
</BasicStmnt>
<BasicStmnt CovItemId="S11" CovItemPrefix="my.PSM.PSM_Logic.appController.java" Intrnl_Id="1824">
<LocList>
<Loc EndOffset="1089" SrcFileId="12" StartOffset="1056"/>
</LocList>
</BasicStmnt>
<BasicStmnt CovItemId="S12" CovItemPrefix="my.PSM.PSM_Logic.appController.java" Intrnl_Id="1825">
<LocList>
<Loc EndOffset="1126" SrcFileId="12" StartOffset="1094"/>
</LocList>
</BasicStmnt>
<BasicStmnt CovItemId="S13" CovItemPrefix="my.PSM.PSM_Logic.appController.java" Intrnl_Id="1826">
<LocList>
<Loc EndOffset="1161" SrcFileId="12" StartOffset="1131"/>
</LocList>
</BasicStmnt>
<BasicStmnt CovItemId="S14" CovItemPrefix="my.PSM.PSM_Logic.appController.java" Intrnl_Id="1827">
<LocList>
<Loc EndOffset="1198" SrcFileId="12" StartOffset="1166"/>
</LocList>
</BasicStmnt>
<BasicStmnt CovItemId="S15" CovItemPrefix="my.PSM.PSM_Logic.appController.java" Intrnl_Id="1828">
<LocList>
<Loc EndOffset="1233" SrcFileId="12" StartOffset="1203"/>
</LocList>
</BasicStmnt>
<BasicStmnt CovItemId="S16" CovItemPrefix="my.PSM.PSM_Logic.appController.java" Intrnl_Id="1829">
<LocList>
<Loc EndOffset="1270" SrcFileId="12" StartOffset="1238"/>
</LocList>
</BasicStmnt>
<BasicStmnt CovItemId="S17" CovItemPrefix="my.PSM.PSM_Logic.appController.java" Intrnl_Id="1830">
<LocList>
<Loc EndOffset="1305" SrcFileId="12" StartOffset="1275"/>
</LocList>
</BasicStmnt>
<BasicStmnt CovItemId="S18" CovItemPrefix="my.PSM.PSM_Logic.appController.java" Intrnl_Id="1831">
<LocList>
<Loc EndOffset="1342" SrcFileId="12" StartOffset="1310"/>
</LocList>
</BasicStmnt>
<BasicStmnt CovItemId="S19" CovItemPrefix="my.PSM.PSM_Logic.appController.java" Intrnl_Id="1832">
<LocList>
<Loc EndOffset="1377" SrcFileId="12" StartOffset="1347"/>
</LocList>
</BasicStmnt>
<BasicStmnt CovItemId="S20" CovItemPrefix="my.PSM.PSM_Logic.appController.java" Intrnl_Id="1833">
<LocList>
<Loc EndOffset="1414" SrcFileId="12" StartOffset="1382"/>
</LocList>
</BasicStmnt>
<BasicStmnt CovItemId="S21" CovItemPrefix="my.PSM.PSM_Logic.appController.java" Intrnl_Id="1834">
<LocList>
<Loc EndOffset="1449" SrcFileId="12" StartOffset="1419"/>
</LocList>
</BasicStmnt>
<BasicStmnt CovItemId="S22" CovItemPrefix="my.PSM.PSM_Logic.appController.java" Intrnl_Id="1835">
<LocList>
<Loc EndOffset="1486" SrcFileId="12" StartOffset="1454"/>
</LocList>
</BasicStmnt>
<BasicStmnt CovItemId="S23" CovItemPrefix="my.PSM.PSM_Logic.appController.java" Intrnl_Id="1836">
<LocList>
<Loc EndOffset="1521" SrcFileId="12" StartOffset="1491"/>
</LocList>
</BasicStmnt>
<BasicStmnt CovItemId="S24" CovItemPrefix="my.PSM.PSM_Logic.appController.java" Intrnl_Id="1837">
<LocList>
<Loc EndOffset="1660" SrcFileId="12" StartOffset="1622"/>
</LocList>
</BasicStmnt>
<BasicStmnt CovItemId="S25" CovItemPrefix="my.PSM.PSM_Logic.appController.java" Intrnl_Id="1838">
<LocList>
<Loc EndOffset="1701" SrcFileId="12" StartOffset="1665"/>
</LocList>
</BasicStmnt>
<BasicStmnt CovItemId="S29" CovItemPrefix="my.PSM.PSM_Logic.appController.java" Intrnl_Id="1839">
<LocList>
<Loc EndOffset="1927" SrcFileId="12" StartOffset="1888"/>
</LocList>
</BasicStmnt>
<BasicStmnt CovItemId="S30" CovItemPrefix="my.PSM.PSM_Logic.appController.java" Intrnl_Id="1840">
<LocList>
<Loc EndOffset="1967" SrcFileId="12" StartOffset="1932"/>
</LocList>
</BasicStmnt>
<BasicStmnt CovItemId="S31" CovItemPrefix="my.PSM.PSM_Logic.appController.java" Intrnl_Id="1841">
<LocList>
<Loc EndOffset="2053" SrcFileId="12" StartOffset="2028"/>
</LocList>
</BasicStmnt>
<BasicStmnt CovItemId="S32" CovItemPrefix="my.PSM.PSM_Logic.appController.java" Intrnl_Id="1842">
<LocList>
<Loc EndOffset="2121" SrcFileId="12" StartOffset="2063"/>
</LocList>
</BasicStmnt>
<BasicStmnt CovItemId="S33" CovItemPrefix="my.PSM.PSM_Logic.appController.java" Intrnl_Id="1843">
<LocList>
<Loc EndOffset="2186" SrcFileId="12" StartOffset="2126"/>
</LocList>
</BasicStmnt>
<BasicStmnt CovItemId="S34" CovItemPrefix="my.PSM.PSM_Logic.appController.java" Intrnl_Id="1844">
<LocList>
<Loc EndOffset="2239" SrcFileId="12" StartOffset="2191"/>
</LocList>
</BasicStmnt>
<BasicStmnt CovItemId="S35" CovItemPrefix="my.PSM.PSM_Logic.appController.java" Intrnl_Id="1845">
<LocList>
<Loc EndOffset="2301" SrcFileId="12" StartOffset="2272"/>
</LocList>
</BasicStmnt>
<BasicStmnt CovItemId="S193" CovItemPrefix="my.PSM.PSM_Logic.appController.java" Intrnl_Id="1846">
<LocList>
<Loc EndOffset="13137" SrcFileId="12" StartOffset="13108"/>
<Loc EndOffset="13250" SrcFileId="12" StartOffset="13249"/>
</LocList>
</BasicStmnt>
<BasicStmnt CovItemId="S195" CovItemPrefix="my.PSM.PSM_Logic.appController.java" Intrnl_Id="1847">
<LocList>
<Loc EndOffset="13292" SrcFileId="12" StartOffset="13260"/>
<Loc EndOffset="13409" SrcFileId="12" StartOffset="13408"/>
</LocList>
</BasicStmnt>
<BasicStmnt CovItemId="S197" CovItemPrefix="my.PSM.PSM_Logic.appController.java" Intrnl_Id="1848">
<LocList>
<Loc EndOffset="13447" SrcFileId="12" StartOffset="13416"/>
<Loc EndOffset="13561" SrcFileId="12" StartOffset="13560"/>
</LocList>
</BasicStmnt>
<BasicStmnt CovItemId="S199" CovItemPrefix="my.PSM.PSM_Logic.appController.java" Intrnl_Id="1849">
<LocList>
<Loc EndOffset="13608" SrcFileId="12" StartOffset="13576"/>
<Loc EndOffset="13776" SrcFileId="12" StartOffset="13775"/>
</LocList>
</BasicStmnt>
<BasicStmnt CovItemId="S202" CovItemPrefix="my.PSM.PSM_Logic.appController.java" Intrnl_Id="1850">
<LocList>
<Loc EndOffset="13823" SrcFileId="12" StartOffset="13791"/>
<Loc EndOffset="13925" SrcFileId="12" StartOffset="13924"/>
</LocList>
</BasicStmnt>
</StmntSeq>
<HierarchyLvl HierarchyLvlId="308" HierarchyLvlTypeId="22" Intrnl_Id="1851" Name="isEdSchedSel">
<Header>
<Loc EndOffset="1736" SrcFileId="12" StartOffset="1706"/>
</Header>
<LocList>
<Loc EndOffset="1762" SrcFileId="12" StartOffset="1706"/>
</LocList>
<StmntSeq Intrnl_Id="1852">
<LocList>
<Loc EndOffset="1759" SrcFileId="12" StartOffset="1741"/>
</LocList>
<BasicStmnt CovItemId="S26" CovItemPrefix="my.PSM.PSM_Logic.appController.java" Intrnl_Id="1853">
<LocList>
<Loc EndOffset="1759" SrcFileId="12" StartOffset="1741"/>
</LocList>
</BasicStmnt>
</StmntSeq>
</HierarchyLvl>
<HierarchyLvl HierarchyLvlId="309" HierarchyLvlTypeId="22" Intrnl_Id="1854" Name="isSchedSetupSel">
<Header>
<Loc EndOffset="1798" SrcFileId="12" StartOffset="1765"/>
</Header>
<LocList>
<Loc EndOffset="1827" SrcFileId="12" StartOffset="1765"/>
</LocList>
<StmntSeq Intrnl_Id="1855">
<LocList>
<Loc EndOffset="1824" SrcFileId="12" StartOffset="1803"/>
</LocList>
<BasicStmnt CovItemId="S27" CovItemPrefix="my.PSM.PSM_Logic.appController.java" Intrnl_Id="1856">
<LocList>
<Loc EndOffset="1824" SrcFileId="12" StartOffset="1803"/>
</LocList>
</BasicStmnt>
</StmntSeq>
</HierarchyLvl>
<HierarchyLvl HierarchyLvlId="310" HierarchyLvlTypeId="22" Intrnl_Id="1857" Name="isLogoutSel">
<Header>
<Loc EndOffset="1859" SrcFileId="12" StartOffset="1830"/>
</Header>
<LocList>
<Loc EndOffset="1884" SrcFileId="12" StartOffset="1830"/>
</LocList>
<StmntSeq Intrnl_Id="1858">
<LocList>
<Loc EndOffset="1881" SrcFileId="12" StartOffset="1864"/>
</LocList>
<BasicStmnt CovItemId="S28" CovItemPrefix="my.PSM.PSM_Logic.appController.java" Intrnl_Id="1859">
<LocList>
<Loc EndOffset="1881" SrcFileId="12" StartOffset="1864"/>
</LocList>
</BasicStmnt>
</StmntSeq>
</HierarchyLvl>
<HierarchyLvl HierarchyLvlId="311" HierarchyLvlTypeId="22" Intrnl_Id="1860" Name="appController">
<Header>
<Loc EndOffset="2395" SrcFileId="12" StartOffset="2373"/>
</Header>
<LocList>
<Loc EndOffset="2425" SrcFileId="12" StartOffset="2373"/>
</LocList>
<StmntSeq Intrnl_Id="1861">
<LocList>
<Loc EndOffset="2419" SrcFileId="12" StartOffset="2406"/>
</LocList>
<BasicStmnt CovItemId="S36" CovItemPrefix="my.PSM.PSM_Logic.appController.java" Intrnl_Id="1862">
<LocList>
<Loc EndOffset="2419" SrcFileId="12" StartOffset="2406"/>
</LocList>
</BasicStmnt>
</StmntSeq>
</HierarchyLvl>
<HierarchyLvl HierarchyLvlId="312" HierarchyLvlTypeId="22" Intrnl_Id="1863" Name="setDataStoreFacade">
<Header>
<Loc EndOffset="2526" SrcFileId="12" StartOffset="2474"/>
</Header>
<LocList>
<Loc EndOffset="2557" SrcFileId="12" StartOffset="2474"/>
</LocList>
<StmntSeq Intrnl_Id="1864">
<LocList>
<Loc EndOffset="2551" SrcFileId="12" StartOffset="2533"/>
</LocList>
<BasicStmnt CovItemId="S37" CovItemPrefix="my.PSM.PSM_Logic.appController.java" Intrnl_Id="1865">
<LocList>
<Loc EndOffset="2551" SrcFileId="12" StartOffset="2533"/>
</LocList>
</BasicStmnt>
</StmntSeq>
</HierarchyLvl>
<HierarchyLvl HierarchyLvlId="313" HierarchyLvlTypeId="22" Intrnl_Id="1866" Name="setInterfaceController">
<Header>
<Loc EndOffset="2623" SrcFileId="12" StartOffset="2562"/>
</Header>
<LocList>
<Loc EndOffset="2646" SrcFileId="12" StartOffset="2562"/>
</LocList>
<StmntSeq Intrnl_Id="1867">
<LocList>
<Loc EndOffset="2640" SrcFileId="12" StartOffset="2630"/>
</LocList>
<BasicStmnt CovItemId="S38" CovItemPrefix="my.PSM.PSM_Logic.appController.java" Intrnl_Id="1868">
<LocList>
<Loc EndOffset="2640" SrcFileId="12" StartOffset="2630"/>
</LocList>
</BasicStmnt>
</StmntSeq>
</HierarchyLvl>
<HierarchyLvl HierarchyLvlId="314" HierarchyLvlTypeId="22" Intrnl_Id="1869" Name="setAuthenticate">
<Header>
<Loc EndOffset="2698" SrcFileId="12" StartOffset="2651"/>
</Header>
<LocList>
<Loc EndOffset="2723" SrcFileId="12" StartOffset="2651"/>
</LocList>
<StmntSeq Intrnl_Id="1870">
<LocList>
<Loc EndOffset="2717" SrcFileId="12" StartOffset="2705"/>
</LocList>
<BasicStmnt CovItemId="S39" CovItemPrefix="my.PSM.PSM_Logic.appController.java" Intrnl_Id="1871">
<LocList>
<Loc EndOffset="2717" SrcFileId="12" StartOffset="2705"/>
</LocList>
</BasicStmnt>
</StmntSeq>
</HierarchyLvl>
<HierarchyLvl HierarchyLvlId="315" HierarchyLvlTypeId="22" Intrnl_Id="1872" Name="appMainMenu">
<Header>
<Loc EndOffset="2753" SrcFileId="12" StartOffset="2728"/>
</Header>
<LocList>
<Loc EndOffset="3551" SrcFileId="12" StartOffset="2728"/>
</LocList>
<StmntSeq Intrnl_Id="1873">
<LocList>
<Loc EndOffset="3441" SrcFileId="12" StartOffset="2767"/>
<Loc EndOffset="3482" SrcFileId="12" StartOffset="3450"/>
<Loc EndOffset="3512" SrcFileId="12" StartOffset="3491"/>
</LocList>
<LoopStmnt CovItemId="S40" CovItemPrefix="my.PSM.PSM_Logic.appController.java" Intrnl_Id="1874" MltplExecId="L1-2" MltplExecPrefix="my.PSM.PSM_Logic.appController.java" NvrExecId="L1-0" NvrExecPrefix="my.PSM.PSM_Logic.appController.java" OnceExecutedId="L1-1" OnceExecutedPrefix="my.PSM.PSM_Logic.appController.java" OptBodyExec="true">
<StmntSeq Intrnl_Id="1875">
<LocList>
<Loc EndOffset="2849" SrcFileId="12" StartOffset="2810"/>
<Loc EndOffset="2905" SrcFileId="12" StartOffset="2862"/>
<Loc EndOffset="2964" SrcFileId="12" StartOffset="2918"/>
<Loc EndOffset="3016" SrcFileId="12" StartOffset="2977"/>
<Loc EndOffset="3394" SrcFileId="12" StartOffset="3217"/>
<Loc EndOffset="3431" SrcFileId="12" StartOffset="3420"/>
</LocList>
<BasicStmnt CovItemId="S41" CovItemPrefix="my.PSM.PSM_Logic.appController.java" Intrnl_Id="1876">
<LocList>
<Loc EndOffset="2849" SrcFileId="12" StartOffset="2810"/>
</LocList>
</BasicStmnt>
<BasicStmnt CovItemId="S42" CovItemPrefix="my.PSM.PSM_Logic.appController.java" Intrnl_Id="1877">
<LocList>
<Loc EndOffset="2905" SrcFileId="12" StartOffset="2862"/>
</LocList>
</BasicStmnt>
<BasicStmnt CovItemId="S43" CovItemPrefix="my.PSM.PSM_Logic.appController.java" Intrnl_Id="1878">
<LocList>
<Loc EndOffset="2964" SrcFileId="12" StartOffset="2918"/>
</LocList>
</BasicStmnt>
<BasicStmnt CovItemId="S44" CovItemPrefix="my.PSM.PSM_Logic.appController.java" Intrnl_Id="1879">
<LocList>
<Loc EndOffset="3016" SrcFileId="12" StartOffset="2977"/>
</LocList>
</BasicStmnt>
<CondStmnt CovItemId="S45" CovItemPrefix="my.PSM.PSM_Logic.appController.java" Intrnl_Id="1880">
<Branch CovItemId="B1" CovItemPrefix="my.PSM.PSM_Logic.appController.java" Implct="false" Intrnl_Id="1881">
<Cond/>
<LocList>
<Loc EndOffset="3394" SrcFileId="12" StartOffset="3302"/>
</LocList>
<StmntSeq Intrnl_Id="1882">
<LocList>
<Loc EndOffset="3368" SrcFileId="12" StartOffset="3361"/>
</LocList>
<BasicStmnt CovItemId="S46" CovItemPrefix="my.PSM.PSM_Logic.appController.java" Intrnl_Id="1883">
<LocList>
<Loc EndOffset="3368" SrcFileId="12" StartOffset="3361"/>
</LocList>
</BasicStmnt>
</StmntSeq>
</Branch>
<Branch CovItemId="B2" CovItemPrefix="my.PSM.PSM_Logic.appController.java" Implct="true" Intrnl_Id="1884">
<Cond/>
<LocList/>
<StmntSeq Intrnl_Id="1885">
<LocList/>
</StmntSeq>
</Branch>
<Keyword EndOffset="3219" SrcFileId="12" StartOffset="3217"/>
<LocList>
<Loc EndOffset="3394" SrcFileId="12" StartOffset="3217"/>
</LocList>
<RootTerm CovItemId="C2" CovItemPrefix="my.PSM.PSM_Logic.appController.java" Intrnl_Id="1886">
<OpTerm BooleanOpId="18" Intrnl_Id="1887">
<BasicBoolTerm Intrnl_Id="1888">
<LocList>
<Loc EndOffset="3235" SrcFileId="12" StartOffset="3220"/>
</LocList>
</BasicBoolTerm>
<BasicBoolTerm Intrnl_Id="1889">
<LocList>
<Loc EndOffset="3288" SrcFileId="12" StartOffset="3239"/>
</LocList>
</BasicBoolTerm>
<LocList>
<Loc EndOffset="3238" SrcFileId="12" StartOffset="3236"/>
</LocList>
</OpTerm>
</RootTerm>
</CondStmnt>
<BasicStmnt CovItemId="S47" CovItemPrefix="my.PSM.PSM_Logic.appController.java" Intrnl_Id="1890">
<LocList>
<Loc EndOffset="3431" SrcFileId="12" StartOffset="3420"/>
</LocList>
</BasicStmnt>
</StmntSeq>
<Keyword EndOffset="2772" SrcFileId="12" StartOffset="2767"/>
<LocList>
<Loc EndOffset="3441" SrcFileId="12" StartOffset="2767"/>
</LocList>
<RootTerm CovItemId="C1" CovItemPrefix="my.PSM.PSM_Logic.appController.java" Intrnl_Id="1891">
<OpTerm BooleanOpId="19" Intrnl_Id="1892">
<BasicBoolTerm Intrnl_Id="1893">
<LocList>
<Loc EndOffset="2786" SrcFileId="12" StartOffset="2774"/>
</LocList>
</BasicBoolTerm>
<LocList>
<Loc EndOffset="2774" SrcFileId="12" StartOffset="2773"/>
</LocList>
</OpTerm>
</RootTerm>
</LoopStmnt>
<BasicStmnt CovItemId="S48" CovItemPrefix="my.PSM.PSM_Logic.appController.java" Intrnl_Id="1894">
<LocList>
<Loc EndOffset="3482" SrcFileId="12" StartOffset="3450"/>
</LocList>
</BasicStmnt>
<BasicStmnt CovItemId="S49" CovItemPrefix="my.PSM.PSM_Logic.appController.java" Intrnl_Id="1895">
<LocList>
<Loc EndOffset="3512" SrcFileId="12" StartOffset="3491"/>
</LocList>
</BasicStmnt>
</StmntSeq>
</HierarchyLvl>
<HierarchyLvl HierarchyLvlId="316" HierarchyLvlTypeId="22" Intrnl_Id="1896" Name="myMain">
<Header>
<Loc EndOffset="3576" SrcFileId="12" StartOffset="3556"/>
</Header>
<LocList>
<Loc EndOffset="4124" SrcFileId="12" StartOffset="3556"/>
</LocList>
<StmntSeq Intrnl_Id="1897">
<LocList>
<Loc EndOffset="3594" SrcFileId="12" StartOffset="3583"/>
<Loc EndOffset="4118" SrcFileId="12" StartOffset="3600"/>
</LocList>
<BasicStmnt CovItemId="S50" CovItemPrefix="my.PSM.PSM_Logic.appController.java" Intrnl_Id="1898">
<LocList>
<Loc EndOffset="3594" SrcFileId="12" StartOffset="3583"/>
</LocList>
</BasicStmnt>
<CondStmnt CovItemId="S51" CovItemPrefix="my.PSM.PSM_Logic.appController.java" Intrnl_Id="1899">
<Branch CovItemId="B3" CovItemPrefix="my.PSM.PSM_Logic.appController.java" Implct="false" Intrnl_Id="1900">
<Cond/>
<LocList>
<Loc EndOffset="4118" SrcFileId="12" StartOffset="3612"/>
</LocList>
<StmntSeq Intrnl_Id="1901">
<LocList>
<Loc EndOffset="3643" SrcFileId="12" StartOffset="3620"/>
<Loc EndOffset="3729" SrcFileId="12" StartOffset="3650"/>
<Loc EndOffset="3749" SrcFileId="12" StartOffset="3736"/>
<Loc EndOffset="4111" SrcFileId="12" StartOffset="3756"/>
</LocList>
<BasicStmnt CovItemId="S52" CovItemPrefix="my.PSM.PSM_Logic.appController.java" Intrnl_Id="1902">
<LocList>
<Loc EndOffset="3643" SrcFileId="12" StartOffset="3620"/>
</LocList>
</BasicStmnt>
<CondStmnt CovItemId="S53" CovItemPrefix="my.PSM.PSM_Logic.appController.java" Intrnl_Id="1903">
<Branch CovItemId="B5" CovItemPrefix="my.PSM.PSM_Logic.appController.java" Implct="false" Intrnl_Id="1904">
<Cond/>
<LocList>
<Loc EndOffset="3729" SrcFileId="12" StartOffset="3676"/>
</LocList>
<StmntSeq Intrnl_Id="1905">
<LocList>
<Loc EndOffset="3718" SrcFileId="12" StartOffset="3691"/>
</LocList>
<BasicStmnt CovItemId="S54" CovItemPrefix="my.PSM.PSM_Logic.appController.java" Intrnl_Id="1906">
<LocList>
<Loc EndOffset="3718" SrcFileId="12" StartOffset="3691"/>
</LocList>
</BasicStmnt>
</StmntSeq>
</Branch>
<Branch CovItemId="B6" CovItemPrefix="my.PSM.PSM_Logic.appController.java" Implct="true" Intrnl_Id="1907">
<Cond/>
<LocList/>
<StmntSeq Intrnl_Id="1908">
<LocList/>
</StmntSeq>
</Branch>
<Keyword EndOffset="3652" SrcFileId="12" StartOffset="3650"/>
<LocList>
<Loc EndOffset="3729" SrcFileId="12" StartOffset="3650"/>
</LocList>
<RootTerm CovItemId="C4" CovItemPrefix="my.PSM.PSM_Logic.appController.java" Intrnl_Id="1909">
<BasicBoolTerm Intrnl_Id="1910">
<LocList>
<Loc EndOffset="3665" SrcFileId="12" StartOffset="3653"/>
</LocList>
</BasicBoolTerm>
</RootTerm>
</CondStmnt>
<BasicStmnt CovItemId="S55" CovItemPrefix="my.PSM.PSM_Logic.appController.java" Intrnl_Id="1911">
<LocList>
<Loc EndOffset="3749" SrcFileId="12" StartOffset="3736"/>
</LocList>
</BasicStmnt>
<LoopStmnt CovItemId="S56" CovItemPrefix="my.PSM.PSM_Logic.appController.java" Intrnl_Id="1912" MltplExecId="L2-2" MltplExecPrefix="my.PSM.PSM_Logic.appController.java" NvrExecId="L2-0" NvrExecPrefix="my.PSM.PSM_Logic.appController.java" OnceExecutedId="L2-1" OnceExecutedPrefix="my.PSM.PSM_Logic.appController.java" OptBodyExec="true">
<StmntSeq Intrnl_Id="1913">
<LocList>
<Loc EndOffset="3796" SrcFileId="12" StartOffset="3782"/>
<Loc EndOffset="4103" SrcFileId="12" StartOffset="3804"/>
</LocList>
<BasicStmnt CovItemId="S57" CovItemPrefix="my.PSM.PSM_Logic.appController.java" Intrnl_Id="1914">
<LocList>
<Loc EndOffset="3796" SrcFileId="12" StartOffset="3782"/>
</LocList>
</BasicStmnt>
<CondStmnt CovItemId="S58" CovItemPrefix="my.PSM.PSM_Logic.appController.java" Intrnl_Id="1915">
<Branch CovItemId="B7" CovItemPrefix="my.PSM.PSM_Logic.appController.java" Implct="false" Intrnl_Id="1916">
<Cond/>
<LocList>
<Loc EndOffset="3934" SrcFileId="12" StartOffset="3828"/>
</LocList>
<StmntSeq Intrnl_Id="1917">
<LocList>
<Loc EndOffset="3883" SrcFileId="12" StartOffset="3869"/>
<Loc EndOffset="3919" SrcFileId="12" StartOffset="3898"/>
</LocList>
<BasicStmnt CovItemId="S59" CovItemPrefix="my.PSM.PSM_Logic.appController.java" Intrnl_Id="1918">
<LocList>
<Loc EndOffset="3883" SrcFileId="12" StartOffset="3869"/>
</LocList>
</BasicStmnt>
<BasicStmnt CovItemId="S60" CovItemPrefix="my.PSM.PSM_Logic.appController.java" Intrnl_Id="1919">
<LocList>
<Loc EndOffset="3919" SrcFileId="12" StartOffset="3898"/>
</LocList>
</BasicStmnt>
</StmntSeq>
</Branch>
<Branch CovItemId="B8" CovItemPrefix="my.PSM.PSM_Logic.appController.java" Implct="false" Intrnl_Id="1920">
<Cond>
<Loc EndOffset="3949" SrcFileId="12" StartOffset="3945"/>
</Cond>
<LocList>
<Loc EndOffset="4103" SrcFileId="12" StartOffset="3950"/>
</LocList>
<StmntSeq Intrnl_Id="1921">
<LocList>
<Loc EndOffset="4103" SrcFileId="12" StartOffset="3950"/>
</LocList>
<CondStmnt CovItemId="S61" CovItemPrefix="my.PSM.PSM_Logic.appController.java" Intrnl_Id="1922">
<Branch CovItemId="B9" CovItemPrefix="my.PSM.PSM_Logic.appController.java" Implct="false" Intrnl_Id="1923">
<Cond/>
<LocList>
<Loc EndOffset="4018" SrcFileId="12" StartOffset="3975"/>
</LocList>
<StmntSeq Intrnl_Id="1924">
<LocList>
<Loc EndOffset="4006" SrcFileId="12" StartOffset="3991"/>
</LocList>
<BasicStmnt CovItemId="S62" CovItemPrefix="my.PSM.PSM_Logic.appController.java" Intrnl_Id="1925">
<LocList>
<Loc EndOffset="4006" SrcFileId="12" StartOffset="3991"/>
</LocList>
</BasicStmnt>
</StmntSeq>
</Branch>
<Branch CovItemId="B10" CovItemPrefix="my.PSM.PSM_Logic.appController.java" Implct="false" Intrnl_Id="1926">
<Cond>
<Loc EndOffset="4033" SrcFileId="12" StartOffset="4029"/>
</Cond>
<LocList>
<Loc EndOffset="4103" SrcFileId="12" StartOffset="4034"/>
</LocList>
<StmntSeq Intrnl_Id="1927">
<LocList>
<Loc EndOffset="4103" SrcFileId="12" StartOffset="4034"/>
</LocList>
<CondStmnt CovItemId="S63" CovItemPrefix="my.PSM.PSM_Logic.appController.java" Intrnl_Id="1928">
<Branch CovItemId="B11" CovItemPrefix="my.PSM.PSM_Logic.appController.java" Implct="false" Intrnl_Id="1929">
<Cond/>
<LocList>
<Loc EndOffset="4103" SrcFileId="12" StartOffset="4062"/>
</LocList>
<StmntSeq Intrnl_Id="1930">
<LocList>
<Loc EndOffset="4091" SrcFileId="12" StartOffset="4078"/>
</LocList>
<BasicStmnt CovItemId="S64" CovItemPrefix="my.PSM.PSM_Logic.appController.java" Intrnl_Id="1931">
<LocList>
<Loc EndOffset="4091" SrcFileId="12" StartOffset="4078"/>
</LocList>
</BasicStmnt>
</StmntSeq>
</Branch>
<Branch CovItemId="B12" CovItemPrefix="my.PSM.PSM_Logic.appController.java" Implct="true" Intrnl_Id="1932">
<Cond/>
<LocList/>
<StmntSeq Intrnl_Id="1933">
<LocList/>
</StmntSeq>
</Branch>
<Keyword EndOffset="4036" SrcFileId="12" StartOffset="4034"/>
<LocList>
<Loc EndOffset="4103" SrcFileId="12" StartOffset="4034"/>
</LocList>
<RootTerm CovItemId="C8" CovItemPrefix="my.PSM.PSM_Logic.appController.java" Intrnl_Id="1934">
<BasicBoolTerm Intrnl_Id="1935">
<LocList>
<Loc EndOffset="4050" SrcFileId="12" StartOffset="4037"/>
</LocList>
</BasicBoolTerm>
</RootTerm>
</CondStmnt>
</StmntSeq>
</Branch>
<Keyword EndOffset="3952" SrcFileId="12" StartOffset="3950"/>
<LocList>
<Loc EndOffset="4103" SrcFileId="12" StartOffset="3950"/>
</LocList>
<RootTerm CovItemId="C7" CovItemPrefix="my.PSM.PSM_Logic.appController.java" Intrnl_Id="1936">
<BasicBoolTerm Intrnl_Id="1937">
<LocList>
<Loc EndOffset="3963" SrcFileId="12" StartOffset="3953"/>
</LocList>
</BasicBoolTerm>
</RootTerm>
</CondStmnt>
</StmntSeq>
</Branch>
<Keyword EndOffset="3806" SrcFileId="12" StartOffset="3804"/>
<LocList>
<Loc EndOffset="4103" SrcFileId="12" StartOffset="3804"/>
</LocList>
<RootTerm CovItemId="C6" CovItemPrefix="my.PSM.PSM_Logic.appController.java" Intrnl_Id="1938">
<BasicBoolTerm Intrnl_Id="1939">
<LocList>
<Loc EndOffset="3816" SrcFileId="12" StartOffset="3807"/>
</LocList>
</BasicBoolTerm>
</RootTerm>
</CondStmnt>
</StmntSeq>
<Keyword EndOffset="3761" SrcFileId="12" StartOffset="3756"/>
<LocList>
<Loc EndOffset="4111" SrcFileId="12" StartOffset="3756"/>
</LocList>
<RootTerm CovItemId="C5" CovItemPrefix="my.PSM.PSM_Logic.appController.java" Intrnl_Id="1940">
<OpTerm BooleanOpId="19" Intrnl_Id="1941">
<BasicBoolTerm Intrnl_Id="1942">
<LocList>
<Loc EndOffset="3772" SrcFileId="12" StartOffset="3763"/>
</LocList>
</BasicBoolTerm>
<LocList>
<Loc EndOffset="3763" SrcFileId="12" StartOffset="3762"/>
</LocList>
</OpTerm>
</RootTerm>
</LoopStmnt>
</StmntSeq>
</Branch>
<Branch CovItemId="B4" CovItemPrefix="my.PSM.PSM_Logic.appController.java" Implct="true" Intrnl_Id="1943">
<Cond/>
<LocList/>
<StmntSeq Intrnl_Id="1944">
<LocList/>
</StmntSeq>
</Branch>
<Keyword EndOffset="3602" SrcFileId="12" StartOffset="3600"/>
<LocList>
<Loc EndOffset="4118" SrcFileId="12" StartOffset="3600"/>
</LocList>
<RootTerm CovItemId="C3" CovItemPrefix="my.PSM.PSM_Logic.appController.java" Intrnl_Id="1945">
<BasicBoolTerm Intrnl_Id="1946">
<LocList>
<Loc EndOffset="3611" SrcFileId="12" StartOffset="3603"/>
</LocList>
</BasicBoolTerm>
</RootTerm>
</CondStmnt>
</StmntSeq>
</HierarchyLvl>
<HierarchyLvl HierarchyLvlId="317" HierarchyLvlTypeId="22" Intrnl_Id="1947" Name="setUser">
<Header>
<Loc EndOffset="4161" SrcFileId="12" StartOffset="4129"/>
</Header>
<LocList>
<Loc EndOffset="4190" SrcFileId="12" StartOffset="4129"/>
</LocList>
<StmntSeq Intrnl_Id="1948">
<LocList>
<Loc EndOffset="4184" SrcFileId="12" StartOffset="4168"/>
</LocList>
<BasicStmnt CovItemId="S65" CovItemPrefix="my.PSM.PSM_Logic.appController.java" Intrnl_Id="1949">
<LocList>
<Loc EndOffset="4184" SrcFileId="12" StartOffset="4168"/>
</LocList>
</BasicStmnt>
</StmntSeq>
</HierarchyLvl>
<HierarchyLvl HierarchyLvlId="318" HierarchyLvlTypeId="22" Intrnl_Id="1950" Name="setPassword">
<Header>
<Loc EndOffset="4229" SrcFileId="12" StartOffset="4195"/>
</Header>
<LocList>
<Loc EndOffset="4256" SrcFileId="12" StartOffset="4195"/>
</LocList>
<StmntSeq Intrnl_Id="1951">
<LocList>
<Loc EndOffset="4250" SrcFileId="12" StartOffset="4236"/>
</LocList>
<BasicStmnt CovItemId="S66" CovItemPrefix="my.PSM.PSM_Logic.appController.java" Intrnl_Id="1952">
<LocList>
<Loc EndOffset="4250" SrcFileId="12" StartOffset="4236"/>
</LocList>
</BasicStmnt>
</StmntSeq>
</HierarchyLvl>
<HierarchyLvl HierarchyLvlId="319" HierarchyLvlTypeId="22" Intrnl_Id="1953" Name="getUser">
<Header>
<Loc EndOffset="4284" SrcFileId="12" StartOffset="4261"/>
</Header>
<LocList>
<Loc EndOffset="4313" SrcFileId="12" StartOffset="4261"/>
</LocList>
<StmntSeq Intrnl_Id="1954">
<LocList>
<Loc EndOffset="4307" SrcFileId="12" StartOffset="4291"/>
</LocList>
<BasicStmnt CovItemId="S67" CovItemPrefix="my.PSM.PSM_Logic.appController.java" Intrnl_Id="1955">
<LocList>
<Loc EndOffset="4307" SrcFileId="12" StartOffset="4291"/>
</LocList>
</BasicStmnt>
</StmntSeq>
</HierarchyLvl>
<HierarchyLvl HierarchyLvlId="320" HierarchyLvlTypeId="22" Intrnl_Id="1956" Name="getPass">
<Header>
<Loc EndOffset="4341" SrcFileId="12" StartOffset="4318"/>
</Header>
<LocList>
<Loc EndOffset="4370" SrcFileId="12" StartOffset="4318"/>
</LocList>
<StmntSeq Intrnl_Id="1957">
<LocList>
<Loc EndOffset="4364" SrcFileId="12" StartOffset="4348"/>
</LocList>
<BasicStmnt CovItemId="S68" CovItemPrefix="my.PSM.PSM_Logic.appController.java" Intrnl_Id="1958">
<LocList>
<Loc EndOffset="4364" SrcFileId="12" StartOffset="4348"/>
</LocList>
</BasicStmnt>
</StmntSeq>
</HierarchyLvl>
<HierarchyLvl HierarchyLvlId="321" HierarchyLvlTypeId="22" Intrnl_Id="1959" Name="getLoggedIn">
<Header>
<Loc EndOffset="4403" SrcFileId="12" StartOffset="4375"/>
</Header>
<LocList>
<Loc EndOffset="4432" SrcFileId="12" StartOffset="4375"/>
</LocList>
<StmntSeq Intrnl_Id="1960">
<LocList>
<Loc EndOffset="4426" SrcFileId="12" StartOffset="4410"/>
</LocList>
<BasicStmnt CovItemId="S69" CovItemPrefix="my.PSM.PSM_Logic.appController.java" Intrnl_Id="1961">
<LocList>
<Loc EndOffset="4426" SrcFileId="12" StartOffset="4410"/>
</LocList>
</BasicStmnt>
</StmntSeq>
</HierarchyLvl>
<HierarchyLvl HierarchyLvlId="322" HierarchyLvlTypeId="22" Intrnl_Id="1962" Name="fetchCourses">
<Header>
<Loc EndOffset="4466" SrcFileId="12" StartOffset="4437"/>
</Header>
<LocList>
<Loc EndOffset="4512" SrcFileId="12" StartOffset="4437"/>
</LocList>
<StmntSeq Intrnl_Id="1963">
<LocList>
<Loc EndOffset="4506" SrcFileId="12" StartOffset="4473"/>
</LocList>
<BasicStmnt CovItemId="S70" CovItemPrefix="my.PSM.PSM_Logic.appController.java" Intrnl_Id="1964">
<LocList>
<Loc EndOffset="4506" SrcFileId="12" StartOffset="4473"/>
</LocList>
</BasicStmnt>
</StmntSeq>
</HierarchyLvl>
<HierarchyLvl HierarchyLvlId="323" HierarchyLvlTypeId="22" Intrnl_Id="1965" Name="getIC">
<Header>
<Loc EndOffset="4551" SrcFileId="12" StartOffset="4517"/>
</Header>
<LocList>
<Loc EndOffset="4574" SrcFileId="12" StartOffset="4517"/>
</LocList>
<StmntSeq Intrnl_Id="1966">
<LocList>
<Loc EndOffset="4568" SrcFileId="12" StartOffset="4558"/>
</LocList>
<BasicStmnt CovItemId="S71" CovItemPrefix="my.PSM.PSM_Logic.appController.java" Intrnl_Id="1967">
<LocList>
<Loc EndOffset="4568" SrcFileId="12" StartOffset="4558"/>
</LocList>
</BasicStmnt>
</StmntSeq>
</HierarchyLvl>
<HierarchyLvl HierarchyLvlId="324" HierarchyLvlTypeId="22" Intrnl_Id="1968" Name="getSetRun">
<Header>
<Loc EndOffset="4606" SrcFileId="12" StartOffset="4579"/>
</Header>
<LocList>
<Loc EndOffset="4633" SrcFileId="12" StartOffset="4579"/>
</LocList>
<StmntSeq Intrnl_Id="1969">
<LocList>
<Loc EndOffset="4627" SrcFileId="12" StartOffset="4613"/>
</LocList>
<BasicStmnt CovItemId="S72" CovItemPrefix="my.PSM.PSM_Logic.appController.java" Intrnl_Id="1970">
<LocList>
<Loc EndOffset="4627" SrcFileId="12" StartOffset="4613"/>
</LocList>
</BasicStmnt>
</StmntSeq>
</HierarchyLvl>
<HierarchyLvl HierarchyLvlId="325" HierarchyLvlTypeId="22" Intrnl_Id="1971" Name="getClearDate">
<Header>
<Loc EndOffset="4664" SrcFileId="12" StartOffset="4638"/>
</Header>
<LocList>
<Loc EndOffset="4691" SrcFileId="12" StartOffset="4638"/>
</LocList>
<StmntSeq Intrnl_Id="1972">
<LocList>
<Loc EndOffset="4687" SrcFileId="12" StartOffset="4670"/>
</LocList>
<BasicStmnt CovItemId="S73" CovItemPrefix="my.PSM.PSM_Logic.appController.java" Intrnl_Id="1973">
<LocList>
<Loc EndOffset="4687" SrcFileId="12" StartOffset="4670"/>
</LocList>
</BasicStmnt>
</StmntSeq>
</HierarchyLvl>
<HierarchyLvl HierarchyLvlId="326" HierarchyLvlTypeId="22" Intrnl_Id="1974" Name="getClearMonth">
<Header>
<Loc EndOffset="4722" SrcFileId="12" StartOffset="4695"/>
</Header>
<LocList>
<Loc EndOffset="4750" SrcFileId="12" StartOffset="4695"/>
</LocList>
<StmntSeq Intrnl_Id="1975">
<LocList>
<Loc EndOffset="4746" SrcFileId="12" StartOffset="4728"/>
</LocList>
<BasicStmnt CovItemId="S74" CovItemPrefix="my.PSM.PSM_Logic.appController.java" Intrnl_Id="1976">
<LocList>
<Loc EndOffset="4746" SrcFileId="12" StartOffset="4728"/>
</LocList>
</BasicStmnt>
</StmntSeq>
</HierarchyLvl>
<HierarchyLvl HierarchyLvlId="327" HierarchyLvlTypeId="22" Intrnl_Id="1977" Name="getClearYear">
<Header>
<Loc EndOffset="4780" SrcFileId="12" StartOffset="4754"/>
</Header>
<LocList>
<Loc EndOffset="4807" SrcFileId="12" StartOffset="4754"/>
</LocList>
<StmntSeq Intrnl_Id="1978">
<LocList>
<Loc EndOffset="4803" SrcFileId="12" StartOffset="4786"/>
</LocList>
<BasicStmnt CovItemId="S75" CovItemPrefix="my.PSM.PSM_Logic.appController.java" Intrnl_Id="1979">
<LocList>
<Loc EndOffset="4803" SrcFileId="12" StartOffset="4786"/>
</LocList>
</BasicStmnt>
</StmntSeq>
</HierarchyLvl>
<HierarchyLvl HierarchyLvlId="328" HierarchyLvlTypeId="22" Intrnl_Id="1980" Name="getCounter">
<Header>
<Loc EndOffset="4834" SrcFileId="12" StartOffset="4811"/>
</Header>
<LocList>
<Loc EndOffset="4858" SrcFileId="12" StartOffset="4811"/>
</LocList>
<StmntSeq Intrnl_Id="1981">
<LocList>
<Loc EndOffset="4854" SrcFileId="12" StartOffset="4839"/>
</LocList>
<BasicStmnt CovItemId="S76" CovItemPrefix="my.PSM.PSM_Logic.appController.java" Intrnl_Id="1982">
<LocList>
<Loc EndOffset="4854" SrcFileId="12" StartOffset="4839"/>
</LocList>
</BasicStmnt>
</StmntSeq>
</HierarchyLvl>
<HierarchyLvl HierarchyLvlId="329" HierarchyLvlTypeId="22" Intrnl_Id="1983" Name="setupSched">
<Header>
<Loc EndOffset="4888" SrcFileId="12" StartOffset="4863"/>
</Header>
<LocList>
<Loc EndOffset="5822" SrcFileId="12" StartOffset="4863"/>
</LocList>
<StmntSeq Intrnl_Id="1984">
<LocList>
<Loc EndOffset="4921" SrcFileId="12" StartOffset="4895"/>
<Loc EndOffset="5092" SrcFileId="12" StartOffset="4963"/>
<Loc EndOffset="5122" SrcFileId="12" StartOffset="5101"/>
<Loc EndOffset="5164" SrcFileId="12" StartOffset="5131"/>
<Loc EndOffset="5316" SrcFileId="12" StartOffset="5182"/>
<Loc EndOffset="5815" SrcFileId="12" StartOffset="5325"/>
</LocList>
<BasicStmnt CovItemId="S77" CovItemPrefix="my.PSM.PSM_Logic.appController.java" Intrnl_Id="1985">
<LocList>
<Loc EndOffset="4921" SrcFileId="12" StartOffset="4895"/>
</LocList>
</BasicStmnt>
<LoopStmnt CovItemId="S78" CovItemPrefix="my.PSM.PSM_Logic.appController.java" Intrnl_Id="1986" MltplExecId="L3-2" MltplExecPrefix="my.PSM.PSM_Logic.appController.java" NvrExecId="L3-0" NvrExecPrefix="my.PSM.PSM_Logic.appController.java" OnceExecutedId="L3-1" OnceExecutedPrefix="my.PSM.PSM_Logic.appController.java" OptBodyExec="true">
<StmntSeq Intrnl_Id="1987">
<LocList>
<Loc EndOffset="5058" SrcFileId="12" StartOffset="5018"/>
<Loc EndOffset="5082" SrcFileId="12" StartOffset="5071"/>
</LocList>
<BasicStmnt CovItemId="S79" CovItemPrefix="my.PSM.PSM_Logic.appController.java" Intrnl_Id="1988">
<LocList>
<Loc EndOffset="5058" SrcFileId="12" StartOffset="5018"/>
</LocList>
</BasicStmnt>
<BasicStmnt CovItemId="S80" CovItemPrefix="my.PSM.PSM_Logic.appController.java" Intrnl_Id="1989">
<LocList>
<Loc EndOffset="5082" SrcFileId="12" StartOffset="5071"/>
</LocList>
</BasicStmnt>
</StmntSeq>
<Keyword EndOffset="4968" SrcFileId="12" StartOffset="4963"/>
<LocList>
<Loc EndOffset="5092" SrcFileId="12" StartOffset="4963"/>
</LocList>
<RootTerm CovItemId="C9" CovItemPrefix="my.PSM.PSM_Logic.appController.java" Intrnl_Id="1990">
<OpTerm BooleanOpId="19" Intrnl_Id="1991">
<BasicBoolTerm Intrnl_Id="1992">
<LocList>
<Loc EndOffset="4994" SrcFileId="12" StartOffset="4970"/>
</LocList>
</BasicBoolTerm>
<LocList>
<Loc EndOffset="4970" SrcFileId="12" StartOffset="4969"/>
</LocList>
</OpTerm>
</RootTerm>
</LoopStmnt>
<BasicStmnt CovItemId="S81" CovItemPrefix="my.PSM.PSM_Logic.appController.java" Intrnl_Id="1993">
<LocList>
<Loc EndOffset="5122" SrcFileId="12" StartOffset="5101"/>
</LocList>
</BasicStmnt>
<BasicStmnt CovItemId="S82" CovItemPrefix="my.PSM.PSM_Logic.appController.java" Intrnl_Id="1994">
<LocList>
<Loc EndOffset="5164" SrcFileId="12" StartOffset="5131"/>
</LocList>
</BasicStmnt>
<BasicStmnt CovItemId="S83" CovItemPrefix="my.PSM.PSM_Logic.appController.java" Intrnl_Id="1995">
<LocList>
<Loc EndOffset="5316" SrcFileId="12" StartOffset="5182"/>
</LocList>
</BasicStmnt>
<BasicStmnt CovItemId="S84" CovItemPrefix="my.PSM.PSM_Logic.appController.java" Intrnl_Id="1996">
<LocList>
<Loc EndOffset="5815" SrcFileId="12" StartOffset="5325"/>
</LocList>
</BasicStmnt>
</StmntSeq>
</HierarchyLvl>
<HierarchyLvl HierarchyLvlId="330" HierarchyLvlTypeId="22" Intrnl_Id="1997" Name="appEditSched">
<Header>
<Loc EndOffset="5854" SrcFileId="12" StartOffset="5827"/>
</Header>
<LocList>
<Loc EndOffset="7319" SrcFileId="12" StartOffset="5827"/>
</LocList>
<StmntSeq Intrnl_Id="1998">
<LocList>
<Loc EndOffset="5910" SrcFileId="12" StartOffset="5886"/>
<Loc EndOffset="6081" SrcFileId="12" StartOffset="5920"/>
<Loc EndOffset="6126" SrcFileId="12" StartOffset="6091"/>
<Loc EndOffset="6156" SrcFileId="12" StartOffset="6135"/>
<Loc EndOffset="6203" SrcFileId="12" StartOffset="6166"/>
<Loc EndOffset="6231" SrcFileId="12" StartOffset="6212"/>
<Loc EndOffset="6506" SrcFileId="12" StartOffset="6249"/>
<Loc EndOffset="6639" SrcFileId="12" StartOffset="6524"/>
<Loc EndOffset="6678" SrcFileId="12" StartOffset="6657"/>
<Loc EndOffset="6717" SrcFileId="12" StartOffset="6687"/>
<Loc EndOffset="7311" SrcFileId="12" StartOffset="6807"/>
</LocList>
<BasicStmnt CovItemId="S85" CovItemPrefix="my.PSM.PSM_Logic.appController.java" Intrnl_Id="1999">
<LocList>
<Loc EndOffset="5910" SrcFileId="12" StartOffset="5886"/>
</LocList>
</BasicStmnt>
<LoopStmnt CovItemId="S86" CovItemPrefix="my.PSM.PSM_Logic.appController.java" Intrnl_Id="2000" MltplExecId="L4-2" MltplExecPrefix="my.PSM.PSM_Logic.appController.java" NvrExecId="L4-0" NvrExecPrefix="my.PSM.PSM_Logic.appController.java" OnceExecutedId="L4-1" OnceExecutedPrefix="my.PSM.PSM_Logic.appController.java" OptBodyExec="true">
<StmntSeq Intrnl_Id="2001">
<LocList>
<Loc EndOffset="6005" SrcFileId="12" StartOffset="5963"/>
<Loc EndOffset="6029" SrcFileId="12" StartOffset="6018"/>
</LocList>
<BasicStmnt CovItemId="S87" CovItemPrefix="my.PSM.PSM_Logic.appController.java" Intrnl_Id="2002">
<LocList>
<Loc EndOffset="6005" SrcFileId="12" StartOffset="5963"/>
</LocList>
</BasicStmnt>
<BasicStmnt CovItemId="S88" CovItemPrefix="my.PSM.PSM_Logic.appController.java" Intrnl_Id="2003">
<LocList>
<Loc EndOffset="6029" SrcFileId="12" StartOffset="6018"/>
</LocList>
</BasicStmnt>
</StmntSeq>
<Keyword EndOffset="5925" SrcFileId="12" StartOffset="5920"/>
<LocList>
<Loc EndOffset="6081" SrcFileId="12" StartOffset="5920"/>
</LocList>
<RootTerm CovItemId="C10" CovItemPrefix="my.PSM.PSM_Logic.appController.java" Intrnl_Id="2004">
<OpTerm BooleanOpId="19" Intrnl_Id="2005">
<BasicBoolTerm Intrnl_Id="2006">
<LocList>
<Loc EndOffset="5939" SrcFileId="12" StartOffset="5927"/>
</LocList>
</BasicBoolTerm>
<LocList>
<Loc EndOffset="5927" SrcFileId="12" StartOffset="5926"/>
</LocList>
</OpTerm>
</RootTerm>
</LoopStmnt>
<BasicStmnt CovItemId="S89" CovItemPrefix="my.PSM.PSM_Logic.appController.java" Intrnl_Id="2007">
<LocList>
<Loc EndOffset="6126" SrcFileId="12" StartOffset="6091"/>
</LocList>
</BasicStmnt>
<BasicStmnt CovItemId="S90" CovItemPrefix="my.PSM.PSM_Logic.appController.java" Intrnl_Id="2008">
<LocList>
<Loc EndOffset="6156" SrcFileId="12" StartOffset="6135"/>
</LocList>
</BasicStmnt>
<BasicStmnt CovItemId="S91" CovItemPrefix="my.PSM.PSM_Logic.appController.java" Intrnl_Id="2009">
<LocList>
<Loc EndOffset="6203" SrcFileId="12" StartOffset="6166"/>
</LocList>
</BasicStmnt>
<BasicStmnt CovItemId="S92" CovItemPrefix="my.PSM.PSM_Logic.appController.java" Intrnl_Id="2010">
<LocList>
<Loc EndOffset="6231" SrcFileId="12" StartOffset="6212"/>
</LocList>
</BasicStmnt>
<BasicStmnt CovItemId="S93" CovItemPrefix="my.PSM.PSM_Logic.appController.java" Intrnl_Id="2011">
<LocList>
<Loc EndOffset="6506" SrcFileId="12" StartOffset="6249"/>
</LocList>
</BasicStmnt>
<LoopStmnt CovItemId="S94" CovItemPrefix="my.PSM.PSM_Logic.appController.java" Intrnl_Id="2012" MltplExecId="L5-2" MltplExecPrefix="my.PSM.PSM_Logic.appController.java" NvrExecId="L5-0" NvrExecPrefix="my.PSM.PSM_Logic.appController.java" OnceExecutedId="L5-1" OnceExecutedPrefix="my.PSM.PSM_Logic.appController.java" OptBodyExec="true">
<StmntSeq Intrnl_Id="2013">
<LocList>
<Loc EndOffset="6604" SrcFileId="12" StartOffset="6567"/>
<Loc EndOffset="6629" SrcFileId="12" StartOffset="6618"/>
</LocList>
<BasicStmnt CovItemId="S95" CovItemPrefix="my.PSM.PSM_Logic.appController.java" Intrnl_Id="2014">
<LocList>
<Loc EndOffset="6604" SrcFileId="12" StartOffset="6567"/>
</LocList>
</BasicStmnt>
<BasicStmnt CovItemId="S96" CovItemPrefix="my.PSM.PSM_Logic.appController.java" Intrnl_Id="2015">
<LocList>
<Loc EndOffset="6629" SrcFileId="12" StartOffset="6618"/>
</LocList>
</BasicStmnt>
</StmntSeq>
<Keyword EndOffset="6529" SrcFileId="12" StartOffset="6524"/>
<LocList>
<Loc EndOffset="6639" SrcFileId="12" StartOffset="6524"/>
</LocList>
<RootTerm CovItemId="C11" CovItemPrefix="my.PSM.PSM_Logic.appController.java" Intrnl_Id="2016">
<OpTerm BooleanOpId="19" Intrnl_Id="2017">
<BasicBoolTerm Intrnl_Id="2018">
<LocList>
<Loc EndOffset="6543" SrcFileId="12" StartOffset="6531"/>
</LocList>
</BasicBoolTerm>
<LocList>
<Loc EndOffset="6531" SrcFileId="12" StartOffset="6530"/>
</LocList>
</OpTerm>
</RootTerm>
</LoopStmnt>
<BasicStmnt CovItemId="S97" CovItemPrefix="my.PSM.PSM_Logic.appController.java" Intrnl_Id="2019">
<LocList>
<Loc EndOffset="6678" SrcFileId="12" StartOffset="6657"/>
</LocList>
</BasicStmnt>
<BasicStmnt CovItemId="S98" CovItemPrefix="my.PSM.PSM_Logic.appController.java" Intrnl_Id="2020">
<LocList>
<Loc EndOffset="6717" SrcFileId="12" StartOffset="6687"/>
</LocList>
</BasicStmnt>
<BasicStmnt CovItemId="S99" CovItemPrefix="my.PSM.PSM_Logic.appController.java" Intrnl_Id="2021">
<LocList>
<Loc EndOffset="7311" SrcFileId="12" StartOffset="6807"/>
</LocList>
</BasicStmnt>
</StmntSeq>
</HierarchyLvl>
<HierarchyLvl HierarchyLvlId="331" HierarchyLvlTypeId="22" Intrnl_Id="2022" Name="appLogin">
<Header>
<Loc EndOffset="7352" SrcFileId="12" StartOffset="7329"/>
</Header>
<LocList>
<Loc EndOffset="8774" SrcFileId="12" StartOffset="7329"/>
</LocList>
<StmntSeq Intrnl_Id="2023">
<LocList>
<Loc EndOffset="8768" SrcFileId="12" StartOffset="7359"/>
</LocList>
<LoopStmnt CovItemId="S100" CovItemPrefix="my.PSM.PSM_Logic.appController.java" Intrnl_Id="2024" MltplExecId="L6-2" MltplExecPrefix="my.PSM.PSM_Logic.appController.java" NvrExecId="L6-0" NvrExecPrefix="my.PSM.PSM_Logic.appController.java" OnceExecutedId="L6-1" OnceExecutedPrefix="my.PSM.PSM_Logic.appController.java" OptBodyExec="true">
<StmntSeq Intrnl_Id="2025">
<LocList>
<Loc EndOffset="7434" SrcFileId="12" StartOffset="7409"/>
<Loc EndOffset="7631" SrcFileId="12" StartOffset="7473"/>
<Loc EndOffset="7676" SrcFileId="12" StartOffset="7645"/>
<Loc EndOffset="7711" SrcFileId="12" StartOffset="7690"/>
<Loc EndOffset="7760" SrcFileId="12" StartOffset="7725"/>
<Loc EndOffset="7809" SrcFileId="12" StartOffset="7774"/>
<Loc EndOffset="7877" SrcFileId="12" StartOffset="7838"/>
<Loc EndOffset="8054" SrcFileId="12" StartOffset="7891"/>
<Loc EndOffset="8480" SrcFileId="12" StartOffset="8098"/>
<Loc EndOffset="8758" SrcFileId="12" StartOffset="8494"/>
</LocList>
<BasicStmnt CovItemId="S101" CovItemPrefix="my.PSM.PSM_Logic.appController.java" Intrnl_Id="2026">
<LocList>
<Loc EndOffset="7434" SrcFileId="12" StartOffset="7409"/>
</LocList>
</BasicStmnt>
<LoopStmnt CovItemId="S102" CovItemPrefix="my.PSM.PSM_Logic.appController.java" Intrnl_Id="2027" MltplExecId="L7-2" MltplExecPrefix="my.PSM.PSM_Logic.appController.java" NvrExecId="L7-0" NvrExecPrefix="my.PSM.PSM_Logic.appController.java" OnceExecutedId="L7-1" OnceExecutedPrefix="my.PSM.PSM_Logic.appController.java" OptBodyExec="false">
<StmntSeq Intrnl_Id="2028">
<LocList>
<Loc EndOffset="7548" SrcFileId="12" StartOffset="7508"/>
<Loc EndOffset="7577" SrcFileId="12" StartOffset="7566"/>
</LocList>
<BasicStmnt CovItemId="S103" CovItemPrefix="my.PSM.PSM_Logic.appController.java" Intrnl_Id="2029">
<LocList>
<Loc EndOffset="7548" SrcFileId="12" StartOffset="7508"/>
</LocList>
</BasicStmnt>
<BasicStmnt CovItemId="S104" CovItemPrefix="my.PSM.PSM_Logic.appController.java" Intrnl_Id="2030">
<LocList>
<Loc EndOffset="7577" SrcFileId="12" StartOffset="7566"/>
</LocList>
</BasicStmnt>
</StmntSeq>
<Keyword EndOffset="7475" SrcFileId="12" StartOffset="7473"/>
<LocList>
<Loc EndOffset="7631" SrcFileId="12" StartOffset="7473"/>
</LocList>
<RootTerm CovItemId="C13" CovItemPrefix="my.PSM.PSM_Logic.appController.java" Intrnl_Id="2031">
<OpTerm BooleanOpId="19" Intrnl_Id="2032">
<BasicBoolTerm Intrnl_Id="2033">
<LocList>
<Loc EndOffset="7629" SrcFileId="12" StartOffset="7617"/>
</LocList>
</BasicBoolTerm>
<LocList>
<Loc EndOffset="7617" SrcFileId="12" StartOffset="7616"/>
</LocList>
</OpTerm>
</RootTerm>
</LoopStmnt>
<BasicStmnt CovItemId="S105" CovItemPrefix="my.PSM.PSM_Logic.appController.java" Intrnl_Id="2034">
<LocList>
<Loc EndOffset="7676" SrcFileId="12" StartOffset="7645"/>
</LocList>
</BasicStmnt>
<BasicStmnt CovItemId="S106" CovItemPrefix="my.PSM.PSM_Logic.appController.java" Intrnl_Id="2035">
<LocList>
<Loc EndOffset="7711" SrcFileId="12" StartOffset="7690"/>
</LocList>
</BasicStmnt>
<BasicStmnt CovItemId="S107" CovItemPrefix="my.PSM.PSM_Logic.appController.java" Intrnl_Id="2036">
<LocList>
<Loc EndOffset="7760" SrcFileId="12" StartOffset="7725"/>
</LocList>
</BasicStmnt>
<BasicStmnt CovItemId="S108" CovItemPrefix="my.PSM.PSM_Logic.appController.java" Intrnl_Id="2037">
<LocList>
<Loc EndOffset="7809" SrcFileId="12" StartOffset="7774"/>
</LocList>
</BasicStmnt>
<BasicStmnt CovItemId="S109" CovItemPrefix="my.PSM.PSM_Logic.appController.java" Intrnl_Id="2038">
<LocList>
<Loc EndOffset="7877" SrcFileId="12" StartOffset="7838"/>
</LocList>
</BasicStmnt>
<CondStmnt CovItemId="S110" CovItemPrefix="my.PSM.PSM_Logic.appController.java" Intrnl_Id="2039">
<Branch CovItemId="B13" CovItemPrefix="my.PSM.PSM_Logic.appController.java" Implct="false" Intrnl_Id="2040">
<Cond/>
<LocList>
<Loc EndOffset="8054" SrcFileId="12" StartOffset="7916"/>
</LocList>
<StmntSeq Intrnl_Id="2041">
<LocList>
<Loc EndOffset="7951" SrcFileId="12" StartOffset="7935"/>
<Loc EndOffset="7983" SrcFileId="12" StartOffset="7969"/>
<Loc EndOffset="8039" SrcFileId="12" StartOffset="8001"/>
</LocList>
<BasicStmnt CovItemId="S111" CovItemPrefix="my.PSM.PSM_Logic.appController.java" Intrnl_Id="2042">
<LocList>
<Loc EndOffset="7951" SrcFileId="12" StartOffset="7935"/>
</LocList>
</BasicStmnt>
<BasicStmnt CovItemId="S112" CovItemPrefix="my.PSM.PSM_Logic.appController.java" Intrnl_Id="2043">
<LocList>
<Loc EndOffset="7983" SrcFileId="12" StartOffset="7969"/>
</LocList>
</BasicStmnt>
<BasicStmnt CovItemId="S113" CovItemPrefix="my.PSM.PSM_Logic.appController.java" Intrnl_Id="2044">
<LocList>
<Loc EndOffset="8039" SrcFileId="12" StartOffset="8001"/>
</LocList>
</BasicStmnt>
</StmntSeq>
</Branch>
<Branch CovItemId="B14" CovItemPrefix="my.PSM.PSM_Logic.appController.java" Implct="true" Intrnl_Id="2045">
<Cond/>
<LocList/>
<StmntSeq Intrnl_Id="2046">
<LocList/>
</StmntSeq>
</Branch>
<Keyword EndOffset="7893" SrcFileId="12" StartOffset="7891"/>
<LocList>
<Loc EndOffset="8054" SrcFileId="12" StartOffset="7891"/>
</LocList>
<RootTerm CovItemId="C14" CovItemPrefix="my.PSM.PSM_Logic.appController.java" Intrnl_Id="2047">
<BasicBoolTerm Intrnl_Id="2048">
<LocList>
<Loc EndOffset="7915" SrcFileId="12" StartOffset="7894"/>
</LocList>
</BasicBoolTerm>
</RootTerm>
</CondStmnt>
<CondStmnt CovItemId="S114" CovItemPrefix="my.PSM.PSM_Logic.appController.java" Intrnl_Id="2049">
<Branch CovItemId="B15" CovItemPrefix="my.PSM.PSM_Logic.appController.java" Implct="false" Intrnl_Id="2050">
<Cond/>
<LocList>
<Loc EndOffset="8480" SrcFileId="12" StartOffset="8111"/>
</LocList>
<StmntSeq Intrnl_Id="2051">
<LocList>
<Loc EndOffset="8159" SrcFileId="12" StartOffset="8130"/>
<Loc EndOffset="8187" SrcFileId="12" StartOffset="8177"/>
<Loc EndOffset="8366" SrcFileId="12" StartOffset="8205"/>
<Loc EndOffset="8405" SrcFileId="12" StartOffset="8384"/>
<Loc EndOffset="8447" SrcFileId="12" StartOffset="8423"/>
</LocList>
<BasicStmnt CovItemId="S115" CovItemPrefix="my.PSM.PSM_Logic.appController.java" Intrnl_Id="2052">
<LocList>
<Loc EndOffset="8159" SrcFileId="12" StartOffset="8130"/>
</LocList>
</BasicStmnt>
<BasicStmnt CovItemId="S116" CovItemPrefix="my.PSM.PSM_Logic.appController.java" Intrnl_Id="2053">
<LocList>
<Loc EndOffset="8187" SrcFileId="12" StartOffset="8177"/>
</LocList>
</BasicStmnt>
<LoopStmnt CovItemId="S117" CovItemPrefix="my.PSM.PSM_Logic.appController.java" Intrnl_Id="2054" MltplExecId="L8-2" MltplExecPrefix="my.PSM.PSM_Logic.appController.java" NvrExecId="L8-0" NvrExecPrefix="my.PSM.PSM_Logic.appController.java" OnceExecutedId="L8-1" OnceExecutedPrefix="my.PSM.PSM_Logic.appController.java" OptBodyExec="true">
<StmntSeq Intrnl_Id="2055">
<LocList>
<Loc EndOffset="8300" SrcFileId="12" StartOffset="8266"/>
<Loc EndOffset="8347" SrcFileId="12" StartOffset="8322"/>
</LocList>
<BasicStmnt CovItemId="S118" CovItemPrefix="my.PSM.PSM_Logic.appController.java" Intrnl_Id="2056">
<LocList>
<Loc EndOffset="8300" SrcFileId="12" StartOffset="8266"/>
</LocList>
</BasicStmnt>
<BasicStmnt CovItemId="S119" CovItemPrefix="my.PSM.PSM_Logic.appController.java" Intrnl_Id="2057">
<LocList>
<Loc EndOffset="8347" SrcFileId="12" StartOffset="8322"/>
</LocList>
</BasicStmnt>
</StmntSeq>
<Keyword EndOffset="8210" SrcFileId="12" StartOffset="8205"/>
<LocList>
<Loc EndOffset="8366" SrcFileId="12" StartOffset="8205"/>
</LocList>
<RootTerm CovItemId="C16" CovItemPrefix="my.PSM.PSM_Logic.appController.java" Intrnl_Id="2058">
<OpTerm BooleanOpId="19" Intrnl_Id="2059">
<BasicBoolTerm Intrnl_Id="2060">
<LocList>
<Loc EndOffset="8224" SrcFileId="12" StartOffset="8212"/>
</LocList>
</BasicBoolTerm>
<LocList>
<Loc EndOffset="8212" SrcFileId="12" StartOffset="8211"/>
</LocList>
</OpTerm>
</RootTerm>
</LoopStmnt>
<BasicStmnt CovItemId="S120" CovItemPrefix="my.PSM.PSM_Logic.appController.java" Intrnl_Id="2061">
<LocList>
<Loc EndOffset="8405" SrcFileId="12" StartOffset="8384"/>
</LocList>
</BasicStmnt>
<BasicStmnt CovItemId="S121" CovItemPrefix="my.PSM.PSM_Logic.appController.java" Intrnl_Id="2062">
<LocList>
<Loc EndOffset="8447" SrcFileId="12" StartOffset="8423"/>
</LocList>
</BasicStmnt>
</StmntSeq>
</Branch>
<Branch CovItemId="B16" CovItemPrefix="my.PSM.PSM_Logic.appController.java" Implct="true" Intrnl_Id="2063">
<Cond/>
<LocList/>
<StmntSeq Intrnl_Id="2064">
<LocList/>
</StmntSeq>
</Branch>
<Keyword EndOffset="8100" SrcFileId="12" StartOffset="8098"/>
<LocList>
<Loc EndOffset="8480" SrcFileId="12" StartOffset="8098"/>
</LocList>
<RootTerm CovItemId="C15" CovItemPrefix="my.PSM.PSM_Logic.appController.java" Intrnl_Id="2065">
<OpTerm BooleanOpId="19" Intrnl_Id="2066">
<BasicBoolTerm Intrnl_Id="2067">
<LocList>
<Loc EndOffset="8110" SrcFileId="12" StartOffset="8102"/>
</LocList>
</BasicBoolTerm>
<LocList>
<Loc EndOffset="8102" SrcFileId="12" StartOffset="8101"/>
</LocList>
</OpTerm>
</RootTerm>
</CondStmnt>
<CondStmnt CovItemId="S122" CovItemPrefix="my.PSM.PSM_Logic.appController.java" Intrnl_Id="2068">
<Branch CovItemId="B17" CovItemPrefix="my.PSM.PSM_Logic.appController.java" Implct="false" Intrnl_Id="2069">
<Cond/>
<LocList>
<Loc EndOffset="8758" SrcFileId="12" StartOffset="8510"/>
</LocList>
<StmntSeq Intrnl_Id="2070">
<LocList>
<Loc EndOffset="8564" SrcFileId="12" StartOffset="8546"/>
<Loc EndOffset="8718" SrcFileId="12" StartOffset="8582"/>
<Loc EndOffset="8743" SrcFileId="12" StartOffset="8736"/>
</LocList>
<BasicStmnt CovItemId="S123" CovItemPrefix="my.PSM.PSM_Logic.appController.java" Intrnl_Id="2071">
<LocList>
<Loc EndOffset="8564" SrcFileId="12" StartOffset="8546"/>
</LocList>
</BasicStmnt>
<LoopStmnt CovItemId="S124" CovItemPrefix="my.PSM.PSM_Logic.appController.java" Intrnl_Id="2072" MltplExecId="L9-2" MltplExecPrefix="my.PSM.PSM_Logic.appController.java" NvrExecId="L9-0" NvrExecPrefix="my.PSM.PSM_Logic.appController.java" OnceExecutedId="L9-1" OnceExecutedPrefix="my.PSM.PSM_Logic.appController.java" OptBodyExec="true">
<StmntSeq Intrnl_Id="2073">
<LocList>
<Loc EndOffset="8677" SrcFileId="12" StartOffset="8643"/>
</LocList>
<BasicStmnt CovItemId="S125" CovItemPrefix="my.PSM.PSM_Logic.appController.java" Intrnl_Id="2074">
<LocList>
<Loc EndOffset="8677" SrcFileId="12" StartOffset="8643"/>
</LocList>
</BasicStmnt>
</StmntSeq>
<Keyword EndOffset="8587" SrcFileId="12" StartOffset="8582"/>
<LocList>
<Loc EndOffset="8718" SrcFileId="12" StartOffset="8582"/>
</LocList>
<RootTerm CovItemId="C18" CovItemPrefix="my.PSM.PSM_Logic.appController.java" Intrnl_Id="2075">
<OpTerm BooleanOpId="19" Intrnl_Id="2076">
<BasicBoolTerm Intrnl_Id="2077">
<LocList>
<Loc EndOffset="8601" SrcFileId="12" StartOffset="8589"/>
</LocList>
</BasicBoolTerm>
<LocList>
<Loc EndOffset="8589" SrcFileId="12" StartOffset="8588"/>
</LocList>
</OpTerm>
</RootTerm>
</LoopStmnt>
<BasicStmnt CovItemId="S126" CovItemPrefix="my.PSM.PSM_Logic.appController.java" Intrnl_Id="2078">
<LocList>
<Loc EndOffset="8743" SrcFileId="12" StartOffset="8736"/>
</LocList>
</BasicStmnt>
</StmntSeq>
</Branch>
<Branch CovItemId="B18" CovItemPrefix="my.PSM.PSM_Logic.appController.java" Implct="true" Intrnl_Id="2079">
<Cond/>
<LocList/>
<StmntSeq Intrnl_Id="2080">
<LocList/>
</StmntSeq>
</Branch>
<Keyword EndOffset="8496" SrcFileId="12" StartOffset="8494"/>
<LocList>
<Loc EndOffset="8758" SrcFileId="12" StartOffset="8494"/>
</LocList>
<RootTerm CovItemId="C17" CovItemPrefix="my.PSM.PSM_Logic.appController.java" Intrnl_Id="2081">
<BasicBoolTerm Intrnl_Id="2082">
<LocList>
<Loc EndOffset="8509" SrcFileId="12" StartOffset="8497"/>
</LocList>
</BasicBoolTerm>
</RootTerm>
</CondStmnt>
</StmntSeq>
<Keyword EndOffset="7364" SrcFileId="12" StartOffset="7359"/>
<LocList>
<Loc EndOffset="8768" SrcFileId="12" StartOffset="7359"/>
</LocList>
<RootTerm CovItemId="C12" CovItemPrefix="my.PSM.PSM_Logic.appController.java" Intrnl_Id="2083">
<OpTerm BooleanOpId="19" Intrnl_Id="2084">
<BasicBoolTerm Intrnl_Id="2085">
<LocList>
<Loc EndOffset="7374" SrcFileId="12" StartOffset="7366"/>
</LocList>
</BasicBoolTerm>
<LocList>
<Loc EndOffset="7366" SrcFileId="12" StartOffset="7365"/>
</LocList>
</OpTerm>
</RootTerm>
</LoopStmnt>
</StmntSeq>
</HierarchyLvl>
<HierarchyLvl HierarchyLvlId="332" HierarchyLvlTypeId="22" Intrnl_Id="2086" Name="checkClear">
<Header>
<Loc EndOffset="8807" SrcFileId="12" StartOffset="8779"/>
</Header>
<LocList>
<Loc EndOffset="9476" SrcFileId="12" StartOffset="8779"/>
</LocList>
<StmntSeq Intrnl_Id="2087">
<LocList>
<Loc EndOffset="8876" SrcFileId="12" StartOffset="8822"/>
<Loc EndOffset="8927" SrcFileId="12" StartOffset="8885"/>
<Loc EndOffset="8974" SrcFileId="12" StartOffset="8936"/>
<Loc EndOffset="9432" SrcFileId="12" StartOffset="8992"/>
<Loc EndOffset="9453" SrcFileId="12" StartOffset="9441"/>
</LocList>
<BasicStmnt CovItemId="S127" CovItemPrefix="my.PSM.PSM_Logic.appController.java" Intrnl_Id="2088">
<LocList>
<Loc EndOffset="8876" SrcFileId="12" StartOffset="8822"/>
</LocList>
</BasicStmnt>
<BasicStmnt CovItemId="S128" CovItemPrefix="my.PSM.PSM_Logic.appController.java" Intrnl_Id="2089">
<LocList>
<Loc EndOffset="8927" SrcFileId="12" StartOffset="8885"/>
</LocList>
</BasicStmnt>
<BasicStmnt CovItemId="S129" CovItemPrefix="my.PSM.PSM_Logic.appController.java" Intrnl_Id="2090">
<LocList>
<Loc EndOffset="8974" SrcFileId="12" StartOffset="8936"/>
</LocList>
</BasicStmnt>
<LoopStmnt CovItemId="S130" CovItemPrefix="my.PSM.PSM_Logic.appController.java" Intrnl_Id="2091" MltplExecId="L10-2" MltplExecPrefix="my.PSM.PSM_Logic.appController.java" NvrExecId="L10-0" NvrExecPrefix="my.PSM.PSM_Logic.appController.java" OnceExecutedId="L10-1" OnceExecutedPrefix="my.PSM.PSM_Logic.appController.java" OptBodyExec="true">
<StmntSeq Intrnl_Id="2092">
<LocList>
<Loc EndOffset="9083" SrcFileId="12" StartOffset="9055"/>
<Loc EndOffset="9333" SrcFileId="12" StartOffset="9279"/>
<Loc EndOffset="9405" SrcFileId="12" StartOffset="9346"/>
</LocList>
<BasicStmnt CovItemId="S131" CovItemPrefix="my.PSM.PSM_Logic.appController.java" Intrnl_Id="2093">
<LocList>
<Loc EndOffset="9083" SrcFileId="12" StartOffset="9055"/>
</LocList>
</BasicStmnt>
<BasicStmnt CovItemId="S132" CovItemPrefix="my.PSM.PSM_Logic.appController.java" Intrnl_Id="2094">
<LocList>
<Loc EndOffset="9333" SrcFileId="12" StartOffset="9279"/>
</LocList>
</BasicStmnt>
<CondStmnt CovItemId="S133" CovItemPrefix="my.PSM.PSM_Logic.appController.java" Intrnl_Id="2095">
<Branch CovItemId="B19" CovItemPrefix="my.PSM.PSM_Logic.appController.java" Implct="false" Intrnl_Id="2096">
<Cond/>
<LocList>
<Loc EndOffset="9405" SrcFileId="12" StartOffset="9392"/>
</LocList>
<StmntSeq Intrnl_Id="2097">
<LocList>
<Loc EndOffset="9405" SrcFileId="12" StartOffset="9392"/>
</LocList>
<BasicStmnt CovItemId="S134" CovItemPrefix="my.PSM.PSM_Logic.appController.java" Intrnl_Id="2098">
<LocList>
<Loc EndOffset="9405" SrcFileId="12" StartOffset="9392"/>
</LocList>
</BasicStmnt>
</StmntSeq>
</Branch>
<Branch CovItemId="B20" CovItemPrefix="my.PSM.PSM_Logic.appController.java" Implct="true" Intrnl_Id="2099">
<Cond/>
<LocList/>
<StmntSeq Intrnl_Id="2100">
<LocList/>
</StmntSeq>
</Branch>
<Keyword EndOffset="9348" SrcFileId="12" StartOffset="9346"/>
<LocList>
<Loc EndOffset="9405" SrcFileId="12" StartOffset="9346"/>
</LocList>
<RootTerm CovItemId="C20" CovItemPrefix="my.PSM.PSM_Logic.appController.java" Intrnl_Id="2101">
<BasicBoolTerm Intrnl_Id="2102">
<LocList>
<Loc EndOffset="9375" SrcFileId="12" StartOffset="9349"/>
</LocList>
</BasicBoolTerm>
</RootTerm>
</CondStmnt>
</StmntSeq>
<Keyword EndOffset="8995" SrcFileId="12" StartOffset="8992"/>
<LocList>
<Loc EndOffset="9432" SrcFileId="12" StartOffset="8992"/>
</LocList>
<RootTerm CovItemId="C19" CovItemPrefix="my.PSM.PSM_Logic.appController.java" Intrnl_Id="2103">
<BasicBoolTerm Intrnl_Id="2104">
<LocList>
<Loc EndOffset="9026" SrcFileId="12" StartOffset="9007"/>
</LocList>
</BasicBoolTerm>
</RootTerm>
</LoopStmnt>
<BasicStmnt CovItemId="S135" CovItemPrefix="my.PSM.PSM_Logic.appController.java" Intrnl_Id="2105">
<LocList>
<Loc EndOffset="9453" SrcFileId="12" StartOffset="9441"/>
</LocList>
</BasicStmnt>
</StmntSeq>
</HierarchyLvl>
<HierarchyLvl HierarchyLvlId="333" HierarchyLvlTypeId="22" Intrnl_Id="2106" Name="checkTimes">
<Header>
<Loc EndOffset="9519" SrcFileId="12" StartOffset="9494"/>
</Header>
<LocList>
<Loc EndOffset="11577" SrcFileId="12" StartOffset="9494"/>
</LocList>
<StmntSeq Intrnl_Id="2107">
<LocList>
<Loc EndOffset="9590" SrcFileId="12" StartOffset="9534"/>
<Loc EndOffset="9649" SrcFileId="12" StartOffset="9608"/>
<Loc EndOffset="9707" SrcFileId="12" StartOffset="9658"/>
<Loc EndOffset="9766" SrcFileId="12" StartOffset="9716"/>
<Loc EndOffset="11560" SrcFileId="12" StartOffset="9910"/>
</LocList>
<BasicStmnt CovItemId="S136" CovItemPrefix="my.PSM.PSM_Logic.appController.java" Intrnl_Id="2108">
<LocList>
<Loc EndOffset="9590" SrcFileId="12" StartOffset="9534"/>
</LocList>
</BasicStmnt>
<BasicStmnt CovItemId="S137" CovItemPrefix="my.PSM.PSM_Logic.appController.java" Intrnl_Id="2109">
<LocList>
<Loc EndOffset="9649" SrcFileId="12" StartOffset="9608"/>
</LocList>
</BasicStmnt>
<BasicStmnt CovItemId="S138" CovItemPrefix="my.PSM.PSM_Logic.appController.java" Intrnl_Id="2110">
<LocList>
<Loc EndOffset="9707" SrcFileId="12" StartOffset="9658"/>
</LocList>
</BasicStmnt>
<BasicStmnt CovItemId="S139" CovItemPrefix="my.PSM.PSM_Logic.appController.java" Intrnl_Id="2111">
<LocList>
<Loc EndOffset="9766" SrcFileId="12" StartOffset="9716"/>
</LocList>
</BasicStmnt>
<LoopStmnt CovItemId="S140" CovItemPrefix="my.PSM.PSM_Logic.appController.java" Intrnl_Id="2112" MltplExecId="L11-2" MltplExecPrefix="my.PSM.PSM_Logic.appController.java" NvrExecId="L11-0" NvrExecPrefix="my.PSM.PSM_Logic.appController.java" OnceExecutedId="L11-1" OnceExecutedPrefix="my.PSM.PSM_Logic.appController.java" OptBodyExec="true">
<StmntSeq Intrnl_Id="2113">
<LocList>
<Loc EndOffset="9997" SrcFileId="12" StartOffset="9975"/>
<Loc EndOffset="10048" SrcFileId="12" StartOffset="10010"/>
<Loc EndOffset="10096" SrcFileId="12" StartOffset="10061"/>
<Loc EndOffset="11148" SrcFileId="12" StartOffset="10122"/>
<Loc EndOffset="11550" SrcFileId="12" StartOffset="11187"/>
</LocList>
<BasicStmnt CovItemId="S141" CovItemPrefix="my.PSM.PSM_Logic.appController.java" Intrnl_Id="2114">
<LocList>
<Loc EndOffset="9997" SrcFileId="12" StartOffset="9975"/>
</LocList>
</BasicStmnt>
<BasicStmnt CovItemId="S142" CovItemPrefix="my.PSM.PSM_Logic.appController.java" Intrnl_Id="2115">
<LocList>
<Loc EndOffset="10048" SrcFileId="12" StartOffset="10010"/>
</LocList>
</BasicStmnt>
<BasicStmnt CovItemId="S143" CovItemPrefix="my.PSM.PSM_Logic.appController.java" Intrnl_Id="2116">
<LocList>
<Loc EndOffset="10096" SrcFileId="12" StartOffset="10061"/>
</LocList>
</BasicStmnt>
<CondStmnt CovItemId="S144" CovItemPrefix="my.PSM.PSM_Logic.appController.java" Intrnl_Id="2117">
<Branch CovItemId="B21" CovItemPrefix="my.PSM.PSM_Logic.appController.java" Implct="false" Intrnl_Id="2118">
<Cond/>
<LocList>
<Loc EndOffset="10273" SrcFileId="12" StartOffset="10186"/>
</LocList>
<StmntSeq Intrnl_Id="2119">
<LocList>
<Loc EndOffset="10227" SrcFileId="12" StartOffset="10204"/>
<Loc EndOffset="10259" SrcFileId="12" StartOffset="10244"/>
</LocList>
<BasicStmnt CovItemId="S145" CovItemPrefix="my.PSM.PSM_Logic.appController.java" Intrnl_Id="2120">
<LocList>
<Loc EndOffset="10227" SrcFileId="12" StartOffset="10204"/>
</LocList>
</BasicStmnt>
<BasicStmnt CovItemId="S146" CovItemPrefix="my.PSM.PSM_Logic.appController.java" Intrnl_Id="2121">
<LocList>
<Loc EndOffset="10259" SrcFileId="12" StartOffset="10244"/>
</LocList>
</BasicStmnt>
</StmntSeq>
</Branch>
<Branch CovItemId="B22" CovItemPrefix="my.PSM.PSM_Logic.appController.java" Implct="false" Intrnl_Id="2122">
<Cond>
<Loc EndOffset="10290" SrcFileId="12" StartOffset="10286"/>
</Cond>
<LocList>
<Loc EndOffset="11148" SrcFileId="12" StartOffset="10291"/>
</LocList>
<StmntSeq Intrnl_Id="2123">
<LocList>
<Loc EndOffset="11148" SrcFileId="12" StartOffset="10291"/>
</LocList>
<CondStmnt CovItemId="S147" CovItemPrefix="my.PSM.PSM_Logic.appController.java" Intrnl_Id="2124">
<Branch CovItemId="B23" CovItemPrefix="my.PSM.PSM_Logic.appController.java" Implct="false" Intrnl_Id="2125">
<Cond/>
<LocList>
<Loc EndOffset="10442" SrcFileId="12" StartOffset="10355"/>
</LocList>
<StmntSeq Intrnl_Id="2126">
<LocList>
<Loc EndOffset="10396" SrcFileId="12" StartOffset="10373"/>
<Loc EndOffset="10428" SrcFileId="12" StartOffset="10413"/>
</LocList>
<BasicStmnt CovItemId="S148" CovItemPrefix="my.PSM.PSM_Logic.appController.java" Intrnl_Id="2127">
<LocList>
<Loc EndOffset="10396" SrcFileId="12" StartOffset="10373"/>
</LocList>
</BasicStmnt>
<BasicStmnt CovItemId="S149" CovItemPrefix="my.PSM.PSM_Logic.appController.java" Intrnl_Id="2128">
<LocList>
<Loc EndOffset="10428" SrcFileId="12" StartOffset="10413"/>
</LocList>
</BasicStmnt>
</StmntSeq>
</Branch>
<Branch CovItemId="B24" CovItemPrefix="my.PSM.PSM_Logic.appController.java" Implct="false" Intrnl_Id="2129">
<Cond>
<Loc EndOffset="10459" SrcFileId="12" StartOffset="10455"/>
</Cond>
<LocList>
<Loc EndOffset="11148" SrcFileId="12" StartOffset="10460"/>
</LocList>
<StmntSeq Intrnl_Id="2130">
<LocList>
<Loc EndOffset="11148" SrcFileId="12" StartOffset="10460"/>
</LocList>
<CondStmnt CovItemId="S150" CovItemPrefix="my.PSM.PSM_Logic.appController.java" Intrnl_Id="2131">
<Branch CovItemId="B25" CovItemPrefix="my.PSM.PSM_Logic.appController.java" Implct="false" Intrnl_Id="2132">
<Cond/>
<LocList>
<Loc EndOffset="10611" SrcFileId="12" StartOffset="10524"/>
</LocList>
<StmntSeq Intrnl_Id="2133">
<LocList>
<Loc EndOffset="10565" SrcFileId="12" StartOffset="10542"/>
<Loc EndOffset="10597" SrcFileId="12" StartOffset="10582"/>
</LocList>
<BasicStmnt CovItemId="S151" CovItemPrefix="my.PSM.PSM_Logic.appController.java" Intrnl_Id="2134">
<LocList>
<Loc EndOffset="10565" SrcFileId="12" StartOffset="10542"/>
</LocList>
</BasicStmnt>
<BasicStmnt CovItemId="S152" CovItemPrefix="my.PSM.PSM_Logic.appController.java" Intrnl_Id="2135">
<LocList>
<Loc EndOffset="10597" SrcFileId="12" StartOffset="10582"/>
</LocList>
</BasicStmnt>
</StmntSeq>
</Branch>
<Branch CovItemId="B26" CovItemPrefix="my.PSM.PSM_Logic.appController.java" Implct="false" Intrnl_Id="2136">
<Cond>
<Loc EndOffset="10628" SrcFileId="12" StartOffset="10624"/>
</Cond>
<LocList>
<Loc EndOffset="11148" SrcFileId="12" StartOffset="10629"/>
</LocList>
<StmntSeq Intrnl_Id="2137">
<LocList>
<Loc EndOffset="11148" SrcFileId="12" StartOffset="10629"/>
</LocList>
<CondStmnt CovItemId="S153" CovItemPrefix="my.PSM.PSM_Logic.appController.java" Intrnl_Id="2138">
<Branch CovItemId="B27" CovItemPrefix="my.PSM.PSM_Logic.appController.java" Implct="false" Intrnl_Id="2139">
<Cond/>
<LocList>
<Loc EndOffset="10780" SrcFileId="12" StartOffset="10693"/>
</LocList>
<StmntSeq Intrnl_Id="2140">
<LocList>
<Loc EndOffset="10734" SrcFileId="12" StartOffset="10711"/>
<Loc EndOffset="10766" SrcFileId="12" StartOffset="10751"/>
</LocList>
<BasicStmnt CovItemId="S154" CovItemPrefix="my.PSM.PSM_Logic.appController.java" Intrnl_Id="2141">
<LocList>
<Loc EndOffset="10734" SrcFileId="12" StartOffset="10711"/>
</LocList>
</BasicStmnt>
<BasicStmnt CovItemId="S155" CovItemPrefix="my.PSM.PSM_Logic.appController.java" Intrnl_Id="2142">
<LocList>
<Loc EndOffset="10766" SrcFileId="12" StartOffset="10751"/>
</LocList>
</BasicStmnt>
</StmntSeq>
</Branch>
<Branch CovItemId="B28" CovItemPrefix="my.PSM.PSM_Logic.appController.java" Implct="false" Intrnl_Id="2143">
<Cond>
<Loc EndOffset="10797" SrcFileId="12" StartOffset="10793"/>
</Cond>
<LocList>
<Loc EndOffset="11148" SrcFileId="12" StartOffset="10798"/>
</LocList>
<StmntSeq Intrnl_Id="2144">
<LocList>
<Loc EndOffset="11148" SrcFileId="12" StartOffset="10798"/>
</LocList>
<CondStmnt CovItemId="S156" CovItemPrefix="my.PSM.PSM_Logic.appController.java" Intrnl_Id="2145">
<Branch CovItemId="B29" CovItemPrefix="my.PSM.PSM_Logic.appController.java" Implct="false" Intrnl_Id="2146">
<Cond/>
<LocList>
<Loc EndOffset="10949" SrcFileId="12" StartOffset="10862"/>
</LocList>
<StmntSeq Intrnl_Id="2147">
<LocList>
<Loc EndOffset="10903" SrcFileId="12" StartOffset="10880"/>
<Loc EndOffset="10935" SrcFileId="12" StartOffset="10920"/>
</LocList>
<BasicStmnt CovItemId="S157" CovItemPrefix="my.PSM.PSM_Logic.appController.java" Intrnl_Id="2148">
<LocList>
<Loc EndOffset="10903" SrcFileId="12" StartOffset="10880"/>
</LocList>
</BasicStmnt>
<BasicStmnt CovItemId="S158" CovItemPrefix="my.PSM.PSM_Logic.appController.java" Intrnl_Id="2149">
<LocList>
<Loc EndOffset="10935" SrcFileId="12" StartOffset="10920"/>
</LocList>
</BasicStmnt>
</StmntSeq>
</Branch>
<Branch CovItemId="B30" CovItemPrefix="my.PSM.PSM_Logic.appController.java" Implct="false" Intrnl_Id="2150">
<Cond>
<Loc EndOffset="10979" SrcFileId="12" StartOffset="10975"/>
</Cond>
<LocList>
<Loc EndOffset="11148" SrcFileId="12" StartOffset="10980"/>
</LocList>
<StmntSeq Intrnl_Id="2151">
<LocList>
<Loc EndOffset="11148" SrcFileId="12" StartOffset="10980"/>
</LocList>
<CondStmnt CovItemId="S159" CovItemPrefix="my.PSM.PSM_Logic.appController.java" Intrnl_Id="2152">
<Branch CovItemId="B31" CovItemPrefix="my.PSM.PSM_Logic.appController.java" Implct="false" Intrnl_Id="2153">
<Cond/>
<LocList>
<Loc EndOffset="11148" SrcFileId="12" StartOffset="11044"/>
</LocList>
<StmntSeq Intrnl_Id="2154">
<LocList>
<Loc EndOffset="11102" SrcFileId="12" StartOffset="11079"/>
<Loc EndOffset="11134" SrcFileId="12" StartOffset="11119"/>
</LocList>
<BasicStmnt CovItemId="S160" CovItemPrefix="my.PSM.PSM_Logic.appController.java" Intrnl_Id="2155">
<LocList>
<Loc EndOffset="11102" SrcFileId="12" StartOffset="11079"/>
</LocList>
</BasicStmnt>
<BasicStmnt CovItemId="S161" CovItemPrefix="my.PSM.PSM_Logic.appController.java" Intrnl_Id="2156">
<LocList>
<Loc EndOffset="11134" SrcFileId="12" StartOffset="11119"/>
</LocList>
</BasicStmnt>
</StmntSeq>
</Branch>
<Branch CovItemId="B32" CovItemPrefix="my.PSM.PSM_Logic.appController.java" Implct="true" Intrnl_Id="2157">
<Cond/>
<LocList/>
<StmntSeq Intrnl_Id="2158">
<LocList/>
</StmntSeq>
</Branch>
<Keyword EndOffset="10982" SrcFileId="12" StartOffset="10980"/>
<LocList>
<Loc EndOffset="11148" SrcFileId="12" StartOffset="10980"/>
</LocList>
<RootTerm CovItemId="C27" CovItemPrefix="my.PSM.PSM_Logic.appController.java" Intrnl_Id="2159">
<OpTerm BooleanOpId="18" Intrnl_Id="2160">
<BasicBoolTerm Intrnl_Id="2161">
<LocList>
<Loc EndOffset="10998" SrcFileId="12" StartOffset="10983"/>
</LocList>
</BasicBoolTerm>
<BasicBoolTerm Intrnl_Id="2162">
<LocList>
<Loc EndOffset="11030" SrcFileId="12" StartOffset="11002"/>
</LocList>
</BasicBoolTerm>
<LocList>
<Loc EndOffset="11001" SrcFileId="12" StartOffset="10999"/>
</LocList>
</OpTerm>
</RootTerm>
</CondStmnt>
</StmntSeq>
</Branch>
<Keyword EndOffset="10800" SrcFileId="12" StartOffset="10798"/>
<LocList>
<Loc EndOffset="11148" SrcFileId="12" StartOffset="10798"/>
</LocList>
<RootTerm CovItemId="C26" CovItemPrefix="my.PSM.PSM_Logic.appController.java" Intrnl_Id="2163">
<OpTerm BooleanOpId="18" Intrnl_Id="2164">
<BasicBoolTerm Intrnl_Id="2165">
<LocList>
<Loc EndOffset="10816" SrcFileId="12" StartOffset="10801"/>
</LocList>
</BasicBoolTerm>
<BasicBoolTerm Intrnl_Id="2166">
<LocList>
<Loc EndOffset="10848" SrcFileId="12" StartOffset="10820"/>
</LocList>
</BasicBoolTerm>
<LocList>
<Loc EndOffset="10819" SrcFileId="12" StartOffset="10817"/>
</LocList>
</OpTerm>
</RootTerm>
</CondStmnt>
</StmntSeq>
</Branch>
<Keyword EndOffset="10631" SrcFileId="12" StartOffset="10629"/>
<LocList>
<Loc EndOffset="11148" SrcFileId="12" StartOffset="10629"/>
</LocList>
<RootTerm CovItemId="C25" CovItemPrefix="my.PSM.PSM_Logic.appController.java" Intrnl_Id="2167">
<OpTerm BooleanOpId="18" Intrnl_Id="2168">
<BasicBoolTerm Intrnl_Id="2169">
<LocList>
<Loc EndOffset="10647" SrcFileId="12" StartOffset="10632"/>
</LocList>
</BasicBoolTerm>
<BasicBoolTerm Intrnl_Id="2170">
<LocList>
<Loc EndOffset="10679" SrcFileId="12" StartOffset="10651"/>
</LocList>
</BasicBoolTerm>
<LocList>
<Loc EndOffset="10650" SrcFileId="12" StartOffset="10648"/>
</LocList>
</OpTerm>
</RootTerm>
</CondStmnt>
</StmntSeq>
</Branch>
<Keyword EndOffset="10462" SrcFileId="12" StartOffset="10460"/>
<LocList>
<Loc EndOffset="11148" SrcFileId="12" StartOffset="10460"/>
</LocList>
<RootTerm CovItemId="C24" CovItemPrefix="my.PSM.PSM_Logic.appController.java" Intrnl_Id="2171">
<OpTerm BooleanOpId="18" Intrnl_Id="2172">
<BasicBoolTerm Intrnl_Id="2173">
<LocList>
<Loc EndOffset="10478" SrcFileId="12" StartOffset="10463"/>
</LocList>
</BasicBoolTerm>
<BasicBoolTerm Intrnl_Id="2174">
<LocList>
<Loc EndOffset="10510" SrcFileId="12" StartOffset="10482"/>
</LocList>
</BasicBoolTerm>
<LocList>
<Loc EndOffset="10481" SrcFileId="12" StartOffset="10479"/>
</LocList>
</OpTerm>
</RootTerm>
</CondStmnt>
</StmntSeq>
</Branch>
<Keyword EndOffset="10293" SrcFileId="12" StartOffset="10291"/>
<LocList>
<Loc EndOffset="11148" SrcFileId="12" StartOffset="10291"/>
</LocList>
<RootTerm CovItemId="C23" CovItemPrefix="my.PSM.PSM_Logic.appController.java" Intrnl_Id="2175">
<OpTerm BooleanOpId="18" Intrnl_Id="2176">
<BasicBoolTerm Intrnl_Id="2177">
<LocList>
<Loc EndOffset="10309" SrcFileId="12" StartOffset="10294"/>
</LocList>
</BasicBoolTerm>
<BasicBoolTerm Intrnl_Id="2178">
<LocList>
<Loc EndOffset="10341" SrcFileId="12" StartOffset="10313"/>
</LocList>
</BasicBoolTerm>
<LocList>
<Loc EndOffset="10312" SrcFileId="12" StartOffset="10310"/>
</LocList>
</OpTerm>
</RootTerm>
</CondStmnt>
</StmntSeq>
</Branch>
<Keyword EndOffset="10124" SrcFileId="12" StartOffset="10122"/>
<LocList>
<Loc EndOffset="11148" SrcFileId="12" StartOffset="10122"/>
</LocList>
<RootTerm CovItemId="C22" CovItemPrefix="my.PSM.PSM_Logic.appController.java" Intrnl_Id="2179">
<OpTerm BooleanOpId="18" Intrnl_Id="2180">
<BasicBoolTerm Intrnl_Id="2181">
<LocList>
<Loc EndOffset="10140" SrcFileId="12" StartOffset="10125"/>
</LocList>
</BasicBoolTerm>
<BasicBoolTerm Intrnl_Id="2182">
<LocList>
<Loc EndOffset="10172" SrcFileId="12" StartOffset="10144"/>
</LocList>
</BasicBoolTerm>
<LocList>
<Loc EndOffset="10143" SrcFileId="12" StartOffset="10141"/>
</LocList>
</OpTerm>
</RootTerm>
</CondStmnt>
<CondStmnt CovItemId="S162" CovItemPrefix="my.PSM.PSM_Logic.appController.java" Intrnl_Id="2183">
<Branch CovItemId="B33" CovItemPrefix="my.PSM.PSM_Logic.appController.java" Implct="false" Intrnl_Id="2184">
<Cond/>
<LocList>
<Loc EndOffset="11550" SrcFileId="12" StartOffset="11198"/>
</LocList>
<StmntSeq Intrnl_Id="2185">
<LocList>
<Loc EndOffset="11249" SrcFileId="12" StartOffset="11216"/>
<Loc EndOffset="11304" SrcFileId="12" StartOffset="11266"/>
<Loc EndOffset="11358" SrcFileId="12" StartOffset="11321"/>
<Loc EndOffset="11431" SrcFileId="12" StartOffset="11389"/>
<Loc EndOffset="11479" SrcFileId="12" StartOffset="11448"/>
<Loc EndOffset="11536" SrcFileId="12" StartOffset="11496"/>
</LocList>
<BasicStmnt CovItemId="S163" CovItemPrefix="my.PSM.PSM_Logic.appController.java" Intrnl_Id="2186">
<LocList>
<Loc EndOffset="11249" SrcFileId="12" StartOffset="11216"/>
</LocList>
</BasicStmnt>
<BasicStmnt CovItemId="S164" CovItemPrefix="my.PSM.PSM_Logic.appController.java" Intrnl_Id="2187">
<LocList>
<Loc EndOffset="11304" SrcFileId="12" StartOffset="11266"/>
</LocList>
</BasicStmnt>
<BasicStmnt CovItemId="S165" CovItemPrefix="my.PSM.PSM_Logic.appController.java" Intrnl_Id="2188">
<LocList>
<Loc EndOffset="11358" SrcFileId="12" StartOffset="11321"/>
</LocList>
</BasicStmnt>
<BasicStmnt CovItemId="S166" CovItemPrefix="my.PSM.PSM_Logic.appController.java" Intrnl_Id="2189">
<LocList>
<Loc EndOffset="11431" SrcFileId="12" StartOffset="11389"/>
</LocList>
</BasicStmnt>
<BasicStmnt CovItemId="S167" CovItemPrefix="my.PSM.PSM_Logic.appController.java" Intrnl_Id="2190">
<LocList>
<Loc EndOffset="11479" SrcFileId="12" StartOffset="11448"/>
</LocList>
</BasicStmnt>
<BasicStmnt CovItemId="S168" CovItemPrefix="my.PSM.PSM_Logic.appController.java" Intrnl_Id="2191">
<LocList>
<Loc EndOffset="11536" SrcFileId="12" StartOffset="11496"/>
</LocList>
</BasicStmnt>
</StmntSeq>
</Branch>
<Branch CovItemId="B34" CovItemPrefix="my.PSM.PSM_Logic.appController.java" Implct="true" Intrnl_Id="2192">
<Cond/>
<LocList/>
<StmntSeq Intrnl_Id="2193">
<LocList/>
</StmntSeq>
</Branch>
<Keyword EndOffset="11189" SrcFileId="12" StartOffset="11187"/>
<LocList>
<Loc EndOffset="11550" SrcFileId="12" StartOffset="11187"/>
</LocList>
<RootTerm CovItemId="C28" CovItemPrefix="my.PSM.PSM_Logic.appController.java" Intrnl_Id="2194">
<OpTerm BooleanOpId="19" Intrnl_Id="2195">
<BasicBoolTerm Intrnl_Id="2196">
<LocList>
<Loc EndOffset="11197" SrcFileId="12" StartOffset="11191"/>
</LocList>
</BasicBoolTerm>
<LocList>
<Loc EndOffset="11191" SrcFileId="12" StartOffset="11190"/>
</LocList>
</OpTerm>
</RootTerm>
</CondStmnt>
</StmntSeq>
<Keyword EndOffset="9913" SrcFileId="12" StartOffset="9910"/>
<LocList>
<Loc EndOffset="11560" SrcFileId="12" StartOffset="9910"/>
</LocList>
<RootTerm CovItemId="C21" CovItemPrefix="my.PSM.PSM_Logic.appController.java" Intrnl_Id="2197">
<BasicBoolTerm Intrnl_Id="2198">
<LocList>
<Loc EndOffset="9946" SrcFileId="12" StartOffset="9925"/>
</LocList>
</BasicBoolTerm>
</RootTerm>
</LoopStmnt>
</StmntSeq>
</HierarchyLvl>
<HierarchyLvl HierarchyLvlId="334" HierarchyLvlTypeId="22" Intrnl_Id="2199" Name="getData">
<Header>
<Loc EndOffset="11619" SrcFileId="12" StartOffset="11587"/>
</Header>
<LocList>
<Loc EndOffset="12585" SrcFileId="12" StartOffset="11587"/>
</LocList>
<StmntSeq Intrnl_Id="2200">
<LocList>
<Loc EndOffset="11678" SrcFileId="12" StartOffset="11634"/>
<Loc EndOffset="11740" SrcFileId="12" StartOffset="11687"/>
<Loc EndOffset="11800" SrcFileId="12" StartOffset="11749"/>
<Loc EndOffset="11862" SrcFileId="12" StartOffset="11809"/>
<Loc EndOffset="11920" SrcFileId="12" StartOffset="11871"/>
<Loc EndOffset="11976" SrcFileId="12" StartOffset="11929"/>
<Loc EndOffset="12028" SrcFileId="12" StartOffset="11985"/>
<Loc EndOffset="12084" SrcFileId="12" StartOffset="12037"/>
<Loc EndOffset="12136" SrcFileId="12" StartOffset="12093"/>
<Loc EndOffset="12192" SrcFileId="12" StartOffset="12145"/>
<Loc EndOffset="12244" SrcFileId="12" StartOffset="12201"/>
<Loc EndOffset="12300" SrcFileId="12" StartOffset="12253"/>
<Loc EndOffset="12352" SrcFileId="12" StartOffset="12309"/>
<Loc EndOffset="12408" SrcFileId="12" StartOffset="12361"/>
<Loc EndOffset="12460" SrcFileId="12" StartOffset="12417"/>
<Loc EndOffset="12516" SrcFileId="12" StartOffset="12469"/>
<Loc EndOffset="12568" SrcFileId="12" StartOffset="12525"/>
</LocList>
<BasicStmnt CovItemId="S169" CovItemPrefix="my.PSM.PSM_Logic.appController.java" Intrnl_Id="2201">
<LocList>
<Loc EndOffset="11678" SrcFileId="12" StartOffset="11634"/>
</LocList>
</BasicStmnt>
<BasicStmnt CovItemId="S170" CovItemPrefix="my.PSM.PSM_Logic.appController.java" Intrnl_Id="2202">
<LocList>
<Loc EndOffset="11740" SrcFileId="12" StartOffset="11687"/>
</LocList>
</BasicStmnt>
<BasicStmnt CovItemId="S171" CovItemPrefix="my.PSM.PSM_Logic.appController.java" Intrnl_Id="2203">
<LocList>
<Loc EndOffset="11800" SrcFileId="12" StartOffset="11749"/>
</LocList>
</BasicStmnt>
<BasicStmnt CovItemId="S172" CovItemPrefix="my.PSM.PSM_Logic.appController.java" Intrnl_Id="2204">
<LocList>
<Loc EndOffset="11862" SrcFileId="12" StartOffset="11809"/>
</LocList>
</BasicStmnt>
<BasicStmnt CovItemId="S173" CovItemPrefix="my.PSM.PSM_Logic.appController.java" Intrnl_Id="2205">
<LocList>
<Loc EndOffset="11920" SrcFileId="12" StartOffset="11871"/>
</LocList>
</BasicStmnt>
<BasicStmnt CovItemId="S174" CovItemPrefix="my.PSM.PSM_Logic.appController.java" Intrnl_Id="2206">
<LocList>
<Loc EndOffset="11976" SrcFileId="12" StartOffset="11929"/>
</LocList>
</BasicStmnt>
<BasicStmnt CovItemId="S175" CovItemPrefix="my.PSM.PSM_Logic.appController.java" Intrnl_Id="2207">
<LocList>
<Loc EndOffset="12028" SrcFileId="12" StartOffset="11985"/>
</LocList>
</BasicStmnt>
<BasicStmnt CovItemId="S176" CovItemPrefix="my.PSM.PSM_Logic.appController.java" Intrnl_Id="2208">
<LocList>
<Loc EndOffset="12084" SrcFileId="12" StartOffset="12037"/>
</LocList>
</BasicStmnt>
<BasicStmnt CovItemId="S177" CovItemPrefix="my.PSM.PSM_Logic.appController.java" Intrnl_Id="2209">
<LocList>
<Loc EndOffset="12136" SrcFileId="12" StartOffset="12093"/>
</LocList>
</BasicStmnt>
<BasicStmnt CovItemId="S178" CovItemPrefix="my.PSM.PSM_Logic.appController.java" Intrnl_Id="2210">
<LocList>
<Loc EndOffset="12192" SrcFileId="12" StartOffset="12145"/>
</LocList>
</BasicStmnt>
<BasicStmnt CovItemId="S179" CovItemPrefix="my.PSM.PSM_Logic.appController.java" Intrnl_Id="2211">
<LocList>
<Loc EndOffset="12244" SrcFileId="12" StartOffset="12201"/>
</LocList>
</BasicStmnt>
<BasicStmnt CovItemId="S180" CovItemPrefix="my.PSM.PSM_Logic.appController.java" Intrnl_Id="2212">
<LocList>
<Loc EndOffset="12300" SrcFileId="12" StartOffset="12253"/>
</LocList>
</BasicStmnt>
<BasicStmnt CovItemId="S181" CovItemPrefix="my.PSM.PSM_Logic.appController.java" Intrnl_Id="2213">
<LocList>
<Loc EndOffset="12352" SrcFileId="12" StartOffset="12309"/>
</LocList>
</BasicStmnt>
<BasicStmnt CovItemId="S182" CovItemPrefix="my.PSM.PSM_Logic.appController.java" Intrnl_Id="2214">
<LocList>
<Loc EndOffset="12408" SrcFileId="12" StartOffset="12361"/>
</LocList>
</BasicStmnt>
<BasicStmnt CovItemId="S183" CovItemPrefix="my.PSM.PSM_Logic.appController.java" Intrnl_Id="2215">
<LocList>
<Loc EndOffset="12460" SrcFileId="12" StartOffset="12417"/>
</LocList>
</BasicStmnt>
<BasicStmnt CovItemId="S184" CovItemPrefix="my.PSM.PSM_Logic.appController.java" Intrnl_Id="2216">
<LocList>
<Loc EndOffset="12516" SrcFileId="12" StartOffset="12469"/>
</LocList>
</BasicStmnt>
<BasicStmnt CovItemId="S185" CovItemPrefix="my.PSM.PSM_Logic.appController.java" Intrnl_Id="2217">
<LocList>
<Loc EndOffset="12568" SrcFileId="12" StartOffset="12525"/>
</LocList>
</BasicStmnt>
</StmntSeq>
</HierarchyLvl>
<HierarchyLvl HierarchyLvlId="335" HierarchyLvlTypeId="22" Intrnl_Id="2218" Name="sleep">
<Header>
<Loc EndOffset="12629" SrcFileId="12" StartOffset="12600"/>
</Header>
<LocList>
<Loc EndOffset="12832" SrcFileId="12" StartOffset="12600"/>
</LocList>
<StmntSeq Intrnl_Id="2219">
<LocList>
<Loc EndOffset="12684" SrcFileId="12" StartOffset="12664"/>
<Loc EndOffset="12826" SrcFileId="12" StartOffset="12646"/>
</LocList>
<BasicStmnt CovItemId="S187" CovItemPrefix="my.PSM.PSM_Logic.appController.java" Intrnl_Id="2220">
<LocList>
<Loc EndOffset="12684" SrcFileId="12" StartOffset="12664"/>
</LocList>
</BasicStmnt>
<CondStmnt CovItemId="S186" CovItemPrefix="my.PSM.PSM_Logic.appController.java" Intrnl_Id="2221">
<Branch CovItemId="B35" CovItemPrefix="my.PSM.PSM_Logic.appController.java" Implct="true" Intrnl_Id="2222">
<Cond/>
<LocList/>
<StmntSeq Intrnl_Id="2223">
<LocList/>
</StmntSeq>
</Branch>
<Branch CovItemId="B36" CovItemPrefix="my.PSM.PSM_Logic.appController.java" Implct="false" Intrnl_Id="2224">
<Cond>
<Loc EndOffset="12726" SrcFileId="12" StartOffset="12695"/>
</Cond>
<LocList>
<Loc EndOffset="12826" SrcFileId="12" StartOffset="12727"/>
</LocList>
<StmntSeq Intrnl_Id="2225">
<LocList>
<Loc EndOffset="12816" SrcFileId="12" StartOffset="12740"/>
</LocList>
<BasicStmnt CovItemId="S188" CovItemPrefix="my.PSM.PSM_Logic.appController.java" Intrnl_Id="2226">
<LocList>
<Loc EndOffset="12816" SrcFileId="12" StartOffset="12740"/>
</LocList>
</BasicStmnt>
</StmntSeq>
</Branch>
<Keyword EndOffset="12649" SrcFileId="12" StartOffset="12646"/>
<LocList>
<Loc EndOffset="12826" SrcFileId="12" StartOffset="12646"/>
</LocList>
</CondStmnt>
</StmntSeq>
</HierarchyLvl>
<HierarchyLvl HierarchyLvlId="336" HierarchyLvlTypeId="22" Intrnl_Id="2227" Name="LogIn">
<Header>
<Loc EndOffset="12859" SrcFileId="12" StartOffset="12839"/>
</Header>
<LocList>
<Loc EndOffset="13012" SrcFileId="12" StartOffset="12839"/>
</LocList>
<StmntSeq Intrnl_Id="2228">
<LocList>
<Loc EndOffset="12998" SrcFileId="12" StartOffset="12880"/>
</LocList>
<CondStmnt CovItemId="S189" CovItemPrefix="my.PSM.PSM_Logic.appController.java" Intrnl_Id="2229">
<Branch CovItemId="B37" CovItemPrefix="my.PSM.PSM_Logic.appController.java" Implct="false" Intrnl_Id="2230">
<Cond/>
<LocList>
<Loc EndOffset="12955" SrcFileId="12" StartOffset="12939"/>
</LocList>
<StmntSeq Intrnl_Id="2231">
<LocList>
<Loc EndOffset="12955" SrcFileId="12" StartOffset="12939"/>
</LocList>
<BasicStmnt CovItemId="S190" CovItemPrefix="my.PSM.PSM_Logic.appController.java" Intrnl_Id="2232">
<LocList>
<Loc EndOffset="12955" SrcFileId="12" StartOffset="12939"/>
</LocList>
</BasicStmnt>
</StmntSeq>
</Branch>
<Branch CovItemId="B38" CovItemPrefix="my.PSM.PSM_Logic.appController.java" Implct="false" Intrnl_Id="2233">
<Cond>
<Loc EndOffset="12968" SrcFileId="12" StartOffset="12964"/>
</Cond>
<LocList>
<Loc EndOffset="12998" SrcFileId="12" StartOffset="12981"/>
</LocList>
<StmntSeq Intrnl_Id="2234">
<LocList>
<Loc EndOffset="12998" SrcFileId="12" StartOffset="12981"/>
</LocList>
<BasicStmnt CovItemId="S191" CovItemPrefix="my.PSM.PSM_Logic.appController.java" Intrnl_Id="2235">
<LocList>
<Loc EndOffset="12998" SrcFileId="12" StartOffset="12981"/>
</LocList>
</BasicStmnt>
</StmntSeq>
</Branch>
<Keyword EndOffset="12882" SrcFileId="12" StartOffset="12880"/>
<LocList>
<Loc EndOffset="12998" SrcFileId="12" StartOffset="12880"/>
</LocList>
<RootTerm CovItemId="C29" CovItemPrefix="my.PSM.PSM_Logic.appController.java" Intrnl_Id="2236">
<BasicBoolTerm Intrnl_Id="2237">
<LocList>
<Loc EndOffset="12925" SrcFileId="12" StartOffset="12883"/>
</LocList>
</BasicBoolTerm>
</RootTerm>
</CondStmnt>
</StmntSeq>
</HierarchyLvl>
<HierarchyLvl HierarchyLvlId="337" HierarchyLvlTypeId="22" Intrnl_Id="2238" Name="getCon">
<Header>
<Loc EndOffset="13054" SrcFileId="12" StartOffset="13022"/>
</Header>
<LocList>
<Loc EndOffset="13093" SrcFileId="12" StartOffset="13022"/>
</LocList>
<StmntSeq Intrnl_Id="2239">
<LocList>
<Loc EndOffset="13087" SrcFileId="12" StartOffset="13069"/>
</LocList>
<BasicStmnt CovItemId="S192" CovItemPrefix="my.PSM.PSM_Logic.appController.java" Intrnl_Id="2240">
<LocList>
<Loc EndOffset="13087" SrcFileId="12" StartOffset="13069"/>
</LocList>
</BasicStmnt>
</StmntSeq>
</HierarchyLvl>
<HierarchyLvl HierarchyLvlId="339" HierarchyLvlTypeId="21" Intrnl_Id="2241" Name="TimerTask">
<Header>
<Loc EndOffset="13152" SrcFileId="12" StartOffset="13141"/>
</Header>
<LocList>
<Loc EndOffset="13249" SrcFileId="12" StartOffset="13137"/>
</LocList>
<HierarchyLvl HierarchyLvlId="338" HierarchyLvlTypeId="22" Intrnl_Id="2242" Name="run">
<Header>
<Loc EndOffset="13184" SrcFileId="12" StartOffset="13167"/>
</Header>
<LocList>
<Loc EndOffset="13243" SrcFileId="12" StartOffset="13167"/>
</LocList>
<StmntSeq Intrnl_Id="2243">
<LocList>
<Loc EndOffset="13233" SrcFileId="12" StartOffset="13206"/>
</LocList>
<BasicStmnt CovItemId="S194" CovItemPrefix="my.PSM.PSM_Logic.appController.java" Intrnl_Id="2244">
<LocList>
<Loc EndOffset="13233" SrcFileId="12" StartOffset="13206"/>
</LocList>
</BasicStmnt>
</StmntSeq>
</HierarchyLvl>
</HierarchyLvl>
<HierarchyLvl HierarchyLvlId="341" HierarchyLvlTypeId="21" Intrnl_Id="2245" Name="TimerTask">
<Header>
<Loc EndOffset="13307" SrcFileId="12" StartOffset="13296"/>
</Header>
<LocList>
<Loc EndOffset="13408" SrcFileId="12" StartOffset="13292"/>
</LocList>
<HierarchyLvl HierarchyLvlId="340" HierarchyLvlTypeId="22" Intrnl_Id="2246" Name="run">
<Header>
<Loc EndOffset="13339" SrcFileId="12" StartOffset="13322"/>
</Header>
<LocList>
<Loc EndOffset="13402" SrcFileId="12" StartOffset="13322"/>
</LocList>
<StmntSeq Intrnl_Id="2247">
<LocList>
<Loc EndOffset="13392" SrcFileId="12" StartOffset="13362"/>
</LocList>
<BasicStmnt CovItemId="S196" CovItemPrefix="my.PSM.PSM_Logic.appController.java" Intrnl_Id="2248">
<LocList>
<Loc EndOffset="13392" SrcFileId="12" StartOffset="13362"/>
</LocList>
</BasicStmnt>
</StmntSeq>
</HierarchyLvl>
</HierarchyLvl>
<HierarchyLvl HierarchyLvlId="343" HierarchyLvlTypeId="21" Intrnl_Id="2249" Name="TimerTask">
<Header>
<Loc EndOffset="13462" SrcFileId="12" StartOffset="13451"/>
</Header>
<LocList>
<Loc EndOffset="13560" SrcFileId="12" StartOffset="13447"/>
</LocList>
<HierarchyLvl HierarchyLvlId="342" HierarchyLvlTypeId="22" Intrnl_Id="2250" Name="run">
<Header>
<Loc EndOffset="13494" SrcFileId="12" StartOffset="13477"/>
</Header>
<LocList>
<Loc EndOffset="13554" SrcFileId="12" StartOffset="13477"/>
</LocList>
<StmntSeq Intrnl_Id="2251">
<LocList>
<Loc EndOffset="13544" SrcFileId="12" StartOffset="13517"/>
</LocList>
<BasicStmnt CovItemId="S198" CovItemPrefix="my.PSM.PSM_Logic.appController.java" Intrnl_Id="2252">
<LocList>
<Loc EndOffset="13544" SrcFileId="12" StartOffset="13517"/>
</LocList>
</BasicStmnt>
</StmntSeq>
</HierarchyLvl>
</HierarchyLvl>
<HierarchyLvl HierarchyLvlId="345" HierarchyLvlTypeId="21" Intrnl_Id="2253" Name="TimerTask">
<Header>
<Loc EndOffset="13623" SrcFileId="12" StartOffset="13612"/>
</Header>
<LocList>
<Loc EndOffset="13775" SrcFileId="12" StartOffset="13608"/>
</LocList>
<HierarchyLvl HierarchyLvlId="344" HierarchyLvlTypeId="22" Intrnl_Id="2254" Name="run">
<Header>
<Loc EndOffset="13655" SrcFileId="12" StartOffset="13638"/>
</Header>
<LocList>
<Loc EndOffset="13769" SrcFileId="12" StartOffset="13638"/>
</LocList>
<StmntSeq Intrnl_Id="2255">
<LocList>
<Loc EndOffset="13706" SrcFileId="12" StartOffset="13678"/>
<Loc EndOffset="13759" SrcFileId="12" StartOffset="13719"/>
</LocList>
<BasicStmnt CovItemId="S200" CovItemPrefix="my.PSM.PSM_Logic.appController.java" Intrnl_Id="2256">
<LocList>
<Loc EndOffset="13706" SrcFileId="12" StartOffset="13678"/>
</LocList>
</BasicStmnt>
<BasicStmnt CovItemId="S201" CovItemPrefix="my.PSM.PSM_Logic.appController.java" Intrnl_Id="2257">
<LocList>
<Loc EndOffset="13759" SrcFileId="12" StartOffset="13719"/>
</LocList>
</BasicStmnt>
</StmntSeq>
</HierarchyLvl>
</HierarchyLvl>
<HierarchyLvl HierarchyLvlId="347" HierarchyLvlTypeId="21" Intrnl_Id="2258" Name="TimerTask">
<Header>
<Loc EndOffset="13838" SrcFileId="12" StartOffset="13827"/>
</Header>
<LocList>
<Loc EndOffset="13924" SrcFileId="12" StartOffset="13823"/>
</LocList>
<HierarchyLvl HierarchyLvlId="346" HierarchyLvlTypeId="22" Intrnl_Id="2259" Name="run">
<Header>
<Loc EndOffset="13870" SrcFileId="12" StartOffset="13853"/>
</Header>
<LocList>
<Loc EndOffset="13918" SrcFileId="12" StartOffset="13853"/>
</LocList>
<StmntSeq Intrnl_Id="2260">
<LocList>
<Loc EndOffset="13908" SrcFileId="12" StartOffset="13893"/>
</LocList>
<BasicStmnt CovItemId="S203" CovItemPrefix="my.PSM.PSM_Logic.appController.java" Intrnl_Id="2261">
<LocList>
<Loc EndOffset="13908" SrcFileId="12" StartOffset="13893"/>
</LocList>
</BasicStmnt>
</StmntSeq>
</HierarchyLvl>
</HierarchyLvl>
<HierarchyLvl HierarchyLvlId="348" HierarchyLvlTypeId="22" Intrnl_Id="2262" Name="setTime">
<Header>
<Loc EndOffset="14014" SrcFileId="12" StartOffset="13943"/>
</Header>
<LocList>
<Loc EndOffset="14078" SrcFileId="12" StartOffset="13943"/>
</LocList>
<StmntSeq Intrnl_Id="2263">
<LocList>
<Loc EndOffset="14072" SrcFileId="12" StartOffset="14029"/>
</LocList>
<BasicStmnt CovItemId="S204" CovItemPrefix="my.PSM.PSM_Logic.appController.java" Intrnl_Id="2264">
<LocList>
<Loc EndOffset="14072" SrcFileId="12" StartOffset="14029"/>
</LocList>
</BasicStmnt>
</StmntSeq>
</HierarchyLvl>
<HierarchyLvl HierarchyLvlId="349" HierarchyLvlTypeId="22" Intrnl_Id="2265" Name="getTime">
<Header>
<Loc EndOffset="14109" SrcFileId="12" StartOffset="14088"/>
</Header>
<LocList>
<Loc EndOffset="14154" SrcFileId="12" StartOffset="14088"/>
</LocList>
<StmntSeq Intrnl_Id="2266">
<LocList>
<Loc EndOffset="14148" SrcFileId="12" StartOffset="14124"/>
</LocList>
<BasicStmnt CovItemId="S205" CovItemPrefix="my.PSM.PSM_Logic.appController.java" Intrnl_Id="2267">
<LocList>
<Loc EndOffset="14148" SrcFileId="12" StartOffset="14124"/>
</LocList>
</BasicStmnt>
</StmntSeq>
</HierarchyLvl>
<HierarchyLvl HierarchyLvlId="350" HierarchyLvlTypeId="22" Intrnl_Id="2268" Name="getTimeMillis">
<Header>
<Loc EndOffset="14192" SrcFileId="12" StartOffset="14164"/>
</Header>
<LocList>
<Loc EndOffset="14245" SrcFileId="12" StartOffset="14164"/>
</LocList>
<StmntSeq Intrnl_Id="2269">
<LocList>
<Loc EndOffset="14239" SrcFileId="12" StartOffset="14207"/>
</LocList>
<BasicStmnt CovItemId="S206" CovItemPrefix="my.PSM.PSM_Logic.appController.java" Intrnl_Id="2270">
<LocList>
<Loc EndOffset="14239" SrcFileId="12" StartOffset="14207"/>
</LocList>
</BasicStmnt>
</StmntSeq>
</HierarchyLvl>
<HierarchyLvl HierarchyLvlId="351" HierarchyLvlTypeId="22" Intrnl_Id="2271" Name="timerParser">
<Header>
<Loc EndOffset="14293" SrcFileId="12" StartOffset="14255"/>
</Header>
<LocList>
<Loc EndOffset="14412" SrcFileId="12" StartOffset="14255"/>
</LocList>
<StmntSeq Intrnl_Id="2272">
<LocList>
<Loc EndOffset="14352" SrcFileId="12" StartOffset="14308"/>
<Loc EndOffset="14406" SrcFileId="12" StartOffset="14361"/>
</LocList>
<BasicStmnt CovItemId="S207" CovItemPrefix="my.PSM.PSM_Logic.appController.java" Intrnl_Id="2273">
<LocList>
<Loc EndOffset="14352" SrcFileId="12" StartOffset="14308"/>
</LocList>
</BasicStmnt>
<BasicStmnt CovItemId="S208" CovItemPrefix="my.PSM.PSM_Logic.appController.java" Intrnl_Id="2274">
<LocList>
<Loc EndOffset="14406" SrcFileId="12" StartOffset="14361"/>
</LocList>
</BasicStmnt>
</StmntSeq>
</HierarchyLvl>
<HierarchyLvl HierarchyLvlId="352" HierarchyLvlTypeId="22" Intrnl_Id="2275" Name="dateParser">
<Header>
<Loc EndOffset="14454" SrcFileId="12" StartOffset="14417"/>
</Header>
<LocList>
<Loc EndOffset="14656" SrcFileId="12" StartOffset="14417"/>
</LocList>
<StmntSeq Intrnl_Id="2276">
<LocList>
<Loc EndOffset="14530" SrcFileId="12" StartOffset="14478"/>
<Loc EndOffset="14590" SrcFileId="12" StartOffset="14539"/>
<Loc EndOffset="14650" SrcFileId="12" StartOffset="14599"/>
</LocList>
<BasicStmnt CovItemId="S209" CovItemPrefix="my.PSM.PSM_Logic.appController.java" Intrnl_Id="2277">
<LocList>
<Loc EndOffset="14530" SrcFileId="12" StartOffset="14478"/>
</LocList>
</BasicStmnt>
<BasicStmnt CovItemId="S210" CovItemPrefix="my.PSM.PSM_Logic.appController.java" Intrnl_Id="2278">
<LocList>
<Loc EndOffset="14590" SrcFileId="12" StartOffset="14539"/>
</LocList>
</BasicStmnt>
<BasicStmnt CovItemId="S211" CovItemPrefix="my.PSM.PSM_Logic.appController.java" Intrnl_Id="2279">
<LocList>
<Loc EndOffset="14650" SrcFileId="12" StartOffset="14599"/>
</LocList>
</BasicStmnt>
</StmntSeq>
</HierarchyLvl>
<HierarchyLvl HierarchyLvlId="353" HierarchyLvlTypeId="22" Intrnl_Id="2280" Name="returnHr">
<Header>
<Loc EndOffset="14687" SrcFileId="12" StartOffset="14666"/>
</Header>
<LocList>
<Loc EndOffset="14718" SrcFileId="12" StartOffset="14666"/>
</LocList>
<StmntSeq Intrnl_Id="2281">
<LocList>
<Loc EndOffset="14712" SrcFileId="12" StartOffset="14702"/>
</LocList>
<BasicStmnt CovItemId="S212" CovItemPrefix="my.PSM.PSM_Logic.appController.java" Intrnl_Id="2282">
<LocList>
<Loc EndOffset="14712" SrcFileId="12" StartOffset="14702"/>
</LocList>
</BasicStmnt>
</StmntSeq>
</HierarchyLvl>
<HierarchyLvl HierarchyLvlId="354" HierarchyLvlTypeId="22" Intrnl_Id="2283" Name="returnMin">
<Header>
<Loc EndOffset="14750" SrcFileId="12" StartOffset="14728"/>
</Header>
<LocList>
<Loc EndOffset="14782" SrcFileId="12" StartOffset="14728"/>
</LocList>
<StmntSeq Intrnl_Id="2284">
<LocList>
<Loc EndOffset="14776" SrcFileId="12" StartOffset="14765"/>
</LocList>
<BasicStmnt CovItemId="S213" CovItemPrefix="my.PSM.PSM_Logic.appController.java" Intrnl_Id="2285">
<LocList>
<Loc EndOffset="14776" SrcFileId="12" StartOffset="14765"/>
</LocList>
</BasicStmnt>
</StmntSeq>
</HierarchyLvl>
<HierarchyLvl HierarchyLvlId="355" HierarchyLvlTypeId="22" Intrnl_Id="2286" Name="getEndTime">
<Header>
<Loc EndOffset="14834" SrcFileId="12" StartOffset="14792"/>
</Header>
<LocList>
<Loc EndOffset="15316" SrcFileId="12" StartOffset="14792"/>
</LocList>
<StmntSeq Intrnl_Id="2287">
<LocList>
<Loc EndOffset="14933" SrcFileId="12" StartOffset="14892"/>
<Loc EndOffset="15001" SrcFileId="12" StartOffset="14951"/>
<Loc EndOffset="15052" SrcFileId="12" StartOffset="15019"/>
<Loc EndOffset="15096" SrcFileId="12" StartOffset="15061"/>
<Loc EndOffset="15138" SrcFileId="12" StartOffset="15105"/>
<Loc EndOffset="15179" SrcFileId="12" StartOffset="15147"/>
<Loc EndOffset="15238" SrcFileId="12" StartOffset="15188"/>
<Loc EndOffset="15310" SrcFileId="12" StartOffset="15287"/>
</LocList>
<BasicStmnt CovItemId="S214" CovItemPrefix="my.PSM.PSM_Logic.appController.java" Intrnl_Id="2288">
<LocList>
<Loc EndOffset="14933" SrcFileId="12" StartOffset="14892"/>
</LocList>
</BasicStmnt>
<BasicStmnt CovItemId="S215" CovItemPrefix="my.PSM.PSM_Logic.appController.java" Intrnl_Id="2289">
<LocList>
<Loc EndOffset="15001" SrcFileId="12" StartOffset="14951"/>
</LocList>
</BasicStmnt>
<BasicStmnt CovItemId="S216" CovItemPrefix="my.PSM.PSM_Logic.appController.java" Intrnl_Id="2290">
<LocList>
<Loc EndOffset="15052" SrcFileId="12" StartOffset="15019"/>
</LocList>
</BasicStmnt>
<BasicStmnt CovItemId="S217" CovItemPrefix="my.PSM.PSM_Logic.appController.java" Intrnl_Id="2291">
<LocList>
<Loc EndOffset="15096" SrcFileId="12" StartOffset="15061"/>
</LocList>
</BasicStmnt>
<BasicStmnt CovItemId="S218" CovItemPrefix="my.PSM.PSM_Logic.appController.java" Intrnl_Id="2292">
<LocList>
<Loc EndOffset="15138" SrcFileId="12" StartOffset="15105"/>
</LocList>
</BasicStmnt>
<BasicStmnt CovItemId="S219" CovItemPrefix="my.PSM.PSM_Logic.appController.java" Intrnl_Id="2293">
<LocList>
<Loc EndOffset="15179" SrcFileId="12" StartOffset="15147"/>
</LocList>
</BasicStmnt>
<BasicStmnt CovItemId="S220" CovItemPrefix="my.PSM.PSM_Logic.appController.java" Intrnl_Id="2294">
<LocList>
<Loc EndOffset="15238" SrcFileId="12" StartOffset="15188"/>
</LocList>
</BasicStmnt>
<BasicStmnt CovItemId="S221" CovItemPrefix="my.PSM.PSM_Logic.appController.java" Intrnl_Id="2295">
<LocList>
<Loc EndOffset="15310" SrcFileId="12" StartOffset="15287"/>
</LocList>
</BasicStmnt>
</StmntSeq>
</HierarchyLvl>
<HierarchyLvl HierarchyLvlId="356" HierarchyLvlTypeId="22" Intrnl_Id="2296" Name="setSemesterClear">
<Header>
<Loc EndOffset="15407" SrcFileId="12" StartOffset="15326"/>
</Header>
<LocList>
<Loc EndOffset="15511" SrcFileId="12" StartOffset="15326"/>
</LocList>
<StmntSeq Intrnl_Id="2297">
<LocList>
<Loc EndOffset="15468" SrcFileId="12" StartOffset="15422"/>
<Loc EndOffset="15505" SrcFileId="12" StartOffset="15477"/>
</LocList>
<BasicStmnt CovItemId="S222" CovItemPrefix="my.PSM.PSM_Logic.appController.java" Intrnl_Id="2298">
<LocList>
<Loc EndOffset="15468" SrcFileId="12" StartOffset="15422"/>
</LocList>
</BasicStmnt>
<BasicStmnt CovItemId="S223" CovItemPrefix="my.PSM.PSM_Logic.appController.java" Intrnl_Id="2299">
<LocList>
<Loc EndOffset="15505" SrcFileId="12" StartOffset="15477"/>
</LocList>
</BasicStmnt>
</StmntSeq>
</HierarchyLvl>
<HierarchyLvl HierarchyLvlId="357" HierarchyLvlTypeId="22" Intrnl_Id="2300" Name="getSemesterClear">
<Header>
<Loc EndOffset="15551" SrcFileId="12" StartOffset="15521"/>
</Header>
<LocList>
<Loc EndOffset="15599" SrcFileId="12" StartOffset="15521"/>
</LocList>
<StmntSeq Intrnl_Id="2301">
<LocList>
<Loc EndOffset="15593" SrcFileId="12" StartOffset="15566"/>
</LocList>
<BasicStmnt CovItemId="S224" CovItemPrefix="my.PSM.PSM_Logic.appController.java" Intrnl_Id="2302">
<LocList>
<Loc EndOffset="15593" SrcFileId="12" StartOffset="15566"/>
</LocList>
</BasicStmnt>
</StmntSeq>
</HierarchyLvl>
<HierarchyLvl HierarchyLvlId="358" HierarchyLvlTypeId="22" Intrnl_Id="2303" Name="get15BeforeEnd">
<Header>
<Loc EndOffset="15655" SrcFileId="12" StartOffset="15609"/>
</Header>
<LocList>
<Loc EndOffset="16118" SrcFileId="12" StartOffset="15609"/>
</LocList>
<StmntSeq Intrnl_Id="2304">
<LocList>
<Loc EndOffset="15755" SrcFileId="12" StartOffset="15714"/>
<Loc EndOffset="15823" SrcFileId="12" StartOffset="15773"/>
<Loc EndOffset="15874" SrcFileId="12" StartOffset="15841"/>
<Loc EndOffset="15918" SrcFileId="12" StartOffset="15883"/>
<Loc EndOffset="15961" SrcFileId="12" StartOffset="15927"/>
<Loc EndOffset="16002" SrcFileId="12" StartOffset="15970"/>
<Loc EndOffset="16071" SrcFileId="12" StartOffset="16020"/>
<Loc EndOffset="16112" SrcFileId="12" StartOffset="16089"/>
</LocList>
<BasicStmnt CovItemId="S225" CovItemPrefix="my.PSM.PSM_Logic.appController.java" Intrnl_Id="2305">
<LocList>
<Loc EndOffset="15755" SrcFileId="12" StartOffset="15714"/>
</LocList>
</BasicStmnt>
<BasicStmnt CovItemId="S226" CovItemPrefix="my.PSM.PSM_Logic.appController.java" Intrnl_Id="2306">
<LocList>
<Loc EndOffset="15823" SrcFileId="12" StartOffset="15773"/>
</LocList>
</BasicStmnt>
<BasicStmnt CovItemId="S227" CovItemPrefix="my.PSM.PSM_Logic.appController.java" Intrnl_Id="2307">
<LocList>
<Loc EndOffset="15874" SrcFileId="12" StartOffset="15841"/>
</LocList>
</BasicStmnt>
<BasicStmnt CovItemId="S228" CovItemPrefix="my.PSM.PSM_Logic.appController.java" Intrnl_Id="2308">
<LocList>
<Loc EndOffset="15918" SrcFileId="12" StartOffset="15883"/>
</LocList>
</BasicStmnt>
<BasicStmnt CovItemId="S229" CovItemPrefix="my.PSM.PSM_Logic.appController.java" Intrnl_Id="2309">
<LocList>
<Loc EndOffset="15961" SrcFileId="12" StartOffset="15927"/>
</LocList>
</BasicStmnt>
<BasicStmnt CovItemId="S230" CovItemPrefix="my.PSM.PSM_Logic.appController.java" Intrnl_Id="2310">
<LocList>
<Loc EndOffset="16002" SrcFileId="12" StartOffset="15970"/>
</LocList>
</BasicStmnt>
<BasicStmnt CovItemId="S231" CovItemPrefix="my.PSM.PSM_Logic.appController.java" Intrnl_Id="2311">
<LocList>
<Loc EndOffset="16071" SrcFileId="12" StartOffset="16020"/>
</LocList>
</BasicStmnt>
<BasicStmnt CovItemId="S232" CovItemPrefix="my.PSM.PSM_Logic.appController.java" Intrnl_Id="2312">
<LocList>
<Loc EndOffset="16112" SrcFileId="12" StartOffset="16089"/>
</LocList>
</BasicStmnt>
</StmntSeq>
</HierarchyLvl>
<HierarchyLvl HierarchyLvlId="359" HierarchyLvlTypeId="22" Intrnl_Id="2313" Name="get5BeforeEnd">
<Header>
<Loc EndOffset="16173" SrcFileId="12" StartOffset="16128"/>
</Header>
<LocList>
<Loc EndOffset="16655" SrcFileId="12" StartOffset="16128"/>
</LocList>
<StmntSeq Intrnl_Id="2314">
<LocList>
<Loc EndOffset="16272" SrcFileId="12" StartOffset="16231"/>
<Loc EndOffset="16340" SrcFileId="12" StartOffset="16290"/>
<Loc EndOffset="16391" SrcFileId="12" StartOffset="16358"/>
<Loc EndOffset="16435" SrcFileId="12" StartOffset="16400"/>
<Loc EndOffset="16477" SrcFileId="12" StartOffset="16444"/>
<Loc EndOffset="16518" SrcFileId="12" StartOffset="16486"/>
<Loc EndOffset="16577" SrcFileId="12" StartOffset="16527"/>
<Loc EndOffset="16649" SrcFileId="12" StartOffset="16626"/>
</LocList>
<BasicStmnt CovItemId="S233" CovItemPrefix="my.PSM.PSM_Logic.appController.java" Intrnl_Id="2315">
<LocList>
<Loc EndOffset="16272" SrcFileId="12" StartOffset="16231"/>
</LocList>
</BasicStmnt>
<BasicStmnt CovItemId="S234" CovItemPrefix="my.PSM.PSM_Logic.appController.java" Intrnl_Id="2316">
<LocList>
<Loc EndOffset="16340" SrcFileId="12" StartOffset="16290"/>
</LocList>
</BasicStmnt>
<BasicStmnt CovItemId="S235" CovItemPrefix="my.PSM.PSM_Logic.appController.java" Intrnl_Id="2317">
<LocList>
<Loc EndOffset="16391" SrcFileId="12" StartOffset="16358"/>
</LocList>
</BasicStmnt>
<BasicStmnt CovItemId="S236" CovItemPrefix="my.PSM.PSM_Logic.appController.java" Intrnl_Id="2318">
<LocList>
<Loc EndOffset="16435" SrcFileId="12" StartOffset="16400"/>
</LocList>
</BasicStmnt>
<BasicStmnt CovItemId="S237" CovItemPrefix="my.PSM.PSM_Logic.appController.java" Intrnl_Id="2319">
<LocList>
<Loc EndOffset="16477" SrcFileId="12" StartOffset="16444"/>
</LocList>
</BasicStmnt>
<BasicStmnt CovItemId="S238" CovItemPrefix="my.PSM.PSM_Logic.appController.java" Intrnl_Id="2320">
<LocList>
<Loc EndOffset="16518" SrcFileId="12" StartOffset="16486"/>
</LocList>
</BasicStmnt>
<BasicStmnt CovItemId="S239" CovItemPrefix="my.PSM.PSM_Logic.appController.java" Intrnl_Id="2321">
<LocList>
<Loc EndOffset="16577" SrcFileId="12" StartOffset="16527"/>
</LocList>
</BasicStmnt>
<BasicStmnt CovItemId="S240" CovItemPrefix="my.PSM.PSM_Logic.appController.java" Intrnl_Id="2322">
<LocList>
<Loc EndOffset="16649" SrcFileId="12" StartOffset="16626"/>
</LocList>
</BasicStmnt>
</StmntSeq>
</HierarchyLvl>
<HierarchyLvl HierarchyLvlId="360" HierarchyLvlTypeId="22" Intrnl_Id="2323" Name="autoExit">
<Header>
<Loc EndOffset="16687" SrcFileId="12" StartOffset="16665"/>
</Header>
<LocList>
<Loc EndOffset="16741" SrcFileId="12" StartOffset="16665"/>
</LocList>
<StmntSeq Intrnl_Id="2324">
<LocList>
<Loc EndOffset="16735" SrcFileId="12" StartOffset="16702"/>
</LocList>
<BasicStmnt CovItemId="S241" CovItemPrefix="my.PSM.PSM_Logic.appController.java" Intrnl_Id="2325">
<LocList>
<Loc EndOffset="16735" SrcFileId="12" StartOffset="16702"/>
</LocList>
</BasicStmnt>
</StmntSeq>
</HierarchyLvl>
<HierarchyLvl HierarchyLvlId="361" HierarchyLvlTypeId="22" Intrnl_Id="2326" Name="autoClear">
<Header>
<Loc EndOffset="16774" SrcFileId="12" StartOffset="16751"/>
</Header>
<LocList>
<Loc EndOffset="16826" SrcFileId="12" StartOffset="16751"/>
</LocList>
<StmntSeq Intrnl_Id="2327">
<LocList>
<Loc EndOffset="16820" SrcFileId="12" StartOffset="16789"/>
</LocList>
<BasicStmnt CovItemId="S242" CovItemPrefix="my.PSM.PSM_Logic.appController.java" Intrnl_Id="2328">
<LocList>
<Loc EndOffset="16820" SrcFileId="12" StartOffset="16789"/>
</LocList>
</BasicStmnt>
</StmntSeq>
</HierarchyLvl>
</HierarchyLvl>
<HierarchyLvl HierarchyLvlId="364" HierarchyLvlTypeId="23" Intrnl_Id="2329" Name="PSM_app">
<Header>
<Loc EndOffset="97" SrcFileId="13" StartOffset="77"/>
</Header>
<LocList>
<Loc EndOffset="486" SrcFileId="13" StartOffset="77"/>
</LocList>
<HierarchyLvl HierarchyLvlId="363" HierarchyLvlTypeId="22" Intrnl_Id="2330" Name="main">
<Header>
<Loc EndOffset="142" SrcFileId="13" StartOffset="104"/>
</Header>
<LocList>
<Loc EndOffset="481" SrcFileId="13" StartOffset="104"/>
</LocList>
<StmntSeq Intrnl_Id="2331">
<LocList>
<Loc EndOffset="319" SrcFileId="13" StartOffset="279"/>
<Loc EndOffset="370" SrcFileId="13" StartOffset="326"/>
<Loc EndOffset="423" SrcFileId="13" StartOffset="377"/>
<Loc EndOffset="457" SrcFileId="13" StartOffset="430"/>
<Loc EndOffset="477" SrcFileId="13" StartOffset="464"/>
</LocList>
<BasicStmnt CovItemId="S1" CovItemPrefix="my.PSM.PSM_Logic.PSM_app.java" Intrnl_Id="2332">
<LocList>
<Loc EndOffset="319" SrcFileId="13" StartOffset="279"/>
</LocList>
</BasicStmnt>
<BasicStmnt CovItemId="S2" CovItemPrefix="my.PSM.PSM_Logic.PSM_app.java" Intrnl_Id="2333">
<LocList>
<Loc EndOffset="370" SrcFileId="13" StartOffset="326"/>
</LocList>
</BasicStmnt>
<BasicStmnt CovItemId="S3" CovItemPrefix="my.PSM.PSM_Logic.PSM_app.java" Intrnl_Id="2334">
<LocList>
<Loc EndOffset="423" SrcFileId="13" StartOffset="377"/>
</LocList>
</BasicStmnt>
<BasicStmnt CovItemId="S4" CovItemPrefix="my.PSM.PSM_Logic.PSM_app.java" Intrnl_Id="2335">
<LocList>
<Loc EndOffset="457" SrcFileId="13" StartOffset="430"/>
</LocList>
</BasicStmnt>
<BasicStmnt CovItemId="S5" CovItemPrefix="my.PSM.PSM_Logic.PSM_app.java" Intrnl_Id="2336">
<LocList>
<Loc EndOffset="477" SrcFileId="13" StartOffset="464"/>
</LocList>
</BasicStmnt>
</StmntSeq>
</HierarchyLvl>
</HierarchyLvl>
<HierarchyLvl HierarchyLvlId="367" HierarchyLvlTypeId="23" Intrnl_Id="2337" Name="LogicFacade">
<Header>
<Loc EndOffset="225" SrcFileId="14" StartOffset="201"/>
</Header>
<LocList>
<Loc EndOffset="468" SrcFileId="14" StartOffset="201"/>
</LocList>
<HierarchyLvl HierarchyLvlId="365" HierarchyLvlTypeId="22" Intrnl_Id="2338" Name="LogicFacade">
<Header>
<Loc EndOffset="309" SrcFileId="14" StartOffset="263"/>
</Header>
<LocList>
<Loc EndOffset="389" SrcFileId="14" StartOffset="263"/>
</LocList>
<StmntSeq Intrnl_Id="2339">
<LocList>
<Loc EndOffset="342" SrcFileId="14" StartOffset="316"/>
<Loc EndOffset="383" SrcFileId="14" StartOffset="348"/>
</LocList>
<BasicStmnt CovItemId="S1" CovItemPrefix="my.PSM.PSM_Logic.LogicFacade.java" Intrnl_Id="2340">
<LocList>
<Loc EndOffset="342" SrcFileId="14" StartOffset="316"/>
</LocList>
</BasicStmnt>
<BasicStmnt CovItemId="S2" CovItemPrefix="my.PSM.PSM_Logic.LogicFacade.java" Intrnl_Id="2341">
<LocList>
<Loc EndOffset="383" SrcFileId="14" StartOffset="348"/>
</LocList>
</BasicStmnt>
</StmntSeq>
</HierarchyLvl>
<HierarchyLvl HierarchyLvlId="366" HierarchyLvlTypeId="22" Intrnl_Id="2342" Name="fetchCourses">
<Header>
<Loc EndOffset="427" SrcFileId="14" StartOffset="399"/>
</Header>
<LocList>
<Loc EndOffset="466" SrcFileId="14" StartOffset="399"/>
</LocList>
<StmntSeq Intrnl_Id="2343">
<LocList>
<Loc EndOffset="460" SrcFileId="14" StartOffset="434"/>
</LocList>
<BasicStmnt CovItemId="S3" CovItemPrefix="my.PSM.PSM_Logic.LogicFacade.java" Intrnl_Id="2344">
<LocList>
<Loc EndOffset="460" SrcFileId="14" StartOffset="434"/>
</LocList>
</BasicStmnt>
</StmntSeq>
</HierarchyLvl>
</HierarchyLvl>
<HierarchyLvl HierarchyLvlId="379" HierarchyLvlTypeId="23" Intrnl_Id="2345" Name="InterfaceController">
<Header>
<Loc EndOffset="270" SrcFileId="15" StartOffset="238"/>
</Header>
<LocList>
<Loc EndOffset="1815" SrcFileId="15" StartOffset="238"/>
</LocList>
<HierarchyLvl HierarchyLvlId="368" HierarchyLvlTypeId="22" Intrnl_Id="2346" Name="InterfaceController">
<Header>
<Loc EndOffset="345" SrcFileId="15" StartOffset="317"/>
</Header>
<LocList>
<Loc EndOffset="366" SrcFileId="15" StartOffset="317"/>
</LocList>
</HierarchyLvl>
<HierarchyLvl HierarchyLvlId="369" HierarchyLvlTypeId="22" Intrnl_Id="2347" Name="setFacade">
<Header>
<Loc EndOffset="414" SrcFileId="15" StartOffset="371"/>
</Header>
<LocList>
<Loc EndOffset="441" SrcFileId="15" StartOffset="371"/>
</LocList>
<StmntSeq Intrnl_Id="2348">
<LocList>
<Loc EndOffset="435" SrcFileId="15" StartOffset="421"/>
</LocList>
<BasicStmnt CovItemId="S1" CovItemPrefix="my.PSM.PSM_Logic.InterfaceController.java" Intrnl_Id="2349">
<LocList>
<Loc EndOffset="435" SrcFileId="15" StartOffset="421"/>
</LocList>
</BasicStmnt>
</StmntSeq>
</HierarchyLvl>
<HierarchyLvl HierarchyLvlId="370" HierarchyLvlTypeId="22" Intrnl_Id="2350" Name="passwordLock">
<Header>
<Loc EndOffset="472" SrcFileId="15" StartOffset="446"/>
</Header>
<LocList>
<Loc EndOffset="512" SrcFileId="15" StartOffset="446"/>
</LocList>
<StmntSeq Intrnl_Id="2351">
<LocList>
<Loc EndOffset="506" SrcFileId="15" StartOffset="487"/>
</LocList>
<BasicStmnt CovItemId="S2" CovItemPrefix="my.PSM.PSM_Logic.InterfaceController.java" Intrnl_Id="2352">
<LocList>
<Loc EndOffset="506" SrcFileId="15" StartOffset="487"/>
</LocList>
</BasicStmnt>
</StmntSeq>
</HierarchyLvl>
<HierarchyLvl HierarchyLvlId="371" HierarchyLvlTypeId="22" Intrnl_Id="2353" Name="Initiate_Logout">
<Header>
<Loc EndOffset="546" SrcFileId="15" StartOffset="517"/>
</Header>
<LocList>
<Loc EndOffset="682" SrcFileId="15" StartOffset="517"/>
</LocList>
<StmntSeq Intrnl_Id="2354">
<LocList>
<Loc EndOffset="670" SrcFileId="15" StartOffset="642"/>
</LocList>
<BasicStmnt CovItemId="S3" CovItemPrefix="my.PSM.PSM_Logic.InterfaceController.java" Intrnl_Id="2355">
<LocList>
<Loc EndOffset="670" SrcFileId="15" StartOffset="642"/>
</LocList>
</BasicStmnt>
</StmntSeq>
</HierarchyLvl>
<HierarchyLvl HierarchyLvlId="372" HierarchyLvlTypeId="22" Intrnl_Id="2356" Name="Initiate_IncorrectLogin">
<Header>
<Loc EndOffset="725" SrcFileId="15" StartOffset="688"/>
</Header>
<LocList>
<Loc EndOffset="815" SrcFileId="15" StartOffset="688"/>
</LocList>
<StmntSeq Intrnl_Id="2357">
<LocList>
<Loc EndOffset="773" SrcFileId="15" StartOffset="749"/>
</LocList>
<BasicStmnt CovItemId="S4" CovItemPrefix="my.PSM.PSM_Logic.InterfaceController.java" Intrnl_Id="2358">
<LocList>
<Loc EndOffset="773" SrcFileId="15" StartOffset="749"/>
</LocList>
</BasicStmnt>
</StmntSeq>
</HierarchyLvl>
<HierarchyLvl HierarchyLvlId="373" HierarchyLvlTypeId="22" Intrnl_Id="2359" Name="Initiate_Schedule_Form">
<Header>
<Loc EndOffset="861" SrcFileId="15" StartOffset="825"/>
</Header>
<LocList>
<Loc EndOffset="913" SrcFileId="15" StartOffset="825"/>
</LocList>
<StmntSeq Intrnl_Id="2360">
<LocList>
<Loc EndOffset="907" SrcFileId="15" StartOffset="884"/>
</LocList>
<BasicStmnt CovItemId="S5" CovItemPrefix="my.PSM.PSM_Logic.InterfaceController.java" Intrnl_Id="2361">
<LocList>
<Loc EndOffset="907" SrcFileId="15" StartOffset="884"/>
</LocList>
</BasicStmnt>
</StmntSeq>
</HierarchyLvl>
<HierarchyLvl HierarchyLvlId="374" HierarchyLvlTypeId="22" Intrnl_Id="2362" Name="Pre_Filled_Form">
<Header>
<Loc EndOffset="1278" SrcFileId="15" StartOffset="919"/>
</Header>
<LocList>
<Loc EndOffset="1531" SrcFileId="15" StartOffset="919"/>
</LocList>
<StmntSeq Intrnl_Id="2363">
<LocList>
<Loc EndOffset="1525" SrcFileId="15" StartOffset="1310"/>
</LocList>
<BasicStmnt CovItemId="S6" CovItemPrefix="my.PSM.PSM_Logic.InterfaceController.java" Intrnl_Id="2364">
<LocList>
<Loc EndOffset="1525" SrcFileId="15" StartOffset="1310"/>
</LocList>
</BasicStmnt>
</StmntSeq>
</HierarchyLvl>
<HierarchyLvl HierarchyLvlId="375" HierarchyLvlTypeId="22" Intrnl_Id="2365" Name="Course_Select_Form">
<Header>
<Loc EndOffset="1573" SrcFileId="15" StartOffset="1541"/>
</Header>
<LocList>
<Loc EndOffset="1611" SrcFileId="15" StartOffset="1541"/>
</LocList>
<StmntSeq Intrnl_Id="2366">
<LocList>
<Loc EndOffset="1605" SrcFileId="15" StartOffset="1583"/>
</LocList>
<BasicStmnt CovItemId="S7" CovItemPrefix="my.PSM.PSM_Logic.InterfaceController.java" Intrnl_Id="2367">
<LocList>
<Loc EndOffset="1605" SrcFileId="15" StartOffset="1583"/>
</LocList>
</BasicStmnt>
</StmntSeq>
</HierarchyLvl>
<HierarchyLvl HierarchyLvlId="376" HierarchyLvlTypeId="22" Intrnl_Id="2368" Name="Initiate_Login_Form">
<Header>
<Loc EndOffset="1649" SrcFileId="15" StartOffset="1616"/>
</Header>
<LocList>
<Loc EndOffset="1693" SrcFileId="15" StartOffset="1616"/>
</LocList>
<StmntSeq Intrnl_Id="2369">
<LocList>
<Loc EndOffset="1686" SrcFileId="15" StartOffset="1661"/>
</LocList>
<BasicStmnt CovItemId="S8" CovItemPrefix="my.PSM.PSM_Logic.InterfaceController.java" Intrnl_Id="2370">
<LocList>
<Loc EndOffset="1686" SrcFileId="15" StartOffset="1661"/>
</LocList>
</BasicStmnt>
</StmntSeq>
</HierarchyLvl>
<HierarchyLvl HierarchyLvlId="377" HierarchyLvlTypeId="22" Intrnl_Id="2371" Name="Initiate_Message">
<Header>
<Loc EndOffset="1729" SrcFileId="15" StartOffset="1699"/>
</Header>
<LocList>
<Loc EndOffset="1738" SrcFileId="15" StartOffset="1699"/>
</LocList>
</HierarchyLvl>
<HierarchyLvl HierarchyLvlId="378" HierarchyLvlTypeId="22" Intrnl_Id="2372" Name="Initiate_MainMenu">
<Header>
<Loc EndOffset="1775" SrcFileId="15" StartOffset="1744"/>
</Header>
<LocList>
<Loc EndOffset="1813" SrcFileId="15" StartOffset="1744"/>
</LocList>
<StmntSeq Intrnl_Id="2373">
<LocList>
<Loc EndOffset="1806" SrcFileId="15" StartOffset="1786"/>
</LocList>
<BasicStmnt CovItemId="S9" CovItemPrefix="my.PSM.PSM_Logic.InterfaceController.java" Intrnl_Id="2374">
<LocList>
<Loc EndOffset="1806" SrcFileId="15" StartOffset="1786"/>
</LocList>
</BasicStmnt>
</StmntSeq>
</HierarchyLvl>
</HierarchyLvl>
<HierarchyLvl HierarchyLvlId="381" HierarchyLvlTypeId="23" Intrnl_Id="2375" Name="FutureTimer">
<Header>
<Loc EndOffset="426" SrcFileId="16" StartOffset="388"/>
</Header>
<LocList>
<Loc EndOffset="784" SrcFileId="16" StartOffset="388"/>
</LocList>
<HierarchyLvl HierarchyLvlId="380" HierarchyLvlTypeId="22" Intrnl_Id="2376" Name="schedule">
<Header>
<Loc EndOffset="489" SrcFileId="16" StartOffset="440"/>
</Header>
<LocList>
<Loc EndOffset="781" SrcFileId="16" StartOffset="440"/>
</LocList>
<StmntSeq Intrnl_Id="2377">
<LocList>
<Loc EndOffset="554" SrcFileId="16" StartOffset="515"/>
<Loc EndOffset="612" SrcFileId="16" StartOffset="564"/>
<Loc EndOffset="655" SrcFileId="16" StartOffset="622"/>
<Loc EndOffset="724" SrcFileId="16" StartOffset="665"/>
<Loc EndOffset="773" SrcFileId="16" StartOffset="744"/>
</LocList>
<BasicStmnt CovItemId="S1" CovItemPrefix="my.PSM.PSM_Logic.FutureTimer.java" Intrnl_Id="2378">
<LocList>
<Loc EndOffset="554" SrcFileId="16" StartOffset="515"/>
</LocList>
</BasicStmnt>
<BasicStmnt CovItemId="S2" CovItemPrefix="my.PSM.PSM_Logic.FutureTimer.java" Intrnl_Id="2379">
<LocList>
<Loc EndOffset="612" SrcFileId="16" StartOffset="564"/>
</LocList>
</BasicStmnt>
<BasicStmnt CovItemId="S3" CovItemPrefix="my.PSM.PSM_Logic.FutureTimer.java" Intrnl_Id="2380">
<LocList>
<Loc EndOffset="655" SrcFileId="16" StartOffset="622"/>
</LocList>
</BasicStmnt>
<CondStmnt CovItemId="S4" CovItemPrefix="my.PSM.PSM_Logic.FutureTimer.java" Intrnl_Id="2381">
<Branch CovItemId="B1" CovItemPrefix="my.PSM.PSM_Logic.FutureTimer.java" Implct="false" Intrnl_Id="2382">
<Cond/>
<LocList>
<Loc EndOffset="724" SrcFileId="16" StartOffset="717"/>
</LocList>
<StmntSeq Intrnl_Id="2383">
<LocList>
<Loc EndOffset="724" SrcFileId="16" StartOffset="717"/>
</LocList>
<BasicStmnt CovItemId="S5" CovItemPrefix="my.PSM.PSM_Logic.FutureTimer.java" Intrnl_Id="2384">
<LocList>
<Loc EndOffset="724" SrcFileId="16" StartOffset="717"/>
</LocList>
</BasicStmnt>
</StmntSeq>
</Branch>
<Branch CovItemId="B2" CovItemPrefix="my.PSM.PSM_Logic.FutureTimer.java" Implct="true" Intrnl_Id="2385">
<Cond/>
<LocList/>
<StmntSeq Intrnl_Id="2386">
<LocList/>
</StmntSeq>
</Branch>
<Keyword EndOffset="667" SrcFileId="16" StartOffset="665"/>
<LocList>
<Loc EndOffset="724" SrcFileId="16" StartOffset="665"/>
</LocList>
<RootTerm CovItemId="C1" CovItemPrefix="my.PSM.PSM_Logic.FutureTimer.java" Intrnl_Id="2387">
<BasicBoolTerm Intrnl_Id="2388">
<LocList>
<Loc EndOffset="702" SrcFileId="16" StartOffset="669"/>
</LocList>
</BasicBoolTerm>
</RootTerm>
</CondStmnt>
<BasicStmnt CovItemId="S6" CovItemPrefix="my.PSM.PSM_Logic.FutureTimer.java" Intrnl_Id="2389">
<LocList>
<Loc EndOffset="773" SrcFileId="16" StartOffset="744"/>
</LocList>
</BasicStmnt>
</StmntSeq>
</HierarchyLvl>
</HierarchyLvl>
<HierarchyLvl HierarchyLvlId="387" HierarchyLvlTypeId="23" Intrnl_Id="2390" Name="Authenticate">
<Header>
<Loc EndOffset="299" SrcFileId="17" StartOffset="274"/>
</Header>
<LocList>
<Loc EndOffset="1201" SrcFileId="17" StartOffset="274"/>
</LocList>
<HierarchyLvl HierarchyLvlId="382" HierarchyLvlTypeId="22" Intrnl_Id="2391" Name="Authenticate">
<Header>
<Loc EndOffset="468" SrcFileId="17" StartOffset="447"/>
</Header>
<LocList>
<Loc EndOffset="508" SrcFileId="17" StartOffset="447"/>
</LocList>
<StmntSeq Intrnl_Id="2392">
<LocList>
<Loc EndOffset="502" SrcFileId="17" StartOffset="475"/>
</LocList>
<BasicStmnt CovItemId="S1" CovItemPrefix="my.PSM.PSM_Logic.Authenticate.java" Intrnl_Id="2393">
<LocList>
<Loc EndOffset="502" SrcFileId="17" StartOffset="475"/>
</LocList>
</BasicStmnt>
</StmntSeq>
</HierarchyLvl>
<HierarchyLvl HierarchyLvlId="383" HierarchyLvlTypeId="22" Intrnl_Id="2394" Name="Authenticate">
<Header>
<Loc EndOffset="556" SrcFileId="17" StartOffset="513"/>
</Header>
<LocList>
<Loc EndOffset="657" SrcFileId="17" StartOffset="513"/>
</LocList>
<StmntSeq Intrnl_Id="2395">
<LocList>
<Loc EndOffset="583" SrcFileId="17" StartOffset="567"/>
<Loc EndOffset="606" SrcFileId="17" StartOffset="592"/>
<Loc EndOffset="642" SrcFileId="17" StartOffset="615"/>
</LocList>
<BasicStmnt CovItemId="S2" CovItemPrefix="my.PSM.PSM_Logic.Authenticate.java" Intrnl_Id="2396">
<LocList>
<Loc EndOffset="583" SrcFileId="17" StartOffset="567"/>
</LocList>
</BasicStmnt>
<BasicStmnt CovItemId="S3" CovItemPrefix="my.PSM.PSM_Logic.Authenticate.java" Intrnl_Id="2397">
<LocList>
<Loc EndOffset="606" SrcFileId="17" StartOffset="592"/>
</LocList>
</BasicStmnt>
<BasicStmnt CovItemId="S4" CovItemPrefix="my.PSM.PSM_Logic.Authenticate.java" Intrnl_Id="2398">
<LocList>
<Loc EndOffset="642" SrcFileId="17" StartOffset="615"/>
</LocList>
</BasicStmnt>
</StmntSeq>
</HierarchyLvl>
<HierarchyLvl HierarchyLvlId="384" HierarchyLvlTypeId="22" Intrnl_Id="2399" Name="setCredentials">
<Header>
<Loc EndOffset="714" SrcFileId="17" StartOffset="662"/>
</Header>
<LocList>
<Loc EndOffset="765" SrcFileId="17" StartOffset="662"/>
</LocList>
<StmntSeq Intrnl_Id="2400">
<LocList>
<Loc EndOffset="737" SrcFileId="17" StartOffset="721"/>
<Loc EndOffset="759" SrcFileId="17" StartOffset="743"/>
</LocList>
<BasicStmnt CovItemId="S5" CovItemPrefix="my.PSM.PSM_Logic.Authenticate.java" Intrnl_Id="2401">
<LocList>
<Loc EndOffset="737" SrcFileId="17" StartOffset="721"/>
</LocList>
</BasicStmnt>
<BasicStmnt CovItemId="S6" CovItemPrefix="my.PSM.PSM_Logic.Authenticate.java" Intrnl_Id="2402">
<LocList>
<Loc EndOffset="759" SrcFileId="17" StartOffset="743"/>
</LocList>
</BasicStmnt>
</StmntSeq>
</HierarchyLvl>
<HierarchyLvl HierarchyLvlId="385" HierarchyLvlTypeId="22" Intrnl_Id="2403" Name="validate_Login">
<Header>
<Loc EndOffset="801" SrcFileId="17" StartOffset="770"/>
</Header>
<LocList>
<Loc EndOffset="1010" SrcFileId="17" StartOffset="770"/>
</LocList>
<StmntSeq Intrnl_Id="2404">
<LocList>
<Loc EndOffset="874" SrcFileId="17" StartOffset="836"/>
<Loc EndOffset="1001" SrcFileId="17" StartOffset="923"/>
</LocList>
<BasicStmnt CovItemId="S7" CovItemPrefix="my.PSM.PSM_Logic.Authenticate.java" Intrnl_Id="2405">
<LocList>
<Loc EndOffset="874" SrcFileId="17" StartOffset="836"/>
</LocList>
</BasicStmnt>
<CondStmnt CovItemId="S8" CovItemPrefix="my.PSM.PSM_Logic.Authenticate.java" Intrnl_Id="2406">
<Branch CovItemId="B1" CovItemPrefix="my.PSM.PSM_Logic.Authenticate.java" Implct="false" Intrnl_Id="2407">
<Cond/>
<LocList>
<Loc EndOffset="962" SrcFileId="17" StartOffset="950"/>
</LocList>
<StmntSeq Intrnl_Id="2408">
<LocList>
<Loc EndOffset="962" SrcFileId="17" StartOffset="950"/>
</LocList>
<BasicStmnt CovItemId="S9" CovItemPrefix="my.PSM.PSM_Logic.Authenticate.java" Intrnl_Id="2409">
<LocList>
<Loc EndOffset="962" SrcFileId="17" StartOffset="950"/>
</LocList>
</BasicStmnt>
</StmntSeq>
</Branch>
<Branch CovItemId="B2" CovItemPrefix="my.PSM.PSM_Logic.Authenticate.java" Implct="false" Intrnl_Id="2410">
<Cond>
<Loc EndOffset="975" SrcFileId="17" StartOffset="971"/>
</Cond>
<LocList>
<Loc EndOffset="1001" SrcFileId="17" StartOffset="988"/>
</LocList>
<StmntSeq Intrnl_Id="2411">
<LocList>
<Loc EndOffset="1001" SrcFileId="17" StartOffset="988"/>
</LocList>
<BasicStmnt CovItemId="S10" CovItemPrefix="my.PSM.PSM_Logic.Authenticate.java" Intrnl_Id="2412">
<LocList>
<Loc EndOffset="1001" SrcFileId="17" StartOffset="988"/>
</LocList>
</BasicStmnt>
</StmntSeq>
</Branch>
<Keyword EndOffset="925" SrcFileId="17" StartOffset="923"/>
<LocList>
<Loc EndOffset="1001" SrcFileId="17" StartOffset="923"/>
</LocList>
<RootTerm CovItemId="C1" CovItemPrefix="my.PSM.PSM_Logic.Authenticate.java" Intrnl_Id="2413">
<BasicBoolTerm Intrnl_Id="2414">
<LocList>
<Loc EndOffset="936" SrcFileId="17" StartOffset="926"/>
</LocList>
</BasicBoolTerm>
</RootTerm>
</CondStmnt>
</StmntSeq>
</HierarchyLvl>
<HierarchyLvl HierarchyLvlId="386" HierarchyLvlTypeId="22" Intrnl_Id="2415" Name="logout">
<Header>
<Loc EndOffset="1043" SrcFileId="17" StartOffset="1020"/>
</Header>
<LocList>
<Loc EndOffset="1194" SrcFileId="17" StartOffset="1020"/>
</LocList>
<StmntSeq Intrnl_Id="2416">
<LocList>
<Loc EndOffset="1101" SrcFileId="17" StartOffset="1077"/>
<Loc EndOffset="1188" SrcFileId="17" StartOffset="1110"/>
</LocList>
<BasicStmnt CovItemId="S11" CovItemPrefix="my.PSM.PSM_Logic.Authenticate.java" Intrnl_Id="2417">
<LocList>
<Loc EndOffset="1101" SrcFileId="17" StartOffset="1077"/>
</LocList>
</BasicStmnt>
<CondStmnt CovItemId="S12" CovItemPrefix="my.PSM.PSM_Logic.Authenticate.java" Intrnl_Id="2418">
<Branch CovItemId="B3" CovItemPrefix="my.PSM.PSM_Logic.Authenticate.java" Implct="false" Intrnl_Id="2419">
<Cond/>
<LocList>
<Loc EndOffset="1149" SrcFileId="17" StartOffset="1137"/>
</LocList>
<StmntSeq Intrnl_Id="2420">
<LocList>
<Loc EndOffset="1149" SrcFileId="17" StartOffset="1137"/>
</LocList>
<BasicStmnt CovItemId="S13" CovItemPrefix="my.PSM.PSM_Logic.Authenticate.java" Intrnl_Id="2421">
<LocList>
<Loc EndOffset="1149" SrcFileId="17" StartOffset="1137"/>
</LocList>
</BasicStmnt>
</StmntSeq>
</Branch>
<Branch CovItemId="B4" CovItemPrefix="my.PSM.PSM_Logic.Authenticate.java" Implct="false" Intrnl_Id="2422">
<Cond>
<Loc EndOffset="1162" SrcFileId="17" StartOffset="1158"/>
</Cond>
<LocList>
<Loc EndOffset="1188" SrcFileId="17" StartOffset="1175"/>
</LocList>
<StmntSeq Intrnl_Id="2423">
<LocList>
<Loc EndOffset="1188" SrcFileId="17" StartOffset="1175"/>
</LocList>
<BasicStmnt CovItemId="S14" CovItemPrefix="my.PSM.PSM_Logic.Authenticate.java" Intrnl_Id="2424">
<LocList>
<Loc EndOffset="1188" SrcFileId="17" StartOffset="1175"/>
</LocList>
</BasicStmnt>
</StmntSeq>
</Branch>
<Keyword EndOffset="1112" SrcFileId="17" StartOffset="1110"/>
<LocList>
<Loc EndOffset="1188" SrcFileId="17" StartOffset="1110"/>
</LocList>
<RootTerm CovItemId="C2" CovItemPrefix="my.PSM.PSM_Logic.Authenticate.java" Intrnl_Id="2425">
<BasicBoolTerm Intrnl_Id="2426">
<LocList>
<Loc EndOffset="1123" SrcFileId="17" StartOffset="1113"/>
</LocList>
</BasicBoolTerm>
</RootTerm>
</CondStmnt>
</StmntSeq>
</HierarchyLvl>
</HierarchyLvl>
</HierarchyLvl>
</HierarchyLvl>
</HierarchyLvl>
</HierarchyLvl>
</MASTRoot>
</TestSessionContainer>
