<?xml version="1.0" encoding="UTF-8"?><TestSessionContainer xmlns="http://www.codecover.org/xml/testsession-container" Date="1467208880569" TestSessionContainerId="ad1650e1-bcd8-40f1-ab43-bf15157fc8ac" version="1.0">
<SrcFileList>
<SrcFile Content="/*&#10; * Authenticate.java&#10; *&#10; * Created on April 8, 2008, 3:25 PM&#10; *&#10; * To change this template, choose Tools | Template Manager&#10; * and open the template in the editor.&#10; */&#10;&#10;package my.PSM.PSM_Logic;&#10;&#10;import my.PSM.PSM_Storage.DataStoreFacade;&#10;&#10;/**&#10; *&#10; * @author lrizo002&#10; */&#10;public class Authenticate {&#10;    &#10;    protected String username;&#10;    protected String password;&#10;    DataStoreFacade db;&#10;    /** Creates a new instance of Authenticate */&#10;    public Authenticate(){&#10;    &#9;db = new DataStoreFacade();&#10;    }&#10;    public Authenticate(String user, String pw) {&#10;        username = user;&#10;        password = pw;&#10;        db = new DataStoreFacade();&#10;        &#10;    }&#10;    public void setCredentials(String user, String pass){&#10;    &#9;username = user;&#10;    &#9;password = pass;&#10;    }&#10;    public boolean validate_Login()&#10;    {&#10;        int state; &#10;        state = db.connect(username,password);          // connect to default database&#10;        if(state == 0)&#10;            return true;&#10;        else&#10;            return false;   &#10;    }&#10;    &#10;    public boolean logout()&#10;    {&#10;        int state;&#10;        state = db.disconnect();&#10;        if(state == 0)&#10;            return true;&#10;        else&#10;            return false;&#10;    }&#10;    &#10;}&#10;" Filename="Authenticate.java" Intrnl_Id="1"/>
<SrcFile Content="/*&#13;&#10; * FutureTimer.java&#13;&#10; *&#13;&#10; * Created on April 17, 2008, 3:33 PM&#13;&#10; *&#13;&#10; * To change this template, choose Tools | Template Manager&#13;&#10; * and open the template in the editor.&#13;&#10; */&#13;&#10;&#13;&#10;package my.PSM.PSM_Logic;&#13;&#10;import java.util.Calendar;&#13;&#10;import java.util.GregorianCalendar;&#13;&#10;import java.util.Timer;&#13;&#10;import java.util.TimerTask;&#13;&#10;import java.util.Date;&#13;&#10;&#13;&#10;/**&#13;&#10; *&#13;&#10; * @author lrizo002&#13;&#10; */&#13;&#10;public class FutureTimer extends Timer {&#13;&#10;    &#13;&#10;    public void schedule(TimerTask task, Date myDate)&#13;&#10;    {&#13;&#10;       &#13;&#10;        Calendar cal = new GregorianCalendar();&#13;&#10;        cal.setTimeInMillis(System.currentTimeMillis());&#13;&#10;        Date currentDate = cal.getTime();&#13;&#10;        if (myDate.compareTo(currentDate) &lt; 0)&#13;&#10;            return;&#13;&#10;        &#13;&#10;        super.schedule(task, myDate); &#13;&#10;    }&#13;&#10;}&#13;&#10;" Filename="FutureTimer.java" Intrnl_Id="2"/>
<SrcFile Content="package my.PSM.PSM_Logic;&#10;&#10;import my.PSM.PSM_Interface.InterfaceFacade;&#10;&#10;//&#10;//&#10;//  Generated by StarUML(tm) Java Add-In&#10;//&#10;//  @ Project : PSM - Professor Schedule Manager&#10;//  @ File Name : &#10;//  @ Date : 03/16/2008&#10;//  @ Author : &#10;//&#10;//&#10;&#10;public class InterfaceController {&#10;    public InterfaceFacade facade;&#10;    &#10;    public InterfaceController()&#10;    {&#10;        &#10;    }&#10;    public void setFacade(InterfaceFacade temp){&#10;    &#9;facade = temp;&#10;    }&#10;    public void passwordLock()&#10;    {&#10;        facade.lockedOut();&#10;    }&#10;    public void Initiate_Logout() &#10;    {&#10;        //System.out.print(&quot;lame&quot;);&#10;        &#10;         //logout.launchLogout();&#10;         facade.logoutConfirmation();&#10;     &#10;    }&#10;&#10;    public void Initiate_IncorrectLogin()&#10;    {&#10;        &#10;        facade.incorrectLogin();&#10;        //il.launchForm();&#10;        &#10;    }&#10;    &#10;    public void Initiate_Schedule_Form() &#10;    {&#10;       &#10;       facade.launchInitial();&#10;    }&#10;&#10;    public void Pre_Filled_Form(int courseID, String courseSubj, String courseName, String semester,&#10;            String startDate, String endDate, String startMon, String endMon,&#10;            String startTue, String endTue, String startWed, String endWed, String startThu, String endThu, &#10;            String startFri, String endFri, String startSat, String endSat) &#10;    {&#10;&#10;    &#10;        &#10;         facade.launchEdit(courseID, courseSubj, courseName, semester,&#10;            startDate, endDate, startMon, endMon, startTue, endTue, &#10;            startWed, endWed, startThu, endThu, startFri, endFri, startSat, endSat);&#10;    }&#10;    &#10;    public void Course_Select_Form(){&#10;        facade.launchCourse();&#10;    }&#10;    public void Initiate_Login_Form() {&#10;&#10;        facade.launchLoginForm();&#10;&#10;    }&#10;&#10;    public void Initiate_Message() {&#10;&#10;    }&#10;&#10;    public void Initiate_MainMenu() {&#10;        facade.launchMenu();&#10;&#10;    }&#10;}&#10;" Filename="InterfaceController.java" Intrnl_Id="3"/>
<SrcFile Content="/*&#10; * To change this template, choose Tools | Templates&#10; * and open the template in the editor.&#10; */&#10;package my.PSM.PSM_Logic;&#10;&#10;import my.PSM.PSM_Storage.DataStoreFacade;&#10;&#10;/**&#10; *&#10; * @author clarkep&#10; */&#10;public class LogicFacade {&#10;    private appController app;&#10;    private Authenticate aut;&#10;    private FutureTimer futureTime;&#10;    private InterfaceController ic;&#10;    &#10;    public LogicFacade(DataStoreFacade dataFacade){&#10;    &#9;app = new appController();&#10;    &#9;app.setDataStoreFacade(dataFacade);&#10;    &#9;futureTime = new FutureTimer();&#10;    &#9;ic = new InterfaceController();&#10;    }&#10;    &#10;    public static String fetchCourses(){&#10;    &#9;return appController.fetchCourses();&#10;    }&#10;}&#10;" Filename="LogicFacade.java" Intrnl_Id="4"/>
<SrcFile Content="package my.PSM.PSM_Logic;&#13;&#10;&#13;&#10;import my.PSM.PSM_Interface.InterfaceFacade;&#13;&#10;&#13;&#10;public class PSM_app {&#13;&#10;&#13;&#10;&#9;public static void main(String[] args) {&#13;&#10;//      Calendar now = new GregorianCalendar();&#13;&#10;//      now.set(2008, 3, 15, 13, 29);&#13;&#10;//      date = now.getTime();&#13;&#10;//     &#13;&#10;&#9;   &#9;appController app = new appController();&#13;&#10;&#9;   &#9;InterfaceFacade fac = new InterfaceFacade();&#13;&#10;    &#9;fac.initiate(new LogicFacade(app.dataFacade));&#13;&#10;    &#9;app.getIC().setFacade(fac);&#13;&#10;&#9;   &#9;app.myMain();&#13;&#10;&#9;}&#13;&#10;&#13;&#10;}&#13;&#10;" Filename="PSM_app.java" Intrnl_Id="5"/>
<SrcFile Content="/*&#10; * ApplicationLogic.java&#10; *&#10; * Created on April 12, 2008, 11:03 AM&#10; *&#10; * To change this template, choose Tools | Template Manager&#10; * and open the template in the editor.&#10; */&#10;&#10;package my.PSM.PSM_Logic;&#10;&#10;import java.util.Timer;&#10;import java.util.TimerTask;&#10;import java.util.Date;&#10;import java.util.Calendar;&#10;import java.util.GregorianCalendar;&#10;import java.util.ArrayList;&#10;import java.lang.Thread;&#10;import java.util.logging.Level;&#10;import java.util.logging.Logger;&#10;&#10;import my.PSM.PSM_Storage.DBConnection;&#10;import my.PSM.PSM_Storage.DataStoreFacade;&#10;import my.PSM.PSM_Interface.*;&#10;&#10;/**&#10; *&#10; * @author lrizo002&#10; */&#10;public class appController {&#10;    &#10;    private static final long TENMIN = 600000;&#10;    &#10;    private static int hr;&#10;    private static int min;&#10;    private static Calendar autoClear = new GregorianCalendar();&#10;    private static Calendar setRun = new GregorianCalendar();&#10;    private static Calendar calendar = new GregorianCalendar();&#10;    private static Timer timer = new FutureTimer();&#10;    private static Date date = new Date();&#10;    private static Date date2 = new Date();&#10;    &#10;    public static String defSub = &quot;&quot;;&#10;    public static String defSemester = &quot;&quot;;&#10;    public static String defCourseName = &quot;&quot;;&#10;    public static String defCourseStart = &quot;&quot;;&#10;    public static String defCourseEnd = &quot;&quot;;&#10;    public static String defMonStart = &quot;&quot;;&#10;    public static String defMonEnd = &quot;&quot;;&#10;    public static String defTueStart = &quot;&quot;;&#10;    public static String defTueEnd = &quot;&quot;;&#10;    public static String defWedStart = &quot;&quot;;&#10;    public static String defWedEnd = &quot;&quot;;&#10;    public static String defThuStart = &quot;&quot;;&#10;    public static String defThuEnd = &quot;&quot;;&#10;    public static String defFriStart = &quot;&quot;;&#10;    public static String defFriEnd = &quot;&quot;;&#10;    public static String defSatStart = &quot;&quot;;&#10;    public static String defSatEnd = &quot;&quot;;&#10;    &#10;    private static String username;&#10;    private static String password;&#10;    private static boolean loggedin;&#10;    private static boolean dataReceived = false;&#10;    private static boolean edSchedSel = false;&#10;    public static boolean isEdSchedSel() {&#10;&#9;&#9;return edSchedSel;&#10;&#9;}&#10;&#10;&#9;public static boolean isSchedSetupSel() {&#10;&#9;&#9;return schedSetupSel;&#10;&#9;}&#10;&#10;&#9;public static boolean isLogoutSel() {&#10;&#9;&#9;return logoutSel;&#10;&#9;}&#10;&#10;&#10;&#9;private static boolean schedSetupSel = false;&#10;    private static boolean logoutSel = false;&#10;    &#10;    private static int clearDate, clearMonth, clearYear;&#10; &#10;&#10;&#9;private static int counter = 0;&#10;    &#10;    public static DataStoreFacade dataFacade = new DataStoreFacade();&#10;    private static InterfaceController ic = new InterfaceController();&#10;    private static Authenticate auth = new Authenticate();&#10;    private static int courseSel;&#10;    private static long classEnded = 0;&#10;       &#10;    &#10;    /** Creates a new instance of ApplicationLogic */&#10;    public appController() {&#10;        hr = min = 0;&#10;    }&#10;    &#10;    /* Set to the stubs when testing*/&#10;    public static void setDataStoreFacade(DataStoreFacade temp){&#10;    &#9;dataFacade = temp;&#10;    }&#10;    public static void setInterfaceController(InterfaceController temp){&#10;    &#9;ic = temp;&#10;    }&#10;    public static void setAuthenticate(Authenticate temp){&#10;    &#9;auth = temp;&#10;    }&#10;    public void appMainMenu(){    &#10;        long newCurrentTime;&#10;        while(!dataReceived)&#10;        {&#10;            dataReceived = ic.facade.menuDataRec();&#10;            edSchedSel = ic.facade.editSchedSelected();&#10;            schedSetupSel = ic.facade.InitSetupSelected();&#10;            logoutSel = ic.facade.logoutSelected();&#10;            //System.out.println(&quot;Class end time: &quot; +classEnded);&#10;            //System.out.println(&quot;Current time: &quot; +System.currentTimeMillis());&#10;                    &#10;                    &#10;            if(classEnded != 0 &amp;&amp; System.currentTimeMillis() - classEnded &gt;= TENMIN)&#10;            {&#10;              //System.out.println(&quot;EXIT&quot;);&#10;            &#9;return;&#9;              &#10;        &#9;}&#10;            &#10;            sleep(500);&#10;        }&#10;        newCurrentTime = 0;&#10;        ic.facade.setMenuDataRec(false);&#10;        dataReceived = false;&#10;        &#10;       // db.disconnect();&#10;&#9;}&#10;    public void myMain(){&#10;    &#9;appLogin();&#10;    &#9;if(loggedin){&#10;    &#9;&#9;ic.Initiate_MainMenu();&#10;    &#9;&#9;if(checkClear())&#10;&#9;        {&#10;&#9;            dataFacade.clearDatabase();&#10;&#9;        }&#10;    &#9;&#9;checkTimes();&#10;&#9;    &#9;while(!logoutSel){&#10;&#9;    &#9;&#9;appMainMenu();&#10;&#9;&#9;    &#9;if(logoutSel)&#10;&#9;&#9;        {&#10;&#9;&#9;            // Logout &#10;&#9;&#9;            auth.logout();&#10;&#9;&#9;            ic.Initiate_Logout();&#10;&#9;&#9;&#10;&#9;&#9;        }&#10;&#9;&#9;        else if(edSchedSel)&#10;&#9;&#9;        {&#10;&#9;&#9;            appEditSched();&#10;&#9;&#9;        }&#10;&#9;&#9;        else if(schedSetupSel)&#10;&#9;&#9;        {&#10;&#9;&#9;            setupSched();&#10;&#9;&#9;        }&#10;&#9;    &#9;}&#10;    &#9;}&#10;    }&#10;    public void setUser(String user){&#10;    &#9;username = user;&#10;    }&#10;    public void setPassword(String pw){&#10;    &#9;password = pw;&#10;    }&#10;    public String getUser(){&#10;    &#9;return username;&#10;    }&#10;    public String getPass(){&#10;    &#9;return password;&#10;    }&#10;    public boolean getLoggedIn(){&#10;    &#9;return loggedin;&#10;    }&#10;    public static String fetchCourses(){&#10;    &#9;return dataFacade.fetchCourses();&#10;    }&#10;    public InterfaceController getIC(){&#10;    &#9;return ic;&#10;    }&#10;    public Calendar getSetRun(){&#10;    &#9;return setRun;&#10;    }&#10;    public static int getClearDate() {&#10; &#9;&#9;return clearDate;&#10; &#9;}&#10;&#10; &#9;public static int getClearMonth() {&#10; &#9;&#9;return clearMonth;&#10; &#9;}&#10;&#10; &#9;public static int getClearYear() {&#10; &#9;&#9;return clearYear;&#10; &#9;}&#10;&#10; &#9;public int getCounter(){&#10; &#9;&#9;return counter;&#10; &#9;}&#10;    public static void setupSched(){&#10;    &#9;ic.facade.launchInitial();&#10;        //Initial Schedule Setup&#10;        while(!ic.facade.schedDataRec())&#10;        {&#10;            dataReceived = ic.facade.schedDataRec();&#10;            sleep(300);&#10;        }&#10;        dataReceived = false;&#10;        ic.facade.setSchedDataRec(false);&#10;        &#10;        dataFacade.storeClassInfo(ic.facade.getNewCourseID(), ic.facade.getNewSub(), ic.facade.getNewCourseName(),ic.facade.getNewSemester());&#10;        dataFacade.storeClassSched(ic.facade.getNewCourseID(), ic.facade.getNewCourseStart(), ic.facade.getNewCourseEnd(), &#10;                ic.facade.getNewMonStart(), ic.facade.getNewMonEnd(), ic.facade.getNewTueStart(), ic.facade.getNewTueEnd(), &#10;                ic.facade.getNewWedStart(), ic.facade.getNewWedEnd(), ic.facade.getNewThuStart(), ic.facade.getNewThuEnd(), &#10;                ic.facade.getNewFriStart(), ic.facade.getNewFriEnd(), ic.facade.getNewSatStart(), ic.facade.getNewSatEnd());&#10;&#10;    }&#10;    public static void appEditSched(){&#10;    &#9; //Edit Schedule&#10;        ic.Course_Select_Form();&#10;&#10;        while(!dataReceived)&#10;        {&#10;            dataReceived = ic.facade.courseSelected();&#10;            sleep(300);&#10;         //   System.out.println(&quot;test&quot;);&#10;        }&#10;&#10;        ic.facade.setCourseSelected(false);&#10;        dataReceived = false;&#10;&#10;        courseSel = ic.facade.getSelection();&#10;        getData(courseSel);&#10;        &#10;        ic.Pre_Filled_Form(courseSel,defSub,defCourseName,defSemester,defCourseStart,&#10;                defCourseEnd,defMonStart,defMonEnd,defTueStart,defTueEnd,defWedStart,&#10;                defWedEnd,defThuStart,defThuEnd,defFriStart,defFriEnd,defSatStart,defSatEnd);&#10;        &#10;        while(!dataReceived)&#10;        {&#10;            dataReceived = ic.facade.psDataRec(); &#10;            sleep(300);&#10;        }&#10;        &#10;        dataReceived = false;&#10;        ic.facade.setPsDataRec(false);&#10;&#10;        //System.out.println(&quot;Save has been pressed&quot; +ic.edSched.newMonStart);&#10;&#10;        dataFacade.storeClassSched(ic.facade.getDefCourseID(), ic.facade.getpNewCourseStart(), ic.facade.getpNewCourseEnd(), &#10;                ic.facade.getpNewMonStart(), ic.facade.getpNewMonEnd(), ic.facade.getpNewTueStart(), ic.facade.getpNewTueEnd(), &#10;                ic.facade.getpNewWedStart(), ic.facade.getpNewWedEnd(), ic.facade.getpNewThuStart(), ic.facade.getpNewThuEnd(), &#10;                ic.facade.getpNewFriStart(), ic.facade.getpNewFriEnd(), ic.facade.getpNewSatStart(), ic.facade.getpNewSatEnd());&#10;&#10;&#10;    }&#10;    &#10;    public static void appLogin(){&#10;    &#9;while(!loggedin)&#10;        {           &#10;            ic.Initiate_Login_Form();            &#10;            &#10;             do&#10;             {&#10;                 dataReceived = ic.facade.dataReceived();&#10;                 sleep(300);&#10;                 &#10;             }while(!dataReceived);&#10;             ic.facade.setLogDataRec(false);&#10;             dataReceived = false;&#10;             username = ic.facade.getUsername();&#10;             password = ic.facade.getPassword();&#10;&#10;             &#10;             auth.setCredentials(username,password);&#10;             if(auth.validate_Login()){&#10;                 loggedin = true;&#10;                 auth.logout();&#10;                 dataFacade.connect(username,password);&#10;             }&#10;             &#10;               &#10;             if(!loggedin){&#10;                 ic.Initiate_IncorrectLogin();&#10;                 counter++;&#10;                 while(!dataReceived)&#10;                 {&#10;                     dataReceived = ic.facade.getAck();&#10;                     System.out.println(&quot;in&quot;);&#10;                 }&#10;                 dataReceived = false;&#10;                 ic.facade.setAck(false);&#10;                 &#10;             }&#10;             if(counter &gt;= 3){&#10;                &#10;                 ic.passwordLock();&#10;                 while(!dataReceived)&#10;                 {&#10;                     dataReceived = ic.facade.getAck();&#10;                     &#10;                 }&#10;                 return;&#10;             }&#10;        }&#10;    }&#10;    public static boolean checkClear()&#10;    {&#10;        ArrayList&lt;String&gt; endDates = dataFacade.getEndDates();&#10;        Calendar endCal = new GregorianCalendar();&#10;        Calendar now = Calendar.getInstance();&#10;        &#10;        for(int i = 0; i &lt; endDates.size(); i++)&#10;        {&#10;            dateParser(endDates.get(i));&#10;            &#10;            //System.out.println(&quot;Day : &quot; +clearDate);&#10;            //System.out.println(&quot;Month : &quot; +clearMonth);&#10;            //System.out.println(&quot;Year : &quot; +clearYear);&#10;&#10;            endCal.set(clearYear + 2000, clearMonth-1, clearDate);&#10;            if(now.compareTo(endCal) &lt;= 0)&#10;               return false;&#10;                &#10;        }&#10;        return true;&#10;                &#10;    }&#10;            &#10;    public static void checkTimes()&#10;    {&#10;        ArrayList&lt;Integer&gt; courseList = dataFacade.getCourses();&#10;        &#10;        Calendar tempC = new GregorianCalendar();&#10;        int currentDay = tempC.get(tempC.DAY_OF_WEEK);&#10;        tempC.setTimeInMillis(System.currentTimeMillis());&#10;        //System.out.println(&quot;Curr Day: &quot; +currentDay);&#10;        Date fifteenMin;&#10;        Date fiveMin;&#10;        Date endClass;&#10;        &#10;        for(int i = 0; i &lt; courseList.size(); i++)&#10;        {&#10;            boolean isNull = true;&#10;            getData(courseList.get(i).intValue());&#10;            Timer newTimer = new FutureTimer();&#10;            &#10;            if(currentDay == 2 &amp;&amp; defMonEnd.compareTo(&quot;&quot;) != 0)&#10;            {&#10;                timerParser(defMonEnd);&#10;                isNull = false;&#10;            }&#10;            else if(currentDay == 3 &amp;&amp; defTueEnd.compareTo(&quot;&quot;) != 0)&#10;            {&#10;                timerParser(defTueEnd);&#10;                isNull = false;&#10;            }&#10;            else if(currentDay == 4 &amp;&amp; defWedEnd.compareTo(&quot;&quot;) != 0)&#10;            {&#10;                timerParser(defWedEnd);&#10;                isNull = false;&#10;            }&#10;            else if(currentDay == 5 &amp;&amp; defThuEnd.compareTo(&quot;&quot;) != 0)&#10;            {&#10;                timerParser(defThuEnd);&#10;                isNull = false;&#10;            }&#10;            else if(currentDay == 6 &amp;&amp; defFriEnd.compareTo(&quot;&quot;) != 0)&#10;            {&#10;                timerParser(defFriEnd);&#10;                isNull = false;&#10;            }&#10;            &#10;            else if(currentDay == 7 &amp;&amp; defSatEnd.compareTo(&quot;&quot;) != 0)&#10;            {&#10;                &#10;                timerParser(defSatEnd);&#10;                isNull = false;&#10;            }&#10;            &#10;            &#10;            if(!isNull){&#10;                fiveMin = get5BeforeEnd(hr, min);&#10;                newTimer.schedule(popup5min, fiveMin);&#10;                fifteenMin = get15BeforeEnd(hr, min);              &#10;                newTimer.schedule(popup15min, fifteenMin);&#10;                endClass = getEndTime(hr, min);&#10;                newTimer.schedule(endofclass, endClass);&#10;            }&#10;        }   &#10;       &#10;    }&#10;    &#10;    public static void getData(int course)&#10;    {&#10;        defSub = dataFacade.fetchCourseSubj(course);&#10;        defSemester = dataFacade.fetchCourseSemester(course);&#10;        defCourseName = dataFacade.fetchCourseName(course);&#10;        defCourseStart = dataFacade.fetchCourseStart(course);&#10;        defCourseEnd = dataFacade.fetchCourseEnd(course);&#10;        defMonStart = dataFacade.fetchStartMon(course);&#10;        defMonEnd = dataFacade.fetchEndMon(course);&#10;        defTueStart = dataFacade.fetchStartTue(course);&#10;        defTueEnd = dataFacade.fetchEndTue(course);&#10;        defWedStart = dataFacade.fetchStartWed(course);&#10;        defWedEnd = dataFacade.fetchEndWed(course);&#10;        defThuStart = dataFacade.fetchStartThu(course);&#10;        defThuEnd = dataFacade.fetchEndThu(course);&#10;        defFriStart = dataFacade.fetchStartFri(course);&#10;        defFriEnd = dataFacade.fetchEndFri(course);&#10;        defSatStart = dataFacade.fetchStartSat(course);&#10;        defSatEnd = dataFacade.fetchEndSat(course);           &#10;    }&#10;    &#10;    &#10;    public static void sleep(int milli)&#10;    {&#10;          try { &#10;           Thread.sleep(milli);&#10;        } catch (InterruptedException ex) {&#10;           Logger.getLogger(appController.class.getName()).log(Level.SEVERE, null, ex);&#10;        }&#10;    }&#10;&#9;&#10;    public static void LogIn()&#10;    {      &#10;        if(dataFacade.connect(username,password) == 0)&#10;            loggedin = true;&#10;        else&#10;            loggedin = false;        &#10;    }&#10;    &#10;    public static DataStoreFacade getCon()&#10;    {&#10;        return dataFacade;&#10;    }&#10;    &#10;    &#10;    private static TimerTask dbClear = new TimerTask()&#10;    {&#10;        public void run()&#10;        {&#10;           dataFacade.clearDatabase();&#10;        }&#10;    };&#10;    &#10;    private static TimerTask popup15min = new TimerTask()&#10;    {&#10;        public void run()&#10;        {&#10;            ic.facade.FifteenMinWarning();&#10;        }&#10;    };&#10;&#9;&#10;    private static TimerTask popup5min = new TimerTask()&#10;    {&#10;        public void run()&#10;        {&#10;            ic.facade.FiveMinWarning();&#10;        }&#10;    };&#10;    &#10;    &#10;    private static TimerTask endofclass = new TimerTask()&#10;    {&#10;        public void run()&#10;        {&#10;            ic.facade.endClassWarning();&#10;            classEnded = System.currentTimeMillis();&#10;        }&#10;    };&#10;    &#10;    &#10;    private static TimerTask systemExit = new TimerTask()&#10;    {&#10;        public void run()&#10;        {&#10;            System.exit(0);&#10;        }&#10;    };&#10;    &#10;       &#10;    public void setTime(int year, int month, int date, int hours, int mins)&#10;    {&#10;        setRun.set(year, month, date, hours, mins);&#10;    }&#10;    &#10;    public Date getTime()&#10;    {&#10;        return setRun.getTime();&#10;    }&#10;    &#10;    public static long getTimeMillis()&#10;    {&#10;        return setRun.getTimeInMillis();&#10;    }&#10;    &#10;    public static void timerParser(String timer)&#10;    {&#10;        hr = Integer.parseInt(timer.substring(0,2));&#10;        min = Integer.parseInt(timer.substring(3,5));&#10;    }&#10;    public static void dateParser(String timer)&#10;    {&#10;        &#10;        clearMonth = Integer.parseInt(timer.substring(0,2));&#10;        clearDate = Integer.parseInt(timer.substring(3,5));&#10;        clearYear = Integer.parseInt(timer.substring(6,8));&#10;    }&#10;    &#10;    public int returnHr()&#10;    {&#10;        return hr;&#10;    }&#10;    &#10;    public int returnMin()&#10;    {&#10;        return min;&#10;    }&#10;    &#10;    public static Date getEndTime(int hrs, int mins)&#10;    {&#10;        int years, months, dates, dayOfWeek;&#10;        &#10;        Calendar tempC = new GregorianCalendar();&#10;        &#10;        tempC.setTimeInMillis(System.currentTimeMillis());&#10;        &#10;        years = tempC.get(tempC.YEAR);&#10;        months = tempC.get(tempC.MONTH);&#10;        dates = tempC.get(tempC.DATE);&#10;        dayOfWeek = tempC.get(tempC.DAY_OF_WEEK);&#10;        tempC.set(years, months, dates, hrs, mins - 1, 1);&#10;        // System.out.println(dayWeek);&#10;        return tempC.getTime();&#10;    }&#10;    &#10;    public static void setSemesterClear(int year, int month, int date, int hours, int mins)&#10;    {&#10;        autoClear.set(year, month, date, hours, mins);&#10;        date2 = autoClear.getTime();&#10;    }&#10;    &#10;    public Date getSemesterClear()&#10;    {&#10;        return autoClear.getTime();&#10;    }&#10;    &#10;    public static Date get15BeforeEnd(int hrs, int mins)&#10;    {&#10;        int years, months, dates, dayOfWeek; &#10;        &#10;        Calendar tempC = new GregorianCalendar();&#10;        &#10;        tempC.setTimeInMillis(System.currentTimeMillis());&#10;        &#10;        years = tempC.get(tempC.YEAR);&#10;        months = tempC.get(tempC.MONTH);&#10;        dates =  tempC.get(tempC.DATE);&#10;        dayOfWeek = tempC.get(tempC.DAY_OF_WEEK);&#10;        &#10;        tempC.set(years, months, dates, hrs, mins - 15, 1);&#10;        &#10;        return tempC.getTime();&#10;    }&#10;    &#10;    public static Date get5BeforeEnd(int hrs, int mins)&#10;    {&#10;        int years, months, dates, dayOfWeek;&#10;        &#10;        Calendar tempC = new GregorianCalendar();&#10;        &#10;        tempC.setTimeInMillis(System.currentTimeMillis());&#10;        &#10;        years = tempC.get(tempC.YEAR);&#10;        months = tempC.get(tempC.MONTH);&#10;        dates = tempC.get(tempC.DATE);&#10;        dayOfWeek = tempC.get(tempC.DAY_OF_WEEK);&#10;        tempC.set(years, months, dates, hrs, mins - 5, 1);&#10;        // System.out.println(dayWeek);&#10;        return tempC.getTime();&#10;    }&#10;    &#10;    public void autoExit()&#10;    {&#10;        timer.schedule(systemExit, date);&#10;    }&#10;    &#10;    public void autoClear()&#10;    {&#10;        timer.schedule(dbClear, date2);&#10;    }&#10;}&#10;" Filename="appController.java" Intrnl_Id="6"/>
<SrcFile Content="/*&#10; * DBConnection.java&#10; *&#10; * Created on April 7, 2008, 11:40 PM&#10; *&#10; &#10; */&#10;&#10;package my.PSM.PSM_Storage;&#10;&#10;import java.sql.Connection;&#10;import java.sql.DriverManager;&#10;import java.sql.SQLException;&#10;import java.sql.Statement;&#10;import java.sql.ResultSet;&#10;import java.util.ArrayList;&#10;&#10;/**&#10; * @author Luis&#10; */&#10;public class DBConnection&#10;{&#10;    private String username;&#10;    private String password;&#10;    private String dbAddr;&#10;    private String localDb = &quot;jdbc:mysql://localhost:3306/mydb&quot;;&#10;    private String result;&#10;    private String [] courses;&#10;    private MySQLManager myManager;&#10;    &#10;    public void setMyManager(MySQLManager myManager) {&#10;&#9;&#9;this.myManager = myManager;&#10;&#9;}&#10;&#10;&#9;/** Creates a new instance of DBConnection */&#10;    public DBConnection()&#10;    {&#10;    &#9;myManager = new MySQLManager();&#10;    }&#10;           &#10;    // Connect using known database address&#10;    public int connect(String db, String user, String pw)&#10;    {&#10;        dbAddr = db;&#10;        username = user;&#10;        password = pw;&#10;        return myManager.connect(db, user, pw);&#10;    }&#10;    &#10;    // Connect using local host as database address&#10;    public int connect(String user,String pw)&#10;    {&#10;        username = user;&#10;        password = pw;&#10;        &#10;        return myManager.connect(user, pw);&#10;    }&#10;    &#10;    public int disconnect()&#10;    {&#10;        return myManager.disconnect();&#10;    }&#10;     &#10;    public int fetchCourseID(int courseID)&#10;    {&#10;        // SELECT * FROM example WHERE name='Sandy Smith'&#10;        return myManager.fetchCourseID(courseID);  &#10;    }&#10;    &#10;    public ArrayList&lt;String&gt; getEndDates()&#10;    {&#10;        return myManager.getEndDates();&#10;    }&#10;    public ArrayList&lt;Integer&gt; getCourses()&#10;    {&#10;        return myManager.getCourses();&#10;    }&#10;    &#10;    public String fetchCourses()&#10;    {&#10;        // SELECT * FROM example WHERE name='Sandy Smith'&#10;    &#9;StringBuffer sb = new StringBuffer();          &#10;        // System.out.print(&quot;here&quot;);&#10;         // System.out.println(&quot;SELECT course_id FROM class100 WHERE course_id = &quot; +courseID +&quot;;&quot;);&#10;         ArrayList&lt;Integer&gt; list = myManager.getCourses();&#10;         for(int i = 0; i &lt; list.size(); i++)&#10;         {&#10;             &#10;             sb.append(list.get(i));&#10;             sb.append(&quot;,&quot;);&#10;                    &#10;         }   &#10;    &#9;result = sb.toString();&#10;        return result;&#10;        //String[] courses = result.split(&quot;,&quot;);&#10;       //return courses;&#10;    }&#10;    &#10;    public String fetchCourseSubj(int courseID)&#10;    {&#10;        // SELECT * FROM example WHERE name='Sandy Smith'&#10;        return myManager.fetchCourseSubj(courseID);&#10;       &#10;    }&#10;    &#10;    public String fetchCourseName(int courseID)&#10;    {&#10;        return myManager.fetchCourseName(courseID);&#10;       &#10;    }&#10;    &#10;    public String fetchCourseSemester(int courseID)&#10;    {&#10;        // SELECT * FROM example WHERE name='Sandy Smith'&#10;        return myManager.fetchCourseSemester(courseID);&#10;       &#10;    }&#10;    &#10;    public String fetchCourseStart(int courseID)&#10;    {&#10;        // SELECT * FROM example WHERE name='Sandy Smith'&#10;        return myManager.fetchCourseStart(courseID);&#10;       &#10;    }&#10;    &#10;    public String fetchCourseEnd(int courseID)&#10;    {&#10;        // SELECT * FROM example WHERE name='Sandy Smith'&#10;       &#10;        return myManager.fetchCourseEnd(courseID);&#10;       &#10;    }&#10;    &#10;    &#10;//    public String fetchAMPM(int courseID)&#10;//    {&#10;//        try{&#10;//            Statement s = myCon.createStatement();&#10;//            s.executeQuery(&quot;SELECT am_or_pm FROM class100 WHERE course_id = &quot; +courseID +&quot;;&quot;);&#10;//            ResultSet res = s.getResultSet();&#10;//            res.next();&#10;//            return res.getString(&quot;am_or_pm&quot;);&#10;//        }&#10;//        catch(Exception e)&#10;//        {&#10;//            e.printStackTrace();&#10;//            return null;&#10;//        }&#10;//    }&#10;    &#10;    public String fetchStartMon(int courseID)&#10;    {&#10;        return myManager.fetchStartMon(courseID);&#10;    }&#10;    &#10;    public String fetchEndMon(int courseID)&#10;    {&#10;        return myManager.fetchEndMon(courseID);&#10;    }&#10;    &#10;    public String fetchStartTue(int courseID)&#10;    {&#10;        return myManager.fetchStartTue(courseID);&#10;    }&#10;    &#10;    public String fetchEndTue(int courseID)&#10;    {&#10;        return myManager.fetchEndTue(courseID);&#10;    }&#10;    &#10;    public String fetchStartWed(int courseID)&#10;    {&#10;    &#9;return myManager.fetchStartWed(courseID);&#10;    }&#10;    &#10;    public String fetchEndWed(int courseID)&#10;    {&#10;    &#9;return myManager.fetchEndWed(courseID);&#10;    }&#10;    &#10;    &#10;    public String fetchStartThu(int courseID)&#10;    {&#10;        return myManager.fetchStartThu(courseID);&#10;    }&#10;    &#10;    public String fetchEndThu(int courseID)&#10;    {&#10;        return myManager.fetchEndThu(courseID);&#10;    }&#10;    &#10;    public String fetchStartFri(int courseID)&#10;    {&#10;    &#9;return myManager.fetchStartFri(courseID);&#10;    }&#10;    &#10;    public String fetchEndFri(int courseID)&#10;    {&#10;        return myManager.fetchEndFri(courseID);&#10;    }&#10;    &#10;    &#10;    public String fetchStartSat(int courseID)&#10;    {&#10;        return myManager.fetchStartSat(courseID);&#10;    }&#10;    &#10;    public String fetchEndSat(int courseID)&#10;    {&#10;        &#10;        return myManager.fetchEndSat(courseID);&#10;    }&#10;    &#10;    public int storeClassInfo(int courseID, String courseSubj, String courseName, String semester)&#10;    {&#10;        return myManager.storeClassInfo(courseID, courseSubj, courseName, semester);&#10;    }&#10;    &#10;    public int storeClassSched(int courseID, String startDate, String endDate, String startMon, String endMon,&#10;            String startTue, String endTue, String startWed, String endWed, String startThu, String endThu, &#10;            String startFri, String endFri, String startSat, String endSat)&#10;    {&#10;        return myManager.storeClassSched(courseID, startDate, endDate, startMon, endMon, startTue, endTue, startWed, endWed, startThu, endThu, startFri, endFri, startSat, endSat);&#10;        &#10;    }&#10;    &#10;    public void clearDatabase()&#10;    {&#10;        myManager.clearDatabase();&#10;    }&#10;    &#10;    public int createClassTable()&#10;    {&#10;       return myManager.createClassTable();&#10;                       &#10;    }&#10;    &#10;//    public void init()&#10;//    {&#10;//        try&#10;//        {&#10;//          myCon = DriverManager.getConnection(&quot;jdbc:mysql://localhost:3306/MyDatabase&quot;,&quot;root&quot;,&quot;luis2101&quot;);&#10;//        } catch (SQLException ex)&#10;//        {&#10;//            System.out.println(&quot;Cannot connect to Database&quot;);&#10;//            ex.printStackTrace();&#10;//        }&#10;//         &#10;//    }&#10;    &#10;}&#10;&#10;&#10;// Database Scripts:&#10;&#10;//CREATE TABLE Class1(&#10;//    course_id INT UNSIGNED NOT NULL,&#10;//    course_subject VARCHAR (20),&#10;//    course_name VARCHAR (20),&#10;//&#10;//    semester VARCHAR (20),&#10;//    start_date VARCHAR (20),&#10;//    end_date VARCHAR (20),&#10;//&#10;//    am_or_pm VARCHAR (5),&#10;//    start_mon VARCHAR (20),&#10;//    end_mon VARCHAR (20),&#10;//    start_tue VARCHAR (20),&#10;//    end_tue VARCHAR (20),&#10;//    start_wed VARCHAR (20),&#10;//    end_wed VARCHAR (20),&#10;//    start_thu VARCHAR (20),&#10;//    end_thu VARCHAR (20),&#10;//    start_fri VARCHAR (20),&#10;//    end_fri VARCHAR (20),&#10;//    start_sat VARCHAR (20),&#10;//    end_sat VARCHAR (20),&#10;//&#10;//&#10;//    PRIMARY KEY (course_id)&#10;//);&#10;&#10;//    INSERT INTO class1&#10;//        VALUES(4010,'CEN','Software Engineering','Spring 2008','01-02-08','04-20-08','am','12:00','12:50','null','null',&#10;//               '12:00','12:50','null','null','12:00','12:50','null','null')&#10;&#10;&#10;&#10;" Filename="DBConnection.java" Intrnl_Id="7"/>
<SrcFile Content="/*&#10; * To change this template, choose Tools | Templates&#10; * and open the template in the editor.&#10; */&#10;package my.PSM.PSM_Storage;&#10;&#10;import java.util.ArrayList;&#10;&#10;/**&#10; *&#10; * @author clarkep&#10; */&#10;public class DataStoreFacade {&#10;&#9;public DataStoreFacade(){&#10;&#9;&#9;&#10;&#9;}&#10;&#9;//DBConnection dbCon = new DBConnection();&#10;&#9;private static DBConnection myManager = new DBConnection();&#10;&#9;&#10;&#9;public DBConnection getCon(){&#10;&#9;&#9;return myManager;&#10;&#9;}&#10;&#9;public int connect(String username, String password) {&#9;&#10;&#9;&#9;//return dbCon.connect(username, password);&#10;&#9;&#9;return myManager.connect(username, password);&#10;&#9;}&#9;&#10;&#9;public int disconnect() {&#10;&#9;&#9;return myManager.disconnect();&#10;&#9;}&#9;&#10;&#9;&#10;&#9;public ArrayList&lt;String&gt; getEndDates() {&#10;&#9;&#9;return myManager.getEndDates();&#10;&#9;}&#10;&#9;public String fetchCourses() {&#10;&#9;&#9;//return dbCon.fetchCourses();&#10;&#9;&#9;return myManager.fetchCourses().toString();&#10;&#9;}&#10;&#9;public String fetchCourseSubj(int courseId) {&#10;&#9;&#9;//return dbCon.fetchCourseSubj(courseId);&#10;&#9;&#9;return myManager.fetchCourseSubj(courseId);&#10;&#9;}&#10;&#9;public String fetchCourseName(int courseId) {&#10;&#9;&#9;//return dbCon.fetchCourseName(courseId);&#10;&#9;&#9;return myManager.fetchCourseName(courseId);&#10;&#9;}&#10;&#9;public String fetchCourseSemester(int courseId) {&#10;&#9;&#9;//return dbCon.fetchCourseSemester(courseId);&#10;&#9;&#9;return myManager.fetchCourseSemester(courseId);&#10;&#9;}&#10;&#9;public String fetchCourseStart(int courseId) {&#10;&#9;&#9;//return dbCon.fetchCourseStart(courseId);&#10;&#9;&#9;return myManager.fetchCourseStart(courseId);&#10;&#9;}&#10;&#9;public String fetchCourseEnd(int courseId) {&#10;&#9;&#9;//return dbCon.fetchCourseEnd(courseId);&#10;&#9;&#9;return myManager.fetchCourseEnd(courseId);&#10;&#9;}&#10;&#9;public String fetchStartMon(int courseId) {&#10;&#9;&#9;//return dbCon.fetchStartMon(courseId);&#10;&#9;&#9;return myManager.fetchStartMon(courseId);&#10;&#9;}&#10;&#9;public String fetchEndMon(int courseId) {&#10;&#9;&#9;//return dbCon.fetchEndMon(courseId);&#10;&#9;&#9;return myManager.fetchEndMon(courseId);&#10;&#9;}&#10;&#9;public String fetchStartTue(int courseId) {&#10;&#9;&#9;//return dbCon.fetchStartTue(courseId);&#10;&#9;&#9;return myManager.fetchStartTue(courseId);&#10;&#9;}&#10;&#9;public String fetchEndTue(int courseId) {&#10;&#9;&#9;//return dbCon.fetchEndTue(courseId);&#10;&#9;&#9;return myManager.fetchEndTue(courseId);&#10;&#9;}&#10;&#9;public String fetchStartWed(int courseId) {&#10;&#9;&#9;//return dbCon.fetchStartWed(courseId);&#10;&#9;&#9;return myManager.fetchStartWed(courseId);&#10;&#9;}&#10;&#9;public String fetchEndWed(int courseId) {&#10;&#9;&#9;//return dbCon.fetchEndWed(courseId);&#10;&#9;&#9;return myManager.fetchEndWed(courseId);&#10;&#9;}&#10;&#9;public String fetchStartThu(int courseId) {&#10;&#9;&#9;//return dbCon.fetchStartThu(courseId);&#10;&#9;&#9;return myManager.fetchStartThu(courseId);&#10;&#9;}&#10;&#9;public String fetchEndThu(int courseId) {&#10;&#9;&#9;//return dbCon.fetchEndThu(courseId);&#10;&#9;&#9;return myManager.fetchEndThu(courseId);&#10;&#9;}&#10;&#9;public String fetchStartFri(int courseId) {&#10;&#9;&#9;//return dbCon.fetchStartFri(courseId);&#10;&#9;&#9;return myManager.fetchStartFri(courseId);&#10;&#9;}&#10;&#9;public String fetchEndFri(int courseId) {&#10;&#9;&#9;//return dbCon.fetchEndFri(courseId);&#10;&#9;&#9;return myManager.fetchEndFri(courseId);&#10;&#9;}&#10;&#9;public String fetchStartSat(int courseId) {&#10;&#9;&#9;//return dbCon.fetchStartSat(courseId);&#10;&#9;&#9;return myManager.fetchStartSat(courseId);&#10;&#9;}&#10;&#9;public String fetchEndSat(int courseId) {&#10;&#9;&#9;//return dbCon.fetchEndSat(courseId);&#10;&#9;&#9;return myManager.fetchEndSat(courseId);&#10;&#9;}&#10;&#9;public void clearDatabase() {&#10;&#9;&#9;myManager.clearDatabase();&#10;&#9;}&#10;&#9;public ArrayList&lt;Integer&gt; getCourses() {&#10;&#9;&#9;return myManager.getCourses();&#10;&#9;}&#10;&#9;public int storeClassInfo(int courseID, String courseSubj, String courseName, String semester)&#10;&#9;{&#10;&#9;&#9;return myManager.storeClassInfo(courseID, courseSubj, courseName, semester);&#10;&#9;}&#10;&#9;&#10;&#9;public int storeClassSched(int courseID, String startDate, String endDate, String startMon, String endMon,&#9;            String startTue, String endTue, String startWed, String endWed, String startThu, String endThu, &#10;&#9;            String startFri, String endFri, String startSat, String endSat)&#10;    {&#10;&#9;&#9;return myManager.storeClassSched(courseID, startDate, endDate, startMon, endMon, startTue, endTue, startWed, endWed, startThu, endThu, startFri, endFri, startSat, endSat);&#10;    }&#10;&#9;&#10;&#9;&#10;}&#10;&#9;&#9;&#10;" Filename="DataStoreFacade.java" Intrnl_Id="8"/>
<SrcFile Content="package my.PSM.PSM_Storage;&#13;&#10;&#13;&#10;import java.sql.Connection;&#13;&#10;import java.sql.DriverManager;&#13;&#10;import java.sql.ResultSet;&#13;&#10;import java.sql.Statement;&#13;&#10;import java.util.ArrayList;&#13;&#10;&#13;&#10;public class MySQLManager {&#13;&#10;&#9;private Connection myCon;&#13;&#10;&#9;private String marcosDb;&#13;&#10;&#9;&#13;&#10;&#9;public MySQLManager(){&#13;&#10;&#9;&#9;myCon = null;&#13;&#10;&#9;&#9;marcosDb = &quot;jdbc:mysql://127.0.0.1:3306/mydb&quot;;&#13;&#10;&#9;}&#13;&#10;&#9;&#13;&#10;&#9;public int connect(String db, String user, String pw){&#13;&#10;&#9;&#9;try{&#13;&#10;&#9;           // DriverManager.getDriver(&quot;com.mysql.jdbc.Driver&quot;);&#13;&#10;&#9;            Class.forName(&quot;com.mysql.jdbc.Driver&quot;);&#13;&#10;&#9;            myCon = DriverManager.getConnection(db,user,pw);&#13;&#10;&#9;        } &#13;&#10;&#9;        // Launch Message Window Here&#13;&#10;&#9;        catch (Exception e){&#13;&#10;&#9;            e.printStackTrace();&#13;&#10;&#9;            return -1;              // -1 = Fail State&#13;&#10;&#9;        }&#13;&#10;&#9;        &#13;&#10;&#9;        return 0;&#13;&#10;&#9;}&#13;&#10;&#9;&#13;&#10;&#9;public int connect(String user,String pw){&#13;&#10;&#9;&#9;return connect(marcosDb, user, pw);&#13;&#10;&#9;}&#13;&#10;&#9;&#13;&#10;&#9;public int disconnect()&#13;&#10;    {&#13;&#10;        if(myCon != null){&#13;&#10;            try{&#13;&#10;                myCon.close();&#13;&#10;               &#13;&#10;            }&#13;&#10;            catch(Exception e){&#13;&#10;                e.printStackTrace();&#13;&#10;                return -1;&#13;&#10;            }&#13;&#10;        }&#13;&#10;        return 0;&#13;&#10;    }&#13;&#10;&#9;public int fetchCourseID(int courseID)&#13;&#10;    {&#13;&#10;        // SELECT * FROM example WHERE name='Sandy Smith'&#13;&#10;        try{&#13;&#10;            Statement s = myCon.createStatement();          &#13;&#10;            // System.out.println(&quot;SELECT course_id FROM class100 WHERE course_id = &quot; +courseID +&quot;;&quot;);&#13;&#10;            s.executeQuery(&quot;SELECT course_id FROM class100 WHERE course_id = &quot; +courseID +&quot;;&quot;);&#13;&#10;            ResultSet res = s.getResultSet();&#13;&#10;            res.next();             // Move to first row!&#13;&#10;            return res.getInt(&quot;course_id&quot;);&#13;&#10;                   &#13;&#10;        }&#13;&#10;        catch(Exception e){&#13;&#10;            e.printStackTrace();&#13;&#10;            return -1;&#13;&#10;        }&#13;&#10;       &#13;&#10;    }&#13;&#10;&#9;&#13;&#10;&#9;public ArrayList&lt;String&gt; getEndDates(){&#13;&#10;&#9;&#9;ArrayList&lt;String&gt; endDates = new ArrayList&lt;String&gt;();&#13;&#10;        &#13;&#10;        try{&#13;&#10;            Statement s = myCon.createStatement();&#13;&#10;            s.executeQuery(&quot;SELECT end_date FROM class100&quot;);&#13;&#10;            ResultSet res = s.getResultSet();&#13;&#10;            &#13;&#10;            while(res.next())&#13;&#10;            {&#13;&#10;                endDates.add(res.getString(&quot;end_date&quot;));       &#13;&#10;            }&#13;&#10;            &#13;&#10;            &#13;&#10;        }&#13;&#10;        catch(Exception e)&#13;&#10;        {&#13;&#10;            e.printStackTrace();&#13;&#10;        }&#13;&#10;        &#13;&#10;        return endDates;&#13;&#10;&#9;}&#13;&#10;&#9;&#13;&#10;&#9;public ArrayList&lt;Integer&gt; getCourses(){&#13;&#10;&#9;&#9;ArrayList&lt;Integer&gt; courseList = new ArrayList&lt;Integer&gt;();&#13;&#10;        try{&#13;&#10;            Statement s = myCon.createStatement();&#13;&#10;            s.executeQuery(&quot;SELECT course_id FROM class100&quot;);&#13;&#10;            ResultSet res = s.getResultSet();&#13;&#10;            &#13;&#10;            while(res.next())&#13;&#10;            {&#13;&#10;                courseList.add(res.getInt(&quot;course_id&quot;));       &#13;&#10;            }&#13;&#10;            &#13;&#10;            &#13;&#10;        }&#13;&#10;        catch(Exception e)&#13;&#10;        {&#13;&#10;            e.printStackTrace();&#13;&#10;        }&#9;&#13;&#10;        return courseList;&#13;&#10;&#9;}&#13;&#10;&#9;&#13;&#10;&#9;public String fetchCourseSubj(int courseID)&#13;&#10;    {&#13;&#10;        // SELECT * FROM example WHERE name='Sandy Smith'&#13;&#10;        try{&#13;&#10;            Statement s = myCon.createStatement();          &#13;&#10;            // System.out.println(&quot;SELECT course_id FROM class100 WHERE course_id = &quot; +courseID +&quot;;&quot;);&#13;&#10;            s.executeQuery(&quot;SELECT course_subject FROM class100 WHERE course_id = &quot; +courseID +&quot;;&quot;);&#13;&#10;            ResultSet res = s.getResultSet();&#13;&#10;            res.next();             // Move to first row!&#13;&#10;            return res.getString(&quot;course_subject&quot;);&#13;&#10;                   &#13;&#10;        }&#13;&#10;        catch(Exception e){&#13;&#10;            e.printStackTrace();&#13;&#10;            return null;&#13;&#10;        }&#13;&#10;       &#13;&#10;    }&#13;&#10;    &#13;&#10;    public String fetchCourseName(int courseID)&#13;&#10;    {&#13;&#10;        // SELECT * FROM example WHERE name='Sandy Smith'&#13;&#10;        try{&#13;&#10;            Statement s = myCon.createStatement();          &#13;&#10;            // System.out.println(&quot;SELECT course_id FROM class100 WHERE course_id = &quot; +courseID +&quot;;&quot;);&#13;&#10;            s.executeQuery(&quot;SELECT course_name FROM class100 WHERE course_id = &quot; +courseID +&quot;;&quot;);&#13;&#10;            ResultSet res = s.getResultSet();&#13;&#10;            res.next();             // Move to first row!&#13;&#10;            return res.getString(&quot;course_name&quot;);&#13;&#10;                   &#13;&#10;        }&#13;&#10;        catch(Exception e){&#13;&#10;            e.printStackTrace();&#13;&#10;            return null;&#13;&#10;        }&#13;&#10;       &#13;&#10;    }&#13;&#10;    &#13;&#10;    public String fetchCourseSemester(int courseID)&#13;&#10;    {&#13;&#10;        // SELECT * FROM example WHERE name='Sandy Smith'&#13;&#10;        try{&#13;&#10;            Statement s = myCon.createStatement();          &#13;&#10;            // System.out.println(&quot;SELECT course_id FROM class100 WHERE course_id = &quot; +courseID +&quot;;&quot;);&#13;&#10;            s.executeQuery(&quot;SELECT semester FROM class100 WHERE course_id = &quot; +courseID +&quot;;&quot;);&#13;&#10;            ResultSet res = s.getResultSet();&#13;&#10;            res.next();             // Move to first row!&#13;&#10;            return res.getString(&quot;semester&quot;);&#13;&#10;                   &#13;&#10;        }&#13;&#10;        catch(Exception e){&#13;&#10;            e.printStackTrace();&#13;&#10;            return null;&#13;&#10;        }&#13;&#10;       &#13;&#10;    }&#13;&#10;    &#13;&#10;    public String fetchCourseStart(int courseID)&#13;&#10;    {&#13;&#10;        // SELECT * FROM example WHERE name='Sandy Smith'&#13;&#10;        try{&#13;&#10;            Statement s = myCon.createStatement();          &#13;&#10;            // System.out.println(&quot;SELECT course_id FROM class100 WHERE course_id = &quot; +courseID +&quot;;&quot;);&#13;&#10;            s.executeQuery(&quot;SELECT start_date FROM class100 WHERE course_id = &quot; +courseID +&quot;;&quot;);&#13;&#10;            ResultSet res = s.getResultSet();&#13;&#10;            res.next();             // Move to first row!&#13;&#10;            return res.getString(&quot;start_date&quot;);&#13;&#10;                   &#13;&#10;        }&#13;&#10;        catch(Exception e){&#13;&#10;            e.printStackTrace();&#13;&#10;            return null;&#13;&#10;        }&#13;&#10;       &#13;&#10;    }&#13;&#10;    &#13;&#10;    public String fetchCourseEnd(int courseID)&#13;&#10;    {&#13;&#10;        // SELECT * FROM example WHERE name='Sandy Smith'&#13;&#10;       &#13;&#10;        try{&#13;&#10;            Statement s = myCon.createStatement();          &#13;&#10;            // System.out.println(&quot;SELECT course_id FROM class100 WHERE course_id = &quot; +courseID +&quot;;&quot;);&#13;&#10;            s.executeQuery(&quot;SELECT end_date FROM class100 WHERE course_id = &quot; +courseID +&quot;;&quot;);&#13;&#10;            ResultSet res = s.getResultSet();&#13;&#10;            res.next();  &#13;&#10;            &#13;&#10;            String courseEnd = res.getString(&quot;end_date&quot;);// Move to first row!&#13;&#10;            return courseEnd;&#13;&#10;        }&#13;&#10;        catch(Exception e){&#13;&#10;            e.printStackTrace();&#13;&#10;            return null;&#13;&#10;        }&#13;&#10;       &#13;&#10;    }&#13;&#10;    &#13;&#10;    public String fetchStartMon(int courseID)&#13;&#10;    {&#13;&#10;        try{&#13;&#10;            Statement s = myCon.createStatement();&#13;&#10;            s.executeQuery(&quot;SELECT start_mon FROM Class100 WHERE course_id = &quot; +courseID +&quot;;&quot;);&#13;&#10;            ResultSet res = s.getResultSet();&#13;&#10;            res.next();&#13;&#10;            return res.getString(&quot;start_mon&quot;);&#13;&#10;            // hh:mm&#13;&#10;        }&#13;&#10;        catch(Exception e)&#13;&#10;        {&#13;&#10;            e.printStackTrace();&#13;&#10;            &#13;&#10;            return null;&#13;&#10;        }&#13;&#10;    }&#13;&#10;    &#13;&#10;    public String fetchEndMon(int courseID)&#13;&#10;    {&#13;&#10;        try{&#13;&#10;            Statement s = myCon.createStatement();&#13;&#10;            s.executeQuery(&quot;SELECT end_mon FROM Class100 WHERE course_id = &quot; +courseID +&quot;;&quot;);&#13;&#10;            ResultSet res = s.getResultSet();&#13;&#10;            res.next();&#13;&#10;            return res.getString(&quot;end_mon&quot;);&#13;&#10;            &#13;&#10;        }&#13;&#10;        catch(Exception e)&#13;&#10;        {&#13;&#10;            e.printStackTrace();&#13;&#10;            return null;&#13;&#10;        }&#13;&#10;    }&#13;&#10;    &#13;&#10;    public String fetchStartTue(int courseID)&#13;&#10;    {&#13;&#10;        try{&#13;&#10;            Statement s = myCon.createStatement();&#13;&#10;            s.executeQuery(&quot;SELECT start_tue FROM Class100 WHERE course_id = &quot; +courseID +&quot;;&quot;);&#13;&#10;            ResultSet res = s.getResultSet();&#13;&#10;            res.next();&#13;&#10;            return res.getString(&quot;start_tue&quot;);&#13;&#10;            &#13;&#10;        }&#13;&#10;        catch(Exception e)&#13;&#10;        {&#13;&#10;            e.printStackTrace();&#13;&#10;            &#13;&#10;            return &quot;&quot;;&#13;&#10;        }&#13;&#10;    }&#13;&#10;    &#13;&#10;    public String fetchEndTue(int courseID)&#13;&#10;    {&#13;&#10;        try{&#13;&#10;            Statement s = myCon.createStatement();&#13;&#10;            s.executeQuery(&quot;SELECT end_tue FROM Class100 WHERE course_id = &quot; +courseID +&quot;;&quot;);&#13;&#10;            ResultSet res = s.getResultSet();&#13;&#10;            res.next();&#13;&#10;            return res.getString(&quot;end_tue&quot;);&#13;&#10;            &#13;&#10;        }&#13;&#10;        catch(Exception e)&#13;&#10;        {&#13;&#10;            e.printStackTrace();&#13;&#10;            return null;&#13;&#10;        }&#13;&#10;    }&#13;&#10;&#13;&#10;    public String fetchStartWed(int courseID)&#13;&#10;    {&#13;&#10;        try{&#13;&#10;            Statement s = myCon.createStatement();&#13;&#10;            s.executeQuery(&quot;SELECT start_wed FROM Class100 WHERE course_id = &quot; +courseID +&quot;;&quot;);&#13;&#10;            ResultSet res = s.getResultSet();&#13;&#10;            res.next();&#13;&#10;            return res.getString(&quot;start_wed&quot;);&#13;&#10;            &#13;&#10;        }&#13;&#10;        catch(Exception e)&#13;&#10;        {&#13;&#10;            e.printStackTrace();&#13;&#10;            return null;&#13;&#10;        }&#13;&#10;    }&#13;&#10;    &#13;&#10;    public String fetchEndWed(int courseID)&#13;&#10;    {&#13;&#10;        try{&#13;&#10;            Statement s = myCon.createStatement();&#13;&#10;            s.executeQuery(&quot;SELECT end_wed FROM Class100 WHERE course_id = &quot; +courseID +&quot;;&quot;);&#13;&#10;            ResultSet res = s.getResultSet();&#13;&#10;            res.next();&#13;&#10;            return res.getString(&quot;end_wed&quot;);&#13;&#10;            &#13;&#10;        }&#13;&#10;        catch(Exception e)&#13;&#10;        {&#13;&#10;            e.printStackTrace();&#13;&#10;            return null;&#13;&#10;        }&#13;&#10;    }&#13;&#10;    &#13;&#10;    &#13;&#10;        public String fetchStartThu(int courseID)&#13;&#10;    {&#13;&#10;        try{&#13;&#10;            Statement s = myCon.createStatement();&#13;&#10;            s.executeQuery(&quot;SELECT start_thu FROM Class100 WHERE course_id = &quot; +courseID +&quot;;&quot;);&#13;&#10;            ResultSet res = s.getResultSet();&#13;&#10;            res.next();&#13;&#10;            return res.getString(&quot;start_thu&quot;);&#13;&#10;            &#13;&#10;        }&#13;&#10;        catch(Exception e)&#13;&#10;        {&#13;&#10;            e.printStackTrace();&#13;&#10;            return null;&#13;&#10;        }&#13;&#10;    }&#13;&#10;    &#13;&#10;    public String fetchEndThu(int courseID)&#13;&#10;    {&#13;&#10;        try{&#13;&#10;            Statement s = myCon.createStatement();&#13;&#10;            s.executeQuery(&quot;SELECT end_thu FROM Class100 WHERE course_id = &quot; +courseID +&quot;;&quot;);&#13;&#10;            ResultSet res = s.getResultSet();&#13;&#10;            res.next();&#13;&#10;            return res.getString(&quot;end_thu&quot;);&#13;&#10;            &#13;&#10;        }&#13;&#10;        catch(Exception e)&#13;&#10;        {&#13;&#10;            e.printStackTrace();&#13;&#10;            return null;&#13;&#10;        }&#13;&#10;    }&#13;&#10;    &#13;&#10;    public String fetchStartFri(int courseID)&#13;&#10;    {&#13;&#10;        try{&#13;&#10;            Statement s = myCon.createStatement();&#13;&#10;            s.executeQuery(&quot;SELECT start_fri FROM Class100 WHERE course_id = &quot; +courseID +&quot;;&quot;);&#13;&#10;            ResultSet res = s.getResultSet();&#13;&#10;            res.next();&#13;&#10;            return res.getString(&quot;start_fri&quot;);&#13;&#10;            &#13;&#10;        }&#13;&#10;        catch(Exception e)&#13;&#10;        {&#13;&#10;            e.printStackTrace();&#13;&#10;            return null;&#13;&#10;        }&#13;&#10;    }&#13;&#10;    &#13;&#10;    public String fetchEndFri(int courseID)&#13;&#10;    {&#13;&#10;        try{&#13;&#10;            Statement s = myCon.createStatement();&#13;&#10;            s.executeQuery(&quot;SELECT end_fri FROM Class100 WHERE course_id = &quot; +courseID +&quot;;&quot;);&#13;&#10;            ResultSet res = s.getResultSet();&#13;&#10;            res.next();&#13;&#10;            return res.getString(&quot;end_fri&quot;);&#13;&#10;            &#13;&#10;        }&#13;&#10;        catch(Exception e)&#13;&#10;        {&#13;&#10;            e.printStackTrace();&#13;&#10;            return null;&#13;&#10;        }&#13;&#10;    }&#13;&#10;    &#13;&#10;    &#13;&#10;        public String fetchStartSat(int courseID)&#13;&#10;    {&#13;&#10;        try{&#13;&#10;            Statement s = myCon.createStatement();&#13;&#10;            ResultSet res = s.executeQuery(&quot;SELECT start_sat FROM Class100 WHERE course_id = &quot; +courseID +&quot;;&quot;);&#13;&#10;            &#13;&#10;            res.next();&#13;&#10;            return res.getString(&quot;start_sat&quot;);&#13;&#10;            &#13;&#10;        }&#13;&#10;        catch(Exception e)&#13;&#10;        {&#13;&#10;            e.printStackTrace();&#13;&#10;            return null;&#13;&#10;        }&#13;&#10;    }&#13;&#10;    &#13;&#10;    public String fetchEndSat(int courseID)&#13;&#10;    {&#13;&#10;        &#13;&#10;        try{&#13;&#10;            Statement s = myCon.createStatement();&#13;&#10;            &#13;&#10;            ResultSet res = s.executeQuery(&quot;SELECT end_sat FROM Class100 WHERE course_id = &quot; +courseID +&quot;;&quot;);&#13;&#10;            &#13;&#10;            res.next();&#13;&#10;            String end = res.getString(&quot;end_sat&quot;);&#13;&#10;           &#13;&#10;            return end;&#13;&#10;        }&#13;&#10;        catch(Exception e)&#13;&#10;        {&#13;&#10;            e.printStackTrace();&#13;&#10;            return null;&#13;&#10;        }&#13;&#10;    }&#13;&#10;    &#13;&#10;    public int storeClassInfo(int courseID, String courseSubj, String courseName, String semester)&#13;&#10;    {&#13;&#10;        try{&#13;&#10;            Statement s = myCon.createStatement();&#13;&#10;           // System.out.println(&quot;INSERT INTO Class100 (course_id, course_subject, course_name, semester)&quot; +&#13;&#10;           //         &quot; VALUES ( &quot;+courseID +&quot;, '&quot; +courseSubj +&quot;', &quot; +courseName +&quot;', '&quot; +semester +&quot;')&quot;);&#13;&#10;            s.executeUpdate(&quot;INSERT INTO Class100 (course_id, course_subject, course_name, semester)&quot; +&#13;&#10;                    &quot; VALUES ( '&quot;+courseID +&quot;', '&quot; +courseSubj +&quot;', '&quot; +courseName +&quot;', '&quot; +semester +&quot;')&quot;);&#13;&#10;            &#13;&#10;&#13;&#10;        }&#13;&#10;        catch(Exception e){&#13;&#10;            e.printStackTrace();&#13;&#10;            return -1;&#13;&#10;        }&#13;&#10;        return 0;&#13;&#10;    }&#13;&#10;    &#13;&#10;    public int storeClassSched(int courseID, String startDate, String endDate, String startMon, String endMon,&#13;&#10;            String startTue, String endTue, String startWed, String endWed, String startThu, String endThu, &#13;&#10;            String startFri, String endFri, String startSat, String endSat)&#13;&#10;    {&#13;&#10;        try{&#13;&#10;            Statement s = myCon.createStatement();&#13;&#10;            s.executeUpdate(&quot;UPDATE Class100 SET &quot; +&#13;&#10;                    &quot;start_date = '&quot; +startDate +&quot;', end_date = '&quot; +endDate +&quot;', start_mon =  '&quot; &#13;&#10;                    +startMon +&quot;', end_mon = '&quot; +endMon + &quot;', start_tue = '&quot; +startTue +&quot;', end_tue = '&quot; +endTue &#13;&#10;                    +&quot;', start_wed = '&quot; +startWed +&quot;', end_wed = '&quot; +endWed +&quot;', start_thu =  '&quot; +startThu &#13;&#10;                    + &quot;', end_thu = '&quot; +endThu +&quot;', start_fri = '&quot; +startFri +&quot;', end_fri = '&quot; +endFri &#13;&#10;                    +&quot;', start_sat =  '&quot; +startSat +&quot;', end_sat = '&quot; +endSat&#13;&#10;                    +&quot;' WHERE course_id = '&quot; +courseID + &quot;';&quot;);&#13;&#10;        }&#13;&#10;        catch(Exception e){&#13;&#10;            e.printStackTrace();&#13;&#10;            return -1;&#13;&#10;        }&#13;&#10;        return 0;&#13;&#10;        &#13;&#10;    }&#13;&#10;    &#13;&#10;    public void clearDatabase()&#13;&#10;    {&#13;&#10;        try{&#13;&#10;            Statement s = myCon.createStatement();&#13;&#10;            s.execute(&quot;DELETE FROM class100;&quot;);&#13;&#10;        }&#13;&#10;        catch(Exception e)&#13;&#10;        {&#13;&#10;            e.printStackTrace();&#13;&#10;        }&#13;&#10;    }&#13;&#10;&#13;&#10;    public int createClassTable()&#13;&#10;    {&#13;&#10;       try{ &#13;&#10;        Statement s = myCon.createStatement();&#13;&#10;        int rowCount;&#13;&#10;        s.executeUpdate(&quot;DROP TABLE IF EXISTS Class100&quot;);&#13;&#10;        rowCount = s.executeUpdate(&#13;&#10;                        &quot;CREATE TABLE Class100(&quot;&#13;&#10;                            + &quot;course_id INT UNSIGNED NOT NULL,&quot;&#13;&#10;                            + &quot;course_subject VARCHAR (20),&quot;&#13;&#10;                            + &quot;course_name VARCHAR (20),&quot;&#13;&#10;                            + &quot;semester VARCHAR (20),&quot;&#13;&#10;                            + &quot;start_date VARCHAR (20),&quot;&#13;&#10;                            + &quot;end_date VARCHAR (20),&quot;&#13;&#10;//                            + &quot;am_or_pm VARCHAR (5),&quot;&#13;&#10;                            + &quot;start_mon VARCHAR (20),&quot;&#13;&#10;                            + &quot;end_mon VARCHAR (20),&quot;&#13;&#10;                            + &quot;start_tue VARCHAR (20),&quot;&#13;&#10;                            + &quot;end_tue VARCHAR (20),&quot;&#13;&#10;                            + &quot;start_wed VARCHAR (20),&quot;&#13;&#10;                            + &quot;end_wed VARCHAR (20),&quot;&#13;&#10;                            + &quot;start_thu VARCHAR (20),&quot;&#13;&#10;                            + &quot;end_thu VARCHAR (20),&quot;&#13;&#10;                            + &quot;start_fri VARCHAR (20),&quot;&#13;&#10;                            + &quot;end_fri VARCHAR (20),&quot;&#13;&#10;                            + &quot;start_sat VARCHAR (20),&quot;&#13;&#10;                            + &quot;end_sat VARCHAR (20),&quot;&#13;&#10;                            + &quot;PRIMARY KEY (course_id))&quot;);&#13;&#10;        s.close();&#13;&#10;       }&#13;&#10;       catch(Exception e){&#13;&#10;           e.printStackTrace();&#13;&#10;           return -1;&#13;&#10;       }&#13;&#10;       return 0;&#13;&#10;                       &#13;&#10;    }&#13;&#10;}&#13;&#10;" Filename="MySQLManager.java" Intrnl_Id="9"/>
<SrcFile Content="package my.PSM.subsystemTestPSM;&#13;&#10;&#13;&#10;import static org.junit.Assert.*;&#13;&#10;&#13;&#10;import org.junit.After;&#13;&#10;import org.junit.Before;&#13;&#10;import org.junit.Test;&#13;&#10;&#13;&#10;import my.PSM.PSM_Logic.LogicFacade;&#13;&#10;&#13;&#10;public class logicTest {&#13;&#10;&#9;&#13;&#10;    LogicFacade logicFacade;&#13;&#10;    DataStoreFacadeStub data;&#13;&#10;&#9;@Before&#13;&#10;&#9;public void setUp() throws Exception {&#13;&#10;&#9;&#9;data = new DataStoreFacadeStub(&quot;user&quot;, &quot;pw&quot;);&#13;&#10;    &#9;logicFacade = new LogicFacade(data);&#13;&#10;&#9;&#9;&#13;&#10;&#9;}&#13;&#10;&#13;&#10;&#9;@After&#13;&#10;&#9;public void tearDown() throws Exception {&#13;&#10;&#9;&#9;logicFacade = null;&#13;&#10;&#9;}&#13;&#10;&#13;&#10;&#9;@Test&#13;&#10;&#9;public void testfetchcourse() {&#13;&#10;&#9;&#9;data.testHelper(4072, &quot;CEN&quot;, &quot;Software Testing&quot;, &quot;SummerA&quot;, &quot;06/15/16&quot;, &quot;07/15/16&quot;, null, null, &quot;4:30&quot;, &quot;6:15&quot;, null, null, null, null, null, null, null, null);&#13;&#10;&#9;&#9;data.testHelper(3530, &quot;CEN&quot;, &quot;Software Testing&quot;, &quot;SummerA&quot;, &quot;06/15/16&quot;, &quot;07/15/16&quot;, null, null, &quot;4:30&quot;, &quot;6:15&quot;, null, null, null, null, null, null, null, null);&#13;&#10;&#9;&#9;((DataStoreFacadeStub)data).setString(&quot;4072,3530,&quot;);&#13;&#10;&#9;&#9;String s=logicFacade.fetchCourses();&#13;&#10;&#9;   &#13;&#10;&#9;&#9;assertEquals(s, &quot;4072,3530,&quot;);&#13;&#10;&#9;&#9;&#13;&#10;&#9;&#9;&#13;&#10;&#9;}&#13;&#10;&#9;&#13;&#10;&#9;@Test&#13;&#10;&#9;public void testfetchcourse02(){&#13;&#10;&#9;&#9;((DataStoreFacadeStub)data).setString(&quot;&quot;);&#13;&#10;&#9;&#9;String s=logicFacade.fetchCourses();&#13;&#10;&#9;   &#13;&#10;&#9;&#9;assertEquals(s, &quot;&quot;);&#13;&#10;&#9;}&#13;&#10;&#9;@Test&#13;&#10;&#9;public void testfetchcourse01(){&#13;&#10;&#9;&#9;data.testHelper(4072, &quot;CEN&quot;, &quot;Software Testing&quot;, &quot;SummerA&quot;, &quot;06/15/16&quot;, &quot;07/15/16&quot;, null, null, &quot;4:30&quot;, &quot;6:15&quot;, null, null, null, null, null, null, null, null);&#13;&#10;&#9;&#9;((DataStoreFacadeStub)data).setString(&quot;4072,&quot;);&#13;&#10;&#9;&#9;String s=logicFacade.fetchCourses();&#13;&#10;&#9;   &#13;&#10;&#9;&#9;assertEquals(s, &quot;4072,&quot;);&#13;&#10;&#9;}&#13;&#10;&#13;&#10;}&#13;&#10;&#13;&#10;" Filename="logicTest.java" Intrnl_Id="10"/>
<SrcFile Content="package my.PSM.unitTestPSM;&#13;&#10;import static org.junit.Assert.*;&#13;&#10;&#13;&#10;import java.util.ArrayList;&#13;&#10;&#13;&#10;import my.PSM.PSM_Storage.DBConnection;&#13;&#10;&#13;&#10;import org.junit.Before;&#13;&#10;import org.junit.Test;&#13;&#10;&#13;&#10;public class DBConnectionTest {&#13;&#10;&#13;&#10;&#9;DBConnection db = new DBConnection();&#13;&#10;&#9;MySQLManagerStub stub = new MySQLManagerStub(&quot;user&quot;,&quot;pw&quot;);&#13;&#10;&#9;&#13;&#10;&#9;&#13;&#10;&#9;@Before&#13;&#10;&#9;public void runBefore(){&#13;&#10;&#9;&#9;stub.testHelper(4010, &quot;CEN&quot;, &quot;Software Engineering&quot;, &quot;Spring 2008&quot;, &quot;01-02-08&quot;, &quot;04-20-08&quot;, &quot;12:00&quot;, &quot;12:50&quot;, null, null, &quot;12:00&quot;, &quot;12:50&quot;, null, null, &quot;12:00&quot;, &quot;12:50&quot;, null, null);&#13;&#10;&#9;&#9;db.setMyManager(stub);&#13;&#10;&#9;}&#13;&#10;&#9;&#13;&#10;&#9;@Test&#13;&#10;&#9;public void testConnectStringStringString() {&#13;&#10;&#9;&#9;db.connect(&quot;jdbc:mysql://131.94.178.165:3306/mydb&quot;, &quot;user&quot;, &quot;pw&quot;);&#13;&#10;&#9;}&#13;&#10;&#13;&#10;&#9;@Test&#13;&#10;&#9;public void testConnectStringString() {&#13;&#10;&#9;&#9;db.connect(&quot;user&quot;, &quot;pw&quot;);&#13;&#10;&#9;}&#13;&#10;&#13;&#10;&#9;@Test&#13;&#10;&#9;public void testDisconnect() {&#13;&#10;&#9;&#9;db.disconnect();&#13;&#10;&#9;}&#13;&#10;&#13;&#10;&#9;@Test&#13;&#10;&#9;public void testFetchCourseID() {&#13;&#10;&#9;&#9;boolean flag = false;&#13;&#10;&#9;&#9;int course = 4010;&#13;&#10;&#9;&#9;//courses = courses + &quot;&quot;;&#13;&#10;&#9;&#9;if (course == db.fetchCourseID(4010)){&#13;&#10;&#9;&#9;&#9;flag = true;&#13;&#10;&#9;&#9;} else flag = false;&#13;&#10;&#9;&#9;assertEquals(true,flag);&#13;&#10;&#13;&#10;&#9;}&#13;&#10;&#13;&#10;&#9;@Test&#13;&#10;&#9;public void testGetEndDates() {&#13;&#10;&#9;&#9;db.getEndDates().size();&#13;&#10;&#9;&#9;assertEquals(true,true);&#13;&#10;&#9;}&#13;&#10;&#13;&#10;&#9;@Test&#13;&#10;&#9;public void testGetCourses() {&#13;&#10;&#9;&#9;ArrayList&lt;Integer&gt; courses = new ArrayList&lt;Integer&gt;();&#13;&#10;&#9;&#9;boolean flag = false;&#13;&#10;&#9;&#9;courses.add(0, 4010);&#13;&#10;&#9;&#9;int a = courses.size();&#13;&#10;&#9;&#9;int b = db.getEndDates().size();&#13;&#10;&#9;&#9;int max;&#13;&#10;&#9;&#9;if (a &gt;= b) {&#13;&#10;&#9;&#9;&#9;max = a;&#13;&#10;&#9;&#9;} else&#13;&#10;&#9;&#9;&#9;max = b;&#13;&#10;&#9;&#9;for (int i = 0; i &lt; max; i++) {&#13;&#10;&#9;&#9;&#9;if (courses.get(i) == (db.getCourses().get(i))) {&#13;&#10;&#9;&#9;&#9;&#9;// do nothing&#13;&#10;&#9;&#9;&#9;} else&#13;&#10;&#9;&#9;&#9;&#9;flag = false;&#13;&#10;&#9;&#9;}&#13;&#10;&#9;&#9;flag = true;&#13;&#10;&#9;&#9;assertEquals(true,flag);&#13;&#10;&#9;}&#13;&#10;&#13;&#10;&#9;@Test&#13;&#10;&#9;public void testFetchCourses() {&#13;&#10;&#9;&#9;boolean flag = false;&#13;&#10;&#9;&#9;String courses = &quot;4010,&quot;;&#13;&#10;&#9;&#9;//courses = courses + &quot;&quot;;&#13;&#10;&#9;&#9;if (courses.equalsIgnoreCase(db.fetchCourses())){&#13;&#10;&#9;&#9;&#9;flag = true;&#13;&#10;&#9;&#9;} else flag = false;&#13;&#10;&#9;&#9;assertEquals(true,flag);&#13;&#10;&#9;}&#13;&#10;&#13;&#10;&#9;@Test&#13;&#10;&#9;public void testFetchCourseSubj() {&#13;&#10;&#9;&#9;boolean flag = false;&#13;&#10;&#9;&#9;String subj = &quot;CEN&quot;;&#9;//based on ID&#13;&#10;&#9;&#9;if (subj.equalsIgnoreCase(db.fetchCourseSubj(4010))){&#13;&#10;&#9;&#9;&#9;flag = true;&#13;&#10;&#9;&#9;} else flag = false;&#13;&#10;&#9;&#9;assertEquals(true,flag);&#13;&#10;&#9;}&#13;&#10;&#13;&#10;&#9;@Test&#13;&#10;&#9;public void testFetchCourseName() {&#13;&#10;&#9;&#9;boolean flag = false;&#13;&#10;&#9;&#9;String courses = &quot;Software Engineering&quot;; //based on ID&#13;&#10;&#9;&#9;if (courses.equalsIgnoreCase(db.fetchCourseName(4010))){&#13;&#10;&#9;&#9;&#9;flag = true;&#13;&#10;&#9;&#9;} else flag = false;&#13;&#10;&#9;&#9;assertEquals(true,flag);&#13;&#10;&#9;}&#13;&#10;&#13;&#10;&#9;@Test&#13;&#10;&#9;public void testFetchCourseSemester() {&#13;&#10;&#9;&#9;boolean flag = false;&#13;&#10;&#9;&#9;String semester= &quot;Spring 2008&quot;; //based on ID&#13;&#10;&#9;&#9;if (semester.equalsIgnoreCase(db.fetchCourseSemester(4010))){&#13;&#10;&#9;&#9;&#9;flag = true;&#13;&#10;&#9;&#9;} else flag = false;&#13;&#10;&#9;&#9;assertEquals(true,flag);&#13;&#10;&#9;}&#13;&#10;&#13;&#10;&#9;@Test&#13;&#10;&#9;public void testFetchCourseStart() {&#13;&#10;&#9;&#9;boolean flag = false;&#13;&#10;&#9;&#9;String startDate= &quot;01-02-08&quot;; //based on ID&#13;&#10;&#9;&#9;if (startDate.equalsIgnoreCase(db.fetchCourseStart(4010))){&#13;&#10;&#9;&#9;&#9;flag = true;&#13;&#10;&#9;&#9;} else flag = false;&#13;&#10;&#9;&#9;assertEquals(true,flag);&#13;&#10;&#9;}&#13;&#10;&#13;&#10;&#9;@Test&#13;&#10;&#9;public void testFetchCourseEnd() {&#13;&#10;&#9;&#9;boolean flag = false;&#13;&#10;&#9;&#9;String endDate= &quot;04-20-08&quot;; //based on ID&#13;&#10;&#9;&#9;if (endDate.equalsIgnoreCase(db.fetchCourseEnd(4010))){&#13;&#10;&#9;&#9;&#9;flag = true;&#13;&#10;&#9;&#9;} else flag = false;&#13;&#10;&#9;&#9;assertEquals(true,flag);&#13;&#10;&#9;}&#13;&#10;&#13;&#10;&#9;@Test&#13;&#10;&#9;public void testFetchStartMon() {&#13;&#10;&#9;&#9;boolean flag = false;&#13;&#10;&#9;&#9;String startMon= &quot;12:00&quot;; //based on ID&#13;&#10;&#9;&#9;if (startMon.equalsIgnoreCase(db.fetchStartMon(4010))){&#13;&#10;&#9;&#9;&#9;flag = true;&#13;&#10;&#9;&#9;} else flag = false;&#13;&#10;&#9;&#9;assertEquals(true,flag);&#13;&#10;&#9;}&#13;&#10;&#13;&#10;&#9;@Test&#13;&#10;&#9;public void testFetchEndMon() {&#13;&#10;&#9;&#9;boolean flag = false;&#13;&#10;&#9;&#9;String endMon= &quot;12:50&quot;; //based on ID&#13;&#10;&#9;&#9;if (endMon.equalsIgnoreCase(db.fetchEndMon(4010))){&#13;&#10;&#9;&#9;&#9;flag = true;&#13;&#10;&#9;&#9;} else flag = false;&#13;&#10;&#9;&#9;assertEquals(true,flag);&#13;&#10;&#9;}&#13;&#10;&#13;&#10;&#9;@Test&#13;&#10;&#9;public void testFetchStartTue() {&#13;&#10;&#9;&#9;boolean flag = false;&#13;&#10;&#9;&#9;String startTue= null; //based on ID&#13;&#10;&#9;&#9;if (startTue == (db.fetchStartTue(4010))){&#13;&#10;&#9;&#9;&#9;flag = true;&#13;&#10;&#9;&#9;} else flag = false;&#13;&#10;&#9;&#9;assertEquals(true,flag);&#13;&#10;&#9;}&#13;&#10;&#13;&#10;&#9;@Test&#13;&#10;&#9;public void testFetchEndTue() {&#13;&#10;&#9;&#9;boolean flag = false;&#13;&#10;&#9;&#9;String endTue= null; //based on ID&#13;&#10;&#9;&#9;if (endTue == (db.fetchEndTue(4010))){&#13;&#10;&#9;&#9;&#9;flag = true;&#13;&#10;&#9;&#9;} else flag = false;&#13;&#10;&#9;&#9;assertEquals(true,flag);&#13;&#10;&#9;}&#13;&#10;&#13;&#10;&#9;@Test&#13;&#10;&#9;public void testFetchStartWed() {&#13;&#10;&#9;&#9;boolean flag = false;&#13;&#10;&#9;&#9;String startWed= &quot;12:00&quot;; //based on ID&#13;&#10;&#9;&#9;if (startWed.equalsIgnoreCase(db.fetchStartWed(4010))){&#13;&#10;&#9;&#9;&#9;flag = true;&#13;&#10;&#9;&#9;} else flag = false;&#13;&#10;&#9;&#9;assertEquals(true,flag);&#13;&#10;&#9;}&#13;&#10;&#13;&#10;&#9;@Test&#13;&#10;&#9;public void testFetchEndWed() {&#13;&#10;&#9;&#9;boolean flag = false;&#13;&#10;&#9;&#9;String endWed= &quot;12:50&quot;; //based on ID&#13;&#10;&#9;&#9;if (endWed.equalsIgnoreCase(db.fetchEndWed(4010))){&#13;&#10;&#9;&#9;&#9;flag = true;&#13;&#10;&#9;&#9;} else flag = false;&#13;&#10;&#9;&#9;assertEquals(true,flag);&#13;&#10;&#9;}&#13;&#10;&#13;&#10;&#9;@Test&#13;&#10;&#9;public void testFetchStartThu() {&#13;&#10;&#9;&#9;boolean flag = false;&#13;&#10;&#9;&#9;String startThu= null; //based on ID&#13;&#10;&#9;&#9;if (startThu == (db.fetchStartThu(4010))){&#13;&#10;&#9;&#9;&#9;flag = true;&#13;&#10;&#9;&#9;} else flag = false;&#13;&#10;&#9;&#9;assertEquals(true,flag);&#13;&#10;&#9;}&#13;&#10;&#13;&#10;&#9;@Test&#13;&#10;&#9;public void testFetchEndThu() {&#13;&#10;&#9;&#9;boolean flag = false;&#13;&#10;&#9;&#9;String endThu= null; //based on ID&#13;&#10;&#9;&#9;if (endThu == (db.fetchEndThu(4010))){&#13;&#10;&#9;&#9;&#9;flag = true;&#13;&#10;&#9;&#9;} else flag = false;&#13;&#10;&#9;&#9;assertEquals(true,flag);&#13;&#10;&#9;}&#13;&#10;&#13;&#10;&#9;@Test&#13;&#10;&#9;public void testFetchStartFri() {&#13;&#10;&#9;&#9;boolean flag = false;&#13;&#10;&#9;&#9;String startFri= &quot;12:00&quot;; //based on ID&#13;&#10;&#9;&#9;if (startFri.equalsIgnoreCase(db.fetchStartFri(4010))){&#13;&#10;&#9;&#9;&#9;flag = true;&#13;&#10;&#9;&#9;} else flag = false;&#13;&#10;&#9;&#9;assertEquals(true,flag);&#13;&#10;&#9;}&#13;&#10;&#13;&#10;&#9;@Test&#13;&#10;&#9;public void testFetchEndFri() {&#13;&#10;&#9;&#9;boolean flag = false;&#13;&#10;&#9;&#9;String endFri= &quot;12:50&quot;; //based on ID&#13;&#10;&#9;&#9;if (endFri.equalsIgnoreCase(db.fetchEndFri(4010))){&#13;&#10;&#9;&#9;&#9;flag = true;&#13;&#10;&#9;&#9;} else flag = false;&#13;&#10;&#9;&#9;assertEquals(true,flag);&#13;&#10;&#9;}&#13;&#10;&#13;&#10;&#9;@Test&#13;&#10;&#9;public void testFetchStartSat() {&#13;&#10;&#9;&#9;boolean flag = false;&#13;&#10;&#9;&#9;String startSat= null; //based on ID&#13;&#10;&#9;&#9;if (startSat == (db.fetchStartSat(4010))){&#13;&#10;&#9;&#9;&#9;flag = true;&#13;&#10;&#9;&#9;} else flag = false;&#13;&#10;&#9;&#9;assertEquals(true,flag);&#13;&#10;&#9;}&#13;&#10;&#13;&#10;&#9;@Test&#13;&#10;&#9;public void testFetchEndSat() {&#13;&#10;&#9;&#9;boolean flag = false;&#13;&#10;&#9;&#9;String endSat= null; //based on ID&#13;&#10;&#9;&#9;if (endSat == (db.fetchEndSat(4010))){&#13;&#10;&#9;&#9;&#9;flag = true;&#13;&#10;&#9;&#9;} else flag = false;&#13;&#10;&#9;&#9;assertEquals(true,flag);&#13;&#10;&#9;}&#13;&#10;&#13;&#10;&#9;@Test&#13;&#10;&#9;public void testStoreClassInfo() {&#13;&#10;&#9;&#9;db.storeClassInfo(4010, &quot;CEN&quot;, &quot;Software Testing&quot;, &quot;Fall 2016&quot;);&#13;&#10;&#9;&#9;assertEquals(true,stub.courses.contains(4010));&#13;&#10;&#9;&#9;assertEquals(&quot;Software Testing&quot;,stub.defCourseName.get(4010));&#13;&#10;&#9;&#9;assertEquals(&quot;CEN&quot;,stub.defSub.get(4010));&#13;&#10;&#9;&#9;assertEquals(&quot;Fall 2016&quot;,stub.defSemester.get(4010));&#13;&#10;&#9;}&#13;&#10;&#13;&#10;&#9;//@Test&#13;&#10;&#9;//public void testStoreClassSched() {&#13;&#10;&#9;&#9;//fail(&quot;Not yet implemented&quot;);&#13;&#10;&#9;//}&#13;&#10;&#13;&#10;&#9;//@Test&#13;&#10;&#9;//public void testClearDatabase() {&#13;&#10;&#9;&#9;//fail(&quot;Not yet implemented&quot;);&#13;&#10;&#9;//}&#13;&#10;&#13;&#10;&#9;//@Test&#13;&#10;&#9;//public void testCreateClassTable() {&#13;&#10;&#9;&#9;//fail(&quot;Not yet implemented&quot;);&#13;&#10;&#9;//}&#13;&#10;&#13;&#10;}&#13;&#10;" Filename="DBConnectionTest.java" Intrnl_Id="11"/>
<SrcFile Content="package my.PSM.unitTestPSM;&#13;&#10;&#13;&#10;import static org.junit.Assert.*;&#13;&#10;&#13;&#10;import java.util.Calendar;&#13;&#10;import java.util.GregorianCalendar;&#13;&#10;import java.lang.System;&#13;&#10;&#13;&#10;import my.PSM.PSM_Logic.appController;&#13;&#10;&#13;&#10;import org.junit.After;&#13;&#10;import org.junit.Assert;&#13;&#10;import org.junit.Before;&#13;&#10;import org.junit.Test;&#13;&#10;&#13;&#10;&#13;&#10;public class appControllerTest {&#13;&#10;&#9;private appController app; //tested class&#13;&#10;&#9;private InterfaceFacadeStub iFacade; //stub&#13;&#10;&#9;private DataStoreFacadeStub dataStub; //stub&#13;&#10;&#13;&#10;&#9;@Before&#13;&#10;&#9;public void runBeforeAllTest(){&#13;&#10;&#9;&#9;//--Makes sure all dependent classes used are stubbed&#13;&#10;&#9;&#9;app = new appController();&#13;&#10;&#9;&#9;iFacade = new InterfaceFacadeStub(); //stubbed interface facade&#13;&#10;&#9;&#9;dataStub = new DataStoreFacadeStub(&quot;user&quot;, &quot;pw&quot;); //stubbed date store facade&#13;&#10;&#9;&#9;app.setDataStoreFacade(dataStub);&#13;&#10;&#9;&#9;app.setAuthenticate(new AuthenticateStub(&quot;user&quot;, &quot;pw&quot;)); //inject authenticate stub&#13;&#10;&#9;&#9;InterfaceControllerStub interfaceStub = new InterfaceControllerStub(iFacade); //stubbed interface Controller&#13;&#10;&#9;&#9;app.setInterfaceController(interfaceStub);&#13;&#10;&#9;}&#13;&#10;&#9;@After&#13;&#10;&#9;public void runAfterAllTest(){&#13;&#10;&#9;&#9;app = null;&#13;&#10;&#9;&#9;iFacade = null;&#13;&#10;&#9;&#9;dataStub = null;&#13;&#10;&#9;}&#13;&#10;&#9;@Test&#13;&#10;&#9;public void testMyMain() {&#13;&#10;&#9;&#9;//--Mimic User Input&#13;&#10;&#9;&#9;iFacade.setUsername(&quot;user&quot;);&#13;&#10;&#9;&#9;iFacade.setPassword(&quot;pw&quot;);&#13;&#10;&#9;&#9;iFacade.setLogout(true);&#13;&#10;&#13;&#10;&#9;&#9;app.myMain();&#13;&#10;&#9;&#9;&#13;&#10;&#9;&#9;//--Expect to be logged out when method returns&#13;&#10;&#9;&#9;assertEquals(app.getUser(), &quot;user&quot;);&#13;&#10;&#9;&#9;assertEquals(app.getPass(), &quot;pw&quot;);&#13;&#10;&#9;&#9;assertEquals(app.getLoggedIn(), false);&#13;&#10;&#9;&#9;assertTrue(app.isLogoutSel());&#13;&#10;&#9;}&#13;&#10;&#13;&#10;&#9;@Test&#13;&#10;&#9;public void testAppMainMenu(){&#13;&#10;&#9;&#9;//--Mimic user input&#13;&#10;&#9;&#9;iFacade.setEdit(true);&#13;&#10;&#9;&#9;&#13;&#10;&#9;&#9;app.appMainMenu();&#13;&#10;&#9;&#9;&#13;&#10;&#9;&#9;//--Expect edSchedSel to be true&#13;&#10;&#9;&#9;assertTrue(app.isEdSchedSel());&#13;&#10;&#9;}&#13;&#10;&#9;@Test&#13;&#10;&#9;public void testAppMainMenu02(){&#13;&#10;&#9;&#9;//--Mimic user input&#13;&#10;&#9;&#9;iFacade.setLogout(true);&#13;&#10;&#9;&#9;&#13;&#10;&#9;&#9;app.appMainMenu();&#13;&#10;&#9;&#9;&#13;&#10;&#9;&#9;//--Expect logoutSel to be true&#13;&#10;&#9;&#9;assertTrue(app.isLogoutSel());&#13;&#10;&#9;}&#13;&#10;&#9;@Test&#13;&#10;&#9;public void testAppMainMenu03(){&#13;&#10;&#9;&#9;//--Mimic user input&#13;&#10;&#9;&#9;iFacade.setInit(true);&#13;&#10;&#9;&#9;&#13;&#10;&#9;&#9;app.appMainMenu();&#13;&#10;&#9;&#9;&#13;&#10;&#9;&#9;//--Expect schedSetupSel to be true&#13;&#10;&#9;&#9;assertTrue(app.isSchedSetupSel());&#13;&#10;&#9;}&#13;&#10;&#9;@Test&#13;&#10;&#9;public void testSetupSched() {&#13;&#10;&#9;&#9;&#13;&#10;&#9;&#9;//--Mimic user input&#13;&#10;&#9;&#9;iFacade.setCourse(4072);&#13;&#10;&#9;&#9;iFacade.testHelper(&quot;CEN&quot;, &quot;Software Testing&quot;, &quot;Fall&quot;, &quot;06/15/16&quot;, &#13;&#10;&#9;&#9;&#9;&#9;&quot;07/15/16&quot;, null, null, &quot;04:30&quot;, &quot;06:15&quot;, null, null,&#13;&#10;&#9;&#9;&#9;&#9;&quot;04:30&quot;, &quot;06:15&quot;, null, null, null, null);&#13;&#10;&#9;&#9;&#13;&#10;&#9;&#9;app.setupSched();&#13;&#10;&#9;&#9;&#13;&#10;&#9;&#9;//--Expect the mimicked user input to be in the database&#13;&#10;&#9;&#9;Assert.assertTrue(dataStub.courses.contains(4072));&#13;&#10;&#9;&#9;Assert.assertEquals(dataStub.defCourseName.get(4072), &quot;Software Testing&quot;);&#13;&#10;&#9;&#9;Assert.assertEquals(dataStub.defSub.get(4072), &quot;CEN&quot;);&#13;&#10;&#9;&#9;Assert.assertEquals(dataStub.defSemester.get(4072), &quot;Fall&quot;);&#13;&#10;&#9;&#9;Assert.assertEquals(dataStub.defCourseStart.get(4072), &quot;06/15/16&quot;);&#13;&#10;&#9;&#9;Assert.assertEquals(dataStub.defCourseEnd.get(4072), &quot;07/15/16&quot;);&#13;&#10;&#9;&#9;Assert.assertEquals(dataStub.defMonStart.get(4072), null);&#13;&#10;&#9;&#9;Assert.assertEquals(dataStub.defMonEnd.get(4072), null);&#13;&#10;&#9;&#9;Assert.assertEquals(dataStub.defTueStart.get(4072), &quot;04:30&quot;);&#13;&#10;&#9;&#9;Assert.assertEquals(dataStub.defTueEnd.get(4072), &quot;06:15&quot;);&#13;&#10;&#9;&#9;Assert.assertEquals(dataStub.defWedStart.get(4072), null);&#13;&#10;&#9;&#9;Assert.assertEquals(dataStub.defWedEnd.get(4072), null);&#13;&#10;&#9;&#9;Assert.assertEquals(dataStub.defThuStart.get(4072), &quot;04:30&quot;);&#13;&#10;&#9;&#9;Assert.assertEquals(dataStub.defThuEnd.get(4072), &quot;06:15&quot;);&#13;&#10;&#9;&#9;Assert.assertEquals(dataStub.defFriStart.get(4072), null);&#13;&#10;&#9;&#9;Assert.assertEquals(dataStub.defFriEnd.get(4072), null);&#13;&#10;&#9;&#9;Assert.assertEquals(dataStub.defSatStart.get(4072), null);&#13;&#10;&#9;&#9;Assert.assertEquals(dataStub.defSatEnd.get(4072), null);&#13;&#10;&#9;}&#13;&#10;&#13;&#10;&#9;@Test&#13;&#10;&#9;public void testAppEditSched() {&#13;&#10;&#9;&#9;//--Precondition: Database has the course with ID 4072&#13;&#10;&#9;&#9;dataStub.courses.add(4072);&#13;&#10;&#9;&#9;&#13;&#10;&#9;&#9;//--Mimic user input&#13;&#10;&#9;&#9;iFacade.setCourse(4072);&#13;&#10;&#9;&#9;iFacade.testHelper(&quot;CEN&quot;, &quot;Software Testing&quot;, &quot;Fall&quot;, &quot;06/15/16&quot;, &#13;&#10;&#9;&#9;&#9;&#9;&quot;07/15/16&quot;, null, null, &quot;04:30&quot;, &quot;06:15&quot;, null, null,&#13;&#10;&#9;&#9;&#9;&#9;&quot;04:30&quot;, &quot;06:15&quot;, null, null, null, null);&#13;&#10;&#9;&#9;//--&#13;&#10;&#9;&#9;&#13;&#10;&#9;&#9;app.appEditSched();&#13;&#10;&#9;&#9;&#13;&#10;&#9;&#9;//--Expect the mimicked user input to be in the database&#13;&#10;&#9;&#9;Assert.assertEquals(dataStub.defCourseStart.get(4072), &quot;06/15/16&quot;);&#13;&#10;&#9;&#9;Assert.assertEquals(dataStub.defCourseEnd.get(4072), &quot;07/15/16&quot;);&#13;&#10;&#9;&#9;Assert.assertEquals(dataStub.defMonStart.get(4072), null);&#13;&#10;&#9;&#9;Assert.assertEquals(dataStub.defMonEnd.get(4072), null);&#13;&#10;&#9;&#9;Assert.assertEquals(dataStub.defTueStart.get(4072), &quot;04:30&quot;);&#13;&#10;&#9;&#9;Assert.assertEquals(dataStub.defTueEnd.get(4072), &quot;06:15&quot;);&#13;&#10;&#9;&#9;Assert.assertEquals(dataStub.defWedStart.get(4072), null);&#13;&#10;&#9;&#9;Assert.assertEquals(dataStub.defWedEnd.get(4072), null);&#13;&#10;&#9;&#9;Assert.assertEquals(dataStub.defThuStart.get(4072), &quot;04:30&quot;);&#13;&#10;&#9;&#9;Assert.assertEquals(dataStub.defThuEnd.get(4072), &quot;06:15&quot;);&#13;&#10;&#9;&#9;Assert.assertEquals(dataStub.defFriStart.get(4072), null);&#13;&#10;&#9;&#9;Assert.assertEquals(dataStub.defFriEnd.get(4072), null);&#13;&#10;&#9;&#9;Assert.assertEquals(dataStub.defSatStart.get(4072), null);&#13;&#10;&#9;&#9;Assert.assertEquals(dataStub.defSatEnd.get(4072), null);&#13;&#10;&#9;}&#13;&#10;&#13;&#10;&#9;@Test&#13;&#10;&#9;public void testAppLogin() {&#13;&#10;&#9;&#9;//--Mimic User Input&#13;&#10;&#9;&#9;iFacade.setUsername(&quot;user&quot;);&#13;&#10;&#9;&#9;iFacade.setPassword(&quot;pw&quot;);&#13;&#10;&#9;&#9;&#13;&#10;&#9;&#9;app.appLogin();&#13;&#10;&#9;&#9;&#13;&#10;&#9;&#9;//--Expect to successfully login. And the state of app to change.&#13;&#10;&#9;&#9;Assert.assertTrue(app.getLoggedIn());&#13;&#10;&#9;&#9;Assert.assertEquals(app.getUser(), &quot;user&quot;);&#13;&#10;&#9;&#9;Assert.assertEquals(app.getPass(), &quot;pw&quot;);&#13;&#10;&#9;}&#13;&#10;&#13;&#10;&#9;@Test&#13;&#10;&#9;public void testAppLogin02() {&#13;&#10;&#9;&#9;//--Mimic User Input&#13;&#10;&#9;&#9;iFacade.setUsername(&quot;Peter&quot;);&#13;&#10;&#9;&#9;iFacade.setPassword(&quot;Clarke&quot;);&#13;&#10;&#9;&#9;&#13;&#10;&#9;&#9;app.appLogin();&#13;&#10;&#9;&#9;&#13;&#10;&#9;&#9;//--Expect to unsuccessfully login. And method returns from 3 failed attempts.&#13;&#10;&#9;&#9;assertEquals(app.getLoggedIn(), false);&#13;&#10;&#9;&#9;assertEquals(app.getCounter(), 3);&#13;&#10;&#9;&#9;assertEquals(app.getUser(), &quot;Peter&quot;);&#13;&#10;&#9;&#9;assertEquals(app.getPass(), &quot;Clarke&quot;);&#13;&#10;&#9;}&#13;&#10;&#9;@Test&#13;&#10;&#9;public void testCheckClear() {&#13;&#10;&#9;&#9;//--Precondition: database is empty&#13;&#10;&#9;&#9;&#13;&#10;&#9;&#9;//--Expect the method to return true&#13;&#10;&#9;&#9;Assert.assertTrue(app.checkClear());&#13;&#10;&#9;&#9;&#13;&#10;&#9;}&#13;&#10;&#9;&#13;&#10;&#9;@Test&#13;&#10;&#9;public void testCheckClear02() {&#13;&#10;&#9;&#9;//--Precondition: database contains the following info&#13;&#10;&#9;&#9;dataStub.testHelper(4072, &quot;CEN&quot;, &quot;Software Testing&quot;, &quot;SummerA&quot;, &quot;01/15/16&quot;, &quot;04/31/16&quot;, null, null, &#13;&#10;&#9;&#9;&#9;&#9;&quot;04:30&quot;, &quot;06:15&quot;, null, null, &quot;04:30&quot;, &quot;06:15&quot;, null, null, null, null);&#13;&#10;&#9;&#9;dataStub.testHelper(4010, &quot;CEN&quot;, &quot;Software Engineering&quot;, &quot;SummerA&quot;, &quot;01/15/16&quot;, &quot;04/28/16&quot;, null, null, &#13;&#10;&#9;&#9;&#9;&#9;&quot;04:30&quot;, &quot;06:15&quot;, null, null, &quot;04:30&quot;, &quot;06:15&quot;, null, null, null, null);&#13;&#10;&#9;&#9;//--Expect the method to return true&#13;&#10;&#9;&#9;Assert.assertTrue(app.checkClear());&#13;&#10;&#9;}&#13;&#10;&#13;&#10;&#9;@Test&#13;&#10;&#9;public void testCheckClear03() {&#13;&#10;&#9;&#9;//--Precondition: database is contains the following info&#13;&#10;&#9;&#9;dataStub.testHelper(4072, &quot;CEN&quot;, &quot;Software Testing&quot;, &quot;SummerA&quot;, &quot;04/31/16&quot;, &quot;07/31/16&quot;, null, null, &#13;&#10;&#9;&#9;&#9;&#9;&quot;04:30&quot;, &quot;06:15&quot;, null, null, &quot;04:30&quot;, &quot;06:15&quot;, null, null, null, null);&#13;&#10;&#9;&#9;dataStub.testHelper(4010, &quot;CEN&quot;, &quot;Software Engineering&quot;, &quot;SummerA&quot;, &quot;04/28/16&quot;, &quot;07/28/16&quot;, null, null, &#13;&#10;&#9;&#9;&#9;&#9;&quot;04:30&quot;, &quot;06:15&quot;, null, null, &quot;04:30&quot;, &quot;06:15&quot;, null, null, null, null);&#13;&#10;&#9;&#9;//--Expect the method to return false&#13;&#10;&#9;&#9;Assert.assertEquals(app.checkClear(), false);&#13;&#10;&#9;&#9;&#13;&#10;&#9;}&#13;&#10;&#13;&#10;&#9;@Test&#13;&#10;&#9;public void testGetData() {&#13;&#10;&#9;&#9;//--Precondition: Database contains the following info&#13;&#10;&#9;&#9;dataStub.testHelper(4072, &quot;CEN&quot;, &quot;Software Testing&quot;, &quot;SummerA&quot;, &quot;06/15/16&quot;, &quot;07/15/16&quot;, null, null, &#13;&#10;&#9;&#9;&#9;&#9;&quot;04:30&quot;, &quot;06:15&quot;, null, null, &quot;04:30&quot;, &quot;06:15&quot;, null, null, null, null);&#13;&#10;&#9;&#9;&#13;&#10;&#9;&#9;app.getData(4072);&#13;&#10;&#9;&#9;&#13;&#10;&#9;&#9;//--Expect the fields of app to change to the corresponding data in the database&#13;&#10;&#9;&#9;Assert.assertEquals(app.defCourseName, &quot;Software Testing&quot;);&#13;&#10;&#9;&#9;Assert.assertEquals(app.defSub, &quot;CEN&quot;);&#13;&#10;&#9;&#9;Assert.assertEquals(app.defSemester, &quot;SummerA&quot;);&#13;&#10;&#9;&#9;Assert.assertEquals(app.defCourseStart, &quot;06/15/16&quot;);&#13;&#10;&#9;&#9;Assert.assertEquals(app.defCourseEnd, &quot;07/15/16&quot;);&#13;&#10;&#9;&#9;Assert.assertEquals(app.defMonStart, null);&#13;&#10;&#9;&#9;Assert.assertEquals(app.defMonEnd, null);&#13;&#10;&#9;&#9;Assert.assertEquals(app.defTueStart, &quot;04:30&quot;);&#13;&#10;&#9;&#9;Assert.assertEquals(app.defTueEnd, &quot;06:15&quot;);&#13;&#10;&#9;&#9;Assert.assertEquals(app.defWedStart, null);&#13;&#10;&#9;&#9;Assert.assertEquals(app.defWedEnd, null);&#13;&#10;&#9;&#9;Assert.assertEquals(app.defThuStart, &quot;04:30&quot;);&#13;&#10;&#9;&#9;Assert.assertEquals(app.defThuEnd, &quot;06:15&quot;);&#13;&#10;&#9;&#9;Assert.assertEquals(app.defFriStart, null);&#13;&#10;&#9;&#9;Assert.assertEquals(app.defFriEnd, null);&#13;&#10;&#9;&#9;Assert.assertEquals(app.defSatStart, null);&#13;&#10;&#9;&#9;Assert.assertEquals(app.defSatEnd, null);&#13;&#10;&#9;}&#13;&#10;&#13;&#10;&#9;@Test&#13;&#10;&#9;public void testSleep() {&#13;&#10;&#9;&#9;long begin = System.currentTimeMillis();&#13;&#10;&#9;&#9;app.sleep(5);&#13;&#10;&#9;&#9;long end = System.currentTimeMillis();&#13;&#10;&#9;&#9;&#13;&#10;&#9;&#9;//Expect time elapsed to be 5ms.&#13;&#10;&#9;&#9;Assert.assertEquals(end-begin, 5);&#13;&#10;&#9;}&#13;&#10;&#13;&#10;&#9;@Test&#13;&#10;&#9;public void testLogIn() {&#13;&#10;&#9;&#9;//--Precondition: The state of app has the correct user credentials&#13;&#10;&#9;&#9;app.setUser(&quot;user&quot;);&#13;&#10;&#9;&#9;app.setPassword(&quot;pw&quot;);&#13;&#10;&#9;&#9;&#13;&#10;&#9;&#9;app.LogIn();&#13;&#10;&#9;&#9;&#13;&#10;&#9;&#9;//--Expect the loggedin field to be true&#13;&#10;&#9;&#9;Assert.assertTrue(app.getLoggedIn());&#13;&#10;&#9;}&#13;&#10;&#13;&#10;&#9;@Test&#13;&#10;&#9;public void testLogIn02() {&#13;&#10;&#9;&#9;//--Precondition: The state of app has the correct user credentials&#13;&#10;&#9;&#9;app.setUser(&quot;peter&quot;);&#13;&#10;&#9;&#9;app.setPassword(&quot;clarke&quot;);&#13;&#10;&#9;&#9;&#13;&#10;&#9;&#9;app.LogIn();&#13;&#10;&#9;&#9;&#13;&#10;&#9;&#9;//--Expect the loggedin field to be true&#13;&#10;&#9;&#9;Assert.assertFalse(app.getLoggedIn());&#13;&#10;&#9;}&#13;&#10;&#13;&#10;&#9;@Test&#13;&#10;&#9;public void testTimerParser() {&#13;&#10;&#9;&#9;app.timerParser(&quot;04:35&quot;);&#13;&#10;&#9;&#9;&#13;&#10;&#9;&#9;//--Expect the hr = 4 and min = 35&#13;&#10;&#9;&#9;Assert.assertTrue(app.returnHr() == 4 &amp;&amp; app.returnMin() == 35);&#13;&#10;&#9;}&#13;&#10;&#13;&#10;&#9;&#13;&#10;&#9;@Test&#13;&#10;&#9;public void testDateParser() {&#13;&#10;&#9;&#9;app.dateParser(&quot;06/31/16&quot;);&#13;&#10;&#9;&#9;&#13;&#10;&#9;&#9;//--Expect month = 6, date = 31, year = 16&#13;&#10;&#9;&#9;Assert.assertEquals(app.getClearYear(), 16);&#13;&#10;&#9;&#9;Assert.assertEquals(app.getClearMonth(), 6);&#13;&#10;&#9;&#9;Assert.assertEquals(app.getClearDate(), 31);&#13;&#10;&#9;}&#13;&#10;&#13;&#10;&#9;@Test&#13;&#10;&#9;public void testGetEndTime() {&#13;&#10;&#9;&#9;Calendar date = new GregorianCalendar(Calendar.YEAR, Calendar.MONTH, Calendar.DATE, &#13;&#10;&#9;&#9;&#9;&#9;4, 29, 1);&#13;&#10;&#9;&#9;&#13;&#10;&#9;&#9;//--Expect a date that has hr = 4, min = 29&#13;&#10;&#9;&#9;assertEquals(app.getEndTime(4, 30).toString().substring(11, 16), &quot;04:29&quot;);&#13;&#10;&#9;}&#13;&#10;&#13;&#10;&#9;@Test&#13;&#10;&#9;public void testGet15BeforeEnd() {&#13;&#10;&#9;&#9;Calendar date = new GregorianCalendar(Calendar.YEAR, Calendar.MONTH, Calendar.DATE, &#13;&#10;&#9;&#9;&#9;&#9;4, 15, 1);&#13;&#10;&#9;&#9;&#13;&#10;&#9;&#9;//--Expect a date that has hr = 4, min = 15&#13;&#10;&#9;&#9;assertEquals(app.get15BeforeEnd(4, 30).toString().substring(11, 16), &quot;04:15&quot;);&#13;&#10;&#9;}&#13;&#10;&#13;&#10;&#9;@Test&#13;&#10;&#9;public void testGet15BeforeEnd02() {&#13;&#10;&#9;&#9;Calendar date = new GregorianCalendar(Calendar.YEAR, Calendar.MONTH, Calendar.DATE, &#13;&#10;&#9;&#9;&#9;&#9;3, 55, 1);&#13;&#10;&#9;&#9;&#13;&#10;&#9;&#9;//--Expect a date that has hr = 3, min = 55&#13;&#10;&#9;&#9;assertEquals(app.get15BeforeEnd(4, 10).toString().substring(11, 16), &quot;03:55&quot;);&#13;&#10;&#9;}&#13;&#10;&#9;@Test&#13;&#10;&#9;public void testGet5BeforeEnd() {&#13;&#10;&#9;&#9;Calendar date = new GregorianCalendar();&#13;&#10;&#9;&#9;date.setTimeInMillis(System.currentTimeMillis());&#13;&#10;&#9;&#9;date.set(date.YEAR, date.MONTH, date.DATE, &#13;&#10;&#9;&#9;&#9;&#9;4, 25, 1);&#13;&#10;&#9;&#9;&#13;&#10;&#9;&#9;//--Expect a date that has hr = 4, min = 25&#13;&#10;&#9;&#9;assertEquals(app.get5BeforeEnd(4, 30).toString().substring(11, 16), &quot;04:25&quot;);&#13;&#10;&#9;}&#13;&#10;&#13;&#10;&#9;@Test&#13;&#10;&#9;public void testGet5BeforeEnd02() {&#13;&#10;&#9;&#9;Calendar date = new GregorianCalendar();&#13;&#10;&#9;&#9;date.set(Calendar.YEAR, Calendar.MONTH, Calendar.DATE, &#13;&#10;&#9;&#9;&#9;&#9;3, 58, 1);&#13;&#10;&#9;&#9;&#13;&#10;&#9;&#9;//--Expect a date that has hr = 3, min = 58&#13;&#10;&#9;&#9;assertEquals(app.get5BeforeEnd(4, 3).toString().substring(11, 16), &quot;03:58&quot;);&#13;&#10;&#9;}&#13;&#10;}&#13;&#10;" Filename="appControllerTest.java" Intrnl_Id="12"/>
</SrcFileList>
<CritList>
<CritListEntry Name="org.codecover.model.utils.criteria.LoopCoverage" PluginName="org.codecover"/>
<CritListEntry Name="org.codecover.model.utils.criteria.BranchCoverage" PluginName="org.codecover"/>
<CritListEntry Name="org.codecover.model.utils.criteria.ConditionCoverage" PluginName="org.codecover"/>
<CritListEntry Name="org.codecover.model.utils.criteria.StatementCoverage" PluginName="org.codecover"/>
</CritList>
<BoolOpList>
<BoolOp Arity="1" Intrnl_Id="13" Name="not (!)">
<BoolAssgnmntBoolMapList>
<MapEntry BoolAssgnmnt="0" Value="true"/>
<MapEntry BoolAssgnmnt="1" Value="false"/>
</BoolAssgnmntBoolMapList>
</BoolOp>
<BoolOp Arity="2" Intrnl_Id="14" Name="conditional and (&amp;&amp;)">
<BoolAssgnmntBoolMapList>
<MapEntry BoolAssgnmnt="10" Value="false"/>
<MapEntry BoolAssgnmnt="02" Value="false"/>
<MapEntry BoolAssgnmnt="11" Value="true"/>
</BoolAssgnmntBoolMapList>
</BoolOp>
</BoolOpList>
<HierarchyLvlTypeList>
<HierarchyLvlType EnglishName="package" IntrnlName="package" Intrnl_Id="15"/>
<HierarchyLvlType EnglishName="class" IntrnlName="class" Intrnl_Id="16"/>
<HierarchyLvlType EnglishName="method" IntrnlName="method" Intrnl_Id="17"/>
<HierarchyLvlType EnglishName="default package" IntrnlName="default package" Intrnl_Id="18"/>
<HierarchyLvlType EnglishName="anonymous class" IntrnlName="class" Intrnl_Id="19"/>
</HierarchyLvlTypeList>
<MASTRoot>
<HierarchyLvl HierarchyLvlId="961" HierarchyLvlTypeId="18" Intrnl_Id="20" Name="default package">
<Header/>
<LocList/>
<HierarchyLvl HierarchyLvlId="960" HierarchyLvlTypeId="15" Intrnl_Id="21" Name="my">
<Header/>
<LocList/>
<HierarchyLvl HierarchyLvlId="959" HierarchyLvlTypeId="15" Intrnl_Id="22" Name="PSM">
<Header/>
<LocList/>
<HierarchyLvl HierarchyLvlId="955" HierarchyLvlTypeId="15" Intrnl_Id="23" Name="PSM_Logic">
<Header/>
<LocList/>
<HierarchyLvl HierarchyLvlId="734" HierarchyLvlTypeId="16" Intrnl_Id="24" Name="Authenticate">
<Header>
<Loc EndOffset="299" SrcFileId="1" StartOffset="274"/>
</Header>
<LocList>
<Loc EndOffset="1201" SrcFileId="1" StartOffset="274"/>
</LocList>
<HierarchyLvl HierarchyLvlId="729" HierarchyLvlTypeId="17" Intrnl_Id="25" Name="Authenticate">
<Header>
<Loc EndOffset="468" SrcFileId="1" StartOffset="447"/>
</Header>
<LocList>
<Loc EndOffset="508" SrcFileId="1" StartOffset="447"/>
</LocList>
<StmntSeq Intrnl_Id="26">
<LocList>
<Loc EndOffset="502" SrcFileId="1" StartOffset="475"/>
</LocList>
<BasicStmnt CovItemId="S1" CovItemPrefix="my.PSM.PSM_Logic.Authenticate.java" Intrnl_Id="27">
<LocList>
<Loc EndOffset="502" SrcFileId="1" StartOffset="475"/>
</LocList>
</BasicStmnt>
</StmntSeq>
</HierarchyLvl>
<HierarchyLvl HierarchyLvlId="730" HierarchyLvlTypeId="17" Intrnl_Id="28" Name="Authenticate">
<Header>
<Loc EndOffset="556" SrcFileId="1" StartOffset="513"/>
</Header>
<LocList>
<Loc EndOffset="657" SrcFileId="1" StartOffset="513"/>
</LocList>
<StmntSeq Intrnl_Id="29">
<LocList>
<Loc EndOffset="583" SrcFileId="1" StartOffset="567"/>
<Loc EndOffset="606" SrcFileId="1" StartOffset="592"/>
<Loc EndOffset="642" SrcFileId="1" StartOffset="615"/>
</LocList>
<BasicStmnt CovItemId="S2" CovItemPrefix="my.PSM.PSM_Logic.Authenticate.java" Intrnl_Id="30">
<LocList>
<Loc EndOffset="583" SrcFileId="1" StartOffset="567"/>
</LocList>
</BasicStmnt>
<BasicStmnt CovItemId="S3" CovItemPrefix="my.PSM.PSM_Logic.Authenticate.java" Intrnl_Id="31">
<LocList>
<Loc EndOffset="606" SrcFileId="1" StartOffset="592"/>
</LocList>
</BasicStmnt>
<BasicStmnt CovItemId="S4" CovItemPrefix="my.PSM.PSM_Logic.Authenticate.java" Intrnl_Id="32">
<LocList>
<Loc EndOffset="642" SrcFileId="1" StartOffset="615"/>
</LocList>
</BasicStmnt>
</StmntSeq>
</HierarchyLvl>
<HierarchyLvl HierarchyLvlId="731" HierarchyLvlTypeId="17" Intrnl_Id="33" Name="setCredentials">
<Header>
<Loc EndOffset="714" SrcFileId="1" StartOffset="662"/>
</Header>
<LocList>
<Loc EndOffset="765" SrcFileId="1" StartOffset="662"/>
</LocList>
<StmntSeq Intrnl_Id="34">
<LocList>
<Loc EndOffset="737" SrcFileId="1" StartOffset="721"/>
<Loc EndOffset="759" SrcFileId="1" StartOffset="743"/>
</LocList>
<BasicStmnt CovItemId="S5" CovItemPrefix="my.PSM.PSM_Logic.Authenticate.java" Intrnl_Id="35">
<LocList>
<Loc EndOffset="737" SrcFileId="1" StartOffset="721"/>
</LocList>
</BasicStmnt>
<BasicStmnt CovItemId="S6" CovItemPrefix="my.PSM.PSM_Logic.Authenticate.java" Intrnl_Id="36">
<LocList>
<Loc EndOffset="759" SrcFileId="1" StartOffset="743"/>
</LocList>
</BasicStmnt>
</StmntSeq>
</HierarchyLvl>
<HierarchyLvl HierarchyLvlId="732" HierarchyLvlTypeId="17" Intrnl_Id="37" Name="validate_Login">
<Header>
<Loc EndOffset="801" SrcFileId="1" StartOffset="770"/>
</Header>
<LocList>
<Loc EndOffset="1010" SrcFileId="1" StartOffset="770"/>
</LocList>
<StmntSeq Intrnl_Id="38">
<LocList>
<Loc EndOffset="874" SrcFileId="1" StartOffset="836"/>
<Loc EndOffset="1001" SrcFileId="1" StartOffset="923"/>
</LocList>
<BasicStmnt CovItemId="S7" CovItemPrefix="my.PSM.PSM_Logic.Authenticate.java" Intrnl_Id="39">
<LocList>
<Loc EndOffset="874" SrcFileId="1" StartOffset="836"/>
</LocList>
</BasicStmnt>
<CondStmnt CovItemId="S8" CovItemPrefix="my.PSM.PSM_Logic.Authenticate.java" Intrnl_Id="40">
<Branch CovItemId="B1" CovItemPrefix="my.PSM.PSM_Logic.Authenticate.java" Implct="false" Intrnl_Id="41">
<Cond/>
<LocList>
<Loc EndOffset="962" SrcFileId="1" StartOffset="950"/>
</LocList>
<StmntSeq Intrnl_Id="42">
<LocList>
<Loc EndOffset="962" SrcFileId="1" StartOffset="950"/>
</LocList>
<BasicStmnt CovItemId="S9" CovItemPrefix="my.PSM.PSM_Logic.Authenticate.java" Intrnl_Id="43">
<LocList>
<Loc EndOffset="962" SrcFileId="1" StartOffset="950"/>
</LocList>
</BasicStmnt>
</StmntSeq>
</Branch>
<Branch CovItemId="B2" CovItemPrefix="my.PSM.PSM_Logic.Authenticate.java" Implct="false" Intrnl_Id="44">
<Cond>
<Loc EndOffset="975" SrcFileId="1" StartOffset="971"/>
</Cond>
<LocList>
<Loc EndOffset="1001" SrcFileId="1" StartOffset="988"/>
</LocList>
<StmntSeq Intrnl_Id="45">
<LocList>
<Loc EndOffset="1001" SrcFileId="1" StartOffset="988"/>
</LocList>
<BasicStmnt CovItemId="S10" CovItemPrefix="my.PSM.PSM_Logic.Authenticate.java" Intrnl_Id="46">
<LocList>
<Loc EndOffset="1001" SrcFileId="1" StartOffset="988"/>
</LocList>
</BasicStmnt>
</StmntSeq>
</Branch>
<Keyword EndOffset="925" SrcFileId="1" StartOffset="923"/>
<LocList>
<Loc EndOffset="1001" SrcFileId="1" StartOffset="923"/>
</LocList>
<RootTerm CovItemId="C1" CovItemPrefix="my.PSM.PSM_Logic.Authenticate.java" Intrnl_Id="47">
<BasicBoolTerm Intrnl_Id="48">
<LocList>
<Loc EndOffset="936" SrcFileId="1" StartOffset="926"/>
</LocList>
</BasicBoolTerm>
</RootTerm>
</CondStmnt>
</StmntSeq>
</HierarchyLvl>
<HierarchyLvl HierarchyLvlId="733" HierarchyLvlTypeId="17" Intrnl_Id="49" Name="logout">
<Header>
<Loc EndOffset="1043" SrcFileId="1" StartOffset="1020"/>
</Header>
<LocList>
<Loc EndOffset="1194" SrcFileId="1" StartOffset="1020"/>
</LocList>
<StmntSeq Intrnl_Id="50">
<LocList>
<Loc EndOffset="1101" SrcFileId="1" StartOffset="1077"/>
<Loc EndOffset="1188" SrcFileId="1" StartOffset="1110"/>
</LocList>
<BasicStmnt CovItemId="S11" CovItemPrefix="my.PSM.PSM_Logic.Authenticate.java" Intrnl_Id="51">
<LocList>
<Loc EndOffset="1101" SrcFileId="1" StartOffset="1077"/>
</LocList>
</BasicStmnt>
<CondStmnt CovItemId="S12" CovItemPrefix="my.PSM.PSM_Logic.Authenticate.java" Intrnl_Id="52">
<Branch CovItemId="B3" CovItemPrefix="my.PSM.PSM_Logic.Authenticate.java" Implct="false" Intrnl_Id="53">
<Cond/>
<LocList>
<Loc EndOffset="1149" SrcFileId="1" StartOffset="1137"/>
</LocList>
<StmntSeq Intrnl_Id="54">
<LocList>
<Loc EndOffset="1149" SrcFileId="1" StartOffset="1137"/>
</LocList>
<BasicStmnt CovItemId="S13" CovItemPrefix="my.PSM.PSM_Logic.Authenticate.java" Intrnl_Id="55">
<LocList>
<Loc EndOffset="1149" SrcFileId="1" StartOffset="1137"/>
</LocList>
</BasicStmnt>
</StmntSeq>
</Branch>
<Branch CovItemId="B4" CovItemPrefix="my.PSM.PSM_Logic.Authenticate.java" Implct="false" Intrnl_Id="56">
<Cond>
<Loc EndOffset="1162" SrcFileId="1" StartOffset="1158"/>
</Cond>
<LocList>
<Loc EndOffset="1188" SrcFileId="1" StartOffset="1175"/>
</LocList>
<StmntSeq Intrnl_Id="57">
<LocList>
<Loc EndOffset="1188" SrcFileId="1" StartOffset="1175"/>
</LocList>
<BasicStmnt CovItemId="S14" CovItemPrefix="my.PSM.PSM_Logic.Authenticate.java" Intrnl_Id="58">
<LocList>
<Loc EndOffset="1188" SrcFileId="1" StartOffset="1175"/>
</LocList>
</BasicStmnt>
</StmntSeq>
</Branch>
<Keyword EndOffset="1112" SrcFileId="1" StartOffset="1110"/>
<LocList>
<Loc EndOffset="1188" SrcFileId="1" StartOffset="1110"/>
</LocList>
<RootTerm CovItemId="C2" CovItemPrefix="my.PSM.PSM_Logic.Authenticate.java" Intrnl_Id="59">
<BasicBoolTerm Intrnl_Id="60">
<LocList>
<Loc EndOffset="1123" SrcFileId="1" StartOffset="1113"/>
</LocList>
</BasicBoolTerm>
</RootTerm>
</CondStmnt>
</StmntSeq>
</HierarchyLvl>
</HierarchyLvl>
<HierarchyLvl HierarchyLvlId="736" HierarchyLvlTypeId="16" Intrnl_Id="61" Name="FutureTimer">
<Header>
<Loc EndOffset="426" SrcFileId="2" StartOffset="388"/>
</Header>
<LocList>
<Loc EndOffset="784" SrcFileId="2" StartOffset="388"/>
</LocList>
<HierarchyLvl HierarchyLvlId="735" HierarchyLvlTypeId="17" Intrnl_Id="62" Name="schedule">
<Header>
<Loc EndOffset="489" SrcFileId="2" StartOffset="440"/>
</Header>
<LocList>
<Loc EndOffset="781" SrcFileId="2" StartOffset="440"/>
</LocList>
<StmntSeq Intrnl_Id="63">
<LocList>
<Loc EndOffset="554" SrcFileId="2" StartOffset="515"/>
<Loc EndOffset="612" SrcFileId="2" StartOffset="564"/>
<Loc EndOffset="655" SrcFileId="2" StartOffset="622"/>
<Loc EndOffset="724" SrcFileId="2" StartOffset="665"/>
<Loc EndOffset="773" SrcFileId="2" StartOffset="744"/>
</LocList>
<BasicStmnt CovItemId="S1" CovItemPrefix="my.PSM.PSM_Logic.FutureTimer.java" Intrnl_Id="64">
<LocList>
<Loc EndOffset="554" SrcFileId="2" StartOffset="515"/>
</LocList>
</BasicStmnt>
<BasicStmnt CovItemId="S2" CovItemPrefix="my.PSM.PSM_Logic.FutureTimer.java" Intrnl_Id="65">
<LocList>
<Loc EndOffset="612" SrcFileId="2" StartOffset="564"/>
</LocList>
</BasicStmnt>
<BasicStmnt CovItemId="S3" CovItemPrefix="my.PSM.PSM_Logic.FutureTimer.java" Intrnl_Id="66">
<LocList>
<Loc EndOffset="655" SrcFileId="2" StartOffset="622"/>
</LocList>
</BasicStmnt>
<CondStmnt CovItemId="S4" CovItemPrefix="my.PSM.PSM_Logic.FutureTimer.java" Intrnl_Id="67">
<Branch CovItemId="B1" CovItemPrefix="my.PSM.PSM_Logic.FutureTimer.java" Implct="false" Intrnl_Id="68">
<Cond/>
<LocList>
<Loc EndOffset="724" SrcFileId="2" StartOffset="717"/>
</LocList>
<StmntSeq Intrnl_Id="69">
<LocList>
<Loc EndOffset="724" SrcFileId="2" StartOffset="717"/>
</LocList>
<BasicStmnt CovItemId="S5" CovItemPrefix="my.PSM.PSM_Logic.FutureTimer.java" Intrnl_Id="70">
<LocList>
<Loc EndOffset="724" SrcFileId="2" StartOffset="717"/>
</LocList>
</BasicStmnt>
</StmntSeq>
</Branch>
<Branch CovItemId="B2" CovItemPrefix="my.PSM.PSM_Logic.FutureTimer.java" Implct="true" Intrnl_Id="71">
<Cond/>
<LocList/>
<StmntSeq Intrnl_Id="72">
<LocList/>
</StmntSeq>
</Branch>
<Keyword EndOffset="667" SrcFileId="2" StartOffset="665"/>
<LocList>
<Loc EndOffset="724" SrcFileId="2" StartOffset="665"/>
</LocList>
<RootTerm CovItemId="C1" CovItemPrefix="my.PSM.PSM_Logic.FutureTimer.java" Intrnl_Id="73">
<BasicBoolTerm Intrnl_Id="74">
<LocList>
<Loc EndOffset="702" SrcFileId="2" StartOffset="669"/>
</LocList>
</BasicBoolTerm>
</RootTerm>
</CondStmnt>
<BasicStmnt CovItemId="S6" CovItemPrefix="my.PSM.PSM_Logic.FutureTimer.java" Intrnl_Id="75">
<LocList>
<Loc EndOffset="773" SrcFileId="2" StartOffset="744"/>
</LocList>
</BasicStmnt>
</StmntSeq>
</HierarchyLvl>
</HierarchyLvl>
<HierarchyLvl HierarchyLvlId="748" HierarchyLvlTypeId="16" Intrnl_Id="76" Name="InterfaceController">
<Header>
<Loc EndOffset="270" SrcFileId="3" StartOffset="238"/>
</Header>
<LocList>
<Loc EndOffset="1815" SrcFileId="3" StartOffset="238"/>
</LocList>
<HierarchyLvl HierarchyLvlId="737" HierarchyLvlTypeId="17" Intrnl_Id="77" Name="InterfaceController">
<Header>
<Loc EndOffset="345" SrcFileId="3" StartOffset="317"/>
</Header>
<LocList>
<Loc EndOffset="366" SrcFileId="3" StartOffset="317"/>
</LocList>
</HierarchyLvl>
<HierarchyLvl HierarchyLvlId="738" HierarchyLvlTypeId="17" Intrnl_Id="78" Name="setFacade">
<Header>
<Loc EndOffset="414" SrcFileId="3" StartOffset="371"/>
</Header>
<LocList>
<Loc EndOffset="441" SrcFileId="3" StartOffset="371"/>
</LocList>
<StmntSeq Intrnl_Id="79">
<LocList>
<Loc EndOffset="435" SrcFileId="3" StartOffset="421"/>
</LocList>
<BasicStmnt CovItemId="S1" CovItemPrefix="my.PSM.PSM_Logic.InterfaceController.java" Intrnl_Id="80">
<LocList>
<Loc EndOffset="435" SrcFileId="3" StartOffset="421"/>
</LocList>
</BasicStmnt>
</StmntSeq>
</HierarchyLvl>
<HierarchyLvl HierarchyLvlId="739" HierarchyLvlTypeId="17" Intrnl_Id="81" Name="passwordLock">
<Header>
<Loc EndOffset="472" SrcFileId="3" StartOffset="446"/>
</Header>
<LocList>
<Loc EndOffset="512" SrcFileId="3" StartOffset="446"/>
</LocList>
<StmntSeq Intrnl_Id="82">
<LocList>
<Loc EndOffset="506" SrcFileId="3" StartOffset="487"/>
</LocList>
<BasicStmnt CovItemId="S2" CovItemPrefix="my.PSM.PSM_Logic.InterfaceController.java" Intrnl_Id="83">
<LocList>
<Loc EndOffset="506" SrcFileId="3" StartOffset="487"/>
</LocList>
</BasicStmnt>
</StmntSeq>
</HierarchyLvl>
<HierarchyLvl HierarchyLvlId="740" HierarchyLvlTypeId="17" Intrnl_Id="84" Name="Initiate_Logout">
<Header>
<Loc EndOffset="546" SrcFileId="3" StartOffset="517"/>
</Header>
<LocList>
<Loc EndOffset="682" SrcFileId="3" StartOffset="517"/>
</LocList>
<StmntSeq Intrnl_Id="85">
<LocList>
<Loc EndOffset="670" SrcFileId="3" StartOffset="642"/>
</LocList>
<BasicStmnt CovItemId="S3" CovItemPrefix="my.PSM.PSM_Logic.InterfaceController.java" Intrnl_Id="86">
<LocList>
<Loc EndOffset="670" SrcFileId="3" StartOffset="642"/>
</LocList>
</BasicStmnt>
</StmntSeq>
</HierarchyLvl>
<HierarchyLvl HierarchyLvlId="741" HierarchyLvlTypeId="17" Intrnl_Id="87" Name="Initiate_IncorrectLogin">
<Header>
<Loc EndOffset="725" SrcFileId="3" StartOffset="688"/>
</Header>
<LocList>
<Loc EndOffset="815" SrcFileId="3" StartOffset="688"/>
</LocList>
<StmntSeq Intrnl_Id="88">
<LocList>
<Loc EndOffset="773" SrcFileId="3" StartOffset="749"/>
</LocList>
<BasicStmnt CovItemId="S4" CovItemPrefix="my.PSM.PSM_Logic.InterfaceController.java" Intrnl_Id="89">
<LocList>
<Loc EndOffset="773" SrcFileId="3" StartOffset="749"/>
</LocList>
</BasicStmnt>
</StmntSeq>
</HierarchyLvl>
<HierarchyLvl HierarchyLvlId="742" HierarchyLvlTypeId="17" Intrnl_Id="90" Name="Initiate_Schedule_Form">
<Header>
<Loc EndOffset="861" SrcFileId="3" StartOffset="825"/>
</Header>
<LocList>
<Loc EndOffset="913" SrcFileId="3" StartOffset="825"/>
</LocList>
<StmntSeq Intrnl_Id="91">
<LocList>
<Loc EndOffset="907" SrcFileId="3" StartOffset="884"/>
</LocList>
<BasicStmnt CovItemId="S5" CovItemPrefix="my.PSM.PSM_Logic.InterfaceController.java" Intrnl_Id="92">
<LocList>
<Loc EndOffset="907" SrcFileId="3" StartOffset="884"/>
</LocList>
</BasicStmnt>
</StmntSeq>
</HierarchyLvl>
<HierarchyLvl HierarchyLvlId="743" HierarchyLvlTypeId="17" Intrnl_Id="93" Name="Pre_Filled_Form">
<Header>
<Loc EndOffset="1278" SrcFileId="3" StartOffset="919"/>
</Header>
<LocList>
<Loc EndOffset="1531" SrcFileId="3" StartOffset="919"/>
</LocList>
<StmntSeq Intrnl_Id="94">
<LocList>
<Loc EndOffset="1525" SrcFileId="3" StartOffset="1310"/>
</LocList>
<BasicStmnt CovItemId="S6" CovItemPrefix="my.PSM.PSM_Logic.InterfaceController.java" Intrnl_Id="95">
<LocList>
<Loc EndOffset="1525" SrcFileId="3" StartOffset="1310"/>
</LocList>
</BasicStmnt>
</StmntSeq>
</HierarchyLvl>
<HierarchyLvl HierarchyLvlId="744" HierarchyLvlTypeId="17" Intrnl_Id="96" Name="Course_Select_Form">
<Header>
<Loc EndOffset="1573" SrcFileId="3" StartOffset="1541"/>
</Header>
<LocList>
<Loc EndOffset="1611" SrcFileId="3" StartOffset="1541"/>
</LocList>
<StmntSeq Intrnl_Id="97">
<LocList>
<Loc EndOffset="1605" SrcFileId="3" StartOffset="1583"/>
</LocList>
<BasicStmnt CovItemId="S7" CovItemPrefix="my.PSM.PSM_Logic.InterfaceController.java" Intrnl_Id="98">
<LocList>
<Loc EndOffset="1605" SrcFileId="3" StartOffset="1583"/>
</LocList>
</BasicStmnt>
</StmntSeq>
</HierarchyLvl>
<HierarchyLvl HierarchyLvlId="745" HierarchyLvlTypeId="17" Intrnl_Id="99" Name="Initiate_Login_Form">
<Header>
<Loc EndOffset="1649" SrcFileId="3" StartOffset="1616"/>
</Header>
<LocList>
<Loc EndOffset="1693" SrcFileId="3" StartOffset="1616"/>
</LocList>
<StmntSeq Intrnl_Id="100">
<LocList>
<Loc EndOffset="1686" SrcFileId="3" StartOffset="1661"/>
</LocList>
<BasicStmnt CovItemId="S8" CovItemPrefix="my.PSM.PSM_Logic.InterfaceController.java" Intrnl_Id="101">
<LocList>
<Loc EndOffset="1686" SrcFileId="3" StartOffset="1661"/>
</LocList>
</BasicStmnt>
</StmntSeq>
</HierarchyLvl>
<HierarchyLvl HierarchyLvlId="746" HierarchyLvlTypeId="17" Intrnl_Id="102" Name="Initiate_Message">
<Header>
<Loc EndOffset="1729" SrcFileId="3" StartOffset="1699"/>
</Header>
<LocList>
<Loc EndOffset="1738" SrcFileId="3" StartOffset="1699"/>
</LocList>
</HierarchyLvl>
<HierarchyLvl HierarchyLvlId="747" HierarchyLvlTypeId="17" Intrnl_Id="103" Name="Initiate_MainMenu">
<Header>
<Loc EndOffset="1775" SrcFileId="3" StartOffset="1744"/>
</Header>
<LocList>
<Loc EndOffset="1813" SrcFileId="3" StartOffset="1744"/>
</LocList>
<StmntSeq Intrnl_Id="104">
<LocList>
<Loc EndOffset="1806" SrcFileId="3" StartOffset="1786"/>
</LocList>
<BasicStmnt CovItemId="S9" CovItemPrefix="my.PSM.PSM_Logic.InterfaceController.java" Intrnl_Id="105">
<LocList>
<Loc EndOffset="1806" SrcFileId="3" StartOffset="1786"/>
</LocList>
</BasicStmnt>
</StmntSeq>
</HierarchyLvl>
</HierarchyLvl>
<HierarchyLvl HierarchyLvlId="751" HierarchyLvlTypeId="16" Intrnl_Id="106" Name="LogicFacade">
<Header>
<Loc EndOffset="225" SrcFileId="4" StartOffset="201"/>
</Header>
<LocList>
<Loc EndOffset="666" SrcFileId="4" StartOffset="201"/>
</LocList>
<HierarchyLvl HierarchyLvlId="749" HierarchyLvlTypeId="17" Intrnl_Id="107" Name="LogicFacade">
<Header>
<Loc EndOffset="416" SrcFileId="4" StartOffset="370"/>
</Header>
<LocList>
<Loc EndOffset="570" SrcFileId="4" StartOffset="370"/>
</LocList>
<StmntSeq Intrnl_Id="108">
<LocList>
<Loc EndOffset="449" SrcFileId="4" StartOffset="423"/>
<Loc EndOffset="490" SrcFileId="4" StartOffset="455"/>
<Loc EndOffset="527" SrcFileId="4" StartOffset="496"/>
<Loc EndOffset="564" SrcFileId="4" StartOffset="533"/>
</LocList>
<BasicStmnt CovItemId="S1" CovItemPrefix="my.PSM.PSM_Logic.LogicFacade.java" Intrnl_Id="109">
<LocList>
<Loc EndOffset="449" SrcFileId="4" StartOffset="423"/>
</LocList>
</BasicStmnt>
<BasicStmnt CovItemId="S2" CovItemPrefix="my.PSM.PSM_Logic.LogicFacade.java" Intrnl_Id="110">
<LocList>
<Loc EndOffset="490" SrcFileId="4" StartOffset="455"/>
</LocList>
</BasicStmnt>
<BasicStmnt CovItemId="S3" CovItemPrefix="my.PSM.PSM_Logic.LogicFacade.java" Intrnl_Id="111">
<LocList>
<Loc EndOffset="527" SrcFileId="4" StartOffset="496"/>
</LocList>
</BasicStmnt>
<BasicStmnt CovItemId="S4" CovItemPrefix="my.PSM.PSM_Logic.LogicFacade.java" Intrnl_Id="112">
<LocList>
<Loc EndOffset="564" SrcFileId="4" StartOffset="533"/>
</LocList>
</BasicStmnt>
</StmntSeq>
</HierarchyLvl>
<HierarchyLvl HierarchyLvlId="750" HierarchyLvlTypeId="17" Intrnl_Id="113" Name="fetchCourses">
<Header>
<Loc EndOffset="615" SrcFileId="4" StartOffset="580"/>
</Header>
<LocList>
<Loc EndOffset="664" SrcFileId="4" StartOffset="580"/>
</LocList>
<StmntSeq Intrnl_Id="114">
<LocList>
<Loc EndOffset="658" SrcFileId="4" StartOffset="622"/>
</LocList>
<BasicStmnt CovItemId="S5" CovItemPrefix="my.PSM.PSM_Logic.LogicFacade.java" Intrnl_Id="115">
<LocList>
<Loc EndOffset="658" SrcFileId="4" StartOffset="622"/>
</LocList>
</BasicStmnt>
</StmntSeq>
</HierarchyLvl>
</HierarchyLvl>
<HierarchyLvl HierarchyLvlId="753" HierarchyLvlTypeId="16" Intrnl_Id="116" Name="PSM_app">
<Header>
<Loc EndOffset="97" SrcFileId="5" StartOffset="77"/>
</Header>
<LocList>
<Loc EndOffset="486" SrcFileId="5" StartOffset="77"/>
</LocList>
<HierarchyLvl HierarchyLvlId="752" HierarchyLvlTypeId="17" Intrnl_Id="117" Name="main">
<Header>
<Loc EndOffset="142" SrcFileId="5" StartOffset="104"/>
</Header>
<LocList>
<Loc EndOffset="481" SrcFileId="5" StartOffset="104"/>
</LocList>
<StmntSeq Intrnl_Id="118">
<LocList>
<Loc EndOffset="319" SrcFileId="5" StartOffset="279"/>
<Loc EndOffset="370" SrcFileId="5" StartOffset="326"/>
<Loc EndOffset="423" SrcFileId="5" StartOffset="377"/>
<Loc EndOffset="457" SrcFileId="5" StartOffset="430"/>
<Loc EndOffset="477" SrcFileId="5" StartOffset="464"/>
</LocList>
<BasicStmnt CovItemId="S1" CovItemPrefix="my.PSM.PSM_Logic.PSM_app.java" Intrnl_Id="119">
<LocList>
<Loc EndOffset="319" SrcFileId="5" StartOffset="279"/>
</LocList>
</BasicStmnt>
<BasicStmnt CovItemId="S2" CovItemPrefix="my.PSM.PSM_Logic.PSM_app.java" Intrnl_Id="120">
<LocList>
<Loc EndOffset="370" SrcFileId="5" StartOffset="326"/>
</LocList>
</BasicStmnt>
<BasicStmnt CovItemId="S3" CovItemPrefix="my.PSM.PSM_Logic.PSM_app.java" Intrnl_Id="121">
<LocList>
<Loc EndOffset="423" SrcFileId="5" StartOffset="377"/>
</LocList>
</BasicStmnt>
<BasicStmnt CovItemId="S4" CovItemPrefix="my.PSM.PSM_Logic.PSM_app.java" Intrnl_Id="122">
<LocList>
<Loc EndOffset="457" SrcFileId="5" StartOffset="430"/>
</LocList>
</BasicStmnt>
<BasicStmnt CovItemId="S5" CovItemPrefix="my.PSM.PSM_Logic.PSM_app.java" Intrnl_Id="123">
<LocList>
<Loc EndOffset="477" SrcFileId="5" StartOffset="464"/>
</LocList>
</BasicStmnt>
</StmntSeq>
</HierarchyLvl>
</HierarchyLvl>
<HierarchyLvl HierarchyLvlId="808" HierarchyLvlTypeId="16" Intrnl_Id="124" Name="appController">
<Header>
<Loc EndOffset="634" SrcFileId="6" StartOffset="608"/>
</Header>
<LocList>
<Loc EndOffset="17469" SrcFileId="6" StartOffset="608"/>
</LocList>
<StmntSeq Intrnl_Id="125">
<LocList>
<Loc EndOffset="688" SrcFileId="6" StartOffset="646"/>
<Loc EndOffset="813" SrcFileId="6" StartOffset="753"/>
<Loc EndOffset="875" SrcFileId="6" StartOffset="818"/>
<Loc EndOffset="939" SrcFileId="6" StartOffset="880"/>
<Loc EndOffset="991" SrcFileId="6" StartOffset="944"/>
<Loc EndOffset="1034" SrcFileId="6" StartOffset="996"/>
<Loc EndOffset="1078" SrcFileId="6" StartOffset="1039"/>
<Loc EndOffset="1121" SrcFileId="6" StartOffset="1088"/>
<Loc EndOffset="1164" SrcFileId="6" StartOffset="1126"/>
<Loc EndOffset="1209" SrcFileId="6" StartOffset="1169"/>
<Loc EndOffset="1255" SrcFileId="6" StartOffset="1214"/>
<Loc EndOffset="1299" SrcFileId="6" StartOffset="1260"/>
<Loc EndOffset="1342" SrcFileId="6" StartOffset="1304"/>
<Loc EndOffset="1383" SrcFileId="6" StartOffset="1347"/>
<Loc EndOffset="1426" SrcFileId="6" StartOffset="1388"/>
<Loc EndOffset="1467" SrcFileId="6" StartOffset="1431"/>
<Loc EndOffset="1510" SrcFileId="6" StartOffset="1472"/>
<Loc EndOffset="1551" SrcFileId="6" StartOffset="1515"/>
<Loc EndOffset="1594" SrcFileId="6" StartOffset="1556"/>
<Loc EndOffset="1635" SrcFileId="6" StartOffset="1599"/>
<Loc EndOffset="1678" SrcFileId="6" StartOffset="1640"/>
<Loc EndOffset="1719" SrcFileId="6" StartOffset="1683"/>
<Loc EndOffset="1762" SrcFileId="6" StartOffset="1724"/>
<Loc EndOffset="1803" SrcFileId="6" StartOffset="1767"/>
<Loc EndOffset="1966" SrcFileId="6" StartOffset="1922"/>
<Loc EndOffset="2013" SrcFileId="6" StartOffset="1971"/>
<Loc EndOffset="2263" SrcFileId="6" StartOffset="2218"/>
<Loc EndOffset="2309" SrcFileId="6" StartOffset="2268"/>
<Loc EndOffset="2407" SrcFileId="6" StartOffset="2376"/>
<Loc EndOffset="2482" SrcFileId="6" StartOffset="2417"/>
<Loc EndOffset="2553" SrcFileId="6" StartOffset="2487"/>
<Loc EndOffset="2612" SrcFileId="6" StartOffset="2558"/>
<Loc EndOffset="2686" SrcFileId="6" StartOffset="2651"/>
<Loc EndOffset="13679" SrcFileId="6" StartOffset="13644"/>
<Loc EndOffset="13792" SrcFileId="6" StartOffset="13791"/>
<Loc EndOffset="13840" SrcFileId="6" StartOffset="13802"/>
<Loc EndOffset="13957" SrcFileId="6" StartOffset="13956"/>
<Loc EndOffset="14001" SrcFileId="6" StartOffset="13964"/>
<Loc EndOffset="14115" SrcFileId="6" StartOffset="14114"/>
<Loc EndOffset="14168" SrcFileId="6" StartOffset="14130"/>
<Loc EndOffset="14336" SrcFileId="6" StartOffset="14335"/>
<Loc EndOffset="14389" SrcFileId="6" StartOffset="14351"/>
<Loc EndOffset="14491" SrcFileId="6" StartOffset="14490"/>
</LocList>
<BasicStmnt CovItemId="S1" CovItemPrefix="my.PSM.PSM_Logic.appController.java" Intrnl_Id="126">
<LocList>
<Loc EndOffset="688" SrcFileId="6" StartOffset="646"/>
</LocList>
</BasicStmnt>
<BasicStmnt CovItemId="S2" CovItemPrefix="my.PSM.PSM_Logic.appController.java" Intrnl_Id="127">
<LocList>
<Loc EndOffset="813" SrcFileId="6" StartOffset="753"/>
</LocList>
</BasicStmnt>
<BasicStmnt CovItemId="S3" CovItemPrefix="my.PSM.PSM_Logic.appController.java" Intrnl_Id="128">
<LocList>
<Loc EndOffset="875" SrcFileId="6" StartOffset="818"/>
</LocList>
</BasicStmnt>
<BasicStmnt CovItemId="S4" CovItemPrefix="my.PSM.PSM_Logic.appController.java" Intrnl_Id="129">
<LocList>
<Loc EndOffset="939" SrcFileId="6" StartOffset="880"/>
</LocList>
</BasicStmnt>
<BasicStmnt CovItemId="S5" CovItemPrefix="my.PSM.PSM_Logic.appController.java" Intrnl_Id="130">
<LocList>
<Loc EndOffset="991" SrcFileId="6" StartOffset="944"/>
</LocList>
</BasicStmnt>
<BasicStmnt CovItemId="S6" CovItemPrefix="my.PSM.PSM_Logic.appController.java" Intrnl_Id="131">
<LocList>
<Loc EndOffset="1034" SrcFileId="6" StartOffset="996"/>
</LocList>
</BasicStmnt>
<BasicStmnt CovItemId="S7" CovItemPrefix="my.PSM.PSM_Logic.appController.java" Intrnl_Id="132">
<LocList>
<Loc EndOffset="1078" SrcFileId="6" StartOffset="1039"/>
</LocList>
</BasicStmnt>
<BasicStmnt CovItemId="S8" CovItemPrefix="my.PSM.PSM_Logic.appController.java" Intrnl_Id="133">
<LocList>
<Loc EndOffset="1121" SrcFileId="6" StartOffset="1088"/>
</LocList>
</BasicStmnt>
<BasicStmnt CovItemId="S9" CovItemPrefix="my.PSM.PSM_Logic.appController.java" Intrnl_Id="134">
<LocList>
<Loc EndOffset="1164" SrcFileId="6" StartOffset="1126"/>
</LocList>
</BasicStmnt>
<BasicStmnt CovItemId="S10" CovItemPrefix="my.PSM.PSM_Logic.appController.java" Intrnl_Id="135">
<LocList>
<Loc EndOffset="1209" SrcFileId="6" StartOffset="1169"/>
</LocList>
</BasicStmnt>
<BasicStmnt CovItemId="S11" CovItemPrefix="my.PSM.PSM_Logic.appController.java" Intrnl_Id="136">
<LocList>
<Loc EndOffset="1255" SrcFileId="6" StartOffset="1214"/>
</LocList>
</BasicStmnt>
<BasicStmnt CovItemId="S12" CovItemPrefix="my.PSM.PSM_Logic.appController.java" Intrnl_Id="137">
<LocList>
<Loc EndOffset="1299" SrcFileId="6" StartOffset="1260"/>
</LocList>
</BasicStmnt>
<BasicStmnt CovItemId="S13" CovItemPrefix="my.PSM.PSM_Logic.appController.java" Intrnl_Id="138">
<LocList>
<Loc EndOffset="1342" SrcFileId="6" StartOffset="1304"/>
</LocList>
</BasicStmnt>
<BasicStmnt CovItemId="S14" CovItemPrefix="my.PSM.PSM_Logic.appController.java" Intrnl_Id="139">
<LocList>
<Loc EndOffset="1383" SrcFileId="6" StartOffset="1347"/>
</LocList>
</BasicStmnt>
<BasicStmnt CovItemId="S15" CovItemPrefix="my.PSM.PSM_Logic.appController.java" Intrnl_Id="140">
<LocList>
<Loc EndOffset="1426" SrcFileId="6" StartOffset="1388"/>
</LocList>
</BasicStmnt>
<BasicStmnt CovItemId="S16" CovItemPrefix="my.PSM.PSM_Logic.appController.java" Intrnl_Id="141">
<LocList>
<Loc EndOffset="1467" SrcFileId="6" StartOffset="1431"/>
</LocList>
</BasicStmnt>
<BasicStmnt CovItemId="S17" CovItemPrefix="my.PSM.PSM_Logic.appController.java" Intrnl_Id="142">
<LocList>
<Loc EndOffset="1510" SrcFileId="6" StartOffset="1472"/>
</LocList>
</BasicStmnt>
<BasicStmnt CovItemId="S18" CovItemPrefix="my.PSM.PSM_Logic.appController.java" Intrnl_Id="143">
<LocList>
<Loc EndOffset="1551" SrcFileId="6" StartOffset="1515"/>
</LocList>
</BasicStmnt>
<BasicStmnt CovItemId="S19" CovItemPrefix="my.PSM.PSM_Logic.appController.java" Intrnl_Id="144">
<LocList>
<Loc EndOffset="1594" SrcFileId="6" StartOffset="1556"/>
</LocList>
</BasicStmnt>
<BasicStmnt CovItemId="S20" CovItemPrefix="my.PSM.PSM_Logic.appController.java" Intrnl_Id="145">
<LocList>
<Loc EndOffset="1635" SrcFileId="6" StartOffset="1599"/>
</LocList>
</BasicStmnt>
<BasicStmnt CovItemId="S21" CovItemPrefix="my.PSM.PSM_Logic.appController.java" Intrnl_Id="146">
<LocList>
<Loc EndOffset="1678" SrcFileId="6" StartOffset="1640"/>
</LocList>
</BasicStmnt>
<BasicStmnt CovItemId="S22" CovItemPrefix="my.PSM.PSM_Logic.appController.java" Intrnl_Id="147">
<LocList>
<Loc EndOffset="1719" SrcFileId="6" StartOffset="1683"/>
</LocList>
</BasicStmnt>
<BasicStmnt CovItemId="S23" CovItemPrefix="my.PSM.PSM_Logic.appController.java" Intrnl_Id="148">
<LocList>
<Loc EndOffset="1762" SrcFileId="6" StartOffset="1724"/>
</LocList>
</BasicStmnt>
<BasicStmnt CovItemId="S24" CovItemPrefix="my.PSM.PSM_Logic.appController.java" Intrnl_Id="149">
<LocList>
<Loc EndOffset="1803" SrcFileId="6" StartOffset="1767"/>
</LocList>
</BasicStmnt>
<BasicStmnt CovItemId="S25" CovItemPrefix="my.PSM.PSM_Logic.appController.java" Intrnl_Id="150">
<LocList>
<Loc EndOffset="1966" SrcFileId="6" StartOffset="1922"/>
</LocList>
</BasicStmnt>
<BasicStmnt CovItemId="S26" CovItemPrefix="my.PSM.PSM_Logic.appController.java" Intrnl_Id="151">
<LocList>
<Loc EndOffset="2013" SrcFileId="6" StartOffset="1971"/>
</LocList>
</BasicStmnt>
<BasicStmnt CovItemId="S30" CovItemPrefix="my.PSM.PSM_Logic.appController.java" Intrnl_Id="152">
<LocList>
<Loc EndOffset="2263" SrcFileId="6" StartOffset="2218"/>
</LocList>
</BasicStmnt>
<BasicStmnt CovItemId="S31" CovItemPrefix="my.PSM.PSM_Logic.appController.java" Intrnl_Id="153">
<LocList>
<Loc EndOffset="2309" SrcFileId="6" StartOffset="2268"/>
</LocList>
</BasicStmnt>
<BasicStmnt CovItemId="S32" CovItemPrefix="my.PSM.PSM_Logic.appController.java" Intrnl_Id="154">
<LocList>
<Loc EndOffset="2407" SrcFileId="6" StartOffset="2376"/>
</LocList>
</BasicStmnt>
<BasicStmnt CovItemId="S33" CovItemPrefix="my.PSM.PSM_Logic.appController.java" Intrnl_Id="155">
<LocList>
<Loc EndOffset="2482" SrcFileId="6" StartOffset="2417"/>
</LocList>
</BasicStmnt>
<BasicStmnt CovItemId="S34" CovItemPrefix="my.PSM.PSM_Logic.appController.java" Intrnl_Id="156">
<LocList>
<Loc EndOffset="2553" SrcFileId="6" StartOffset="2487"/>
</LocList>
</BasicStmnt>
<BasicStmnt CovItemId="S35" CovItemPrefix="my.PSM.PSM_Logic.appController.java" Intrnl_Id="157">
<LocList>
<Loc EndOffset="2612" SrcFileId="6" StartOffset="2558"/>
</LocList>
</BasicStmnt>
<BasicStmnt CovItemId="S36" CovItemPrefix="my.PSM.PSM_Logic.appController.java" Intrnl_Id="158">
<LocList>
<Loc EndOffset="2686" SrcFileId="6" StartOffset="2651"/>
</LocList>
</BasicStmnt>
<BasicStmnt CovItemId="S195" CovItemPrefix="my.PSM.PSM_Logic.appController.java" Intrnl_Id="159">
<LocList>
<Loc EndOffset="13679" SrcFileId="6" StartOffset="13644"/>
<Loc EndOffset="13792" SrcFileId="6" StartOffset="13791"/>
</LocList>
</BasicStmnt>
<BasicStmnt CovItemId="S197" CovItemPrefix="my.PSM.PSM_Logic.appController.java" Intrnl_Id="160">
<LocList>
<Loc EndOffset="13840" SrcFileId="6" StartOffset="13802"/>
<Loc EndOffset="13957" SrcFileId="6" StartOffset="13956"/>
</LocList>
</BasicStmnt>
<BasicStmnt CovItemId="S199" CovItemPrefix="my.PSM.PSM_Logic.appController.java" Intrnl_Id="161">
<LocList>
<Loc EndOffset="14001" SrcFileId="6" StartOffset="13964"/>
<Loc EndOffset="14115" SrcFileId="6" StartOffset="14114"/>
</LocList>
</BasicStmnt>
<BasicStmnt CovItemId="S201" CovItemPrefix="my.PSM.PSM_Logic.appController.java" Intrnl_Id="162">
<LocList>
<Loc EndOffset="14168" SrcFileId="6" StartOffset="14130"/>
<Loc EndOffset="14336" SrcFileId="6" StartOffset="14335"/>
</LocList>
</BasicStmnt>
<BasicStmnt CovItemId="S204" CovItemPrefix="my.PSM.PSM_Logic.appController.java" Intrnl_Id="163">
<LocList>
<Loc EndOffset="14389" SrcFileId="6" StartOffset="14351"/>
<Loc EndOffset="14491" SrcFileId="6" StartOffset="14490"/>
</LocList>
</BasicStmnt>
</StmntSeq>
<HierarchyLvl HierarchyLvlId="754" HierarchyLvlTypeId="17" Intrnl_Id="164" Name="isEdSchedSel">
<Header>
<Loc EndOffset="2054" SrcFileId="6" StartOffset="2018"/>
</Header>
<LocList>
<Loc EndOffset="2080" SrcFileId="6" StartOffset="2018"/>
</LocList>
<StmntSeq Intrnl_Id="165">
<LocList>
<Loc EndOffset="2077" SrcFileId="6" StartOffset="2059"/>
</LocList>
<BasicStmnt CovItemId="S27" CovItemPrefix="my.PSM.PSM_Logic.appController.java" Intrnl_Id="166">
<LocList>
<Loc EndOffset="2077" SrcFileId="6" StartOffset="2059"/>
</LocList>
</BasicStmnt>
</StmntSeq>
</HierarchyLvl>
<HierarchyLvl HierarchyLvlId="755" HierarchyLvlTypeId="17" Intrnl_Id="167" Name="isSchedSetupSel">
<Header>
<Loc EndOffset="2122" SrcFileId="6" StartOffset="2083"/>
</Header>
<LocList>
<Loc EndOffset="2151" SrcFileId="6" StartOffset="2083"/>
</LocList>
<StmntSeq Intrnl_Id="168">
<LocList>
<Loc EndOffset="2148" SrcFileId="6" StartOffset="2127"/>
</LocList>
<BasicStmnt CovItemId="S28" CovItemPrefix="my.PSM.PSM_Logic.appController.java" Intrnl_Id="169">
<LocList>
<Loc EndOffset="2148" SrcFileId="6" StartOffset="2127"/>
</LocList>
</BasicStmnt>
</StmntSeq>
</HierarchyLvl>
<HierarchyLvl HierarchyLvlId="756" HierarchyLvlTypeId="17" Intrnl_Id="170" Name="isLogoutSel">
<Header>
<Loc EndOffset="2189" SrcFileId="6" StartOffset="2154"/>
</Header>
<LocList>
<Loc EndOffset="2214" SrcFileId="6" StartOffset="2154"/>
</LocList>
<StmntSeq Intrnl_Id="171">
<LocList>
<Loc EndOffset="2211" SrcFileId="6" StartOffset="2194"/>
</LocList>
<BasicStmnt CovItemId="S29" CovItemPrefix="my.PSM.PSM_Logic.appController.java" Intrnl_Id="172">
<LocList>
<Loc EndOffset="2211" SrcFileId="6" StartOffset="2194"/>
</LocList>
</BasicStmnt>
</StmntSeq>
</HierarchyLvl>
<HierarchyLvl HierarchyLvlId="757" HierarchyLvlTypeId="17" Intrnl_Id="173" Name="appController">
<Header>
<Loc EndOffset="2780" SrcFileId="6" StartOffset="2758"/>
</Header>
<LocList>
<Loc EndOffset="2810" SrcFileId="6" StartOffset="2758"/>
</LocList>
<StmntSeq Intrnl_Id="174">
<LocList>
<Loc EndOffset="2804" SrcFileId="6" StartOffset="2791"/>
</LocList>
<BasicStmnt CovItemId="S37" CovItemPrefix="my.PSM.PSM_Logic.appController.java" Intrnl_Id="175">
<LocList>
<Loc EndOffset="2804" SrcFileId="6" StartOffset="2791"/>
</LocList>
</BasicStmnt>
</StmntSeq>
</HierarchyLvl>
<HierarchyLvl HierarchyLvlId="758" HierarchyLvlTypeId="17" Intrnl_Id="176" Name="setDataStoreFacade">
<Header>
<Loc EndOffset="2918" SrcFileId="6" StartOffset="2859"/>
</Header>
<LocList>
<Loc EndOffset="2949" SrcFileId="6" StartOffset="2859"/>
</LocList>
<StmntSeq Intrnl_Id="177">
<LocList>
<Loc EndOffset="2943" SrcFileId="6" StartOffset="2925"/>
</LocList>
<BasicStmnt CovItemId="S38" CovItemPrefix="my.PSM.PSM_Logic.appController.java" Intrnl_Id="178">
<LocList>
<Loc EndOffset="2943" SrcFileId="6" StartOffset="2925"/>
</LocList>
</BasicStmnt>
</StmntSeq>
</HierarchyLvl>
<HierarchyLvl HierarchyLvlId="759" HierarchyLvlTypeId="17" Intrnl_Id="179" Name="setInterfaceController">
<Header>
<Loc EndOffset="3021" SrcFileId="6" StartOffset="2954"/>
</Header>
<LocList>
<Loc EndOffset="3044" SrcFileId="6" StartOffset="2954"/>
</LocList>
<StmntSeq Intrnl_Id="180">
<LocList>
<Loc EndOffset="3038" SrcFileId="6" StartOffset="3028"/>
</LocList>
<BasicStmnt CovItemId="S39" CovItemPrefix="my.PSM.PSM_Logic.appController.java" Intrnl_Id="181">
<LocList>
<Loc EndOffset="3038" SrcFileId="6" StartOffset="3028"/>
</LocList>
</BasicStmnt>
</StmntSeq>
</HierarchyLvl>
<HierarchyLvl HierarchyLvlId="760" HierarchyLvlTypeId="17" Intrnl_Id="182" Name="setAuthenticate">
<Header>
<Loc EndOffset="3102" SrcFileId="6" StartOffset="3049"/>
</Header>
<LocList>
<Loc EndOffset="3127" SrcFileId="6" StartOffset="3049"/>
</LocList>
<StmntSeq Intrnl_Id="183">
<LocList>
<Loc EndOffset="3121" SrcFileId="6" StartOffset="3109"/>
</LocList>
<BasicStmnt CovItemId="S40" CovItemPrefix="my.PSM.PSM_Logic.appController.java" Intrnl_Id="184">
<LocList>
<Loc EndOffset="3121" SrcFileId="6" StartOffset="3109"/>
</LocList>
</BasicStmnt>
</StmntSeq>
</HierarchyLvl>
<HierarchyLvl HierarchyLvlId="761" HierarchyLvlTypeId="17" Intrnl_Id="185" Name="appMainMenu">
<Header>
<Loc EndOffset="3157" SrcFileId="6" StartOffset="3132"/>
</Header>
<LocList>
<Loc EndOffset="4012" SrcFileId="6" StartOffset="3132"/>
</LocList>
<StmntSeq Intrnl_Id="186">
<LocList>
<Loc EndOffset="3874" SrcFileId="6" StartOffset="3200"/>
<Loc EndOffset="3902" SrcFileId="6" StartOffset="3883"/>
<Loc EndOffset="3943" SrcFileId="6" StartOffset="3911"/>
<Loc EndOffset="3973" SrcFileId="6" StartOffset="3952"/>
</LocList>
<LoopStmnt CovItemId="S41" CovItemPrefix="my.PSM.PSM_Logic.appController.java" Intrnl_Id="187" MltplExecId="L1-2" MltplExecPrefix="my.PSM.PSM_Logic.appController.java" NvrExecId="L1-0" NvrExecPrefix="my.PSM.PSM_Logic.appController.java" OnceExecutedId="L1-1" OnceExecutedPrefix="my.PSM.PSM_Logic.appController.java" OptBodyExec="true">
<StmntSeq Intrnl_Id="188">
<LocList>
<Loc EndOffset="3282" SrcFileId="6" StartOffset="3243"/>
<Loc EndOffset="3338" SrcFileId="6" StartOffset="3295"/>
<Loc EndOffset="3397" SrcFileId="6" StartOffset="3351"/>
<Loc EndOffset="3449" SrcFileId="6" StartOffset="3410"/>
<Loc EndOffset="3827" SrcFileId="6" StartOffset="3650"/>
<Loc EndOffset="3864" SrcFileId="6" StartOffset="3853"/>
</LocList>
<BasicStmnt CovItemId="S42" CovItemPrefix="my.PSM.PSM_Logic.appController.java" Intrnl_Id="189">
<LocList>
<Loc EndOffset="3282" SrcFileId="6" StartOffset="3243"/>
</LocList>
</BasicStmnt>
<BasicStmnt CovItemId="S43" CovItemPrefix="my.PSM.PSM_Logic.appController.java" Intrnl_Id="190">
<LocList>
<Loc EndOffset="3338" SrcFileId="6" StartOffset="3295"/>
</LocList>
</BasicStmnt>
<BasicStmnt CovItemId="S44" CovItemPrefix="my.PSM.PSM_Logic.appController.java" Intrnl_Id="191">
<LocList>
<Loc EndOffset="3397" SrcFileId="6" StartOffset="3351"/>
</LocList>
</BasicStmnt>
<BasicStmnt CovItemId="S45" CovItemPrefix="my.PSM.PSM_Logic.appController.java" Intrnl_Id="192">
<LocList>
<Loc EndOffset="3449" SrcFileId="6" StartOffset="3410"/>
</LocList>
</BasicStmnt>
<CondStmnt CovItemId="S46" CovItemPrefix="my.PSM.PSM_Logic.appController.java" Intrnl_Id="193">
<Branch CovItemId="B1" CovItemPrefix="my.PSM.PSM_Logic.appController.java" Implct="false" Intrnl_Id="194">
<Cond/>
<LocList>
<Loc EndOffset="3827" SrcFileId="6" StartOffset="3735"/>
</LocList>
<StmntSeq Intrnl_Id="195">
<LocList>
<Loc EndOffset="3801" SrcFileId="6" StartOffset="3794"/>
</LocList>
<BasicStmnt CovItemId="S47" CovItemPrefix="my.PSM.PSM_Logic.appController.java" Intrnl_Id="196">
<LocList>
<Loc EndOffset="3801" SrcFileId="6" StartOffset="3794"/>
</LocList>
</BasicStmnt>
</StmntSeq>
</Branch>
<Branch CovItemId="B2" CovItemPrefix="my.PSM.PSM_Logic.appController.java" Implct="true" Intrnl_Id="197">
<Cond/>
<LocList/>
<StmntSeq Intrnl_Id="198">
<LocList/>
</StmntSeq>
</Branch>
<Keyword EndOffset="3652" SrcFileId="6" StartOffset="3650"/>
<LocList>
<Loc EndOffset="3827" SrcFileId="6" StartOffset="3650"/>
</LocList>
<RootTerm CovItemId="C2" CovItemPrefix="my.PSM.PSM_Logic.appController.java" Intrnl_Id="199">
<OpTerm BooleanOpId="14" Intrnl_Id="200">
<BasicBoolTerm Intrnl_Id="201">
<LocList>
<Loc EndOffset="3668" SrcFileId="6" StartOffset="3653"/>
</LocList>
</BasicBoolTerm>
<BasicBoolTerm Intrnl_Id="202">
<LocList>
<Loc EndOffset="3721" SrcFileId="6" StartOffset="3672"/>
</LocList>
</BasicBoolTerm>
<LocList>
<Loc EndOffset="3671" SrcFileId="6" StartOffset="3669"/>
</LocList>
</OpTerm>
</RootTerm>
</CondStmnt>
<BasicStmnt CovItemId="S48" CovItemPrefix="my.PSM.PSM_Logic.appController.java" Intrnl_Id="203">
<LocList>
<Loc EndOffset="3864" SrcFileId="6" StartOffset="3853"/>
</LocList>
</BasicStmnt>
</StmntSeq>
<Keyword EndOffset="3205" SrcFileId="6" StartOffset="3200"/>
<LocList>
<Loc EndOffset="3874" SrcFileId="6" StartOffset="3200"/>
</LocList>
<RootTerm CovItemId="C1" CovItemPrefix="my.PSM.PSM_Logic.appController.java" Intrnl_Id="204">
<OpTerm BooleanOpId="13" Intrnl_Id="205">
<BasicBoolTerm Intrnl_Id="206">
<LocList>
<Loc EndOffset="3219" SrcFileId="6" StartOffset="3207"/>
</LocList>
</BasicBoolTerm>
<LocList>
<Loc EndOffset="3207" SrcFileId="6" StartOffset="3206"/>
</LocList>
</OpTerm>
</RootTerm>
</LoopStmnt>
<BasicStmnt CovItemId="S49" CovItemPrefix="my.PSM.PSM_Logic.appController.java" Intrnl_Id="207">
<LocList>
<Loc EndOffset="3902" SrcFileId="6" StartOffset="3883"/>
</LocList>
</BasicStmnt>
<BasicStmnt CovItemId="S50" CovItemPrefix="my.PSM.PSM_Logic.appController.java" Intrnl_Id="208">
<LocList>
<Loc EndOffset="3943" SrcFileId="6" StartOffset="3911"/>
</LocList>
</BasicStmnt>
<BasicStmnt CovItemId="S51" CovItemPrefix="my.PSM.PSM_Logic.appController.java" Intrnl_Id="209">
<LocList>
<Loc EndOffset="3973" SrcFileId="6" StartOffset="3952"/>
</LocList>
</BasicStmnt>
</StmntSeq>
</HierarchyLvl>
<HierarchyLvl HierarchyLvlId="762" HierarchyLvlTypeId="17" Intrnl_Id="210" Name="myMain">
<Header>
<Loc EndOffset="4037" SrcFileId="6" StartOffset="4017"/>
</Header>
<LocList>
<Loc EndOffset="4585" SrcFileId="6" StartOffset="4017"/>
</LocList>
<StmntSeq Intrnl_Id="211">
<LocList>
<Loc EndOffset="4055" SrcFileId="6" StartOffset="4044"/>
<Loc EndOffset="4579" SrcFileId="6" StartOffset="4061"/>
</LocList>
<BasicStmnt CovItemId="S52" CovItemPrefix="my.PSM.PSM_Logic.appController.java" Intrnl_Id="212">
<LocList>
<Loc EndOffset="4055" SrcFileId="6" StartOffset="4044"/>
</LocList>
</BasicStmnt>
<CondStmnt CovItemId="S53" CovItemPrefix="my.PSM.PSM_Logic.appController.java" Intrnl_Id="213">
<Branch CovItemId="B3" CovItemPrefix="my.PSM.PSM_Logic.appController.java" Implct="false" Intrnl_Id="214">
<Cond/>
<LocList>
<Loc EndOffset="4579" SrcFileId="6" StartOffset="4073"/>
</LocList>
<StmntSeq Intrnl_Id="215">
<LocList>
<Loc EndOffset="4104" SrcFileId="6" StartOffset="4081"/>
<Loc EndOffset="4190" SrcFileId="6" StartOffset="4111"/>
<Loc EndOffset="4210" SrcFileId="6" StartOffset="4197"/>
<Loc EndOffset="4572" SrcFileId="6" StartOffset="4217"/>
</LocList>
<BasicStmnt CovItemId="S54" CovItemPrefix="my.PSM.PSM_Logic.appController.java" Intrnl_Id="216">
<LocList>
<Loc EndOffset="4104" SrcFileId="6" StartOffset="4081"/>
</LocList>
</BasicStmnt>
<CondStmnt CovItemId="S55" CovItemPrefix="my.PSM.PSM_Logic.appController.java" Intrnl_Id="217">
<Branch CovItemId="B5" CovItemPrefix="my.PSM.PSM_Logic.appController.java" Implct="false" Intrnl_Id="218">
<Cond/>
<LocList>
<Loc EndOffset="4190" SrcFileId="6" StartOffset="4137"/>
</LocList>
<StmntSeq Intrnl_Id="219">
<LocList>
<Loc EndOffset="4179" SrcFileId="6" StartOffset="4152"/>
</LocList>
<BasicStmnt CovItemId="S56" CovItemPrefix="my.PSM.PSM_Logic.appController.java" Intrnl_Id="220">
<LocList>
<Loc EndOffset="4179" SrcFileId="6" StartOffset="4152"/>
</LocList>
</BasicStmnt>
</StmntSeq>
</Branch>
<Branch CovItemId="B6" CovItemPrefix="my.PSM.PSM_Logic.appController.java" Implct="true" Intrnl_Id="221">
<Cond/>
<LocList/>
<StmntSeq Intrnl_Id="222">
<LocList/>
</StmntSeq>
</Branch>
<Keyword EndOffset="4113" SrcFileId="6" StartOffset="4111"/>
<LocList>
<Loc EndOffset="4190" SrcFileId="6" StartOffset="4111"/>
</LocList>
<RootTerm CovItemId="C4" CovItemPrefix="my.PSM.PSM_Logic.appController.java" Intrnl_Id="223">
<BasicBoolTerm Intrnl_Id="224">
<LocList>
<Loc EndOffset="4126" SrcFileId="6" StartOffset="4114"/>
</LocList>
</BasicBoolTerm>
</RootTerm>
</CondStmnt>
<BasicStmnt CovItemId="S57" CovItemPrefix="my.PSM.PSM_Logic.appController.java" Intrnl_Id="225">
<LocList>
<Loc EndOffset="4210" SrcFileId="6" StartOffset="4197"/>
</LocList>
</BasicStmnt>
<LoopStmnt CovItemId="S58" CovItemPrefix="my.PSM.PSM_Logic.appController.java" Intrnl_Id="226" MltplExecId="L2-2" MltplExecPrefix="my.PSM.PSM_Logic.appController.java" NvrExecId="L2-0" NvrExecPrefix="my.PSM.PSM_Logic.appController.java" OnceExecutedId="L2-1" OnceExecutedPrefix="my.PSM.PSM_Logic.appController.java" OptBodyExec="true">
<StmntSeq Intrnl_Id="227">
<LocList>
<Loc EndOffset="4257" SrcFileId="6" StartOffset="4243"/>
<Loc EndOffset="4564" SrcFileId="6" StartOffset="4265"/>
</LocList>
<BasicStmnt CovItemId="S59" CovItemPrefix="my.PSM.PSM_Logic.appController.java" Intrnl_Id="228">
<LocList>
<Loc EndOffset="4257" SrcFileId="6" StartOffset="4243"/>
</LocList>
</BasicStmnt>
<CondStmnt CovItemId="S60" CovItemPrefix="my.PSM.PSM_Logic.appController.java" Intrnl_Id="229">
<Branch CovItemId="B7" CovItemPrefix="my.PSM.PSM_Logic.appController.java" Implct="false" Intrnl_Id="230">
<Cond/>
<LocList>
<Loc EndOffset="4395" SrcFileId="6" StartOffset="4289"/>
</LocList>
<StmntSeq Intrnl_Id="231">
<LocList>
<Loc EndOffset="4344" SrcFileId="6" StartOffset="4330"/>
<Loc EndOffset="4380" SrcFileId="6" StartOffset="4359"/>
</LocList>
<BasicStmnt CovItemId="S61" CovItemPrefix="my.PSM.PSM_Logic.appController.java" Intrnl_Id="232">
<LocList>
<Loc EndOffset="4344" SrcFileId="6" StartOffset="4330"/>
</LocList>
</BasicStmnt>
<BasicStmnt CovItemId="S62" CovItemPrefix="my.PSM.PSM_Logic.appController.java" Intrnl_Id="233">
<LocList>
<Loc EndOffset="4380" SrcFileId="6" StartOffset="4359"/>
</LocList>
</BasicStmnt>
</StmntSeq>
</Branch>
<Branch CovItemId="B8" CovItemPrefix="my.PSM.PSM_Logic.appController.java" Implct="false" Intrnl_Id="234">
<Cond>
<Loc EndOffset="4410" SrcFileId="6" StartOffset="4406"/>
</Cond>
<LocList>
<Loc EndOffset="4564" SrcFileId="6" StartOffset="4411"/>
</LocList>
<StmntSeq Intrnl_Id="235">
<LocList>
<Loc EndOffset="4564" SrcFileId="6" StartOffset="4411"/>
</LocList>
<CondStmnt CovItemId="S63" CovItemPrefix="my.PSM.PSM_Logic.appController.java" Intrnl_Id="236">
<Branch CovItemId="B9" CovItemPrefix="my.PSM.PSM_Logic.appController.java" Implct="false" Intrnl_Id="237">
<Cond/>
<LocList>
<Loc EndOffset="4479" SrcFileId="6" StartOffset="4436"/>
</LocList>
<StmntSeq Intrnl_Id="238">
<LocList>
<Loc EndOffset="4467" SrcFileId="6" StartOffset="4452"/>
</LocList>
<BasicStmnt CovItemId="S64" CovItemPrefix="my.PSM.PSM_Logic.appController.java" Intrnl_Id="239">
<LocList>
<Loc EndOffset="4467" SrcFileId="6" StartOffset="4452"/>
</LocList>
</BasicStmnt>
</StmntSeq>
</Branch>
<Branch CovItemId="B10" CovItemPrefix="my.PSM.PSM_Logic.appController.java" Implct="false" Intrnl_Id="240">
<Cond>
<Loc EndOffset="4494" SrcFileId="6" StartOffset="4490"/>
</Cond>
<LocList>
<Loc EndOffset="4564" SrcFileId="6" StartOffset="4495"/>
</LocList>
<StmntSeq Intrnl_Id="241">
<LocList>
<Loc EndOffset="4564" SrcFileId="6" StartOffset="4495"/>
</LocList>
<CondStmnt CovItemId="S65" CovItemPrefix="my.PSM.PSM_Logic.appController.java" Intrnl_Id="242">
<Branch CovItemId="B11" CovItemPrefix="my.PSM.PSM_Logic.appController.java" Implct="false" Intrnl_Id="243">
<Cond/>
<LocList>
<Loc EndOffset="4564" SrcFileId="6" StartOffset="4523"/>
</LocList>
<StmntSeq Intrnl_Id="244">
<LocList>
<Loc EndOffset="4552" SrcFileId="6" StartOffset="4539"/>
</LocList>
<BasicStmnt CovItemId="S66" CovItemPrefix="my.PSM.PSM_Logic.appController.java" Intrnl_Id="245">
<LocList>
<Loc EndOffset="4552" SrcFileId="6" StartOffset="4539"/>
</LocList>
</BasicStmnt>
</StmntSeq>
</Branch>
<Branch CovItemId="B12" CovItemPrefix="my.PSM.PSM_Logic.appController.java" Implct="true" Intrnl_Id="246">
<Cond/>
<LocList/>
<StmntSeq Intrnl_Id="247">
<LocList/>
</StmntSeq>
</Branch>
<Keyword EndOffset="4497" SrcFileId="6" StartOffset="4495"/>
<LocList>
<Loc EndOffset="4564" SrcFileId="6" StartOffset="4495"/>
</LocList>
<RootTerm CovItemId="C8" CovItemPrefix="my.PSM.PSM_Logic.appController.java" Intrnl_Id="248">
<BasicBoolTerm Intrnl_Id="249">
<LocList>
<Loc EndOffset="4511" SrcFileId="6" StartOffset="4498"/>
</LocList>
</BasicBoolTerm>
</RootTerm>
</CondStmnt>
</StmntSeq>
</Branch>
<Keyword EndOffset="4413" SrcFileId="6" StartOffset="4411"/>
<LocList>
<Loc EndOffset="4564" SrcFileId="6" StartOffset="4411"/>
</LocList>
<RootTerm CovItemId="C7" CovItemPrefix="my.PSM.PSM_Logic.appController.java" Intrnl_Id="250">
<BasicBoolTerm Intrnl_Id="251">
<LocList>
<Loc EndOffset="4424" SrcFileId="6" StartOffset="4414"/>
</LocList>
</BasicBoolTerm>
</RootTerm>
</CondStmnt>
</StmntSeq>
</Branch>
<Keyword EndOffset="4267" SrcFileId="6" StartOffset="4265"/>
<LocList>
<Loc EndOffset="4564" SrcFileId="6" StartOffset="4265"/>
</LocList>
<RootTerm CovItemId="C6" CovItemPrefix="my.PSM.PSM_Logic.appController.java" Intrnl_Id="252">
<BasicBoolTerm Intrnl_Id="253">
<LocList>
<Loc EndOffset="4277" SrcFileId="6" StartOffset="4268"/>
</LocList>
</BasicBoolTerm>
</RootTerm>
</CondStmnt>
</StmntSeq>
<Keyword EndOffset="4222" SrcFileId="6" StartOffset="4217"/>
<LocList>
<Loc EndOffset="4572" SrcFileId="6" StartOffset="4217"/>
</LocList>
<RootTerm CovItemId="C5" CovItemPrefix="my.PSM.PSM_Logic.appController.java" Intrnl_Id="254">
<OpTerm BooleanOpId="13" Intrnl_Id="255">
<BasicBoolTerm Intrnl_Id="256">
<LocList>
<Loc EndOffset="4233" SrcFileId="6" StartOffset="4224"/>
</LocList>
</BasicBoolTerm>
<LocList>
<Loc EndOffset="4224" SrcFileId="6" StartOffset="4223"/>
</LocList>
</OpTerm>
</RootTerm>
</LoopStmnt>
</StmntSeq>
</Branch>
<Branch CovItemId="B4" CovItemPrefix="my.PSM.PSM_Logic.appController.java" Implct="true" Intrnl_Id="257">
<Cond/>
<LocList/>
<StmntSeq Intrnl_Id="258">
<LocList/>
</StmntSeq>
</Branch>
<Keyword EndOffset="4063" SrcFileId="6" StartOffset="4061"/>
<LocList>
<Loc EndOffset="4579" SrcFileId="6" StartOffset="4061"/>
</LocList>
<RootTerm CovItemId="C3" CovItemPrefix="my.PSM.PSM_Logic.appController.java" Intrnl_Id="259">
<BasicBoolTerm Intrnl_Id="260">
<LocList>
<Loc EndOffset="4072" SrcFileId="6" StartOffset="4064"/>
</LocList>
</BasicBoolTerm>
</RootTerm>
</CondStmnt>
</StmntSeq>
</HierarchyLvl>
<HierarchyLvl HierarchyLvlId="763" HierarchyLvlTypeId="17" Intrnl_Id="261" Name="setUser">
<Header>
<Loc EndOffset="4622" SrcFileId="6" StartOffset="4590"/>
</Header>
<LocList>
<Loc EndOffset="4651" SrcFileId="6" StartOffset="4590"/>
</LocList>
<StmntSeq Intrnl_Id="262">
<LocList>
<Loc EndOffset="4645" SrcFileId="6" StartOffset="4629"/>
</LocList>
<BasicStmnt CovItemId="S67" CovItemPrefix="my.PSM.PSM_Logic.appController.java" Intrnl_Id="263">
<LocList>
<Loc EndOffset="4645" SrcFileId="6" StartOffset="4629"/>
</LocList>
</BasicStmnt>
</StmntSeq>
</HierarchyLvl>
<HierarchyLvl HierarchyLvlId="764" HierarchyLvlTypeId="17" Intrnl_Id="264" Name="setPassword">
<Header>
<Loc EndOffset="4690" SrcFileId="6" StartOffset="4656"/>
</Header>
<LocList>
<Loc EndOffset="4717" SrcFileId="6" StartOffset="4656"/>
</LocList>
<StmntSeq Intrnl_Id="265">
<LocList>
<Loc EndOffset="4711" SrcFileId="6" StartOffset="4697"/>
</LocList>
<BasicStmnt CovItemId="S68" CovItemPrefix="my.PSM.PSM_Logic.appController.java" Intrnl_Id="266">
<LocList>
<Loc EndOffset="4711" SrcFileId="6" StartOffset="4697"/>
</LocList>
</BasicStmnt>
</StmntSeq>
</HierarchyLvl>
<HierarchyLvl HierarchyLvlId="765" HierarchyLvlTypeId="17" Intrnl_Id="267" Name="getUser">
<Header>
<Loc EndOffset="4745" SrcFileId="6" StartOffset="4722"/>
</Header>
<LocList>
<Loc EndOffset="4774" SrcFileId="6" StartOffset="4722"/>
</LocList>
<StmntSeq Intrnl_Id="268">
<LocList>
<Loc EndOffset="4768" SrcFileId="6" StartOffset="4752"/>
</LocList>
<BasicStmnt CovItemId="S69" CovItemPrefix="my.PSM.PSM_Logic.appController.java" Intrnl_Id="269">
<LocList>
<Loc EndOffset="4768" SrcFileId="6" StartOffset="4752"/>
</LocList>
</BasicStmnt>
</StmntSeq>
</HierarchyLvl>
<HierarchyLvl HierarchyLvlId="766" HierarchyLvlTypeId="17" Intrnl_Id="270" Name="getPass">
<Header>
<Loc EndOffset="4802" SrcFileId="6" StartOffset="4779"/>
</Header>
<LocList>
<Loc EndOffset="4831" SrcFileId="6" StartOffset="4779"/>
</LocList>
<StmntSeq Intrnl_Id="271">
<LocList>
<Loc EndOffset="4825" SrcFileId="6" StartOffset="4809"/>
</LocList>
<BasicStmnt CovItemId="S70" CovItemPrefix="my.PSM.PSM_Logic.appController.java" Intrnl_Id="272">
<LocList>
<Loc EndOffset="4825" SrcFileId="6" StartOffset="4809"/>
</LocList>
</BasicStmnt>
</StmntSeq>
</HierarchyLvl>
<HierarchyLvl HierarchyLvlId="767" HierarchyLvlTypeId="17" Intrnl_Id="273" Name="getLoggedIn">
<Header>
<Loc EndOffset="4864" SrcFileId="6" StartOffset="4836"/>
</Header>
<LocList>
<Loc EndOffset="4893" SrcFileId="6" StartOffset="4836"/>
</LocList>
<StmntSeq Intrnl_Id="274">
<LocList>
<Loc EndOffset="4887" SrcFileId="6" StartOffset="4871"/>
</LocList>
<BasicStmnt CovItemId="S71" CovItemPrefix="my.PSM.PSM_Logic.appController.java" Intrnl_Id="275">
<LocList>
<Loc EndOffset="4887" SrcFileId="6" StartOffset="4871"/>
</LocList>
</BasicStmnt>
</StmntSeq>
</HierarchyLvl>
<HierarchyLvl HierarchyLvlId="768" HierarchyLvlTypeId="17" Intrnl_Id="276" Name="fetchCourses">
<Header>
<Loc EndOffset="4933" SrcFileId="6" StartOffset="4898"/>
</Header>
<LocList>
<Loc EndOffset="4979" SrcFileId="6" StartOffset="4898"/>
</LocList>
<StmntSeq Intrnl_Id="277">
<LocList>
<Loc EndOffset="4973" SrcFileId="6" StartOffset="4940"/>
</LocList>
<BasicStmnt CovItemId="S72" CovItemPrefix="my.PSM.PSM_Logic.appController.java" Intrnl_Id="278">
<LocList>
<Loc EndOffset="4973" SrcFileId="6" StartOffset="4940"/>
</LocList>
</BasicStmnt>
</StmntSeq>
</HierarchyLvl>
<HierarchyLvl HierarchyLvlId="769" HierarchyLvlTypeId="17" Intrnl_Id="279" Name="getIC">
<Header>
<Loc EndOffset="5018" SrcFileId="6" StartOffset="4984"/>
</Header>
<LocList>
<Loc EndOffset="5041" SrcFileId="6" StartOffset="4984"/>
</LocList>
<StmntSeq Intrnl_Id="280">
<LocList>
<Loc EndOffset="5035" SrcFileId="6" StartOffset="5025"/>
</LocList>
<BasicStmnt CovItemId="S73" CovItemPrefix="my.PSM.PSM_Logic.appController.java" Intrnl_Id="281">
<LocList>
<Loc EndOffset="5035" SrcFileId="6" StartOffset="5025"/>
</LocList>
</BasicStmnt>
</StmntSeq>
</HierarchyLvl>
<HierarchyLvl HierarchyLvlId="770" HierarchyLvlTypeId="17" Intrnl_Id="282" Name="getSetRun">
<Header>
<Loc EndOffset="5073" SrcFileId="6" StartOffset="5046"/>
</Header>
<LocList>
<Loc EndOffset="5100" SrcFileId="6" StartOffset="5046"/>
</LocList>
<StmntSeq Intrnl_Id="283">
<LocList>
<Loc EndOffset="5094" SrcFileId="6" StartOffset="5080"/>
</LocList>
<BasicStmnt CovItemId="S74" CovItemPrefix="my.PSM.PSM_Logic.appController.java" Intrnl_Id="284">
<LocList>
<Loc EndOffset="5094" SrcFileId="6" StartOffset="5080"/>
</LocList>
</BasicStmnt>
</StmntSeq>
</HierarchyLvl>
<HierarchyLvl HierarchyLvlId="771" HierarchyLvlTypeId="17" Intrnl_Id="285" Name="getClearDate">
<Header>
<Loc EndOffset="5137" SrcFileId="6" StartOffset="5105"/>
</Header>
<LocList>
<Loc EndOffset="5164" SrcFileId="6" StartOffset="5105"/>
</LocList>
<StmntSeq Intrnl_Id="286">
<LocList>
<Loc EndOffset="5160" SrcFileId="6" StartOffset="5143"/>
</LocList>
<BasicStmnt CovItemId="S75" CovItemPrefix="my.PSM.PSM_Logic.appController.java" Intrnl_Id="287">
<LocList>
<Loc EndOffset="5160" SrcFileId="6" StartOffset="5143"/>
</LocList>
</BasicStmnt>
</StmntSeq>
</HierarchyLvl>
<HierarchyLvl HierarchyLvlId="772" HierarchyLvlTypeId="17" Intrnl_Id="288" Name="getClearMonth">
<Header>
<Loc EndOffset="5201" SrcFileId="6" StartOffset="5168"/>
</Header>
<LocList>
<Loc EndOffset="5229" SrcFileId="6" StartOffset="5168"/>
</LocList>
<StmntSeq Intrnl_Id="289">
<LocList>
<Loc EndOffset="5225" SrcFileId="6" StartOffset="5207"/>
</LocList>
<BasicStmnt CovItemId="S76" CovItemPrefix="my.PSM.PSM_Logic.appController.java" Intrnl_Id="290">
<LocList>
<Loc EndOffset="5225" SrcFileId="6" StartOffset="5207"/>
</LocList>
</BasicStmnt>
</StmntSeq>
</HierarchyLvl>
<HierarchyLvl HierarchyLvlId="773" HierarchyLvlTypeId="17" Intrnl_Id="291" Name="getClearYear">
<Header>
<Loc EndOffset="5265" SrcFileId="6" StartOffset="5233"/>
</Header>
<LocList>
<Loc EndOffset="5292" SrcFileId="6" StartOffset="5233"/>
</LocList>
<StmntSeq Intrnl_Id="292">
<LocList>
<Loc EndOffset="5288" SrcFileId="6" StartOffset="5271"/>
</LocList>
<BasicStmnt CovItemId="S77" CovItemPrefix="my.PSM.PSM_Logic.appController.java" Intrnl_Id="293">
<LocList>
<Loc EndOffset="5288" SrcFileId="6" StartOffset="5271"/>
</LocList>
</BasicStmnt>
</StmntSeq>
</HierarchyLvl>
<HierarchyLvl HierarchyLvlId="774" HierarchyLvlTypeId="17" Intrnl_Id="294" Name="getCounter">
<Header>
<Loc EndOffset="5319" SrcFileId="6" StartOffset="5296"/>
</Header>
<LocList>
<Loc EndOffset="5343" SrcFileId="6" StartOffset="5296"/>
</LocList>
<StmntSeq Intrnl_Id="295">
<LocList>
<Loc EndOffset="5339" SrcFileId="6" StartOffset="5324"/>
</LocList>
<BasicStmnt CovItemId="S78" CovItemPrefix="my.PSM.PSM_Logic.appController.java" Intrnl_Id="296">
<LocList>
<Loc EndOffset="5339" SrcFileId="6" StartOffset="5324"/>
</LocList>
</BasicStmnt>
</StmntSeq>
</HierarchyLvl>
<HierarchyLvl HierarchyLvlId="775" HierarchyLvlTypeId="17" Intrnl_Id="297" Name="setupSched">
<Header>
<Loc EndOffset="5379" SrcFileId="6" StartOffset="5348"/>
</Header>
<LocList>
<Loc EndOffset="6313" SrcFileId="6" StartOffset="5348"/>
</LocList>
<StmntSeq Intrnl_Id="298">
<LocList>
<Loc EndOffset="5412" SrcFileId="6" StartOffset="5386"/>
<Loc EndOffset="5583" SrcFileId="6" StartOffset="5454"/>
<Loc EndOffset="5613" SrcFileId="6" StartOffset="5592"/>
<Loc EndOffset="5655" SrcFileId="6" StartOffset="5622"/>
<Loc EndOffset="5807" SrcFileId="6" StartOffset="5673"/>
<Loc EndOffset="6306" SrcFileId="6" StartOffset="5816"/>
</LocList>
<BasicStmnt CovItemId="S79" CovItemPrefix="my.PSM.PSM_Logic.appController.java" Intrnl_Id="299">
<LocList>
<Loc EndOffset="5412" SrcFileId="6" StartOffset="5386"/>
</LocList>
</BasicStmnt>
<LoopStmnt CovItemId="S80" CovItemPrefix="my.PSM.PSM_Logic.appController.java" Intrnl_Id="300" MltplExecId="L3-2" MltplExecPrefix="my.PSM.PSM_Logic.appController.java" NvrExecId="L3-0" NvrExecPrefix="my.PSM.PSM_Logic.appController.java" OnceExecutedId="L3-1" OnceExecutedPrefix="my.PSM.PSM_Logic.appController.java" OptBodyExec="true">
<StmntSeq Intrnl_Id="301">
<LocList>
<Loc EndOffset="5549" SrcFileId="6" StartOffset="5509"/>
<Loc EndOffset="5573" SrcFileId="6" StartOffset="5562"/>
</LocList>
<BasicStmnt CovItemId="S81" CovItemPrefix="my.PSM.PSM_Logic.appController.java" Intrnl_Id="302">
<LocList>
<Loc EndOffset="5549" SrcFileId="6" StartOffset="5509"/>
</LocList>
</BasicStmnt>
<BasicStmnt CovItemId="S82" CovItemPrefix="my.PSM.PSM_Logic.appController.java" Intrnl_Id="303">
<LocList>
<Loc EndOffset="5573" SrcFileId="6" StartOffset="5562"/>
</LocList>
</BasicStmnt>
</StmntSeq>
<Keyword EndOffset="5459" SrcFileId="6" StartOffset="5454"/>
<LocList>
<Loc EndOffset="5583" SrcFileId="6" StartOffset="5454"/>
</LocList>
<RootTerm CovItemId="C9" CovItemPrefix="my.PSM.PSM_Logic.appController.java" Intrnl_Id="304">
<OpTerm BooleanOpId="13" Intrnl_Id="305">
<BasicBoolTerm Intrnl_Id="306">
<LocList>
<Loc EndOffset="5485" SrcFileId="6" StartOffset="5461"/>
</LocList>
</BasicBoolTerm>
<LocList>
<Loc EndOffset="5461" SrcFileId="6" StartOffset="5460"/>
</LocList>
</OpTerm>
</RootTerm>
</LoopStmnt>
<BasicStmnt CovItemId="S83" CovItemPrefix="my.PSM.PSM_Logic.appController.java" Intrnl_Id="307">
<LocList>
<Loc EndOffset="5613" SrcFileId="6" StartOffset="5592"/>
</LocList>
</BasicStmnt>
<BasicStmnt CovItemId="S84" CovItemPrefix="my.PSM.PSM_Logic.appController.java" Intrnl_Id="308">
<LocList>
<Loc EndOffset="5655" SrcFileId="6" StartOffset="5622"/>
</LocList>
</BasicStmnt>
<BasicStmnt CovItemId="S85" CovItemPrefix="my.PSM.PSM_Logic.appController.java" Intrnl_Id="309">
<LocList>
<Loc EndOffset="5807" SrcFileId="6" StartOffset="5673"/>
</LocList>
</BasicStmnt>
<BasicStmnt CovItemId="S86" CovItemPrefix="my.PSM.PSM_Logic.appController.java" Intrnl_Id="310">
<LocList>
<Loc EndOffset="6306" SrcFileId="6" StartOffset="5816"/>
</LocList>
</BasicStmnt>
</StmntSeq>
</HierarchyLvl>
<HierarchyLvl HierarchyLvlId="776" HierarchyLvlTypeId="17" Intrnl_Id="311" Name="appEditSched">
<Header>
<Loc EndOffset="6351" SrcFileId="6" StartOffset="6318"/>
</Header>
<LocList>
<Loc EndOffset="7816" SrcFileId="6" StartOffset="6318"/>
</LocList>
<StmntSeq Intrnl_Id="312">
<LocList>
<Loc EndOffset="6407" SrcFileId="6" StartOffset="6383"/>
<Loc EndOffset="6578" SrcFileId="6" StartOffset="6417"/>
<Loc EndOffset="6623" SrcFileId="6" StartOffset="6588"/>
<Loc EndOffset="6653" SrcFileId="6" StartOffset="6632"/>
<Loc EndOffset="6700" SrcFileId="6" StartOffset="6663"/>
<Loc EndOffset="6728" SrcFileId="6" StartOffset="6709"/>
<Loc EndOffset="7003" SrcFileId="6" StartOffset="6746"/>
<Loc EndOffset="7136" SrcFileId="6" StartOffset="7021"/>
<Loc EndOffset="7175" SrcFileId="6" StartOffset="7154"/>
<Loc EndOffset="7214" SrcFileId="6" StartOffset="7184"/>
<Loc EndOffset="7808" SrcFileId="6" StartOffset="7304"/>
</LocList>
<BasicStmnt CovItemId="S87" CovItemPrefix="my.PSM.PSM_Logic.appController.java" Intrnl_Id="313">
<LocList>
<Loc EndOffset="6407" SrcFileId="6" StartOffset="6383"/>
</LocList>
</BasicStmnt>
<LoopStmnt CovItemId="S88" CovItemPrefix="my.PSM.PSM_Logic.appController.java" Intrnl_Id="314" MltplExecId="L4-2" MltplExecPrefix="my.PSM.PSM_Logic.appController.java" NvrExecId="L4-0" NvrExecPrefix="my.PSM.PSM_Logic.appController.java" OnceExecutedId="L4-1" OnceExecutedPrefix="my.PSM.PSM_Logic.appController.java" OptBodyExec="true">
<StmntSeq Intrnl_Id="315">
<LocList>
<Loc EndOffset="6502" SrcFileId="6" StartOffset="6460"/>
<Loc EndOffset="6526" SrcFileId="6" StartOffset="6515"/>
</LocList>
<BasicStmnt CovItemId="S89" CovItemPrefix="my.PSM.PSM_Logic.appController.java" Intrnl_Id="316">
<LocList>
<Loc EndOffset="6502" SrcFileId="6" StartOffset="6460"/>
</LocList>
</BasicStmnt>
<BasicStmnt CovItemId="S90" CovItemPrefix="my.PSM.PSM_Logic.appController.java" Intrnl_Id="317">
<LocList>
<Loc EndOffset="6526" SrcFileId="6" StartOffset="6515"/>
</LocList>
</BasicStmnt>
</StmntSeq>
<Keyword EndOffset="6422" SrcFileId="6" StartOffset="6417"/>
<LocList>
<Loc EndOffset="6578" SrcFileId="6" StartOffset="6417"/>
</LocList>
<RootTerm CovItemId="C10" CovItemPrefix="my.PSM.PSM_Logic.appController.java" Intrnl_Id="318">
<OpTerm BooleanOpId="13" Intrnl_Id="319">
<BasicBoolTerm Intrnl_Id="320">
<LocList>
<Loc EndOffset="6436" SrcFileId="6" StartOffset="6424"/>
</LocList>
</BasicBoolTerm>
<LocList>
<Loc EndOffset="6424" SrcFileId="6" StartOffset="6423"/>
</LocList>
</OpTerm>
</RootTerm>
</LoopStmnt>
<BasicStmnt CovItemId="S91" CovItemPrefix="my.PSM.PSM_Logic.appController.java" Intrnl_Id="321">
<LocList>
<Loc EndOffset="6623" SrcFileId="6" StartOffset="6588"/>
</LocList>
</BasicStmnt>
<BasicStmnt CovItemId="S92" CovItemPrefix="my.PSM.PSM_Logic.appController.java" Intrnl_Id="322">
<LocList>
<Loc EndOffset="6653" SrcFileId="6" StartOffset="6632"/>
</LocList>
</BasicStmnt>
<BasicStmnt CovItemId="S93" CovItemPrefix="my.PSM.PSM_Logic.appController.java" Intrnl_Id="323">
<LocList>
<Loc EndOffset="6700" SrcFileId="6" StartOffset="6663"/>
</LocList>
</BasicStmnt>
<BasicStmnt CovItemId="S94" CovItemPrefix="my.PSM.PSM_Logic.appController.java" Intrnl_Id="324">
<LocList>
<Loc EndOffset="6728" SrcFileId="6" StartOffset="6709"/>
</LocList>
</BasicStmnt>
<BasicStmnt CovItemId="S95" CovItemPrefix="my.PSM.PSM_Logic.appController.java" Intrnl_Id="325">
<LocList>
<Loc EndOffset="7003" SrcFileId="6" StartOffset="6746"/>
</LocList>
</BasicStmnt>
<LoopStmnt CovItemId="S96" CovItemPrefix="my.PSM.PSM_Logic.appController.java" Intrnl_Id="326" MltplExecId="L5-2" MltplExecPrefix="my.PSM.PSM_Logic.appController.java" NvrExecId="L5-0" NvrExecPrefix="my.PSM.PSM_Logic.appController.java" OnceExecutedId="L5-1" OnceExecutedPrefix="my.PSM.PSM_Logic.appController.java" OptBodyExec="true">
<StmntSeq Intrnl_Id="327">
<LocList>
<Loc EndOffset="7101" SrcFileId="6" StartOffset="7064"/>
<Loc EndOffset="7126" SrcFileId="6" StartOffset="7115"/>
</LocList>
<BasicStmnt CovItemId="S97" CovItemPrefix="my.PSM.PSM_Logic.appController.java" Intrnl_Id="328">
<LocList>
<Loc EndOffset="7101" SrcFileId="6" StartOffset="7064"/>
</LocList>
</BasicStmnt>
<BasicStmnt CovItemId="S98" CovItemPrefix="my.PSM.PSM_Logic.appController.java" Intrnl_Id="329">
<LocList>
<Loc EndOffset="7126" SrcFileId="6" StartOffset="7115"/>
</LocList>
</BasicStmnt>
</StmntSeq>
<Keyword EndOffset="7026" SrcFileId="6" StartOffset="7021"/>
<LocList>
<Loc EndOffset="7136" SrcFileId="6" StartOffset="7021"/>
</LocList>
<RootTerm CovItemId="C11" CovItemPrefix="my.PSM.PSM_Logic.appController.java" Intrnl_Id="330">
<OpTerm BooleanOpId="13" Intrnl_Id="331">
<BasicBoolTerm Intrnl_Id="332">
<LocList>
<Loc EndOffset="7040" SrcFileId="6" StartOffset="7028"/>
</LocList>
</BasicBoolTerm>
<LocList>
<Loc EndOffset="7028" SrcFileId="6" StartOffset="7027"/>
</LocList>
</OpTerm>
</RootTerm>
</LoopStmnt>
<BasicStmnt CovItemId="S99" CovItemPrefix="my.PSM.PSM_Logic.appController.java" Intrnl_Id="333">
<LocList>
<Loc EndOffset="7175" SrcFileId="6" StartOffset="7154"/>
</LocList>
</BasicStmnt>
<BasicStmnt CovItemId="S100" CovItemPrefix="my.PSM.PSM_Logic.appController.java" Intrnl_Id="334">
<LocList>
<Loc EndOffset="7214" SrcFileId="6" StartOffset="7184"/>
</LocList>
</BasicStmnt>
<BasicStmnt CovItemId="S101" CovItemPrefix="my.PSM.PSM_Logic.appController.java" Intrnl_Id="335">
<LocList>
<Loc EndOffset="7808" SrcFileId="6" StartOffset="7304"/>
</LocList>
</BasicStmnt>
</StmntSeq>
</HierarchyLvl>
<HierarchyLvl HierarchyLvlId="777" HierarchyLvlTypeId="17" Intrnl_Id="336" Name="appLogin">
<Header>
<Loc EndOffset="7855" SrcFileId="6" StartOffset="7826"/>
</Header>
<LocList>
<Loc EndOffset="9277" SrcFileId="6" StartOffset="7826"/>
</LocList>
<StmntSeq Intrnl_Id="337">
<LocList>
<Loc EndOffset="9271" SrcFileId="6" StartOffset="7862"/>
</LocList>
<LoopStmnt CovItemId="S102" CovItemPrefix="my.PSM.PSM_Logic.appController.java" Intrnl_Id="338" MltplExecId="L6-2" MltplExecPrefix="my.PSM.PSM_Logic.appController.java" NvrExecId="L6-0" NvrExecPrefix="my.PSM.PSM_Logic.appController.java" OnceExecutedId="L6-1" OnceExecutedPrefix="my.PSM.PSM_Logic.appController.java" OptBodyExec="true">
<StmntSeq Intrnl_Id="339">
<LocList>
<Loc EndOffset="7937" SrcFileId="6" StartOffset="7912"/>
<Loc EndOffset="8134" SrcFileId="6" StartOffset="7976"/>
<Loc EndOffset="8179" SrcFileId="6" StartOffset="8148"/>
<Loc EndOffset="8214" SrcFileId="6" StartOffset="8193"/>
<Loc EndOffset="8263" SrcFileId="6" StartOffset="8228"/>
<Loc EndOffset="8312" SrcFileId="6" StartOffset="8277"/>
<Loc EndOffset="8380" SrcFileId="6" StartOffset="8341"/>
<Loc EndOffset="8557" SrcFileId="6" StartOffset="8394"/>
<Loc EndOffset="8983" SrcFileId="6" StartOffset="8601"/>
<Loc EndOffset="9261" SrcFileId="6" StartOffset="8997"/>
</LocList>
<BasicStmnt CovItemId="S103" CovItemPrefix="my.PSM.PSM_Logic.appController.java" Intrnl_Id="340">
<LocList>
<Loc EndOffset="7937" SrcFileId="6" StartOffset="7912"/>
</LocList>
</BasicStmnt>
<LoopStmnt CovItemId="S104" CovItemPrefix="my.PSM.PSM_Logic.appController.java" Intrnl_Id="341" MltplExecId="L7-2" MltplExecPrefix="my.PSM.PSM_Logic.appController.java" NvrExecId="L7-0" NvrExecPrefix="my.PSM.PSM_Logic.appController.java" OnceExecutedId="L7-1" OnceExecutedPrefix="my.PSM.PSM_Logic.appController.java" OptBodyExec="false">
<StmntSeq Intrnl_Id="342">
<LocList>
<Loc EndOffset="8051" SrcFileId="6" StartOffset="8011"/>
<Loc EndOffset="8080" SrcFileId="6" StartOffset="8069"/>
</LocList>
<BasicStmnt CovItemId="S105" CovItemPrefix="my.PSM.PSM_Logic.appController.java" Intrnl_Id="343">
<LocList>
<Loc EndOffset="8051" SrcFileId="6" StartOffset="8011"/>
</LocList>
</BasicStmnt>
<BasicStmnt CovItemId="S106" CovItemPrefix="my.PSM.PSM_Logic.appController.java" Intrnl_Id="344">
<LocList>
<Loc EndOffset="8080" SrcFileId="6" StartOffset="8069"/>
</LocList>
</BasicStmnt>
</StmntSeq>
<Keyword EndOffset="7978" SrcFileId="6" StartOffset="7976"/>
<LocList>
<Loc EndOffset="8134" SrcFileId="6" StartOffset="7976"/>
</LocList>
<RootTerm CovItemId="C13" CovItemPrefix="my.PSM.PSM_Logic.appController.java" Intrnl_Id="345">
<OpTerm BooleanOpId="13" Intrnl_Id="346">
<BasicBoolTerm Intrnl_Id="347">
<LocList>
<Loc EndOffset="8132" SrcFileId="6" StartOffset="8120"/>
</LocList>
</BasicBoolTerm>
<LocList>
<Loc EndOffset="8120" SrcFileId="6" StartOffset="8119"/>
</LocList>
</OpTerm>
</RootTerm>
</LoopStmnt>
<BasicStmnt CovItemId="S107" CovItemPrefix="my.PSM.PSM_Logic.appController.java" Intrnl_Id="348">
<LocList>
<Loc EndOffset="8179" SrcFileId="6" StartOffset="8148"/>
</LocList>
</BasicStmnt>
<BasicStmnt CovItemId="S108" CovItemPrefix="my.PSM.PSM_Logic.appController.java" Intrnl_Id="349">
<LocList>
<Loc EndOffset="8214" SrcFileId="6" StartOffset="8193"/>
</LocList>
</BasicStmnt>
<BasicStmnt CovItemId="S109" CovItemPrefix="my.PSM.PSM_Logic.appController.java" Intrnl_Id="350">
<LocList>
<Loc EndOffset="8263" SrcFileId="6" StartOffset="8228"/>
</LocList>
</BasicStmnt>
<BasicStmnt CovItemId="S110" CovItemPrefix="my.PSM.PSM_Logic.appController.java" Intrnl_Id="351">
<LocList>
<Loc EndOffset="8312" SrcFileId="6" StartOffset="8277"/>
</LocList>
</BasicStmnt>
<BasicStmnt CovItemId="S111" CovItemPrefix="my.PSM.PSM_Logic.appController.java" Intrnl_Id="352">
<LocList>
<Loc EndOffset="8380" SrcFileId="6" StartOffset="8341"/>
</LocList>
</BasicStmnt>
<CondStmnt CovItemId="S112" CovItemPrefix="my.PSM.PSM_Logic.appController.java" Intrnl_Id="353">
<Branch CovItemId="B13" CovItemPrefix="my.PSM.PSM_Logic.appController.java" Implct="false" Intrnl_Id="354">
<Cond/>
<LocList>
<Loc EndOffset="8557" SrcFileId="6" StartOffset="8419"/>
</LocList>
<StmntSeq Intrnl_Id="355">
<LocList>
<Loc EndOffset="8454" SrcFileId="6" StartOffset="8438"/>
<Loc EndOffset="8486" SrcFileId="6" StartOffset="8472"/>
<Loc EndOffset="8542" SrcFileId="6" StartOffset="8504"/>
</LocList>
<BasicStmnt CovItemId="S113" CovItemPrefix="my.PSM.PSM_Logic.appController.java" Intrnl_Id="356">
<LocList>
<Loc EndOffset="8454" SrcFileId="6" StartOffset="8438"/>
</LocList>
</BasicStmnt>
<BasicStmnt CovItemId="S114" CovItemPrefix="my.PSM.PSM_Logic.appController.java" Intrnl_Id="357">
<LocList>
<Loc EndOffset="8486" SrcFileId="6" StartOffset="8472"/>
</LocList>
</BasicStmnt>
<BasicStmnt CovItemId="S115" CovItemPrefix="my.PSM.PSM_Logic.appController.java" Intrnl_Id="358">
<LocList>
<Loc EndOffset="8542" SrcFileId="6" StartOffset="8504"/>
</LocList>
</BasicStmnt>
</StmntSeq>
</Branch>
<Branch CovItemId="B14" CovItemPrefix="my.PSM.PSM_Logic.appController.java" Implct="true" Intrnl_Id="359">
<Cond/>
<LocList/>
<StmntSeq Intrnl_Id="360">
<LocList/>
</StmntSeq>
</Branch>
<Keyword EndOffset="8396" SrcFileId="6" StartOffset="8394"/>
<LocList>
<Loc EndOffset="8557" SrcFileId="6" StartOffset="8394"/>
</LocList>
<RootTerm CovItemId="C14" CovItemPrefix="my.PSM.PSM_Logic.appController.java" Intrnl_Id="361">
<BasicBoolTerm Intrnl_Id="362">
<LocList>
<Loc EndOffset="8418" SrcFileId="6" StartOffset="8397"/>
</LocList>
</BasicBoolTerm>
</RootTerm>
</CondStmnt>
<CondStmnt CovItemId="S116" CovItemPrefix="my.PSM.PSM_Logic.appController.java" Intrnl_Id="363">
<Branch CovItemId="B15" CovItemPrefix="my.PSM.PSM_Logic.appController.java" Implct="false" Intrnl_Id="364">
<Cond/>
<LocList>
<Loc EndOffset="8983" SrcFileId="6" StartOffset="8614"/>
</LocList>
<StmntSeq Intrnl_Id="365">
<LocList>
<Loc EndOffset="8662" SrcFileId="6" StartOffset="8633"/>
<Loc EndOffset="8690" SrcFileId="6" StartOffset="8680"/>
<Loc EndOffset="8869" SrcFileId="6" StartOffset="8708"/>
<Loc EndOffset="8908" SrcFileId="6" StartOffset="8887"/>
<Loc EndOffset="8950" SrcFileId="6" StartOffset="8926"/>
</LocList>
<BasicStmnt CovItemId="S117" CovItemPrefix="my.PSM.PSM_Logic.appController.java" Intrnl_Id="366">
<LocList>
<Loc EndOffset="8662" SrcFileId="6" StartOffset="8633"/>
</LocList>
</BasicStmnt>
<BasicStmnt CovItemId="S118" CovItemPrefix="my.PSM.PSM_Logic.appController.java" Intrnl_Id="367">
<LocList>
<Loc EndOffset="8690" SrcFileId="6" StartOffset="8680"/>
</LocList>
</BasicStmnt>
<LoopStmnt CovItemId="S119" CovItemPrefix="my.PSM.PSM_Logic.appController.java" Intrnl_Id="368" MltplExecId="L8-2" MltplExecPrefix="my.PSM.PSM_Logic.appController.java" NvrExecId="L8-0" NvrExecPrefix="my.PSM.PSM_Logic.appController.java" OnceExecutedId="L8-1" OnceExecutedPrefix="my.PSM.PSM_Logic.appController.java" OptBodyExec="true">
<StmntSeq Intrnl_Id="369">
<LocList>
<Loc EndOffset="8803" SrcFileId="6" StartOffset="8769"/>
<Loc EndOffset="8850" SrcFileId="6" StartOffset="8825"/>
</LocList>
<BasicStmnt CovItemId="S120" CovItemPrefix="my.PSM.PSM_Logic.appController.java" Intrnl_Id="370">
<LocList>
<Loc EndOffset="8803" SrcFileId="6" StartOffset="8769"/>
</LocList>
</BasicStmnt>
<BasicStmnt CovItemId="S121" CovItemPrefix="my.PSM.PSM_Logic.appController.java" Intrnl_Id="371">
<LocList>
<Loc EndOffset="8850" SrcFileId="6" StartOffset="8825"/>
</LocList>
</BasicStmnt>
</StmntSeq>
<Keyword EndOffset="8713" SrcFileId="6" StartOffset="8708"/>
<LocList>
<Loc EndOffset="8869" SrcFileId="6" StartOffset="8708"/>
</LocList>
<RootTerm CovItemId="C16" CovItemPrefix="my.PSM.PSM_Logic.appController.java" Intrnl_Id="372">
<OpTerm BooleanOpId="13" Intrnl_Id="373">
<BasicBoolTerm Intrnl_Id="374">
<LocList>
<Loc EndOffset="8727" SrcFileId="6" StartOffset="8715"/>
</LocList>
</BasicBoolTerm>
<LocList>
<Loc EndOffset="8715" SrcFileId="6" StartOffset="8714"/>
</LocList>
</OpTerm>
</RootTerm>
</LoopStmnt>
<BasicStmnt CovItemId="S122" CovItemPrefix="my.PSM.PSM_Logic.appController.java" Intrnl_Id="375">
<LocList>
<Loc EndOffset="8908" SrcFileId="6" StartOffset="8887"/>
</LocList>
</BasicStmnt>
<BasicStmnt CovItemId="S123" CovItemPrefix="my.PSM.PSM_Logic.appController.java" Intrnl_Id="376">
<LocList>
<Loc EndOffset="8950" SrcFileId="6" StartOffset="8926"/>
</LocList>
</BasicStmnt>
</StmntSeq>
</Branch>
<Branch CovItemId="B16" CovItemPrefix="my.PSM.PSM_Logic.appController.java" Implct="true" Intrnl_Id="377">
<Cond/>
<LocList/>
<StmntSeq Intrnl_Id="378">
<LocList/>
</StmntSeq>
</Branch>
<Keyword EndOffset="8603" SrcFileId="6" StartOffset="8601"/>
<LocList>
<Loc EndOffset="8983" SrcFileId="6" StartOffset="8601"/>
</LocList>
<RootTerm CovItemId="C15" CovItemPrefix="my.PSM.PSM_Logic.appController.java" Intrnl_Id="379">
<OpTerm BooleanOpId="13" Intrnl_Id="380">
<BasicBoolTerm Intrnl_Id="381">
<LocList>
<Loc EndOffset="8613" SrcFileId="6" StartOffset="8605"/>
</LocList>
</BasicBoolTerm>
<LocList>
<Loc EndOffset="8605" SrcFileId="6" StartOffset="8604"/>
</LocList>
</OpTerm>
</RootTerm>
</CondStmnt>
<CondStmnt CovItemId="S124" CovItemPrefix="my.PSM.PSM_Logic.appController.java" Intrnl_Id="382">
<Branch CovItemId="B17" CovItemPrefix="my.PSM.PSM_Logic.appController.java" Implct="false" Intrnl_Id="383">
<Cond/>
<LocList>
<Loc EndOffset="9261" SrcFileId="6" StartOffset="9013"/>
</LocList>
<StmntSeq Intrnl_Id="384">
<LocList>
<Loc EndOffset="9067" SrcFileId="6" StartOffset="9049"/>
<Loc EndOffset="9221" SrcFileId="6" StartOffset="9085"/>
<Loc EndOffset="9246" SrcFileId="6" StartOffset="9239"/>
</LocList>
<BasicStmnt CovItemId="S125" CovItemPrefix="my.PSM.PSM_Logic.appController.java" Intrnl_Id="385">
<LocList>
<Loc EndOffset="9067" SrcFileId="6" StartOffset="9049"/>
</LocList>
</BasicStmnt>
<LoopStmnt CovItemId="S126" CovItemPrefix="my.PSM.PSM_Logic.appController.java" Intrnl_Id="386" MltplExecId="L9-2" MltplExecPrefix="my.PSM.PSM_Logic.appController.java" NvrExecId="L9-0" NvrExecPrefix="my.PSM.PSM_Logic.appController.java" OnceExecutedId="L9-1" OnceExecutedPrefix="my.PSM.PSM_Logic.appController.java" OptBodyExec="true">
<StmntSeq Intrnl_Id="387">
<LocList>
<Loc EndOffset="9180" SrcFileId="6" StartOffset="9146"/>
</LocList>
<BasicStmnt CovItemId="S127" CovItemPrefix="my.PSM.PSM_Logic.appController.java" Intrnl_Id="388">
<LocList>
<Loc EndOffset="9180" SrcFileId="6" StartOffset="9146"/>
</LocList>
</BasicStmnt>
</StmntSeq>
<Keyword EndOffset="9090" SrcFileId="6" StartOffset="9085"/>
<LocList>
<Loc EndOffset="9221" SrcFileId="6" StartOffset="9085"/>
</LocList>
<RootTerm CovItemId="C18" CovItemPrefix="my.PSM.PSM_Logic.appController.java" Intrnl_Id="389">
<OpTerm BooleanOpId="13" Intrnl_Id="390">
<BasicBoolTerm Intrnl_Id="391">
<LocList>
<Loc EndOffset="9104" SrcFileId="6" StartOffset="9092"/>
</LocList>
</BasicBoolTerm>
<LocList>
<Loc EndOffset="9092" SrcFileId="6" StartOffset="9091"/>
</LocList>
</OpTerm>
</RootTerm>
</LoopStmnt>
<BasicStmnt CovItemId="S128" CovItemPrefix="my.PSM.PSM_Logic.appController.java" Intrnl_Id="392">
<LocList>
<Loc EndOffset="9246" SrcFileId="6" StartOffset="9239"/>
</LocList>
</BasicStmnt>
</StmntSeq>
</Branch>
<Branch CovItemId="B18" CovItemPrefix="my.PSM.PSM_Logic.appController.java" Implct="true" Intrnl_Id="393">
<Cond/>
<LocList/>
<StmntSeq Intrnl_Id="394">
<LocList/>
</StmntSeq>
</Branch>
<Keyword EndOffset="8999" SrcFileId="6" StartOffset="8997"/>
<LocList>
<Loc EndOffset="9261" SrcFileId="6" StartOffset="8997"/>
</LocList>
<RootTerm CovItemId="C17" CovItemPrefix="my.PSM.PSM_Logic.appController.java" Intrnl_Id="395">
<BasicBoolTerm Intrnl_Id="396">
<LocList>
<Loc EndOffset="9012" SrcFileId="6" StartOffset="9000"/>
</LocList>
</BasicBoolTerm>
</RootTerm>
</CondStmnt>
</StmntSeq>
<Keyword EndOffset="7867" SrcFileId="6" StartOffset="7862"/>
<LocList>
<Loc EndOffset="9271" SrcFileId="6" StartOffset="7862"/>
</LocList>
<RootTerm CovItemId="C12" CovItemPrefix="my.PSM.PSM_Logic.appController.java" Intrnl_Id="397">
<OpTerm BooleanOpId="13" Intrnl_Id="398">
<BasicBoolTerm Intrnl_Id="399">
<LocList>
<Loc EndOffset="7877" SrcFileId="6" StartOffset="7869"/>
</LocList>
</BasicBoolTerm>
<LocList>
<Loc EndOffset="7869" SrcFileId="6" StartOffset="7868"/>
</LocList>
</OpTerm>
</RootTerm>
</LoopStmnt>
</StmntSeq>
</HierarchyLvl>
<HierarchyLvl HierarchyLvlId="778" HierarchyLvlTypeId="17" Intrnl_Id="400" Name="checkClear">
<Header>
<Loc EndOffset="9316" SrcFileId="6" StartOffset="9282"/>
</Header>
<LocList>
<Loc EndOffset="9985" SrcFileId="6" StartOffset="9282"/>
</LocList>
<StmntSeq Intrnl_Id="401">
<LocList>
<Loc EndOffset="9385" SrcFileId="6" StartOffset="9331"/>
<Loc EndOffset="9436" SrcFileId="6" StartOffset="9394"/>
<Loc EndOffset="9483" SrcFileId="6" StartOffset="9445"/>
<Loc EndOffset="9941" SrcFileId="6" StartOffset="9501"/>
<Loc EndOffset="9962" SrcFileId="6" StartOffset="9950"/>
</LocList>
<BasicStmnt CovItemId="S129" CovItemPrefix="my.PSM.PSM_Logic.appController.java" Intrnl_Id="402">
<LocList>
<Loc EndOffset="9385" SrcFileId="6" StartOffset="9331"/>
</LocList>
</BasicStmnt>
<BasicStmnt CovItemId="S130" CovItemPrefix="my.PSM.PSM_Logic.appController.java" Intrnl_Id="403">
<LocList>
<Loc EndOffset="9436" SrcFileId="6" StartOffset="9394"/>
</LocList>
</BasicStmnt>
<BasicStmnt CovItemId="S131" CovItemPrefix="my.PSM.PSM_Logic.appController.java" Intrnl_Id="404">
<LocList>
<Loc EndOffset="9483" SrcFileId="6" StartOffset="9445"/>
</LocList>
</BasicStmnt>
<LoopStmnt CovItemId="S132" CovItemPrefix="my.PSM.PSM_Logic.appController.java" Intrnl_Id="405" MltplExecId="L10-2" MltplExecPrefix="my.PSM.PSM_Logic.appController.java" NvrExecId="L10-0" NvrExecPrefix="my.PSM.PSM_Logic.appController.java" OnceExecutedId="L10-1" OnceExecutedPrefix="my.PSM.PSM_Logic.appController.java" OptBodyExec="true">
<StmntSeq Intrnl_Id="406">
<LocList>
<Loc EndOffset="9592" SrcFileId="6" StartOffset="9564"/>
<Loc EndOffset="9842" SrcFileId="6" StartOffset="9788"/>
<Loc EndOffset="9914" SrcFileId="6" StartOffset="9855"/>
</LocList>
<BasicStmnt CovItemId="S133" CovItemPrefix="my.PSM.PSM_Logic.appController.java" Intrnl_Id="407">
<LocList>
<Loc EndOffset="9592" SrcFileId="6" StartOffset="9564"/>
</LocList>
</BasicStmnt>
<BasicStmnt CovItemId="S134" CovItemPrefix="my.PSM.PSM_Logic.appController.java" Intrnl_Id="408">
<LocList>
<Loc EndOffset="9842" SrcFileId="6" StartOffset="9788"/>
</LocList>
</BasicStmnt>
<CondStmnt CovItemId="S135" CovItemPrefix="my.PSM.PSM_Logic.appController.java" Intrnl_Id="409">
<Branch CovItemId="B19" CovItemPrefix="my.PSM.PSM_Logic.appController.java" Implct="false" Intrnl_Id="410">
<Cond/>
<LocList>
<Loc EndOffset="9914" SrcFileId="6" StartOffset="9901"/>
</LocList>
<StmntSeq Intrnl_Id="411">
<LocList>
<Loc EndOffset="9914" SrcFileId="6" StartOffset="9901"/>
</LocList>
<BasicStmnt CovItemId="S136" CovItemPrefix="my.PSM.PSM_Logic.appController.java" Intrnl_Id="412">
<LocList>
<Loc EndOffset="9914" SrcFileId="6" StartOffset="9901"/>
</LocList>
</BasicStmnt>
</StmntSeq>
</Branch>
<Branch CovItemId="B20" CovItemPrefix="my.PSM.PSM_Logic.appController.java" Implct="true" Intrnl_Id="413">
<Cond/>
<LocList/>
<StmntSeq Intrnl_Id="414">
<LocList/>
</StmntSeq>
</Branch>
<Keyword EndOffset="9857" SrcFileId="6" StartOffset="9855"/>
<LocList>
<Loc EndOffset="9914" SrcFileId="6" StartOffset="9855"/>
</LocList>
<RootTerm CovItemId="C20" CovItemPrefix="my.PSM.PSM_Logic.appController.java" Intrnl_Id="415">
<BasicBoolTerm Intrnl_Id="416">
<LocList>
<Loc EndOffset="9884" SrcFileId="6" StartOffset="9858"/>
</LocList>
</BasicBoolTerm>
</RootTerm>
</CondStmnt>
</StmntSeq>
<Keyword EndOffset="9504" SrcFileId="6" StartOffset="9501"/>
<LocList>
<Loc EndOffset="9941" SrcFileId="6" StartOffset="9501"/>
</LocList>
<RootTerm CovItemId="C19" CovItemPrefix="my.PSM.PSM_Logic.appController.java" Intrnl_Id="417">
<BasicBoolTerm Intrnl_Id="418">
<LocList>
<Loc EndOffset="9535" SrcFileId="6" StartOffset="9516"/>
</LocList>
</BasicBoolTerm>
</RootTerm>
</LoopStmnt>
<BasicStmnt CovItemId="S137" CovItemPrefix="my.PSM.PSM_Logic.appController.java" Intrnl_Id="419">
<LocList>
<Loc EndOffset="9962" SrcFileId="6" StartOffset="9950"/>
</LocList>
</BasicStmnt>
</StmntSeq>
</HierarchyLvl>
<HierarchyLvl HierarchyLvlId="779" HierarchyLvlTypeId="17" Intrnl_Id="420" Name="checkTimes">
<Header>
<Loc EndOffset="10034" SrcFileId="6" StartOffset="10003"/>
</Header>
<LocList>
<Loc EndOffset="12089" SrcFileId="6" StartOffset="10003"/>
</LocList>
<StmntSeq Intrnl_Id="421">
<LocList>
<Loc EndOffset="10105" SrcFileId="6" StartOffset="10049"/>
<Loc EndOffset="10164" SrcFileId="6" StartOffset="10123"/>
<Loc EndOffset="10219" SrcFileId="6" StartOffset="10173"/>
<Loc EndOffset="10278" SrcFileId="6" StartOffset="10228"/>
<Loc EndOffset="12072" SrcFileId="6" StartOffset="10422"/>
</LocList>
<BasicStmnt CovItemId="S138" CovItemPrefix="my.PSM.PSM_Logic.appController.java" Intrnl_Id="422">
<LocList>
<Loc EndOffset="10105" SrcFileId="6" StartOffset="10049"/>
</LocList>
</BasicStmnt>
<BasicStmnt CovItemId="S139" CovItemPrefix="my.PSM.PSM_Logic.appController.java" Intrnl_Id="423">
<LocList>
<Loc EndOffset="10164" SrcFileId="6" StartOffset="10123"/>
</LocList>
</BasicStmnt>
<BasicStmnt CovItemId="S140" CovItemPrefix="my.PSM.PSM_Logic.appController.java" Intrnl_Id="424">
<LocList>
<Loc EndOffset="10219" SrcFileId="6" StartOffset="10173"/>
</LocList>
</BasicStmnt>
<BasicStmnt CovItemId="S141" CovItemPrefix="my.PSM.PSM_Logic.appController.java" Intrnl_Id="425">
<LocList>
<Loc EndOffset="10278" SrcFileId="6" StartOffset="10228"/>
</LocList>
</BasicStmnt>
<LoopStmnt CovItemId="S142" CovItemPrefix="my.PSM.PSM_Logic.appController.java" Intrnl_Id="426" MltplExecId="L11-2" MltplExecPrefix="my.PSM.PSM_Logic.appController.java" NvrExecId="L11-0" NvrExecPrefix="my.PSM.PSM_Logic.appController.java" OnceExecutedId="L11-1" OnceExecutedPrefix="my.PSM.PSM_Logic.appController.java" OptBodyExec="true">
<StmntSeq Intrnl_Id="427">
<LocList>
<Loc EndOffset="10509" SrcFileId="6" StartOffset="10487"/>
<Loc EndOffset="10560" SrcFileId="6" StartOffset="10522"/>
<Loc EndOffset="10608" SrcFileId="6" StartOffset="10573"/>
<Loc EndOffset="11660" SrcFileId="6" StartOffset="10634"/>
<Loc EndOffset="12062" SrcFileId="6" StartOffset="11699"/>
</LocList>
<BasicStmnt CovItemId="S143" CovItemPrefix="my.PSM.PSM_Logic.appController.java" Intrnl_Id="428">
<LocList>
<Loc EndOffset="10509" SrcFileId="6" StartOffset="10487"/>
</LocList>
</BasicStmnt>
<BasicStmnt CovItemId="S144" CovItemPrefix="my.PSM.PSM_Logic.appController.java" Intrnl_Id="429">
<LocList>
<Loc EndOffset="10560" SrcFileId="6" StartOffset="10522"/>
</LocList>
</BasicStmnt>
<BasicStmnt CovItemId="S145" CovItemPrefix="my.PSM.PSM_Logic.appController.java" Intrnl_Id="430">
<LocList>
<Loc EndOffset="10608" SrcFileId="6" StartOffset="10573"/>
</LocList>
</BasicStmnt>
<CondStmnt CovItemId="S146" CovItemPrefix="my.PSM.PSM_Logic.appController.java" Intrnl_Id="431">
<Branch CovItemId="B21" CovItemPrefix="my.PSM.PSM_Logic.appController.java" Implct="false" Intrnl_Id="432">
<Cond/>
<LocList>
<Loc EndOffset="10785" SrcFileId="6" StartOffset="10698"/>
</LocList>
<StmntSeq Intrnl_Id="433">
<LocList>
<Loc EndOffset="10739" SrcFileId="6" StartOffset="10716"/>
<Loc EndOffset="10771" SrcFileId="6" StartOffset="10756"/>
</LocList>
<BasicStmnt CovItemId="S147" CovItemPrefix="my.PSM.PSM_Logic.appController.java" Intrnl_Id="434">
<LocList>
<Loc EndOffset="10739" SrcFileId="6" StartOffset="10716"/>
</LocList>
</BasicStmnt>
<BasicStmnt CovItemId="S148" CovItemPrefix="my.PSM.PSM_Logic.appController.java" Intrnl_Id="435">
<LocList>
<Loc EndOffset="10771" SrcFileId="6" StartOffset="10756"/>
</LocList>
</BasicStmnt>
</StmntSeq>
</Branch>
<Branch CovItemId="B22" CovItemPrefix="my.PSM.PSM_Logic.appController.java" Implct="false" Intrnl_Id="436">
<Cond>
<Loc EndOffset="10802" SrcFileId="6" StartOffset="10798"/>
</Cond>
<LocList>
<Loc EndOffset="11660" SrcFileId="6" StartOffset="10803"/>
</LocList>
<StmntSeq Intrnl_Id="437">
<LocList>
<Loc EndOffset="11660" SrcFileId="6" StartOffset="10803"/>
</LocList>
<CondStmnt CovItemId="S149" CovItemPrefix="my.PSM.PSM_Logic.appController.java" Intrnl_Id="438">
<Branch CovItemId="B23" CovItemPrefix="my.PSM.PSM_Logic.appController.java" Implct="false" Intrnl_Id="439">
<Cond/>
<LocList>
<Loc EndOffset="10954" SrcFileId="6" StartOffset="10867"/>
</LocList>
<StmntSeq Intrnl_Id="440">
<LocList>
<Loc EndOffset="10908" SrcFileId="6" StartOffset="10885"/>
<Loc EndOffset="10940" SrcFileId="6" StartOffset="10925"/>
</LocList>
<BasicStmnt CovItemId="S150" CovItemPrefix="my.PSM.PSM_Logic.appController.java" Intrnl_Id="441">
<LocList>
<Loc EndOffset="10908" SrcFileId="6" StartOffset="10885"/>
</LocList>
</BasicStmnt>
<BasicStmnt CovItemId="S151" CovItemPrefix="my.PSM.PSM_Logic.appController.java" Intrnl_Id="442">
<LocList>
<Loc EndOffset="10940" SrcFileId="6" StartOffset="10925"/>
</LocList>
</BasicStmnt>
</StmntSeq>
</Branch>
<Branch CovItemId="B24" CovItemPrefix="my.PSM.PSM_Logic.appController.java" Implct="false" Intrnl_Id="443">
<Cond>
<Loc EndOffset="10971" SrcFileId="6" StartOffset="10967"/>
</Cond>
<LocList>
<Loc EndOffset="11660" SrcFileId="6" StartOffset="10972"/>
</LocList>
<StmntSeq Intrnl_Id="444">
<LocList>
<Loc EndOffset="11660" SrcFileId="6" StartOffset="10972"/>
</LocList>
<CondStmnt CovItemId="S152" CovItemPrefix="my.PSM.PSM_Logic.appController.java" Intrnl_Id="445">
<Branch CovItemId="B25" CovItemPrefix="my.PSM.PSM_Logic.appController.java" Implct="false" Intrnl_Id="446">
<Cond/>
<LocList>
<Loc EndOffset="11123" SrcFileId="6" StartOffset="11036"/>
</LocList>
<StmntSeq Intrnl_Id="447">
<LocList>
<Loc EndOffset="11077" SrcFileId="6" StartOffset="11054"/>
<Loc EndOffset="11109" SrcFileId="6" StartOffset="11094"/>
</LocList>
<BasicStmnt CovItemId="S153" CovItemPrefix="my.PSM.PSM_Logic.appController.java" Intrnl_Id="448">
<LocList>
<Loc EndOffset="11077" SrcFileId="6" StartOffset="11054"/>
</LocList>
</BasicStmnt>
<BasicStmnt CovItemId="S154" CovItemPrefix="my.PSM.PSM_Logic.appController.java" Intrnl_Id="449">
<LocList>
<Loc EndOffset="11109" SrcFileId="6" StartOffset="11094"/>
</LocList>
</BasicStmnt>
</StmntSeq>
</Branch>
<Branch CovItemId="B26" CovItemPrefix="my.PSM.PSM_Logic.appController.java" Implct="false" Intrnl_Id="450">
<Cond>
<Loc EndOffset="11140" SrcFileId="6" StartOffset="11136"/>
</Cond>
<LocList>
<Loc EndOffset="11660" SrcFileId="6" StartOffset="11141"/>
</LocList>
<StmntSeq Intrnl_Id="451">
<LocList>
<Loc EndOffset="11660" SrcFileId="6" StartOffset="11141"/>
</LocList>
<CondStmnt CovItemId="S155" CovItemPrefix="my.PSM.PSM_Logic.appController.java" Intrnl_Id="452">
<Branch CovItemId="B27" CovItemPrefix="my.PSM.PSM_Logic.appController.java" Implct="false" Intrnl_Id="453">
<Cond/>
<LocList>
<Loc EndOffset="11292" SrcFileId="6" StartOffset="11205"/>
</LocList>
<StmntSeq Intrnl_Id="454">
<LocList>
<Loc EndOffset="11246" SrcFileId="6" StartOffset="11223"/>
<Loc EndOffset="11278" SrcFileId="6" StartOffset="11263"/>
</LocList>
<BasicStmnt CovItemId="S156" CovItemPrefix="my.PSM.PSM_Logic.appController.java" Intrnl_Id="455">
<LocList>
<Loc EndOffset="11246" SrcFileId="6" StartOffset="11223"/>
</LocList>
</BasicStmnt>
<BasicStmnt CovItemId="S157" CovItemPrefix="my.PSM.PSM_Logic.appController.java" Intrnl_Id="456">
<LocList>
<Loc EndOffset="11278" SrcFileId="6" StartOffset="11263"/>
</LocList>
</BasicStmnt>
</StmntSeq>
</Branch>
<Branch CovItemId="B28" CovItemPrefix="my.PSM.PSM_Logic.appController.java" Implct="false" Intrnl_Id="457">
<Cond>
<Loc EndOffset="11309" SrcFileId="6" StartOffset="11305"/>
</Cond>
<LocList>
<Loc EndOffset="11660" SrcFileId="6" StartOffset="11310"/>
</LocList>
<StmntSeq Intrnl_Id="458">
<LocList>
<Loc EndOffset="11660" SrcFileId="6" StartOffset="11310"/>
</LocList>
<CondStmnt CovItemId="S158" CovItemPrefix="my.PSM.PSM_Logic.appController.java" Intrnl_Id="459">
<Branch CovItemId="B29" CovItemPrefix="my.PSM.PSM_Logic.appController.java" Implct="false" Intrnl_Id="460">
<Cond/>
<LocList>
<Loc EndOffset="11461" SrcFileId="6" StartOffset="11374"/>
</LocList>
<StmntSeq Intrnl_Id="461">
<LocList>
<Loc EndOffset="11415" SrcFileId="6" StartOffset="11392"/>
<Loc EndOffset="11447" SrcFileId="6" StartOffset="11432"/>
</LocList>
<BasicStmnt CovItemId="S159" CovItemPrefix="my.PSM.PSM_Logic.appController.java" Intrnl_Id="462">
<LocList>
<Loc EndOffset="11415" SrcFileId="6" StartOffset="11392"/>
</LocList>
</BasicStmnt>
<BasicStmnt CovItemId="S160" CovItemPrefix="my.PSM.PSM_Logic.appController.java" Intrnl_Id="463">
<LocList>
<Loc EndOffset="11447" SrcFileId="6" StartOffset="11432"/>
</LocList>
</BasicStmnt>
</StmntSeq>
</Branch>
<Branch CovItemId="B30" CovItemPrefix="my.PSM.PSM_Logic.appController.java" Implct="false" Intrnl_Id="464">
<Cond>
<Loc EndOffset="11491" SrcFileId="6" StartOffset="11487"/>
</Cond>
<LocList>
<Loc EndOffset="11660" SrcFileId="6" StartOffset="11492"/>
</LocList>
<StmntSeq Intrnl_Id="465">
<LocList>
<Loc EndOffset="11660" SrcFileId="6" StartOffset="11492"/>
</LocList>
<CondStmnt CovItemId="S161" CovItemPrefix="my.PSM.PSM_Logic.appController.java" Intrnl_Id="466">
<Branch CovItemId="B31" CovItemPrefix="my.PSM.PSM_Logic.appController.java" Implct="false" Intrnl_Id="467">
<Cond/>
<LocList>
<Loc EndOffset="11660" SrcFileId="6" StartOffset="11556"/>
</LocList>
<StmntSeq Intrnl_Id="468">
<LocList>
<Loc EndOffset="11614" SrcFileId="6" StartOffset="11591"/>
<Loc EndOffset="11646" SrcFileId="6" StartOffset="11631"/>
</LocList>
<BasicStmnt CovItemId="S162" CovItemPrefix="my.PSM.PSM_Logic.appController.java" Intrnl_Id="469">
<LocList>
<Loc EndOffset="11614" SrcFileId="6" StartOffset="11591"/>
</LocList>
</BasicStmnt>
<BasicStmnt CovItemId="S163" CovItemPrefix="my.PSM.PSM_Logic.appController.java" Intrnl_Id="470">
<LocList>
<Loc EndOffset="11646" SrcFileId="6" StartOffset="11631"/>
</LocList>
</BasicStmnt>
</StmntSeq>
</Branch>
<Branch CovItemId="B32" CovItemPrefix="my.PSM.PSM_Logic.appController.java" Implct="true" Intrnl_Id="471">
<Cond/>
<LocList/>
<StmntSeq Intrnl_Id="472">
<LocList/>
</StmntSeq>
</Branch>
<Keyword EndOffset="11494" SrcFileId="6" StartOffset="11492"/>
<LocList>
<Loc EndOffset="11660" SrcFileId="6" StartOffset="11492"/>
</LocList>
<RootTerm CovItemId="C27" CovItemPrefix="my.PSM.PSM_Logic.appController.java" Intrnl_Id="473">
<OpTerm BooleanOpId="14" Intrnl_Id="474">
<BasicBoolTerm Intrnl_Id="475">
<LocList>
<Loc EndOffset="11510" SrcFileId="6" StartOffset="11495"/>
</LocList>
</BasicBoolTerm>
<BasicBoolTerm Intrnl_Id="476">
<LocList>
<Loc EndOffset="11542" SrcFileId="6" StartOffset="11514"/>
</LocList>
</BasicBoolTerm>
<LocList>
<Loc EndOffset="11513" SrcFileId="6" StartOffset="11511"/>
</LocList>
</OpTerm>
</RootTerm>
</CondStmnt>
</StmntSeq>
</Branch>
<Keyword EndOffset="11312" SrcFileId="6" StartOffset="11310"/>
<LocList>
<Loc EndOffset="11660" SrcFileId="6" StartOffset="11310"/>
</LocList>
<RootTerm CovItemId="C26" CovItemPrefix="my.PSM.PSM_Logic.appController.java" Intrnl_Id="477">
<OpTerm BooleanOpId="14" Intrnl_Id="478">
<BasicBoolTerm Intrnl_Id="479">
<LocList>
<Loc EndOffset="11328" SrcFileId="6" StartOffset="11313"/>
</LocList>
</BasicBoolTerm>
<BasicBoolTerm Intrnl_Id="480">
<LocList>
<Loc EndOffset="11360" SrcFileId="6" StartOffset="11332"/>
</LocList>
</BasicBoolTerm>
<LocList>
<Loc EndOffset="11331" SrcFileId="6" StartOffset="11329"/>
</LocList>
</OpTerm>
</RootTerm>
</CondStmnt>
</StmntSeq>
</Branch>
<Keyword EndOffset="11143" SrcFileId="6" StartOffset="11141"/>
<LocList>
<Loc EndOffset="11660" SrcFileId="6" StartOffset="11141"/>
</LocList>
<RootTerm CovItemId="C25" CovItemPrefix="my.PSM.PSM_Logic.appController.java" Intrnl_Id="481">
<OpTerm BooleanOpId="14" Intrnl_Id="482">
<BasicBoolTerm Intrnl_Id="483">
<LocList>
<Loc EndOffset="11159" SrcFileId="6" StartOffset="11144"/>
</LocList>
</BasicBoolTerm>
<BasicBoolTerm Intrnl_Id="484">
<LocList>
<Loc EndOffset="11191" SrcFileId="6" StartOffset="11163"/>
</LocList>
</BasicBoolTerm>
<LocList>
<Loc EndOffset="11162" SrcFileId="6" StartOffset="11160"/>
</LocList>
</OpTerm>
</RootTerm>
</CondStmnt>
</StmntSeq>
</Branch>
<Keyword EndOffset="10974" SrcFileId="6" StartOffset="10972"/>
<LocList>
<Loc EndOffset="11660" SrcFileId="6" StartOffset="10972"/>
</LocList>
<RootTerm CovItemId="C24" CovItemPrefix="my.PSM.PSM_Logic.appController.java" Intrnl_Id="485">
<OpTerm BooleanOpId="14" Intrnl_Id="486">
<BasicBoolTerm Intrnl_Id="487">
<LocList>
<Loc EndOffset="10990" SrcFileId="6" StartOffset="10975"/>
</LocList>
</BasicBoolTerm>
<BasicBoolTerm Intrnl_Id="488">
<LocList>
<Loc EndOffset="11022" SrcFileId="6" StartOffset="10994"/>
</LocList>
</BasicBoolTerm>
<LocList>
<Loc EndOffset="10993" SrcFileId="6" StartOffset="10991"/>
</LocList>
</OpTerm>
</RootTerm>
</CondStmnt>
</StmntSeq>
</Branch>
<Keyword EndOffset="10805" SrcFileId="6" StartOffset="10803"/>
<LocList>
<Loc EndOffset="11660" SrcFileId="6" StartOffset="10803"/>
</LocList>
<RootTerm CovItemId="C23" CovItemPrefix="my.PSM.PSM_Logic.appController.java" Intrnl_Id="489">
<OpTerm BooleanOpId="14" Intrnl_Id="490">
<BasicBoolTerm Intrnl_Id="491">
<LocList>
<Loc EndOffset="10821" SrcFileId="6" StartOffset="10806"/>
</LocList>
</BasicBoolTerm>
<BasicBoolTerm Intrnl_Id="492">
<LocList>
<Loc EndOffset="10853" SrcFileId="6" StartOffset="10825"/>
</LocList>
</BasicBoolTerm>
<LocList>
<Loc EndOffset="10824" SrcFileId="6" StartOffset="10822"/>
</LocList>
</OpTerm>
</RootTerm>
</CondStmnt>
</StmntSeq>
</Branch>
<Keyword EndOffset="10636" SrcFileId="6" StartOffset="10634"/>
<LocList>
<Loc EndOffset="11660" SrcFileId="6" StartOffset="10634"/>
</LocList>
<RootTerm CovItemId="C22" CovItemPrefix="my.PSM.PSM_Logic.appController.java" Intrnl_Id="493">
<OpTerm BooleanOpId="14" Intrnl_Id="494">
<BasicBoolTerm Intrnl_Id="495">
<LocList>
<Loc EndOffset="10652" SrcFileId="6" StartOffset="10637"/>
</LocList>
</BasicBoolTerm>
<BasicBoolTerm Intrnl_Id="496">
<LocList>
<Loc EndOffset="10684" SrcFileId="6" StartOffset="10656"/>
</LocList>
</BasicBoolTerm>
<LocList>
<Loc EndOffset="10655" SrcFileId="6" StartOffset="10653"/>
</LocList>
</OpTerm>
</RootTerm>
</CondStmnt>
<CondStmnt CovItemId="S164" CovItemPrefix="my.PSM.PSM_Logic.appController.java" Intrnl_Id="497">
<Branch CovItemId="B33" CovItemPrefix="my.PSM.PSM_Logic.appController.java" Implct="false" Intrnl_Id="498">
<Cond/>
<LocList>
<Loc EndOffset="12062" SrcFileId="6" StartOffset="11710"/>
</LocList>
<StmntSeq Intrnl_Id="499">
<LocList>
<Loc EndOffset="11761" SrcFileId="6" StartOffset="11728"/>
<Loc EndOffset="11816" SrcFileId="6" StartOffset="11778"/>
<Loc EndOffset="11870" SrcFileId="6" StartOffset="11833"/>
<Loc EndOffset="11943" SrcFileId="6" StartOffset="11901"/>
<Loc EndOffset="11991" SrcFileId="6" StartOffset="11960"/>
<Loc EndOffset="12048" SrcFileId="6" StartOffset="12008"/>
</LocList>
<BasicStmnt CovItemId="S165" CovItemPrefix="my.PSM.PSM_Logic.appController.java" Intrnl_Id="500">
<LocList>
<Loc EndOffset="11761" SrcFileId="6" StartOffset="11728"/>
</LocList>
</BasicStmnt>
<BasicStmnt CovItemId="S166" CovItemPrefix="my.PSM.PSM_Logic.appController.java" Intrnl_Id="501">
<LocList>
<Loc EndOffset="11816" SrcFileId="6" StartOffset="11778"/>
</LocList>
</BasicStmnt>
<BasicStmnt CovItemId="S167" CovItemPrefix="my.PSM.PSM_Logic.appController.java" Intrnl_Id="502">
<LocList>
<Loc EndOffset="11870" SrcFileId="6" StartOffset="11833"/>
</LocList>
</BasicStmnt>
<BasicStmnt CovItemId="S168" CovItemPrefix="my.PSM.PSM_Logic.appController.java" Intrnl_Id="503">
<LocList>
<Loc EndOffset="11943" SrcFileId="6" StartOffset="11901"/>
</LocList>
</BasicStmnt>
<BasicStmnt CovItemId="S169" CovItemPrefix="my.PSM.PSM_Logic.appController.java" Intrnl_Id="504">
<LocList>
<Loc EndOffset="11991" SrcFileId="6" StartOffset="11960"/>
</LocList>
</BasicStmnt>
<BasicStmnt CovItemId="S170" CovItemPrefix="my.PSM.PSM_Logic.appController.java" Intrnl_Id="505">
<LocList>
<Loc EndOffset="12048" SrcFileId="6" StartOffset="12008"/>
</LocList>
</BasicStmnt>
</StmntSeq>
</Branch>
<Branch CovItemId="B34" CovItemPrefix="my.PSM.PSM_Logic.appController.java" Implct="true" Intrnl_Id="506">
<Cond/>
<LocList/>
<StmntSeq Intrnl_Id="507">
<LocList/>
</StmntSeq>
</Branch>
<Keyword EndOffset="11701" SrcFileId="6" StartOffset="11699"/>
<LocList>
<Loc EndOffset="12062" SrcFileId="6" StartOffset="11699"/>
</LocList>
<RootTerm CovItemId="C28" CovItemPrefix="my.PSM.PSM_Logic.appController.java" Intrnl_Id="508">
<OpTerm BooleanOpId="13" Intrnl_Id="509">
<BasicBoolTerm Intrnl_Id="510">
<LocList>
<Loc EndOffset="11709" SrcFileId="6" StartOffset="11703"/>
</LocList>
</BasicBoolTerm>
<LocList>
<Loc EndOffset="11703" SrcFileId="6" StartOffset="11702"/>
</LocList>
</OpTerm>
</RootTerm>
</CondStmnt>
</StmntSeq>
<Keyword EndOffset="10425" SrcFileId="6" StartOffset="10422"/>
<LocList>
<Loc EndOffset="12072" SrcFileId="6" StartOffset="10422"/>
</LocList>
<RootTerm CovItemId="C21" CovItemPrefix="my.PSM.PSM_Logic.appController.java" Intrnl_Id="511">
<BasicBoolTerm Intrnl_Id="512">
<LocList>
<Loc EndOffset="10458" SrcFileId="6" StartOffset="10437"/>
</LocList>
</BasicBoolTerm>
</RootTerm>
</LoopStmnt>
</StmntSeq>
</HierarchyLvl>
<HierarchyLvl HierarchyLvlId="780" HierarchyLvlTypeId="17" Intrnl_Id="513" Name="getData">
<Header>
<Loc EndOffset="12137" SrcFileId="6" StartOffset="12099"/>
</Header>
<LocList>
<Loc EndOffset="13103" SrcFileId="6" StartOffset="12099"/>
</LocList>
<StmntSeq Intrnl_Id="514">
<LocList>
<Loc EndOffset="12196" SrcFileId="6" StartOffset="12152"/>
<Loc EndOffset="12258" SrcFileId="6" StartOffset="12205"/>
<Loc EndOffset="12318" SrcFileId="6" StartOffset="12267"/>
<Loc EndOffset="12380" SrcFileId="6" StartOffset="12327"/>
<Loc EndOffset="12438" SrcFileId="6" StartOffset="12389"/>
<Loc EndOffset="12494" SrcFileId="6" StartOffset="12447"/>
<Loc EndOffset="12546" SrcFileId="6" StartOffset="12503"/>
<Loc EndOffset="12602" SrcFileId="6" StartOffset="12555"/>
<Loc EndOffset="12654" SrcFileId="6" StartOffset="12611"/>
<Loc EndOffset="12710" SrcFileId="6" StartOffset="12663"/>
<Loc EndOffset="12762" SrcFileId="6" StartOffset="12719"/>
<Loc EndOffset="12818" SrcFileId="6" StartOffset="12771"/>
<Loc EndOffset="12870" SrcFileId="6" StartOffset="12827"/>
<Loc EndOffset="12926" SrcFileId="6" StartOffset="12879"/>
<Loc EndOffset="12978" SrcFileId="6" StartOffset="12935"/>
<Loc EndOffset="13034" SrcFileId="6" StartOffset="12987"/>
<Loc EndOffset="13086" SrcFileId="6" StartOffset="13043"/>
</LocList>
<BasicStmnt CovItemId="S171" CovItemPrefix="my.PSM.PSM_Logic.appController.java" Intrnl_Id="515">
<LocList>
<Loc EndOffset="12196" SrcFileId="6" StartOffset="12152"/>
</LocList>
</BasicStmnt>
<BasicStmnt CovItemId="S172" CovItemPrefix="my.PSM.PSM_Logic.appController.java" Intrnl_Id="516">
<LocList>
<Loc EndOffset="12258" SrcFileId="6" StartOffset="12205"/>
</LocList>
</BasicStmnt>
<BasicStmnt CovItemId="S173" CovItemPrefix="my.PSM.PSM_Logic.appController.java" Intrnl_Id="517">
<LocList>
<Loc EndOffset="12318" SrcFileId="6" StartOffset="12267"/>
</LocList>
</BasicStmnt>
<BasicStmnt CovItemId="S174" CovItemPrefix="my.PSM.PSM_Logic.appController.java" Intrnl_Id="518">
<LocList>
<Loc EndOffset="12380" SrcFileId="6" StartOffset="12327"/>
</LocList>
</BasicStmnt>
<BasicStmnt CovItemId="S175" CovItemPrefix="my.PSM.PSM_Logic.appController.java" Intrnl_Id="519">
<LocList>
<Loc EndOffset="12438" SrcFileId="6" StartOffset="12389"/>
</LocList>
</BasicStmnt>
<BasicStmnt CovItemId="S176" CovItemPrefix="my.PSM.PSM_Logic.appController.java" Intrnl_Id="520">
<LocList>
<Loc EndOffset="12494" SrcFileId="6" StartOffset="12447"/>
</LocList>
</BasicStmnt>
<BasicStmnt CovItemId="S177" CovItemPrefix="my.PSM.PSM_Logic.appController.java" Intrnl_Id="521">
<LocList>
<Loc EndOffset="12546" SrcFileId="6" StartOffset="12503"/>
</LocList>
</BasicStmnt>
<BasicStmnt CovItemId="S178" CovItemPrefix="my.PSM.PSM_Logic.appController.java" Intrnl_Id="522">
<LocList>
<Loc EndOffset="12602" SrcFileId="6" StartOffset="12555"/>
</LocList>
</BasicStmnt>
<BasicStmnt CovItemId="S179" CovItemPrefix="my.PSM.PSM_Logic.appController.java" Intrnl_Id="523">
<LocList>
<Loc EndOffset="12654" SrcFileId="6" StartOffset="12611"/>
</LocList>
</BasicStmnt>
<BasicStmnt CovItemId="S180" CovItemPrefix="my.PSM.PSM_Logic.appController.java" Intrnl_Id="524">
<LocList>
<Loc EndOffset="12710" SrcFileId="6" StartOffset="12663"/>
</LocList>
</BasicStmnt>
<BasicStmnt CovItemId="S181" CovItemPrefix="my.PSM.PSM_Logic.appController.java" Intrnl_Id="525">
<LocList>
<Loc EndOffset="12762" SrcFileId="6" StartOffset="12719"/>
</LocList>
</BasicStmnt>
<BasicStmnt CovItemId="S182" CovItemPrefix="my.PSM.PSM_Logic.appController.java" Intrnl_Id="526">
<LocList>
<Loc EndOffset="12818" SrcFileId="6" StartOffset="12771"/>
</LocList>
</BasicStmnt>
<BasicStmnt CovItemId="S183" CovItemPrefix="my.PSM.PSM_Logic.appController.java" Intrnl_Id="527">
<LocList>
<Loc EndOffset="12870" SrcFileId="6" StartOffset="12827"/>
</LocList>
</BasicStmnt>
<BasicStmnt CovItemId="S184" CovItemPrefix="my.PSM.PSM_Logic.appController.java" Intrnl_Id="528">
<LocList>
<Loc EndOffset="12926" SrcFileId="6" StartOffset="12879"/>
</LocList>
</BasicStmnt>
<BasicStmnt CovItemId="S185" CovItemPrefix="my.PSM.PSM_Logic.appController.java" Intrnl_Id="529">
<LocList>
<Loc EndOffset="12978" SrcFileId="6" StartOffset="12935"/>
</LocList>
</BasicStmnt>
<BasicStmnt CovItemId="S186" CovItemPrefix="my.PSM.PSM_Logic.appController.java" Intrnl_Id="530">
<LocList>
<Loc EndOffset="13034" SrcFileId="6" StartOffset="12987"/>
</LocList>
</BasicStmnt>
<BasicStmnt CovItemId="S187" CovItemPrefix="my.PSM.PSM_Logic.appController.java" Intrnl_Id="531">
<LocList>
<Loc EndOffset="13086" SrcFileId="6" StartOffset="13043"/>
</LocList>
</BasicStmnt>
</StmntSeq>
</HierarchyLvl>
<HierarchyLvl HierarchyLvlId="781" HierarchyLvlTypeId="17" Intrnl_Id="532" Name="sleep">
<Header>
<Loc EndOffset="13153" SrcFileId="6" StartOffset="13118"/>
</Header>
<LocList>
<Loc EndOffset="13356" SrcFileId="6" StartOffset="13118"/>
</LocList>
<StmntSeq Intrnl_Id="533">
<LocList>
<Loc EndOffset="13208" SrcFileId="6" StartOffset="13188"/>
<Loc EndOffset="13350" SrcFileId="6" StartOffset="13170"/>
</LocList>
<BasicStmnt CovItemId="S189" CovItemPrefix="my.PSM.PSM_Logic.appController.java" Intrnl_Id="534">
<LocList>
<Loc EndOffset="13208" SrcFileId="6" StartOffset="13188"/>
</LocList>
</BasicStmnt>
<CondStmnt CovItemId="S188" CovItemPrefix="my.PSM.PSM_Logic.appController.java" Intrnl_Id="535">
<Branch CovItemId="B35" CovItemPrefix="my.PSM.PSM_Logic.appController.java" Implct="true" Intrnl_Id="536">
<Cond/>
<LocList/>
<StmntSeq Intrnl_Id="537">
<LocList/>
</StmntSeq>
</Branch>
<Branch CovItemId="B36" CovItemPrefix="my.PSM.PSM_Logic.appController.java" Implct="false" Intrnl_Id="538">
<Cond>
<Loc EndOffset="13250" SrcFileId="6" StartOffset="13219"/>
</Cond>
<LocList>
<Loc EndOffset="13350" SrcFileId="6" StartOffset="13251"/>
</LocList>
<StmntSeq Intrnl_Id="539">
<LocList>
<Loc EndOffset="13340" SrcFileId="6" StartOffset="13264"/>
</LocList>
<BasicStmnt CovItemId="S190" CovItemPrefix="my.PSM.PSM_Logic.appController.java" Intrnl_Id="540">
<LocList>
<Loc EndOffset="13340" SrcFileId="6" StartOffset="13264"/>
</LocList>
</BasicStmnt>
</StmntSeq>
</Branch>
<Keyword EndOffset="13173" SrcFileId="6" StartOffset="13170"/>
<LocList>
<Loc EndOffset="13350" SrcFileId="6" StartOffset="13170"/>
</LocList>
</CondStmnt>
</StmntSeq>
</HierarchyLvl>
<HierarchyLvl HierarchyLvlId="782" HierarchyLvlTypeId="17" Intrnl_Id="541" Name="LogIn">
<Header>
<Loc EndOffset="13389" SrcFileId="6" StartOffset="13363"/>
</Header>
<LocList>
<Loc EndOffset="13542" SrcFileId="6" StartOffset="13363"/>
</LocList>
<StmntSeq Intrnl_Id="542">
<LocList>
<Loc EndOffset="13528" SrcFileId="6" StartOffset="13410"/>
</LocList>
<CondStmnt CovItemId="S191" CovItemPrefix="my.PSM.PSM_Logic.appController.java" Intrnl_Id="543">
<Branch CovItemId="B37" CovItemPrefix="my.PSM.PSM_Logic.appController.java" Implct="false" Intrnl_Id="544">
<Cond/>
<LocList>
<Loc EndOffset="13485" SrcFileId="6" StartOffset="13469"/>
</LocList>
<StmntSeq Intrnl_Id="545">
<LocList>
<Loc EndOffset="13485" SrcFileId="6" StartOffset="13469"/>
</LocList>
<BasicStmnt CovItemId="S192" CovItemPrefix="my.PSM.PSM_Logic.appController.java" Intrnl_Id="546">
<LocList>
<Loc EndOffset="13485" SrcFileId="6" StartOffset="13469"/>
</LocList>
</BasicStmnt>
</StmntSeq>
</Branch>
<Branch CovItemId="B38" CovItemPrefix="my.PSM.PSM_Logic.appController.java" Implct="false" Intrnl_Id="547">
<Cond>
<Loc EndOffset="13498" SrcFileId="6" StartOffset="13494"/>
</Cond>
<LocList>
<Loc EndOffset="13528" SrcFileId="6" StartOffset="13511"/>
</LocList>
<StmntSeq Intrnl_Id="548">
<LocList>
<Loc EndOffset="13528" SrcFileId="6" StartOffset="13511"/>
</LocList>
<BasicStmnt CovItemId="S193" CovItemPrefix="my.PSM.PSM_Logic.appController.java" Intrnl_Id="549">
<LocList>
<Loc EndOffset="13528" SrcFileId="6" StartOffset="13511"/>
</LocList>
</BasicStmnt>
</StmntSeq>
</Branch>
<Keyword EndOffset="13412" SrcFileId="6" StartOffset="13410"/>
<LocList>
<Loc EndOffset="13528" SrcFileId="6" StartOffset="13410"/>
</LocList>
<RootTerm CovItemId="C29" CovItemPrefix="my.PSM.PSM_Logic.appController.java" Intrnl_Id="550">
<BasicBoolTerm Intrnl_Id="551">
<LocList>
<Loc EndOffset="13455" SrcFileId="6" StartOffset="13413"/>
</LocList>
</BasicBoolTerm>
</RootTerm>
</CondStmnt>
</StmntSeq>
</HierarchyLvl>
<HierarchyLvl HierarchyLvlId="783" HierarchyLvlTypeId="17" Intrnl_Id="552" Name="getCon">
<Header>
<Loc EndOffset="13590" SrcFileId="6" StartOffset="13552"/>
</Header>
<LocList>
<Loc EndOffset="13629" SrcFileId="6" StartOffset="13552"/>
</LocList>
<StmntSeq Intrnl_Id="553">
<LocList>
<Loc EndOffset="13623" SrcFileId="6" StartOffset="13605"/>
</LocList>
<BasicStmnt CovItemId="S194" CovItemPrefix="my.PSM.PSM_Logic.appController.java" Intrnl_Id="554">
<LocList>
<Loc EndOffset="13623" SrcFileId="6" StartOffset="13605"/>
</LocList>
</BasicStmnt>
</StmntSeq>
</HierarchyLvl>
<HierarchyLvl HierarchyLvlId="785" HierarchyLvlTypeId="19" Intrnl_Id="555" Name="TimerTask">
<Header>
<Loc EndOffset="13694" SrcFileId="6" StartOffset="13683"/>
</Header>
<LocList>
<Loc EndOffset="13791" SrcFileId="6" StartOffset="13679"/>
</LocList>
<HierarchyLvl HierarchyLvlId="784" HierarchyLvlTypeId="17" Intrnl_Id="556" Name="run">
<Header>
<Loc EndOffset="13726" SrcFileId="6" StartOffset="13709"/>
</Header>
<LocList>
<Loc EndOffset="13785" SrcFileId="6" StartOffset="13709"/>
</LocList>
<StmntSeq Intrnl_Id="557">
<LocList>
<Loc EndOffset="13775" SrcFileId="6" StartOffset="13748"/>
</LocList>
<BasicStmnt CovItemId="S196" CovItemPrefix="my.PSM.PSM_Logic.appController.java" Intrnl_Id="558">
<LocList>
<Loc EndOffset="13775" SrcFileId="6" StartOffset="13748"/>
</LocList>
</BasicStmnt>
</StmntSeq>
</HierarchyLvl>
</HierarchyLvl>
<HierarchyLvl HierarchyLvlId="787" HierarchyLvlTypeId="19" Intrnl_Id="559" Name="TimerTask">
<Header>
<Loc EndOffset="13855" SrcFileId="6" StartOffset="13844"/>
</Header>
<LocList>
<Loc EndOffset="13956" SrcFileId="6" StartOffset="13840"/>
</LocList>
<HierarchyLvl HierarchyLvlId="786" HierarchyLvlTypeId="17" Intrnl_Id="560" Name="run">
<Header>
<Loc EndOffset="13887" SrcFileId="6" StartOffset="13870"/>
</Header>
<LocList>
<Loc EndOffset="13950" SrcFileId="6" StartOffset="13870"/>
</LocList>
<StmntSeq Intrnl_Id="561">
<LocList>
<Loc EndOffset="13940" SrcFileId="6" StartOffset="13910"/>
</LocList>
<BasicStmnt CovItemId="S198" CovItemPrefix="my.PSM.PSM_Logic.appController.java" Intrnl_Id="562">
<LocList>
<Loc EndOffset="13940" SrcFileId="6" StartOffset="13910"/>
</LocList>
</BasicStmnt>
</StmntSeq>
</HierarchyLvl>
</HierarchyLvl>
<HierarchyLvl HierarchyLvlId="789" HierarchyLvlTypeId="19" Intrnl_Id="563" Name="TimerTask">
<Header>
<Loc EndOffset="14016" SrcFileId="6" StartOffset="14005"/>
</Header>
<LocList>
<Loc EndOffset="14114" SrcFileId="6" StartOffset="14001"/>
</LocList>
<HierarchyLvl HierarchyLvlId="788" HierarchyLvlTypeId="17" Intrnl_Id="564" Name="run">
<Header>
<Loc EndOffset="14048" SrcFileId="6" StartOffset="14031"/>
</Header>
<LocList>
<Loc EndOffset="14108" SrcFileId="6" StartOffset="14031"/>
</LocList>
<StmntSeq Intrnl_Id="565">
<LocList>
<Loc EndOffset="14098" SrcFileId="6" StartOffset="14071"/>
</LocList>
<BasicStmnt CovItemId="S200" CovItemPrefix="my.PSM.PSM_Logic.appController.java" Intrnl_Id="566">
<LocList>
<Loc EndOffset="14098" SrcFileId="6" StartOffset="14071"/>
</LocList>
</BasicStmnt>
</StmntSeq>
</HierarchyLvl>
</HierarchyLvl>
<HierarchyLvl HierarchyLvlId="791" HierarchyLvlTypeId="19" Intrnl_Id="567" Name="TimerTask">
<Header>
<Loc EndOffset="14183" SrcFileId="6" StartOffset="14172"/>
</Header>
<LocList>
<Loc EndOffset="14335" SrcFileId="6" StartOffset="14168"/>
</LocList>
<HierarchyLvl HierarchyLvlId="790" HierarchyLvlTypeId="17" Intrnl_Id="568" Name="run">
<Header>
<Loc EndOffset="14215" SrcFileId="6" StartOffset="14198"/>
</Header>
<LocList>
<Loc EndOffset="14329" SrcFileId="6" StartOffset="14198"/>
</LocList>
<StmntSeq Intrnl_Id="569">
<LocList>
<Loc EndOffset="14266" SrcFileId="6" StartOffset="14238"/>
<Loc EndOffset="14319" SrcFileId="6" StartOffset="14279"/>
</LocList>
<BasicStmnt CovItemId="S202" CovItemPrefix="my.PSM.PSM_Logic.appController.java" Intrnl_Id="570">
<LocList>
<Loc EndOffset="14266" SrcFileId="6" StartOffset="14238"/>
</LocList>
</BasicStmnt>
<BasicStmnt CovItemId="S203" CovItemPrefix="my.PSM.PSM_Logic.appController.java" Intrnl_Id="571">
<LocList>
<Loc EndOffset="14319" SrcFileId="6" StartOffset="14279"/>
</LocList>
</BasicStmnt>
</StmntSeq>
</HierarchyLvl>
</HierarchyLvl>
<HierarchyLvl HierarchyLvlId="793" HierarchyLvlTypeId="19" Intrnl_Id="572" Name="TimerTask">
<Header>
<Loc EndOffset="14404" SrcFileId="6" StartOffset="14393"/>
</Header>
<LocList>
<Loc EndOffset="14490" SrcFileId="6" StartOffset="14389"/>
</LocList>
<HierarchyLvl HierarchyLvlId="792" HierarchyLvlTypeId="17" Intrnl_Id="573" Name="run">
<Header>
<Loc EndOffset="14436" SrcFileId="6" StartOffset="14419"/>
</Header>
<LocList>
<Loc EndOffset="14484" SrcFileId="6" StartOffset="14419"/>
</LocList>
<StmntSeq Intrnl_Id="574">
<LocList>
<Loc EndOffset="14474" SrcFileId="6" StartOffset="14459"/>
</LocList>
<BasicStmnt CovItemId="S205" CovItemPrefix="my.PSM.PSM_Logic.appController.java" Intrnl_Id="575">
<LocList>
<Loc EndOffset="14474" SrcFileId="6" StartOffset="14459"/>
</LocList>
</BasicStmnt>
</StmntSeq>
</HierarchyLvl>
</HierarchyLvl>
<HierarchyLvl HierarchyLvlId="794" HierarchyLvlTypeId="17" Intrnl_Id="576" Name="setTime">
<Header>
<Loc EndOffset="14580" SrcFileId="6" StartOffset="14509"/>
</Header>
<LocList>
<Loc EndOffset="14644" SrcFileId="6" StartOffset="14509"/>
</LocList>
<StmntSeq Intrnl_Id="577">
<LocList>
<Loc EndOffset="14638" SrcFileId="6" StartOffset="14595"/>
</LocList>
<BasicStmnt CovItemId="S206" CovItemPrefix="my.PSM.PSM_Logic.appController.java" Intrnl_Id="578">
<LocList>
<Loc EndOffset="14638" SrcFileId="6" StartOffset="14595"/>
</LocList>
</BasicStmnt>
</StmntSeq>
</HierarchyLvl>
<HierarchyLvl HierarchyLvlId="795" HierarchyLvlTypeId="17" Intrnl_Id="579" Name="getTime">
<Header>
<Loc EndOffset="14675" SrcFileId="6" StartOffset="14654"/>
</Header>
<LocList>
<Loc EndOffset="14720" SrcFileId="6" StartOffset="14654"/>
</LocList>
<StmntSeq Intrnl_Id="580">
<LocList>
<Loc EndOffset="14714" SrcFileId="6" StartOffset="14690"/>
</LocList>
<BasicStmnt CovItemId="S207" CovItemPrefix="my.PSM.PSM_Logic.appController.java" Intrnl_Id="581">
<LocList>
<Loc EndOffset="14714" SrcFileId="6" StartOffset="14690"/>
</LocList>
</BasicStmnt>
</StmntSeq>
</HierarchyLvl>
<HierarchyLvl HierarchyLvlId="796" HierarchyLvlTypeId="17" Intrnl_Id="582" Name="getTimeMillis">
<Header>
<Loc EndOffset="14764" SrcFileId="6" StartOffset="14730"/>
</Header>
<LocList>
<Loc EndOffset="14817" SrcFileId="6" StartOffset="14730"/>
</LocList>
<StmntSeq Intrnl_Id="583">
<LocList>
<Loc EndOffset="14811" SrcFileId="6" StartOffset="14779"/>
</LocList>
<BasicStmnt CovItemId="S208" CovItemPrefix="my.PSM.PSM_Logic.appController.java" Intrnl_Id="584">
<LocList>
<Loc EndOffset="14811" SrcFileId="6" StartOffset="14779"/>
</LocList>
</BasicStmnt>
</StmntSeq>
</HierarchyLvl>
<HierarchyLvl HierarchyLvlId="797" HierarchyLvlTypeId="17" Intrnl_Id="585" Name="timerParser">
<Header>
<Loc EndOffset="14871" SrcFileId="6" StartOffset="14827"/>
</Header>
<LocList>
<Loc EndOffset="14990" SrcFileId="6" StartOffset="14827"/>
</LocList>
<StmntSeq Intrnl_Id="586">
<LocList>
<Loc EndOffset="14930" SrcFileId="6" StartOffset="14886"/>
<Loc EndOffset="14984" SrcFileId="6" StartOffset="14939"/>
</LocList>
<BasicStmnt CovItemId="S209" CovItemPrefix="my.PSM.PSM_Logic.appController.java" Intrnl_Id="587">
<LocList>
<Loc EndOffset="14930" SrcFileId="6" StartOffset="14886"/>
</LocList>
</BasicStmnt>
<BasicStmnt CovItemId="S210" CovItemPrefix="my.PSM.PSM_Logic.appController.java" Intrnl_Id="588">
<LocList>
<Loc EndOffset="14984" SrcFileId="6" StartOffset="14939"/>
</LocList>
</BasicStmnt>
</StmntSeq>
</HierarchyLvl>
<HierarchyLvl HierarchyLvlId="798" HierarchyLvlTypeId="17" Intrnl_Id="589" Name="dateParser">
<Header>
<Loc EndOffset="15038" SrcFileId="6" StartOffset="14995"/>
</Header>
<LocList>
<Loc EndOffset="15240" SrcFileId="6" StartOffset="14995"/>
</LocList>
<StmntSeq Intrnl_Id="590">
<LocList>
<Loc EndOffset="15114" SrcFileId="6" StartOffset="15062"/>
<Loc EndOffset="15174" SrcFileId="6" StartOffset="15123"/>
<Loc EndOffset="15234" SrcFileId="6" StartOffset="15183"/>
</LocList>
<BasicStmnt CovItemId="S211" CovItemPrefix="my.PSM.PSM_Logic.appController.java" Intrnl_Id="591">
<LocList>
<Loc EndOffset="15114" SrcFileId="6" StartOffset="15062"/>
</LocList>
</BasicStmnt>
<BasicStmnt CovItemId="S212" CovItemPrefix="my.PSM.PSM_Logic.appController.java" Intrnl_Id="592">
<LocList>
<Loc EndOffset="15174" SrcFileId="6" StartOffset="15123"/>
</LocList>
</BasicStmnt>
<BasicStmnt CovItemId="S213" CovItemPrefix="my.PSM.PSM_Logic.appController.java" Intrnl_Id="593">
<LocList>
<Loc EndOffset="15234" SrcFileId="6" StartOffset="15183"/>
</LocList>
</BasicStmnt>
</StmntSeq>
</HierarchyLvl>
<HierarchyLvl HierarchyLvlId="799" HierarchyLvlTypeId="17" Intrnl_Id="594" Name="returnHr">
<Header>
<Loc EndOffset="15271" SrcFileId="6" StartOffset="15250"/>
</Header>
<LocList>
<Loc EndOffset="15302" SrcFileId="6" StartOffset="15250"/>
</LocList>
<StmntSeq Intrnl_Id="595">
<LocList>
<Loc EndOffset="15296" SrcFileId="6" StartOffset="15286"/>
</LocList>
<BasicStmnt CovItemId="S214" CovItemPrefix="my.PSM.PSM_Logic.appController.java" Intrnl_Id="596">
<LocList>
<Loc EndOffset="15296" SrcFileId="6" StartOffset="15286"/>
</LocList>
</BasicStmnt>
</StmntSeq>
</HierarchyLvl>
<HierarchyLvl HierarchyLvlId="800" HierarchyLvlTypeId="17" Intrnl_Id="597" Name="returnMin">
<Header>
<Loc EndOffset="15334" SrcFileId="6" StartOffset="15312"/>
</Header>
<LocList>
<Loc EndOffset="15366" SrcFileId="6" StartOffset="15312"/>
</LocList>
<StmntSeq Intrnl_Id="598">
<LocList>
<Loc EndOffset="15360" SrcFileId="6" StartOffset="15349"/>
</LocList>
<BasicStmnt CovItemId="S215" CovItemPrefix="my.PSM.PSM_Logic.appController.java" Intrnl_Id="599">
<LocList>
<Loc EndOffset="15360" SrcFileId="6" StartOffset="15349"/>
</LocList>
</BasicStmnt>
</StmntSeq>
</HierarchyLvl>
<HierarchyLvl HierarchyLvlId="801" HierarchyLvlTypeId="17" Intrnl_Id="600" Name="getEndTime">
<Header>
<Loc EndOffset="15424" SrcFileId="6" StartOffset="15376"/>
</Header>
<LocList>
<Loc EndOffset="15917" SrcFileId="6" StartOffset="15376"/>
</LocList>
<StmntSeq Intrnl_Id="601">
<LocList>
<Loc EndOffset="15534" SrcFileId="6" StartOffset="15493"/>
<Loc EndOffset="15602" SrcFileId="6" StartOffset="15552"/>
<Loc EndOffset="15650" SrcFileId="6" StartOffset="15620"/>
<Loc EndOffset="15691" SrcFileId="6" StartOffset="15659"/>
<Loc EndOffset="15730" SrcFileId="6" StartOffset="15700"/>
<Loc EndOffset="15780" SrcFileId="6" StartOffset="15739"/>
<Loc EndOffset="15839" SrcFileId="6" StartOffset="15789"/>
<Loc EndOffset="15911" SrcFileId="6" StartOffset="15888"/>
</LocList>
<BasicStmnt CovItemId="S216" CovItemPrefix="my.PSM.PSM_Logic.appController.java" Intrnl_Id="602">
<LocList>
<Loc EndOffset="15534" SrcFileId="6" StartOffset="15493"/>
</LocList>
</BasicStmnt>
<BasicStmnt CovItemId="S217" CovItemPrefix="my.PSM.PSM_Logic.appController.java" Intrnl_Id="603">
<LocList>
<Loc EndOffset="15602" SrcFileId="6" StartOffset="15552"/>
</LocList>
</BasicStmnt>
<BasicStmnt CovItemId="S218" CovItemPrefix="my.PSM.PSM_Logic.appController.java" Intrnl_Id="604">
<LocList>
<Loc EndOffset="15650" SrcFileId="6" StartOffset="15620"/>
</LocList>
</BasicStmnt>
<BasicStmnt CovItemId="S219" CovItemPrefix="my.PSM.PSM_Logic.appController.java" Intrnl_Id="605">
<LocList>
<Loc EndOffset="15691" SrcFileId="6" StartOffset="15659"/>
</LocList>
</BasicStmnt>
<BasicStmnt CovItemId="S220" CovItemPrefix="my.PSM.PSM_Logic.appController.java" Intrnl_Id="606">
<LocList>
<Loc EndOffset="15730" SrcFileId="6" StartOffset="15700"/>
</LocList>
</BasicStmnt>
<BasicStmnt CovItemId="S221" CovItemPrefix="my.PSM.PSM_Logic.appController.java" Intrnl_Id="607">
<LocList>
<Loc EndOffset="15780" SrcFileId="6" StartOffset="15739"/>
</LocList>
</BasicStmnt>
<BasicStmnt CovItemId="S222" CovItemPrefix="my.PSM.PSM_Logic.appController.java" Intrnl_Id="608">
<LocList>
<Loc EndOffset="15839" SrcFileId="6" StartOffset="15789"/>
</LocList>
</BasicStmnt>
<BasicStmnt CovItemId="S223" CovItemPrefix="my.PSM.PSM_Logic.appController.java" Intrnl_Id="609">
<LocList>
<Loc EndOffset="15911" SrcFileId="6" StartOffset="15888"/>
</LocList>
</BasicStmnt>
</StmntSeq>
</HierarchyLvl>
<HierarchyLvl HierarchyLvlId="802" HierarchyLvlTypeId="17" Intrnl_Id="610" Name="setSemesterClear">
<Header>
<Loc EndOffset="16014" SrcFileId="6" StartOffset="15927"/>
</Header>
<LocList>
<Loc EndOffset="16118" SrcFileId="6" StartOffset="15927"/>
</LocList>
<StmntSeq Intrnl_Id="611">
<LocList>
<Loc EndOffset="16075" SrcFileId="6" StartOffset="16029"/>
<Loc EndOffset="16112" SrcFileId="6" StartOffset="16084"/>
</LocList>
<BasicStmnt CovItemId="S224" CovItemPrefix="my.PSM.PSM_Logic.appController.java" Intrnl_Id="612">
<LocList>
<Loc EndOffset="16075" SrcFileId="6" StartOffset="16029"/>
</LocList>
</BasicStmnt>
<BasicStmnt CovItemId="S225" CovItemPrefix="my.PSM.PSM_Logic.appController.java" Intrnl_Id="613">
<LocList>
<Loc EndOffset="16112" SrcFileId="6" StartOffset="16084"/>
</LocList>
</BasicStmnt>
</StmntSeq>
</HierarchyLvl>
<HierarchyLvl HierarchyLvlId="803" HierarchyLvlTypeId="17" Intrnl_Id="614" Name="getSemesterClear">
<Header>
<Loc EndOffset="16158" SrcFileId="6" StartOffset="16128"/>
</Header>
<LocList>
<Loc EndOffset="16206" SrcFileId="6" StartOffset="16128"/>
</LocList>
<StmntSeq Intrnl_Id="615">
<LocList>
<Loc EndOffset="16200" SrcFileId="6" StartOffset="16173"/>
</LocList>
<BasicStmnt CovItemId="S226" CovItemPrefix="my.PSM.PSM_Logic.appController.java" Intrnl_Id="616">
<LocList>
<Loc EndOffset="16200" SrcFileId="6" StartOffset="16173"/>
</LocList>
</BasicStmnt>
</StmntSeq>
</HierarchyLvl>
<HierarchyLvl HierarchyLvlId="804" HierarchyLvlTypeId="17" Intrnl_Id="617" Name="get15BeforeEnd">
<Header>
<Loc EndOffset="16268" SrcFileId="6" StartOffset="16216"/>
</Header>
<LocList>
<Loc EndOffset="16742" SrcFileId="6" StartOffset="16216"/>
</LocList>
<StmntSeq Intrnl_Id="618">
<LocList>
<Loc EndOffset="16379" SrcFileId="6" StartOffset="16338"/>
<Loc EndOffset="16447" SrcFileId="6" StartOffset="16397"/>
<Loc EndOffset="16495" SrcFileId="6" StartOffset="16465"/>
<Loc EndOffset="16536" SrcFileId="6" StartOffset="16504"/>
<Loc EndOffset="16576" SrcFileId="6" StartOffset="16545"/>
<Loc EndOffset="16626" SrcFileId="6" StartOffset="16585"/>
<Loc EndOffset="16695" SrcFileId="6" StartOffset="16644"/>
<Loc EndOffset="16736" SrcFileId="6" StartOffset="16713"/>
</LocList>
<BasicStmnt CovItemId="S227" CovItemPrefix="my.PSM.PSM_Logic.appController.java" Intrnl_Id="619">
<LocList>
<Loc EndOffset="16379" SrcFileId="6" StartOffset="16338"/>
</LocList>
</BasicStmnt>
<BasicStmnt CovItemId="S228" CovItemPrefix="my.PSM.PSM_Logic.appController.java" Intrnl_Id="620">
<LocList>
<Loc EndOffset="16447" SrcFileId="6" StartOffset="16397"/>
</LocList>
</BasicStmnt>
<BasicStmnt CovItemId="S229" CovItemPrefix="my.PSM.PSM_Logic.appController.java" Intrnl_Id="621">
<LocList>
<Loc EndOffset="16495" SrcFileId="6" StartOffset="16465"/>
</LocList>
</BasicStmnt>
<BasicStmnt CovItemId="S230" CovItemPrefix="my.PSM.PSM_Logic.appController.java" Intrnl_Id="622">
<LocList>
<Loc EndOffset="16536" SrcFileId="6" StartOffset="16504"/>
</LocList>
</BasicStmnt>
<BasicStmnt CovItemId="S231" CovItemPrefix="my.PSM.PSM_Logic.appController.java" Intrnl_Id="623">
<LocList>
<Loc EndOffset="16576" SrcFileId="6" StartOffset="16545"/>
</LocList>
</BasicStmnt>
<BasicStmnt CovItemId="S232" CovItemPrefix="my.PSM.PSM_Logic.appController.java" Intrnl_Id="624">
<LocList>
<Loc EndOffset="16626" SrcFileId="6" StartOffset="16585"/>
</LocList>
</BasicStmnt>
<BasicStmnt CovItemId="S233" CovItemPrefix="my.PSM.PSM_Logic.appController.java" Intrnl_Id="625">
<LocList>
<Loc EndOffset="16695" SrcFileId="6" StartOffset="16644"/>
</LocList>
</BasicStmnt>
<BasicStmnt CovItemId="S234" CovItemPrefix="my.PSM.PSM_Logic.appController.java" Intrnl_Id="626">
<LocList>
<Loc EndOffset="16736" SrcFileId="6" StartOffset="16713"/>
</LocList>
</BasicStmnt>
</StmntSeq>
</HierarchyLvl>
<HierarchyLvl HierarchyLvlId="805" HierarchyLvlTypeId="17" Intrnl_Id="627" Name="get5BeforeEnd">
<Header>
<Loc EndOffset="16803" SrcFileId="6" StartOffset="16752"/>
</Header>
<LocList>
<Loc EndOffset="17296" SrcFileId="6" StartOffset="16752"/>
</LocList>
<StmntSeq Intrnl_Id="628">
<LocList>
<Loc EndOffset="16913" SrcFileId="6" StartOffset="16872"/>
<Loc EndOffset="16981" SrcFileId="6" StartOffset="16931"/>
<Loc EndOffset="17029" SrcFileId="6" StartOffset="16999"/>
<Loc EndOffset="17070" SrcFileId="6" StartOffset="17038"/>
<Loc EndOffset="17109" SrcFileId="6" StartOffset="17079"/>
<Loc EndOffset="17159" SrcFileId="6" StartOffset="17118"/>
<Loc EndOffset="17218" SrcFileId="6" StartOffset="17168"/>
<Loc EndOffset="17290" SrcFileId="6" StartOffset="17267"/>
</LocList>
<BasicStmnt CovItemId="S235" CovItemPrefix="my.PSM.PSM_Logic.appController.java" Intrnl_Id="629">
<LocList>
<Loc EndOffset="16913" SrcFileId="6" StartOffset="16872"/>
</LocList>
</BasicStmnt>
<BasicStmnt CovItemId="S236" CovItemPrefix="my.PSM.PSM_Logic.appController.java" Intrnl_Id="630">
<LocList>
<Loc EndOffset="16981" SrcFileId="6" StartOffset="16931"/>
</LocList>
</BasicStmnt>
<BasicStmnt CovItemId="S237" CovItemPrefix="my.PSM.PSM_Logic.appController.java" Intrnl_Id="631">
<LocList>
<Loc EndOffset="17029" SrcFileId="6" StartOffset="16999"/>
</LocList>
</BasicStmnt>
<BasicStmnt CovItemId="S238" CovItemPrefix="my.PSM.PSM_Logic.appController.java" Intrnl_Id="632">
<LocList>
<Loc EndOffset="17070" SrcFileId="6" StartOffset="17038"/>
</LocList>
</BasicStmnt>
<BasicStmnt CovItemId="S239" CovItemPrefix="my.PSM.PSM_Logic.appController.java" Intrnl_Id="633">
<LocList>
<Loc EndOffset="17109" SrcFileId="6" StartOffset="17079"/>
</LocList>
</BasicStmnt>
<BasicStmnt CovItemId="S240" CovItemPrefix="my.PSM.PSM_Logic.appController.java" Intrnl_Id="634">
<LocList>
<Loc EndOffset="17159" SrcFileId="6" StartOffset="17118"/>
</LocList>
</BasicStmnt>
<BasicStmnt CovItemId="S241" CovItemPrefix="my.PSM.PSM_Logic.appController.java" Intrnl_Id="635">
<LocList>
<Loc EndOffset="17218" SrcFileId="6" StartOffset="17168"/>
</LocList>
</BasicStmnt>
<BasicStmnt CovItemId="S242" CovItemPrefix="my.PSM.PSM_Logic.appController.java" Intrnl_Id="636">
<LocList>
<Loc EndOffset="17290" SrcFileId="6" StartOffset="17267"/>
</LocList>
</BasicStmnt>
</StmntSeq>
</HierarchyLvl>
<HierarchyLvl HierarchyLvlId="806" HierarchyLvlTypeId="17" Intrnl_Id="637" Name="autoExit">
<Header>
<Loc EndOffset="17328" SrcFileId="6" StartOffset="17306"/>
</Header>
<LocList>
<Loc EndOffset="17382" SrcFileId="6" StartOffset="17306"/>
</LocList>
<StmntSeq Intrnl_Id="638">
<LocList>
<Loc EndOffset="17376" SrcFileId="6" StartOffset="17343"/>
</LocList>
<BasicStmnt CovItemId="S243" CovItemPrefix="my.PSM.PSM_Logic.appController.java" Intrnl_Id="639">
<LocList>
<Loc EndOffset="17376" SrcFileId="6" StartOffset="17343"/>
</LocList>
</BasicStmnt>
</StmntSeq>
</HierarchyLvl>
<HierarchyLvl HierarchyLvlId="807" HierarchyLvlTypeId="17" Intrnl_Id="640" Name="autoClear">
<Header>
<Loc EndOffset="17415" SrcFileId="6" StartOffset="17392"/>
</Header>
<LocList>
<Loc EndOffset="17467" SrcFileId="6" StartOffset="17392"/>
</LocList>
<StmntSeq Intrnl_Id="641">
<LocList>
<Loc EndOffset="17461" SrcFileId="6" StartOffset="17430"/>
</LocList>
<BasicStmnt CovItemId="S244" CovItemPrefix="my.PSM.PSM_Logic.appController.java" Intrnl_Id="642">
<LocList>
<Loc EndOffset="17461" SrcFileId="6" StartOffset="17430"/>
</LocList>
</BasicStmnt>
</StmntSeq>
</HierarchyLvl>
</HierarchyLvl>
</HierarchyLvl>
<HierarchyLvl HierarchyLvlId="956" HierarchyLvlTypeId="15" Intrnl_Id="643" Name="PSM_Storage">
<Header/>
<LocList/>
<HierarchyLvl HierarchyLvlId="839" HierarchyLvlTypeId="16" Intrnl_Id="644" Name="DBConnection">
<Header>
<Loc EndOffset="325" SrcFileId="7" StartOffset="300"/>
</Header>
<LocList>
<Loc EndOffset="6314" SrcFileId="7" StartOffset="300"/>
</LocList>
<StmntSeq Intrnl_Id="645">
<LocList>
<Loc EndOffset="477" SrcFileId="7" StartOffset="417"/>
</LocList>
<BasicStmnt CovItemId="S1" CovItemPrefix="my.PSM.PSM_Storage.DBConnection.java" Intrnl_Id="646">
<LocList>
<Loc EndOffset="477" SrcFileId="7" StartOffset="417"/>
</LocList>
</BasicStmnt>
</StmntSeq>
<HierarchyLvl HierarchyLvlId="809" HierarchyLvlTypeId="17" Intrnl_Id="647" Name="setMyManager">
<Header>
<Loc EndOffset="629" SrcFileId="7" StartOffset="581"/>
</Header>
<LocList>
<Loc EndOffset="664" SrcFileId="7" StartOffset="581"/>
</LocList>
<StmntSeq Intrnl_Id="648">
<LocList>
<Loc EndOffset="661" SrcFileId="7" StartOffset="634"/>
</LocList>
<BasicStmnt CovItemId="S2" CovItemPrefix="my.PSM.PSM_Storage.DBConnection.java" Intrnl_Id="649">
<LocList>
<Loc EndOffset="661" SrcFileId="7" StartOffset="634"/>
</LocList>
</BasicStmnt>
</StmntSeq>
</HierarchyLvl>
<HierarchyLvl HierarchyLvlId="810" HierarchyLvlTypeId="17" Intrnl_Id="650" Name="DBConnection">
<Header>
<Loc EndOffset="738" SrcFileId="7" StartOffset="717"/>
</Header>
<LocList>
<Loc EndOffset="787" SrcFileId="7" StartOffset="717"/>
</LocList>
<StmntSeq Intrnl_Id="651">
<LocList>
<Loc EndOffset="781" SrcFileId="7" StartOffset="750"/>
</LocList>
<BasicStmnt CovItemId="S3" CovItemPrefix="my.PSM.PSM_Storage.DBConnection.java" Intrnl_Id="652">
<LocList>
<Loc EndOffset="781" SrcFileId="7" StartOffset="750"/>
</LocList>
</BasicStmnt>
</StmntSeq>
</HierarchyLvl>
<HierarchyLvl HierarchyLvlId="811" HierarchyLvlTypeId="17" Intrnl_Id="653" Name="connect">
<Header>
<Loc EndOffset="901" SrcFileId="7" StartOffset="848"/>
</Header>
<LocList>
<Loc EndOffset="1030" SrcFileId="7" StartOffset="848"/>
</LocList>
<StmntSeq Intrnl_Id="654">
<LocList>
<Loc EndOffset="928" SrcFileId="7" StartOffset="916"/>
<Loc EndOffset="953" SrcFileId="7" StartOffset="937"/>
<Loc EndOffset="976" SrcFileId="7" StartOffset="962"/>
<Loc EndOffset="1024" SrcFileId="7" StartOffset="985"/>
</LocList>
<BasicStmnt CovItemId="S4" CovItemPrefix="my.PSM.PSM_Storage.DBConnection.java" Intrnl_Id="655">
<LocList>
<Loc EndOffset="928" SrcFileId="7" StartOffset="916"/>
</LocList>
</BasicStmnt>
<BasicStmnt CovItemId="S5" CovItemPrefix="my.PSM.PSM_Storage.DBConnection.java" Intrnl_Id="656">
<LocList>
<Loc EndOffset="953" SrcFileId="7" StartOffset="937"/>
</LocList>
</BasicStmnt>
<BasicStmnt CovItemId="S6" CovItemPrefix="my.PSM.PSM_Storage.DBConnection.java" Intrnl_Id="657">
<LocList>
<Loc EndOffset="976" SrcFileId="7" StartOffset="962"/>
</LocList>
</BasicStmnt>
<BasicStmnt CovItemId="S7" CovItemPrefix="my.PSM.PSM_Storage.DBConnection.java" Intrnl_Id="658">
<LocList>
<Loc EndOffset="1024" SrcFileId="7" StartOffset="985"/>
</LocList>
</BasicStmnt>
</StmntSeq>
</HierarchyLvl>
<HierarchyLvl HierarchyLvlId="812" HierarchyLvlTypeId="17" Intrnl_Id="659" Name="connect">
<Header>
<Loc EndOffset="1133" SrcFileId="7" StartOffset="1092"/>
</Header>
<LocList>
<Loc EndOffset="1246" SrcFileId="7" StartOffset="1092"/>
</LocList>
<StmntSeq Intrnl_Id="660">
<LocList>
<Loc EndOffset="1164" SrcFileId="7" StartOffset="1148"/>
<Loc EndOffset="1187" SrcFileId="7" StartOffset="1173"/>
<Loc EndOffset="1240" SrcFileId="7" StartOffset="1205"/>
</LocList>
<BasicStmnt CovItemId="S8" CovItemPrefix="my.PSM.PSM_Storage.DBConnection.java" Intrnl_Id="661">
<LocList>
<Loc EndOffset="1164" SrcFileId="7" StartOffset="1148"/>
</LocList>
</BasicStmnt>
<BasicStmnt CovItemId="S9" CovItemPrefix="my.PSM.PSM_Storage.DBConnection.java" Intrnl_Id="662">
<LocList>
<Loc EndOffset="1187" SrcFileId="7" StartOffset="1173"/>
</LocList>
</BasicStmnt>
<BasicStmnt CovItemId="S10" CovItemPrefix="my.PSM.PSM_Storage.DBConnection.java" Intrnl_Id="663">
<LocList>
<Loc EndOffset="1240" SrcFileId="7" StartOffset="1205"/>
</LocList>
</BasicStmnt>
</StmntSeq>
</HierarchyLvl>
<HierarchyLvl HierarchyLvlId="813" HierarchyLvlTypeId="17" Intrnl_Id="664" Name="disconnect">
<Header>
<Loc EndOffset="1279" SrcFileId="7" StartOffset="1256"/>
</Header>
<LocList>
<Loc EndOffset="1330" SrcFileId="7" StartOffset="1256"/>
</LocList>
<StmntSeq Intrnl_Id="665">
<LocList>
<Loc EndOffset="1324" SrcFileId="7" StartOffset="1294"/>
</LocList>
<BasicStmnt CovItemId="S11" CovItemPrefix="my.PSM.PSM_Storage.DBConnection.java" Intrnl_Id="666">
<LocList>
<Loc EndOffset="1324" SrcFileId="7" StartOffset="1294"/>
</LocList>
</BasicStmnt>
</StmntSeq>
</HierarchyLvl>
<HierarchyLvl HierarchyLvlId="814" HierarchyLvlTypeId="17" Intrnl_Id="667" Name="fetchCourseID">
<Header>
<Loc EndOffset="1379" SrcFileId="7" StartOffset="1341"/>
</Header>
<LocList>
<Loc EndOffset="1501" SrcFileId="7" StartOffset="1341"/>
</LocList>
<StmntSeq Intrnl_Id="668">
<LocList>
<Loc EndOffset="1493" SrcFileId="7" StartOffset="1452"/>
</LocList>
<BasicStmnt CovItemId="S12" CovItemPrefix="my.PSM.PSM_Storage.DBConnection.java" Intrnl_Id="669">
<LocList>
<Loc EndOffset="1493" SrcFileId="7" StartOffset="1452"/>
</LocList>
</BasicStmnt>
</StmntSeq>
</HierarchyLvl>
<HierarchyLvl HierarchyLvlId="815" HierarchyLvlTypeId="17" Intrnl_Id="670" Name="getEndDates">
<Header>
<Loc EndOffset="1549" SrcFileId="7" StartOffset="1511"/>
</Header>
<LocList>
<Loc EndOffset="1601" SrcFileId="7" StartOffset="1511"/>
</LocList>
<StmntSeq Intrnl_Id="671">
<LocList>
<Loc EndOffset="1595" SrcFileId="7" StartOffset="1564"/>
</LocList>
<BasicStmnt CovItemId="S13" CovItemPrefix="my.PSM.PSM_Storage.DBConnection.java" Intrnl_Id="672">
<LocList>
<Loc EndOffset="1595" SrcFileId="7" StartOffset="1564"/>
</LocList>
</BasicStmnt>
</StmntSeq>
</HierarchyLvl>
<HierarchyLvl HierarchyLvlId="816" HierarchyLvlTypeId="17" Intrnl_Id="673" Name="getCourses">
<Header>
<Loc EndOffset="1644" SrcFileId="7" StartOffset="1606"/>
</Header>
<LocList>
<Loc EndOffset="1695" SrcFileId="7" StartOffset="1606"/>
</LocList>
<StmntSeq Intrnl_Id="674">
<LocList>
<Loc EndOffset="1689" SrcFileId="7" StartOffset="1659"/>
</LocList>
<BasicStmnt CovItemId="S14" CovItemPrefix="my.PSM.PSM_Storage.DBConnection.java" Intrnl_Id="675">
<LocList>
<Loc EndOffset="1689" SrcFileId="7" StartOffset="1659"/>
</LocList>
</BasicStmnt>
</StmntSeq>
</HierarchyLvl>
<HierarchyLvl HierarchyLvlId="817" HierarchyLvlTypeId="17" Intrnl_Id="676" Name="fetchCourses">
<Header>
<Loc EndOffset="1733" SrcFileId="7" StartOffset="1705"/>
</Header>
<LocList>
<Loc EndOffset="2349" SrcFileId="7" StartOffset="1705"/>
</LocList>
<StmntSeq Intrnl_Id="677">
<LocList>
<Loc EndOffset="1840" SrcFileId="7" StartOffset="1803"/>
<Loc EndOffset="2046" SrcFileId="7" StartOffset="1997"/>
<Loc EndOffset="2215" SrcFileId="7" StartOffset="2056"/>
<Loc EndOffset="2247" SrcFileId="7" StartOffset="2224"/>
<Loc EndOffset="2270" SrcFileId="7" StartOffset="2256"/>
</LocList>
<BasicStmnt CovItemId="S15" CovItemPrefix="my.PSM.PSM_Storage.DBConnection.java" Intrnl_Id="678">
<LocList>
<Loc EndOffset="1840" SrcFileId="7" StartOffset="1803"/>
</LocList>
</BasicStmnt>
<BasicStmnt CovItemId="S16" CovItemPrefix="my.PSM.PSM_Storage.DBConnection.java" Intrnl_Id="679">
<LocList>
<Loc EndOffset="2046" SrcFileId="7" StartOffset="1997"/>
</LocList>
</BasicStmnt>
<LoopStmnt CovItemId="S17" CovItemPrefix="my.PSM.PSM_Storage.DBConnection.java" Intrnl_Id="680" MltplExecId="L1-2" MltplExecPrefix="my.PSM.PSM_Storage.DBConnection.java" NvrExecId="L1-0" NvrExecPrefix="my.PSM.PSM_Storage.DBConnection.java" OnceExecutedId="L1-1" OnceExecutedPrefix="my.PSM.PSM_Storage.DBConnection.java" OptBodyExec="true">
<StmntSeq Intrnl_Id="681">
<LocList>
<Loc EndOffset="2154" SrcFileId="7" StartOffset="2131"/>
<Loc EndOffset="2183" SrcFileId="7" StartOffset="2168"/>
</LocList>
<BasicStmnt CovItemId="S18" CovItemPrefix="my.PSM.PSM_Storage.DBConnection.java" Intrnl_Id="682">
<LocList>
<Loc EndOffset="2154" SrcFileId="7" StartOffset="2131"/>
</LocList>
</BasicStmnt>
<BasicStmnt CovItemId="S19" CovItemPrefix="my.PSM.PSM_Storage.DBConnection.java" Intrnl_Id="683">
<LocList>
<Loc EndOffset="2183" SrcFileId="7" StartOffset="2168"/>
</LocList>
</BasicStmnt>
</StmntSeq>
<Keyword EndOffset="2059" SrcFileId="7" StartOffset="2056"/>
<LocList>
<Loc EndOffset="2215" SrcFileId="7" StartOffset="2056"/>
</LocList>
<RootTerm CovItemId="C1" CovItemPrefix="my.PSM.PSM_Storage.DBConnection.java" Intrnl_Id="684">
<BasicBoolTerm Intrnl_Id="685">
<LocList>
<Loc EndOffset="2086" SrcFileId="7" StartOffset="2071"/>
</LocList>
</BasicBoolTerm>
</RootTerm>
</LoopStmnt>
<BasicStmnt CovItemId="S20" CovItemPrefix="my.PSM.PSM_Storage.DBConnection.java" Intrnl_Id="686">
<LocList>
<Loc EndOffset="2247" SrcFileId="7" StartOffset="2224"/>
</LocList>
</BasicStmnt>
<BasicStmnt CovItemId="S21" CovItemPrefix="my.PSM.PSM_Storage.DBConnection.java" Intrnl_Id="687">
<LocList>
<Loc EndOffset="2270" SrcFileId="7" StartOffset="2256"/>
</LocList>
</BasicStmnt>
</StmntSeq>
</HierarchyLvl>
<HierarchyLvl HierarchyLvlId="818" HierarchyLvlTypeId="17" Intrnl_Id="688" Name="fetchCourseSubj">
<Header>
<Loc EndOffset="2402" SrcFileId="7" StartOffset="2359"/>
</Header>
<LocList>
<Loc EndOffset="2532" SrcFileId="7" StartOffset="2359"/>
</LocList>
<StmntSeq Intrnl_Id="689">
<LocList>
<Loc EndOffset="2518" SrcFileId="7" StartOffset="2475"/>
</LocList>
<BasicStmnt CovItemId="S22" CovItemPrefix="my.PSM.PSM_Storage.DBConnection.java" Intrnl_Id="690">
<LocList>
<Loc EndOffset="2518" SrcFileId="7" StartOffset="2475"/>
</LocList>
</BasicStmnt>
</StmntSeq>
</HierarchyLvl>
<HierarchyLvl HierarchyLvlId="819" HierarchyLvlTypeId="17" Intrnl_Id="691" Name="fetchCourseName">
<Header>
<Loc EndOffset="2585" SrcFileId="7" StartOffset="2542"/>
</Header>
<LocList>
<Loc EndOffset="2657" SrcFileId="7" StartOffset="2542"/>
</LocList>
<StmntSeq Intrnl_Id="692">
<LocList>
<Loc EndOffset="2643" SrcFileId="7" StartOffset="2600"/>
</LocList>
<BasicStmnt CovItemId="S23" CovItemPrefix="my.PSM.PSM_Storage.DBConnection.java" Intrnl_Id="693">
<LocList>
<Loc EndOffset="2643" SrcFileId="7" StartOffset="2600"/>
</LocList>
</BasicStmnt>
</StmntSeq>
</HierarchyLvl>
<HierarchyLvl HierarchyLvlId="820" HierarchyLvlTypeId="17" Intrnl_Id="694" Name="fetchCourseSemester">
<Header>
<Loc EndOffset="2714" SrcFileId="7" StartOffset="2667"/>
</Header>
<LocList>
<Loc EndOffset="2848" SrcFileId="7" StartOffset="2667"/>
</LocList>
<StmntSeq Intrnl_Id="695">
<LocList>
<Loc EndOffset="2834" SrcFileId="7" StartOffset="2787"/>
</LocList>
<BasicStmnt CovItemId="S24" CovItemPrefix="my.PSM.PSM_Storage.DBConnection.java" Intrnl_Id="696">
<LocList>
<Loc EndOffset="2834" SrcFileId="7" StartOffset="2787"/>
</LocList>
</BasicStmnt>
</StmntSeq>
</HierarchyLvl>
<HierarchyLvl HierarchyLvlId="821" HierarchyLvlTypeId="17" Intrnl_Id="697" Name="fetchCourseStart">
<Header>
<Loc EndOffset="2902" SrcFileId="7" StartOffset="2858"/>
</Header>
<LocList>
<Loc EndOffset="3033" SrcFileId="7" StartOffset="2858"/>
</LocList>
<StmntSeq Intrnl_Id="698">
<LocList>
<Loc EndOffset="3019" SrcFileId="7" StartOffset="2975"/>
</LocList>
<BasicStmnt CovItemId="S25" CovItemPrefix="my.PSM.PSM_Storage.DBConnection.java" Intrnl_Id="699">
<LocList>
<Loc EndOffset="3019" SrcFileId="7" StartOffset="2975"/>
</LocList>
</BasicStmnt>
</StmntSeq>
</HierarchyLvl>
<HierarchyLvl HierarchyLvlId="822" HierarchyLvlTypeId="17" Intrnl_Id="700" Name="fetchCourseEnd">
<Header>
<Loc EndOffset="3085" SrcFileId="7" StartOffset="3043"/>
</Header>
<LocList>
<Loc EndOffset="3222" SrcFileId="7" StartOffset="3043"/>
</LocList>
<StmntSeq Intrnl_Id="701">
<LocList>
<Loc EndOffset="3208" SrcFileId="7" StartOffset="3166"/>
</LocList>
<BasicStmnt CovItemId="S26" CovItemPrefix="my.PSM.PSM_Storage.DBConnection.java" Intrnl_Id="702">
<LocList>
<Loc EndOffset="3208" SrcFileId="7" StartOffset="3166"/>
</LocList>
</BasicStmnt>
</StmntSeq>
</HierarchyLvl>
<HierarchyLvl HierarchyLvlId="823" HierarchyLvlTypeId="17" Intrnl_Id="703" Name="fetchStartMon">
<Header>
<Loc EndOffset="3757" SrcFileId="7" StartOffset="3716"/>
</Header>
<LocList>
<Loc EndOffset="3819" SrcFileId="7" StartOffset="3716"/>
</LocList>
<StmntSeq Intrnl_Id="704">
<LocList>
<Loc EndOffset="3813" SrcFileId="7" StartOffset="3772"/>
</LocList>
<BasicStmnt CovItemId="S27" CovItemPrefix="my.PSM.PSM_Storage.DBConnection.java" Intrnl_Id="705">
<LocList>
<Loc EndOffset="3813" SrcFileId="7" StartOffset="3772"/>
</LocList>
</BasicStmnt>
</StmntSeq>
</HierarchyLvl>
<HierarchyLvl HierarchyLvlId="824" HierarchyLvlTypeId="17" Intrnl_Id="706" Name="fetchEndMon">
<Header>
<Loc EndOffset="3868" SrcFileId="7" StartOffset="3829"/>
</Header>
<LocList>
<Loc EndOffset="3928" SrcFileId="7" StartOffset="3829"/>
</LocList>
<StmntSeq Intrnl_Id="707">
<LocList>
<Loc EndOffset="3922" SrcFileId="7" StartOffset="3883"/>
</LocList>
<BasicStmnt CovItemId="S28" CovItemPrefix="my.PSM.PSM_Storage.DBConnection.java" Intrnl_Id="708">
<LocList>
<Loc EndOffset="3922" SrcFileId="7" StartOffset="3883"/>
</LocList>
</BasicStmnt>
</StmntSeq>
</HierarchyLvl>
<HierarchyLvl HierarchyLvlId="825" HierarchyLvlTypeId="17" Intrnl_Id="709" Name="fetchStartTue">
<Header>
<Loc EndOffset="3979" SrcFileId="7" StartOffset="3938"/>
</Header>
<LocList>
<Loc EndOffset="4041" SrcFileId="7" StartOffset="3938"/>
</LocList>
<StmntSeq Intrnl_Id="710">
<LocList>
<Loc EndOffset="4035" SrcFileId="7" StartOffset="3994"/>
</LocList>
<BasicStmnt CovItemId="S29" CovItemPrefix="my.PSM.PSM_Storage.DBConnection.java" Intrnl_Id="711">
<LocList>
<Loc EndOffset="4035" SrcFileId="7" StartOffset="3994"/>
</LocList>
</BasicStmnt>
</StmntSeq>
</HierarchyLvl>
<HierarchyLvl HierarchyLvlId="826" HierarchyLvlTypeId="17" Intrnl_Id="712" Name="fetchEndTue">
<Header>
<Loc EndOffset="4090" SrcFileId="7" StartOffset="4051"/>
</Header>
<LocList>
<Loc EndOffset="4150" SrcFileId="7" StartOffset="4051"/>
</LocList>
<StmntSeq Intrnl_Id="713">
<LocList>
<Loc EndOffset="4144" SrcFileId="7" StartOffset="4105"/>
</LocList>
<BasicStmnt CovItemId="S30" CovItemPrefix="my.PSM.PSM_Storage.DBConnection.java" Intrnl_Id="714">
<LocList>
<Loc EndOffset="4144" SrcFileId="7" StartOffset="4105"/>
</LocList>
</BasicStmnt>
</StmntSeq>
</HierarchyLvl>
<HierarchyLvl HierarchyLvlId="827" HierarchyLvlTypeId="17" Intrnl_Id="715" Name="fetchStartWed">
<Header>
<Loc EndOffset="4201" SrcFileId="7" StartOffset="4160"/>
</Header>
<LocList>
<Loc EndOffset="4260" SrcFileId="7" StartOffset="4160"/>
</LocList>
<StmntSeq Intrnl_Id="716">
<LocList>
<Loc EndOffset="4254" SrcFileId="7" StartOffset="4213"/>
</LocList>
<BasicStmnt CovItemId="S31" CovItemPrefix="my.PSM.PSM_Storage.DBConnection.java" Intrnl_Id="717">
<LocList>
<Loc EndOffset="4254" SrcFileId="7" StartOffset="4213"/>
</LocList>
</BasicStmnt>
</StmntSeq>
</HierarchyLvl>
<HierarchyLvl HierarchyLvlId="828" HierarchyLvlTypeId="17" Intrnl_Id="718" Name="fetchEndWed">
<Header>
<Loc EndOffset="4309" SrcFileId="7" StartOffset="4270"/>
</Header>
<LocList>
<Loc EndOffset="4366" SrcFileId="7" StartOffset="4270"/>
</LocList>
<StmntSeq Intrnl_Id="719">
<LocList>
<Loc EndOffset="4360" SrcFileId="7" StartOffset="4321"/>
</LocList>
<BasicStmnt CovItemId="S32" CovItemPrefix="my.PSM.PSM_Storage.DBConnection.java" Intrnl_Id="720">
<LocList>
<Loc EndOffset="4360" SrcFileId="7" StartOffset="4321"/>
</LocList>
</BasicStmnt>
</StmntSeq>
</HierarchyLvl>
<HierarchyLvl HierarchyLvlId="829" HierarchyLvlTypeId="17" Intrnl_Id="721" Name="fetchStartThu">
<Header>
<Loc EndOffset="4422" SrcFileId="7" StartOffset="4381"/>
</Header>
<LocList>
<Loc EndOffset="4484" SrcFileId="7" StartOffset="4381"/>
</LocList>
<StmntSeq Intrnl_Id="722">
<LocList>
<Loc EndOffset="4478" SrcFileId="7" StartOffset="4437"/>
</LocList>
<BasicStmnt CovItemId="S33" CovItemPrefix="my.PSM.PSM_Storage.DBConnection.java" Intrnl_Id="723">
<LocList>
<Loc EndOffset="4478" SrcFileId="7" StartOffset="4437"/>
</LocList>
</BasicStmnt>
</StmntSeq>
</HierarchyLvl>
<HierarchyLvl HierarchyLvlId="830" HierarchyLvlTypeId="17" Intrnl_Id="724" Name="fetchEndThu">
<Header>
<Loc EndOffset="4533" SrcFileId="7" StartOffset="4494"/>
</Header>
<LocList>
<Loc EndOffset="4593" SrcFileId="7" StartOffset="4494"/>
</LocList>
<StmntSeq Intrnl_Id="725">
<LocList>
<Loc EndOffset="4587" SrcFileId="7" StartOffset="4548"/>
</LocList>
<BasicStmnt CovItemId="S34" CovItemPrefix="my.PSM.PSM_Storage.DBConnection.java" Intrnl_Id="726">
<LocList>
<Loc EndOffset="4587" SrcFileId="7" StartOffset="4548"/>
</LocList>
</BasicStmnt>
</StmntSeq>
</HierarchyLvl>
<HierarchyLvl HierarchyLvlId="831" HierarchyLvlTypeId="17" Intrnl_Id="727" Name="fetchStartFri">
<Header>
<Loc EndOffset="4644" SrcFileId="7" StartOffset="4603"/>
</Header>
<LocList>
<Loc EndOffset="4703" SrcFileId="7" StartOffset="4603"/>
</LocList>
<StmntSeq Intrnl_Id="728">
<LocList>
<Loc EndOffset="4697" SrcFileId="7" StartOffset="4656"/>
</LocList>
<BasicStmnt CovItemId="S35" CovItemPrefix="my.PSM.PSM_Storage.DBConnection.java" Intrnl_Id="729">
<LocList>
<Loc EndOffset="4697" SrcFileId="7" StartOffset="4656"/>
</LocList>
</BasicStmnt>
</StmntSeq>
</HierarchyLvl>
<HierarchyLvl HierarchyLvlId="832" HierarchyLvlTypeId="17" Intrnl_Id="730" Name="fetchEndFri">
<Header>
<Loc EndOffset="4752" SrcFileId="7" StartOffset="4713"/>
</Header>
<LocList>
<Loc EndOffset="4812" SrcFileId="7" StartOffset="4713"/>
</LocList>
<StmntSeq Intrnl_Id="731">
<LocList>
<Loc EndOffset="4806" SrcFileId="7" StartOffset="4767"/>
</LocList>
<BasicStmnt CovItemId="S36" CovItemPrefix="my.PSM.PSM_Storage.DBConnection.java" Intrnl_Id="732">
<LocList>
<Loc EndOffset="4806" SrcFileId="7" StartOffset="4767"/>
</LocList>
</BasicStmnt>
</StmntSeq>
</HierarchyLvl>
<HierarchyLvl HierarchyLvlId="833" HierarchyLvlTypeId="17" Intrnl_Id="733" Name="fetchStartSat">
<Header>
<Loc EndOffset="4868" SrcFileId="7" StartOffset="4827"/>
</Header>
<LocList>
<Loc EndOffset="4930" SrcFileId="7" StartOffset="4827"/>
</LocList>
<StmntSeq Intrnl_Id="734">
<LocList>
<Loc EndOffset="4924" SrcFileId="7" StartOffset="4883"/>
</LocList>
<BasicStmnt CovItemId="S37" CovItemPrefix="my.PSM.PSM_Storage.DBConnection.java" Intrnl_Id="735">
<LocList>
<Loc EndOffset="4924" SrcFileId="7" StartOffset="4883"/>
</LocList>
</BasicStmnt>
</StmntSeq>
</HierarchyLvl>
<HierarchyLvl HierarchyLvlId="834" HierarchyLvlTypeId="17" Intrnl_Id="736" Name="fetchEndSat">
<Header>
<Loc EndOffset="4979" SrcFileId="7" StartOffset="4940"/>
</Header>
<LocList>
<Loc EndOffset="5048" SrcFileId="7" StartOffset="4940"/>
</LocList>
<StmntSeq Intrnl_Id="737">
<LocList>
<Loc EndOffset="5042" SrcFileId="7" StartOffset="5003"/>
</LocList>
<BasicStmnt CovItemId="S38" CovItemPrefix="my.PSM.PSM_Storage.DBConnection.java" Intrnl_Id="738">
<LocList>
<Loc EndOffset="5042" SrcFileId="7" StartOffset="5003"/>
</LocList>
</BasicStmnt>
</StmntSeq>
</HierarchyLvl>
<HierarchyLvl HierarchyLvlId="835" HierarchyLvlTypeId="17" Intrnl_Id="739" Name="storeClassInfo">
<Header>
<Loc EndOffset="5152" SrcFileId="7" StartOffset="5058"/>
</Header>
<LocList>
<Loc EndOffset="5249" SrcFileId="7" StartOffset="5058"/>
</LocList>
<StmntSeq Intrnl_Id="740">
<LocList>
<Loc EndOffset="5243" SrcFileId="7" StartOffset="5167"/>
</LocList>
<BasicStmnt CovItemId="S39" CovItemPrefix="my.PSM.PSM_Storage.DBConnection.java" Intrnl_Id="741">
<LocList>
<Loc EndOffset="5243" SrcFileId="7" StartOffset="5167"/>
</LocList>
</BasicStmnt>
</StmntSeq>
</HierarchyLvl>
<HierarchyLvl HierarchyLvlId="836" HierarchyLvlTypeId="17" Intrnl_Id="742" Name="storeClassSched">
<Header>
<Loc EndOffset="5550" SrcFileId="7" StartOffset="5259"/>
</Header>
<LocList>
<Loc EndOffset="5751" SrcFileId="7" StartOffset="5259"/>
</LocList>
<StmntSeq Intrnl_Id="743">
<LocList>
<Loc EndOffset="5736" SrcFileId="7" StartOffset="5565"/>
</LocList>
<BasicStmnt CovItemId="S40" CovItemPrefix="my.PSM.PSM_Storage.DBConnection.java" Intrnl_Id="744">
<LocList>
<Loc EndOffset="5736" SrcFileId="7" StartOffset="5565"/>
</LocList>
</BasicStmnt>
</StmntSeq>
</HierarchyLvl>
<HierarchyLvl HierarchyLvlId="837" HierarchyLvlTypeId="17" Intrnl_Id="745" Name="clearDatabase">
<Header>
<Loc EndOffset="5788" SrcFileId="7" StartOffset="5761"/>
</Header>
<LocList>
<Loc EndOffset="5835" SrcFileId="7" StartOffset="5761"/>
</LocList>
<StmntSeq Intrnl_Id="746">
<LocList>
<Loc EndOffset="5829" SrcFileId="7" StartOffset="5803"/>
</LocList>
<BasicStmnt CovItemId="S41" CovItemPrefix="my.PSM.PSM_Storage.DBConnection.java" Intrnl_Id="747">
<LocList>
<Loc EndOffset="5829" SrcFileId="7" StartOffset="5803"/>
</LocList>
</BasicStmnt>
</StmntSeq>
</HierarchyLvl>
<HierarchyLvl HierarchyLvlId="838" HierarchyLvlTypeId="17" Intrnl_Id="748" Name="createClassTable">
<Header>
<Loc EndOffset="5874" SrcFileId="7" StartOffset="5845"/>
</Header>
<LocList>
<Loc EndOffset="5954" SrcFileId="7" StartOffset="5845"/>
</LocList>
<StmntSeq Intrnl_Id="749">
<LocList>
<Loc EndOffset="5924" SrcFileId="7" StartOffset="5888"/>
</LocList>
<BasicStmnt CovItemId="S42" CovItemPrefix="my.PSM.PSM_Storage.DBConnection.java" Intrnl_Id="750">
<LocList>
<Loc EndOffset="5924" SrcFileId="7" StartOffset="5888"/>
</LocList>
</BasicStmnt>
</StmntSeq>
</HierarchyLvl>
</HierarchyLvl>
<HierarchyLvl HierarchyLvlId="867" HierarchyLvlTypeId="16" Intrnl_Id="751" Name="DataStoreFacade">
<Header>
<Loc EndOffset="216" SrcFileId="8" StartOffset="188"/>
</Header>
<LocList>
<Loc EndOffset="3920" SrcFileId="8" StartOffset="188"/>
</LocList>
<StmntSeq Intrnl_Id="752">
<LocList>
<Loc EndOffset="356" SrcFileId="8" StartOffset="297"/>
</LocList>
<BasicStmnt CovItemId="S1" CovItemPrefix="my.PSM.PSM_Storage.DataStoreFacade.java" Intrnl_Id="753">
<LocList>
<Loc EndOffset="356" SrcFileId="8" StartOffset="297"/>
</LocList>
</BasicStmnt>
</StmntSeq>
<HierarchyLvl HierarchyLvlId="840" HierarchyLvlTypeId="17" Intrnl_Id="754" Name="DataStoreFacade">
<Header>
<Loc EndOffset="244" SrcFileId="8" StartOffset="220"/>
</Header>
<LocList>
<Loc EndOffset="251" SrcFileId="8" StartOffset="220"/>
</LocList>
</HierarchyLvl>
<HierarchyLvl HierarchyLvlId="841" HierarchyLvlTypeId="17" Intrnl_Id="755" Name="getCon">
<Header>
<Loc EndOffset="388" SrcFileId="8" StartOffset="360"/>
</Header>
<LocList>
<Loc EndOffset="412" SrcFileId="8" StartOffset="360"/>
</LocList>
<StmntSeq Intrnl_Id="756">
<LocList>
<Loc EndOffset="409" SrcFileId="8" StartOffset="392"/>
</LocList>
<BasicStmnt CovItemId="S2" CovItemPrefix="my.PSM.PSM_Storage.DataStoreFacade.java" Intrnl_Id="757">
<LocList>
<Loc EndOffset="409" SrcFileId="8" StartOffset="392"/>
</LocList>
</BasicStmnt>
</StmntSeq>
</HierarchyLvl>
<HierarchyLvl HierarchyLvlId="842" HierarchyLvlTypeId="17" Intrnl_Id="758" Name="connect">
<Header>
<Loc EndOffset="466" SrcFileId="8" StartOffset="414"/>
</Header>
<LocList>
<Loc EndOffset="566" SrcFileId="8" StartOffset="414"/>
</LocList>
<StmntSeq Intrnl_Id="759">
<LocList>
<Loc EndOffset="563" SrcFileId="8" StartOffset="518"/>
</LocList>
<BasicStmnt CovItemId="S3" CovItemPrefix="my.PSM.PSM_Storage.DataStoreFacade.java" Intrnl_Id="760">
<LocList>
<Loc EndOffset="563" SrcFileId="8" StartOffset="518"/>
</LocList>
</BasicStmnt>
</StmntSeq>
</HierarchyLvl>
<HierarchyLvl HierarchyLvlId="843" HierarchyLvlTypeId="17" Intrnl_Id="761" Name="disconnect">
<Header>
<Loc EndOffset="592" SrcFileId="8" StartOffset="569"/>
</Header>
<LocList>
<Loc EndOffset="630" SrcFileId="8" StartOffset="569"/>
</LocList>
<StmntSeq Intrnl_Id="762">
<LocList>
<Loc EndOffset="627" SrcFileId="8" StartOffset="597"/>
</LocList>
<BasicStmnt CovItemId="S4" CovItemPrefix="my.PSM.PSM_Storage.DataStoreFacade.java" Intrnl_Id="763">
<LocList>
<Loc EndOffset="627" SrcFileId="8" StartOffset="597"/>
</LocList>
</BasicStmnt>
</StmntSeq>
</HierarchyLvl>
<HierarchyLvl HierarchyLvlId="844" HierarchyLvlTypeId="17" Intrnl_Id="764" Name="getEndDates">
<Header>
<Loc EndOffset="673" SrcFileId="8" StartOffset="635"/>
</Header>
<LocList>
<Loc EndOffset="712" SrcFileId="8" StartOffset="635"/>
</LocList>
<StmntSeq Intrnl_Id="765">
<LocList>
<Loc EndOffset="709" SrcFileId="8" StartOffset="678"/>
</LocList>
<BasicStmnt CovItemId="S5" CovItemPrefix="my.PSM.PSM_Storage.DataStoreFacade.java" Intrnl_Id="766">
<LocList>
<Loc EndOffset="709" SrcFileId="8" StartOffset="678"/>
</LocList>
</BasicStmnt>
</StmntSeq>
</HierarchyLvl>
<HierarchyLvl HierarchyLvlId="845" HierarchyLvlTypeId="17" Intrnl_Id="767" Name="fetchCourses">
<Header>
<Loc EndOffset="742" SrcFileId="8" StartOffset="714"/>
</Header>
<LocList>
<Loc EndOffset="826" SrcFileId="8" StartOffset="714"/>
</LocList>
<StmntSeq Intrnl_Id="768">
<LocList>
<Loc EndOffset="823" SrcFileId="8" StartOffset="780"/>
</LocList>
<BasicStmnt CovItemId="S6" CovItemPrefix="my.PSM.PSM_Storage.DataStoreFacade.java" Intrnl_Id="769">
<LocList>
<Loc EndOffset="823" SrcFileId="8" StartOffset="780"/>
</LocList>
</BasicStmnt>
</StmntSeq>
</HierarchyLvl>
<HierarchyLvl HierarchyLvlId="846" HierarchyLvlTypeId="17" Intrnl_Id="770" Name="fetchCourseSubj">
<Header>
<Loc EndOffset="871" SrcFileId="8" StartOffset="828"/>
</Header>
<LocList>
<Loc EndOffset="966" SrcFileId="8" StartOffset="828"/>
</LocList>
<StmntSeq Intrnl_Id="771">
<LocList>
<Loc EndOffset="963" SrcFileId="8" StartOffset="920"/>
</LocList>
<BasicStmnt CovItemId="S7" CovItemPrefix="my.PSM.PSM_Storage.DataStoreFacade.java" Intrnl_Id="772">
<LocList>
<Loc EndOffset="963" SrcFileId="8" StartOffset="920"/>
</LocList>
</BasicStmnt>
</StmntSeq>
</HierarchyLvl>
<HierarchyLvl HierarchyLvlId="847" HierarchyLvlTypeId="17" Intrnl_Id="773" Name="fetchCourseName">
<Header>
<Loc EndOffset="1011" SrcFileId="8" StartOffset="968"/>
</Header>
<LocList>
<Loc EndOffset="1106" SrcFileId="8" StartOffset="968"/>
</LocList>
<StmntSeq Intrnl_Id="774">
<LocList>
<Loc EndOffset="1103" SrcFileId="8" StartOffset="1060"/>
</LocList>
<BasicStmnt CovItemId="S8" CovItemPrefix="my.PSM.PSM_Storage.DataStoreFacade.java" Intrnl_Id="775">
<LocList>
<Loc EndOffset="1103" SrcFileId="8" StartOffset="1060"/>
</LocList>
</BasicStmnt>
</StmntSeq>
</HierarchyLvl>
<HierarchyLvl HierarchyLvlId="848" HierarchyLvlTypeId="17" Intrnl_Id="776" Name="fetchCourseSemester">
<Header>
<Loc EndOffset="1155" SrcFileId="8" StartOffset="1108"/>
</Header>
<LocList>
<Loc EndOffset="1258" SrcFileId="8" StartOffset="1108"/>
</LocList>
<StmntSeq Intrnl_Id="777">
<LocList>
<Loc EndOffset="1255" SrcFileId="8" StartOffset="1208"/>
</LocList>
<BasicStmnt CovItemId="S9" CovItemPrefix="my.PSM.PSM_Storage.DataStoreFacade.java" Intrnl_Id="778">
<LocList>
<Loc EndOffset="1255" SrcFileId="8" StartOffset="1208"/>
</LocList>
</BasicStmnt>
</StmntSeq>
</HierarchyLvl>
<HierarchyLvl HierarchyLvlId="849" HierarchyLvlTypeId="17" Intrnl_Id="779" Name="fetchCourseStart">
<Header>
<Loc EndOffset="1304" SrcFileId="8" StartOffset="1260"/>
</Header>
<LocList>
<Loc EndOffset="1401" SrcFileId="8" StartOffset="1260"/>
</LocList>
<StmntSeq Intrnl_Id="780">
<LocList>
<Loc EndOffset="1398" SrcFileId="8" StartOffset="1354"/>
</LocList>
<BasicStmnt CovItemId="S10" CovItemPrefix="my.PSM.PSM_Storage.DataStoreFacade.java" Intrnl_Id="781">
<LocList>
<Loc EndOffset="1398" SrcFileId="8" StartOffset="1354"/>
</LocList>
</BasicStmnt>
</StmntSeq>
</HierarchyLvl>
<HierarchyLvl HierarchyLvlId="850" HierarchyLvlTypeId="17" Intrnl_Id="782" Name="fetchCourseEnd">
<Header>
<Loc EndOffset="1445" SrcFileId="8" StartOffset="1403"/>
</Header>
<LocList>
<Loc EndOffset="1538" SrcFileId="8" StartOffset="1403"/>
</LocList>
<StmntSeq Intrnl_Id="783">
<LocList>
<Loc EndOffset="1535" SrcFileId="8" StartOffset="1493"/>
</LocList>
<BasicStmnt CovItemId="S11" CovItemPrefix="my.PSM.PSM_Storage.DataStoreFacade.java" Intrnl_Id="784">
<LocList>
<Loc EndOffset="1535" SrcFileId="8" StartOffset="1493"/>
</LocList>
</BasicStmnt>
</StmntSeq>
</HierarchyLvl>
<HierarchyLvl HierarchyLvlId="851" HierarchyLvlTypeId="17" Intrnl_Id="785" Name="fetchStartMon">
<Header>
<Loc EndOffset="1581" SrcFileId="8" StartOffset="1540"/>
</Header>
<LocList>
<Loc EndOffset="1672" SrcFileId="8" StartOffset="1540"/>
</LocList>
<StmntSeq Intrnl_Id="786">
<LocList>
<Loc EndOffset="1669" SrcFileId="8" StartOffset="1628"/>
</LocList>
<BasicStmnt CovItemId="S12" CovItemPrefix="my.PSM.PSM_Storage.DataStoreFacade.java" Intrnl_Id="787">
<LocList>
<Loc EndOffset="1669" SrcFileId="8" StartOffset="1628"/>
</LocList>
</BasicStmnt>
</StmntSeq>
</HierarchyLvl>
<HierarchyLvl HierarchyLvlId="852" HierarchyLvlTypeId="17" Intrnl_Id="788" Name="fetchEndMon">
<Header>
<Loc EndOffset="1713" SrcFileId="8" StartOffset="1674"/>
</Header>
<LocList>
<Loc EndOffset="1800" SrcFileId="8" StartOffset="1674"/>
</LocList>
<StmntSeq Intrnl_Id="789">
<LocList>
<Loc EndOffset="1797" SrcFileId="8" StartOffset="1758"/>
</LocList>
<BasicStmnt CovItemId="S13" CovItemPrefix="my.PSM.PSM_Storage.DataStoreFacade.java" Intrnl_Id="790">
<LocList>
<Loc EndOffset="1797" SrcFileId="8" StartOffset="1758"/>
</LocList>
</BasicStmnt>
</StmntSeq>
</HierarchyLvl>
<HierarchyLvl HierarchyLvlId="853" HierarchyLvlTypeId="17" Intrnl_Id="791" Name="fetchStartTue">
<Header>
<Loc EndOffset="1843" SrcFileId="8" StartOffset="1802"/>
</Header>
<LocList>
<Loc EndOffset="1934" SrcFileId="8" StartOffset="1802"/>
</LocList>
<StmntSeq Intrnl_Id="792">
<LocList>
<Loc EndOffset="1931" SrcFileId="8" StartOffset="1890"/>
</LocList>
<BasicStmnt CovItemId="S14" CovItemPrefix="my.PSM.PSM_Storage.DataStoreFacade.java" Intrnl_Id="793">
<LocList>
<Loc EndOffset="1931" SrcFileId="8" StartOffset="1890"/>
</LocList>
</BasicStmnt>
</StmntSeq>
</HierarchyLvl>
<HierarchyLvl HierarchyLvlId="854" HierarchyLvlTypeId="17" Intrnl_Id="794" Name="fetchEndTue">
<Header>
<Loc EndOffset="1975" SrcFileId="8" StartOffset="1936"/>
</Header>
<LocList>
<Loc EndOffset="2062" SrcFileId="8" StartOffset="1936"/>
</LocList>
<StmntSeq Intrnl_Id="795">
<LocList>
<Loc EndOffset="2059" SrcFileId="8" StartOffset="2020"/>
</LocList>
<BasicStmnt CovItemId="S15" CovItemPrefix="my.PSM.PSM_Storage.DataStoreFacade.java" Intrnl_Id="796">
<LocList>
<Loc EndOffset="2059" SrcFileId="8" StartOffset="2020"/>
</LocList>
</BasicStmnt>
</StmntSeq>
</HierarchyLvl>
<HierarchyLvl HierarchyLvlId="855" HierarchyLvlTypeId="17" Intrnl_Id="797" Name="fetchStartWed">
<Header>
<Loc EndOffset="2105" SrcFileId="8" StartOffset="2064"/>
</Header>
<LocList>
<Loc EndOffset="2196" SrcFileId="8" StartOffset="2064"/>
</LocList>
<StmntSeq Intrnl_Id="798">
<LocList>
<Loc EndOffset="2193" SrcFileId="8" StartOffset="2152"/>
</LocList>
<BasicStmnt CovItemId="S16" CovItemPrefix="my.PSM.PSM_Storage.DataStoreFacade.java" Intrnl_Id="799">
<LocList>
<Loc EndOffset="2193" SrcFileId="8" StartOffset="2152"/>
</LocList>
</BasicStmnt>
</StmntSeq>
</HierarchyLvl>
<HierarchyLvl HierarchyLvlId="856" HierarchyLvlTypeId="17" Intrnl_Id="800" Name="fetchEndWed">
<Header>
<Loc EndOffset="2237" SrcFileId="8" StartOffset="2198"/>
</Header>
<LocList>
<Loc EndOffset="2324" SrcFileId="8" StartOffset="2198"/>
</LocList>
<StmntSeq Intrnl_Id="801">
<LocList>
<Loc EndOffset="2321" SrcFileId="8" StartOffset="2282"/>
</LocList>
<BasicStmnt CovItemId="S17" CovItemPrefix="my.PSM.PSM_Storage.DataStoreFacade.java" Intrnl_Id="802">
<LocList>
<Loc EndOffset="2321" SrcFileId="8" StartOffset="2282"/>
</LocList>
</BasicStmnt>
</StmntSeq>
</HierarchyLvl>
<HierarchyLvl HierarchyLvlId="857" HierarchyLvlTypeId="17" Intrnl_Id="803" Name="fetchStartThu">
<Header>
<Loc EndOffset="2367" SrcFileId="8" StartOffset="2326"/>
</Header>
<LocList>
<Loc EndOffset="2458" SrcFileId="8" StartOffset="2326"/>
</LocList>
<StmntSeq Intrnl_Id="804">
<LocList>
<Loc EndOffset="2455" SrcFileId="8" StartOffset="2414"/>
</LocList>
<BasicStmnt CovItemId="S18" CovItemPrefix="my.PSM.PSM_Storage.DataStoreFacade.java" Intrnl_Id="805">
<LocList>
<Loc EndOffset="2455" SrcFileId="8" StartOffset="2414"/>
</LocList>
</BasicStmnt>
</StmntSeq>
</HierarchyLvl>
<HierarchyLvl HierarchyLvlId="858" HierarchyLvlTypeId="17" Intrnl_Id="806" Name="fetchEndThu">
<Header>
<Loc EndOffset="2499" SrcFileId="8" StartOffset="2460"/>
</Header>
<LocList>
<Loc EndOffset="2586" SrcFileId="8" StartOffset="2460"/>
</LocList>
<StmntSeq Intrnl_Id="807">
<LocList>
<Loc EndOffset="2583" SrcFileId="8" StartOffset="2544"/>
</LocList>
<BasicStmnt CovItemId="S19" CovItemPrefix="my.PSM.PSM_Storage.DataStoreFacade.java" Intrnl_Id="808">
<LocList>
<Loc EndOffset="2583" SrcFileId="8" StartOffset="2544"/>
</LocList>
</BasicStmnt>
</StmntSeq>
</HierarchyLvl>
<HierarchyLvl HierarchyLvlId="859" HierarchyLvlTypeId="17" Intrnl_Id="809" Name="fetchStartFri">
<Header>
<Loc EndOffset="2629" SrcFileId="8" StartOffset="2588"/>
</Header>
<LocList>
<Loc EndOffset="2720" SrcFileId="8" StartOffset="2588"/>
</LocList>
<StmntSeq Intrnl_Id="810">
<LocList>
<Loc EndOffset="2717" SrcFileId="8" StartOffset="2676"/>
</LocList>
<BasicStmnt CovItemId="S20" CovItemPrefix="my.PSM.PSM_Storage.DataStoreFacade.java" Intrnl_Id="811">
<LocList>
<Loc EndOffset="2717" SrcFileId="8" StartOffset="2676"/>
</LocList>
</BasicStmnt>
</StmntSeq>
</HierarchyLvl>
<HierarchyLvl HierarchyLvlId="860" HierarchyLvlTypeId="17" Intrnl_Id="812" Name="fetchEndFri">
<Header>
<Loc EndOffset="2761" SrcFileId="8" StartOffset="2722"/>
</Header>
<LocList>
<Loc EndOffset="2848" SrcFileId="8" StartOffset="2722"/>
</LocList>
<StmntSeq Intrnl_Id="813">
<LocList>
<Loc EndOffset="2845" SrcFileId="8" StartOffset="2806"/>
</LocList>
<BasicStmnt CovItemId="S21" CovItemPrefix="my.PSM.PSM_Storage.DataStoreFacade.java" Intrnl_Id="814">
<LocList>
<Loc EndOffset="2845" SrcFileId="8" StartOffset="2806"/>
</LocList>
</BasicStmnt>
</StmntSeq>
</HierarchyLvl>
<HierarchyLvl HierarchyLvlId="861" HierarchyLvlTypeId="17" Intrnl_Id="815" Name="fetchStartSat">
<Header>
<Loc EndOffset="2891" SrcFileId="8" StartOffset="2850"/>
</Header>
<LocList>
<Loc EndOffset="2982" SrcFileId="8" StartOffset="2850"/>
</LocList>
<StmntSeq Intrnl_Id="816">
<LocList>
<Loc EndOffset="2979" SrcFileId="8" StartOffset="2938"/>
</LocList>
<BasicStmnt CovItemId="S22" CovItemPrefix="my.PSM.PSM_Storage.DataStoreFacade.java" Intrnl_Id="817">
<LocList>
<Loc EndOffset="2979" SrcFileId="8" StartOffset="2938"/>
</LocList>
</BasicStmnt>
</StmntSeq>
</HierarchyLvl>
<HierarchyLvl HierarchyLvlId="862" HierarchyLvlTypeId="17" Intrnl_Id="818" Name="fetchEndSat">
<Header>
<Loc EndOffset="3023" SrcFileId="8" StartOffset="2984"/>
</Header>
<LocList>
<Loc EndOffset="3110" SrcFileId="8" StartOffset="2984"/>
</LocList>
<StmntSeq Intrnl_Id="819">
<LocList>
<Loc EndOffset="3107" SrcFileId="8" StartOffset="3068"/>
</LocList>
<BasicStmnt CovItemId="S23" CovItemPrefix="my.PSM.PSM_Storage.DataStoreFacade.java" Intrnl_Id="820">
<LocList>
<Loc EndOffset="3107" SrcFileId="8" StartOffset="3068"/>
</LocList>
</BasicStmnt>
</StmntSeq>
</HierarchyLvl>
<HierarchyLvl HierarchyLvlId="863" HierarchyLvlTypeId="17" Intrnl_Id="821" Name="clearDatabase">
<Header>
<Loc EndOffset="3139" SrcFileId="8" StartOffset="3112"/>
</Header>
<LocList>
<Loc EndOffset="3173" SrcFileId="8" StartOffset="3112"/>
</LocList>
<StmntSeq Intrnl_Id="822">
<LocList>
<Loc EndOffset="3170" SrcFileId="8" StartOffset="3144"/>
</LocList>
<BasicStmnt CovItemId="S24" CovItemPrefix="my.PSM.PSM_Storage.DataStoreFacade.java" Intrnl_Id="823">
<LocList>
<Loc EndOffset="3170" SrcFileId="8" StartOffset="3144"/>
</LocList>
</BasicStmnt>
</StmntSeq>
</HierarchyLvl>
<HierarchyLvl HierarchyLvlId="864" HierarchyLvlTypeId="17" Intrnl_Id="824" Name="getCourses">
<Header>
<Loc EndOffset="3213" SrcFileId="8" StartOffset="3175"/>
</Header>
<LocList>
<Loc EndOffset="3251" SrcFileId="8" StartOffset="3175"/>
</LocList>
<StmntSeq Intrnl_Id="825">
<LocList>
<Loc EndOffset="3248" SrcFileId="8" StartOffset="3218"/>
</LocList>
<BasicStmnt CovItemId="S25" CovItemPrefix="my.PSM.PSM_Storage.DataStoreFacade.java" Intrnl_Id="826">
<LocList>
<Loc EndOffset="3248" SrcFileId="8" StartOffset="3218"/>
</LocList>
</BasicStmnt>
</StmntSeq>
</HierarchyLvl>
<HierarchyLvl HierarchyLvlId="865" HierarchyLvlTypeId="17" Intrnl_Id="827" Name="storeClassInfo">
<Header>
<Loc EndOffset="3347" SrcFileId="8" StartOffset="3253"/>
</Header>
<LocList>
<Loc EndOffset="3432" SrcFileId="8" StartOffset="3253"/>
</LocList>
<StmntSeq Intrnl_Id="828">
<LocList>
<Loc EndOffset="3429" SrcFileId="8" StartOffset="3353"/>
</LocList>
<BasicStmnt CovItemId="S26" CovItemPrefix="my.PSM.PSM_Storage.DataStoreFacade.java" Intrnl_Id="829">
<LocList>
<Loc EndOffset="3429" SrcFileId="8" StartOffset="3353"/>
</LocList>
</BasicStmnt>
</StmntSeq>
</HierarchyLvl>
<HierarchyLvl HierarchyLvlId="866" HierarchyLvlTypeId="17" Intrnl_Id="830" Name="storeClassSched">
<Header>
<Loc EndOffset="3728" SrcFileId="8" StartOffset="3436"/>
</Header>
<LocList>
<Loc EndOffset="3914" SrcFileId="8" StartOffset="3436"/>
</LocList>
<StmntSeq Intrnl_Id="831">
<LocList>
<Loc EndOffset="3908" SrcFileId="8" StartOffset="3737"/>
</LocList>
<BasicStmnt CovItemId="S27" CovItemPrefix="my.PSM.PSM_Storage.DataStoreFacade.java" Intrnl_Id="832">
<LocList>
<Loc EndOffset="3908" SrcFileId="8" StartOffset="3737"/>
</LocList>
</BasicStmnt>
</StmntSeq>
</HierarchyLvl>
</HierarchyLvl>
<HierarchyLvl HierarchyLvlId="896" HierarchyLvlTypeId="16" Intrnl_Id="833" Name="MySQLManager">
<Header>
<Loc EndOffset="204" SrcFileId="9" StartOffset="179"/>
</Header>
<LocList>
<Loc EndOffset="16242" SrcFileId="9" StartOffset="179"/>
</LocList>
<HierarchyLvl HierarchyLvlId="868" HierarchyLvlTypeId="17" Intrnl_Id="834" Name="MySQLManager">
<Header>
<Loc EndOffset="288" SrcFileId="9" StartOffset="267"/>
</Header>
<LocList>
<Loc EndOffset="360" SrcFileId="9" StartOffset="267"/>
</LocList>
<StmntSeq Intrnl_Id="835">
<LocList>
<Loc EndOffset="306" SrcFileId="9" StartOffset="293"/>
<Loc EndOffset="356" SrcFileId="9" StartOffset="310"/>
</LocList>
<BasicStmnt CovItemId="S1" CovItemPrefix="my.PSM.PSM_Storage.MySQLManager.java" Intrnl_Id="836">
<LocList>
<Loc EndOffset="306" SrcFileId="9" StartOffset="293"/>
</LocList>
</BasicStmnt>
<BasicStmnt CovItemId="S2" CovItemPrefix="my.PSM.PSM_Storage.MySQLManager.java" Intrnl_Id="837">
<LocList>
<Loc EndOffset="356" SrcFileId="9" StartOffset="310"/>
</LocList>
</BasicStmnt>
</StmntSeq>
</HierarchyLvl>
<HierarchyLvl HierarchyLvlId="869" HierarchyLvlTypeId="17" Intrnl_Id="838" Name="connect">
<Header>
<Loc EndOffset="419" SrcFileId="9" StartOffset="366"/>
</Header>
<LocList>
<Loc EndOffset="834" SrcFileId="9" StartOffset="366"/>
</LocList>
<StmntSeq Intrnl_Id="839">
<LocList>
<Loc EndOffset="548" SrcFileId="9" StartOffset="509"/>
<Loc EndOffset="611" SrcFileId="9" StartOffset="563"/>
<Loc EndOffset="799" SrcFileId="9" StartOffset="424"/>
<Loc EndOffset="830" SrcFileId="9" StartOffset="821"/>
</LocList>
<BasicStmnt CovItemId="S4" CovItemPrefix="my.PSM.PSM_Storage.MySQLManager.java" Intrnl_Id="840">
<LocList>
<Loc EndOffset="548" SrcFileId="9" StartOffset="509"/>
</LocList>
</BasicStmnt>
<BasicStmnt CovItemId="S5" CovItemPrefix="my.PSM.PSM_Storage.MySQLManager.java" Intrnl_Id="841">
<LocList>
<Loc EndOffset="611" SrcFileId="9" StartOffset="563"/>
</LocList>
</BasicStmnt>
<CondStmnt CovItemId="S3" CovItemPrefix="my.PSM.PSM_Storage.MySQLManager.java" Intrnl_Id="842">
<Branch CovItemId="B1" CovItemPrefix="my.PSM.PSM_Storage.MySQLManager.java" Implct="true" Intrnl_Id="843">
<Cond/>
<LocList/>
<StmntSeq Intrnl_Id="844">
<LocList/>
</StmntSeq>
</Branch>
<Branch CovItemId="B2" CovItemPrefix="my.PSM.PSM_Storage.MySQLManager.java" Implct="false" Intrnl_Id="845">
<Cond>
<Loc EndOffset="694" SrcFileId="9" StartOffset="675"/>
</Cond>
<LocList>
<Loc EndOffset="799" SrcFileId="9" StartOffset="694"/>
</LocList>
<StmntSeq Intrnl_Id="846">
<LocList>
<Loc EndOffset="730" SrcFileId="9" StartOffset="710"/>
<Loc EndOffset="755" SrcFileId="9" StartOffset="745"/>
</LocList>
<BasicStmnt CovItemId="S6" CovItemPrefix="my.PSM.PSM_Storage.MySQLManager.java" Intrnl_Id="847">
<LocList>
<Loc EndOffset="730" SrcFileId="9" StartOffset="710"/>
</LocList>
</BasicStmnt>
<BasicStmnt CovItemId="S7" CovItemPrefix="my.PSM.PSM_Storage.MySQLManager.java" Intrnl_Id="848">
<LocList>
<Loc EndOffset="755" SrcFileId="9" StartOffset="745"/>
</LocList>
</BasicStmnt>
</StmntSeq>
</Branch>
<Keyword EndOffset="427" SrcFileId="9" StartOffset="424"/>
<LocList>
<Loc EndOffset="799" SrcFileId="9" StartOffset="424"/>
</LocList>
</CondStmnt>
<BasicStmnt CovItemId="S8" CovItemPrefix="my.PSM.PSM_Storage.MySQLManager.java" Intrnl_Id="849">
<LocList>
<Loc EndOffset="830" SrcFileId="9" StartOffset="821"/>
</LocList>
</BasicStmnt>
</StmntSeq>
</HierarchyLvl>
<HierarchyLvl HierarchyLvlId="870" HierarchyLvlTypeId="17" Intrnl_Id="850" Name="connect">
<Header>
<Loc EndOffset="881" SrcFileId="9" StartOffset="840"/>
</Header>
<LocList>
<Loc EndOffset="925" SrcFileId="9" StartOffset="840"/>
</LocList>
<StmntSeq Intrnl_Id="851">
<LocList>
<Loc EndOffset="921" SrcFileId="9" StartOffset="886"/>
</LocList>
<BasicStmnt CovItemId="S9" CovItemPrefix="my.PSM.PSM_Storage.MySQLManager.java" Intrnl_Id="852">
<LocList>
<Loc EndOffset="921" SrcFileId="9" StartOffset="886"/>
</LocList>
</BasicStmnt>
</StmntSeq>
</HierarchyLvl>
<HierarchyLvl HierarchyLvlId="871" HierarchyLvlTypeId="17" Intrnl_Id="853" Name="disconnect">
<Header>
<Loc EndOffset="954" SrcFileId="9" StartOffset="931"/>
</Header>
<LocList>
<Loc EndOffset="1222" SrcFileId="9" StartOffset="931"/>
</LocList>
<StmntSeq Intrnl_Id="854">
<LocList>
<Loc EndOffset="1196" SrcFileId="9" StartOffset="971"/>
<Loc EndOffset="1215" SrcFileId="9" StartOffset="1206"/>
</LocList>
<CondStmnt CovItemId="S10" CovItemPrefix="my.PSM.PSM_Storage.MySQLManager.java" Intrnl_Id="855">
<Branch CovItemId="B3" CovItemPrefix="my.PSM.PSM_Storage.MySQLManager.java" Implct="false" Intrnl_Id="856">
<Cond/>
<LocList>
<Loc EndOffset="1196" SrcFileId="9" StartOffset="988"/>
</LocList>
<StmntSeq Intrnl_Id="857">
<LocList>
<Loc EndOffset="1039" SrcFileId="9" StartOffset="1025"/>
<Loc EndOffset="1185" SrcFileId="9" StartOffset="1003"/>
</LocList>
<BasicStmnt CovItemId="S12" CovItemPrefix="my.PSM.PSM_Storage.MySQLManager.java" Intrnl_Id="858">
<LocList>
<Loc EndOffset="1039" SrcFileId="9" StartOffset="1025"/>
</LocList>
</BasicStmnt>
<CondStmnt CovItemId="S11" CovItemPrefix="my.PSM.PSM_Storage.MySQLManager.java" Intrnl_Id="859">
<Branch CovItemId="B5" CovItemPrefix="my.PSM.PSM_Storage.MySQLManager.java" Implct="true" Intrnl_Id="860">
<Cond/>
<LocList/>
<StmntSeq Intrnl_Id="861">
<LocList/>
</StmntSeq>
</Branch>
<Branch CovItemId="B6" CovItemPrefix="my.PSM.PSM_Storage.MySQLManager.java" Implct="false" Intrnl_Id="862">
<Cond>
<Loc EndOffset="1103" SrcFileId="9" StartOffset="1085"/>
</Cond>
<LocList>
<Loc EndOffset="1185" SrcFileId="9" StartOffset="1103"/>
</LocList>
<StmntSeq Intrnl_Id="863">
<LocList>
<Loc EndOffset="1142" SrcFileId="9" StartOffset="1122"/>
<Loc EndOffset="1170" SrcFileId="9" StartOffset="1160"/>
</LocList>
<BasicStmnt CovItemId="S13" CovItemPrefix="my.PSM.PSM_Storage.MySQLManager.java" Intrnl_Id="864">
<LocList>
<Loc EndOffset="1142" SrcFileId="9" StartOffset="1122"/>
</LocList>
</BasicStmnt>
<BasicStmnt CovItemId="S14" CovItemPrefix="my.PSM.PSM_Storage.MySQLManager.java" Intrnl_Id="865">
<LocList>
<Loc EndOffset="1170" SrcFileId="9" StartOffset="1160"/>
</LocList>
</BasicStmnt>
</StmntSeq>
</Branch>
<Keyword EndOffset="1006" SrcFileId="9" StartOffset="1003"/>
<LocList>
<Loc EndOffset="1185" SrcFileId="9" StartOffset="1003"/>
</LocList>
</CondStmnt>
</StmntSeq>
</Branch>
<Branch CovItemId="B4" CovItemPrefix="my.PSM.PSM_Storage.MySQLManager.java" Implct="true" Intrnl_Id="866">
<Cond/>
<LocList/>
<StmntSeq Intrnl_Id="867">
<LocList/>
</StmntSeq>
</Branch>
<Keyword EndOffset="973" SrcFileId="9" StartOffset="971"/>
<LocList>
<Loc EndOffset="1196" SrcFileId="9" StartOffset="971"/>
</LocList>
<RootTerm CovItemId="C1" CovItemPrefix="my.PSM.PSM_Storage.MySQLManager.java" Intrnl_Id="868">
<BasicBoolTerm Intrnl_Id="869">
<LocList>
<Loc EndOffset="987" SrcFileId="9" StartOffset="974"/>
</LocList>
</BasicBoolTerm>
</RootTerm>
</CondStmnt>
<BasicStmnt CovItemId="S15" CovItemPrefix="my.PSM.PSM_Storage.MySQLManager.java" Intrnl_Id="870">
<LocList>
<Loc EndOffset="1215" SrcFileId="9" StartOffset="1206"/>
</LocList>
</BasicStmnt>
</StmntSeq>
</HierarchyLvl>
<HierarchyLvl HierarchyLvlId="872" HierarchyLvlTypeId="17" Intrnl_Id="871" Name="fetchCourseID">
<Header>
<Loc EndOffset="1263" SrcFileId="9" StartOffset="1225"/>
</Header>
<LocList>
<Loc EndOffset="1903" SrcFileId="9" StartOffset="1225"/>
</LocList>
<StmntSeq Intrnl_Id="872">
<LocList>
<Loc EndOffset="1395" SrcFileId="9" StartOffset="1357"/>
<Loc EndOffset="1606" SrcFileId="9" StartOffset="1523"/>
<Loc EndOffset="1653" SrcFileId="9" StartOffset="1620"/>
<Loc EndOffset="1678" SrcFileId="9" StartOffset="1667"/>
<Loc EndOffset="1757" SrcFileId="9" StartOffset="1726"/>
<Loc EndOffset="1887" SrcFileId="9" StartOffset="1339"/>
</LocList>
<BasicStmnt CovItemId="S17" CovItemPrefix="my.PSM.PSM_Storage.MySQLManager.java" Intrnl_Id="873">
<LocList>
<Loc EndOffset="1395" SrcFileId="9" StartOffset="1357"/>
</LocList>
</BasicStmnt>
<BasicStmnt CovItemId="S18" CovItemPrefix="my.PSM.PSM_Storage.MySQLManager.java" Intrnl_Id="874">
<LocList>
<Loc EndOffset="1606" SrcFileId="9" StartOffset="1523"/>
</LocList>
</BasicStmnt>
<BasicStmnt CovItemId="S19" CovItemPrefix="my.PSM.PSM_Storage.MySQLManager.java" Intrnl_Id="875">
<LocList>
<Loc EndOffset="1653" SrcFileId="9" StartOffset="1620"/>
</LocList>
</BasicStmnt>
<BasicStmnt CovItemId="S20" CovItemPrefix="my.PSM.PSM_Storage.MySQLManager.java" Intrnl_Id="876">
<LocList>
<Loc EndOffset="1678" SrcFileId="9" StartOffset="1667"/>
</LocList>
</BasicStmnt>
<BasicStmnt CovItemId="S21" CovItemPrefix="my.PSM.PSM_Storage.MySQLManager.java" Intrnl_Id="877">
<LocList>
<Loc EndOffset="1757" SrcFileId="9" StartOffset="1726"/>
</LocList>
</BasicStmnt>
<CondStmnt CovItemId="S16" CovItemPrefix="my.PSM.PSM_Storage.MySQLManager.java" Intrnl_Id="878">
<Branch CovItemId="B7" CovItemPrefix="my.PSM.PSM_Storage.MySQLManager.java" Implct="true" Intrnl_Id="879">
<Cond/>
<LocList/>
<StmntSeq Intrnl_Id="880">
<LocList/>
</StmntSeq>
</Branch>
<Branch CovItemId="B8" CovItemPrefix="my.PSM.PSM_Storage.MySQLManager.java" Implct="false" Intrnl_Id="881">
<Cond>
<Loc EndOffset="1817" SrcFileId="9" StartOffset="1799"/>
</Cond>
<LocList>
<Loc EndOffset="1887" SrcFileId="9" StartOffset="1817"/>
</LocList>
<StmntSeq Intrnl_Id="882">
<LocList>
<Loc EndOffset="1852" SrcFileId="9" StartOffset="1832"/>
<Loc EndOffset="1876" SrcFileId="9" StartOffset="1866"/>
</LocList>
<BasicStmnt CovItemId="S22" CovItemPrefix="my.PSM.PSM_Storage.MySQLManager.java" Intrnl_Id="883">
<LocList>
<Loc EndOffset="1852" SrcFileId="9" StartOffset="1832"/>
</LocList>
</BasicStmnt>
<BasicStmnt CovItemId="S23" CovItemPrefix="my.PSM.PSM_Storage.MySQLManager.java" Intrnl_Id="884">
<LocList>
<Loc EndOffset="1876" SrcFileId="9" StartOffset="1866"/>
</LocList>
</BasicStmnt>
</StmntSeq>
</Branch>
<Keyword EndOffset="1342" SrcFileId="9" StartOffset="1339"/>
<LocList>
<Loc EndOffset="1887" SrcFileId="9" StartOffset="1339"/>
</LocList>
</CondStmnt>
</StmntSeq>
</HierarchyLvl>
<HierarchyLvl HierarchyLvlId="873" HierarchyLvlTypeId="17" Intrnl_Id="885" Name="getEndDates">
<Header>
<Loc EndOffset="1947" SrcFileId="9" StartOffset="1909"/>
</Header>
<LocList>
<Loc EndOffset="2493" SrcFileId="9" StartOffset="1909"/>
</LocList>
<StmntSeq Intrnl_Id="886">
<LocList>
<Loc EndOffset="2005" SrcFileId="9" StartOffset="1952"/>
<Loc EndOffset="2081" SrcFileId="9" StartOffset="2043"/>
<Loc EndOffset="2143" SrcFileId="9" StartOffset="2095"/>
<Loc EndOffset="2190" SrcFileId="9" StartOffset="2157"/>
<Loc EndOffset="2330" SrcFileId="9" StartOffset="2218"/>
<Loc EndOffset="2453" SrcFileId="9" StartOffset="2025"/>
<Loc EndOffset="2489" SrcFileId="9" StartOffset="2473"/>
</LocList>
<BasicStmnt CovItemId="S24" CovItemPrefix="my.PSM.PSM_Storage.MySQLManager.java" Intrnl_Id="887">
<LocList>
<Loc EndOffset="2005" SrcFileId="9" StartOffset="1952"/>
</LocList>
</BasicStmnt>
<BasicStmnt CovItemId="S26" CovItemPrefix="my.PSM.PSM_Storage.MySQLManager.java" Intrnl_Id="888">
<LocList>
<Loc EndOffset="2081" SrcFileId="9" StartOffset="2043"/>
</LocList>
</BasicStmnt>
<BasicStmnt CovItemId="S27" CovItemPrefix="my.PSM.PSM_Storage.MySQLManager.java" Intrnl_Id="889">
<LocList>
<Loc EndOffset="2143" SrcFileId="9" StartOffset="2095"/>
</LocList>
</BasicStmnt>
<BasicStmnt CovItemId="S28" CovItemPrefix="my.PSM.PSM_Storage.MySQLManager.java" Intrnl_Id="890">
<LocList>
<Loc EndOffset="2190" SrcFileId="9" StartOffset="2157"/>
</LocList>
</BasicStmnt>
<LoopStmnt CovItemId="S29" CovItemPrefix="my.PSM.PSM_Storage.MySQLManager.java" Intrnl_Id="891" MltplExecId="L1-2" MltplExecPrefix="my.PSM.PSM_Storage.MySQLManager.java" NvrExecId="L1-0" NvrExecPrefix="my.PSM.PSM_Storage.MySQLManager.java" OnceExecutedId="L1-1" OnceExecutedPrefix="my.PSM.PSM_Storage.MySQLManager.java" OptBodyExec="true">
<StmntSeq Intrnl_Id="892">
<LocList>
<Loc EndOffset="2308" SrcFileId="9" StartOffset="2268"/>
</LocList>
<BasicStmnt CovItemId="S30" CovItemPrefix="my.PSM.PSM_Storage.MySQLManager.java" Intrnl_Id="893">
<LocList>
<Loc EndOffset="2308" SrcFileId="9" StartOffset="2268"/>
</LocList>
</BasicStmnt>
</StmntSeq>
<Keyword EndOffset="2223" SrcFileId="9" StartOffset="2218"/>
<LocList>
<Loc EndOffset="2330" SrcFileId="9" StartOffset="2218"/>
</LocList>
<RootTerm CovItemId="C2" CovItemPrefix="my.PSM.PSM_Storage.MySQLManager.java" Intrnl_Id="894">
<BasicBoolTerm Intrnl_Id="895">
<LocList>
<Loc EndOffset="2234" SrcFileId="9" StartOffset="2224"/>
</LocList>
</BasicBoolTerm>
</RootTerm>
</LoopStmnt>
<CondStmnt CovItemId="S25" CovItemPrefix="my.PSM.PSM_Storage.MySQLManager.java" Intrnl_Id="896">
<Branch CovItemId="B9" CovItemPrefix="my.PSM.PSM_Storage.MySQLManager.java" Implct="true" Intrnl_Id="897">
<Cond/>
<LocList/>
<StmntSeq Intrnl_Id="898">
<LocList/>
</StmntSeq>
</Branch>
<Branch CovItemId="B10" CovItemPrefix="my.PSM.PSM_Storage.MySQLManager.java" Implct="false" Intrnl_Id="899">
<Cond>
<Loc EndOffset="2397" SrcFileId="9" StartOffset="2379"/>
</Cond>
<LocList>
<Loc EndOffset="2453" SrcFileId="9" StartOffset="2407"/>
</LocList>
<StmntSeq Intrnl_Id="900">
<LocList>
<Loc EndOffset="2442" SrcFileId="9" StartOffset="2422"/>
</LocList>
<BasicStmnt CovItemId="S31" CovItemPrefix="my.PSM.PSM_Storage.MySQLManager.java" Intrnl_Id="901">
<LocList>
<Loc EndOffset="2442" SrcFileId="9" StartOffset="2422"/>
</LocList>
</BasicStmnt>
</StmntSeq>
</Branch>
<Keyword EndOffset="2028" SrcFileId="9" StartOffset="2025"/>
<LocList>
<Loc EndOffset="2453" SrcFileId="9" StartOffset="2025"/>
</LocList>
</CondStmnt>
<BasicStmnt CovItemId="S32" CovItemPrefix="my.PSM.PSM_Storage.MySQLManager.java" Intrnl_Id="902">
<LocList>
<Loc EndOffset="2489" SrcFileId="9" StartOffset="2473"/>
</LocList>
</BasicStmnt>
</StmntSeq>
</HierarchyLvl>
<HierarchyLvl HierarchyLvlId="874" HierarchyLvlTypeId="17" Intrnl_Id="903" Name="getCourses">
<Header>
<Loc EndOffset="2537" SrcFileId="9" StartOffset="2499"/>
</Header>
<LocList>
<Loc EndOffset="3071" SrcFileId="9" StartOffset="2499"/>
</LocList>
<StmntSeq Intrnl_Id="904">
<LocList>
<Loc EndOffset="2599" SrcFileId="9" StartOffset="2542"/>
<Loc EndOffset="2665" SrcFileId="9" StartOffset="2627"/>
<Loc EndOffset="2728" SrcFileId="9" StartOffset="2679"/>
<Loc EndOffset="2775" SrcFileId="9" StartOffset="2742"/>
<Loc EndOffset="2915" SrcFileId="9" StartOffset="2803"/>
<Loc EndOffset="3038" SrcFileId="9" StartOffset="2609"/>
<Loc EndOffset="3067" SrcFileId="9" StartOffset="3049"/>
</LocList>
<BasicStmnt CovItemId="S33" CovItemPrefix="my.PSM.PSM_Storage.MySQLManager.java" Intrnl_Id="905">
<LocList>
<Loc EndOffset="2599" SrcFileId="9" StartOffset="2542"/>
</LocList>
</BasicStmnt>
<BasicStmnt CovItemId="S35" CovItemPrefix="my.PSM.PSM_Storage.MySQLManager.java" Intrnl_Id="906">
<LocList>
<Loc EndOffset="2665" SrcFileId="9" StartOffset="2627"/>
</LocList>
</BasicStmnt>
<BasicStmnt CovItemId="S36" CovItemPrefix="my.PSM.PSM_Storage.MySQLManager.java" Intrnl_Id="907">
<LocList>
<Loc EndOffset="2728" SrcFileId="9" StartOffset="2679"/>
</LocList>
</BasicStmnt>
<BasicStmnt CovItemId="S37" CovItemPrefix="my.PSM.PSM_Storage.MySQLManager.java" Intrnl_Id="908">
<LocList>
<Loc EndOffset="2775" SrcFileId="9" StartOffset="2742"/>
</LocList>
</BasicStmnt>
<LoopStmnt CovItemId="S38" CovItemPrefix="my.PSM.PSM_Storage.MySQLManager.java" Intrnl_Id="909" MltplExecId="L2-2" MltplExecPrefix="my.PSM.PSM_Storage.MySQLManager.java" NvrExecId="L2-0" NvrExecPrefix="my.PSM.PSM_Storage.MySQLManager.java" OnceExecutedId="L2-1" OnceExecutedPrefix="my.PSM.PSM_Storage.MySQLManager.java" OptBodyExec="true">
<StmntSeq Intrnl_Id="910">
<LocList>
<Loc EndOffset="2893" SrcFileId="9" StartOffset="2853"/>
</LocList>
<BasicStmnt CovItemId="S39" CovItemPrefix="my.PSM.PSM_Storage.MySQLManager.java" Intrnl_Id="911">
<LocList>
<Loc EndOffset="2893" SrcFileId="9" StartOffset="2853"/>
</LocList>
</BasicStmnt>
</StmntSeq>
<Keyword EndOffset="2808" SrcFileId="9" StartOffset="2803"/>
<LocList>
<Loc EndOffset="2915" SrcFileId="9" StartOffset="2803"/>
</LocList>
<RootTerm CovItemId="C3" CovItemPrefix="my.PSM.PSM_Storage.MySQLManager.java" Intrnl_Id="912">
<BasicBoolTerm Intrnl_Id="913">
<LocList>
<Loc EndOffset="2819" SrcFileId="9" StartOffset="2809"/>
</LocList>
</BasicBoolTerm>
</RootTerm>
</LoopStmnt>
<CondStmnt CovItemId="S34" CovItemPrefix="my.PSM.PSM_Storage.MySQLManager.java" Intrnl_Id="914">
<Branch CovItemId="B11" CovItemPrefix="my.PSM.PSM_Storage.MySQLManager.java" Implct="true" Intrnl_Id="915">
<Cond/>
<LocList/>
<StmntSeq Intrnl_Id="916">
<LocList/>
</StmntSeq>
</Branch>
<Branch CovItemId="B12" CovItemPrefix="my.PSM.PSM_Storage.MySQLManager.java" Implct="false" Intrnl_Id="917">
<Cond>
<Loc EndOffset="2982" SrcFileId="9" StartOffset="2964"/>
</Cond>
<LocList>
<Loc EndOffset="3038" SrcFileId="9" StartOffset="2992"/>
</LocList>
<StmntSeq Intrnl_Id="918">
<LocList>
<Loc EndOffset="3027" SrcFileId="9" StartOffset="3007"/>
</LocList>
<BasicStmnt CovItemId="S40" CovItemPrefix="my.PSM.PSM_Storage.MySQLManager.java" Intrnl_Id="919">
<LocList>
<Loc EndOffset="3027" SrcFileId="9" StartOffset="3007"/>
</LocList>
</BasicStmnt>
</StmntSeq>
</Branch>
<Keyword EndOffset="2612" SrcFileId="9" StartOffset="2609"/>
<LocList>
<Loc EndOffset="3038" SrcFileId="9" StartOffset="2609"/>
</LocList>
</CondStmnt>
<BasicStmnt CovItemId="S41" CovItemPrefix="my.PSM.PSM_Storage.MySQLManager.java" Intrnl_Id="920">
<LocList>
<Loc EndOffset="3067" SrcFileId="9" StartOffset="3049"/>
</LocList>
</BasicStmnt>
</StmntSeq>
</HierarchyLvl>
<HierarchyLvl HierarchyLvlId="875" HierarchyLvlTypeId="17" Intrnl_Id="921" Name="fetchCourseSubj">
<Header>
<Loc EndOffset="3120" SrcFileId="9" StartOffset="3077"/>
</Header>
<LocList>
<Loc EndOffset="3775" SrcFileId="9" StartOffset="3077"/>
</LocList>
<StmntSeq Intrnl_Id="922">
<LocList>
<Loc EndOffset="3252" SrcFileId="9" StartOffset="3214"/>
<Loc EndOffset="3468" SrcFileId="9" StartOffset="3380"/>
<Loc EndOffset="3515" SrcFileId="9" StartOffset="3482"/>
<Loc EndOffset="3540" SrcFileId="9" StartOffset="3529"/>
<Loc EndOffset="3627" SrcFileId="9" StartOffset="3588"/>
<Loc EndOffset="3759" SrcFileId="9" StartOffset="3196"/>
</LocList>
<BasicStmnt CovItemId="S43" CovItemPrefix="my.PSM.PSM_Storage.MySQLManager.java" Intrnl_Id="923">
<LocList>
<Loc EndOffset="3252" SrcFileId="9" StartOffset="3214"/>
</LocList>
</BasicStmnt>
<BasicStmnt CovItemId="S44" CovItemPrefix="my.PSM.PSM_Storage.MySQLManager.java" Intrnl_Id="924">
<LocList>
<Loc EndOffset="3468" SrcFileId="9" StartOffset="3380"/>
</LocList>
</BasicStmnt>
<BasicStmnt CovItemId="S45" CovItemPrefix="my.PSM.PSM_Storage.MySQLManager.java" Intrnl_Id="925">
<LocList>
<Loc EndOffset="3515" SrcFileId="9" StartOffset="3482"/>
</LocList>
</BasicStmnt>
<BasicStmnt CovItemId="S46" CovItemPrefix="my.PSM.PSM_Storage.MySQLManager.java" Intrnl_Id="926">
<LocList>
<Loc EndOffset="3540" SrcFileId="9" StartOffset="3529"/>
</LocList>
</BasicStmnt>
<BasicStmnt CovItemId="S47" CovItemPrefix="my.PSM.PSM_Storage.MySQLManager.java" Intrnl_Id="927">
<LocList>
<Loc EndOffset="3627" SrcFileId="9" StartOffset="3588"/>
</LocList>
</BasicStmnt>
<CondStmnt CovItemId="S42" CovItemPrefix="my.PSM.PSM_Storage.MySQLManager.java" Intrnl_Id="928">
<Branch CovItemId="B13" CovItemPrefix="my.PSM.PSM_Storage.MySQLManager.java" Implct="true" Intrnl_Id="929">
<Cond/>
<LocList/>
<StmntSeq Intrnl_Id="930">
<LocList/>
</StmntSeq>
</Branch>
<Branch CovItemId="B14" CovItemPrefix="my.PSM.PSM_Storage.MySQLManager.java" Implct="false" Intrnl_Id="931">
<Cond>
<Loc EndOffset="3687" SrcFileId="9" StartOffset="3669"/>
</Cond>
<LocList>
<Loc EndOffset="3759" SrcFileId="9" StartOffset="3687"/>
</LocList>
<StmntSeq Intrnl_Id="932">
<LocList>
<Loc EndOffset="3722" SrcFileId="9" StartOffset="3702"/>
<Loc EndOffset="3748" SrcFileId="9" StartOffset="3736"/>
</LocList>
<BasicStmnt CovItemId="S48" CovItemPrefix="my.PSM.PSM_Storage.MySQLManager.java" Intrnl_Id="933">
<LocList>
<Loc EndOffset="3722" SrcFileId="9" StartOffset="3702"/>
</LocList>
</BasicStmnt>
<BasicStmnt CovItemId="S49" CovItemPrefix="my.PSM.PSM_Storage.MySQLManager.java" Intrnl_Id="934">
<LocList>
<Loc EndOffset="3748" SrcFileId="9" StartOffset="3736"/>
</LocList>
</BasicStmnt>
</StmntSeq>
</Branch>
<Keyword EndOffset="3199" SrcFileId="9" StartOffset="3196"/>
<LocList>
<Loc EndOffset="3759" SrcFileId="9" StartOffset="3196"/>
</LocList>
</CondStmnt>
</StmntSeq>
</HierarchyLvl>
<HierarchyLvl HierarchyLvlId="876" HierarchyLvlTypeId="17" Intrnl_Id="935" Name="fetchCourseName">
<Header>
<Loc EndOffset="3830" SrcFileId="9" StartOffset="3787"/>
</Header>
<LocList>
<Loc EndOffset="4479" SrcFileId="9" StartOffset="3787"/>
</LocList>
<StmntSeq Intrnl_Id="936">
<LocList>
<Loc EndOffset="3962" SrcFileId="9" StartOffset="3924"/>
<Loc EndOffset="4175" SrcFileId="9" StartOffset="4090"/>
<Loc EndOffset="4222" SrcFileId="9" StartOffset="4189"/>
<Loc EndOffset="4247" SrcFileId="9" StartOffset="4236"/>
<Loc EndOffset="4331" SrcFileId="9" StartOffset="4295"/>
<Loc EndOffset="4463" SrcFileId="9" StartOffset="3906"/>
</LocList>
<BasicStmnt CovItemId="S51" CovItemPrefix="my.PSM.PSM_Storage.MySQLManager.java" Intrnl_Id="937">
<LocList>
<Loc EndOffset="3962" SrcFileId="9" StartOffset="3924"/>
</LocList>
</BasicStmnt>
<BasicStmnt CovItemId="S52" CovItemPrefix="my.PSM.PSM_Storage.MySQLManager.java" Intrnl_Id="938">
<LocList>
<Loc EndOffset="4175" SrcFileId="9" StartOffset="4090"/>
</LocList>
</BasicStmnt>
<BasicStmnt CovItemId="S53" CovItemPrefix="my.PSM.PSM_Storage.MySQLManager.java" Intrnl_Id="939">
<LocList>
<Loc EndOffset="4222" SrcFileId="9" StartOffset="4189"/>
</LocList>
</BasicStmnt>
<BasicStmnt CovItemId="S54" CovItemPrefix="my.PSM.PSM_Storage.MySQLManager.java" Intrnl_Id="940">
<LocList>
<Loc EndOffset="4247" SrcFileId="9" StartOffset="4236"/>
</LocList>
</BasicStmnt>
<BasicStmnt CovItemId="S55" CovItemPrefix="my.PSM.PSM_Storage.MySQLManager.java" Intrnl_Id="941">
<LocList>
<Loc EndOffset="4331" SrcFileId="9" StartOffset="4295"/>
</LocList>
</BasicStmnt>
<CondStmnt CovItemId="S50" CovItemPrefix="my.PSM.PSM_Storage.MySQLManager.java" Intrnl_Id="942">
<Branch CovItemId="B15" CovItemPrefix="my.PSM.PSM_Storage.MySQLManager.java" Implct="true" Intrnl_Id="943">
<Cond/>
<LocList/>
<StmntSeq Intrnl_Id="944">
<LocList/>
</StmntSeq>
</Branch>
<Branch CovItemId="B16" CovItemPrefix="my.PSM.PSM_Storage.MySQLManager.java" Implct="false" Intrnl_Id="945">
<Cond>
<Loc EndOffset="4391" SrcFileId="9" StartOffset="4373"/>
</Cond>
<LocList>
<Loc EndOffset="4463" SrcFileId="9" StartOffset="4391"/>
</LocList>
<StmntSeq Intrnl_Id="946">
<LocList>
<Loc EndOffset="4426" SrcFileId="9" StartOffset="4406"/>
<Loc EndOffset="4452" SrcFileId="9" StartOffset="4440"/>
</LocList>
<BasicStmnt CovItemId="S56" CovItemPrefix="my.PSM.PSM_Storage.MySQLManager.java" Intrnl_Id="947">
<LocList>
<Loc EndOffset="4426" SrcFileId="9" StartOffset="4406"/>
</LocList>
</BasicStmnt>
<BasicStmnt CovItemId="S57" CovItemPrefix="my.PSM.PSM_Storage.MySQLManager.java" Intrnl_Id="948">
<LocList>
<Loc EndOffset="4452" SrcFileId="9" StartOffset="4440"/>
</LocList>
</BasicStmnt>
</StmntSeq>
</Branch>
<Keyword EndOffset="3909" SrcFileId="9" StartOffset="3906"/>
<LocList>
<Loc EndOffset="4463" SrcFileId="9" StartOffset="3906"/>
</LocList>
</CondStmnt>
</StmntSeq>
</HierarchyLvl>
<HierarchyLvl HierarchyLvlId="877" HierarchyLvlTypeId="17" Intrnl_Id="949" Name="fetchCourseSemester">
<Header>
<Loc EndOffset="4538" SrcFileId="9" StartOffset="4491"/>
</Header>
<LocList>
<Loc EndOffset="5181" SrcFileId="9" StartOffset="4491"/>
</LocList>
<StmntSeq Intrnl_Id="950">
<LocList>
<Loc EndOffset="4670" SrcFileId="9" StartOffset="4632"/>
<Loc EndOffset="4880" SrcFileId="9" StartOffset="4798"/>
<Loc EndOffset="4927" SrcFileId="9" StartOffset="4894"/>
<Loc EndOffset="4952" SrcFileId="9" StartOffset="4941"/>
<Loc EndOffset="5033" SrcFileId="9" StartOffset="5000"/>
<Loc EndOffset="5165" SrcFileId="9" StartOffset="4614"/>
</LocList>
<BasicStmnt CovItemId="S59" CovItemPrefix="my.PSM.PSM_Storage.MySQLManager.java" Intrnl_Id="951">
<LocList>
<Loc EndOffset="4670" SrcFileId="9" StartOffset="4632"/>
</LocList>
</BasicStmnt>
<BasicStmnt CovItemId="S60" CovItemPrefix="my.PSM.PSM_Storage.MySQLManager.java" Intrnl_Id="952">
<LocList>
<Loc EndOffset="4880" SrcFileId="9" StartOffset="4798"/>
</LocList>
</BasicStmnt>
<BasicStmnt CovItemId="S61" CovItemPrefix="my.PSM.PSM_Storage.MySQLManager.java" Intrnl_Id="953">
<LocList>
<Loc EndOffset="4927" SrcFileId="9" StartOffset="4894"/>
</LocList>
</BasicStmnt>
<BasicStmnt CovItemId="S62" CovItemPrefix="my.PSM.PSM_Storage.MySQLManager.java" Intrnl_Id="954">
<LocList>
<Loc EndOffset="4952" SrcFileId="9" StartOffset="4941"/>
</LocList>
</BasicStmnt>
<BasicStmnt CovItemId="S63" CovItemPrefix="my.PSM.PSM_Storage.MySQLManager.java" Intrnl_Id="955">
<LocList>
<Loc EndOffset="5033" SrcFileId="9" StartOffset="5000"/>
</LocList>
</BasicStmnt>
<CondStmnt CovItemId="S58" CovItemPrefix="my.PSM.PSM_Storage.MySQLManager.java" Intrnl_Id="956">
<Branch CovItemId="B17" CovItemPrefix="my.PSM.PSM_Storage.MySQLManager.java" Implct="true" Intrnl_Id="957">
<Cond/>
<LocList/>
<StmntSeq Intrnl_Id="958">
<LocList/>
</StmntSeq>
</Branch>
<Branch CovItemId="B18" CovItemPrefix="my.PSM.PSM_Storage.MySQLManager.java" Implct="false" Intrnl_Id="959">
<Cond>
<Loc EndOffset="5093" SrcFileId="9" StartOffset="5075"/>
</Cond>
<LocList>
<Loc EndOffset="5165" SrcFileId="9" StartOffset="5093"/>
</LocList>
<StmntSeq Intrnl_Id="960">
<LocList>
<Loc EndOffset="5128" SrcFileId="9" StartOffset="5108"/>
<Loc EndOffset="5154" SrcFileId="9" StartOffset="5142"/>
</LocList>
<BasicStmnt CovItemId="S64" CovItemPrefix="my.PSM.PSM_Storage.MySQLManager.java" Intrnl_Id="961">
<LocList>
<Loc EndOffset="5128" SrcFileId="9" StartOffset="5108"/>
</LocList>
</BasicStmnt>
<BasicStmnt CovItemId="S65" CovItemPrefix="my.PSM.PSM_Storage.MySQLManager.java" Intrnl_Id="962">
<LocList>
<Loc EndOffset="5154" SrcFileId="9" StartOffset="5142"/>
</LocList>
</BasicStmnt>
</StmntSeq>
</Branch>
<Keyword EndOffset="4617" SrcFileId="9" StartOffset="4614"/>
<LocList>
<Loc EndOffset="5165" SrcFileId="9" StartOffset="4614"/>
</LocList>
</CondStmnt>
</StmntSeq>
</HierarchyLvl>
<HierarchyLvl HierarchyLvlId="878" HierarchyLvlTypeId="17" Intrnl_Id="963" Name="fetchCourseStart">
<Header>
<Loc EndOffset="5237" SrcFileId="9" StartOffset="5193"/>
</Header>
<LocList>
<Loc EndOffset="5884" SrcFileId="9" StartOffset="5193"/>
</LocList>
<StmntSeq Intrnl_Id="964">
<LocList>
<Loc EndOffset="5369" SrcFileId="9" StartOffset="5331"/>
<Loc EndOffset="5581" SrcFileId="9" StartOffset="5497"/>
<Loc EndOffset="5628" SrcFileId="9" StartOffset="5595"/>
<Loc EndOffset="5653" SrcFileId="9" StartOffset="5642"/>
<Loc EndOffset="5736" SrcFileId="9" StartOffset="5701"/>
<Loc EndOffset="5868" SrcFileId="9" StartOffset="5313"/>
</LocList>
<BasicStmnt CovItemId="S67" CovItemPrefix="my.PSM.PSM_Storage.MySQLManager.java" Intrnl_Id="965">
<LocList>
<Loc EndOffset="5369" SrcFileId="9" StartOffset="5331"/>
</LocList>
</BasicStmnt>
<BasicStmnt CovItemId="S68" CovItemPrefix="my.PSM.PSM_Storage.MySQLManager.java" Intrnl_Id="966">
<LocList>
<Loc EndOffset="5581" SrcFileId="9" StartOffset="5497"/>
</LocList>
</BasicStmnt>
<BasicStmnt CovItemId="S69" CovItemPrefix="my.PSM.PSM_Storage.MySQLManager.java" Intrnl_Id="967">
<LocList>
<Loc EndOffset="5628" SrcFileId="9" StartOffset="5595"/>
</LocList>
</BasicStmnt>
<BasicStmnt CovItemId="S70" CovItemPrefix="my.PSM.PSM_Storage.MySQLManager.java" Intrnl_Id="968">
<LocList>
<Loc EndOffset="5653" SrcFileId="9" StartOffset="5642"/>
</LocList>
</BasicStmnt>
<BasicStmnt CovItemId="S71" CovItemPrefix="my.PSM.PSM_Storage.MySQLManager.java" Intrnl_Id="969">
<LocList>
<Loc EndOffset="5736" SrcFileId="9" StartOffset="5701"/>
</LocList>
</BasicStmnt>
<CondStmnt CovItemId="S66" CovItemPrefix="my.PSM.PSM_Storage.MySQLManager.java" Intrnl_Id="970">
<Branch CovItemId="B19" CovItemPrefix="my.PSM.PSM_Storage.MySQLManager.java" Implct="true" Intrnl_Id="971">
<Cond/>
<LocList/>
<StmntSeq Intrnl_Id="972">
<LocList/>
</StmntSeq>
</Branch>
<Branch CovItemId="B20" CovItemPrefix="my.PSM.PSM_Storage.MySQLManager.java" Implct="false" Intrnl_Id="973">
<Cond>
<Loc EndOffset="5796" SrcFileId="9" StartOffset="5778"/>
</Cond>
<LocList>
<Loc EndOffset="5868" SrcFileId="9" StartOffset="5796"/>
</LocList>
<StmntSeq Intrnl_Id="974">
<LocList>
<Loc EndOffset="5831" SrcFileId="9" StartOffset="5811"/>
<Loc EndOffset="5857" SrcFileId="9" StartOffset="5845"/>
</LocList>
<BasicStmnt CovItemId="S72" CovItemPrefix="my.PSM.PSM_Storage.MySQLManager.java" Intrnl_Id="975">
<LocList>
<Loc EndOffset="5831" SrcFileId="9" StartOffset="5811"/>
</LocList>
</BasicStmnt>
<BasicStmnt CovItemId="S73" CovItemPrefix="my.PSM.PSM_Storage.MySQLManager.java" Intrnl_Id="976">
<LocList>
<Loc EndOffset="5857" SrcFileId="9" StartOffset="5845"/>
</LocList>
</BasicStmnt>
</StmntSeq>
</Branch>
<Keyword EndOffset="5316" SrcFileId="9" StartOffset="5313"/>
<LocList>
<Loc EndOffset="5868" SrcFileId="9" StartOffset="5313"/>
</LocList>
</CondStmnt>
</StmntSeq>
</HierarchyLvl>
<HierarchyLvl HierarchyLvlId="879" HierarchyLvlTypeId="17" Intrnl_Id="977" Name="fetchCourseEnd">
<Header>
<Loc EndOffset="5938" SrcFileId="9" StartOffset="5896"/>
</Header>
<LocList>
<Loc EndOffset="6615" SrcFileId="9" StartOffset="5896"/>
</LocList>
<StmntSeq Intrnl_Id="978">
<LocList>
<Loc EndOffset="6079" SrcFileId="9" StartOffset="6041"/>
<Loc EndOffset="6289" SrcFileId="9" StartOffset="6207"/>
<Loc EndOffset="6336" SrcFileId="9" StartOffset="6303"/>
<Loc EndOffset="6361" SrcFileId="9" StartOffset="6350"/>
<Loc EndOffset="6436" SrcFileId="9" StartOffset="6391"/>
<Loc EndOffset="6488" SrcFileId="9" StartOffset="6471"/>
<Loc EndOffset="6599" SrcFileId="9" StartOffset="6023"/>
</LocList>
<BasicStmnt CovItemId="S75" CovItemPrefix="my.PSM.PSM_Storage.MySQLManager.java" Intrnl_Id="979">
<LocList>
<Loc EndOffset="6079" SrcFileId="9" StartOffset="6041"/>
</LocList>
</BasicStmnt>
<BasicStmnt CovItemId="S76" CovItemPrefix="my.PSM.PSM_Storage.MySQLManager.java" Intrnl_Id="980">
<LocList>
<Loc EndOffset="6289" SrcFileId="9" StartOffset="6207"/>
</LocList>
</BasicStmnt>
<BasicStmnt CovItemId="S77" CovItemPrefix="my.PSM.PSM_Storage.MySQLManager.java" Intrnl_Id="981">
<LocList>
<Loc EndOffset="6336" SrcFileId="9" StartOffset="6303"/>
</LocList>
</BasicStmnt>
<BasicStmnt CovItemId="S78" CovItemPrefix="my.PSM.PSM_Storage.MySQLManager.java" Intrnl_Id="982">
<LocList>
<Loc EndOffset="6361" SrcFileId="9" StartOffset="6350"/>
</LocList>
</BasicStmnt>
<BasicStmnt CovItemId="S79" CovItemPrefix="my.PSM.PSM_Storage.MySQLManager.java" Intrnl_Id="983">
<LocList>
<Loc EndOffset="6436" SrcFileId="9" StartOffset="6391"/>
</LocList>
</BasicStmnt>
<BasicStmnt CovItemId="S80" CovItemPrefix="my.PSM.PSM_Storage.MySQLManager.java" Intrnl_Id="984">
<LocList>
<Loc EndOffset="6488" SrcFileId="9" StartOffset="6471"/>
</LocList>
</BasicStmnt>
<CondStmnt CovItemId="S74" CovItemPrefix="my.PSM.PSM_Storage.MySQLManager.java" Intrnl_Id="985">
<Branch CovItemId="B21" CovItemPrefix="my.PSM.PSM_Storage.MySQLManager.java" Implct="true" Intrnl_Id="986">
<Cond/>
<LocList/>
<StmntSeq Intrnl_Id="987">
<LocList/>
</StmntSeq>
</Branch>
<Branch CovItemId="B22" CovItemPrefix="my.PSM.PSM_Storage.MySQLManager.java" Implct="false" Intrnl_Id="988">
<Cond>
<Loc EndOffset="6527" SrcFileId="9" StartOffset="6509"/>
</Cond>
<LocList>
<Loc EndOffset="6599" SrcFileId="9" StartOffset="6527"/>
</LocList>
<StmntSeq Intrnl_Id="989">
<LocList>
<Loc EndOffset="6562" SrcFileId="9" StartOffset="6542"/>
<Loc EndOffset="6588" SrcFileId="9" StartOffset="6576"/>
</LocList>
<BasicStmnt CovItemId="S81" CovItemPrefix="my.PSM.PSM_Storage.MySQLManager.java" Intrnl_Id="990">
<LocList>
<Loc EndOffset="6562" SrcFileId="9" StartOffset="6542"/>
</LocList>
</BasicStmnt>
<BasicStmnt CovItemId="S82" CovItemPrefix="my.PSM.PSM_Storage.MySQLManager.java" Intrnl_Id="991">
<LocList>
<Loc EndOffset="6588" SrcFileId="9" StartOffset="6576"/>
</LocList>
</BasicStmnt>
</StmntSeq>
</Branch>
<Keyword EndOffset="6026" SrcFileId="9" StartOffset="6023"/>
<LocList>
<Loc EndOffset="6599" SrcFileId="9" StartOffset="6023"/>
</LocList>
</CondStmnt>
</StmntSeq>
</HierarchyLvl>
<HierarchyLvl HierarchyLvlId="880" HierarchyLvlTypeId="17" Intrnl_Id="992" Name="fetchStartMon">
<Header>
<Loc EndOffset="6668" SrcFileId="9" StartOffset="6627"/>
</Header>
<LocList>
<Loc EndOffset="7122" SrcFileId="9" StartOffset="6627"/>
</LocList>
<StmntSeq Intrnl_Id="993">
<LocList>
<Loc EndOffset="6741" SrcFileId="9" StartOffset="6703"/>
<Loc EndOffset="6838" SrcFileId="9" StartOffset="6755"/>
<Loc EndOffset="6885" SrcFileId="9" StartOffset="6852"/>
<Loc EndOffset="6910" SrcFileId="9" StartOffset="6899"/>
<Loc EndOffset="6958" SrcFileId="9" StartOffset="6924"/>
<Loc EndOffset="7115" SrcFileId="9" StartOffset="6685"/>
</LocList>
<BasicStmnt CovItemId="S84" CovItemPrefix="my.PSM.PSM_Storage.MySQLManager.java" Intrnl_Id="994">
<LocList>
<Loc EndOffset="6741" SrcFileId="9" StartOffset="6703"/>
</LocList>
</BasicStmnt>
<BasicStmnt CovItemId="S85" CovItemPrefix="my.PSM.PSM_Storage.MySQLManager.java" Intrnl_Id="995">
<LocList>
<Loc EndOffset="6838" SrcFileId="9" StartOffset="6755"/>
</LocList>
</BasicStmnt>
<BasicStmnt CovItemId="S86" CovItemPrefix="my.PSM.PSM_Storage.MySQLManager.java" Intrnl_Id="996">
<LocList>
<Loc EndOffset="6885" SrcFileId="9" StartOffset="6852"/>
</LocList>
</BasicStmnt>
<BasicStmnt CovItemId="S87" CovItemPrefix="my.PSM.PSM_Storage.MySQLManager.java" Intrnl_Id="997">
<LocList>
<Loc EndOffset="6910" SrcFileId="9" StartOffset="6899"/>
</LocList>
</BasicStmnt>
<BasicStmnt CovItemId="S88" CovItemPrefix="my.PSM.PSM_Storage.MySQLManager.java" Intrnl_Id="998">
<LocList>
<Loc EndOffset="6958" SrcFileId="9" StartOffset="6924"/>
</LocList>
</BasicStmnt>
<CondStmnt CovItemId="S83" CovItemPrefix="my.PSM.PSM_Storage.MySQLManager.java" Intrnl_Id="999">
<Branch CovItemId="B23" CovItemPrefix="my.PSM.PSM_Storage.MySQLManager.java" Implct="true" Intrnl_Id="1000">
<Cond/>
<LocList/>
<StmntSeq Intrnl_Id="1001">
<LocList/>
</StmntSeq>
</Branch>
<Branch CovItemId="B24" CovItemPrefix="my.PSM.PSM_Storage.MySQLManager.java" Implct="false" Intrnl_Id="1002">
<Cond>
<Loc EndOffset="7019" SrcFileId="9" StartOffset="7001"/>
</Cond>
<LocList>
<Loc EndOffset="7115" SrcFileId="9" StartOffset="7029"/>
</LocList>
<StmntSeq Intrnl_Id="1003">
<LocList>
<Loc EndOffset="7064" SrcFileId="9" StartOffset="7044"/>
<Loc EndOffset="7104" SrcFileId="9" StartOffset="7092"/>
</LocList>
<BasicStmnt CovItemId="S89" CovItemPrefix="my.PSM.PSM_Storage.MySQLManager.java" Intrnl_Id="1004">
<LocList>
<Loc EndOffset="7064" SrcFileId="9" StartOffset="7044"/>
</LocList>
</BasicStmnt>
<BasicStmnt CovItemId="S90" CovItemPrefix="my.PSM.PSM_Storage.MySQLManager.java" Intrnl_Id="1005">
<LocList>
<Loc EndOffset="7104" SrcFileId="9" StartOffset="7092"/>
</LocList>
</BasicStmnt>
</StmntSeq>
</Branch>
<Keyword EndOffset="6688" SrcFileId="9" StartOffset="6685"/>
<LocList>
<Loc EndOffset="7115" SrcFileId="9" StartOffset="6685"/>
</LocList>
</CondStmnt>
</StmntSeq>
</HierarchyLvl>
<HierarchyLvl HierarchyLvlId="881" HierarchyLvlTypeId="17" Intrnl_Id="1006" Name="fetchEndMon">
<Header>
<Loc EndOffset="7173" SrcFileId="9" StartOffset="7134"/>
</Header>
<LocList>
<Loc EndOffset="7601" SrcFileId="9" StartOffset="7134"/>
</LocList>
<StmntSeq Intrnl_Id="1007">
<LocList>
<Loc EndOffset="7246" SrcFileId="9" StartOffset="7208"/>
<Loc EndOffset="7341" SrcFileId="9" StartOffset="7260"/>
<Loc EndOffset="7388" SrcFileId="9" StartOffset="7355"/>
<Loc EndOffset="7413" SrcFileId="9" StartOffset="7402"/>
<Loc EndOffset="7459" SrcFileId="9" StartOffset="7427"/>
<Loc EndOffset="7594" SrcFileId="9" StartOffset="7190"/>
</LocList>
<BasicStmnt CovItemId="S92" CovItemPrefix="my.PSM.PSM_Storage.MySQLManager.java" Intrnl_Id="1008">
<LocList>
<Loc EndOffset="7246" SrcFileId="9" StartOffset="7208"/>
</LocList>
</BasicStmnt>
<BasicStmnt CovItemId="S93" CovItemPrefix="my.PSM.PSM_Storage.MySQLManager.java" Intrnl_Id="1009">
<LocList>
<Loc EndOffset="7341" SrcFileId="9" StartOffset="7260"/>
</LocList>
</BasicStmnt>
<BasicStmnt CovItemId="S94" CovItemPrefix="my.PSM.PSM_Storage.MySQLManager.java" Intrnl_Id="1010">
<LocList>
<Loc EndOffset="7388" SrcFileId="9" StartOffset="7355"/>
</LocList>
</BasicStmnt>
<BasicStmnt CovItemId="S95" CovItemPrefix="my.PSM.PSM_Storage.MySQLManager.java" Intrnl_Id="1011">
<LocList>
<Loc EndOffset="7413" SrcFileId="9" StartOffset="7402"/>
</LocList>
</BasicStmnt>
<BasicStmnt CovItemId="S96" CovItemPrefix="my.PSM.PSM_Storage.MySQLManager.java" Intrnl_Id="1012">
<LocList>
<Loc EndOffset="7459" SrcFileId="9" StartOffset="7427"/>
</LocList>
</BasicStmnt>
<CondStmnt CovItemId="S91" CovItemPrefix="my.PSM.PSM_Storage.MySQLManager.java" Intrnl_Id="1013">
<Branch CovItemId="B25" CovItemPrefix="my.PSM.PSM_Storage.MySQLManager.java" Implct="true" Intrnl_Id="1014">
<Cond/>
<LocList/>
<StmntSeq Intrnl_Id="1015">
<LocList/>
</StmntSeq>
</Branch>
<Branch CovItemId="B26" CovItemPrefix="my.PSM.PSM_Storage.MySQLManager.java" Implct="false" Intrnl_Id="1016">
<Cond>
<Loc EndOffset="7512" SrcFileId="9" StartOffset="7494"/>
</Cond>
<LocList>
<Loc EndOffset="7594" SrcFileId="9" StartOffset="7522"/>
</LocList>
<StmntSeq Intrnl_Id="1017">
<LocList>
<Loc EndOffset="7557" SrcFileId="9" StartOffset="7537"/>
<Loc EndOffset="7583" SrcFileId="9" StartOffset="7571"/>
</LocList>
<BasicStmnt CovItemId="S97" CovItemPrefix="my.PSM.PSM_Storage.MySQLManager.java" Intrnl_Id="1018">
<LocList>
<Loc EndOffset="7557" SrcFileId="9" StartOffset="7537"/>
</LocList>
</BasicStmnt>
<BasicStmnt CovItemId="S98" CovItemPrefix="my.PSM.PSM_Storage.MySQLManager.java" Intrnl_Id="1019">
<LocList>
<Loc EndOffset="7583" SrcFileId="9" StartOffset="7571"/>
</LocList>
</BasicStmnt>
</StmntSeq>
</Branch>
<Keyword EndOffset="7193" SrcFileId="9" StartOffset="7190"/>
<LocList>
<Loc EndOffset="7594" SrcFileId="9" StartOffset="7190"/>
</LocList>
</CondStmnt>
</StmntSeq>
</HierarchyLvl>
<HierarchyLvl HierarchyLvlId="882" HierarchyLvlTypeId="17" Intrnl_Id="1020" Name="fetchStartTue">
<Header>
<Loc EndOffset="7654" SrcFileId="9" StartOffset="7613"/>
</Header>
<LocList>
<Loc EndOffset="8098" SrcFileId="9" StartOffset="7613"/>
</LocList>
<StmntSeq Intrnl_Id="1021">
<LocList>
<Loc EndOffset="7727" SrcFileId="9" StartOffset="7689"/>
<Loc EndOffset="7824" SrcFileId="9" StartOffset="7741"/>
<Loc EndOffset="7871" SrcFileId="9" StartOffset="7838"/>
<Loc EndOffset="7896" SrcFileId="9" StartOffset="7885"/>
<Loc EndOffset="7944" SrcFileId="9" StartOffset="7910"/>
<Loc EndOffset="8091" SrcFileId="9" StartOffset="7671"/>
</LocList>
<BasicStmnt CovItemId="S100" CovItemPrefix="my.PSM.PSM_Storage.MySQLManager.java" Intrnl_Id="1022">
<LocList>
<Loc EndOffset="7727" SrcFileId="9" StartOffset="7689"/>
</LocList>
</BasicStmnt>
<BasicStmnt CovItemId="S101" CovItemPrefix="my.PSM.PSM_Storage.MySQLManager.java" Intrnl_Id="1023">
<LocList>
<Loc EndOffset="7824" SrcFileId="9" StartOffset="7741"/>
</LocList>
</BasicStmnt>
<BasicStmnt CovItemId="S102" CovItemPrefix="my.PSM.PSM_Storage.MySQLManager.java" Intrnl_Id="1024">
<LocList>
<Loc EndOffset="7871" SrcFileId="9" StartOffset="7838"/>
</LocList>
</BasicStmnt>
<BasicStmnt CovItemId="S103" CovItemPrefix="my.PSM.PSM_Storage.MySQLManager.java" Intrnl_Id="1025">
<LocList>
<Loc EndOffset="7896" SrcFileId="9" StartOffset="7885"/>
</LocList>
</BasicStmnt>
<BasicStmnt CovItemId="S104" CovItemPrefix="my.PSM.PSM_Storage.MySQLManager.java" Intrnl_Id="1026">
<LocList>
<Loc EndOffset="7944" SrcFileId="9" StartOffset="7910"/>
</LocList>
</BasicStmnt>
<CondStmnt CovItemId="S99" CovItemPrefix="my.PSM.PSM_Storage.MySQLManager.java" Intrnl_Id="1027">
<Branch CovItemId="B27" CovItemPrefix="my.PSM.PSM_Storage.MySQLManager.java" Implct="true" Intrnl_Id="1028">
<Cond/>
<LocList/>
<StmntSeq Intrnl_Id="1029">
<LocList/>
</StmntSeq>
</Branch>
<Branch CovItemId="B28" CovItemPrefix="my.PSM.PSM_Storage.MySQLManager.java" Implct="false" Intrnl_Id="1030">
<Cond>
<Loc EndOffset="7997" SrcFileId="9" StartOffset="7979"/>
</Cond>
<LocList>
<Loc EndOffset="8091" SrcFileId="9" StartOffset="8007"/>
</LocList>
<StmntSeq Intrnl_Id="1031">
<LocList>
<Loc EndOffset="8042" SrcFileId="9" StartOffset="8022"/>
<Loc EndOffset="8080" SrcFileId="9" StartOffset="8070"/>
</LocList>
<BasicStmnt CovItemId="S105" CovItemPrefix="my.PSM.PSM_Storage.MySQLManager.java" Intrnl_Id="1032">
<LocList>
<Loc EndOffset="8042" SrcFileId="9" StartOffset="8022"/>
</LocList>
</BasicStmnt>
<BasicStmnt CovItemId="S106" CovItemPrefix="my.PSM.PSM_Storage.MySQLManager.java" Intrnl_Id="1033">
<LocList>
<Loc EndOffset="8080" SrcFileId="9" StartOffset="8070"/>
</LocList>
</BasicStmnt>
</StmntSeq>
</Branch>
<Keyword EndOffset="7674" SrcFileId="9" StartOffset="7671"/>
<LocList>
<Loc EndOffset="8091" SrcFileId="9" StartOffset="7671"/>
</LocList>
</CondStmnt>
</StmntSeq>
</HierarchyLvl>
<HierarchyLvl HierarchyLvlId="883" HierarchyLvlTypeId="17" Intrnl_Id="1034" Name="fetchEndTue">
<Header>
<Loc EndOffset="8149" SrcFileId="9" StartOffset="8110"/>
</Header>
<LocList>
<Loc EndOffset="8577" SrcFileId="9" StartOffset="8110"/>
</LocList>
<StmntSeq Intrnl_Id="1035">
<LocList>
<Loc EndOffset="8222" SrcFileId="9" StartOffset="8184"/>
<Loc EndOffset="8317" SrcFileId="9" StartOffset="8236"/>
<Loc EndOffset="8364" SrcFileId="9" StartOffset="8331"/>
<Loc EndOffset="8389" SrcFileId="9" StartOffset="8378"/>
<Loc EndOffset="8435" SrcFileId="9" StartOffset="8403"/>
<Loc EndOffset="8570" SrcFileId="9" StartOffset="8166"/>
</LocList>
<BasicStmnt CovItemId="S108" CovItemPrefix="my.PSM.PSM_Storage.MySQLManager.java" Intrnl_Id="1036">
<LocList>
<Loc EndOffset="8222" SrcFileId="9" StartOffset="8184"/>
</LocList>
</BasicStmnt>
<BasicStmnt CovItemId="S109" CovItemPrefix="my.PSM.PSM_Storage.MySQLManager.java" Intrnl_Id="1037">
<LocList>
<Loc EndOffset="8317" SrcFileId="9" StartOffset="8236"/>
</LocList>
</BasicStmnt>
<BasicStmnt CovItemId="S110" CovItemPrefix="my.PSM.PSM_Storage.MySQLManager.java" Intrnl_Id="1038">
<LocList>
<Loc EndOffset="8364" SrcFileId="9" StartOffset="8331"/>
</LocList>
</BasicStmnt>
<BasicStmnt CovItemId="S111" CovItemPrefix="my.PSM.PSM_Storage.MySQLManager.java" Intrnl_Id="1039">
<LocList>
<Loc EndOffset="8389" SrcFileId="9" StartOffset="8378"/>
</LocList>
</BasicStmnt>
<BasicStmnt CovItemId="S112" CovItemPrefix="my.PSM.PSM_Storage.MySQLManager.java" Intrnl_Id="1040">
<LocList>
<Loc EndOffset="8435" SrcFileId="9" StartOffset="8403"/>
</LocList>
</BasicStmnt>
<CondStmnt CovItemId="S107" CovItemPrefix="my.PSM.PSM_Storage.MySQLManager.java" Intrnl_Id="1041">
<Branch CovItemId="B29" CovItemPrefix="my.PSM.PSM_Storage.MySQLManager.java" Implct="true" Intrnl_Id="1042">
<Cond/>
<LocList/>
<StmntSeq Intrnl_Id="1043">
<LocList/>
</StmntSeq>
</Branch>
<Branch CovItemId="B30" CovItemPrefix="my.PSM.PSM_Storage.MySQLManager.java" Implct="false" Intrnl_Id="1044">
<Cond>
<Loc EndOffset="8488" SrcFileId="9" StartOffset="8470"/>
</Cond>
<LocList>
<Loc EndOffset="8570" SrcFileId="9" StartOffset="8498"/>
</LocList>
<StmntSeq Intrnl_Id="1045">
<LocList>
<Loc EndOffset="8533" SrcFileId="9" StartOffset="8513"/>
<Loc EndOffset="8559" SrcFileId="9" StartOffset="8547"/>
</LocList>
<BasicStmnt CovItemId="S113" CovItemPrefix="my.PSM.PSM_Storage.MySQLManager.java" Intrnl_Id="1046">
<LocList>
<Loc EndOffset="8533" SrcFileId="9" StartOffset="8513"/>
</LocList>
</BasicStmnt>
<BasicStmnt CovItemId="S114" CovItemPrefix="my.PSM.PSM_Storage.MySQLManager.java" Intrnl_Id="1047">
<LocList>
<Loc EndOffset="8559" SrcFileId="9" StartOffset="8547"/>
</LocList>
</BasicStmnt>
</StmntSeq>
</Branch>
<Keyword EndOffset="8169" SrcFileId="9" StartOffset="8166"/>
<LocList>
<Loc EndOffset="8570" SrcFileId="9" StartOffset="8166"/>
</LocList>
</CondStmnt>
</StmntSeq>
</HierarchyLvl>
<HierarchyLvl HierarchyLvlId="884" HierarchyLvlTypeId="17" Intrnl_Id="1048" Name="fetchStartWed">
<Header>
<Loc EndOffset="8626" SrcFileId="9" StartOffset="8585"/>
</Header>
<LocList>
<Loc EndOffset="9058" SrcFileId="9" StartOffset="8585"/>
</LocList>
<StmntSeq Intrnl_Id="1049">
<LocList>
<Loc EndOffset="8699" SrcFileId="9" StartOffset="8661"/>
<Loc EndOffset="8796" SrcFileId="9" StartOffset="8713"/>
<Loc EndOffset="8843" SrcFileId="9" StartOffset="8810"/>
<Loc EndOffset="8868" SrcFileId="9" StartOffset="8857"/>
<Loc EndOffset="8916" SrcFileId="9" StartOffset="8882"/>
<Loc EndOffset="9051" SrcFileId="9" StartOffset="8643"/>
</LocList>
<BasicStmnt CovItemId="S116" CovItemPrefix="my.PSM.PSM_Storage.MySQLManager.java" Intrnl_Id="1050">
<LocList>
<Loc EndOffset="8699" SrcFileId="9" StartOffset="8661"/>
</LocList>
</BasicStmnt>
<BasicStmnt CovItemId="S117" CovItemPrefix="my.PSM.PSM_Storage.MySQLManager.java" Intrnl_Id="1051">
<LocList>
<Loc EndOffset="8796" SrcFileId="9" StartOffset="8713"/>
</LocList>
</BasicStmnt>
<BasicStmnt CovItemId="S118" CovItemPrefix="my.PSM.PSM_Storage.MySQLManager.java" Intrnl_Id="1052">
<LocList>
<Loc EndOffset="8843" SrcFileId="9" StartOffset="8810"/>
</LocList>
</BasicStmnt>
<BasicStmnt CovItemId="S119" CovItemPrefix="my.PSM.PSM_Storage.MySQLManager.java" Intrnl_Id="1053">
<LocList>
<Loc EndOffset="8868" SrcFileId="9" StartOffset="8857"/>
</LocList>
</BasicStmnt>
<BasicStmnt CovItemId="S120" CovItemPrefix="my.PSM.PSM_Storage.MySQLManager.java" Intrnl_Id="1054">
<LocList>
<Loc EndOffset="8916" SrcFileId="9" StartOffset="8882"/>
</LocList>
</BasicStmnt>
<CondStmnt CovItemId="S115" CovItemPrefix="my.PSM.PSM_Storage.MySQLManager.java" Intrnl_Id="1055">
<Branch CovItemId="B31" CovItemPrefix="my.PSM.PSM_Storage.MySQLManager.java" Implct="true" Intrnl_Id="1056">
<Cond/>
<LocList/>
<StmntSeq Intrnl_Id="1057">
<LocList/>
</StmntSeq>
</Branch>
<Branch CovItemId="B32" CovItemPrefix="my.PSM.PSM_Storage.MySQLManager.java" Implct="false" Intrnl_Id="1058">
<Cond>
<Loc EndOffset="8969" SrcFileId="9" StartOffset="8951"/>
</Cond>
<LocList>
<Loc EndOffset="9051" SrcFileId="9" StartOffset="8979"/>
</LocList>
<StmntSeq Intrnl_Id="1059">
<LocList>
<Loc EndOffset="9014" SrcFileId="9" StartOffset="8994"/>
<Loc EndOffset="9040" SrcFileId="9" StartOffset="9028"/>
</LocList>
<BasicStmnt CovItemId="S121" CovItemPrefix="my.PSM.PSM_Storage.MySQLManager.java" Intrnl_Id="1060">
<LocList>
<Loc EndOffset="9014" SrcFileId="9" StartOffset="8994"/>
</LocList>
</BasicStmnt>
<BasicStmnt CovItemId="S122" CovItemPrefix="my.PSM.PSM_Storage.MySQLManager.java" Intrnl_Id="1061">
<LocList>
<Loc EndOffset="9040" SrcFileId="9" StartOffset="9028"/>
</LocList>
</BasicStmnt>
</StmntSeq>
</Branch>
<Keyword EndOffset="8646" SrcFileId="9" StartOffset="8643"/>
<LocList>
<Loc EndOffset="9051" SrcFileId="9" StartOffset="8643"/>
</LocList>
</CondStmnt>
</StmntSeq>
</HierarchyLvl>
<HierarchyLvl HierarchyLvlId="885" HierarchyLvlTypeId="17" Intrnl_Id="1062" Name="fetchEndWed">
<Header>
<Loc EndOffset="9109" SrcFileId="9" StartOffset="9070"/>
</Header>
<LocList>
<Loc EndOffset="9537" SrcFileId="9" StartOffset="9070"/>
</LocList>
<StmntSeq Intrnl_Id="1063">
<LocList>
<Loc EndOffset="9182" SrcFileId="9" StartOffset="9144"/>
<Loc EndOffset="9277" SrcFileId="9" StartOffset="9196"/>
<Loc EndOffset="9324" SrcFileId="9" StartOffset="9291"/>
<Loc EndOffset="9349" SrcFileId="9" StartOffset="9338"/>
<Loc EndOffset="9395" SrcFileId="9" StartOffset="9363"/>
<Loc EndOffset="9530" SrcFileId="9" StartOffset="9126"/>
</LocList>
<BasicStmnt CovItemId="S124" CovItemPrefix="my.PSM.PSM_Storage.MySQLManager.java" Intrnl_Id="1064">
<LocList>
<Loc EndOffset="9182" SrcFileId="9" StartOffset="9144"/>
</LocList>
</BasicStmnt>
<BasicStmnt CovItemId="S125" CovItemPrefix="my.PSM.PSM_Storage.MySQLManager.java" Intrnl_Id="1065">
<LocList>
<Loc EndOffset="9277" SrcFileId="9" StartOffset="9196"/>
</LocList>
</BasicStmnt>
<BasicStmnt CovItemId="S126" CovItemPrefix="my.PSM.PSM_Storage.MySQLManager.java" Intrnl_Id="1066">
<LocList>
<Loc EndOffset="9324" SrcFileId="9" StartOffset="9291"/>
</LocList>
</BasicStmnt>
<BasicStmnt CovItemId="S127" CovItemPrefix="my.PSM.PSM_Storage.MySQLManager.java" Intrnl_Id="1067">
<LocList>
<Loc EndOffset="9349" SrcFileId="9" StartOffset="9338"/>
</LocList>
</BasicStmnt>
<BasicStmnt CovItemId="S128" CovItemPrefix="my.PSM.PSM_Storage.MySQLManager.java" Intrnl_Id="1068">
<LocList>
<Loc EndOffset="9395" SrcFileId="9" StartOffset="9363"/>
</LocList>
</BasicStmnt>
<CondStmnt CovItemId="S123" CovItemPrefix="my.PSM.PSM_Storage.MySQLManager.java" Intrnl_Id="1069">
<Branch CovItemId="B33" CovItemPrefix="my.PSM.PSM_Storage.MySQLManager.java" Implct="true" Intrnl_Id="1070">
<Cond/>
<LocList/>
<StmntSeq Intrnl_Id="1071">
<LocList/>
</StmntSeq>
</Branch>
<Branch CovItemId="B34" CovItemPrefix="my.PSM.PSM_Storage.MySQLManager.java" Implct="false" Intrnl_Id="1072">
<Cond>
<Loc EndOffset="9448" SrcFileId="9" StartOffset="9430"/>
</Cond>
<LocList>
<Loc EndOffset="9530" SrcFileId="9" StartOffset="9458"/>
</LocList>
<StmntSeq Intrnl_Id="1073">
<LocList>
<Loc EndOffset="9493" SrcFileId="9" StartOffset="9473"/>
<Loc EndOffset="9519" SrcFileId="9" StartOffset="9507"/>
</LocList>
<BasicStmnt CovItemId="S129" CovItemPrefix="my.PSM.PSM_Storage.MySQLManager.java" Intrnl_Id="1074">
<LocList>
<Loc EndOffset="9493" SrcFileId="9" StartOffset="9473"/>
</LocList>
</BasicStmnt>
<BasicStmnt CovItemId="S130" CovItemPrefix="my.PSM.PSM_Storage.MySQLManager.java" Intrnl_Id="1075">
<LocList>
<Loc EndOffset="9519" SrcFileId="9" StartOffset="9507"/>
</LocList>
</BasicStmnt>
</StmntSeq>
</Branch>
<Keyword EndOffset="9129" SrcFileId="9" StartOffset="9126"/>
<LocList>
<Loc EndOffset="9530" SrcFileId="9" StartOffset="9126"/>
</LocList>
</CondStmnt>
</StmntSeq>
</HierarchyLvl>
<HierarchyLvl HierarchyLvlId="886" HierarchyLvlTypeId="17" Intrnl_Id="1076" Name="fetchStartThu">
<Header>
<Loc EndOffset="9600" SrcFileId="9" StartOffset="9559"/>
</Header>
<LocList>
<Loc EndOffset="10032" SrcFileId="9" StartOffset="9559"/>
</LocList>
<StmntSeq Intrnl_Id="1077">
<LocList>
<Loc EndOffset="9673" SrcFileId="9" StartOffset="9635"/>
<Loc EndOffset="9770" SrcFileId="9" StartOffset="9687"/>
<Loc EndOffset="9817" SrcFileId="9" StartOffset="9784"/>
<Loc EndOffset="9842" SrcFileId="9" StartOffset="9831"/>
<Loc EndOffset="9890" SrcFileId="9" StartOffset="9856"/>
<Loc EndOffset="10025" SrcFileId="9" StartOffset="9617"/>
</LocList>
<BasicStmnt CovItemId="S132" CovItemPrefix="my.PSM.PSM_Storage.MySQLManager.java" Intrnl_Id="1078">
<LocList>
<Loc EndOffset="9673" SrcFileId="9" StartOffset="9635"/>
</LocList>
</BasicStmnt>
<BasicStmnt CovItemId="S133" CovItemPrefix="my.PSM.PSM_Storage.MySQLManager.java" Intrnl_Id="1079">
<LocList>
<Loc EndOffset="9770" SrcFileId="9" StartOffset="9687"/>
</LocList>
</BasicStmnt>
<BasicStmnt CovItemId="S134" CovItemPrefix="my.PSM.PSM_Storage.MySQLManager.java" Intrnl_Id="1080">
<LocList>
<Loc EndOffset="9817" SrcFileId="9" StartOffset="9784"/>
</LocList>
</BasicStmnt>
<BasicStmnt CovItemId="S135" CovItemPrefix="my.PSM.PSM_Storage.MySQLManager.java" Intrnl_Id="1081">
<LocList>
<Loc EndOffset="9842" SrcFileId="9" StartOffset="9831"/>
</LocList>
</BasicStmnt>
<BasicStmnt CovItemId="S136" CovItemPrefix="my.PSM.PSM_Storage.MySQLManager.java" Intrnl_Id="1082">
<LocList>
<Loc EndOffset="9890" SrcFileId="9" StartOffset="9856"/>
</LocList>
</BasicStmnt>
<CondStmnt CovItemId="S131" CovItemPrefix="my.PSM.PSM_Storage.MySQLManager.java" Intrnl_Id="1083">
<Branch CovItemId="B35" CovItemPrefix="my.PSM.PSM_Storage.MySQLManager.java" Implct="true" Intrnl_Id="1084">
<Cond/>
<LocList/>
<StmntSeq Intrnl_Id="1085">
<LocList/>
</StmntSeq>
</Branch>
<Branch CovItemId="B36" CovItemPrefix="my.PSM.PSM_Storage.MySQLManager.java" Implct="false" Intrnl_Id="1086">
<Cond>
<Loc EndOffset="9943" SrcFileId="9" StartOffset="9925"/>
</Cond>
<LocList>
<Loc EndOffset="10025" SrcFileId="9" StartOffset="9953"/>
</LocList>
<StmntSeq Intrnl_Id="1087">
<LocList>
<Loc EndOffset="9988" SrcFileId="9" StartOffset="9968"/>
<Loc EndOffset="10014" SrcFileId="9" StartOffset="10002"/>
</LocList>
<BasicStmnt CovItemId="S137" CovItemPrefix="my.PSM.PSM_Storage.MySQLManager.java" Intrnl_Id="1088">
<LocList>
<Loc EndOffset="9988" SrcFileId="9" StartOffset="9968"/>
</LocList>
</BasicStmnt>
<BasicStmnt CovItemId="S138" CovItemPrefix="my.PSM.PSM_Storage.MySQLManager.java" Intrnl_Id="1089">
<LocList>
<Loc EndOffset="10014" SrcFileId="9" StartOffset="10002"/>
</LocList>
</BasicStmnt>
</StmntSeq>
</Branch>
<Keyword EndOffset="9620" SrcFileId="9" StartOffset="9617"/>
<LocList>
<Loc EndOffset="10025" SrcFileId="9" StartOffset="9617"/>
</LocList>
</CondStmnt>
</StmntSeq>
</HierarchyLvl>
<HierarchyLvl HierarchyLvlId="887" HierarchyLvlTypeId="17" Intrnl_Id="1090" Name="fetchEndThu">
<Header>
<Loc EndOffset="10083" SrcFileId="9" StartOffset="10044"/>
</Header>
<LocList>
<Loc EndOffset="10511" SrcFileId="9" StartOffset="10044"/>
</LocList>
<StmntSeq Intrnl_Id="1091">
<LocList>
<Loc EndOffset="10156" SrcFileId="9" StartOffset="10118"/>
<Loc EndOffset="10251" SrcFileId="9" StartOffset="10170"/>
<Loc EndOffset="10298" SrcFileId="9" StartOffset="10265"/>
<Loc EndOffset="10323" SrcFileId="9" StartOffset="10312"/>
<Loc EndOffset="10369" SrcFileId="9" StartOffset="10337"/>
<Loc EndOffset="10504" SrcFileId="9" StartOffset="10100"/>
</LocList>
<BasicStmnt CovItemId="S140" CovItemPrefix="my.PSM.PSM_Storage.MySQLManager.java" Intrnl_Id="1092">
<LocList>
<Loc EndOffset="10156" SrcFileId="9" StartOffset="10118"/>
</LocList>
</BasicStmnt>
<BasicStmnt CovItemId="S141" CovItemPrefix="my.PSM.PSM_Storage.MySQLManager.java" Intrnl_Id="1093">
<LocList>
<Loc EndOffset="10251" SrcFileId="9" StartOffset="10170"/>
</LocList>
</BasicStmnt>
<BasicStmnt CovItemId="S142" CovItemPrefix="my.PSM.PSM_Storage.MySQLManager.java" Intrnl_Id="1094">
<LocList>
<Loc EndOffset="10298" SrcFileId="9" StartOffset="10265"/>
</LocList>
</BasicStmnt>
<BasicStmnt CovItemId="S143" CovItemPrefix="my.PSM.PSM_Storage.MySQLManager.java" Intrnl_Id="1095">
<LocList>
<Loc EndOffset="10323" SrcFileId="9" StartOffset="10312"/>
</LocList>
</BasicStmnt>
<BasicStmnt CovItemId="S144" CovItemPrefix="my.PSM.PSM_Storage.MySQLManager.java" Intrnl_Id="1096">
<LocList>
<Loc EndOffset="10369" SrcFileId="9" StartOffset="10337"/>
</LocList>
</BasicStmnt>
<CondStmnt CovItemId="S139" CovItemPrefix="my.PSM.PSM_Storage.MySQLManager.java" Intrnl_Id="1097">
<Branch CovItemId="B37" CovItemPrefix="my.PSM.PSM_Storage.MySQLManager.java" Implct="true" Intrnl_Id="1098">
<Cond/>
<LocList/>
<StmntSeq Intrnl_Id="1099">
<LocList/>
</StmntSeq>
</Branch>
<Branch CovItemId="B38" CovItemPrefix="my.PSM.PSM_Storage.MySQLManager.java" Implct="false" Intrnl_Id="1100">
<Cond>
<Loc EndOffset="10422" SrcFileId="9" StartOffset="10404"/>
</Cond>
<LocList>
<Loc EndOffset="10504" SrcFileId="9" StartOffset="10432"/>
</LocList>
<StmntSeq Intrnl_Id="1101">
<LocList>
<Loc EndOffset="10467" SrcFileId="9" StartOffset="10447"/>
<Loc EndOffset="10493" SrcFileId="9" StartOffset="10481"/>
</LocList>
<BasicStmnt CovItemId="S145" CovItemPrefix="my.PSM.PSM_Storage.MySQLManager.java" Intrnl_Id="1102">
<LocList>
<Loc EndOffset="10467" SrcFileId="9" StartOffset="10447"/>
</LocList>
</BasicStmnt>
<BasicStmnt CovItemId="S146" CovItemPrefix="my.PSM.PSM_Storage.MySQLManager.java" Intrnl_Id="1103">
<LocList>
<Loc EndOffset="10493" SrcFileId="9" StartOffset="10481"/>
</LocList>
</BasicStmnt>
</StmntSeq>
</Branch>
<Keyword EndOffset="10103" SrcFileId="9" StartOffset="10100"/>
<LocList>
<Loc EndOffset="10504" SrcFileId="9" StartOffset="10100"/>
</LocList>
</CondStmnt>
</StmntSeq>
</HierarchyLvl>
<HierarchyLvl HierarchyLvlId="888" HierarchyLvlTypeId="17" Intrnl_Id="1104" Name="fetchStartFri">
<Header>
<Loc EndOffset="10564" SrcFileId="9" StartOffset="10523"/>
</Header>
<LocList>
<Loc EndOffset="10996" SrcFileId="9" StartOffset="10523"/>
</LocList>
<StmntSeq Intrnl_Id="1105">
<LocList>
<Loc EndOffset="10637" SrcFileId="9" StartOffset="10599"/>
<Loc EndOffset="10734" SrcFileId="9" StartOffset="10651"/>
<Loc EndOffset="10781" SrcFileId="9" StartOffset="10748"/>
<Loc EndOffset="10806" SrcFileId="9" StartOffset="10795"/>
<Loc EndOffset="10854" SrcFileId="9" StartOffset="10820"/>
<Loc EndOffset="10989" SrcFileId="9" StartOffset="10581"/>
</LocList>
<BasicStmnt CovItemId="S148" CovItemPrefix="my.PSM.PSM_Storage.MySQLManager.java" Intrnl_Id="1106">
<LocList>
<Loc EndOffset="10637" SrcFileId="9" StartOffset="10599"/>
</LocList>
</BasicStmnt>
<BasicStmnt CovItemId="S149" CovItemPrefix="my.PSM.PSM_Storage.MySQLManager.java" Intrnl_Id="1107">
<LocList>
<Loc EndOffset="10734" SrcFileId="9" StartOffset="10651"/>
</LocList>
</BasicStmnt>
<BasicStmnt CovItemId="S150" CovItemPrefix="my.PSM.PSM_Storage.MySQLManager.java" Intrnl_Id="1108">
<LocList>
<Loc EndOffset="10781" SrcFileId="9" StartOffset="10748"/>
</LocList>
</BasicStmnt>
<BasicStmnt CovItemId="S151" CovItemPrefix="my.PSM.PSM_Storage.MySQLManager.java" Intrnl_Id="1109">
<LocList>
<Loc EndOffset="10806" SrcFileId="9" StartOffset="10795"/>
</LocList>
</BasicStmnt>
<BasicStmnt CovItemId="S152" CovItemPrefix="my.PSM.PSM_Storage.MySQLManager.java" Intrnl_Id="1110">
<LocList>
<Loc EndOffset="10854" SrcFileId="9" StartOffset="10820"/>
</LocList>
</BasicStmnt>
<CondStmnt CovItemId="S147" CovItemPrefix="my.PSM.PSM_Storage.MySQLManager.java" Intrnl_Id="1111">
<Branch CovItemId="B39" CovItemPrefix="my.PSM.PSM_Storage.MySQLManager.java" Implct="true" Intrnl_Id="1112">
<Cond/>
<LocList/>
<StmntSeq Intrnl_Id="1113">
<LocList/>
</StmntSeq>
</Branch>
<Branch CovItemId="B40" CovItemPrefix="my.PSM.PSM_Storage.MySQLManager.java" Implct="false" Intrnl_Id="1114">
<Cond>
<Loc EndOffset="10907" SrcFileId="9" StartOffset="10889"/>
</Cond>
<LocList>
<Loc EndOffset="10989" SrcFileId="9" StartOffset="10917"/>
</LocList>
<StmntSeq Intrnl_Id="1115">
<LocList>
<Loc EndOffset="10952" SrcFileId="9" StartOffset="10932"/>
<Loc EndOffset="10978" SrcFileId="9" StartOffset="10966"/>
</LocList>
<BasicStmnt CovItemId="S153" CovItemPrefix="my.PSM.PSM_Storage.MySQLManager.java" Intrnl_Id="1116">
<LocList>
<Loc EndOffset="10952" SrcFileId="9" StartOffset="10932"/>
</LocList>
</BasicStmnt>
<BasicStmnt CovItemId="S154" CovItemPrefix="my.PSM.PSM_Storage.MySQLManager.java" Intrnl_Id="1117">
<LocList>
<Loc EndOffset="10978" SrcFileId="9" StartOffset="10966"/>
</LocList>
</BasicStmnt>
</StmntSeq>
</Branch>
<Keyword EndOffset="10584" SrcFileId="9" StartOffset="10581"/>
<LocList>
<Loc EndOffset="10989" SrcFileId="9" StartOffset="10581"/>
</LocList>
</CondStmnt>
</StmntSeq>
</HierarchyLvl>
<HierarchyLvl HierarchyLvlId="889" HierarchyLvlTypeId="17" Intrnl_Id="1118" Name="fetchEndFri">
<Header>
<Loc EndOffset="11047" SrcFileId="9" StartOffset="11008"/>
</Header>
<LocList>
<Loc EndOffset="11475" SrcFileId="9" StartOffset="11008"/>
</LocList>
<StmntSeq Intrnl_Id="1119">
<LocList>
<Loc EndOffset="11120" SrcFileId="9" StartOffset="11082"/>
<Loc EndOffset="11215" SrcFileId="9" StartOffset="11134"/>
<Loc EndOffset="11262" SrcFileId="9" StartOffset="11229"/>
<Loc EndOffset="11287" SrcFileId="9" StartOffset="11276"/>
<Loc EndOffset="11333" SrcFileId="9" StartOffset="11301"/>
<Loc EndOffset="11468" SrcFileId="9" StartOffset="11064"/>
</LocList>
<BasicStmnt CovItemId="S156" CovItemPrefix="my.PSM.PSM_Storage.MySQLManager.java" Intrnl_Id="1120">
<LocList>
<Loc EndOffset="11120" SrcFileId="9" StartOffset="11082"/>
</LocList>
</BasicStmnt>
<BasicStmnt CovItemId="S157" CovItemPrefix="my.PSM.PSM_Storage.MySQLManager.java" Intrnl_Id="1121">
<LocList>
<Loc EndOffset="11215" SrcFileId="9" StartOffset="11134"/>
</LocList>
</BasicStmnt>
<BasicStmnt CovItemId="S158" CovItemPrefix="my.PSM.PSM_Storage.MySQLManager.java" Intrnl_Id="1122">
<LocList>
<Loc EndOffset="11262" SrcFileId="9" StartOffset="11229"/>
</LocList>
</BasicStmnt>
<BasicStmnt CovItemId="S159" CovItemPrefix="my.PSM.PSM_Storage.MySQLManager.java" Intrnl_Id="1123">
<LocList>
<Loc EndOffset="11287" SrcFileId="9" StartOffset="11276"/>
</LocList>
</BasicStmnt>
<BasicStmnt CovItemId="S160" CovItemPrefix="my.PSM.PSM_Storage.MySQLManager.java" Intrnl_Id="1124">
<LocList>
<Loc EndOffset="11333" SrcFileId="9" StartOffset="11301"/>
</LocList>
</BasicStmnt>
<CondStmnt CovItemId="S155" CovItemPrefix="my.PSM.PSM_Storage.MySQLManager.java" Intrnl_Id="1125">
<Branch CovItemId="B41" CovItemPrefix="my.PSM.PSM_Storage.MySQLManager.java" Implct="true" Intrnl_Id="1126">
<Cond/>
<LocList/>
<StmntSeq Intrnl_Id="1127">
<LocList/>
</StmntSeq>
</Branch>
<Branch CovItemId="B42" CovItemPrefix="my.PSM.PSM_Storage.MySQLManager.java" Implct="false" Intrnl_Id="1128">
<Cond>
<Loc EndOffset="11386" SrcFileId="9" StartOffset="11368"/>
</Cond>
<LocList>
<Loc EndOffset="11468" SrcFileId="9" StartOffset="11396"/>
</LocList>
<StmntSeq Intrnl_Id="1129">
<LocList>
<Loc EndOffset="11431" SrcFileId="9" StartOffset="11411"/>
<Loc EndOffset="11457" SrcFileId="9" StartOffset="11445"/>
</LocList>
<BasicStmnt CovItemId="S161" CovItemPrefix="my.PSM.PSM_Storage.MySQLManager.java" Intrnl_Id="1130">
<LocList>
<Loc EndOffset="11431" SrcFileId="9" StartOffset="11411"/>
</LocList>
</BasicStmnt>
<BasicStmnt CovItemId="S162" CovItemPrefix="my.PSM.PSM_Storage.MySQLManager.java" Intrnl_Id="1131">
<LocList>
<Loc EndOffset="11457" SrcFileId="9" StartOffset="11445"/>
</LocList>
</BasicStmnt>
</StmntSeq>
</Branch>
<Keyword EndOffset="11067" SrcFileId="9" StartOffset="11064"/>
<LocList>
<Loc EndOffset="11468" SrcFileId="9" StartOffset="11064"/>
</LocList>
</CondStmnt>
</StmntSeq>
</HierarchyLvl>
<HierarchyLvl HierarchyLvlId="890" HierarchyLvlTypeId="17" Intrnl_Id="1132" Name="fetchStartSat">
<Header>
<Loc EndOffset="11538" SrcFileId="9" StartOffset="11497"/>
</Header>
<LocList>
<Loc EndOffset="11953" SrcFileId="9" StartOffset="11497"/>
</LocList>
<StmntSeq Intrnl_Id="1133">
<LocList>
<Loc EndOffset="11611" SrcFileId="9" StartOffset="11573"/>
<Loc EndOffset="11724" SrcFileId="9" StartOffset="11625"/>
<Loc EndOffset="11763" SrcFileId="9" StartOffset="11752"/>
<Loc EndOffset="11811" SrcFileId="9" StartOffset="11777"/>
<Loc EndOffset="11946" SrcFileId="9" StartOffset="11555"/>
</LocList>
<BasicStmnt CovItemId="S164" CovItemPrefix="my.PSM.PSM_Storage.MySQLManager.java" Intrnl_Id="1134">
<LocList>
<Loc EndOffset="11611" SrcFileId="9" StartOffset="11573"/>
</LocList>
</BasicStmnt>
<BasicStmnt CovItemId="S165" CovItemPrefix="my.PSM.PSM_Storage.MySQLManager.java" Intrnl_Id="1135">
<LocList>
<Loc EndOffset="11724" SrcFileId="9" StartOffset="11625"/>
</LocList>
</BasicStmnt>
<BasicStmnt CovItemId="S166" CovItemPrefix="my.PSM.PSM_Storage.MySQLManager.java" Intrnl_Id="1136">
<LocList>
<Loc EndOffset="11763" SrcFileId="9" StartOffset="11752"/>
</LocList>
</BasicStmnt>
<BasicStmnt CovItemId="S167" CovItemPrefix="my.PSM.PSM_Storage.MySQLManager.java" Intrnl_Id="1137">
<LocList>
<Loc EndOffset="11811" SrcFileId="9" StartOffset="11777"/>
</LocList>
</BasicStmnt>
<CondStmnt CovItemId="S163" CovItemPrefix="my.PSM.PSM_Storage.MySQLManager.java" Intrnl_Id="1138">
<Branch CovItemId="B43" CovItemPrefix="my.PSM.PSM_Storage.MySQLManager.java" Implct="true" Intrnl_Id="1139">
<Cond/>
<LocList/>
<StmntSeq Intrnl_Id="1140">
<LocList/>
</StmntSeq>
</Branch>
<Branch CovItemId="B44" CovItemPrefix="my.PSM.PSM_Storage.MySQLManager.java" Implct="false" Intrnl_Id="1141">
<Cond>
<Loc EndOffset="11864" SrcFileId="9" StartOffset="11846"/>
</Cond>
<LocList>
<Loc EndOffset="11946" SrcFileId="9" StartOffset="11874"/>
</LocList>
<StmntSeq Intrnl_Id="1142">
<LocList>
<Loc EndOffset="11909" SrcFileId="9" StartOffset="11889"/>
<Loc EndOffset="11935" SrcFileId="9" StartOffset="11923"/>
</LocList>
<BasicStmnt CovItemId="S168" CovItemPrefix="my.PSM.PSM_Storage.MySQLManager.java" Intrnl_Id="1143">
<LocList>
<Loc EndOffset="11909" SrcFileId="9" StartOffset="11889"/>
</LocList>
</BasicStmnt>
<BasicStmnt CovItemId="S169" CovItemPrefix="my.PSM.PSM_Storage.MySQLManager.java" Intrnl_Id="1144">
<LocList>
<Loc EndOffset="11935" SrcFileId="9" StartOffset="11923"/>
</LocList>
</BasicStmnt>
</StmntSeq>
</Branch>
<Keyword EndOffset="11558" SrcFileId="9" StartOffset="11555"/>
<LocList>
<Loc EndOffset="11946" SrcFileId="9" StartOffset="11555"/>
</LocList>
</CondStmnt>
</StmntSeq>
</HierarchyLvl>
<HierarchyLvl HierarchyLvlId="891" HierarchyLvlTypeId="17" Intrnl_Id="1145" Name="fetchEndSat">
<Header>
<Loc EndOffset="12004" SrcFileId="9" StartOffset="11965"/>
</Header>
<LocList>
<Loc EndOffset="12469" SrcFileId="9" StartOffset="11965"/>
</LocList>
<StmntSeq Intrnl_Id="1146">
<LocList>
<Loc EndOffset="12087" SrcFileId="9" StartOffset="12049"/>
<Loc EndOffset="12212" SrcFileId="9" StartOffset="12115"/>
<Loc EndOffset="12251" SrcFileId="9" StartOffset="12240"/>
<Loc EndOffset="12303" SrcFileId="9" StartOffset="12265"/>
<Loc EndOffset="12341" SrcFileId="9" StartOffset="12330"/>
<Loc EndOffset="12462" SrcFileId="9" StartOffset="12031"/>
</LocList>
<BasicStmnt CovItemId="S171" CovItemPrefix="my.PSM.PSM_Storage.MySQLManager.java" Intrnl_Id="1147">
<LocList>
<Loc EndOffset="12087" SrcFileId="9" StartOffset="12049"/>
</LocList>
</BasicStmnt>
<BasicStmnt CovItemId="S172" CovItemPrefix="my.PSM.PSM_Storage.MySQLManager.java" Intrnl_Id="1148">
<LocList>
<Loc EndOffset="12212" SrcFileId="9" StartOffset="12115"/>
</LocList>
</BasicStmnt>
<BasicStmnt CovItemId="S173" CovItemPrefix="my.PSM.PSM_Storage.MySQLManager.java" Intrnl_Id="1149">
<LocList>
<Loc EndOffset="12251" SrcFileId="9" StartOffset="12240"/>
</LocList>
</BasicStmnt>
<BasicStmnt CovItemId="S174" CovItemPrefix="my.PSM.PSM_Storage.MySQLManager.java" Intrnl_Id="1150">
<LocList>
<Loc EndOffset="12303" SrcFileId="9" StartOffset="12265"/>
</LocList>
</BasicStmnt>
<BasicStmnt CovItemId="S175" CovItemPrefix="my.PSM.PSM_Storage.MySQLManager.java" Intrnl_Id="1151">
<LocList>
<Loc EndOffset="12341" SrcFileId="9" StartOffset="12330"/>
</LocList>
</BasicStmnt>
<CondStmnt CovItemId="S170" CovItemPrefix="my.PSM.PSM_Storage.MySQLManager.java" Intrnl_Id="1152">
<Branch CovItemId="B45" CovItemPrefix="my.PSM.PSM_Storage.MySQLManager.java" Implct="true" Intrnl_Id="1153">
<Cond/>
<LocList/>
<StmntSeq Intrnl_Id="1154">
<LocList/>
</StmntSeq>
</Branch>
<Branch CovItemId="B46" CovItemPrefix="my.PSM.PSM_Storage.MySQLManager.java" Implct="false" Intrnl_Id="1155">
<Cond>
<Loc EndOffset="12380" SrcFileId="9" StartOffset="12362"/>
</Cond>
<LocList>
<Loc EndOffset="12462" SrcFileId="9" StartOffset="12390"/>
</LocList>
<StmntSeq Intrnl_Id="1156">
<LocList>
<Loc EndOffset="12425" SrcFileId="9" StartOffset="12405"/>
<Loc EndOffset="12451" SrcFileId="9" StartOffset="12439"/>
</LocList>
<BasicStmnt CovItemId="S176" CovItemPrefix="my.PSM.PSM_Storage.MySQLManager.java" Intrnl_Id="1157">
<LocList>
<Loc EndOffset="12425" SrcFileId="9" StartOffset="12405"/>
</LocList>
</BasicStmnt>
<BasicStmnt CovItemId="S177" CovItemPrefix="my.PSM.PSM_Storage.MySQLManager.java" Intrnl_Id="1158">
<LocList>
<Loc EndOffset="12451" SrcFileId="9" StartOffset="12439"/>
</LocList>
</BasicStmnt>
</StmntSeq>
</Branch>
<Keyword EndOffset="12034" SrcFileId="9" StartOffset="12031"/>
<LocList>
<Loc EndOffset="12462" SrcFileId="9" StartOffset="12031"/>
</LocList>
</CondStmnt>
</StmntSeq>
</HierarchyLvl>
<HierarchyLvl HierarchyLvlId="892" HierarchyLvlTypeId="17" Intrnl_Id="1159" Name="storeClassInfo">
<Header>
<Loc EndOffset="12575" SrcFileId="9" StartOffset="12481"/>
</Header>
<LocList>
<Loc EndOffset="13233" SrcFileId="9" StartOffset="12481"/>
</LocList>
<StmntSeq Intrnl_Id="1160">
<LocList>
<Loc EndOffset="12648" SrcFileId="9" StartOffset="12610"/>
<Loc EndOffset="13082" SrcFileId="9" StartOffset="12881"/>
<Loc EndOffset="13207" SrcFileId="9" StartOffset="12592"/>
<Loc EndOffset="13226" SrcFileId="9" StartOffset="13217"/>
</LocList>
<BasicStmnt CovItemId="S179" CovItemPrefix="my.PSM.PSM_Storage.MySQLManager.java" Intrnl_Id="1161">
<LocList>
<Loc EndOffset="12648" SrcFileId="9" StartOffset="12610"/>
</LocList>
</BasicStmnt>
<BasicStmnt CovItemId="S180" CovItemPrefix="my.PSM.PSM_Storage.MySQLManager.java" Intrnl_Id="1162">
<LocList>
<Loc EndOffset="13082" SrcFileId="9" StartOffset="12881"/>
</LocList>
</BasicStmnt>
<CondStmnt CovItemId="S178" CovItemPrefix="my.PSM.PSM_Storage.MySQLManager.java" Intrnl_Id="1163">
<Branch CovItemId="B47" CovItemPrefix="my.PSM.PSM_Storage.MySQLManager.java" Implct="true" Intrnl_Id="1164">
<Cond/>
<LocList/>
<StmntSeq Intrnl_Id="1165">
<LocList/>
</StmntSeq>
</Branch>
<Branch CovItemId="B48" CovItemPrefix="my.PSM.PSM_Storage.MySQLManager.java" Implct="false" Intrnl_Id="1166">
<Cond>
<Loc EndOffset="13137" SrcFileId="9" StartOffset="13119"/>
</Cond>
<LocList>
<Loc EndOffset="13207" SrcFileId="9" StartOffset="13137"/>
</LocList>
<StmntSeq Intrnl_Id="1167">
<LocList>
<Loc EndOffset="13172" SrcFileId="9" StartOffset="13152"/>
<Loc EndOffset="13196" SrcFileId="9" StartOffset="13186"/>
</LocList>
<BasicStmnt CovItemId="S181" CovItemPrefix="my.PSM.PSM_Storage.MySQLManager.java" Intrnl_Id="1168">
<LocList>
<Loc EndOffset="13172" SrcFileId="9" StartOffset="13152"/>
</LocList>
</BasicStmnt>
<BasicStmnt CovItemId="S182" CovItemPrefix="my.PSM.PSM_Storage.MySQLManager.java" Intrnl_Id="1169">
<LocList>
<Loc EndOffset="13196" SrcFileId="9" StartOffset="13186"/>
</LocList>
</BasicStmnt>
</StmntSeq>
</Branch>
<Keyword EndOffset="12595" SrcFileId="9" StartOffset="12592"/>
<LocList>
<Loc EndOffset="13207" SrcFileId="9" StartOffset="12592"/>
</LocList>
</CondStmnt>
<BasicStmnt CovItemId="S183" CovItemPrefix="my.PSM.PSM_Storage.MySQLManager.java" Intrnl_Id="1170">
<LocList>
<Loc EndOffset="13226" SrcFileId="9" StartOffset="13217"/>
</LocList>
</BasicStmnt>
</StmntSeq>
</HierarchyLvl>
<HierarchyLvl HierarchyLvlId="893" HierarchyLvlTypeId="17" Intrnl_Id="1171" Name="storeClassSched">
<Header>
<Loc EndOffset="13538" SrcFileId="9" StartOffset="13245"/>
</Header>
<LocList>
<Loc EndOffset="14381" SrcFileId="9" StartOffset="13245"/>
</LocList>
<StmntSeq Intrnl_Id="1172">
<LocList>
<Loc EndOffset="13611" SrcFileId="9" StartOffset="13573"/>
<Loc EndOffset="14236" SrcFileId="9" StartOffset="13625"/>
<Loc EndOffset="14345" SrcFileId="9" StartOffset="13555"/>
<Loc EndOffset="14364" SrcFileId="9" StartOffset="14355"/>
</LocList>
<BasicStmnt CovItemId="S185" CovItemPrefix="my.PSM.PSM_Storage.MySQLManager.java" Intrnl_Id="1173">
<LocList>
<Loc EndOffset="13611" SrcFileId="9" StartOffset="13573"/>
</LocList>
</BasicStmnt>
<BasicStmnt CovItemId="S186" CovItemPrefix="my.PSM.PSM_Storage.MySQLManager.java" Intrnl_Id="1174">
<LocList>
<Loc EndOffset="14236" SrcFileId="9" StartOffset="13625"/>
</LocList>
</BasicStmnt>
<CondStmnt CovItemId="S184" CovItemPrefix="my.PSM.PSM_Storage.MySQLManager.java" Intrnl_Id="1175">
<Branch CovItemId="B49" CovItemPrefix="my.PSM.PSM_Storage.MySQLManager.java" Implct="true" Intrnl_Id="1176">
<Cond/>
<LocList/>
<StmntSeq Intrnl_Id="1177">
<LocList/>
</StmntSeq>
</Branch>
<Branch CovItemId="B50" CovItemPrefix="my.PSM.PSM_Storage.MySQLManager.java" Implct="false" Intrnl_Id="1178">
<Cond>
<Loc EndOffset="14275" SrcFileId="9" StartOffset="14257"/>
</Cond>
<LocList>
<Loc EndOffset="14345" SrcFileId="9" StartOffset="14275"/>
</LocList>
<StmntSeq Intrnl_Id="1179">
<LocList>
<Loc EndOffset="14310" SrcFileId="9" StartOffset="14290"/>
<Loc EndOffset="14334" SrcFileId="9" StartOffset="14324"/>
</LocList>
<BasicStmnt CovItemId="S187" CovItemPrefix="my.PSM.PSM_Storage.MySQLManager.java" Intrnl_Id="1180">
<LocList>
<Loc EndOffset="14310" SrcFileId="9" StartOffset="14290"/>
</LocList>
</BasicStmnt>
<BasicStmnt CovItemId="S188" CovItemPrefix="my.PSM.PSM_Storage.MySQLManager.java" Intrnl_Id="1181">
<LocList>
<Loc EndOffset="14334" SrcFileId="9" StartOffset="14324"/>
</LocList>
</BasicStmnt>
</StmntSeq>
</Branch>
<Keyword EndOffset="13558" SrcFileId="9" StartOffset="13555"/>
<LocList>
<Loc EndOffset="14345" SrcFileId="9" StartOffset="13555"/>
</LocList>
</CondStmnt>
<BasicStmnt CovItemId="S189" CovItemPrefix="my.PSM.PSM_Storage.MySQLManager.java" Intrnl_Id="1182">
<LocList>
<Loc EndOffset="14364" SrcFileId="9" StartOffset="14355"/>
</LocList>
</BasicStmnt>
</StmntSeq>
</HierarchyLvl>
<HierarchyLvl HierarchyLvlId="894" HierarchyLvlTypeId="17" Intrnl_Id="1183" Name="clearDatabase">
<Header>
<Loc EndOffset="14420" SrcFileId="9" StartOffset="14393"/>
</Header>
<LocList>
<Loc EndOffset="14644" SrcFileId="9" StartOffset="14393"/>
</LocList>
<StmntSeq Intrnl_Id="1184">
<LocList>
<Loc EndOffset="14493" SrcFileId="9" StartOffset="14455"/>
<Loc EndOffset="14542" SrcFileId="9" StartOffset="14507"/>
<Loc EndOffset="14637" SrcFileId="9" StartOffset="14437"/>
</LocList>
<BasicStmnt CovItemId="S191" CovItemPrefix="my.PSM.PSM_Storage.MySQLManager.java" Intrnl_Id="1185">
<LocList>
<Loc EndOffset="14493" SrcFileId="9" StartOffset="14455"/>
</LocList>
</BasicStmnt>
<BasicStmnt CovItemId="S192" CovItemPrefix="my.PSM.PSM_Storage.MySQLManager.java" Intrnl_Id="1186">
<LocList>
<Loc EndOffset="14542" SrcFileId="9" StartOffset="14507"/>
</LocList>
</BasicStmnt>
<CondStmnt CovItemId="S190" CovItemPrefix="my.PSM.PSM_Storage.MySQLManager.java" Intrnl_Id="1187">
<Branch CovItemId="B51" CovItemPrefix="my.PSM.PSM_Storage.MySQLManager.java" Implct="true" Intrnl_Id="1188">
<Cond/>
<LocList/>
<StmntSeq Intrnl_Id="1189">
<LocList/>
</StmntSeq>
</Branch>
<Branch CovItemId="B52" CovItemPrefix="my.PSM.PSM_Storage.MySQLManager.java" Implct="false" Intrnl_Id="1190">
<Cond>
<Loc EndOffset="14581" SrcFileId="9" StartOffset="14563"/>
</Cond>
<LocList>
<Loc EndOffset="14637" SrcFileId="9" StartOffset="14591"/>
</LocList>
<StmntSeq Intrnl_Id="1191">
<LocList>
<Loc EndOffset="14626" SrcFileId="9" StartOffset="14606"/>
</LocList>
<BasicStmnt CovItemId="S193" CovItemPrefix="my.PSM.PSM_Storage.MySQLManager.java" Intrnl_Id="1192">
<LocList>
<Loc EndOffset="14626" SrcFileId="9" StartOffset="14606"/>
</LocList>
</BasicStmnt>
</StmntSeq>
</Branch>
<Keyword EndOffset="14440" SrcFileId="9" StartOffset="14437"/>
<LocList>
<Loc EndOffset="14637" SrcFileId="9" StartOffset="14437"/>
</LocList>
</CondStmnt>
</StmntSeq>
</HierarchyLvl>
<HierarchyLvl HierarchyLvlId="895" HierarchyLvlTypeId="17" Intrnl_Id="1193" Name="createClassTable">
<Header>
<Loc EndOffset="14681" SrcFileId="9" StartOffset="14652"/>
</Header>
<LocList>
<Loc EndOffset="16239" SrcFileId="9" StartOffset="14652"/>
</LocList>
<StmntSeq Intrnl_Id="1194">
<LocList>
<Loc EndOffset="14750" SrcFileId="9" StartOffset="14712"/>
<Loc EndOffset="14832" SrcFileId="9" StartOffset="14783"/>
<Loc EndOffset="16065" SrcFileId="9" StartOffset="14842"/>
<Loc EndOffset="16085" SrcFileId="9" StartOffset="16075"/>
<Loc EndOffset="16189" SrcFileId="9" StartOffset="14697"/>
<Loc EndOffset="16207" SrcFileId="9" StartOffset="16198"/>
</LocList>
<BasicStmnt CovItemId="S195" CovItemPrefix="my.PSM.PSM_Storage.MySQLManager.java" Intrnl_Id="1195">
<LocList>
<Loc EndOffset="14750" SrcFileId="9" StartOffset="14712"/>
</LocList>
</BasicStmnt>
<BasicStmnt CovItemId="S196" CovItemPrefix="my.PSM.PSM_Storage.MySQLManager.java" Intrnl_Id="1196">
<LocList>
<Loc EndOffset="14832" SrcFileId="9" StartOffset="14783"/>
</LocList>
</BasicStmnt>
<BasicStmnt CovItemId="S197" CovItemPrefix="my.PSM.PSM_Storage.MySQLManager.java" Intrnl_Id="1197">
<LocList>
<Loc EndOffset="16065" SrcFileId="9" StartOffset="14842"/>
</LocList>
</BasicStmnt>
<BasicStmnt CovItemId="S198" CovItemPrefix="my.PSM.PSM_Storage.MySQLManager.java" Intrnl_Id="1198">
<LocList>
<Loc EndOffset="16085" SrcFileId="9" StartOffset="16075"/>
</LocList>
</BasicStmnt>
<CondStmnt CovItemId="S194" CovItemPrefix="my.PSM.PSM_Storage.MySQLManager.java" Intrnl_Id="1199">
<Branch CovItemId="B53" CovItemPrefix="my.PSM.PSM_Storage.MySQLManager.java" Implct="true" Intrnl_Id="1200">
<Cond/>
<LocList/>
<StmntSeq Intrnl_Id="1201">
<LocList/>
</StmntSeq>
</Branch>
<Branch CovItemId="B54" CovItemPrefix="my.PSM.PSM_Storage.MySQLManager.java" Implct="false" Intrnl_Id="1202">
<Cond>
<Loc EndOffset="16122" SrcFileId="9" StartOffset="16104"/>
</Cond>
<LocList>
<Loc EndOffset="16189" SrcFileId="9" StartOffset="16122"/>
</LocList>
<StmntSeq Intrnl_Id="1203">
<LocList>
<Loc EndOffset="16156" SrcFileId="9" StartOffset="16136"/>
<Loc EndOffset="16179" SrcFileId="9" StartOffset="16169"/>
</LocList>
<BasicStmnt CovItemId="S199" CovItemPrefix="my.PSM.PSM_Storage.MySQLManager.java" Intrnl_Id="1204">
<LocList>
<Loc EndOffset="16156" SrcFileId="9" StartOffset="16136"/>
</LocList>
</BasicStmnt>
<BasicStmnt CovItemId="S200" CovItemPrefix="my.PSM.PSM_Storage.MySQLManager.java" Intrnl_Id="1205">
<LocList>
<Loc EndOffset="16179" SrcFileId="9" StartOffset="16169"/>
</LocList>
</BasicStmnt>
</StmntSeq>
</Branch>
<Keyword EndOffset="14700" SrcFileId="9" StartOffset="14697"/>
<LocList>
<Loc EndOffset="16189" SrcFileId="9" StartOffset="14697"/>
</LocList>
</CondStmnt>
<BasicStmnt CovItemId="S201" CovItemPrefix="my.PSM.PSM_Storage.MySQLManager.java" Intrnl_Id="1206">
<LocList>
<Loc EndOffset="16207" SrcFileId="9" StartOffset="16198"/>
</LocList>
</BasicStmnt>
</StmntSeq>
</HierarchyLvl>
</HierarchyLvl>
</HierarchyLvl>
<HierarchyLvl HierarchyLvlId="957" HierarchyLvlTypeId="15" Intrnl_Id="1207" Name="subsystemTestPSM">
<Header/>
<LocList/>
<HierarchyLvl HierarchyLvlId="902" HierarchyLvlTypeId="16" Intrnl_Id="1208" Name="logicTest">
<Header>
<Loc EndOffset="212" SrcFileId="10" StartOffset="190"/>
</Header>
<LocList>
<Loc EndOffset="1539" SrcFileId="10" StartOffset="190"/>
</LocList>
<HierarchyLvl HierarchyLvlId="897" HierarchyLvlTypeId="17" Intrnl_Id="1209" Name="setUp">
<Header>
<Loc EndOffset="327" SrcFileId="10" StartOffset="281"/>
</Header>
<LocList>
<Loc EndOffset="429" SrcFileId="10" StartOffset="281"/>
</LocList>
<StmntSeq Intrnl_Id="1210">
<LocList>
<Loc EndOffset="378" SrcFileId="10" StartOffset="333"/>
<Loc EndOffset="421" SrcFileId="10" StartOffset="385"/>
</LocList>
<BasicStmnt CovItemId="S1" CovItemPrefix="my.PSM.subsystemTestPSM.logicTest.java" Intrnl_Id="1211">
<LocList>
<Loc EndOffset="378" SrcFileId="10" StartOffset="333"/>
</LocList>
</BasicStmnt>
<BasicStmnt CovItemId="S2" CovItemPrefix="my.PSM.subsystemTestPSM.logicTest.java" Intrnl_Id="1212">
<LocList>
<Loc EndOffset="421" SrcFileId="10" StartOffset="385"/>
</LocList>
</BasicStmnt>
</StmntSeq>
</HierarchyLvl>
<HierarchyLvl HierarchyLvlId="898" HierarchyLvlTypeId="17" Intrnl_Id="1213" Name="tearDown">
<Header>
<Loc EndOffset="482" SrcFileId="10" StartOffset="434"/>
</Header>
<LocList>
<Loc EndOffset="511" SrcFileId="10" StartOffset="434"/>
</LocList>
<StmntSeq Intrnl_Id="1214">
<LocList>
<Loc EndOffset="507" SrcFileId="10" StartOffset="488"/>
</LocList>
<BasicStmnt CovItemId="S3" CovItemPrefix="my.PSM.subsystemTestPSM.logicTest.java" Intrnl_Id="1215">
<LocList>
<Loc EndOffset="507" SrcFileId="10" StartOffset="488"/>
</LocList>
</BasicStmnt>
</StmntSeq>
</HierarchyLvl>
<HierarchyLvl HierarchyLvlId="899" HierarchyLvlTypeId="17" Intrnl_Id="1216" Name="testfetchcourse">
<Header>
<Loc EndOffset="553" SrcFileId="10" StartOffset="516"/>
</Header>
<LocList>
<Loc EndOffset="1031" SrcFileId="10" StartOffset="516"/>
</LocList>
<StmntSeq Intrnl_Id="1217">
<LocList>
<Loc EndOffset="719" SrcFileId="10" StartOffset="559"/>
<Loc EndOffset="883" SrcFileId="10" StartOffset="723"/>
<Loc EndOffset="939" SrcFileId="10" StartOffset="887"/>
<Loc EndOffset="979" SrcFileId="10" StartOffset="943"/>
<Loc EndOffset="1019" SrcFileId="10" StartOffset="989"/>
</LocList>
<BasicStmnt CovItemId="S4" CovItemPrefix="my.PSM.subsystemTestPSM.logicTest.java" Intrnl_Id="1218">
<LocList>
<Loc EndOffset="719" SrcFileId="10" StartOffset="559"/>
</LocList>
</BasicStmnt>
<BasicStmnt CovItemId="S5" CovItemPrefix="my.PSM.subsystemTestPSM.logicTest.java" Intrnl_Id="1219">
<LocList>
<Loc EndOffset="883" SrcFileId="10" StartOffset="723"/>
</LocList>
</BasicStmnt>
<BasicStmnt CovItemId="S6" CovItemPrefix="my.PSM.subsystemTestPSM.logicTest.java" Intrnl_Id="1220">
<LocList>
<Loc EndOffset="939" SrcFileId="10" StartOffset="887"/>
</LocList>
</BasicStmnt>
<BasicStmnt CovItemId="S7" CovItemPrefix="my.PSM.subsystemTestPSM.logicTest.java" Intrnl_Id="1221">
<LocList>
<Loc EndOffset="979" SrcFileId="10" StartOffset="943"/>
</LocList>
</BasicStmnt>
<BasicStmnt CovItemId="S8" CovItemPrefix="my.PSM.subsystemTestPSM.logicTest.java" Intrnl_Id="1222">
<LocList>
<Loc EndOffset="1019" SrcFileId="10" StartOffset="989"/>
</LocList>
</BasicStmnt>
</StmntSeq>
</HierarchyLvl>
<HierarchyLvl HierarchyLvlId="900" HierarchyLvlTypeId="17" Intrnl_Id="1223" Name="testfetchcourse02">
<Header>
<Loc EndOffset="1076" SrcFileId="10" StartOffset="1037"/>
</Header>
<LocList>
<Loc EndOffset="1197" SrcFileId="10" StartOffset="1037"/>
</LocList>
<StmntSeq Intrnl_Id="1224">
<LocList>
<Loc EndOffset="1123" SrcFileId="10" StartOffset="1081"/>
<Loc EndOffset="1163" SrcFileId="10" StartOffset="1127"/>
<Loc EndOffset="1193" SrcFileId="10" StartOffset="1173"/>
</LocList>
<BasicStmnt CovItemId="S9" CovItemPrefix="my.PSM.subsystemTestPSM.logicTest.java" Intrnl_Id="1225">
<LocList>
<Loc EndOffset="1123" SrcFileId="10" StartOffset="1081"/>
</LocList>
</BasicStmnt>
<BasicStmnt CovItemId="S10" CovItemPrefix="my.PSM.subsystemTestPSM.logicTest.java" Intrnl_Id="1226">
<LocList>
<Loc EndOffset="1163" SrcFileId="10" StartOffset="1127"/>
</LocList>
</BasicStmnt>
<BasicStmnt CovItemId="S11" CovItemPrefix="my.PSM.subsystemTestPSM.logicTest.java" Intrnl_Id="1227">
<LocList>
<Loc EndOffset="1193" SrcFileId="10" StartOffset="1173"/>
</LocList>
</BasicStmnt>
</StmntSeq>
</HierarchyLvl>
<HierarchyLvl HierarchyLvlId="901" HierarchyLvlTypeId="17" Intrnl_Id="1228" Name="testfetchcourse01">
<Header>
<Loc EndOffset="1239" SrcFileId="10" StartOffset="1200"/>
</Header>
<LocList>
<Loc EndOffset="1534" SrcFileId="10" StartOffset="1200"/>
</LocList>
<StmntSeq Intrnl_Id="1229">
<LocList>
<Loc EndOffset="1404" SrcFileId="10" StartOffset="1244"/>
<Loc EndOffset="1455" SrcFileId="10" StartOffset="1408"/>
<Loc EndOffset="1495" SrcFileId="10" StartOffset="1459"/>
<Loc EndOffset="1530" SrcFileId="10" StartOffset="1505"/>
</LocList>
<BasicStmnt CovItemId="S12" CovItemPrefix="my.PSM.subsystemTestPSM.logicTest.java" Intrnl_Id="1230">
<LocList>
<Loc EndOffset="1404" SrcFileId="10" StartOffset="1244"/>
</LocList>
</BasicStmnt>
<BasicStmnt CovItemId="S13" CovItemPrefix="my.PSM.subsystemTestPSM.logicTest.java" Intrnl_Id="1231">
<LocList>
<Loc EndOffset="1455" SrcFileId="10" StartOffset="1408"/>
</LocList>
</BasicStmnt>
<BasicStmnt CovItemId="S14" CovItemPrefix="my.PSM.subsystemTestPSM.logicTest.java" Intrnl_Id="1232">
<LocList>
<Loc EndOffset="1495" SrcFileId="10" StartOffset="1459"/>
</LocList>
</BasicStmnt>
<BasicStmnt CovItemId="S15" CovItemPrefix="my.PSM.subsystemTestPSM.logicTest.java" Intrnl_Id="1233">
<LocList>
<Loc EndOffset="1530" SrcFileId="10" StartOffset="1505"/>
</LocList>
</BasicStmnt>
</StmntSeq>
</HierarchyLvl>
</HierarchyLvl>
</HierarchyLvl>
<HierarchyLvl HierarchyLvlId="958" HierarchyLvlTypeId="15" Intrnl_Id="1234" Name="unitTestPSM">
<Header/>
<LocList/>
<HierarchyLvl HierarchyLvlId="929" HierarchyLvlTypeId="16" Intrnl_Id="1235" Name="DBConnectionTest">
<Header>
<Loc EndOffset="221" SrcFileId="11" StartOffset="192"/>
</Header>
<LocList>
<Loc EndOffset="6639" SrcFileId="11" StartOffset="192"/>
</LocList>
<StmntSeq Intrnl_Id="1236">
<LocList>
<Loc EndOffset="265" SrcFileId="11" StartOffset="228"/>
<Loc EndOffset="326" SrcFileId="11" StartOffset="268"/>
</LocList>
<BasicStmnt CovItemId="S1" CovItemPrefix="my.PSM.unitTestPSM.DBConnectionTest.java" Intrnl_Id="1237">
<LocList>
<Loc EndOffset="265" SrcFileId="11" StartOffset="228"/>
</LocList>
</BasicStmnt>
<BasicStmnt CovItemId="S2" CovItemPrefix="my.PSM.unitTestPSM.DBConnectionTest.java" Intrnl_Id="1238">
<LocList>
<Loc EndOffset="326" SrcFileId="11" StartOffset="268"/>
</LocList>
</BasicStmnt>
</StmntSeq>
<HierarchyLvl HierarchyLvlId="903" HierarchyLvlTypeId="17" Intrnl_Id="1239" Name="runBefore">
<Header>
<Loc EndOffset="368" SrcFileId="11" StartOffset="335"/>
</Header>
<LocList>
<Loc EndOffset="585" SrcFileId="11" StartOffset="335"/>
</LocList>
<StmntSeq Intrnl_Id="1240">
<LocList>
<Loc EndOffset="555" SrcFileId="11" StartOffset="373"/>
<Loc EndOffset="581" SrcFileId="11" StartOffset="559"/>
</LocList>
<BasicStmnt CovItemId="S3" CovItemPrefix="my.PSM.unitTestPSM.DBConnectionTest.java" Intrnl_Id="1241">
<LocList>
<Loc EndOffset="555" SrcFileId="11" StartOffset="373"/>
</LocList>
</BasicStmnt>
<BasicStmnt CovItemId="S4" CovItemPrefix="my.PSM.unitTestPSM.DBConnectionTest.java" Intrnl_Id="1242">
<LocList>
<Loc EndOffset="581" SrcFileId="11" StartOffset="559"/>
</LocList>
</BasicStmnt>
</StmntSeq>
</HierarchyLvl>
<HierarchyLvl HierarchyLvlId="904" HierarchyLvlTypeId="17" Intrnl_Id="1243" Name="testConnectStringStringString">
<Header>
<Loc EndOffset="642" SrcFileId="11" StartOffset="591"/>
</Header>
<LocList>
<Loc EndOffset="718" SrcFileId="11" StartOffset="591"/>
</LocList>
<StmntSeq Intrnl_Id="1244">
<LocList>
<Loc EndOffset="714" SrcFileId="11" StartOffset="648"/>
</LocList>
<BasicStmnt CovItemId="S5" CovItemPrefix="my.PSM.unitTestPSM.DBConnectionTest.java" Intrnl_Id="1245">
<LocList>
<Loc EndOffset="714" SrcFileId="11" StartOffset="648"/>
</LocList>
</BasicStmnt>
</StmntSeq>
</HierarchyLvl>
<HierarchyLvl HierarchyLvlId="905" HierarchyLvlTypeId="17" Intrnl_Id="1246" Name="testConnectStringString">
<Header>
<Loc EndOffset="768" SrcFileId="11" StartOffset="723"/>
</Header>
<LocList>
<Loc EndOffset="803" SrcFileId="11" StartOffset="723"/>
</LocList>
<StmntSeq Intrnl_Id="1247">
<LocList>
<Loc EndOffset="799" SrcFileId="11" StartOffset="774"/>
</LocList>
<BasicStmnt CovItemId="S6" CovItemPrefix="my.PSM.unitTestPSM.DBConnectionTest.java" Intrnl_Id="1248">
<LocList>
<Loc EndOffset="799" SrcFileId="11" StartOffset="774"/>
</LocList>
</BasicStmnt>
</StmntSeq>
</HierarchyLvl>
<HierarchyLvl HierarchyLvlId="906" HierarchyLvlTypeId="17" Intrnl_Id="1249" Name="testDisconnect">
<Header>
<Loc EndOffset="844" SrcFileId="11" StartOffset="808"/>
</Header>
<LocList>
<Loc EndOffset="870" SrcFileId="11" StartOffset="808"/>
</LocList>
<StmntSeq Intrnl_Id="1250">
<LocList>
<Loc EndOffset="866" SrcFileId="11" StartOffset="850"/>
</LocList>
<BasicStmnt CovItemId="S7" CovItemPrefix="my.PSM.unitTestPSM.DBConnectionTest.java" Intrnl_Id="1251">
<LocList>
<Loc EndOffset="866" SrcFileId="11" StartOffset="850"/>
</LocList>
</BasicStmnt>
</StmntSeq>
</HierarchyLvl>
<HierarchyLvl HierarchyLvlId="907" HierarchyLvlTypeId="17" Intrnl_Id="1252" Name="testFetchCourseID">
<Header>
<Loc EndOffset="914" SrcFileId="11" StartOffset="875"/>
</Header>
<LocList>
<Loc EndOffset="1109" SrcFileId="11" StartOffset="875"/>
</LocList>
<StmntSeq Intrnl_Id="1253">
<LocList>
<Loc EndOffset="941" SrcFileId="11" StartOffset="920"/>
<Loc EndOffset="963" SrcFileId="11" StartOffset="945"/>
<Loc EndOffset="1075" SrcFileId="11" StartOffset="996"/>
<Loc EndOffset="1103" SrcFileId="11" StartOffset="1079"/>
</LocList>
<BasicStmnt CovItemId="S8" CovItemPrefix="my.PSM.unitTestPSM.DBConnectionTest.java" Intrnl_Id="1254">
<LocList>
<Loc EndOffset="941" SrcFileId="11" StartOffset="920"/>
</LocList>
</BasicStmnt>
<BasicStmnt CovItemId="S9" CovItemPrefix="my.PSM.unitTestPSM.DBConnectionTest.java" Intrnl_Id="1255">
<LocList>
<Loc EndOffset="963" SrcFileId="11" StartOffset="945"/>
</LocList>
</BasicStmnt>
<CondStmnt CovItemId="S10" CovItemPrefix="my.PSM.unitTestPSM.DBConnectionTest.java" Intrnl_Id="1256">
<Branch CovItemId="B1" CovItemPrefix="my.PSM.unitTestPSM.DBConnectionTest.java" Implct="false" Intrnl_Id="1257">
<Cond/>
<LocList>
<Loc EndOffset="1056" SrcFileId="11" StartOffset="1033"/>
</LocList>
<StmntSeq Intrnl_Id="1258">
<LocList>
<Loc EndOffset="1051" SrcFileId="11" StartOffset="1039"/>
</LocList>
<BasicStmnt CovItemId="S11" CovItemPrefix="my.PSM.unitTestPSM.DBConnectionTest.java" Intrnl_Id="1259">
<LocList>
<Loc EndOffset="1051" SrcFileId="11" StartOffset="1039"/>
</LocList>
</BasicStmnt>
</StmntSeq>
</Branch>
<Branch CovItemId="B2" CovItemPrefix="my.PSM.unitTestPSM.DBConnectionTest.java" Implct="false" Intrnl_Id="1260">
<Cond>
<Loc EndOffset="1061" SrcFileId="11" StartOffset="1057"/>
</Cond>
<LocList>
<Loc EndOffset="1075" SrcFileId="11" StartOffset="1062"/>
</LocList>
<StmntSeq Intrnl_Id="1261">
<LocList>
<Loc EndOffset="1075" SrcFileId="11" StartOffset="1062"/>
</LocList>
<BasicStmnt CovItemId="S12" CovItemPrefix="my.PSM.unitTestPSM.DBConnectionTest.java" Intrnl_Id="1262">
<LocList>
<Loc EndOffset="1075" SrcFileId="11" StartOffset="1062"/>
</LocList>
</BasicStmnt>
</StmntSeq>
</Branch>
<Keyword EndOffset="998" SrcFileId="11" StartOffset="996"/>
<LocList>
<Loc EndOffset="1075" SrcFileId="11" StartOffset="996"/>
</LocList>
<RootTerm CovItemId="C1" CovItemPrefix="my.PSM.unitTestPSM.DBConnectionTest.java" Intrnl_Id="1263">
<BasicBoolTerm Intrnl_Id="1264">
<LocList>
<Loc EndOffset="1032" SrcFileId="11" StartOffset="1000"/>
</LocList>
</BasicBoolTerm>
</RootTerm>
</CondStmnt>
<BasicStmnt CovItemId="S13" CovItemPrefix="my.PSM.unitTestPSM.DBConnectionTest.java" Intrnl_Id="1265">
<LocList>
<Loc EndOffset="1103" SrcFileId="11" StartOffset="1079"/>
</LocList>
</BasicStmnt>
</StmntSeq>
</HierarchyLvl>
<HierarchyLvl HierarchyLvlId="908" HierarchyLvlTypeId="17" Intrnl_Id="1266" Name="testGetEndDates">
<Header>
<Loc EndOffset="1151" SrcFileId="11" StartOffset="1114"/>
</Header>
<LocList>
<Loc EndOffset="1213" SrcFileId="11" StartOffset="1114"/>
</LocList>
<StmntSeq Intrnl_Id="1267">
<LocList>
<Loc EndOffset="1181" SrcFileId="11" StartOffset="1157"/>
<Loc EndOffset="1209" SrcFileId="11" StartOffset="1185"/>
</LocList>
<BasicStmnt CovItemId="S14" CovItemPrefix="my.PSM.unitTestPSM.DBConnectionTest.java" Intrnl_Id="1268">
<LocList>
<Loc EndOffset="1181" SrcFileId="11" StartOffset="1157"/>
</LocList>
</BasicStmnt>
<BasicStmnt CovItemId="S15" CovItemPrefix="my.PSM.unitTestPSM.DBConnectionTest.java" Intrnl_Id="1269">
<LocList>
<Loc EndOffset="1209" SrcFileId="11" StartOffset="1185"/>
</LocList>
</BasicStmnt>
</StmntSeq>
</HierarchyLvl>
<HierarchyLvl HierarchyLvlId="909" HierarchyLvlTypeId="17" Intrnl_Id="1270" Name="testGetCourses">
<Header>
<Loc EndOffset="1254" SrcFileId="11" StartOffset="1218"/>
</Header>
<LocList>
<Loc EndOffset="1683" SrcFileId="11" StartOffset="1218"/>
</LocList>
<StmntSeq Intrnl_Id="1271">
<LocList>
<Loc EndOffset="1314" SrcFileId="11" StartOffset="1260"/>
<Loc EndOffset="1339" SrcFileId="11" StartOffset="1318"/>
<Loc EndOffset="1364" SrcFileId="11" StartOffset="1343"/>
<Loc EndOffset="1391" SrcFileId="11" StartOffset="1368"/>
<Loc EndOffset="1427" SrcFileId="11" StartOffset="1395"/>
<Loc EndOffset="1492" SrcFileId="11" StartOffset="1443"/>
<Loc EndOffset="1635" SrcFileId="11" StartOffset="1496"/>
<Loc EndOffset="1651" SrcFileId="11" StartOffset="1639"/>
<Loc EndOffset="1679" SrcFileId="11" StartOffset="1655"/>
</LocList>
<BasicStmnt CovItemId="S16" CovItemPrefix="my.PSM.unitTestPSM.DBConnectionTest.java" Intrnl_Id="1272">
<LocList>
<Loc EndOffset="1314" SrcFileId="11" StartOffset="1260"/>
</LocList>
</BasicStmnt>
<BasicStmnt CovItemId="S17" CovItemPrefix="my.PSM.unitTestPSM.DBConnectionTest.java" Intrnl_Id="1273">
<LocList>
<Loc EndOffset="1339" SrcFileId="11" StartOffset="1318"/>
</LocList>
</BasicStmnt>
<BasicStmnt CovItemId="S18" CovItemPrefix="my.PSM.unitTestPSM.DBConnectionTest.java" Intrnl_Id="1274">
<LocList>
<Loc EndOffset="1364" SrcFileId="11" StartOffset="1343"/>
</LocList>
</BasicStmnt>
<BasicStmnt CovItemId="S19" CovItemPrefix="my.PSM.unitTestPSM.DBConnectionTest.java" Intrnl_Id="1275">
<LocList>
<Loc EndOffset="1391" SrcFileId="11" StartOffset="1368"/>
</LocList>
</BasicStmnt>
<BasicStmnt CovItemId="S20" CovItemPrefix="my.PSM.unitTestPSM.DBConnectionTest.java" Intrnl_Id="1276">
<LocList>
<Loc EndOffset="1427" SrcFileId="11" StartOffset="1395"/>
</LocList>
</BasicStmnt>
<CondStmnt CovItemId="S21" CovItemPrefix="my.PSM.unitTestPSM.DBConnectionTest.java" Intrnl_Id="1277">
<Branch CovItemId="B3" CovItemPrefix="my.PSM.unitTestPSM.DBConnectionTest.java" Implct="false" Intrnl_Id="1278">
<Cond/>
<LocList>
<Loc EndOffset="1474" SrcFileId="11" StartOffset="1455"/>
</LocList>
<StmntSeq Intrnl_Id="1279">
<LocList>
<Loc EndOffset="1469" SrcFileId="11" StartOffset="1461"/>
</LocList>
<BasicStmnt CovItemId="S22" CovItemPrefix="my.PSM.unitTestPSM.DBConnectionTest.java" Intrnl_Id="1280">
<LocList>
<Loc EndOffset="1469" SrcFileId="11" StartOffset="1461"/>
</LocList>
</BasicStmnt>
</StmntSeq>
</Branch>
<Branch CovItemId="B4" CovItemPrefix="my.PSM.unitTestPSM.DBConnectionTest.java" Implct="false" Intrnl_Id="1281">
<Cond>
<Loc EndOffset="1479" SrcFileId="11" StartOffset="1475"/>
</Cond>
<LocList>
<Loc EndOffset="1492" SrcFileId="11" StartOffset="1484"/>
</LocList>
<StmntSeq Intrnl_Id="1282">
<LocList>
<Loc EndOffset="1492" SrcFileId="11" StartOffset="1484"/>
</LocList>
<BasicStmnt CovItemId="S23" CovItemPrefix="my.PSM.unitTestPSM.DBConnectionTest.java" Intrnl_Id="1283">
<LocList>
<Loc EndOffset="1492" SrcFileId="11" StartOffset="1484"/>
</LocList>
</BasicStmnt>
</StmntSeq>
</Branch>
<Keyword EndOffset="1445" SrcFileId="11" StartOffset="1443"/>
<LocList>
<Loc EndOffset="1492" SrcFileId="11" StartOffset="1443"/>
</LocList>
<RootTerm CovItemId="C2" CovItemPrefix="my.PSM.unitTestPSM.DBConnectionTest.java" Intrnl_Id="1284">
<BasicBoolTerm Intrnl_Id="1285">
<LocList>
<Loc EndOffset="1453" SrcFileId="11" StartOffset="1447"/>
</LocList>
</BasicBoolTerm>
</RootTerm>
</CondStmnt>
<LoopStmnt CovItemId="S24" CovItemPrefix="my.PSM.unitTestPSM.DBConnectionTest.java" Intrnl_Id="1286" MltplExecId="L1-2" MltplExecPrefix="my.PSM.unitTestPSM.DBConnectionTest.java" NvrExecId="L1-0" NvrExecPrefix="my.PSM.unitTestPSM.DBConnectionTest.java" OnceExecutedId="L1-1" OnceExecutedPrefix="my.PSM.unitTestPSM.DBConnectionTest.java" OptBodyExec="true">
<StmntSeq Intrnl_Id="1287">
<LocList>
<Loc EndOffset="1630" SrcFileId="11" StartOffset="1532"/>
</LocList>
<CondStmnt CovItemId="S25" CovItemPrefix="my.PSM.unitTestPSM.DBConnectionTest.java" Intrnl_Id="1288">
<Branch CovItemId="B5" CovItemPrefix="my.PSM.unitTestPSM.DBConnectionTest.java" Implct="false" Intrnl_Id="1289">
<Cond/>
<LocList>
<Loc EndOffset="1606" SrcFileId="11" StartOffset="1580"/>
</LocList>
<StmntSeq Intrnl_Id="1290">
<LocList/>
</StmntSeq>
</Branch>
<Branch CovItemId="B6" CovItemPrefix="my.PSM.unitTestPSM.DBConnectionTest.java" Implct="false" Intrnl_Id="1291">
<Cond>
<Loc EndOffset="1611" SrcFileId="11" StartOffset="1607"/>
</Cond>
<LocList>
<Loc EndOffset="1630" SrcFileId="11" StartOffset="1617"/>
</LocList>
<StmntSeq Intrnl_Id="1292">
<LocList>
<Loc EndOffset="1630" SrcFileId="11" StartOffset="1617"/>
</LocList>
<BasicStmnt CovItemId="S26" CovItemPrefix="my.PSM.unitTestPSM.DBConnectionTest.java" Intrnl_Id="1293">
<LocList>
<Loc EndOffset="1630" SrcFileId="11" StartOffset="1617"/>
</LocList>
</BasicStmnt>
</StmntSeq>
</Branch>
<Keyword EndOffset="1534" SrcFileId="11" StartOffset="1532"/>
<LocList>
<Loc EndOffset="1630" SrcFileId="11" StartOffset="1532"/>
</LocList>
<RootTerm CovItemId="C4" CovItemPrefix="my.PSM.unitTestPSM.DBConnectionTest.java" Intrnl_Id="1294">
<BasicBoolTerm Intrnl_Id="1295">
<LocList>
<Loc EndOffset="1578" SrcFileId="11" StartOffset="1536"/>
</LocList>
</BasicBoolTerm>
</RootTerm>
</CondStmnt>
</StmntSeq>
<Keyword EndOffset="1499" SrcFileId="11" StartOffset="1496"/>
<LocList>
<Loc EndOffset="1635" SrcFileId="11" StartOffset="1496"/>
</LocList>
<RootTerm CovItemId="C3" CovItemPrefix="my.PSM.unitTestPSM.DBConnectionTest.java" Intrnl_Id="1296">
<BasicBoolTerm Intrnl_Id="1297">
<LocList>
<Loc EndOffset="1519" SrcFileId="11" StartOffset="1512"/>
</LocList>
</BasicBoolTerm>
</RootTerm>
</LoopStmnt>
<BasicStmnt CovItemId="S27" CovItemPrefix="my.PSM.unitTestPSM.DBConnectionTest.java" Intrnl_Id="1298">
<LocList>
<Loc EndOffset="1651" SrcFileId="11" StartOffset="1639"/>
</LocList>
</BasicStmnt>
<BasicStmnt CovItemId="S28" CovItemPrefix="my.PSM.unitTestPSM.DBConnectionTest.java" Intrnl_Id="1299">
<LocList>
<Loc EndOffset="1679" SrcFileId="11" StartOffset="1655"/>
</LocList>
</BasicStmnt>
</StmntSeq>
</HierarchyLvl>
<HierarchyLvl HierarchyLvlId="910" HierarchyLvlTypeId="17" Intrnl_Id="1300" Name="testFetchCourses">
<Header>
<Loc EndOffset="1726" SrcFileId="11" StartOffset="1688"/>
</Header>
<LocList>
<Loc EndOffset="1937" SrcFileId="11" StartOffset="1688"/>
</LocList>
<StmntSeq Intrnl_Id="1301">
<LocList>
<Loc EndOffset="1753" SrcFileId="11" StartOffset="1732"/>
<Loc EndOffset="1782" SrcFileId="11" StartOffset="1757"/>
<Loc EndOffset="1905" SrcFileId="11" StartOffset="1815"/>
<Loc EndOffset="1933" SrcFileId="11" StartOffset="1909"/>
</LocList>
<BasicStmnt CovItemId="S29" CovItemPrefix="my.PSM.unitTestPSM.DBConnectionTest.java" Intrnl_Id="1302">
<LocList>
<Loc EndOffset="1753" SrcFileId="11" StartOffset="1732"/>
</LocList>
</BasicStmnt>
<BasicStmnt CovItemId="S30" CovItemPrefix="my.PSM.unitTestPSM.DBConnectionTest.java" Intrnl_Id="1303">
<LocList>
<Loc EndOffset="1782" SrcFileId="11" StartOffset="1757"/>
</LocList>
</BasicStmnt>
<CondStmnt CovItemId="S31" CovItemPrefix="my.PSM.unitTestPSM.DBConnectionTest.java" Intrnl_Id="1304">
<Branch CovItemId="B7" CovItemPrefix="my.PSM.unitTestPSM.DBConnectionTest.java" Implct="false" Intrnl_Id="1305">
<Cond/>
<LocList>
<Loc EndOffset="1886" SrcFileId="11" StartOffset="1863"/>
</LocList>
<StmntSeq Intrnl_Id="1306">
<LocList>
<Loc EndOffset="1881" SrcFileId="11" StartOffset="1869"/>
</LocList>
<BasicStmnt CovItemId="S32" CovItemPrefix="my.PSM.unitTestPSM.DBConnectionTest.java" Intrnl_Id="1307">
<LocList>
<Loc EndOffset="1881" SrcFileId="11" StartOffset="1869"/>
</LocList>
</BasicStmnt>
</StmntSeq>
</Branch>
<Branch CovItemId="B8" CovItemPrefix="my.PSM.unitTestPSM.DBConnectionTest.java" Implct="false" Intrnl_Id="1308">
<Cond>
<Loc EndOffset="1891" SrcFileId="11" StartOffset="1887"/>
</Cond>
<LocList>
<Loc EndOffset="1905" SrcFileId="11" StartOffset="1892"/>
</LocList>
<StmntSeq Intrnl_Id="1309">
<LocList>
<Loc EndOffset="1905" SrcFileId="11" StartOffset="1892"/>
</LocList>
<BasicStmnt CovItemId="S33" CovItemPrefix="my.PSM.unitTestPSM.DBConnectionTest.java" Intrnl_Id="1310">
<LocList>
<Loc EndOffset="1905" SrcFileId="11" StartOffset="1892"/>
</LocList>
</BasicStmnt>
</StmntSeq>
</Branch>
<Keyword EndOffset="1817" SrcFileId="11" StartOffset="1815"/>
<LocList>
<Loc EndOffset="1905" SrcFileId="11" StartOffset="1815"/>
</LocList>
<RootTerm CovItemId="C5" CovItemPrefix="my.PSM.unitTestPSM.DBConnectionTest.java" Intrnl_Id="1311">
<BasicBoolTerm Intrnl_Id="1312">
<LocList>
<Loc EndOffset="1862" SrcFileId="11" StartOffset="1819"/>
</LocList>
</BasicBoolTerm>
</RootTerm>
</CondStmnt>
<BasicStmnt CovItemId="S34" CovItemPrefix="my.PSM.unitTestPSM.DBConnectionTest.java" Intrnl_Id="1313">
<LocList>
<Loc EndOffset="1933" SrcFileId="11" StartOffset="1909"/>
</LocList>
</BasicStmnt>
</StmntSeq>
</HierarchyLvl>
<HierarchyLvl HierarchyLvlId="911" HierarchyLvlTypeId="17" Intrnl_Id="1314" Name="testFetchCourseSubj">
<Header>
<Loc EndOffset="1983" SrcFileId="11" StartOffset="1942"/>
</Header>
<LocList>
<Loc EndOffset="2178" SrcFileId="11" StartOffset="1942"/>
</LocList>
<StmntSeq Intrnl_Id="1315">
<LocList>
<Loc EndOffset="2010" SrcFileId="11" StartOffset="1989"/>
<Loc EndOffset="2034" SrcFileId="11" StartOffset="2014"/>
<Loc EndOffset="2146" SrcFileId="11" StartOffset="2052"/>
<Loc EndOffset="2174" SrcFileId="11" StartOffset="2150"/>
</LocList>
<BasicStmnt CovItemId="S35" CovItemPrefix="my.PSM.unitTestPSM.DBConnectionTest.java" Intrnl_Id="1316">
<LocList>
<Loc EndOffset="2010" SrcFileId="11" StartOffset="1989"/>
</LocList>
</BasicStmnt>
<BasicStmnt CovItemId="S36" CovItemPrefix="my.PSM.unitTestPSM.DBConnectionTest.java" Intrnl_Id="1317">
<LocList>
<Loc EndOffset="2034" SrcFileId="11" StartOffset="2014"/>
</LocList>
</BasicStmnt>
<CondStmnt CovItemId="S37" CovItemPrefix="my.PSM.unitTestPSM.DBConnectionTest.java" Intrnl_Id="1318">
<Branch CovItemId="B9" CovItemPrefix="my.PSM.unitTestPSM.DBConnectionTest.java" Implct="false" Intrnl_Id="1319">
<Cond/>
<LocList>
<Loc EndOffset="2127" SrcFileId="11" StartOffset="2104"/>
</LocList>
<StmntSeq Intrnl_Id="1320">
<LocList>
<Loc EndOffset="2122" SrcFileId="11" StartOffset="2110"/>
</LocList>
<BasicStmnt CovItemId="S38" CovItemPrefix="my.PSM.unitTestPSM.DBConnectionTest.java" Intrnl_Id="1321">
<LocList>
<Loc EndOffset="2122" SrcFileId="11" StartOffset="2110"/>
</LocList>
</BasicStmnt>
</StmntSeq>
</Branch>
<Branch CovItemId="B10" CovItemPrefix="my.PSM.unitTestPSM.DBConnectionTest.java" Implct="false" Intrnl_Id="1322">
<Cond>
<Loc EndOffset="2132" SrcFileId="11" StartOffset="2128"/>
</Cond>
<LocList>
<Loc EndOffset="2146" SrcFileId="11" StartOffset="2133"/>
</LocList>
<StmntSeq Intrnl_Id="1323">
<LocList>
<Loc EndOffset="2146" SrcFileId="11" StartOffset="2133"/>
</LocList>
<BasicStmnt CovItemId="S39" CovItemPrefix="my.PSM.unitTestPSM.DBConnectionTest.java" Intrnl_Id="1324">
<LocList>
<Loc EndOffset="2146" SrcFileId="11" StartOffset="2133"/>
</LocList>
</BasicStmnt>
</StmntSeq>
</Branch>
<Keyword EndOffset="2054" SrcFileId="11" StartOffset="2052"/>
<LocList>
<Loc EndOffset="2146" SrcFileId="11" StartOffset="2052"/>
</LocList>
<RootTerm CovItemId="C6" CovItemPrefix="my.PSM.unitTestPSM.DBConnectionTest.java" Intrnl_Id="1325">
<BasicBoolTerm Intrnl_Id="1326">
<LocList>
<Loc EndOffset="2103" SrcFileId="11" StartOffset="2056"/>
</LocList>
</BasicBoolTerm>
</RootTerm>
</CondStmnt>
<BasicStmnt CovItemId="S40" CovItemPrefix="my.PSM.unitTestPSM.DBConnectionTest.java" Intrnl_Id="1327">
<LocList>
<Loc EndOffset="2174" SrcFileId="11" StartOffset="2150"/>
</LocList>
</BasicStmnt>
</StmntSeq>
</HierarchyLvl>
<HierarchyLvl HierarchyLvlId="912" HierarchyLvlTypeId="17" Intrnl_Id="1328" Name="testFetchCourseName">
<Header>
<Loc EndOffset="2224" SrcFileId="11" StartOffset="2183"/>
</Header>
<LocList>
<Loc EndOffset="2442" SrcFileId="11" StartOffset="2183"/>
</LocList>
<StmntSeq Intrnl_Id="1329">
<LocList>
<Loc EndOffset="2251" SrcFileId="11" StartOffset="2230"/>
<Loc EndOffset="2295" SrcFileId="11" StartOffset="2255"/>
<Loc EndOffset="2410" SrcFileId="11" StartOffset="2313"/>
<Loc EndOffset="2438" SrcFileId="11" StartOffset="2414"/>
</LocList>
<BasicStmnt CovItemId="S41" CovItemPrefix="my.PSM.unitTestPSM.DBConnectionTest.java" Intrnl_Id="1330">
<LocList>
<Loc EndOffset="2251" SrcFileId="11" StartOffset="2230"/>
</LocList>
</BasicStmnt>
<BasicStmnt CovItemId="S42" CovItemPrefix="my.PSM.unitTestPSM.DBConnectionTest.java" Intrnl_Id="1331">
<LocList>
<Loc EndOffset="2295" SrcFileId="11" StartOffset="2255"/>
</LocList>
</BasicStmnt>
<CondStmnt CovItemId="S43" CovItemPrefix="my.PSM.unitTestPSM.DBConnectionTest.java" Intrnl_Id="1332">
<Branch CovItemId="B11" CovItemPrefix="my.PSM.unitTestPSM.DBConnectionTest.java" Implct="false" Intrnl_Id="1333">
<Cond/>
<LocList>
<Loc EndOffset="2391" SrcFileId="11" StartOffset="2368"/>
</LocList>
<StmntSeq Intrnl_Id="1334">
<LocList>
<Loc EndOffset="2386" SrcFileId="11" StartOffset="2374"/>
</LocList>
<BasicStmnt CovItemId="S44" CovItemPrefix="my.PSM.unitTestPSM.DBConnectionTest.java" Intrnl_Id="1335">
<LocList>
<Loc EndOffset="2386" SrcFileId="11" StartOffset="2374"/>
</LocList>
</BasicStmnt>
</StmntSeq>
</Branch>
<Branch CovItemId="B12" CovItemPrefix="my.PSM.unitTestPSM.DBConnectionTest.java" Implct="false" Intrnl_Id="1336">
<Cond>
<Loc EndOffset="2396" SrcFileId="11" StartOffset="2392"/>
</Cond>
<LocList>
<Loc EndOffset="2410" SrcFileId="11" StartOffset="2397"/>
</LocList>
<StmntSeq Intrnl_Id="1337">
<LocList>
<Loc EndOffset="2410" SrcFileId="11" StartOffset="2397"/>
</LocList>
<BasicStmnt CovItemId="S45" CovItemPrefix="my.PSM.unitTestPSM.DBConnectionTest.java" Intrnl_Id="1338">
<LocList>
<Loc EndOffset="2410" SrcFileId="11" StartOffset="2397"/>
</LocList>
</BasicStmnt>
</StmntSeq>
</Branch>
<Keyword EndOffset="2315" SrcFileId="11" StartOffset="2313"/>
<LocList>
<Loc EndOffset="2410" SrcFileId="11" StartOffset="2313"/>
</LocList>
<RootTerm CovItemId="C7" CovItemPrefix="my.PSM.unitTestPSM.DBConnectionTest.java" Intrnl_Id="1339">
<BasicBoolTerm Intrnl_Id="1340">
<LocList>
<Loc EndOffset="2367" SrcFileId="11" StartOffset="2317"/>
</LocList>
</BasicBoolTerm>
</RootTerm>
</CondStmnt>
<BasicStmnt CovItemId="S46" CovItemPrefix="my.PSM.unitTestPSM.DBConnectionTest.java" Intrnl_Id="1341">
<LocList>
<Loc EndOffset="2438" SrcFileId="11" StartOffset="2414"/>
</LocList>
</BasicStmnt>
</StmntSeq>
</HierarchyLvl>
<HierarchyLvl HierarchyLvlId="913" HierarchyLvlTypeId="17" Intrnl_Id="1342" Name="testFetchCourseSemester">
<Header>
<Loc EndOffset="2492" SrcFileId="11" StartOffset="2447"/>
</Header>
<LocList>
<Loc EndOffset="2706" SrcFileId="11" StartOffset="2447"/>
</LocList>
<StmntSeq Intrnl_Id="1343">
<LocList>
<Loc EndOffset="2519" SrcFileId="11" StartOffset="2498"/>
<Loc EndOffset="2554" SrcFileId="11" StartOffset="2523"/>
<Loc EndOffset="2674" SrcFileId="11" StartOffset="2572"/>
<Loc EndOffset="2702" SrcFileId="11" StartOffset="2678"/>
</LocList>
<BasicStmnt CovItemId="S47" CovItemPrefix="my.PSM.unitTestPSM.DBConnectionTest.java" Intrnl_Id="1344">
<LocList>
<Loc EndOffset="2519" SrcFileId="11" StartOffset="2498"/>
</LocList>
</BasicStmnt>
<BasicStmnt CovItemId="S48" CovItemPrefix="my.PSM.unitTestPSM.DBConnectionTest.java" Intrnl_Id="1345">
<LocList>
<Loc EndOffset="2554" SrcFileId="11" StartOffset="2523"/>
</LocList>
</BasicStmnt>
<CondStmnt CovItemId="S49" CovItemPrefix="my.PSM.unitTestPSM.DBConnectionTest.java" Intrnl_Id="1346">
<Branch CovItemId="B13" CovItemPrefix="my.PSM.unitTestPSM.DBConnectionTest.java" Implct="false" Intrnl_Id="1347">
<Cond/>
<LocList>
<Loc EndOffset="2655" SrcFileId="11" StartOffset="2632"/>
</LocList>
<StmntSeq Intrnl_Id="1348">
<LocList>
<Loc EndOffset="2650" SrcFileId="11" StartOffset="2638"/>
</LocList>
<BasicStmnt CovItemId="S50" CovItemPrefix="my.PSM.unitTestPSM.DBConnectionTest.java" Intrnl_Id="1349">
<LocList>
<Loc EndOffset="2650" SrcFileId="11" StartOffset="2638"/>
</LocList>
</BasicStmnt>
</StmntSeq>
</Branch>
<Branch CovItemId="B14" CovItemPrefix="my.PSM.unitTestPSM.DBConnectionTest.java" Implct="false" Intrnl_Id="1350">
<Cond>
<Loc EndOffset="2660" SrcFileId="11" StartOffset="2656"/>
</Cond>
<LocList>
<Loc EndOffset="2674" SrcFileId="11" StartOffset="2661"/>
</LocList>
<StmntSeq Intrnl_Id="1351">
<LocList>
<Loc EndOffset="2674" SrcFileId="11" StartOffset="2661"/>
</LocList>
<BasicStmnt CovItemId="S51" CovItemPrefix="my.PSM.unitTestPSM.DBConnectionTest.java" Intrnl_Id="1352">
<LocList>
<Loc EndOffset="2674" SrcFileId="11" StartOffset="2661"/>
</LocList>
</BasicStmnt>
</StmntSeq>
</Branch>
<Keyword EndOffset="2574" SrcFileId="11" StartOffset="2572"/>
<LocList>
<Loc EndOffset="2674" SrcFileId="11" StartOffset="2572"/>
</LocList>
<RootTerm CovItemId="C8" CovItemPrefix="my.PSM.unitTestPSM.DBConnectionTest.java" Intrnl_Id="1353">
<BasicBoolTerm Intrnl_Id="1354">
<LocList>
<Loc EndOffset="2631" SrcFileId="11" StartOffset="2576"/>
</LocList>
</BasicBoolTerm>
</RootTerm>
</CondStmnt>
<BasicStmnt CovItemId="S52" CovItemPrefix="my.PSM.unitTestPSM.DBConnectionTest.java" Intrnl_Id="1355">
<LocList>
<Loc EndOffset="2702" SrcFileId="11" StartOffset="2678"/>
</LocList>
</BasicStmnt>
</StmntSeq>
</HierarchyLvl>
<HierarchyLvl HierarchyLvlId="914" HierarchyLvlTypeId="17" Intrnl_Id="1356" Name="testFetchCourseStart">
<Header>
<Loc EndOffset="2753" SrcFileId="11" StartOffset="2711"/>
</Header>
<LocList>
<Loc EndOffset="2963" SrcFileId="11" StartOffset="2711"/>
</LocList>
<StmntSeq Intrnl_Id="1357">
<LocList>
<Loc EndOffset="2780" SrcFileId="11" StartOffset="2759"/>
<Loc EndOffset="2813" SrcFileId="11" StartOffset="2784"/>
<Loc EndOffset="2931" SrcFileId="11" StartOffset="2831"/>
<Loc EndOffset="2959" SrcFileId="11" StartOffset="2935"/>
</LocList>
<BasicStmnt CovItemId="S53" CovItemPrefix="my.PSM.unitTestPSM.DBConnectionTest.java" Intrnl_Id="1358">
<LocList>
<Loc EndOffset="2780" SrcFileId="11" StartOffset="2759"/>
</LocList>
</BasicStmnt>
<BasicStmnt CovItemId="S54" CovItemPrefix="my.PSM.unitTestPSM.DBConnectionTest.java" Intrnl_Id="1359">
<LocList>
<Loc EndOffset="2813" SrcFileId="11" StartOffset="2784"/>
</LocList>
</BasicStmnt>
<CondStmnt CovItemId="S55" CovItemPrefix="my.PSM.unitTestPSM.DBConnectionTest.java" Intrnl_Id="1360">
<Branch CovItemId="B15" CovItemPrefix="my.PSM.unitTestPSM.DBConnectionTest.java" Implct="false" Intrnl_Id="1361">
<Cond/>
<LocList>
<Loc EndOffset="2912" SrcFileId="11" StartOffset="2889"/>
</LocList>
<StmntSeq Intrnl_Id="1362">
<LocList>
<Loc EndOffset="2907" SrcFileId="11" StartOffset="2895"/>
</LocList>
<BasicStmnt CovItemId="S56" CovItemPrefix="my.PSM.unitTestPSM.DBConnectionTest.java" Intrnl_Id="1363">
<LocList>
<Loc EndOffset="2907" SrcFileId="11" StartOffset="2895"/>
</LocList>
</BasicStmnt>
</StmntSeq>
</Branch>
<Branch CovItemId="B16" CovItemPrefix="my.PSM.unitTestPSM.DBConnectionTest.java" Implct="false" Intrnl_Id="1364">
<Cond>
<Loc EndOffset="2917" SrcFileId="11" StartOffset="2913"/>
</Cond>
<LocList>
<Loc EndOffset="2931" SrcFileId="11" StartOffset="2918"/>
</LocList>
<StmntSeq Intrnl_Id="1365">
<LocList>
<Loc EndOffset="2931" SrcFileId="11" StartOffset="2918"/>
</LocList>
<BasicStmnt CovItemId="S57" CovItemPrefix="my.PSM.unitTestPSM.DBConnectionTest.java" Intrnl_Id="1366">
<LocList>
<Loc EndOffset="2931" SrcFileId="11" StartOffset="2918"/>
</LocList>
</BasicStmnt>
</StmntSeq>
</Branch>
<Keyword EndOffset="2833" SrcFileId="11" StartOffset="2831"/>
<LocList>
<Loc EndOffset="2931" SrcFileId="11" StartOffset="2831"/>
</LocList>
<RootTerm CovItemId="C9" CovItemPrefix="my.PSM.unitTestPSM.DBConnectionTest.java" Intrnl_Id="1367">
<BasicBoolTerm Intrnl_Id="1368">
<LocList>
<Loc EndOffset="2888" SrcFileId="11" StartOffset="2835"/>
</LocList>
</BasicBoolTerm>
</RootTerm>
</CondStmnt>
<BasicStmnt CovItemId="S58" CovItemPrefix="my.PSM.unitTestPSM.DBConnectionTest.java" Intrnl_Id="1369">
<LocList>
<Loc EndOffset="2959" SrcFileId="11" StartOffset="2935"/>
</LocList>
</BasicStmnt>
</StmntSeq>
</HierarchyLvl>
<HierarchyLvl HierarchyLvlId="915" HierarchyLvlTypeId="17" Intrnl_Id="1370" Name="testFetchCourseEnd">
<Header>
<Loc EndOffset="3008" SrcFileId="11" StartOffset="2968"/>
</Header>
<LocList>
<Loc EndOffset="3212" SrcFileId="11" StartOffset="2968"/>
</LocList>
<StmntSeq Intrnl_Id="1371">
<LocList>
<Loc EndOffset="3035" SrcFileId="11" StartOffset="3014"/>
<Loc EndOffset="3066" SrcFileId="11" StartOffset="3039"/>
<Loc EndOffset="3180" SrcFileId="11" StartOffset="3084"/>
<Loc EndOffset="3208" SrcFileId="11" StartOffset="3184"/>
</LocList>
<BasicStmnt CovItemId="S59" CovItemPrefix="my.PSM.unitTestPSM.DBConnectionTest.java" Intrnl_Id="1372">
<LocList>
<Loc EndOffset="3035" SrcFileId="11" StartOffset="3014"/>
</LocList>
</BasicStmnt>
<BasicStmnt CovItemId="S60" CovItemPrefix="my.PSM.unitTestPSM.DBConnectionTest.java" Intrnl_Id="1373">
<LocList>
<Loc EndOffset="3066" SrcFileId="11" StartOffset="3039"/>
</LocList>
</BasicStmnt>
<CondStmnt CovItemId="S61" CovItemPrefix="my.PSM.unitTestPSM.DBConnectionTest.java" Intrnl_Id="1374">
<Branch CovItemId="B17" CovItemPrefix="my.PSM.unitTestPSM.DBConnectionTest.java" Implct="false" Intrnl_Id="1375">
<Cond/>
<LocList>
<Loc EndOffset="3161" SrcFileId="11" StartOffset="3138"/>
</LocList>
<StmntSeq Intrnl_Id="1376">
<LocList>
<Loc EndOffset="3156" SrcFileId="11" StartOffset="3144"/>
</LocList>
<BasicStmnt CovItemId="S62" CovItemPrefix="my.PSM.unitTestPSM.DBConnectionTest.java" Intrnl_Id="1377">
<LocList>
<Loc EndOffset="3156" SrcFileId="11" StartOffset="3144"/>
</LocList>
</BasicStmnt>
</StmntSeq>
</Branch>
<Branch CovItemId="B18" CovItemPrefix="my.PSM.unitTestPSM.DBConnectionTest.java" Implct="false" Intrnl_Id="1378">
<Cond>
<Loc EndOffset="3166" SrcFileId="11" StartOffset="3162"/>
</Cond>
<LocList>
<Loc EndOffset="3180" SrcFileId="11" StartOffset="3167"/>
</LocList>
<StmntSeq Intrnl_Id="1379">
<LocList>
<Loc EndOffset="3180" SrcFileId="11" StartOffset="3167"/>
</LocList>
<BasicStmnt CovItemId="S63" CovItemPrefix="my.PSM.unitTestPSM.DBConnectionTest.java" Intrnl_Id="1380">
<LocList>
<Loc EndOffset="3180" SrcFileId="11" StartOffset="3167"/>
</LocList>
</BasicStmnt>
</StmntSeq>
</Branch>
<Keyword EndOffset="3086" SrcFileId="11" StartOffset="3084"/>
<LocList>
<Loc EndOffset="3180" SrcFileId="11" StartOffset="3084"/>
</LocList>
<RootTerm CovItemId="C10" CovItemPrefix="my.PSM.unitTestPSM.DBConnectionTest.java" Intrnl_Id="1381">
<BasicBoolTerm Intrnl_Id="1382">
<LocList>
<Loc EndOffset="3137" SrcFileId="11" StartOffset="3088"/>
</LocList>
</BasicBoolTerm>
</RootTerm>
</CondStmnt>
<BasicStmnt CovItemId="S64" CovItemPrefix="my.PSM.unitTestPSM.DBConnectionTest.java" Intrnl_Id="1383">
<LocList>
<Loc EndOffset="3208" SrcFileId="11" StartOffset="3184"/>
</LocList>
</BasicStmnt>
</StmntSeq>
</HierarchyLvl>
<HierarchyLvl HierarchyLvlId="916" HierarchyLvlTypeId="17" Intrnl_Id="1384" Name="testFetchStartMon">
<Header>
<Loc EndOffset="3256" SrcFileId="11" StartOffset="3217"/>
</Header>
<LocList>
<Loc EndOffset="3458" SrcFileId="11" StartOffset="3217"/>
</LocList>
<StmntSeq Intrnl_Id="1385">
<LocList>
<Loc EndOffset="3283" SrcFileId="11" StartOffset="3262"/>
<Loc EndOffset="3312" SrcFileId="11" StartOffset="3287"/>
<Loc EndOffset="3426" SrcFileId="11" StartOffset="3330"/>
<Loc EndOffset="3454" SrcFileId="11" StartOffset="3430"/>
</LocList>
<BasicStmnt CovItemId="S65" CovItemPrefix="my.PSM.unitTestPSM.DBConnectionTest.java" Intrnl_Id="1386">
<LocList>
<Loc EndOffset="3283" SrcFileId="11" StartOffset="3262"/>
</LocList>
</BasicStmnt>
<BasicStmnt CovItemId="S66" CovItemPrefix="my.PSM.unitTestPSM.DBConnectionTest.java" Intrnl_Id="1387">
<LocList>
<Loc EndOffset="3312" SrcFileId="11" StartOffset="3287"/>
</LocList>
</BasicStmnt>
<CondStmnt CovItemId="S67" CovItemPrefix="my.PSM.unitTestPSM.DBConnectionTest.java" Intrnl_Id="1388">
<Branch CovItemId="B19" CovItemPrefix="my.PSM.unitTestPSM.DBConnectionTest.java" Implct="false" Intrnl_Id="1389">
<Cond/>
<LocList>
<Loc EndOffset="3407" SrcFileId="11" StartOffset="3384"/>
</LocList>
<StmntSeq Intrnl_Id="1390">
<LocList>
<Loc EndOffset="3402" SrcFileId="11" StartOffset="3390"/>
</LocList>
<BasicStmnt CovItemId="S68" CovItemPrefix="my.PSM.unitTestPSM.DBConnectionTest.java" Intrnl_Id="1391">
<LocList>
<Loc EndOffset="3402" SrcFileId="11" StartOffset="3390"/>
</LocList>
</BasicStmnt>
</StmntSeq>
</Branch>
<Branch CovItemId="B20" CovItemPrefix="my.PSM.unitTestPSM.DBConnectionTest.java" Implct="false" Intrnl_Id="1392">
<Cond>
<Loc EndOffset="3412" SrcFileId="11" StartOffset="3408"/>
</Cond>
<LocList>
<Loc EndOffset="3426" SrcFileId="11" StartOffset="3413"/>
</LocList>
<StmntSeq Intrnl_Id="1393">
<LocList>
<Loc EndOffset="3426" SrcFileId="11" StartOffset="3413"/>
</LocList>
<BasicStmnt CovItemId="S69" CovItemPrefix="my.PSM.unitTestPSM.DBConnectionTest.java" Intrnl_Id="1394">
<LocList>
<Loc EndOffset="3426" SrcFileId="11" StartOffset="3413"/>
</LocList>
</BasicStmnt>
</StmntSeq>
</Branch>
<Keyword EndOffset="3332" SrcFileId="11" StartOffset="3330"/>
<LocList>
<Loc EndOffset="3426" SrcFileId="11" StartOffset="3330"/>
</LocList>
<RootTerm CovItemId="C11" CovItemPrefix="my.PSM.unitTestPSM.DBConnectionTest.java" Intrnl_Id="1395">
<BasicBoolTerm Intrnl_Id="1396">
<LocList>
<Loc EndOffset="3383" SrcFileId="11" StartOffset="3334"/>
</LocList>
</BasicBoolTerm>
</RootTerm>
</CondStmnt>
<BasicStmnt CovItemId="S70" CovItemPrefix="my.PSM.unitTestPSM.DBConnectionTest.java" Intrnl_Id="1397">
<LocList>
<Loc EndOffset="3454" SrcFileId="11" StartOffset="3430"/>
</LocList>
</BasicStmnt>
</StmntSeq>
</HierarchyLvl>
<HierarchyLvl HierarchyLvlId="917" HierarchyLvlTypeId="17" Intrnl_Id="1398" Name="testFetchEndMon">
<Header>
<Loc EndOffset="3500" SrcFileId="11" StartOffset="3463"/>
</Header>
<LocList>
<Loc EndOffset="3696" SrcFileId="11" StartOffset="3463"/>
</LocList>
<StmntSeq Intrnl_Id="1399">
<LocList>
<Loc EndOffset="3527" SrcFileId="11" StartOffset="3506"/>
<Loc EndOffset="3554" SrcFileId="11" StartOffset="3531"/>
<Loc EndOffset="3664" SrcFileId="11" StartOffset="3572"/>
<Loc EndOffset="3692" SrcFileId="11" StartOffset="3668"/>
</LocList>
<BasicStmnt CovItemId="S71" CovItemPrefix="my.PSM.unitTestPSM.DBConnectionTest.java" Intrnl_Id="1400">
<LocList>
<Loc EndOffset="3527" SrcFileId="11" StartOffset="3506"/>
</LocList>
</BasicStmnt>
<BasicStmnt CovItemId="S72" CovItemPrefix="my.PSM.unitTestPSM.DBConnectionTest.java" Intrnl_Id="1401">
<LocList>
<Loc EndOffset="3554" SrcFileId="11" StartOffset="3531"/>
</LocList>
</BasicStmnt>
<CondStmnt CovItemId="S73" CovItemPrefix="my.PSM.unitTestPSM.DBConnectionTest.java" Intrnl_Id="1402">
<Branch CovItemId="B21" CovItemPrefix="my.PSM.unitTestPSM.DBConnectionTest.java" Implct="false" Intrnl_Id="1403">
<Cond/>
<LocList>
<Loc EndOffset="3645" SrcFileId="11" StartOffset="3622"/>
</LocList>
<StmntSeq Intrnl_Id="1404">
<LocList>
<Loc EndOffset="3640" SrcFileId="11" StartOffset="3628"/>
</LocList>
<BasicStmnt CovItemId="S74" CovItemPrefix="my.PSM.unitTestPSM.DBConnectionTest.java" Intrnl_Id="1405">
<LocList>
<Loc EndOffset="3640" SrcFileId="11" StartOffset="3628"/>
</LocList>
</BasicStmnt>
</StmntSeq>
</Branch>
<Branch CovItemId="B22" CovItemPrefix="my.PSM.unitTestPSM.DBConnectionTest.java" Implct="false" Intrnl_Id="1406">
<Cond>
<Loc EndOffset="3650" SrcFileId="11" StartOffset="3646"/>
</Cond>
<LocList>
<Loc EndOffset="3664" SrcFileId="11" StartOffset="3651"/>
</LocList>
<StmntSeq Intrnl_Id="1407">
<LocList>
<Loc EndOffset="3664" SrcFileId="11" StartOffset="3651"/>
</LocList>
<BasicStmnt CovItemId="S75" CovItemPrefix="my.PSM.unitTestPSM.DBConnectionTest.java" Intrnl_Id="1408">
<LocList>
<Loc EndOffset="3664" SrcFileId="11" StartOffset="3651"/>
</LocList>
</BasicStmnt>
</StmntSeq>
</Branch>
<Keyword EndOffset="3574" SrcFileId="11" StartOffset="3572"/>
<LocList>
<Loc EndOffset="3664" SrcFileId="11" StartOffset="3572"/>
</LocList>
<RootTerm CovItemId="C12" CovItemPrefix="my.PSM.unitTestPSM.DBConnectionTest.java" Intrnl_Id="1409">
<BasicBoolTerm Intrnl_Id="1410">
<LocList>
<Loc EndOffset="3621" SrcFileId="11" StartOffset="3576"/>
</LocList>
</BasicBoolTerm>
</RootTerm>
</CondStmnt>
<BasicStmnt CovItemId="S76" CovItemPrefix="my.PSM.unitTestPSM.DBConnectionTest.java" Intrnl_Id="1411">
<LocList>
<Loc EndOffset="3692" SrcFileId="11" StartOffset="3668"/>
</LocList>
</BasicStmnt>
</StmntSeq>
</HierarchyLvl>
<HierarchyLvl HierarchyLvlId="918" HierarchyLvlTypeId="17" Intrnl_Id="1412" Name="testFetchStartTue">
<Header>
<Loc EndOffset="3740" SrcFileId="11" StartOffset="3701"/>
</Header>
<LocList>
<Loc EndOffset="3926" SrcFileId="11" StartOffset="3701"/>
</LocList>
<StmntSeq Intrnl_Id="1413">
<LocList>
<Loc EndOffset="3767" SrcFileId="11" StartOffset="3746"/>
<Loc EndOffset="3793" SrcFileId="11" StartOffset="3771"/>
<Loc EndOffset="3894" SrcFileId="11" StartOffset="3811"/>
<Loc EndOffset="3922" SrcFileId="11" StartOffset="3898"/>
</LocList>
<BasicStmnt CovItemId="S77" CovItemPrefix="my.PSM.unitTestPSM.DBConnectionTest.java" Intrnl_Id="1414">
<LocList>
<Loc EndOffset="3767" SrcFileId="11" StartOffset="3746"/>
</LocList>
</BasicStmnt>
<BasicStmnt CovItemId="S78" CovItemPrefix="my.PSM.unitTestPSM.DBConnectionTest.java" Intrnl_Id="1415">
<LocList>
<Loc EndOffset="3793" SrcFileId="11" StartOffset="3771"/>
</LocList>
</BasicStmnt>
<CondStmnt CovItemId="S79" CovItemPrefix="my.PSM.unitTestPSM.DBConnectionTest.java" Intrnl_Id="1416">
<Branch CovItemId="B23" CovItemPrefix="my.PSM.unitTestPSM.DBConnectionTest.java" Implct="false" Intrnl_Id="1417">
<Cond/>
<LocList>
<Loc EndOffset="3875" SrcFileId="11" StartOffset="3852"/>
</LocList>
<StmntSeq Intrnl_Id="1418">
<LocList>
<Loc EndOffset="3870" SrcFileId="11" StartOffset="3858"/>
</LocList>
<BasicStmnt CovItemId="S80" CovItemPrefix="my.PSM.unitTestPSM.DBConnectionTest.java" Intrnl_Id="1419">
<LocList>
<Loc EndOffset="3870" SrcFileId="11" StartOffset="3858"/>
</LocList>
</BasicStmnt>
</StmntSeq>
</Branch>
<Branch CovItemId="B24" CovItemPrefix="my.PSM.unitTestPSM.DBConnectionTest.java" Implct="false" Intrnl_Id="1420">
<Cond>
<Loc EndOffset="3880" SrcFileId="11" StartOffset="3876"/>
</Cond>
<LocList>
<Loc EndOffset="3894" SrcFileId="11" StartOffset="3881"/>
</LocList>
<StmntSeq Intrnl_Id="1421">
<LocList>
<Loc EndOffset="3894" SrcFileId="11" StartOffset="3881"/>
</LocList>
<BasicStmnt CovItemId="S81" CovItemPrefix="my.PSM.unitTestPSM.DBConnectionTest.java" Intrnl_Id="1422">
<LocList>
<Loc EndOffset="3894" SrcFileId="11" StartOffset="3881"/>
</LocList>
</BasicStmnt>
</StmntSeq>
</Branch>
<Keyword EndOffset="3813" SrcFileId="11" StartOffset="3811"/>
<LocList>
<Loc EndOffset="3894" SrcFileId="11" StartOffset="3811"/>
</LocList>
<RootTerm CovItemId="C13" CovItemPrefix="my.PSM.unitTestPSM.DBConnectionTest.java" Intrnl_Id="1423">
<BasicBoolTerm Intrnl_Id="1424">
<LocList>
<Loc EndOffset="3851" SrcFileId="11" StartOffset="3815"/>
</LocList>
</BasicBoolTerm>
</RootTerm>
</CondStmnt>
<BasicStmnt CovItemId="S82" CovItemPrefix="my.PSM.unitTestPSM.DBConnectionTest.java" Intrnl_Id="1425">
<LocList>
<Loc EndOffset="3922" SrcFileId="11" StartOffset="3898"/>
</LocList>
</BasicStmnt>
</StmntSeq>
</HierarchyLvl>
<HierarchyLvl HierarchyLvlId="919" HierarchyLvlTypeId="17" Intrnl_Id="1426" Name="testFetchEndTue">
<Header>
<Loc EndOffset="3968" SrcFileId="11" StartOffset="3931"/>
</Header>
<LocList>
<Loc EndOffset="4148" SrcFileId="11" StartOffset="3931"/>
</LocList>
<StmntSeq Intrnl_Id="1427">
<LocList>
<Loc EndOffset="3995" SrcFileId="11" StartOffset="3974"/>
<Loc EndOffset="4019" SrcFileId="11" StartOffset="3999"/>
<Loc EndOffset="4116" SrcFileId="11" StartOffset="4037"/>
<Loc EndOffset="4144" SrcFileId="11" StartOffset="4120"/>
</LocList>
<BasicStmnt CovItemId="S83" CovItemPrefix="my.PSM.unitTestPSM.DBConnectionTest.java" Intrnl_Id="1428">
<LocList>
<Loc EndOffset="3995" SrcFileId="11" StartOffset="3974"/>
</LocList>
</BasicStmnt>
<BasicStmnt CovItemId="S84" CovItemPrefix="my.PSM.unitTestPSM.DBConnectionTest.java" Intrnl_Id="1429">
<LocList>
<Loc EndOffset="4019" SrcFileId="11" StartOffset="3999"/>
</LocList>
</BasicStmnt>
<CondStmnt CovItemId="S85" CovItemPrefix="my.PSM.unitTestPSM.DBConnectionTest.java" Intrnl_Id="1430">
<Branch CovItemId="B25" CovItemPrefix="my.PSM.unitTestPSM.DBConnectionTest.java" Implct="false" Intrnl_Id="1431">
<Cond/>
<LocList>
<Loc EndOffset="4097" SrcFileId="11" StartOffset="4074"/>
</LocList>
<StmntSeq Intrnl_Id="1432">
<LocList>
<Loc EndOffset="4092" SrcFileId="11" StartOffset="4080"/>
</LocList>
<BasicStmnt CovItemId="S86" CovItemPrefix="my.PSM.unitTestPSM.DBConnectionTest.java" Intrnl_Id="1433">
<LocList>
<Loc EndOffset="4092" SrcFileId="11" StartOffset="4080"/>
</LocList>
</BasicStmnt>
</StmntSeq>
</Branch>
<Branch CovItemId="B26" CovItemPrefix="my.PSM.unitTestPSM.DBConnectionTest.java" Implct="false" Intrnl_Id="1434">
<Cond>
<Loc EndOffset="4102" SrcFileId="11" StartOffset="4098"/>
</Cond>
<LocList>
<Loc EndOffset="4116" SrcFileId="11" StartOffset="4103"/>
</LocList>
<StmntSeq Intrnl_Id="1435">
<LocList>
<Loc EndOffset="4116" SrcFileId="11" StartOffset="4103"/>
</LocList>
<BasicStmnt CovItemId="S87" CovItemPrefix="my.PSM.unitTestPSM.DBConnectionTest.java" Intrnl_Id="1436">
<LocList>
<Loc EndOffset="4116" SrcFileId="11" StartOffset="4103"/>
</LocList>
</BasicStmnt>
</StmntSeq>
</Branch>
<Keyword EndOffset="4039" SrcFileId="11" StartOffset="4037"/>
<LocList>
<Loc EndOffset="4116" SrcFileId="11" StartOffset="4037"/>
</LocList>
<RootTerm CovItemId="C14" CovItemPrefix="my.PSM.unitTestPSM.DBConnectionTest.java" Intrnl_Id="1437">
<BasicBoolTerm Intrnl_Id="1438">
<LocList>
<Loc EndOffset="4073" SrcFileId="11" StartOffset="4041"/>
</LocList>
</BasicBoolTerm>
</RootTerm>
</CondStmnt>
<BasicStmnt CovItemId="S88" CovItemPrefix="my.PSM.unitTestPSM.DBConnectionTest.java" Intrnl_Id="1439">
<LocList>
<Loc EndOffset="4144" SrcFileId="11" StartOffset="4120"/>
</LocList>
</BasicStmnt>
</StmntSeq>
</HierarchyLvl>
<HierarchyLvl HierarchyLvlId="920" HierarchyLvlTypeId="17" Intrnl_Id="1440" Name="testFetchStartWed">
<Header>
<Loc EndOffset="4192" SrcFileId="11" StartOffset="4153"/>
</Header>
<LocList>
<Loc EndOffset="4394" SrcFileId="11" StartOffset="4153"/>
</LocList>
<StmntSeq Intrnl_Id="1441">
<LocList>
<Loc EndOffset="4219" SrcFileId="11" StartOffset="4198"/>
<Loc EndOffset="4248" SrcFileId="11" StartOffset="4223"/>
<Loc EndOffset="4362" SrcFileId="11" StartOffset="4266"/>
<Loc EndOffset="4390" SrcFileId="11" StartOffset="4366"/>
</LocList>
<BasicStmnt CovItemId="S89" CovItemPrefix="my.PSM.unitTestPSM.DBConnectionTest.java" Intrnl_Id="1442">
<LocList>
<Loc EndOffset="4219" SrcFileId="11" StartOffset="4198"/>
</LocList>
</BasicStmnt>
<BasicStmnt CovItemId="S90" CovItemPrefix="my.PSM.unitTestPSM.DBConnectionTest.java" Intrnl_Id="1443">
<LocList>
<Loc EndOffset="4248" SrcFileId="11" StartOffset="4223"/>
</LocList>
</BasicStmnt>
<CondStmnt CovItemId="S91" CovItemPrefix="my.PSM.unitTestPSM.DBConnectionTest.java" Intrnl_Id="1444">
<Branch CovItemId="B27" CovItemPrefix="my.PSM.unitTestPSM.DBConnectionTest.java" Implct="false" Intrnl_Id="1445">
<Cond/>
<LocList>
<Loc EndOffset="4343" SrcFileId="11" StartOffset="4320"/>
</LocList>
<StmntSeq Intrnl_Id="1446">
<LocList>
<Loc EndOffset="4338" SrcFileId="11" StartOffset="4326"/>
</LocList>
<BasicStmnt CovItemId="S92" CovItemPrefix="my.PSM.unitTestPSM.DBConnectionTest.java" Intrnl_Id="1447">
<LocList>
<Loc EndOffset="4338" SrcFileId="11" StartOffset="4326"/>
</LocList>
</BasicStmnt>
</StmntSeq>
</Branch>
<Branch CovItemId="B28" CovItemPrefix="my.PSM.unitTestPSM.DBConnectionTest.java" Implct="false" Intrnl_Id="1448">
<Cond>
<Loc EndOffset="4348" SrcFileId="11" StartOffset="4344"/>
</Cond>
<LocList>
<Loc EndOffset="4362" SrcFileId="11" StartOffset="4349"/>
</LocList>
<StmntSeq Intrnl_Id="1449">
<LocList>
<Loc EndOffset="4362" SrcFileId="11" StartOffset="4349"/>
</LocList>
<BasicStmnt CovItemId="S93" CovItemPrefix="my.PSM.unitTestPSM.DBConnectionTest.java" Intrnl_Id="1450">
<LocList>
<Loc EndOffset="4362" SrcFileId="11" StartOffset="4349"/>
</LocList>
</BasicStmnt>
</StmntSeq>
</Branch>
<Keyword EndOffset="4268" SrcFileId="11" StartOffset="4266"/>
<LocList>
<Loc EndOffset="4362" SrcFileId="11" StartOffset="4266"/>
</LocList>
<RootTerm CovItemId="C15" CovItemPrefix="my.PSM.unitTestPSM.DBConnectionTest.java" Intrnl_Id="1451">
<BasicBoolTerm Intrnl_Id="1452">
<LocList>
<Loc EndOffset="4319" SrcFileId="11" StartOffset="4270"/>
</LocList>
</BasicBoolTerm>
</RootTerm>
</CondStmnt>
<BasicStmnt CovItemId="S94" CovItemPrefix="my.PSM.unitTestPSM.DBConnectionTest.java" Intrnl_Id="1453">
<LocList>
<Loc EndOffset="4390" SrcFileId="11" StartOffset="4366"/>
</LocList>
</BasicStmnt>
</StmntSeq>
</HierarchyLvl>
<HierarchyLvl HierarchyLvlId="921" HierarchyLvlTypeId="17" Intrnl_Id="1454" Name="testFetchEndWed">
<Header>
<Loc EndOffset="4436" SrcFileId="11" StartOffset="4399"/>
</Header>
<LocList>
<Loc EndOffset="4632" SrcFileId="11" StartOffset="4399"/>
</LocList>
<StmntSeq Intrnl_Id="1455">
<LocList>
<Loc EndOffset="4463" SrcFileId="11" StartOffset="4442"/>
<Loc EndOffset="4490" SrcFileId="11" StartOffset="4467"/>
<Loc EndOffset="4600" SrcFileId="11" StartOffset="4508"/>
<Loc EndOffset="4628" SrcFileId="11" StartOffset="4604"/>
</LocList>
<BasicStmnt CovItemId="S95" CovItemPrefix="my.PSM.unitTestPSM.DBConnectionTest.java" Intrnl_Id="1456">
<LocList>
<Loc EndOffset="4463" SrcFileId="11" StartOffset="4442"/>
</LocList>
</BasicStmnt>
<BasicStmnt CovItemId="S96" CovItemPrefix="my.PSM.unitTestPSM.DBConnectionTest.java" Intrnl_Id="1457">
<LocList>
<Loc EndOffset="4490" SrcFileId="11" StartOffset="4467"/>
</LocList>
</BasicStmnt>
<CondStmnt CovItemId="S97" CovItemPrefix="my.PSM.unitTestPSM.DBConnectionTest.java" Intrnl_Id="1458">
<Branch CovItemId="B29" CovItemPrefix="my.PSM.unitTestPSM.DBConnectionTest.java" Implct="false" Intrnl_Id="1459">
<Cond/>
<LocList>
<Loc EndOffset="4581" SrcFileId="11" StartOffset="4558"/>
</LocList>
<StmntSeq Intrnl_Id="1460">
<LocList>
<Loc EndOffset="4576" SrcFileId="11" StartOffset="4564"/>
</LocList>
<BasicStmnt CovItemId="S98" CovItemPrefix="my.PSM.unitTestPSM.DBConnectionTest.java" Intrnl_Id="1461">
<LocList>
<Loc EndOffset="4576" SrcFileId="11" StartOffset="4564"/>
</LocList>
</BasicStmnt>
</StmntSeq>
</Branch>
<Branch CovItemId="B30" CovItemPrefix="my.PSM.unitTestPSM.DBConnectionTest.java" Implct="false" Intrnl_Id="1462">
<Cond>
<Loc EndOffset="4586" SrcFileId="11" StartOffset="4582"/>
</Cond>
<LocList>
<Loc EndOffset="4600" SrcFileId="11" StartOffset="4587"/>
</LocList>
<StmntSeq Intrnl_Id="1463">
<LocList>
<Loc EndOffset="4600" SrcFileId="11" StartOffset="4587"/>
</LocList>
<BasicStmnt CovItemId="S99" CovItemPrefix="my.PSM.unitTestPSM.DBConnectionTest.java" Intrnl_Id="1464">
<LocList>
<Loc EndOffset="4600" SrcFileId="11" StartOffset="4587"/>
</LocList>
</BasicStmnt>
</StmntSeq>
</Branch>
<Keyword EndOffset="4510" SrcFileId="11" StartOffset="4508"/>
<LocList>
<Loc EndOffset="4600" SrcFileId="11" StartOffset="4508"/>
</LocList>
<RootTerm CovItemId="C16" CovItemPrefix="my.PSM.unitTestPSM.DBConnectionTest.java" Intrnl_Id="1465">
<BasicBoolTerm Intrnl_Id="1466">
<LocList>
<Loc EndOffset="4557" SrcFileId="11" StartOffset="4512"/>
</LocList>
</BasicBoolTerm>
</RootTerm>
</CondStmnt>
<BasicStmnt CovItemId="S100" CovItemPrefix="my.PSM.unitTestPSM.DBConnectionTest.java" Intrnl_Id="1467">
<LocList>
<Loc EndOffset="4628" SrcFileId="11" StartOffset="4604"/>
</LocList>
</BasicStmnt>
</StmntSeq>
</HierarchyLvl>
<HierarchyLvl HierarchyLvlId="922" HierarchyLvlTypeId="17" Intrnl_Id="1468" Name="testFetchStartThu">
<Header>
<Loc EndOffset="4676" SrcFileId="11" StartOffset="4637"/>
</Header>
<LocList>
<Loc EndOffset="4862" SrcFileId="11" StartOffset="4637"/>
</LocList>
<StmntSeq Intrnl_Id="1469">
<LocList>
<Loc EndOffset="4703" SrcFileId="11" StartOffset="4682"/>
<Loc EndOffset="4729" SrcFileId="11" StartOffset="4707"/>
<Loc EndOffset="4830" SrcFileId="11" StartOffset="4747"/>
<Loc EndOffset="4858" SrcFileId="11" StartOffset="4834"/>
</LocList>
<BasicStmnt CovItemId="S101" CovItemPrefix="my.PSM.unitTestPSM.DBConnectionTest.java" Intrnl_Id="1470">
<LocList>
<Loc EndOffset="4703" SrcFileId="11" StartOffset="4682"/>
</LocList>
</BasicStmnt>
<BasicStmnt CovItemId="S102" CovItemPrefix="my.PSM.unitTestPSM.DBConnectionTest.java" Intrnl_Id="1471">
<LocList>
<Loc EndOffset="4729" SrcFileId="11" StartOffset="4707"/>
</LocList>
</BasicStmnt>
<CondStmnt CovItemId="S103" CovItemPrefix="my.PSM.unitTestPSM.DBConnectionTest.java" Intrnl_Id="1472">
<Branch CovItemId="B31" CovItemPrefix="my.PSM.unitTestPSM.DBConnectionTest.java" Implct="false" Intrnl_Id="1473">
<Cond/>
<LocList>
<Loc EndOffset="4811" SrcFileId="11" StartOffset="4788"/>
</LocList>
<StmntSeq Intrnl_Id="1474">
<LocList>
<Loc EndOffset="4806" SrcFileId="11" StartOffset="4794"/>
</LocList>
<BasicStmnt CovItemId="S104" CovItemPrefix="my.PSM.unitTestPSM.DBConnectionTest.java" Intrnl_Id="1475">
<LocList>
<Loc EndOffset="4806" SrcFileId="11" StartOffset="4794"/>
</LocList>
</BasicStmnt>
</StmntSeq>
</Branch>
<Branch CovItemId="B32" CovItemPrefix="my.PSM.unitTestPSM.DBConnectionTest.java" Implct="false" Intrnl_Id="1476">
<Cond>
<Loc EndOffset="4816" SrcFileId="11" StartOffset="4812"/>
</Cond>
<LocList>
<Loc EndOffset="4830" SrcFileId="11" StartOffset="4817"/>
</LocList>
<StmntSeq Intrnl_Id="1477">
<LocList>
<Loc EndOffset="4830" SrcFileId="11" StartOffset="4817"/>
</LocList>
<BasicStmnt CovItemId="S105" CovItemPrefix="my.PSM.unitTestPSM.DBConnectionTest.java" Intrnl_Id="1478">
<LocList>
<Loc EndOffset="4830" SrcFileId="11" StartOffset="4817"/>
</LocList>
</BasicStmnt>
</StmntSeq>
</Branch>
<Keyword EndOffset="4749" SrcFileId="11" StartOffset="4747"/>
<LocList>
<Loc EndOffset="4830" SrcFileId="11" StartOffset="4747"/>
</LocList>
<RootTerm CovItemId="C17" CovItemPrefix="my.PSM.unitTestPSM.DBConnectionTest.java" Intrnl_Id="1479">
<BasicBoolTerm Intrnl_Id="1480">
<LocList>
<Loc EndOffset="4787" SrcFileId="11" StartOffset="4751"/>
</LocList>
</BasicBoolTerm>
</RootTerm>
</CondStmnt>
<BasicStmnt CovItemId="S106" CovItemPrefix="my.PSM.unitTestPSM.DBConnectionTest.java" Intrnl_Id="1481">
<LocList>
<Loc EndOffset="4858" SrcFileId="11" StartOffset="4834"/>
</LocList>
</BasicStmnt>
</StmntSeq>
</HierarchyLvl>
<HierarchyLvl HierarchyLvlId="923" HierarchyLvlTypeId="17" Intrnl_Id="1482" Name="testFetchEndThu">
<Header>
<Loc EndOffset="4904" SrcFileId="11" StartOffset="4867"/>
</Header>
<LocList>
<Loc EndOffset="5084" SrcFileId="11" StartOffset="4867"/>
</LocList>
<StmntSeq Intrnl_Id="1483">
<LocList>
<Loc EndOffset="4931" SrcFileId="11" StartOffset="4910"/>
<Loc EndOffset="4955" SrcFileId="11" StartOffset="4935"/>
<Loc EndOffset="5052" SrcFileId="11" StartOffset="4973"/>
<Loc EndOffset="5080" SrcFileId="11" StartOffset="5056"/>
</LocList>
<BasicStmnt CovItemId="S107" CovItemPrefix="my.PSM.unitTestPSM.DBConnectionTest.java" Intrnl_Id="1484">
<LocList>
<Loc EndOffset="4931" SrcFileId="11" StartOffset="4910"/>
</LocList>
</BasicStmnt>
<BasicStmnt CovItemId="S108" CovItemPrefix="my.PSM.unitTestPSM.DBConnectionTest.java" Intrnl_Id="1485">
<LocList>
<Loc EndOffset="4955" SrcFileId="11" StartOffset="4935"/>
</LocList>
</BasicStmnt>
<CondStmnt CovItemId="S109" CovItemPrefix="my.PSM.unitTestPSM.DBConnectionTest.java" Intrnl_Id="1486">
<Branch CovItemId="B33" CovItemPrefix="my.PSM.unitTestPSM.DBConnectionTest.java" Implct="false" Intrnl_Id="1487">
<Cond/>
<LocList>
<Loc EndOffset="5033" SrcFileId="11" StartOffset="5010"/>
</LocList>
<StmntSeq Intrnl_Id="1488">
<LocList>
<Loc EndOffset="5028" SrcFileId="11" StartOffset="5016"/>
</LocList>
<BasicStmnt CovItemId="S110" CovItemPrefix="my.PSM.unitTestPSM.DBConnectionTest.java" Intrnl_Id="1489">
<LocList>
<Loc EndOffset="5028" SrcFileId="11" StartOffset="5016"/>
</LocList>
</BasicStmnt>
</StmntSeq>
</Branch>
<Branch CovItemId="B34" CovItemPrefix="my.PSM.unitTestPSM.DBConnectionTest.java" Implct="false" Intrnl_Id="1490">
<Cond>
<Loc EndOffset="5038" SrcFileId="11" StartOffset="5034"/>
</Cond>
<LocList>
<Loc EndOffset="5052" SrcFileId="11" StartOffset="5039"/>
</LocList>
<StmntSeq Intrnl_Id="1491">
<LocList>
<Loc EndOffset="5052" SrcFileId="11" StartOffset="5039"/>
</LocList>
<BasicStmnt CovItemId="S111" CovItemPrefix="my.PSM.unitTestPSM.DBConnectionTest.java" Intrnl_Id="1492">
<LocList>
<Loc EndOffset="5052" SrcFileId="11" StartOffset="5039"/>
</LocList>
</BasicStmnt>
</StmntSeq>
</Branch>
<Keyword EndOffset="4975" SrcFileId="11" StartOffset="4973"/>
<LocList>
<Loc EndOffset="5052" SrcFileId="11" StartOffset="4973"/>
</LocList>
<RootTerm CovItemId="C18" CovItemPrefix="my.PSM.unitTestPSM.DBConnectionTest.java" Intrnl_Id="1493">
<BasicBoolTerm Intrnl_Id="1494">
<LocList>
<Loc EndOffset="5009" SrcFileId="11" StartOffset="4977"/>
</LocList>
</BasicBoolTerm>
</RootTerm>
</CondStmnt>
<BasicStmnt CovItemId="S112" CovItemPrefix="my.PSM.unitTestPSM.DBConnectionTest.java" Intrnl_Id="1495">
<LocList>
<Loc EndOffset="5080" SrcFileId="11" StartOffset="5056"/>
</LocList>
</BasicStmnt>
</StmntSeq>
</HierarchyLvl>
<HierarchyLvl HierarchyLvlId="924" HierarchyLvlTypeId="17" Intrnl_Id="1496" Name="testFetchStartFri">
<Header>
<Loc EndOffset="5128" SrcFileId="11" StartOffset="5089"/>
</Header>
<LocList>
<Loc EndOffset="5330" SrcFileId="11" StartOffset="5089"/>
</LocList>
<StmntSeq Intrnl_Id="1497">
<LocList>
<Loc EndOffset="5155" SrcFileId="11" StartOffset="5134"/>
<Loc EndOffset="5184" SrcFileId="11" StartOffset="5159"/>
<Loc EndOffset="5298" SrcFileId="11" StartOffset="5202"/>
<Loc EndOffset="5326" SrcFileId="11" StartOffset="5302"/>
</LocList>
<BasicStmnt CovItemId="S113" CovItemPrefix="my.PSM.unitTestPSM.DBConnectionTest.java" Intrnl_Id="1498">
<LocList>
<Loc EndOffset="5155" SrcFileId="11" StartOffset="5134"/>
</LocList>
</BasicStmnt>
<BasicStmnt CovItemId="S114" CovItemPrefix="my.PSM.unitTestPSM.DBConnectionTest.java" Intrnl_Id="1499">
<LocList>
<Loc EndOffset="5184" SrcFileId="11" StartOffset="5159"/>
</LocList>
</BasicStmnt>
<CondStmnt CovItemId="S115" CovItemPrefix="my.PSM.unitTestPSM.DBConnectionTest.java" Intrnl_Id="1500">
<Branch CovItemId="B35" CovItemPrefix="my.PSM.unitTestPSM.DBConnectionTest.java" Implct="false" Intrnl_Id="1501">
<Cond/>
<LocList>
<Loc EndOffset="5279" SrcFileId="11" StartOffset="5256"/>
</LocList>
<StmntSeq Intrnl_Id="1502">
<LocList>
<Loc EndOffset="5274" SrcFileId="11" StartOffset="5262"/>
</LocList>
<BasicStmnt CovItemId="S116" CovItemPrefix="my.PSM.unitTestPSM.DBConnectionTest.java" Intrnl_Id="1503">
<LocList>
<Loc EndOffset="5274" SrcFileId="11" StartOffset="5262"/>
</LocList>
</BasicStmnt>
</StmntSeq>
</Branch>
<Branch CovItemId="B36" CovItemPrefix="my.PSM.unitTestPSM.DBConnectionTest.java" Implct="false" Intrnl_Id="1504">
<Cond>
<Loc EndOffset="5284" SrcFileId="11" StartOffset="5280"/>
</Cond>
<LocList>
<Loc EndOffset="5298" SrcFileId="11" StartOffset="5285"/>
</LocList>
<StmntSeq Intrnl_Id="1505">
<LocList>
<Loc EndOffset="5298" SrcFileId="11" StartOffset="5285"/>
</LocList>
<BasicStmnt CovItemId="S117" CovItemPrefix="my.PSM.unitTestPSM.DBConnectionTest.java" Intrnl_Id="1506">
<LocList>
<Loc EndOffset="5298" SrcFileId="11" StartOffset="5285"/>
</LocList>
</BasicStmnt>
</StmntSeq>
</Branch>
<Keyword EndOffset="5204" SrcFileId="11" StartOffset="5202"/>
<LocList>
<Loc EndOffset="5298" SrcFileId="11" StartOffset="5202"/>
</LocList>
<RootTerm CovItemId="C19" CovItemPrefix="my.PSM.unitTestPSM.DBConnectionTest.java" Intrnl_Id="1507">
<BasicBoolTerm Intrnl_Id="1508">
<LocList>
<Loc EndOffset="5255" SrcFileId="11" StartOffset="5206"/>
</LocList>
</BasicBoolTerm>
</RootTerm>
</CondStmnt>
<BasicStmnt CovItemId="S118" CovItemPrefix="my.PSM.unitTestPSM.DBConnectionTest.java" Intrnl_Id="1509">
<LocList>
<Loc EndOffset="5326" SrcFileId="11" StartOffset="5302"/>
</LocList>
</BasicStmnt>
</StmntSeq>
</HierarchyLvl>
<HierarchyLvl HierarchyLvlId="925" HierarchyLvlTypeId="17" Intrnl_Id="1510" Name="testFetchEndFri">
<Header>
<Loc EndOffset="5372" SrcFileId="11" StartOffset="5335"/>
</Header>
<LocList>
<Loc EndOffset="5568" SrcFileId="11" StartOffset="5335"/>
</LocList>
<StmntSeq Intrnl_Id="1511">
<LocList>
<Loc EndOffset="5399" SrcFileId="11" StartOffset="5378"/>
<Loc EndOffset="5426" SrcFileId="11" StartOffset="5403"/>
<Loc EndOffset="5536" SrcFileId="11" StartOffset="5444"/>
<Loc EndOffset="5564" SrcFileId="11" StartOffset="5540"/>
</LocList>
<BasicStmnt CovItemId="S119" CovItemPrefix="my.PSM.unitTestPSM.DBConnectionTest.java" Intrnl_Id="1512">
<LocList>
<Loc EndOffset="5399" SrcFileId="11" StartOffset="5378"/>
</LocList>
</BasicStmnt>
<BasicStmnt CovItemId="S120" CovItemPrefix="my.PSM.unitTestPSM.DBConnectionTest.java" Intrnl_Id="1513">
<LocList>
<Loc EndOffset="5426" SrcFileId="11" StartOffset="5403"/>
</LocList>
</BasicStmnt>
<CondStmnt CovItemId="S121" CovItemPrefix="my.PSM.unitTestPSM.DBConnectionTest.java" Intrnl_Id="1514">
<Branch CovItemId="B37" CovItemPrefix="my.PSM.unitTestPSM.DBConnectionTest.java" Implct="false" Intrnl_Id="1515">
<Cond/>
<LocList>
<Loc EndOffset="5517" SrcFileId="11" StartOffset="5494"/>
</LocList>
<StmntSeq Intrnl_Id="1516">
<LocList>
<Loc EndOffset="5512" SrcFileId="11" StartOffset="5500"/>
</LocList>
<BasicStmnt CovItemId="S122" CovItemPrefix="my.PSM.unitTestPSM.DBConnectionTest.java" Intrnl_Id="1517">
<LocList>
<Loc EndOffset="5512" SrcFileId="11" StartOffset="5500"/>
</LocList>
</BasicStmnt>
</StmntSeq>
</Branch>
<Branch CovItemId="B38" CovItemPrefix="my.PSM.unitTestPSM.DBConnectionTest.java" Implct="false" Intrnl_Id="1518">
<Cond>
<Loc EndOffset="5522" SrcFileId="11" StartOffset="5518"/>
</Cond>
<LocList>
<Loc EndOffset="5536" SrcFileId="11" StartOffset="5523"/>
</LocList>
<StmntSeq Intrnl_Id="1519">
<LocList>
<Loc EndOffset="5536" SrcFileId="11" StartOffset="5523"/>
</LocList>
<BasicStmnt CovItemId="S123" CovItemPrefix="my.PSM.unitTestPSM.DBConnectionTest.java" Intrnl_Id="1520">
<LocList>
<Loc EndOffset="5536" SrcFileId="11" StartOffset="5523"/>
</LocList>
</BasicStmnt>
</StmntSeq>
</Branch>
<Keyword EndOffset="5446" SrcFileId="11" StartOffset="5444"/>
<LocList>
<Loc EndOffset="5536" SrcFileId="11" StartOffset="5444"/>
</LocList>
<RootTerm CovItemId="C20" CovItemPrefix="my.PSM.unitTestPSM.DBConnectionTest.java" Intrnl_Id="1521">
<BasicBoolTerm Intrnl_Id="1522">
<LocList>
<Loc EndOffset="5493" SrcFileId="11" StartOffset="5448"/>
</LocList>
</BasicBoolTerm>
</RootTerm>
</CondStmnt>
<BasicStmnt CovItemId="S124" CovItemPrefix="my.PSM.unitTestPSM.DBConnectionTest.java" Intrnl_Id="1523">
<LocList>
<Loc EndOffset="5564" SrcFileId="11" StartOffset="5540"/>
</LocList>
</BasicStmnt>
</StmntSeq>
</HierarchyLvl>
<HierarchyLvl HierarchyLvlId="926" HierarchyLvlTypeId="17" Intrnl_Id="1524" Name="testFetchStartSat">
<Header>
<Loc EndOffset="5612" SrcFileId="11" StartOffset="5573"/>
</Header>
<LocList>
<Loc EndOffset="5798" SrcFileId="11" StartOffset="5573"/>
</LocList>
<StmntSeq Intrnl_Id="1525">
<LocList>
<Loc EndOffset="5639" SrcFileId="11" StartOffset="5618"/>
<Loc EndOffset="5665" SrcFileId="11" StartOffset="5643"/>
<Loc EndOffset="5766" SrcFileId="11" StartOffset="5683"/>
<Loc EndOffset="5794" SrcFileId="11" StartOffset="5770"/>
</LocList>
<BasicStmnt CovItemId="S125" CovItemPrefix="my.PSM.unitTestPSM.DBConnectionTest.java" Intrnl_Id="1526">
<LocList>
<Loc EndOffset="5639" SrcFileId="11" StartOffset="5618"/>
</LocList>
</BasicStmnt>
<BasicStmnt CovItemId="S126" CovItemPrefix="my.PSM.unitTestPSM.DBConnectionTest.java" Intrnl_Id="1527">
<LocList>
<Loc EndOffset="5665" SrcFileId="11" StartOffset="5643"/>
</LocList>
</BasicStmnt>
<CondStmnt CovItemId="S127" CovItemPrefix="my.PSM.unitTestPSM.DBConnectionTest.java" Intrnl_Id="1528">
<Branch CovItemId="B39" CovItemPrefix="my.PSM.unitTestPSM.DBConnectionTest.java" Implct="false" Intrnl_Id="1529">
<Cond/>
<LocList>
<Loc EndOffset="5747" SrcFileId="11" StartOffset="5724"/>
</LocList>
<StmntSeq Intrnl_Id="1530">
<LocList>
<Loc EndOffset="5742" SrcFileId="11" StartOffset="5730"/>
</LocList>
<BasicStmnt CovItemId="S128" CovItemPrefix="my.PSM.unitTestPSM.DBConnectionTest.java" Intrnl_Id="1531">
<LocList>
<Loc EndOffset="5742" SrcFileId="11" StartOffset="5730"/>
</LocList>
</BasicStmnt>
</StmntSeq>
</Branch>
<Branch CovItemId="B40" CovItemPrefix="my.PSM.unitTestPSM.DBConnectionTest.java" Implct="false" Intrnl_Id="1532">
<Cond>
<Loc EndOffset="5752" SrcFileId="11" StartOffset="5748"/>
</Cond>
<LocList>
<Loc EndOffset="5766" SrcFileId="11" StartOffset="5753"/>
</LocList>
<StmntSeq Intrnl_Id="1533">
<LocList>
<Loc EndOffset="5766" SrcFileId="11" StartOffset="5753"/>
</LocList>
<BasicStmnt CovItemId="S129" CovItemPrefix="my.PSM.unitTestPSM.DBConnectionTest.java" Intrnl_Id="1534">
<LocList>
<Loc EndOffset="5766" SrcFileId="11" StartOffset="5753"/>
</LocList>
</BasicStmnt>
</StmntSeq>
</Branch>
<Keyword EndOffset="5685" SrcFileId="11" StartOffset="5683"/>
<LocList>
<Loc EndOffset="5766" SrcFileId="11" StartOffset="5683"/>
</LocList>
<RootTerm CovItemId="C21" CovItemPrefix="my.PSM.unitTestPSM.DBConnectionTest.java" Intrnl_Id="1535">
<BasicBoolTerm Intrnl_Id="1536">
<LocList>
<Loc EndOffset="5723" SrcFileId="11" StartOffset="5687"/>
</LocList>
</BasicBoolTerm>
</RootTerm>
</CondStmnt>
<BasicStmnt CovItemId="S130" CovItemPrefix="my.PSM.unitTestPSM.DBConnectionTest.java" Intrnl_Id="1537">
<LocList>
<Loc EndOffset="5794" SrcFileId="11" StartOffset="5770"/>
</LocList>
</BasicStmnt>
</StmntSeq>
</HierarchyLvl>
<HierarchyLvl HierarchyLvlId="927" HierarchyLvlTypeId="17" Intrnl_Id="1538" Name="testFetchEndSat">
<Header>
<Loc EndOffset="5840" SrcFileId="11" StartOffset="5803"/>
</Header>
<LocList>
<Loc EndOffset="6020" SrcFileId="11" StartOffset="5803"/>
</LocList>
<StmntSeq Intrnl_Id="1539">
<LocList>
<Loc EndOffset="5867" SrcFileId="11" StartOffset="5846"/>
<Loc EndOffset="5891" SrcFileId="11" StartOffset="5871"/>
<Loc EndOffset="5988" SrcFileId="11" StartOffset="5909"/>
<Loc EndOffset="6016" SrcFileId="11" StartOffset="5992"/>
</LocList>
<BasicStmnt CovItemId="S131" CovItemPrefix="my.PSM.unitTestPSM.DBConnectionTest.java" Intrnl_Id="1540">
<LocList>
<Loc EndOffset="5867" SrcFileId="11" StartOffset="5846"/>
</LocList>
</BasicStmnt>
<BasicStmnt CovItemId="S132" CovItemPrefix="my.PSM.unitTestPSM.DBConnectionTest.java" Intrnl_Id="1541">
<LocList>
<Loc EndOffset="5891" SrcFileId="11" StartOffset="5871"/>
</LocList>
</BasicStmnt>
<CondStmnt CovItemId="S133" CovItemPrefix="my.PSM.unitTestPSM.DBConnectionTest.java" Intrnl_Id="1542">
<Branch CovItemId="B41" CovItemPrefix="my.PSM.unitTestPSM.DBConnectionTest.java" Implct="false" Intrnl_Id="1543">
<Cond/>
<LocList>
<Loc EndOffset="5969" SrcFileId="11" StartOffset="5946"/>
</LocList>
<StmntSeq Intrnl_Id="1544">
<LocList>
<Loc EndOffset="5964" SrcFileId="11" StartOffset="5952"/>
</LocList>
<BasicStmnt CovItemId="S134" CovItemPrefix="my.PSM.unitTestPSM.DBConnectionTest.java" Intrnl_Id="1545">
<LocList>
<Loc EndOffset="5964" SrcFileId="11" StartOffset="5952"/>
</LocList>
</BasicStmnt>
</StmntSeq>
</Branch>
<Branch CovItemId="B42" CovItemPrefix="my.PSM.unitTestPSM.DBConnectionTest.java" Implct="false" Intrnl_Id="1546">
<Cond>
<Loc EndOffset="5974" SrcFileId="11" StartOffset="5970"/>
</Cond>
<LocList>
<Loc EndOffset="5988" SrcFileId="11" StartOffset="5975"/>
</LocList>
<StmntSeq Intrnl_Id="1547">
<LocList>
<Loc EndOffset="5988" SrcFileId="11" StartOffset="5975"/>
</LocList>
<BasicStmnt CovItemId="S135" CovItemPrefix="my.PSM.unitTestPSM.DBConnectionTest.java" Intrnl_Id="1548">
<LocList>
<Loc EndOffset="5988" SrcFileId="11" StartOffset="5975"/>
</LocList>
</BasicStmnt>
</StmntSeq>
</Branch>
<Keyword EndOffset="5911" SrcFileId="11" StartOffset="5909"/>
<LocList>
<Loc EndOffset="5988" SrcFileId="11" StartOffset="5909"/>
</LocList>
<RootTerm CovItemId="C22" CovItemPrefix="my.PSM.unitTestPSM.DBConnectionTest.java" Intrnl_Id="1549">
<BasicBoolTerm Intrnl_Id="1550">
<LocList>
<Loc EndOffset="5945" SrcFileId="11" StartOffset="5913"/>
</LocList>
</BasicBoolTerm>
</RootTerm>
</CondStmnt>
<BasicStmnt CovItemId="S136" CovItemPrefix="my.PSM.unitTestPSM.DBConnectionTest.java" Intrnl_Id="1551">
<LocList>
<Loc EndOffset="6016" SrcFileId="11" StartOffset="5992"/>
</LocList>
</BasicStmnt>
</StmntSeq>
</HierarchyLvl>
<HierarchyLvl HierarchyLvlId="928" HierarchyLvlTypeId="17" Intrnl_Id="1552" Name="testStoreClassInfo">
<Header>
<Loc EndOffset="6065" SrcFileId="11" StartOffset="6025"/>
</Header>
<LocList>
<Loc EndOffset="6359" SrcFileId="11" StartOffset="6025"/>
</LocList>
<StmntSeq Intrnl_Id="1553">
<LocList>
<Loc EndOffset="6135" SrcFileId="11" StartOffset="6071"/>
<Loc EndOffset="6186" SrcFileId="11" StartOffset="6139"/>
<Loc EndOffset="6252" SrcFileId="11" StartOffset="6190"/>
<Loc EndOffset="6298" SrcFileId="11" StartOffset="6256"/>
<Loc EndOffset="6355" SrcFileId="11" StartOffset="6302"/>
</LocList>
<BasicStmnt CovItemId="S137" CovItemPrefix="my.PSM.unitTestPSM.DBConnectionTest.java" Intrnl_Id="1554">
<LocList>
<Loc EndOffset="6135" SrcFileId="11" StartOffset="6071"/>
</LocList>
</BasicStmnt>
<BasicStmnt CovItemId="S138" CovItemPrefix="my.PSM.unitTestPSM.DBConnectionTest.java" Intrnl_Id="1555">
<LocList>
<Loc EndOffset="6186" SrcFileId="11" StartOffset="6139"/>
</LocList>
</BasicStmnt>
<BasicStmnt CovItemId="S139" CovItemPrefix="my.PSM.unitTestPSM.DBConnectionTest.java" Intrnl_Id="1556">
<LocList>
<Loc EndOffset="6252" SrcFileId="11" StartOffset="6190"/>
</LocList>
</BasicStmnt>
<BasicStmnt CovItemId="S140" CovItemPrefix="my.PSM.unitTestPSM.DBConnectionTest.java" Intrnl_Id="1557">
<LocList>
<Loc EndOffset="6298" SrcFileId="11" StartOffset="6256"/>
</LocList>
</BasicStmnt>
<BasicStmnt CovItemId="S141" CovItemPrefix="my.PSM.unitTestPSM.DBConnectionTest.java" Intrnl_Id="1558">
<LocList>
<Loc EndOffset="6355" SrcFileId="11" StartOffset="6302"/>
</LocList>
</BasicStmnt>
</StmntSeq>
</HierarchyLvl>
</HierarchyLvl>
<HierarchyLvl HierarchyLvlId="954" HierarchyLvlTypeId="16" Intrnl_Id="1559" Name="appControllerTest">
<Header>
<Loc EndOffset="338" SrcFileId="12" StartOffset="308"/>
</Header>
<LocList>
<Loc EndOffset="11029" SrcFileId="12" StartOffset="308"/>
</LocList>
<HierarchyLvl HierarchyLvlId="930" HierarchyLvlTypeId="17" Intrnl_Id="1560" Name="runBeforeAllTest">
<Header>
<Loc EndOffset="522" SrcFileId="12" StartOffset="482"/>
</Header>
<LocList>
<Loc EndOffset="1044" SrcFileId="12" StartOffset="482"/>
</LocList>
<StmntSeq Intrnl_Id="1561">
<LocList>
<Loc EndOffset="610" SrcFileId="12" StartOffset="584"/>
<Loc EndOffset="650" SrcFileId="12" StartOffset="614"/>
<Loc EndOffset="730" SrcFileId="12" StartOffset="681"/>
<Loc EndOffset="795" SrcFileId="12" StartOffset="762"/>
<Loc EndOffset="855" SrcFileId="12" StartOffset="799"/>
<Loc EndOffset="963" SrcFileId="12" StartOffset="886"/>
<Loc EndOffset="1040" SrcFileId="12" StartOffset="998"/>
</LocList>
<BasicStmnt CovItemId="S1" CovItemPrefix="my.PSM.unitTestPSM.appControllerTest.java" Intrnl_Id="1562">
<LocList>
<Loc EndOffset="610" SrcFileId="12" StartOffset="584"/>
</LocList>
</BasicStmnt>
<BasicStmnt CovItemId="S2" CovItemPrefix="my.PSM.unitTestPSM.appControllerTest.java" Intrnl_Id="1563">
<LocList>
<Loc EndOffset="650" SrcFileId="12" StartOffset="614"/>
</LocList>
</BasicStmnt>
<BasicStmnt CovItemId="S3" CovItemPrefix="my.PSM.unitTestPSM.appControllerTest.java" Intrnl_Id="1564">
<LocList>
<Loc EndOffset="730" SrcFileId="12" StartOffset="681"/>
</LocList>
</BasicStmnt>
<BasicStmnt CovItemId="S4" CovItemPrefix="my.PSM.unitTestPSM.appControllerTest.java" Intrnl_Id="1565">
<LocList>
<Loc EndOffset="795" SrcFileId="12" StartOffset="762"/>
</LocList>
</BasicStmnt>
<BasicStmnt CovItemId="S5" CovItemPrefix="my.PSM.unitTestPSM.appControllerTest.java" Intrnl_Id="1566">
<LocList>
<Loc EndOffset="855" SrcFileId="12" StartOffset="799"/>
</LocList>
</BasicStmnt>
<BasicStmnt CovItemId="S6" CovItemPrefix="my.PSM.unitTestPSM.appControllerTest.java" Intrnl_Id="1567">
<LocList>
<Loc EndOffset="963" SrcFileId="12" StartOffset="886"/>
</LocList>
</BasicStmnt>
<BasicStmnt CovItemId="S7" CovItemPrefix="my.PSM.unitTestPSM.appControllerTest.java" Intrnl_Id="1568">
<LocList>
<Loc EndOffset="1040" SrcFileId="12" StartOffset="998"/>
</LocList>
</BasicStmnt>
</StmntSeq>
</HierarchyLvl>
<HierarchyLvl HierarchyLvlId="931" HierarchyLvlTypeId="17" Intrnl_Id="1569" Name="runAfterAllTest">
<Header>
<Loc EndOffset="1085" SrcFileId="12" StartOffset="1047"/>
</Header>
<LocList>
<Loc EndOffset="1144" SrcFileId="12" StartOffset="1047"/>
</LocList>
<StmntSeq Intrnl_Id="1570">
<LocList>
<Loc EndOffset="1101" SrcFileId="12" StartOffset="1090"/>
<Loc EndOffset="1120" SrcFileId="12" StartOffset="1105"/>
<Loc EndOffset="1140" SrcFileId="12" StartOffset="1124"/>
</LocList>
<BasicStmnt CovItemId="S8" CovItemPrefix="my.PSM.unitTestPSM.appControllerTest.java" Intrnl_Id="1571">
<LocList>
<Loc EndOffset="1101" SrcFileId="12" StartOffset="1090"/>
</LocList>
</BasicStmnt>
<BasicStmnt CovItemId="S9" CovItemPrefix="my.PSM.unitTestPSM.appControllerTest.java" Intrnl_Id="1572">
<LocList>
<Loc EndOffset="1120" SrcFileId="12" StartOffset="1105"/>
</LocList>
</BasicStmnt>
<BasicStmnt CovItemId="S10" CovItemPrefix="my.PSM.unitTestPSM.appControllerTest.java" Intrnl_Id="1573">
<LocList>
<Loc EndOffset="1140" SrcFileId="12" StartOffset="1124"/>
</LocList>
</BasicStmnt>
</StmntSeq>
</HierarchyLvl>
<HierarchyLvl HierarchyLvlId="932" HierarchyLvlTypeId="17" Intrnl_Id="1574" Name="testMyMain">
<Header>
<Loc EndOffset="1179" SrcFileId="12" StartOffset="1147"/>
</Header>
<LocList>
<Loc EndOffset="1528" SrcFileId="12" StartOffset="1147"/>
</LocList>
<StmntSeq Intrnl_Id="1575">
<LocList>
<Loc EndOffset="1237" SrcFileId="12" StartOffset="1209"/>
<Loc EndOffset="1267" SrcFileId="12" StartOffset="1241"/>
<Loc EndOffset="1295" SrcFileId="12" StartOffset="1271"/>
<Loc EndOffset="1314" SrcFileId="12" StartOffset="1301"/>
<Loc EndOffset="1409" SrcFileId="12" StartOffset="1373"/>
<Loc EndOffset="1447" SrcFileId="12" StartOffset="1413"/>
<Loc EndOffset="1490" SrcFileId="12" StartOffset="1451"/>
<Loc EndOffset="1524" SrcFileId="12" StartOffset="1494"/>
</LocList>
<BasicStmnt CovItemId="S11" CovItemPrefix="my.PSM.unitTestPSM.appControllerTest.java" Intrnl_Id="1576">
<LocList>
<Loc EndOffset="1237" SrcFileId="12" StartOffset="1209"/>
</LocList>
</BasicStmnt>
<BasicStmnt CovItemId="S12" CovItemPrefix="my.PSM.unitTestPSM.appControllerTest.java" Intrnl_Id="1577">
<LocList>
<Loc EndOffset="1267" SrcFileId="12" StartOffset="1241"/>
</LocList>
</BasicStmnt>
<BasicStmnt CovItemId="S13" CovItemPrefix="my.PSM.unitTestPSM.appControllerTest.java" Intrnl_Id="1578">
<LocList>
<Loc EndOffset="1295" SrcFileId="12" StartOffset="1271"/>
</LocList>
</BasicStmnt>
<BasicStmnt CovItemId="S14" CovItemPrefix="my.PSM.unitTestPSM.appControllerTest.java" Intrnl_Id="1579">
<LocList>
<Loc EndOffset="1314" SrcFileId="12" StartOffset="1301"/>
</LocList>
</BasicStmnt>
<BasicStmnt CovItemId="S15" CovItemPrefix="my.PSM.unitTestPSM.appControllerTest.java" Intrnl_Id="1580">
<LocList>
<Loc EndOffset="1409" SrcFileId="12" StartOffset="1373"/>
</LocList>
</BasicStmnt>
<BasicStmnt CovItemId="S16" CovItemPrefix="my.PSM.unitTestPSM.appControllerTest.java" Intrnl_Id="1581">
<LocList>
<Loc EndOffset="1447" SrcFileId="12" StartOffset="1413"/>
</LocList>
</BasicStmnt>
<BasicStmnt CovItemId="S17" CovItemPrefix="my.PSM.unitTestPSM.appControllerTest.java" Intrnl_Id="1582">
<LocList>
<Loc EndOffset="1490" SrcFileId="12" StartOffset="1451"/>
</LocList>
</BasicStmnt>
<BasicStmnt CovItemId="S18" CovItemPrefix="my.PSM.unitTestPSM.appControllerTest.java" Intrnl_Id="1583">
<LocList>
<Loc EndOffset="1524" SrcFileId="12" StartOffset="1494"/>
</LocList>
</BasicStmnt>
</StmntSeq>
</HierarchyLvl>
<HierarchyLvl HierarchyLvlId="933" HierarchyLvlTypeId="17" Intrnl_Id="1584" Name="testAppMainMenu">
<Header>
<Loc EndOffset="1570" SrcFileId="12" StartOffset="1533"/>
</Header>
<LocList>
<Loc EndOffset="1726" SrcFileId="12" StartOffset="1533"/>
</LocList>
<StmntSeq Intrnl_Id="1585">
<LocList>
<Loc EndOffset="1621" SrcFileId="12" StartOffset="1599"/>
<Loc EndOffset="1647" SrcFileId="12" StartOffset="1629"/>
<Loc EndOffset="1722" SrcFileId="12" StartOffset="1691"/>
</LocList>
<BasicStmnt CovItemId="S19" CovItemPrefix="my.PSM.unitTestPSM.appControllerTest.java" Intrnl_Id="1586">
<LocList>
<Loc EndOffset="1621" SrcFileId="12" StartOffset="1599"/>
</LocList>
</BasicStmnt>
<BasicStmnt CovItemId="S20" CovItemPrefix="my.PSM.unitTestPSM.appControllerTest.java" Intrnl_Id="1587">
<LocList>
<Loc EndOffset="1647" SrcFileId="12" StartOffset="1629"/>
</LocList>
</BasicStmnt>
<BasicStmnt CovItemId="S21" CovItemPrefix="my.PSM.unitTestPSM.appControllerTest.java" Intrnl_Id="1588">
<LocList>
<Loc EndOffset="1722" SrcFileId="12" StartOffset="1691"/>
</LocList>
</BasicStmnt>
</StmntSeq>
</HierarchyLvl>
<HierarchyLvl HierarchyLvlId="934" HierarchyLvlTypeId="17" Intrnl_Id="1589" Name="testAppMainMenu02">
<Header>
<Loc EndOffset="1768" SrcFileId="12" StartOffset="1729"/>
</Header>
<LocList>
<Loc EndOffset="1924" SrcFileId="12" StartOffset="1729"/>
</LocList>
<StmntSeq Intrnl_Id="1590">
<LocList>
<Loc EndOffset="1821" SrcFileId="12" StartOffset="1797"/>
<Loc EndOffset="1847" SrcFileId="12" StartOffset="1829"/>
<Loc EndOffset="1920" SrcFileId="12" StartOffset="1890"/>
</LocList>
<BasicStmnt CovItemId="S22" CovItemPrefix="my.PSM.unitTestPSM.appControllerTest.java" Intrnl_Id="1591">
<LocList>
<Loc EndOffset="1821" SrcFileId="12" StartOffset="1797"/>
</LocList>
</BasicStmnt>
<BasicStmnt CovItemId="S23" CovItemPrefix="my.PSM.unitTestPSM.appControllerTest.java" Intrnl_Id="1592">
<LocList>
<Loc EndOffset="1847" SrcFileId="12" StartOffset="1829"/>
</LocList>
</BasicStmnt>
<BasicStmnt CovItemId="S24" CovItemPrefix="my.PSM.unitTestPSM.appControllerTest.java" Intrnl_Id="1593">
<LocList>
<Loc EndOffset="1920" SrcFileId="12" StartOffset="1890"/>
</LocList>
</BasicStmnt>
</StmntSeq>
</HierarchyLvl>
<HierarchyLvl HierarchyLvlId="935" HierarchyLvlTypeId="17" Intrnl_Id="1594" Name="testAppMainMenu03">
<Header>
<Loc EndOffset="1966" SrcFileId="12" StartOffset="1927"/>
</Header>
<LocList>
<Loc EndOffset="2128" SrcFileId="12" StartOffset="1927"/>
</LocList>
<StmntSeq Intrnl_Id="1595">
<LocList>
<Loc EndOffset="2017" SrcFileId="12" StartOffset="1995"/>
<Loc EndOffset="2043" SrcFileId="12" StartOffset="2025"/>
<Loc EndOffset="2124" SrcFileId="12" StartOffset="2090"/>
</LocList>
<BasicStmnt CovItemId="S25" CovItemPrefix="my.PSM.unitTestPSM.appControllerTest.java" Intrnl_Id="1596">
<LocList>
<Loc EndOffset="2017" SrcFileId="12" StartOffset="1995"/>
</LocList>
</BasicStmnt>
<BasicStmnt CovItemId="S26" CovItemPrefix="my.PSM.unitTestPSM.appControllerTest.java" Intrnl_Id="1597">
<LocList>
<Loc EndOffset="2043" SrcFileId="12" StartOffset="2025"/>
</LocList>
</BasicStmnt>
<BasicStmnt CovItemId="S27" CovItemPrefix="my.PSM.unitTestPSM.appControllerTest.java" Intrnl_Id="1598">
<LocList>
<Loc EndOffset="2124" SrcFileId="12" StartOffset="2090"/>
</LocList>
</BasicStmnt>
</StmntSeq>
</HierarchyLvl>
<HierarchyLvl HierarchyLvlId="936" HierarchyLvlTypeId="17" Intrnl_Id="1599" Name="testSetupSched">
<Header>
<Loc EndOffset="2167" SrcFileId="12" StartOffset="2131"/>
</Header>
<LocList>
<Loc EndOffset="3634" SrcFileId="12" StartOffset="2131"/>
</LocList>
<StmntSeq Intrnl_Id="1600">
<LocList>
<Loc EndOffset="2225" SrcFileId="12" StartOffset="2201"/>
<Loc EndOffset="2402" SrcFileId="12" StartOffset="2229"/>
<Loc EndOffset="2427" SrcFileId="12" StartOffset="2410"/>
<Loc EndOffset="2546" SrcFileId="12" StartOffset="2495"/>
<Loc EndOffset="2624" SrcFileId="12" StartOffset="2550"/>
<Loc EndOffset="2682" SrcFileId="12" StartOffset="2628"/>
<Loc EndOffset="2746" SrcFileId="12" StartOffset="2686"/>
<Loc EndOffset="2817" SrcFileId="12" StartOffset="2750"/>
<Loc EndOffset="2886" SrcFileId="12" StartOffset="2821"/>
<Loc EndOffset="2948" SrcFileId="12" StartOffset="2890"/>
<Loc EndOffset="3008" SrcFileId="12" StartOffset="2952"/>
<Loc EndOffset="3073" SrcFileId="12" StartOffset="3012"/>
<Loc EndOffset="3136" SrcFileId="12" StartOffset="3077"/>
<Loc EndOffset="3198" SrcFileId="12" StartOffset="3140"/>
<Loc EndOffset="3258" SrcFileId="12" StartOffset="3202"/>
<Loc EndOffset="3323" SrcFileId="12" StartOffset="3262"/>
<Loc EndOffset="3386" SrcFileId="12" StartOffset="3327"/>
<Loc EndOffset="3448" SrcFileId="12" StartOffset="3390"/>
<Loc EndOffset="3508" SrcFileId="12" StartOffset="3452"/>
<Loc EndOffset="3570" SrcFileId="12" StartOffset="3512"/>
<Loc EndOffset="3630" SrcFileId="12" StartOffset="3574"/>
</LocList>
<BasicStmnt CovItemId="S28" CovItemPrefix="my.PSM.unitTestPSM.appControllerTest.java" Intrnl_Id="1601">
<LocList>
<Loc EndOffset="2225" SrcFileId="12" StartOffset="2201"/>
</LocList>
</BasicStmnt>
<BasicStmnt CovItemId="S29" CovItemPrefix="my.PSM.unitTestPSM.appControllerTest.java" Intrnl_Id="1602">
<LocList>
<Loc EndOffset="2402" SrcFileId="12" StartOffset="2229"/>
</LocList>
</BasicStmnt>
<BasicStmnt CovItemId="S30" CovItemPrefix="my.PSM.unitTestPSM.appControllerTest.java" Intrnl_Id="1603">
<LocList>
<Loc EndOffset="2427" SrcFileId="12" StartOffset="2410"/>
</LocList>
</BasicStmnt>
<BasicStmnt CovItemId="S31" CovItemPrefix="my.PSM.unitTestPSM.appControllerTest.java" Intrnl_Id="1604">
<LocList>
<Loc EndOffset="2546" SrcFileId="12" StartOffset="2495"/>
</LocList>
</BasicStmnt>
<BasicStmnt CovItemId="S32" CovItemPrefix="my.PSM.unitTestPSM.appControllerTest.java" Intrnl_Id="1605">
<LocList>
<Loc EndOffset="2624" SrcFileId="12" StartOffset="2550"/>
</LocList>
</BasicStmnt>
<BasicStmnt CovItemId="S33" CovItemPrefix="my.PSM.unitTestPSM.appControllerTest.java" Intrnl_Id="1606">
<LocList>
<Loc EndOffset="2682" SrcFileId="12" StartOffset="2628"/>
</LocList>
</BasicStmnt>
<BasicStmnt CovItemId="S34" CovItemPrefix="my.PSM.unitTestPSM.appControllerTest.java" Intrnl_Id="1607">
<LocList>
<Loc EndOffset="2746" SrcFileId="12" StartOffset="2686"/>
</LocList>
</BasicStmnt>
<BasicStmnt CovItemId="S35" CovItemPrefix="my.PSM.unitTestPSM.appControllerTest.java" Intrnl_Id="1608">
<LocList>
<Loc EndOffset="2817" SrcFileId="12" StartOffset="2750"/>
</LocList>
</BasicStmnt>
<BasicStmnt CovItemId="S36" CovItemPrefix="my.PSM.unitTestPSM.appControllerTest.java" Intrnl_Id="1609">
<LocList>
<Loc EndOffset="2886" SrcFileId="12" StartOffset="2821"/>
</LocList>
</BasicStmnt>
<BasicStmnt CovItemId="S37" CovItemPrefix="my.PSM.unitTestPSM.appControllerTest.java" Intrnl_Id="1610">
<LocList>
<Loc EndOffset="2948" SrcFileId="12" StartOffset="2890"/>
</LocList>
</BasicStmnt>
<BasicStmnt CovItemId="S38" CovItemPrefix="my.PSM.unitTestPSM.appControllerTest.java" Intrnl_Id="1611">
<LocList>
<Loc EndOffset="3008" SrcFileId="12" StartOffset="2952"/>
</LocList>
</BasicStmnt>
<BasicStmnt CovItemId="S39" CovItemPrefix="my.PSM.unitTestPSM.appControllerTest.java" Intrnl_Id="1612">
<LocList>
<Loc EndOffset="3073" SrcFileId="12" StartOffset="3012"/>
</LocList>
</BasicStmnt>
<BasicStmnt CovItemId="S40" CovItemPrefix="my.PSM.unitTestPSM.appControllerTest.java" Intrnl_Id="1613">
<LocList>
<Loc EndOffset="3136" SrcFileId="12" StartOffset="3077"/>
</LocList>
</BasicStmnt>
<BasicStmnt CovItemId="S41" CovItemPrefix="my.PSM.unitTestPSM.appControllerTest.java" Intrnl_Id="1614">
<LocList>
<Loc EndOffset="3198" SrcFileId="12" StartOffset="3140"/>
</LocList>
</BasicStmnt>
<BasicStmnt CovItemId="S42" CovItemPrefix="my.PSM.unitTestPSM.appControllerTest.java" Intrnl_Id="1615">
<LocList>
<Loc EndOffset="3258" SrcFileId="12" StartOffset="3202"/>
</LocList>
</BasicStmnt>
<BasicStmnt CovItemId="S43" CovItemPrefix="my.PSM.unitTestPSM.appControllerTest.java" Intrnl_Id="1616">
<LocList>
<Loc EndOffset="3323" SrcFileId="12" StartOffset="3262"/>
</LocList>
</BasicStmnt>
<BasicStmnt CovItemId="S44" CovItemPrefix="my.PSM.unitTestPSM.appControllerTest.java" Intrnl_Id="1617">
<LocList>
<Loc EndOffset="3386" SrcFileId="12" StartOffset="3327"/>
</LocList>
</BasicStmnt>
<BasicStmnt CovItemId="S45" CovItemPrefix="my.PSM.unitTestPSM.appControllerTest.java" Intrnl_Id="1618">
<LocList>
<Loc EndOffset="3448" SrcFileId="12" StartOffset="3390"/>
</LocList>
</BasicStmnt>
<BasicStmnt CovItemId="S46" CovItemPrefix="my.PSM.unitTestPSM.appControllerTest.java" Intrnl_Id="1619">
<LocList>
<Loc EndOffset="3508" SrcFileId="12" StartOffset="3452"/>
</LocList>
</BasicStmnt>
<BasicStmnt CovItemId="S47" CovItemPrefix="my.PSM.unitTestPSM.appControllerTest.java" Intrnl_Id="1620">
<LocList>
<Loc EndOffset="3570" SrcFileId="12" StartOffset="3512"/>
</LocList>
</BasicStmnt>
<BasicStmnt CovItemId="S48" CovItemPrefix="my.PSM.unitTestPSM.appControllerTest.java" Intrnl_Id="1621">
<LocList>
<Loc EndOffset="3630" SrcFileId="12" StartOffset="3574"/>
</LocList>
</BasicStmnt>
</StmntSeq>
</HierarchyLvl>
<HierarchyLvl HierarchyLvlId="937" HierarchyLvlTypeId="17" Intrnl_Id="1622" Name="testAppEditSched">
<Header>
<Loc EndOffset="3677" SrcFileId="12" StartOffset="3639"/>
</Header>
<LocList>
<Loc EndOffset="4988" SrcFileId="12" StartOffset="3639"/>
</LocList>
<StmntSeq Intrnl_Id="1623">
<LocList>
<Loc EndOffset="3768" SrcFileId="12" StartOffset="3741"/>
<Loc EndOffset="3824" SrcFileId="12" StartOffset="3800"/>
<Loc EndOffset="4001" SrcFileId="12" StartOffset="3828"/>
<Loc EndOffset="4036" SrcFileId="12" StartOffset="4017"/>
<Loc EndOffset="4171" SrcFileId="12" StartOffset="4104"/>
<Loc EndOffset="4240" SrcFileId="12" StartOffset="4175"/>
<Loc EndOffset="4302" SrcFileId="12" StartOffset="4244"/>
<Loc EndOffset="4362" SrcFileId="12" StartOffset="4306"/>
<Loc EndOffset="4427" SrcFileId="12" StartOffset="4366"/>
<Loc EndOffset="4490" SrcFileId="12" StartOffset="4431"/>
<Loc EndOffset="4552" SrcFileId="12" StartOffset="4494"/>
<Loc EndOffset="4612" SrcFileId="12" StartOffset="4556"/>
<Loc EndOffset="4677" SrcFileId="12" StartOffset="4616"/>
<Loc EndOffset="4740" SrcFileId="12" StartOffset="4681"/>
<Loc EndOffset="4802" SrcFileId="12" StartOffset="4744"/>
<Loc EndOffset="4862" SrcFileId="12" StartOffset="4806"/>
<Loc EndOffset="4924" SrcFileId="12" StartOffset="4866"/>
<Loc EndOffset="4984" SrcFileId="12" StartOffset="4928"/>
</LocList>
<BasicStmnt CovItemId="S49" CovItemPrefix="my.PSM.unitTestPSM.appControllerTest.java" Intrnl_Id="1624">
<LocList>
<Loc EndOffset="3768" SrcFileId="12" StartOffset="3741"/>
</LocList>
</BasicStmnt>
<BasicStmnt CovItemId="S50" CovItemPrefix="my.PSM.unitTestPSM.appControllerTest.java" Intrnl_Id="1625">
<LocList>
<Loc EndOffset="3824" SrcFileId="12" StartOffset="3800"/>
</LocList>
</BasicStmnt>
<BasicStmnt CovItemId="S51" CovItemPrefix="my.PSM.unitTestPSM.appControllerTest.java" Intrnl_Id="1626">
<LocList>
<Loc EndOffset="4001" SrcFileId="12" StartOffset="3828"/>
</LocList>
</BasicStmnt>
<BasicStmnt CovItemId="S52" CovItemPrefix="my.PSM.unitTestPSM.appControllerTest.java" Intrnl_Id="1627">
<LocList>
<Loc EndOffset="4036" SrcFileId="12" StartOffset="4017"/>
</LocList>
</BasicStmnt>
<BasicStmnt CovItemId="S53" CovItemPrefix="my.PSM.unitTestPSM.appControllerTest.java" Intrnl_Id="1628">
<LocList>
<Loc EndOffset="4171" SrcFileId="12" StartOffset="4104"/>
</LocList>
</BasicStmnt>
<BasicStmnt CovItemId="S54" CovItemPrefix="my.PSM.unitTestPSM.appControllerTest.java" Intrnl_Id="1629">
<LocList>
<Loc EndOffset="4240" SrcFileId="12" StartOffset="4175"/>
</LocList>
</BasicStmnt>
<BasicStmnt CovItemId="S55" CovItemPrefix="my.PSM.unitTestPSM.appControllerTest.java" Intrnl_Id="1630">
<LocList>
<Loc EndOffset="4302" SrcFileId="12" StartOffset="4244"/>
</LocList>
</BasicStmnt>
<BasicStmnt CovItemId="S56" CovItemPrefix="my.PSM.unitTestPSM.appControllerTest.java" Intrnl_Id="1631">
<LocList>
<Loc EndOffset="4362" SrcFileId="12" StartOffset="4306"/>
</LocList>
</BasicStmnt>
<BasicStmnt CovItemId="S57" CovItemPrefix="my.PSM.unitTestPSM.appControllerTest.java" Intrnl_Id="1632">
<LocList>
<Loc EndOffset="4427" SrcFileId="12" StartOffset="4366"/>
</LocList>
</BasicStmnt>
<BasicStmnt CovItemId="S58" CovItemPrefix="my.PSM.unitTestPSM.appControllerTest.java" Intrnl_Id="1633">
<LocList>
<Loc EndOffset="4490" SrcFileId="12" StartOffset="4431"/>
</LocList>
</BasicStmnt>
<BasicStmnt CovItemId="S59" CovItemPrefix="my.PSM.unitTestPSM.appControllerTest.java" Intrnl_Id="1634">
<LocList>
<Loc EndOffset="4552" SrcFileId="12" StartOffset="4494"/>
</LocList>
</BasicStmnt>
<BasicStmnt CovItemId="S60" CovItemPrefix="my.PSM.unitTestPSM.appControllerTest.java" Intrnl_Id="1635">
<LocList>
<Loc EndOffset="4612" SrcFileId="12" StartOffset="4556"/>
</LocList>
</BasicStmnt>
<BasicStmnt CovItemId="S61" CovItemPrefix="my.PSM.unitTestPSM.appControllerTest.java" Intrnl_Id="1636">
<LocList>
<Loc EndOffset="4677" SrcFileId="12" StartOffset="4616"/>
</LocList>
</BasicStmnt>
<BasicStmnt CovItemId="S62" CovItemPrefix="my.PSM.unitTestPSM.appControllerTest.java" Intrnl_Id="1637">
<LocList>
<Loc EndOffset="4740" SrcFileId="12" StartOffset="4681"/>
</LocList>
</BasicStmnt>
<BasicStmnt CovItemId="S63" CovItemPrefix="my.PSM.unitTestPSM.appControllerTest.java" Intrnl_Id="1638">
<LocList>
<Loc EndOffset="4802" SrcFileId="12" StartOffset="4744"/>
</LocList>
</BasicStmnt>
<BasicStmnt CovItemId="S64" CovItemPrefix="my.PSM.unitTestPSM.appControllerTest.java" Intrnl_Id="1639">
<LocList>
<Loc EndOffset="4862" SrcFileId="12" StartOffset="4806"/>
</LocList>
</BasicStmnt>
<BasicStmnt CovItemId="S65" CovItemPrefix="my.PSM.unitTestPSM.appControllerTest.java" Intrnl_Id="1640">
<LocList>
<Loc EndOffset="4924" SrcFileId="12" StartOffset="4866"/>
</LocList>
</BasicStmnt>
<BasicStmnt CovItemId="S66" CovItemPrefix="my.PSM.unitTestPSM.appControllerTest.java" Intrnl_Id="1641">
<LocList>
<Loc EndOffset="4984" SrcFileId="12" StartOffset="4928"/>
</LocList>
</BasicStmnt>
</StmntSeq>
</HierarchyLvl>
<HierarchyLvl HierarchyLvlId="938" HierarchyLvlTypeId="17" Intrnl_Id="1642" Name="testAppLogin">
<Header>
<Loc EndOffset="5027" SrcFileId="12" StartOffset="4993"/>
</Header>
<LocList>
<Loc EndOffset="5348" SrcFileId="12" StartOffset="4993"/>
</LocList>
<StmntSeq Intrnl_Id="1643">
<LocList>
<Loc EndOffset="5085" SrcFileId="12" StartOffset="5057"/>
<Loc EndOffset="5115" SrcFileId="12" StartOffset="5089"/>
<Loc EndOffset="5138" SrcFileId="12" StartOffset="5123"/>
<Loc EndOffset="5252" SrcFileId="12" StartOffset="5215"/>
<Loc EndOffset="5299" SrcFileId="12" StartOffset="5256"/>
<Loc EndOffset="5344" SrcFileId="12" StartOffset="5303"/>
</LocList>
<BasicStmnt CovItemId="S67" CovItemPrefix="my.PSM.unitTestPSM.appControllerTest.java" Intrnl_Id="1644">
<LocList>
<Loc EndOffset="5085" SrcFileId="12" StartOffset="5057"/>
</LocList>
</BasicStmnt>
<BasicStmnt CovItemId="S68" CovItemPrefix="my.PSM.unitTestPSM.appControllerTest.java" Intrnl_Id="1645">
<LocList>
<Loc EndOffset="5115" SrcFileId="12" StartOffset="5089"/>
</LocList>
</BasicStmnt>
<BasicStmnt CovItemId="S69" CovItemPrefix="my.PSM.unitTestPSM.appControllerTest.java" Intrnl_Id="1646">
<LocList>
<Loc EndOffset="5138" SrcFileId="12" StartOffset="5123"/>
</LocList>
</BasicStmnt>
<BasicStmnt CovItemId="S70" CovItemPrefix="my.PSM.unitTestPSM.appControllerTest.java" Intrnl_Id="1647">
<LocList>
<Loc EndOffset="5252" SrcFileId="12" StartOffset="5215"/>
</LocList>
</BasicStmnt>
<BasicStmnt CovItemId="S71" CovItemPrefix="my.PSM.unitTestPSM.appControllerTest.java" Intrnl_Id="1648">
<LocList>
<Loc EndOffset="5299" SrcFileId="12" StartOffset="5256"/>
</LocList>
</BasicStmnt>
<BasicStmnt CovItemId="S72" CovItemPrefix="my.PSM.unitTestPSM.appControllerTest.java" Intrnl_Id="1649">
<LocList>
<Loc EndOffset="5344" SrcFileId="12" StartOffset="5303"/>
</LocList>
</BasicStmnt>
</StmntSeq>
</HierarchyLvl>
<HierarchyLvl HierarchyLvlId="939" HierarchyLvlTypeId="17" Intrnl_Id="1650" Name="testAppLogin02">
<Header>
<Loc EndOffset="5389" SrcFileId="12" StartOffset="5353"/>
</Header>
<LocList>
<Loc EndOffset="5759" SrcFileId="12" StartOffset="5353"/>
</LocList>
<StmntSeq Intrnl_Id="1651">
<LocList>
<Loc EndOffset="5448" SrcFileId="12" StartOffset="5419"/>
<Loc EndOffset="5482" SrcFileId="12" StartOffset="5452"/>
<Loc EndOffset="5505" SrcFileId="12" StartOffset="5490"/>
<Loc EndOffset="5634" SrcFileId="12" StartOffset="5595"/>
<Loc EndOffset="5672" SrcFileId="12" StartOffset="5638"/>
<Loc EndOffset="5713" SrcFileId="12" StartOffset="5676"/>
<Loc EndOffset="5755" SrcFileId="12" StartOffset="5717"/>
</LocList>
<BasicStmnt CovItemId="S73" CovItemPrefix="my.PSM.unitTestPSM.appControllerTest.java" Intrnl_Id="1652">
<LocList>
<Loc EndOffset="5448" SrcFileId="12" StartOffset="5419"/>
</LocList>
</BasicStmnt>
<BasicStmnt CovItemId="S74" CovItemPrefix="my.PSM.unitTestPSM.appControllerTest.java" Intrnl_Id="1653">
<LocList>
<Loc EndOffset="5482" SrcFileId="12" StartOffset="5452"/>
</LocList>
</BasicStmnt>
<BasicStmnt CovItemId="S75" CovItemPrefix="my.PSM.unitTestPSM.appControllerTest.java" Intrnl_Id="1654">
<LocList>
<Loc EndOffset="5505" SrcFileId="12" StartOffset="5490"/>
</LocList>
</BasicStmnt>
<BasicStmnt CovItemId="S76" CovItemPrefix="my.PSM.unitTestPSM.appControllerTest.java" Intrnl_Id="1655">
<LocList>
<Loc EndOffset="5634" SrcFileId="12" StartOffset="5595"/>
</LocList>
</BasicStmnt>
<BasicStmnt CovItemId="S77" CovItemPrefix="my.PSM.unitTestPSM.appControllerTest.java" Intrnl_Id="1656">
<LocList>
<Loc EndOffset="5672" SrcFileId="12" StartOffset="5638"/>
</LocList>
</BasicStmnt>
<BasicStmnt CovItemId="S78" CovItemPrefix="my.PSM.unitTestPSM.appControllerTest.java" Intrnl_Id="1657">
<LocList>
<Loc EndOffset="5713" SrcFileId="12" StartOffset="5676"/>
</LocList>
</BasicStmnt>
<BasicStmnt CovItemId="S79" CovItemPrefix="my.PSM.unitTestPSM.appControllerTest.java" Intrnl_Id="1658">
<LocList>
<Loc EndOffset="5755" SrcFileId="12" StartOffset="5717"/>
</LocList>
</BasicStmnt>
</StmntSeq>
</HierarchyLvl>
<HierarchyLvl HierarchyLvlId="940" HierarchyLvlTypeId="17" Intrnl_Id="1659" Name="testCheckClear">
<Header>
<Loc EndOffset="5798" SrcFileId="12" StartOffset="5762"/>
</Header>
<LocList>
<Loc EndOffset="5931" SrcFileId="12" StartOffset="5762"/>
</LocList>
<StmntSeq Intrnl_Id="1660">
<LocList>
<Loc EndOffset="5923" SrcFileId="12" StartOffset="5887"/>
</LocList>
<BasicStmnt CovItemId="S80" CovItemPrefix="my.PSM.unitTestPSM.appControllerTest.java" Intrnl_Id="1661">
<LocList>
<Loc EndOffset="5923" SrcFileId="12" StartOffset="5887"/>
</LocList>
</BasicStmnt>
</StmntSeq>
</HierarchyLvl>
<HierarchyLvl HierarchyLvlId="941" HierarchyLvlTypeId="17" Intrnl_Id="1662" Name="testCheckClear02">
<Header>
<Loc EndOffset="5975" SrcFileId="12" StartOffset="5937"/>
</Header>
<LocList>
<Loc EndOffset="6487" SrcFileId="12" StartOffset="5937"/>
</LocList>
<StmntSeq Intrnl_Id="1663">
<LocList>
<Loc EndOffset="6217" SrcFileId="12" StartOffset="6039"/>
<Loc EndOffset="6403" SrcFileId="12" StartOffset="6221"/>
<Loc EndOffset="6483" SrcFileId="12" StartOffset="6447"/>
</LocList>
<BasicStmnt CovItemId="S81" CovItemPrefix="my.PSM.unitTestPSM.appControllerTest.java" Intrnl_Id="1664">
<LocList>
<Loc EndOffset="6217" SrcFileId="12" StartOffset="6039"/>
</LocList>
</BasicStmnt>
<BasicStmnt CovItemId="S82" CovItemPrefix="my.PSM.unitTestPSM.appControllerTest.java" Intrnl_Id="1665">
<LocList>
<Loc EndOffset="6403" SrcFileId="12" StartOffset="6221"/>
</LocList>
</BasicStmnt>
<BasicStmnt CovItemId="S83" CovItemPrefix="my.PSM.unitTestPSM.appControllerTest.java" Intrnl_Id="1666">
<LocList>
<Loc EndOffset="6483" SrcFileId="12" StartOffset="6447"/>
</LocList>
</BasicStmnt>
</StmntSeq>
</HierarchyLvl>
<HierarchyLvl HierarchyLvlId="942" HierarchyLvlTypeId="17" Intrnl_Id="1667" Name="testCheckClear03">
<Header>
<Loc EndOffset="6530" SrcFileId="12" StartOffset="6492"/>
</Header>
<LocList>
<Loc EndOffset="7059" SrcFileId="12" StartOffset="6492"/>
</LocList>
<StmntSeq Intrnl_Id="1668">
<LocList>
<Loc EndOffset="6775" SrcFileId="12" StartOffset="6597"/>
<Loc EndOffset="6961" SrcFileId="12" StartOffset="6779"/>
<Loc EndOffset="7051" SrcFileId="12" StartOffset="7006"/>
</LocList>
<BasicStmnt CovItemId="S84" CovItemPrefix="my.PSM.unitTestPSM.appControllerTest.java" Intrnl_Id="1669">
<LocList>
<Loc EndOffset="6775" SrcFileId="12" StartOffset="6597"/>
</LocList>
</BasicStmnt>
<BasicStmnt CovItemId="S85" CovItemPrefix="my.PSM.unitTestPSM.appControllerTest.java" Intrnl_Id="1670">
<LocList>
<Loc EndOffset="6961" SrcFileId="12" StartOffset="6779"/>
</LocList>
</BasicStmnt>
<BasicStmnt CovItemId="S86" CovItemPrefix="my.PSM.unitTestPSM.appControllerTest.java" Intrnl_Id="1671">
<LocList>
<Loc EndOffset="7051" SrcFileId="12" StartOffset="7006"/>
</LocList>
</BasicStmnt>
</StmntSeq>
</HierarchyLvl>
<HierarchyLvl HierarchyLvlId="943" HierarchyLvlTypeId="17" Intrnl_Id="1672" Name="testGetData">
<Header>
<Loc EndOffset="7097" SrcFileId="12" StartOffset="7064"/>
</Header>
<LocList>
<Loc EndOffset="8289" SrcFileId="12" StartOffset="7064"/>
</LocList>
<StmntSeq Intrnl_Id="1673">
<LocList>
<Loc EndOffset="7339" SrcFileId="12" StartOffset="7161"/>
<Loc EndOffset="7365" SrcFileId="12" StartOffset="7347"/>
<Loc EndOffset="7516" SrcFileId="12" StartOffset="7457"/>
<Loc EndOffset="7559" SrcFileId="12" StartOffset="7520"/>
<Loc EndOffset="7611" SrcFileId="12" StartOffset="7563"/>
<Loc EndOffset="7667" SrcFileId="12" StartOffset="7615"/>
<Loc EndOffset="7721" SrcFileId="12" StartOffset="7671"/>
<Loc EndOffset="7768" SrcFileId="12" StartOffset="7725"/>
<Loc EndOffset="7813" SrcFileId="12" StartOffset="7772"/>
<Loc EndOffset="7863" SrcFileId="12" StartOffset="7817"/>
<Loc EndOffset="7911" SrcFileId="12" StartOffset="7867"/>
<Loc EndOffset="7958" SrcFileId="12" StartOffset="7915"/>
<Loc EndOffset="8003" SrcFileId="12" StartOffset="7962"/>
<Loc EndOffset="8053" SrcFileId="12" StartOffset="8007"/>
<Loc EndOffset="8101" SrcFileId="12" StartOffset="8057"/>
<Loc EndOffset="8148" SrcFileId="12" StartOffset="8105"/>
<Loc EndOffset="8193" SrcFileId="12" StartOffset="8152"/>
<Loc EndOffset="8240" SrcFileId="12" StartOffset="8197"/>
<Loc EndOffset="8285" SrcFileId="12" StartOffset="8244"/>
</LocList>
<BasicStmnt CovItemId="S87" CovItemPrefix="my.PSM.unitTestPSM.appControllerTest.java" Intrnl_Id="1674">
<LocList>
<Loc EndOffset="7339" SrcFileId="12" StartOffset="7161"/>
</LocList>
</BasicStmnt>
<BasicStmnt CovItemId="S88" CovItemPrefix="my.PSM.unitTestPSM.appControllerTest.java" Intrnl_Id="1675">
<LocList>
<Loc EndOffset="7365" SrcFileId="12" StartOffset="7347"/>
</LocList>
</BasicStmnt>
<BasicStmnt CovItemId="S89" CovItemPrefix="my.PSM.unitTestPSM.appControllerTest.java" Intrnl_Id="1676">
<LocList>
<Loc EndOffset="7516" SrcFileId="12" StartOffset="7457"/>
</LocList>
</BasicStmnt>
<BasicStmnt CovItemId="S90" CovItemPrefix="my.PSM.unitTestPSM.appControllerTest.java" Intrnl_Id="1677">
<LocList>
<Loc EndOffset="7559" SrcFileId="12" StartOffset="7520"/>
</LocList>
</BasicStmnt>
<BasicStmnt CovItemId="S91" CovItemPrefix="my.PSM.unitTestPSM.appControllerTest.java" Intrnl_Id="1678">
<LocList>
<Loc EndOffset="7611" SrcFileId="12" StartOffset="7563"/>
</LocList>
</BasicStmnt>
<BasicStmnt CovItemId="S92" CovItemPrefix="my.PSM.unitTestPSM.appControllerTest.java" Intrnl_Id="1679">
<LocList>
<Loc EndOffset="7667" SrcFileId="12" StartOffset="7615"/>
</LocList>
</BasicStmnt>
<BasicStmnt CovItemId="S93" CovItemPrefix="my.PSM.unitTestPSM.appControllerTest.java" Intrnl_Id="1680">
<LocList>
<Loc EndOffset="7721" SrcFileId="12" StartOffset="7671"/>
</LocList>
</BasicStmnt>
<BasicStmnt CovItemId="S94" CovItemPrefix="my.PSM.unitTestPSM.appControllerTest.java" Intrnl_Id="1681">
<LocList>
<Loc EndOffset="7768" SrcFileId="12" StartOffset="7725"/>
</LocList>
</BasicStmnt>
<BasicStmnt CovItemId="S95" CovItemPrefix="my.PSM.unitTestPSM.appControllerTest.java" Intrnl_Id="1682">
<LocList>
<Loc EndOffset="7813" SrcFileId="12" StartOffset="7772"/>
</LocList>
</BasicStmnt>
<BasicStmnt CovItemId="S96" CovItemPrefix="my.PSM.unitTestPSM.appControllerTest.java" Intrnl_Id="1683">
<LocList>
<Loc EndOffset="7863" SrcFileId="12" StartOffset="7817"/>
</LocList>
</BasicStmnt>
<BasicStmnt CovItemId="S97" CovItemPrefix="my.PSM.unitTestPSM.appControllerTest.java" Intrnl_Id="1684">
<LocList>
<Loc EndOffset="7911" SrcFileId="12" StartOffset="7867"/>
</LocList>
</BasicStmnt>
<BasicStmnt CovItemId="S98" CovItemPrefix="my.PSM.unitTestPSM.appControllerTest.java" Intrnl_Id="1685">
<LocList>
<Loc EndOffset="7958" SrcFileId="12" StartOffset="7915"/>
</LocList>
</BasicStmnt>
<BasicStmnt CovItemId="S99" CovItemPrefix="my.PSM.unitTestPSM.appControllerTest.java" Intrnl_Id="1686">
<LocList>
<Loc EndOffset="8003" SrcFileId="12" StartOffset="7962"/>
</LocList>
</BasicStmnt>
<BasicStmnt CovItemId="S100" CovItemPrefix="my.PSM.unitTestPSM.appControllerTest.java" Intrnl_Id="1687">
<LocList>
<Loc EndOffset="8053" SrcFileId="12" StartOffset="8007"/>
</LocList>
</BasicStmnt>
<BasicStmnt CovItemId="S101" CovItemPrefix="my.PSM.unitTestPSM.appControllerTest.java" Intrnl_Id="1688">
<LocList>
<Loc EndOffset="8101" SrcFileId="12" StartOffset="8057"/>
</LocList>
</BasicStmnt>
<BasicStmnt CovItemId="S102" CovItemPrefix="my.PSM.unitTestPSM.appControllerTest.java" Intrnl_Id="1689">
<LocList>
<Loc EndOffset="8148" SrcFileId="12" StartOffset="8105"/>
</LocList>
</BasicStmnt>
<BasicStmnt CovItemId="S103" CovItemPrefix="my.PSM.unitTestPSM.appControllerTest.java" Intrnl_Id="1690">
<LocList>
<Loc EndOffset="8193" SrcFileId="12" StartOffset="8152"/>
</LocList>
</BasicStmnt>
<BasicStmnt CovItemId="S104" CovItemPrefix="my.PSM.unitTestPSM.appControllerTest.java" Intrnl_Id="1691">
<LocList>
<Loc EndOffset="8240" SrcFileId="12" StartOffset="8197"/>
</LocList>
</BasicStmnt>
<BasicStmnt CovItemId="S105" CovItemPrefix="my.PSM.unitTestPSM.appControllerTest.java" Intrnl_Id="1692">
<LocList>
<Loc EndOffset="8285" SrcFileId="12" StartOffset="8244"/>
</LocList>
</BasicStmnt>
</StmntSeq>
</HierarchyLvl>
<HierarchyLvl HierarchyLvlId="944" HierarchyLvlTypeId="17" Intrnl_Id="1693" Name="testSleep">
<Header>
<Loc EndOffset="8325" SrcFileId="12" StartOffset="8294"/>
</Header>
<LocList>
<Loc EndOffset="8512" SrcFileId="12" StartOffset="8294"/>
</LocList>
<StmntSeq Intrnl_Id="1694">
<LocList>
<Loc EndOffset="8371" SrcFileId="12" StartOffset="8331"/>
<Loc EndOffset="8388" SrcFileId="12" StartOffset="8375"/>
<Loc EndOffset="8430" SrcFileId="12" StartOffset="8392"/>
<Loc EndOffset="8508" SrcFileId="12" StartOffset="8474"/>
</LocList>
<BasicStmnt CovItemId="S106" CovItemPrefix="my.PSM.unitTestPSM.appControllerTest.java" Intrnl_Id="1695">
<LocList>
<Loc EndOffset="8371" SrcFileId="12" StartOffset="8331"/>
</LocList>
</BasicStmnt>
<BasicStmnt CovItemId="S107" CovItemPrefix="my.PSM.unitTestPSM.appControllerTest.java" Intrnl_Id="1696">
<LocList>
<Loc EndOffset="8388" SrcFileId="12" StartOffset="8375"/>
</LocList>
</BasicStmnt>
<BasicStmnt CovItemId="S108" CovItemPrefix="my.PSM.unitTestPSM.appControllerTest.java" Intrnl_Id="1697">
<LocList>
<Loc EndOffset="8430" SrcFileId="12" StartOffset="8392"/>
</LocList>
</BasicStmnt>
<BasicStmnt CovItemId="S109" CovItemPrefix="my.PSM.unitTestPSM.appControllerTest.java" Intrnl_Id="1698">
<LocList>
<Loc EndOffset="8508" SrcFileId="12" StartOffset="8474"/>
</LocList>
</BasicStmnt>
</StmntSeq>
</HierarchyLvl>
<HierarchyLvl HierarchyLvlId="945" HierarchyLvlTypeId="17" Intrnl_Id="1699" Name="testLogIn">
<Header>
<Loc EndOffset="8548" SrcFileId="12" StartOffset="8517"/>
</Header>
<LocList>
<Loc EndOffset="8784" SrcFileId="12" StartOffset="8517"/>
</LocList>
<StmntSeq Intrnl_Id="1700">
<LocList>
<Loc EndOffset="8645" SrcFileId="12" StartOffset="8625"/>
<Loc EndOffset="8671" SrcFileId="12" StartOffset="8649"/>
<Loc EndOffset="8691" SrcFileId="12" StartOffset="8679"/>
<Loc EndOffset="8780" SrcFileId="12" StartOffset="8743"/>
</LocList>
<BasicStmnt CovItemId="S110" CovItemPrefix="my.PSM.unitTestPSM.appControllerTest.java" Intrnl_Id="1701">
<LocList>
<Loc EndOffset="8645" SrcFileId="12" StartOffset="8625"/>
</LocList>
</BasicStmnt>
<BasicStmnt CovItemId="S111" CovItemPrefix="my.PSM.unitTestPSM.appControllerTest.java" Intrnl_Id="1702">
<LocList>
<Loc EndOffset="8671" SrcFileId="12" StartOffset="8649"/>
</LocList>
</BasicStmnt>
<BasicStmnt CovItemId="S112" CovItemPrefix="my.PSM.unitTestPSM.appControllerTest.java" Intrnl_Id="1703">
<LocList>
<Loc EndOffset="8691" SrcFileId="12" StartOffset="8679"/>
</LocList>
</BasicStmnt>
<BasicStmnt CovItemId="S113" CovItemPrefix="my.PSM.unitTestPSM.appControllerTest.java" Intrnl_Id="1704">
<LocList>
<Loc EndOffset="8780" SrcFileId="12" StartOffset="8743"/>
</LocList>
</BasicStmnt>
</StmntSeq>
</HierarchyLvl>
<HierarchyLvl HierarchyLvlId="946" HierarchyLvlTypeId="17" Intrnl_Id="1705" Name="testLogIn02">
<Header>
<Loc EndOffset="8822" SrcFileId="12" StartOffset="8789"/>
</Header>
<LocList>
<Loc EndOffset="9064" SrcFileId="12" StartOffset="8789"/>
</LocList>
<StmntSeq Intrnl_Id="1706">
<LocList>
<Loc EndOffset="8920" SrcFileId="12" StartOffset="8899"/>
<Loc EndOffset="8950" SrcFileId="12" StartOffset="8924"/>
<Loc EndOffset="8970" SrcFileId="12" StartOffset="8958"/>
<Loc EndOffset="9060" SrcFileId="12" StartOffset="9022"/>
</LocList>
<BasicStmnt CovItemId="S114" CovItemPrefix="my.PSM.unitTestPSM.appControllerTest.java" Intrnl_Id="1707">
<LocList>
<Loc EndOffset="8920" SrcFileId="12" StartOffset="8899"/>
</LocList>
</BasicStmnt>
<BasicStmnt CovItemId="S115" CovItemPrefix="my.PSM.unitTestPSM.appControllerTest.java" Intrnl_Id="1708">
<LocList>
<Loc EndOffset="8950" SrcFileId="12" StartOffset="8924"/>
</LocList>
</BasicStmnt>
<BasicStmnt CovItemId="S116" CovItemPrefix="my.PSM.unitTestPSM.appControllerTest.java" Intrnl_Id="1709">
<LocList>
<Loc EndOffset="8970" SrcFileId="12" StartOffset="8958"/>
</LocList>
</BasicStmnt>
<BasicStmnt CovItemId="S117" CovItemPrefix="my.PSM.unitTestPSM.appControllerTest.java" Intrnl_Id="1710">
<LocList>
<Loc EndOffset="9060" SrcFileId="12" StartOffset="9022"/>
</LocList>
</BasicStmnt>
</StmntSeq>
</HierarchyLvl>
<HierarchyLvl HierarchyLvlId="947" HierarchyLvlTypeId="17" Intrnl_Id="1711" Name="testTimerParser">
<Header>
<Loc EndOffset="9106" SrcFileId="12" StartOffset="9069"/>
</Header>
<LocList>
<Loc EndOffset="9251" SrcFileId="12" StartOffset="9069"/>
</LocList>
<StmntSeq Intrnl_Id="1712">
<LocList>
<Loc EndOffset="9137" SrcFileId="12" StartOffset="9112"/>
<Loc EndOffset="9247" SrcFileId="12" StartOffset="9183"/>
</LocList>
<BasicStmnt CovItemId="S118" CovItemPrefix="my.PSM.unitTestPSM.appControllerTest.java" Intrnl_Id="1713">
<LocList>
<Loc EndOffset="9137" SrcFileId="12" StartOffset="9112"/>
</LocList>
</BasicStmnt>
<BasicStmnt CovItemId="S119" CovItemPrefix="my.PSM.unitTestPSM.appControllerTest.java" Intrnl_Id="1714">
<LocList>
<Loc EndOffset="9247" SrcFileId="12" StartOffset="9183"/>
</LocList>
</BasicStmnt>
</StmntSeq>
</HierarchyLvl>
<HierarchyLvl HierarchyLvlId="948" HierarchyLvlTypeId="17" Intrnl_Id="1715" Name="testDateParser">
<Header>
<Loc EndOffset="9295" SrcFileId="12" StartOffset="9259"/>
</Header>
<LocList>
<Loc EndOffset="9526" SrcFileId="12" StartOffset="9259"/>
</LocList>
<StmntSeq Intrnl_Id="1716">
<LocList>
<Loc EndOffset="9328" SrcFileId="12" StartOffset="9301"/>
<Loc EndOffset="9426" SrcFileId="12" StartOffset="9382"/>
<Loc EndOffset="9474" SrcFileId="12" StartOffset="9430"/>
<Loc EndOffset="9522" SrcFileId="12" StartOffset="9478"/>
</LocList>
<BasicStmnt CovItemId="S120" CovItemPrefix="my.PSM.unitTestPSM.appControllerTest.java" Intrnl_Id="1717">
<LocList>
<Loc EndOffset="9328" SrcFileId="12" StartOffset="9301"/>
</LocList>
</BasicStmnt>
<BasicStmnt CovItemId="S121" CovItemPrefix="my.PSM.unitTestPSM.appControllerTest.java" Intrnl_Id="1718">
<LocList>
<Loc EndOffset="9426" SrcFileId="12" StartOffset="9382"/>
</LocList>
</BasicStmnt>
<BasicStmnt CovItemId="S122" CovItemPrefix="my.PSM.unitTestPSM.appControllerTest.java" Intrnl_Id="1719">
<LocList>
<Loc EndOffset="9474" SrcFileId="12" StartOffset="9430"/>
</LocList>
</BasicStmnt>
<BasicStmnt CovItemId="S123" CovItemPrefix="my.PSM.unitTestPSM.appControllerTest.java" Intrnl_Id="1720">
<LocList>
<Loc EndOffset="9522" SrcFileId="12" StartOffset="9478"/>
</LocList>
</BasicStmnt>
</StmntSeq>
</HierarchyLvl>
<HierarchyLvl HierarchyLvlId="949" HierarchyLvlTypeId="17" Intrnl_Id="1721" Name="testGetEndTime">
<Header>
<Loc EndOffset="9567" SrcFileId="12" StartOffset="9531"/>
</Header>
<LocList>
<Loc EndOffset="9806" SrcFileId="12" StartOffset="9531"/>
</LocList>
<StmntSeq Intrnl_Id="1722">
<LocList>
<Loc EndOffset="9673" SrcFileId="12" StartOffset="9573"/>
<Loc EndOffset="9802" SrcFileId="12" StartOffset="9728"/>
</LocList>
<BasicStmnt CovItemId="S124" CovItemPrefix="my.PSM.unitTestPSM.appControllerTest.java" Intrnl_Id="1723">
<LocList>
<Loc EndOffset="9673" SrcFileId="12" StartOffset="9573"/>
</LocList>
</BasicStmnt>
<BasicStmnt CovItemId="S125" CovItemPrefix="my.PSM.unitTestPSM.appControllerTest.java" Intrnl_Id="1724">
<LocList>
<Loc EndOffset="9802" SrcFileId="12" StartOffset="9728"/>
</LocList>
</BasicStmnt>
</StmntSeq>
</HierarchyLvl>
<HierarchyLvl HierarchyLvlId="950" HierarchyLvlTypeId="17" Intrnl_Id="1725" Name="testGet15BeforeEnd">
<Header>
<Loc EndOffset="9851" SrcFileId="12" StartOffset="9811"/>
</Header>
<LocList>
<Loc EndOffset="10094" SrcFileId="12" StartOffset="9811"/>
</LocList>
<StmntSeq Intrnl_Id="1726">
<LocList>
<Loc EndOffset="9957" SrcFileId="12" StartOffset="9857"/>
<Loc EndOffset="10090" SrcFileId="12" StartOffset="10012"/>
</LocList>
<BasicStmnt CovItemId="S126" CovItemPrefix="my.PSM.unitTestPSM.appControllerTest.java" Intrnl_Id="1727">
<LocList>
<Loc EndOffset="9957" SrcFileId="12" StartOffset="9857"/>
</LocList>
</BasicStmnt>
<BasicStmnt CovItemId="S127" CovItemPrefix="my.PSM.unitTestPSM.appControllerTest.java" Intrnl_Id="1728">
<LocList>
<Loc EndOffset="10090" SrcFileId="12" StartOffset="10012"/>
</LocList>
</BasicStmnt>
</StmntSeq>
</HierarchyLvl>
<HierarchyLvl HierarchyLvlId="951" HierarchyLvlTypeId="17" Intrnl_Id="1729" Name="testGet15BeforeEnd02">
<Header>
<Loc EndOffset="10141" SrcFileId="12" StartOffset="10099"/>
</Header>
<LocList>
<Loc EndOffset="10384" SrcFileId="12" StartOffset="10099"/>
</LocList>
<StmntSeq Intrnl_Id="1730">
<LocList>
<Loc EndOffset="10247" SrcFileId="12" StartOffset="10147"/>
<Loc EndOffset="10380" SrcFileId="12" StartOffset="10302"/>
</LocList>
<BasicStmnt CovItemId="S128" CovItemPrefix="my.PSM.unitTestPSM.appControllerTest.java" Intrnl_Id="1731">
<LocList>
<Loc EndOffset="10247" SrcFileId="12" StartOffset="10147"/>
</LocList>
</BasicStmnt>
<BasicStmnt CovItemId="S129" CovItemPrefix="my.PSM.unitTestPSM.appControllerTest.java" Intrnl_Id="1732">
<LocList>
<Loc EndOffset="10380" SrcFileId="12" StartOffset="10302"/>
</LocList>
</BasicStmnt>
</StmntSeq>
</HierarchyLvl>
<HierarchyLvl HierarchyLvlId="952" HierarchyLvlTypeId="17" Intrnl_Id="1733" Name="testGet5BeforeEnd">
<Header>
<Loc EndOffset="10426" SrcFileId="12" StartOffset="10387"/>
</Header>
<LocList>
<Loc EndOffset="10724" SrcFileId="12" StartOffset="10387"/>
</LocList>
<StmntSeq Intrnl_Id="1734">
<LocList>
<Loc EndOffset="10472" SrcFileId="12" StartOffset="10432"/>
<Loc EndOffset="10525" SrcFileId="12" StartOffset="10476"/>
<Loc EndOffset="10588" SrcFileId="12" StartOffset="10529"/>
<Loc EndOffset="10720" SrcFileId="12" StartOffset="10643"/>
</LocList>
<BasicStmnt CovItemId="S130" CovItemPrefix="my.PSM.unitTestPSM.appControllerTest.java" Intrnl_Id="1735">
<LocList>
<Loc EndOffset="10472" SrcFileId="12" StartOffset="10432"/>
</LocList>
</BasicStmnt>
<BasicStmnt CovItemId="S131" CovItemPrefix="my.PSM.unitTestPSM.appControllerTest.java" Intrnl_Id="1736">
<LocList>
<Loc EndOffset="10525" SrcFileId="12" StartOffset="10476"/>
</LocList>
</BasicStmnt>
<BasicStmnt CovItemId="S132" CovItemPrefix="my.PSM.unitTestPSM.appControllerTest.java" Intrnl_Id="1737">
<LocList>
<Loc EndOffset="10588" SrcFileId="12" StartOffset="10529"/>
</LocList>
</BasicStmnt>
<BasicStmnt CovItemId="S133" CovItemPrefix="my.PSM.unitTestPSM.appControllerTest.java" Intrnl_Id="1738">
<LocList>
<Loc EndOffset="10720" SrcFileId="12" StartOffset="10643"/>
</LocList>
</BasicStmnt>
</StmntSeq>
</HierarchyLvl>
<HierarchyLvl HierarchyLvlId="953" HierarchyLvlTypeId="17" Intrnl_Id="1739" Name="testGet5BeforeEnd02">
<Header>
<Loc EndOffset="10770" SrcFileId="12" StartOffset="10729"/>
</Header>
<LocList>
<Loc EndOffset="11026" SrcFileId="12" StartOffset="10729"/>
</LocList>
<StmntSeq Intrnl_Id="1740">
<LocList>
<Loc EndOffset="10816" SrcFileId="12" StartOffset="10776"/>
<Loc EndOffset="10891" SrcFileId="12" StartOffset="10820"/>
<Loc EndOffset="11022" SrcFileId="12" StartOffset="10946"/>
</LocList>
<BasicStmnt CovItemId="S134" CovItemPrefix="my.PSM.unitTestPSM.appControllerTest.java" Intrnl_Id="1741">
<LocList>
<Loc EndOffset="10816" SrcFileId="12" StartOffset="10776"/>
</LocList>
</BasicStmnt>
<BasicStmnt CovItemId="S135" CovItemPrefix="my.PSM.unitTestPSM.appControllerTest.java" Intrnl_Id="1742">
<LocList>
<Loc EndOffset="10891" SrcFileId="12" StartOffset="10820"/>
</LocList>
</BasicStmnt>
<BasicStmnt CovItemId="S136" CovItemPrefix="my.PSM.unitTestPSM.appControllerTest.java" Intrnl_Id="1743">
<LocList>
<Loc EndOffset="11022" SrcFileId="12" StartOffset="10946"/>
</LocList>
</BasicStmnt>
</StmntSeq>
</HierarchyLvl>
</HierarchyLvl>
</HierarchyLvl>
</HierarchyLvl>
</HierarchyLvl>
</HierarchyLvl>
</MASTRoot>
</TestSessionContainer>
