<?xml version="1.0" encoding="UTF-8"?><TestSessionContainer xmlns="http://www.codecover.org/xml/testsession-container" Date="1467167485364" TestSessionContainerId="8551cbce-b8ca-496b-9aa2-131eb43936ff" version="1.0">
<SrcFileList>
<SrcFile Content="/*&#10; * To change this template, choose Tools | Templates&#10; * and open the template in the editor.&#10; */&#10;package my.PSM.PSM_Logic;&#10;&#10;import my.PSM.PSM_Storage.DataStoreFacade;&#10;&#10;/**&#10; *&#10; * @author clarkep&#10; */&#10;public class LogicFacade {&#10;    private appController app;&#10;    private Authenticate aut;&#10;    private FutureTimer futureTime;&#10;    private InterfaceController ic;&#10;    &#10;    public LogicFacade(DataStoreFacade dataFacade){&#10;    &#9;app = new appController();&#10;    &#9;app.setDataStoreFacade(dataFacade);&#10;    &#9;futureTime = new FutureTimer();&#10;    &#9;ic = new InterfaceController();&#10;    }&#10;    &#10;    public static String fetchCourses(){&#10;    &#9;return appController.fetchCourses();&#10;    }&#10;}&#10;" Filename="LogicFacade.java" Intrnl_Id="1"/>
<SrcFile Content="/*&#10; * ApplicationLogic.java&#10; *&#10; * Created on April 12, 2008, 11:03 AM&#10; *&#10; * To change this template, choose Tools | Template Manager&#10; * and open the template in the editor.&#10; */&#10;&#10;package my.PSM.PSM_Logic;&#10;&#10;import java.util.Timer;&#10;import java.util.TimerTask;&#10;import java.util.Date;&#10;import java.util.Calendar;&#10;import java.util.GregorianCalendar;&#10;import java.util.ArrayList;&#10;import java.lang.Thread;&#10;import java.util.logging.Level;&#10;import java.util.logging.Logger;&#10;&#10;import my.PSM.PSM_Storage.DBConnection;&#10;import my.PSM.PSM_Storage.DataStoreFacade;&#10;import my.PSM.PSM_Interface.*;&#10;&#10;/**&#10; *&#10; * @author lrizo002&#10; */&#10;public class appController {&#10;    &#10;    private static final long TENMIN = 600000;&#10;    &#10;    private static int hr;&#10;    private static int min;&#10;    private static Calendar autoClear = new GregorianCalendar();&#10;    private static Calendar setRun = new GregorianCalendar();&#10;    private static Calendar calendar = new GregorianCalendar();&#10;    private static Timer timer = new FutureTimer();&#10;    private static Date date = new Date();&#10;    private static Date date2 = new Date();&#10;    &#10;    public static String defSub = &quot;&quot;;&#10;    public static String defSemester = &quot;&quot;;&#10;    public static String defCourseName = &quot;&quot;;&#10;    public static String defCourseStart = &quot;&quot;;&#10;    public static String defCourseEnd = &quot;&quot;;&#10;    public static String defMonStart = &quot;&quot;;&#10;    public static String defMonEnd = &quot;&quot;;&#10;    public static String defTueStart = &quot;&quot;;&#10;    public static String defTueEnd = &quot;&quot;;&#10;    public static String defWedStart = &quot;&quot;;&#10;    public static String defWedEnd = &quot;&quot;;&#10;    public static String defThuStart = &quot;&quot;;&#10;    public static String defThuEnd = &quot;&quot;;&#10;    public static String defFriStart = &quot;&quot;;&#10;    public static String defFriEnd = &quot;&quot;;&#10;    public static String defSatStart = &quot;&quot;;&#10;    public static String defSatEnd = &quot;&quot;;&#10;    &#10;    private static String username;&#10;    private static String password;&#10;    private static boolean loggedin;&#10;    private static boolean dataReceived = false;&#10;    private static boolean edSchedSel = false;&#10;    public static boolean isEdSchedSel() {&#10;&#9;&#9;return edSchedSel;&#10;&#9;}&#10;&#10;&#9;public static boolean isSchedSetupSel() {&#10;&#9;&#9;return schedSetupSel;&#10;&#9;}&#10;&#10;&#9;public static boolean isLogoutSel() {&#10;&#9;&#9;return logoutSel;&#10;&#9;}&#10;&#10;&#10;&#9;private static boolean schedSetupSel = false;&#10;    private static boolean logoutSel = false;&#10;    &#10;    private static int clearDate, clearMonth, clearYear;&#10; &#10;&#10;&#9;private static int counter = 0;&#10;    &#10;    public static DataStoreFacade dataFacade = new DataStoreFacade();&#10;    private static InterfaceController ic = new InterfaceController();&#10;    private static Authenticate auth = new Authenticate();&#10;    private static int courseSel;&#10;    private static long classEnded = 0;&#10;       &#10;    &#10;    /** Creates a new instance of ApplicationLogic */&#10;    public appController() {&#10;        hr = min = 0;&#10;    }&#10;    &#10;    /* Set to the stubs when testing*/&#10;    public static void setDataStoreFacade(DataStoreFacade temp){&#10;    &#9;dataFacade = temp;&#10;    }&#10;    public static void setInterfaceController(InterfaceController temp){&#10;    &#9;ic = temp;&#10;    }&#10;    public static void setAuthenticate(Authenticate temp){&#10;    &#9;auth = temp;&#10;    }&#10;    public void appMainMenu(){    &#10;        long newCurrentTime;&#10;        while(!dataReceived)&#10;        {&#10;            dataReceived = ic.facade.menuDataRec();&#10;            edSchedSel = ic.facade.editSchedSelected();&#10;            schedSetupSel = ic.facade.InitSetupSelected();&#10;            logoutSel = ic.facade.logoutSelected();&#10;            //System.out.println(&quot;Class end time: &quot; +classEnded);&#10;            //System.out.println(&quot;Current time: &quot; +System.currentTimeMillis());&#10;                    &#10;                    &#10;            if(classEnded != 0 &amp;&amp; System.currentTimeMillis() - classEnded &gt;= TENMIN)&#10;            {&#10;              //System.out.println(&quot;EXIT&quot;);&#10;            &#9;return;&#9;              &#10;        &#9;}&#10;            &#10;            sleep(500);&#10;        }&#10;        newCurrentTime = 0;&#10;        ic.facade.setMenuDataRec(false);&#10;        dataReceived = false;&#10;        &#10;       // db.disconnect();&#10;&#9;}&#10;    public void myMain(){&#10;    &#9;appLogin();&#10;    &#9;if(loggedin){&#10;    &#9;&#9;ic.Initiate_MainMenu();&#10;    &#9;&#9;if(checkClear())&#10;&#9;        {&#10;&#9;            dataFacade.clearDatabase();&#10;&#9;        }&#10;    &#9;&#9;checkTimes();&#10;&#9;    &#9;while(!logoutSel){&#10;&#9;    &#9;&#9;appMainMenu();&#10;&#9;&#9;    &#9;if(logoutSel)&#10;&#9;&#9;        {&#10;&#9;&#9;            // Logout &#10;&#9;&#9;            auth.logout();&#10;&#9;&#9;            ic.Initiate_Logout();&#10;&#9;&#9;&#10;&#9;&#9;        }&#10;&#9;&#9;        else if(edSchedSel)&#10;&#9;&#9;        {&#10;&#9;&#9;            appEditSched();&#10;&#9;&#9;        }&#10;&#9;&#9;        else if(schedSetupSel)&#10;&#9;&#9;        {&#10;&#9;&#9;            setupSched();&#10;&#9;&#9;        }&#10;&#9;    &#9;}&#10;    &#9;}&#10;    }&#10;    public void setUser(String user){&#10;    &#9;username = user;&#10;    }&#10;    public void setPassword(String pw){&#10;    &#9;password = pw;&#10;    }&#10;    public String getUser(){&#10;    &#9;return username;&#10;    }&#10;    public String getPass(){&#10;    &#9;return password;&#10;    }&#10;    public boolean getLoggedIn(){&#10;    &#9;return loggedin;&#10;    }&#10;    public static String fetchCourses(){&#10;    &#9;return dataFacade.fetchCourses();&#10;    }&#10;    public InterfaceController getIC(){&#10;    &#9;return ic;&#10;    }&#10;    public Calendar getSetRun(){&#10;    &#9;return setRun;&#10;    }&#10;    public static int getClearDate() {&#10; &#9;&#9;return clearDate;&#10; &#9;}&#10;&#10; &#9;public static int getClearMonth() {&#10; &#9;&#9;return clearMonth;&#10; &#9;}&#10;&#10; &#9;public static int getClearYear() {&#10; &#9;&#9;return clearYear;&#10; &#9;}&#10;&#10; &#9;public int getCounter(){&#10; &#9;&#9;return counter;&#10; &#9;}&#10;    public static void setupSched(){&#10;    &#9;ic.facade.launchInitial();&#10;        //Initial Schedule Setup&#10;        while(!ic.facade.schedDataRec())&#10;        {&#10;            dataReceived = ic.facade.schedDataRec();&#10;            sleep(300);&#10;        }&#10;        dataReceived = false;&#10;        ic.facade.setSchedDataRec(false);&#10;        &#10;        dataFacade.storeClassInfo(ic.facade.getNewCourseID(), ic.facade.getNewSub(), ic.facade.getNewCourseName(),ic.facade.getNewSemester());&#10;        dataFacade.storeClassSched(ic.facade.getNewCourseID(), ic.facade.getNewCourseStart(), ic.facade.getNewCourseEnd(), &#10;                ic.facade.getNewMonStart(), ic.facade.getNewMonEnd(), ic.facade.getNewTueStart(), ic.facade.getNewTueEnd(), &#10;                ic.facade.getNewWedStart(), ic.facade.getNewWedEnd(), ic.facade.getNewThuStart(), ic.facade.getNewThuEnd(), &#10;                ic.facade.getNewFriStart(), ic.facade.getNewFriEnd(), ic.facade.getNewSatStart(), ic.facade.getNewSatEnd());&#10;&#10;    }&#10;    public static void appEditSched(){&#10;    &#9; //Edit Schedule&#10;        ic.Course_Select_Form();&#10;&#10;        while(!dataReceived)&#10;        {&#10;            dataReceived = ic.facade.courseSelected();&#10;            sleep(300);&#10;         //   System.out.println(&quot;test&quot;);&#10;        }&#10;&#10;        ic.facade.setCourseSelected(false);&#10;        dataReceived = false;&#10;&#10;        courseSel = ic.facade.getSelection();&#10;        getData(courseSel);&#10;        &#10;        ic.Pre_Filled_Form(courseSel,defSub,defCourseName,defSemester,defCourseStart,&#10;                defCourseEnd,defMonStart,defMonEnd,defTueStart,defTueEnd,defWedStart,&#10;                defWedEnd,defThuStart,defThuEnd,defFriStart,defFriEnd,defSatStart,defSatEnd);&#10;        &#10;        while(!dataReceived)&#10;        {&#10;            dataReceived = ic.facade.psDataRec(); &#10;            sleep(300);&#10;        }&#10;        &#10;        dataReceived = false;&#10;        ic.facade.setPsDataRec(false);&#10;&#10;        //System.out.println(&quot;Save has been pressed&quot; +ic.edSched.newMonStart);&#10;&#10;        dataFacade.storeClassSched(ic.facade.getDefCourseID(), ic.facade.getpNewCourseStart(), ic.facade.getpNewCourseEnd(), &#10;                ic.facade.getpNewMonStart(), ic.facade.getpNewMonEnd(), ic.facade.getpNewTueStart(), ic.facade.getpNewTueEnd(), &#10;                ic.facade.getpNewWedStart(), ic.facade.getpNewWedEnd(), ic.facade.getpNewThuStart(), ic.facade.getpNewThuEnd(), &#10;                ic.facade.getpNewFriStart(), ic.facade.getpNewFriEnd(), ic.facade.getpNewSatStart(), ic.facade.getpNewSatEnd());&#10;&#10;&#10;    }&#10;    &#10;    public static void appLogin(){&#10;    &#9;while(!loggedin)&#10;        {           &#10;            ic.Initiate_Login_Form();            &#10;            &#10;             do&#10;             {&#10;                 dataReceived = ic.facade.dataReceived();&#10;                 sleep(300);&#10;                 &#10;             }while(!dataReceived);&#10;             ic.facade.setLogDataRec(false);&#10;             dataReceived = false;&#10;             username = ic.facade.getUsername();&#10;             password = ic.facade.getPassword();&#10;&#10;             &#10;             auth.setCredentials(username,password);&#10;             if(auth.validate_Login()){&#10;                 loggedin = true;&#10;                 auth.logout();&#10;                 dataFacade.connect(username,password);&#10;             }&#10;             &#10;               &#10;             if(!loggedin){&#10;                 ic.Initiate_IncorrectLogin();&#10;                 counter++;&#10;                 while(!dataReceived)&#10;                 {&#10;                     dataReceived = ic.facade.getAck();&#10;                     System.out.println(&quot;in&quot;);&#10;                 }&#10;                 dataReceived = false;&#10;                 ic.facade.setAck(false);&#10;                 &#10;             }&#10;             if(counter &gt;= 3){&#10;                &#10;                 ic.passwordLock();&#10;                 while(!dataReceived)&#10;                 {&#10;                     dataReceived = ic.facade.getAck();&#10;                     &#10;                 }&#10;                 return;&#10;             }&#10;        }&#10;    }&#10;    public static boolean checkClear()&#10;    {&#10;        ArrayList&lt;String&gt; endDates = dataFacade.getEndDates();&#10;        Calendar endCal = new GregorianCalendar();&#10;        Calendar now = Calendar.getInstance();&#10;        &#10;        for(int i = 0; i &lt; endDates.size(); i++)&#10;        {&#10;            dateParser(endDates.get(i));&#10;            &#10;            //System.out.println(&quot;Day : &quot; +clearDate);&#10;            //System.out.println(&quot;Month : &quot; +clearMonth);&#10;            //System.out.println(&quot;Year : &quot; +clearYear);&#10;&#10;            endCal.set(clearYear + 2000, clearMonth-1, clearDate);&#10;            if(now.compareTo(endCal) &lt;= 0)&#10;               return false;&#10;                &#10;        }&#10;        return true;&#10;                &#10;    }&#10;            &#10;    public static void checkTimes()&#10;    {&#10;        ArrayList&lt;Integer&gt; courseList = dataFacade.getCourses();&#10;        &#10;        Calendar tempC = new GregorianCalendar();&#10;        int currentDay = tempC.get(tempC.DAY_OF_WEEK);&#10;        tempC.setTimeInMillis(System.currentTimeMillis());&#10;        //System.out.println(&quot;Curr Day: &quot; +currentDay);&#10;        Date fifteenMin;&#10;        Date fiveMin;&#10;        Date endClass;&#10;        &#10;        for(int i = 0; i &lt; courseList.size(); i++)&#10;        {&#10;            boolean isNull = true;&#10;            getData(courseList.get(i).intValue());&#10;            Timer newTimer = new FutureTimer();&#10;            &#10;            if(currentDay == 2 &amp;&amp; defMonEnd.compareTo(&quot;&quot;) != 0)&#10;            {&#10;                timerParser(defMonEnd);&#10;                isNull = false;&#10;            }&#10;            else if(currentDay == 3 &amp;&amp; defTueEnd.compareTo(&quot;&quot;) != 0)&#10;            {&#10;                timerParser(defTueEnd);&#10;                isNull = false;&#10;            }&#10;            else if(currentDay == 4 &amp;&amp; defWedEnd.compareTo(&quot;&quot;) != 0)&#10;            {&#10;                timerParser(defWedEnd);&#10;                isNull = false;&#10;            }&#10;            else if(currentDay == 5 &amp;&amp; defThuEnd.compareTo(&quot;&quot;) != 0)&#10;            {&#10;                timerParser(defThuEnd);&#10;                isNull = false;&#10;            }&#10;            else if(currentDay == 6 &amp;&amp; defFriEnd.compareTo(&quot;&quot;) != 0)&#10;            {&#10;                timerParser(defFriEnd);&#10;                isNull = false;&#10;            }&#10;            &#10;            else if(currentDay == 7 &amp;&amp; defSatEnd.compareTo(&quot;&quot;) != 0)&#10;            {&#10;                &#10;                timerParser(defSatEnd);&#10;                isNull = false;&#10;            }&#10;            &#10;            &#10;            if(!isNull){&#10;                fiveMin = get5BeforeEnd(hr, min);&#10;                newTimer.schedule(popup5min, fiveMin);&#10;                fifteenMin = get15BeforeEnd(hr, min);              &#10;                newTimer.schedule(popup15min, fifteenMin);&#10;                endClass = getEndTime(hr, min);&#10;                newTimer.schedule(endofclass, endClass);&#10;            }&#10;        }   &#10;       &#10;    }&#10;    &#10;    public static void getData(int course)&#10;    {&#10;        defSub = dataFacade.fetchCourseSubj(course);&#10;        defSemester = dataFacade.fetchCourseSemester(course);&#10;        defCourseName = dataFacade.fetchCourseName(course);&#10;        defCourseStart = dataFacade.fetchCourseStart(course);&#10;        defCourseEnd = dataFacade.fetchCourseEnd(course);&#10;        defMonStart = dataFacade.fetchStartMon(course);&#10;        defMonEnd = dataFacade.fetchEndMon(course);&#10;        defTueStart = dataFacade.fetchStartTue(course);&#10;        defTueEnd = dataFacade.fetchEndTue(course);&#10;        defWedStart = dataFacade.fetchStartWed(course);&#10;        defWedEnd = dataFacade.fetchEndWed(course);&#10;        defThuStart = dataFacade.fetchStartThu(course);&#10;        defThuEnd = dataFacade.fetchEndThu(course);&#10;        defFriStart = dataFacade.fetchStartFri(course);&#10;        defFriEnd = dataFacade.fetchEndFri(course);&#10;        defSatStart = dataFacade.fetchStartSat(course);&#10;        defSatEnd = dataFacade.fetchEndSat(course);           &#10;    }&#10;    &#10;    &#10;    public static void sleep(int milli)&#10;    {&#10;          try { &#10;           Thread.sleep(milli);&#10;        } catch (InterruptedException ex) {&#10;           Logger.getLogger(appController.class.getName()).log(Level.SEVERE, null, ex);&#10;        }&#10;    }&#10;&#9;&#10;    public static void LogIn()&#10;    {      &#10;        if(dataFacade.connect(username,password) == 0)&#10;            loggedin = true;&#10;        else&#10;            loggedin = false;        &#10;    }&#10;    &#10;    public static DataStoreFacade getCon()&#10;    {&#10;        return dataFacade;&#10;    }&#10;    &#10;    &#10;    private static TimerTask dbClear = new TimerTask()&#10;    {&#10;        public void run()&#10;        {&#10;           dataFacade.clearDatabase();&#10;        }&#10;    };&#10;    &#10;    private static TimerTask popup15min = new TimerTask()&#10;    {&#10;        public void run()&#10;        {&#10;            ic.facade.FifteenMinWarning();&#10;        }&#10;    };&#10;&#9;&#10;    private static TimerTask popup5min = new TimerTask()&#10;    {&#10;        public void run()&#10;        {&#10;            ic.facade.FiveMinWarning();&#10;        }&#10;    };&#10;    &#10;    &#10;    private static TimerTask endofclass = new TimerTask()&#10;    {&#10;        public void run()&#10;        {&#10;            ic.facade.endClassWarning();&#10;            classEnded = System.currentTimeMillis();&#10;        }&#10;    };&#10;    &#10;    &#10;    private static TimerTask systemExit = new TimerTask()&#10;    {&#10;        public void run()&#10;        {&#10;            System.exit(0);&#10;        }&#10;    };&#10;    &#10;       &#10;    public void setTime(int year, int month, int date, int hours, int mins)&#10;    {&#10;        setRun.set(year, month, date, hours, mins);&#10;    }&#10;    &#10;    public Date getTime()&#10;    {&#10;        return setRun.getTime();&#10;    }&#10;    &#10;    public static long getTimeMillis()&#10;    {&#10;        return setRun.getTimeInMillis();&#10;    }&#10;    &#10;    public static void timerParser(String timer)&#10;    {&#10;        hr = Integer.parseInt(timer.substring(0,2));&#10;        min = Integer.parseInt(timer.substring(3,5));&#10;    }&#10;    public static void dateParser(String timer)&#10;    {&#10;        &#10;        clearMonth = Integer.parseInt(timer.substring(0,2));&#10;        clearDate = Integer.parseInt(timer.substring(3,5));&#10;        clearYear = Integer.parseInt(timer.substring(6,8));&#10;    }&#10;    &#10;    public int returnHr()&#10;    {&#10;        return hr;&#10;    }&#10;    &#10;    public int returnMin()&#10;    {&#10;        return min;&#10;    }&#10;    &#10;    public static Date getEndTime(int hrs, int mins)&#10;    {&#10;        int years, months, dates, dayOfWeek;&#10;        &#10;        Calendar tempC = new GregorianCalendar();&#10;        &#10;        tempC.setTimeInMillis(System.currentTimeMillis());&#10;        &#10;        years = tempC.get(tempC.YEAR);&#10;        months = tempC.get(tempC.MONTH);&#10;        dates = tempC.get(tempC.DATE);&#10;        dayOfWeek = tempC.get(tempC.DAY_OF_WEEK);&#10;        tempC.set(years, months, dates, hrs, mins - 1, 1);&#10;        // System.out.println(dayWeek);&#10;        return tempC.getTime();&#10;    }&#10;    &#10;    public static void setSemesterClear(int year, int month, int date, int hours, int mins)&#10;    {&#10;        autoClear.set(year, month, date, hours, mins);&#10;        date2 = autoClear.getTime();&#10;    }&#10;    &#10;    public Date getSemesterClear()&#10;    {&#10;        return autoClear.getTime();&#10;    }&#10;    &#10;    public static Date get15BeforeEnd(int hrs, int mins)&#10;    {&#10;        int years, months, dates, dayOfWeek; &#10;        &#10;        Calendar tempC = new GregorianCalendar();&#10;        &#10;        tempC.setTimeInMillis(System.currentTimeMillis());&#10;        &#10;        years = tempC.get(tempC.YEAR);&#10;        months = tempC.get(tempC.MONTH);&#10;        dates =  tempC.get(tempC.DATE);&#10;        dayOfWeek = tempC.get(tempC.DAY_OF_WEEK);&#10;        &#10;        tempC.set(years, months, dates, hrs, mins - 15, 1);&#10;        &#10;        return tempC.getTime();&#10;    }&#10;    &#10;    public static Date get5BeforeEnd(int hrs, int mins)&#10;    {&#10;        int years, months, dates, dayOfWeek;&#10;        &#10;        Calendar tempC = new GregorianCalendar();&#10;        &#10;        tempC.setTimeInMillis(System.currentTimeMillis());&#10;        &#10;        years = tempC.get(tempC.YEAR);&#10;        months = tempC.get(tempC.MONTH);&#10;        dates = tempC.get(tempC.DATE);&#10;        dayOfWeek = tempC.get(tempC.DAY_OF_WEEK);&#10;        tempC.set(years, months, dates, hrs, mins - 5, 1);&#10;        // System.out.println(dayWeek);&#10;        return tempC.getTime();&#10;    }&#10;    &#10;    public void autoExit()&#10;    {&#10;        timer.schedule(systemExit, date);&#10;    }&#10;    &#10;    public void autoClear()&#10;    {&#10;        timer.schedule(dbClear, date2);&#10;    }&#10;}&#10;" Filename="appController.java" Intrnl_Id="2"/>
<SrcFile Content="/*&#10; * DBConnection.java&#10; *&#10; * Created on April 7, 2008, 11:40 PM&#10; *&#10; &#10; */&#10;&#10;package my.PSM.PSM_Storage;&#10;&#10;import java.sql.Connection;&#10;import java.sql.DriverManager;&#10;import java.sql.SQLException;&#10;import java.sql.Statement;&#10;import java.sql.ResultSet;&#10;import java.util.ArrayList;&#10;&#10;/**&#10; * @author Luis&#10; */&#10;public class DBConnection&#10;{&#10;    private String username;&#10;    private String password;&#10;    private String dbAddr;&#10;    private String localDb = &quot;jdbc:mysql://localhost:3306/mydb&quot;;&#10;    private String result;&#10;    private String [] courses;&#10;    private MySQLManager myManager;&#10;    &#10;    public void setMyManager(MySQLManager myManager) {&#10;&#9;&#9;this.myManager = myManager;&#10;&#9;}&#10;&#10;&#9;/** Creates a new instance of DBConnection */&#10;    public DBConnection()&#10;    {&#10;    &#9;myManager = new MySQLManager();&#10;    }&#10;           &#10;    // Connect using known database address&#10;    public int connect(String db, String user, String pw)&#10;    {&#10;        dbAddr = db;&#10;        username = user;&#10;        password = pw;&#10;        return myManager.connect(db, user, pw);&#10;    }&#10;    &#10;    // Connect using local host as database address&#10;    public int connect(String user,String pw)&#10;    {&#10;        username = user;&#10;        password = pw;&#10;        &#10;        return myManager.connect(user, pw);&#10;    }&#10;    &#10;    public int disconnect()&#10;    {&#10;        return myManager.disconnect();&#10;    }&#10;     &#10;    public int fetchCourseID(int courseID)&#10;    {&#10;        // SELECT * FROM example WHERE name='Sandy Smith'&#10;        return myManager.fetchCourseID(courseID);  &#10;    }&#10;    &#10;    public ArrayList&lt;String&gt; getEndDates()&#10;    {&#10;        return myManager.getEndDates();&#10;    }&#10;    public ArrayList&lt;Integer&gt; getCourses()&#10;    {&#10;        return myManager.getCourses();&#10;    }&#10;    &#10;    public String fetchCourses()&#10;    {&#10;        // SELECT * FROM example WHERE name='Sandy Smith'&#10;    &#9;StringBuffer sb = new StringBuffer();          &#10;        // System.out.print(&quot;here&quot;);&#10;         // System.out.println(&quot;SELECT course_id FROM class100 WHERE course_id = &quot; +courseID +&quot;;&quot;);&#10;         ArrayList&lt;Integer&gt; list = myManager.getCourses();&#10;         for(int i = 0; i &lt; list.size(); i++)&#10;         {&#10;             &#10;             sb.append(list.get(i));&#10;             sb.append(&quot;,&quot;);&#10;                    &#10;         }   &#10;    &#9;result = sb.toString();&#10;        return result;&#10;        //String[] courses = result.split(&quot;,&quot;);&#10;       //return courses;&#10;    }&#10;    &#10;    public String fetchCourseSubj(int courseID)&#10;    {&#10;        // SELECT * FROM example WHERE name='Sandy Smith'&#10;        return myManager.fetchCourseSubj(courseID);&#10;       &#10;    }&#10;    &#10;    public String fetchCourseName(int courseID)&#10;    {&#10;        return myManager.fetchCourseName(courseID);&#10;       &#10;    }&#10;    &#10;    public String fetchCourseSemester(int courseID)&#10;    {&#10;        // SELECT * FROM example WHERE name='Sandy Smith'&#10;        return myManager.fetchCourseSemester(courseID);&#10;       &#10;    }&#10;    &#10;    public String fetchCourseStart(int courseID)&#10;    {&#10;        // SELECT * FROM example WHERE name='Sandy Smith'&#10;        return myManager.fetchCourseStart(courseID);&#10;       &#10;    }&#10;    &#10;    public String fetchCourseEnd(int courseID)&#10;    {&#10;        // SELECT * FROM example WHERE name='Sandy Smith'&#10;       &#10;        return myManager.fetchCourseEnd(courseID);&#10;       &#10;    }&#10;    &#10;    &#10;//    public String fetchAMPM(int courseID)&#10;//    {&#10;//        try{&#10;//            Statement s = myCon.createStatement();&#10;//            s.executeQuery(&quot;SELECT am_or_pm FROM class100 WHERE course_id = &quot; +courseID +&quot;;&quot;);&#10;//            ResultSet res = s.getResultSet();&#10;//            res.next();&#10;//            return res.getString(&quot;am_or_pm&quot;);&#10;//        }&#10;//        catch(Exception e)&#10;//        {&#10;//            e.printStackTrace();&#10;//            return null;&#10;//        }&#10;//    }&#10;    &#10;    public String fetchStartMon(int courseID)&#10;    {&#10;        return myManager.fetchStartMon(courseID);&#10;    }&#10;    &#10;    public String fetchEndMon(int courseID)&#10;    {&#10;        return myManager.fetchEndMon(courseID);&#10;    }&#10;    &#10;    public String fetchStartTue(int courseID)&#10;    {&#10;        return myManager.fetchStartTue(courseID);&#10;    }&#10;    &#10;    public String fetchEndTue(int courseID)&#10;    {&#10;        return myManager.fetchEndTue(courseID);&#10;    }&#10;    &#10;    public String fetchStartWed(int courseID)&#10;    {&#10;    &#9;return myManager.fetchStartWed(courseID);&#10;    }&#10;    &#10;    public String fetchEndWed(int courseID)&#10;    {&#10;    &#9;return myManager.fetchEndWed(courseID);&#10;    }&#10;    &#10;    &#10;    public String fetchStartThu(int courseID)&#10;    {&#10;        return myManager.fetchStartThu(courseID);&#10;    }&#10;    &#10;    public String fetchEndThu(int courseID)&#10;    {&#10;        return myManager.fetchEndThu(courseID);&#10;    }&#10;    &#10;    public String fetchStartFri(int courseID)&#10;    {&#10;    &#9;return myManager.fetchStartFri(courseID);&#10;    }&#10;    &#10;    public String fetchEndFri(int courseID)&#10;    {&#10;        return myManager.fetchEndFri(courseID);&#10;    }&#10;    &#10;    &#10;    public String fetchStartSat(int courseID)&#10;    {&#10;        return myManager.fetchStartSat(courseID);&#10;    }&#10;    &#10;    public String fetchEndSat(int courseID)&#10;    {&#10;        &#10;        return myManager.fetchEndSat(courseID);&#10;    }&#10;    &#10;    public int storeClassInfo(int courseID, String courseSubj, String courseName, String semester)&#10;    {&#10;        return myManager.storeClassInfo(courseID, courseSubj, courseName, semester);&#10;    }&#10;    &#10;    public int storeClassSched(int courseID, String startDate, String endDate, String startMon, String endMon,&#10;            String startTue, String endTue, String startWed, String endWed, String startThu, String endThu, &#10;            String startFri, String endFri, String startSat, String endSat)&#10;    {&#10;        return myManager.storeClassSched(courseID, startDate, endDate, startMon, endMon, startTue, endTue, startWed, endWed, startThu, endThu, startFri, endFri, startSat, endSat);&#10;        &#10;    }&#10;    &#10;    public void clearDatabase()&#10;    {&#10;        myManager.clearDatabase();&#10;    }&#10;    &#10;    public int createClassTable()&#10;    {&#10;       return myManager.createClassTable();&#10;                       &#10;    }&#10;    &#10;//    public void init()&#10;//    {&#10;//        try&#10;//        {&#10;//          myCon = DriverManager.getConnection(&quot;jdbc:mysql://localhost:3306/MyDatabase&quot;,&quot;root&quot;,&quot;luis2101&quot;);&#10;//        } catch (SQLException ex)&#10;//        {&#10;//            System.out.println(&quot;Cannot connect to Database&quot;);&#10;//            ex.printStackTrace();&#10;//        }&#10;//         &#10;//    }&#10;    &#10;}&#10;&#10;&#10;// Database Scripts:&#10;&#10;//CREATE TABLE Class1(&#10;//    course_id INT UNSIGNED NOT NULL,&#10;//    course_subject VARCHAR (20),&#10;//    course_name VARCHAR (20),&#10;//&#10;//    semester VARCHAR (20),&#10;//    start_date VARCHAR (20),&#10;//    end_date VARCHAR (20),&#10;//&#10;//    am_or_pm VARCHAR (5),&#10;//    start_mon VARCHAR (20),&#10;//    end_mon VARCHAR (20),&#10;//    start_tue VARCHAR (20),&#10;//    end_tue VARCHAR (20),&#10;//    start_wed VARCHAR (20),&#10;//    end_wed VARCHAR (20),&#10;//    start_thu VARCHAR (20),&#10;//    end_thu VARCHAR (20),&#10;//    start_fri VARCHAR (20),&#10;//    end_fri VARCHAR (20),&#10;//    start_sat VARCHAR (20),&#10;//    end_sat VARCHAR (20),&#10;//&#10;//&#10;//    PRIMARY KEY (course_id)&#10;//);&#10;&#10;//    INSERT INTO class1&#10;//        VALUES(4010,'CEN','Software Engineering','Spring 2008','01-02-08','04-20-08','am','12:00','12:50','null','null',&#10;//               '12:00','12:50','null','null','12:00','12:50','null','null')&#10;&#10;&#10;&#10;" Filename="DBConnection.java" Intrnl_Id="3"/>
<SrcFile Content="package my.PSM.unitTestPSM;&#13;&#10;&#13;&#10;import static org.junit.Assert.*;&#13;&#10;&#13;&#10;import java.util.Calendar;&#13;&#10;import java.util.GregorianCalendar;&#13;&#10;import java.lang.System;&#13;&#10;&#13;&#10;import my.PSM.PSM_Logic.appController;&#13;&#10;&#13;&#10;import org.junit.After;&#13;&#10;import org.junit.Assert;&#13;&#10;import org.junit.Before;&#13;&#10;import org.junit.Test;&#13;&#10;&#13;&#10;&#13;&#10;public class appControllerTest {&#13;&#10;&#9;private appController app; //tested class&#13;&#10;&#9;private InterfaceFacadeStub iFacade; //stub&#13;&#10;&#9;private DataStoreFacadeStub dataStub; //stub&#13;&#10;&#13;&#10;&#9;@Before&#13;&#10;&#9;public void runBeforeAllTest(){&#13;&#10;&#9;&#9;//--Makes sure all dependent classes used are stubbed&#13;&#10;&#9;&#9;app = new appController();&#13;&#10;&#9;&#9;iFacade = new InterfaceFacadeStub(); //stubbed interface facade&#13;&#10;&#9;&#9;dataStub = new DataStoreFacadeStub(&quot;user&quot;, &quot;pw&quot;); //stubbed date store facade&#13;&#10;&#9;&#9;app.setDataStoreFacade(dataStub);&#13;&#10;&#9;&#9;app.setAuthenticate(new AuthenticateStub(&quot;user&quot;, &quot;pw&quot;)); //inject authenticate stub&#13;&#10;&#9;&#9;InterfaceControllerStub interfaceStub = new InterfaceControllerStub(iFacade); //stubbed interface Controller&#13;&#10;&#9;&#9;app.setInterfaceController(interfaceStub);&#13;&#10;&#9;}&#13;&#10;&#9;@After&#13;&#10;&#9;public void runAfterAllTest(){&#13;&#10;&#9;&#9;app = null;&#13;&#10;&#9;&#9;iFacade = null;&#13;&#10;&#9;&#9;dataStub = null;&#13;&#10;&#9;}&#13;&#10;&#9;@Test&#13;&#10;&#9;public void testMyMain() {&#13;&#10;&#9;&#9;//--Mimic User Input&#13;&#10;&#9;&#9;iFacade.setUsername(&quot;user&quot;);&#13;&#10;&#9;&#9;iFacade.setPassword(&quot;pw&quot;);&#13;&#10;&#9;&#9;iFacade.setLogout(true);&#13;&#10;&#13;&#10;&#9;&#9;app.myMain();&#13;&#10;&#9;&#9;&#13;&#10;&#9;&#9;//--Expect to be logged out when method returns&#13;&#10;&#9;&#9;assertEquals(app.getUser(), &quot;user&quot;);&#13;&#10;&#9;&#9;assertEquals(app.getPass(), &quot;pw&quot;);&#13;&#10;&#9;&#9;assertEquals(app.getLoggedIn(), false);&#13;&#10;&#9;&#9;assertTrue(app.isLogoutSel());&#13;&#10;&#9;}&#13;&#10;&#13;&#10;&#9;@Test&#13;&#10;&#9;public void testAppMainMenu(){&#13;&#10;&#9;&#9;//--Mimic user input&#13;&#10;&#9;&#9;iFacade.setEdit(true);&#13;&#10;&#9;&#9;&#13;&#10;&#9;&#9;app.appMainMenu();&#13;&#10;&#9;&#9;&#13;&#10;&#9;&#9;//--Expect edSchedSel to be true&#13;&#10;&#9;&#9;assertTrue(app.isEdSchedSel());&#13;&#10;&#9;}&#13;&#10;&#9;@Test&#13;&#10;&#9;public void testAppMainMenu02(){&#13;&#10;&#9;&#9;//--Mimic user input&#13;&#10;&#9;&#9;iFacade.setLogout(true);&#13;&#10;&#9;&#9;&#13;&#10;&#9;&#9;app.appMainMenu();&#13;&#10;&#9;&#9;&#13;&#10;&#9;&#9;//--Expect logoutSel to be true&#13;&#10;&#9;&#9;assertTrue(app.isLogoutSel());&#13;&#10;&#9;}&#13;&#10;&#9;@Test&#13;&#10;&#9;public void testAppMainMenu03(){&#13;&#10;&#9;&#9;//--Mimic user input&#13;&#10;&#9;&#9;iFacade.setInit(true);&#13;&#10;&#9;&#9;&#13;&#10;&#9;&#9;app.appMainMenu();&#13;&#10;&#9;&#9;&#13;&#10;&#9;&#9;//--Expect schedSetupSel to be true&#13;&#10;&#9;&#9;assertTrue(app.isSchedSetupSel());&#13;&#10;&#9;}&#13;&#10;&#9;@Test&#13;&#10;&#9;public void testSetupSched() {&#13;&#10;&#9;&#9;&#13;&#10;&#9;&#9;//--Mimic user input&#13;&#10;&#9;&#9;iFacade.setCourse(4072);&#13;&#10;&#9;&#9;iFacade.testHelper(&quot;CEN&quot;, &quot;Software Testing&quot;, &quot;Fall&quot;, &quot;06/15/16&quot;, &#13;&#10;&#9;&#9;&#9;&#9;&quot;07/15/16&quot;, null, null, &quot;04:30&quot;, &quot;06:15&quot;, null, null,&#13;&#10;&#9;&#9;&#9;&#9;&quot;04:30&quot;, &quot;06:15&quot;, null, null, null, null);&#13;&#10;&#9;&#9;&#13;&#10;&#9;&#9;app.setupSched();&#13;&#10;&#9;&#9;&#13;&#10;&#9;&#9;//--Expect the mimicked user input to be in the database&#13;&#10;&#9;&#9;Assert.assertTrue(dataStub.courses.contains(4072));&#13;&#10;&#9;&#9;Assert.assertEquals(dataStub.defCourseName.get(4072), &quot;Software Testing&quot;);&#13;&#10;&#9;&#9;Assert.assertEquals(dataStub.defSub.get(4072), &quot;CEN&quot;);&#13;&#10;&#9;&#9;Assert.assertEquals(dataStub.defSemester.get(4072), &quot;Fall&quot;);&#13;&#10;&#9;&#9;Assert.assertEquals(dataStub.defCourseStart.get(4072), &quot;06/15/16&quot;);&#13;&#10;&#9;&#9;Assert.assertEquals(dataStub.defCourseEnd.get(4072), &quot;07/15/16&quot;);&#13;&#10;&#9;&#9;Assert.assertEquals(dataStub.defMonStart.get(4072), null);&#13;&#10;&#9;&#9;Assert.assertEquals(dataStub.defMonEnd.get(4072), null);&#13;&#10;&#9;&#9;Assert.assertEquals(dataStub.defTueStart.get(4072), &quot;04:30&quot;);&#13;&#10;&#9;&#9;Assert.assertEquals(dataStub.defTueEnd.get(4072), &quot;06:15&quot;);&#13;&#10;&#9;&#9;Assert.assertEquals(dataStub.defWedStart.get(4072), null);&#13;&#10;&#9;&#9;Assert.assertEquals(dataStub.defWedEnd.get(4072), null);&#13;&#10;&#9;&#9;Assert.assertEquals(dataStub.defThuStart.get(4072), &quot;04:30&quot;);&#13;&#10;&#9;&#9;Assert.assertEquals(dataStub.defThuEnd.get(4072), &quot;06:15&quot;);&#13;&#10;&#9;&#9;Assert.assertEquals(dataStub.defFriStart.get(4072), null);&#13;&#10;&#9;&#9;Assert.assertEquals(dataStub.defFriEnd.get(4072), null);&#13;&#10;&#9;&#9;Assert.assertEquals(dataStub.defSatStart.get(4072), null);&#13;&#10;&#9;&#9;Assert.assertEquals(dataStub.defSatEnd.get(4072), null);&#13;&#10;&#9;}&#13;&#10;&#13;&#10;&#9;@Test&#13;&#10;&#9;public void testAppEditSched() {&#13;&#10;&#9;&#9;//--Precondition: Database has the course with ID 4072&#13;&#10;&#9;&#9;dataStub.courses.add(4072);&#13;&#10;&#9;&#9;&#13;&#10;&#9;&#9;//--Mimic user input&#13;&#10;&#9;&#9;iFacade.setCourse(4072);&#13;&#10;&#9;&#9;iFacade.testHelper(&quot;CEN&quot;, &quot;Software Testing&quot;, &quot;Fall&quot;, &quot;06/15/16&quot;, &#13;&#10;&#9;&#9;&#9;&#9;&quot;07/15/16&quot;, null, null, &quot;04:30&quot;, &quot;06:15&quot;, null, null,&#13;&#10;&#9;&#9;&#9;&#9;&quot;04:30&quot;, &quot;06:15&quot;, null, null, null, null);&#13;&#10;&#9;&#9;//--&#13;&#10;&#9;&#9;&#13;&#10;&#9;&#9;app.appEditSched();&#13;&#10;&#9;&#9;&#13;&#10;&#9;&#9;//--Expect the mimicked user input to be in the database&#13;&#10;&#9;&#9;Assert.assertEquals(dataStub.defCourseStart.get(4072), &quot;06/15/16&quot;);&#13;&#10;&#9;&#9;Assert.assertEquals(dataStub.defCourseEnd.get(4072), &quot;07/15/16&quot;);&#13;&#10;&#9;&#9;Assert.assertEquals(dataStub.defMonStart.get(4072), null);&#13;&#10;&#9;&#9;Assert.assertEquals(dataStub.defMonEnd.get(4072), null);&#13;&#10;&#9;&#9;Assert.assertEquals(dataStub.defTueStart.get(4072), &quot;04:30&quot;);&#13;&#10;&#9;&#9;Assert.assertEquals(dataStub.defTueEnd.get(4072), &quot;06:15&quot;);&#13;&#10;&#9;&#9;Assert.assertEquals(dataStub.defWedStart.get(4072), null);&#13;&#10;&#9;&#9;Assert.assertEquals(dataStub.defWedEnd.get(4072), null);&#13;&#10;&#9;&#9;Assert.assertEquals(dataStub.defThuStart.get(4072), &quot;04:30&quot;);&#13;&#10;&#9;&#9;Assert.assertEquals(dataStub.defThuEnd.get(4072), &quot;06:15&quot;);&#13;&#10;&#9;&#9;Assert.assertEquals(dataStub.defFriStart.get(4072), null);&#13;&#10;&#9;&#9;Assert.assertEquals(dataStub.defFriEnd.get(4072), null);&#13;&#10;&#9;&#9;Assert.assertEquals(dataStub.defSatStart.get(4072), null);&#13;&#10;&#9;&#9;Assert.assertEquals(dataStub.defSatEnd.get(4072), null);&#13;&#10;&#9;}&#13;&#10;&#13;&#10;&#9;@Test&#13;&#10;&#9;public void testAppLogin() {&#13;&#10;&#9;&#9;//--Mimic User Input&#13;&#10;&#9;&#9;iFacade.setUsername(&quot;user&quot;);&#13;&#10;&#9;&#9;iFacade.setPassword(&quot;pw&quot;);&#13;&#10;&#9;&#9;&#13;&#10;&#9;&#9;app.appLogin();&#13;&#10;&#9;&#9;&#13;&#10;&#9;&#9;//--Expect to successfully login. And the state of app to change.&#13;&#10;&#9;&#9;Assert.assertTrue(app.getLoggedIn());&#13;&#10;&#9;&#9;Assert.assertEquals(app.getUser(), &quot;user&quot;);&#13;&#10;&#9;&#9;Assert.assertEquals(app.getPass(), &quot;pw&quot;);&#13;&#10;&#9;}&#13;&#10;&#13;&#10;&#9;@Test&#13;&#10;&#9;public void testAppLogin02() {&#13;&#10;&#9;&#9;//--Mimic User Input&#13;&#10;&#9;&#9;iFacade.setUsername(&quot;Peter&quot;);&#13;&#10;&#9;&#9;iFacade.setPassword(&quot;Clarke&quot;);&#13;&#10;&#9;&#9;&#13;&#10;&#9;&#9;app.appLogin();&#13;&#10;&#9;&#9;&#13;&#10;&#9;&#9;//--Expect to unsuccessfully login. And method returns from 3 failed attempts.&#13;&#10;&#9;&#9;assertEquals(app.getLoggedIn(), false);&#13;&#10;&#9;&#9;assertEquals(app.getCounter(), 3);&#13;&#10;&#9;&#9;assertEquals(app.getUser(), &quot;Peter&quot;);&#13;&#10;&#9;&#9;assertEquals(app.getPass(), &quot;Clarke&quot;);&#13;&#10;&#9;}&#13;&#10;&#9;@Test&#13;&#10;&#9;public void testCheckClear() {&#13;&#10;&#9;&#9;//--Precondition: database is empty&#13;&#10;&#9;&#9;&#13;&#10;&#9;&#9;//--Expect the method to return true&#13;&#10;&#9;&#9;Assert.assertTrue(app.checkClear());&#13;&#10;&#9;&#9;&#13;&#10;&#9;}&#13;&#10;&#9;&#13;&#10;&#9;@Test&#13;&#10;&#9;public void testCheckClear02() {&#13;&#10;&#9;&#9;//--Precondition: database contains the following info&#13;&#10;&#9;&#9;dataStub.testHelper(4072, &quot;CEN&quot;, &quot;Software Testing&quot;, &quot;SummerA&quot;, &quot;01/15/16&quot;, &quot;04/31/16&quot;, null, null, &#13;&#10;&#9;&#9;&#9;&#9;&quot;04:30&quot;, &quot;06:15&quot;, null, null, &quot;04:30&quot;, &quot;06:15&quot;, null, null, null, null);&#13;&#10;&#9;&#9;dataStub.testHelper(4010, &quot;CEN&quot;, &quot;Software Engineering&quot;, &quot;SummerA&quot;, &quot;01/15/16&quot;, &quot;04/28/16&quot;, null, null, &#13;&#10;&#9;&#9;&#9;&#9;&quot;04:30&quot;, &quot;06:15&quot;, null, null, &quot;04:30&quot;, &quot;06:15&quot;, null, null, null, null);&#13;&#10;&#9;&#9;//--Expect the method to return true&#13;&#10;&#9;&#9;Assert.assertTrue(app.checkClear());&#13;&#10;&#9;}&#13;&#10;&#13;&#10;&#9;@Test&#13;&#10;&#9;public void testCheckClear03() {&#13;&#10;&#9;&#9;//--Precondition: database is contains the following info&#13;&#10;&#9;&#9;dataStub.testHelper(4072, &quot;CEN&quot;, &quot;Software Testing&quot;, &quot;SummerA&quot;, &quot;04/31/16&quot;, &quot;07/31/16&quot;, null, null, &#13;&#10;&#9;&#9;&#9;&#9;&quot;04:30&quot;, &quot;06:15&quot;, null, null, &quot;04:30&quot;, &quot;06:15&quot;, null, null, null, null);&#13;&#10;&#9;&#9;dataStub.testHelper(4010, &quot;CEN&quot;, &quot;Software Engineering&quot;, &quot;SummerA&quot;, &quot;04/28/16&quot;, &quot;07/28/16&quot;, null, null, &#13;&#10;&#9;&#9;&#9;&#9;&quot;04:30&quot;, &quot;06:15&quot;, null, null, &quot;04:30&quot;, &quot;06:15&quot;, null, null, null, null);&#13;&#10;&#9;&#9;//--Expect the method to return false&#13;&#10;&#9;&#9;Assert.assertEquals(app.checkClear(), false);&#13;&#10;&#9;&#9;&#13;&#10;&#9;}&#13;&#10;&#13;&#10;&#9;@Test&#13;&#10;&#9;public void testGetData() {&#13;&#10;&#9;&#9;//--Precondition: Database contains the following info&#13;&#10;&#9;&#9;dataStub.testHelper(4072, &quot;CEN&quot;, &quot;Software Testing&quot;, &quot;SummerA&quot;, &quot;06/15/16&quot;, &quot;07/15/16&quot;, null, null, &#13;&#10;&#9;&#9;&#9;&#9;&quot;04:30&quot;, &quot;06:15&quot;, null, null, &quot;04:30&quot;, &quot;06:15&quot;, null, null, null, null);&#13;&#10;&#9;&#9;&#13;&#10;&#9;&#9;app.getData(4072);&#13;&#10;&#9;&#9;&#13;&#10;&#9;&#9;//--Expect the fields of app to change to the corresponding data in the database&#13;&#10;&#9;&#9;Assert.assertEquals(app.defCourseName, &quot;Software Testing&quot;);&#13;&#10;&#9;&#9;Assert.assertEquals(app.defSub, &quot;CEN&quot;);&#13;&#10;&#9;&#9;Assert.assertEquals(app.defSemester, &quot;SummerA&quot;);&#13;&#10;&#9;&#9;Assert.assertEquals(app.defCourseStart, &quot;06/15/16&quot;);&#13;&#10;&#9;&#9;Assert.assertEquals(app.defCourseEnd, &quot;07/15/16&quot;);&#13;&#10;&#9;&#9;Assert.assertEquals(app.defMonStart, null);&#13;&#10;&#9;&#9;Assert.assertEquals(app.defMonEnd, null);&#13;&#10;&#9;&#9;Assert.assertEquals(app.defTueStart, &quot;04:30&quot;);&#13;&#10;&#9;&#9;Assert.assertEquals(app.defTueEnd, &quot;06:15&quot;);&#13;&#10;&#9;&#9;Assert.assertEquals(app.defWedStart, null);&#13;&#10;&#9;&#9;Assert.assertEquals(app.defWedEnd, null);&#13;&#10;&#9;&#9;Assert.assertEquals(app.defThuStart, &quot;04:30&quot;);&#13;&#10;&#9;&#9;Assert.assertEquals(app.defThuEnd, &quot;06:15&quot;);&#13;&#10;&#9;&#9;Assert.assertEquals(app.defFriStart, null);&#13;&#10;&#9;&#9;Assert.assertEquals(app.defFriEnd, null);&#13;&#10;&#9;&#9;Assert.assertEquals(app.defSatStart, null);&#13;&#10;&#9;&#9;Assert.assertEquals(app.defSatEnd, null);&#13;&#10;&#9;}&#13;&#10;&#13;&#10;&#9;@Test&#13;&#10;&#9;public void testSleep() {&#13;&#10;&#9;&#9;long begin = System.currentTimeMillis();&#13;&#10;&#9;&#9;app.sleep(5);&#13;&#10;&#9;&#9;long end = System.currentTimeMillis();&#13;&#10;&#9;&#9;&#13;&#10;&#9;&#9;//Expect time elapsed to be 5ms.&#13;&#10;&#9;&#9;Assert.assertEquals(end-begin, 5);&#13;&#10;&#9;}&#13;&#10;&#13;&#10;&#9;@Test&#13;&#10;&#9;public void testLogIn() {&#13;&#10;&#9;&#9;//--Precondition: The state of app has the correct user credentials&#13;&#10;&#9;&#9;app.setUser(&quot;user&quot;);&#13;&#10;&#9;&#9;app.setPassword(&quot;pw&quot;);&#13;&#10;&#9;&#9;&#13;&#10;&#9;&#9;app.LogIn();&#13;&#10;&#9;&#9;&#13;&#10;&#9;&#9;//--Expect the loggedin field to be true&#13;&#10;&#9;&#9;Assert.assertTrue(app.getLoggedIn());&#13;&#10;&#9;}&#13;&#10;&#13;&#10;&#9;@Test&#13;&#10;&#9;public void testLogIn02() {&#13;&#10;&#9;&#9;//--Precondition: The state of app has the correct user credentials&#13;&#10;&#9;&#9;app.setUser(&quot;peter&quot;);&#13;&#10;&#9;&#9;app.setPassword(&quot;clarke&quot;);&#13;&#10;&#9;&#9;&#13;&#10;&#9;&#9;app.LogIn();&#13;&#10;&#9;&#9;&#13;&#10;&#9;&#9;//--Expect the loggedin field to be true&#13;&#10;&#9;&#9;Assert.assertFalse(app.getLoggedIn());&#13;&#10;&#9;}&#13;&#10;&#13;&#10;&#9;@Test&#13;&#10;&#9;public void testTimerParser() {&#13;&#10;&#9;&#9;app.timerParser(&quot;04:35&quot;);&#13;&#10;&#9;&#9;&#13;&#10;&#9;&#9;//--Expect the hr = 4 and min = 35&#13;&#10;&#9;&#9;Assert.assertTrue(app.returnHr() == 4 &amp;&amp; app.returnMin() == 35);&#13;&#10;&#9;}&#13;&#10;&#13;&#10;&#9;&#13;&#10;&#9;@Test&#13;&#10;&#9;public void testDateParser() {&#13;&#10;&#9;&#9;app.dateParser(&quot;06/31/16&quot;);&#13;&#10;&#9;&#9;&#13;&#10;&#9;&#9;//--Expect month = 6, date = 31, year = 16&#13;&#10;&#9;&#9;Assert.assertEquals(app.getClearYear(), 16);&#13;&#10;&#9;&#9;Assert.assertEquals(app.getClearMonth(), 6);&#13;&#10;&#9;&#9;Assert.assertEquals(app.getClearDate(), 31);&#13;&#10;&#9;}&#13;&#10;&#13;&#10;&#9;@Test&#13;&#10;&#9;public void testGetEndTime() {&#13;&#10;&#9;&#9;Calendar date = new GregorianCalendar(Calendar.YEAR, Calendar.MONTH, Calendar.DATE, &#13;&#10;&#9;&#9;&#9;&#9;4, 29, 1);&#13;&#10;&#9;&#9;&#13;&#10;&#9;&#9;//--Expect a date that has hr = 4, min = 29&#13;&#10;&#9;&#9;assertEquals(app.getEndTime(4, 30).toString().substring(11, 16), &quot;04:29&quot;);&#13;&#10;&#9;}&#13;&#10;&#13;&#10;&#9;@Test&#13;&#10;&#9;public void testGet15BeforeEnd() {&#13;&#10;&#9;&#9;Calendar date = new GregorianCalendar(Calendar.YEAR, Calendar.MONTH, Calendar.DATE, &#13;&#10;&#9;&#9;&#9;&#9;4, 15, 1);&#13;&#10;&#9;&#9;&#13;&#10;&#9;&#9;//--Expect a date that has hr = 4, min = 15&#13;&#10;&#9;&#9;assertEquals(app.get15BeforeEnd(4, 30).toString().substring(11, 16), &quot;04:15&quot;);&#13;&#10;&#9;}&#13;&#10;&#13;&#10;&#9;@Test&#13;&#10;&#9;public void testGet15BeforeEnd02() {&#13;&#10;&#9;&#9;Calendar date = new GregorianCalendar(Calendar.YEAR, Calendar.MONTH, Calendar.DATE, &#13;&#10;&#9;&#9;&#9;&#9;3, 55, 1);&#13;&#10;&#9;&#9;&#13;&#10;&#9;&#9;//--Expect a date that has hr = 3, min = 55&#13;&#10;&#9;&#9;assertEquals(app.get15BeforeEnd(4, 10).toString().substring(11, 16), &quot;03:55&quot;);&#13;&#10;&#9;}&#13;&#10;&#9;@Test&#13;&#10;&#9;public void testGet5BeforeEnd() {&#13;&#10;&#9;&#9;Calendar date = new GregorianCalendar();&#13;&#10;&#9;&#9;date.setTimeInMillis(System.currentTimeMillis());&#13;&#10;&#9;&#9;date.set(date.YEAR, date.MONTH, date.DATE, &#13;&#10;&#9;&#9;&#9;&#9;4, 25, 1);&#13;&#10;&#9;&#9;&#13;&#10;&#9;&#9;//--Expect a date that has hr = 4, min = 25&#13;&#10;&#9;&#9;assertEquals(app.get5BeforeEnd(4, 30).toString().substring(11, 16), &quot;04:25&quot;);&#13;&#10;&#9;}&#13;&#10;&#13;&#10;&#9;@Test&#13;&#10;&#9;public void testGet5BeforeEnd02() {&#13;&#10;&#9;&#9;Calendar date = new GregorianCalendar();&#13;&#10;&#9;&#9;date.set(Calendar.YEAR, Calendar.MONTH, Calendar.DATE, &#13;&#10;&#9;&#9;&#9;&#9;3, 58, 1);&#13;&#10;&#9;&#9;&#13;&#10;&#9;&#9;//--Expect a date that has hr = 3, min = 58&#13;&#10;&#9;&#9;assertEquals(app.get5BeforeEnd(4, 3).toString().substring(11, 16), &quot;03:58&quot;);&#13;&#10;&#9;}&#13;&#10;}&#13;&#10;" Filename="appControllerTest.java" Intrnl_Id="4"/>
</SrcFileList>
<CritList>
<CritListEntry Name="org.codecover.model.utils.criteria.LoopCoverage" PluginName="org.codecover"/>
<CritListEntry Name="org.codecover.model.utils.criteria.BranchCoverage" PluginName="org.codecover"/>
<CritListEntry Name="org.codecover.model.utils.criteria.ConditionCoverage" PluginName="org.codecover"/>
<CritListEntry Name="org.codecover.model.utils.criteria.StatementCoverage" PluginName="org.codecover"/>
</CritList>
<BoolOpList>
<BoolOp Arity="1" Intrnl_Id="5" Name="not (!)">
<BoolAssgnmntBoolMapList>
<MapEntry BoolAssgnmnt="0" Value="true"/>
<MapEntry BoolAssgnmnt="1" Value="false"/>
</BoolAssgnmntBoolMapList>
</BoolOp>
<BoolOp Arity="2" Intrnl_Id="6" Name="conditional and (&amp;&amp;)">
<BoolAssgnmntBoolMapList>
<MapEntry BoolAssgnmnt="10" Value="false"/>
<MapEntry BoolAssgnmnt="02" Value="false"/>
<MapEntry BoolAssgnmnt="11" Value="true"/>
</BoolAssgnmntBoolMapList>
</BoolOp>
</BoolOpList>
<HierarchyLvlTypeList>
<HierarchyLvlType EnglishName="package" IntrnlName="package" Intrnl_Id="7"/>
<HierarchyLvlType EnglishName="class" IntrnlName="class" Intrnl_Id="8"/>
<HierarchyLvlType EnglishName="method" IntrnlName="method" Intrnl_Id="9"/>
<HierarchyLvlType EnglishName="default package" IntrnlName="default package" Intrnl_Id="10"/>
<HierarchyLvlType EnglishName="anonymous class" IntrnlName="class" Intrnl_Id="11"/>
</HierarchyLvlTypeList>
<MASTRoot>
<HierarchyLvl HierarchyLvlId="2352" HierarchyLvlTypeId="10" Intrnl_Id="12" Name="default package">
<Header/>
<LocList/>
<HierarchyLvl HierarchyLvlId="2351" HierarchyLvlTypeId="7" Intrnl_Id="13" Name="my">
<Header/>
<LocList/>
<HierarchyLvl HierarchyLvlId="2350" HierarchyLvlTypeId="7" Intrnl_Id="14" Name="PSM">
<Header/>
<LocList/>
<HierarchyLvl HierarchyLvlId="2347" HierarchyLvlTypeId="7" Intrnl_Id="15" Name="PSM_Logic">
<Header/>
<LocList/>
<HierarchyLvl HierarchyLvlId="2235" HierarchyLvlTypeId="8" Intrnl_Id="16" Name="LogicFacade">
<Header>
<Loc EndOffset="225" SrcFileId="1" StartOffset="201"/>
</Header>
<LocList>
<Loc EndOffset="666" SrcFileId="1" StartOffset="201"/>
</LocList>
<HierarchyLvl HierarchyLvlId="2233" HierarchyLvlTypeId="9" Intrnl_Id="17" Name="LogicFacade">
<Header>
<Loc EndOffset="416" SrcFileId="1" StartOffset="370"/>
</Header>
<LocList>
<Loc EndOffset="570" SrcFileId="1" StartOffset="370"/>
</LocList>
<StmntSeq Intrnl_Id="18">
<LocList>
<Loc EndOffset="449" SrcFileId="1" StartOffset="423"/>
<Loc EndOffset="490" SrcFileId="1" StartOffset="455"/>
<Loc EndOffset="527" SrcFileId="1" StartOffset="496"/>
<Loc EndOffset="564" SrcFileId="1" StartOffset="533"/>
</LocList>
<BasicStmnt CovItemId="S1" CovItemPrefix="my.PSM.PSM_Logic.LogicFacade.java" Intrnl_Id="19">
<LocList>
<Loc EndOffset="449" SrcFileId="1" StartOffset="423"/>
</LocList>
</BasicStmnt>
<BasicStmnt CovItemId="S2" CovItemPrefix="my.PSM.PSM_Logic.LogicFacade.java" Intrnl_Id="20">
<LocList>
<Loc EndOffset="490" SrcFileId="1" StartOffset="455"/>
</LocList>
</BasicStmnt>
<BasicStmnt CovItemId="S3" CovItemPrefix="my.PSM.PSM_Logic.LogicFacade.java" Intrnl_Id="21">
<LocList>
<Loc EndOffset="527" SrcFileId="1" StartOffset="496"/>
</LocList>
</BasicStmnt>
<BasicStmnt CovItemId="S4" CovItemPrefix="my.PSM.PSM_Logic.LogicFacade.java" Intrnl_Id="22">
<LocList>
<Loc EndOffset="564" SrcFileId="1" StartOffset="533"/>
</LocList>
</BasicStmnt>
</StmntSeq>
</HierarchyLvl>
<HierarchyLvl HierarchyLvlId="2234" HierarchyLvlTypeId="9" Intrnl_Id="23" Name="fetchCourses">
<Header>
<Loc EndOffset="615" SrcFileId="1" StartOffset="580"/>
</Header>
<LocList>
<Loc EndOffset="664" SrcFileId="1" StartOffset="580"/>
</LocList>
<StmntSeq Intrnl_Id="24">
<LocList>
<Loc EndOffset="658" SrcFileId="1" StartOffset="622"/>
</LocList>
<BasicStmnt CovItemId="S5" CovItemPrefix="my.PSM.PSM_Logic.LogicFacade.java" Intrnl_Id="25">
<LocList>
<Loc EndOffset="658" SrcFileId="1" StartOffset="622"/>
</LocList>
</BasicStmnt>
</StmntSeq>
</HierarchyLvl>
</HierarchyLvl>
<HierarchyLvl HierarchyLvlId="2290" HierarchyLvlTypeId="8" Intrnl_Id="26" Name="appController">
<Header>
<Loc EndOffset="634" SrcFileId="2" StartOffset="608"/>
</Header>
<LocList>
<Loc EndOffset="17469" SrcFileId="2" StartOffset="608"/>
</LocList>
<StmntSeq Intrnl_Id="27">
<LocList>
<Loc EndOffset="688" SrcFileId="2" StartOffset="646"/>
<Loc EndOffset="813" SrcFileId="2" StartOffset="753"/>
<Loc EndOffset="875" SrcFileId="2" StartOffset="818"/>
<Loc EndOffset="939" SrcFileId="2" StartOffset="880"/>
<Loc EndOffset="991" SrcFileId="2" StartOffset="944"/>
<Loc EndOffset="1034" SrcFileId="2" StartOffset="996"/>
<Loc EndOffset="1078" SrcFileId="2" StartOffset="1039"/>
<Loc EndOffset="1121" SrcFileId="2" StartOffset="1088"/>
<Loc EndOffset="1164" SrcFileId="2" StartOffset="1126"/>
<Loc EndOffset="1209" SrcFileId="2" StartOffset="1169"/>
<Loc EndOffset="1255" SrcFileId="2" StartOffset="1214"/>
<Loc EndOffset="1299" SrcFileId="2" StartOffset="1260"/>
<Loc EndOffset="1342" SrcFileId="2" StartOffset="1304"/>
<Loc EndOffset="1383" SrcFileId="2" StartOffset="1347"/>
<Loc EndOffset="1426" SrcFileId="2" StartOffset="1388"/>
<Loc EndOffset="1467" SrcFileId="2" StartOffset="1431"/>
<Loc EndOffset="1510" SrcFileId="2" StartOffset="1472"/>
<Loc EndOffset="1551" SrcFileId="2" StartOffset="1515"/>
<Loc EndOffset="1594" SrcFileId="2" StartOffset="1556"/>
<Loc EndOffset="1635" SrcFileId="2" StartOffset="1599"/>
<Loc EndOffset="1678" SrcFileId="2" StartOffset="1640"/>
<Loc EndOffset="1719" SrcFileId="2" StartOffset="1683"/>
<Loc EndOffset="1762" SrcFileId="2" StartOffset="1724"/>
<Loc EndOffset="1803" SrcFileId="2" StartOffset="1767"/>
<Loc EndOffset="1966" SrcFileId="2" StartOffset="1922"/>
<Loc EndOffset="2013" SrcFileId="2" StartOffset="1971"/>
<Loc EndOffset="2263" SrcFileId="2" StartOffset="2218"/>
<Loc EndOffset="2309" SrcFileId="2" StartOffset="2268"/>
<Loc EndOffset="2407" SrcFileId="2" StartOffset="2376"/>
<Loc EndOffset="2482" SrcFileId="2" StartOffset="2417"/>
<Loc EndOffset="2553" SrcFileId="2" StartOffset="2487"/>
<Loc EndOffset="2612" SrcFileId="2" StartOffset="2558"/>
<Loc EndOffset="2686" SrcFileId="2" StartOffset="2651"/>
<Loc EndOffset="13679" SrcFileId="2" StartOffset="13644"/>
<Loc EndOffset="13792" SrcFileId="2" StartOffset="13791"/>
<Loc EndOffset="13840" SrcFileId="2" StartOffset="13802"/>
<Loc EndOffset="13957" SrcFileId="2" StartOffset="13956"/>
<Loc EndOffset="14001" SrcFileId="2" StartOffset="13964"/>
<Loc EndOffset="14115" SrcFileId="2" StartOffset="14114"/>
<Loc EndOffset="14168" SrcFileId="2" StartOffset="14130"/>
<Loc EndOffset="14336" SrcFileId="2" StartOffset="14335"/>
<Loc EndOffset="14389" SrcFileId="2" StartOffset="14351"/>
<Loc EndOffset="14491" SrcFileId="2" StartOffset="14490"/>
</LocList>
<BasicStmnt CovItemId="S1" CovItemPrefix="my.PSM.PSM_Logic.appController.java" Intrnl_Id="28">
<LocList>
<Loc EndOffset="688" SrcFileId="2" StartOffset="646"/>
</LocList>
</BasicStmnt>
<BasicStmnt CovItemId="S2" CovItemPrefix="my.PSM.PSM_Logic.appController.java" Intrnl_Id="29">
<LocList>
<Loc EndOffset="813" SrcFileId="2" StartOffset="753"/>
</LocList>
</BasicStmnt>
<BasicStmnt CovItemId="S3" CovItemPrefix="my.PSM.PSM_Logic.appController.java" Intrnl_Id="30">
<LocList>
<Loc EndOffset="875" SrcFileId="2" StartOffset="818"/>
</LocList>
</BasicStmnt>
<BasicStmnt CovItemId="S4" CovItemPrefix="my.PSM.PSM_Logic.appController.java" Intrnl_Id="31">
<LocList>
<Loc EndOffset="939" SrcFileId="2" StartOffset="880"/>
</LocList>
</BasicStmnt>
<BasicStmnt CovItemId="S5" CovItemPrefix="my.PSM.PSM_Logic.appController.java" Intrnl_Id="32">
<LocList>
<Loc EndOffset="991" SrcFileId="2" StartOffset="944"/>
</LocList>
</BasicStmnt>
<BasicStmnt CovItemId="S6" CovItemPrefix="my.PSM.PSM_Logic.appController.java" Intrnl_Id="33">
<LocList>
<Loc EndOffset="1034" SrcFileId="2" StartOffset="996"/>
</LocList>
</BasicStmnt>
<BasicStmnt CovItemId="S7" CovItemPrefix="my.PSM.PSM_Logic.appController.java" Intrnl_Id="34">
<LocList>
<Loc EndOffset="1078" SrcFileId="2" StartOffset="1039"/>
</LocList>
</BasicStmnt>
<BasicStmnt CovItemId="S8" CovItemPrefix="my.PSM.PSM_Logic.appController.java" Intrnl_Id="35">
<LocList>
<Loc EndOffset="1121" SrcFileId="2" StartOffset="1088"/>
</LocList>
</BasicStmnt>
<BasicStmnt CovItemId="S9" CovItemPrefix="my.PSM.PSM_Logic.appController.java" Intrnl_Id="36">
<LocList>
<Loc EndOffset="1164" SrcFileId="2" StartOffset="1126"/>
</LocList>
</BasicStmnt>
<BasicStmnt CovItemId="S10" CovItemPrefix="my.PSM.PSM_Logic.appController.java" Intrnl_Id="37">
<LocList>
<Loc EndOffset="1209" SrcFileId="2" StartOffset="1169"/>
</LocList>
</BasicStmnt>
<BasicStmnt CovItemId="S11" CovItemPrefix="my.PSM.PSM_Logic.appController.java" Intrnl_Id="38">
<LocList>
<Loc EndOffset="1255" SrcFileId="2" StartOffset="1214"/>
</LocList>
</BasicStmnt>
<BasicStmnt CovItemId="S12" CovItemPrefix="my.PSM.PSM_Logic.appController.java" Intrnl_Id="39">
<LocList>
<Loc EndOffset="1299" SrcFileId="2" StartOffset="1260"/>
</LocList>
</BasicStmnt>
<BasicStmnt CovItemId="S13" CovItemPrefix="my.PSM.PSM_Logic.appController.java" Intrnl_Id="40">
<LocList>
<Loc EndOffset="1342" SrcFileId="2" StartOffset="1304"/>
</LocList>
</BasicStmnt>
<BasicStmnt CovItemId="S14" CovItemPrefix="my.PSM.PSM_Logic.appController.java" Intrnl_Id="41">
<LocList>
<Loc EndOffset="1383" SrcFileId="2" StartOffset="1347"/>
</LocList>
</BasicStmnt>
<BasicStmnt CovItemId="S15" CovItemPrefix="my.PSM.PSM_Logic.appController.java" Intrnl_Id="42">
<LocList>
<Loc EndOffset="1426" SrcFileId="2" StartOffset="1388"/>
</LocList>
</BasicStmnt>
<BasicStmnt CovItemId="S16" CovItemPrefix="my.PSM.PSM_Logic.appController.java" Intrnl_Id="43">
<LocList>
<Loc EndOffset="1467" SrcFileId="2" StartOffset="1431"/>
</LocList>
</BasicStmnt>
<BasicStmnt CovItemId="S17" CovItemPrefix="my.PSM.PSM_Logic.appController.java" Intrnl_Id="44">
<LocList>
<Loc EndOffset="1510" SrcFileId="2" StartOffset="1472"/>
</LocList>
</BasicStmnt>
<BasicStmnt CovItemId="S18" CovItemPrefix="my.PSM.PSM_Logic.appController.java" Intrnl_Id="45">
<LocList>
<Loc EndOffset="1551" SrcFileId="2" StartOffset="1515"/>
</LocList>
</BasicStmnt>
<BasicStmnt CovItemId="S19" CovItemPrefix="my.PSM.PSM_Logic.appController.java" Intrnl_Id="46">
<LocList>
<Loc EndOffset="1594" SrcFileId="2" StartOffset="1556"/>
</LocList>
</BasicStmnt>
<BasicStmnt CovItemId="S20" CovItemPrefix="my.PSM.PSM_Logic.appController.java" Intrnl_Id="47">
<LocList>
<Loc EndOffset="1635" SrcFileId="2" StartOffset="1599"/>
</LocList>
</BasicStmnt>
<BasicStmnt CovItemId="S21" CovItemPrefix="my.PSM.PSM_Logic.appController.java" Intrnl_Id="48">
<LocList>
<Loc EndOffset="1678" SrcFileId="2" StartOffset="1640"/>
</LocList>
</BasicStmnt>
<BasicStmnt CovItemId="S22" CovItemPrefix="my.PSM.PSM_Logic.appController.java" Intrnl_Id="49">
<LocList>
<Loc EndOffset="1719" SrcFileId="2" StartOffset="1683"/>
</LocList>
</BasicStmnt>
<BasicStmnt CovItemId="S23" CovItemPrefix="my.PSM.PSM_Logic.appController.java" Intrnl_Id="50">
<LocList>
<Loc EndOffset="1762" SrcFileId="2" StartOffset="1724"/>
</LocList>
</BasicStmnt>
<BasicStmnt CovItemId="S24" CovItemPrefix="my.PSM.PSM_Logic.appController.java" Intrnl_Id="51">
<LocList>
<Loc EndOffset="1803" SrcFileId="2" StartOffset="1767"/>
</LocList>
</BasicStmnt>
<BasicStmnt CovItemId="S25" CovItemPrefix="my.PSM.PSM_Logic.appController.java" Intrnl_Id="52">
<LocList>
<Loc EndOffset="1966" SrcFileId="2" StartOffset="1922"/>
</LocList>
</BasicStmnt>
<BasicStmnt CovItemId="S26" CovItemPrefix="my.PSM.PSM_Logic.appController.java" Intrnl_Id="53">
<LocList>
<Loc EndOffset="2013" SrcFileId="2" StartOffset="1971"/>
</LocList>
</BasicStmnt>
<BasicStmnt CovItemId="S30" CovItemPrefix="my.PSM.PSM_Logic.appController.java" Intrnl_Id="54">
<LocList>
<Loc EndOffset="2263" SrcFileId="2" StartOffset="2218"/>
</LocList>
</BasicStmnt>
<BasicStmnt CovItemId="S31" CovItemPrefix="my.PSM.PSM_Logic.appController.java" Intrnl_Id="55">
<LocList>
<Loc EndOffset="2309" SrcFileId="2" StartOffset="2268"/>
</LocList>
</BasicStmnt>
<BasicStmnt CovItemId="S32" CovItemPrefix="my.PSM.PSM_Logic.appController.java" Intrnl_Id="56">
<LocList>
<Loc EndOffset="2407" SrcFileId="2" StartOffset="2376"/>
</LocList>
</BasicStmnt>
<BasicStmnt CovItemId="S33" CovItemPrefix="my.PSM.PSM_Logic.appController.java" Intrnl_Id="57">
<LocList>
<Loc EndOffset="2482" SrcFileId="2" StartOffset="2417"/>
</LocList>
</BasicStmnt>
<BasicStmnt CovItemId="S34" CovItemPrefix="my.PSM.PSM_Logic.appController.java" Intrnl_Id="58">
<LocList>
<Loc EndOffset="2553" SrcFileId="2" StartOffset="2487"/>
</LocList>
</BasicStmnt>
<BasicStmnt CovItemId="S35" CovItemPrefix="my.PSM.PSM_Logic.appController.java" Intrnl_Id="59">
<LocList>
<Loc EndOffset="2612" SrcFileId="2" StartOffset="2558"/>
</LocList>
</BasicStmnt>
<BasicStmnt CovItemId="S36" CovItemPrefix="my.PSM.PSM_Logic.appController.java" Intrnl_Id="60">
<LocList>
<Loc EndOffset="2686" SrcFileId="2" StartOffset="2651"/>
</LocList>
</BasicStmnt>
<BasicStmnt CovItemId="S195" CovItemPrefix="my.PSM.PSM_Logic.appController.java" Intrnl_Id="61">
<LocList>
<Loc EndOffset="13679" SrcFileId="2" StartOffset="13644"/>
<Loc EndOffset="13792" SrcFileId="2" StartOffset="13791"/>
</LocList>
</BasicStmnt>
<BasicStmnt CovItemId="S197" CovItemPrefix="my.PSM.PSM_Logic.appController.java" Intrnl_Id="62">
<LocList>
<Loc EndOffset="13840" SrcFileId="2" StartOffset="13802"/>
<Loc EndOffset="13957" SrcFileId="2" StartOffset="13956"/>
</LocList>
</BasicStmnt>
<BasicStmnt CovItemId="S199" CovItemPrefix="my.PSM.PSM_Logic.appController.java" Intrnl_Id="63">
<LocList>
<Loc EndOffset="14001" SrcFileId="2" StartOffset="13964"/>
<Loc EndOffset="14115" SrcFileId="2" StartOffset="14114"/>
</LocList>
</BasicStmnt>
<BasicStmnt CovItemId="S201" CovItemPrefix="my.PSM.PSM_Logic.appController.java" Intrnl_Id="64">
<LocList>
<Loc EndOffset="14168" SrcFileId="2" StartOffset="14130"/>
<Loc EndOffset="14336" SrcFileId="2" StartOffset="14335"/>
</LocList>
</BasicStmnt>
<BasicStmnt CovItemId="S204" CovItemPrefix="my.PSM.PSM_Logic.appController.java" Intrnl_Id="65">
<LocList>
<Loc EndOffset="14389" SrcFileId="2" StartOffset="14351"/>
<Loc EndOffset="14491" SrcFileId="2" StartOffset="14490"/>
</LocList>
</BasicStmnt>
</StmntSeq>
<HierarchyLvl HierarchyLvlId="2236" HierarchyLvlTypeId="9" Intrnl_Id="66" Name="isEdSchedSel">
<Header>
<Loc EndOffset="2054" SrcFileId="2" StartOffset="2018"/>
</Header>
<LocList>
<Loc EndOffset="2080" SrcFileId="2" StartOffset="2018"/>
</LocList>
<StmntSeq Intrnl_Id="67">
<LocList>
<Loc EndOffset="2077" SrcFileId="2" StartOffset="2059"/>
</LocList>
<BasicStmnt CovItemId="S27" CovItemPrefix="my.PSM.PSM_Logic.appController.java" Intrnl_Id="68">
<LocList>
<Loc EndOffset="2077" SrcFileId="2" StartOffset="2059"/>
</LocList>
</BasicStmnt>
</StmntSeq>
</HierarchyLvl>
<HierarchyLvl HierarchyLvlId="2237" HierarchyLvlTypeId="9" Intrnl_Id="69" Name="isSchedSetupSel">
<Header>
<Loc EndOffset="2122" SrcFileId="2" StartOffset="2083"/>
</Header>
<LocList>
<Loc EndOffset="2151" SrcFileId="2" StartOffset="2083"/>
</LocList>
<StmntSeq Intrnl_Id="70">
<LocList>
<Loc EndOffset="2148" SrcFileId="2" StartOffset="2127"/>
</LocList>
<BasicStmnt CovItemId="S28" CovItemPrefix="my.PSM.PSM_Logic.appController.java" Intrnl_Id="71">
<LocList>
<Loc EndOffset="2148" SrcFileId="2" StartOffset="2127"/>
</LocList>
</BasicStmnt>
</StmntSeq>
</HierarchyLvl>
<HierarchyLvl HierarchyLvlId="2238" HierarchyLvlTypeId="9" Intrnl_Id="72" Name="isLogoutSel">
<Header>
<Loc EndOffset="2189" SrcFileId="2" StartOffset="2154"/>
</Header>
<LocList>
<Loc EndOffset="2214" SrcFileId="2" StartOffset="2154"/>
</LocList>
<StmntSeq Intrnl_Id="73">
<LocList>
<Loc EndOffset="2211" SrcFileId="2" StartOffset="2194"/>
</LocList>
<BasicStmnt CovItemId="S29" CovItemPrefix="my.PSM.PSM_Logic.appController.java" Intrnl_Id="74">
<LocList>
<Loc EndOffset="2211" SrcFileId="2" StartOffset="2194"/>
</LocList>
</BasicStmnt>
</StmntSeq>
</HierarchyLvl>
<HierarchyLvl HierarchyLvlId="2239" HierarchyLvlTypeId="9" Intrnl_Id="75" Name="appController">
<Header>
<Loc EndOffset="2780" SrcFileId="2" StartOffset="2758"/>
</Header>
<LocList>
<Loc EndOffset="2810" SrcFileId="2" StartOffset="2758"/>
</LocList>
<StmntSeq Intrnl_Id="76">
<LocList>
<Loc EndOffset="2804" SrcFileId="2" StartOffset="2791"/>
</LocList>
<BasicStmnt CovItemId="S37" CovItemPrefix="my.PSM.PSM_Logic.appController.java" Intrnl_Id="77">
<LocList>
<Loc EndOffset="2804" SrcFileId="2" StartOffset="2791"/>
</LocList>
</BasicStmnt>
</StmntSeq>
</HierarchyLvl>
<HierarchyLvl HierarchyLvlId="2240" HierarchyLvlTypeId="9" Intrnl_Id="78" Name="setDataStoreFacade">
<Header>
<Loc EndOffset="2918" SrcFileId="2" StartOffset="2859"/>
</Header>
<LocList>
<Loc EndOffset="2949" SrcFileId="2" StartOffset="2859"/>
</LocList>
<StmntSeq Intrnl_Id="79">
<LocList>
<Loc EndOffset="2943" SrcFileId="2" StartOffset="2925"/>
</LocList>
<BasicStmnt CovItemId="S38" CovItemPrefix="my.PSM.PSM_Logic.appController.java" Intrnl_Id="80">
<LocList>
<Loc EndOffset="2943" SrcFileId="2" StartOffset="2925"/>
</LocList>
</BasicStmnt>
</StmntSeq>
</HierarchyLvl>
<HierarchyLvl HierarchyLvlId="2241" HierarchyLvlTypeId="9" Intrnl_Id="81" Name="setInterfaceController">
<Header>
<Loc EndOffset="3021" SrcFileId="2" StartOffset="2954"/>
</Header>
<LocList>
<Loc EndOffset="3044" SrcFileId="2" StartOffset="2954"/>
</LocList>
<StmntSeq Intrnl_Id="82">
<LocList>
<Loc EndOffset="3038" SrcFileId="2" StartOffset="3028"/>
</LocList>
<BasicStmnt CovItemId="S39" CovItemPrefix="my.PSM.PSM_Logic.appController.java" Intrnl_Id="83">
<LocList>
<Loc EndOffset="3038" SrcFileId="2" StartOffset="3028"/>
</LocList>
</BasicStmnt>
</StmntSeq>
</HierarchyLvl>
<HierarchyLvl HierarchyLvlId="2242" HierarchyLvlTypeId="9" Intrnl_Id="84" Name="setAuthenticate">
<Header>
<Loc EndOffset="3102" SrcFileId="2" StartOffset="3049"/>
</Header>
<LocList>
<Loc EndOffset="3127" SrcFileId="2" StartOffset="3049"/>
</LocList>
<StmntSeq Intrnl_Id="85">
<LocList>
<Loc EndOffset="3121" SrcFileId="2" StartOffset="3109"/>
</LocList>
<BasicStmnt CovItemId="S40" CovItemPrefix="my.PSM.PSM_Logic.appController.java" Intrnl_Id="86">
<LocList>
<Loc EndOffset="3121" SrcFileId="2" StartOffset="3109"/>
</LocList>
</BasicStmnt>
</StmntSeq>
</HierarchyLvl>
<HierarchyLvl HierarchyLvlId="2243" HierarchyLvlTypeId="9" Intrnl_Id="87" Name="appMainMenu">
<Header>
<Loc EndOffset="3157" SrcFileId="2" StartOffset="3132"/>
</Header>
<LocList>
<Loc EndOffset="4012" SrcFileId="2" StartOffset="3132"/>
</LocList>
<StmntSeq Intrnl_Id="88">
<LocList>
<Loc EndOffset="3874" SrcFileId="2" StartOffset="3200"/>
<Loc EndOffset="3902" SrcFileId="2" StartOffset="3883"/>
<Loc EndOffset="3943" SrcFileId="2" StartOffset="3911"/>
<Loc EndOffset="3973" SrcFileId="2" StartOffset="3952"/>
</LocList>
<LoopStmnt CovItemId="S41" CovItemPrefix="my.PSM.PSM_Logic.appController.java" Intrnl_Id="89" MltplExecId="L1-2" MltplExecPrefix="my.PSM.PSM_Logic.appController.java" NvrExecId="L1-0" NvrExecPrefix="my.PSM.PSM_Logic.appController.java" OnceExecutedId="L1-1" OnceExecutedPrefix="my.PSM.PSM_Logic.appController.java" OptBodyExec="true">
<StmntSeq Intrnl_Id="90">
<LocList>
<Loc EndOffset="3282" SrcFileId="2" StartOffset="3243"/>
<Loc EndOffset="3338" SrcFileId="2" StartOffset="3295"/>
<Loc EndOffset="3397" SrcFileId="2" StartOffset="3351"/>
<Loc EndOffset="3449" SrcFileId="2" StartOffset="3410"/>
<Loc EndOffset="3827" SrcFileId="2" StartOffset="3650"/>
<Loc EndOffset="3864" SrcFileId="2" StartOffset="3853"/>
</LocList>
<BasicStmnt CovItemId="S42" CovItemPrefix="my.PSM.PSM_Logic.appController.java" Intrnl_Id="91">
<LocList>
<Loc EndOffset="3282" SrcFileId="2" StartOffset="3243"/>
</LocList>
</BasicStmnt>
<BasicStmnt CovItemId="S43" CovItemPrefix="my.PSM.PSM_Logic.appController.java" Intrnl_Id="92">
<LocList>
<Loc EndOffset="3338" SrcFileId="2" StartOffset="3295"/>
</LocList>
</BasicStmnt>
<BasicStmnt CovItemId="S44" CovItemPrefix="my.PSM.PSM_Logic.appController.java" Intrnl_Id="93">
<LocList>
<Loc EndOffset="3397" SrcFileId="2" StartOffset="3351"/>
</LocList>
</BasicStmnt>
<BasicStmnt CovItemId="S45" CovItemPrefix="my.PSM.PSM_Logic.appController.java" Intrnl_Id="94">
<LocList>
<Loc EndOffset="3449" SrcFileId="2" StartOffset="3410"/>
</LocList>
</BasicStmnt>
<CondStmnt CovItemId="S46" CovItemPrefix="my.PSM.PSM_Logic.appController.java" Intrnl_Id="95">
<Branch CovItemId="B1" CovItemPrefix="my.PSM.PSM_Logic.appController.java" Implct="false" Intrnl_Id="96">
<Cond/>
<LocList>
<Loc EndOffset="3827" SrcFileId="2" StartOffset="3735"/>
</LocList>
<StmntSeq Intrnl_Id="97">
<LocList>
<Loc EndOffset="3801" SrcFileId="2" StartOffset="3794"/>
</LocList>
<BasicStmnt CovItemId="S47" CovItemPrefix="my.PSM.PSM_Logic.appController.java" Intrnl_Id="98">
<LocList>
<Loc EndOffset="3801" SrcFileId="2" StartOffset="3794"/>
</LocList>
</BasicStmnt>
</StmntSeq>
</Branch>
<Branch CovItemId="B2" CovItemPrefix="my.PSM.PSM_Logic.appController.java" Implct="true" Intrnl_Id="99">
<Cond/>
<LocList/>
<StmntSeq Intrnl_Id="100">
<LocList/>
</StmntSeq>
</Branch>
<Keyword EndOffset="3652" SrcFileId="2" StartOffset="3650"/>
<LocList>
<Loc EndOffset="3827" SrcFileId="2" StartOffset="3650"/>
</LocList>
<RootTerm CovItemId="C2" CovItemPrefix="my.PSM.PSM_Logic.appController.java" Intrnl_Id="101">
<OpTerm BooleanOpId="6" Intrnl_Id="102">
<BasicBoolTerm Intrnl_Id="103">
<LocList>
<Loc EndOffset="3668" SrcFileId="2" StartOffset="3653"/>
</LocList>
</BasicBoolTerm>
<BasicBoolTerm Intrnl_Id="104">
<LocList>
<Loc EndOffset="3721" SrcFileId="2" StartOffset="3672"/>
</LocList>
</BasicBoolTerm>
<LocList>
<Loc EndOffset="3671" SrcFileId="2" StartOffset="3669"/>
</LocList>
</OpTerm>
</RootTerm>
</CondStmnt>
<BasicStmnt CovItemId="S48" CovItemPrefix="my.PSM.PSM_Logic.appController.java" Intrnl_Id="105">
<LocList>
<Loc EndOffset="3864" SrcFileId="2" StartOffset="3853"/>
</LocList>
</BasicStmnt>
</StmntSeq>
<Keyword EndOffset="3205" SrcFileId="2" StartOffset="3200"/>
<LocList>
<Loc EndOffset="3874" SrcFileId="2" StartOffset="3200"/>
</LocList>
<RootTerm CovItemId="C1" CovItemPrefix="my.PSM.PSM_Logic.appController.java" Intrnl_Id="106">
<OpTerm BooleanOpId="5" Intrnl_Id="107">
<BasicBoolTerm Intrnl_Id="108">
<LocList>
<Loc EndOffset="3219" SrcFileId="2" StartOffset="3207"/>
</LocList>
</BasicBoolTerm>
<LocList>
<Loc EndOffset="3207" SrcFileId="2" StartOffset="3206"/>
</LocList>
</OpTerm>
</RootTerm>
</LoopStmnt>
<BasicStmnt CovItemId="S49" CovItemPrefix="my.PSM.PSM_Logic.appController.java" Intrnl_Id="109">
<LocList>
<Loc EndOffset="3902" SrcFileId="2" StartOffset="3883"/>
</LocList>
</BasicStmnt>
<BasicStmnt CovItemId="S50" CovItemPrefix="my.PSM.PSM_Logic.appController.java" Intrnl_Id="110">
<LocList>
<Loc EndOffset="3943" SrcFileId="2" StartOffset="3911"/>
</LocList>
</BasicStmnt>
<BasicStmnt CovItemId="S51" CovItemPrefix="my.PSM.PSM_Logic.appController.java" Intrnl_Id="111">
<LocList>
<Loc EndOffset="3973" SrcFileId="2" StartOffset="3952"/>
</LocList>
</BasicStmnt>
</StmntSeq>
</HierarchyLvl>
<HierarchyLvl HierarchyLvlId="2244" HierarchyLvlTypeId="9" Intrnl_Id="112" Name="myMain">
<Header>
<Loc EndOffset="4037" SrcFileId="2" StartOffset="4017"/>
</Header>
<LocList>
<Loc EndOffset="4585" SrcFileId="2" StartOffset="4017"/>
</LocList>
<StmntSeq Intrnl_Id="113">
<LocList>
<Loc EndOffset="4055" SrcFileId="2" StartOffset="4044"/>
<Loc EndOffset="4579" SrcFileId="2" StartOffset="4061"/>
</LocList>
<BasicStmnt CovItemId="S52" CovItemPrefix="my.PSM.PSM_Logic.appController.java" Intrnl_Id="114">
<LocList>
<Loc EndOffset="4055" SrcFileId="2" StartOffset="4044"/>
</LocList>
</BasicStmnt>
<CondStmnt CovItemId="S53" CovItemPrefix="my.PSM.PSM_Logic.appController.java" Intrnl_Id="115">
<Branch CovItemId="B3" CovItemPrefix="my.PSM.PSM_Logic.appController.java" Implct="false" Intrnl_Id="116">
<Cond/>
<LocList>
<Loc EndOffset="4579" SrcFileId="2" StartOffset="4073"/>
</LocList>
<StmntSeq Intrnl_Id="117">
<LocList>
<Loc EndOffset="4104" SrcFileId="2" StartOffset="4081"/>
<Loc EndOffset="4190" SrcFileId="2" StartOffset="4111"/>
<Loc EndOffset="4210" SrcFileId="2" StartOffset="4197"/>
<Loc EndOffset="4572" SrcFileId="2" StartOffset="4217"/>
</LocList>
<BasicStmnt CovItemId="S54" CovItemPrefix="my.PSM.PSM_Logic.appController.java" Intrnl_Id="118">
<LocList>
<Loc EndOffset="4104" SrcFileId="2" StartOffset="4081"/>
</LocList>
</BasicStmnt>
<CondStmnt CovItemId="S55" CovItemPrefix="my.PSM.PSM_Logic.appController.java" Intrnl_Id="119">
<Branch CovItemId="B5" CovItemPrefix="my.PSM.PSM_Logic.appController.java" Implct="false" Intrnl_Id="120">
<Cond/>
<LocList>
<Loc EndOffset="4190" SrcFileId="2" StartOffset="4137"/>
</LocList>
<StmntSeq Intrnl_Id="121">
<LocList>
<Loc EndOffset="4179" SrcFileId="2" StartOffset="4152"/>
</LocList>
<BasicStmnt CovItemId="S56" CovItemPrefix="my.PSM.PSM_Logic.appController.java" Intrnl_Id="122">
<LocList>
<Loc EndOffset="4179" SrcFileId="2" StartOffset="4152"/>
</LocList>
</BasicStmnt>
</StmntSeq>
</Branch>
<Branch CovItemId="B6" CovItemPrefix="my.PSM.PSM_Logic.appController.java" Implct="true" Intrnl_Id="123">
<Cond/>
<LocList/>
<StmntSeq Intrnl_Id="124">
<LocList/>
</StmntSeq>
</Branch>
<Keyword EndOffset="4113" SrcFileId="2" StartOffset="4111"/>
<LocList>
<Loc EndOffset="4190" SrcFileId="2" StartOffset="4111"/>
</LocList>
<RootTerm CovItemId="C4" CovItemPrefix="my.PSM.PSM_Logic.appController.java" Intrnl_Id="125">
<BasicBoolTerm Intrnl_Id="126">
<LocList>
<Loc EndOffset="4126" SrcFileId="2" StartOffset="4114"/>
</LocList>
</BasicBoolTerm>
</RootTerm>
</CondStmnt>
<BasicStmnt CovItemId="S57" CovItemPrefix="my.PSM.PSM_Logic.appController.java" Intrnl_Id="127">
<LocList>
<Loc EndOffset="4210" SrcFileId="2" StartOffset="4197"/>
</LocList>
</BasicStmnt>
<LoopStmnt CovItemId="S58" CovItemPrefix="my.PSM.PSM_Logic.appController.java" Intrnl_Id="128" MltplExecId="L2-2" MltplExecPrefix="my.PSM.PSM_Logic.appController.java" NvrExecId="L2-0" NvrExecPrefix="my.PSM.PSM_Logic.appController.java" OnceExecutedId="L2-1" OnceExecutedPrefix="my.PSM.PSM_Logic.appController.java" OptBodyExec="true">
<StmntSeq Intrnl_Id="129">
<LocList>
<Loc EndOffset="4257" SrcFileId="2" StartOffset="4243"/>
<Loc EndOffset="4564" SrcFileId="2" StartOffset="4265"/>
</LocList>
<BasicStmnt CovItemId="S59" CovItemPrefix="my.PSM.PSM_Logic.appController.java" Intrnl_Id="130">
<LocList>
<Loc EndOffset="4257" SrcFileId="2" StartOffset="4243"/>
</LocList>
</BasicStmnt>
<CondStmnt CovItemId="S60" CovItemPrefix="my.PSM.PSM_Logic.appController.java" Intrnl_Id="131">
<Branch CovItemId="B7" CovItemPrefix="my.PSM.PSM_Logic.appController.java" Implct="false" Intrnl_Id="132">
<Cond/>
<LocList>
<Loc EndOffset="4395" SrcFileId="2" StartOffset="4289"/>
</LocList>
<StmntSeq Intrnl_Id="133">
<LocList>
<Loc EndOffset="4344" SrcFileId="2" StartOffset="4330"/>
<Loc EndOffset="4380" SrcFileId="2" StartOffset="4359"/>
</LocList>
<BasicStmnt CovItemId="S61" CovItemPrefix="my.PSM.PSM_Logic.appController.java" Intrnl_Id="134">
<LocList>
<Loc EndOffset="4344" SrcFileId="2" StartOffset="4330"/>
</LocList>
</BasicStmnt>
<BasicStmnt CovItemId="S62" CovItemPrefix="my.PSM.PSM_Logic.appController.java" Intrnl_Id="135">
<LocList>
<Loc EndOffset="4380" SrcFileId="2" StartOffset="4359"/>
</LocList>
</BasicStmnt>
</StmntSeq>
</Branch>
<Branch CovItemId="B8" CovItemPrefix="my.PSM.PSM_Logic.appController.java" Implct="false" Intrnl_Id="136">
<Cond>
<Loc EndOffset="4410" SrcFileId="2" StartOffset="4406"/>
</Cond>
<LocList>
<Loc EndOffset="4564" SrcFileId="2" StartOffset="4411"/>
</LocList>
<StmntSeq Intrnl_Id="137">
<LocList>
<Loc EndOffset="4564" SrcFileId="2" StartOffset="4411"/>
</LocList>
<CondStmnt CovItemId="S63" CovItemPrefix="my.PSM.PSM_Logic.appController.java" Intrnl_Id="138">
<Branch CovItemId="B9" CovItemPrefix="my.PSM.PSM_Logic.appController.java" Implct="false" Intrnl_Id="139">
<Cond/>
<LocList>
<Loc EndOffset="4479" SrcFileId="2" StartOffset="4436"/>
</LocList>
<StmntSeq Intrnl_Id="140">
<LocList>
<Loc EndOffset="4467" SrcFileId="2" StartOffset="4452"/>
</LocList>
<BasicStmnt CovItemId="S64" CovItemPrefix="my.PSM.PSM_Logic.appController.java" Intrnl_Id="141">
<LocList>
<Loc EndOffset="4467" SrcFileId="2" StartOffset="4452"/>
</LocList>
</BasicStmnt>
</StmntSeq>
</Branch>
<Branch CovItemId="B10" CovItemPrefix="my.PSM.PSM_Logic.appController.java" Implct="false" Intrnl_Id="142">
<Cond>
<Loc EndOffset="4494" SrcFileId="2" StartOffset="4490"/>
</Cond>
<LocList>
<Loc EndOffset="4564" SrcFileId="2" StartOffset="4495"/>
</LocList>
<StmntSeq Intrnl_Id="143">
<LocList>
<Loc EndOffset="4564" SrcFileId="2" StartOffset="4495"/>
</LocList>
<CondStmnt CovItemId="S65" CovItemPrefix="my.PSM.PSM_Logic.appController.java" Intrnl_Id="144">
<Branch CovItemId="B11" CovItemPrefix="my.PSM.PSM_Logic.appController.java" Implct="false" Intrnl_Id="145">
<Cond/>
<LocList>
<Loc EndOffset="4564" SrcFileId="2" StartOffset="4523"/>
</LocList>
<StmntSeq Intrnl_Id="146">
<LocList>
<Loc EndOffset="4552" SrcFileId="2" StartOffset="4539"/>
</LocList>
<BasicStmnt CovItemId="S66" CovItemPrefix="my.PSM.PSM_Logic.appController.java" Intrnl_Id="147">
<LocList>
<Loc EndOffset="4552" SrcFileId="2" StartOffset="4539"/>
</LocList>
</BasicStmnt>
</StmntSeq>
</Branch>
<Branch CovItemId="B12" CovItemPrefix="my.PSM.PSM_Logic.appController.java" Implct="true" Intrnl_Id="148">
<Cond/>
<LocList/>
<StmntSeq Intrnl_Id="149">
<LocList/>
</StmntSeq>
</Branch>
<Keyword EndOffset="4497" SrcFileId="2" StartOffset="4495"/>
<LocList>
<Loc EndOffset="4564" SrcFileId="2" StartOffset="4495"/>
</LocList>
<RootTerm CovItemId="C8" CovItemPrefix="my.PSM.PSM_Logic.appController.java" Intrnl_Id="150">
<BasicBoolTerm Intrnl_Id="151">
<LocList>
<Loc EndOffset="4511" SrcFileId="2" StartOffset="4498"/>
</LocList>
</BasicBoolTerm>
</RootTerm>
</CondStmnt>
</StmntSeq>
</Branch>
<Keyword EndOffset="4413" SrcFileId="2" StartOffset="4411"/>
<LocList>
<Loc EndOffset="4564" SrcFileId="2" StartOffset="4411"/>
</LocList>
<RootTerm CovItemId="C7" CovItemPrefix="my.PSM.PSM_Logic.appController.java" Intrnl_Id="152">
<BasicBoolTerm Intrnl_Id="153">
<LocList>
<Loc EndOffset="4424" SrcFileId="2" StartOffset="4414"/>
</LocList>
</BasicBoolTerm>
</RootTerm>
</CondStmnt>
</StmntSeq>
</Branch>
<Keyword EndOffset="4267" SrcFileId="2" StartOffset="4265"/>
<LocList>
<Loc EndOffset="4564" SrcFileId="2" StartOffset="4265"/>
</LocList>
<RootTerm CovItemId="C6" CovItemPrefix="my.PSM.PSM_Logic.appController.java" Intrnl_Id="154">
<BasicBoolTerm Intrnl_Id="155">
<LocList>
<Loc EndOffset="4277" SrcFileId="2" StartOffset="4268"/>
</LocList>
</BasicBoolTerm>
</RootTerm>
</CondStmnt>
</StmntSeq>
<Keyword EndOffset="4222" SrcFileId="2" StartOffset="4217"/>
<LocList>
<Loc EndOffset="4572" SrcFileId="2" StartOffset="4217"/>
</LocList>
<RootTerm CovItemId="C5" CovItemPrefix="my.PSM.PSM_Logic.appController.java" Intrnl_Id="156">
<OpTerm BooleanOpId="5" Intrnl_Id="157">
<BasicBoolTerm Intrnl_Id="158">
<LocList>
<Loc EndOffset="4233" SrcFileId="2" StartOffset="4224"/>
</LocList>
</BasicBoolTerm>
<LocList>
<Loc EndOffset="4224" SrcFileId="2" StartOffset="4223"/>
</LocList>
</OpTerm>
</RootTerm>
</LoopStmnt>
</StmntSeq>
</Branch>
<Branch CovItemId="B4" CovItemPrefix="my.PSM.PSM_Logic.appController.java" Implct="true" Intrnl_Id="159">
<Cond/>
<LocList/>
<StmntSeq Intrnl_Id="160">
<LocList/>
</StmntSeq>
</Branch>
<Keyword EndOffset="4063" SrcFileId="2" StartOffset="4061"/>
<LocList>
<Loc EndOffset="4579" SrcFileId="2" StartOffset="4061"/>
</LocList>
<RootTerm CovItemId="C3" CovItemPrefix="my.PSM.PSM_Logic.appController.java" Intrnl_Id="161">
<BasicBoolTerm Intrnl_Id="162">
<LocList>
<Loc EndOffset="4072" SrcFileId="2" StartOffset="4064"/>
</LocList>
</BasicBoolTerm>
</RootTerm>
</CondStmnt>
</StmntSeq>
</HierarchyLvl>
<HierarchyLvl HierarchyLvlId="2245" HierarchyLvlTypeId="9" Intrnl_Id="163" Name="setUser">
<Header>
<Loc EndOffset="4622" SrcFileId="2" StartOffset="4590"/>
</Header>
<LocList>
<Loc EndOffset="4651" SrcFileId="2" StartOffset="4590"/>
</LocList>
<StmntSeq Intrnl_Id="164">
<LocList>
<Loc EndOffset="4645" SrcFileId="2" StartOffset="4629"/>
</LocList>
<BasicStmnt CovItemId="S67" CovItemPrefix="my.PSM.PSM_Logic.appController.java" Intrnl_Id="165">
<LocList>
<Loc EndOffset="4645" SrcFileId="2" StartOffset="4629"/>
</LocList>
</BasicStmnt>
</StmntSeq>
</HierarchyLvl>
<HierarchyLvl HierarchyLvlId="2246" HierarchyLvlTypeId="9" Intrnl_Id="166" Name="setPassword">
<Header>
<Loc EndOffset="4690" SrcFileId="2" StartOffset="4656"/>
</Header>
<LocList>
<Loc EndOffset="4717" SrcFileId="2" StartOffset="4656"/>
</LocList>
<StmntSeq Intrnl_Id="167">
<LocList>
<Loc EndOffset="4711" SrcFileId="2" StartOffset="4697"/>
</LocList>
<BasicStmnt CovItemId="S68" CovItemPrefix="my.PSM.PSM_Logic.appController.java" Intrnl_Id="168">
<LocList>
<Loc EndOffset="4711" SrcFileId="2" StartOffset="4697"/>
</LocList>
</BasicStmnt>
</StmntSeq>
</HierarchyLvl>
<HierarchyLvl HierarchyLvlId="2247" HierarchyLvlTypeId="9" Intrnl_Id="169" Name="getUser">
<Header>
<Loc EndOffset="4745" SrcFileId="2" StartOffset="4722"/>
</Header>
<LocList>
<Loc EndOffset="4774" SrcFileId="2" StartOffset="4722"/>
</LocList>
<StmntSeq Intrnl_Id="170">
<LocList>
<Loc EndOffset="4768" SrcFileId="2" StartOffset="4752"/>
</LocList>
<BasicStmnt CovItemId="S69" CovItemPrefix="my.PSM.PSM_Logic.appController.java" Intrnl_Id="171">
<LocList>
<Loc EndOffset="4768" SrcFileId="2" StartOffset="4752"/>
</LocList>
</BasicStmnt>
</StmntSeq>
</HierarchyLvl>
<HierarchyLvl HierarchyLvlId="2248" HierarchyLvlTypeId="9" Intrnl_Id="172" Name="getPass">
<Header>
<Loc EndOffset="4802" SrcFileId="2" StartOffset="4779"/>
</Header>
<LocList>
<Loc EndOffset="4831" SrcFileId="2" StartOffset="4779"/>
</LocList>
<StmntSeq Intrnl_Id="173">
<LocList>
<Loc EndOffset="4825" SrcFileId="2" StartOffset="4809"/>
</LocList>
<BasicStmnt CovItemId="S70" CovItemPrefix="my.PSM.PSM_Logic.appController.java" Intrnl_Id="174">
<LocList>
<Loc EndOffset="4825" SrcFileId="2" StartOffset="4809"/>
</LocList>
</BasicStmnt>
</StmntSeq>
</HierarchyLvl>
<HierarchyLvl HierarchyLvlId="2249" HierarchyLvlTypeId="9" Intrnl_Id="175" Name="getLoggedIn">
<Header>
<Loc EndOffset="4864" SrcFileId="2" StartOffset="4836"/>
</Header>
<LocList>
<Loc EndOffset="4893" SrcFileId="2" StartOffset="4836"/>
</LocList>
<StmntSeq Intrnl_Id="176">
<LocList>
<Loc EndOffset="4887" SrcFileId="2" StartOffset="4871"/>
</LocList>
<BasicStmnt CovItemId="S71" CovItemPrefix="my.PSM.PSM_Logic.appController.java" Intrnl_Id="177">
<LocList>
<Loc EndOffset="4887" SrcFileId="2" StartOffset="4871"/>
</LocList>
</BasicStmnt>
</StmntSeq>
</HierarchyLvl>
<HierarchyLvl HierarchyLvlId="2250" HierarchyLvlTypeId="9" Intrnl_Id="178" Name="fetchCourses">
<Header>
<Loc EndOffset="4933" SrcFileId="2" StartOffset="4898"/>
</Header>
<LocList>
<Loc EndOffset="4979" SrcFileId="2" StartOffset="4898"/>
</LocList>
<StmntSeq Intrnl_Id="179">
<LocList>
<Loc EndOffset="4973" SrcFileId="2" StartOffset="4940"/>
</LocList>
<BasicStmnt CovItemId="S72" CovItemPrefix="my.PSM.PSM_Logic.appController.java" Intrnl_Id="180">
<LocList>
<Loc EndOffset="4973" SrcFileId="2" StartOffset="4940"/>
</LocList>
</BasicStmnt>
</StmntSeq>
</HierarchyLvl>
<HierarchyLvl HierarchyLvlId="2251" HierarchyLvlTypeId="9" Intrnl_Id="181" Name="getIC">
<Header>
<Loc EndOffset="5018" SrcFileId="2" StartOffset="4984"/>
</Header>
<LocList>
<Loc EndOffset="5041" SrcFileId="2" StartOffset="4984"/>
</LocList>
<StmntSeq Intrnl_Id="182">
<LocList>
<Loc EndOffset="5035" SrcFileId="2" StartOffset="5025"/>
</LocList>
<BasicStmnt CovItemId="S73" CovItemPrefix="my.PSM.PSM_Logic.appController.java" Intrnl_Id="183">
<LocList>
<Loc EndOffset="5035" SrcFileId="2" StartOffset="5025"/>
</LocList>
</BasicStmnt>
</StmntSeq>
</HierarchyLvl>
<HierarchyLvl HierarchyLvlId="2252" HierarchyLvlTypeId="9" Intrnl_Id="184" Name="getSetRun">
<Header>
<Loc EndOffset="5073" SrcFileId="2" StartOffset="5046"/>
</Header>
<LocList>
<Loc EndOffset="5100" SrcFileId="2" StartOffset="5046"/>
</LocList>
<StmntSeq Intrnl_Id="185">
<LocList>
<Loc EndOffset="5094" SrcFileId="2" StartOffset="5080"/>
</LocList>
<BasicStmnt CovItemId="S74" CovItemPrefix="my.PSM.PSM_Logic.appController.java" Intrnl_Id="186">
<LocList>
<Loc EndOffset="5094" SrcFileId="2" StartOffset="5080"/>
</LocList>
</BasicStmnt>
</StmntSeq>
</HierarchyLvl>
<HierarchyLvl HierarchyLvlId="2253" HierarchyLvlTypeId="9" Intrnl_Id="187" Name="getClearDate">
<Header>
<Loc EndOffset="5137" SrcFileId="2" StartOffset="5105"/>
</Header>
<LocList>
<Loc EndOffset="5164" SrcFileId="2" StartOffset="5105"/>
</LocList>
<StmntSeq Intrnl_Id="188">
<LocList>
<Loc EndOffset="5160" SrcFileId="2" StartOffset="5143"/>
</LocList>
<BasicStmnt CovItemId="S75" CovItemPrefix="my.PSM.PSM_Logic.appController.java" Intrnl_Id="189">
<LocList>
<Loc EndOffset="5160" SrcFileId="2" StartOffset="5143"/>
</LocList>
</BasicStmnt>
</StmntSeq>
</HierarchyLvl>
<HierarchyLvl HierarchyLvlId="2254" HierarchyLvlTypeId="9" Intrnl_Id="190" Name="getClearMonth">
<Header>
<Loc EndOffset="5201" SrcFileId="2" StartOffset="5168"/>
</Header>
<LocList>
<Loc EndOffset="5229" SrcFileId="2" StartOffset="5168"/>
</LocList>
<StmntSeq Intrnl_Id="191">
<LocList>
<Loc EndOffset="5225" SrcFileId="2" StartOffset="5207"/>
</LocList>
<BasicStmnt CovItemId="S76" CovItemPrefix="my.PSM.PSM_Logic.appController.java" Intrnl_Id="192">
<LocList>
<Loc EndOffset="5225" SrcFileId="2" StartOffset="5207"/>
</LocList>
</BasicStmnt>
</StmntSeq>
</HierarchyLvl>
<HierarchyLvl HierarchyLvlId="2255" HierarchyLvlTypeId="9" Intrnl_Id="193" Name="getClearYear">
<Header>
<Loc EndOffset="5265" SrcFileId="2" StartOffset="5233"/>
</Header>
<LocList>
<Loc EndOffset="5292" SrcFileId="2" StartOffset="5233"/>
</LocList>
<StmntSeq Intrnl_Id="194">
<LocList>
<Loc EndOffset="5288" SrcFileId="2" StartOffset="5271"/>
</LocList>
<BasicStmnt CovItemId="S77" CovItemPrefix="my.PSM.PSM_Logic.appController.java" Intrnl_Id="195">
<LocList>
<Loc EndOffset="5288" SrcFileId="2" StartOffset="5271"/>
</LocList>
</BasicStmnt>
</StmntSeq>
</HierarchyLvl>
<HierarchyLvl HierarchyLvlId="2256" HierarchyLvlTypeId="9" Intrnl_Id="196" Name="getCounter">
<Header>
<Loc EndOffset="5319" SrcFileId="2" StartOffset="5296"/>
</Header>
<LocList>
<Loc EndOffset="5343" SrcFileId="2" StartOffset="5296"/>
</LocList>
<StmntSeq Intrnl_Id="197">
<LocList>
<Loc EndOffset="5339" SrcFileId="2" StartOffset="5324"/>
</LocList>
<BasicStmnt CovItemId="S78" CovItemPrefix="my.PSM.PSM_Logic.appController.java" Intrnl_Id="198">
<LocList>
<Loc EndOffset="5339" SrcFileId="2" StartOffset="5324"/>
</LocList>
</BasicStmnt>
</StmntSeq>
</HierarchyLvl>
<HierarchyLvl HierarchyLvlId="2257" HierarchyLvlTypeId="9" Intrnl_Id="199" Name="setupSched">
<Header>
<Loc EndOffset="5379" SrcFileId="2" StartOffset="5348"/>
</Header>
<LocList>
<Loc EndOffset="6313" SrcFileId="2" StartOffset="5348"/>
</LocList>
<StmntSeq Intrnl_Id="200">
<LocList>
<Loc EndOffset="5412" SrcFileId="2" StartOffset="5386"/>
<Loc EndOffset="5583" SrcFileId="2" StartOffset="5454"/>
<Loc EndOffset="5613" SrcFileId="2" StartOffset="5592"/>
<Loc EndOffset="5655" SrcFileId="2" StartOffset="5622"/>
<Loc EndOffset="5807" SrcFileId="2" StartOffset="5673"/>
<Loc EndOffset="6306" SrcFileId="2" StartOffset="5816"/>
</LocList>
<BasicStmnt CovItemId="S79" CovItemPrefix="my.PSM.PSM_Logic.appController.java" Intrnl_Id="201">
<LocList>
<Loc EndOffset="5412" SrcFileId="2" StartOffset="5386"/>
</LocList>
</BasicStmnt>
<LoopStmnt CovItemId="S80" CovItemPrefix="my.PSM.PSM_Logic.appController.java" Intrnl_Id="202" MltplExecId="L3-2" MltplExecPrefix="my.PSM.PSM_Logic.appController.java" NvrExecId="L3-0" NvrExecPrefix="my.PSM.PSM_Logic.appController.java" OnceExecutedId="L3-1" OnceExecutedPrefix="my.PSM.PSM_Logic.appController.java" OptBodyExec="true">
<StmntSeq Intrnl_Id="203">
<LocList>
<Loc EndOffset="5549" SrcFileId="2" StartOffset="5509"/>
<Loc EndOffset="5573" SrcFileId="2" StartOffset="5562"/>
</LocList>
<BasicStmnt CovItemId="S81" CovItemPrefix="my.PSM.PSM_Logic.appController.java" Intrnl_Id="204">
<LocList>
<Loc EndOffset="5549" SrcFileId="2" StartOffset="5509"/>
</LocList>
</BasicStmnt>
<BasicStmnt CovItemId="S82" CovItemPrefix="my.PSM.PSM_Logic.appController.java" Intrnl_Id="205">
<LocList>
<Loc EndOffset="5573" SrcFileId="2" StartOffset="5562"/>
</LocList>
</BasicStmnt>
</StmntSeq>
<Keyword EndOffset="5459" SrcFileId="2" StartOffset="5454"/>
<LocList>
<Loc EndOffset="5583" SrcFileId="2" StartOffset="5454"/>
</LocList>
<RootTerm CovItemId="C9" CovItemPrefix="my.PSM.PSM_Logic.appController.java" Intrnl_Id="206">
<OpTerm BooleanOpId="5" Intrnl_Id="207">
<BasicBoolTerm Intrnl_Id="208">
<LocList>
<Loc EndOffset="5485" SrcFileId="2" StartOffset="5461"/>
</LocList>
</BasicBoolTerm>
<LocList>
<Loc EndOffset="5461" SrcFileId="2" StartOffset="5460"/>
</LocList>
</OpTerm>
</RootTerm>
</LoopStmnt>
<BasicStmnt CovItemId="S83" CovItemPrefix="my.PSM.PSM_Logic.appController.java" Intrnl_Id="209">
<LocList>
<Loc EndOffset="5613" SrcFileId="2" StartOffset="5592"/>
</LocList>
</BasicStmnt>
<BasicStmnt CovItemId="S84" CovItemPrefix="my.PSM.PSM_Logic.appController.java" Intrnl_Id="210">
<LocList>
<Loc EndOffset="5655" SrcFileId="2" StartOffset="5622"/>
</LocList>
</BasicStmnt>
<BasicStmnt CovItemId="S85" CovItemPrefix="my.PSM.PSM_Logic.appController.java" Intrnl_Id="211">
<LocList>
<Loc EndOffset="5807" SrcFileId="2" StartOffset="5673"/>
</LocList>
</BasicStmnt>
<BasicStmnt CovItemId="S86" CovItemPrefix="my.PSM.PSM_Logic.appController.java" Intrnl_Id="212">
<LocList>
<Loc EndOffset="6306" SrcFileId="2" StartOffset="5816"/>
</LocList>
</BasicStmnt>
</StmntSeq>
</HierarchyLvl>
<HierarchyLvl HierarchyLvlId="2258" HierarchyLvlTypeId="9" Intrnl_Id="213" Name="appEditSched">
<Header>
<Loc EndOffset="6351" SrcFileId="2" StartOffset="6318"/>
</Header>
<LocList>
<Loc EndOffset="7816" SrcFileId="2" StartOffset="6318"/>
</LocList>
<StmntSeq Intrnl_Id="214">
<LocList>
<Loc EndOffset="6407" SrcFileId="2" StartOffset="6383"/>
<Loc EndOffset="6578" SrcFileId="2" StartOffset="6417"/>
<Loc EndOffset="6623" SrcFileId="2" StartOffset="6588"/>
<Loc EndOffset="6653" SrcFileId="2" StartOffset="6632"/>
<Loc EndOffset="6700" SrcFileId="2" StartOffset="6663"/>
<Loc EndOffset="6728" SrcFileId="2" StartOffset="6709"/>
<Loc EndOffset="7003" SrcFileId="2" StartOffset="6746"/>
<Loc EndOffset="7136" SrcFileId="2" StartOffset="7021"/>
<Loc EndOffset="7175" SrcFileId="2" StartOffset="7154"/>
<Loc EndOffset="7214" SrcFileId="2" StartOffset="7184"/>
<Loc EndOffset="7808" SrcFileId="2" StartOffset="7304"/>
</LocList>
<BasicStmnt CovItemId="S87" CovItemPrefix="my.PSM.PSM_Logic.appController.java" Intrnl_Id="215">
<LocList>
<Loc EndOffset="6407" SrcFileId="2" StartOffset="6383"/>
</LocList>
</BasicStmnt>
<LoopStmnt CovItemId="S88" CovItemPrefix="my.PSM.PSM_Logic.appController.java" Intrnl_Id="216" MltplExecId="L4-2" MltplExecPrefix="my.PSM.PSM_Logic.appController.java" NvrExecId="L4-0" NvrExecPrefix="my.PSM.PSM_Logic.appController.java" OnceExecutedId="L4-1" OnceExecutedPrefix="my.PSM.PSM_Logic.appController.java" OptBodyExec="true">
<StmntSeq Intrnl_Id="217">
<LocList>
<Loc EndOffset="6502" SrcFileId="2" StartOffset="6460"/>
<Loc EndOffset="6526" SrcFileId="2" StartOffset="6515"/>
</LocList>
<BasicStmnt CovItemId="S89" CovItemPrefix="my.PSM.PSM_Logic.appController.java" Intrnl_Id="218">
<LocList>
<Loc EndOffset="6502" SrcFileId="2" StartOffset="6460"/>
</LocList>
</BasicStmnt>
<BasicStmnt CovItemId="S90" CovItemPrefix="my.PSM.PSM_Logic.appController.java" Intrnl_Id="219">
<LocList>
<Loc EndOffset="6526" SrcFileId="2" StartOffset="6515"/>
</LocList>
</BasicStmnt>
</StmntSeq>
<Keyword EndOffset="6422" SrcFileId="2" StartOffset="6417"/>
<LocList>
<Loc EndOffset="6578" SrcFileId="2" StartOffset="6417"/>
</LocList>
<RootTerm CovItemId="C10" CovItemPrefix="my.PSM.PSM_Logic.appController.java" Intrnl_Id="220">
<OpTerm BooleanOpId="5" Intrnl_Id="221">
<BasicBoolTerm Intrnl_Id="222">
<LocList>
<Loc EndOffset="6436" SrcFileId="2" StartOffset="6424"/>
</LocList>
</BasicBoolTerm>
<LocList>
<Loc EndOffset="6424" SrcFileId="2" StartOffset="6423"/>
</LocList>
</OpTerm>
</RootTerm>
</LoopStmnt>
<BasicStmnt CovItemId="S91" CovItemPrefix="my.PSM.PSM_Logic.appController.java" Intrnl_Id="223">
<LocList>
<Loc EndOffset="6623" SrcFileId="2" StartOffset="6588"/>
</LocList>
</BasicStmnt>
<BasicStmnt CovItemId="S92" CovItemPrefix="my.PSM.PSM_Logic.appController.java" Intrnl_Id="224">
<LocList>
<Loc EndOffset="6653" SrcFileId="2" StartOffset="6632"/>
</LocList>
</BasicStmnt>
<BasicStmnt CovItemId="S93" CovItemPrefix="my.PSM.PSM_Logic.appController.java" Intrnl_Id="225">
<LocList>
<Loc EndOffset="6700" SrcFileId="2" StartOffset="6663"/>
</LocList>
</BasicStmnt>
<BasicStmnt CovItemId="S94" CovItemPrefix="my.PSM.PSM_Logic.appController.java" Intrnl_Id="226">
<LocList>
<Loc EndOffset="6728" SrcFileId="2" StartOffset="6709"/>
</LocList>
</BasicStmnt>
<BasicStmnt CovItemId="S95" CovItemPrefix="my.PSM.PSM_Logic.appController.java" Intrnl_Id="227">
<LocList>
<Loc EndOffset="7003" SrcFileId="2" StartOffset="6746"/>
</LocList>
</BasicStmnt>
<LoopStmnt CovItemId="S96" CovItemPrefix="my.PSM.PSM_Logic.appController.java" Intrnl_Id="228" MltplExecId="L5-2" MltplExecPrefix="my.PSM.PSM_Logic.appController.java" NvrExecId="L5-0" NvrExecPrefix="my.PSM.PSM_Logic.appController.java" OnceExecutedId="L5-1" OnceExecutedPrefix="my.PSM.PSM_Logic.appController.java" OptBodyExec="true">
<StmntSeq Intrnl_Id="229">
<LocList>
<Loc EndOffset="7101" SrcFileId="2" StartOffset="7064"/>
<Loc EndOffset="7126" SrcFileId="2" StartOffset="7115"/>
</LocList>
<BasicStmnt CovItemId="S97" CovItemPrefix="my.PSM.PSM_Logic.appController.java" Intrnl_Id="230">
<LocList>
<Loc EndOffset="7101" SrcFileId="2" StartOffset="7064"/>
</LocList>
</BasicStmnt>
<BasicStmnt CovItemId="S98" CovItemPrefix="my.PSM.PSM_Logic.appController.java" Intrnl_Id="231">
<LocList>
<Loc EndOffset="7126" SrcFileId="2" StartOffset="7115"/>
</LocList>
</BasicStmnt>
</StmntSeq>
<Keyword EndOffset="7026" SrcFileId="2" StartOffset="7021"/>
<LocList>
<Loc EndOffset="7136" SrcFileId="2" StartOffset="7021"/>
</LocList>
<RootTerm CovItemId="C11" CovItemPrefix="my.PSM.PSM_Logic.appController.java" Intrnl_Id="232">
<OpTerm BooleanOpId="5" Intrnl_Id="233">
<BasicBoolTerm Intrnl_Id="234">
<LocList>
<Loc EndOffset="7040" SrcFileId="2" StartOffset="7028"/>
</LocList>
</BasicBoolTerm>
<LocList>
<Loc EndOffset="7028" SrcFileId="2" StartOffset="7027"/>
</LocList>
</OpTerm>
</RootTerm>
</LoopStmnt>
<BasicStmnt CovItemId="S99" CovItemPrefix="my.PSM.PSM_Logic.appController.java" Intrnl_Id="235">
<LocList>
<Loc EndOffset="7175" SrcFileId="2" StartOffset="7154"/>
</LocList>
</BasicStmnt>
<BasicStmnt CovItemId="S100" CovItemPrefix="my.PSM.PSM_Logic.appController.java" Intrnl_Id="236">
<LocList>
<Loc EndOffset="7214" SrcFileId="2" StartOffset="7184"/>
</LocList>
</BasicStmnt>
<BasicStmnt CovItemId="S101" CovItemPrefix="my.PSM.PSM_Logic.appController.java" Intrnl_Id="237">
<LocList>
<Loc EndOffset="7808" SrcFileId="2" StartOffset="7304"/>
</LocList>
</BasicStmnt>
</StmntSeq>
</HierarchyLvl>
<HierarchyLvl HierarchyLvlId="2259" HierarchyLvlTypeId="9" Intrnl_Id="238" Name="appLogin">
<Header>
<Loc EndOffset="7855" SrcFileId="2" StartOffset="7826"/>
</Header>
<LocList>
<Loc EndOffset="9277" SrcFileId="2" StartOffset="7826"/>
</LocList>
<StmntSeq Intrnl_Id="239">
<LocList>
<Loc EndOffset="9271" SrcFileId="2" StartOffset="7862"/>
</LocList>
<LoopStmnt CovItemId="S102" CovItemPrefix="my.PSM.PSM_Logic.appController.java" Intrnl_Id="240" MltplExecId="L6-2" MltplExecPrefix="my.PSM.PSM_Logic.appController.java" NvrExecId="L6-0" NvrExecPrefix="my.PSM.PSM_Logic.appController.java" OnceExecutedId="L6-1" OnceExecutedPrefix="my.PSM.PSM_Logic.appController.java" OptBodyExec="true">
<StmntSeq Intrnl_Id="241">
<LocList>
<Loc EndOffset="7937" SrcFileId="2" StartOffset="7912"/>
<Loc EndOffset="8134" SrcFileId="2" StartOffset="7976"/>
<Loc EndOffset="8179" SrcFileId="2" StartOffset="8148"/>
<Loc EndOffset="8214" SrcFileId="2" StartOffset="8193"/>
<Loc EndOffset="8263" SrcFileId="2" StartOffset="8228"/>
<Loc EndOffset="8312" SrcFileId="2" StartOffset="8277"/>
<Loc EndOffset="8380" SrcFileId="2" StartOffset="8341"/>
<Loc EndOffset="8557" SrcFileId="2" StartOffset="8394"/>
<Loc EndOffset="8983" SrcFileId="2" StartOffset="8601"/>
<Loc EndOffset="9261" SrcFileId="2" StartOffset="8997"/>
</LocList>
<BasicStmnt CovItemId="S103" CovItemPrefix="my.PSM.PSM_Logic.appController.java" Intrnl_Id="242">
<LocList>
<Loc EndOffset="7937" SrcFileId="2" StartOffset="7912"/>
</LocList>
</BasicStmnt>
<LoopStmnt CovItemId="S104" CovItemPrefix="my.PSM.PSM_Logic.appController.java" Intrnl_Id="243" MltplExecId="L7-2" MltplExecPrefix="my.PSM.PSM_Logic.appController.java" NvrExecId="L7-0" NvrExecPrefix="my.PSM.PSM_Logic.appController.java" OnceExecutedId="L7-1" OnceExecutedPrefix="my.PSM.PSM_Logic.appController.java" OptBodyExec="false">
<StmntSeq Intrnl_Id="244">
<LocList>
<Loc EndOffset="8051" SrcFileId="2" StartOffset="8011"/>
<Loc EndOffset="8080" SrcFileId="2" StartOffset="8069"/>
</LocList>
<BasicStmnt CovItemId="S105" CovItemPrefix="my.PSM.PSM_Logic.appController.java" Intrnl_Id="245">
<LocList>
<Loc EndOffset="8051" SrcFileId="2" StartOffset="8011"/>
</LocList>
</BasicStmnt>
<BasicStmnt CovItemId="S106" CovItemPrefix="my.PSM.PSM_Logic.appController.java" Intrnl_Id="246">
<LocList>
<Loc EndOffset="8080" SrcFileId="2" StartOffset="8069"/>
</LocList>
</BasicStmnt>
</StmntSeq>
<Keyword EndOffset="7978" SrcFileId="2" StartOffset="7976"/>
<LocList>
<Loc EndOffset="8134" SrcFileId="2" StartOffset="7976"/>
</LocList>
<RootTerm CovItemId="C13" CovItemPrefix="my.PSM.PSM_Logic.appController.java" Intrnl_Id="247">
<OpTerm BooleanOpId="5" Intrnl_Id="248">
<BasicBoolTerm Intrnl_Id="249">
<LocList>
<Loc EndOffset="8132" SrcFileId="2" StartOffset="8120"/>
</LocList>
</BasicBoolTerm>
<LocList>
<Loc EndOffset="8120" SrcFileId="2" StartOffset="8119"/>
</LocList>
</OpTerm>
</RootTerm>
</LoopStmnt>
<BasicStmnt CovItemId="S107" CovItemPrefix="my.PSM.PSM_Logic.appController.java" Intrnl_Id="250">
<LocList>
<Loc EndOffset="8179" SrcFileId="2" StartOffset="8148"/>
</LocList>
</BasicStmnt>
<BasicStmnt CovItemId="S108" CovItemPrefix="my.PSM.PSM_Logic.appController.java" Intrnl_Id="251">
<LocList>
<Loc EndOffset="8214" SrcFileId="2" StartOffset="8193"/>
</LocList>
</BasicStmnt>
<BasicStmnt CovItemId="S109" CovItemPrefix="my.PSM.PSM_Logic.appController.java" Intrnl_Id="252">
<LocList>
<Loc EndOffset="8263" SrcFileId="2" StartOffset="8228"/>
</LocList>
</BasicStmnt>
<BasicStmnt CovItemId="S110" CovItemPrefix="my.PSM.PSM_Logic.appController.java" Intrnl_Id="253">
<LocList>
<Loc EndOffset="8312" SrcFileId="2" StartOffset="8277"/>
</LocList>
</BasicStmnt>
<BasicStmnt CovItemId="S111" CovItemPrefix="my.PSM.PSM_Logic.appController.java" Intrnl_Id="254">
<LocList>
<Loc EndOffset="8380" SrcFileId="2" StartOffset="8341"/>
</LocList>
</BasicStmnt>
<CondStmnt CovItemId="S112" CovItemPrefix="my.PSM.PSM_Logic.appController.java" Intrnl_Id="255">
<Branch CovItemId="B13" CovItemPrefix="my.PSM.PSM_Logic.appController.java" Implct="false" Intrnl_Id="256">
<Cond/>
<LocList>
<Loc EndOffset="8557" SrcFileId="2" StartOffset="8419"/>
</LocList>
<StmntSeq Intrnl_Id="257">
<LocList>
<Loc EndOffset="8454" SrcFileId="2" StartOffset="8438"/>
<Loc EndOffset="8486" SrcFileId="2" StartOffset="8472"/>
<Loc EndOffset="8542" SrcFileId="2" StartOffset="8504"/>
</LocList>
<BasicStmnt CovItemId="S113" CovItemPrefix="my.PSM.PSM_Logic.appController.java" Intrnl_Id="258">
<LocList>
<Loc EndOffset="8454" SrcFileId="2" StartOffset="8438"/>
</LocList>
</BasicStmnt>
<BasicStmnt CovItemId="S114" CovItemPrefix="my.PSM.PSM_Logic.appController.java" Intrnl_Id="259">
<LocList>
<Loc EndOffset="8486" SrcFileId="2" StartOffset="8472"/>
</LocList>
</BasicStmnt>
<BasicStmnt CovItemId="S115" CovItemPrefix="my.PSM.PSM_Logic.appController.java" Intrnl_Id="260">
<LocList>
<Loc EndOffset="8542" SrcFileId="2" StartOffset="8504"/>
</LocList>
</BasicStmnt>
</StmntSeq>
</Branch>
<Branch CovItemId="B14" CovItemPrefix="my.PSM.PSM_Logic.appController.java" Implct="true" Intrnl_Id="261">
<Cond/>
<LocList/>
<StmntSeq Intrnl_Id="262">
<LocList/>
</StmntSeq>
</Branch>
<Keyword EndOffset="8396" SrcFileId="2" StartOffset="8394"/>
<LocList>
<Loc EndOffset="8557" SrcFileId="2" StartOffset="8394"/>
</LocList>
<RootTerm CovItemId="C14" CovItemPrefix="my.PSM.PSM_Logic.appController.java" Intrnl_Id="263">
<BasicBoolTerm Intrnl_Id="264">
<LocList>
<Loc EndOffset="8418" SrcFileId="2" StartOffset="8397"/>
</LocList>
</BasicBoolTerm>
</RootTerm>
</CondStmnt>
<CondStmnt CovItemId="S116" CovItemPrefix="my.PSM.PSM_Logic.appController.java" Intrnl_Id="265">
<Branch CovItemId="B15" CovItemPrefix="my.PSM.PSM_Logic.appController.java" Implct="false" Intrnl_Id="266">
<Cond/>
<LocList>
<Loc EndOffset="8983" SrcFileId="2" StartOffset="8614"/>
</LocList>
<StmntSeq Intrnl_Id="267">
<LocList>
<Loc EndOffset="8662" SrcFileId="2" StartOffset="8633"/>
<Loc EndOffset="8690" SrcFileId="2" StartOffset="8680"/>
<Loc EndOffset="8869" SrcFileId="2" StartOffset="8708"/>
<Loc EndOffset="8908" SrcFileId="2" StartOffset="8887"/>
<Loc EndOffset="8950" SrcFileId="2" StartOffset="8926"/>
</LocList>
<BasicStmnt CovItemId="S117" CovItemPrefix="my.PSM.PSM_Logic.appController.java" Intrnl_Id="268">
<LocList>
<Loc EndOffset="8662" SrcFileId="2" StartOffset="8633"/>
</LocList>
</BasicStmnt>
<BasicStmnt CovItemId="S118" CovItemPrefix="my.PSM.PSM_Logic.appController.java" Intrnl_Id="269">
<LocList>
<Loc EndOffset="8690" SrcFileId="2" StartOffset="8680"/>
</LocList>
</BasicStmnt>
<LoopStmnt CovItemId="S119" CovItemPrefix="my.PSM.PSM_Logic.appController.java" Intrnl_Id="270" MltplExecId="L8-2" MltplExecPrefix="my.PSM.PSM_Logic.appController.java" NvrExecId="L8-0" NvrExecPrefix="my.PSM.PSM_Logic.appController.java" OnceExecutedId="L8-1" OnceExecutedPrefix="my.PSM.PSM_Logic.appController.java" OptBodyExec="true">
<StmntSeq Intrnl_Id="271">
<LocList>
<Loc EndOffset="8803" SrcFileId="2" StartOffset="8769"/>
<Loc EndOffset="8850" SrcFileId="2" StartOffset="8825"/>
</LocList>
<BasicStmnt CovItemId="S120" CovItemPrefix="my.PSM.PSM_Logic.appController.java" Intrnl_Id="272">
<LocList>
<Loc EndOffset="8803" SrcFileId="2" StartOffset="8769"/>
</LocList>
</BasicStmnt>
<BasicStmnt CovItemId="S121" CovItemPrefix="my.PSM.PSM_Logic.appController.java" Intrnl_Id="273">
<LocList>
<Loc EndOffset="8850" SrcFileId="2" StartOffset="8825"/>
</LocList>
</BasicStmnt>
</StmntSeq>
<Keyword EndOffset="8713" SrcFileId="2" StartOffset="8708"/>
<LocList>
<Loc EndOffset="8869" SrcFileId="2" StartOffset="8708"/>
</LocList>
<RootTerm CovItemId="C16" CovItemPrefix="my.PSM.PSM_Logic.appController.java" Intrnl_Id="274">
<OpTerm BooleanOpId="5" Intrnl_Id="275">
<BasicBoolTerm Intrnl_Id="276">
<LocList>
<Loc EndOffset="8727" SrcFileId="2" StartOffset="8715"/>
</LocList>
</BasicBoolTerm>
<LocList>
<Loc EndOffset="8715" SrcFileId="2" StartOffset="8714"/>
</LocList>
</OpTerm>
</RootTerm>
</LoopStmnt>
<BasicStmnt CovItemId="S122" CovItemPrefix="my.PSM.PSM_Logic.appController.java" Intrnl_Id="277">
<LocList>
<Loc EndOffset="8908" SrcFileId="2" StartOffset="8887"/>
</LocList>
</BasicStmnt>
<BasicStmnt CovItemId="S123" CovItemPrefix="my.PSM.PSM_Logic.appController.java" Intrnl_Id="278">
<LocList>
<Loc EndOffset="8950" SrcFileId="2" StartOffset="8926"/>
</LocList>
</BasicStmnt>
</StmntSeq>
</Branch>
<Branch CovItemId="B16" CovItemPrefix="my.PSM.PSM_Logic.appController.java" Implct="true" Intrnl_Id="279">
<Cond/>
<LocList/>
<StmntSeq Intrnl_Id="280">
<LocList/>
</StmntSeq>
</Branch>
<Keyword EndOffset="8603" SrcFileId="2" StartOffset="8601"/>
<LocList>
<Loc EndOffset="8983" SrcFileId="2" StartOffset="8601"/>
</LocList>
<RootTerm CovItemId="C15" CovItemPrefix="my.PSM.PSM_Logic.appController.java" Intrnl_Id="281">
<OpTerm BooleanOpId="5" Intrnl_Id="282">
<BasicBoolTerm Intrnl_Id="283">
<LocList>
<Loc EndOffset="8613" SrcFileId="2" StartOffset="8605"/>
</LocList>
</BasicBoolTerm>
<LocList>
<Loc EndOffset="8605" SrcFileId="2" StartOffset="8604"/>
</LocList>
</OpTerm>
</RootTerm>
</CondStmnt>
<CondStmnt CovItemId="S124" CovItemPrefix="my.PSM.PSM_Logic.appController.java" Intrnl_Id="284">
<Branch CovItemId="B17" CovItemPrefix="my.PSM.PSM_Logic.appController.java" Implct="false" Intrnl_Id="285">
<Cond/>
<LocList>
<Loc EndOffset="9261" SrcFileId="2" StartOffset="9013"/>
</LocList>
<StmntSeq Intrnl_Id="286">
<LocList>
<Loc EndOffset="9067" SrcFileId="2" StartOffset="9049"/>
<Loc EndOffset="9221" SrcFileId="2" StartOffset="9085"/>
<Loc EndOffset="9246" SrcFileId="2" StartOffset="9239"/>
</LocList>
<BasicStmnt CovItemId="S125" CovItemPrefix="my.PSM.PSM_Logic.appController.java" Intrnl_Id="287">
<LocList>
<Loc EndOffset="9067" SrcFileId="2" StartOffset="9049"/>
</LocList>
</BasicStmnt>
<LoopStmnt CovItemId="S126" CovItemPrefix="my.PSM.PSM_Logic.appController.java" Intrnl_Id="288" MltplExecId="L9-2" MltplExecPrefix="my.PSM.PSM_Logic.appController.java" NvrExecId="L9-0" NvrExecPrefix="my.PSM.PSM_Logic.appController.java" OnceExecutedId="L9-1" OnceExecutedPrefix="my.PSM.PSM_Logic.appController.java" OptBodyExec="true">
<StmntSeq Intrnl_Id="289">
<LocList>
<Loc EndOffset="9180" SrcFileId="2" StartOffset="9146"/>
</LocList>
<BasicStmnt CovItemId="S127" CovItemPrefix="my.PSM.PSM_Logic.appController.java" Intrnl_Id="290">
<LocList>
<Loc EndOffset="9180" SrcFileId="2" StartOffset="9146"/>
</LocList>
</BasicStmnt>
</StmntSeq>
<Keyword EndOffset="9090" SrcFileId="2" StartOffset="9085"/>
<LocList>
<Loc EndOffset="9221" SrcFileId="2" StartOffset="9085"/>
</LocList>
<RootTerm CovItemId="C18" CovItemPrefix="my.PSM.PSM_Logic.appController.java" Intrnl_Id="291">
<OpTerm BooleanOpId="5" Intrnl_Id="292">
<BasicBoolTerm Intrnl_Id="293">
<LocList>
<Loc EndOffset="9104" SrcFileId="2" StartOffset="9092"/>
</LocList>
</BasicBoolTerm>
<LocList>
<Loc EndOffset="9092" SrcFileId="2" StartOffset="9091"/>
</LocList>
</OpTerm>
</RootTerm>
</LoopStmnt>
<BasicStmnt CovItemId="S128" CovItemPrefix="my.PSM.PSM_Logic.appController.java" Intrnl_Id="294">
<LocList>
<Loc EndOffset="9246" SrcFileId="2" StartOffset="9239"/>
</LocList>
</BasicStmnt>
</StmntSeq>
</Branch>
<Branch CovItemId="B18" CovItemPrefix="my.PSM.PSM_Logic.appController.java" Implct="true" Intrnl_Id="295">
<Cond/>
<LocList/>
<StmntSeq Intrnl_Id="296">
<LocList/>
</StmntSeq>
</Branch>
<Keyword EndOffset="8999" SrcFileId="2" StartOffset="8997"/>
<LocList>
<Loc EndOffset="9261" SrcFileId="2" StartOffset="8997"/>
</LocList>
<RootTerm CovItemId="C17" CovItemPrefix="my.PSM.PSM_Logic.appController.java" Intrnl_Id="297">
<BasicBoolTerm Intrnl_Id="298">
<LocList>
<Loc EndOffset="9012" SrcFileId="2" StartOffset="9000"/>
</LocList>
</BasicBoolTerm>
</RootTerm>
</CondStmnt>
</StmntSeq>
<Keyword EndOffset="7867" SrcFileId="2" StartOffset="7862"/>
<LocList>
<Loc EndOffset="9271" SrcFileId="2" StartOffset="7862"/>
</LocList>
<RootTerm CovItemId="C12" CovItemPrefix="my.PSM.PSM_Logic.appController.java" Intrnl_Id="299">
<OpTerm BooleanOpId="5" Intrnl_Id="300">
<BasicBoolTerm Intrnl_Id="301">
<LocList>
<Loc EndOffset="7877" SrcFileId="2" StartOffset="7869"/>
</LocList>
</BasicBoolTerm>
<LocList>
<Loc EndOffset="7869" SrcFileId="2" StartOffset="7868"/>
</LocList>
</OpTerm>
</RootTerm>
</LoopStmnt>
</StmntSeq>
</HierarchyLvl>
<HierarchyLvl HierarchyLvlId="2260" HierarchyLvlTypeId="9" Intrnl_Id="302" Name="checkClear">
<Header>
<Loc EndOffset="9316" SrcFileId="2" StartOffset="9282"/>
</Header>
<LocList>
<Loc EndOffset="9985" SrcFileId="2" StartOffset="9282"/>
</LocList>
<StmntSeq Intrnl_Id="303">
<LocList>
<Loc EndOffset="9385" SrcFileId="2" StartOffset="9331"/>
<Loc EndOffset="9436" SrcFileId="2" StartOffset="9394"/>
<Loc EndOffset="9483" SrcFileId="2" StartOffset="9445"/>
<Loc EndOffset="9941" SrcFileId="2" StartOffset="9501"/>
<Loc EndOffset="9962" SrcFileId="2" StartOffset="9950"/>
</LocList>
<BasicStmnt CovItemId="S129" CovItemPrefix="my.PSM.PSM_Logic.appController.java" Intrnl_Id="304">
<LocList>
<Loc EndOffset="9385" SrcFileId="2" StartOffset="9331"/>
</LocList>
</BasicStmnt>
<BasicStmnt CovItemId="S130" CovItemPrefix="my.PSM.PSM_Logic.appController.java" Intrnl_Id="305">
<LocList>
<Loc EndOffset="9436" SrcFileId="2" StartOffset="9394"/>
</LocList>
</BasicStmnt>
<BasicStmnt CovItemId="S131" CovItemPrefix="my.PSM.PSM_Logic.appController.java" Intrnl_Id="306">
<LocList>
<Loc EndOffset="9483" SrcFileId="2" StartOffset="9445"/>
</LocList>
</BasicStmnt>
<LoopStmnt CovItemId="S132" CovItemPrefix="my.PSM.PSM_Logic.appController.java" Intrnl_Id="307" MltplExecId="L10-2" MltplExecPrefix="my.PSM.PSM_Logic.appController.java" NvrExecId="L10-0" NvrExecPrefix="my.PSM.PSM_Logic.appController.java" OnceExecutedId="L10-1" OnceExecutedPrefix="my.PSM.PSM_Logic.appController.java" OptBodyExec="true">
<StmntSeq Intrnl_Id="308">
<LocList>
<Loc EndOffset="9592" SrcFileId="2" StartOffset="9564"/>
<Loc EndOffset="9842" SrcFileId="2" StartOffset="9788"/>
<Loc EndOffset="9914" SrcFileId="2" StartOffset="9855"/>
</LocList>
<BasicStmnt CovItemId="S133" CovItemPrefix="my.PSM.PSM_Logic.appController.java" Intrnl_Id="309">
<LocList>
<Loc EndOffset="9592" SrcFileId="2" StartOffset="9564"/>
</LocList>
</BasicStmnt>
<BasicStmnt CovItemId="S134" CovItemPrefix="my.PSM.PSM_Logic.appController.java" Intrnl_Id="310">
<LocList>
<Loc EndOffset="9842" SrcFileId="2" StartOffset="9788"/>
</LocList>
</BasicStmnt>
<CondStmnt CovItemId="S135" CovItemPrefix="my.PSM.PSM_Logic.appController.java" Intrnl_Id="311">
<Branch CovItemId="B19" CovItemPrefix="my.PSM.PSM_Logic.appController.java" Implct="false" Intrnl_Id="312">
<Cond/>
<LocList>
<Loc EndOffset="9914" SrcFileId="2" StartOffset="9901"/>
</LocList>
<StmntSeq Intrnl_Id="313">
<LocList>
<Loc EndOffset="9914" SrcFileId="2" StartOffset="9901"/>
</LocList>
<BasicStmnt CovItemId="S136" CovItemPrefix="my.PSM.PSM_Logic.appController.java" Intrnl_Id="314">
<LocList>
<Loc EndOffset="9914" SrcFileId="2" StartOffset="9901"/>
</LocList>
</BasicStmnt>
</StmntSeq>
</Branch>
<Branch CovItemId="B20" CovItemPrefix="my.PSM.PSM_Logic.appController.java" Implct="true" Intrnl_Id="315">
<Cond/>
<LocList/>
<StmntSeq Intrnl_Id="316">
<LocList/>
</StmntSeq>
</Branch>
<Keyword EndOffset="9857" SrcFileId="2" StartOffset="9855"/>
<LocList>
<Loc EndOffset="9914" SrcFileId="2" StartOffset="9855"/>
</LocList>
<RootTerm CovItemId="C20" CovItemPrefix="my.PSM.PSM_Logic.appController.java" Intrnl_Id="317">
<BasicBoolTerm Intrnl_Id="318">
<LocList>
<Loc EndOffset="9884" SrcFileId="2" StartOffset="9858"/>
</LocList>
</BasicBoolTerm>
</RootTerm>
</CondStmnt>
</StmntSeq>
<Keyword EndOffset="9504" SrcFileId="2" StartOffset="9501"/>
<LocList>
<Loc EndOffset="9941" SrcFileId="2" StartOffset="9501"/>
</LocList>
<RootTerm CovItemId="C19" CovItemPrefix="my.PSM.PSM_Logic.appController.java" Intrnl_Id="319">
<BasicBoolTerm Intrnl_Id="320">
<LocList>
<Loc EndOffset="9535" SrcFileId="2" StartOffset="9516"/>
</LocList>
</BasicBoolTerm>
</RootTerm>
</LoopStmnt>
<BasicStmnt CovItemId="S137" CovItemPrefix="my.PSM.PSM_Logic.appController.java" Intrnl_Id="321">
<LocList>
<Loc EndOffset="9962" SrcFileId="2" StartOffset="9950"/>
</LocList>
</BasicStmnt>
</StmntSeq>
</HierarchyLvl>
<HierarchyLvl HierarchyLvlId="2261" HierarchyLvlTypeId="9" Intrnl_Id="322" Name="checkTimes">
<Header>
<Loc EndOffset="10034" SrcFileId="2" StartOffset="10003"/>
</Header>
<LocList>
<Loc EndOffset="12089" SrcFileId="2" StartOffset="10003"/>
</LocList>
<StmntSeq Intrnl_Id="323">
<LocList>
<Loc EndOffset="10105" SrcFileId="2" StartOffset="10049"/>
<Loc EndOffset="10164" SrcFileId="2" StartOffset="10123"/>
<Loc EndOffset="10219" SrcFileId="2" StartOffset="10173"/>
<Loc EndOffset="10278" SrcFileId="2" StartOffset="10228"/>
<Loc EndOffset="12072" SrcFileId="2" StartOffset="10422"/>
</LocList>
<BasicStmnt CovItemId="S138" CovItemPrefix="my.PSM.PSM_Logic.appController.java" Intrnl_Id="324">
<LocList>
<Loc EndOffset="10105" SrcFileId="2" StartOffset="10049"/>
</LocList>
</BasicStmnt>
<BasicStmnt CovItemId="S139" CovItemPrefix="my.PSM.PSM_Logic.appController.java" Intrnl_Id="325">
<LocList>
<Loc EndOffset="10164" SrcFileId="2" StartOffset="10123"/>
</LocList>
</BasicStmnt>
<BasicStmnt CovItemId="S140" CovItemPrefix="my.PSM.PSM_Logic.appController.java" Intrnl_Id="326">
<LocList>
<Loc EndOffset="10219" SrcFileId="2" StartOffset="10173"/>
</LocList>
</BasicStmnt>
<BasicStmnt CovItemId="S141" CovItemPrefix="my.PSM.PSM_Logic.appController.java" Intrnl_Id="327">
<LocList>
<Loc EndOffset="10278" SrcFileId="2" StartOffset="10228"/>
</LocList>
</BasicStmnt>
<LoopStmnt CovItemId="S142" CovItemPrefix="my.PSM.PSM_Logic.appController.java" Intrnl_Id="328" MltplExecId="L11-2" MltplExecPrefix="my.PSM.PSM_Logic.appController.java" NvrExecId="L11-0" NvrExecPrefix="my.PSM.PSM_Logic.appController.java" OnceExecutedId="L11-1" OnceExecutedPrefix="my.PSM.PSM_Logic.appController.java" OptBodyExec="true">
<StmntSeq Intrnl_Id="329">
<LocList>
<Loc EndOffset="10509" SrcFileId="2" StartOffset="10487"/>
<Loc EndOffset="10560" SrcFileId="2" StartOffset="10522"/>
<Loc EndOffset="10608" SrcFileId="2" StartOffset="10573"/>
<Loc EndOffset="11660" SrcFileId="2" StartOffset="10634"/>
<Loc EndOffset="12062" SrcFileId="2" StartOffset="11699"/>
</LocList>
<BasicStmnt CovItemId="S143" CovItemPrefix="my.PSM.PSM_Logic.appController.java" Intrnl_Id="330">
<LocList>
<Loc EndOffset="10509" SrcFileId="2" StartOffset="10487"/>
</LocList>
</BasicStmnt>
<BasicStmnt CovItemId="S144" CovItemPrefix="my.PSM.PSM_Logic.appController.java" Intrnl_Id="331">
<LocList>
<Loc EndOffset="10560" SrcFileId="2" StartOffset="10522"/>
</LocList>
</BasicStmnt>
<BasicStmnt CovItemId="S145" CovItemPrefix="my.PSM.PSM_Logic.appController.java" Intrnl_Id="332">
<LocList>
<Loc EndOffset="10608" SrcFileId="2" StartOffset="10573"/>
</LocList>
</BasicStmnt>
<CondStmnt CovItemId="S146" CovItemPrefix="my.PSM.PSM_Logic.appController.java" Intrnl_Id="333">
<Branch CovItemId="B21" CovItemPrefix="my.PSM.PSM_Logic.appController.java" Implct="false" Intrnl_Id="334">
<Cond/>
<LocList>
<Loc EndOffset="10785" SrcFileId="2" StartOffset="10698"/>
</LocList>
<StmntSeq Intrnl_Id="335">
<LocList>
<Loc EndOffset="10739" SrcFileId="2" StartOffset="10716"/>
<Loc EndOffset="10771" SrcFileId="2" StartOffset="10756"/>
</LocList>
<BasicStmnt CovItemId="S147" CovItemPrefix="my.PSM.PSM_Logic.appController.java" Intrnl_Id="336">
<LocList>
<Loc EndOffset="10739" SrcFileId="2" StartOffset="10716"/>
</LocList>
</BasicStmnt>
<BasicStmnt CovItemId="S148" CovItemPrefix="my.PSM.PSM_Logic.appController.java" Intrnl_Id="337">
<LocList>
<Loc EndOffset="10771" SrcFileId="2" StartOffset="10756"/>
</LocList>
</BasicStmnt>
</StmntSeq>
</Branch>
<Branch CovItemId="B22" CovItemPrefix="my.PSM.PSM_Logic.appController.java" Implct="false" Intrnl_Id="338">
<Cond>
<Loc EndOffset="10802" SrcFileId="2" StartOffset="10798"/>
</Cond>
<LocList>
<Loc EndOffset="11660" SrcFileId="2" StartOffset="10803"/>
</LocList>
<StmntSeq Intrnl_Id="339">
<LocList>
<Loc EndOffset="11660" SrcFileId="2" StartOffset="10803"/>
</LocList>
<CondStmnt CovItemId="S149" CovItemPrefix="my.PSM.PSM_Logic.appController.java" Intrnl_Id="340">
<Branch CovItemId="B23" CovItemPrefix="my.PSM.PSM_Logic.appController.java" Implct="false" Intrnl_Id="341">
<Cond/>
<LocList>
<Loc EndOffset="10954" SrcFileId="2" StartOffset="10867"/>
</LocList>
<StmntSeq Intrnl_Id="342">
<LocList>
<Loc EndOffset="10908" SrcFileId="2" StartOffset="10885"/>
<Loc EndOffset="10940" SrcFileId="2" StartOffset="10925"/>
</LocList>
<BasicStmnt CovItemId="S150" CovItemPrefix="my.PSM.PSM_Logic.appController.java" Intrnl_Id="343">
<LocList>
<Loc EndOffset="10908" SrcFileId="2" StartOffset="10885"/>
</LocList>
</BasicStmnt>
<BasicStmnt CovItemId="S151" CovItemPrefix="my.PSM.PSM_Logic.appController.java" Intrnl_Id="344">
<LocList>
<Loc EndOffset="10940" SrcFileId="2" StartOffset="10925"/>
</LocList>
</BasicStmnt>
</StmntSeq>
</Branch>
<Branch CovItemId="B24" CovItemPrefix="my.PSM.PSM_Logic.appController.java" Implct="false" Intrnl_Id="345">
<Cond>
<Loc EndOffset="10971" SrcFileId="2" StartOffset="10967"/>
</Cond>
<LocList>
<Loc EndOffset="11660" SrcFileId="2" StartOffset="10972"/>
</LocList>
<StmntSeq Intrnl_Id="346">
<LocList>
<Loc EndOffset="11660" SrcFileId="2" StartOffset="10972"/>
</LocList>
<CondStmnt CovItemId="S152" CovItemPrefix="my.PSM.PSM_Logic.appController.java" Intrnl_Id="347">
<Branch CovItemId="B25" CovItemPrefix="my.PSM.PSM_Logic.appController.java" Implct="false" Intrnl_Id="348">
<Cond/>
<LocList>
<Loc EndOffset="11123" SrcFileId="2" StartOffset="11036"/>
</LocList>
<StmntSeq Intrnl_Id="349">
<LocList>
<Loc EndOffset="11077" SrcFileId="2" StartOffset="11054"/>
<Loc EndOffset="11109" SrcFileId="2" StartOffset="11094"/>
</LocList>
<BasicStmnt CovItemId="S153" CovItemPrefix="my.PSM.PSM_Logic.appController.java" Intrnl_Id="350">
<LocList>
<Loc EndOffset="11077" SrcFileId="2" StartOffset="11054"/>
</LocList>
</BasicStmnt>
<BasicStmnt CovItemId="S154" CovItemPrefix="my.PSM.PSM_Logic.appController.java" Intrnl_Id="351">
<LocList>
<Loc EndOffset="11109" SrcFileId="2" StartOffset="11094"/>
</LocList>
</BasicStmnt>
</StmntSeq>
</Branch>
<Branch CovItemId="B26" CovItemPrefix="my.PSM.PSM_Logic.appController.java" Implct="false" Intrnl_Id="352">
<Cond>
<Loc EndOffset="11140" SrcFileId="2" StartOffset="11136"/>
</Cond>
<LocList>
<Loc EndOffset="11660" SrcFileId="2" StartOffset="11141"/>
</LocList>
<StmntSeq Intrnl_Id="353">
<LocList>
<Loc EndOffset="11660" SrcFileId="2" StartOffset="11141"/>
</LocList>
<CondStmnt CovItemId="S155" CovItemPrefix="my.PSM.PSM_Logic.appController.java" Intrnl_Id="354">
<Branch CovItemId="B27" CovItemPrefix="my.PSM.PSM_Logic.appController.java" Implct="false" Intrnl_Id="355">
<Cond/>
<LocList>
<Loc EndOffset="11292" SrcFileId="2" StartOffset="11205"/>
</LocList>
<StmntSeq Intrnl_Id="356">
<LocList>
<Loc EndOffset="11246" SrcFileId="2" StartOffset="11223"/>
<Loc EndOffset="11278" SrcFileId="2" StartOffset="11263"/>
</LocList>
<BasicStmnt CovItemId="S156" CovItemPrefix="my.PSM.PSM_Logic.appController.java" Intrnl_Id="357">
<LocList>
<Loc EndOffset="11246" SrcFileId="2" StartOffset="11223"/>
</LocList>
</BasicStmnt>
<BasicStmnt CovItemId="S157" CovItemPrefix="my.PSM.PSM_Logic.appController.java" Intrnl_Id="358">
<LocList>
<Loc EndOffset="11278" SrcFileId="2" StartOffset="11263"/>
</LocList>
</BasicStmnt>
</StmntSeq>
</Branch>
<Branch CovItemId="B28" CovItemPrefix="my.PSM.PSM_Logic.appController.java" Implct="false" Intrnl_Id="359">
<Cond>
<Loc EndOffset="11309" SrcFileId="2" StartOffset="11305"/>
</Cond>
<LocList>
<Loc EndOffset="11660" SrcFileId="2" StartOffset="11310"/>
</LocList>
<StmntSeq Intrnl_Id="360">
<LocList>
<Loc EndOffset="11660" SrcFileId="2" StartOffset="11310"/>
</LocList>
<CondStmnt CovItemId="S158" CovItemPrefix="my.PSM.PSM_Logic.appController.java" Intrnl_Id="361">
<Branch CovItemId="B29" CovItemPrefix="my.PSM.PSM_Logic.appController.java" Implct="false" Intrnl_Id="362">
<Cond/>
<LocList>
<Loc EndOffset="11461" SrcFileId="2" StartOffset="11374"/>
</LocList>
<StmntSeq Intrnl_Id="363">
<LocList>
<Loc EndOffset="11415" SrcFileId="2" StartOffset="11392"/>
<Loc EndOffset="11447" SrcFileId="2" StartOffset="11432"/>
</LocList>
<BasicStmnt CovItemId="S159" CovItemPrefix="my.PSM.PSM_Logic.appController.java" Intrnl_Id="364">
<LocList>
<Loc EndOffset="11415" SrcFileId="2" StartOffset="11392"/>
</LocList>
</BasicStmnt>
<BasicStmnt CovItemId="S160" CovItemPrefix="my.PSM.PSM_Logic.appController.java" Intrnl_Id="365">
<LocList>
<Loc EndOffset="11447" SrcFileId="2" StartOffset="11432"/>
</LocList>
</BasicStmnt>
</StmntSeq>
</Branch>
<Branch CovItemId="B30" CovItemPrefix="my.PSM.PSM_Logic.appController.java" Implct="false" Intrnl_Id="366">
<Cond>
<Loc EndOffset="11491" SrcFileId="2" StartOffset="11487"/>
</Cond>
<LocList>
<Loc EndOffset="11660" SrcFileId="2" StartOffset="11492"/>
</LocList>
<StmntSeq Intrnl_Id="367">
<LocList>
<Loc EndOffset="11660" SrcFileId="2" StartOffset="11492"/>
</LocList>
<CondStmnt CovItemId="S161" CovItemPrefix="my.PSM.PSM_Logic.appController.java" Intrnl_Id="368">
<Branch CovItemId="B31" CovItemPrefix="my.PSM.PSM_Logic.appController.java" Implct="false" Intrnl_Id="369">
<Cond/>
<LocList>
<Loc EndOffset="11660" SrcFileId="2" StartOffset="11556"/>
</LocList>
<StmntSeq Intrnl_Id="370">
<LocList>
<Loc EndOffset="11614" SrcFileId="2" StartOffset="11591"/>
<Loc EndOffset="11646" SrcFileId="2" StartOffset="11631"/>
</LocList>
<BasicStmnt CovItemId="S162" CovItemPrefix="my.PSM.PSM_Logic.appController.java" Intrnl_Id="371">
<LocList>
<Loc EndOffset="11614" SrcFileId="2" StartOffset="11591"/>
</LocList>
</BasicStmnt>
<BasicStmnt CovItemId="S163" CovItemPrefix="my.PSM.PSM_Logic.appController.java" Intrnl_Id="372">
<LocList>
<Loc EndOffset="11646" SrcFileId="2" StartOffset="11631"/>
</LocList>
</BasicStmnt>
</StmntSeq>
</Branch>
<Branch CovItemId="B32" CovItemPrefix="my.PSM.PSM_Logic.appController.java" Implct="true" Intrnl_Id="373">
<Cond/>
<LocList/>
<StmntSeq Intrnl_Id="374">
<LocList/>
</StmntSeq>
</Branch>
<Keyword EndOffset="11494" SrcFileId="2" StartOffset="11492"/>
<LocList>
<Loc EndOffset="11660" SrcFileId="2" StartOffset="11492"/>
</LocList>
<RootTerm CovItemId="C27" CovItemPrefix="my.PSM.PSM_Logic.appController.java" Intrnl_Id="375">
<OpTerm BooleanOpId="6" Intrnl_Id="376">
<BasicBoolTerm Intrnl_Id="377">
<LocList>
<Loc EndOffset="11510" SrcFileId="2" StartOffset="11495"/>
</LocList>
</BasicBoolTerm>
<BasicBoolTerm Intrnl_Id="378">
<LocList>
<Loc EndOffset="11542" SrcFileId="2" StartOffset="11514"/>
</LocList>
</BasicBoolTerm>
<LocList>
<Loc EndOffset="11513" SrcFileId="2" StartOffset="11511"/>
</LocList>
</OpTerm>
</RootTerm>
</CondStmnt>
</StmntSeq>
</Branch>
<Keyword EndOffset="11312" SrcFileId="2" StartOffset="11310"/>
<LocList>
<Loc EndOffset="11660" SrcFileId="2" StartOffset="11310"/>
</LocList>
<RootTerm CovItemId="C26" CovItemPrefix="my.PSM.PSM_Logic.appController.java" Intrnl_Id="379">
<OpTerm BooleanOpId="6" Intrnl_Id="380">
<BasicBoolTerm Intrnl_Id="381">
<LocList>
<Loc EndOffset="11328" SrcFileId="2" StartOffset="11313"/>
</LocList>
</BasicBoolTerm>
<BasicBoolTerm Intrnl_Id="382">
<LocList>
<Loc EndOffset="11360" SrcFileId="2" StartOffset="11332"/>
</LocList>
</BasicBoolTerm>
<LocList>
<Loc EndOffset="11331" SrcFileId="2" StartOffset="11329"/>
</LocList>
</OpTerm>
</RootTerm>
</CondStmnt>
</StmntSeq>
</Branch>
<Keyword EndOffset="11143" SrcFileId="2" StartOffset="11141"/>
<LocList>
<Loc EndOffset="11660" SrcFileId="2" StartOffset="11141"/>
</LocList>
<RootTerm CovItemId="C25" CovItemPrefix="my.PSM.PSM_Logic.appController.java" Intrnl_Id="383">
<OpTerm BooleanOpId="6" Intrnl_Id="384">
<BasicBoolTerm Intrnl_Id="385">
<LocList>
<Loc EndOffset="11159" SrcFileId="2" StartOffset="11144"/>
</LocList>
</BasicBoolTerm>
<BasicBoolTerm Intrnl_Id="386">
<LocList>
<Loc EndOffset="11191" SrcFileId="2" StartOffset="11163"/>
</LocList>
</BasicBoolTerm>
<LocList>
<Loc EndOffset="11162" SrcFileId="2" StartOffset="11160"/>
</LocList>
</OpTerm>
</RootTerm>
</CondStmnt>
</StmntSeq>
</Branch>
<Keyword EndOffset="10974" SrcFileId="2" StartOffset="10972"/>
<LocList>
<Loc EndOffset="11660" SrcFileId="2" StartOffset="10972"/>
</LocList>
<RootTerm CovItemId="C24" CovItemPrefix="my.PSM.PSM_Logic.appController.java" Intrnl_Id="387">
<OpTerm BooleanOpId="6" Intrnl_Id="388">
<BasicBoolTerm Intrnl_Id="389">
<LocList>
<Loc EndOffset="10990" SrcFileId="2" StartOffset="10975"/>
</LocList>
</BasicBoolTerm>
<BasicBoolTerm Intrnl_Id="390">
<LocList>
<Loc EndOffset="11022" SrcFileId="2" StartOffset="10994"/>
</LocList>
</BasicBoolTerm>
<LocList>
<Loc EndOffset="10993" SrcFileId="2" StartOffset="10991"/>
</LocList>
</OpTerm>
</RootTerm>
</CondStmnt>
</StmntSeq>
</Branch>
<Keyword EndOffset="10805" SrcFileId="2" StartOffset="10803"/>
<LocList>
<Loc EndOffset="11660" SrcFileId="2" StartOffset="10803"/>
</LocList>
<RootTerm CovItemId="C23" CovItemPrefix="my.PSM.PSM_Logic.appController.java" Intrnl_Id="391">
<OpTerm BooleanOpId="6" Intrnl_Id="392">
<BasicBoolTerm Intrnl_Id="393">
<LocList>
<Loc EndOffset="10821" SrcFileId="2" StartOffset="10806"/>
</LocList>
</BasicBoolTerm>
<BasicBoolTerm Intrnl_Id="394">
<LocList>
<Loc EndOffset="10853" SrcFileId="2" StartOffset="10825"/>
</LocList>
</BasicBoolTerm>
<LocList>
<Loc EndOffset="10824" SrcFileId="2" StartOffset="10822"/>
</LocList>
</OpTerm>
</RootTerm>
</CondStmnt>
</StmntSeq>
</Branch>
<Keyword EndOffset="10636" SrcFileId="2" StartOffset="10634"/>
<LocList>
<Loc EndOffset="11660" SrcFileId="2" StartOffset="10634"/>
</LocList>
<RootTerm CovItemId="C22" CovItemPrefix="my.PSM.PSM_Logic.appController.java" Intrnl_Id="395">
<OpTerm BooleanOpId="6" Intrnl_Id="396">
<BasicBoolTerm Intrnl_Id="397">
<LocList>
<Loc EndOffset="10652" SrcFileId="2" StartOffset="10637"/>
</LocList>
</BasicBoolTerm>
<BasicBoolTerm Intrnl_Id="398">
<LocList>
<Loc EndOffset="10684" SrcFileId="2" StartOffset="10656"/>
</LocList>
</BasicBoolTerm>
<LocList>
<Loc EndOffset="10655" SrcFileId="2" StartOffset="10653"/>
</LocList>
</OpTerm>
</RootTerm>
</CondStmnt>
<CondStmnt CovItemId="S164" CovItemPrefix="my.PSM.PSM_Logic.appController.java" Intrnl_Id="399">
<Branch CovItemId="B33" CovItemPrefix="my.PSM.PSM_Logic.appController.java" Implct="false" Intrnl_Id="400">
<Cond/>
<LocList>
<Loc EndOffset="12062" SrcFileId="2" StartOffset="11710"/>
</LocList>
<StmntSeq Intrnl_Id="401">
<LocList>
<Loc EndOffset="11761" SrcFileId="2" StartOffset="11728"/>
<Loc EndOffset="11816" SrcFileId="2" StartOffset="11778"/>
<Loc EndOffset="11870" SrcFileId="2" StartOffset="11833"/>
<Loc EndOffset="11943" SrcFileId="2" StartOffset="11901"/>
<Loc EndOffset="11991" SrcFileId="2" StartOffset="11960"/>
<Loc EndOffset="12048" SrcFileId="2" StartOffset="12008"/>
</LocList>
<BasicStmnt CovItemId="S165" CovItemPrefix="my.PSM.PSM_Logic.appController.java" Intrnl_Id="402">
<LocList>
<Loc EndOffset="11761" SrcFileId="2" StartOffset="11728"/>
</LocList>
</BasicStmnt>
<BasicStmnt CovItemId="S166" CovItemPrefix="my.PSM.PSM_Logic.appController.java" Intrnl_Id="403">
<LocList>
<Loc EndOffset="11816" SrcFileId="2" StartOffset="11778"/>
</LocList>
</BasicStmnt>
<BasicStmnt CovItemId="S167" CovItemPrefix="my.PSM.PSM_Logic.appController.java" Intrnl_Id="404">
<LocList>
<Loc EndOffset="11870" SrcFileId="2" StartOffset="11833"/>
</LocList>
</BasicStmnt>
<BasicStmnt CovItemId="S168" CovItemPrefix="my.PSM.PSM_Logic.appController.java" Intrnl_Id="405">
<LocList>
<Loc EndOffset="11943" SrcFileId="2" StartOffset="11901"/>
</LocList>
</BasicStmnt>
<BasicStmnt CovItemId="S169" CovItemPrefix="my.PSM.PSM_Logic.appController.java" Intrnl_Id="406">
<LocList>
<Loc EndOffset="11991" SrcFileId="2" StartOffset="11960"/>
</LocList>
</BasicStmnt>
<BasicStmnt CovItemId="S170" CovItemPrefix="my.PSM.PSM_Logic.appController.java" Intrnl_Id="407">
<LocList>
<Loc EndOffset="12048" SrcFileId="2" StartOffset="12008"/>
</LocList>
</BasicStmnt>
</StmntSeq>
</Branch>
<Branch CovItemId="B34" CovItemPrefix="my.PSM.PSM_Logic.appController.java" Implct="true" Intrnl_Id="408">
<Cond/>
<LocList/>
<StmntSeq Intrnl_Id="409">
<LocList/>
</StmntSeq>
</Branch>
<Keyword EndOffset="11701" SrcFileId="2" StartOffset="11699"/>
<LocList>
<Loc EndOffset="12062" SrcFileId="2" StartOffset="11699"/>
</LocList>
<RootTerm CovItemId="C28" CovItemPrefix="my.PSM.PSM_Logic.appController.java" Intrnl_Id="410">
<OpTerm BooleanOpId="5" Intrnl_Id="411">
<BasicBoolTerm Intrnl_Id="412">
<LocList>
<Loc EndOffset="11709" SrcFileId="2" StartOffset="11703"/>
</LocList>
</BasicBoolTerm>
<LocList>
<Loc EndOffset="11703" SrcFileId="2" StartOffset="11702"/>
</LocList>
</OpTerm>
</RootTerm>
</CondStmnt>
</StmntSeq>
<Keyword EndOffset="10425" SrcFileId="2" StartOffset="10422"/>
<LocList>
<Loc EndOffset="12072" SrcFileId="2" StartOffset="10422"/>
</LocList>
<RootTerm CovItemId="C21" CovItemPrefix="my.PSM.PSM_Logic.appController.java" Intrnl_Id="413">
<BasicBoolTerm Intrnl_Id="414">
<LocList>
<Loc EndOffset="10458" SrcFileId="2" StartOffset="10437"/>
</LocList>
</BasicBoolTerm>
</RootTerm>
</LoopStmnt>
</StmntSeq>
</HierarchyLvl>
<HierarchyLvl HierarchyLvlId="2262" HierarchyLvlTypeId="9" Intrnl_Id="415" Name="getData">
<Header>
<Loc EndOffset="12137" SrcFileId="2" StartOffset="12099"/>
</Header>
<LocList>
<Loc EndOffset="13103" SrcFileId="2" StartOffset="12099"/>
</LocList>
<StmntSeq Intrnl_Id="416">
<LocList>
<Loc EndOffset="12196" SrcFileId="2" StartOffset="12152"/>
<Loc EndOffset="12258" SrcFileId="2" StartOffset="12205"/>
<Loc EndOffset="12318" SrcFileId="2" StartOffset="12267"/>
<Loc EndOffset="12380" SrcFileId="2" StartOffset="12327"/>
<Loc EndOffset="12438" SrcFileId="2" StartOffset="12389"/>
<Loc EndOffset="12494" SrcFileId="2" StartOffset="12447"/>
<Loc EndOffset="12546" SrcFileId="2" StartOffset="12503"/>
<Loc EndOffset="12602" SrcFileId="2" StartOffset="12555"/>
<Loc EndOffset="12654" SrcFileId="2" StartOffset="12611"/>
<Loc EndOffset="12710" SrcFileId="2" StartOffset="12663"/>
<Loc EndOffset="12762" SrcFileId="2" StartOffset="12719"/>
<Loc EndOffset="12818" SrcFileId="2" StartOffset="12771"/>
<Loc EndOffset="12870" SrcFileId="2" StartOffset="12827"/>
<Loc EndOffset="12926" SrcFileId="2" StartOffset="12879"/>
<Loc EndOffset="12978" SrcFileId="2" StartOffset="12935"/>
<Loc EndOffset="13034" SrcFileId="2" StartOffset="12987"/>
<Loc EndOffset="13086" SrcFileId="2" StartOffset="13043"/>
</LocList>
<BasicStmnt CovItemId="S171" CovItemPrefix="my.PSM.PSM_Logic.appController.java" Intrnl_Id="417">
<LocList>
<Loc EndOffset="12196" SrcFileId="2" StartOffset="12152"/>
</LocList>
</BasicStmnt>
<BasicStmnt CovItemId="S172" CovItemPrefix="my.PSM.PSM_Logic.appController.java" Intrnl_Id="418">
<LocList>
<Loc EndOffset="12258" SrcFileId="2" StartOffset="12205"/>
</LocList>
</BasicStmnt>
<BasicStmnt CovItemId="S173" CovItemPrefix="my.PSM.PSM_Logic.appController.java" Intrnl_Id="419">
<LocList>
<Loc EndOffset="12318" SrcFileId="2" StartOffset="12267"/>
</LocList>
</BasicStmnt>
<BasicStmnt CovItemId="S174" CovItemPrefix="my.PSM.PSM_Logic.appController.java" Intrnl_Id="420">
<LocList>
<Loc EndOffset="12380" SrcFileId="2" StartOffset="12327"/>
</LocList>
</BasicStmnt>
<BasicStmnt CovItemId="S175" CovItemPrefix="my.PSM.PSM_Logic.appController.java" Intrnl_Id="421">
<LocList>
<Loc EndOffset="12438" SrcFileId="2" StartOffset="12389"/>
</LocList>
</BasicStmnt>
<BasicStmnt CovItemId="S176" CovItemPrefix="my.PSM.PSM_Logic.appController.java" Intrnl_Id="422">
<LocList>
<Loc EndOffset="12494" SrcFileId="2" StartOffset="12447"/>
</LocList>
</BasicStmnt>
<BasicStmnt CovItemId="S177" CovItemPrefix="my.PSM.PSM_Logic.appController.java" Intrnl_Id="423">
<LocList>
<Loc EndOffset="12546" SrcFileId="2" StartOffset="12503"/>
</LocList>
</BasicStmnt>
<BasicStmnt CovItemId="S178" CovItemPrefix="my.PSM.PSM_Logic.appController.java" Intrnl_Id="424">
<LocList>
<Loc EndOffset="12602" SrcFileId="2" StartOffset="12555"/>
</LocList>
</BasicStmnt>
<BasicStmnt CovItemId="S179" CovItemPrefix="my.PSM.PSM_Logic.appController.java" Intrnl_Id="425">
<LocList>
<Loc EndOffset="12654" SrcFileId="2" StartOffset="12611"/>
</LocList>
</BasicStmnt>
<BasicStmnt CovItemId="S180" CovItemPrefix="my.PSM.PSM_Logic.appController.java" Intrnl_Id="426">
<LocList>
<Loc EndOffset="12710" SrcFileId="2" StartOffset="12663"/>
</LocList>
</BasicStmnt>
<BasicStmnt CovItemId="S181" CovItemPrefix="my.PSM.PSM_Logic.appController.java" Intrnl_Id="427">
<LocList>
<Loc EndOffset="12762" SrcFileId="2" StartOffset="12719"/>
</LocList>
</BasicStmnt>
<BasicStmnt CovItemId="S182" CovItemPrefix="my.PSM.PSM_Logic.appController.java" Intrnl_Id="428">
<LocList>
<Loc EndOffset="12818" SrcFileId="2" StartOffset="12771"/>
</LocList>
</BasicStmnt>
<BasicStmnt CovItemId="S183" CovItemPrefix="my.PSM.PSM_Logic.appController.java" Intrnl_Id="429">
<LocList>
<Loc EndOffset="12870" SrcFileId="2" StartOffset="12827"/>
</LocList>
</BasicStmnt>
<BasicStmnt CovItemId="S184" CovItemPrefix="my.PSM.PSM_Logic.appController.java" Intrnl_Id="430">
<LocList>
<Loc EndOffset="12926" SrcFileId="2" StartOffset="12879"/>
</LocList>
</BasicStmnt>
<BasicStmnt CovItemId="S185" CovItemPrefix="my.PSM.PSM_Logic.appController.java" Intrnl_Id="431">
<LocList>
<Loc EndOffset="12978" SrcFileId="2" StartOffset="12935"/>
</LocList>
</BasicStmnt>
<BasicStmnt CovItemId="S186" CovItemPrefix="my.PSM.PSM_Logic.appController.java" Intrnl_Id="432">
<LocList>
<Loc EndOffset="13034" SrcFileId="2" StartOffset="12987"/>
</LocList>
</BasicStmnt>
<BasicStmnt CovItemId="S187" CovItemPrefix="my.PSM.PSM_Logic.appController.java" Intrnl_Id="433">
<LocList>
<Loc EndOffset="13086" SrcFileId="2" StartOffset="13043"/>
</LocList>
</BasicStmnt>
</StmntSeq>
</HierarchyLvl>
<HierarchyLvl HierarchyLvlId="2263" HierarchyLvlTypeId="9" Intrnl_Id="434" Name="sleep">
<Header>
<Loc EndOffset="13153" SrcFileId="2" StartOffset="13118"/>
</Header>
<LocList>
<Loc EndOffset="13356" SrcFileId="2" StartOffset="13118"/>
</LocList>
<StmntSeq Intrnl_Id="435">
<LocList>
<Loc EndOffset="13208" SrcFileId="2" StartOffset="13188"/>
<Loc EndOffset="13350" SrcFileId="2" StartOffset="13170"/>
</LocList>
<BasicStmnt CovItemId="S189" CovItemPrefix="my.PSM.PSM_Logic.appController.java" Intrnl_Id="436">
<LocList>
<Loc EndOffset="13208" SrcFileId="2" StartOffset="13188"/>
</LocList>
</BasicStmnt>
<CondStmnt CovItemId="S188" CovItemPrefix="my.PSM.PSM_Logic.appController.java" Intrnl_Id="437">
<Branch CovItemId="B35" CovItemPrefix="my.PSM.PSM_Logic.appController.java" Implct="true" Intrnl_Id="438">
<Cond/>
<LocList/>
<StmntSeq Intrnl_Id="439">
<LocList/>
</StmntSeq>
</Branch>
<Branch CovItemId="B36" CovItemPrefix="my.PSM.PSM_Logic.appController.java" Implct="false" Intrnl_Id="440">
<Cond>
<Loc EndOffset="13250" SrcFileId="2" StartOffset="13219"/>
</Cond>
<LocList>
<Loc EndOffset="13350" SrcFileId="2" StartOffset="13251"/>
</LocList>
<StmntSeq Intrnl_Id="441">
<LocList>
<Loc EndOffset="13340" SrcFileId="2" StartOffset="13264"/>
</LocList>
<BasicStmnt CovItemId="S190" CovItemPrefix="my.PSM.PSM_Logic.appController.java" Intrnl_Id="442">
<LocList>
<Loc EndOffset="13340" SrcFileId="2" StartOffset="13264"/>
</LocList>
</BasicStmnt>
</StmntSeq>
</Branch>
<Keyword EndOffset="13173" SrcFileId="2" StartOffset="13170"/>
<LocList>
<Loc EndOffset="13350" SrcFileId="2" StartOffset="13170"/>
</LocList>
</CondStmnt>
</StmntSeq>
</HierarchyLvl>
<HierarchyLvl HierarchyLvlId="2264" HierarchyLvlTypeId="9" Intrnl_Id="443" Name="LogIn">
<Header>
<Loc EndOffset="13389" SrcFileId="2" StartOffset="13363"/>
</Header>
<LocList>
<Loc EndOffset="13542" SrcFileId="2" StartOffset="13363"/>
</LocList>
<StmntSeq Intrnl_Id="444">
<LocList>
<Loc EndOffset="13528" SrcFileId="2" StartOffset="13410"/>
</LocList>
<CondStmnt CovItemId="S191" CovItemPrefix="my.PSM.PSM_Logic.appController.java" Intrnl_Id="445">
<Branch CovItemId="B37" CovItemPrefix="my.PSM.PSM_Logic.appController.java" Implct="false" Intrnl_Id="446">
<Cond/>
<LocList>
<Loc EndOffset="13485" SrcFileId="2" StartOffset="13469"/>
</LocList>
<StmntSeq Intrnl_Id="447">
<LocList>
<Loc EndOffset="13485" SrcFileId="2" StartOffset="13469"/>
</LocList>
<BasicStmnt CovItemId="S192" CovItemPrefix="my.PSM.PSM_Logic.appController.java" Intrnl_Id="448">
<LocList>
<Loc EndOffset="13485" SrcFileId="2" StartOffset="13469"/>
</LocList>
</BasicStmnt>
</StmntSeq>
</Branch>
<Branch CovItemId="B38" CovItemPrefix="my.PSM.PSM_Logic.appController.java" Implct="false" Intrnl_Id="449">
<Cond>
<Loc EndOffset="13498" SrcFileId="2" StartOffset="13494"/>
</Cond>
<LocList>
<Loc EndOffset="13528" SrcFileId="2" StartOffset="13511"/>
</LocList>
<StmntSeq Intrnl_Id="450">
<LocList>
<Loc EndOffset="13528" SrcFileId="2" StartOffset="13511"/>
</LocList>
<BasicStmnt CovItemId="S193" CovItemPrefix="my.PSM.PSM_Logic.appController.java" Intrnl_Id="451">
<LocList>
<Loc EndOffset="13528" SrcFileId="2" StartOffset="13511"/>
</LocList>
</BasicStmnt>
</StmntSeq>
</Branch>
<Keyword EndOffset="13412" SrcFileId="2" StartOffset="13410"/>
<LocList>
<Loc EndOffset="13528" SrcFileId="2" StartOffset="13410"/>
</LocList>
<RootTerm CovItemId="C29" CovItemPrefix="my.PSM.PSM_Logic.appController.java" Intrnl_Id="452">
<BasicBoolTerm Intrnl_Id="453">
<LocList>
<Loc EndOffset="13455" SrcFileId="2" StartOffset="13413"/>
</LocList>
</BasicBoolTerm>
</RootTerm>
</CondStmnt>
</StmntSeq>
</HierarchyLvl>
<HierarchyLvl HierarchyLvlId="2265" HierarchyLvlTypeId="9" Intrnl_Id="454" Name="getCon">
<Header>
<Loc EndOffset="13590" SrcFileId="2" StartOffset="13552"/>
</Header>
<LocList>
<Loc EndOffset="13629" SrcFileId="2" StartOffset="13552"/>
</LocList>
<StmntSeq Intrnl_Id="455">
<LocList>
<Loc EndOffset="13623" SrcFileId="2" StartOffset="13605"/>
</LocList>
<BasicStmnt CovItemId="S194" CovItemPrefix="my.PSM.PSM_Logic.appController.java" Intrnl_Id="456">
<LocList>
<Loc EndOffset="13623" SrcFileId="2" StartOffset="13605"/>
</LocList>
</BasicStmnt>
</StmntSeq>
</HierarchyLvl>
<HierarchyLvl HierarchyLvlId="2267" HierarchyLvlTypeId="11" Intrnl_Id="457" Name="TimerTask">
<Header>
<Loc EndOffset="13694" SrcFileId="2" StartOffset="13683"/>
</Header>
<LocList>
<Loc EndOffset="13791" SrcFileId="2" StartOffset="13679"/>
</LocList>
<HierarchyLvl HierarchyLvlId="2266" HierarchyLvlTypeId="9" Intrnl_Id="458" Name="run">
<Header>
<Loc EndOffset="13726" SrcFileId="2" StartOffset="13709"/>
</Header>
<LocList>
<Loc EndOffset="13785" SrcFileId="2" StartOffset="13709"/>
</LocList>
<StmntSeq Intrnl_Id="459">
<LocList>
<Loc EndOffset="13775" SrcFileId="2" StartOffset="13748"/>
</LocList>
<BasicStmnt CovItemId="S196" CovItemPrefix="my.PSM.PSM_Logic.appController.java" Intrnl_Id="460">
<LocList>
<Loc EndOffset="13775" SrcFileId="2" StartOffset="13748"/>
</LocList>
</BasicStmnt>
</StmntSeq>
</HierarchyLvl>
</HierarchyLvl>
<HierarchyLvl HierarchyLvlId="2269" HierarchyLvlTypeId="11" Intrnl_Id="461" Name="TimerTask">
<Header>
<Loc EndOffset="13855" SrcFileId="2" StartOffset="13844"/>
</Header>
<LocList>
<Loc EndOffset="13956" SrcFileId="2" StartOffset="13840"/>
</LocList>
<HierarchyLvl HierarchyLvlId="2268" HierarchyLvlTypeId="9" Intrnl_Id="462" Name="run">
<Header>
<Loc EndOffset="13887" SrcFileId="2" StartOffset="13870"/>
</Header>
<LocList>
<Loc EndOffset="13950" SrcFileId="2" StartOffset="13870"/>
</LocList>
<StmntSeq Intrnl_Id="463">
<LocList>
<Loc EndOffset="13940" SrcFileId="2" StartOffset="13910"/>
</LocList>
<BasicStmnt CovItemId="S198" CovItemPrefix="my.PSM.PSM_Logic.appController.java" Intrnl_Id="464">
<LocList>
<Loc EndOffset="13940" SrcFileId="2" StartOffset="13910"/>
</LocList>
</BasicStmnt>
</StmntSeq>
</HierarchyLvl>
</HierarchyLvl>
<HierarchyLvl HierarchyLvlId="2271" HierarchyLvlTypeId="11" Intrnl_Id="465" Name="TimerTask">
<Header>
<Loc EndOffset="14016" SrcFileId="2" StartOffset="14005"/>
</Header>
<LocList>
<Loc EndOffset="14114" SrcFileId="2" StartOffset="14001"/>
</LocList>
<HierarchyLvl HierarchyLvlId="2270" HierarchyLvlTypeId="9" Intrnl_Id="466" Name="run">
<Header>
<Loc EndOffset="14048" SrcFileId="2" StartOffset="14031"/>
</Header>
<LocList>
<Loc EndOffset="14108" SrcFileId="2" StartOffset="14031"/>
</LocList>
<StmntSeq Intrnl_Id="467">
<LocList>
<Loc EndOffset="14098" SrcFileId="2" StartOffset="14071"/>
</LocList>
<BasicStmnt CovItemId="S200" CovItemPrefix="my.PSM.PSM_Logic.appController.java" Intrnl_Id="468">
<LocList>
<Loc EndOffset="14098" SrcFileId="2" StartOffset="14071"/>
</LocList>
</BasicStmnt>
</StmntSeq>
</HierarchyLvl>
</HierarchyLvl>
<HierarchyLvl HierarchyLvlId="2273" HierarchyLvlTypeId="11" Intrnl_Id="469" Name="TimerTask">
<Header>
<Loc EndOffset="14183" SrcFileId="2" StartOffset="14172"/>
</Header>
<LocList>
<Loc EndOffset="14335" SrcFileId="2" StartOffset="14168"/>
</LocList>
<HierarchyLvl HierarchyLvlId="2272" HierarchyLvlTypeId="9" Intrnl_Id="470" Name="run">
<Header>
<Loc EndOffset="14215" SrcFileId="2" StartOffset="14198"/>
</Header>
<LocList>
<Loc EndOffset="14329" SrcFileId="2" StartOffset="14198"/>
</LocList>
<StmntSeq Intrnl_Id="471">
<LocList>
<Loc EndOffset="14266" SrcFileId="2" StartOffset="14238"/>
<Loc EndOffset="14319" SrcFileId="2" StartOffset="14279"/>
</LocList>
<BasicStmnt CovItemId="S202" CovItemPrefix="my.PSM.PSM_Logic.appController.java" Intrnl_Id="472">
<LocList>
<Loc EndOffset="14266" SrcFileId="2" StartOffset="14238"/>
</LocList>
</BasicStmnt>
<BasicStmnt CovItemId="S203" CovItemPrefix="my.PSM.PSM_Logic.appController.java" Intrnl_Id="473">
<LocList>
<Loc EndOffset="14319" SrcFileId="2" StartOffset="14279"/>
</LocList>
</BasicStmnt>
</StmntSeq>
</HierarchyLvl>
</HierarchyLvl>
<HierarchyLvl HierarchyLvlId="2275" HierarchyLvlTypeId="11" Intrnl_Id="474" Name="TimerTask">
<Header>
<Loc EndOffset="14404" SrcFileId="2" StartOffset="14393"/>
</Header>
<LocList>
<Loc EndOffset="14490" SrcFileId="2" StartOffset="14389"/>
</LocList>
<HierarchyLvl HierarchyLvlId="2274" HierarchyLvlTypeId="9" Intrnl_Id="475" Name="run">
<Header>
<Loc EndOffset="14436" SrcFileId="2" StartOffset="14419"/>
</Header>
<LocList>
<Loc EndOffset="14484" SrcFileId="2" StartOffset="14419"/>
</LocList>
<StmntSeq Intrnl_Id="476">
<LocList>
<Loc EndOffset="14474" SrcFileId="2" StartOffset="14459"/>
</LocList>
<BasicStmnt CovItemId="S205" CovItemPrefix="my.PSM.PSM_Logic.appController.java" Intrnl_Id="477">
<LocList>
<Loc EndOffset="14474" SrcFileId="2" StartOffset="14459"/>
</LocList>
</BasicStmnt>
</StmntSeq>
</HierarchyLvl>
</HierarchyLvl>
<HierarchyLvl HierarchyLvlId="2276" HierarchyLvlTypeId="9" Intrnl_Id="478" Name="setTime">
<Header>
<Loc EndOffset="14580" SrcFileId="2" StartOffset="14509"/>
</Header>
<LocList>
<Loc EndOffset="14644" SrcFileId="2" StartOffset="14509"/>
</LocList>
<StmntSeq Intrnl_Id="479">
<LocList>
<Loc EndOffset="14638" SrcFileId="2" StartOffset="14595"/>
</LocList>
<BasicStmnt CovItemId="S206" CovItemPrefix="my.PSM.PSM_Logic.appController.java" Intrnl_Id="480">
<LocList>
<Loc EndOffset="14638" SrcFileId="2" StartOffset="14595"/>
</LocList>
</BasicStmnt>
</StmntSeq>
</HierarchyLvl>
<HierarchyLvl HierarchyLvlId="2277" HierarchyLvlTypeId="9" Intrnl_Id="481" Name="getTime">
<Header>
<Loc EndOffset="14675" SrcFileId="2" StartOffset="14654"/>
</Header>
<LocList>
<Loc EndOffset="14720" SrcFileId="2" StartOffset="14654"/>
</LocList>
<StmntSeq Intrnl_Id="482">
<LocList>
<Loc EndOffset="14714" SrcFileId="2" StartOffset="14690"/>
</LocList>
<BasicStmnt CovItemId="S207" CovItemPrefix="my.PSM.PSM_Logic.appController.java" Intrnl_Id="483">
<LocList>
<Loc EndOffset="14714" SrcFileId="2" StartOffset="14690"/>
</LocList>
</BasicStmnt>
</StmntSeq>
</HierarchyLvl>
<HierarchyLvl HierarchyLvlId="2278" HierarchyLvlTypeId="9" Intrnl_Id="484" Name="getTimeMillis">
<Header>
<Loc EndOffset="14764" SrcFileId="2" StartOffset="14730"/>
</Header>
<LocList>
<Loc EndOffset="14817" SrcFileId="2" StartOffset="14730"/>
</LocList>
<StmntSeq Intrnl_Id="485">
<LocList>
<Loc EndOffset="14811" SrcFileId="2" StartOffset="14779"/>
</LocList>
<BasicStmnt CovItemId="S208" CovItemPrefix="my.PSM.PSM_Logic.appController.java" Intrnl_Id="486">
<LocList>
<Loc EndOffset="14811" SrcFileId="2" StartOffset="14779"/>
</LocList>
</BasicStmnt>
</StmntSeq>
</HierarchyLvl>
<HierarchyLvl HierarchyLvlId="2279" HierarchyLvlTypeId="9" Intrnl_Id="487" Name="timerParser">
<Header>
<Loc EndOffset="14871" SrcFileId="2" StartOffset="14827"/>
</Header>
<LocList>
<Loc EndOffset="14990" SrcFileId="2" StartOffset="14827"/>
</LocList>
<StmntSeq Intrnl_Id="488">
<LocList>
<Loc EndOffset="14930" SrcFileId="2" StartOffset="14886"/>
<Loc EndOffset="14984" SrcFileId="2" StartOffset="14939"/>
</LocList>
<BasicStmnt CovItemId="S209" CovItemPrefix="my.PSM.PSM_Logic.appController.java" Intrnl_Id="489">
<LocList>
<Loc EndOffset="14930" SrcFileId="2" StartOffset="14886"/>
</LocList>
</BasicStmnt>
<BasicStmnt CovItemId="S210" CovItemPrefix="my.PSM.PSM_Logic.appController.java" Intrnl_Id="490">
<LocList>
<Loc EndOffset="14984" SrcFileId="2" StartOffset="14939"/>
</LocList>
</BasicStmnt>
</StmntSeq>
</HierarchyLvl>
<HierarchyLvl HierarchyLvlId="2280" HierarchyLvlTypeId="9" Intrnl_Id="491" Name="dateParser">
<Header>
<Loc EndOffset="15038" SrcFileId="2" StartOffset="14995"/>
</Header>
<LocList>
<Loc EndOffset="15240" SrcFileId="2" StartOffset="14995"/>
</LocList>
<StmntSeq Intrnl_Id="492">
<LocList>
<Loc EndOffset="15114" SrcFileId="2" StartOffset="15062"/>
<Loc EndOffset="15174" SrcFileId="2" StartOffset="15123"/>
<Loc EndOffset="15234" SrcFileId="2" StartOffset="15183"/>
</LocList>
<BasicStmnt CovItemId="S211" CovItemPrefix="my.PSM.PSM_Logic.appController.java" Intrnl_Id="493">
<LocList>
<Loc EndOffset="15114" SrcFileId="2" StartOffset="15062"/>
</LocList>
</BasicStmnt>
<BasicStmnt CovItemId="S212" CovItemPrefix="my.PSM.PSM_Logic.appController.java" Intrnl_Id="494">
<LocList>
<Loc EndOffset="15174" SrcFileId="2" StartOffset="15123"/>
</LocList>
</BasicStmnt>
<BasicStmnt CovItemId="S213" CovItemPrefix="my.PSM.PSM_Logic.appController.java" Intrnl_Id="495">
<LocList>
<Loc EndOffset="15234" SrcFileId="2" StartOffset="15183"/>
</LocList>
</BasicStmnt>
</StmntSeq>
</HierarchyLvl>
<HierarchyLvl HierarchyLvlId="2281" HierarchyLvlTypeId="9" Intrnl_Id="496" Name="returnHr">
<Header>
<Loc EndOffset="15271" SrcFileId="2" StartOffset="15250"/>
</Header>
<LocList>
<Loc EndOffset="15302" SrcFileId="2" StartOffset="15250"/>
</LocList>
<StmntSeq Intrnl_Id="497">
<LocList>
<Loc EndOffset="15296" SrcFileId="2" StartOffset="15286"/>
</LocList>
<BasicStmnt CovItemId="S214" CovItemPrefix="my.PSM.PSM_Logic.appController.java" Intrnl_Id="498">
<LocList>
<Loc EndOffset="15296" SrcFileId="2" StartOffset="15286"/>
</LocList>
</BasicStmnt>
</StmntSeq>
</HierarchyLvl>
<HierarchyLvl HierarchyLvlId="2282" HierarchyLvlTypeId="9" Intrnl_Id="499" Name="returnMin">
<Header>
<Loc EndOffset="15334" SrcFileId="2" StartOffset="15312"/>
</Header>
<LocList>
<Loc EndOffset="15366" SrcFileId="2" StartOffset="15312"/>
</LocList>
<StmntSeq Intrnl_Id="500">
<LocList>
<Loc EndOffset="15360" SrcFileId="2" StartOffset="15349"/>
</LocList>
<BasicStmnt CovItemId="S215" CovItemPrefix="my.PSM.PSM_Logic.appController.java" Intrnl_Id="501">
<LocList>
<Loc EndOffset="15360" SrcFileId="2" StartOffset="15349"/>
</LocList>
</BasicStmnt>
</StmntSeq>
</HierarchyLvl>
<HierarchyLvl HierarchyLvlId="2283" HierarchyLvlTypeId="9" Intrnl_Id="502" Name="getEndTime">
<Header>
<Loc EndOffset="15424" SrcFileId="2" StartOffset="15376"/>
</Header>
<LocList>
<Loc EndOffset="15917" SrcFileId="2" StartOffset="15376"/>
</LocList>
<StmntSeq Intrnl_Id="503">
<LocList>
<Loc EndOffset="15534" SrcFileId="2" StartOffset="15493"/>
<Loc EndOffset="15602" SrcFileId="2" StartOffset="15552"/>
<Loc EndOffset="15650" SrcFileId="2" StartOffset="15620"/>
<Loc EndOffset="15691" SrcFileId="2" StartOffset="15659"/>
<Loc EndOffset="15730" SrcFileId="2" StartOffset="15700"/>
<Loc EndOffset="15780" SrcFileId="2" StartOffset="15739"/>
<Loc EndOffset="15839" SrcFileId="2" StartOffset="15789"/>
<Loc EndOffset="15911" SrcFileId="2" StartOffset="15888"/>
</LocList>
<BasicStmnt CovItemId="S216" CovItemPrefix="my.PSM.PSM_Logic.appController.java" Intrnl_Id="504">
<LocList>
<Loc EndOffset="15534" SrcFileId="2" StartOffset="15493"/>
</LocList>
</BasicStmnt>
<BasicStmnt CovItemId="S217" CovItemPrefix="my.PSM.PSM_Logic.appController.java" Intrnl_Id="505">
<LocList>
<Loc EndOffset="15602" SrcFileId="2" StartOffset="15552"/>
</LocList>
</BasicStmnt>
<BasicStmnt CovItemId="S218" CovItemPrefix="my.PSM.PSM_Logic.appController.java" Intrnl_Id="506">
<LocList>
<Loc EndOffset="15650" SrcFileId="2" StartOffset="15620"/>
</LocList>
</BasicStmnt>
<BasicStmnt CovItemId="S219" CovItemPrefix="my.PSM.PSM_Logic.appController.java" Intrnl_Id="507">
<LocList>
<Loc EndOffset="15691" SrcFileId="2" StartOffset="15659"/>
</LocList>
</BasicStmnt>
<BasicStmnt CovItemId="S220" CovItemPrefix="my.PSM.PSM_Logic.appController.java" Intrnl_Id="508">
<LocList>
<Loc EndOffset="15730" SrcFileId="2" StartOffset="15700"/>
</LocList>
</BasicStmnt>
<BasicStmnt CovItemId="S221" CovItemPrefix="my.PSM.PSM_Logic.appController.java" Intrnl_Id="509">
<LocList>
<Loc EndOffset="15780" SrcFileId="2" StartOffset="15739"/>
</LocList>
</BasicStmnt>
<BasicStmnt CovItemId="S222" CovItemPrefix="my.PSM.PSM_Logic.appController.java" Intrnl_Id="510">
<LocList>
<Loc EndOffset="15839" SrcFileId="2" StartOffset="15789"/>
</LocList>
</BasicStmnt>
<BasicStmnt CovItemId="S223" CovItemPrefix="my.PSM.PSM_Logic.appController.java" Intrnl_Id="511">
<LocList>
<Loc EndOffset="15911" SrcFileId="2" StartOffset="15888"/>
</LocList>
</BasicStmnt>
</StmntSeq>
</HierarchyLvl>
<HierarchyLvl HierarchyLvlId="2284" HierarchyLvlTypeId="9" Intrnl_Id="512" Name="setSemesterClear">
<Header>
<Loc EndOffset="16014" SrcFileId="2" StartOffset="15927"/>
</Header>
<LocList>
<Loc EndOffset="16118" SrcFileId="2" StartOffset="15927"/>
</LocList>
<StmntSeq Intrnl_Id="513">
<LocList>
<Loc EndOffset="16075" SrcFileId="2" StartOffset="16029"/>
<Loc EndOffset="16112" SrcFileId="2" StartOffset="16084"/>
</LocList>
<BasicStmnt CovItemId="S224" CovItemPrefix="my.PSM.PSM_Logic.appController.java" Intrnl_Id="514">
<LocList>
<Loc EndOffset="16075" SrcFileId="2" StartOffset="16029"/>
</LocList>
</BasicStmnt>
<BasicStmnt CovItemId="S225" CovItemPrefix="my.PSM.PSM_Logic.appController.java" Intrnl_Id="515">
<LocList>
<Loc EndOffset="16112" SrcFileId="2" StartOffset="16084"/>
</LocList>
</BasicStmnt>
</StmntSeq>
</HierarchyLvl>
<HierarchyLvl HierarchyLvlId="2285" HierarchyLvlTypeId="9" Intrnl_Id="516" Name="getSemesterClear">
<Header>
<Loc EndOffset="16158" SrcFileId="2" StartOffset="16128"/>
</Header>
<LocList>
<Loc EndOffset="16206" SrcFileId="2" StartOffset="16128"/>
</LocList>
<StmntSeq Intrnl_Id="517">
<LocList>
<Loc EndOffset="16200" SrcFileId="2" StartOffset="16173"/>
</LocList>
<BasicStmnt CovItemId="S226" CovItemPrefix="my.PSM.PSM_Logic.appController.java" Intrnl_Id="518">
<LocList>
<Loc EndOffset="16200" SrcFileId="2" StartOffset="16173"/>
</LocList>
</BasicStmnt>
</StmntSeq>
</HierarchyLvl>
<HierarchyLvl HierarchyLvlId="2286" HierarchyLvlTypeId="9" Intrnl_Id="519" Name="get15BeforeEnd">
<Header>
<Loc EndOffset="16268" SrcFileId="2" StartOffset="16216"/>
</Header>
<LocList>
<Loc EndOffset="16742" SrcFileId="2" StartOffset="16216"/>
</LocList>
<StmntSeq Intrnl_Id="520">
<LocList>
<Loc EndOffset="16379" SrcFileId="2" StartOffset="16338"/>
<Loc EndOffset="16447" SrcFileId="2" StartOffset="16397"/>
<Loc EndOffset="16495" SrcFileId="2" StartOffset="16465"/>
<Loc EndOffset="16536" SrcFileId="2" StartOffset="16504"/>
<Loc EndOffset="16576" SrcFileId="2" StartOffset="16545"/>
<Loc EndOffset="16626" SrcFileId="2" StartOffset="16585"/>
<Loc EndOffset="16695" SrcFileId="2" StartOffset="16644"/>
<Loc EndOffset="16736" SrcFileId="2" StartOffset="16713"/>
</LocList>
<BasicStmnt CovItemId="S227" CovItemPrefix="my.PSM.PSM_Logic.appController.java" Intrnl_Id="521">
<LocList>
<Loc EndOffset="16379" SrcFileId="2" StartOffset="16338"/>
</LocList>
</BasicStmnt>
<BasicStmnt CovItemId="S228" CovItemPrefix="my.PSM.PSM_Logic.appController.java" Intrnl_Id="522">
<LocList>
<Loc EndOffset="16447" SrcFileId="2" StartOffset="16397"/>
</LocList>
</BasicStmnt>
<BasicStmnt CovItemId="S229" CovItemPrefix="my.PSM.PSM_Logic.appController.java" Intrnl_Id="523">
<LocList>
<Loc EndOffset="16495" SrcFileId="2" StartOffset="16465"/>
</LocList>
</BasicStmnt>
<BasicStmnt CovItemId="S230" CovItemPrefix="my.PSM.PSM_Logic.appController.java" Intrnl_Id="524">
<LocList>
<Loc EndOffset="16536" SrcFileId="2" StartOffset="16504"/>
</LocList>
</BasicStmnt>
<BasicStmnt CovItemId="S231" CovItemPrefix="my.PSM.PSM_Logic.appController.java" Intrnl_Id="525">
<LocList>
<Loc EndOffset="16576" SrcFileId="2" StartOffset="16545"/>
</LocList>
</BasicStmnt>
<BasicStmnt CovItemId="S232" CovItemPrefix="my.PSM.PSM_Logic.appController.java" Intrnl_Id="526">
<LocList>
<Loc EndOffset="16626" SrcFileId="2" StartOffset="16585"/>
</LocList>
</BasicStmnt>
<BasicStmnt CovItemId="S233" CovItemPrefix="my.PSM.PSM_Logic.appController.java" Intrnl_Id="527">
<LocList>
<Loc EndOffset="16695" SrcFileId="2" StartOffset="16644"/>
</LocList>
</BasicStmnt>
<BasicStmnt CovItemId="S234" CovItemPrefix="my.PSM.PSM_Logic.appController.java" Intrnl_Id="528">
<LocList>
<Loc EndOffset="16736" SrcFileId="2" StartOffset="16713"/>
</LocList>
</BasicStmnt>
</StmntSeq>
</HierarchyLvl>
<HierarchyLvl HierarchyLvlId="2287" HierarchyLvlTypeId="9" Intrnl_Id="529" Name="get5BeforeEnd">
<Header>
<Loc EndOffset="16803" SrcFileId="2" StartOffset="16752"/>
</Header>
<LocList>
<Loc EndOffset="17296" SrcFileId="2" StartOffset="16752"/>
</LocList>
<StmntSeq Intrnl_Id="530">
<LocList>
<Loc EndOffset="16913" SrcFileId="2" StartOffset="16872"/>
<Loc EndOffset="16981" SrcFileId="2" StartOffset="16931"/>
<Loc EndOffset="17029" SrcFileId="2" StartOffset="16999"/>
<Loc EndOffset="17070" SrcFileId="2" StartOffset="17038"/>
<Loc EndOffset="17109" SrcFileId="2" StartOffset="17079"/>
<Loc EndOffset="17159" SrcFileId="2" StartOffset="17118"/>
<Loc EndOffset="17218" SrcFileId="2" StartOffset="17168"/>
<Loc EndOffset="17290" SrcFileId="2" StartOffset="17267"/>
</LocList>
<BasicStmnt CovItemId="S235" CovItemPrefix="my.PSM.PSM_Logic.appController.java" Intrnl_Id="531">
<LocList>
<Loc EndOffset="16913" SrcFileId="2" StartOffset="16872"/>
</LocList>
</BasicStmnt>
<BasicStmnt CovItemId="S236" CovItemPrefix="my.PSM.PSM_Logic.appController.java" Intrnl_Id="532">
<LocList>
<Loc EndOffset="16981" SrcFileId="2" StartOffset="16931"/>
</LocList>
</BasicStmnt>
<BasicStmnt CovItemId="S237" CovItemPrefix="my.PSM.PSM_Logic.appController.java" Intrnl_Id="533">
<LocList>
<Loc EndOffset="17029" SrcFileId="2" StartOffset="16999"/>
</LocList>
</BasicStmnt>
<BasicStmnt CovItemId="S238" CovItemPrefix="my.PSM.PSM_Logic.appController.java" Intrnl_Id="534">
<LocList>
<Loc EndOffset="17070" SrcFileId="2" StartOffset="17038"/>
</LocList>
</BasicStmnt>
<BasicStmnt CovItemId="S239" CovItemPrefix="my.PSM.PSM_Logic.appController.java" Intrnl_Id="535">
<LocList>
<Loc EndOffset="17109" SrcFileId="2" StartOffset="17079"/>
</LocList>
</BasicStmnt>
<BasicStmnt CovItemId="S240" CovItemPrefix="my.PSM.PSM_Logic.appController.java" Intrnl_Id="536">
<LocList>
<Loc EndOffset="17159" SrcFileId="2" StartOffset="17118"/>
</LocList>
</BasicStmnt>
<BasicStmnt CovItemId="S241" CovItemPrefix="my.PSM.PSM_Logic.appController.java" Intrnl_Id="537">
<LocList>
<Loc EndOffset="17218" SrcFileId="2" StartOffset="17168"/>
</LocList>
</BasicStmnt>
<BasicStmnt CovItemId="S242" CovItemPrefix="my.PSM.PSM_Logic.appController.java" Intrnl_Id="538">
<LocList>
<Loc EndOffset="17290" SrcFileId="2" StartOffset="17267"/>
</LocList>
</BasicStmnt>
</StmntSeq>
</HierarchyLvl>
<HierarchyLvl HierarchyLvlId="2288" HierarchyLvlTypeId="9" Intrnl_Id="539" Name="autoExit">
<Header>
<Loc EndOffset="17328" SrcFileId="2" StartOffset="17306"/>
</Header>
<LocList>
<Loc EndOffset="17382" SrcFileId="2" StartOffset="17306"/>
</LocList>
<StmntSeq Intrnl_Id="540">
<LocList>
<Loc EndOffset="17376" SrcFileId="2" StartOffset="17343"/>
</LocList>
<BasicStmnt CovItemId="S243" CovItemPrefix="my.PSM.PSM_Logic.appController.java" Intrnl_Id="541">
<LocList>
<Loc EndOffset="17376" SrcFileId="2" StartOffset="17343"/>
</LocList>
</BasicStmnt>
</StmntSeq>
</HierarchyLvl>
<HierarchyLvl HierarchyLvlId="2289" HierarchyLvlTypeId="9" Intrnl_Id="542" Name="autoClear">
<Header>
<Loc EndOffset="17415" SrcFileId="2" StartOffset="17392"/>
</Header>
<LocList>
<Loc EndOffset="17467" SrcFileId="2" StartOffset="17392"/>
</LocList>
<StmntSeq Intrnl_Id="543">
<LocList>
<Loc EndOffset="17461" SrcFileId="2" StartOffset="17430"/>
</LocList>
<BasicStmnt CovItemId="S244" CovItemPrefix="my.PSM.PSM_Logic.appController.java" Intrnl_Id="544">
<LocList>
<Loc EndOffset="17461" SrcFileId="2" StartOffset="17430"/>
</LocList>
</BasicStmnt>
</StmntSeq>
</HierarchyLvl>
</HierarchyLvl>
</HierarchyLvl>
<HierarchyLvl HierarchyLvlId="2348" HierarchyLvlTypeId="7" Intrnl_Id="545" Name="PSM_Storage">
<Header/>
<LocList/>
<HierarchyLvl HierarchyLvlId="2321" HierarchyLvlTypeId="8" Intrnl_Id="546" Name="DBConnection">
<Header>
<Loc EndOffset="325" SrcFileId="3" StartOffset="300"/>
</Header>
<LocList>
<Loc EndOffset="6314" SrcFileId="3" StartOffset="300"/>
</LocList>
<StmntSeq Intrnl_Id="547">
<LocList>
<Loc EndOffset="477" SrcFileId="3" StartOffset="417"/>
</LocList>
<BasicStmnt CovItemId="S1" CovItemPrefix="my.PSM.PSM_Storage.DBConnection.java" Intrnl_Id="548">
<LocList>
<Loc EndOffset="477" SrcFileId="3" StartOffset="417"/>
</LocList>
</BasicStmnt>
</StmntSeq>
<HierarchyLvl HierarchyLvlId="2291" HierarchyLvlTypeId="9" Intrnl_Id="549" Name="setMyManager">
<Header>
<Loc EndOffset="629" SrcFileId="3" StartOffset="581"/>
</Header>
<LocList>
<Loc EndOffset="664" SrcFileId="3" StartOffset="581"/>
</LocList>
<StmntSeq Intrnl_Id="550">
<LocList>
<Loc EndOffset="661" SrcFileId="3" StartOffset="634"/>
</LocList>
<BasicStmnt CovItemId="S2" CovItemPrefix="my.PSM.PSM_Storage.DBConnection.java" Intrnl_Id="551">
<LocList>
<Loc EndOffset="661" SrcFileId="3" StartOffset="634"/>
</LocList>
</BasicStmnt>
</StmntSeq>
</HierarchyLvl>
<HierarchyLvl HierarchyLvlId="2292" HierarchyLvlTypeId="9" Intrnl_Id="552" Name="DBConnection">
<Header>
<Loc EndOffset="738" SrcFileId="3" StartOffset="717"/>
</Header>
<LocList>
<Loc EndOffset="787" SrcFileId="3" StartOffset="717"/>
</LocList>
<StmntSeq Intrnl_Id="553">
<LocList>
<Loc EndOffset="781" SrcFileId="3" StartOffset="750"/>
</LocList>
<BasicStmnt CovItemId="S3" CovItemPrefix="my.PSM.PSM_Storage.DBConnection.java" Intrnl_Id="554">
<LocList>
<Loc EndOffset="781" SrcFileId="3" StartOffset="750"/>
</LocList>
</BasicStmnt>
</StmntSeq>
</HierarchyLvl>
<HierarchyLvl HierarchyLvlId="2293" HierarchyLvlTypeId="9" Intrnl_Id="555" Name="connect">
<Header>
<Loc EndOffset="901" SrcFileId="3" StartOffset="848"/>
</Header>
<LocList>
<Loc EndOffset="1030" SrcFileId="3" StartOffset="848"/>
</LocList>
<StmntSeq Intrnl_Id="556">
<LocList>
<Loc EndOffset="928" SrcFileId="3" StartOffset="916"/>
<Loc EndOffset="953" SrcFileId="3" StartOffset="937"/>
<Loc EndOffset="976" SrcFileId="3" StartOffset="962"/>
<Loc EndOffset="1024" SrcFileId="3" StartOffset="985"/>
</LocList>
<BasicStmnt CovItemId="S4" CovItemPrefix="my.PSM.PSM_Storage.DBConnection.java" Intrnl_Id="557">
<LocList>
<Loc EndOffset="928" SrcFileId="3" StartOffset="916"/>
</LocList>
</BasicStmnt>
<BasicStmnt CovItemId="S5" CovItemPrefix="my.PSM.PSM_Storage.DBConnection.java" Intrnl_Id="558">
<LocList>
<Loc EndOffset="953" SrcFileId="3" StartOffset="937"/>
</LocList>
</BasicStmnt>
<BasicStmnt CovItemId="S6" CovItemPrefix="my.PSM.PSM_Storage.DBConnection.java" Intrnl_Id="559">
<LocList>
<Loc EndOffset="976" SrcFileId="3" StartOffset="962"/>
</LocList>
</BasicStmnt>
<BasicStmnt CovItemId="S7" CovItemPrefix="my.PSM.PSM_Storage.DBConnection.java" Intrnl_Id="560">
<LocList>
<Loc EndOffset="1024" SrcFileId="3" StartOffset="985"/>
</LocList>
</BasicStmnt>
</StmntSeq>
</HierarchyLvl>
<HierarchyLvl HierarchyLvlId="2294" HierarchyLvlTypeId="9" Intrnl_Id="561" Name="connect">
<Header>
<Loc EndOffset="1133" SrcFileId="3" StartOffset="1092"/>
</Header>
<LocList>
<Loc EndOffset="1246" SrcFileId="3" StartOffset="1092"/>
</LocList>
<StmntSeq Intrnl_Id="562">
<LocList>
<Loc EndOffset="1164" SrcFileId="3" StartOffset="1148"/>
<Loc EndOffset="1187" SrcFileId="3" StartOffset="1173"/>
<Loc EndOffset="1240" SrcFileId="3" StartOffset="1205"/>
</LocList>
<BasicStmnt CovItemId="S8" CovItemPrefix="my.PSM.PSM_Storage.DBConnection.java" Intrnl_Id="563">
<LocList>
<Loc EndOffset="1164" SrcFileId="3" StartOffset="1148"/>
</LocList>
</BasicStmnt>
<BasicStmnt CovItemId="S9" CovItemPrefix="my.PSM.PSM_Storage.DBConnection.java" Intrnl_Id="564">
<LocList>
<Loc EndOffset="1187" SrcFileId="3" StartOffset="1173"/>
</LocList>
</BasicStmnt>
<BasicStmnt CovItemId="S10" CovItemPrefix="my.PSM.PSM_Storage.DBConnection.java" Intrnl_Id="565">
<LocList>
<Loc EndOffset="1240" SrcFileId="3" StartOffset="1205"/>
</LocList>
</BasicStmnt>
</StmntSeq>
</HierarchyLvl>
<HierarchyLvl HierarchyLvlId="2295" HierarchyLvlTypeId="9" Intrnl_Id="566" Name="disconnect">
<Header>
<Loc EndOffset="1279" SrcFileId="3" StartOffset="1256"/>
</Header>
<LocList>
<Loc EndOffset="1330" SrcFileId="3" StartOffset="1256"/>
</LocList>
<StmntSeq Intrnl_Id="567">
<LocList>
<Loc EndOffset="1324" SrcFileId="3" StartOffset="1294"/>
</LocList>
<BasicStmnt CovItemId="S11" CovItemPrefix="my.PSM.PSM_Storage.DBConnection.java" Intrnl_Id="568">
<LocList>
<Loc EndOffset="1324" SrcFileId="3" StartOffset="1294"/>
</LocList>
</BasicStmnt>
</StmntSeq>
</HierarchyLvl>
<HierarchyLvl HierarchyLvlId="2296" HierarchyLvlTypeId="9" Intrnl_Id="569" Name="fetchCourseID">
<Header>
<Loc EndOffset="1379" SrcFileId="3" StartOffset="1341"/>
</Header>
<LocList>
<Loc EndOffset="1501" SrcFileId="3" StartOffset="1341"/>
</LocList>
<StmntSeq Intrnl_Id="570">
<LocList>
<Loc EndOffset="1493" SrcFileId="3" StartOffset="1452"/>
</LocList>
<BasicStmnt CovItemId="S12" CovItemPrefix="my.PSM.PSM_Storage.DBConnection.java" Intrnl_Id="571">
<LocList>
<Loc EndOffset="1493" SrcFileId="3" StartOffset="1452"/>
</LocList>
</BasicStmnt>
</StmntSeq>
</HierarchyLvl>
<HierarchyLvl HierarchyLvlId="2297" HierarchyLvlTypeId="9" Intrnl_Id="572" Name="getEndDates">
<Header>
<Loc EndOffset="1549" SrcFileId="3" StartOffset="1511"/>
</Header>
<LocList>
<Loc EndOffset="1601" SrcFileId="3" StartOffset="1511"/>
</LocList>
<StmntSeq Intrnl_Id="573">
<LocList>
<Loc EndOffset="1595" SrcFileId="3" StartOffset="1564"/>
</LocList>
<BasicStmnt CovItemId="S13" CovItemPrefix="my.PSM.PSM_Storage.DBConnection.java" Intrnl_Id="574">
<LocList>
<Loc EndOffset="1595" SrcFileId="3" StartOffset="1564"/>
</LocList>
</BasicStmnt>
</StmntSeq>
</HierarchyLvl>
<HierarchyLvl HierarchyLvlId="2298" HierarchyLvlTypeId="9" Intrnl_Id="575" Name="getCourses">
<Header>
<Loc EndOffset="1644" SrcFileId="3" StartOffset="1606"/>
</Header>
<LocList>
<Loc EndOffset="1695" SrcFileId="3" StartOffset="1606"/>
</LocList>
<StmntSeq Intrnl_Id="576">
<LocList>
<Loc EndOffset="1689" SrcFileId="3" StartOffset="1659"/>
</LocList>
<BasicStmnt CovItemId="S14" CovItemPrefix="my.PSM.PSM_Storage.DBConnection.java" Intrnl_Id="577">
<LocList>
<Loc EndOffset="1689" SrcFileId="3" StartOffset="1659"/>
</LocList>
</BasicStmnt>
</StmntSeq>
</HierarchyLvl>
<HierarchyLvl HierarchyLvlId="2299" HierarchyLvlTypeId="9" Intrnl_Id="578" Name="fetchCourses">
<Header>
<Loc EndOffset="1733" SrcFileId="3" StartOffset="1705"/>
</Header>
<LocList>
<Loc EndOffset="2349" SrcFileId="3" StartOffset="1705"/>
</LocList>
<StmntSeq Intrnl_Id="579">
<LocList>
<Loc EndOffset="1840" SrcFileId="3" StartOffset="1803"/>
<Loc EndOffset="2046" SrcFileId="3" StartOffset="1997"/>
<Loc EndOffset="2215" SrcFileId="3" StartOffset="2056"/>
<Loc EndOffset="2247" SrcFileId="3" StartOffset="2224"/>
<Loc EndOffset="2270" SrcFileId="3" StartOffset="2256"/>
</LocList>
<BasicStmnt CovItemId="S15" CovItemPrefix="my.PSM.PSM_Storage.DBConnection.java" Intrnl_Id="580">
<LocList>
<Loc EndOffset="1840" SrcFileId="3" StartOffset="1803"/>
</LocList>
</BasicStmnt>
<BasicStmnt CovItemId="S16" CovItemPrefix="my.PSM.PSM_Storage.DBConnection.java" Intrnl_Id="581">
<LocList>
<Loc EndOffset="2046" SrcFileId="3" StartOffset="1997"/>
</LocList>
</BasicStmnt>
<LoopStmnt CovItemId="S17" CovItemPrefix="my.PSM.PSM_Storage.DBConnection.java" Intrnl_Id="582" MltplExecId="L1-2" MltplExecPrefix="my.PSM.PSM_Storage.DBConnection.java" NvrExecId="L1-0" NvrExecPrefix="my.PSM.PSM_Storage.DBConnection.java" OnceExecutedId="L1-1" OnceExecutedPrefix="my.PSM.PSM_Storage.DBConnection.java" OptBodyExec="true">
<StmntSeq Intrnl_Id="583">
<LocList>
<Loc EndOffset="2154" SrcFileId="3" StartOffset="2131"/>
<Loc EndOffset="2183" SrcFileId="3" StartOffset="2168"/>
</LocList>
<BasicStmnt CovItemId="S18" CovItemPrefix="my.PSM.PSM_Storage.DBConnection.java" Intrnl_Id="584">
<LocList>
<Loc EndOffset="2154" SrcFileId="3" StartOffset="2131"/>
</LocList>
</BasicStmnt>
<BasicStmnt CovItemId="S19" CovItemPrefix="my.PSM.PSM_Storage.DBConnection.java" Intrnl_Id="585">
<LocList>
<Loc EndOffset="2183" SrcFileId="3" StartOffset="2168"/>
</LocList>
</BasicStmnt>
</StmntSeq>
<Keyword EndOffset="2059" SrcFileId="3" StartOffset="2056"/>
<LocList>
<Loc EndOffset="2215" SrcFileId="3" StartOffset="2056"/>
</LocList>
<RootTerm CovItemId="C1" CovItemPrefix="my.PSM.PSM_Storage.DBConnection.java" Intrnl_Id="586">
<BasicBoolTerm Intrnl_Id="587">
<LocList>
<Loc EndOffset="2086" SrcFileId="3" StartOffset="2071"/>
</LocList>
</BasicBoolTerm>
</RootTerm>
</LoopStmnt>
<BasicStmnt CovItemId="S20" CovItemPrefix="my.PSM.PSM_Storage.DBConnection.java" Intrnl_Id="588">
<LocList>
<Loc EndOffset="2247" SrcFileId="3" StartOffset="2224"/>
</LocList>
</BasicStmnt>
<BasicStmnt CovItemId="S21" CovItemPrefix="my.PSM.PSM_Storage.DBConnection.java" Intrnl_Id="589">
<LocList>
<Loc EndOffset="2270" SrcFileId="3" StartOffset="2256"/>
</LocList>
</BasicStmnt>
</StmntSeq>
</HierarchyLvl>
<HierarchyLvl HierarchyLvlId="2300" HierarchyLvlTypeId="9" Intrnl_Id="590" Name="fetchCourseSubj">
<Header>
<Loc EndOffset="2402" SrcFileId="3" StartOffset="2359"/>
</Header>
<LocList>
<Loc EndOffset="2532" SrcFileId="3" StartOffset="2359"/>
</LocList>
<StmntSeq Intrnl_Id="591">
<LocList>
<Loc EndOffset="2518" SrcFileId="3" StartOffset="2475"/>
</LocList>
<BasicStmnt CovItemId="S22" CovItemPrefix="my.PSM.PSM_Storage.DBConnection.java" Intrnl_Id="592">
<LocList>
<Loc EndOffset="2518" SrcFileId="3" StartOffset="2475"/>
</LocList>
</BasicStmnt>
</StmntSeq>
</HierarchyLvl>
<HierarchyLvl HierarchyLvlId="2301" HierarchyLvlTypeId="9" Intrnl_Id="593" Name="fetchCourseName">
<Header>
<Loc EndOffset="2585" SrcFileId="3" StartOffset="2542"/>
</Header>
<LocList>
<Loc EndOffset="2657" SrcFileId="3" StartOffset="2542"/>
</LocList>
<StmntSeq Intrnl_Id="594">
<LocList>
<Loc EndOffset="2643" SrcFileId="3" StartOffset="2600"/>
</LocList>
<BasicStmnt CovItemId="S23" CovItemPrefix="my.PSM.PSM_Storage.DBConnection.java" Intrnl_Id="595">
<LocList>
<Loc EndOffset="2643" SrcFileId="3" StartOffset="2600"/>
</LocList>
</BasicStmnt>
</StmntSeq>
</HierarchyLvl>
<HierarchyLvl HierarchyLvlId="2302" HierarchyLvlTypeId="9" Intrnl_Id="596" Name="fetchCourseSemester">
<Header>
<Loc EndOffset="2714" SrcFileId="3" StartOffset="2667"/>
</Header>
<LocList>
<Loc EndOffset="2848" SrcFileId="3" StartOffset="2667"/>
</LocList>
<StmntSeq Intrnl_Id="597">
<LocList>
<Loc EndOffset="2834" SrcFileId="3" StartOffset="2787"/>
</LocList>
<BasicStmnt CovItemId="S24" CovItemPrefix="my.PSM.PSM_Storage.DBConnection.java" Intrnl_Id="598">
<LocList>
<Loc EndOffset="2834" SrcFileId="3" StartOffset="2787"/>
</LocList>
</BasicStmnt>
</StmntSeq>
</HierarchyLvl>
<HierarchyLvl HierarchyLvlId="2303" HierarchyLvlTypeId="9" Intrnl_Id="599" Name="fetchCourseStart">
<Header>
<Loc EndOffset="2902" SrcFileId="3" StartOffset="2858"/>
</Header>
<LocList>
<Loc EndOffset="3033" SrcFileId="3" StartOffset="2858"/>
</LocList>
<StmntSeq Intrnl_Id="600">
<LocList>
<Loc EndOffset="3019" SrcFileId="3" StartOffset="2975"/>
</LocList>
<BasicStmnt CovItemId="S25" CovItemPrefix="my.PSM.PSM_Storage.DBConnection.java" Intrnl_Id="601">
<LocList>
<Loc EndOffset="3019" SrcFileId="3" StartOffset="2975"/>
</LocList>
</BasicStmnt>
</StmntSeq>
</HierarchyLvl>
<HierarchyLvl HierarchyLvlId="2304" HierarchyLvlTypeId="9" Intrnl_Id="602" Name="fetchCourseEnd">
<Header>
<Loc EndOffset="3085" SrcFileId="3" StartOffset="3043"/>
</Header>
<LocList>
<Loc EndOffset="3222" SrcFileId="3" StartOffset="3043"/>
</LocList>
<StmntSeq Intrnl_Id="603">
<LocList>
<Loc EndOffset="3208" SrcFileId="3" StartOffset="3166"/>
</LocList>
<BasicStmnt CovItemId="S26" CovItemPrefix="my.PSM.PSM_Storage.DBConnection.java" Intrnl_Id="604">
<LocList>
<Loc EndOffset="3208" SrcFileId="3" StartOffset="3166"/>
</LocList>
</BasicStmnt>
</StmntSeq>
</HierarchyLvl>
<HierarchyLvl HierarchyLvlId="2305" HierarchyLvlTypeId="9" Intrnl_Id="605" Name="fetchStartMon">
<Header>
<Loc EndOffset="3757" SrcFileId="3" StartOffset="3716"/>
</Header>
<LocList>
<Loc EndOffset="3819" SrcFileId="3" StartOffset="3716"/>
</LocList>
<StmntSeq Intrnl_Id="606">
<LocList>
<Loc EndOffset="3813" SrcFileId="3" StartOffset="3772"/>
</LocList>
<BasicStmnt CovItemId="S27" CovItemPrefix="my.PSM.PSM_Storage.DBConnection.java" Intrnl_Id="607">
<LocList>
<Loc EndOffset="3813" SrcFileId="3" StartOffset="3772"/>
</LocList>
</BasicStmnt>
</StmntSeq>
</HierarchyLvl>
<HierarchyLvl HierarchyLvlId="2306" HierarchyLvlTypeId="9" Intrnl_Id="608" Name="fetchEndMon">
<Header>
<Loc EndOffset="3868" SrcFileId="3" StartOffset="3829"/>
</Header>
<LocList>
<Loc EndOffset="3928" SrcFileId="3" StartOffset="3829"/>
</LocList>
<StmntSeq Intrnl_Id="609">
<LocList>
<Loc EndOffset="3922" SrcFileId="3" StartOffset="3883"/>
</LocList>
<BasicStmnt CovItemId="S28" CovItemPrefix="my.PSM.PSM_Storage.DBConnection.java" Intrnl_Id="610">
<LocList>
<Loc EndOffset="3922" SrcFileId="3" StartOffset="3883"/>
</LocList>
</BasicStmnt>
</StmntSeq>
</HierarchyLvl>
<HierarchyLvl HierarchyLvlId="2307" HierarchyLvlTypeId="9" Intrnl_Id="611" Name="fetchStartTue">
<Header>
<Loc EndOffset="3979" SrcFileId="3" StartOffset="3938"/>
</Header>
<LocList>
<Loc EndOffset="4041" SrcFileId="3" StartOffset="3938"/>
</LocList>
<StmntSeq Intrnl_Id="612">
<LocList>
<Loc EndOffset="4035" SrcFileId="3" StartOffset="3994"/>
</LocList>
<BasicStmnt CovItemId="S29" CovItemPrefix="my.PSM.PSM_Storage.DBConnection.java" Intrnl_Id="613">
<LocList>
<Loc EndOffset="4035" SrcFileId="3" StartOffset="3994"/>
</LocList>
</BasicStmnt>
</StmntSeq>
</HierarchyLvl>
<HierarchyLvl HierarchyLvlId="2308" HierarchyLvlTypeId="9" Intrnl_Id="614" Name="fetchEndTue">
<Header>
<Loc EndOffset="4090" SrcFileId="3" StartOffset="4051"/>
</Header>
<LocList>
<Loc EndOffset="4150" SrcFileId="3" StartOffset="4051"/>
</LocList>
<StmntSeq Intrnl_Id="615">
<LocList>
<Loc EndOffset="4144" SrcFileId="3" StartOffset="4105"/>
</LocList>
<BasicStmnt CovItemId="S30" CovItemPrefix="my.PSM.PSM_Storage.DBConnection.java" Intrnl_Id="616">
<LocList>
<Loc EndOffset="4144" SrcFileId="3" StartOffset="4105"/>
</LocList>
</BasicStmnt>
</StmntSeq>
</HierarchyLvl>
<HierarchyLvl HierarchyLvlId="2309" HierarchyLvlTypeId="9" Intrnl_Id="617" Name="fetchStartWed">
<Header>
<Loc EndOffset="4201" SrcFileId="3" StartOffset="4160"/>
</Header>
<LocList>
<Loc EndOffset="4260" SrcFileId="3" StartOffset="4160"/>
</LocList>
<StmntSeq Intrnl_Id="618">
<LocList>
<Loc EndOffset="4254" SrcFileId="3" StartOffset="4213"/>
</LocList>
<BasicStmnt CovItemId="S31" CovItemPrefix="my.PSM.PSM_Storage.DBConnection.java" Intrnl_Id="619">
<LocList>
<Loc EndOffset="4254" SrcFileId="3" StartOffset="4213"/>
</LocList>
</BasicStmnt>
</StmntSeq>
</HierarchyLvl>
<HierarchyLvl HierarchyLvlId="2310" HierarchyLvlTypeId="9" Intrnl_Id="620" Name="fetchEndWed">
<Header>
<Loc EndOffset="4309" SrcFileId="3" StartOffset="4270"/>
</Header>
<LocList>
<Loc EndOffset="4366" SrcFileId="3" StartOffset="4270"/>
</LocList>
<StmntSeq Intrnl_Id="621">
<LocList>
<Loc EndOffset="4360" SrcFileId="3" StartOffset="4321"/>
</LocList>
<BasicStmnt CovItemId="S32" CovItemPrefix="my.PSM.PSM_Storage.DBConnection.java" Intrnl_Id="622">
<LocList>
<Loc EndOffset="4360" SrcFileId="3" StartOffset="4321"/>
</LocList>
</BasicStmnt>
</StmntSeq>
</HierarchyLvl>
<HierarchyLvl HierarchyLvlId="2311" HierarchyLvlTypeId="9" Intrnl_Id="623" Name="fetchStartThu">
<Header>
<Loc EndOffset="4422" SrcFileId="3" StartOffset="4381"/>
</Header>
<LocList>
<Loc EndOffset="4484" SrcFileId="3" StartOffset="4381"/>
</LocList>
<StmntSeq Intrnl_Id="624">
<LocList>
<Loc EndOffset="4478" SrcFileId="3" StartOffset="4437"/>
</LocList>
<BasicStmnt CovItemId="S33" CovItemPrefix="my.PSM.PSM_Storage.DBConnection.java" Intrnl_Id="625">
<LocList>
<Loc EndOffset="4478" SrcFileId="3" StartOffset="4437"/>
</LocList>
</BasicStmnt>
</StmntSeq>
</HierarchyLvl>
<HierarchyLvl HierarchyLvlId="2312" HierarchyLvlTypeId="9" Intrnl_Id="626" Name="fetchEndThu">
<Header>
<Loc EndOffset="4533" SrcFileId="3" StartOffset="4494"/>
</Header>
<LocList>
<Loc EndOffset="4593" SrcFileId="3" StartOffset="4494"/>
</LocList>
<StmntSeq Intrnl_Id="627">
<LocList>
<Loc EndOffset="4587" SrcFileId="3" StartOffset="4548"/>
</LocList>
<BasicStmnt CovItemId="S34" CovItemPrefix="my.PSM.PSM_Storage.DBConnection.java" Intrnl_Id="628">
<LocList>
<Loc EndOffset="4587" SrcFileId="3" StartOffset="4548"/>
</LocList>
</BasicStmnt>
</StmntSeq>
</HierarchyLvl>
<HierarchyLvl HierarchyLvlId="2313" HierarchyLvlTypeId="9" Intrnl_Id="629" Name="fetchStartFri">
<Header>
<Loc EndOffset="4644" SrcFileId="3" StartOffset="4603"/>
</Header>
<LocList>
<Loc EndOffset="4703" SrcFileId="3" StartOffset="4603"/>
</LocList>
<StmntSeq Intrnl_Id="630">
<LocList>
<Loc EndOffset="4697" SrcFileId="3" StartOffset="4656"/>
</LocList>
<BasicStmnt CovItemId="S35" CovItemPrefix="my.PSM.PSM_Storage.DBConnection.java" Intrnl_Id="631">
<LocList>
<Loc EndOffset="4697" SrcFileId="3" StartOffset="4656"/>
</LocList>
</BasicStmnt>
</StmntSeq>
</HierarchyLvl>
<HierarchyLvl HierarchyLvlId="2314" HierarchyLvlTypeId="9" Intrnl_Id="632" Name="fetchEndFri">
<Header>
<Loc EndOffset="4752" SrcFileId="3" StartOffset="4713"/>
</Header>
<LocList>
<Loc EndOffset="4812" SrcFileId="3" StartOffset="4713"/>
</LocList>
<StmntSeq Intrnl_Id="633">
<LocList>
<Loc EndOffset="4806" SrcFileId="3" StartOffset="4767"/>
</LocList>
<BasicStmnt CovItemId="S36" CovItemPrefix="my.PSM.PSM_Storage.DBConnection.java" Intrnl_Id="634">
<LocList>
<Loc EndOffset="4806" SrcFileId="3" StartOffset="4767"/>
</LocList>
</BasicStmnt>
</StmntSeq>
</HierarchyLvl>
<HierarchyLvl HierarchyLvlId="2315" HierarchyLvlTypeId="9" Intrnl_Id="635" Name="fetchStartSat">
<Header>
<Loc EndOffset="4868" SrcFileId="3" StartOffset="4827"/>
</Header>
<LocList>
<Loc EndOffset="4930" SrcFileId="3" StartOffset="4827"/>
</LocList>
<StmntSeq Intrnl_Id="636">
<LocList>
<Loc EndOffset="4924" SrcFileId="3" StartOffset="4883"/>
</LocList>
<BasicStmnt CovItemId="S37" CovItemPrefix="my.PSM.PSM_Storage.DBConnection.java" Intrnl_Id="637">
<LocList>
<Loc EndOffset="4924" SrcFileId="3" StartOffset="4883"/>
</LocList>
</BasicStmnt>
</StmntSeq>
</HierarchyLvl>
<HierarchyLvl HierarchyLvlId="2316" HierarchyLvlTypeId="9" Intrnl_Id="638" Name="fetchEndSat">
<Header>
<Loc EndOffset="4979" SrcFileId="3" StartOffset="4940"/>
</Header>
<LocList>
<Loc EndOffset="5048" SrcFileId="3" StartOffset="4940"/>
</LocList>
<StmntSeq Intrnl_Id="639">
<LocList>
<Loc EndOffset="5042" SrcFileId="3" StartOffset="5003"/>
</LocList>
<BasicStmnt CovItemId="S38" CovItemPrefix="my.PSM.PSM_Storage.DBConnection.java" Intrnl_Id="640">
<LocList>
<Loc EndOffset="5042" SrcFileId="3" StartOffset="5003"/>
</LocList>
</BasicStmnt>
</StmntSeq>
</HierarchyLvl>
<HierarchyLvl HierarchyLvlId="2317" HierarchyLvlTypeId="9" Intrnl_Id="641" Name="storeClassInfo">
<Header>
<Loc EndOffset="5152" SrcFileId="3" StartOffset="5058"/>
</Header>
<LocList>
<Loc EndOffset="5249" SrcFileId="3" StartOffset="5058"/>
</LocList>
<StmntSeq Intrnl_Id="642">
<LocList>
<Loc EndOffset="5243" SrcFileId="3" StartOffset="5167"/>
</LocList>
<BasicStmnt CovItemId="S39" CovItemPrefix="my.PSM.PSM_Storage.DBConnection.java" Intrnl_Id="643">
<LocList>
<Loc EndOffset="5243" SrcFileId="3" StartOffset="5167"/>
</LocList>
</BasicStmnt>
</StmntSeq>
</HierarchyLvl>
<HierarchyLvl HierarchyLvlId="2318" HierarchyLvlTypeId="9" Intrnl_Id="644" Name="storeClassSched">
<Header>
<Loc EndOffset="5550" SrcFileId="3" StartOffset="5259"/>
</Header>
<LocList>
<Loc EndOffset="5751" SrcFileId="3" StartOffset="5259"/>
</LocList>
<StmntSeq Intrnl_Id="645">
<LocList>
<Loc EndOffset="5736" SrcFileId="3" StartOffset="5565"/>
</LocList>
<BasicStmnt CovItemId="S40" CovItemPrefix="my.PSM.PSM_Storage.DBConnection.java" Intrnl_Id="646">
<LocList>
<Loc EndOffset="5736" SrcFileId="3" StartOffset="5565"/>
</LocList>
</BasicStmnt>
</StmntSeq>
</HierarchyLvl>
<HierarchyLvl HierarchyLvlId="2319" HierarchyLvlTypeId="9" Intrnl_Id="647" Name="clearDatabase">
<Header>
<Loc EndOffset="5788" SrcFileId="3" StartOffset="5761"/>
</Header>
<LocList>
<Loc EndOffset="5835" SrcFileId="3" StartOffset="5761"/>
</LocList>
<StmntSeq Intrnl_Id="648">
<LocList>
<Loc EndOffset="5829" SrcFileId="3" StartOffset="5803"/>
</LocList>
<BasicStmnt CovItemId="S41" CovItemPrefix="my.PSM.PSM_Storage.DBConnection.java" Intrnl_Id="649">
<LocList>
<Loc EndOffset="5829" SrcFileId="3" StartOffset="5803"/>
</LocList>
</BasicStmnt>
</StmntSeq>
</HierarchyLvl>
<HierarchyLvl HierarchyLvlId="2320" HierarchyLvlTypeId="9" Intrnl_Id="650" Name="createClassTable">
<Header>
<Loc EndOffset="5874" SrcFileId="3" StartOffset="5845"/>
</Header>
<LocList>
<Loc EndOffset="5954" SrcFileId="3" StartOffset="5845"/>
</LocList>
<StmntSeq Intrnl_Id="651">
<LocList>
<Loc EndOffset="5924" SrcFileId="3" StartOffset="5888"/>
</LocList>
<BasicStmnt CovItemId="S42" CovItemPrefix="my.PSM.PSM_Storage.DBConnection.java" Intrnl_Id="652">
<LocList>
<Loc EndOffset="5924" SrcFileId="3" StartOffset="5888"/>
</LocList>
</BasicStmnt>
</StmntSeq>
</HierarchyLvl>
</HierarchyLvl>
</HierarchyLvl>
<HierarchyLvl HierarchyLvlId="2349" HierarchyLvlTypeId="7" Intrnl_Id="653" Name="unitTestPSM">
<Header/>
<LocList/>
<HierarchyLvl HierarchyLvlId="2346" HierarchyLvlTypeId="8" Intrnl_Id="654" Name="appControllerTest">
<Header>
<Loc EndOffset="338" SrcFileId="4" StartOffset="308"/>
</Header>
<LocList>
<Loc EndOffset="11029" SrcFileId="4" StartOffset="308"/>
</LocList>
<HierarchyLvl HierarchyLvlId="2322" HierarchyLvlTypeId="9" Intrnl_Id="655" Name="runBeforeAllTest">
<Header>
<Loc EndOffset="522" SrcFileId="4" StartOffset="482"/>
</Header>
<LocList>
<Loc EndOffset="1044" SrcFileId="4" StartOffset="482"/>
</LocList>
<StmntSeq Intrnl_Id="656">
<LocList>
<Loc EndOffset="610" SrcFileId="4" StartOffset="584"/>
<Loc EndOffset="650" SrcFileId="4" StartOffset="614"/>
<Loc EndOffset="730" SrcFileId="4" StartOffset="681"/>
<Loc EndOffset="795" SrcFileId="4" StartOffset="762"/>
<Loc EndOffset="855" SrcFileId="4" StartOffset="799"/>
<Loc EndOffset="963" SrcFileId="4" StartOffset="886"/>
<Loc EndOffset="1040" SrcFileId="4" StartOffset="998"/>
</LocList>
<BasicStmnt CovItemId="S1" CovItemPrefix="my.PSM.unitTestPSM.appControllerTest.java" Intrnl_Id="657">
<LocList>
<Loc EndOffset="610" SrcFileId="4" StartOffset="584"/>
</LocList>
</BasicStmnt>
<BasicStmnt CovItemId="S2" CovItemPrefix="my.PSM.unitTestPSM.appControllerTest.java" Intrnl_Id="658">
<LocList>
<Loc EndOffset="650" SrcFileId="4" StartOffset="614"/>
</LocList>
</BasicStmnt>
<BasicStmnt CovItemId="S3" CovItemPrefix="my.PSM.unitTestPSM.appControllerTest.java" Intrnl_Id="659">
<LocList>
<Loc EndOffset="730" SrcFileId="4" StartOffset="681"/>
</LocList>
</BasicStmnt>
<BasicStmnt CovItemId="S4" CovItemPrefix="my.PSM.unitTestPSM.appControllerTest.java" Intrnl_Id="660">
<LocList>
<Loc EndOffset="795" SrcFileId="4" StartOffset="762"/>
</LocList>
</BasicStmnt>
<BasicStmnt CovItemId="S5" CovItemPrefix="my.PSM.unitTestPSM.appControllerTest.java" Intrnl_Id="661">
<LocList>
<Loc EndOffset="855" SrcFileId="4" StartOffset="799"/>
</LocList>
</BasicStmnt>
<BasicStmnt CovItemId="S6" CovItemPrefix="my.PSM.unitTestPSM.appControllerTest.java" Intrnl_Id="662">
<LocList>
<Loc EndOffset="963" SrcFileId="4" StartOffset="886"/>
</LocList>
</BasicStmnt>
<BasicStmnt CovItemId="S7" CovItemPrefix="my.PSM.unitTestPSM.appControllerTest.java" Intrnl_Id="663">
<LocList>
<Loc EndOffset="1040" SrcFileId="4" StartOffset="998"/>
</LocList>
</BasicStmnt>
</StmntSeq>
</HierarchyLvl>
<HierarchyLvl HierarchyLvlId="2323" HierarchyLvlTypeId="9" Intrnl_Id="664" Name="runAfterAllTest">
<Header>
<Loc EndOffset="1085" SrcFileId="4" StartOffset="1047"/>
</Header>
<LocList>
<Loc EndOffset="1144" SrcFileId="4" StartOffset="1047"/>
</LocList>
<StmntSeq Intrnl_Id="665">
<LocList>
<Loc EndOffset="1101" SrcFileId="4" StartOffset="1090"/>
<Loc EndOffset="1120" SrcFileId="4" StartOffset="1105"/>
<Loc EndOffset="1140" SrcFileId="4" StartOffset="1124"/>
</LocList>
<BasicStmnt CovItemId="S8" CovItemPrefix="my.PSM.unitTestPSM.appControllerTest.java" Intrnl_Id="666">
<LocList>
<Loc EndOffset="1101" SrcFileId="4" StartOffset="1090"/>
</LocList>
</BasicStmnt>
<BasicStmnt CovItemId="S9" CovItemPrefix="my.PSM.unitTestPSM.appControllerTest.java" Intrnl_Id="667">
<LocList>
<Loc EndOffset="1120" SrcFileId="4" StartOffset="1105"/>
</LocList>
</BasicStmnt>
<BasicStmnt CovItemId="S10" CovItemPrefix="my.PSM.unitTestPSM.appControllerTest.java" Intrnl_Id="668">
<LocList>
<Loc EndOffset="1140" SrcFileId="4" StartOffset="1124"/>
</LocList>
</BasicStmnt>
</StmntSeq>
</HierarchyLvl>
<HierarchyLvl HierarchyLvlId="2324" HierarchyLvlTypeId="9" Intrnl_Id="669" Name="testMyMain">
<Header>
<Loc EndOffset="1179" SrcFileId="4" StartOffset="1147"/>
</Header>
<LocList>
<Loc EndOffset="1528" SrcFileId="4" StartOffset="1147"/>
</LocList>
<StmntSeq Intrnl_Id="670">
<LocList>
<Loc EndOffset="1237" SrcFileId="4" StartOffset="1209"/>
<Loc EndOffset="1267" SrcFileId="4" StartOffset="1241"/>
<Loc EndOffset="1295" SrcFileId="4" StartOffset="1271"/>
<Loc EndOffset="1314" SrcFileId="4" StartOffset="1301"/>
<Loc EndOffset="1409" SrcFileId="4" StartOffset="1373"/>
<Loc EndOffset="1447" SrcFileId="4" StartOffset="1413"/>
<Loc EndOffset="1490" SrcFileId="4" StartOffset="1451"/>
<Loc EndOffset="1524" SrcFileId="4" StartOffset="1494"/>
</LocList>
<BasicStmnt CovItemId="S11" CovItemPrefix="my.PSM.unitTestPSM.appControllerTest.java" Intrnl_Id="671">
<LocList>
<Loc EndOffset="1237" SrcFileId="4" StartOffset="1209"/>
</LocList>
</BasicStmnt>
<BasicStmnt CovItemId="S12" CovItemPrefix="my.PSM.unitTestPSM.appControllerTest.java" Intrnl_Id="672">
<LocList>
<Loc EndOffset="1267" SrcFileId="4" StartOffset="1241"/>
</LocList>
</BasicStmnt>
<BasicStmnt CovItemId="S13" CovItemPrefix="my.PSM.unitTestPSM.appControllerTest.java" Intrnl_Id="673">
<LocList>
<Loc EndOffset="1295" SrcFileId="4" StartOffset="1271"/>
</LocList>
</BasicStmnt>
<BasicStmnt CovItemId="S14" CovItemPrefix="my.PSM.unitTestPSM.appControllerTest.java" Intrnl_Id="674">
<LocList>
<Loc EndOffset="1314" SrcFileId="4" StartOffset="1301"/>
</LocList>
</BasicStmnt>
<BasicStmnt CovItemId="S15" CovItemPrefix="my.PSM.unitTestPSM.appControllerTest.java" Intrnl_Id="675">
<LocList>
<Loc EndOffset="1409" SrcFileId="4" StartOffset="1373"/>
</LocList>
</BasicStmnt>
<BasicStmnt CovItemId="S16" CovItemPrefix="my.PSM.unitTestPSM.appControllerTest.java" Intrnl_Id="676">
<LocList>
<Loc EndOffset="1447" SrcFileId="4" StartOffset="1413"/>
</LocList>
</BasicStmnt>
<BasicStmnt CovItemId="S17" CovItemPrefix="my.PSM.unitTestPSM.appControllerTest.java" Intrnl_Id="677">
<LocList>
<Loc EndOffset="1490" SrcFileId="4" StartOffset="1451"/>
</LocList>
</BasicStmnt>
<BasicStmnt CovItemId="S18" CovItemPrefix="my.PSM.unitTestPSM.appControllerTest.java" Intrnl_Id="678">
<LocList>
<Loc EndOffset="1524" SrcFileId="4" StartOffset="1494"/>
</LocList>
</BasicStmnt>
</StmntSeq>
</HierarchyLvl>
<HierarchyLvl HierarchyLvlId="2325" HierarchyLvlTypeId="9" Intrnl_Id="679" Name="testAppMainMenu">
<Header>
<Loc EndOffset="1570" SrcFileId="4" StartOffset="1533"/>
</Header>
<LocList>
<Loc EndOffset="1726" SrcFileId="4" StartOffset="1533"/>
</LocList>
<StmntSeq Intrnl_Id="680">
<LocList>
<Loc EndOffset="1621" SrcFileId="4" StartOffset="1599"/>
<Loc EndOffset="1647" SrcFileId="4" StartOffset="1629"/>
<Loc EndOffset="1722" SrcFileId="4" StartOffset="1691"/>
</LocList>
<BasicStmnt CovItemId="S19" CovItemPrefix="my.PSM.unitTestPSM.appControllerTest.java" Intrnl_Id="681">
<LocList>
<Loc EndOffset="1621" SrcFileId="4" StartOffset="1599"/>
</LocList>
</BasicStmnt>
<BasicStmnt CovItemId="S20" CovItemPrefix="my.PSM.unitTestPSM.appControllerTest.java" Intrnl_Id="682">
<LocList>
<Loc EndOffset="1647" SrcFileId="4" StartOffset="1629"/>
</LocList>
</BasicStmnt>
<BasicStmnt CovItemId="S21" CovItemPrefix="my.PSM.unitTestPSM.appControllerTest.java" Intrnl_Id="683">
<LocList>
<Loc EndOffset="1722" SrcFileId="4" StartOffset="1691"/>
</LocList>
</BasicStmnt>
</StmntSeq>
</HierarchyLvl>
<HierarchyLvl HierarchyLvlId="2326" HierarchyLvlTypeId="9" Intrnl_Id="684" Name="testAppMainMenu02">
<Header>
<Loc EndOffset="1768" SrcFileId="4" StartOffset="1729"/>
</Header>
<LocList>
<Loc EndOffset="1924" SrcFileId="4" StartOffset="1729"/>
</LocList>
<StmntSeq Intrnl_Id="685">
<LocList>
<Loc EndOffset="1821" SrcFileId="4" StartOffset="1797"/>
<Loc EndOffset="1847" SrcFileId="4" StartOffset="1829"/>
<Loc EndOffset="1920" SrcFileId="4" StartOffset="1890"/>
</LocList>
<BasicStmnt CovItemId="S22" CovItemPrefix="my.PSM.unitTestPSM.appControllerTest.java" Intrnl_Id="686">
<LocList>
<Loc EndOffset="1821" SrcFileId="4" StartOffset="1797"/>
</LocList>
</BasicStmnt>
<BasicStmnt CovItemId="S23" CovItemPrefix="my.PSM.unitTestPSM.appControllerTest.java" Intrnl_Id="687">
<LocList>
<Loc EndOffset="1847" SrcFileId="4" StartOffset="1829"/>
</LocList>
</BasicStmnt>
<BasicStmnt CovItemId="S24" CovItemPrefix="my.PSM.unitTestPSM.appControllerTest.java" Intrnl_Id="688">
<LocList>
<Loc EndOffset="1920" SrcFileId="4" StartOffset="1890"/>
</LocList>
</BasicStmnt>
</StmntSeq>
</HierarchyLvl>
<HierarchyLvl HierarchyLvlId="2327" HierarchyLvlTypeId="9" Intrnl_Id="689" Name="testAppMainMenu03">
<Header>
<Loc EndOffset="1966" SrcFileId="4" StartOffset="1927"/>
</Header>
<LocList>
<Loc EndOffset="2128" SrcFileId="4" StartOffset="1927"/>
</LocList>
<StmntSeq Intrnl_Id="690">
<LocList>
<Loc EndOffset="2017" SrcFileId="4" StartOffset="1995"/>
<Loc EndOffset="2043" SrcFileId="4" StartOffset="2025"/>
<Loc EndOffset="2124" SrcFileId="4" StartOffset="2090"/>
</LocList>
<BasicStmnt CovItemId="S25" CovItemPrefix="my.PSM.unitTestPSM.appControllerTest.java" Intrnl_Id="691">
<LocList>
<Loc EndOffset="2017" SrcFileId="4" StartOffset="1995"/>
</LocList>
</BasicStmnt>
<BasicStmnt CovItemId="S26" CovItemPrefix="my.PSM.unitTestPSM.appControllerTest.java" Intrnl_Id="692">
<LocList>
<Loc EndOffset="2043" SrcFileId="4" StartOffset="2025"/>
</LocList>
</BasicStmnt>
<BasicStmnt CovItemId="S27" CovItemPrefix="my.PSM.unitTestPSM.appControllerTest.java" Intrnl_Id="693">
<LocList>
<Loc EndOffset="2124" SrcFileId="4" StartOffset="2090"/>
</LocList>
</BasicStmnt>
</StmntSeq>
</HierarchyLvl>
<HierarchyLvl HierarchyLvlId="2328" HierarchyLvlTypeId="9" Intrnl_Id="694" Name="testSetupSched">
<Header>
<Loc EndOffset="2167" SrcFileId="4" StartOffset="2131"/>
</Header>
<LocList>
<Loc EndOffset="3634" SrcFileId="4" StartOffset="2131"/>
</LocList>
<StmntSeq Intrnl_Id="695">
<LocList>
<Loc EndOffset="2225" SrcFileId="4" StartOffset="2201"/>
<Loc EndOffset="2402" SrcFileId="4" StartOffset="2229"/>
<Loc EndOffset="2427" SrcFileId="4" StartOffset="2410"/>
<Loc EndOffset="2546" SrcFileId="4" StartOffset="2495"/>
<Loc EndOffset="2624" SrcFileId="4" StartOffset="2550"/>
<Loc EndOffset="2682" SrcFileId="4" StartOffset="2628"/>
<Loc EndOffset="2746" SrcFileId="4" StartOffset="2686"/>
<Loc EndOffset="2817" SrcFileId="4" StartOffset="2750"/>
<Loc EndOffset="2886" SrcFileId="4" StartOffset="2821"/>
<Loc EndOffset="2948" SrcFileId="4" StartOffset="2890"/>
<Loc EndOffset="3008" SrcFileId="4" StartOffset="2952"/>
<Loc EndOffset="3073" SrcFileId="4" StartOffset="3012"/>
<Loc EndOffset="3136" SrcFileId="4" StartOffset="3077"/>
<Loc EndOffset="3198" SrcFileId="4" StartOffset="3140"/>
<Loc EndOffset="3258" SrcFileId="4" StartOffset="3202"/>
<Loc EndOffset="3323" SrcFileId="4" StartOffset="3262"/>
<Loc EndOffset="3386" SrcFileId="4" StartOffset="3327"/>
<Loc EndOffset="3448" SrcFileId="4" StartOffset="3390"/>
<Loc EndOffset="3508" SrcFileId="4" StartOffset="3452"/>
<Loc EndOffset="3570" SrcFileId="4" StartOffset="3512"/>
<Loc EndOffset="3630" SrcFileId="4" StartOffset="3574"/>
</LocList>
<BasicStmnt CovItemId="S28" CovItemPrefix="my.PSM.unitTestPSM.appControllerTest.java" Intrnl_Id="696">
<LocList>
<Loc EndOffset="2225" SrcFileId="4" StartOffset="2201"/>
</LocList>
</BasicStmnt>
<BasicStmnt CovItemId="S29" CovItemPrefix="my.PSM.unitTestPSM.appControllerTest.java" Intrnl_Id="697">
<LocList>
<Loc EndOffset="2402" SrcFileId="4" StartOffset="2229"/>
</LocList>
</BasicStmnt>
<BasicStmnt CovItemId="S30" CovItemPrefix="my.PSM.unitTestPSM.appControllerTest.java" Intrnl_Id="698">
<LocList>
<Loc EndOffset="2427" SrcFileId="4" StartOffset="2410"/>
</LocList>
</BasicStmnt>
<BasicStmnt CovItemId="S31" CovItemPrefix="my.PSM.unitTestPSM.appControllerTest.java" Intrnl_Id="699">
<LocList>
<Loc EndOffset="2546" SrcFileId="4" StartOffset="2495"/>
</LocList>
</BasicStmnt>
<BasicStmnt CovItemId="S32" CovItemPrefix="my.PSM.unitTestPSM.appControllerTest.java" Intrnl_Id="700">
<LocList>
<Loc EndOffset="2624" SrcFileId="4" StartOffset="2550"/>
</LocList>
</BasicStmnt>
<BasicStmnt CovItemId="S33" CovItemPrefix="my.PSM.unitTestPSM.appControllerTest.java" Intrnl_Id="701">
<LocList>
<Loc EndOffset="2682" SrcFileId="4" StartOffset="2628"/>
</LocList>
</BasicStmnt>
<BasicStmnt CovItemId="S34" CovItemPrefix="my.PSM.unitTestPSM.appControllerTest.java" Intrnl_Id="702">
<LocList>
<Loc EndOffset="2746" SrcFileId="4" StartOffset="2686"/>
</LocList>
</BasicStmnt>
<BasicStmnt CovItemId="S35" CovItemPrefix="my.PSM.unitTestPSM.appControllerTest.java" Intrnl_Id="703">
<LocList>
<Loc EndOffset="2817" SrcFileId="4" StartOffset="2750"/>
</LocList>
</BasicStmnt>
<BasicStmnt CovItemId="S36" CovItemPrefix="my.PSM.unitTestPSM.appControllerTest.java" Intrnl_Id="704">
<LocList>
<Loc EndOffset="2886" SrcFileId="4" StartOffset="2821"/>
</LocList>
</BasicStmnt>
<BasicStmnt CovItemId="S37" CovItemPrefix="my.PSM.unitTestPSM.appControllerTest.java" Intrnl_Id="705">
<LocList>
<Loc EndOffset="2948" SrcFileId="4" StartOffset="2890"/>
</LocList>
</BasicStmnt>
<BasicStmnt CovItemId="S38" CovItemPrefix="my.PSM.unitTestPSM.appControllerTest.java" Intrnl_Id="706">
<LocList>
<Loc EndOffset="3008" SrcFileId="4" StartOffset="2952"/>
</LocList>
</BasicStmnt>
<BasicStmnt CovItemId="S39" CovItemPrefix="my.PSM.unitTestPSM.appControllerTest.java" Intrnl_Id="707">
<LocList>
<Loc EndOffset="3073" SrcFileId="4" StartOffset="3012"/>
</LocList>
</BasicStmnt>
<BasicStmnt CovItemId="S40" CovItemPrefix="my.PSM.unitTestPSM.appControllerTest.java" Intrnl_Id="708">
<LocList>
<Loc EndOffset="3136" SrcFileId="4" StartOffset="3077"/>
</LocList>
</BasicStmnt>
<BasicStmnt CovItemId="S41" CovItemPrefix="my.PSM.unitTestPSM.appControllerTest.java" Intrnl_Id="709">
<LocList>
<Loc EndOffset="3198" SrcFileId="4" StartOffset="3140"/>
</LocList>
</BasicStmnt>
<BasicStmnt CovItemId="S42" CovItemPrefix="my.PSM.unitTestPSM.appControllerTest.java" Intrnl_Id="710">
<LocList>
<Loc EndOffset="3258" SrcFileId="4" StartOffset="3202"/>
</LocList>
</BasicStmnt>
<BasicStmnt CovItemId="S43" CovItemPrefix="my.PSM.unitTestPSM.appControllerTest.java" Intrnl_Id="711">
<LocList>
<Loc EndOffset="3323" SrcFileId="4" StartOffset="3262"/>
</LocList>
</BasicStmnt>
<BasicStmnt CovItemId="S44" CovItemPrefix="my.PSM.unitTestPSM.appControllerTest.java" Intrnl_Id="712">
<LocList>
<Loc EndOffset="3386" SrcFileId="4" StartOffset="3327"/>
</LocList>
</BasicStmnt>
<BasicStmnt CovItemId="S45" CovItemPrefix="my.PSM.unitTestPSM.appControllerTest.java" Intrnl_Id="713">
<LocList>
<Loc EndOffset="3448" SrcFileId="4" StartOffset="3390"/>
</LocList>
</BasicStmnt>
<BasicStmnt CovItemId="S46" CovItemPrefix="my.PSM.unitTestPSM.appControllerTest.java" Intrnl_Id="714">
<LocList>
<Loc EndOffset="3508" SrcFileId="4" StartOffset="3452"/>
</LocList>
</BasicStmnt>
<BasicStmnt CovItemId="S47" CovItemPrefix="my.PSM.unitTestPSM.appControllerTest.java" Intrnl_Id="715">
<LocList>
<Loc EndOffset="3570" SrcFileId="4" StartOffset="3512"/>
</LocList>
</BasicStmnt>
<BasicStmnt CovItemId="S48" CovItemPrefix="my.PSM.unitTestPSM.appControllerTest.java" Intrnl_Id="716">
<LocList>
<Loc EndOffset="3630" SrcFileId="4" StartOffset="3574"/>
</LocList>
</BasicStmnt>
</StmntSeq>
</HierarchyLvl>
<HierarchyLvl HierarchyLvlId="2329" HierarchyLvlTypeId="9" Intrnl_Id="717" Name="testAppEditSched">
<Header>
<Loc EndOffset="3677" SrcFileId="4" StartOffset="3639"/>
</Header>
<LocList>
<Loc EndOffset="4988" SrcFileId="4" StartOffset="3639"/>
</LocList>
<StmntSeq Intrnl_Id="718">
<LocList>
<Loc EndOffset="3768" SrcFileId="4" StartOffset="3741"/>
<Loc EndOffset="3824" SrcFileId="4" StartOffset="3800"/>
<Loc EndOffset="4001" SrcFileId="4" StartOffset="3828"/>
<Loc EndOffset="4036" SrcFileId="4" StartOffset="4017"/>
<Loc EndOffset="4171" SrcFileId="4" StartOffset="4104"/>
<Loc EndOffset="4240" SrcFileId="4" StartOffset="4175"/>
<Loc EndOffset="4302" SrcFileId="4" StartOffset="4244"/>
<Loc EndOffset="4362" SrcFileId="4" StartOffset="4306"/>
<Loc EndOffset="4427" SrcFileId="4" StartOffset="4366"/>
<Loc EndOffset="4490" SrcFileId="4" StartOffset="4431"/>
<Loc EndOffset="4552" SrcFileId="4" StartOffset="4494"/>
<Loc EndOffset="4612" SrcFileId="4" StartOffset="4556"/>
<Loc EndOffset="4677" SrcFileId="4" StartOffset="4616"/>
<Loc EndOffset="4740" SrcFileId="4" StartOffset="4681"/>
<Loc EndOffset="4802" SrcFileId="4" StartOffset="4744"/>
<Loc EndOffset="4862" SrcFileId="4" StartOffset="4806"/>
<Loc EndOffset="4924" SrcFileId="4" StartOffset="4866"/>
<Loc EndOffset="4984" SrcFileId="4" StartOffset="4928"/>
</LocList>
<BasicStmnt CovItemId="S49" CovItemPrefix="my.PSM.unitTestPSM.appControllerTest.java" Intrnl_Id="719">
<LocList>
<Loc EndOffset="3768" SrcFileId="4" StartOffset="3741"/>
</LocList>
</BasicStmnt>
<BasicStmnt CovItemId="S50" CovItemPrefix="my.PSM.unitTestPSM.appControllerTest.java" Intrnl_Id="720">
<LocList>
<Loc EndOffset="3824" SrcFileId="4" StartOffset="3800"/>
</LocList>
</BasicStmnt>
<BasicStmnt CovItemId="S51" CovItemPrefix="my.PSM.unitTestPSM.appControllerTest.java" Intrnl_Id="721">
<LocList>
<Loc EndOffset="4001" SrcFileId="4" StartOffset="3828"/>
</LocList>
</BasicStmnt>
<BasicStmnt CovItemId="S52" CovItemPrefix="my.PSM.unitTestPSM.appControllerTest.java" Intrnl_Id="722">
<LocList>
<Loc EndOffset="4036" SrcFileId="4" StartOffset="4017"/>
</LocList>
</BasicStmnt>
<BasicStmnt CovItemId="S53" CovItemPrefix="my.PSM.unitTestPSM.appControllerTest.java" Intrnl_Id="723">
<LocList>
<Loc EndOffset="4171" SrcFileId="4" StartOffset="4104"/>
</LocList>
</BasicStmnt>
<BasicStmnt CovItemId="S54" CovItemPrefix="my.PSM.unitTestPSM.appControllerTest.java" Intrnl_Id="724">
<LocList>
<Loc EndOffset="4240" SrcFileId="4" StartOffset="4175"/>
</LocList>
</BasicStmnt>
<BasicStmnt CovItemId="S55" CovItemPrefix="my.PSM.unitTestPSM.appControllerTest.java" Intrnl_Id="725">
<LocList>
<Loc EndOffset="4302" SrcFileId="4" StartOffset="4244"/>
</LocList>
</BasicStmnt>
<BasicStmnt CovItemId="S56" CovItemPrefix="my.PSM.unitTestPSM.appControllerTest.java" Intrnl_Id="726">
<LocList>
<Loc EndOffset="4362" SrcFileId="4" StartOffset="4306"/>
</LocList>
</BasicStmnt>
<BasicStmnt CovItemId="S57" CovItemPrefix="my.PSM.unitTestPSM.appControllerTest.java" Intrnl_Id="727">
<LocList>
<Loc EndOffset="4427" SrcFileId="4" StartOffset="4366"/>
</LocList>
</BasicStmnt>
<BasicStmnt CovItemId="S58" CovItemPrefix="my.PSM.unitTestPSM.appControllerTest.java" Intrnl_Id="728">
<LocList>
<Loc EndOffset="4490" SrcFileId="4" StartOffset="4431"/>
</LocList>
</BasicStmnt>
<BasicStmnt CovItemId="S59" CovItemPrefix="my.PSM.unitTestPSM.appControllerTest.java" Intrnl_Id="729">
<LocList>
<Loc EndOffset="4552" SrcFileId="4" StartOffset="4494"/>
</LocList>
</BasicStmnt>
<BasicStmnt CovItemId="S60" CovItemPrefix="my.PSM.unitTestPSM.appControllerTest.java" Intrnl_Id="730">
<LocList>
<Loc EndOffset="4612" SrcFileId="4" StartOffset="4556"/>
</LocList>
</BasicStmnt>
<BasicStmnt CovItemId="S61" CovItemPrefix="my.PSM.unitTestPSM.appControllerTest.java" Intrnl_Id="731">
<LocList>
<Loc EndOffset="4677" SrcFileId="4" StartOffset="4616"/>
</LocList>
</BasicStmnt>
<BasicStmnt CovItemId="S62" CovItemPrefix="my.PSM.unitTestPSM.appControllerTest.java" Intrnl_Id="732">
<LocList>
<Loc EndOffset="4740" SrcFileId="4" StartOffset="4681"/>
</LocList>
</BasicStmnt>
<BasicStmnt CovItemId="S63" CovItemPrefix="my.PSM.unitTestPSM.appControllerTest.java" Intrnl_Id="733">
<LocList>
<Loc EndOffset="4802" SrcFileId="4" StartOffset="4744"/>
</LocList>
</BasicStmnt>
<BasicStmnt CovItemId="S64" CovItemPrefix="my.PSM.unitTestPSM.appControllerTest.java" Intrnl_Id="734">
<LocList>
<Loc EndOffset="4862" SrcFileId="4" StartOffset="4806"/>
</LocList>
</BasicStmnt>
<BasicStmnt CovItemId="S65" CovItemPrefix="my.PSM.unitTestPSM.appControllerTest.java" Intrnl_Id="735">
<LocList>
<Loc EndOffset="4924" SrcFileId="4" StartOffset="4866"/>
</LocList>
</BasicStmnt>
<BasicStmnt CovItemId="S66" CovItemPrefix="my.PSM.unitTestPSM.appControllerTest.java" Intrnl_Id="736">
<LocList>
<Loc EndOffset="4984" SrcFileId="4" StartOffset="4928"/>
</LocList>
</BasicStmnt>
</StmntSeq>
</HierarchyLvl>
<HierarchyLvl HierarchyLvlId="2330" HierarchyLvlTypeId="9" Intrnl_Id="737" Name="testAppLogin">
<Header>
<Loc EndOffset="5027" SrcFileId="4" StartOffset="4993"/>
</Header>
<LocList>
<Loc EndOffset="5348" SrcFileId="4" StartOffset="4993"/>
</LocList>
<StmntSeq Intrnl_Id="738">
<LocList>
<Loc EndOffset="5085" SrcFileId="4" StartOffset="5057"/>
<Loc EndOffset="5115" SrcFileId="4" StartOffset="5089"/>
<Loc EndOffset="5138" SrcFileId="4" StartOffset="5123"/>
<Loc EndOffset="5252" SrcFileId="4" StartOffset="5215"/>
<Loc EndOffset="5299" SrcFileId="4" StartOffset="5256"/>
<Loc EndOffset="5344" SrcFileId="4" StartOffset="5303"/>
</LocList>
<BasicStmnt CovItemId="S67" CovItemPrefix="my.PSM.unitTestPSM.appControllerTest.java" Intrnl_Id="739">
<LocList>
<Loc EndOffset="5085" SrcFileId="4" StartOffset="5057"/>
</LocList>
</BasicStmnt>
<BasicStmnt CovItemId="S68" CovItemPrefix="my.PSM.unitTestPSM.appControllerTest.java" Intrnl_Id="740">
<LocList>
<Loc EndOffset="5115" SrcFileId="4" StartOffset="5089"/>
</LocList>
</BasicStmnt>
<BasicStmnt CovItemId="S69" CovItemPrefix="my.PSM.unitTestPSM.appControllerTest.java" Intrnl_Id="741">
<LocList>
<Loc EndOffset="5138" SrcFileId="4" StartOffset="5123"/>
</LocList>
</BasicStmnt>
<BasicStmnt CovItemId="S70" CovItemPrefix="my.PSM.unitTestPSM.appControllerTest.java" Intrnl_Id="742">
<LocList>
<Loc EndOffset="5252" SrcFileId="4" StartOffset="5215"/>
</LocList>
</BasicStmnt>
<BasicStmnt CovItemId="S71" CovItemPrefix="my.PSM.unitTestPSM.appControllerTest.java" Intrnl_Id="743">
<LocList>
<Loc EndOffset="5299" SrcFileId="4" StartOffset="5256"/>
</LocList>
</BasicStmnt>
<BasicStmnt CovItemId="S72" CovItemPrefix="my.PSM.unitTestPSM.appControllerTest.java" Intrnl_Id="744">
<LocList>
<Loc EndOffset="5344" SrcFileId="4" StartOffset="5303"/>
</LocList>
</BasicStmnt>
</StmntSeq>
</HierarchyLvl>
<HierarchyLvl HierarchyLvlId="2331" HierarchyLvlTypeId="9" Intrnl_Id="745" Name="testAppLogin02">
<Header>
<Loc EndOffset="5389" SrcFileId="4" StartOffset="5353"/>
</Header>
<LocList>
<Loc EndOffset="5759" SrcFileId="4" StartOffset="5353"/>
</LocList>
<StmntSeq Intrnl_Id="746">
<LocList>
<Loc EndOffset="5448" SrcFileId="4" StartOffset="5419"/>
<Loc EndOffset="5482" SrcFileId="4" StartOffset="5452"/>
<Loc EndOffset="5505" SrcFileId="4" StartOffset="5490"/>
<Loc EndOffset="5634" SrcFileId="4" StartOffset="5595"/>
<Loc EndOffset="5672" SrcFileId="4" StartOffset="5638"/>
<Loc EndOffset="5713" SrcFileId="4" StartOffset="5676"/>
<Loc EndOffset="5755" SrcFileId="4" StartOffset="5717"/>
</LocList>
<BasicStmnt CovItemId="S73" CovItemPrefix="my.PSM.unitTestPSM.appControllerTest.java" Intrnl_Id="747">
<LocList>
<Loc EndOffset="5448" SrcFileId="4" StartOffset="5419"/>
</LocList>
</BasicStmnt>
<BasicStmnt CovItemId="S74" CovItemPrefix="my.PSM.unitTestPSM.appControllerTest.java" Intrnl_Id="748">
<LocList>
<Loc EndOffset="5482" SrcFileId="4" StartOffset="5452"/>
</LocList>
</BasicStmnt>
<BasicStmnt CovItemId="S75" CovItemPrefix="my.PSM.unitTestPSM.appControllerTest.java" Intrnl_Id="749">
<LocList>
<Loc EndOffset="5505" SrcFileId="4" StartOffset="5490"/>
</LocList>
</BasicStmnt>
<BasicStmnt CovItemId="S76" CovItemPrefix="my.PSM.unitTestPSM.appControllerTest.java" Intrnl_Id="750">
<LocList>
<Loc EndOffset="5634" SrcFileId="4" StartOffset="5595"/>
</LocList>
</BasicStmnt>
<BasicStmnt CovItemId="S77" CovItemPrefix="my.PSM.unitTestPSM.appControllerTest.java" Intrnl_Id="751">
<LocList>
<Loc EndOffset="5672" SrcFileId="4" StartOffset="5638"/>
</LocList>
</BasicStmnt>
<BasicStmnt CovItemId="S78" CovItemPrefix="my.PSM.unitTestPSM.appControllerTest.java" Intrnl_Id="752">
<LocList>
<Loc EndOffset="5713" SrcFileId="4" StartOffset="5676"/>
</LocList>
</BasicStmnt>
<BasicStmnt CovItemId="S79" CovItemPrefix="my.PSM.unitTestPSM.appControllerTest.java" Intrnl_Id="753">
<LocList>
<Loc EndOffset="5755" SrcFileId="4" StartOffset="5717"/>
</LocList>
</BasicStmnt>
</StmntSeq>
</HierarchyLvl>
<HierarchyLvl HierarchyLvlId="2332" HierarchyLvlTypeId="9" Intrnl_Id="754" Name="testCheckClear">
<Header>
<Loc EndOffset="5798" SrcFileId="4" StartOffset="5762"/>
</Header>
<LocList>
<Loc EndOffset="5931" SrcFileId="4" StartOffset="5762"/>
</LocList>
<StmntSeq Intrnl_Id="755">
<LocList>
<Loc EndOffset="5923" SrcFileId="4" StartOffset="5887"/>
</LocList>
<BasicStmnt CovItemId="S80" CovItemPrefix="my.PSM.unitTestPSM.appControllerTest.java" Intrnl_Id="756">
<LocList>
<Loc EndOffset="5923" SrcFileId="4" StartOffset="5887"/>
</LocList>
</BasicStmnt>
</StmntSeq>
</HierarchyLvl>
<HierarchyLvl HierarchyLvlId="2333" HierarchyLvlTypeId="9" Intrnl_Id="757" Name="testCheckClear02">
<Header>
<Loc EndOffset="5975" SrcFileId="4" StartOffset="5937"/>
</Header>
<LocList>
<Loc EndOffset="6487" SrcFileId="4" StartOffset="5937"/>
</LocList>
<StmntSeq Intrnl_Id="758">
<LocList>
<Loc EndOffset="6217" SrcFileId="4" StartOffset="6039"/>
<Loc EndOffset="6403" SrcFileId="4" StartOffset="6221"/>
<Loc EndOffset="6483" SrcFileId="4" StartOffset="6447"/>
</LocList>
<BasicStmnt CovItemId="S81" CovItemPrefix="my.PSM.unitTestPSM.appControllerTest.java" Intrnl_Id="759">
<LocList>
<Loc EndOffset="6217" SrcFileId="4" StartOffset="6039"/>
</LocList>
</BasicStmnt>
<BasicStmnt CovItemId="S82" CovItemPrefix="my.PSM.unitTestPSM.appControllerTest.java" Intrnl_Id="760">
<LocList>
<Loc EndOffset="6403" SrcFileId="4" StartOffset="6221"/>
</LocList>
</BasicStmnt>
<BasicStmnt CovItemId="S83" CovItemPrefix="my.PSM.unitTestPSM.appControllerTest.java" Intrnl_Id="761">
<LocList>
<Loc EndOffset="6483" SrcFileId="4" StartOffset="6447"/>
</LocList>
</BasicStmnt>
</StmntSeq>
</HierarchyLvl>
<HierarchyLvl HierarchyLvlId="2334" HierarchyLvlTypeId="9" Intrnl_Id="762" Name="testCheckClear03">
<Header>
<Loc EndOffset="6530" SrcFileId="4" StartOffset="6492"/>
</Header>
<LocList>
<Loc EndOffset="7059" SrcFileId="4" StartOffset="6492"/>
</LocList>
<StmntSeq Intrnl_Id="763">
<LocList>
<Loc EndOffset="6775" SrcFileId="4" StartOffset="6597"/>
<Loc EndOffset="6961" SrcFileId="4" StartOffset="6779"/>
<Loc EndOffset="7051" SrcFileId="4" StartOffset="7006"/>
</LocList>
<BasicStmnt CovItemId="S84" CovItemPrefix="my.PSM.unitTestPSM.appControllerTest.java" Intrnl_Id="764">
<LocList>
<Loc EndOffset="6775" SrcFileId="4" StartOffset="6597"/>
</LocList>
</BasicStmnt>
<BasicStmnt CovItemId="S85" CovItemPrefix="my.PSM.unitTestPSM.appControllerTest.java" Intrnl_Id="765">
<LocList>
<Loc EndOffset="6961" SrcFileId="4" StartOffset="6779"/>
</LocList>
</BasicStmnt>
<BasicStmnt CovItemId="S86" CovItemPrefix="my.PSM.unitTestPSM.appControllerTest.java" Intrnl_Id="766">
<LocList>
<Loc EndOffset="7051" SrcFileId="4" StartOffset="7006"/>
</LocList>
</BasicStmnt>
</StmntSeq>
</HierarchyLvl>
<HierarchyLvl HierarchyLvlId="2335" HierarchyLvlTypeId="9" Intrnl_Id="767" Name="testGetData">
<Header>
<Loc EndOffset="7097" SrcFileId="4" StartOffset="7064"/>
</Header>
<LocList>
<Loc EndOffset="8289" SrcFileId="4" StartOffset="7064"/>
</LocList>
<StmntSeq Intrnl_Id="768">
<LocList>
<Loc EndOffset="7339" SrcFileId="4" StartOffset="7161"/>
<Loc EndOffset="7365" SrcFileId="4" StartOffset="7347"/>
<Loc EndOffset="7516" SrcFileId="4" StartOffset="7457"/>
<Loc EndOffset="7559" SrcFileId="4" StartOffset="7520"/>
<Loc EndOffset="7611" SrcFileId="4" StartOffset="7563"/>
<Loc EndOffset="7667" SrcFileId="4" StartOffset="7615"/>
<Loc EndOffset="7721" SrcFileId="4" StartOffset="7671"/>
<Loc EndOffset="7768" SrcFileId="4" StartOffset="7725"/>
<Loc EndOffset="7813" SrcFileId="4" StartOffset="7772"/>
<Loc EndOffset="7863" SrcFileId="4" StartOffset="7817"/>
<Loc EndOffset="7911" SrcFileId="4" StartOffset="7867"/>
<Loc EndOffset="7958" SrcFileId="4" StartOffset="7915"/>
<Loc EndOffset="8003" SrcFileId="4" StartOffset="7962"/>
<Loc EndOffset="8053" SrcFileId="4" StartOffset="8007"/>
<Loc EndOffset="8101" SrcFileId="4" StartOffset="8057"/>
<Loc EndOffset="8148" SrcFileId="4" StartOffset="8105"/>
<Loc EndOffset="8193" SrcFileId="4" StartOffset="8152"/>
<Loc EndOffset="8240" SrcFileId="4" StartOffset="8197"/>
<Loc EndOffset="8285" SrcFileId="4" StartOffset="8244"/>
</LocList>
<BasicStmnt CovItemId="S87" CovItemPrefix="my.PSM.unitTestPSM.appControllerTest.java" Intrnl_Id="769">
<LocList>
<Loc EndOffset="7339" SrcFileId="4" StartOffset="7161"/>
</LocList>
</BasicStmnt>
<BasicStmnt CovItemId="S88" CovItemPrefix="my.PSM.unitTestPSM.appControllerTest.java" Intrnl_Id="770">
<LocList>
<Loc EndOffset="7365" SrcFileId="4" StartOffset="7347"/>
</LocList>
</BasicStmnt>
<BasicStmnt CovItemId="S89" CovItemPrefix="my.PSM.unitTestPSM.appControllerTest.java" Intrnl_Id="771">
<LocList>
<Loc EndOffset="7516" SrcFileId="4" StartOffset="7457"/>
</LocList>
</BasicStmnt>
<BasicStmnt CovItemId="S90" CovItemPrefix="my.PSM.unitTestPSM.appControllerTest.java" Intrnl_Id="772">
<LocList>
<Loc EndOffset="7559" SrcFileId="4" StartOffset="7520"/>
</LocList>
</BasicStmnt>
<BasicStmnt CovItemId="S91" CovItemPrefix="my.PSM.unitTestPSM.appControllerTest.java" Intrnl_Id="773">
<LocList>
<Loc EndOffset="7611" SrcFileId="4" StartOffset="7563"/>
</LocList>
</BasicStmnt>
<BasicStmnt CovItemId="S92" CovItemPrefix="my.PSM.unitTestPSM.appControllerTest.java" Intrnl_Id="774">
<LocList>
<Loc EndOffset="7667" SrcFileId="4" StartOffset="7615"/>
</LocList>
</BasicStmnt>
<BasicStmnt CovItemId="S93" CovItemPrefix="my.PSM.unitTestPSM.appControllerTest.java" Intrnl_Id="775">
<LocList>
<Loc EndOffset="7721" SrcFileId="4" StartOffset="7671"/>
</LocList>
</BasicStmnt>
<BasicStmnt CovItemId="S94" CovItemPrefix="my.PSM.unitTestPSM.appControllerTest.java" Intrnl_Id="776">
<LocList>
<Loc EndOffset="7768" SrcFileId="4" StartOffset="7725"/>
</LocList>
</BasicStmnt>
<BasicStmnt CovItemId="S95" CovItemPrefix="my.PSM.unitTestPSM.appControllerTest.java" Intrnl_Id="777">
<LocList>
<Loc EndOffset="7813" SrcFileId="4" StartOffset="7772"/>
</LocList>
</BasicStmnt>
<BasicStmnt CovItemId="S96" CovItemPrefix="my.PSM.unitTestPSM.appControllerTest.java" Intrnl_Id="778">
<LocList>
<Loc EndOffset="7863" SrcFileId="4" StartOffset="7817"/>
</LocList>
</BasicStmnt>
<BasicStmnt CovItemId="S97" CovItemPrefix="my.PSM.unitTestPSM.appControllerTest.java" Intrnl_Id="779">
<LocList>
<Loc EndOffset="7911" SrcFileId="4" StartOffset="7867"/>
</LocList>
</BasicStmnt>
<BasicStmnt CovItemId="S98" CovItemPrefix="my.PSM.unitTestPSM.appControllerTest.java" Intrnl_Id="780">
<LocList>
<Loc EndOffset="7958" SrcFileId="4" StartOffset="7915"/>
</LocList>
</BasicStmnt>
<BasicStmnt CovItemId="S99" CovItemPrefix="my.PSM.unitTestPSM.appControllerTest.java" Intrnl_Id="781">
<LocList>
<Loc EndOffset="8003" SrcFileId="4" StartOffset="7962"/>
</LocList>
</BasicStmnt>
<BasicStmnt CovItemId="S100" CovItemPrefix="my.PSM.unitTestPSM.appControllerTest.java" Intrnl_Id="782">
<LocList>
<Loc EndOffset="8053" SrcFileId="4" StartOffset="8007"/>
</LocList>
</BasicStmnt>
<BasicStmnt CovItemId="S101" CovItemPrefix="my.PSM.unitTestPSM.appControllerTest.java" Intrnl_Id="783">
<LocList>
<Loc EndOffset="8101" SrcFileId="4" StartOffset="8057"/>
</LocList>
</BasicStmnt>
<BasicStmnt CovItemId="S102" CovItemPrefix="my.PSM.unitTestPSM.appControllerTest.java" Intrnl_Id="784">
<LocList>
<Loc EndOffset="8148" SrcFileId="4" StartOffset="8105"/>
</LocList>
</BasicStmnt>
<BasicStmnt CovItemId="S103" CovItemPrefix="my.PSM.unitTestPSM.appControllerTest.java" Intrnl_Id="785">
<LocList>
<Loc EndOffset="8193" SrcFileId="4" StartOffset="8152"/>
</LocList>
</BasicStmnt>
<BasicStmnt CovItemId="S104" CovItemPrefix="my.PSM.unitTestPSM.appControllerTest.java" Intrnl_Id="786">
<LocList>
<Loc EndOffset="8240" SrcFileId="4" StartOffset="8197"/>
</LocList>
</BasicStmnt>
<BasicStmnt CovItemId="S105" CovItemPrefix="my.PSM.unitTestPSM.appControllerTest.java" Intrnl_Id="787">
<LocList>
<Loc EndOffset="8285" SrcFileId="4" StartOffset="8244"/>
</LocList>
</BasicStmnt>
</StmntSeq>
</HierarchyLvl>
<HierarchyLvl HierarchyLvlId="2336" HierarchyLvlTypeId="9" Intrnl_Id="788" Name="testSleep">
<Header>
<Loc EndOffset="8325" SrcFileId="4" StartOffset="8294"/>
</Header>
<LocList>
<Loc EndOffset="8512" SrcFileId="4" StartOffset="8294"/>
</LocList>
<StmntSeq Intrnl_Id="789">
<LocList>
<Loc EndOffset="8371" SrcFileId="4" StartOffset="8331"/>
<Loc EndOffset="8388" SrcFileId="4" StartOffset="8375"/>
<Loc EndOffset="8430" SrcFileId="4" StartOffset="8392"/>
<Loc EndOffset="8508" SrcFileId="4" StartOffset="8474"/>
</LocList>
<BasicStmnt CovItemId="S106" CovItemPrefix="my.PSM.unitTestPSM.appControllerTest.java" Intrnl_Id="790">
<LocList>
<Loc EndOffset="8371" SrcFileId="4" StartOffset="8331"/>
</LocList>
</BasicStmnt>
<BasicStmnt CovItemId="S107" CovItemPrefix="my.PSM.unitTestPSM.appControllerTest.java" Intrnl_Id="791">
<LocList>
<Loc EndOffset="8388" SrcFileId="4" StartOffset="8375"/>
</LocList>
</BasicStmnt>
<BasicStmnt CovItemId="S108" CovItemPrefix="my.PSM.unitTestPSM.appControllerTest.java" Intrnl_Id="792">
<LocList>
<Loc EndOffset="8430" SrcFileId="4" StartOffset="8392"/>
</LocList>
</BasicStmnt>
<BasicStmnt CovItemId="S109" CovItemPrefix="my.PSM.unitTestPSM.appControllerTest.java" Intrnl_Id="793">
<LocList>
<Loc EndOffset="8508" SrcFileId="4" StartOffset="8474"/>
</LocList>
</BasicStmnt>
</StmntSeq>
</HierarchyLvl>
<HierarchyLvl HierarchyLvlId="2337" HierarchyLvlTypeId="9" Intrnl_Id="794" Name="testLogIn">
<Header>
<Loc EndOffset="8548" SrcFileId="4" StartOffset="8517"/>
</Header>
<LocList>
<Loc EndOffset="8784" SrcFileId="4" StartOffset="8517"/>
</LocList>
<StmntSeq Intrnl_Id="795">
<LocList>
<Loc EndOffset="8645" SrcFileId="4" StartOffset="8625"/>
<Loc EndOffset="8671" SrcFileId="4" StartOffset="8649"/>
<Loc EndOffset="8691" SrcFileId="4" StartOffset="8679"/>
<Loc EndOffset="8780" SrcFileId="4" StartOffset="8743"/>
</LocList>
<BasicStmnt CovItemId="S110" CovItemPrefix="my.PSM.unitTestPSM.appControllerTest.java" Intrnl_Id="796">
<LocList>
<Loc EndOffset="8645" SrcFileId="4" StartOffset="8625"/>
</LocList>
</BasicStmnt>
<BasicStmnt CovItemId="S111" CovItemPrefix="my.PSM.unitTestPSM.appControllerTest.java" Intrnl_Id="797">
<LocList>
<Loc EndOffset="8671" SrcFileId="4" StartOffset="8649"/>
</LocList>
</BasicStmnt>
<BasicStmnt CovItemId="S112" CovItemPrefix="my.PSM.unitTestPSM.appControllerTest.java" Intrnl_Id="798">
<LocList>
<Loc EndOffset="8691" SrcFileId="4" StartOffset="8679"/>
</LocList>
</BasicStmnt>
<BasicStmnt CovItemId="S113" CovItemPrefix="my.PSM.unitTestPSM.appControllerTest.java" Intrnl_Id="799">
<LocList>
<Loc EndOffset="8780" SrcFileId="4" StartOffset="8743"/>
</LocList>
</BasicStmnt>
</StmntSeq>
</HierarchyLvl>
<HierarchyLvl HierarchyLvlId="2338" HierarchyLvlTypeId="9" Intrnl_Id="800" Name="testLogIn02">
<Header>
<Loc EndOffset="8822" SrcFileId="4" StartOffset="8789"/>
</Header>
<LocList>
<Loc EndOffset="9064" SrcFileId="4" StartOffset="8789"/>
</LocList>
<StmntSeq Intrnl_Id="801">
<LocList>
<Loc EndOffset="8920" SrcFileId="4" StartOffset="8899"/>
<Loc EndOffset="8950" SrcFileId="4" StartOffset="8924"/>
<Loc EndOffset="8970" SrcFileId="4" StartOffset="8958"/>
<Loc EndOffset="9060" SrcFileId="4" StartOffset="9022"/>
</LocList>
<BasicStmnt CovItemId="S114" CovItemPrefix="my.PSM.unitTestPSM.appControllerTest.java" Intrnl_Id="802">
<LocList>
<Loc EndOffset="8920" SrcFileId="4" StartOffset="8899"/>
</LocList>
</BasicStmnt>
<BasicStmnt CovItemId="S115" CovItemPrefix="my.PSM.unitTestPSM.appControllerTest.java" Intrnl_Id="803">
<LocList>
<Loc EndOffset="8950" SrcFileId="4" StartOffset="8924"/>
</LocList>
</BasicStmnt>
<BasicStmnt CovItemId="S116" CovItemPrefix="my.PSM.unitTestPSM.appControllerTest.java" Intrnl_Id="804">
<LocList>
<Loc EndOffset="8970" SrcFileId="4" StartOffset="8958"/>
</LocList>
</BasicStmnt>
<BasicStmnt CovItemId="S117" CovItemPrefix="my.PSM.unitTestPSM.appControllerTest.java" Intrnl_Id="805">
<LocList>
<Loc EndOffset="9060" SrcFileId="4" StartOffset="9022"/>
</LocList>
</BasicStmnt>
</StmntSeq>
</HierarchyLvl>
<HierarchyLvl HierarchyLvlId="2339" HierarchyLvlTypeId="9" Intrnl_Id="806" Name="testTimerParser">
<Header>
<Loc EndOffset="9106" SrcFileId="4" StartOffset="9069"/>
</Header>
<LocList>
<Loc EndOffset="9251" SrcFileId="4" StartOffset="9069"/>
</LocList>
<StmntSeq Intrnl_Id="807">
<LocList>
<Loc EndOffset="9137" SrcFileId="4" StartOffset="9112"/>
<Loc EndOffset="9247" SrcFileId="4" StartOffset="9183"/>
</LocList>
<BasicStmnt CovItemId="S118" CovItemPrefix="my.PSM.unitTestPSM.appControllerTest.java" Intrnl_Id="808">
<LocList>
<Loc EndOffset="9137" SrcFileId="4" StartOffset="9112"/>
</LocList>
</BasicStmnt>
<BasicStmnt CovItemId="S119" CovItemPrefix="my.PSM.unitTestPSM.appControllerTest.java" Intrnl_Id="809">
<LocList>
<Loc EndOffset="9247" SrcFileId="4" StartOffset="9183"/>
</LocList>
</BasicStmnt>
</StmntSeq>
</HierarchyLvl>
<HierarchyLvl HierarchyLvlId="2340" HierarchyLvlTypeId="9" Intrnl_Id="810" Name="testDateParser">
<Header>
<Loc EndOffset="9295" SrcFileId="4" StartOffset="9259"/>
</Header>
<LocList>
<Loc EndOffset="9526" SrcFileId="4" StartOffset="9259"/>
</LocList>
<StmntSeq Intrnl_Id="811">
<LocList>
<Loc EndOffset="9328" SrcFileId="4" StartOffset="9301"/>
<Loc EndOffset="9426" SrcFileId="4" StartOffset="9382"/>
<Loc EndOffset="9474" SrcFileId="4" StartOffset="9430"/>
<Loc EndOffset="9522" SrcFileId="4" StartOffset="9478"/>
</LocList>
<BasicStmnt CovItemId="S120" CovItemPrefix="my.PSM.unitTestPSM.appControllerTest.java" Intrnl_Id="812">
<LocList>
<Loc EndOffset="9328" SrcFileId="4" StartOffset="9301"/>
</LocList>
</BasicStmnt>
<BasicStmnt CovItemId="S121" CovItemPrefix="my.PSM.unitTestPSM.appControllerTest.java" Intrnl_Id="813">
<LocList>
<Loc EndOffset="9426" SrcFileId="4" StartOffset="9382"/>
</LocList>
</BasicStmnt>
<BasicStmnt CovItemId="S122" CovItemPrefix="my.PSM.unitTestPSM.appControllerTest.java" Intrnl_Id="814">
<LocList>
<Loc EndOffset="9474" SrcFileId="4" StartOffset="9430"/>
</LocList>
</BasicStmnt>
<BasicStmnt CovItemId="S123" CovItemPrefix="my.PSM.unitTestPSM.appControllerTest.java" Intrnl_Id="815">
<LocList>
<Loc EndOffset="9522" SrcFileId="4" StartOffset="9478"/>
</LocList>
</BasicStmnt>
</StmntSeq>
</HierarchyLvl>
<HierarchyLvl HierarchyLvlId="2341" HierarchyLvlTypeId="9" Intrnl_Id="816" Name="testGetEndTime">
<Header>
<Loc EndOffset="9567" SrcFileId="4" StartOffset="9531"/>
</Header>
<LocList>
<Loc EndOffset="9806" SrcFileId="4" StartOffset="9531"/>
</LocList>
<StmntSeq Intrnl_Id="817">
<LocList>
<Loc EndOffset="9673" SrcFileId="4" StartOffset="9573"/>
<Loc EndOffset="9802" SrcFileId="4" StartOffset="9728"/>
</LocList>
<BasicStmnt CovItemId="S124" CovItemPrefix="my.PSM.unitTestPSM.appControllerTest.java" Intrnl_Id="818">
<LocList>
<Loc EndOffset="9673" SrcFileId="4" StartOffset="9573"/>
</LocList>
</BasicStmnt>
<BasicStmnt CovItemId="S125" CovItemPrefix="my.PSM.unitTestPSM.appControllerTest.java" Intrnl_Id="819">
<LocList>
<Loc EndOffset="9802" SrcFileId="4" StartOffset="9728"/>
</LocList>
</BasicStmnt>
</StmntSeq>
</HierarchyLvl>
<HierarchyLvl HierarchyLvlId="2342" HierarchyLvlTypeId="9" Intrnl_Id="820" Name="testGet15BeforeEnd">
<Header>
<Loc EndOffset="9851" SrcFileId="4" StartOffset="9811"/>
</Header>
<LocList>
<Loc EndOffset="10094" SrcFileId="4" StartOffset="9811"/>
</LocList>
<StmntSeq Intrnl_Id="821">
<LocList>
<Loc EndOffset="9957" SrcFileId="4" StartOffset="9857"/>
<Loc EndOffset="10090" SrcFileId="4" StartOffset="10012"/>
</LocList>
<BasicStmnt CovItemId="S126" CovItemPrefix="my.PSM.unitTestPSM.appControllerTest.java" Intrnl_Id="822">
<LocList>
<Loc EndOffset="9957" SrcFileId="4" StartOffset="9857"/>
</LocList>
</BasicStmnt>
<BasicStmnt CovItemId="S127" CovItemPrefix="my.PSM.unitTestPSM.appControllerTest.java" Intrnl_Id="823">
<LocList>
<Loc EndOffset="10090" SrcFileId="4" StartOffset="10012"/>
</LocList>
</BasicStmnt>
</StmntSeq>
</HierarchyLvl>
<HierarchyLvl HierarchyLvlId="2343" HierarchyLvlTypeId="9" Intrnl_Id="824" Name="testGet15BeforeEnd02">
<Header>
<Loc EndOffset="10141" SrcFileId="4" StartOffset="10099"/>
</Header>
<LocList>
<Loc EndOffset="10384" SrcFileId="4" StartOffset="10099"/>
</LocList>
<StmntSeq Intrnl_Id="825">
<LocList>
<Loc EndOffset="10247" SrcFileId="4" StartOffset="10147"/>
<Loc EndOffset="10380" SrcFileId="4" StartOffset="10302"/>
</LocList>
<BasicStmnt CovItemId="S128" CovItemPrefix="my.PSM.unitTestPSM.appControllerTest.java" Intrnl_Id="826">
<LocList>
<Loc EndOffset="10247" SrcFileId="4" StartOffset="10147"/>
</LocList>
</BasicStmnt>
<BasicStmnt CovItemId="S129" CovItemPrefix="my.PSM.unitTestPSM.appControllerTest.java" Intrnl_Id="827">
<LocList>
<Loc EndOffset="10380" SrcFileId="4" StartOffset="10302"/>
</LocList>
</BasicStmnt>
</StmntSeq>
</HierarchyLvl>
<HierarchyLvl HierarchyLvlId="2344" HierarchyLvlTypeId="9" Intrnl_Id="828" Name="testGet5BeforeEnd">
<Header>
<Loc EndOffset="10426" SrcFileId="4" StartOffset="10387"/>
</Header>
<LocList>
<Loc EndOffset="10724" SrcFileId="4" StartOffset="10387"/>
</LocList>
<StmntSeq Intrnl_Id="829">
<LocList>
<Loc EndOffset="10472" SrcFileId="4" StartOffset="10432"/>
<Loc EndOffset="10525" SrcFileId="4" StartOffset="10476"/>
<Loc EndOffset="10588" SrcFileId="4" StartOffset="10529"/>
<Loc EndOffset="10720" SrcFileId="4" StartOffset="10643"/>
</LocList>
<BasicStmnt CovItemId="S130" CovItemPrefix="my.PSM.unitTestPSM.appControllerTest.java" Intrnl_Id="830">
<LocList>
<Loc EndOffset="10472" SrcFileId="4" StartOffset="10432"/>
</LocList>
</BasicStmnt>
<BasicStmnt CovItemId="S131" CovItemPrefix="my.PSM.unitTestPSM.appControllerTest.java" Intrnl_Id="831">
<LocList>
<Loc EndOffset="10525" SrcFileId="4" StartOffset="10476"/>
</LocList>
</BasicStmnt>
<BasicStmnt CovItemId="S132" CovItemPrefix="my.PSM.unitTestPSM.appControllerTest.java" Intrnl_Id="832">
<LocList>
<Loc EndOffset="10588" SrcFileId="4" StartOffset="10529"/>
</LocList>
</BasicStmnt>
<BasicStmnt CovItemId="S133" CovItemPrefix="my.PSM.unitTestPSM.appControllerTest.java" Intrnl_Id="833">
<LocList>
<Loc EndOffset="10720" SrcFileId="4" StartOffset="10643"/>
</LocList>
</BasicStmnt>
</StmntSeq>
</HierarchyLvl>
<HierarchyLvl HierarchyLvlId="2345" HierarchyLvlTypeId="9" Intrnl_Id="834" Name="testGet5BeforeEnd02">
<Header>
<Loc EndOffset="10770" SrcFileId="4" StartOffset="10729"/>
</Header>
<LocList>
<Loc EndOffset="11026" SrcFileId="4" StartOffset="10729"/>
</LocList>
<StmntSeq Intrnl_Id="835">
<LocList>
<Loc EndOffset="10816" SrcFileId="4" StartOffset="10776"/>
<Loc EndOffset="10891" SrcFileId="4" StartOffset="10820"/>
<Loc EndOffset="11022" SrcFileId="4" StartOffset="10946"/>
</LocList>
<BasicStmnt CovItemId="S134" CovItemPrefix="my.PSM.unitTestPSM.appControllerTest.java" Intrnl_Id="836">
<LocList>
<Loc EndOffset="10816" SrcFileId="4" StartOffset="10776"/>
</LocList>
</BasicStmnt>
<BasicStmnt CovItemId="S135" CovItemPrefix="my.PSM.unitTestPSM.appControllerTest.java" Intrnl_Id="837">
<LocList>
<Loc EndOffset="10891" SrcFileId="4" StartOffset="10820"/>
</LocList>
</BasicStmnt>
<BasicStmnt CovItemId="S136" CovItemPrefix="my.PSM.unitTestPSM.appControllerTest.java" Intrnl_Id="838">
<LocList>
<Loc EndOffset="11022" SrcFileId="4" StartOffset="10946"/>
</LocList>
</BasicStmnt>
</StmntSeq>
</HierarchyLvl>
</HierarchyLvl>
</HierarchyLvl>
</HierarchyLvl>
</HierarchyLvl>
</HierarchyLvl>
</MASTRoot>
</TestSessionContainer>
