<?xml version="1.0" encoding="UTF-8"?><TestSessionContainer xmlns="http://www.codecover.org/xml/testsession-container" Date="1467162320862" TestSessionContainerId="ccb6acd8-a69e-48bd-a5f8-7c3281f89913" version="1.0">
<SrcFileList>
<SrcFile Content="/*&#10; * ApplicationLogic.java&#10; *&#10; * Created on April 12, 2008, 11:03 AM&#10; *&#10; * To change this template, choose Tools | Template Manager&#10; * and open the template in the editor.&#10; */&#10;&#10;package my.PSM.PSM_Logic;&#10;&#10;import java.util.Timer;&#10;import java.util.TimerTask;&#10;import java.util.Date;&#10;import java.util.Calendar;&#10;import java.util.GregorianCalendar;&#10;import java.util.ArrayList;&#10;import java.lang.Thread;&#10;import java.util.logging.Level;&#10;import java.util.logging.Logger;&#10;&#10;import my.PSM.PSM_Storage.DBConnection;&#10;import my.PSM.PSM_Storage.DataStoreFacade;&#10;import my.PSM.PSM_Interface.*;&#10;&#10;/**&#10; *&#10; * @author lrizo002&#10; */&#10;public class appController {&#10;    &#10;    private static final long TENMIN = 600000;&#10;    &#10;    private static int hr;&#10;    private static int min;&#10;    private static Calendar autoClear = new GregorianCalendar();&#10;    private static Calendar setRun = new GregorianCalendar();&#10;    private static Calendar calendar = new GregorianCalendar();&#10;    private static Timer timer = new FutureTimer();&#10;    private static Date date = new Date();&#10;    private static Date date2 = new Date();&#10;    &#10;    public static String defSub = &quot;&quot;;&#10;    public static String defSemester = &quot;&quot;;&#10;    public static String defCourseName = &quot;&quot;;&#10;    public static String defCourseStart = &quot;&quot;;&#10;    public static String defCourseEnd = &quot;&quot;;&#10;    public static String defMonStart = &quot;&quot;;&#10;    public static String defMonEnd = &quot;&quot;;&#10;    public static String defTueStart = &quot;&quot;;&#10;    public static String defTueEnd = &quot;&quot;;&#10;    public static String defWedStart = &quot;&quot;;&#10;    public static String defWedEnd = &quot;&quot;;&#10;    public static String defThuStart = &quot;&quot;;&#10;    public static String defThuEnd = &quot;&quot;;&#10;    public static String defFriStart = &quot;&quot;;&#10;    public static String defFriEnd = &quot;&quot;;&#10;    public static String defSatStart = &quot;&quot;;&#10;    public static String defSatEnd = &quot;&quot;;&#10;    &#10;    private static String username;&#10;    private static String password;&#10;    private static boolean loggedin;&#10;    private static boolean dataReceived = false;&#10;    private static boolean edSchedSel = false;&#10;    public static boolean isEdSchedSel() {&#10;&#9;&#9;return edSchedSel;&#10;&#9;}&#10;&#10;&#9;public static boolean isSchedSetupSel() {&#10;&#9;&#9;return schedSetupSel;&#10;&#9;}&#10;&#10;&#9;public static boolean isLogoutSel() {&#10;&#9;&#9;return logoutSel;&#10;&#9;}&#10;&#10;&#10;&#9;private static boolean schedSetupSel = false;&#10;    private static boolean logoutSel = false;&#10;    &#10;    private static int clearDate, clearMonth, clearYear;&#10; &#10;&#10;&#9;private static int counter = 0;&#10;    &#10;    public static DataStoreFacade dataFacade = new DataStoreFacade();&#10;    private static InterfaceController ic = new InterfaceController();&#10;    private static Authenticate auth = new Authenticate();&#10;    private static int courseSel;&#10;    private static long classEnded = 0;&#10;       &#10;    &#10;    /** Creates a new instance of ApplicationLogic */&#10;    public appController() {&#10;        hr = min = 0;&#10;    }&#10;    &#10;    /* Set to the stubs when testing*/&#10;    public static void setDataStoreFacade(DataStoreFacade temp){&#10;    &#9;dataFacade = temp;&#10;    }&#10;    public static void setInterfaceController(InterfaceController temp){&#10;    &#9;ic = temp;&#10;    }&#10;    public static void setAuthenticate(Authenticate temp){&#10;    &#9;auth = temp;&#10;    }&#10;    public void appMainMenu(){    &#10;        long newCurrentTime;&#10;        while(!dataReceived)&#10;        {&#10;            dataReceived = ic.facade.menuDataRec();&#10;            edSchedSel = ic.facade.editSchedSelected();&#10;            schedSetupSel = ic.facade.InitSetupSelected();&#10;            logoutSel = ic.facade.logoutSelected();&#10;            //System.out.println(&quot;Class end time: &quot; +classEnded);&#10;            //System.out.println(&quot;Current time: &quot; +System.currentTimeMillis());&#10;                    &#10;                    &#10;            if(classEnded != 0 &amp;&amp; System.currentTimeMillis() - classEnded &gt;= TENMIN)&#10;            {&#10;              //System.out.println(&quot;EXIT&quot;);&#10;            &#9;return;&#9;              &#10;        &#9;}&#10;            &#10;            sleep(500);&#10;        }&#10;        newCurrentTime = 0;&#10;        ic.facade.setMenuDataRec(false);&#10;        dataReceived = false;&#10;        &#10;       // db.disconnect();&#10;&#9;}&#10;    public void myMain(){&#10;    &#9;appLogin();&#10;    &#9;if(loggedin){&#10;    &#9;&#9;ic.Initiate_MainMenu();&#10;    &#9;&#9;if(checkClear())&#10;&#9;        {&#10;&#9;            dataFacade.clearDatabase();&#10;&#9;        }&#10;    &#9;&#9;checkTimes();&#10;&#9;    &#9;while(!logoutSel){&#10;&#9;    &#9;&#9;appMainMenu();&#10;&#9;&#9;    &#9;if(logoutSel)&#10;&#9;&#9;        {&#10;&#9;&#9;            // Logout &#10;&#9;&#9;            auth.logout();&#10;&#9;&#9;            ic.Initiate_Logout();&#10;&#9;&#9;&#10;&#9;&#9;        }&#10;&#9;&#9;        else if(edSchedSel)&#10;&#9;&#9;        {&#10;&#9;&#9;            appEditSched();&#10;&#9;&#9;        }&#10;&#9;&#9;        else if(schedSetupSel)&#10;&#9;&#9;        {&#10;&#9;&#9;            setupSched();&#10;&#9;&#9;        }&#10;&#9;    &#9;}&#10;    &#9;}&#10;    }&#10;    public void setUser(String user){&#10;    &#9;username = user;&#10;    }&#10;    public void setPassword(String pw){&#10;    &#9;password = pw;&#10;    }&#10;    public String getUser(){&#10;    &#9;return username;&#10;    }&#10;    public String getPass(){&#10;    &#9;return password;&#10;    }&#10;    public boolean getLoggedIn(){&#10;    &#9;return loggedin;&#10;    }&#10;    public static String fetchCourses(){&#10;    &#9;return dataFacade.fetchCourses();&#10;    }&#10;    public InterfaceController getIC(){&#10;    &#9;return ic;&#10;    }&#10;    public Calendar getSetRun(){&#10;    &#9;return setRun;&#10;    }&#10;    public static int getClearDate() {&#10; &#9;&#9;return clearDate;&#10; &#9;}&#10;&#10; &#9;public static int getClearMonth() {&#10; &#9;&#9;return clearMonth;&#10; &#9;}&#10;&#10; &#9;public static int getClearYear() {&#10; &#9;&#9;return clearYear;&#10; &#9;}&#10;&#10; &#9;public int getCounter(){&#10; &#9;&#9;return counter;&#10; &#9;}&#10;    public static void setupSched(){&#10;    &#9;ic.facade.launchInitial();&#10;        //Initial Schedule Setup&#10;        while(!ic.facade.schedDataRec())&#10;        {&#10;            dataReceived = ic.facade.schedDataRec();&#10;            sleep(300);&#10;        }&#10;        dataReceived = false;&#10;        ic.facade.setSchedDataRec(false);&#10;        &#10;        dataFacade.storeClassInfo(ic.facade.getNewCourseID(), ic.facade.getNewSub(), ic.facade.getNewCourseName(),ic.facade.getNewSemester());&#10;        dataFacade.storeClassSched(ic.facade.getNewCourseID(), ic.facade.getNewCourseStart(), ic.facade.getNewCourseEnd(), &#10;                ic.facade.getNewMonStart(), ic.facade.getNewMonEnd(), ic.facade.getNewTueStart(), ic.facade.getNewTueEnd(), &#10;                ic.facade.getNewWedStart(), ic.facade.getNewWedEnd(), ic.facade.getNewThuStart(), ic.facade.getNewThuEnd(), &#10;                ic.facade.getNewFriStart(), ic.facade.getNewFriEnd(), ic.facade.getNewSatStart(), ic.facade.getNewSatEnd());&#10;&#10;    }&#10;    public static void appEditSched(){&#10;    &#9; //Edit Schedule&#10;        ic.Course_Select_Form();&#10;&#10;        while(!dataReceived)&#10;        {&#10;            dataReceived = ic.facade.courseSelected();&#10;            sleep(300);&#10;         //   System.out.println(&quot;test&quot;);&#10;        }&#10;&#10;        ic.facade.setCourseSelected(false);&#10;        dataReceived = false;&#10;&#10;        courseSel = ic.facade.getSelection();&#10;        getData(courseSel);&#10;        &#10;        ic.Pre_Filled_Form(courseSel,defSub,defCourseName,defSemester,defCourseStart,&#10;                defCourseEnd,defMonStart,defMonEnd,defTueStart,defTueEnd,defWedStart,&#10;                defWedEnd,defThuStart,defThuEnd,defFriStart,defFriEnd,defSatStart,defSatEnd);&#10;        &#10;        while(!dataReceived)&#10;        {&#10;            dataReceived = ic.facade.psDataRec(); &#10;            sleep(300);&#10;        }&#10;        &#10;        dataReceived = false;&#10;        ic.facade.setPsDataRec(false);&#10;&#10;        //System.out.println(&quot;Save has been pressed&quot; +ic.edSched.newMonStart);&#10;&#10;        dataFacade.storeClassSched(ic.facade.getDefCourseID(), ic.facade.getpNewCourseStart(), ic.facade.getpNewCourseEnd(), &#10;                ic.facade.getpNewMonStart(), ic.facade.getpNewMonEnd(), ic.facade.getpNewTueStart(), ic.facade.getpNewTueEnd(), &#10;                ic.facade.getpNewWedStart(), ic.facade.getpNewWedEnd(), ic.facade.getpNewThuStart(), ic.facade.getpNewThuEnd(), &#10;                ic.facade.getpNewFriStart(), ic.facade.getpNewFriEnd(), ic.facade.getpNewSatStart(), ic.facade.getpNewSatEnd());&#10;&#10;&#10;    }&#10;    &#10;    public static void appLogin(){&#10;    &#9;while(!loggedin)&#10;        {           &#10;            ic.Initiate_Login_Form();            &#10;            &#10;             do&#10;             {&#10;                 dataReceived = ic.facade.dataReceived();&#10;                 sleep(300);&#10;                 &#10;             }while(!dataReceived);&#10;             ic.facade.setLogDataRec(false);&#10;             dataReceived = false;&#10;             username = ic.facade.getUsername();&#10;             password = ic.facade.getPassword();&#10;&#10;             &#10;             auth.setCredentials(username,password);&#10;             if(auth.validate_Login()){&#10;                 loggedin = true;&#10;                 auth.logout();&#10;                 dataFacade.connect(username,password);&#10;             }&#10;             &#10;               &#10;             if(!loggedin){&#10;                 ic.Initiate_IncorrectLogin();&#10;                 counter++;&#10;                 while(!dataReceived)&#10;                 {&#10;                     dataReceived = ic.facade.getAck();&#10;                     System.out.println(&quot;in&quot;);&#10;                 }&#10;                 dataReceived = false;&#10;                 ic.facade.setAck(false);&#10;                 &#10;             }&#10;             if(counter &gt;= 3){&#10;                &#10;                 ic.passwordLock();&#10;                 while(!dataReceived)&#10;                 {&#10;                     dataReceived = ic.facade.getAck();&#10;                     &#10;                 }&#10;                 return;&#10;             }&#10;        }&#10;    }&#10;    public static boolean checkClear()&#10;    {&#10;        ArrayList&lt;String&gt; endDates = dataFacade.getEndDates();&#10;        Calendar endCal = new GregorianCalendar();&#10;        Calendar now = Calendar.getInstance();&#10;        &#10;        for(int i = 0; i &lt; endDates.size(); i++)&#10;        {&#10;            dateParser(endDates.get(i));&#10;            &#10;            //System.out.println(&quot;Day : &quot; +clearDate);&#10;            //System.out.println(&quot;Month : &quot; +clearMonth);&#10;            //System.out.println(&quot;Year : &quot; +clearYear);&#10;&#10;            endCal.set(clearYear + 2000, clearMonth-1, clearDate);&#10;            if(now.compareTo(endCal) &lt;= 0)&#10;               return false;&#10;                &#10;        }&#10;        return true;&#10;                &#10;    }&#10;            &#10;    public static void checkTimes()&#10;    {&#10;        ArrayList&lt;Integer&gt; courseList = dataFacade.getCourses();&#10;        &#10;        Calendar tempC = new GregorianCalendar();&#10;        int currentDay = tempC.get(tempC.DAY_OF_WEEK);&#10;        tempC.setTimeInMillis(System.currentTimeMillis());&#10;        //System.out.println(&quot;Curr Day: &quot; +currentDay);&#10;        Date fifteenMin;&#10;        Date fiveMin;&#10;        Date endClass;&#10;        &#10;        for(int i = 0; i &lt; courseList.size(); i++)&#10;        {&#10;            boolean isNull = true;&#10;            getData(courseList.get(i).intValue());&#10;            Timer newTimer = new FutureTimer();&#10;            &#10;            if(currentDay == 2 &amp;&amp; defMonEnd.compareTo(&quot;&quot;) != 0)&#10;            {&#10;                timerParser(defMonEnd);&#10;                isNull = false;&#10;            }&#10;            else if(currentDay == 3 &amp;&amp; defTueEnd.compareTo(&quot;&quot;) != 0)&#10;            {&#10;                timerParser(defTueEnd);&#10;                isNull = false;&#10;            }&#10;            else if(currentDay == 4 &amp;&amp; defWedEnd.compareTo(&quot;&quot;) != 0)&#10;            {&#10;                timerParser(defWedEnd);&#10;                isNull = false;&#10;            }&#10;            else if(currentDay == 5 &amp;&amp; defThuEnd.compareTo(&quot;&quot;) != 0)&#10;            {&#10;                timerParser(defThuEnd);&#10;                isNull = false;&#10;            }&#10;            else if(currentDay == 6 &amp;&amp; defFriEnd.compareTo(&quot;&quot;) != 0)&#10;            {&#10;                timerParser(defFriEnd);&#10;                isNull = false;&#10;            }&#10;            &#10;            else if(currentDay == 7 &amp;&amp; defSatEnd.compareTo(&quot;&quot;) != 0)&#10;            {&#10;                &#10;                timerParser(defSatEnd);&#10;                isNull = false;&#10;            }&#10;            &#10;            &#10;            if(!isNull){&#10;                fiveMin = get5BeforeEnd(hr, min);&#10;                newTimer.schedule(popup5min, fiveMin);&#10;                fifteenMin = get15BeforeEnd(hr, min);              &#10;                newTimer.schedule(popup15min, fifteenMin);&#10;                endClass = getEndTime(hr, min);&#10;                newTimer.schedule(endofclass, endClass);&#10;            }&#10;        }   &#10;       &#10;    }&#10;    &#10;    public static void getData(int course)&#10;    {&#10;        defSub = dataFacade.fetchCourseSubj(course);&#10;        defSemester = dataFacade.fetchCourseSemester(course);&#10;        defCourseName = dataFacade.fetchCourseName(course);&#10;        defCourseStart = dataFacade.fetchCourseStart(course);&#10;        defCourseEnd = dataFacade.fetchCourseEnd(course);&#10;        defMonStart = dataFacade.fetchStartMon(course);&#10;        defMonEnd = dataFacade.fetchEndMon(course);&#10;        defTueStart = dataFacade.fetchStartTue(course);&#10;        defTueEnd = dataFacade.fetchEndTue(course);&#10;        defWedStart = dataFacade.fetchStartWed(course);&#10;        defWedEnd = dataFacade.fetchEndWed(course);&#10;        defThuStart = dataFacade.fetchStartThu(course);&#10;        defThuEnd = dataFacade.fetchEndThu(course);&#10;        defFriStart = dataFacade.fetchStartFri(course);&#10;        defFriEnd = dataFacade.fetchEndFri(course);&#10;        defSatStart = dataFacade.fetchStartSat(course);&#10;        defSatEnd = dataFacade.fetchEndSat(course);           &#10;    }&#10;    &#10;    &#10;    public static void sleep(int milli)&#10;    {&#10;          try { &#10;           Thread.sleep(milli);&#10;        } catch (InterruptedException ex) {&#10;           Logger.getLogger(appController.class.getName()).log(Level.SEVERE, null, ex);&#10;        }&#10;    }&#10;&#9;&#10;    public static void LogIn()&#10;    {      &#10;        if(dataFacade.connect(username,password) == 0)&#10;            loggedin = true;&#10;        else&#10;            loggedin = false;        &#10;    }&#10;    &#10;    public static DataStoreFacade getCon()&#10;    {&#10;        return dataFacade;&#10;    }&#10;    &#10;    &#10;    private static TimerTask dbClear = new TimerTask()&#10;    {&#10;        public void run()&#10;        {&#10;           dataFacade.clearDatabase();&#10;        }&#10;    };&#10;    &#10;    private static TimerTask popup15min = new TimerTask()&#10;    {&#10;        public void run()&#10;        {&#10;            ic.facade.FifteenMinWarning();&#10;        }&#10;    };&#10;&#9;&#10;    private static TimerTask popup5min = new TimerTask()&#10;    {&#10;        public void run()&#10;        {&#10;            ic.facade.FiveMinWarning();&#10;        }&#10;    };&#10;    &#10;    &#10;    private static TimerTask endofclass = new TimerTask()&#10;    {&#10;        public void run()&#10;        {&#10;            ic.facade.endClassWarning();&#10;            classEnded = System.currentTimeMillis();&#10;        }&#10;    };&#10;    &#10;    &#10;    private static TimerTask systemExit = new TimerTask()&#10;    {&#10;        public void run()&#10;        {&#10;            System.exit(0);&#10;        }&#10;    };&#10;    &#10;       &#10;    public void setTime(int year, int month, int date, int hours, int mins)&#10;    {&#10;        setRun.set(year, month, date, hours, mins);&#10;    }&#10;    &#10;    public Date getTime()&#10;    {&#10;        return setRun.getTime();&#10;    }&#10;    &#10;    public static long getTimeMillis()&#10;    {&#10;        return setRun.getTimeInMillis();&#10;    }&#10;    &#10;    public static void timerParser(String timer)&#10;    {&#10;        hr = Integer.parseInt(timer.substring(0,2));&#10;        min = Integer.parseInt(timer.substring(3,5));&#10;    }&#10;    public static void dateParser(String timer)&#10;    {&#10;        &#10;        clearMonth = Integer.parseInt(timer.substring(0,2));&#10;        clearDate = Integer.parseInt(timer.substring(3,5));&#10;        clearYear = Integer.parseInt(timer.substring(6,8));&#10;    }&#10;    &#10;    public int returnHr()&#10;    {&#10;        return hr;&#10;    }&#10;    &#10;    public int returnMin()&#10;    {&#10;        return min;&#10;    }&#10;    &#10;    public static Date getEndTime(int hrs, int mins)&#10;    {&#10;        int years, months, dates, dayOfWeek;&#10;        &#10;        Calendar tempC = new GregorianCalendar();&#10;        &#10;        tempC.setTimeInMillis(System.currentTimeMillis());&#10;        &#10;        years = tempC.get(tempC.YEAR);&#10;        months = tempC.get(tempC.MONTH);&#10;        dates = tempC.get(tempC.DATE);&#10;        dayOfWeek = tempC.get(tempC.DAY_OF_WEEK);&#10;        tempC.set(years, months, dates, hrs, mins - 1, 1);&#10;        // System.out.println(dayWeek);&#10;        return tempC.getTime();&#10;    }&#10;    &#10;    public static void setSemesterClear(int year, int month, int date, int hours, int mins)&#10;    {&#10;        autoClear.set(year, month, date, hours, mins);&#10;        date2 = autoClear.getTime();&#10;    }&#10;    &#10;    public Date getSemesterClear()&#10;    {&#10;        return autoClear.getTime();&#10;    }&#10;    &#10;    public static Date get15BeforeEnd(int hrs, int mins)&#10;    {&#10;        int years, months, dates, dayOfWeek; &#10;        &#10;        Calendar tempC = new GregorianCalendar();&#10;        &#10;        tempC.setTimeInMillis(System.currentTimeMillis());&#10;        &#10;        years = tempC.get(tempC.YEAR);&#10;        months = tempC.get(tempC.MONTH);&#10;        dates =  tempC.get(tempC.DATE);&#10;        dayOfWeek = tempC.get(tempC.DAY_OF_WEEK);&#10;        &#10;        tempC.set(years, months, dates, hrs, mins - 15, 1);&#10;        &#10;        return tempC.getTime();&#10;    }&#10;    &#10;    public static Date get5BeforeEnd(int hrs, int mins)&#10;    {&#10;        int years, months, dates, dayOfWeek;&#10;        &#10;        Calendar tempC = new GregorianCalendar();&#10;        &#10;        tempC.setTimeInMillis(System.currentTimeMillis());&#10;        &#10;        years = tempC.get(tempC.YEAR);&#10;        months = tempC.get(tempC.MONTH);&#10;        dates = tempC.get(tempC.DATE);&#10;        dayOfWeek = tempC.get(tempC.DAY_OF_WEEK);&#10;        tempC.set(years, months, dates, hrs, mins - 5, 1);&#10;        // System.out.println(dayWeek);&#10;        return tempC.getTime();&#10;    }&#10;    &#10;    public void autoExit()&#10;    {&#10;        timer.schedule(systemExit, date);&#10;    }&#10;    &#10;    public void autoClear()&#10;    {&#10;        timer.schedule(dbClear, date2);&#10;    }&#10;}&#10;" Filename="appController.java" Intrnl_Id="1"/>
</SrcFileList>
<CritList>
<CritListEntry Name="org.codecover.model.utils.criteria.BranchCoverage" PluginName="org.codecover"/>
<CritListEntry Name="org.codecover.model.utils.criteria.StatementCoverage" PluginName="org.codecover"/>
</CritList>
<BoolOpList/>
<HierarchyLvlTypeList>
<HierarchyLvlType EnglishName="package" IntrnlName="package" Intrnl_Id="2"/>
<HierarchyLvlType EnglishName="class" IntrnlName="class" Intrnl_Id="3"/>
<HierarchyLvlType EnglishName="method" IntrnlName="method" Intrnl_Id="4"/>
<HierarchyLvlType EnglishName="default package" IntrnlName="default package" Intrnl_Id="5"/>
<HierarchyLvlType EnglishName="anonymous class" IntrnlName="class" Intrnl_Id="6"/>
</HierarchyLvlTypeList>
<MASTRoot>
<HierarchyLvl HierarchyLvlId="367" HierarchyLvlTypeId="5" Intrnl_Id="7" Name="default package">
<Header/>
<LocList/>
<HierarchyLvl HierarchyLvlId="366" HierarchyLvlTypeId="2" Intrnl_Id="8" Name="my">
<Header/>
<LocList/>
<HierarchyLvl HierarchyLvlId="365" HierarchyLvlTypeId="2" Intrnl_Id="9" Name="PSM">
<Header/>
<LocList/>
<HierarchyLvl HierarchyLvlId="364" HierarchyLvlTypeId="2" Intrnl_Id="10" Name="PSM_Logic">
<Header/>
<LocList/>
<HierarchyLvl HierarchyLvlId="363" HierarchyLvlTypeId="3" Intrnl_Id="11" Name="appController">
<Header>
<Loc EndOffset="634" SrcFileId="1" StartOffset="608"/>
</Header>
<LocList>
<Loc EndOffset="17469" SrcFileId="1" StartOffset="608"/>
</LocList>
<StmntSeq Intrnl_Id="12">
<LocList>
<Loc EndOffset="688" SrcFileId="1" StartOffset="646"/>
<Loc EndOffset="813" SrcFileId="1" StartOffset="753"/>
<Loc EndOffset="875" SrcFileId="1" StartOffset="818"/>
<Loc EndOffset="939" SrcFileId="1" StartOffset="880"/>
<Loc EndOffset="991" SrcFileId="1" StartOffset="944"/>
<Loc EndOffset="1034" SrcFileId="1" StartOffset="996"/>
<Loc EndOffset="1078" SrcFileId="1" StartOffset="1039"/>
<Loc EndOffset="1121" SrcFileId="1" StartOffset="1088"/>
<Loc EndOffset="1164" SrcFileId="1" StartOffset="1126"/>
<Loc EndOffset="1209" SrcFileId="1" StartOffset="1169"/>
<Loc EndOffset="1255" SrcFileId="1" StartOffset="1214"/>
<Loc EndOffset="1299" SrcFileId="1" StartOffset="1260"/>
<Loc EndOffset="1342" SrcFileId="1" StartOffset="1304"/>
<Loc EndOffset="1383" SrcFileId="1" StartOffset="1347"/>
<Loc EndOffset="1426" SrcFileId="1" StartOffset="1388"/>
<Loc EndOffset="1467" SrcFileId="1" StartOffset="1431"/>
<Loc EndOffset="1510" SrcFileId="1" StartOffset="1472"/>
<Loc EndOffset="1551" SrcFileId="1" StartOffset="1515"/>
<Loc EndOffset="1594" SrcFileId="1" StartOffset="1556"/>
<Loc EndOffset="1635" SrcFileId="1" StartOffset="1599"/>
<Loc EndOffset="1678" SrcFileId="1" StartOffset="1640"/>
<Loc EndOffset="1719" SrcFileId="1" StartOffset="1683"/>
<Loc EndOffset="1762" SrcFileId="1" StartOffset="1724"/>
<Loc EndOffset="1803" SrcFileId="1" StartOffset="1767"/>
<Loc EndOffset="1966" SrcFileId="1" StartOffset="1922"/>
<Loc EndOffset="2013" SrcFileId="1" StartOffset="1971"/>
<Loc EndOffset="2263" SrcFileId="1" StartOffset="2218"/>
<Loc EndOffset="2309" SrcFileId="1" StartOffset="2268"/>
<Loc EndOffset="2407" SrcFileId="1" StartOffset="2376"/>
<Loc EndOffset="2482" SrcFileId="1" StartOffset="2417"/>
<Loc EndOffset="2553" SrcFileId="1" StartOffset="2487"/>
<Loc EndOffset="2612" SrcFileId="1" StartOffset="2558"/>
<Loc EndOffset="2686" SrcFileId="1" StartOffset="2651"/>
<Loc EndOffset="13679" SrcFileId="1" StartOffset="13644"/>
<Loc EndOffset="13792" SrcFileId="1" StartOffset="13791"/>
<Loc EndOffset="13840" SrcFileId="1" StartOffset="13802"/>
<Loc EndOffset="13957" SrcFileId="1" StartOffset="13956"/>
<Loc EndOffset="14001" SrcFileId="1" StartOffset="13964"/>
<Loc EndOffset="14115" SrcFileId="1" StartOffset="14114"/>
<Loc EndOffset="14168" SrcFileId="1" StartOffset="14130"/>
<Loc EndOffset="14336" SrcFileId="1" StartOffset="14335"/>
<Loc EndOffset="14389" SrcFileId="1" StartOffset="14351"/>
<Loc EndOffset="14491" SrcFileId="1" StartOffset="14490"/>
</LocList>
<BasicStmnt CovItemId="S1" CovItemPrefix="my.PSM.PSM_Logic.appController.java" Intrnl_Id="13">
<LocList>
<Loc EndOffset="688" SrcFileId="1" StartOffset="646"/>
</LocList>
</BasicStmnt>
<BasicStmnt CovItemId="S2" CovItemPrefix="my.PSM.PSM_Logic.appController.java" Intrnl_Id="14">
<LocList>
<Loc EndOffset="813" SrcFileId="1" StartOffset="753"/>
</LocList>
</BasicStmnt>
<BasicStmnt CovItemId="S3" CovItemPrefix="my.PSM.PSM_Logic.appController.java" Intrnl_Id="15">
<LocList>
<Loc EndOffset="875" SrcFileId="1" StartOffset="818"/>
</LocList>
</BasicStmnt>
<BasicStmnt CovItemId="S4" CovItemPrefix="my.PSM.PSM_Logic.appController.java" Intrnl_Id="16">
<LocList>
<Loc EndOffset="939" SrcFileId="1" StartOffset="880"/>
</LocList>
</BasicStmnt>
<BasicStmnt CovItemId="S5" CovItemPrefix="my.PSM.PSM_Logic.appController.java" Intrnl_Id="17">
<LocList>
<Loc EndOffset="991" SrcFileId="1" StartOffset="944"/>
</LocList>
</BasicStmnt>
<BasicStmnt CovItemId="S6" CovItemPrefix="my.PSM.PSM_Logic.appController.java" Intrnl_Id="18">
<LocList>
<Loc EndOffset="1034" SrcFileId="1" StartOffset="996"/>
</LocList>
</BasicStmnt>
<BasicStmnt CovItemId="S7" CovItemPrefix="my.PSM.PSM_Logic.appController.java" Intrnl_Id="19">
<LocList>
<Loc EndOffset="1078" SrcFileId="1" StartOffset="1039"/>
</LocList>
</BasicStmnt>
<BasicStmnt CovItemId="S8" CovItemPrefix="my.PSM.PSM_Logic.appController.java" Intrnl_Id="20">
<LocList>
<Loc EndOffset="1121" SrcFileId="1" StartOffset="1088"/>
</LocList>
</BasicStmnt>
<BasicStmnt CovItemId="S9" CovItemPrefix="my.PSM.PSM_Logic.appController.java" Intrnl_Id="21">
<LocList>
<Loc EndOffset="1164" SrcFileId="1" StartOffset="1126"/>
</LocList>
</BasicStmnt>
<BasicStmnt CovItemId="S10" CovItemPrefix="my.PSM.PSM_Logic.appController.java" Intrnl_Id="22">
<LocList>
<Loc EndOffset="1209" SrcFileId="1" StartOffset="1169"/>
</LocList>
</BasicStmnt>
<BasicStmnt CovItemId="S11" CovItemPrefix="my.PSM.PSM_Logic.appController.java" Intrnl_Id="23">
<LocList>
<Loc EndOffset="1255" SrcFileId="1" StartOffset="1214"/>
</LocList>
</BasicStmnt>
<BasicStmnt CovItemId="S12" CovItemPrefix="my.PSM.PSM_Logic.appController.java" Intrnl_Id="24">
<LocList>
<Loc EndOffset="1299" SrcFileId="1" StartOffset="1260"/>
</LocList>
</BasicStmnt>
<BasicStmnt CovItemId="S13" CovItemPrefix="my.PSM.PSM_Logic.appController.java" Intrnl_Id="25">
<LocList>
<Loc EndOffset="1342" SrcFileId="1" StartOffset="1304"/>
</LocList>
</BasicStmnt>
<BasicStmnt CovItemId="S14" CovItemPrefix="my.PSM.PSM_Logic.appController.java" Intrnl_Id="26">
<LocList>
<Loc EndOffset="1383" SrcFileId="1" StartOffset="1347"/>
</LocList>
</BasicStmnt>
<BasicStmnt CovItemId="S15" CovItemPrefix="my.PSM.PSM_Logic.appController.java" Intrnl_Id="27">
<LocList>
<Loc EndOffset="1426" SrcFileId="1" StartOffset="1388"/>
</LocList>
</BasicStmnt>
<BasicStmnt CovItemId="S16" CovItemPrefix="my.PSM.PSM_Logic.appController.java" Intrnl_Id="28">
<LocList>
<Loc EndOffset="1467" SrcFileId="1" StartOffset="1431"/>
</LocList>
</BasicStmnt>
<BasicStmnt CovItemId="S17" CovItemPrefix="my.PSM.PSM_Logic.appController.java" Intrnl_Id="29">
<LocList>
<Loc EndOffset="1510" SrcFileId="1" StartOffset="1472"/>
</LocList>
</BasicStmnt>
<BasicStmnt CovItemId="S18" CovItemPrefix="my.PSM.PSM_Logic.appController.java" Intrnl_Id="30">
<LocList>
<Loc EndOffset="1551" SrcFileId="1" StartOffset="1515"/>
</LocList>
</BasicStmnt>
<BasicStmnt CovItemId="S19" CovItemPrefix="my.PSM.PSM_Logic.appController.java" Intrnl_Id="31">
<LocList>
<Loc EndOffset="1594" SrcFileId="1" StartOffset="1556"/>
</LocList>
</BasicStmnt>
<BasicStmnt CovItemId="S20" CovItemPrefix="my.PSM.PSM_Logic.appController.java" Intrnl_Id="32">
<LocList>
<Loc EndOffset="1635" SrcFileId="1" StartOffset="1599"/>
</LocList>
</BasicStmnt>
<BasicStmnt CovItemId="S21" CovItemPrefix="my.PSM.PSM_Logic.appController.java" Intrnl_Id="33">
<LocList>
<Loc EndOffset="1678" SrcFileId="1" StartOffset="1640"/>
</LocList>
</BasicStmnt>
<BasicStmnt CovItemId="S22" CovItemPrefix="my.PSM.PSM_Logic.appController.java" Intrnl_Id="34">
<LocList>
<Loc EndOffset="1719" SrcFileId="1" StartOffset="1683"/>
</LocList>
</BasicStmnt>
<BasicStmnt CovItemId="S23" CovItemPrefix="my.PSM.PSM_Logic.appController.java" Intrnl_Id="35">
<LocList>
<Loc EndOffset="1762" SrcFileId="1" StartOffset="1724"/>
</LocList>
</BasicStmnt>
<BasicStmnt CovItemId="S24" CovItemPrefix="my.PSM.PSM_Logic.appController.java" Intrnl_Id="36">
<LocList>
<Loc EndOffset="1803" SrcFileId="1" StartOffset="1767"/>
</LocList>
</BasicStmnt>
<BasicStmnt CovItemId="S25" CovItemPrefix="my.PSM.PSM_Logic.appController.java" Intrnl_Id="37">
<LocList>
<Loc EndOffset="1966" SrcFileId="1" StartOffset="1922"/>
</LocList>
</BasicStmnt>
<BasicStmnt CovItemId="S26" CovItemPrefix="my.PSM.PSM_Logic.appController.java" Intrnl_Id="38">
<LocList>
<Loc EndOffset="2013" SrcFileId="1" StartOffset="1971"/>
</LocList>
</BasicStmnt>
<BasicStmnt CovItemId="S30" CovItemPrefix="my.PSM.PSM_Logic.appController.java" Intrnl_Id="39">
<LocList>
<Loc EndOffset="2263" SrcFileId="1" StartOffset="2218"/>
</LocList>
</BasicStmnt>
<BasicStmnt CovItemId="S31" CovItemPrefix="my.PSM.PSM_Logic.appController.java" Intrnl_Id="40">
<LocList>
<Loc EndOffset="2309" SrcFileId="1" StartOffset="2268"/>
</LocList>
</BasicStmnt>
<BasicStmnt CovItemId="S32" CovItemPrefix="my.PSM.PSM_Logic.appController.java" Intrnl_Id="41">
<LocList>
<Loc EndOffset="2407" SrcFileId="1" StartOffset="2376"/>
</LocList>
</BasicStmnt>
<BasicStmnt CovItemId="S33" CovItemPrefix="my.PSM.PSM_Logic.appController.java" Intrnl_Id="42">
<LocList>
<Loc EndOffset="2482" SrcFileId="1" StartOffset="2417"/>
</LocList>
</BasicStmnt>
<BasicStmnt CovItemId="S34" CovItemPrefix="my.PSM.PSM_Logic.appController.java" Intrnl_Id="43">
<LocList>
<Loc EndOffset="2553" SrcFileId="1" StartOffset="2487"/>
</LocList>
</BasicStmnt>
<BasicStmnt CovItemId="S35" CovItemPrefix="my.PSM.PSM_Logic.appController.java" Intrnl_Id="44">
<LocList>
<Loc EndOffset="2612" SrcFileId="1" StartOffset="2558"/>
</LocList>
</BasicStmnt>
<BasicStmnt CovItemId="S36" CovItemPrefix="my.PSM.PSM_Logic.appController.java" Intrnl_Id="45">
<LocList>
<Loc EndOffset="2686" SrcFileId="1" StartOffset="2651"/>
</LocList>
</BasicStmnt>
<BasicStmnt CovItemId="S195" CovItemPrefix="my.PSM.PSM_Logic.appController.java" Intrnl_Id="46">
<LocList>
<Loc EndOffset="13679" SrcFileId="1" StartOffset="13644"/>
<Loc EndOffset="13792" SrcFileId="1" StartOffset="13791"/>
</LocList>
</BasicStmnt>
<BasicStmnt CovItemId="S197" CovItemPrefix="my.PSM.PSM_Logic.appController.java" Intrnl_Id="47">
<LocList>
<Loc EndOffset="13840" SrcFileId="1" StartOffset="13802"/>
<Loc EndOffset="13957" SrcFileId="1" StartOffset="13956"/>
</LocList>
</BasicStmnt>
<BasicStmnt CovItemId="S199" CovItemPrefix="my.PSM.PSM_Logic.appController.java" Intrnl_Id="48">
<LocList>
<Loc EndOffset="14001" SrcFileId="1" StartOffset="13964"/>
<Loc EndOffset="14115" SrcFileId="1" StartOffset="14114"/>
</LocList>
</BasicStmnt>
<BasicStmnt CovItemId="S201" CovItemPrefix="my.PSM.PSM_Logic.appController.java" Intrnl_Id="49">
<LocList>
<Loc EndOffset="14168" SrcFileId="1" StartOffset="14130"/>
<Loc EndOffset="14336" SrcFileId="1" StartOffset="14335"/>
</LocList>
</BasicStmnt>
<BasicStmnt CovItemId="S204" CovItemPrefix="my.PSM.PSM_Logic.appController.java" Intrnl_Id="50">
<LocList>
<Loc EndOffset="14389" SrcFileId="1" StartOffset="14351"/>
<Loc EndOffset="14491" SrcFileId="1" StartOffset="14490"/>
</LocList>
</BasicStmnt>
</StmntSeq>
<HierarchyLvl HierarchyLvlId="309" HierarchyLvlTypeId="4" Intrnl_Id="51" Name="isEdSchedSel">
<Header>
<Loc EndOffset="2054" SrcFileId="1" StartOffset="2018"/>
</Header>
<LocList>
<Loc EndOffset="2080" SrcFileId="1" StartOffset="2018"/>
</LocList>
<StmntSeq Intrnl_Id="52">
<LocList>
<Loc EndOffset="2077" SrcFileId="1" StartOffset="2059"/>
</LocList>
<BasicStmnt CovItemId="S27" CovItemPrefix="my.PSM.PSM_Logic.appController.java" Intrnl_Id="53">
<LocList>
<Loc EndOffset="2077" SrcFileId="1" StartOffset="2059"/>
</LocList>
</BasicStmnt>
</StmntSeq>
</HierarchyLvl>
<HierarchyLvl HierarchyLvlId="310" HierarchyLvlTypeId="4" Intrnl_Id="54" Name="isSchedSetupSel">
<Header>
<Loc EndOffset="2122" SrcFileId="1" StartOffset="2083"/>
</Header>
<LocList>
<Loc EndOffset="2151" SrcFileId="1" StartOffset="2083"/>
</LocList>
<StmntSeq Intrnl_Id="55">
<LocList>
<Loc EndOffset="2148" SrcFileId="1" StartOffset="2127"/>
</LocList>
<BasicStmnt CovItemId="S28" CovItemPrefix="my.PSM.PSM_Logic.appController.java" Intrnl_Id="56">
<LocList>
<Loc EndOffset="2148" SrcFileId="1" StartOffset="2127"/>
</LocList>
</BasicStmnt>
</StmntSeq>
</HierarchyLvl>
<HierarchyLvl HierarchyLvlId="311" HierarchyLvlTypeId="4" Intrnl_Id="57" Name="isLogoutSel">
<Header>
<Loc EndOffset="2189" SrcFileId="1" StartOffset="2154"/>
</Header>
<LocList>
<Loc EndOffset="2214" SrcFileId="1" StartOffset="2154"/>
</LocList>
<StmntSeq Intrnl_Id="58">
<LocList>
<Loc EndOffset="2211" SrcFileId="1" StartOffset="2194"/>
</LocList>
<BasicStmnt CovItemId="S29" CovItemPrefix="my.PSM.PSM_Logic.appController.java" Intrnl_Id="59">
<LocList>
<Loc EndOffset="2211" SrcFileId="1" StartOffset="2194"/>
</LocList>
</BasicStmnt>
</StmntSeq>
</HierarchyLvl>
<HierarchyLvl HierarchyLvlId="312" HierarchyLvlTypeId="4" Intrnl_Id="60" Name="appController">
<Header>
<Loc EndOffset="2780" SrcFileId="1" StartOffset="2758"/>
</Header>
<LocList>
<Loc EndOffset="2810" SrcFileId="1" StartOffset="2758"/>
</LocList>
<StmntSeq Intrnl_Id="61">
<LocList>
<Loc EndOffset="2804" SrcFileId="1" StartOffset="2791"/>
</LocList>
<BasicStmnt CovItemId="S37" CovItemPrefix="my.PSM.PSM_Logic.appController.java" Intrnl_Id="62">
<LocList>
<Loc EndOffset="2804" SrcFileId="1" StartOffset="2791"/>
</LocList>
</BasicStmnt>
</StmntSeq>
</HierarchyLvl>
<HierarchyLvl HierarchyLvlId="313" HierarchyLvlTypeId="4" Intrnl_Id="63" Name="setDataStoreFacade">
<Header>
<Loc EndOffset="2918" SrcFileId="1" StartOffset="2859"/>
</Header>
<LocList>
<Loc EndOffset="2949" SrcFileId="1" StartOffset="2859"/>
</LocList>
<StmntSeq Intrnl_Id="64">
<LocList>
<Loc EndOffset="2943" SrcFileId="1" StartOffset="2925"/>
</LocList>
<BasicStmnt CovItemId="S38" CovItemPrefix="my.PSM.PSM_Logic.appController.java" Intrnl_Id="65">
<LocList>
<Loc EndOffset="2943" SrcFileId="1" StartOffset="2925"/>
</LocList>
</BasicStmnt>
</StmntSeq>
</HierarchyLvl>
<HierarchyLvl HierarchyLvlId="314" HierarchyLvlTypeId="4" Intrnl_Id="66" Name="setInterfaceController">
<Header>
<Loc EndOffset="3021" SrcFileId="1" StartOffset="2954"/>
</Header>
<LocList>
<Loc EndOffset="3044" SrcFileId="1" StartOffset="2954"/>
</LocList>
<StmntSeq Intrnl_Id="67">
<LocList>
<Loc EndOffset="3038" SrcFileId="1" StartOffset="3028"/>
</LocList>
<BasicStmnt CovItemId="S39" CovItemPrefix="my.PSM.PSM_Logic.appController.java" Intrnl_Id="68">
<LocList>
<Loc EndOffset="3038" SrcFileId="1" StartOffset="3028"/>
</LocList>
</BasicStmnt>
</StmntSeq>
</HierarchyLvl>
<HierarchyLvl HierarchyLvlId="315" HierarchyLvlTypeId="4" Intrnl_Id="69" Name="setAuthenticate">
<Header>
<Loc EndOffset="3102" SrcFileId="1" StartOffset="3049"/>
</Header>
<LocList>
<Loc EndOffset="3127" SrcFileId="1" StartOffset="3049"/>
</LocList>
<StmntSeq Intrnl_Id="70">
<LocList>
<Loc EndOffset="3121" SrcFileId="1" StartOffset="3109"/>
</LocList>
<BasicStmnt CovItemId="S40" CovItemPrefix="my.PSM.PSM_Logic.appController.java" Intrnl_Id="71">
<LocList>
<Loc EndOffset="3121" SrcFileId="1" StartOffset="3109"/>
</LocList>
</BasicStmnt>
</StmntSeq>
</HierarchyLvl>
<HierarchyLvl HierarchyLvlId="316" HierarchyLvlTypeId="4" Intrnl_Id="72" Name="appMainMenu">
<Header>
<Loc EndOffset="3157" SrcFileId="1" StartOffset="3132"/>
</Header>
<LocList>
<Loc EndOffset="4012" SrcFileId="1" StartOffset="3132"/>
</LocList>
<StmntSeq Intrnl_Id="73">
<LocList>
<Loc EndOffset="3874" SrcFileId="1" StartOffset="3200"/>
<Loc EndOffset="3902" SrcFileId="1" StartOffset="3883"/>
<Loc EndOffset="3943" SrcFileId="1" StartOffset="3911"/>
<Loc EndOffset="3973" SrcFileId="1" StartOffset="3952"/>
</LocList>
<LoopStmnt CovItemId="S41" CovItemPrefix="my.PSM.PSM_Logic.appController.java" Intrnl_Id="74" MltplExecId="L1-2" MltplExecPrefix="my.PSM.PSM_Logic.appController.java" NvrExecId="L1-0" NvrExecPrefix="my.PSM.PSM_Logic.appController.java" OnceExecutedId="L1-1" OnceExecutedPrefix="my.PSM.PSM_Logic.appController.java" OptBodyExec="true">
<StmntSeq Intrnl_Id="75">
<LocList>
<Loc EndOffset="3282" SrcFileId="1" StartOffset="3243"/>
<Loc EndOffset="3338" SrcFileId="1" StartOffset="3295"/>
<Loc EndOffset="3397" SrcFileId="1" StartOffset="3351"/>
<Loc EndOffset="3449" SrcFileId="1" StartOffset="3410"/>
<Loc EndOffset="3827" SrcFileId="1" StartOffset="3650"/>
<Loc EndOffset="3864" SrcFileId="1" StartOffset="3853"/>
</LocList>
<BasicStmnt CovItemId="S42" CovItemPrefix="my.PSM.PSM_Logic.appController.java" Intrnl_Id="76">
<LocList>
<Loc EndOffset="3282" SrcFileId="1" StartOffset="3243"/>
</LocList>
</BasicStmnt>
<BasicStmnt CovItemId="S43" CovItemPrefix="my.PSM.PSM_Logic.appController.java" Intrnl_Id="77">
<LocList>
<Loc EndOffset="3338" SrcFileId="1" StartOffset="3295"/>
</LocList>
</BasicStmnt>
<BasicStmnt CovItemId="S44" CovItemPrefix="my.PSM.PSM_Logic.appController.java" Intrnl_Id="78">
<LocList>
<Loc EndOffset="3397" SrcFileId="1" StartOffset="3351"/>
</LocList>
</BasicStmnt>
<BasicStmnt CovItemId="S45" CovItemPrefix="my.PSM.PSM_Logic.appController.java" Intrnl_Id="79">
<LocList>
<Loc EndOffset="3449" SrcFileId="1" StartOffset="3410"/>
</LocList>
</BasicStmnt>
<CondStmnt CovItemId="S46" CovItemPrefix="my.PSM.PSM_Logic.appController.java" Intrnl_Id="80">
<Branch CovItemId="B1" CovItemPrefix="my.PSM.PSM_Logic.appController.java" Implct="false" Intrnl_Id="81">
<Cond/>
<LocList>
<Loc EndOffset="3827" SrcFileId="1" StartOffset="3735"/>
</LocList>
<StmntSeq Intrnl_Id="82">
<LocList>
<Loc EndOffset="3801" SrcFileId="1" StartOffset="3794"/>
</LocList>
<BasicStmnt CovItemId="S47" CovItemPrefix="my.PSM.PSM_Logic.appController.java" Intrnl_Id="83">
<LocList>
<Loc EndOffset="3801" SrcFileId="1" StartOffset="3794"/>
</LocList>
</BasicStmnt>
</StmntSeq>
</Branch>
<Branch CovItemId="B2" CovItemPrefix="my.PSM.PSM_Logic.appController.java" Implct="true" Intrnl_Id="84">
<Cond/>
<LocList/>
<StmntSeq Intrnl_Id="85">
<LocList/>
</StmntSeq>
</Branch>
<Keyword EndOffset="3652" SrcFileId="1" StartOffset="3650"/>
<LocList>
<Loc EndOffset="3827" SrcFileId="1" StartOffset="3650"/>
</LocList>
</CondStmnt>
<BasicStmnt CovItemId="S48" CovItemPrefix="my.PSM.PSM_Logic.appController.java" Intrnl_Id="86">
<LocList>
<Loc EndOffset="3864" SrcFileId="1" StartOffset="3853"/>
</LocList>
</BasicStmnt>
</StmntSeq>
<Keyword EndOffset="3205" SrcFileId="1" StartOffset="3200"/>
<LocList>
<Loc EndOffset="3874" SrcFileId="1" StartOffset="3200"/>
</LocList>
</LoopStmnt>
<BasicStmnt CovItemId="S49" CovItemPrefix="my.PSM.PSM_Logic.appController.java" Intrnl_Id="87">
<LocList>
<Loc EndOffset="3902" SrcFileId="1" StartOffset="3883"/>
</LocList>
</BasicStmnt>
<BasicStmnt CovItemId="S50" CovItemPrefix="my.PSM.PSM_Logic.appController.java" Intrnl_Id="88">
<LocList>
<Loc EndOffset="3943" SrcFileId="1" StartOffset="3911"/>
</LocList>
</BasicStmnt>
<BasicStmnt CovItemId="S51" CovItemPrefix="my.PSM.PSM_Logic.appController.java" Intrnl_Id="89">
<LocList>
<Loc EndOffset="3973" SrcFileId="1" StartOffset="3952"/>
</LocList>
</BasicStmnt>
</StmntSeq>
</HierarchyLvl>
<HierarchyLvl HierarchyLvlId="317" HierarchyLvlTypeId="4" Intrnl_Id="90" Name="myMain">
<Header>
<Loc EndOffset="4037" SrcFileId="1" StartOffset="4017"/>
</Header>
<LocList>
<Loc EndOffset="4585" SrcFileId="1" StartOffset="4017"/>
</LocList>
<StmntSeq Intrnl_Id="91">
<LocList>
<Loc EndOffset="4055" SrcFileId="1" StartOffset="4044"/>
<Loc EndOffset="4579" SrcFileId="1" StartOffset="4061"/>
</LocList>
<BasicStmnt CovItemId="S52" CovItemPrefix="my.PSM.PSM_Logic.appController.java" Intrnl_Id="92">
<LocList>
<Loc EndOffset="4055" SrcFileId="1" StartOffset="4044"/>
</LocList>
</BasicStmnt>
<CondStmnt CovItemId="S53" CovItemPrefix="my.PSM.PSM_Logic.appController.java" Intrnl_Id="93">
<Branch CovItemId="B3" CovItemPrefix="my.PSM.PSM_Logic.appController.java" Implct="false" Intrnl_Id="94">
<Cond/>
<LocList>
<Loc EndOffset="4579" SrcFileId="1" StartOffset="4073"/>
</LocList>
<StmntSeq Intrnl_Id="95">
<LocList>
<Loc EndOffset="4104" SrcFileId="1" StartOffset="4081"/>
<Loc EndOffset="4190" SrcFileId="1" StartOffset="4111"/>
<Loc EndOffset="4210" SrcFileId="1" StartOffset="4197"/>
<Loc EndOffset="4572" SrcFileId="1" StartOffset="4217"/>
</LocList>
<BasicStmnt CovItemId="S54" CovItemPrefix="my.PSM.PSM_Logic.appController.java" Intrnl_Id="96">
<LocList>
<Loc EndOffset="4104" SrcFileId="1" StartOffset="4081"/>
</LocList>
</BasicStmnt>
<CondStmnt CovItemId="S55" CovItemPrefix="my.PSM.PSM_Logic.appController.java" Intrnl_Id="97">
<Branch CovItemId="B5" CovItemPrefix="my.PSM.PSM_Logic.appController.java" Implct="false" Intrnl_Id="98">
<Cond/>
<LocList>
<Loc EndOffset="4190" SrcFileId="1" StartOffset="4137"/>
</LocList>
<StmntSeq Intrnl_Id="99">
<LocList>
<Loc EndOffset="4179" SrcFileId="1" StartOffset="4152"/>
</LocList>
<BasicStmnt CovItemId="S56" CovItemPrefix="my.PSM.PSM_Logic.appController.java" Intrnl_Id="100">
<LocList>
<Loc EndOffset="4179" SrcFileId="1" StartOffset="4152"/>
</LocList>
</BasicStmnt>
</StmntSeq>
</Branch>
<Branch CovItemId="B6" CovItemPrefix="my.PSM.PSM_Logic.appController.java" Implct="true" Intrnl_Id="101">
<Cond/>
<LocList/>
<StmntSeq Intrnl_Id="102">
<LocList/>
</StmntSeq>
</Branch>
<Keyword EndOffset="4113" SrcFileId="1" StartOffset="4111"/>
<LocList>
<Loc EndOffset="4190" SrcFileId="1" StartOffset="4111"/>
</LocList>
</CondStmnt>
<BasicStmnt CovItemId="S57" CovItemPrefix="my.PSM.PSM_Logic.appController.java" Intrnl_Id="103">
<LocList>
<Loc EndOffset="4210" SrcFileId="1" StartOffset="4197"/>
</LocList>
</BasicStmnt>
<LoopStmnt CovItemId="S58" CovItemPrefix="my.PSM.PSM_Logic.appController.java" Intrnl_Id="104" MltplExecId="L2-2" MltplExecPrefix="my.PSM.PSM_Logic.appController.java" NvrExecId="L2-0" NvrExecPrefix="my.PSM.PSM_Logic.appController.java" OnceExecutedId="L2-1" OnceExecutedPrefix="my.PSM.PSM_Logic.appController.java" OptBodyExec="true">
<StmntSeq Intrnl_Id="105">
<LocList>
<Loc EndOffset="4257" SrcFileId="1" StartOffset="4243"/>
<Loc EndOffset="4564" SrcFileId="1" StartOffset="4265"/>
</LocList>
<BasicStmnt CovItemId="S59" CovItemPrefix="my.PSM.PSM_Logic.appController.java" Intrnl_Id="106">
<LocList>
<Loc EndOffset="4257" SrcFileId="1" StartOffset="4243"/>
</LocList>
</BasicStmnt>
<CondStmnt CovItemId="S60" CovItemPrefix="my.PSM.PSM_Logic.appController.java" Intrnl_Id="107">
<Branch CovItemId="B7" CovItemPrefix="my.PSM.PSM_Logic.appController.java" Implct="false" Intrnl_Id="108">
<Cond/>
<LocList>
<Loc EndOffset="4395" SrcFileId="1" StartOffset="4289"/>
</LocList>
<StmntSeq Intrnl_Id="109">
<LocList>
<Loc EndOffset="4344" SrcFileId="1" StartOffset="4330"/>
<Loc EndOffset="4380" SrcFileId="1" StartOffset="4359"/>
</LocList>
<BasicStmnt CovItemId="S61" CovItemPrefix="my.PSM.PSM_Logic.appController.java" Intrnl_Id="110">
<LocList>
<Loc EndOffset="4344" SrcFileId="1" StartOffset="4330"/>
</LocList>
</BasicStmnt>
<BasicStmnt CovItemId="S62" CovItemPrefix="my.PSM.PSM_Logic.appController.java" Intrnl_Id="111">
<LocList>
<Loc EndOffset="4380" SrcFileId="1" StartOffset="4359"/>
</LocList>
</BasicStmnt>
</StmntSeq>
</Branch>
<Branch CovItemId="B8" CovItemPrefix="my.PSM.PSM_Logic.appController.java" Implct="false" Intrnl_Id="112">
<Cond>
<Loc EndOffset="4410" SrcFileId="1" StartOffset="4406"/>
</Cond>
<LocList>
<Loc EndOffset="4564" SrcFileId="1" StartOffset="4411"/>
</LocList>
<StmntSeq Intrnl_Id="113">
<LocList>
<Loc EndOffset="4564" SrcFileId="1" StartOffset="4411"/>
</LocList>
<CondStmnt CovItemId="S63" CovItemPrefix="my.PSM.PSM_Logic.appController.java" Intrnl_Id="114">
<Branch CovItemId="B9" CovItemPrefix="my.PSM.PSM_Logic.appController.java" Implct="false" Intrnl_Id="115">
<Cond/>
<LocList>
<Loc EndOffset="4479" SrcFileId="1" StartOffset="4436"/>
</LocList>
<StmntSeq Intrnl_Id="116">
<LocList>
<Loc EndOffset="4467" SrcFileId="1" StartOffset="4452"/>
</LocList>
<BasicStmnt CovItemId="S64" CovItemPrefix="my.PSM.PSM_Logic.appController.java" Intrnl_Id="117">
<LocList>
<Loc EndOffset="4467" SrcFileId="1" StartOffset="4452"/>
</LocList>
</BasicStmnt>
</StmntSeq>
</Branch>
<Branch CovItemId="B10" CovItemPrefix="my.PSM.PSM_Logic.appController.java" Implct="false" Intrnl_Id="118">
<Cond>
<Loc EndOffset="4494" SrcFileId="1" StartOffset="4490"/>
</Cond>
<LocList>
<Loc EndOffset="4564" SrcFileId="1" StartOffset="4495"/>
</LocList>
<StmntSeq Intrnl_Id="119">
<LocList>
<Loc EndOffset="4564" SrcFileId="1" StartOffset="4495"/>
</LocList>
<CondStmnt CovItemId="S65" CovItemPrefix="my.PSM.PSM_Logic.appController.java" Intrnl_Id="120">
<Branch CovItemId="B11" CovItemPrefix="my.PSM.PSM_Logic.appController.java" Implct="false" Intrnl_Id="121">
<Cond/>
<LocList>
<Loc EndOffset="4564" SrcFileId="1" StartOffset="4523"/>
</LocList>
<StmntSeq Intrnl_Id="122">
<LocList>
<Loc EndOffset="4552" SrcFileId="1" StartOffset="4539"/>
</LocList>
<BasicStmnt CovItemId="S66" CovItemPrefix="my.PSM.PSM_Logic.appController.java" Intrnl_Id="123">
<LocList>
<Loc EndOffset="4552" SrcFileId="1" StartOffset="4539"/>
</LocList>
</BasicStmnt>
</StmntSeq>
</Branch>
<Branch CovItemId="B12" CovItemPrefix="my.PSM.PSM_Logic.appController.java" Implct="true" Intrnl_Id="124">
<Cond/>
<LocList/>
<StmntSeq Intrnl_Id="125">
<LocList/>
</StmntSeq>
</Branch>
<Keyword EndOffset="4497" SrcFileId="1" StartOffset="4495"/>
<LocList>
<Loc EndOffset="4564" SrcFileId="1" StartOffset="4495"/>
</LocList>
</CondStmnt>
</StmntSeq>
</Branch>
<Keyword EndOffset="4413" SrcFileId="1" StartOffset="4411"/>
<LocList>
<Loc EndOffset="4564" SrcFileId="1" StartOffset="4411"/>
</LocList>
</CondStmnt>
</StmntSeq>
</Branch>
<Keyword EndOffset="4267" SrcFileId="1" StartOffset="4265"/>
<LocList>
<Loc EndOffset="4564" SrcFileId="1" StartOffset="4265"/>
</LocList>
</CondStmnt>
</StmntSeq>
<Keyword EndOffset="4222" SrcFileId="1" StartOffset="4217"/>
<LocList>
<Loc EndOffset="4572" SrcFileId="1" StartOffset="4217"/>
</LocList>
</LoopStmnt>
</StmntSeq>
</Branch>
<Branch CovItemId="B4" CovItemPrefix="my.PSM.PSM_Logic.appController.java" Implct="true" Intrnl_Id="126">
<Cond/>
<LocList/>
<StmntSeq Intrnl_Id="127">
<LocList/>
</StmntSeq>
</Branch>
<Keyword EndOffset="4063" SrcFileId="1" StartOffset="4061"/>
<LocList>
<Loc EndOffset="4579" SrcFileId="1" StartOffset="4061"/>
</LocList>
</CondStmnt>
</StmntSeq>
</HierarchyLvl>
<HierarchyLvl HierarchyLvlId="318" HierarchyLvlTypeId="4" Intrnl_Id="128" Name="setUser">
<Header>
<Loc EndOffset="4622" SrcFileId="1" StartOffset="4590"/>
</Header>
<LocList>
<Loc EndOffset="4651" SrcFileId="1" StartOffset="4590"/>
</LocList>
<StmntSeq Intrnl_Id="129">
<LocList>
<Loc EndOffset="4645" SrcFileId="1" StartOffset="4629"/>
</LocList>
<BasicStmnt CovItemId="S67" CovItemPrefix="my.PSM.PSM_Logic.appController.java" Intrnl_Id="130">
<LocList>
<Loc EndOffset="4645" SrcFileId="1" StartOffset="4629"/>
</LocList>
</BasicStmnt>
</StmntSeq>
</HierarchyLvl>
<HierarchyLvl HierarchyLvlId="319" HierarchyLvlTypeId="4" Intrnl_Id="131" Name="setPassword">
<Header>
<Loc EndOffset="4690" SrcFileId="1" StartOffset="4656"/>
</Header>
<LocList>
<Loc EndOffset="4717" SrcFileId="1" StartOffset="4656"/>
</LocList>
<StmntSeq Intrnl_Id="132">
<LocList>
<Loc EndOffset="4711" SrcFileId="1" StartOffset="4697"/>
</LocList>
<BasicStmnt CovItemId="S68" CovItemPrefix="my.PSM.PSM_Logic.appController.java" Intrnl_Id="133">
<LocList>
<Loc EndOffset="4711" SrcFileId="1" StartOffset="4697"/>
</LocList>
</BasicStmnt>
</StmntSeq>
</HierarchyLvl>
<HierarchyLvl HierarchyLvlId="320" HierarchyLvlTypeId="4" Intrnl_Id="134" Name="getUser">
<Header>
<Loc EndOffset="4745" SrcFileId="1" StartOffset="4722"/>
</Header>
<LocList>
<Loc EndOffset="4774" SrcFileId="1" StartOffset="4722"/>
</LocList>
<StmntSeq Intrnl_Id="135">
<LocList>
<Loc EndOffset="4768" SrcFileId="1" StartOffset="4752"/>
</LocList>
<BasicStmnt CovItemId="S69" CovItemPrefix="my.PSM.PSM_Logic.appController.java" Intrnl_Id="136">
<LocList>
<Loc EndOffset="4768" SrcFileId="1" StartOffset="4752"/>
</LocList>
</BasicStmnt>
</StmntSeq>
</HierarchyLvl>
<HierarchyLvl HierarchyLvlId="321" HierarchyLvlTypeId="4" Intrnl_Id="137" Name="getPass">
<Header>
<Loc EndOffset="4802" SrcFileId="1" StartOffset="4779"/>
</Header>
<LocList>
<Loc EndOffset="4831" SrcFileId="1" StartOffset="4779"/>
</LocList>
<StmntSeq Intrnl_Id="138">
<LocList>
<Loc EndOffset="4825" SrcFileId="1" StartOffset="4809"/>
</LocList>
<BasicStmnt CovItemId="S70" CovItemPrefix="my.PSM.PSM_Logic.appController.java" Intrnl_Id="139">
<LocList>
<Loc EndOffset="4825" SrcFileId="1" StartOffset="4809"/>
</LocList>
</BasicStmnt>
</StmntSeq>
</HierarchyLvl>
<HierarchyLvl HierarchyLvlId="322" HierarchyLvlTypeId="4" Intrnl_Id="140" Name="getLoggedIn">
<Header>
<Loc EndOffset="4864" SrcFileId="1" StartOffset="4836"/>
</Header>
<LocList>
<Loc EndOffset="4893" SrcFileId="1" StartOffset="4836"/>
</LocList>
<StmntSeq Intrnl_Id="141">
<LocList>
<Loc EndOffset="4887" SrcFileId="1" StartOffset="4871"/>
</LocList>
<BasicStmnt CovItemId="S71" CovItemPrefix="my.PSM.PSM_Logic.appController.java" Intrnl_Id="142">
<LocList>
<Loc EndOffset="4887" SrcFileId="1" StartOffset="4871"/>
</LocList>
</BasicStmnt>
</StmntSeq>
</HierarchyLvl>
<HierarchyLvl HierarchyLvlId="323" HierarchyLvlTypeId="4" Intrnl_Id="143" Name="fetchCourses">
<Header>
<Loc EndOffset="4933" SrcFileId="1" StartOffset="4898"/>
</Header>
<LocList>
<Loc EndOffset="4979" SrcFileId="1" StartOffset="4898"/>
</LocList>
<StmntSeq Intrnl_Id="144">
<LocList>
<Loc EndOffset="4973" SrcFileId="1" StartOffset="4940"/>
</LocList>
<BasicStmnt CovItemId="S72" CovItemPrefix="my.PSM.PSM_Logic.appController.java" Intrnl_Id="145">
<LocList>
<Loc EndOffset="4973" SrcFileId="1" StartOffset="4940"/>
</LocList>
</BasicStmnt>
</StmntSeq>
</HierarchyLvl>
<HierarchyLvl HierarchyLvlId="324" HierarchyLvlTypeId="4" Intrnl_Id="146" Name="getIC">
<Header>
<Loc EndOffset="5018" SrcFileId="1" StartOffset="4984"/>
</Header>
<LocList>
<Loc EndOffset="5041" SrcFileId="1" StartOffset="4984"/>
</LocList>
<StmntSeq Intrnl_Id="147">
<LocList>
<Loc EndOffset="5035" SrcFileId="1" StartOffset="5025"/>
</LocList>
<BasicStmnt CovItemId="S73" CovItemPrefix="my.PSM.PSM_Logic.appController.java" Intrnl_Id="148">
<LocList>
<Loc EndOffset="5035" SrcFileId="1" StartOffset="5025"/>
</LocList>
</BasicStmnt>
</StmntSeq>
</HierarchyLvl>
<HierarchyLvl HierarchyLvlId="325" HierarchyLvlTypeId="4" Intrnl_Id="149" Name="getSetRun">
<Header>
<Loc EndOffset="5073" SrcFileId="1" StartOffset="5046"/>
</Header>
<LocList>
<Loc EndOffset="5100" SrcFileId="1" StartOffset="5046"/>
</LocList>
<StmntSeq Intrnl_Id="150">
<LocList>
<Loc EndOffset="5094" SrcFileId="1" StartOffset="5080"/>
</LocList>
<BasicStmnt CovItemId="S74" CovItemPrefix="my.PSM.PSM_Logic.appController.java" Intrnl_Id="151">
<LocList>
<Loc EndOffset="5094" SrcFileId="1" StartOffset="5080"/>
</LocList>
</BasicStmnt>
</StmntSeq>
</HierarchyLvl>
<HierarchyLvl HierarchyLvlId="326" HierarchyLvlTypeId="4" Intrnl_Id="152" Name="getClearDate">
<Header>
<Loc EndOffset="5137" SrcFileId="1" StartOffset="5105"/>
</Header>
<LocList>
<Loc EndOffset="5164" SrcFileId="1" StartOffset="5105"/>
</LocList>
<StmntSeq Intrnl_Id="153">
<LocList>
<Loc EndOffset="5160" SrcFileId="1" StartOffset="5143"/>
</LocList>
<BasicStmnt CovItemId="S75" CovItemPrefix="my.PSM.PSM_Logic.appController.java" Intrnl_Id="154">
<LocList>
<Loc EndOffset="5160" SrcFileId="1" StartOffset="5143"/>
</LocList>
</BasicStmnt>
</StmntSeq>
</HierarchyLvl>
<HierarchyLvl HierarchyLvlId="327" HierarchyLvlTypeId="4" Intrnl_Id="155" Name="getClearMonth">
<Header>
<Loc EndOffset="5201" SrcFileId="1" StartOffset="5168"/>
</Header>
<LocList>
<Loc EndOffset="5229" SrcFileId="1" StartOffset="5168"/>
</LocList>
<StmntSeq Intrnl_Id="156">
<LocList>
<Loc EndOffset="5225" SrcFileId="1" StartOffset="5207"/>
</LocList>
<BasicStmnt CovItemId="S76" CovItemPrefix="my.PSM.PSM_Logic.appController.java" Intrnl_Id="157">
<LocList>
<Loc EndOffset="5225" SrcFileId="1" StartOffset="5207"/>
</LocList>
</BasicStmnt>
</StmntSeq>
</HierarchyLvl>
<HierarchyLvl HierarchyLvlId="328" HierarchyLvlTypeId="4" Intrnl_Id="158" Name="getClearYear">
<Header>
<Loc EndOffset="5265" SrcFileId="1" StartOffset="5233"/>
</Header>
<LocList>
<Loc EndOffset="5292" SrcFileId="1" StartOffset="5233"/>
</LocList>
<StmntSeq Intrnl_Id="159">
<LocList>
<Loc EndOffset="5288" SrcFileId="1" StartOffset="5271"/>
</LocList>
<BasicStmnt CovItemId="S77" CovItemPrefix="my.PSM.PSM_Logic.appController.java" Intrnl_Id="160">
<LocList>
<Loc EndOffset="5288" SrcFileId="1" StartOffset="5271"/>
</LocList>
</BasicStmnt>
</StmntSeq>
</HierarchyLvl>
<HierarchyLvl HierarchyLvlId="329" HierarchyLvlTypeId="4" Intrnl_Id="161" Name="getCounter">
<Header>
<Loc EndOffset="5319" SrcFileId="1" StartOffset="5296"/>
</Header>
<LocList>
<Loc EndOffset="5343" SrcFileId="1" StartOffset="5296"/>
</LocList>
<StmntSeq Intrnl_Id="162">
<LocList>
<Loc EndOffset="5339" SrcFileId="1" StartOffset="5324"/>
</LocList>
<BasicStmnt CovItemId="S78" CovItemPrefix="my.PSM.PSM_Logic.appController.java" Intrnl_Id="163">
<LocList>
<Loc EndOffset="5339" SrcFileId="1" StartOffset="5324"/>
</LocList>
</BasicStmnt>
</StmntSeq>
</HierarchyLvl>
<HierarchyLvl HierarchyLvlId="330" HierarchyLvlTypeId="4" Intrnl_Id="164" Name="setupSched">
<Header>
<Loc EndOffset="5379" SrcFileId="1" StartOffset="5348"/>
</Header>
<LocList>
<Loc EndOffset="6313" SrcFileId="1" StartOffset="5348"/>
</LocList>
<StmntSeq Intrnl_Id="165">
<LocList>
<Loc EndOffset="5412" SrcFileId="1" StartOffset="5386"/>
<Loc EndOffset="5583" SrcFileId="1" StartOffset="5454"/>
<Loc EndOffset="5613" SrcFileId="1" StartOffset="5592"/>
<Loc EndOffset="5655" SrcFileId="1" StartOffset="5622"/>
<Loc EndOffset="5807" SrcFileId="1" StartOffset="5673"/>
<Loc EndOffset="6306" SrcFileId="1" StartOffset="5816"/>
</LocList>
<BasicStmnt CovItemId="S79" CovItemPrefix="my.PSM.PSM_Logic.appController.java" Intrnl_Id="166">
<LocList>
<Loc EndOffset="5412" SrcFileId="1" StartOffset="5386"/>
</LocList>
</BasicStmnt>
<LoopStmnt CovItemId="S80" CovItemPrefix="my.PSM.PSM_Logic.appController.java" Intrnl_Id="167" MltplExecId="L3-2" MltplExecPrefix="my.PSM.PSM_Logic.appController.java" NvrExecId="L3-0" NvrExecPrefix="my.PSM.PSM_Logic.appController.java" OnceExecutedId="L3-1" OnceExecutedPrefix="my.PSM.PSM_Logic.appController.java" OptBodyExec="true">
<StmntSeq Intrnl_Id="168">
<LocList>
<Loc EndOffset="5549" SrcFileId="1" StartOffset="5509"/>
<Loc EndOffset="5573" SrcFileId="1" StartOffset="5562"/>
</LocList>
<BasicStmnt CovItemId="S81" CovItemPrefix="my.PSM.PSM_Logic.appController.java" Intrnl_Id="169">
<LocList>
<Loc EndOffset="5549" SrcFileId="1" StartOffset="5509"/>
</LocList>
</BasicStmnt>
<BasicStmnt CovItemId="S82" CovItemPrefix="my.PSM.PSM_Logic.appController.java" Intrnl_Id="170">
<LocList>
<Loc EndOffset="5573" SrcFileId="1" StartOffset="5562"/>
</LocList>
</BasicStmnt>
</StmntSeq>
<Keyword EndOffset="5459" SrcFileId="1" StartOffset="5454"/>
<LocList>
<Loc EndOffset="5583" SrcFileId="1" StartOffset="5454"/>
</LocList>
</LoopStmnt>
<BasicStmnt CovItemId="S83" CovItemPrefix="my.PSM.PSM_Logic.appController.java" Intrnl_Id="171">
<LocList>
<Loc EndOffset="5613" SrcFileId="1" StartOffset="5592"/>
</LocList>
</BasicStmnt>
<BasicStmnt CovItemId="S84" CovItemPrefix="my.PSM.PSM_Logic.appController.java" Intrnl_Id="172">
<LocList>
<Loc EndOffset="5655" SrcFileId="1" StartOffset="5622"/>
</LocList>
</BasicStmnt>
<BasicStmnt CovItemId="S85" CovItemPrefix="my.PSM.PSM_Logic.appController.java" Intrnl_Id="173">
<LocList>
<Loc EndOffset="5807" SrcFileId="1" StartOffset="5673"/>
</LocList>
</BasicStmnt>
<BasicStmnt CovItemId="S86" CovItemPrefix="my.PSM.PSM_Logic.appController.java" Intrnl_Id="174">
<LocList>
<Loc EndOffset="6306" SrcFileId="1" StartOffset="5816"/>
</LocList>
</BasicStmnt>
</StmntSeq>
</HierarchyLvl>
<HierarchyLvl HierarchyLvlId="331" HierarchyLvlTypeId="4" Intrnl_Id="175" Name="appEditSched">
<Header>
<Loc EndOffset="6351" SrcFileId="1" StartOffset="6318"/>
</Header>
<LocList>
<Loc EndOffset="7816" SrcFileId="1" StartOffset="6318"/>
</LocList>
<StmntSeq Intrnl_Id="176">
<LocList>
<Loc EndOffset="6407" SrcFileId="1" StartOffset="6383"/>
<Loc EndOffset="6578" SrcFileId="1" StartOffset="6417"/>
<Loc EndOffset="6623" SrcFileId="1" StartOffset="6588"/>
<Loc EndOffset="6653" SrcFileId="1" StartOffset="6632"/>
<Loc EndOffset="6700" SrcFileId="1" StartOffset="6663"/>
<Loc EndOffset="6728" SrcFileId="1" StartOffset="6709"/>
<Loc EndOffset="7003" SrcFileId="1" StartOffset="6746"/>
<Loc EndOffset="7136" SrcFileId="1" StartOffset="7021"/>
<Loc EndOffset="7175" SrcFileId="1" StartOffset="7154"/>
<Loc EndOffset="7214" SrcFileId="1" StartOffset="7184"/>
<Loc EndOffset="7808" SrcFileId="1" StartOffset="7304"/>
</LocList>
<BasicStmnt CovItemId="S87" CovItemPrefix="my.PSM.PSM_Logic.appController.java" Intrnl_Id="177">
<LocList>
<Loc EndOffset="6407" SrcFileId="1" StartOffset="6383"/>
</LocList>
</BasicStmnt>
<LoopStmnt CovItemId="S88" CovItemPrefix="my.PSM.PSM_Logic.appController.java" Intrnl_Id="178" MltplExecId="L4-2" MltplExecPrefix="my.PSM.PSM_Logic.appController.java" NvrExecId="L4-0" NvrExecPrefix="my.PSM.PSM_Logic.appController.java" OnceExecutedId="L4-1" OnceExecutedPrefix="my.PSM.PSM_Logic.appController.java" OptBodyExec="true">
<StmntSeq Intrnl_Id="179">
<LocList>
<Loc EndOffset="6502" SrcFileId="1" StartOffset="6460"/>
<Loc EndOffset="6526" SrcFileId="1" StartOffset="6515"/>
</LocList>
<BasicStmnt CovItemId="S89" CovItemPrefix="my.PSM.PSM_Logic.appController.java" Intrnl_Id="180">
<LocList>
<Loc EndOffset="6502" SrcFileId="1" StartOffset="6460"/>
</LocList>
</BasicStmnt>
<BasicStmnt CovItemId="S90" CovItemPrefix="my.PSM.PSM_Logic.appController.java" Intrnl_Id="181">
<LocList>
<Loc EndOffset="6526" SrcFileId="1" StartOffset="6515"/>
</LocList>
</BasicStmnt>
</StmntSeq>
<Keyword EndOffset="6422" SrcFileId="1" StartOffset="6417"/>
<LocList>
<Loc EndOffset="6578" SrcFileId="1" StartOffset="6417"/>
</LocList>
</LoopStmnt>
<BasicStmnt CovItemId="S91" CovItemPrefix="my.PSM.PSM_Logic.appController.java" Intrnl_Id="182">
<LocList>
<Loc EndOffset="6623" SrcFileId="1" StartOffset="6588"/>
</LocList>
</BasicStmnt>
<BasicStmnt CovItemId="S92" CovItemPrefix="my.PSM.PSM_Logic.appController.java" Intrnl_Id="183">
<LocList>
<Loc EndOffset="6653" SrcFileId="1" StartOffset="6632"/>
</LocList>
</BasicStmnt>
<BasicStmnt CovItemId="S93" CovItemPrefix="my.PSM.PSM_Logic.appController.java" Intrnl_Id="184">
<LocList>
<Loc EndOffset="6700" SrcFileId="1" StartOffset="6663"/>
</LocList>
</BasicStmnt>
<BasicStmnt CovItemId="S94" CovItemPrefix="my.PSM.PSM_Logic.appController.java" Intrnl_Id="185">
<LocList>
<Loc EndOffset="6728" SrcFileId="1" StartOffset="6709"/>
</LocList>
</BasicStmnt>
<BasicStmnt CovItemId="S95" CovItemPrefix="my.PSM.PSM_Logic.appController.java" Intrnl_Id="186">
<LocList>
<Loc EndOffset="7003" SrcFileId="1" StartOffset="6746"/>
</LocList>
</BasicStmnt>
<LoopStmnt CovItemId="S96" CovItemPrefix="my.PSM.PSM_Logic.appController.java" Intrnl_Id="187" MltplExecId="L5-2" MltplExecPrefix="my.PSM.PSM_Logic.appController.java" NvrExecId="L5-0" NvrExecPrefix="my.PSM.PSM_Logic.appController.java" OnceExecutedId="L5-1" OnceExecutedPrefix="my.PSM.PSM_Logic.appController.java" OptBodyExec="true">
<StmntSeq Intrnl_Id="188">
<LocList>
<Loc EndOffset="7101" SrcFileId="1" StartOffset="7064"/>
<Loc EndOffset="7126" SrcFileId="1" StartOffset="7115"/>
</LocList>
<BasicStmnt CovItemId="S97" CovItemPrefix="my.PSM.PSM_Logic.appController.java" Intrnl_Id="189">
<LocList>
<Loc EndOffset="7101" SrcFileId="1" StartOffset="7064"/>
</LocList>
</BasicStmnt>
<BasicStmnt CovItemId="S98" CovItemPrefix="my.PSM.PSM_Logic.appController.java" Intrnl_Id="190">
<LocList>
<Loc EndOffset="7126" SrcFileId="1" StartOffset="7115"/>
</LocList>
</BasicStmnt>
</StmntSeq>
<Keyword EndOffset="7026" SrcFileId="1" StartOffset="7021"/>
<LocList>
<Loc EndOffset="7136" SrcFileId="1" StartOffset="7021"/>
</LocList>
</LoopStmnt>
<BasicStmnt CovItemId="S99" CovItemPrefix="my.PSM.PSM_Logic.appController.java" Intrnl_Id="191">
<LocList>
<Loc EndOffset="7175" SrcFileId="1" StartOffset="7154"/>
</LocList>
</BasicStmnt>
<BasicStmnt CovItemId="S100" CovItemPrefix="my.PSM.PSM_Logic.appController.java" Intrnl_Id="192">
<LocList>
<Loc EndOffset="7214" SrcFileId="1" StartOffset="7184"/>
</LocList>
</BasicStmnt>
<BasicStmnt CovItemId="S101" CovItemPrefix="my.PSM.PSM_Logic.appController.java" Intrnl_Id="193">
<LocList>
<Loc EndOffset="7808" SrcFileId="1" StartOffset="7304"/>
</LocList>
</BasicStmnt>
</StmntSeq>
</HierarchyLvl>
<HierarchyLvl HierarchyLvlId="332" HierarchyLvlTypeId="4" Intrnl_Id="194" Name="appLogin">
<Header>
<Loc EndOffset="7855" SrcFileId="1" StartOffset="7826"/>
</Header>
<LocList>
<Loc EndOffset="9277" SrcFileId="1" StartOffset="7826"/>
</LocList>
<StmntSeq Intrnl_Id="195">
<LocList>
<Loc EndOffset="9271" SrcFileId="1" StartOffset="7862"/>
</LocList>
<LoopStmnt CovItemId="S102" CovItemPrefix="my.PSM.PSM_Logic.appController.java" Intrnl_Id="196" MltplExecId="L6-2" MltplExecPrefix="my.PSM.PSM_Logic.appController.java" NvrExecId="L6-0" NvrExecPrefix="my.PSM.PSM_Logic.appController.java" OnceExecutedId="L6-1" OnceExecutedPrefix="my.PSM.PSM_Logic.appController.java" OptBodyExec="true">
<StmntSeq Intrnl_Id="197">
<LocList>
<Loc EndOffset="7937" SrcFileId="1" StartOffset="7912"/>
<Loc EndOffset="8134" SrcFileId="1" StartOffset="7976"/>
<Loc EndOffset="8179" SrcFileId="1" StartOffset="8148"/>
<Loc EndOffset="8214" SrcFileId="1" StartOffset="8193"/>
<Loc EndOffset="8263" SrcFileId="1" StartOffset="8228"/>
<Loc EndOffset="8312" SrcFileId="1" StartOffset="8277"/>
<Loc EndOffset="8380" SrcFileId="1" StartOffset="8341"/>
<Loc EndOffset="8557" SrcFileId="1" StartOffset="8394"/>
<Loc EndOffset="8983" SrcFileId="1" StartOffset="8601"/>
<Loc EndOffset="9261" SrcFileId="1" StartOffset="8997"/>
</LocList>
<BasicStmnt CovItemId="S103" CovItemPrefix="my.PSM.PSM_Logic.appController.java" Intrnl_Id="198">
<LocList>
<Loc EndOffset="7937" SrcFileId="1" StartOffset="7912"/>
</LocList>
</BasicStmnt>
<LoopStmnt CovItemId="S104" CovItemPrefix="my.PSM.PSM_Logic.appController.java" Intrnl_Id="199" MltplExecId="L7-2" MltplExecPrefix="my.PSM.PSM_Logic.appController.java" NvrExecId="L7-0" NvrExecPrefix="my.PSM.PSM_Logic.appController.java" OnceExecutedId="L7-1" OnceExecutedPrefix="my.PSM.PSM_Logic.appController.java" OptBodyExec="false">
<StmntSeq Intrnl_Id="200">
<LocList>
<Loc EndOffset="8051" SrcFileId="1" StartOffset="8011"/>
<Loc EndOffset="8080" SrcFileId="1" StartOffset="8069"/>
</LocList>
<BasicStmnt CovItemId="S105" CovItemPrefix="my.PSM.PSM_Logic.appController.java" Intrnl_Id="201">
<LocList>
<Loc EndOffset="8051" SrcFileId="1" StartOffset="8011"/>
</LocList>
</BasicStmnt>
<BasicStmnt CovItemId="S106" CovItemPrefix="my.PSM.PSM_Logic.appController.java" Intrnl_Id="202">
<LocList>
<Loc EndOffset="8080" SrcFileId="1" StartOffset="8069"/>
</LocList>
</BasicStmnt>
</StmntSeq>
<Keyword EndOffset="7978" SrcFileId="1" StartOffset="7976"/>
<LocList>
<Loc EndOffset="8134" SrcFileId="1" StartOffset="7976"/>
</LocList>
</LoopStmnt>
<BasicStmnt CovItemId="S107" CovItemPrefix="my.PSM.PSM_Logic.appController.java" Intrnl_Id="203">
<LocList>
<Loc EndOffset="8179" SrcFileId="1" StartOffset="8148"/>
</LocList>
</BasicStmnt>
<BasicStmnt CovItemId="S108" CovItemPrefix="my.PSM.PSM_Logic.appController.java" Intrnl_Id="204">
<LocList>
<Loc EndOffset="8214" SrcFileId="1" StartOffset="8193"/>
</LocList>
</BasicStmnt>
<BasicStmnt CovItemId="S109" CovItemPrefix="my.PSM.PSM_Logic.appController.java" Intrnl_Id="205">
<LocList>
<Loc EndOffset="8263" SrcFileId="1" StartOffset="8228"/>
</LocList>
</BasicStmnt>
<BasicStmnt CovItemId="S110" CovItemPrefix="my.PSM.PSM_Logic.appController.java" Intrnl_Id="206">
<LocList>
<Loc EndOffset="8312" SrcFileId="1" StartOffset="8277"/>
</LocList>
</BasicStmnt>
<BasicStmnt CovItemId="S111" CovItemPrefix="my.PSM.PSM_Logic.appController.java" Intrnl_Id="207">
<LocList>
<Loc EndOffset="8380" SrcFileId="1" StartOffset="8341"/>
</LocList>
</BasicStmnt>
<CondStmnt CovItemId="S112" CovItemPrefix="my.PSM.PSM_Logic.appController.java" Intrnl_Id="208">
<Branch CovItemId="B13" CovItemPrefix="my.PSM.PSM_Logic.appController.java" Implct="false" Intrnl_Id="209">
<Cond/>
<LocList>
<Loc EndOffset="8557" SrcFileId="1" StartOffset="8419"/>
</LocList>
<StmntSeq Intrnl_Id="210">
<LocList>
<Loc EndOffset="8454" SrcFileId="1" StartOffset="8438"/>
<Loc EndOffset="8486" SrcFileId="1" StartOffset="8472"/>
<Loc EndOffset="8542" SrcFileId="1" StartOffset="8504"/>
</LocList>
<BasicStmnt CovItemId="S113" CovItemPrefix="my.PSM.PSM_Logic.appController.java" Intrnl_Id="211">
<LocList>
<Loc EndOffset="8454" SrcFileId="1" StartOffset="8438"/>
</LocList>
</BasicStmnt>
<BasicStmnt CovItemId="S114" CovItemPrefix="my.PSM.PSM_Logic.appController.java" Intrnl_Id="212">
<LocList>
<Loc EndOffset="8486" SrcFileId="1" StartOffset="8472"/>
</LocList>
</BasicStmnt>
<BasicStmnt CovItemId="S115" CovItemPrefix="my.PSM.PSM_Logic.appController.java" Intrnl_Id="213">
<LocList>
<Loc EndOffset="8542" SrcFileId="1" StartOffset="8504"/>
</LocList>
</BasicStmnt>
</StmntSeq>
</Branch>
<Branch CovItemId="B14" CovItemPrefix="my.PSM.PSM_Logic.appController.java" Implct="true" Intrnl_Id="214">
<Cond/>
<LocList/>
<StmntSeq Intrnl_Id="215">
<LocList/>
</StmntSeq>
</Branch>
<Keyword EndOffset="8396" SrcFileId="1" StartOffset="8394"/>
<LocList>
<Loc EndOffset="8557" SrcFileId="1" StartOffset="8394"/>
</LocList>
</CondStmnt>
<CondStmnt CovItemId="S116" CovItemPrefix="my.PSM.PSM_Logic.appController.java" Intrnl_Id="216">
<Branch CovItemId="B15" CovItemPrefix="my.PSM.PSM_Logic.appController.java" Implct="false" Intrnl_Id="217">
<Cond/>
<LocList>
<Loc EndOffset="8983" SrcFileId="1" StartOffset="8614"/>
</LocList>
<StmntSeq Intrnl_Id="218">
<LocList>
<Loc EndOffset="8662" SrcFileId="1" StartOffset="8633"/>
<Loc EndOffset="8690" SrcFileId="1" StartOffset="8680"/>
<Loc EndOffset="8869" SrcFileId="1" StartOffset="8708"/>
<Loc EndOffset="8908" SrcFileId="1" StartOffset="8887"/>
<Loc EndOffset="8950" SrcFileId="1" StartOffset="8926"/>
</LocList>
<BasicStmnt CovItemId="S117" CovItemPrefix="my.PSM.PSM_Logic.appController.java" Intrnl_Id="219">
<LocList>
<Loc EndOffset="8662" SrcFileId="1" StartOffset="8633"/>
</LocList>
</BasicStmnt>
<BasicStmnt CovItemId="S118" CovItemPrefix="my.PSM.PSM_Logic.appController.java" Intrnl_Id="220">
<LocList>
<Loc EndOffset="8690" SrcFileId="1" StartOffset="8680"/>
</LocList>
</BasicStmnt>
<LoopStmnt CovItemId="S119" CovItemPrefix="my.PSM.PSM_Logic.appController.java" Intrnl_Id="221" MltplExecId="L8-2" MltplExecPrefix="my.PSM.PSM_Logic.appController.java" NvrExecId="L8-0" NvrExecPrefix="my.PSM.PSM_Logic.appController.java" OnceExecutedId="L8-1" OnceExecutedPrefix="my.PSM.PSM_Logic.appController.java" OptBodyExec="true">
<StmntSeq Intrnl_Id="222">
<LocList>
<Loc EndOffset="8803" SrcFileId="1" StartOffset="8769"/>
<Loc EndOffset="8850" SrcFileId="1" StartOffset="8825"/>
</LocList>
<BasicStmnt CovItemId="S120" CovItemPrefix="my.PSM.PSM_Logic.appController.java" Intrnl_Id="223">
<LocList>
<Loc EndOffset="8803" SrcFileId="1" StartOffset="8769"/>
</LocList>
</BasicStmnt>
<BasicStmnt CovItemId="S121" CovItemPrefix="my.PSM.PSM_Logic.appController.java" Intrnl_Id="224">
<LocList>
<Loc EndOffset="8850" SrcFileId="1" StartOffset="8825"/>
</LocList>
</BasicStmnt>
</StmntSeq>
<Keyword EndOffset="8713" SrcFileId="1" StartOffset="8708"/>
<LocList>
<Loc EndOffset="8869" SrcFileId="1" StartOffset="8708"/>
</LocList>
</LoopStmnt>
<BasicStmnt CovItemId="S122" CovItemPrefix="my.PSM.PSM_Logic.appController.java" Intrnl_Id="225">
<LocList>
<Loc EndOffset="8908" SrcFileId="1" StartOffset="8887"/>
</LocList>
</BasicStmnt>
<BasicStmnt CovItemId="S123" CovItemPrefix="my.PSM.PSM_Logic.appController.java" Intrnl_Id="226">
<LocList>
<Loc EndOffset="8950" SrcFileId="1" StartOffset="8926"/>
</LocList>
</BasicStmnt>
</StmntSeq>
</Branch>
<Branch CovItemId="B16" CovItemPrefix="my.PSM.PSM_Logic.appController.java" Implct="true" Intrnl_Id="227">
<Cond/>
<LocList/>
<StmntSeq Intrnl_Id="228">
<LocList/>
</StmntSeq>
</Branch>
<Keyword EndOffset="8603" SrcFileId="1" StartOffset="8601"/>
<LocList>
<Loc EndOffset="8983" SrcFileId="1" StartOffset="8601"/>
</LocList>
</CondStmnt>
<CondStmnt CovItemId="S124" CovItemPrefix="my.PSM.PSM_Logic.appController.java" Intrnl_Id="229">
<Branch CovItemId="B17" CovItemPrefix="my.PSM.PSM_Logic.appController.java" Implct="false" Intrnl_Id="230">
<Cond/>
<LocList>
<Loc EndOffset="9261" SrcFileId="1" StartOffset="9013"/>
</LocList>
<StmntSeq Intrnl_Id="231">
<LocList>
<Loc EndOffset="9067" SrcFileId="1" StartOffset="9049"/>
<Loc EndOffset="9221" SrcFileId="1" StartOffset="9085"/>
<Loc EndOffset="9246" SrcFileId="1" StartOffset="9239"/>
</LocList>
<BasicStmnt CovItemId="S125" CovItemPrefix="my.PSM.PSM_Logic.appController.java" Intrnl_Id="232">
<LocList>
<Loc EndOffset="9067" SrcFileId="1" StartOffset="9049"/>
</LocList>
</BasicStmnt>
<LoopStmnt CovItemId="S126" CovItemPrefix="my.PSM.PSM_Logic.appController.java" Intrnl_Id="233" MltplExecId="L9-2" MltplExecPrefix="my.PSM.PSM_Logic.appController.java" NvrExecId="L9-0" NvrExecPrefix="my.PSM.PSM_Logic.appController.java" OnceExecutedId="L9-1" OnceExecutedPrefix="my.PSM.PSM_Logic.appController.java" OptBodyExec="true">
<StmntSeq Intrnl_Id="234">
<LocList>
<Loc EndOffset="9180" SrcFileId="1" StartOffset="9146"/>
</LocList>
<BasicStmnt CovItemId="S127" CovItemPrefix="my.PSM.PSM_Logic.appController.java" Intrnl_Id="235">
<LocList>
<Loc EndOffset="9180" SrcFileId="1" StartOffset="9146"/>
</LocList>
</BasicStmnt>
</StmntSeq>
<Keyword EndOffset="9090" SrcFileId="1" StartOffset="9085"/>
<LocList>
<Loc EndOffset="9221" SrcFileId="1" StartOffset="9085"/>
</LocList>
</LoopStmnt>
<BasicStmnt CovItemId="S128" CovItemPrefix="my.PSM.PSM_Logic.appController.java" Intrnl_Id="236">
<LocList>
<Loc EndOffset="9246" SrcFileId="1" StartOffset="9239"/>
</LocList>
</BasicStmnt>
</StmntSeq>
</Branch>
<Branch CovItemId="B18" CovItemPrefix="my.PSM.PSM_Logic.appController.java" Implct="true" Intrnl_Id="237">
<Cond/>
<LocList/>
<StmntSeq Intrnl_Id="238">
<LocList/>
</StmntSeq>
</Branch>
<Keyword EndOffset="8999" SrcFileId="1" StartOffset="8997"/>
<LocList>
<Loc EndOffset="9261" SrcFileId="1" StartOffset="8997"/>
</LocList>
</CondStmnt>
</StmntSeq>
<Keyword EndOffset="7867" SrcFileId="1" StartOffset="7862"/>
<LocList>
<Loc EndOffset="9271" SrcFileId="1" StartOffset="7862"/>
</LocList>
</LoopStmnt>
</StmntSeq>
</HierarchyLvl>
<HierarchyLvl HierarchyLvlId="333" HierarchyLvlTypeId="4" Intrnl_Id="239" Name="checkClear">
<Header>
<Loc EndOffset="9316" SrcFileId="1" StartOffset="9282"/>
</Header>
<LocList>
<Loc EndOffset="9985" SrcFileId="1" StartOffset="9282"/>
</LocList>
<StmntSeq Intrnl_Id="240">
<LocList>
<Loc EndOffset="9385" SrcFileId="1" StartOffset="9331"/>
<Loc EndOffset="9436" SrcFileId="1" StartOffset="9394"/>
<Loc EndOffset="9483" SrcFileId="1" StartOffset="9445"/>
<Loc EndOffset="9941" SrcFileId="1" StartOffset="9501"/>
<Loc EndOffset="9962" SrcFileId="1" StartOffset="9950"/>
</LocList>
<BasicStmnt CovItemId="S129" CovItemPrefix="my.PSM.PSM_Logic.appController.java" Intrnl_Id="241">
<LocList>
<Loc EndOffset="9385" SrcFileId="1" StartOffset="9331"/>
</LocList>
</BasicStmnt>
<BasicStmnt CovItemId="S130" CovItemPrefix="my.PSM.PSM_Logic.appController.java" Intrnl_Id="242">
<LocList>
<Loc EndOffset="9436" SrcFileId="1" StartOffset="9394"/>
</LocList>
</BasicStmnt>
<BasicStmnt CovItemId="S131" CovItemPrefix="my.PSM.PSM_Logic.appController.java" Intrnl_Id="243">
<LocList>
<Loc EndOffset="9483" SrcFileId="1" StartOffset="9445"/>
</LocList>
</BasicStmnt>
<LoopStmnt CovItemId="S132" CovItemPrefix="my.PSM.PSM_Logic.appController.java" Intrnl_Id="244" MltplExecId="L10-2" MltplExecPrefix="my.PSM.PSM_Logic.appController.java" NvrExecId="L10-0" NvrExecPrefix="my.PSM.PSM_Logic.appController.java" OnceExecutedId="L10-1" OnceExecutedPrefix="my.PSM.PSM_Logic.appController.java" OptBodyExec="true">
<StmntSeq Intrnl_Id="245">
<LocList>
<Loc EndOffset="9592" SrcFileId="1" StartOffset="9564"/>
<Loc EndOffset="9842" SrcFileId="1" StartOffset="9788"/>
<Loc EndOffset="9914" SrcFileId="1" StartOffset="9855"/>
</LocList>
<BasicStmnt CovItemId="S133" CovItemPrefix="my.PSM.PSM_Logic.appController.java" Intrnl_Id="246">
<LocList>
<Loc EndOffset="9592" SrcFileId="1" StartOffset="9564"/>
</LocList>
</BasicStmnt>
<BasicStmnt CovItemId="S134" CovItemPrefix="my.PSM.PSM_Logic.appController.java" Intrnl_Id="247">
<LocList>
<Loc EndOffset="9842" SrcFileId="1" StartOffset="9788"/>
</LocList>
</BasicStmnt>
<CondStmnt CovItemId="S135" CovItemPrefix="my.PSM.PSM_Logic.appController.java" Intrnl_Id="248">
<Branch CovItemId="B19" CovItemPrefix="my.PSM.PSM_Logic.appController.java" Implct="false" Intrnl_Id="249">
<Cond/>
<LocList>
<Loc EndOffset="9914" SrcFileId="1" StartOffset="9901"/>
</LocList>
<StmntSeq Intrnl_Id="250">
<LocList>
<Loc EndOffset="9914" SrcFileId="1" StartOffset="9901"/>
</LocList>
<BasicStmnt CovItemId="S136" CovItemPrefix="my.PSM.PSM_Logic.appController.java" Intrnl_Id="251">
<LocList>
<Loc EndOffset="9914" SrcFileId="1" StartOffset="9901"/>
</LocList>
</BasicStmnt>
</StmntSeq>
</Branch>
<Branch CovItemId="B20" CovItemPrefix="my.PSM.PSM_Logic.appController.java" Implct="true" Intrnl_Id="252">
<Cond/>
<LocList/>
<StmntSeq Intrnl_Id="253">
<LocList/>
</StmntSeq>
</Branch>
<Keyword EndOffset="9857" SrcFileId="1" StartOffset="9855"/>
<LocList>
<Loc EndOffset="9914" SrcFileId="1" StartOffset="9855"/>
</LocList>
</CondStmnt>
</StmntSeq>
<Keyword EndOffset="9504" SrcFileId="1" StartOffset="9501"/>
<LocList>
<Loc EndOffset="9941" SrcFileId="1" StartOffset="9501"/>
</LocList>
</LoopStmnt>
<BasicStmnt CovItemId="S137" CovItemPrefix="my.PSM.PSM_Logic.appController.java" Intrnl_Id="254">
<LocList>
<Loc EndOffset="9962" SrcFileId="1" StartOffset="9950"/>
</LocList>
</BasicStmnt>
</StmntSeq>
</HierarchyLvl>
<HierarchyLvl HierarchyLvlId="334" HierarchyLvlTypeId="4" Intrnl_Id="255" Name="checkTimes">
<Header>
<Loc EndOffset="10034" SrcFileId="1" StartOffset="10003"/>
</Header>
<LocList>
<Loc EndOffset="12089" SrcFileId="1" StartOffset="10003"/>
</LocList>
<StmntSeq Intrnl_Id="256">
<LocList>
<Loc EndOffset="10105" SrcFileId="1" StartOffset="10049"/>
<Loc EndOffset="10164" SrcFileId="1" StartOffset="10123"/>
<Loc EndOffset="10219" SrcFileId="1" StartOffset="10173"/>
<Loc EndOffset="10278" SrcFileId="1" StartOffset="10228"/>
<Loc EndOffset="12072" SrcFileId="1" StartOffset="10422"/>
</LocList>
<BasicStmnt CovItemId="S138" CovItemPrefix="my.PSM.PSM_Logic.appController.java" Intrnl_Id="257">
<LocList>
<Loc EndOffset="10105" SrcFileId="1" StartOffset="10049"/>
</LocList>
</BasicStmnt>
<BasicStmnt CovItemId="S139" CovItemPrefix="my.PSM.PSM_Logic.appController.java" Intrnl_Id="258">
<LocList>
<Loc EndOffset="10164" SrcFileId="1" StartOffset="10123"/>
</LocList>
</BasicStmnt>
<BasicStmnt CovItemId="S140" CovItemPrefix="my.PSM.PSM_Logic.appController.java" Intrnl_Id="259">
<LocList>
<Loc EndOffset="10219" SrcFileId="1" StartOffset="10173"/>
</LocList>
</BasicStmnt>
<BasicStmnt CovItemId="S141" CovItemPrefix="my.PSM.PSM_Logic.appController.java" Intrnl_Id="260">
<LocList>
<Loc EndOffset="10278" SrcFileId="1" StartOffset="10228"/>
</LocList>
</BasicStmnt>
<LoopStmnt CovItemId="S142" CovItemPrefix="my.PSM.PSM_Logic.appController.java" Intrnl_Id="261" MltplExecId="L11-2" MltplExecPrefix="my.PSM.PSM_Logic.appController.java" NvrExecId="L11-0" NvrExecPrefix="my.PSM.PSM_Logic.appController.java" OnceExecutedId="L11-1" OnceExecutedPrefix="my.PSM.PSM_Logic.appController.java" OptBodyExec="true">
<StmntSeq Intrnl_Id="262">
<LocList>
<Loc EndOffset="10509" SrcFileId="1" StartOffset="10487"/>
<Loc EndOffset="10560" SrcFileId="1" StartOffset="10522"/>
<Loc EndOffset="10608" SrcFileId="1" StartOffset="10573"/>
<Loc EndOffset="11660" SrcFileId="1" StartOffset="10634"/>
<Loc EndOffset="12062" SrcFileId="1" StartOffset="11699"/>
</LocList>
<BasicStmnt CovItemId="S143" CovItemPrefix="my.PSM.PSM_Logic.appController.java" Intrnl_Id="263">
<LocList>
<Loc EndOffset="10509" SrcFileId="1" StartOffset="10487"/>
</LocList>
</BasicStmnt>
<BasicStmnt CovItemId="S144" CovItemPrefix="my.PSM.PSM_Logic.appController.java" Intrnl_Id="264">
<LocList>
<Loc EndOffset="10560" SrcFileId="1" StartOffset="10522"/>
</LocList>
</BasicStmnt>
<BasicStmnt CovItemId="S145" CovItemPrefix="my.PSM.PSM_Logic.appController.java" Intrnl_Id="265">
<LocList>
<Loc EndOffset="10608" SrcFileId="1" StartOffset="10573"/>
</LocList>
</BasicStmnt>
<CondStmnt CovItemId="S146" CovItemPrefix="my.PSM.PSM_Logic.appController.java" Intrnl_Id="266">
<Branch CovItemId="B21" CovItemPrefix="my.PSM.PSM_Logic.appController.java" Implct="false" Intrnl_Id="267">
<Cond/>
<LocList>
<Loc EndOffset="10785" SrcFileId="1" StartOffset="10698"/>
</LocList>
<StmntSeq Intrnl_Id="268">
<LocList>
<Loc EndOffset="10739" SrcFileId="1" StartOffset="10716"/>
<Loc EndOffset="10771" SrcFileId="1" StartOffset="10756"/>
</LocList>
<BasicStmnt CovItemId="S147" CovItemPrefix="my.PSM.PSM_Logic.appController.java" Intrnl_Id="269">
<LocList>
<Loc EndOffset="10739" SrcFileId="1" StartOffset="10716"/>
</LocList>
</BasicStmnt>
<BasicStmnt CovItemId="S148" CovItemPrefix="my.PSM.PSM_Logic.appController.java" Intrnl_Id="270">
<LocList>
<Loc EndOffset="10771" SrcFileId="1" StartOffset="10756"/>
</LocList>
</BasicStmnt>
</StmntSeq>
</Branch>
<Branch CovItemId="B22" CovItemPrefix="my.PSM.PSM_Logic.appController.java" Implct="false" Intrnl_Id="271">
<Cond>
<Loc EndOffset="10802" SrcFileId="1" StartOffset="10798"/>
</Cond>
<LocList>
<Loc EndOffset="11660" SrcFileId="1" StartOffset="10803"/>
</LocList>
<StmntSeq Intrnl_Id="272">
<LocList>
<Loc EndOffset="11660" SrcFileId="1" StartOffset="10803"/>
</LocList>
<CondStmnt CovItemId="S149" CovItemPrefix="my.PSM.PSM_Logic.appController.java" Intrnl_Id="273">
<Branch CovItemId="B23" CovItemPrefix="my.PSM.PSM_Logic.appController.java" Implct="false" Intrnl_Id="274">
<Cond/>
<LocList>
<Loc EndOffset="10954" SrcFileId="1" StartOffset="10867"/>
</LocList>
<StmntSeq Intrnl_Id="275">
<LocList>
<Loc EndOffset="10908" SrcFileId="1" StartOffset="10885"/>
<Loc EndOffset="10940" SrcFileId="1" StartOffset="10925"/>
</LocList>
<BasicStmnt CovItemId="S150" CovItemPrefix="my.PSM.PSM_Logic.appController.java" Intrnl_Id="276">
<LocList>
<Loc EndOffset="10908" SrcFileId="1" StartOffset="10885"/>
</LocList>
</BasicStmnt>
<BasicStmnt CovItemId="S151" CovItemPrefix="my.PSM.PSM_Logic.appController.java" Intrnl_Id="277">
<LocList>
<Loc EndOffset="10940" SrcFileId="1" StartOffset="10925"/>
</LocList>
</BasicStmnt>
</StmntSeq>
</Branch>
<Branch CovItemId="B24" CovItemPrefix="my.PSM.PSM_Logic.appController.java" Implct="false" Intrnl_Id="278">
<Cond>
<Loc EndOffset="10971" SrcFileId="1" StartOffset="10967"/>
</Cond>
<LocList>
<Loc EndOffset="11660" SrcFileId="1" StartOffset="10972"/>
</LocList>
<StmntSeq Intrnl_Id="279">
<LocList>
<Loc EndOffset="11660" SrcFileId="1" StartOffset="10972"/>
</LocList>
<CondStmnt CovItemId="S152" CovItemPrefix="my.PSM.PSM_Logic.appController.java" Intrnl_Id="280">
<Branch CovItemId="B25" CovItemPrefix="my.PSM.PSM_Logic.appController.java" Implct="false" Intrnl_Id="281">
<Cond/>
<LocList>
<Loc EndOffset="11123" SrcFileId="1" StartOffset="11036"/>
</LocList>
<StmntSeq Intrnl_Id="282">
<LocList>
<Loc EndOffset="11077" SrcFileId="1" StartOffset="11054"/>
<Loc EndOffset="11109" SrcFileId="1" StartOffset="11094"/>
</LocList>
<BasicStmnt CovItemId="S153" CovItemPrefix="my.PSM.PSM_Logic.appController.java" Intrnl_Id="283">
<LocList>
<Loc EndOffset="11077" SrcFileId="1" StartOffset="11054"/>
</LocList>
</BasicStmnt>
<BasicStmnt CovItemId="S154" CovItemPrefix="my.PSM.PSM_Logic.appController.java" Intrnl_Id="284">
<LocList>
<Loc EndOffset="11109" SrcFileId="1" StartOffset="11094"/>
</LocList>
</BasicStmnt>
</StmntSeq>
</Branch>
<Branch CovItemId="B26" CovItemPrefix="my.PSM.PSM_Logic.appController.java" Implct="false" Intrnl_Id="285">
<Cond>
<Loc EndOffset="11140" SrcFileId="1" StartOffset="11136"/>
</Cond>
<LocList>
<Loc EndOffset="11660" SrcFileId="1" StartOffset="11141"/>
</LocList>
<StmntSeq Intrnl_Id="286">
<LocList>
<Loc EndOffset="11660" SrcFileId="1" StartOffset="11141"/>
</LocList>
<CondStmnt CovItemId="S155" CovItemPrefix="my.PSM.PSM_Logic.appController.java" Intrnl_Id="287">
<Branch CovItemId="B27" CovItemPrefix="my.PSM.PSM_Logic.appController.java" Implct="false" Intrnl_Id="288">
<Cond/>
<LocList>
<Loc EndOffset="11292" SrcFileId="1" StartOffset="11205"/>
</LocList>
<StmntSeq Intrnl_Id="289">
<LocList>
<Loc EndOffset="11246" SrcFileId="1" StartOffset="11223"/>
<Loc EndOffset="11278" SrcFileId="1" StartOffset="11263"/>
</LocList>
<BasicStmnt CovItemId="S156" CovItemPrefix="my.PSM.PSM_Logic.appController.java" Intrnl_Id="290">
<LocList>
<Loc EndOffset="11246" SrcFileId="1" StartOffset="11223"/>
</LocList>
</BasicStmnt>
<BasicStmnt CovItemId="S157" CovItemPrefix="my.PSM.PSM_Logic.appController.java" Intrnl_Id="291">
<LocList>
<Loc EndOffset="11278" SrcFileId="1" StartOffset="11263"/>
</LocList>
</BasicStmnt>
</StmntSeq>
</Branch>
<Branch CovItemId="B28" CovItemPrefix="my.PSM.PSM_Logic.appController.java" Implct="false" Intrnl_Id="292">
<Cond>
<Loc EndOffset="11309" SrcFileId="1" StartOffset="11305"/>
</Cond>
<LocList>
<Loc EndOffset="11660" SrcFileId="1" StartOffset="11310"/>
</LocList>
<StmntSeq Intrnl_Id="293">
<LocList>
<Loc EndOffset="11660" SrcFileId="1" StartOffset="11310"/>
</LocList>
<CondStmnt CovItemId="S158" CovItemPrefix="my.PSM.PSM_Logic.appController.java" Intrnl_Id="294">
<Branch CovItemId="B29" CovItemPrefix="my.PSM.PSM_Logic.appController.java" Implct="false" Intrnl_Id="295">
<Cond/>
<LocList>
<Loc EndOffset="11461" SrcFileId="1" StartOffset="11374"/>
</LocList>
<StmntSeq Intrnl_Id="296">
<LocList>
<Loc EndOffset="11415" SrcFileId="1" StartOffset="11392"/>
<Loc EndOffset="11447" SrcFileId="1" StartOffset="11432"/>
</LocList>
<BasicStmnt CovItemId="S159" CovItemPrefix="my.PSM.PSM_Logic.appController.java" Intrnl_Id="297">
<LocList>
<Loc EndOffset="11415" SrcFileId="1" StartOffset="11392"/>
</LocList>
</BasicStmnt>
<BasicStmnt CovItemId="S160" CovItemPrefix="my.PSM.PSM_Logic.appController.java" Intrnl_Id="298">
<LocList>
<Loc EndOffset="11447" SrcFileId="1" StartOffset="11432"/>
</LocList>
</BasicStmnt>
</StmntSeq>
</Branch>
<Branch CovItemId="B30" CovItemPrefix="my.PSM.PSM_Logic.appController.java" Implct="false" Intrnl_Id="299">
<Cond>
<Loc EndOffset="11491" SrcFileId="1" StartOffset="11487"/>
</Cond>
<LocList>
<Loc EndOffset="11660" SrcFileId="1" StartOffset="11492"/>
</LocList>
<StmntSeq Intrnl_Id="300">
<LocList>
<Loc EndOffset="11660" SrcFileId="1" StartOffset="11492"/>
</LocList>
<CondStmnt CovItemId="S161" CovItemPrefix="my.PSM.PSM_Logic.appController.java" Intrnl_Id="301">
<Branch CovItemId="B31" CovItemPrefix="my.PSM.PSM_Logic.appController.java" Implct="false" Intrnl_Id="302">
<Cond/>
<LocList>
<Loc EndOffset="11660" SrcFileId="1" StartOffset="11556"/>
</LocList>
<StmntSeq Intrnl_Id="303">
<LocList>
<Loc EndOffset="11614" SrcFileId="1" StartOffset="11591"/>
<Loc EndOffset="11646" SrcFileId="1" StartOffset="11631"/>
</LocList>
<BasicStmnt CovItemId="S162" CovItemPrefix="my.PSM.PSM_Logic.appController.java" Intrnl_Id="304">
<LocList>
<Loc EndOffset="11614" SrcFileId="1" StartOffset="11591"/>
</LocList>
</BasicStmnt>
<BasicStmnt CovItemId="S163" CovItemPrefix="my.PSM.PSM_Logic.appController.java" Intrnl_Id="305">
<LocList>
<Loc EndOffset="11646" SrcFileId="1" StartOffset="11631"/>
</LocList>
</BasicStmnt>
</StmntSeq>
</Branch>
<Branch CovItemId="B32" CovItemPrefix="my.PSM.PSM_Logic.appController.java" Implct="true" Intrnl_Id="306">
<Cond/>
<LocList/>
<StmntSeq Intrnl_Id="307">
<LocList/>
</StmntSeq>
</Branch>
<Keyword EndOffset="11494" SrcFileId="1" StartOffset="11492"/>
<LocList>
<Loc EndOffset="11660" SrcFileId="1" StartOffset="11492"/>
</LocList>
</CondStmnt>
</StmntSeq>
</Branch>
<Keyword EndOffset="11312" SrcFileId="1" StartOffset="11310"/>
<LocList>
<Loc EndOffset="11660" SrcFileId="1" StartOffset="11310"/>
</LocList>
</CondStmnt>
</StmntSeq>
</Branch>
<Keyword EndOffset="11143" SrcFileId="1" StartOffset="11141"/>
<LocList>
<Loc EndOffset="11660" SrcFileId="1" StartOffset="11141"/>
</LocList>
</CondStmnt>
</StmntSeq>
</Branch>
<Keyword EndOffset="10974" SrcFileId="1" StartOffset="10972"/>
<LocList>
<Loc EndOffset="11660" SrcFileId="1" StartOffset="10972"/>
</LocList>
</CondStmnt>
</StmntSeq>
</Branch>
<Keyword EndOffset="10805" SrcFileId="1" StartOffset="10803"/>
<LocList>
<Loc EndOffset="11660" SrcFileId="1" StartOffset="10803"/>
</LocList>
</CondStmnt>
</StmntSeq>
</Branch>
<Keyword EndOffset="10636" SrcFileId="1" StartOffset="10634"/>
<LocList>
<Loc EndOffset="11660" SrcFileId="1" StartOffset="10634"/>
</LocList>
</CondStmnt>
<CondStmnt CovItemId="S164" CovItemPrefix="my.PSM.PSM_Logic.appController.java" Intrnl_Id="308">
<Branch CovItemId="B33" CovItemPrefix="my.PSM.PSM_Logic.appController.java" Implct="false" Intrnl_Id="309">
<Cond/>
<LocList>
<Loc EndOffset="12062" SrcFileId="1" StartOffset="11710"/>
</LocList>
<StmntSeq Intrnl_Id="310">
<LocList>
<Loc EndOffset="11761" SrcFileId="1" StartOffset="11728"/>
<Loc EndOffset="11816" SrcFileId="1" StartOffset="11778"/>
<Loc EndOffset="11870" SrcFileId="1" StartOffset="11833"/>
<Loc EndOffset="11943" SrcFileId="1" StartOffset="11901"/>
<Loc EndOffset="11991" SrcFileId="1" StartOffset="11960"/>
<Loc EndOffset="12048" SrcFileId="1" StartOffset="12008"/>
</LocList>
<BasicStmnt CovItemId="S165" CovItemPrefix="my.PSM.PSM_Logic.appController.java" Intrnl_Id="311">
<LocList>
<Loc EndOffset="11761" SrcFileId="1" StartOffset="11728"/>
</LocList>
</BasicStmnt>
<BasicStmnt CovItemId="S166" CovItemPrefix="my.PSM.PSM_Logic.appController.java" Intrnl_Id="312">
<LocList>
<Loc EndOffset="11816" SrcFileId="1" StartOffset="11778"/>
</LocList>
</BasicStmnt>
<BasicStmnt CovItemId="S167" CovItemPrefix="my.PSM.PSM_Logic.appController.java" Intrnl_Id="313">
<LocList>
<Loc EndOffset="11870" SrcFileId="1" StartOffset="11833"/>
</LocList>
</BasicStmnt>
<BasicStmnt CovItemId="S168" CovItemPrefix="my.PSM.PSM_Logic.appController.java" Intrnl_Id="314">
<LocList>
<Loc EndOffset="11943" SrcFileId="1" StartOffset="11901"/>
</LocList>
</BasicStmnt>
<BasicStmnt CovItemId="S169" CovItemPrefix="my.PSM.PSM_Logic.appController.java" Intrnl_Id="315">
<LocList>
<Loc EndOffset="11991" SrcFileId="1" StartOffset="11960"/>
</LocList>
</BasicStmnt>
<BasicStmnt CovItemId="S170" CovItemPrefix="my.PSM.PSM_Logic.appController.java" Intrnl_Id="316">
<LocList>
<Loc EndOffset="12048" SrcFileId="1" StartOffset="12008"/>
</LocList>
</BasicStmnt>
</StmntSeq>
</Branch>
<Branch CovItemId="B34" CovItemPrefix="my.PSM.PSM_Logic.appController.java" Implct="true" Intrnl_Id="317">
<Cond/>
<LocList/>
<StmntSeq Intrnl_Id="318">
<LocList/>
</StmntSeq>
</Branch>
<Keyword EndOffset="11701" SrcFileId="1" StartOffset="11699"/>
<LocList>
<Loc EndOffset="12062" SrcFileId="1" StartOffset="11699"/>
</LocList>
</CondStmnt>
</StmntSeq>
<Keyword EndOffset="10425" SrcFileId="1" StartOffset="10422"/>
<LocList>
<Loc EndOffset="12072" SrcFileId="1" StartOffset="10422"/>
</LocList>
</LoopStmnt>
</StmntSeq>
</HierarchyLvl>
<HierarchyLvl HierarchyLvlId="335" HierarchyLvlTypeId="4" Intrnl_Id="319" Name="getData">
<Header>
<Loc EndOffset="12137" SrcFileId="1" StartOffset="12099"/>
</Header>
<LocList>
<Loc EndOffset="13103" SrcFileId="1" StartOffset="12099"/>
</LocList>
<StmntSeq Intrnl_Id="320">
<LocList>
<Loc EndOffset="12196" SrcFileId="1" StartOffset="12152"/>
<Loc EndOffset="12258" SrcFileId="1" StartOffset="12205"/>
<Loc EndOffset="12318" SrcFileId="1" StartOffset="12267"/>
<Loc EndOffset="12380" SrcFileId="1" StartOffset="12327"/>
<Loc EndOffset="12438" SrcFileId="1" StartOffset="12389"/>
<Loc EndOffset="12494" SrcFileId="1" StartOffset="12447"/>
<Loc EndOffset="12546" SrcFileId="1" StartOffset="12503"/>
<Loc EndOffset="12602" SrcFileId="1" StartOffset="12555"/>
<Loc EndOffset="12654" SrcFileId="1" StartOffset="12611"/>
<Loc EndOffset="12710" SrcFileId="1" StartOffset="12663"/>
<Loc EndOffset="12762" SrcFileId="1" StartOffset="12719"/>
<Loc EndOffset="12818" SrcFileId="1" StartOffset="12771"/>
<Loc EndOffset="12870" SrcFileId="1" StartOffset="12827"/>
<Loc EndOffset="12926" SrcFileId="1" StartOffset="12879"/>
<Loc EndOffset="12978" SrcFileId="1" StartOffset="12935"/>
<Loc EndOffset="13034" SrcFileId="1" StartOffset="12987"/>
<Loc EndOffset="13086" SrcFileId="1" StartOffset="13043"/>
</LocList>
<BasicStmnt CovItemId="S171" CovItemPrefix="my.PSM.PSM_Logic.appController.java" Intrnl_Id="321">
<LocList>
<Loc EndOffset="12196" SrcFileId="1" StartOffset="12152"/>
</LocList>
</BasicStmnt>
<BasicStmnt CovItemId="S172" CovItemPrefix="my.PSM.PSM_Logic.appController.java" Intrnl_Id="322">
<LocList>
<Loc EndOffset="12258" SrcFileId="1" StartOffset="12205"/>
</LocList>
</BasicStmnt>
<BasicStmnt CovItemId="S173" CovItemPrefix="my.PSM.PSM_Logic.appController.java" Intrnl_Id="323">
<LocList>
<Loc EndOffset="12318" SrcFileId="1" StartOffset="12267"/>
</LocList>
</BasicStmnt>
<BasicStmnt CovItemId="S174" CovItemPrefix="my.PSM.PSM_Logic.appController.java" Intrnl_Id="324">
<LocList>
<Loc EndOffset="12380" SrcFileId="1" StartOffset="12327"/>
</LocList>
</BasicStmnt>
<BasicStmnt CovItemId="S175" CovItemPrefix="my.PSM.PSM_Logic.appController.java" Intrnl_Id="325">
<LocList>
<Loc EndOffset="12438" SrcFileId="1" StartOffset="12389"/>
</LocList>
</BasicStmnt>
<BasicStmnt CovItemId="S176" CovItemPrefix="my.PSM.PSM_Logic.appController.java" Intrnl_Id="326">
<LocList>
<Loc EndOffset="12494" SrcFileId="1" StartOffset="12447"/>
</LocList>
</BasicStmnt>
<BasicStmnt CovItemId="S177" CovItemPrefix="my.PSM.PSM_Logic.appController.java" Intrnl_Id="327">
<LocList>
<Loc EndOffset="12546" SrcFileId="1" StartOffset="12503"/>
</LocList>
</BasicStmnt>
<BasicStmnt CovItemId="S178" CovItemPrefix="my.PSM.PSM_Logic.appController.java" Intrnl_Id="328">
<LocList>
<Loc EndOffset="12602" SrcFileId="1" StartOffset="12555"/>
</LocList>
</BasicStmnt>
<BasicStmnt CovItemId="S179" CovItemPrefix="my.PSM.PSM_Logic.appController.java" Intrnl_Id="329">
<LocList>
<Loc EndOffset="12654" SrcFileId="1" StartOffset="12611"/>
</LocList>
</BasicStmnt>
<BasicStmnt CovItemId="S180" CovItemPrefix="my.PSM.PSM_Logic.appController.java" Intrnl_Id="330">
<LocList>
<Loc EndOffset="12710" SrcFileId="1" StartOffset="12663"/>
</LocList>
</BasicStmnt>
<BasicStmnt CovItemId="S181" CovItemPrefix="my.PSM.PSM_Logic.appController.java" Intrnl_Id="331">
<LocList>
<Loc EndOffset="12762" SrcFileId="1" StartOffset="12719"/>
</LocList>
</BasicStmnt>
<BasicStmnt CovItemId="S182" CovItemPrefix="my.PSM.PSM_Logic.appController.java" Intrnl_Id="332">
<LocList>
<Loc EndOffset="12818" SrcFileId="1" StartOffset="12771"/>
</LocList>
</BasicStmnt>
<BasicStmnt CovItemId="S183" CovItemPrefix="my.PSM.PSM_Logic.appController.java" Intrnl_Id="333">
<LocList>
<Loc EndOffset="12870" SrcFileId="1" StartOffset="12827"/>
</LocList>
</BasicStmnt>
<BasicStmnt CovItemId="S184" CovItemPrefix="my.PSM.PSM_Logic.appController.java" Intrnl_Id="334">
<LocList>
<Loc EndOffset="12926" SrcFileId="1" StartOffset="12879"/>
</LocList>
</BasicStmnt>
<BasicStmnt CovItemId="S185" CovItemPrefix="my.PSM.PSM_Logic.appController.java" Intrnl_Id="335">
<LocList>
<Loc EndOffset="12978" SrcFileId="1" StartOffset="12935"/>
</LocList>
</BasicStmnt>
<BasicStmnt CovItemId="S186" CovItemPrefix="my.PSM.PSM_Logic.appController.java" Intrnl_Id="336">
<LocList>
<Loc EndOffset="13034" SrcFileId="1" StartOffset="12987"/>
</LocList>
</BasicStmnt>
<BasicStmnt CovItemId="S187" CovItemPrefix="my.PSM.PSM_Logic.appController.java" Intrnl_Id="337">
<LocList>
<Loc EndOffset="13086" SrcFileId="1" StartOffset="13043"/>
</LocList>
</BasicStmnt>
</StmntSeq>
</HierarchyLvl>
<HierarchyLvl HierarchyLvlId="336" HierarchyLvlTypeId="4" Intrnl_Id="338" Name="sleep">
<Header>
<Loc EndOffset="13153" SrcFileId="1" StartOffset="13118"/>
</Header>
<LocList>
<Loc EndOffset="13356" SrcFileId="1" StartOffset="13118"/>
</LocList>
<StmntSeq Intrnl_Id="339">
<LocList>
<Loc EndOffset="13208" SrcFileId="1" StartOffset="13188"/>
<Loc EndOffset="13350" SrcFileId="1" StartOffset="13170"/>
</LocList>
<BasicStmnt CovItemId="S189" CovItemPrefix="my.PSM.PSM_Logic.appController.java" Intrnl_Id="340">
<LocList>
<Loc EndOffset="13208" SrcFileId="1" StartOffset="13188"/>
</LocList>
</BasicStmnt>
<CondStmnt CovItemId="S188" CovItemPrefix="my.PSM.PSM_Logic.appController.java" Intrnl_Id="341">
<Branch CovItemId="B35" CovItemPrefix="my.PSM.PSM_Logic.appController.java" Implct="true" Intrnl_Id="342">
<Cond/>
<LocList/>
<StmntSeq Intrnl_Id="343">
<LocList/>
</StmntSeq>
</Branch>
<Branch CovItemId="B36" CovItemPrefix="my.PSM.PSM_Logic.appController.java" Implct="false" Intrnl_Id="344">
<Cond>
<Loc EndOffset="13250" SrcFileId="1" StartOffset="13219"/>
</Cond>
<LocList>
<Loc EndOffset="13350" SrcFileId="1" StartOffset="13251"/>
</LocList>
<StmntSeq Intrnl_Id="345">
<LocList>
<Loc EndOffset="13340" SrcFileId="1" StartOffset="13264"/>
</LocList>
<BasicStmnt CovItemId="S190" CovItemPrefix="my.PSM.PSM_Logic.appController.java" Intrnl_Id="346">
<LocList>
<Loc EndOffset="13340" SrcFileId="1" StartOffset="13264"/>
</LocList>
</BasicStmnt>
</StmntSeq>
</Branch>
<Keyword EndOffset="13173" SrcFileId="1" StartOffset="13170"/>
<LocList>
<Loc EndOffset="13350" SrcFileId="1" StartOffset="13170"/>
</LocList>
</CondStmnt>
</StmntSeq>
</HierarchyLvl>
<HierarchyLvl HierarchyLvlId="337" HierarchyLvlTypeId="4" Intrnl_Id="347" Name="LogIn">
<Header>
<Loc EndOffset="13389" SrcFileId="1" StartOffset="13363"/>
</Header>
<LocList>
<Loc EndOffset="13542" SrcFileId="1" StartOffset="13363"/>
</LocList>
<StmntSeq Intrnl_Id="348">
<LocList>
<Loc EndOffset="13528" SrcFileId="1" StartOffset="13410"/>
</LocList>
<CondStmnt CovItemId="S191" CovItemPrefix="my.PSM.PSM_Logic.appController.java" Intrnl_Id="349">
<Branch CovItemId="B37" CovItemPrefix="my.PSM.PSM_Logic.appController.java" Implct="false" Intrnl_Id="350">
<Cond/>
<LocList>
<Loc EndOffset="13485" SrcFileId="1" StartOffset="13469"/>
</LocList>
<StmntSeq Intrnl_Id="351">
<LocList>
<Loc EndOffset="13485" SrcFileId="1" StartOffset="13469"/>
</LocList>
<BasicStmnt CovItemId="S192" CovItemPrefix="my.PSM.PSM_Logic.appController.java" Intrnl_Id="352">
<LocList>
<Loc EndOffset="13485" SrcFileId="1" StartOffset="13469"/>
</LocList>
</BasicStmnt>
</StmntSeq>
</Branch>
<Branch CovItemId="B38" CovItemPrefix="my.PSM.PSM_Logic.appController.java" Implct="false" Intrnl_Id="353">
<Cond>
<Loc EndOffset="13498" SrcFileId="1" StartOffset="13494"/>
</Cond>
<LocList>
<Loc EndOffset="13528" SrcFileId="1" StartOffset="13511"/>
</LocList>
<StmntSeq Intrnl_Id="354">
<LocList>
<Loc EndOffset="13528" SrcFileId="1" StartOffset="13511"/>
</LocList>
<BasicStmnt CovItemId="S193" CovItemPrefix="my.PSM.PSM_Logic.appController.java" Intrnl_Id="355">
<LocList>
<Loc EndOffset="13528" SrcFileId="1" StartOffset="13511"/>
</LocList>
</BasicStmnt>
</StmntSeq>
</Branch>
<Keyword EndOffset="13412" SrcFileId="1" StartOffset="13410"/>
<LocList>
<Loc EndOffset="13528" SrcFileId="1" StartOffset="13410"/>
</LocList>
</CondStmnt>
</StmntSeq>
</HierarchyLvl>
<HierarchyLvl HierarchyLvlId="338" HierarchyLvlTypeId="4" Intrnl_Id="356" Name="getCon">
<Header>
<Loc EndOffset="13590" SrcFileId="1" StartOffset="13552"/>
</Header>
<LocList>
<Loc EndOffset="13629" SrcFileId="1" StartOffset="13552"/>
</LocList>
<StmntSeq Intrnl_Id="357">
<LocList>
<Loc EndOffset="13623" SrcFileId="1" StartOffset="13605"/>
</LocList>
<BasicStmnt CovItemId="S194" CovItemPrefix="my.PSM.PSM_Logic.appController.java" Intrnl_Id="358">
<LocList>
<Loc EndOffset="13623" SrcFileId="1" StartOffset="13605"/>
</LocList>
</BasicStmnt>
</StmntSeq>
</HierarchyLvl>
<HierarchyLvl HierarchyLvlId="340" HierarchyLvlTypeId="6" Intrnl_Id="359" Name="TimerTask">
<Header>
<Loc EndOffset="13694" SrcFileId="1" StartOffset="13683"/>
</Header>
<LocList>
<Loc EndOffset="13791" SrcFileId="1" StartOffset="13679"/>
</LocList>
<HierarchyLvl HierarchyLvlId="339" HierarchyLvlTypeId="4" Intrnl_Id="360" Name="run">
<Header>
<Loc EndOffset="13726" SrcFileId="1" StartOffset="13709"/>
</Header>
<LocList>
<Loc EndOffset="13785" SrcFileId="1" StartOffset="13709"/>
</LocList>
<StmntSeq Intrnl_Id="361">
<LocList>
<Loc EndOffset="13775" SrcFileId="1" StartOffset="13748"/>
</LocList>
<BasicStmnt CovItemId="S196" CovItemPrefix="my.PSM.PSM_Logic.appController.java" Intrnl_Id="362">
<LocList>
<Loc EndOffset="13775" SrcFileId="1" StartOffset="13748"/>
</LocList>
</BasicStmnt>
</StmntSeq>
</HierarchyLvl>
</HierarchyLvl>
<HierarchyLvl HierarchyLvlId="342" HierarchyLvlTypeId="6" Intrnl_Id="363" Name="TimerTask">
<Header>
<Loc EndOffset="13855" SrcFileId="1" StartOffset="13844"/>
</Header>
<LocList>
<Loc EndOffset="13956" SrcFileId="1" StartOffset="13840"/>
</LocList>
<HierarchyLvl HierarchyLvlId="341" HierarchyLvlTypeId="4" Intrnl_Id="364" Name="run">
<Header>
<Loc EndOffset="13887" SrcFileId="1" StartOffset="13870"/>
</Header>
<LocList>
<Loc EndOffset="13950" SrcFileId="1" StartOffset="13870"/>
</LocList>
<StmntSeq Intrnl_Id="365">
<LocList>
<Loc EndOffset="13940" SrcFileId="1" StartOffset="13910"/>
</LocList>
<BasicStmnt CovItemId="S198" CovItemPrefix="my.PSM.PSM_Logic.appController.java" Intrnl_Id="366">
<LocList>
<Loc EndOffset="13940" SrcFileId="1" StartOffset="13910"/>
</LocList>
</BasicStmnt>
</StmntSeq>
</HierarchyLvl>
</HierarchyLvl>
<HierarchyLvl HierarchyLvlId="344" HierarchyLvlTypeId="6" Intrnl_Id="367" Name="TimerTask">
<Header>
<Loc EndOffset="14016" SrcFileId="1" StartOffset="14005"/>
</Header>
<LocList>
<Loc EndOffset="14114" SrcFileId="1" StartOffset="14001"/>
</LocList>
<HierarchyLvl HierarchyLvlId="343" HierarchyLvlTypeId="4" Intrnl_Id="368" Name="run">
<Header>
<Loc EndOffset="14048" SrcFileId="1" StartOffset="14031"/>
</Header>
<LocList>
<Loc EndOffset="14108" SrcFileId="1" StartOffset="14031"/>
</LocList>
<StmntSeq Intrnl_Id="369">
<LocList>
<Loc EndOffset="14098" SrcFileId="1" StartOffset="14071"/>
</LocList>
<BasicStmnt CovItemId="S200" CovItemPrefix="my.PSM.PSM_Logic.appController.java" Intrnl_Id="370">
<LocList>
<Loc EndOffset="14098" SrcFileId="1" StartOffset="14071"/>
</LocList>
</BasicStmnt>
</StmntSeq>
</HierarchyLvl>
</HierarchyLvl>
<HierarchyLvl HierarchyLvlId="346" HierarchyLvlTypeId="6" Intrnl_Id="371" Name="TimerTask">
<Header>
<Loc EndOffset="14183" SrcFileId="1" StartOffset="14172"/>
</Header>
<LocList>
<Loc EndOffset="14335" SrcFileId="1" StartOffset="14168"/>
</LocList>
<HierarchyLvl HierarchyLvlId="345" HierarchyLvlTypeId="4" Intrnl_Id="372" Name="run">
<Header>
<Loc EndOffset="14215" SrcFileId="1" StartOffset="14198"/>
</Header>
<LocList>
<Loc EndOffset="14329" SrcFileId="1" StartOffset="14198"/>
</LocList>
<StmntSeq Intrnl_Id="373">
<LocList>
<Loc EndOffset="14266" SrcFileId="1" StartOffset="14238"/>
<Loc EndOffset="14319" SrcFileId="1" StartOffset="14279"/>
</LocList>
<BasicStmnt CovItemId="S202" CovItemPrefix="my.PSM.PSM_Logic.appController.java" Intrnl_Id="374">
<LocList>
<Loc EndOffset="14266" SrcFileId="1" StartOffset="14238"/>
</LocList>
</BasicStmnt>
<BasicStmnt CovItemId="S203" CovItemPrefix="my.PSM.PSM_Logic.appController.java" Intrnl_Id="375">
<LocList>
<Loc EndOffset="14319" SrcFileId="1" StartOffset="14279"/>
</LocList>
</BasicStmnt>
</StmntSeq>
</HierarchyLvl>
</HierarchyLvl>
<HierarchyLvl HierarchyLvlId="348" HierarchyLvlTypeId="6" Intrnl_Id="376" Name="TimerTask">
<Header>
<Loc EndOffset="14404" SrcFileId="1" StartOffset="14393"/>
</Header>
<LocList>
<Loc EndOffset="14490" SrcFileId="1" StartOffset="14389"/>
</LocList>
<HierarchyLvl HierarchyLvlId="347" HierarchyLvlTypeId="4" Intrnl_Id="377" Name="run">
<Header>
<Loc EndOffset="14436" SrcFileId="1" StartOffset="14419"/>
</Header>
<LocList>
<Loc EndOffset="14484" SrcFileId="1" StartOffset="14419"/>
</LocList>
<StmntSeq Intrnl_Id="378">
<LocList>
<Loc EndOffset="14474" SrcFileId="1" StartOffset="14459"/>
</LocList>
<BasicStmnt CovItemId="S205" CovItemPrefix="my.PSM.PSM_Logic.appController.java" Intrnl_Id="379">
<LocList>
<Loc EndOffset="14474" SrcFileId="1" StartOffset="14459"/>
</LocList>
</BasicStmnt>
</StmntSeq>
</HierarchyLvl>
</HierarchyLvl>
<HierarchyLvl HierarchyLvlId="349" HierarchyLvlTypeId="4" Intrnl_Id="380" Name="setTime">
<Header>
<Loc EndOffset="14580" SrcFileId="1" StartOffset="14509"/>
</Header>
<LocList>
<Loc EndOffset="14644" SrcFileId="1" StartOffset="14509"/>
</LocList>
<StmntSeq Intrnl_Id="381">
<LocList>
<Loc EndOffset="14638" SrcFileId="1" StartOffset="14595"/>
</LocList>
<BasicStmnt CovItemId="S206" CovItemPrefix="my.PSM.PSM_Logic.appController.java" Intrnl_Id="382">
<LocList>
<Loc EndOffset="14638" SrcFileId="1" StartOffset="14595"/>
</LocList>
</BasicStmnt>
</StmntSeq>
</HierarchyLvl>
<HierarchyLvl HierarchyLvlId="350" HierarchyLvlTypeId="4" Intrnl_Id="383" Name="getTime">
<Header>
<Loc EndOffset="14675" SrcFileId="1" StartOffset="14654"/>
</Header>
<LocList>
<Loc EndOffset="14720" SrcFileId="1" StartOffset="14654"/>
</LocList>
<StmntSeq Intrnl_Id="384">
<LocList>
<Loc EndOffset="14714" SrcFileId="1" StartOffset="14690"/>
</LocList>
<BasicStmnt CovItemId="S207" CovItemPrefix="my.PSM.PSM_Logic.appController.java" Intrnl_Id="385">
<LocList>
<Loc EndOffset="14714" SrcFileId="1" StartOffset="14690"/>
</LocList>
</BasicStmnt>
</StmntSeq>
</HierarchyLvl>
<HierarchyLvl HierarchyLvlId="351" HierarchyLvlTypeId="4" Intrnl_Id="386" Name="getTimeMillis">
<Header>
<Loc EndOffset="14764" SrcFileId="1" StartOffset="14730"/>
</Header>
<LocList>
<Loc EndOffset="14817" SrcFileId="1" StartOffset="14730"/>
</LocList>
<StmntSeq Intrnl_Id="387">
<LocList>
<Loc EndOffset="14811" SrcFileId="1" StartOffset="14779"/>
</LocList>
<BasicStmnt CovItemId="S208" CovItemPrefix="my.PSM.PSM_Logic.appController.java" Intrnl_Id="388">
<LocList>
<Loc EndOffset="14811" SrcFileId="1" StartOffset="14779"/>
</LocList>
</BasicStmnt>
</StmntSeq>
</HierarchyLvl>
<HierarchyLvl HierarchyLvlId="352" HierarchyLvlTypeId="4" Intrnl_Id="389" Name="timerParser">
<Header>
<Loc EndOffset="14871" SrcFileId="1" StartOffset="14827"/>
</Header>
<LocList>
<Loc EndOffset="14990" SrcFileId="1" StartOffset="14827"/>
</LocList>
<StmntSeq Intrnl_Id="390">
<LocList>
<Loc EndOffset="14930" SrcFileId="1" StartOffset="14886"/>
<Loc EndOffset="14984" SrcFileId="1" StartOffset="14939"/>
</LocList>
<BasicStmnt CovItemId="S209" CovItemPrefix="my.PSM.PSM_Logic.appController.java" Intrnl_Id="391">
<LocList>
<Loc EndOffset="14930" SrcFileId="1" StartOffset="14886"/>
</LocList>
</BasicStmnt>
<BasicStmnt CovItemId="S210" CovItemPrefix="my.PSM.PSM_Logic.appController.java" Intrnl_Id="392">
<LocList>
<Loc EndOffset="14984" SrcFileId="1" StartOffset="14939"/>
</LocList>
</BasicStmnt>
</StmntSeq>
</HierarchyLvl>
<HierarchyLvl HierarchyLvlId="353" HierarchyLvlTypeId="4" Intrnl_Id="393" Name="dateParser">
<Header>
<Loc EndOffset="15038" SrcFileId="1" StartOffset="14995"/>
</Header>
<LocList>
<Loc EndOffset="15240" SrcFileId="1" StartOffset="14995"/>
</LocList>
<StmntSeq Intrnl_Id="394">
<LocList>
<Loc EndOffset="15114" SrcFileId="1" StartOffset="15062"/>
<Loc EndOffset="15174" SrcFileId="1" StartOffset="15123"/>
<Loc EndOffset="15234" SrcFileId="1" StartOffset="15183"/>
</LocList>
<BasicStmnt CovItemId="S211" CovItemPrefix="my.PSM.PSM_Logic.appController.java" Intrnl_Id="395">
<LocList>
<Loc EndOffset="15114" SrcFileId="1" StartOffset="15062"/>
</LocList>
</BasicStmnt>
<BasicStmnt CovItemId="S212" CovItemPrefix="my.PSM.PSM_Logic.appController.java" Intrnl_Id="396">
<LocList>
<Loc EndOffset="15174" SrcFileId="1" StartOffset="15123"/>
</LocList>
</BasicStmnt>
<BasicStmnt CovItemId="S213" CovItemPrefix="my.PSM.PSM_Logic.appController.java" Intrnl_Id="397">
<LocList>
<Loc EndOffset="15234" SrcFileId="1" StartOffset="15183"/>
</LocList>
</BasicStmnt>
</StmntSeq>
</HierarchyLvl>
<HierarchyLvl HierarchyLvlId="354" HierarchyLvlTypeId="4" Intrnl_Id="398" Name="returnHr">
<Header>
<Loc EndOffset="15271" SrcFileId="1" StartOffset="15250"/>
</Header>
<LocList>
<Loc EndOffset="15302" SrcFileId="1" StartOffset="15250"/>
</LocList>
<StmntSeq Intrnl_Id="399">
<LocList>
<Loc EndOffset="15296" SrcFileId="1" StartOffset="15286"/>
</LocList>
<BasicStmnt CovItemId="S214" CovItemPrefix="my.PSM.PSM_Logic.appController.java" Intrnl_Id="400">
<LocList>
<Loc EndOffset="15296" SrcFileId="1" StartOffset="15286"/>
</LocList>
</BasicStmnt>
</StmntSeq>
</HierarchyLvl>
<HierarchyLvl HierarchyLvlId="355" HierarchyLvlTypeId="4" Intrnl_Id="401" Name="returnMin">
<Header>
<Loc EndOffset="15334" SrcFileId="1" StartOffset="15312"/>
</Header>
<LocList>
<Loc EndOffset="15366" SrcFileId="1" StartOffset="15312"/>
</LocList>
<StmntSeq Intrnl_Id="402">
<LocList>
<Loc EndOffset="15360" SrcFileId="1" StartOffset="15349"/>
</LocList>
<BasicStmnt CovItemId="S215" CovItemPrefix="my.PSM.PSM_Logic.appController.java" Intrnl_Id="403">
<LocList>
<Loc EndOffset="15360" SrcFileId="1" StartOffset="15349"/>
</LocList>
</BasicStmnt>
</StmntSeq>
</HierarchyLvl>
<HierarchyLvl HierarchyLvlId="356" HierarchyLvlTypeId="4" Intrnl_Id="404" Name="getEndTime">
<Header>
<Loc EndOffset="15424" SrcFileId="1" StartOffset="15376"/>
</Header>
<LocList>
<Loc EndOffset="15917" SrcFileId="1" StartOffset="15376"/>
</LocList>
<StmntSeq Intrnl_Id="405">
<LocList>
<Loc EndOffset="15534" SrcFileId="1" StartOffset="15493"/>
<Loc EndOffset="15602" SrcFileId="1" StartOffset="15552"/>
<Loc EndOffset="15650" SrcFileId="1" StartOffset="15620"/>
<Loc EndOffset="15691" SrcFileId="1" StartOffset="15659"/>
<Loc EndOffset="15730" SrcFileId="1" StartOffset="15700"/>
<Loc EndOffset="15780" SrcFileId="1" StartOffset="15739"/>
<Loc EndOffset="15839" SrcFileId="1" StartOffset="15789"/>
<Loc EndOffset="15911" SrcFileId="1" StartOffset="15888"/>
</LocList>
<BasicStmnt CovItemId="S216" CovItemPrefix="my.PSM.PSM_Logic.appController.java" Intrnl_Id="406">
<LocList>
<Loc EndOffset="15534" SrcFileId="1" StartOffset="15493"/>
</LocList>
</BasicStmnt>
<BasicStmnt CovItemId="S217" CovItemPrefix="my.PSM.PSM_Logic.appController.java" Intrnl_Id="407">
<LocList>
<Loc EndOffset="15602" SrcFileId="1" StartOffset="15552"/>
</LocList>
</BasicStmnt>
<BasicStmnt CovItemId="S218" CovItemPrefix="my.PSM.PSM_Logic.appController.java" Intrnl_Id="408">
<LocList>
<Loc EndOffset="15650" SrcFileId="1" StartOffset="15620"/>
</LocList>
</BasicStmnt>
<BasicStmnt CovItemId="S219" CovItemPrefix="my.PSM.PSM_Logic.appController.java" Intrnl_Id="409">
<LocList>
<Loc EndOffset="15691" SrcFileId="1" StartOffset="15659"/>
</LocList>
</BasicStmnt>
<BasicStmnt CovItemId="S220" CovItemPrefix="my.PSM.PSM_Logic.appController.java" Intrnl_Id="410">
<LocList>
<Loc EndOffset="15730" SrcFileId="1" StartOffset="15700"/>
</LocList>
</BasicStmnt>
<BasicStmnt CovItemId="S221" CovItemPrefix="my.PSM.PSM_Logic.appController.java" Intrnl_Id="411">
<LocList>
<Loc EndOffset="15780" SrcFileId="1" StartOffset="15739"/>
</LocList>
</BasicStmnt>
<BasicStmnt CovItemId="S222" CovItemPrefix="my.PSM.PSM_Logic.appController.java" Intrnl_Id="412">
<LocList>
<Loc EndOffset="15839" SrcFileId="1" StartOffset="15789"/>
</LocList>
</BasicStmnt>
<BasicStmnt CovItemId="S223" CovItemPrefix="my.PSM.PSM_Logic.appController.java" Intrnl_Id="413">
<LocList>
<Loc EndOffset="15911" SrcFileId="1" StartOffset="15888"/>
</LocList>
</BasicStmnt>
</StmntSeq>
</HierarchyLvl>
<HierarchyLvl HierarchyLvlId="357" HierarchyLvlTypeId="4" Intrnl_Id="414" Name="setSemesterClear">
<Header>
<Loc EndOffset="16014" SrcFileId="1" StartOffset="15927"/>
</Header>
<LocList>
<Loc EndOffset="16118" SrcFileId="1" StartOffset="15927"/>
</LocList>
<StmntSeq Intrnl_Id="415">
<LocList>
<Loc EndOffset="16075" SrcFileId="1" StartOffset="16029"/>
<Loc EndOffset="16112" SrcFileId="1" StartOffset="16084"/>
</LocList>
<BasicStmnt CovItemId="S224" CovItemPrefix="my.PSM.PSM_Logic.appController.java" Intrnl_Id="416">
<LocList>
<Loc EndOffset="16075" SrcFileId="1" StartOffset="16029"/>
</LocList>
</BasicStmnt>
<BasicStmnt CovItemId="S225" CovItemPrefix="my.PSM.PSM_Logic.appController.java" Intrnl_Id="417">
<LocList>
<Loc EndOffset="16112" SrcFileId="1" StartOffset="16084"/>
</LocList>
</BasicStmnt>
</StmntSeq>
</HierarchyLvl>
<HierarchyLvl HierarchyLvlId="358" HierarchyLvlTypeId="4" Intrnl_Id="418" Name="getSemesterClear">
<Header>
<Loc EndOffset="16158" SrcFileId="1" StartOffset="16128"/>
</Header>
<LocList>
<Loc EndOffset="16206" SrcFileId="1" StartOffset="16128"/>
</LocList>
<StmntSeq Intrnl_Id="419">
<LocList>
<Loc EndOffset="16200" SrcFileId="1" StartOffset="16173"/>
</LocList>
<BasicStmnt CovItemId="S226" CovItemPrefix="my.PSM.PSM_Logic.appController.java" Intrnl_Id="420">
<LocList>
<Loc EndOffset="16200" SrcFileId="1" StartOffset="16173"/>
</LocList>
</BasicStmnt>
</StmntSeq>
</HierarchyLvl>
<HierarchyLvl HierarchyLvlId="359" HierarchyLvlTypeId="4" Intrnl_Id="421" Name="get15BeforeEnd">
<Header>
<Loc EndOffset="16268" SrcFileId="1" StartOffset="16216"/>
</Header>
<LocList>
<Loc EndOffset="16742" SrcFileId="1" StartOffset="16216"/>
</LocList>
<StmntSeq Intrnl_Id="422">
<LocList>
<Loc EndOffset="16379" SrcFileId="1" StartOffset="16338"/>
<Loc EndOffset="16447" SrcFileId="1" StartOffset="16397"/>
<Loc EndOffset="16495" SrcFileId="1" StartOffset="16465"/>
<Loc EndOffset="16536" SrcFileId="1" StartOffset="16504"/>
<Loc EndOffset="16576" SrcFileId="1" StartOffset="16545"/>
<Loc EndOffset="16626" SrcFileId="1" StartOffset="16585"/>
<Loc EndOffset="16695" SrcFileId="1" StartOffset="16644"/>
<Loc EndOffset="16736" SrcFileId="1" StartOffset="16713"/>
</LocList>
<BasicStmnt CovItemId="S227" CovItemPrefix="my.PSM.PSM_Logic.appController.java" Intrnl_Id="423">
<LocList>
<Loc EndOffset="16379" SrcFileId="1" StartOffset="16338"/>
</LocList>
</BasicStmnt>
<BasicStmnt CovItemId="S228" CovItemPrefix="my.PSM.PSM_Logic.appController.java" Intrnl_Id="424">
<LocList>
<Loc EndOffset="16447" SrcFileId="1" StartOffset="16397"/>
</LocList>
</BasicStmnt>
<BasicStmnt CovItemId="S229" CovItemPrefix="my.PSM.PSM_Logic.appController.java" Intrnl_Id="425">
<LocList>
<Loc EndOffset="16495" SrcFileId="1" StartOffset="16465"/>
</LocList>
</BasicStmnt>
<BasicStmnt CovItemId="S230" CovItemPrefix="my.PSM.PSM_Logic.appController.java" Intrnl_Id="426">
<LocList>
<Loc EndOffset="16536" SrcFileId="1" StartOffset="16504"/>
</LocList>
</BasicStmnt>
<BasicStmnt CovItemId="S231" CovItemPrefix="my.PSM.PSM_Logic.appController.java" Intrnl_Id="427">
<LocList>
<Loc EndOffset="16576" SrcFileId="1" StartOffset="16545"/>
</LocList>
</BasicStmnt>
<BasicStmnt CovItemId="S232" CovItemPrefix="my.PSM.PSM_Logic.appController.java" Intrnl_Id="428">
<LocList>
<Loc EndOffset="16626" SrcFileId="1" StartOffset="16585"/>
</LocList>
</BasicStmnt>
<BasicStmnt CovItemId="S233" CovItemPrefix="my.PSM.PSM_Logic.appController.java" Intrnl_Id="429">
<LocList>
<Loc EndOffset="16695" SrcFileId="1" StartOffset="16644"/>
</LocList>
</BasicStmnt>
<BasicStmnt CovItemId="S234" CovItemPrefix="my.PSM.PSM_Logic.appController.java" Intrnl_Id="430">
<LocList>
<Loc EndOffset="16736" SrcFileId="1" StartOffset="16713"/>
</LocList>
</BasicStmnt>
</StmntSeq>
</HierarchyLvl>
<HierarchyLvl HierarchyLvlId="360" HierarchyLvlTypeId="4" Intrnl_Id="431" Name="get5BeforeEnd">
<Header>
<Loc EndOffset="16803" SrcFileId="1" StartOffset="16752"/>
</Header>
<LocList>
<Loc EndOffset="17296" SrcFileId="1" StartOffset="16752"/>
</LocList>
<StmntSeq Intrnl_Id="432">
<LocList>
<Loc EndOffset="16913" SrcFileId="1" StartOffset="16872"/>
<Loc EndOffset="16981" SrcFileId="1" StartOffset="16931"/>
<Loc EndOffset="17029" SrcFileId="1" StartOffset="16999"/>
<Loc EndOffset="17070" SrcFileId="1" StartOffset="17038"/>
<Loc EndOffset="17109" SrcFileId="1" StartOffset="17079"/>
<Loc EndOffset="17159" SrcFileId="1" StartOffset="17118"/>
<Loc EndOffset="17218" SrcFileId="1" StartOffset="17168"/>
<Loc EndOffset="17290" SrcFileId="1" StartOffset="17267"/>
</LocList>
<BasicStmnt CovItemId="S235" CovItemPrefix="my.PSM.PSM_Logic.appController.java" Intrnl_Id="433">
<LocList>
<Loc EndOffset="16913" SrcFileId="1" StartOffset="16872"/>
</LocList>
</BasicStmnt>
<BasicStmnt CovItemId="S236" CovItemPrefix="my.PSM.PSM_Logic.appController.java" Intrnl_Id="434">
<LocList>
<Loc EndOffset="16981" SrcFileId="1" StartOffset="16931"/>
</LocList>
</BasicStmnt>
<BasicStmnt CovItemId="S237" CovItemPrefix="my.PSM.PSM_Logic.appController.java" Intrnl_Id="435">
<LocList>
<Loc EndOffset="17029" SrcFileId="1" StartOffset="16999"/>
</LocList>
</BasicStmnt>
<BasicStmnt CovItemId="S238" CovItemPrefix="my.PSM.PSM_Logic.appController.java" Intrnl_Id="436">
<LocList>
<Loc EndOffset="17070" SrcFileId="1" StartOffset="17038"/>
</LocList>
</BasicStmnt>
<BasicStmnt CovItemId="S239" CovItemPrefix="my.PSM.PSM_Logic.appController.java" Intrnl_Id="437">
<LocList>
<Loc EndOffset="17109" SrcFileId="1" StartOffset="17079"/>
</LocList>
</BasicStmnt>
<BasicStmnt CovItemId="S240" CovItemPrefix="my.PSM.PSM_Logic.appController.java" Intrnl_Id="438">
<LocList>
<Loc EndOffset="17159" SrcFileId="1" StartOffset="17118"/>
</LocList>
</BasicStmnt>
<BasicStmnt CovItemId="S241" CovItemPrefix="my.PSM.PSM_Logic.appController.java" Intrnl_Id="439">
<LocList>
<Loc EndOffset="17218" SrcFileId="1" StartOffset="17168"/>
</LocList>
</BasicStmnt>
<BasicStmnt CovItemId="S242" CovItemPrefix="my.PSM.PSM_Logic.appController.java" Intrnl_Id="440">
<LocList>
<Loc EndOffset="17290" SrcFileId="1" StartOffset="17267"/>
</LocList>
</BasicStmnt>
</StmntSeq>
</HierarchyLvl>
<HierarchyLvl HierarchyLvlId="361" HierarchyLvlTypeId="4" Intrnl_Id="441" Name="autoExit">
<Header>
<Loc EndOffset="17328" SrcFileId="1" StartOffset="17306"/>
</Header>
<LocList>
<Loc EndOffset="17382" SrcFileId="1" StartOffset="17306"/>
</LocList>
<StmntSeq Intrnl_Id="442">
<LocList>
<Loc EndOffset="17376" SrcFileId="1" StartOffset="17343"/>
</LocList>
<BasicStmnt CovItemId="S243" CovItemPrefix="my.PSM.PSM_Logic.appController.java" Intrnl_Id="443">
<LocList>
<Loc EndOffset="17376" SrcFileId="1" StartOffset="17343"/>
</LocList>
</BasicStmnt>
</StmntSeq>
</HierarchyLvl>
<HierarchyLvl HierarchyLvlId="362" HierarchyLvlTypeId="4" Intrnl_Id="444" Name="autoClear">
<Header>
<Loc EndOffset="17415" SrcFileId="1" StartOffset="17392"/>
</Header>
<LocList>
<Loc EndOffset="17467" SrcFileId="1" StartOffset="17392"/>
</LocList>
<StmntSeq Intrnl_Id="445">
<LocList>
<Loc EndOffset="17461" SrcFileId="1" StartOffset="17430"/>
</LocList>
<BasicStmnt CovItemId="S244" CovItemPrefix="my.PSM.PSM_Logic.appController.java" Intrnl_Id="446">
<LocList>
<Loc EndOffset="17461" SrcFileId="1" StartOffset="17430"/>
</LocList>
</BasicStmnt>
</StmntSeq>
</HierarchyLvl>
</HierarchyLvl>
</HierarchyLvl>
</HierarchyLvl>
</HierarchyLvl>
</HierarchyLvl>
</MASTRoot>
</TestSessionContainer>
