<?xml version="1.0" encoding="UTF-8"?><TestSessionContainer xmlns="http://www.codecover.org/xml/testsession-container" Date="1466978817472" TestSessionContainerId="8dccc1c6-85c6-458b-84b8-cd41947de7d2" version="1.0">
<SrcFileList>
<SrcFile Content="package my.PSM.unitTestPSM;&#13;&#10;&#13;&#10;import static org.junit.Assert.*;&#13;&#10;&#13;&#10;import java.util.Calendar;&#13;&#10;import java.util.GregorianCalendar;&#13;&#10;import java.lang.System;&#13;&#10;&#13;&#10;import my.PSM.PSM_Logic.appController;&#13;&#10;&#13;&#10;import org.junit.After;&#13;&#10;import org.junit.Assert;&#13;&#10;import org.junit.Before;&#13;&#10;import org.junit.Test;&#13;&#10;&#13;&#10;&#13;&#10;public class appControllerTest {&#13;&#10;&#9;private appController app; //tested class&#13;&#10;&#9;private InterfaceFacadeStub iFacade; //stub&#13;&#10;&#9;private DataStoreFacadeStub dataStub; //stub&#13;&#10;&#13;&#10;&#9;@Before&#13;&#10;&#9;public void runBeforeAllTest(){&#13;&#10;&#9;&#9;//--Makes sure all dependent classes used are stubbed&#13;&#10;&#9;&#9;app = new appController();&#13;&#10;&#9;&#9;iFacade = new InterfaceFacadeStub(); //stubbed interface facade&#13;&#10;&#9;&#9;dataStub = new DataStoreFacadeStub(&quot;user&quot;, &quot;pw&quot;); //stubbed date store facade&#13;&#10;&#9;&#9;app.setDataStoreFacade(dataStub);&#13;&#10;&#9;&#9;app.setAuthenticate(new AuthenticateStub(&quot;user&quot;, &quot;pw&quot;)); //inject authenticate stub&#13;&#10;&#9;&#9;InterfaceControllerStub interfaceStub = new InterfaceControllerStub(iFacade); //stubbed interface Controller&#13;&#10;&#9;&#9;app.setInterfaceController(interfaceStub);&#13;&#10;&#9;}&#13;&#10;&#9;@After&#13;&#10;&#9;public void runAfterAllTest(){&#13;&#10;&#9;&#9;app = null;&#13;&#10;&#9;&#9;iFacade = null;&#13;&#10;&#9;&#9;dataStub = null;&#13;&#10;&#9;}&#13;&#10;&#9;@Test&#13;&#10;&#9;public void testMyMain() {&#13;&#10;&#9;&#9;//--Mimic User Input&#13;&#10;&#9;&#9;iFacade.setUsername(&quot;user&quot;);&#13;&#10;&#9;&#9;iFacade.setPassword(&quot;pw&quot;);&#13;&#10;&#9;&#9;iFacade.setLogout(true);&#13;&#10;&#13;&#10;&#9;&#9;app.myMain();&#13;&#10;&#9;&#9;&#13;&#10;&#9;&#9;//--Expect to be logged out when method returns&#13;&#10;&#9;&#9;assertEquals(app.getUser(), &quot;user&quot;);&#13;&#10;&#9;&#9;assertEquals(app.getPass(), &quot;pw&quot;);&#13;&#10;&#9;&#9;assertEquals(app.getLoggedIn(), false);&#13;&#10;&#9;&#9;assertTrue(app.isLogoutSel());&#13;&#10;&#9;}&#13;&#10;&#13;&#10;&#9;@Test&#13;&#10;&#9;public void testAppMainMenu(){&#13;&#10;&#9;&#9;//--Mimic user input&#13;&#10;&#9;&#9;iFacade.setEdit(true);&#13;&#10;&#9;&#9;&#13;&#10;&#9;&#9;app.appMainMenu();&#13;&#10;&#9;&#9;&#13;&#10;&#9;&#9;//--Expect edSchedSel to be true&#13;&#10;&#9;&#9;assertTrue(app.isEdSchedSel());&#13;&#10;&#9;}&#13;&#10;&#9;@Test&#13;&#10;&#9;public void testAppMainMenu02(){&#13;&#10;&#9;&#9;//--Mimic user input&#13;&#10;&#9;&#9;iFacade.setLogout(true);&#13;&#10;&#9;&#9;&#13;&#10;&#9;&#9;app.appMainMenu();&#13;&#10;&#9;&#9;&#13;&#10;&#9;&#9;//--Expect logoutSel to be true&#13;&#10;&#9;&#9;assertTrue(app.isLogoutSel());&#13;&#10;&#9;}&#13;&#10;&#9;@Test&#13;&#10;&#9;public void testAppMainMenu03(){&#13;&#10;&#9;&#9;//--Mimic user input&#13;&#10;&#9;&#9;iFacade.setInit(true);&#13;&#10;&#9;&#9;&#13;&#10;&#9;&#9;app.appMainMenu();&#13;&#10;&#9;&#9;&#13;&#10;&#9;&#9;//--Expect schedSetupSel to be true&#13;&#10;&#9;&#9;assertTrue(app.isSchedSetupSel());&#13;&#10;&#9;}&#13;&#10;&#9;@Test&#13;&#10;&#9;public void testSetupSched() {&#13;&#10;&#9;&#9;&#13;&#10;&#9;&#9;//--Mimic user input&#13;&#10;&#9;&#9;iFacade.setCourse(4072);&#13;&#10;&#9;&#9;iFacade.testHelper(&quot;CEN&quot;, &quot;Software Testing&quot;, &quot;Fall&quot;, &quot;06/15/16&quot;, &#13;&#10;&#9;&#9;&#9;&#9;&quot;07/15/16&quot;, null, null, &quot;04:30&quot;, &quot;06:15&quot;, null, null,&#13;&#10;&#9;&#9;&#9;&#9;&quot;04:30&quot;, &quot;06:15&quot;, null, null, null, null);&#13;&#10;&#9;&#9;&#13;&#10;&#9;&#9;app.setupSched();&#13;&#10;&#9;&#9;&#13;&#10;&#9;&#9;//--Expect the mimicked user input to be in the database&#13;&#10;&#9;&#9;Assert.assertTrue(dataStub.courses.contains(4072));&#13;&#10;&#9;&#9;Assert.assertEquals(dataStub.defCourseName.get(4072), &quot;Software Testing&quot;);&#13;&#10;&#9;&#9;Assert.assertEquals(dataStub.defSub.get(4072), &quot;CEN&quot;);&#13;&#10;&#9;&#9;Assert.assertEquals(dataStub.defSemester.get(4072), &quot;Fall&quot;);&#13;&#10;&#9;&#9;Assert.assertEquals(dataStub.defCourseStart.get(4072), &quot;06/15/16&quot;);&#13;&#10;&#9;&#9;Assert.assertEquals(dataStub.defCourseEnd.get(4072), &quot;07/15/16&quot;);&#13;&#10;&#9;&#9;Assert.assertEquals(dataStub.defMonStart.get(4072), null);&#13;&#10;&#9;&#9;Assert.assertEquals(dataStub.defMonEnd.get(4072), null);&#13;&#10;&#9;&#9;Assert.assertEquals(dataStub.defTueStart.get(4072), &quot;04:30&quot;);&#13;&#10;&#9;&#9;Assert.assertEquals(dataStub.defTueEnd.get(4072), &quot;06:15&quot;);&#13;&#10;&#9;&#9;Assert.assertEquals(dataStub.defWedStart.get(4072), null);&#13;&#10;&#9;&#9;Assert.assertEquals(dataStub.defWedEnd.get(4072), null);&#13;&#10;&#9;&#9;Assert.assertEquals(dataStub.defThuStart.get(4072), &quot;04:30&quot;);&#13;&#10;&#9;&#9;Assert.assertEquals(dataStub.defThuEnd.get(4072), &quot;06:15&quot;);&#13;&#10;&#9;&#9;Assert.assertEquals(dataStub.defFriStart.get(4072), null);&#13;&#10;&#9;&#9;Assert.assertEquals(dataStub.defFriEnd.get(4072), null);&#13;&#10;&#9;&#9;Assert.assertEquals(dataStub.defSatStart.get(4072), null);&#13;&#10;&#9;&#9;Assert.assertEquals(dataStub.defSatEnd.get(4072), null);&#13;&#10;&#9;}&#13;&#10;&#13;&#10;&#9;@Test&#13;&#10;&#9;public void testAppEditSched() {&#13;&#10;&#9;&#9;//--Precondition: Database has the course with ID 4072&#13;&#10;&#9;&#9;dataStub.courses.add(4072);&#13;&#10;&#9;&#9;&#13;&#10;&#9;&#9;//--Mimic user input&#13;&#10;&#9;&#9;iFacade.setCourse(4072);&#13;&#10;&#9;&#9;iFacade.testHelper(&quot;CEN&quot;, &quot;Software Testing&quot;, &quot;Fall&quot;, &quot;06/15/16&quot;, &#13;&#10;&#9;&#9;&#9;&#9;&quot;07/15/16&quot;, null, null, &quot;04:30&quot;, &quot;06:15&quot;, null, null,&#13;&#10;&#9;&#9;&#9;&#9;&quot;04:30&quot;, &quot;06:15&quot;, null, null, null, null);&#13;&#10;&#9;&#9;//--&#13;&#10;&#9;&#9;&#13;&#10;&#9;&#9;app.appEditSched();&#13;&#10;&#9;&#9;&#13;&#10;&#9;&#9;//--Expect the mimicked user input to be in the database&#13;&#10;&#9;&#9;Assert.assertEquals(dataStub.defCourseStart.get(4072), &quot;06/15/16&quot;);&#13;&#10;&#9;&#9;Assert.assertEquals(dataStub.defCourseEnd.get(4072), &quot;07/15/16&quot;);&#13;&#10;&#9;&#9;Assert.assertEquals(dataStub.defMonStart.get(4072), null);&#13;&#10;&#9;&#9;Assert.assertEquals(dataStub.defMonEnd.get(4072), null);&#13;&#10;&#9;&#9;Assert.assertEquals(dataStub.defTueStart.get(4072), &quot;04:30&quot;);&#13;&#10;&#9;&#9;Assert.assertEquals(dataStub.defTueEnd.get(4072), &quot;06:15&quot;);&#13;&#10;&#9;&#9;Assert.assertEquals(dataStub.defWedStart.get(4072), null);&#13;&#10;&#9;&#9;Assert.assertEquals(dataStub.defWedEnd.get(4072), null);&#13;&#10;&#9;&#9;Assert.assertEquals(dataStub.defThuStart.get(4072), &quot;04:30&quot;);&#13;&#10;&#9;&#9;Assert.assertEquals(dataStub.defThuEnd.get(4072), &quot;06:15&quot;);&#13;&#10;&#9;&#9;Assert.assertEquals(dataStub.defFriStart.get(4072), null);&#13;&#10;&#9;&#9;Assert.assertEquals(dataStub.defFriEnd.get(4072), null);&#13;&#10;&#9;&#9;Assert.assertEquals(dataStub.defSatStart.get(4072), null);&#13;&#10;&#9;&#9;Assert.assertEquals(dataStub.defSatEnd.get(4072), null);&#13;&#10;&#9;}&#13;&#10;&#13;&#10;&#9;@Test&#13;&#10;&#9;public void testAppLogin() {&#13;&#10;&#9;&#9;//--Mimic User Input&#13;&#10;&#9;&#9;iFacade.setUsername(&quot;user&quot;);&#13;&#10;&#9;&#9;iFacade.setPassword(&quot;pw&quot;);&#13;&#10;&#9;&#9;&#13;&#10;&#9;&#9;app.appLogin();&#13;&#10;&#9;&#9;&#13;&#10;&#9;&#9;//--Expect to successfully login. And the state of app to change.&#13;&#10;&#9;&#9;Assert.assertTrue(app.getLoggedIn());&#13;&#10;&#9;&#9;Assert.assertEquals(app.getUser(), &quot;user&quot;);&#13;&#10;&#9;&#9;Assert.assertEquals(app.getPass(), &quot;pw&quot;);&#13;&#10;&#9;}&#13;&#10;&#13;&#10;&#9;@Test&#13;&#10;&#9;public void testAppLogin02() {&#13;&#10;&#9;&#9;//--Mimic User Input&#13;&#10;&#9;&#9;iFacade.setUsername(&quot;Peter&quot;);&#13;&#10;&#9;&#9;iFacade.setPassword(&quot;Clarke&quot;);&#13;&#10;&#9;&#9;&#13;&#10;&#9;&#9;app.appLogin();&#13;&#10;&#9;&#9;&#13;&#10;&#9;&#9;//--Expect to unsuccessfully login. And method returns from 3 failed attempts.&#13;&#10;&#9;&#9;assertEquals(app.getLoggedIn(), false);&#13;&#10;&#9;&#9;assertEquals(app.getCounter(), 3);&#13;&#10;&#9;&#9;assertEquals(app.getUser(), &quot;Peter&quot;);&#13;&#10;&#9;&#9;assertEquals(app.getPass(), &quot;Clarke&quot;);&#13;&#10;&#9;}&#13;&#10;&#9;@Test&#13;&#10;&#9;public void testCheckClear() {&#13;&#10;&#9;&#9;//--Precondition: database is empty&#13;&#10;&#9;&#9;&#13;&#10;&#9;&#9;//--Expect the method to return true&#13;&#10;&#9;&#9;Assert.assertTrue(app.checkClear());&#13;&#10;&#9;&#9;&#13;&#10;&#9;}&#13;&#10;&#9;&#13;&#10;&#9;@Test&#13;&#10;&#9;public void testCheckClear02() {&#13;&#10;&#9;&#9;//--Precondition: database contains the following info&#13;&#10;&#9;&#9;dataStub.testHelper(4072, &quot;CEN&quot;, &quot;Software Testing&quot;, &quot;SummerA&quot;, &quot;01/15/16&quot;, &quot;04/31/16&quot;, null, null, &#13;&#10;&#9;&#9;&#9;&#9;&quot;04:30&quot;, &quot;06:15&quot;, null, null, &quot;04:30&quot;, &quot;06:15&quot;, null, null, null, null);&#13;&#10;&#9;&#9;dataStub.testHelper(4010, &quot;CEN&quot;, &quot;Software Engineering&quot;, &quot;SummerA&quot;, &quot;01/15/16&quot;, &quot;04/28/16&quot;, null, null, &#13;&#10;&#9;&#9;&#9;&#9;&quot;04:30&quot;, &quot;06:15&quot;, null, null, &quot;04:30&quot;, &quot;06:15&quot;, null, null, null, null);&#13;&#10;&#9;&#9;//--Expect the method to return true&#13;&#10;&#9;&#9;Assert.assertTrue(app.checkClear());&#13;&#10;&#9;}&#13;&#10;&#13;&#10;&#9;@Test&#13;&#10;&#9;public void testCheckClear03() {&#13;&#10;&#9;&#9;//--Precondition: database is contains the following info&#13;&#10;&#9;&#9;dataStub.testHelper(4072, &quot;CEN&quot;, &quot;Software Testing&quot;, &quot;SummerA&quot;, &quot;04/31/16&quot;, &quot;07/31/16&quot;, null, null, &#13;&#10;&#9;&#9;&#9;&#9;&quot;04:30&quot;, &quot;06:15&quot;, null, null, &quot;04:30&quot;, &quot;06:15&quot;, null, null, null, null);&#13;&#10;&#9;&#9;dataStub.testHelper(4010, &quot;CEN&quot;, &quot;Software Engineering&quot;, &quot;SummerA&quot;, &quot;04/28/16&quot;, &quot;07/28/16&quot;, null, null, &#13;&#10;&#9;&#9;&#9;&#9;&quot;04:30&quot;, &quot;06:15&quot;, null, null, &quot;04:30&quot;, &quot;06:15&quot;, null, null, null, null);&#13;&#10;&#9;&#9;//--Expect the method to return false&#13;&#10;&#9;&#9;Assert.assertEquals(app.checkClear(), false);&#13;&#10;&#9;&#9;&#13;&#10;&#9;}&#13;&#10;&#13;&#10;&#9;@Test&#13;&#10;&#9;public void testGetData() {&#13;&#10;&#9;&#9;//--Precondition: Database contains the following info&#13;&#10;&#9;&#9;dataStub.testHelper(4072, &quot;CEN&quot;, &quot;Software Testing&quot;, &quot;SummerA&quot;, &quot;06/15/16&quot;, &quot;07/15/16&quot;, null, null, &#13;&#10;&#9;&#9;&#9;&#9;&quot;04:30&quot;, &quot;06:15&quot;, null, null, &quot;04:30&quot;, &quot;06:15&quot;, null, null, null, null);&#13;&#10;&#9;&#9;&#13;&#10;&#9;&#9;app.getData(4072);&#13;&#10;&#9;&#9;&#13;&#10;&#9;&#9;//--Expect the fields of app to change to the corresponding data in the database&#13;&#10;&#9;&#9;Assert.assertEquals(app.defCourseName, &quot;Software Testing&quot;);&#13;&#10;&#9;&#9;Assert.assertEquals(app.defSub, &quot;CEN&quot;);&#13;&#10;&#9;&#9;Assert.assertEquals(app.defSemester, &quot;SummerA&quot;);&#13;&#10;&#9;&#9;Assert.assertEquals(app.defCourseStart, &quot;06/15/16&quot;);&#13;&#10;&#9;&#9;Assert.assertEquals(app.defCourseEnd, &quot;07/15/16&quot;);&#13;&#10;&#9;&#9;Assert.assertEquals(app.defMonStart, null);&#13;&#10;&#9;&#9;Assert.assertEquals(app.defMonEnd, null);&#13;&#10;&#9;&#9;Assert.assertEquals(app.defTueStart, &quot;04:30&quot;);&#13;&#10;&#9;&#9;Assert.assertEquals(app.defTueEnd, &quot;06:15&quot;);&#13;&#10;&#9;&#9;Assert.assertEquals(app.defWedStart, null);&#13;&#10;&#9;&#9;Assert.assertEquals(app.defWedEnd, null);&#13;&#10;&#9;&#9;Assert.assertEquals(app.defThuStart, &quot;04:30&quot;);&#13;&#10;&#9;&#9;Assert.assertEquals(app.defThuEnd, &quot;06:15&quot;);&#13;&#10;&#9;&#9;Assert.assertEquals(app.defFriStart, null);&#13;&#10;&#9;&#9;Assert.assertEquals(app.defFriEnd, null);&#13;&#10;&#9;&#9;Assert.assertEquals(app.defSatStart, null);&#13;&#10;&#9;&#9;Assert.assertEquals(app.defSatEnd, null);&#13;&#10;&#9;}&#13;&#10;&#13;&#10;&#9;@Test&#13;&#10;&#9;public void testSleep() {&#13;&#10;&#9;&#9;long begin = System.currentTimeMillis();&#13;&#10;&#9;&#9;app.sleep(5);&#13;&#10;&#9;&#9;long end = System.currentTimeMillis();&#13;&#10;&#9;&#9;&#13;&#10;&#9;&#9;//Expect time elapsed to be 5ms.&#13;&#10;&#9;&#9;Assert.assertEquals(end-begin, 5);&#13;&#10;&#9;}&#13;&#10;&#13;&#10;&#9;@Test&#13;&#10;&#9;public void testLogIn() {&#13;&#10;&#9;&#9;//--Precondition: The state of app has the correct user credentials&#13;&#10;&#9;&#9;app.setUser(&quot;user&quot;);&#13;&#10;&#9;&#9;app.setPassword(&quot;pw&quot;);&#13;&#10;&#9;&#9;&#13;&#10;&#9;&#9;app.LogIn();&#13;&#10;&#9;&#9;&#13;&#10;&#9;&#9;//--Expect the loggedin field to be true&#13;&#10;&#9;&#9;Assert.assertTrue(app.getLoggedIn());&#13;&#10;&#9;}&#13;&#10;&#13;&#10;&#9;@Test&#13;&#10;&#9;public void testLogIn02() {&#13;&#10;&#9;&#9;//--Precondition: The state of app has the correct user credentials&#13;&#10;&#9;&#9;app.setUser(&quot;peter&quot;);&#13;&#10;&#9;&#9;app.setPassword(&quot;clarke&quot;);&#13;&#10;&#9;&#9;&#13;&#10;&#9;&#9;app.LogIn();&#13;&#10;&#9;&#9;&#13;&#10;&#9;&#9;//--Expect the loggedin field to be true&#13;&#10;&#9;&#9;Assert.assertFalse(app.getLoggedIn());&#13;&#10;&#9;}&#13;&#10;&#13;&#10;&#9;@Test&#13;&#10;&#9;public void testTimerParser() {&#13;&#10;&#9;&#9;app.timerParser(&quot;04:35&quot;);&#13;&#10;&#9;&#9;&#13;&#10;&#9;&#9;//--Expect the hr = 4 and min = 35&#13;&#10;&#9;&#9;Assert.assertTrue(app.returnHr() == 4 &amp;&amp; app.returnMin() == 35);&#13;&#10;&#9;}&#13;&#10;&#13;&#10;&#9;&#13;&#10;&#9;@Test&#13;&#10;&#9;public void testDateParser() {&#13;&#10;&#9;&#9;app.dateParser(&quot;06/31/16&quot;);&#13;&#10;&#9;&#9;&#13;&#10;&#9;&#9;//--Expect month = 6, date = 31, year = 16&#13;&#10;&#9;&#9;Assert.assertEquals(app.getClearYear(), 16);&#13;&#10;&#9;&#9;Assert.assertEquals(app.getClearMonth(), 6);&#13;&#10;&#9;&#9;Assert.assertEquals(app.getClearDate(), 31);&#13;&#10;&#9;}&#13;&#10;&#13;&#10;&#9;@Test&#13;&#10;&#9;public void testGetEndTime() {&#13;&#10;&#9;&#9;Calendar date = new GregorianCalendar(Calendar.YEAR, Calendar.MONTH, Calendar.DATE, &#13;&#10;&#9;&#9;&#9;&#9;4, 29, 1);&#13;&#10;&#9;&#9;&#13;&#10;&#9;&#9;//--Expect a date that has hr = 4, min = 29&#13;&#10;&#9;&#9;assertEquals(app.getEndTime(4, 30).toString().substring(11, 16), &quot;04:29&quot;);&#13;&#10;&#9;}&#13;&#10;&#13;&#10;&#9;@Test&#13;&#10;&#9;public void testGet15BeforeEnd() {&#13;&#10;&#9;&#9;Calendar date = new GregorianCalendar(Calendar.YEAR, Calendar.MONTH, Calendar.DATE, &#13;&#10;&#9;&#9;&#9;&#9;4, 15, 1);&#13;&#10;&#9;&#9;&#13;&#10;&#9;&#9;//--Expect a date that has hr = 4, min = 15&#13;&#10;&#9;&#9;assertEquals(app.get15BeforeEnd(4, 30).toString().substring(11, 16), &quot;04:15&quot;);&#13;&#10;&#9;}&#13;&#10;&#13;&#10;&#9;@Test&#13;&#10;&#9;public void testGet15BeforeEnd02() {&#13;&#10;&#9;&#9;Calendar date = new GregorianCalendar(Calendar.YEAR, Calendar.MONTH, Calendar.DATE, &#13;&#10;&#9;&#9;&#9;&#9;3, 55, 1);&#13;&#10;&#9;&#9;&#13;&#10;&#9;&#9;//--Expect a date that has hr = 3, min = 55&#13;&#10;&#9;&#9;assertEquals(app.get15BeforeEnd(4, 10).toString().substring(11, 16), &quot;03:55&quot;);&#13;&#10;&#9;}&#13;&#10;&#9;@Test&#13;&#10;&#9;public void testGet5BeforeEnd() {&#13;&#10;&#9;&#9;Calendar date = new GregorianCalendar();&#13;&#10;&#9;&#9;date.setTimeInMillis(System.currentTimeMillis());&#13;&#10;&#9;&#9;date.set(date.YEAR, date.MONTH, date.DATE, &#13;&#10;&#9;&#9;&#9;&#9;4, 25, 1);&#13;&#10;&#9;&#9;&#13;&#10;&#9;&#9;//--Expect a date that has hr = 4, min = 25&#13;&#10;&#9;&#9;assertEquals(app.get5BeforeEnd(4, 30).toString().substring(11, 16), &quot;04:25&quot;);&#13;&#10;&#9;}&#13;&#10;&#13;&#10;&#9;@Test&#13;&#10;&#9;public void testGet5BeforeEnd02() {&#13;&#10;&#9;&#9;Calendar date = new GregorianCalendar();&#13;&#10;&#9;&#9;date.set(Calendar.YEAR, Calendar.MONTH, Calendar.DATE, &#13;&#10;&#9;&#9;&#9;&#9;3, 58, 1);&#13;&#10;&#9;&#9;&#13;&#10;&#9;&#9;//--Expect a date that has hr = 3, min = 58&#13;&#10;&#9;&#9;assertEquals(app.get5BeforeEnd(4, 3).toString().substring(11, 16), &quot;03:58&quot;);&#13;&#10;&#9;}&#13;&#10;}&#13;&#10;" Filename="appControllerTest.java" Intrnl_Id="1"/>
</SrcFileList>
<CritList>
<CritListEntry Name="org.codecover.model.utils.criteria.BranchCoverage" PluginName="org.codecover"/>
<CritListEntry Name="org.codecover.model.utils.criteria.StatementCoverage" PluginName="org.codecover"/>
</CritList>
<BoolOpList/>
<HierarchyLvlTypeList>
<HierarchyLvlType EnglishName="package" IntrnlName="package" Intrnl_Id="2"/>
<HierarchyLvlType EnglishName="method" IntrnlName="method" Intrnl_Id="3"/>
<HierarchyLvlType EnglishName="class" IntrnlName="class" Intrnl_Id="4"/>
<HierarchyLvlType EnglishName="default package" IntrnlName="default package" Intrnl_Id="5"/>
</HierarchyLvlTypeList>
<MASTRoot>
<HierarchyLvl HierarchyLvlId="83" HierarchyLvlTypeId="5" Intrnl_Id="6" Name="default package">
<Header/>
<LocList/>
<HierarchyLvl HierarchyLvlId="82" HierarchyLvlTypeId="2" Intrnl_Id="7" Name="my">
<Header/>
<LocList/>
<HierarchyLvl HierarchyLvlId="81" HierarchyLvlTypeId="2" Intrnl_Id="8" Name="PSM">
<Header/>
<LocList/>
<HierarchyLvl HierarchyLvlId="80" HierarchyLvlTypeId="2" Intrnl_Id="9" Name="unitTestPSM">
<Header/>
<LocList/>
<HierarchyLvl HierarchyLvlId="79" HierarchyLvlTypeId="4" Intrnl_Id="10" Name="appControllerTest">
<Header>
<Loc EndOffset="338" SrcFileId="1" StartOffset="308"/>
</Header>
<LocList>
<Loc EndOffset="11029" SrcFileId="1" StartOffset="308"/>
</LocList>
<HierarchyLvl HierarchyLvlId="55" HierarchyLvlTypeId="3" Intrnl_Id="11" Name="runBeforeAllTest">
<Header>
<Loc EndOffset="522" SrcFileId="1" StartOffset="482"/>
</Header>
<LocList>
<Loc EndOffset="1044" SrcFileId="1" StartOffset="482"/>
</LocList>
<StmntSeq Intrnl_Id="12">
<LocList>
<Loc EndOffset="610" SrcFileId="1" StartOffset="584"/>
<Loc EndOffset="650" SrcFileId="1" StartOffset="614"/>
<Loc EndOffset="730" SrcFileId="1" StartOffset="681"/>
<Loc EndOffset="795" SrcFileId="1" StartOffset="762"/>
<Loc EndOffset="855" SrcFileId="1" StartOffset="799"/>
<Loc EndOffset="963" SrcFileId="1" StartOffset="886"/>
<Loc EndOffset="1040" SrcFileId="1" StartOffset="998"/>
</LocList>
<BasicStmnt CovItemId="S1" CovItemPrefix="my.PSM.unitTestPSM.appControllerTest.java" Intrnl_Id="13">
<LocList>
<Loc EndOffset="610" SrcFileId="1" StartOffset="584"/>
</LocList>
</BasicStmnt>
<BasicStmnt CovItemId="S2" CovItemPrefix="my.PSM.unitTestPSM.appControllerTest.java" Intrnl_Id="14">
<LocList>
<Loc EndOffset="650" SrcFileId="1" StartOffset="614"/>
</LocList>
</BasicStmnt>
<BasicStmnt CovItemId="S3" CovItemPrefix="my.PSM.unitTestPSM.appControllerTest.java" Intrnl_Id="15">
<LocList>
<Loc EndOffset="730" SrcFileId="1" StartOffset="681"/>
</LocList>
</BasicStmnt>
<BasicStmnt CovItemId="S4" CovItemPrefix="my.PSM.unitTestPSM.appControllerTest.java" Intrnl_Id="16">
<LocList>
<Loc EndOffset="795" SrcFileId="1" StartOffset="762"/>
</LocList>
</BasicStmnt>
<BasicStmnt CovItemId="S5" CovItemPrefix="my.PSM.unitTestPSM.appControllerTest.java" Intrnl_Id="17">
<LocList>
<Loc EndOffset="855" SrcFileId="1" StartOffset="799"/>
</LocList>
</BasicStmnt>
<BasicStmnt CovItemId="S6" CovItemPrefix="my.PSM.unitTestPSM.appControllerTest.java" Intrnl_Id="18">
<LocList>
<Loc EndOffset="963" SrcFileId="1" StartOffset="886"/>
</LocList>
</BasicStmnt>
<BasicStmnt CovItemId="S7" CovItemPrefix="my.PSM.unitTestPSM.appControllerTest.java" Intrnl_Id="19">
<LocList>
<Loc EndOffset="1040" SrcFileId="1" StartOffset="998"/>
</LocList>
</BasicStmnt>
</StmntSeq>
</HierarchyLvl>
<HierarchyLvl HierarchyLvlId="56" HierarchyLvlTypeId="3" Intrnl_Id="20" Name="runAfterAllTest">
<Header>
<Loc EndOffset="1085" SrcFileId="1" StartOffset="1047"/>
</Header>
<LocList>
<Loc EndOffset="1144" SrcFileId="1" StartOffset="1047"/>
</LocList>
<StmntSeq Intrnl_Id="21">
<LocList>
<Loc EndOffset="1101" SrcFileId="1" StartOffset="1090"/>
<Loc EndOffset="1120" SrcFileId="1" StartOffset="1105"/>
<Loc EndOffset="1140" SrcFileId="1" StartOffset="1124"/>
</LocList>
<BasicStmnt CovItemId="S8" CovItemPrefix="my.PSM.unitTestPSM.appControllerTest.java" Intrnl_Id="22">
<LocList>
<Loc EndOffset="1101" SrcFileId="1" StartOffset="1090"/>
</LocList>
</BasicStmnt>
<BasicStmnt CovItemId="S9" CovItemPrefix="my.PSM.unitTestPSM.appControllerTest.java" Intrnl_Id="23">
<LocList>
<Loc EndOffset="1120" SrcFileId="1" StartOffset="1105"/>
</LocList>
</BasicStmnt>
<BasicStmnt CovItemId="S10" CovItemPrefix="my.PSM.unitTestPSM.appControllerTest.java" Intrnl_Id="24">
<LocList>
<Loc EndOffset="1140" SrcFileId="1" StartOffset="1124"/>
</LocList>
</BasicStmnt>
</StmntSeq>
</HierarchyLvl>
<HierarchyLvl HierarchyLvlId="57" HierarchyLvlTypeId="3" Intrnl_Id="25" Name="testMyMain">
<Header>
<Loc EndOffset="1179" SrcFileId="1" StartOffset="1147"/>
</Header>
<LocList>
<Loc EndOffset="1528" SrcFileId="1" StartOffset="1147"/>
</LocList>
<StmntSeq Intrnl_Id="26">
<LocList>
<Loc EndOffset="1237" SrcFileId="1" StartOffset="1209"/>
<Loc EndOffset="1267" SrcFileId="1" StartOffset="1241"/>
<Loc EndOffset="1295" SrcFileId="1" StartOffset="1271"/>
<Loc EndOffset="1314" SrcFileId="1" StartOffset="1301"/>
<Loc EndOffset="1409" SrcFileId="1" StartOffset="1373"/>
<Loc EndOffset="1447" SrcFileId="1" StartOffset="1413"/>
<Loc EndOffset="1490" SrcFileId="1" StartOffset="1451"/>
<Loc EndOffset="1524" SrcFileId="1" StartOffset="1494"/>
</LocList>
<BasicStmnt CovItemId="S11" CovItemPrefix="my.PSM.unitTestPSM.appControllerTest.java" Intrnl_Id="27">
<LocList>
<Loc EndOffset="1237" SrcFileId="1" StartOffset="1209"/>
</LocList>
</BasicStmnt>
<BasicStmnt CovItemId="S12" CovItemPrefix="my.PSM.unitTestPSM.appControllerTest.java" Intrnl_Id="28">
<LocList>
<Loc EndOffset="1267" SrcFileId="1" StartOffset="1241"/>
</LocList>
</BasicStmnt>
<BasicStmnt CovItemId="S13" CovItemPrefix="my.PSM.unitTestPSM.appControllerTest.java" Intrnl_Id="29">
<LocList>
<Loc EndOffset="1295" SrcFileId="1" StartOffset="1271"/>
</LocList>
</BasicStmnt>
<BasicStmnt CovItemId="S14" CovItemPrefix="my.PSM.unitTestPSM.appControllerTest.java" Intrnl_Id="30">
<LocList>
<Loc EndOffset="1314" SrcFileId="1" StartOffset="1301"/>
</LocList>
</BasicStmnt>
<BasicStmnt CovItemId="S15" CovItemPrefix="my.PSM.unitTestPSM.appControllerTest.java" Intrnl_Id="31">
<LocList>
<Loc EndOffset="1409" SrcFileId="1" StartOffset="1373"/>
</LocList>
</BasicStmnt>
<BasicStmnt CovItemId="S16" CovItemPrefix="my.PSM.unitTestPSM.appControllerTest.java" Intrnl_Id="32">
<LocList>
<Loc EndOffset="1447" SrcFileId="1" StartOffset="1413"/>
</LocList>
</BasicStmnt>
<BasicStmnt CovItemId="S17" CovItemPrefix="my.PSM.unitTestPSM.appControllerTest.java" Intrnl_Id="33">
<LocList>
<Loc EndOffset="1490" SrcFileId="1" StartOffset="1451"/>
</LocList>
</BasicStmnt>
<BasicStmnt CovItemId="S18" CovItemPrefix="my.PSM.unitTestPSM.appControllerTest.java" Intrnl_Id="34">
<LocList>
<Loc EndOffset="1524" SrcFileId="1" StartOffset="1494"/>
</LocList>
</BasicStmnt>
</StmntSeq>
</HierarchyLvl>
<HierarchyLvl HierarchyLvlId="58" HierarchyLvlTypeId="3" Intrnl_Id="35" Name="testAppMainMenu">
<Header>
<Loc EndOffset="1570" SrcFileId="1" StartOffset="1533"/>
</Header>
<LocList>
<Loc EndOffset="1726" SrcFileId="1" StartOffset="1533"/>
</LocList>
<StmntSeq Intrnl_Id="36">
<LocList>
<Loc EndOffset="1621" SrcFileId="1" StartOffset="1599"/>
<Loc EndOffset="1647" SrcFileId="1" StartOffset="1629"/>
<Loc EndOffset="1722" SrcFileId="1" StartOffset="1691"/>
</LocList>
<BasicStmnt CovItemId="S19" CovItemPrefix="my.PSM.unitTestPSM.appControllerTest.java" Intrnl_Id="37">
<LocList>
<Loc EndOffset="1621" SrcFileId="1" StartOffset="1599"/>
</LocList>
</BasicStmnt>
<BasicStmnt CovItemId="S20" CovItemPrefix="my.PSM.unitTestPSM.appControllerTest.java" Intrnl_Id="38">
<LocList>
<Loc EndOffset="1647" SrcFileId="1" StartOffset="1629"/>
</LocList>
</BasicStmnt>
<BasicStmnt CovItemId="S21" CovItemPrefix="my.PSM.unitTestPSM.appControllerTest.java" Intrnl_Id="39">
<LocList>
<Loc EndOffset="1722" SrcFileId="1" StartOffset="1691"/>
</LocList>
</BasicStmnt>
</StmntSeq>
</HierarchyLvl>
<HierarchyLvl HierarchyLvlId="59" HierarchyLvlTypeId="3" Intrnl_Id="40" Name="testAppMainMenu02">
<Header>
<Loc EndOffset="1768" SrcFileId="1" StartOffset="1729"/>
</Header>
<LocList>
<Loc EndOffset="1924" SrcFileId="1" StartOffset="1729"/>
</LocList>
<StmntSeq Intrnl_Id="41">
<LocList>
<Loc EndOffset="1821" SrcFileId="1" StartOffset="1797"/>
<Loc EndOffset="1847" SrcFileId="1" StartOffset="1829"/>
<Loc EndOffset="1920" SrcFileId="1" StartOffset="1890"/>
</LocList>
<BasicStmnt CovItemId="S22" CovItemPrefix="my.PSM.unitTestPSM.appControllerTest.java" Intrnl_Id="42">
<LocList>
<Loc EndOffset="1821" SrcFileId="1" StartOffset="1797"/>
</LocList>
</BasicStmnt>
<BasicStmnt CovItemId="S23" CovItemPrefix="my.PSM.unitTestPSM.appControllerTest.java" Intrnl_Id="43">
<LocList>
<Loc EndOffset="1847" SrcFileId="1" StartOffset="1829"/>
</LocList>
</BasicStmnt>
<BasicStmnt CovItemId="S24" CovItemPrefix="my.PSM.unitTestPSM.appControllerTest.java" Intrnl_Id="44">
<LocList>
<Loc EndOffset="1920" SrcFileId="1" StartOffset="1890"/>
</LocList>
</BasicStmnt>
</StmntSeq>
</HierarchyLvl>
<HierarchyLvl HierarchyLvlId="60" HierarchyLvlTypeId="3" Intrnl_Id="45" Name="testAppMainMenu03">
<Header>
<Loc EndOffset="1966" SrcFileId="1" StartOffset="1927"/>
</Header>
<LocList>
<Loc EndOffset="2128" SrcFileId="1" StartOffset="1927"/>
</LocList>
<StmntSeq Intrnl_Id="46">
<LocList>
<Loc EndOffset="2017" SrcFileId="1" StartOffset="1995"/>
<Loc EndOffset="2043" SrcFileId="1" StartOffset="2025"/>
<Loc EndOffset="2124" SrcFileId="1" StartOffset="2090"/>
</LocList>
<BasicStmnt CovItemId="S25" CovItemPrefix="my.PSM.unitTestPSM.appControllerTest.java" Intrnl_Id="47">
<LocList>
<Loc EndOffset="2017" SrcFileId="1" StartOffset="1995"/>
</LocList>
</BasicStmnt>
<BasicStmnt CovItemId="S26" CovItemPrefix="my.PSM.unitTestPSM.appControllerTest.java" Intrnl_Id="48">
<LocList>
<Loc EndOffset="2043" SrcFileId="1" StartOffset="2025"/>
</LocList>
</BasicStmnt>
<BasicStmnt CovItemId="S27" CovItemPrefix="my.PSM.unitTestPSM.appControllerTest.java" Intrnl_Id="49">
<LocList>
<Loc EndOffset="2124" SrcFileId="1" StartOffset="2090"/>
</LocList>
</BasicStmnt>
</StmntSeq>
</HierarchyLvl>
<HierarchyLvl HierarchyLvlId="61" HierarchyLvlTypeId="3" Intrnl_Id="50" Name="testSetupSched">
<Header>
<Loc EndOffset="2167" SrcFileId="1" StartOffset="2131"/>
</Header>
<LocList>
<Loc EndOffset="3634" SrcFileId="1" StartOffset="2131"/>
</LocList>
<StmntSeq Intrnl_Id="51">
<LocList>
<Loc EndOffset="2225" SrcFileId="1" StartOffset="2201"/>
<Loc EndOffset="2402" SrcFileId="1" StartOffset="2229"/>
<Loc EndOffset="2427" SrcFileId="1" StartOffset="2410"/>
<Loc EndOffset="2546" SrcFileId="1" StartOffset="2495"/>
<Loc EndOffset="2624" SrcFileId="1" StartOffset="2550"/>
<Loc EndOffset="2682" SrcFileId="1" StartOffset="2628"/>
<Loc EndOffset="2746" SrcFileId="1" StartOffset="2686"/>
<Loc EndOffset="2817" SrcFileId="1" StartOffset="2750"/>
<Loc EndOffset="2886" SrcFileId="1" StartOffset="2821"/>
<Loc EndOffset="2948" SrcFileId="1" StartOffset="2890"/>
<Loc EndOffset="3008" SrcFileId="1" StartOffset="2952"/>
<Loc EndOffset="3073" SrcFileId="1" StartOffset="3012"/>
<Loc EndOffset="3136" SrcFileId="1" StartOffset="3077"/>
<Loc EndOffset="3198" SrcFileId="1" StartOffset="3140"/>
<Loc EndOffset="3258" SrcFileId="1" StartOffset="3202"/>
<Loc EndOffset="3323" SrcFileId="1" StartOffset="3262"/>
<Loc EndOffset="3386" SrcFileId="1" StartOffset="3327"/>
<Loc EndOffset="3448" SrcFileId="1" StartOffset="3390"/>
<Loc EndOffset="3508" SrcFileId="1" StartOffset="3452"/>
<Loc EndOffset="3570" SrcFileId="1" StartOffset="3512"/>
<Loc EndOffset="3630" SrcFileId="1" StartOffset="3574"/>
</LocList>
<BasicStmnt CovItemId="S28" CovItemPrefix="my.PSM.unitTestPSM.appControllerTest.java" Intrnl_Id="52">
<LocList>
<Loc EndOffset="2225" SrcFileId="1" StartOffset="2201"/>
</LocList>
</BasicStmnt>
<BasicStmnt CovItemId="S29" CovItemPrefix="my.PSM.unitTestPSM.appControllerTest.java" Intrnl_Id="53">
<LocList>
<Loc EndOffset="2402" SrcFileId="1" StartOffset="2229"/>
</LocList>
</BasicStmnt>
<BasicStmnt CovItemId="S30" CovItemPrefix="my.PSM.unitTestPSM.appControllerTest.java" Intrnl_Id="54">
<LocList>
<Loc EndOffset="2427" SrcFileId="1" StartOffset="2410"/>
</LocList>
</BasicStmnt>
<BasicStmnt CovItemId="S31" CovItemPrefix="my.PSM.unitTestPSM.appControllerTest.java" Intrnl_Id="55">
<LocList>
<Loc EndOffset="2546" SrcFileId="1" StartOffset="2495"/>
</LocList>
</BasicStmnt>
<BasicStmnt CovItemId="S32" CovItemPrefix="my.PSM.unitTestPSM.appControllerTest.java" Intrnl_Id="56">
<LocList>
<Loc EndOffset="2624" SrcFileId="1" StartOffset="2550"/>
</LocList>
</BasicStmnt>
<BasicStmnt CovItemId="S33" CovItemPrefix="my.PSM.unitTestPSM.appControllerTest.java" Intrnl_Id="57">
<LocList>
<Loc EndOffset="2682" SrcFileId="1" StartOffset="2628"/>
</LocList>
</BasicStmnt>
<BasicStmnt CovItemId="S34" CovItemPrefix="my.PSM.unitTestPSM.appControllerTest.java" Intrnl_Id="58">
<LocList>
<Loc EndOffset="2746" SrcFileId="1" StartOffset="2686"/>
</LocList>
</BasicStmnt>
<BasicStmnt CovItemId="S35" CovItemPrefix="my.PSM.unitTestPSM.appControllerTest.java" Intrnl_Id="59">
<LocList>
<Loc EndOffset="2817" SrcFileId="1" StartOffset="2750"/>
</LocList>
</BasicStmnt>
<BasicStmnt CovItemId="S36" CovItemPrefix="my.PSM.unitTestPSM.appControllerTest.java" Intrnl_Id="60">
<LocList>
<Loc EndOffset="2886" SrcFileId="1" StartOffset="2821"/>
</LocList>
</BasicStmnt>
<BasicStmnt CovItemId="S37" CovItemPrefix="my.PSM.unitTestPSM.appControllerTest.java" Intrnl_Id="61">
<LocList>
<Loc EndOffset="2948" SrcFileId="1" StartOffset="2890"/>
</LocList>
</BasicStmnt>
<BasicStmnt CovItemId="S38" CovItemPrefix="my.PSM.unitTestPSM.appControllerTest.java" Intrnl_Id="62">
<LocList>
<Loc EndOffset="3008" SrcFileId="1" StartOffset="2952"/>
</LocList>
</BasicStmnt>
<BasicStmnt CovItemId="S39" CovItemPrefix="my.PSM.unitTestPSM.appControllerTest.java" Intrnl_Id="63">
<LocList>
<Loc EndOffset="3073" SrcFileId="1" StartOffset="3012"/>
</LocList>
</BasicStmnt>
<BasicStmnt CovItemId="S40" CovItemPrefix="my.PSM.unitTestPSM.appControllerTest.java" Intrnl_Id="64">
<LocList>
<Loc EndOffset="3136" SrcFileId="1" StartOffset="3077"/>
</LocList>
</BasicStmnt>
<BasicStmnt CovItemId="S41" CovItemPrefix="my.PSM.unitTestPSM.appControllerTest.java" Intrnl_Id="65">
<LocList>
<Loc EndOffset="3198" SrcFileId="1" StartOffset="3140"/>
</LocList>
</BasicStmnt>
<BasicStmnt CovItemId="S42" CovItemPrefix="my.PSM.unitTestPSM.appControllerTest.java" Intrnl_Id="66">
<LocList>
<Loc EndOffset="3258" SrcFileId="1" StartOffset="3202"/>
</LocList>
</BasicStmnt>
<BasicStmnt CovItemId="S43" CovItemPrefix="my.PSM.unitTestPSM.appControllerTest.java" Intrnl_Id="67">
<LocList>
<Loc EndOffset="3323" SrcFileId="1" StartOffset="3262"/>
</LocList>
</BasicStmnt>
<BasicStmnt CovItemId="S44" CovItemPrefix="my.PSM.unitTestPSM.appControllerTest.java" Intrnl_Id="68">
<LocList>
<Loc EndOffset="3386" SrcFileId="1" StartOffset="3327"/>
</LocList>
</BasicStmnt>
<BasicStmnt CovItemId="S45" CovItemPrefix="my.PSM.unitTestPSM.appControllerTest.java" Intrnl_Id="69">
<LocList>
<Loc EndOffset="3448" SrcFileId="1" StartOffset="3390"/>
</LocList>
</BasicStmnt>
<BasicStmnt CovItemId="S46" CovItemPrefix="my.PSM.unitTestPSM.appControllerTest.java" Intrnl_Id="70">
<LocList>
<Loc EndOffset="3508" SrcFileId="1" StartOffset="3452"/>
</LocList>
</BasicStmnt>
<BasicStmnt CovItemId="S47" CovItemPrefix="my.PSM.unitTestPSM.appControllerTest.java" Intrnl_Id="71">
<LocList>
<Loc EndOffset="3570" SrcFileId="1" StartOffset="3512"/>
</LocList>
</BasicStmnt>
<BasicStmnt CovItemId="S48" CovItemPrefix="my.PSM.unitTestPSM.appControllerTest.java" Intrnl_Id="72">
<LocList>
<Loc EndOffset="3630" SrcFileId="1" StartOffset="3574"/>
</LocList>
</BasicStmnt>
</StmntSeq>
</HierarchyLvl>
<HierarchyLvl HierarchyLvlId="62" HierarchyLvlTypeId="3" Intrnl_Id="73" Name="testAppEditSched">
<Header>
<Loc EndOffset="3677" SrcFileId="1" StartOffset="3639"/>
</Header>
<LocList>
<Loc EndOffset="4988" SrcFileId="1" StartOffset="3639"/>
</LocList>
<StmntSeq Intrnl_Id="74">
<LocList>
<Loc EndOffset="3768" SrcFileId="1" StartOffset="3741"/>
<Loc EndOffset="3824" SrcFileId="1" StartOffset="3800"/>
<Loc EndOffset="4001" SrcFileId="1" StartOffset="3828"/>
<Loc EndOffset="4036" SrcFileId="1" StartOffset="4017"/>
<Loc EndOffset="4171" SrcFileId="1" StartOffset="4104"/>
<Loc EndOffset="4240" SrcFileId="1" StartOffset="4175"/>
<Loc EndOffset="4302" SrcFileId="1" StartOffset="4244"/>
<Loc EndOffset="4362" SrcFileId="1" StartOffset="4306"/>
<Loc EndOffset="4427" SrcFileId="1" StartOffset="4366"/>
<Loc EndOffset="4490" SrcFileId="1" StartOffset="4431"/>
<Loc EndOffset="4552" SrcFileId="1" StartOffset="4494"/>
<Loc EndOffset="4612" SrcFileId="1" StartOffset="4556"/>
<Loc EndOffset="4677" SrcFileId="1" StartOffset="4616"/>
<Loc EndOffset="4740" SrcFileId="1" StartOffset="4681"/>
<Loc EndOffset="4802" SrcFileId="1" StartOffset="4744"/>
<Loc EndOffset="4862" SrcFileId="1" StartOffset="4806"/>
<Loc EndOffset="4924" SrcFileId="1" StartOffset="4866"/>
<Loc EndOffset="4984" SrcFileId="1" StartOffset="4928"/>
</LocList>
<BasicStmnt CovItemId="S49" CovItemPrefix="my.PSM.unitTestPSM.appControllerTest.java" Intrnl_Id="75">
<LocList>
<Loc EndOffset="3768" SrcFileId="1" StartOffset="3741"/>
</LocList>
</BasicStmnt>
<BasicStmnt CovItemId="S50" CovItemPrefix="my.PSM.unitTestPSM.appControllerTest.java" Intrnl_Id="76">
<LocList>
<Loc EndOffset="3824" SrcFileId="1" StartOffset="3800"/>
</LocList>
</BasicStmnt>
<BasicStmnt CovItemId="S51" CovItemPrefix="my.PSM.unitTestPSM.appControllerTest.java" Intrnl_Id="77">
<LocList>
<Loc EndOffset="4001" SrcFileId="1" StartOffset="3828"/>
</LocList>
</BasicStmnt>
<BasicStmnt CovItemId="S52" CovItemPrefix="my.PSM.unitTestPSM.appControllerTest.java" Intrnl_Id="78">
<LocList>
<Loc EndOffset="4036" SrcFileId="1" StartOffset="4017"/>
</LocList>
</BasicStmnt>
<BasicStmnt CovItemId="S53" CovItemPrefix="my.PSM.unitTestPSM.appControllerTest.java" Intrnl_Id="79">
<LocList>
<Loc EndOffset="4171" SrcFileId="1" StartOffset="4104"/>
</LocList>
</BasicStmnt>
<BasicStmnt CovItemId="S54" CovItemPrefix="my.PSM.unitTestPSM.appControllerTest.java" Intrnl_Id="80">
<LocList>
<Loc EndOffset="4240" SrcFileId="1" StartOffset="4175"/>
</LocList>
</BasicStmnt>
<BasicStmnt CovItemId="S55" CovItemPrefix="my.PSM.unitTestPSM.appControllerTest.java" Intrnl_Id="81">
<LocList>
<Loc EndOffset="4302" SrcFileId="1" StartOffset="4244"/>
</LocList>
</BasicStmnt>
<BasicStmnt CovItemId="S56" CovItemPrefix="my.PSM.unitTestPSM.appControllerTest.java" Intrnl_Id="82">
<LocList>
<Loc EndOffset="4362" SrcFileId="1" StartOffset="4306"/>
</LocList>
</BasicStmnt>
<BasicStmnt CovItemId="S57" CovItemPrefix="my.PSM.unitTestPSM.appControllerTest.java" Intrnl_Id="83">
<LocList>
<Loc EndOffset="4427" SrcFileId="1" StartOffset="4366"/>
</LocList>
</BasicStmnt>
<BasicStmnt CovItemId="S58" CovItemPrefix="my.PSM.unitTestPSM.appControllerTest.java" Intrnl_Id="84">
<LocList>
<Loc EndOffset="4490" SrcFileId="1" StartOffset="4431"/>
</LocList>
</BasicStmnt>
<BasicStmnt CovItemId="S59" CovItemPrefix="my.PSM.unitTestPSM.appControllerTest.java" Intrnl_Id="85">
<LocList>
<Loc EndOffset="4552" SrcFileId="1" StartOffset="4494"/>
</LocList>
</BasicStmnt>
<BasicStmnt CovItemId="S60" CovItemPrefix="my.PSM.unitTestPSM.appControllerTest.java" Intrnl_Id="86">
<LocList>
<Loc EndOffset="4612" SrcFileId="1" StartOffset="4556"/>
</LocList>
</BasicStmnt>
<BasicStmnt CovItemId="S61" CovItemPrefix="my.PSM.unitTestPSM.appControllerTest.java" Intrnl_Id="87">
<LocList>
<Loc EndOffset="4677" SrcFileId="1" StartOffset="4616"/>
</LocList>
</BasicStmnt>
<BasicStmnt CovItemId="S62" CovItemPrefix="my.PSM.unitTestPSM.appControllerTest.java" Intrnl_Id="88">
<LocList>
<Loc EndOffset="4740" SrcFileId="1" StartOffset="4681"/>
</LocList>
</BasicStmnt>
<BasicStmnt CovItemId="S63" CovItemPrefix="my.PSM.unitTestPSM.appControllerTest.java" Intrnl_Id="89">
<LocList>
<Loc EndOffset="4802" SrcFileId="1" StartOffset="4744"/>
</LocList>
</BasicStmnt>
<BasicStmnt CovItemId="S64" CovItemPrefix="my.PSM.unitTestPSM.appControllerTest.java" Intrnl_Id="90">
<LocList>
<Loc EndOffset="4862" SrcFileId="1" StartOffset="4806"/>
</LocList>
</BasicStmnt>
<BasicStmnt CovItemId="S65" CovItemPrefix="my.PSM.unitTestPSM.appControllerTest.java" Intrnl_Id="91">
<LocList>
<Loc EndOffset="4924" SrcFileId="1" StartOffset="4866"/>
</LocList>
</BasicStmnt>
<BasicStmnt CovItemId="S66" CovItemPrefix="my.PSM.unitTestPSM.appControllerTest.java" Intrnl_Id="92">
<LocList>
<Loc EndOffset="4984" SrcFileId="1" StartOffset="4928"/>
</LocList>
</BasicStmnt>
</StmntSeq>
</HierarchyLvl>
<HierarchyLvl HierarchyLvlId="63" HierarchyLvlTypeId="3" Intrnl_Id="93" Name="testAppLogin">
<Header>
<Loc EndOffset="5027" SrcFileId="1" StartOffset="4993"/>
</Header>
<LocList>
<Loc EndOffset="5348" SrcFileId="1" StartOffset="4993"/>
</LocList>
<StmntSeq Intrnl_Id="94">
<LocList>
<Loc EndOffset="5085" SrcFileId="1" StartOffset="5057"/>
<Loc EndOffset="5115" SrcFileId="1" StartOffset="5089"/>
<Loc EndOffset="5138" SrcFileId="1" StartOffset="5123"/>
<Loc EndOffset="5252" SrcFileId="1" StartOffset="5215"/>
<Loc EndOffset="5299" SrcFileId="1" StartOffset="5256"/>
<Loc EndOffset="5344" SrcFileId="1" StartOffset="5303"/>
</LocList>
<BasicStmnt CovItemId="S67" CovItemPrefix="my.PSM.unitTestPSM.appControllerTest.java" Intrnl_Id="95">
<LocList>
<Loc EndOffset="5085" SrcFileId="1" StartOffset="5057"/>
</LocList>
</BasicStmnt>
<BasicStmnt CovItemId="S68" CovItemPrefix="my.PSM.unitTestPSM.appControllerTest.java" Intrnl_Id="96">
<LocList>
<Loc EndOffset="5115" SrcFileId="1" StartOffset="5089"/>
</LocList>
</BasicStmnt>
<BasicStmnt CovItemId="S69" CovItemPrefix="my.PSM.unitTestPSM.appControllerTest.java" Intrnl_Id="97">
<LocList>
<Loc EndOffset="5138" SrcFileId="1" StartOffset="5123"/>
</LocList>
</BasicStmnt>
<BasicStmnt CovItemId="S70" CovItemPrefix="my.PSM.unitTestPSM.appControllerTest.java" Intrnl_Id="98">
<LocList>
<Loc EndOffset="5252" SrcFileId="1" StartOffset="5215"/>
</LocList>
</BasicStmnt>
<BasicStmnt CovItemId="S71" CovItemPrefix="my.PSM.unitTestPSM.appControllerTest.java" Intrnl_Id="99">
<LocList>
<Loc EndOffset="5299" SrcFileId="1" StartOffset="5256"/>
</LocList>
</BasicStmnt>
<BasicStmnt CovItemId="S72" CovItemPrefix="my.PSM.unitTestPSM.appControllerTest.java" Intrnl_Id="100">
<LocList>
<Loc EndOffset="5344" SrcFileId="1" StartOffset="5303"/>
</LocList>
</BasicStmnt>
</StmntSeq>
</HierarchyLvl>
<HierarchyLvl HierarchyLvlId="64" HierarchyLvlTypeId="3" Intrnl_Id="101" Name="testAppLogin02">
<Header>
<Loc EndOffset="5389" SrcFileId="1" StartOffset="5353"/>
</Header>
<LocList>
<Loc EndOffset="5759" SrcFileId="1" StartOffset="5353"/>
</LocList>
<StmntSeq Intrnl_Id="102">
<LocList>
<Loc EndOffset="5448" SrcFileId="1" StartOffset="5419"/>
<Loc EndOffset="5482" SrcFileId="1" StartOffset="5452"/>
<Loc EndOffset="5505" SrcFileId="1" StartOffset="5490"/>
<Loc EndOffset="5634" SrcFileId="1" StartOffset="5595"/>
<Loc EndOffset="5672" SrcFileId="1" StartOffset="5638"/>
<Loc EndOffset="5713" SrcFileId="1" StartOffset="5676"/>
<Loc EndOffset="5755" SrcFileId="1" StartOffset="5717"/>
</LocList>
<BasicStmnt CovItemId="S73" CovItemPrefix="my.PSM.unitTestPSM.appControllerTest.java" Intrnl_Id="103">
<LocList>
<Loc EndOffset="5448" SrcFileId="1" StartOffset="5419"/>
</LocList>
</BasicStmnt>
<BasicStmnt CovItemId="S74" CovItemPrefix="my.PSM.unitTestPSM.appControllerTest.java" Intrnl_Id="104">
<LocList>
<Loc EndOffset="5482" SrcFileId="1" StartOffset="5452"/>
</LocList>
</BasicStmnt>
<BasicStmnt CovItemId="S75" CovItemPrefix="my.PSM.unitTestPSM.appControllerTest.java" Intrnl_Id="105">
<LocList>
<Loc EndOffset="5505" SrcFileId="1" StartOffset="5490"/>
</LocList>
</BasicStmnt>
<BasicStmnt CovItemId="S76" CovItemPrefix="my.PSM.unitTestPSM.appControllerTest.java" Intrnl_Id="106">
<LocList>
<Loc EndOffset="5634" SrcFileId="1" StartOffset="5595"/>
</LocList>
</BasicStmnt>
<BasicStmnt CovItemId="S77" CovItemPrefix="my.PSM.unitTestPSM.appControllerTest.java" Intrnl_Id="107">
<LocList>
<Loc EndOffset="5672" SrcFileId="1" StartOffset="5638"/>
</LocList>
</BasicStmnt>
<BasicStmnt CovItemId="S78" CovItemPrefix="my.PSM.unitTestPSM.appControllerTest.java" Intrnl_Id="108">
<LocList>
<Loc EndOffset="5713" SrcFileId="1" StartOffset="5676"/>
</LocList>
</BasicStmnt>
<BasicStmnt CovItemId="S79" CovItemPrefix="my.PSM.unitTestPSM.appControllerTest.java" Intrnl_Id="109">
<LocList>
<Loc EndOffset="5755" SrcFileId="1" StartOffset="5717"/>
</LocList>
</BasicStmnt>
</StmntSeq>
</HierarchyLvl>
<HierarchyLvl HierarchyLvlId="65" HierarchyLvlTypeId="3" Intrnl_Id="110" Name="testCheckClear">
<Header>
<Loc EndOffset="5798" SrcFileId="1" StartOffset="5762"/>
</Header>
<LocList>
<Loc EndOffset="5931" SrcFileId="1" StartOffset="5762"/>
</LocList>
<StmntSeq Intrnl_Id="111">
<LocList>
<Loc EndOffset="5923" SrcFileId="1" StartOffset="5887"/>
</LocList>
<BasicStmnt CovItemId="S80" CovItemPrefix="my.PSM.unitTestPSM.appControllerTest.java" Intrnl_Id="112">
<LocList>
<Loc EndOffset="5923" SrcFileId="1" StartOffset="5887"/>
</LocList>
</BasicStmnt>
</StmntSeq>
</HierarchyLvl>
<HierarchyLvl HierarchyLvlId="66" HierarchyLvlTypeId="3" Intrnl_Id="113" Name="testCheckClear02">
<Header>
<Loc EndOffset="5975" SrcFileId="1" StartOffset="5937"/>
</Header>
<LocList>
<Loc EndOffset="6487" SrcFileId="1" StartOffset="5937"/>
</LocList>
<StmntSeq Intrnl_Id="114">
<LocList>
<Loc EndOffset="6217" SrcFileId="1" StartOffset="6039"/>
<Loc EndOffset="6403" SrcFileId="1" StartOffset="6221"/>
<Loc EndOffset="6483" SrcFileId="1" StartOffset="6447"/>
</LocList>
<BasicStmnt CovItemId="S81" CovItemPrefix="my.PSM.unitTestPSM.appControllerTest.java" Intrnl_Id="115">
<LocList>
<Loc EndOffset="6217" SrcFileId="1" StartOffset="6039"/>
</LocList>
</BasicStmnt>
<BasicStmnt CovItemId="S82" CovItemPrefix="my.PSM.unitTestPSM.appControllerTest.java" Intrnl_Id="116">
<LocList>
<Loc EndOffset="6403" SrcFileId="1" StartOffset="6221"/>
</LocList>
</BasicStmnt>
<BasicStmnt CovItemId="S83" CovItemPrefix="my.PSM.unitTestPSM.appControllerTest.java" Intrnl_Id="117">
<LocList>
<Loc EndOffset="6483" SrcFileId="1" StartOffset="6447"/>
</LocList>
</BasicStmnt>
</StmntSeq>
</HierarchyLvl>
<HierarchyLvl HierarchyLvlId="67" HierarchyLvlTypeId="3" Intrnl_Id="118" Name="testCheckClear03">
<Header>
<Loc EndOffset="6530" SrcFileId="1" StartOffset="6492"/>
</Header>
<LocList>
<Loc EndOffset="7059" SrcFileId="1" StartOffset="6492"/>
</LocList>
<StmntSeq Intrnl_Id="119">
<LocList>
<Loc EndOffset="6775" SrcFileId="1" StartOffset="6597"/>
<Loc EndOffset="6961" SrcFileId="1" StartOffset="6779"/>
<Loc EndOffset="7051" SrcFileId="1" StartOffset="7006"/>
</LocList>
<BasicStmnt CovItemId="S84" CovItemPrefix="my.PSM.unitTestPSM.appControllerTest.java" Intrnl_Id="120">
<LocList>
<Loc EndOffset="6775" SrcFileId="1" StartOffset="6597"/>
</LocList>
</BasicStmnt>
<BasicStmnt CovItemId="S85" CovItemPrefix="my.PSM.unitTestPSM.appControllerTest.java" Intrnl_Id="121">
<LocList>
<Loc EndOffset="6961" SrcFileId="1" StartOffset="6779"/>
</LocList>
</BasicStmnt>
<BasicStmnt CovItemId="S86" CovItemPrefix="my.PSM.unitTestPSM.appControllerTest.java" Intrnl_Id="122">
<LocList>
<Loc EndOffset="7051" SrcFileId="1" StartOffset="7006"/>
</LocList>
</BasicStmnt>
</StmntSeq>
</HierarchyLvl>
<HierarchyLvl HierarchyLvlId="68" HierarchyLvlTypeId="3" Intrnl_Id="123" Name="testGetData">
<Header>
<Loc EndOffset="7097" SrcFileId="1" StartOffset="7064"/>
</Header>
<LocList>
<Loc EndOffset="8289" SrcFileId="1" StartOffset="7064"/>
</LocList>
<StmntSeq Intrnl_Id="124">
<LocList>
<Loc EndOffset="7339" SrcFileId="1" StartOffset="7161"/>
<Loc EndOffset="7365" SrcFileId="1" StartOffset="7347"/>
<Loc EndOffset="7516" SrcFileId="1" StartOffset="7457"/>
<Loc EndOffset="7559" SrcFileId="1" StartOffset="7520"/>
<Loc EndOffset="7611" SrcFileId="1" StartOffset="7563"/>
<Loc EndOffset="7667" SrcFileId="1" StartOffset="7615"/>
<Loc EndOffset="7721" SrcFileId="1" StartOffset="7671"/>
<Loc EndOffset="7768" SrcFileId="1" StartOffset="7725"/>
<Loc EndOffset="7813" SrcFileId="1" StartOffset="7772"/>
<Loc EndOffset="7863" SrcFileId="1" StartOffset="7817"/>
<Loc EndOffset="7911" SrcFileId="1" StartOffset="7867"/>
<Loc EndOffset="7958" SrcFileId="1" StartOffset="7915"/>
<Loc EndOffset="8003" SrcFileId="1" StartOffset="7962"/>
<Loc EndOffset="8053" SrcFileId="1" StartOffset="8007"/>
<Loc EndOffset="8101" SrcFileId="1" StartOffset="8057"/>
<Loc EndOffset="8148" SrcFileId="1" StartOffset="8105"/>
<Loc EndOffset="8193" SrcFileId="1" StartOffset="8152"/>
<Loc EndOffset="8240" SrcFileId="1" StartOffset="8197"/>
<Loc EndOffset="8285" SrcFileId="1" StartOffset="8244"/>
</LocList>
<BasicStmnt CovItemId="S87" CovItemPrefix="my.PSM.unitTestPSM.appControllerTest.java" Intrnl_Id="125">
<LocList>
<Loc EndOffset="7339" SrcFileId="1" StartOffset="7161"/>
</LocList>
</BasicStmnt>
<BasicStmnt CovItemId="S88" CovItemPrefix="my.PSM.unitTestPSM.appControllerTest.java" Intrnl_Id="126">
<LocList>
<Loc EndOffset="7365" SrcFileId="1" StartOffset="7347"/>
</LocList>
</BasicStmnt>
<BasicStmnt CovItemId="S89" CovItemPrefix="my.PSM.unitTestPSM.appControllerTest.java" Intrnl_Id="127">
<LocList>
<Loc EndOffset="7516" SrcFileId="1" StartOffset="7457"/>
</LocList>
</BasicStmnt>
<BasicStmnt CovItemId="S90" CovItemPrefix="my.PSM.unitTestPSM.appControllerTest.java" Intrnl_Id="128">
<LocList>
<Loc EndOffset="7559" SrcFileId="1" StartOffset="7520"/>
</LocList>
</BasicStmnt>
<BasicStmnt CovItemId="S91" CovItemPrefix="my.PSM.unitTestPSM.appControllerTest.java" Intrnl_Id="129">
<LocList>
<Loc EndOffset="7611" SrcFileId="1" StartOffset="7563"/>
</LocList>
</BasicStmnt>
<BasicStmnt CovItemId="S92" CovItemPrefix="my.PSM.unitTestPSM.appControllerTest.java" Intrnl_Id="130">
<LocList>
<Loc EndOffset="7667" SrcFileId="1" StartOffset="7615"/>
</LocList>
</BasicStmnt>
<BasicStmnt CovItemId="S93" CovItemPrefix="my.PSM.unitTestPSM.appControllerTest.java" Intrnl_Id="131">
<LocList>
<Loc EndOffset="7721" SrcFileId="1" StartOffset="7671"/>
</LocList>
</BasicStmnt>
<BasicStmnt CovItemId="S94" CovItemPrefix="my.PSM.unitTestPSM.appControllerTest.java" Intrnl_Id="132">
<LocList>
<Loc EndOffset="7768" SrcFileId="1" StartOffset="7725"/>
</LocList>
</BasicStmnt>
<BasicStmnt CovItemId="S95" CovItemPrefix="my.PSM.unitTestPSM.appControllerTest.java" Intrnl_Id="133">
<LocList>
<Loc EndOffset="7813" SrcFileId="1" StartOffset="7772"/>
</LocList>
</BasicStmnt>
<BasicStmnt CovItemId="S96" CovItemPrefix="my.PSM.unitTestPSM.appControllerTest.java" Intrnl_Id="134">
<LocList>
<Loc EndOffset="7863" SrcFileId="1" StartOffset="7817"/>
</LocList>
</BasicStmnt>
<BasicStmnt CovItemId="S97" CovItemPrefix="my.PSM.unitTestPSM.appControllerTest.java" Intrnl_Id="135">
<LocList>
<Loc EndOffset="7911" SrcFileId="1" StartOffset="7867"/>
</LocList>
</BasicStmnt>
<BasicStmnt CovItemId="S98" CovItemPrefix="my.PSM.unitTestPSM.appControllerTest.java" Intrnl_Id="136">
<LocList>
<Loc EndOffset="7958" SrcFileId="1" StartOffset="7915"/>
</LocList>
</BasicStmnt>
<BasicStmnt CovItemId="S99" CovItemPrefix="my.PSM.unitTestPSM.appControllerTest.java" Intrnl_Id="137">
<LocList>
<Loc EndOffset="8003" SrcFileId="1" StartOffset="7962"/>
</LocList>
</BasicStmnt>
<BasicStmnt CovItemId="S100" CovItemPrefix="my.PSM.unitTestPSM.appControllerTest.java" Intrnl_Id="138">
<LocList>
<Loc EndOffset="8053" SrcFileId="1" StartOffset="8007"/>
</LocList>
</BasicStmnt>
<BasicStmnt CovItemId="S101" CovItemPrefix="my.PSM.unitTestPSM.appControllerTest.java" Intrnl_Id="139">
<LocList>
<Loc EndOffset="8101" SrcFileId="1" StartOffset="8057"/>
</LocList>
</BasicStmnt>
<BasicStmnt CovItemId="S102" CovItemPrefix="my.PSM.unitTestPSM.appControllerTest.java" Intrnl_Id="140">
<LocList>
<Loc EndOffset="8148" SrcFileId="1" StartOffset="8105"/>
</LocList>
</BasicStmnt>
<BasicStmnt CovItemId="S103" CovItemPrefix="my.PSM.unitTestPSM.appControllerTest.java" Intrnl_Id="141">
<LocList>
<Loc EndOffset="8193" SrcFileId="1" StartOffset="8152"/>
</LocList>
</BasicStmnt>
<BasicStmnt CovItemId="S104" CovItemPrefix="my.PSM.unitTestPSM.appControllerTest.java" Intrnl_Id="142">
<LocList>
<Loc EndOffset="8240" SrcFileId="1" StartOffset="8197"/>
</LocList>
</BasicStmnt>
<BasicStmnt CovItemId="S105" CovItemPrefix="my.PSM.unitTestPSM.appControllerTest.java" Intrnl_Id="143">
<LocList>
<Loc EndOffset="8285" SrcFileId="1" StartOffset="8244"/>
</LocList>
</BasicStmnt>
</StmntSeq>
</HierarchyLvl>
<HierarchyLvl HierarchyLvlId="69" HierarchyLvlTypeId="3" Intrnl_Id="144" Name="testSleep">
<Header>
<Loc EndOffset="8325" SrcFileId="1" StartOffset="8294"/>
</Header>
<LocList>
<Loc EndOffset="8512" SrcFileId="1" StartOffset="8294"/>
</LocList>
<StmntSeq Intrnl_Id="145">
<LocList>
<Loc EndOffset="8371" SrcFileId="1" StartOffset="8331"/>
<Loc EndOffset="8388" SrcFileId="1" StartOffset="8375"/>
<Loc EndOffset="8430" SrcFileId="1" StartOffset="8392"/>
<Loc EndOffset="8508" SrcFileId="1" StartOffset="8474"/>
</LocList>
<BasicStmnt CovItemId="S106" CovItemPrefix="my.PSM.unitTestPSM.appControllerTest.java" Intrnl_Id="146">
<LocList>
<Loc EndOffset="8371" SrcFileId="1" StartOffset="8331"/>
</LocList>
</BasicStmnt>
<BasicStmnt CovItemId="S107" CovItemPrefix="my.PSM.unitTestPSM.appControllerTest.java" Intrnl_Id="147">
<LocList>
<Loc EndOffset="8388" SrcFileId="1" StartOffset="8375"/>
</LocList>
</BasicStmnt>
<BasicStmnt CovItemId="S108" CovItemPrefix="my.PSM.unitTestPSM.appControllerTest.java" Intrnl_Id="148">
<LocList>
<Loc EndOffset="8430" SrcFileId="1" StartOffset="8392"/>
</LocList>
</BasicStmnt>
<BasicStmnt CovItemId="S109" CovItemPrefix="my.PSM.unitTestPSM.appControllerTest.java" Intrnl_Id="149">
<LocList>
<Loc EndOffset="8508" SrcFileId="1" StartOffset="8474"/>
</LocList>
</BasicStmnt>
</StmntSeq>
</HierarchyLvl>
<HierarchyLvl HierarchyLvlId="70" HierarchyLvlTypeId="3" Intrnl_Id="150" Name="testLogIn">
<Header>
<Loc EndOffset="8548" SrcFileId="1" StartOffset="8517"/>
</Header>
<LocList>
<Loc EndOffset="8784" SrcFileId="1" StartOffset="8517"/>
</LocList>
<StmntSeq Intrnl_Id="151">
<LocList>
<Loc EndOffset="8645" SrcFileId="1" StartOffset="8625"/>
<Loc EndOffset="8671" SrcFileId="1" StartOffset="8649"/>
<Loc EndOffset="8691" SrcFileId="1" StartOffset="8679"/>
<Loc EndOffset="8780" SrcFileId="1" StartOffset="8743"/>
</LocList>
<BasicStmnt CovItemId="S110" CovItemPrefix="my.PSM.unitTestPSM.appControllerTest.java" Intrnl_Id="152">
<LocList>
<Loc EndOffset="8645" SrcFileId="1" StartOffset="8625"/>
</LocList>
</BasicStmnt>
<BasicStmnt CovItemId="S111" CovItemPrefix="my.PSM.unitTestPSM.appControllerTest.java" Intrnl_Id="153">
<LocList>
<Loc EndOffset="8671" SrcFileId="1" StartOffset="8649"/>
</LocList>
</BasicStmnt>
<BasicStmnt CovItemId="S112" CovItemPrefix="my.PSM.unitTestPSM.appControllerTest.java" Intrnl_Id="154">
<LocList>
<Loc EndOffset="8691" SrcFileId="1" StartOffset="8679"/>
</LocList>
</BasicStmnt>
<BasicStmnt CovItemId="S113" CovItemPrefix="my.PSM.unitTestPSM.appControllerTest.java" Intrnl_Id="155">
<LocList>
<Loc EndOffset="8780" SrcFileId="1" StartOffset="8743"/>
</LocList>
</BasicStmnt>
</StmntSeq>
</HierarchyLvl>
<HierarchyLvl HierarchyLvlId="71" HierarchyLvlTypeId="3" Intrnl_Id="156" Name="testLogIn02">
<Header>
<Loc EndOffset="8822" SrcFileId="1" StartOffset="8789"/>
</Header>
<LocList>
<Loc EndOffset="9064" SrcFileId="1" StartOffset="8789"/>
</LocList>
<StmntSeq Intrnl_Id="157">
<LocList>
<Loc EndOffset="8920" SrcFileId="1" StartOffset="8899"/>
<Loc EndOffset="8950" SrcFileId="1" StartOffset="8924"/>
<Loc EndOffset="8970" SrcFileId="1" StartOffset="8958"/>
<Loc EndOffset="9060" SrcFileId="1" StartOffset="9022"/>
</LocList>
<BasicStmnt CovItemId="S114" CovItemPrefix="my.PSM.unitTestPSM.appControllerTest.java" Intrnl_Id="158">
<LocList>
<Loc EndOffset="8920" SrcFileId="1" StartOffset="8899"/>
</LocList>
</BasicStmnt>
<BasicStmnt CovItemId="S115" CovItemPrefix="my.PSM.unitTestPSM.appControllerTest.java" Intrnl_Id="159">
<LocList>
<Loc EndOffset="8950" SrcFileId="1" StartOffset="8924"/>
</LocList>
</BasicStmnt>
<BasicStmnt CovItemId="S116" CovItemPrefix="my.PSM.unitTestPSM.appControllerTest.java" Intrnl_Id="160">
<LocList>
<Loc EndOffset="8970" SrcFileId="1" StartOffset="8958"/>
</LocList>
</BasicStmnt>
<BasicStmnt CovItemId="S117" CovItemPrefix="my.PSM.unitTestPSM.appControllerTest.java" Intrnl_Id="161">
<LocList>
<Loc EndOffset="9060" SrcFileId="1" StartOffset="9022"/>
</LocList>
</BasicStmnt>
</StmntSeq>
</HierarchyLvl>
<HierarchyLvl HierarchyLvlId="72" HierarchyLvlTypeId="3" Intrnl_Id="162" Name="testTimerParser">
<Header>
<Loc EndOffset="9106" SrcFileId="1" StartOffset="9069"/>
</Header>
<LocList>
<Loc EndOffset="9251" SrcFileId="1" StartOffset="9069"/>
</LocList>
<StmntSeq Intrnl_Id="163">
<LocList>
<Loc EndOffset="9137" SrcFileId="1" StartOffset="9112"/>
<Loc EndOffset="9247" SrcFileId="1" StartOffset="9183"/>
</LocList>
<BasicStmnt CovItemId="S118" CovItemPrefix="my.PSM.unitTestPSM.appControllerTest.java" Intrnl_Id="164">
<LocList>
<Loc EndOffset="9137" SrcFileId="1" StartOffset="9112"/>
</LocList>
</BasicStmnt>
<BasicStmnt CovItemId="S119" CovItemPrefix="my.PSM.unitTestPSM.appControllerTest.java" Intrnl_Id="165">
<LocList>
<Loc EndOffset="9247" SrcFileId="1" StartOffset="9183"/>
</LocList>
</BasicStmnt>
</StmntSeq>
</HierarchyLvl>
<HierarchyLvl HierarchyLvlId="73" HierarchyLvlTypeId="3" Intrnl_Id="166" Name="testDateParser">
<Header>
<Loc EndOffset="9295" SrcFileId="1" StartOffset="9259"/>
</Header>
<LocList>
<Loc EndOffset="9526" SrcFileId="1" StartOffset="9259"/>
</LocList>
<StmntSeq Intrnl_Id="167">
<LocList>
<Loc EndOffset="9328" SrcFileId="1" StartOffset="9301"/>
<Loc EndOffset="9426" SrcFileId="1" StartOffset="9382"/>
<Loc EndOffset="9474" SrcFileId="1" StartOffset="9430"/>
<Loc EndOffset="9522" SrcFileId="1" StartOffset="9478"/>
</LocList>
<BasicStmnt CovItemId="S120" CovItemPrefix="my.PSM.unitTestPSM.appControllerTest.java" Intrnl_Id="168">
<LocList>
<Loc EndOffset="9328" SrcFileId="1" StartOffset="9301"/>
</LocList>
</BasicStmnt>
<BasicStmnt CovItemId="S121" CovItemPrefix="my.PSM.unitTestPSM.appControllerTest.java" Intrnl_Id="169">
<LocList>
<Loc EndOffset="9426" SrcFileId="1" StartOffset="9382"/>
</LocList>
</BasicStmnt>
<BasicStmnt CovItemId="S122" CovItemPrefix="my.PSM.unitTestPSM.appControllerTest.java" Intrnl_Id="170">
<LocList>
<Loc EndOffset="9474" SrcFileId="1" StartOffset="9430"/>
</LocList>
</BasicStmnt>
<BasicStmnt CovItemId="S123" CovItemPrefix="my.PSM.unitTestPSM.appControllerTest.java" Intrnl_Id="171">
<LocList>
<Loc EndOffset="9522" SrcFileId="1" StartOffset="9478"/>
</LocList>
</BasicStmnt>
</StmntSeq>
</HierarchyLvl>
<HierarchyLvl HierarchyLvlId="74" HierarchyLvlTypeId="3" Intrnl_Id="172" Name="testGetEndTime">
<Header>
<Loc EndOffset="9567" SrcFileId="1" StartOffset="9531"/>
</Header>
<LocList>
<Loc EndOffset="9806" SrcFileId="1" StartOffset="9531"/>
</LocList>
<StmntSeq Intrnl_Id="173">
<LocList>
<Loc EndOffset="9673" SrcFileId="1" StartOffset="9573"/>
<Loc EndOffset="9802" SrcFileId="1" StartOffset="9728"/>
</LocList>
<BasicStmnt CovItemId="S124" CovItemPrefix="my.PSM.unitTestPSM.appControllerTest.java" Intrnl_Id="174">
<LocList>
<Loc EndOffset="9673" SrcFileId="1" StartOffset="9573"/>
</LocList>
</BasicStmnt>
<BasicStmnt CovItemId="S125" CovItemPrefix="my.PSM.unitTestPSM.appControllerTest.java" Intrnl_Id="175">
<LocList>
<Loc EndOffset="9802" SrcFileId="1" StartOffset="9728"/>
</LocList>
</BasicStmnt>
</StmntSeq>
</HierarchyLvl>
<HierarchyLvl HierarchyLvlId="75" HierarchyLvlTypeId="3" Intrnl_Id="176" Name="testGet15BeforeEnd">
<Header>
<Loc EndOffset="9851" SrcFileId="1" StartOffset="9811"/>
</Header>
<LocList>
<Loc EndOffset="10094" SrcFileId="1" StartOffset="9811"/>
</LocList>
<StmntSeq Intrnl_Id="177">
<LocList>
<Loc EndOffset="9957" SrcFileId="1" StartOffset="9857"/>
<Loc EndOffset="10090" SrcFileId="1" StartOffset="10012"/>
</LocList>
<BasicStmnt CovItemId="S126" CovItemPrefix="my.PSM.unitTestPSM.appControllerTest.java" Intrnl_Id="178">
<LocList>
<Loc EndOffset="9957" SrcFileId="1" StartOffset="9857"/>
</LocList>
</BasicStmnt>
<BasicStmnt CovItemId="S127" CovItemPrefix="my.PSM.unitTestPSM.appControllerTest.java" Intrnl_Id="179">
<LocList>
<Loc EndOffset="10090" SrcFileId="1" StartOffset="10012"/>
</LocList>
</BasicStmnt>
</StmntSeq>
</HierarchyLvl>
<HierarchyLvl HierarchyLvlId="76" HierarchyLvlTypeId="3" Intrnl_Id="180" Name="testGet15BeforeEnd02">
<Header>
<Loc EndOffset="10141" SrcFileId="1" StartOffset="10099"/>
</Header>
<LocList>
<Loc EndOffset="10384" SrcFileId="1" StartOffset="10099"/>
</LocList>
<StmntSeq Intrnl_Id="181">
<LocList>
<Loc EndOffset="10247" SrcFileId="1" StartOffset="10147"/>
<Loc EndOffset="10380" SrcFileId="1" StartOffset="10302"/>
</LocList>
<BasicStmnt CovItemId="S128" CovItemPrefix="my.PSM.unitTestPSM.appControllerTest.java" Intrnl_Id="182">
<LocList>
<Loc EndOffset="10247" SrcFileId="1" StartOffset="10147"/>
</LocList>
</BasicStmnt>
<BasicStmnt CovItemId="S129" CovItemPrefix="my.PSM.unitTestPSM.appControllerTest.java" Intrnl_Id="183">
<LocList>
<Loc EndOffset="10380" SrcFileId="1" StartOffset="10302"/>
</LocList>
</BasicStmnt>
</StmntSeq>
</HierarchyLvl>
<HierarchyLvl HierarchyLvlId="77" HierarchyLvlTypeId="3" Intrnl_Id="184" Name="testGet5BeforeEnd">
<Header>
<Loc EndOffset="10426" SrcFileId="1" StartOffset="10387"/>
</Header>
<LocList>
<Loc EndOffset="10724" SrcFileId="1" StartOffset="10387"/>
</LocList>
<StmntSeq Intrnl_Id="185">
<LocList>
<Loc EndOffset="10472" SrcFileId="1" StartOffset="10432"/>
<Loc EndOffset="10525" SrcFileId="1" StartOffset="10476"/>
<Loc EndOffset="10588" SrcFileId="1" StartOffset="10529"/>
<Loc EndOffset="10720" SrcFileId="1" StartOffset="10643"/>
</LocList>
<BasicStmnt CovItemId="S130" CovItemPrefix="my.PSM.unitTestPSM.appControllerTest.java" Intrnl_Id="186">
<LocList>
<Loc EndOffset="10472" SrcFileId="1" StartOffset="10432"/>
</LocList>
</BasicStmnt>
<BasicStmnt CovItemId="S131" CovItemPrefix="my.PSM.unitTestPSM.appControllerTest.java" Intrnl_Id="187">
<LocList>
<Loc EndOffset="10525" SrcFileId="1" StartOffset="10476"/>
</LocList>
</BasicStmnt>
<BasicStmnt CovItemId="S132" CovItemPrefix="my.PSM.unitTestPSM.appControllerTest.java" Intrnl_Id="188">
<LocList>
<Loc EndOffset="10588" SrcFileId="1" StartOffset="10529"/>
</LocList>
</BasicStmnt>
<BasicStmnt CovItemId="S133" CovItemPrefix="my.PSM.unitTestPSM.appControllerTest.java" Intrnl_Id="189">
<LocList>
<Loc EndOffset="10720" SrcFileId="1" StartOffset="10643"/>
</LocList>
</BasicStmnt>
</StmntSeq>
</HierarchyLvl>
<HierarchyLvl HierarchyLvlId="78" HierarchyLvlTypeId="3" Intrnl_Id="190" Name="testGet5BeforeEnd02">
<Header>
<Loc EndOffset="10770" SrcFileId="1" StartOffset="10729"/>
</Header>
<LocList>
<Loc EndOffset="11026" SrcFileId="1" StartOffset="10729"/>
</LocList>
<StmntSeq Intrnl_Id="191">
<LocList>
<Loc EndOffset="10816" SrcFileId="1" StartOffset="10776"/>
<Loc EndOffset="10891" SrcFileId="1" StartOffset="10820"/>
<Loc EndOffset="11022" SrcFileId="1" StartOffset="10946"/>
</LocList>
<BasicStmnt CovItemId="S134" CovItemPrefix="my.PSM.unitTestPSM.appControllerTest.java" Intrnl_Id="192">
<LocList>
<Loc EndOffset="10816" SrcFileId="1" StartOffset="10776"/>
</LocList>
</BasicStmnt>
<BasicStmnt CovItemId="S135" CovItemPrefix="my.PSM.unitTestPSM.appControllerTest.java" Intrnl_Id="193">
<LocList>
<Loc EndOffset="10891" SrcFileId="1" StartOffset="10820"/>
</LocList>
</BasicStmnt>
<BasicStmnt CovItemId="S136" CovItemPrefix="my.PSM.unitTestPSM.appControllerTest.java" Intrnl_Id="194">
<LocList>
<Loc EndOffset="11022" SrcFileId="1" StartOffset="10946"/>
</LocList>
</BasicStmnt>
</StmntSeq>
</HierarchyLvl>
</HierarchyLvl>
</HierarchyLvl>
</HierarchyLvl>
</HierarchyLvl>
</HierarchyLvl>
</MASTRoot>
</TestSessionContainer>